0.0,484360
170.816908121109,4414
170.82193088531494,4413
170.8230278491974,4412
170.82926607131958,4411
170.83414506912231,4410
170.83619618415833,4409
170.84340810775757,4408
170.84838914871216,4407
170.86162495613098,4406
170.86385917663574,4405
170.86953496932983,4404
170.8705620765686,4403
170.8772189617157,4402
170.8821849822998,4401
170.8833200931549,4400
170.88643598556519,4399
170.88851499557495,4398
170.89489912986755,4397
170.89875507354736,4396
170.89915323257446,4395
170.91284704208374,4394
170.9141800403595,4393
170.92195296287537,4392
170.92285013198853,4391
170.93325805664062,4390
170.93460202217102,4389
170.9420871734619,4388
170.95279622077942,4387
170.9540889263153,4386
170.95506620407104,4385
170.9683198928833,4384
170.97488713264465,4383
170.9792561531067,4382
170.98085808753967,4381
170.98106694221497,4380
171.00252413749695,4379
171.0051441192627,4378
171.0072000026703,4377
171.01844596862793,4376
171.0322868824005,4375
171.0387580394745,4374
171.04169392585754,4373
171.043869972229,4372
171.04849100112915,4371
171.04992818832397,4370
171.0591721534729,4369
171.0607669353485,4368
171.06358194351196,4367
171.06901097297668,4366
171.0706009864807,4365
171.08619689941406,4364
171.115051984787,4363
171.1250400543213,4362
171.12613201141357,4361
171.12771105766296,4360
171.1315200328827,4359
171.13253593444824,4358
171.13976502418518,4357
171.14656805992126,4356
171.167720079422,4355
171.1719410419464,4354
171.1819498538971,4353
171.1862509250641,4352
171.19398021697998,4351
171.19522905349731,4350
171.19602990150452,4349
171.19861507415771,4348
171.20014691352844,4347
171.20463800430298,4346
171.2100772857666,4345
171.2113230228424,4344
171.21362209320068,4343
171.22127890586853,4342
171.22757124900818,4341
171.2355990409851,4340
171.2586648464203,4339
171.27184987068176,4338
171.28702402114868,4337
171.29519724845886,4336
171.30750012397766,4335
171.31217408180237,4334
171.32125902175903,4333
171.3216109275818,4332
171.3419508934021,4331
171.343768119812,4330
171.34726190567017,4329
171.36039209365845,4328
171.3641378879547,4327
171.36573696136475,4326
171.37170004844666,4325
171.3787178993225,4324
171.3823001384735,4323
171.3834159374237,4322
171.38817882537842,4321
171.38907098770142,4320
171.40977001190186,4319
171.42370986938477,4318
171.42626404762268,4317
171.42709708213806,4316
171.427472114563,4315
171.44007205963135,4314
171.45323204994202,4313
171.45396184921265,4312
171.4653980731964,4311
171.47152400016785,4310
171.47355318069458,4309
171.509418964386,4308
171.5244379043579,4307
171.52467513084412,4306
171.53664708137512,4305
171.54222893714905,4304
171.55211210250854,4303
171.5551450252533,4302
171.5558111667633,4301
171.55661702156067,4300
171.55817008018494,4299
171.56046509742737,4298
171.56904292106628,4297
171.57150101661682,4296
171.58188009262085,4295
171.58343124389648,4294
171.5864701271057,4293
171.59081602096558,4292
171.61413192749023,4291
171.6172070503235,4290
171.620374917984,4289
171.62268996238708,4288
171.62289810180664,4287
171.62657403945923,4286
171.6298291683197,4285
171.63037610054016,4284
171.65405011177063,4283
171.6586880683899,4282
171.66833925247192,4281
171.66885495185852,4280
171.68094515800476,4279
171.68175101280212,4278
171.68449711799622,4277
171.68470287322998,4276
171.69234991073608,4275
171.7003152370453,4274
171.70170307159424,4273
171.71376609802246,4272
171.71532201766968,4271
171.716135263443,4270
171.71992206573486,4269
171.72729897499084,4268
171.73482203483582,4267
171.7365219593048,4266
171.73702192306519,4265
171.74598121643066,4264
171.7485601902008,4263
171.7502360343933,4262
171.751323223114,4261
171.75685811042786,4260
171.7601661682129,4259
171.76941013336182,4258
171.77064394950867,4257
171.77084684371948,4256
171.77920508384705,4255
171.77999782562256,4254
171.7905089855194,4253
171.79760313034058,4252
171.80570793151855,4251
171.80635118484497,4250
171.81603503227234,4249
171.82442903518677,4248
171.82936906814575,4247
171.83327507972717,4246
171.83539414405823,4245
171.84131407737732,4244
171.84488010406494,4243
171.85188102722168,4242
171.85641503334045,4241
171.86314606666565,4240
171.8719458580017,4239
171.88028001785278,4238
171.89215302467346,4237
171.9216160774231,4236
171.92934107780457,4235
171.94488310813904,4234
171.9512619972229,4233
171.95337009429932,4232
171.95505094528198,4231
171.95819306373596,4230
171.9714870452881,4229
172.0013701915741,4228
172.00217390060425,4227
172.00355505943298,4226
172.00684595108032,4225
172.01498103141785,4224
172.02107119560242,4223
172.04735207557678,4222
172.05108308792114,4221
172.052747964859,4220
172.0551679134369,4219
172.06316113471985,4218
172.06717801094055,4217
172.07415103912354,4216
172.0755250453949,4215
172.08626198768616,4214
172.08719515800476,4213
172.0953299999237,4212
172.11640214920044,4211
172.11881494522095,4210
172.11931324005127,4209
172.12024593353271,4208
172.12117910385132,4207
172.14094400405884,4206
172.16355085372925,4205
172.17282104492188,4204
172.17608213424683,4203
172.18713307380676,4202
172.18865823745728,4201
172.196387052536,4200
172.21996307373047,4199
172.2252700328827,4198
172.24257516860962,4197
172.2657651901245,4196
172.27766394615173,4195
172.27963209152222,4194
172.28072690963745,4193
172.28340411186218,4192
172.28506422042847,4191
172.29918098449707,4190
172.31060910224915,4189
172.3129210472107,4188
172.32362699508667,4187
172.33169984817505,4186
172.33802604675293,4185
172.34131002426147,4184
172.34514999389648,4183
172.3497269153595,4182
172.35518503189087,4181
172.3562569618225,4180
172.37598609924316,4179
172.38169693946838,4178
172.382474899292,4177
172.38924098014832,4176
172.40208101272583,4175
172.40345692634583,4174
172.40794205665588,4173
172.4119210243225,4172
172.41839790344238,4171
172.42483401298523,4170
172.42832708358765,4169
172.43018794059753,4168
172.4425961971283,4167
172.44534707069397,4166
172.45677304267883,4165
172.4654541015625,4164
172.4786500930786,4163
172.4821219444275,4162
172.50141096115112,4161
172.50867295265198,4160
172.52042317390442,4159
172.5350661277771,4158
172.53823804855347,4157
172.54524517059326,4156
172.5513460636139,4155
172.55994486808777,4154
172.56104397773743,4153
172.57134699821472,4152
172.5734691619873,4151
172.58527898788452,4150
172.59049701690674,4149
172.59187817573547,4148
172.60143899917603,4147
172.61166620254517,4146
172.64281797409058,4145
172.6560230255127,4144
172.65909004211426,4143
172.66613292694092,4142
172.6760449409485,4141
172.68114304542542,4140
172.69149208068848,4139
172.71731090545654,4138
172.72646713256836,4137
172.7308120727539,4136
172.7339539527893,4135
172.73695611953735,4134
172.75171089172363,4133
172.75386214256287,4132
172.7665090560913,4131
172.7711091041565,4130
172.77174186706543,4129
172.7792251110077,4128
172.7961049079895,4127
172.7995641231537,4126
172.82613492012024,4125
172.83116221427917,4124
172.84052085876465,4123
172.84248900413513,4122
172.84342503547668,4121
172.8456690311432,4120
172.84994101524353,4119
172.8567349910736,4118
172.8674349784851,4117
172.87306594848633,4116
172.88477897644043,4115
172.89829206466675,4114
172.8993639945984,4113
172.90351009368896,4112
172.93251609802246,4111
172.93951511383057,4110
172.97372603416443,4109
172.9934639930725,4108
172.99916911125183,4107
173.02428603172302,4106
173.0267961025238,4105
173.03434324264526,4104
173.04146599769592,4103
173.05438899993896,4102
173.05544805526733,4101
173.05870604515076,4100
173.06709718704224,4099
173.10021805763245,4098
173.10478687286377,4097
173.11748504638672,4096
173.12079787254333,4095
173.12191009521484,4094
173.12376809120178,4093
173.13020420074463,4092
173.1303789615631,4091
173.13388323783875,4090
173.1366560459137,4089
173.17943692207336,4088
173.18832111358643,4087
173.19686818122864,4086
173.19896793365479,4085
173.2103431224823,4084
173.22838187217712,4083
173.2475380897522,4082
173.2505121231079,4081
173.25093388557434,4080
173.2610321044922,4079
173.26817893981934,4078
173.28403091430664,4077
173.2876420021057,4076
173.28807401657104,4075
173.29164791107178,4074
173.29284811019897,4073
173.29850101470947,4072
173.30069708824158,4071
173.31013107299805,4070
173.32338619232178,4069
173.33715415000916,4068
173.34753608703613,4067
173.3738911151886,4066
173.37959909439087,4065
173.38701510429382,4064
173.38894200325012,4063
173.39381194114685,4062
173.3956069946289,4061
173.3964982032776,4060
173.41382694244385,4059
173.42086005210876,4058
173.42104125022888,4057
173.43506002426147,4056
173.43987607955933,4055
173.45061612129211,4054
173.46328115463257,4053
173.47594809532166,4052
173.47783708572388,4051
173.49511909484863,4050
173.50954222679138,4049
173.53474617004395,4048
173.53650498390198,4047
173.55154299736023,4046
173.55873608589172,4045
173.57406902313232,4044
173.58042001724243,4043
173.59397292137146,4042
173.59439206123352,4041
173.5971281528473,4040
173.60206627845764,4039
173.6075701713562,4038
173.61003708839417,4037
173.62129998207092,4036
173.62731218338013,4035
173.63940906524658,4034
173.63989400863647,4033
173.64048314094543,4032
173.71235823631287,4031
173.72475695610046,4030
173.73930501937866,4029
173.74401903152466,4028
173.7555251121521,4027
173.76369619369507,4026
173.76510000228882,4025
173.7688980102539,4024
173.77928113937378,4023
173.79050421714783,4022
173.80032896995544,4021
173.80233120918274,4020
173.84534907341003,4019
173.8592848777771,4018
173.8605649471283,4017
173.90735006332397,4016
173.90792226791382,4015
173.91281294822693,4014
173.9348750114441,4013
173.9563009738922,4012
173.97167992591858,4011
173.98333311080933,4010
173.9848701953888,4009
173.99766492843628,4008
174.0037350654602,4007
174.00560522079468,4006
174.02459502220154,4005
174.0263500213623,4004
174.03332805633545,4003
174.06222701072693,4002
174.07938504219055,4001
174.08766627311707,4000
174.0885832309723,3999
174.10737705230713,3998
174.10928416252136,3997
174.11293411254883,3996
174.13181614875793,3995
174.13211798667908,3994
174.170832157135,3993
174.17426300048828,3992
174.17780804634094,3991
174.17932891845703,3990
174.24099612236023,3989
174.25706791877747,3988
174.25761103630066,3987
174.26024222373962,3986
174.3043282032013,3985
174.31838417053223,3984
174.31867909431458,3983
174.32452082633972,3982
174.35193014144897,3981
174.35403108596802,3980
174.3709738254547,3979
174.3714051246643,3978
174.37592697143555,3977
174.40857696533203,3976
174.41612100601196,3975
174.41902613639832,3974
174.42066192626953,3973
174.42620587348938,3972
174.46121311187744,3971
174.47366189956665,3970
174.52303791046143,3969
174.52383518218994,3968
174.53585410118103,3967
174.55677795410156,3966
174.56172513961792,3965
174.57874202728271,3964
174.5817060470581,3963
174.6166388988495,3962
174.63446402549744,3961
174.6594579219818,3960
174.70108318328857,3959
174.7211949825287,3958
174.725280046463,3957
174.72860407829285,3956
174.7374119758606,3955
174.73770213127136,3954
174.7384910583496,3953
174.7568519115448,3952
174.76591300964355,3951
174.76995086669922,3950
174.77023792266846,3949
174.78558707237244,3948
174.82646918296814,3947
174.82837200164795,3946
174.83771896362305,3945
174.87036204338074,3944
174.9019980430603,3943
174.9048309326172,3942
174.91001796722412,3941
174.92427706718445,3940
174.9493260383606,3939
174.9696021080017,3938
175.02054405212402,3937
175.04075002670288,3936
175.0585799217224,3935
175.06259107589722,3934
175.0681209564209,3933
175.0838749408722,3932
175.10639214515686,3931
175.11033391952515,3930
175.1139531135559,3929
175.12412810325623,3928
175.14698791503906,3927
175.15762996673584,3926
175.1738202571869,3925
175.19800329208374,3924
175.20003294944763,3923
175.23272705078125,3922
175.2389271259308,3921
175.2577850818634,3920
175.29849100112915,3919
175.29878306388855,3918
175.33595323562622,3917
175.36424112319946,3916
175.3846471309662,3915
175.44324398040771,3914
175.47432589530945,3913
175.47584986686707,3912
175.47933626174927,3911
175.51597094535828,3910
175.51737809181213,3909
175.5398609638214,3908
175.58974194526672,3907
175.59301900863647,3906
175.62772703170776,3905
175.66551804542542,3904
175.70269894599915,3903
175.70483303070068,3902
175.7376480102539,3901
175.7526500225067,3900
175.77435207366943,3899
175.7826521396637,3898
175.79021310806274,3897
175.79521107673645,3896
175.82210206985474,3895
175.85076093673706,3894
175.8707172870636,3893
175.88726115226746,3892
175.90511107444763,3891
175.92768096923828,3890
175.93318390846252,3889
175.96818709373474,3888
175.97043704986572,3887
175.97601890563965,3886
175.99098420143127,3885
175.99334406852722,3884
176.0882019996643,3883
176.0934031009674,3882
176.1064600944519,3881
176.13781905174255,3880
176.224769115448,3879
176.23141598701477,3878
176.23500895500183,3877
176.24609208106995,3876
176.2501790523529,3875
176.2505910396576,3874
176.25843501091003,3873
176.29380702972412,3872
176.30800986289978,3871
176.32253217697144,3870
