0.0,484360
182.6023108959198,5157
182.6065490245819,5156
182.60790491104126,5155
182.61239099502563,5154
182.61873292922974,5153
182.62006402015686,5152
182.62045097351074,5151
182.62066984176636,5150
182.62137913703918,5149
182.6222357749939,5148
182.6227729320526,5147
182.62425184249878,5146
182.62729382514954,5145
182.62908697128296,5144
182.63182997703552,5143
182.63330698013306,5142
182.63367986679077,5141
182.6420819759369,5140
182.6447949409485,5139
182.64503502845764,5138
182.6463658809662,5137
182.64759302139282,5136
182.64926385879517,5135
182.6496398448944,5134
182.6585409641266,5133
182.66112899780273,5132
182.6691870689392,5131
182.6763038635254,5130
182.68168187141418,5129
182.68237686157227,5128
182.684809923172,5127
182.68503713607788,5126
182.68609309196472,5125
182.69145798683167,5124
182.69199991226196,5123
182.69237613677979,5122
182.69276809692383,5121
182.69555497169495,5120
182.69812512397766,5119
182.69851279258728,5118
182.7029139995575,5117
182.7051661014557,5116
182.70617389678955,5115
182.7068521976471,5114
182.7103660106659,5113
182.7111999988556,5112
182.71189308166504,5111
182.71443796157837,5110
182.7159080505371,5109
182.71846985816956,5108
182.7196400165558,5107
182.72079300880432,5106
182.7238211631775,5105
182.72527599334717,5104
182.72860503196716,5103
182.72912883758545,5102
182.73655200004578,5101
182.73677706718445,5100
182.74249696731567,5099
182.74698281288147,5098
182.7478368282318,5097
182.7496190071106,5096
182.75222873687744,5095
182.75515294075012,5094
182.75616884231567,5093
182.7679660320282,5092
182.76960682868958,5091
182.77295303344727,5090
182.77618885040283,5089
182.77703094482422,5088
182.77851796150208,5087
182.78157901763916,5086
182.78323602676392,5085
182.78659796714783,5084
182.78808188438416,5083
182.79206705093384,5082
182.79494500160217,5081
182.80189204216003,5080
182.8066177368164,5079
182.80752205848694,5078
182.81125497817993,5077
182.8143150806427,5076
182.81608080863953,5075
182.81715607643127,5074
182.82423186302185,5073
182.82674098014832,5072
182.8273148536682,5071
182.8295648097992,5070
182.83046984672546,5069
182.83402180671692,5068
182.83568787574768,5067
182.83638191223145,5066
182.83678579330444,5065
182.83797097206116,5064
182.8383548259735,5063
182.84314703941345,5062
182.84383702278137,5061
182.85678601264954,5060
182.85995197296143,5059
182.86113691329956,5058
182.86397910118103,5057
182.8645360469818,5056
182.86552810668945,5055
182.86686491966248,5054
182.86708307266235,5053
182.86926889419556,5052
182.874165058136,5051
182.87471795082092,5050
182.87619996070862,5049
182.87846088409424,5048
182.87946915626526,5047
182.8808078765869,5046
182.88181710243225,5045
182.88237285614014,5044
182.88307404518127,5043
182.88345003128052,5042
182.88453197479248,5041
182.88788104057312,5040
182.8928120136261,5039
182.89303994178772,5038
182.9100480079651,5037
182.91137409210205,5036
182.9119291305542,5035
182.91246700286865,5034
182.92011284828186,5033
182.92084407806396,5032
182.92313194274902,5031
182.92636275291443,5030
182.9301619529724,5029
182.93493103981018,5028
182.93514704704285,5027
182.93713092803955,5026
182.93858695030212,5025
182.93943905830383,5024
182.94026803970337,5023
182.94097781181335,5022
182.94165897369385,5021
182.94501090049744,5020
182.94938588142395,5019
182.95363688468933,5018
182.95785999298096,5017
182.9588749408722,5016
182.9618968963623,5015
182.9787199497223,5014
182.98031997680664,5013
182.9834909439087,5012
182.98632502555847,5011
182.98965001106262,5010
182.99037218093872,5009
182.99722599983215,5008
182.998379945755,5007
183.00160694122314,5006
183.00556111335754,5005
183.00595879554749,5004
183.00681591033936,5003
183.00719094276428,5002
183.0083577632904,5001
183.0088918209076,5000
183.01330089569092,4999
183.0203719139099,4998
183.0218517780304,4997
183.022558927536,4996
183.0257430076599,4995
183.03125977516174,4994
183.03289794921875,4993
183.03763604164124,4992
183.0422101020813,4991
183.05003595352173,4990
183.05228209495544,4989
183.0528130531311,4988
183.05662894248962,4987
183.0579378604889,4986
183.05941200256348,4985
183.05978798866272,4984
183.06097102165222,4983
183.06845808029175,4982
183.07179188728333,4981
183.08136081695557,4980
183.08485102653503,4979
183.08695197105408,4978
183.08781480789185,4977
183.09113097190857,4976
183.09370398521423,4975
183.09767293930054,4974
183.09821200370789,4973
183.09874296188354,4972
183.103844165802,4971
183.10748386383057,4970
183.11034488677979,4969
183.1116647720337,4968
183.11453795433044,4967
183.11664009094238,4966
183.11998796463013,4965
183.1216058731079,4964
183.12400317192078,4963
183.12531685829163,4962
183.12633085250854,4961
183.12903594970703,4960
183.13037109375,4959
183.13510608673096,4958
183.13548493385315,4957
183.13668203353882,4956
183.13831186294556,4955
183.14211678504944,4954
183.14294815063477,4953
183.1478180885315,4952
183.14926600456238,4951
183.15771007537842,4950
183.1603970527649,4949
183.16480994224548,4948
183.1665699481964,4947
183.16761898994446,4946
183.16782784461975,4945
183.17307686805725,4944
183.17345213890076,4943
183.18860602378845,4942
183.19869589805603,4941
183.2008671760559,4940
183.20123481750488,4939
183.20258593559265,4938
183.20575594902039,4937
183.20630407333374,4936
183.2105541229248,4935
183.2135889530182,4934
183.21720910072327,4933
183.222895860672,4932
183.22606110572815,4931
183.22742986679077,4930
183.2281289100647,4929
183.23613691329956,4928
183.2371220588684,4927
183.24030804634094,4926
183.2409851551056,4925
183.24168300628662,4924
183.24774980545044,4923
183.25062084197998,4922
183.25113701820374,4921
183.25198888778687,4920
183.2526741027832,4919
183.25709795951843,4918
183.26208782196045,4917
183.26232385635376,4916
183.26591992378235,4915
183.26663088798523,4914
183.26905012130737,4913
183.27194380760193,4912
183.27373003959656,4911
183.27705097198486,4910
183.28130793571472,4909
183.28214812278748,4908
183.28956604003906,4907
183.2921199798584,4906
183.29296398162842,4905
183.30642104148865,4904
183.31184482574463,4903
183.3120698928833,4902
183.31736493110657,4901
183.3196201324463,4900
183.32063579559326,4899
183.3225338459015,4898
183.32355189323425,4897
183.3260190486908,4896
183.33135104179382,4895
183.3324999809265,4894
183.33489990234375,4893
183.34014105796814,4892
183.3435788154602,4891
183.3437910079956,4890
183.34448790550232,4889
183.34637999534607,4888
183.34752893447876,4887
183.3524889945984,4886
183.35792803764343,4885
183.36286211013794,4884
183.36558890342712,4883
183.36658000946045,4882
183.36743903160095,4881
183.3705768585205,4880
183.37127995491028,4879
183.37149095535278,4878
183.37218403816223,4877
183.37255191802979,4876
183.37340593338013,4875
183.3737769126892,4874
183.37561178207397,4873
183.3824429512024,4872
183.38455390930176,4871
183.39155507087708,4870
183.3950080871582,4869
183.39584398269653,4868
183.3991460800171,4867
183.40125107765198,4866
183.401939868927,4865
183.40552711486816,4864
183.40669107437134,4863
183.4113700389862,4862
183.4159128665924,4861
183.43249678611755,4860
183.43442606925964,4859
183.43648099899292,4858
183.43747997283936,4857
183.44219398498535,4856
183.4428951740265,4855
183.4441840648651,4854
183.44548106193542,4853
183.44723510742188,4852
183.4507119655609,4851
183.45170497894287,4850
183.45455384254456,4849
183.45952582359314,4848
183.4631290435791,4847
183.46816897392273,4846
183.47160816192627,4845
183.47228693962097,4844
183.4732780456543,4843
183.47549486160278,4842
183.47709798812866,4841
183.48597288131714,4840
183.48619604110718,4839
183.4870629310608,4838
183.4897768497467,4837
183.49374103546143,4836
183.4959590435028,4835
183.49757289886475,4834
183.49964690208435,4833
183.50186491012573,4832
183.5050220489502,4831
183.5060179233551,4830
183.51115107536316,4829
183.51459884643555,4828
183.52008605003357,4827
183.5218801498413,4826
183.524719953537,4825
183.53034591674805,4824
183.5398588180542,4823
183.54239583015442,4822
183.54476380348206,4821
183.54747009277344,4820
183.54969096183777,4819
183.55038785934448,4818
183.55108189582825,4817
183.55176711082458,4816
183.55429983139038,4815
183.55913400650024,4814
183.5601189136505,4813
183.5652527809143,4812
183.56862115859985,4811
183.57222199440002,4810
183.5814390182495,4809
183.58459997177124,4808
183.5855758190155,4807
183.58747792243958,4806
183.58800101280212,4805
183.592777967453,4804
183.59360480308533,4803
183.60218906402588,4802
183.6039400100708,4801
183.60553908348083,4800
183.61154198646545,4799
183.6138939857483,4798
183.62468194961548,4797
183.6274540424347,4796
183.6287829875946,4795
183.63051176071167,4794
183.63090300559998,4793
183.63379788398743,4792
183.63703989982605,4791
183.63928604125977,4790
183.6401309967041,4789
183.6425280570984,4788
183.6436858177185,4787
183.65338587760925,4786
183.6536090373993,4785
183.66114497184753,4784
183.66263604164124,4783
183.6632158756256,4782
183.66378808021545,4781
183.66961002349854,4780
183.67300295829773,4779
183.67888474464417,4778
183.68288111686707,4777
183.68469190597534,4776
183.6878478527069,4775
183.69597601890564,4774
183.69725799560547,4773
183.69831085205078,4772
183.70005202293396,4771
183.70194792747498,4770
183.7023570537567,4769
183.70320010185242,4768
183.705894947052,4767
183.71448612213135,4766
183.71795511245728,4765
183.71890687942505,4764
183.7196328639984,4763
183.72054195404053,4762
183.72617602348328,4761
183.72938299179077,4760
183.7299530506134,4759
183.73241019248962,4758
183.7344229221344,4757
183.74822306632996,4756
183.74923276901245,4755
183.75206875801086,4754
183.7562379837036,4753
183.75939393043518,4752
183.768807888031,4751
183.7698450088501,4750
183.77162384986877,4749
183.77233791351318,4748
183.78338193893433,4747
183.786719083786,4746
183.7911307811737,4745
183.79906105995178,4744
183.80209517478943,4743
183.80250191688538,4742
183.80559992790222,4741
183.80955386161804,4740
183.81477403640747,4739
183.81560492515564,4738
183.8183789253235,4737
183.82297801971436,4736
183.82540893554688,4735
183.82655906677246,4734
183.8283441066742,4733
183.8291881084442,4732
183.82942700386047,4731
183.83028197288513,4730
183.83698892593384,4729
183.8396909236908,4728
183.84144592285156,4727
183.85691380500793,4726
183.8620400428772,4725
183.8633542060852,4724
183.8684859275818,4723
183.87319493293762,4722
183.87647891044617,4721
183.88053393363953,4720
183.88075184822083,4719
183.88111686706543,4718
183.8830268383026,4717
183.89058589935303,4716
183.8918960094452,4715
183.89426398277283,4714
183.89819598197937,4713
183.9031639099121,4712
183.90935897827148,4711
183.91157603263855,4710
183.91916799545288,4709
183.9241111278534,4708
183.92433309555054,4707
183.9290120601654,4706
183.92938590049744,4705
183.92992997169495,4704
183.933926820755,4703
183.93413615226746,4702
183.94290399551392,4701
183.94615602493286,4700
183.94820713996887,4699
183.95144701004028,4698
183.95289587974548,4697
183.95310378074646,4696
183.95396399497986,4695
183.95704078674316,4694
183.96147894859314,4693
183.96411395072937,4692
183.97645688056946,4691
183.9772789478302,4690
183.97812509536743,4689
183.98365807533264,4688
183.98796606063843,4687
183.9936168193817,4686
183.99807691574097,4685
183.99965286254883,4684
184.00351476669312,4683
184.00614976882935,4682
184.00863409042358,4681
184.0112669467926,4680
184.01390314102173,4679
184.01594400405884,4678
184.0170829296112,4677
184.0183548927307,4676
184.02824902534485,4675
184.04039812088013,4674
184.04109287261963,4673
184.04313492774963,4672
184.05108618736267,4671
184.0587499141693,4670
184.05910992622375,4669
184.06126379966736,4668
184.06236386299133,4667
184.0653100013733,4666
184.0767800807953,4665
184.07824993133545,4664
184.0821409225464,4663
184.08892703056335,4662
184.09148287773132,4661
184.09641075134277,4660
184.09830808639526,4659
184.10050892829895,4658
184.10148000717163,4657
184.1018397808075,4656
184.10630798339844,4655
184.10925102233887,4654
184.1099419593811,4653
184.1198661327362,4652
184.1216220855713,4651
184.1300768852234,4650
184.13534379005432,4649
184.14054703712463,4648
184.1429169178009,4647
184.14782786369324,4646
184.14805698394775,4645
184.15126705169678,4644
184.1589970588684,4643
184.1660511493683,4642
184.16837096214294,4641
184.1794149875641,4640
184.18061208724976,4639
184.1988730430603,4638
184.2043960094452,4637
184.2061529159546,4636
184.21594500541687,4635
184.2189109325409,4634
184.220782995224,4633
184.22618079185486,4632
184.2333860397339,4631
184.239483833313,4630
184.24166297912598,4629
184.24220180511475,4628
184.24485802650452,4627
184.24699902534485,4626
184.24929094314575,4625
184.24969387054443,4624
184.2512891292572,4623
184.25266408920288,4622
184.25464916229248,4621
184.26699113845825,4620
184.26863193511963,4619
184.2771019935608,4618
184.28086495399475,4617
184.28245306015015,4616
184.28468084335327,4615
184.285808801651,4614
184.2887830734253,4613
184.29219675064087,4612
184.2938129901886,4611
184.2947928905487,4610
184.29658007621765,4609
184.3047161102295,4608
184.30709981918335,4607
184.31254506111145,4606
184.3152129650116,4605
184.33110880851746,4604
184.3360719680786,4603
184.3376429080963,4602
184.33954000473022,4601
184.34020495414734,4600
184.34588289260864,4599
184.35048294067383,4598
184.35072112083435,4597
184.35516119003296,4596
184.35734391212463,4595
184.35773277282715,4594
184.3585810661316,4593
184.3601589202881,4592
184.36174702644348,4591
184.36362504959106,4590
184.36687803268433,4589
184.36996507644653,4588
184.37125492095947,4587
184.37465691566467,4586
184.38032579421997,4585
184.38538002967834,4584
184.3917670249939,4583
184.39213395118713,4582
184.39296412467957,4581
184.3975727558136,4580
184.4038667678833,4579
184.40589380264282,4578
184.40643000602722,4577
184.4081449508667,4576
184.41380310058594,4575
184.41431283950806,4574
184.4181728363037,4573
184.42185401916504,4572
184.4250099658966,4571
184.42673802375793,4570
184.4304518699646,4569
184.43095993995667,4568
184.43164992332458,4567
184.43926811218262,4566
184.45098090171814,4565
184.45939683914185,4564
184.45978593826294,4563
184.4643909931183,4562
184.46958112716675,4561
184.46995902061462,4560
184.4706540107727,4559
184.47147011756897,4558
184.48793697357178,4557
184.48874592781067,4556
184.4898829460144,4555
184.49354910850525,4554
184.49725484848022,4553
184.4995677471161,4552
184.50371098518372,4551
184.5090320110321,4550
184.50957584381104,4549
184.51324701309204,4548
184.51348090171814,4547
184.51572608947754,4546
184.5162398815155,4545
184.51812291145325,4544
184.52463102340698,4543
184.53057193756104,4542
184.5352771282196,4541
184.53685593605042,4540
184.5460889339447,4539
184.55478978157043,4538
184.555908203125,4537
184.5570318698883,4536
184.56085085868835,4535
184.56242203712463,4534
184.56760811805725,4533
184.57068586349487,4532
184.58879899978638,4531
184.5932548046112,4530
184.59346508979797,4529
184.59726095199585,4528
184.5983691215515,4527
184.60098695755005,4526
184.60767793655396,4525
184.60985398292542,4524
184.61336493492126,4523
184.62729597091675,4522
184.62933611869812,4521
184.6315939426422,4520
184.6322591304779,4519
184.6336829662323,4518
184.63404202461243,4517
184.642156124115,4516
184.64626502990723,4515
184.64646816253662,4514
184.64872193336487,4513
184.6508858203888,4512
184.65217089653015,4511
184.6553840637207,4510
184.65995693206787,4509
184.66136288642883,4508
184.66189217567444,4507
184.671856880188,4506
184.6842188835144,4505
184.69238877296448,4504
184.7057499885559,4503
184.71182107925415,4502
184.7138659954071,4501
184.71618509292603,4500
184.727294921875,4499
184.72780203819275,4498
184.7281529903412,4497
184.72930192947388,4496
184.7340350151062,4495
184.7381579875946,4494
184.74436497688293,4493
184.74828910827637,4492
184.7515630722046,4491
184.7527539730072,4490
184.75654888153076,4489
184.76259779930115,4488
184.77284502983093,4487
184.77338695526123,4486
184.77944493293762,4485
184.78350496292114,4484
184.7861077785492,4483
184.79378414154053,4482
184.7956018447876,4481
184.79613208770752,4480
184.79653000831604,4479
184.80105185508728,4478
184.80721402168274,4477
184.80870389938354,4476
184.81110191345215,4475
184.81277012825012,4474
184.8222599029541,4473
184.8278980255127,4472
184.82812190055847,4471
184.83263897895813,4470
184.83423399925232,4469
184.84303092956543,4468
184.8435788154602,4467
184.84539103507996,4466
184.85227704048157,4465
184.8529658317566,4464
184.85317397117615,4463
184.85402393341064,4462
184.85857677459717,4461
184.8649480342865,4460
184.86546397209167,4459
184.86929512023926,4458
184.87192487716675,4457
184.87496495246887,4456
184.8782091140747,4455
184.8934531211853,4454
184.89426684379578,4453
184.89447498321533,4452
184.8972520828247,4451
184.8989770412445,4450
184.90932893753052,4449
184.92674589157104,4448
184.92885613441467,4447
184.9403851032257,4446
184.94106602668762,4445
184.94394397735596,4444
184.94476008415222,4443
184.9544539451599,4442
184.96198987960815,4441
184.9625060558319,4440
184.9636731147766,4439
184.96687006950378,4438
184.96926379203796,4437
184.97036480903625,4436
184.97850608825684,4435
184.97948002815247,4434
184.98111414909363,4433
184.98162198066711,4432
184.9882619380951,4431
184.9956910610199,4430
184.99637389183044,4429
184.99929189682007,4428
185.0001139640808,4427
185.0073709487915,4426
185.01040196418762,4425
185.0220410823822,4424
185.0235230922699,4423
185.02941703796387,4422
185.0333650112152,4421
185.0386679172516,4420
185.04542684555054,4419
185.04773998260498,4418
185.04998993873596,4417
185.05480813980103,4416
185.05858778953552,4415
185.05909776687622,4414
185.07113909721375,4413
185.07465815544128,4412
185.0779778957367,4411
185.08013701438904,4410
185.08815383911133,4409
185.09299516677856,4408
185.1009979248047,4407
185.10196900367737,4406
185.10923385620117,4405
185.1094410419464,4404
185.11074304580688,4403
185.1155641078949,4402
185.11767387390137,4401
185.11804008483887,4400
185.12660098075867,4399
185.1304030418396,4398
185.13750982284546,4397
185.14169812202454,4396
185.14948797225952,4395
185.1663601398468,4394
185.1757230758667,4393
185.18077993392944,4392
185.1827199459076,4391
185.18397212028503,4390
185.1855800151825,4389
185.1926610469818,4388
185.19458985328674,4387
185.20854997634888,4386
185.2111361026764,4385
185.21223998069763,4384
185.24716210365295,4383
185.25627398490906,4382
185.2591450214386,4381
185.26211094856262,4380
185.26265001296997,4379
185.26883101463318,4378
185.28037309646606,4377
185.30890011787415,4376
185.30910992622375,4375
185.31321811676025,4374
185.32331895828247,4373
185.32863402366638,4372
185.33568787574768,4371
185.3436291217804,4370
185.3512420654297,4369
185.35916686058044,4368
185.36280798912048,4367
185.36410689353943,4366
185.36764693260193,4365
185.37646579742432,4364
185.38124895095825,4363
185.39318895339966,4362
185.39753198623657,4361
185.4098448753357,4360
185.41168594360352,4359
185.41296792030334,4358
185.42261791229248,4357
185.42301392555237,4356
185.42453789710999,4355
185.44582080841064,4354
185.4466428756714,4353
185.46168494224548,4352
185.47118997573853,4351
185.4912109375,4350
185.49464797973633,4349
185.5065038204193,4348
185.51592993736267,4347
185.51718497276306,4346
185.53950214385986,4345
185.540589094162,4344
185.5421850681305,4343
185.5450370311737,4342
185.54538488388062,4341
185.55090880393982,4340
185.55228805541992,4339
185.57323503494263,4338
185.57727098464966,4337
185.59466075897217,4336
185.59854102134705,4335
185.6157729625702,4334
185.6208200454712,4333
185.62534093856812,4332
185.62689304351807,4331
185.63230299949646,4330
185.63650107383728,4329
185.64175581932068,4328
185.6475579738617,4327
185.65189599990845,4326
185.6537139415741,4325
185.66328811645508,4324
185.67118382453918,4323
185.6744740009308,4322
185.68300795555115,4321
185.68608784675598,4320
185.7096688747406,4319
185.71294379234314,4318
185.72429585456848,4317
185.7377049922943,4316
185.74555492401123,4315
185.74734377861023,4314
185.75137209892273,4313
185.75565099716187,4312
185.7594029903412,4311
185.76500296592712,4310
185.76792097091675,4309
185.78896594047546,4308
185.79241180419922,4307
185.8005669116974,4306
185.8024718761444,4305
185.82130885124207,4304
185.83254098892212,4303
185.83696699142456,4302
185.8645269870758,4301
185.86745595932007,4300
185.87405014038086,4299
185.87978792190552,4298
185.88311290740967,4297
185.88408589363098,4296
185.8871190547943,4295
185.89854216575623,4294
185.90274691581726,4293
185.9041609764099,4292
185.9046609401703,4291
185.90961003303528,4290
185.91469597816467,4289
185.91893982887268,4288
185.9203269481659,4287
185.92188906669617,4286
185.93036890029907,4285
185.93221187591553,4284
185.94645595550537,4283
185.94742393493652,4282
185.95191502571106,4281
185.96072912216187,4280
185.96417093276978,4279
185.9714639186859,4278
185.97683000564575,4277
185.98887991905212,4276
185.9904329776764,4275
185.99170088768005,4274
186.00209999084473,4273
186.01205611228943,4272
186.0214400291443,4271
186.02371883392334,4270
186.02658891677856,4269
186.02799582481384,4268
186.0332019329071,4267
186.04428601264954,4266
186.05684304237366,4265
186.0818920135498,4264
186.08563208580017,4263
186.08776903152466,4262
186.09089517593384,4261
186.09155678749084,4260
186.09776782989502,4259
186.1006579399109,4258
186.10278296470642,4257
186.10374188423157,4256
186.10849499702454,4255
186.10901594161987,4254
186.11053705215454,4253
186.11858892440796,4252
186.11982011795044,4251
186.1369071006775,4250
186.1432740688324,4249
186.1504499912262,4248
186.15064597129822,4247
186.1511721611023,4246
186.1602349281311,4245
186.16283297538757,4244
186.16584491729736,4243
186.17620396614075,4242
186.17735981941223,4241
186.1793510913849,4240
186.18514108657837,4239
186.19340896606445,4238
186.1961009502411,4237
186.19867396354675,4236
186.20100092887878,4235
186.22494316101074,4234
186.22562098503113,4233
186.24120497703552,4232
186.25412511825562,4231
186.2606201171875,4230
186.26180410385132,4229
186.26303482055664,4228
186.27280402183533,4227
186.28604102134705,4226
186.28730487823486,4225
186.29577898979187,4224
186.298082113266,4223
186.2990641593933,4222
186.30946683883667,4221
186.32127690315247,4220
186.32670998573303,4219
186.32924890518188,4218
186.33052396774292,4217
186.33076405525208,4216
186.33204197883606,4215
186.33593010902405,4214
186.33861804008484,4213
186.35580706596375,4212
186.35733103752136,4211
186.36627197265625,4210
186.36811995506287,4209
186.37125992774963,4208
186.38698196411133,4207
186.40505075454712,4206
186.40722608566284,4205
186.4182300567627,4204
186.4273009300232,4203
186.42753195762634,4202
186.44293403625488,4201
186.4435110092163,4200
186.47341012954712,4199
186.47618889808655,4198
186.4795060157776,4197
186.50223302841187,4196
186.5119071006775,4195
186.51532793045044,4194
186.5178039073944,4193
186.51816987991333,4192
186.5269069671631,4191
186.52845692634583,4190
186.52985286712646,4189
186.56191110610962,4188
186.58373999595642,4187
186.59547901153564,4186
186.60194087028503,4185
186.6112790107727,4184
186.61756801605225,4183
186.62088990211487,4182
186.62818789482117,4181
186.6357581615448,4180
186.64344811439514,4179
186.6458659172058,4178
186.65465712547302,4177
186.67306399345398,4176
186.68254494667053,4175
186.69429779052734,4174
186.694561958313,4173
186.69555687904358,4172
186.69754910469055,4171
186.71582317352295,4170
186.71889209747314,4169
186.71940898895264,4168
186.73116993904114,4167
186.7447738647461,4166
186.7449929714203,4165
186.75018692016602,4164
186.75098299980164,4163
186.78160691261292,4162
186.78313088417053,4161
186.78736305236816,4160
186.7885890007019,4159
186.80687308311462,4158
186.81991505622864,4157
186.83439683914185,4156
186.83563995361328,4155
186.8358669281006,4154
186.84216904640198,4153
186.85677480697632,4152
186.86802506446838,4151
186.8789119720459,4150
186.89990401268005,4149
186.9007270336151,4148
186.90217399597168,4147
186.90418791770935,4146
186.90649008750916,4145
186.90774083137512,4144
186.90885305404663,4143
186.90966081619263,4142
186.92209100723267,4141
186.9240539073944,4140
186.92932605743408,4139
186.93930077552795,4138
186.97571897506714,4137
186.97695994377136,4136
186.99074697494507,4135
186.99335408210754,4134
186.99606704711914,4133
187.02104806900024,4132
187.0406458377838,4131
187.04290676116943,4130
187.04474091529846,4129
187.05704975128174,4128
187.06656193733215,4127
187.06737089157104,4126
187.078430891037,4125
187.07996582984924,4124
187.08138179779053,4123
187.1028230190277,4122
187.104101896286,4121
187.10750484466553,4120
187.13958191871643,4119
187.13992500305176,4118
187.14105916023254,4117
187.17316603660583,4116
187.17412781715393,4115
187.19210386276245,4114
187.1936399936676,4113
187.20459389686584,4112
187.21391701698303,4111
187.225280046463,4110
187.23413705825806,4109
187.24177885055542,4108
187.24829697608948,4107
187.25042986869812,4106
187.2813949584961,4105
187.29675006866455,4104
187.3026659488678,4103
187.30490589141846,4102
187.30759406089783,4101
187.33061981201172,4100
187.34867310523987,4099
187.35109305381775,4098
187.35900115966797,4097
187.37691593170166,4096
187.37805104255676,4095
187.38234186172485,4094
187.40628099441528,4093
187.41485786437988,4092
187.41852116584778,4091
187.4245297908783,4090
187.43282890319824,4089
187.44033885002136,4088
187.45009088516235,4087
187.45369291305542,4086
187.47549200057983,4085
187.4830288887024,4084
187.48572278022766,4083
187.4872579574585,4082
187.4900040626526,4081
187.51089692115784,4080
187.53322386741638,4079
187.5386199951172,4078
187.53977179527283,4077
187.54516506195068,4076
187.55024576187134,4075
187.55053210258484,4074
187.5526831150055,4073
187.56638383865356,4072
187.56935906410217,4071
187.57803606987,4070
187.58239197731018,4069
187.62452793121338,4068
187.6264250278473,4067
187.62756609916687,4066
187.65873503684998,4065
187.68680691719055,4064
187.69341492652893,4063
187.69564604759216,4062
187.69764494895935,4061
187.7008318901062,4060
187.7210397720337,4059
187.74154496192932,4058
187.74717593193054,4057
187.7506160736084,4056
187.7667248249054,4055
187.77199578285217,4054
187.773864030838,4053
187.7959921360016,4052
187.79871892929077,4051
187.79973816871643,4050
187.80666708946228,4049
187.80949091911316,4048
187.83934497833252,4047
187.84013199806213,4046
187.84402894973755,4045
187.8507399559021,4044
187.85924792289734,4043
187.86218094825745,4042
187.88754105567932,4041
187.90076398849487,4040
187.90169286727905,4039
187.90501308441162,4038
187.91619896888733,4037
187.92946982383728,4036
187.93374013900757,4035
187.95039010047913,4034
187.96824502944946,4033
188.0051519870758,4032
188.01335501670837,4031
188.0142469406128,4030
188.02244997024536,4029
188.0321490764618,4028
188.03536796569824,4027
188.0383369922638,4026
188.04307413101196,4025
188.04469203948975,4024
188.05078291893005,4023
188.05276894569397,4022
188.05462980270386,4021
188.06654000282288,4020
188.0749740600586,4019
188.08501601219177,4018
188.0908899307251,4017
188.09529495239258,4016
188.11273288726807,4015
188.12312293052673,4014
188.1308560371399,4013
188.13753080368042,4012
188.14452290534973,4011
188.14757800102234,4010
188.15028190612793,4009
188.15278005599976,4008
188.15541791915894,4007
188.15641593933105,4006
188.16719698905945,4005
188.17346692085266,4004
188.17375421524048,4003
188.17717099189758,4002
188.18691611289978,4001
188.19401907920837,4000
188.2320680618286,3999
188.23930096626282,3998
188.25211906433105,3997
188.25363302230835,3996
188.25500392913818,3995
188.25953793525696,3994
188.2615098953247,3993
188.26236295700073,3992
188.26627397537231,3991
188.27033710479736,3990
188.2801549434662,3989
188.3032729625702,3988
188.31274914741516,3987
188.3356418609619,3986
188.36187291145325,3985
188.3774058818817,3984
188.39794516563416,3983
188.40537285804749,3982
188.41111087799072,3981
188.41732096672058,3980
188.42174100875854,3979
188.4624719619751,3978
188.47712802886963,3977
188.4928240776062,3976
188.5095250606537,3975
188.52017307281494,3974
188.52405881881714,3973
188.537841796875,3972
188.54709601402283,3971
188.56555604934692,3970
188.58869791030884,3969
188.5915629863739,3968
188.5939178466797,3967
188.59507989883423,3966
188.5971930027008,3965
188.60201811790466,3964
188.60583996772766,3963
188.62335205078125,3962
188.63936400413513,3961
188.65426993370056,3960
188.65443778038025,3959
188.66712188720703,3958
188.66851687431335,3957
188.6757628917694,3956
188.68630409240723,3955
188.68843793869019,3954
188.6930718421936,3953
188.713280916214,3952
188.72280287742615,3951
188.7331578731537,3950
188.75419116020203,3949
188.77463603019714,3948
188.78966188430786,3947
188.80443906784058,3946
188.80690002441406,3945
188.8162500858307,3944
188.81821203231812,3943
188.83248496055603,3942
188.83448386192322,3941
188.83709478378296,3940
188.85476398468018,3939
188.85835099220276,3938
188.86190700531006,3937
188.86577105522156,3936
188.86835598945618,3935
188.88471293449402,3934
188.91751909255981,3933
188.9228217601776,3932
188.92492294311523,3931
188.9333198070526,3930
188.98876190185547,3929
188.99762415885925,3928
189.02175498008728,3927
189.03190803527832,3926
189.04056191444397,3925
189.0422089099884,3924
189.06962990760803,3923
189.1117560863495,3922
189.1535930633545,3921
189.168151140213,3920
189.1726999282837,3919
189.18670010566711,3918
189.1941261291504,3917
189.1988170146942,3916
189.2003049850464,3915
189.2677230834961,3914
189.28089690208435,3913
189.30725002288818,3912
189.30816793441772,3911
189.30945682525635,3910
189.33288598060608,3909
189.35189509391785,3908
189.35411620140076,3907
189.35587882995605,3906
189.36305403709412,3905
189.39298510551453,3904
189.4000368118286,3903
189.46825695037842,3902
189.47322797775269,3901
189.4739031791687,3900
189.4960560798645,3899
189.53851795196533,3898
189.63985514640808,3897
189.64777302742004,3896
189.66256594657898,3895
189.68436408042908,3894
189.72515201568604,3893
189.75259017944336,3892
189.76033520698547,3891
189.78539490699768,3890
189.78888487815857,3889
189.82353520393372,3888
189.85631680488586,3887
189.86029481887817,3886
189.89090204238892,3885
189.91570401191711,3884
189.93108201026917,3883
189.93177485466003,3882
189.98483514785767,3881
190.08164882659912,3880
190.08699893951416,3879
190.09398198127747,3878
190.09511804580688,3877
190.10660099983215,3876
190.10810708999634,3875
190.10962414741516,3874
190.15422010421753,3873
190.24379587173462,3872
190.28030681610107,3871
190.3059787750244,3870
190.31491613388062,3869
190.3357870578766,3868
190.36491799354553,3867
190.4107630252838,3866
190.46604013442993,3865
190.4709758758545,3864
190.49101495742798,3863
190.50980877876282,3862
190.5293481349945,3861
190.55984687805176,3860
190.58542585372925,3859
190.6472430229187,3858
190.65401792526245,3857
190.66961193084717,3856
