0.0,484360
169.60818481445312,4543
169.61237001419067,4542
169.61585187911987,4541
169.62269711494446,4540
169.62304997444153,4539
169.62900304794312,4538
169.634535074234,4537
169.63955688476562,4536
169.6425838470459,4535
169.64516806602478,4534
169.6483747959137,4533
169.64872694015503,4532
169.6539821624756,4531
169.65700793266296,4530
169.6640019416809,4529
169.66456985473633,4528
169.6680829524994,4527
169.66956090927124,4526
169.67960691452026,4525
169.6905550956726,4524
169.69094586372375,4523
169.69278287887573,4522
169.69363379478455,4521
169.69446992874146,4520
169.69808292388916,4519
169.70641016960144,4518
169.70787000656128,4517
169.71008110046387,4516
169.71794295310974,4515
169.71861004829407,4514
169.7238790988922,4513
169.72513389587402,4512
169.72623491287231,4511
169.7301640510559,4510
169.7339699268341,4509
169.74312210083008,4508
169.74482583999634,4507
169.7475709915161,4506
169.7505979537964,4505
169.75317478179932,4504
169.7554750442505,4503
169.77352619171143,4502
169.77404499053955,4501
169.7807319164276,4500
169.7815408706665,4499
169.78175020217896,4498
169.7840690612793,4497
169.78486680984497,4496
169.78791308403015,4495
169.79096007347107,4494
169.7922089099884,4493
169.7940571308136,4492
169.80229806900024,4491
169.80592489242554,4490
169.82236504554749,4489
169.82649207115173,4488
169.82925391197205,4487
169.8332061767578,4486
169.83803296089172,4485
169.83868098258972,4484
169.84111905097961,4483
169.84161901474,4482
169.84182214736938,4481
169.8427710533142,4480
169.8437168598175,4479
169.84928798675537,4478
169.85174584388733,4477
169.8530468940735,4476
169.8562798500061,4475
169.85842108726501,4474
169.8601779937744,4473
169.86329412460327,4472
169.8711838722229,4471
169.8739879131317,4470
169.8791069984436,4469
169.88434386253357,4468
169.8857729434967,4467
169.88802695274353,4466
169.8900420665741,4465
169.89101195335388,4464
169.90204095840454,4463
169.9072117805481,4462
169.90976405143738,4461
169.91286206245422,4460
169.9134180545807,4459
169.9168291091919,4458
169.91703295707703,4457
169.9289948940277,4456
169.94238805770874,4455
169.94546914100647,4454
169.9492928981781,4453
169.9616949558258,4452
169.96219611167908,4451
169.96620512008667,4450
169.96775698661804,4449
169.97520184516907,4448
169.97555494308472,4447
169.97747015953064,4446
169.9784300327301,4445
169.9794158935547,4444
169.98051691055298,4443
169.98074197769165,4442
169.98298716545105,4441
169.98662686347961,4440
169.99008893966675,4439
169.99045491218567,4438
170.0070869922638,4437
170.01723408699036,4436
170.01819610595703,4435
170.01913499832153,4434
170.0333971977234,4433
170.04539895057678,4432
170.0480010509491,4431
170.05045700073242,4430
170.0527698993683,4429
170.0568380355835,4428
170.0578088760376,4427
170.06294989585876,4426
170.06684708595276,4425
170.07019877433777,4424
170.07238793373108,4423
170.07513618469238,4422
170.0874741077423,4421
170.10161590576172,4420
170.1194031238556,4419
170.12124800682068,4418
170.12147998809814,4417
170.12183499336243,4416
170.12293410301208,4415
170.133553981781,4414
170.138041973114,4413
170.1384129524231,4412
170.13876104354858,4411
170.1418969631195,4410
170.14315819740295,4409
170.14752388000488,4408
170.1493809223175,4407
170.16206812858582,4406
170.16363883018494,4405
170.17948603630066,4404
170.1848840713501,4403
170.2030680179596,4402
170.20389485359192,4401
170.20992708206177,4400
170.21238207817078,4399
170.2125871181488,4398
170.21908497810364,4397
170.22416591644287,4396
170.23117899894714,4395
170.23970913887024,4394
170.2471959590912,4393
170.2547950744629,4392
170.2554759979248,4391
170.25643396377563,4390
170.26601004600525,4389
170.26727986335754,4388
170.2769010066986,4387
170.28040885925293,4386
170.28585195541382,4385
170.29128098487854,4384
170.29194402694702,4383
170.31723189353943,4382
170.32272291183472,4381
170.3268129825592,4380
170.33205199241638,4379
170.33733797073364,4378
170.3399031162262,4377
170.35184502601624,4376
170.352068901062,4375
170.36725401878357,4374
170.37802720069885,4373
170.38053584098816,4372
170.38537406921387,4371
170.38780307769775,4370
170.39562392234802,4369
170.40465116500854,4368
170.40605306625366,4367
170.4114100933075,4366
170.41162395477295,4365
170.41690516471863,4364
170.41785621643066,4363
170.4183599948883,4362
170.4301290512085,4361
170.43168807029724,4360
170.43456101417542,4359
170.44544506072998,4358
170.44654488563538,4357
170.4529790878296,4356
170.4567470550537,4355
170.45828318595886,4354
170.47568607330322,4353
170.47947812080383,4352
170.48075985908508,4351
170.48525285720825,4350
170.50960493087769,4349
170.5205841064453,4348
170.5219690799713,4347
170.53073501586914,4346
170.5346269607544,4345
170.53925895690918,4344
170.54035210609436,4343
170.55316805839539,4342
170.55738401412964,4341
170.56127905845642,4340
170.56747603416443,4339
170.58958196640015,4338
170.60257196426392,4337
170.60754704475403,4336
170.6159839630127,4335
170.61697793006897,4334
170.61779808998108,4333
170.6193950176239,4332
170.62643599510193,4331
170.6303141117096,4330
170.63082718849182,4329
170.6366560459137,4328
170.64066100120544,4327
170.64195585250854,4326
170.64625000953674,4325
170.649071931839,4324
170.6601071357727,4323
170.6718020439148,4322
170.6815891265869,4321
170.6846570968628,4320
170.68592405319214,4319
170.69032096862793,4318
170.6935031414032,4317
170.70773696899414,4316
170.70988082885742,4315
170.7226037979126,4314
170.7449049949646,4313
170.74632620811462,4312
170.75146889686584,4311
170.76509284973145,4310
170.78417015075684,4309
170.7961549758911,4308
170.80365705490112,4307
170.80388116836548,4306
170.80621814727783,4305
170.80959916114807,4304
170.8157639503479,4303
170.81891107559204,4302
170.81957578659058,4301
170.820965051651,4300
170.838063955307,4299
170.83949613571167,4298
170.84084486961365,4297
170.84155821800232,4296
170.84597992897034,4295
170.85038709640503,4294
170.8516640663147,4293
170.86398816108704,4292
170.86790204048157,4291
170.86957812309265,4290
170.87262296676636,4289
170.88101482391357,4288
170.88213896751404,4287
170.88352799415588,4286
170.88404393196106,4285
170.88871693611145,4284
170.90550684928894,4283
170.90836310386658,4282
170.92287302017212,4281
170.9320831298828,4280
170.9342291355133,4279
170.9382770061493,4278
170.93939590454102,4277
170.93990302085876,4276
170.94441199302673,4275
170.9466860294342,4274
170.96695518493652,4273
170.9686460494995,4272
170.97432684898376,4271
170.99552702903748,4270
170.9972219467163,4269
171.0150589942932,4268
171.0220308303833,4267
171.0231158733368,4266
171.02570605278015,4265
171.03001308441162,4264
171.0444140434265,4263
171.0506510734558,4262
171.05836606025696,4261
171.05885910987854,4260
171.06289911270142,4259
171.0739619731903,4258
171.07947087287903,4257
171.0802550315857,4256
171.08340215682983,4255
171.084566116333,4254
171.0874741077423,4253
171.09290504455566,4252
171.1022720336914,4251
171.10776901245117,4250
171.1166968345642,4249
171.1186740398407,4248
171.13630509376526,4247
171.15958404541016,4246
171.16417598724365,4245
171.2126739025116,4244
171.22100496292114,4243
171.227637052536,4242
171.2353219985962,4241
171.24239015579224,4240
171.24470782279968,4239
171.2496998310089,4238
171.25843381881714,4237
171.27170586585999,4236
171.27681708335876,4235
171.27734303474426,4234
171.28149318695068,4233
171.28778290748596,4232
171.31186485290527,4231
171.32091403007507,4230
171.3246669769287,4229
171.32927298545837,4228
171.35549592971802,4227
171.36086297035217,4226
171.3702199459076,4225
171.3727879524231,4224
171.37774395942688,4223
171.38528490066528,4222
171.38596320152283,4221
171.39086079597473,4220
171.4006609916687,4219
171.4048159122467,4218
171.40752792358398,4217
171.4105260372162,4216
171.41977190971375,4215
171.42336106300354,4214
171.430340051651,4213
171.43127584457397,4212
171.4492781162262,4211
171.45844101905823,4210
171.46584677696228,4209
171.467365026474,4208
171.46922707557678,4207
171.46942710876465,4206
171.4741621017456,4205
171.48065996170044,4204
171.4856779575348,4203
171.4870729446411,4202
171.49639797210693,4201
171.50012493133545,4200
171.50677013397217,4199
171.50902009010315,4198
171.5189459323883,4197
171.52425694465637,4196
171.53427600860596,4195
171.5353639125824,4194
171.5424690246582,4193
171.55030989646912,4192
171.5562400817871,4191
171.55761003494263,4190
171.56321001052856,4189
171.56835794448853,4188
171.59092378616333,4187
171.5944540500641,4186
171.59741806983948,4185
171.61651301383972,4184
171.61673212051392,4183
171.6439790725708,4182
171.6464080810547,4181
171.64882898330688,4180
171.65473008155823,4179
171.65904903411865,4178
171.6602840423584,4177
171.66049194335938,4176
171.66222405433655,4175
171.66272902488708,4174
171.66877102851868,4173
171.6773180961609,4172
171.67829203605652,4171
171.68626999855042,4170
171.71250295639038,4169
171.72590804100037,4168
171.73251485824585,4167
171.74466013908386,4166
171.76274299621582,4165
171.77047514915466,4164
171.78086304664612,4163
171.80165314674377,4162
171.80888891220093,4161
171.81013703346252,4160
171.8117949962616,4159
171.82461404800415,4158
171.82673692703247,4157
171.83690190315247,4156
171.8644781112671,4155
171.86927700042725,4154
171.88188982009888,4153
171.90615010261536,4152
171.91129517555237,4151
171.91915702819824,4150
171.91951394081116,4149
171.92338490486145,4148
171.92510199546814,4147
171.93023800849915,4146
171.94146585464478,4145
171.94360995292664,4144
171.95253586769104,4143
171.95610785484314,4142
171.9580738544464,4141
171.96968793869019,4140
171.99979305267334,4139
172.00222492218018,4138
172.00286602973938,4137
172.01378893852234,4136
172.0157709121704,4135
172.0171501636505,4134
172.02100491523743,4133
172.03481197357178,4132
172.06045985221863,4131
172.06391310691833,4130
172.07954692840576,4129
172.08267092704773,4128
172.08916592597961,4127
172.0951509475708,4126
172.10753893852234,4125
172.1077389717102,4124
172.11058688163757,4123
172.11152601242065,4122
172.12182593345642,4121
172.12757420539856,4120
172.13392186164856,4119
172.1609570980072,4118
172.1912190914154,4117
172.19426202774048,4116
172.19738721847534,4115
172.19947981834412,4114
172.2018551826477,4113
172.20351195335388,4112
172.2069079875946,4111
172.2072558403015,4110
172.212397813797,4109
172.2305018901825,4108
172.2333459854126,4107
172.2396879196167,4106
172.2536599636078,4105
172.25810384750366,4104
172.28116488456726,4103
172.28654599189758,4102
172.2957410812378,4101
172.3076629638672,4100
172.32481598854065,4099
172.32709789276123,4098
172.345538854599,4097
172.34604001045227,4096
172.37082505226135,4095
172.37989902496338,4094
172.38134598731995,4093
172.38754200935364,4092
172.39137291908264,4091
172.3995280265808,4090
172.40058398246765,4089
172.40185618400574,4088
172.41500878334045,4087
172.4330699443817,4086
172.43399786949158,4085
172.43624091148376,4084
172.4754672050476,4083
172.4773828983307,4082
172.47780990600586,4081
172.4826090335846,4080
172.48451590538025,4079
172.48554396629333,4078
172.48645687103271,4077
172.49482989311218,4076
172.4958770275116,4075
172.50337600708008,4074
172.50380301475525,4073
172.51330995559692,4072
172.51680493354797,4071
172.52700304985046,4070
172.52852582931519,4069
172.5294349193573,4068
172.5319321155548,4067
172.54112911224365,4066
172.5434169769287,4065
172.55628609657288,4064
172.56342196464539,4063
172.57433605194092,4062
172.57694506645203,4061
172.58832812309265,4060
172.59389805793762,4059
172.59711813926697,4058
172.60131096839905,4057
172.6139919757843,4056
172.6182029247284,4055
172.633691072464,4054
172.63473916053772,4053
172.64914393424988,4052
172.65324306488037,4051
172.65378499031067,4050
172.67786502838135,4049
172.68746209144592,4048
172.69477105140686,4047
172.71035718917847,4046
172.71117496490479,4045
172.71843791007996,4044
172.7203311920166,4043
172.73043394088745,4042
172.73306393623352,4041
172.76633501052856,4040
172.7712640762329,4039
172.78320503234863,4038
172.79471898078918,4037
172.80561900138855,4036
172.81494092941284,4035
172.84745001792908,4034
172.8512978553772,4033
172.85231494903564,4032
172.85914707183838,4031
172.90230202674866,4030
172.9299988746643,4029
172.94293594360352,4028
172.94484114646912,4027
172.9473259449005,4026
172.94910192489624,4025
172.95997095108032,4024
172.9618740081787,4023
172.96620512008667,4022
172.97349309921265,4021
172.98195481300354,4020
172.9879949092865,4019
173.00823402404785,4018
173.01624512672424,4017
173.01873803138733,4016
173.02283716201782,4015
173.02679586410522,4014
173.0339479446411,4013
173.04810190200806,4012
173.06436705589294,4011
173.07902193069458,4010
173.08456897735596,4009
173.0881428718567,4008
173.08978295326233,4007
173.09383511543274,4006
173.0999960899353,4005
173.10797595977783,4004
173.11573600769043,4003
173.12498903274536,4002
173.12567520141602,4001
173.128032207489,4000
173.1346709728241,3999
173.1531310081482,3998
173.15499711036682,3997
173.1595230102539,3996
173.1606171131134,3995
173.16635298728943,3994
173.1741452217102,3993
173.18057107925415,3992
173.18416905403137,3991
173.19483613967896,3990
173.19645810127258,3989
173.2021939754486,3988
173.2239429950714,3987
173.22644114494324,3986
173.22939896583557,3985
173.24881792068481,3984
173.2507040500641,3983
173.25743293762207,3982
173.26014399528503,3981
173.2655529975891,3980
173.2664499282837,3979
173.271311044693,3978
173.27714204788208,3977
173.28203511238098,3976
173.3088321685791,3975
173.3108320236206,3974
173.32343697547913,3973
173.32504606246948,3972
173.33063888549805,3971
173.33760118484497,3970
173.33826112747192,3969
173.3508141040802,3968
173.36229801177979,3967
173.3667368888855,3966
173.3678629398346,3965
173.3736400604248,3964
173.39307618141174,3963
173.40166902542114,3962
173.42035388946533,3961
173.42850017547607,3960
173.44781613349915,3959
173.44883489608765,3958
173.46861505508423,3957
173.48061609268188,3956
173.501296043396,3955
173.51134705543518,3954
173.5249490737915,3953
173.5398087501526,3952
173.5455560684204,3951
173.59354782104492,3950
173.6080448627472,3949
173.6102750301361,3948
173.61964297294617,3947
173.62367010116577,3946
173.64263796806335,3945
173.64571499824524,3944
173.67502284049988,3943
173.69780492782593,3942
173.69927191734314,3941
173.7339951992035,3940
173.75348591804504,3939
173.7540271282196,3938
173.76711511611938,3937
173.77242398262024,3936
173.77381801605225,3935
173.77714014053345,3934
173.7994508743286,3933
173.80462193489075,3932
173.81514310836792,3931
173.8179850578308,3930
173.82144594192505,3929
173.84592390060425,3928
173.85433506965637,3927
173.86448192596436,3926
173.86602091789246,3925
173.888689994812,3924
173.90431189537048,3923
173.9085259437561,3922
173.9122290611267,3921
173.91303896903992,3920
173.97922587394714,3919
173.992742061615,3918
174.0093321800232,3917
174.01740717887878,3916
174.04839205741882,3915
174.05085396766663,3914
174.05473804473877,3913
174.05731582641602,3912
174.06585311889648,3911
174.07358813285828,3910
174.08134698867798,3909
174.09690189361572,3908
174.09878492355347,3907
174.1021111011505,3906
174.16859602928162,3905
174.1733558177948,3904
174.18065905570984,3903
174.190908908844,3902
174.22105312347412,3901
174.22160506248474,3900
174.22563791275024,3899
174.2363600730896,3898
174.27342796325684,3897
174.27360200881958,3896
174.28060698509216,3895
174.28760194778442,3894
174.3307809829712,3893
174.35426688194275,3892
174.35957098007202,3891
174.3807430267334,3890
174.38601517677307,3889
174.39743185043335,3888
174.4080069065094,3887
174.42877101898193,3886
174.43307495117188,3885
174.45010113716125,3884
174.50585794448853,3883
174.52437806129456,3882
174.52632784843445,3881
174.54049015045166,3880
174.54260802268982,3879
174.5538408756256,3878
174.629714012146,3877
174.64909601211548,3876
174.6600890159607,3875
174.66167902946472,3874
174.681960105896,3873
174.7026698589325,3872
174.7061619758606,3871
174.71890687942505,3870
174.72142100334167,3869
174.72718286514282,3868
174.7277340888977,3867
174.73273396492004,3866
174.75485706329346,3865
174.76229596138,3864
174.76671504974365,3863
174.7707438468933,3862
174.78655004501343,3861
174.8388590812683,3860
174.87907791137695,3859
174.88254499435425,3858
174.88423585891724,3857
174.89169907569885,3856
174.98317193984985,3855
174.98713994026184,3854
174.99399399757385,3853
174.99952697753906,3852
175.00393795967102,3851
175.00725197792053,3850
175.02179098129272,3849
175.02281308174133,3848
175.0251748561859,3847
175.03416800498962,3846
175.04133701324463,3845
175.043438911438,3844
175.05040097236633,3843
175.0699770450592,3842
175.0762939453125,3841
175.08519196510315,3840
175.10060095787048,3839
175.11663699150085,3838
175.1392011642456,3837
175.14010500907898,3836
175.15157008171082,3835
175.1716911792755,3834
175.1820719242096,3833
175.19834995269775,3832
175.20583701133728,3831
175.2389039993286,3830
175.2440972328186,3829
175.28224897384644,3828
175.32564687728882,3827
175.33082699775696,3826
175.34080386161804,3825
175.3950309753418,3824
175.40030193328857,3823
175.40740299224854,3822
175.41851997375488,3821
175.42026615142822,3820
175.4425790309906,3819
175.46965909004211,3818
175.53167080879211,3817
175.56983518600464,3816
175.58657908439636,3815
175.59099888801575,3814
175.5997769832611,3813
175.6055519580841,3812
175.60960006713867,3811
