0.0,484360
173.81794595718384,4344
173.82119393348694,4343
173.8220100402832,4342
173.8321557044983,4341
173.837073802948,4340
173.8482689857483,4339
173.85558700561523,4338
173.88614892959595,4337
173.8881688117981,4336
173.89356088638306,4335
173.8966908454895,4334
173.9024167060852,4333
173.9051718711853,4332
173.90626883506775,4331
173.9093177318573,4330
173.92644095420837,4329
173.93305897712708,4328
173.9492199420929,4327
173.94964981079102,4326
173.95090198516846,4325
173.95550799369812,4324
173.95652890205383,4323
173.9606659412384,4322
173.96150398254395,4321
173.9697289466858,4320
173.97027802467346,4319
173.97380185127258,4318
173.9743299484253,4317
173.98140692710876,4316
174.02992510795593,4315
174.03854298591614,4314
174.04075479507446,4313
174.04528307914734,4312
174.05825781822205,4311
174.0588400363922,4310
174.07010293006897,4309
174.07190799713135,4308
174.0742838382721,4307
174.07573080062866,4306
174.07708191871643,4305
174.080552816391,4304
174.08237314224243,4303
174.08430790901184,4302
174.08577609062195,4301
174.09164381027222,4300
174.11098885536194,4299
174.1183569431305,4298
174.1259970664978,4297
174.13876080513,4296
174.16040802001953,4295
174.1658968925476,4294
174.1703748703003,4293
174.17993998527527,4292
174.18673396110535,4291
174.19054675102234,4290
174.19249606132507,4289
174.19373202323914,4288
174.1965627670288,4287
174.19808197021484,4286
174.21761393547058,4285
174.21851110458374,4284
174.22804713249207,4283
174.23264408111572,4282
174.24223399162292,4281
174.25952792167664,4280
174.27244210243225,4279
174.2739188671112,4278
174.28096890449524,4277
174.28278398513794,4276
174.2901999950409,4275
174.29816389083862,4274
174.2985668182373,4273
174.30066394805908,4272
174.31089782714844,4271
174.31335592269897,4270
174.31764888763428,4269
174.3284730911255,4268
174.33064007759094,4267
174.33309888839722,4266
174.33630681037903,4265
174.3429880142212,4264
174.34547400474548,4263
174.34886384010315,4262
174.34907388687134,4261
174.3599889278412,4260
174.37605094909668,4259
174.37784790992737,4258
174.3793969154358,4257
174.3836658000946,4256
174.39432907104492,4255
174.41330790519714,4254
174.41609001159668,4253
174.44658994674683,4252
174.46830487251282,4251
174.46897387504578,4250
174.47075986862183,4249
174.47852301597595,4248
174.4859619140625,4247
174.488037109375,4246
174.4960160255432,4245
174.51185512542725,4244
174.5123918056488,4243
174.5274019241333,4242
174.527930021286,4241
174.53111696243286,4240
174.54906010627747,4239
174.55457592010498,4238
174.56008911132812,4237
174.57970094680786,4236
174.5859580039978,4235
174.60057497024536,4234
174.60110592842102,4233
174.60417890548706,4232
174.62283277511597,4231
174.62793493270874,4230
174.63104891777039,4229
174.63423681259155,4228
174.6449818611145,4227
174.64944410324097,4226
174.6520938873291,4225
174.6545488834381,4224
174.66516876220703,4223
174.66723799705505,4222
174.67030596733093,4221
174.68041110038757,4220
174.68290400505066,4219
174.68449306488037,4218
174.6896469593048,4217
174.69077396392822,4216
174.69791102409363,4215
174.70948195457458,4214
174.72517800331116,4213
174.72606086730957,4212
174.7291808128357,4211
174.74410891532898,4210
174.74450182914734,4209
174.7490270137787,4208
174.75555872917175,4207
174.7625367641449,4206
174.76530981063843,4205
174.7684588432312,4204
174.77244472503662,4203
174.78474688529968,4202
174.79046607017517,4201
174.79328393936157,4200
174.79455304145813,4199
174.79672479629517,4198
174.79769277572632,4197
174.82179188728333,4196
174.82777190208435,4195
174.8447608947754,4194
174.84643816947937,4193
174.84742498397827,4192
174.85619711875916,4191
174.8681137561798,4190
174.89973497390747,4189
174.9127757549286,4188
174.91658782958984,4187
174.93230199813843,4186
174.93629002571106,4185
174.9578058719635,4184
174.97740697860718,4183
174.9795048236847,4182
174.98478412628174,4181
174.9969038963318,4180
175.00303888320923,4179
175.01103687286377,4178
175.02780985832214,4177
175.04598593711853,4176
175.04780793190002,4175
175.06704092025757,4174
175.08020973205566,4173
175.09011387825012,4172
175.11266493797302,4171
175.13958501815796,4170
175.1540768146515,4169
175.15741682052612,4168
175.15892505645752,4167
175.16303300857544,4166
175.17549800872803,4165
175.18198895454407,4164
175.1849148273468,4163
175.21607184410095,4162
175.22658395767212,4161
175.2291989326477,4160
175.24015998840332,4159
175.24794578552246,4158
175.25083589553833,4157
175.25282287597656,4156
175.25687909126282,4155
175.26157212257385,4154
175.26520586013794,4153
175.28539276123047,4152
175.29719495773315,4151
175.31811094284058,4150
175.3196988105774,4149
175.32857275009155,4148
175.33105611801147,4147
175.3325490951538,4146
175.34195494651794,4145
175.35165786743164,4144
175.37563109397888,4143
175.37673115730286,4142
175.3874728679657,4141
175.38856077194214,4140
175.39068388938904,4139
175.4160349369049,4138
175.41742777824402,4137
175.42267274856567,4136
175.42596793174744,4135
175.43630480766296,4134
175.44242596626282,4133
175.45284605026245,4132
175.46065497398376,4131
175.46639204025269,4130
175.47400903701782,4129
175.47742199897766,4128
175.49324202537537,4127
175.49699711799622,4126
175.50211191177368,4125
175.55441999435425,4124
175.56191515922546,4123
175.56689882278442,4122
175.5766839981079,4121
175.59786581993103,4120
175.60724711418152,4119
175.62053799629211,4118
175.62619495391846,4117
175.6493809223175,4116
175.65059876441956,4115
175.65272903442383,4114
175.67979192733765,4113
175.6899697780609,4112
175.695809841156,4111
175.69670295715332,4110
175.69841885566711,4109
175.73186087608337,4108
175.75871396064758,4107
175.7647829055786,4106
175.78091597557068,4105
175.813236951828,4104
175.82092475891113,4103
175.82264804840088,4102
175.8424370288849,4101
175.84558296203613,4100
175.8549280166626,4099
175.8594868183136,4098
175.86081290245056,4097
175.86186289787292,4096
175.86238884925842,4095
175.86722493171692,4094
175.87061381340027,4093
175.88765001296997,4092
175.9470899105072,4091
175.9532709121704,4090
175.96865892410278,4089
175.9948968887329,4088
176.00086998939514,4087
176.01374197006226,4086
176.01505398750305,4085
176.02239894866943,4084
176.0253188610077,4083
176.03614401817322,4082
176.0482838153839,4081
176.0670998096466,4080
176.0765619277954,4079
176.0822310447693,4078
176.08304595947266,4077
176.0836160182953,4076
176.101665019989,4075
176.1081347465515,4074
176.13343787193298,4073
176.14301800727844,4072
176.14348101615906,4071
176.1680188179016,4070
176.16892385482788,4069
176.1698179244995,4068
176.19797587394714,4067
176.20004391670227,4066
176.2002260684967,4065
176.2139880657196,4064
176.22386598587036,4063
176.23496294021606,4062
176.2377851009369,4061
176.24218273162842,4060
176.24557375907898,4059
176.25231194496155,4058
176.2546510696411,4057
176.26133179664612,4056
176.27187395095825,4055
176.29000806808472,4054
176.3007378578186,4053
176.31250286102295,4052
176.31667494773865,4051
176.31863808631897,4050
176.32680487632751,4049
176.3709008693695,4048
176.37974286079407,4047
176.39417695999146,4046
176.39740204811096,4045
176.41217613220215,4044
176.42183899879456,4043
176.428240776062,4042
176.4343090057373,4041
176.44075679779053,4040
176.46404814720154,4039
176.4840829372406,4038
176.48657202720642,4037
176.49948477745056,4036
176.49971771240234,4035
176.51582789421082,4034
176.52169275283813,4033
176.53986597061157,4032
176.5455710887909,4031
176.54576301574707,4030
176.5531268119812,4029
176.5562460422516,4028
176.56327390670776,4027
176.57561683654785,4026
176.57592177391052,4025
176.58542680740356,4024
176.5875928401947,4023
176.59709191322327,4022
176.59726572036743,4021
176.60682892799377,4020
176.62824177742004,4019
176.63179206848145,4018
176.63467288017273,4017
176.6417999267578,4016
176.64693093299866,4015
176.66075587272644,4014
176.6838698387146,4013
176.68470072746277,4012
176.71176385879517,4011
176.7176868915558,4010
176.72643494606018,4009
176.72661900520325,4008
176.73260474205017,4007
176.73512291908264,4006
176.74955201148987,4005
176.75102591514587,4004
176.75137615203857,4003
176.77153086662292,4002
176.7803738117218,4001
176.8068768978119,4000
176.816153049469,3999
176.85383486747742,3998
176.86603593826294,3997
176.86833882331848,3996
176.91370582580566,3995
176.91575288772583,3994
176.95150589942932,3993
176.95977807044983,3992
176.96467781066895,3991
176.96598076820374,3990
176.98514771461487,3989
176.99146008491516,3988
177.0095179080963,3987
177.020165681839,3986
177.02901792526245,3985
177.06659984588623,3984
177.07307195663452,3983
177.08524584770203,3982
177.09059691429138,3981
177.09368586540222,3980
177.09390306472778,3979
177.09692692756653,3978
177.1070020198822,3977
177.10819816589355,3976
177.113942861557,3975
177.1317059993744,3974
177.17990589141846,3973
177.19425082206726,3972
177.23044991493225,3971
177.2308189868927,3970
177.23124980926514,3969
177.26953101158142,3968
177.28476476669312,3967
177.32212591171265,3966
177.32698583602905,3965
177.32950806617737,3964
177.34159779548645,3963
177.38978505134583,3962
177.4007339477539,3961
177.43413972854614,3960
177.44372701644897,3959
177.5032238960266,3958
177.52542304992676,3957
177.54448103904724,3956
177.56950283050537,3955
177.58044004440308,3954
177.58995079994202,3953
177.61675381660461,3952
177.62329173088074,3951
177.72576689720154,3950
177.7266218662262,3949
177.7286319732666,3948
177.73407673835754,3947
177.75894498825073,3946
177.76447677612305,3945
177.8000259399414,3944
177.8044457435608,3943
177.81234192848206,3942
177.81875777244568,3941
177.84087896347046,3940
177.84928393363953,3939
177.8637318611145,3938
177.86584496498108,3937
177.89745593070984,3936
177.90301299095154,3935
177.9069390296936,3934
177.9072859287262,3933
177.91607189178467,3932
177.91682291030884,3931
177.9415500164032,3930
177.94284677505493,3929
177.9810929298401,3928
177.9833278656006,3927
177.99503302574158,3926
177.9972779750824,3925
178.02703881263733,3924
178.04418087005615,3923
178.06773900985718,3922
178.07035493850708,3921
178.09700393676758,3920
178.11554288864136,3919
178.13944387435913,3918
178.14091110229492,3917
178.14822483062744,3916
178.1882688999176,3915
178.19537091255188,3914
178.20831680297852,3913
178.23850798606873,3912
178.24234008789062,3911
178.2447919845581,3910
178.26115798950195,3909
178.28538990020752,3908
178.28741979599,3907
178.31329679489136,3906
178.35920882225037,3905
178.38570380210876,3904
178.44706988334656,3903
178.4633719921112,3902
178.46565794944763,3901
178.5759289264679,3900
178.57858085632324,3899
178.57966685295105,3898
178.61561107635498,3897
178.6325581073761,3896
178.63793778419495,3895
178.64432001113892,3894
178.64745807647705,3893
178.65983510017395,3892
178.66462206840515,3891
178.67553877830505,3890
178.70592498779297,3889
178.71082210540771,3888
178.73372316360474,3887
178.74113082885742,3886
178.82391381263733,3885
178.85832691192627,3884
178.87005472183228,3883
178.89422297477722,3882
178.91131901741028,3881
178.91619300842285,3880
178.93046808242798,3879
178.93068885803223,3878
178.93121886253357,3877
178.9316508769989,3876
178.94534397125244,3875
179.04150891304016,3874
179.0582640171051,3873
179.06441187858582,3872
179.0750560760498,3871
179.0843939781189,3870
179.10761189460754,3869
179.1479730606079,3868
179.17356204986572,3867
179.25500798225403,3866
179.2634720802307,3865
179.28161668777466,3864
179.30851078033447,3863
179.30871605873108,3862
