9.5367431640625e-07,484360
176.08311891555786,4622
176.08628797531128,4621
176.09603476524353,4620
176.10991787910461,4619
176.1142599582672,4618
176.12142395973206,4617
176.12504506111145,4616
176.12683701515198,4615
176.12820982933044,4614
176.12964296340942,4613
176.1301908493042,4612
176.13112092018127,4611
176.13151288032532,4610
176.13650798797607,4609
176.13770484924316,4608
176.15520906448364,4607
176.15585899353027,4606
176.16850590705872,4605
176.17674589157104,4604
176.1786277294159,4603
176.17912197113037,4602
176.18219089508057,4601
176.1885588169098,4600
176.1951858997345,4599
176.1981430053711,4598
176.20227694511414,4597
176.20473885536194,4596
176.20511484146118,4595
176.20567393302917,4594
176.21263098716736,4593
176.22132396697998,4592
176.22410798072815,4591
176.2490530014038,4590
176.25035691261292,4589
176.2583029270172,4588
176.26323199272156,4587
176.26470184326172,4586
176.2671937942505,4585
176.27220392227173,4584
176.28067779541016,4583
176.28365898132324,4582
176.28573083877563,4581
176.30207991600037,4580
176.30715084075928,4579
176.31222987174988,4578
176.31392788887024,4577
176.3155300617218,4576
176.3220920562744,4575
176.32558274269104,4574
176.32901191711426,4573
176.33237671852112,4572
176.3386790752411,4571
176.33959197998047,4570
176.34262776374817,4569
176.35274076461792,4568
176.36465787887573,4567
176.37100195884705,4566
176.3823540210724,4565
176.3923258781433,4564
176.39359784126282,4563
176.39634203910828,4562
176.39968395233154,4561
176.41270089149475,4560
176.4162359237671,4559
176.43514704704285,4558
176.43551802635193,4557
176.43908190727234,4556
176.4507758617401,4555
176.45178198814392,4554
176.4582028388977,4553
176.4590620994568,4552
176.46741795539856,4551
176.47047686576843,4550
176.48052096366882,4549
176.48483777046204,4548
176.4902379512787,4547
176.49443101882935,4546
176.49464893341064,4545
176.49707794189453,4544
176.49851179122925,4543
176.5058150291443,4542
176.51779985427856,4541
176.52035474777222,4540
176.5224347114563,4539
176.5237729549408,4538
176.5275149345398,4537
176.52907991409302,4536
176.52947092056274,4535
176.53039693832397,4534
176.53389501571655,4533
176.5401327610016,4532
176.54548692703247,4531
176.5517508983612,4530
176.561537027359,4529
176.56700086593628,4528
176.56865286827087,4527
176.56981587409973,4526
176.57290983200073,4525
176.5734519958496,4524
176.58244681358337,4523
176.58711290359497,4522
176.60616779327393,4521
176.63119792938232,4520
176.6318747997284,4519
176.63683891296387,4518
176.64415287971497,4517
176.64919781684875,4516
176.65072584152222,4515
176.65097975730896,4514
176.66139793395996,4513
176.67062306404114,4512
176.6737518310547,4511
176.68717789649963,4510
176.69016981124878,4509
176.69585800170898,4508
176.70152592658997,4507
176.70605278015137,4506
176.71491193771362,4505
176.71662998199463,4504
176.71747088432312,4503
176.72124481201172,4502
176.73171210289001,4501
176.73607087135315,4500
176.74117398262024,4499
176.74527597427368,4498
176.74580097198486,4497
176.75270080566406,4496
176.7533679008484,4495
176.75752711296082,4494
176.75850987434387,4493
176.76096892356873,4492
176.76574897766113,4491
176.77367305755615,4490
176.77723383903503,4489
176.77829670906067,4488
176.78100490570068,4487
176.7869279384613,4486
176.80585503578186,4485
176.81647896766663,4484
176.8222029209137,4483
176.82428979873657,4482
176.8325538635254,4481
176.8424310684204,4480
176.84635591506958,4479
176.85100293159485,4478
176.85414600372314,4477
176.8577480316162,4476
176.86132788658142,4475
176.86561489105225,4474
176.88010692596436,4473
176.89817094802856,4472
176.899906873703,4471
176.90447688102722,4470
176.90649700164795,4469
176.9094500541687,4468
176.9102988243103,4467
176.9123408794403,4466
176.91593384742737,4465
176.91764402389526,4464
176.91907000541687,4463
176.9496078491211,4462
176.95819401741028,4461
176.96010398864746,4460
176.96481490135193,4459
176.97893404960632,4458
176.98769998550415,4457
176.99632692337036,4456
177.00452995300293,4455
177.00618195533752,4454
177.01195693016052,4453
177.0154891014099,4452
177.01783299446106,4451
177.01852798461914,4450
177.0197949409485,4449
177.03219294548035,4448
177.04341793060303,4447
177.04696488380432,4446
177.04990005493164,4445
177.05796790122986,4444
177.05923199653625,4443
177.06574892997742,4442
177.0715367794037,4441
177.07850885391235,4440
177.082622051239,4439
177.10537195205688,4438
177.11046886444092,4437
177.12085580825806,4436
177.12338376045227,4435
177.12654089927673,4434
177.1314558982849,4433
177.13989400863647,4432
177.14109086990356,4431
177.16467595100403,4430
177.17425680160522,4429
177.17449402809143,4428
177.17946696281433,4427
177.17998790740967,4426
177.18682384490967,4425
177.18793988227844,4424
177.18847393989563,4423
177.19219088554382,4422
177.19745683670044,4421
177.19904279708862,4420
177.20868587493896,4419
177.2140769958496,4418
177.21798300743103,4417
177.22327399253845,4416
177.22683382034302,4415
177.22883796691895,4414
177.2295207977295,4413
177.23032402992249,4412
177.2321798801422,4411
177.23448991775513,4410
177.23484587669373,4409
177.23883605003357,4408
177.2441749572754,4407
177.246652841568,4406
177.25859308242798,4405
177.26050686836243,4404
177.26222491264343,4403
177.26985597610474,4402
177.27346682548523,4401
177.27545809745789,4400
177.27894401550293,4399
177.28560495376587,4398
177.29757809638977,4397
177.32284808158875,4396
177.32513999938965,4395
177.33170890808105,4394
177.33706974983215,4393
177.3510537147522,4392
177.37950897216797,4391
177.38682198524475,4390
177.38912892341614,4389
177.39114689826965,4388
177.39439392089844,4387
177.40101194381714,4386
177.40122199058533,4385
177.4051558971405,4384
177.4062578678131,4383
177.40961694717407,4382
177.42660570144653,4381
177.43197584152222,4380
177.43619298934937,4379
177.44499492645264,4378
177.48625802993774,4377
177.49115085601807,4376
177.50645875930786,4375
177.51347088813782,4374
177.52212476730347,4373
177.5262689590454,4372
177.54537987709045,4371
177.5464267730713,4370
177.57666897773743,4369
177.5791597366333,4368
177.57939410209656,4367
177.58694505691528,4366
177.59764790534973,4365
177.60233974456787,4364
177.60827088356018,4363
177.61303091049194,4362
177.61323976516724,4361
177.61468982696533,4360
177.61645007133484,4359
177.6239550113678,4358
177.6316077709198,4357
177.63600993156433,4356
177.65212893486023,4355
177.65649580955505,4354
177.67782497406006,4353
177.68443703651428,4352
177.70186805725098,4351
177.70608377456665,4350
177.71480298042297,4349
177.7153217792511,4348
177.725821018219,4347
177.73532605171204,4346
177.7372601032257,4345
177.74570989608765,4344
177.75349688529968,4343
177.77562284469604,4342
177.77808284759521,4341
177.77948594093323,4340
177.78255796432495,4339
177.79363489151,4338
177.7961778640747,4337
177.8114550113678,4336
177.8119559288025,4335
177.81408286094666,4334
177.8239049911499,4333
177.82544994354248,4332
177.84181690216064,4331
177.84971594810486,4330
177.8646879196167,4329
177.86553382873535,4328
177.88328099250793,4327
177.8919539451599,4326
177.90041303634644,4325
177.91223406791687,4324
177.93709707260132,4323
177.9804470539093,4322
177.98611402511597,4321
177.9979269504547,4320
178.0074508190155,4319
178.01197791099548,4318
178.03307700157166,4317
178.049213886261,4316
178.06196093559265,4315
178.06377696990967,4314
178.0801899433136,4313
178.08544898033142,4312
178.089350938797,4311
178.11859583854675,4310
178.13006901741028,4309
178.14046788215637,4308
178.14506793022156,4307
178.15592193603516,4306
178.1627390384674,4305
178.16922187805176,4304
178.18514800071716,4303
178.1880259513855,4302
178.19692087173462,4301
178.1988070011139,4300
178.20274090766907,4299
178.2118420600891,4298
178.21410298347473,4297
178.2194848060608,4296
178.2221839427948,4295
178.22814393043518,4294
178.23999094963074,4293
178.24479174613953,4292
178.26286697387695,4291
178.27471280097961,4290
178.28106808662415,4289
178.28453397750854,4288
178.30148577690125,4287
178.32311606407166,4286
178.32931900024414,4285
178.3329849243164,4284
178.33852195739746,4283
178.34279680252075,4282
178.34473085403442,4281
178.36245775222778,4280
178.36481475830078,4279
178.38149404525757,4278
178.38452672958374,4277
178.39505195617676,4276
178.40523076057434,4275
178.42267489433289,4274
178.4247167110443,4273
178.43082809448242,4272
178.45437693595886,4271
178.45740294456482,4270
178.4673969745636,4269
178.47244691848755,4268
178.47798681259155,4267
178.47895979881287,4266
178.4797658920288,4265
178.50044989585876,4264
178.50086998939514,4263
178.5402057170868,4262
178.5476417541504,4261
178.5645308494568,4260
178.57640290260315,4259
178.59094095230103,4258
178.5990788936615,4257
178.6018569469452,4256
178.61082696914673,4255
178.61845684051514,4254
178.6215078830719,4253
178.63414096832275,4252
178.64637899398804,4251
178.65644073486328,4250
178.6664960384369,4249
178.67998480796814,4248
178.6860809326172,4247
178.69352984428406,4246
178.69448709487915,4245
178.69968390464783,4244
178.70303392410278,4243
178.72535395622253,4242
178.7378671169281,4241
178.74755096435547,4240
178.75194692611694,4239
178.75307083129883,4238
178.76459908485413,4237
178.77738094329834,4236
178.7805778980255,4235
178.7817087173462,4234
178.79699087142944,4233
178.80330181121826,4232
178.80573797225952,4231
178.81027674674988,4230
178.81241869926453,4229
178.83159399032593,4228
178.83559894561768,4227
178.8433108329773,4226
178.8450789451599,4225
178.84714603424072,4224
178.86451482772827,4223
178.87326073646545,4222
178.87887907028198,4221
178.8885178565979,4220
178.8936529159546,4219
178.91317796707153,4218
178.9154989719391,4217
178.91573405265808,4216
178.92000198364258,4215
178.92023301124573,4214
178.93165493011475,4213
178.93976974487305,4212
178.94544577598572,4211
178.962082862854,4210
178.97215485572815,4209
178.97235584259033,4208
178.98169088363647,4207
178.9950590133667,4206
179.0069408416748,4205
179.0126669406891,4204
179.02623891830444,4203
179.02822995185852,4202
179.05569195747375,4201
179.0686149597168,4200
179.06945371627808,4199
179.0745689868927,4198
179.0823519229889,4197
179.09600281715393,4196
179.0990469455719,4195
179.10616087913513,4194
179.1134798526764,4193
179.1268858909607,4192
179.1287910938263,4191
179.13128995895386,4190
179.15253496170044,4189
179.15820908546448,4188
179.1615560054779,4187
179.1702799797058,4186
179.20017385482788,4185
179.20215892791748,4184
179.20925092697144,4183
179.23324704170227,4182
179.24735689163208,4181
179.24889087677002,4180
179.2834918498993,4179
179.28608202934265,4178
179.2879889011383,4177
179.29289388656616,4176
179.30384802818298,4175
179.33237886428833,4174
179.34285187721252,4173
179.35570311546326,4172
179.3651909828186,4171
179.36647391319275,4170
179.3848729133606,4169
179.39356184005737,4168
179.40108585357666,4167
179.40511107444763,4166
179.41599011421204,4165
179.43564176559448,4164
179.44333696365356,4163
179.45675086975098,4162
179.46139812469482,4161
179.46308588981628,4160
179.47172570228577,4159
179.48753213882446,4158
179.5066487789154,4157
179.53828883171082,4156
179.55775594711304,4155
179.56132793426514,4154
179.57728099822998,4153
179.60118293762207,4152
179.6028938293457,4151
179.608167886734,4150
179.61105370521545,4149
179.6255397796631,4148
179.62928175926208,4147
179.64542078971863,4146
179.64870977401733,4145
179.6591010093689,4144
179.66063475608826,4143
179.67038488388062,4142
179.6747419834137,4141
179.73781085014343,4140
179.76168489456177,4139
179.77743005752563,4138
179.7823040485382,4137
179.78265595436096,4136
179.78937888145447,4135
179.8030300140381,4134
179.8211169242859,4133
179.83682894706726,4132
179.83987879753113,4131
179.87789177894592,4130
179.91509294509888,4129
179.93341279029846,4128
179.96501898765564,4127
179.9711458683014,4126
180.01551795005798,4125
180.01854395866394,4124
180.02407789230347,4123
180.0647418498993,4122
180.08020997047424,4121
180.0973777770996,4120
180.0989351272583,4119
180.13785076141357,4118
180.1406741142273,4117
180.15608882904053,4116
180.1580159664154,4115
180.1713490486145,4114
180.18264889717102,4113
180.18538689613342,4112
180.19207096099854,4111
180.20398998260498,4110
180.23223185539246,4109
180.24697184562683,4108
180.26900100708008,4107
180.27216291427612,4106
180.27880692481995,4105
180.31985688209534,4104
180.38971590995789,4103
180.40230989456177,4102
180.40905094146729,4101
180.41627979278564,4100
180.45558977127075,4099
180.5057017803192,4098
180.51521110534668,4097
180.53274488449097,4096
180.54251074790955,4095
180.54643487930298,4094
180.57260704040527,4093
180.57460689544678,4092
180.58781790733337,4091
180.58986592292786,4090
180.59816098213196,4089
180.639075756073,4088
180.6701169013977,4087
180.67043209075928,4086
180.69303393363953,4085
180.72501301765442,4084
180.74379897117615,4083
180.76297974586487,4082
180.77876472473145,4081
180.7929060459137,4080
180.80099487304688,4079
180.83846497535706,4078
180.84611201286316,4077
180.87190675735474,4076
180.8947479724884,4075
180.89624786376953,4074
180.91942977905273,4073
180.9404649734497,4072
180.947527885437,4071
180.94966673851013,4070
180.95390582084656,4069
180.9598388671875,4068
180.98201489448547,4067
180.98298501968384,4066
180.98719596862793,4065
181.01450872421265,4064
181.05253410339355,4063
181.0838737487793,4062
181.1111900806427,4061
181.12342286109924,4060
181.1322259902954,4059
181.13801980018616,4058
181.15494203567505,4057
181.1587679386139,4056
181.17046880722046,4055
181.19828486442566,4054
181.2091679573059,4053
181.21671772003174,4052
181.24939489364624,4051
181.26570796966553,4050
181.28168296813965,4049
181.3152139186859,4048
181.32203197479248,4047
181.36508297920227,4046
181.36730074882507,4045
181.38290190696716,4044
181.40939593315125,4043
181.42202711105347,4042
181.428062915802,4041
181.44584608078003,4040
181.45262598991394,4039
181.4698030948639,4038
181.47853994369507,4037
181.55711793899536,4036
181.56096482276917,4035
181.56778287887573,4034
181.59106373786926,4033
181.62189388275146,4032
181.62471199035645,4031
181.62599873542786,4030
181.6456298828125,4029
181.6582736968994,4028
181.67606568336487,4027
181.69297194480896,4026
181.73585200309753,4025
181.77181911468506,4024
181.77438688278198,4023
181.77505898475647,4022
181.81930589675903,4021
181.8506178855896,4020
181.8769018650055,4019
181.88560581207275,4018
181.8894317150116,4017
181.9071068763733,4016
181.91721296310425,4015
181.92973804473877,4014
181.93380188941956,4013
181.93704390525818,4012
181.946124792099,4011
181.95149397850037,4010
181.9635751247406,4009
181.99288201332092,4008
181.995130777359,4007
181.99955201148987,4006
182.0113959312439,4005
182.02381896972656,4004
182.03075313568115,4003
182.03468894958496,4002
182.05818486213684,4001
182.13721799850464,4000
182.15666103363037,3999
182.1570110321045,3998
182.25238299369812,3997
182.26518893241882,3996
182.30722212791443,3995
182.33846783638,3994
182.34828901290894,3993
182.3493528366089,3992
182.37085795402527,3991
182.39578485488892,3990
182.42225193977356,3989
182.43735098838806,3988
182.4505627155304,3987
182.51184272766113,3986
182.51834177970886,3985
182.53468298912048,3984
182.6128649711609,3983
182.63958287239075,3982
182.6503849029541,3981
182.65890789031982,3980
182.67332482337952,3979
182.6916947364807,3978
182.70261192321777,3977
182.70853185653687,3976
182.71277904510498,3975
