0.0,484360
168.0970802307129,4589
168.09979915618896,4588
168.10914516448975,4587
168.11075139045715,4586
168.1167333126068,4585
168.12836408615112,4584
168.13729619979858,4583
168.1406693458557,4582
168.14748525619507,4581
168.15961122512817,4580
168.16013836860657,4579
168.1631920337677,4578
168.16462922096252,4577
168.16598510742188,4576
168.17177605628967,4575
168.17740106582642,4574
168.1862051486969,4573
168.1864721775055,4572
168.18914031982422,4571
168.20071721076965,4570
168.20220518112183,4569
168.21265625953674,4568
168.21414804458618,4567
168.21773529052734,4566
168.22397017478943,4565
168.2350492477417,4564
168.2373239994049,4563
168.24197340011597,4562
168.2437722682953,4561
168.24781918525696,4560
168.25126218795776,4559
168.2526831626892,4558
168.25934839248657,4557
168.26869416236877,4556
168.26956725120544,4555
168.27342820167542,4554
168.27490830421448,4553
168.27921319007874,4552
168.2826533317566,4551
168.28558826446533,4550
168.28660607337952,4549
168.29745936393738,4548
168.3060851097107,4547
168.3076651096344,4546
168.31071019172668,4545
168.31274318695068,4544
168.31468105316162,4543
168.31534838676453,4542
168.32502818107605,4541
168.32782006263733,4540
168.32929825782776,4539
168.3342182636261,4538
168.33599996566772,4537
168.3474690914154,4536
168.34818315505981,4535
168.34854221343994,4534
168.35363030433655,4533
168.35658025741577,4532
168.3592550754547,4531
168.35946917533875,4530
168.36165404319763,4529
168.36202025413513,4528
168.3773012161255,4527
168.38555312156677,4526
168.38673615455627,4525
168.38785219192505,4524
168.38977527618408,4523
168.3962061405182,4522
168.39677119255066,4521
168.3986554145813,4520
168.4057331085205,4519
168.42200922966003,4518
168.42619633674622,4517
168.4519190788269,4516
168.4576292037964,4515
168.47785711288452,4514
168.48219633102417,4513
168.48361325263977,4512
168.48706126213074,4511
168.49028706550598,4510
168.4926631450653,4509
168.50031304359436,4508
168.50430011749268,4507
168.5139651298523,4506
168.52127623558044,4505
168.52358222007751,4504
168.52639412879944,4503
168.52884912490845,4502
168.5322563648224,4501
168.54431819915771,4500
168.54488325119019,4499
168.54868817329407,4498
168.5502951145172,4497
168.56956005096436,4496
168.5734703540802,4495
168.57806015014648,4494
168.57967519760132,4493
168.5819902420044,4492
168.58692026138306,4491
168.58757615089417,4490
168.59098625183105,4489
168.5911900997162,4488
168.59306025505066,4487
168.5976424217224,4486
168.59804821014404,4485
168.59825205802917,4484
168.60157418251038,4483
168.60601806640625,4482
168.6076374053955,4481
168.6081473827362,4480
168.61185216903687,4479
168.6132652759552,4478
168.61817336082458,4477
168.61928534507751,4476
168.6229863166809,4475
168.62409806251526,4474
168.63274121284485,4473
168.6338722705841,4472
168.63565635681152,4471
168.63737225532532,4470
168.6457600593567,4469
168.65441918373108,4468
168.65905022621155,4467
168.66077613830566,4466
168.66328525543213,4465
168.67312216758728,4464
168.68208718299866,4463
168.6908302307129,4462
168.69139409065247,4461
168.69699716567993,4460
168.69784712791443,4459
168.70092725753784,4458
168.71285128593445,4457
168.71366119384766,4456
168.71540117263794,4455
168.72022914886475,4454
168.7308852672577,4453
168.73483514785767,4452
168.7354030609131,4451
168.73637413978577,4450
168.75492405891418,4449
168.75966429710388,4448
168.7606761455536,4447
168.77518224716187,4446
168.78058433532715,4445
168.7827651500702,4444
168.7946012020111,4443
168.800359249115,4442
168.81650924682617,4441
168.8252170085907,4440
168.8268322944641,4439
168.82719612121582,4438
168.84754514694214,4437
168.85848021507263,4436
168.85934829711914,4435
168.86225628852844,4434
168.86281418800354,4433
168.86990427970886,4432
168.8831751346588,4431
168.8895161151886,4430
168.89307117462158,4429
168.9007773399353,4428
168.91717910766602,4427
168.9191882610321,4426
168.92694330215454,4425
168.9334921836853,4424
168.9361641407013,4423
168.9390630722046,4422
168.93992519378662,4421
168.9438831806183,4420
168.9478840827942,4419
168.95078706741333,4418
168.95164823532104,4417
168.95380306243896,4416
168.96652817726135,4415
168.96762800216675,4414
168.96863627433777,4413
168.97063612937927,4412
168.9723961353302,4411
168.9989333152771,4410
169.00413012504578,4409
169.0102310180664,4408
169.01124119758606,4407
169.0250642299652,4406
169.0304193496704,4405
169.04709720611572,4404
169.0566442012787,4403
169.06073713302612,4402
169.06296229362488,4401
169.06481623649597,4400
169.0656771659851,4399
169.0663332939148,4398
169.06881833076477,4397
169.0766122341156,4396
169.07851123809814,4395
169.08185029029846,4394
169.08611822128296,4393
169.08648014068604,4392
169.08767938613892,4391
169.0878882408142,4390
169.09902715682983,4389
169.1071343421936,4388
169.10917115211487,4387
169.1154453754425,4386
169.12222623825073,4385
169.12375712394714,4384
169.12795329093933,4383
169.13174033164978,4382
169.1450972557068,4381
169.14856219291687,4380
169.1504340171814,4379
169.1654372215271,4378
169.17930126190186,4377
169.17981219291687,4376
169.1866180896759,4375
169.18683004379272,4374
169.1965892314911,4373
169.1969542503357,4372
169.21110129356384,4371
169.21131229400635,4370
169.2126021385193,4369
169.21579003334045,4368
169.21975421905518,4367
169.22192120552063,4366
169.2241132259369,4365
169.2271683216095,4364
169.227863073349,4363
169.22941207885742,4362
169.23726725578308,4361
169.23940920829773,4360
169.24351716041565,4359
169.24773240089417,4358
169.25382113456726,4357
169.2549340724945,4356
169.27250719070435,4355
169.2759861946106,4354
169.277437210083,4353
169.2801911830902,4352
169.28208422660828,4351
169.28318619728088,4350
169.28627920150757,4349
169.29155230522156,4348
169.29239916801453,4347
169.29290628433228,4346
169.3013412952423,4345
169.3031952381134,4344
169.30374217033386,4343
169.30722832679749,4342
169.3210301399231,4341
169.33522820472717,4340
169.3411362171173,4339
169.3471691608429,4338
169.34846305847168,4337
169.34867024421692,4336
169.3625373840332,4335
169.3670573234558,4334
169.36745715141296,4333
169.37445616722107,4332
169.3797972202301,4331
169.3860363960266,4330
169.38817715644836,4329
169.39797401428223,4328
169.40252423286438,4327
169.40576004981995,4326
169.4182252883911,4325
169.4341492652893,4324
169.43480324745178,4323
169.43967628479004,4322
169.44285106658936,4321
169.4480152130127,4320
169.45648837089539,4319
169.46611714363098,4318
169.48516416549683,4317
169.5022361278534,4316
169.50613117218018,4315
169.51097321510315,4314
169.51147317886353,4313
169.51824831962585,4312
169.5286521911621,4311
169.5299482345581,4310
169.54410219192505,4309
169.54572224617004,4308
169.54756236076355,4307
169.54796624183655,4306
169.56668210029602,4305
169.56853818893433,4304
169.58141827583313,4303
169.58251333236694,4302
169.59745717048645,4301
169.59854412078857,4300
169.59953832626343,4299
169.60062408447266,4298
169.6075360774994,4297
169.61146903038025,4296
169.63066911697388,4295
169.64340925216675,4294
169.64767622947693,4293
169.6478772163391,4292
169.6539821624756,4291
169.65951919555664,4290
169.6628873348236,4289
169.66442322731018,4288
169.66806721687317,4287
169.67138719558716,4286
169.67341017723083,4285
169.67391419410706,4284
169.6802532672882,4283
169.6832890510559,4282
169.71370124816895,4281
169.7235951423645,4280
169.72791028022766,4279
169.7325963973999,4278
169.74251627922058,4277
169.74540519714355,4276
169.74685835838318,4275
169.74735617637634,4274
169.7552990913391,4273
169.7682921886444,4272
169.77242016792297,4271
169.78361129760742,4270
169.79485416412354,4269
169.80144214630127,4268
169.80169916152954,4267
169.80675411224365,4266
169.81486010551453,4265
169.817045211792,4264
169.81724524497986,4263
169.82697916030884,4262
169.82778215408325,4261
169.8329563140869,4260
169.83568835258484,4259
169.84040904045105,4258
169.84520602226257,4257
169.85111618041992,4256
169.85636234283447,4255
169.86861324310303,4254
169.87640118598938,4253
169.88363528251648,4252
169.89043307304382,4251
169.89455819129944,4250
169.90666127204895,4249
169.90707516670227,4248
169.9388463497162,4247
169.94008922576904,4246
169.9439070224762,4245
169.94810009002686,4244
169.9538233280182,4243
169.96603107452393,4242
169.96748208999634,4241
169.96842908859253,4240
169.97207927703857,4239
169.99230527877808,4238
169.99388718605042,4237
169.99631118774414,4236
170.00101828575134,4235
170.0127091407776,4234
170.02454614639282,4233
170.0293481349945,4232
170.0325632095337,4231
170.03321528434753,4230
170.03356432914734,4229
170.04070115089417,4228
170.04283809661865,4227
170.0472424030304,4226
170.06359720230103,4225
170.06920337677002,4224
170.07326006889343,4223
170.07500004768372,4222
170.08453607559204,4221
170.09268307685852,4220
170.09541034698486,4219
170.096253156662,4218
170.10459899902344,4217
170.10736727714539,4216
170.10965132713318,4215
170.11301612854004,4214
170.11853432655334,4213
170.13153505325317,4212
170.13188123703003,4211
170.13272523880005,4210
170.14614033699036,4209
170.1496341228485,4208
170.15541410446167,4207
170.16005611419678,4206
170.17446517944336,4205
170.18583703041077,4204
170.1882472038269,4203
170.19341826438904,4202
170.1999580860138,4201
170.2055642604828,4200
170.2303910255432,4199
170.23417329788208,4198
170.2680103778839,4197
170.29489731788635,4196
170.3027822971344,4195
170.31439018249512,4194
170.31755208969116,4193
170.31869316101074,4192
170.3190393447876,4191
170.3252341747284,4190
170.33769130706787,4189
170.3472580909729,4188
170.34937524795532,4187
170.34992218017578,4186
170.3544042110443,4185
170.3595130443573,4184
170.3608992099762,4183
170.36246919631958,4182
170.3722472190857,4181
170.38682913780212,4180
170.39306640625,4179
170.39581632614136,4178
170.4073362350464,4177
170.41556024551392,4176
170.4206142425537,4175
170.42897033691406,4174
170.43536925315857,4173
170.43826723098755,4172
170.46111726760864,4171
170.46759009361267,4170
170.47533917427063,4169
170.48420023918152,4168
170.487642288208,4167
170.49657130241394,4166
170.51307106018066,4165
170.51333117485046,4164
170.51484322547913,4163
170.52158308029175,4162
170.53146314620972,4161
170.55629205703735,4160
170.5685682296753,4159
170.5802402496338,4158
170.58093738555908,4157
170.5817322731018,4156
170.5828731060028,4155
170.5953872203827,4154
170.60761332511902,4153
170.60826110839844,4152
170.6119260787964,4151
170.63458728790283,4150
170.64086318016052,4149
170.6422393321991,4148
170.6435101032257,4147
170.64562320709229,4146
170.65320801734924,4145
170.65797400474548,4144
170.6769552230835,4143
170.68025016784668,4142
170.69352316856384,4141
170.70373821258545,4140
170.71218919754028,4139
170.7188401222229,4138
170.71952509880066,4137
170.72310519218445,4136
170.72481417655945,4135
170.7253119945526,4134
170.72865915298462,4133
170.735600233078,4132
170.73717403411865,4131
170.75462126731873,4130
170.7612373828888,4129
170.76174998283386,4128
170.78138327598572,4127
170.80843806266785,4126
170.81357431411743,4125
170.82945823669434,4124
170.83471632003784,4123
170.8485643863678,4122
170.8499960899353,4121
170.85122418403625,4120
170.860698223114,4119
170.86295318603516,4118
170.86555314064026,4117
170.86842918395996,4116
170.87002420425415,4115
170.87053227424622,4114
170.90254426002502,4113
170.94572114944458,4112
170.95316123962402,4111
170.95965719223022,4110
170.96255111694336,4109
170.97976422309875,4108
170.98694610595703,4107
171.00078105926514,4106
171.0085051059723,4105
171.0296483039856,4104
171.03226232528687,4103
171.04917407035828,4102
171.0512011051178,4101
171.05697417259216,4100
171.08107805252075,4099
171.08552026748657,4098
171.08680319786072,4097
171.09142518043518,4096
171.09620118141174,4095
171.10078930854797,4094
171.10298418998718,4093
171.11372637748718,4092
171.11745929718018,4091
171.13165521621704,4090
171.1321301460266,4089
171.13291311264038,4088
171.1358950138092,4087
171.1361813545227,4086
171.14071011543274,4085
171.14549136161804,4084
171.1457052230835,4083
171.1659562587738,4082
171.16724514961243,4081
171.17671823501587,4080
171.19114017486572,4079
171.19832706451416,4078
171.19984221458435,4077
171.20786023139954,4076
171.2083990573883,4075
171.2160313129425,4074
171.2164511680603,4073
171.22276520729065,4072
171.2317681312561,4071
171.23297119140625,4070
171.2410671710968,4069
171.27410507202148,4068
171.2756290435791,4067
171.28001928329468,4066
171.28094720840454,4065
171.28665614128113,4064
171.31168627738953,4063
171.31215834617615,4062
171.32627201080322,4061
171.331139087677,4060
171.3586962223053,4059
171.3649342060089,4058
171.36694812774658,4057
171.37702417373657,4056
171.38001203536987,4055
171.389502286911,4054
171.4100341796875,4053
171.43260741233826,4052
171.43963813781738,4051
171.4589102268219,4050
171.46862626075745,4049
171.46878719329834,4048
171.4692463874817,4047
171.47029519081116,4046
171.49396300315857,4045
171.49931025505066,4044
171.5060112476349,4043
171.5092420578003,4042
171.51850008964539,4041
171.52517342567444,4040
171.54477214813232,4039
171.54653525352478,4038
171.5646550655365,4037
171.56581234931946,4036
171.56610131263733,4035
171.57283306121826,4034
171.57998824119568,4033
171.58863925933838,4032
171.60805320739746,4031
171.61194109916687,4030
171.61630630493164,4029
171.6200623512268,4028
171.64368629455566,4027
171.64926528930664,4026
171.65877723693848,4025
171.6594841480255,4024
171.6635901927948,4023
171.674396276474,4022
171.68141531944275,4021
171.6844642162323,4020
171.69626212120056,4019
171.70807909965515,4018
171.71262431144714,4017
171.71807527542114,4016
171.72410321235657,4015
171.72590517997742,4014
171.72975826263428,4013
171.7441210746765,4012
171.75458407402039,4011
171.7682762145996,4010
171.7838752269745,4009
171.79104208946228,4008
171.8029763698578,4007
171.8131811618805,4006
171.8181130886078,4005
171.82198333740234,4004
171.83239030838013,4003
171.8556501865387,4002
171.873859167099,4001
171.8871352672577,4000
171.89404106140137,3999
171.91092133522034,3998
171.9268400669098,3997
171.92818212509155,3996
171.92846941947937,3995
171.92917132377625,3994
171.94115710258484,3993
171.9464042186737,3992
171.96216320991516,3991
171.96799612045288,3990
171.9693832397461,3989
171.97667407989502,3988
171.99728512763977,3987
172.00238013267517,3986
172.02535319328308,3985
172.02760219573975,3984
172.0470802783966,3983
172.05773329734802,3982
172.07810616493225,3981
172.08504128456116,3980
172.08666801452637,3979
172.10612607002258,3978
172.14481019973755,3977
172.1492133140564,3976
172.15242433547974,3975
172.1543562412262,3974
172.16590213775635,3973
172.1741852760315,3972
172.17581915855408,3971
172.17885327339172,3970
172.18701720237732,3969
172.20932817459106,3968
172.22507739067078,3967
172.2467761039734,3966
172.30088114738464,3965
172.30515217781067,3964
172.3330421447754,3963
172.34379816055298,3962
172.3459231853485,3961
172.38449931144714,3960
172.42713904380798,3959
172.43349814414978,3958
172.43621826171875,3957
172.4416801929474,3956
172.4458522796631,3955
172.44704937934875,3954
172.46179819107056,3953
172.484295129776,3952
172.48532032966614,3951
172.4942662715912,3950
172.5096321105957,3949
172.51303219795227,3948
172.51356315612793,3947
172.52213621139526,3946
172.53141117095947,3945
172.56315517425537,3944
172.5762801170349,3943
172.58712315559387,3942
172.5902190208435,3941
172.60963821411133,3940
172.61006116867065,3939
172.63440036773682,3938
172.6394600868225,3937
172.64077830314636,3936
172.65846920013428,3935
172.65863227844238,3934
172.71267127990723,3933
172.71810817718506,3932
172.72444319725037,3931
172.74117827415466,3930
172.7607023715973,3929
172.7805151939392,3928
172.81225109100342,3927
172.82263612747192,3926
172.83380508422852,3925
172.83810138702393,3924
172.86394119262695,3923
172.92730522155762,3922
172.93766331672668,3921
172.9528031349182,3920
172.9574100971222,3919
172.9831521511078,3918
172.98361706733704,3917
172.99614930152893,3916
173.00418424606323,3915
173.00899243354797,3914
173.0167281627655,3913
173.01897430419922,3912
173.04996919631958,3911
173.06323623657227,3910
173.0745620727539,3909
173.10138320922852,3908
173.1127963066101,3907
173.17296028137207,3906
173.18393802642822,3905
173.22394108772278,3904
173.24899125099182,3903
173.2754261493683,3902
173.28308820724487,3901
173.28472805023193,3900
173.29997515678406,3899
173.30345225334167,3898
173.34535908699036,3897
173.35709428787231,3896
173.36903023719788,3895
173.39228534698486,3894
173.40109825134277,3893
173.41801714897156,3892
173.45677733421326,3891
173.46085810661316,3890
173.47348713874817,3889
173.48082304000854,3888
173.48845911026,3887
173.5007312297821,3886
173.5310561656952,3885
173.54868912696838,3884
173.55877923965454,3883
173.60047936439514,3882
173.63105821609497,3881
173.644513130188,3880
173.67286825180054,3879
173.68639206886292,3878
173.7031271457672,3877
173.74528312683105,3876
173.79274129867554,3875
173.81955409049988,3874
173.8237202167511,3873
173.84999823570251,3872
173.8648853302002,3871
173.86639833450317,3870
173.90399622917175,3869
173.90526938438416,3868
173.95811414718628,3867
173.9776701927185,3866
173.98024535179138,3865
174.02189421653748,3864
174.0249412059784,3863
174.03426122665405,3862
174.03508710861206,3861
174.05208921432495,3860
174.08556413650513,3859
174.08929300308228,3858
174.1261122226715,3857
174.14314913749695,3856
174.15545320510864,3855
174.18520212173462,3854
174.2823781967163,3853
174.28480625152588,3852
174.3231122493744,3851
174.34650015830994,3850
