0.0,484360
157.19715929031372,4899
157.1988890171051,4898
157.20422911643982,4897
157.20637702941895,4896
157.20675420761108,4895
157.20854306221008,4894
157.2123281955719,4893
157.21671199798584,4892
157.21729516983032,4891
157.22012424468994,4890
157.22546315193176,4889
157.22871232032776,4888
157.22997522354126,4887
157.23071217536926,4886
157.23145031929016,4885
157.23349714279175,4884
157.23389530181885,4883
157.23764204978943,4882
157.2395052909851,4881
157.2431252002716,4880
157.2489972114563,4879
157.25133419036865,4878
157.25190138816833,4877
157.2561023235321,4876
157.25712728500366,4875
157.261390209198,4874
157.26177430152893,4873
157.2664670944214,4872
157.27112913131714,4871
157.27615022659302,4870
157.27652311325073,4869
157.27833724021912,4868
157.2822620868683,4867
157.28325819969177,4866
157.28471517562866,4865
157.28663516044617,4864
157.2882480621338,4863
157.2900161743164,4862
157.29809737205505,4861
157.29878616333008,4860
157.31071424484253,4859
157.3356261253357,4858
157.33982920646667,4857
157.3407690525055,4856
157.3415801525116,4855
157.34318113327026,4854
157.34515523910522,4853
157.35215020179749,4852
157.3566472530365,4851
157.35733103752136,4850
157.35992217063904,4849
157.36201930046082,4848
157.36459231376648,4847
157.36772322654724,4846
157.36884117126465,4845
157.37013816833496,4844
157.37140011787415,4843
157.38351106643677,4842
157.38461232185364,4841
157.3872311115265,4840
157.3917751312256,4839
157.3967752456665,4838
157.4076542854309,4837
157.40962934494019,4836
157.42074131965637,4835
157.42193222045898,4834
157.42265224456787,4833
157.42605113983154,4832
157.4293613433838,4831
157.43497514724731,4830
157.44054508209229,4829
157.44233322143555,4828
157.44589614868164,4827
157.44982504844666,4826
157.45275616645813,4825
157.4543731212616,4824
157.45711636543274,4823
157.4622700214386,4822
157.465026140213,4821
157.46957921981812,4820
157.47267317771912,4819
157.47844314575195,4818
157.48105812072754,4817
157.48220801353455,4816
157.4884431362152,4815
157.49345207214355,4814
157.49653506278992,4813
157.5074110031128,4812
157.5309612751007,4811
157.54105710983276,4810
157.54160523414612,4809
157.54289317131042,4808
157.54484915733337,4807
157.54737734794617,4806
157.54776310920715,4805
157.54828596115112,4804
157.54911518096924,4803
157.55175137519836,4802
157.55352520942688,4801
157.55454015731812,4800
157.56077432632446,4799
157.5654091835022,4798
157.5778980255127,4797
157.57874417304993,4796
157.58417510986328,4795
157.58771109580994,4794
157.589173078537,4793
157.59002327919006,4792
157.5945222377777,4791
157.59536409378052,4790
157.599436044693,4789
157.61039113998413,4788
157.611554145813,4787
157.61383199691772,4786
157.61436700820923,4785
157.62230920791626,4784
157.6278681755066,4783
157.63013100624084,4782
157.63096618652344,4781
157.63544297218323,4780
157.63658022880554,4779
157.63741636276245,4778
157.640230178833,4777
157.64061212539673,4776
157.6428632736206,4775
157.64460802078247,4774
157.64576315879822,4773
157.64628505706787,4772
157.6501121520996,4771
157.650945186615,4770
157.65163612365723,4769
157.65276432037354,4768
157.65547823905945,4767
157.6574101448059,4766
157.6585783958435,4765
157.66420817375183,4764
157.66458225250244,4763
157.6654212474823,4762
157.67084336280823,4761
157.6745572090149,4760
157.6747760772705,4759
157.6823091506958,4758
157.6895833015442,4757
157.693293094635,4756
157.69535422325134,4755
157.69666409492493,4754
157.7004051208496,4753
157.70424723625183,4752
157.70569133758545,4751
157.70748233795166,4750
157.70862531661987,4749
157.71325707435608,4748
157.72025513648987,4747
157.72173523902893,4746
157.7319450378418,4745
157.74381518363953,4744
157.74528217315674,4743
157.74660730361938,4742
157.7479031085968,4741
157.76457929611206,4740
157.76801013946533,4739
157.77449703216553,4738
157.7763991355896,4737
157.7825951576233,4736
157.78786516189575,4735
157.79203510284424,4734
157.79654812812805,4733
157.79864716529846,4732
157.81212615966797,4731
157.81613612174988,4730
157.81879925727844,4729
157.8252773284912,4728
157.8264091014862,4727
157.83877515792847,4726
157.8389892578125,4725
157.8435080051422,4724
157.8454201221466,4723
157.85225129127502,4722
157.8552441596985,4721
157.8585102558136,4720
157.86471033096313,4719
157.86760234832764,4718
157.86963510513306,4717
157.88061428070068,4716
157.88306999206543,4715
157.88432908058167,4714
157.8850612640381,4713
157.89599633216858,4712
157.89639711380005,4711
157.89713215827942,4710
157.90681910514832,4709
157.91605019569397,4708
157.9167423248291,4707
157.92147731781006,4706
157.92231917381287,4705
157.92476415634155,4704
157.92717909812927,4703
157.93453311920166,4702
157.93613696098328,4701
157.9455852508545,4700
157.95167636871338,4699
157.96299719810486,4698
157.96830415725708,4697
157.9713921546936,4696
157.97239518165588,4695
157.97308707237244,4694
157.97807121276855,4693
157.986878156662,4692
157.9911012649536,4691
157.9981231689453,4690
158.015367269516,4689
158.01891016960144,4688
158.02035212516785,4687
158.02542328834534,4686
158.02883219718933,4685
158.02967810630798,4684
158.03264999389648,4683
158.033682346344,4682
158.03450918197632,4681
158.03535628318787,4680
158.03818917274475,4679
158.03950810432434,4678
158.04474020004272,4677
158.04497408866882,4676
158.06150197982788,4675
158.06656908988953,4674
158.07002329826355,4673
158.0702621936798,4672
158.07517218589783,4671
158.0779583454132,4670
158.07900428771973,4669
158.08177423477173,4668
158.08717226982117,4667
158.08882427215576,4666
158.09104418754578,4665
158.09668517112732,4664
158.10170125961304,4663
158.10288310050964,4662
158.10394024848938,4661
158.10975527763367,4660
158.11257219314575,4659
158.11788415908813,4658
158.12099814414978,4657
158.1229691505432,4656
158.12452721595764,4655
158.13157105445862,4654
158.1369161605835,4653
158.14042925834656,4652
158.1793143749237,4651
158.1827893257141,4650
158.1831841468811,4649
158.18735003471375,4648
158.19596815109253,4647
158.2025899887085,4646
158.21375012397766,4645
158.21818614006042,4644
158.23750400543213,4643
158.23818922042847,4642
158.24904608726501,4641
158.2492733001709,4640
158.2535161972046,4639
158.26334714889526,4638
158.26992321014404,4637
158.27469420433044,4636
158.28492617607117,4635
158.28969025611877,4634
158.29269409179688,4633
158.3102731704712,4632
158.31473207473755,4631
158.32310914993286,4630
158.32765436172485,4629
158.33119320869446,4628
158.34101724624634,4627
158.34169030189514,4626
158.34823727607727,4625
158.3565971851349,4624
158.3670473098755,4623
158.36746430397034,4622
158.36862015724182,4621
158.369154214859,4620
158.36954402923584,4619
158.38001823425293,4618
158.3838222026825,4617
158.38410019874573,4616
158.3883671760559,4615
158.40596508979797,4614
158.40838027000427,4613
158.40967297554016,4612
158.41494607925415,4611
158.41593408584595,4610
158.43029522895813,4609
158.43253111839294,4608
158.436368227005,4607
158.4415123462677,4606
158.44235920906067,4605
158.44502305984497,4604
158.4477481842041,4603
158.45041418075562,4602
158.45379304885864,4601
158.4546401500702,4600
158.46379709243774,4599
158.4668791294098,4598
158.4673981666565,4597
158.47063517570496,4596
158.47347927093506,4595
158.4821891784668,4594
158.48583912849426,4593
158.49030303955078,4592
158.49596118927002,4591
158.49952626228333,4590
158.50742506980896,4589
158.51209712028503,4588
158.51437211036682,4587
158.53558015823364,4586
158.54178309440613,4585
158.54382634162903,4584
158.55391907691956,4583
158.56478714942932,4582
158.5743260383606,4581
158.58231925964355,4580
158.58440828323364,4579
158.5951271057129,4578
158.59596014022827,4577
158.59814310073853,4576
158.60213208198547,4575
158.6090371608734,4574
158.61644005775452,4573
158.61807012557983,4572
158.61936616897583,4571
158.63041615486145,4570
158.63890933990479,4569
158.65346717834473,4568
158.67857217788696,4567
158.6877121925354,4566
158.68854403495789,4565
158.69073104858398,4564
158.6975212097168,4563
158.6977391242981,4562
158.69874000549316,4561
158.71428203582764,4560
158.71463823318481,4559
158.71767711639404,4558
158.72319531440735,4557
158.72855925559998,4556
158.73226618766785,4555
158.73356223106384,4554
158.73936820030212,4553
158.74286532402039,4552
158.74835920333862,4551
158.74966311454773,4550
158.75335931777954,4549
158.75727224349976,4548
158.7577919960022,4547
158.77458715438843,4546
158.786612033844,4545
158.79854011535645,4544
158.798757314682,4543
158.80929732322693,4542
158.82236433029175,4541
158.8233621120453,4540
158.83443117141724,4539
158.83867025375366,4538
158.84055399894714,4537
158.8441662788391,4536
158.84482836723328,4535
158.84704637527466,4534
158.84725832939148,4533
158.84882998466492,4532
158.85054421424866,4531
158.85386323928833,4530
158.8578622341156,4529
158.85968732833862,4528
158.8635232448578,4527
158.87394618988037,4526
158.87840223312378,4525
158.8851079940796,4524
158.88931012153625,4523
158.8945610523224,4522
158.89676117897034,4521
158.896986246109,4520
158.8994963169098,4519
158.90882515907288,4518
158.90944623947144,4517
158.9204559326172,4516
158.9273762702942,4515
158.92842721939087,4514
158.9372432231903,4513
158.93800806999207,4512
158.9393491744995,4511
158.94068312644958,4510
158.94578409194946,4509
158.9543731212616,4508
158.96533918380737,4507
158.96625900268555,4506
158.979825258255,4505
158.99086618423462,4504
158.99482131004333,4503
158.99784016609192,4502
158.99941110610962,4501
159.00448513031006,4500
159.0105700492859,4499
159.0121762752533,4498
159.0190510749817,4497
159.0342411994934,4496
159.0370330810547,4495
159.0429232120514,4494
159.05095314979553,4493
159.05285096168518,4492
159.06170010566711,4491
159.07388520240784,4490
159.08557415008545,4489
159.11655020713806,4488
159.1183180809021,4487
159.12064409255981,4486
159.1309871673584,4485
159.13343739509583,4484
159.13900017738342,4483
159.1441192626953,4482
159.1497552394867,4481
159.1500060558319,4480
159.1574490070343,4479
159.1587781906128,4478
159.1650252342224,4477
159.16924023628235,4476
159.18000102043152,4475
159.18140602111816,4474
159.1942572593689,4473
159.1951241493225,4472
159.20399808883667,4471
159.20480108261108,4470
159.206609249115,4469
159.21881818771362,4468
159.2316653728485,4467
159.2344012260437,4466
159.25797820091248,4465
159.2641522884369,4464
159.28064227104187,4463
159.2880163192749,4462
159.29382729530334,4461
159.2981550693512,4460
159.30888032913208,4459
159.32456922531128,4458
159.33140516281128,4457
159.33377408981323,4456
159.3406982421875,4455
159.34784317016602,4454
159.34957027435303,4453
159.35032033920288,4452
159.36089324951172,4451
159.36431908607483,4450
159.36744928359985,4449
159.3684732913971,4448
159.3707401752472,4447
159.37293314933777,4446
159.37961339950562,4445
159.3906991481781,4444
159.40270113945007,4443
159.40353417396545,4442
159.41203427314758,4441
159.41339802742004,4440
159.4165382385254,4439
159.42598032951355,4438
159.42935132980347,4437
159.43175721168518,4436
159.43518018722534,4435
159.43743419647217,4434
159.4500470161438,4433
159.4530303478241,4432
159.456157207489,4431
159.45937418937683,4430
159.47529411315918,4429
159.4822280406952,4428
159.5049111843109,4427
159.50590920448303,4426
159.54129004478455,4425
159.5440173149109,4424
159.54647397994995,4423
159.58232522010803,4422
159.5951271057129,4421
159.60062313079834,4420
159.6066062450409,4419
159.60827231407166,4418
159.61919903755188,4417
159.62032914161682,4416
159.62743139266968,4415
159.63725519180298,4414
159.66373825073242,4413
159.67110919952393,4412
159.68089509010315,4411
159.6817662715912,4410
159.68893718719482,4409
159.69479608535767,4408
159.7224452495575,4407
159.72367811203003,4406
159.72420835494995,4405
159.7280662059784,4404
159.72978615760803,4403
159.7367012500763,4402
159.73812818527222,4401
159.7500762939453,4400
159.7595181465149,4399
159.75988221168518,4398
159.76277923583984,4397
159.77296900749207,4396
159.7788302898407,4395
159.80155324935913,4394
159.80411028862,4393
159.805682182312,4392
159.81046199798584,4391
159.81366729736328,4390
159.81389331817627,4389
159.82479119300842,4388
159.8291893005371,4387
159.83001112937927,4386
159.8305242061615,4385
159.8480052947998,4384
159.8567931652069,4383
159.86447525024414,4382
159.86975002288818,4381
159.87504720687866,4380
159.878751039505,4379
159.88338017463684,4378
159.89392518997192,4377
159.90554809570312,4376
159.90927004814148,4375
159.9130561351776,4374
159.91817021369934,4373
159.9217553138733,4372
159.95153617858887,4371
159.95926809310913,4370
159.97134113311768,4369
159.97417497634888,4368
159.9757204055786,4367
159.9767301082611,4366
159.9782111644745,4365
159.99047207832336,4364
160.00240015983582,4363
160.00355100631714,4362
160.00666618347168,4361
160.00863814353943,4360
160.02302527427673,4359
160.0247712135315,4358
160.03319120407104,4357
160.05789518356323,4356
160.0677032470703,4355
160.07379508018494,4354
160.07711815834045,4353
160.0888330936432,4352
160.10355520248413,4351
160.12917923927307,4350
160.1311981678009,4349
160.13803720474243,4348
160.14308619499207,4347
160.1437771320343,4346
160.14701533317566,4345
160.1600320339203,4344
160.16173434257507,4343
160.16227102279663,4342
160.17135739326477,4341
160.17339515686035,4340
160.1764600276947,4339
160.17787432670593,4338
160.1995210647583,4337
160.21433925628662,4336
160.2229790687561,4335
160.22395515441895,4334
160.23153114318848,4333
160.23720407485962,4332
160.23789525032043,4331
160.2393159866333,4330
160.2399981021881,4329
160.24344611167908,4328
160.24967622756958,4327
160.25629329681396,4326
160.2586281299591,4325
160.27755904197693,4324
160.2779622077942,4323
160.27958416938782,4322
160.28175735473633,4321
160.2832510471344,4320
160.29445219039917,4319
160.29548525810242,4318
160.30345010757446,4317
160.30421710014343,4316
160.33034324645996,4315
160.337708234787,4314
160.3432981967926,4313
160.34414911270142,4312
160.34487915039062,4311
160.34651231765747,4310
160.34887194633484,4309
160.35116910934448,4308
160.37822699546814,4307
160.3793489933014,4306
160.39062809944153,4305
160.41196417808533,4304
160.41285729408264,4303
160.42693710327148,4302
160.4472713470459,4301
160.45563435554504,4300
160.46863412857056,4299
160.48073720932007,4298
160.49532914161682,4297
160.49741911888123,4296
160.50082421302795,4295
160.50936317443848,4294
160.51227498054504,4293
160.56181406974792,4292
160.58060598373413,4291
160.58287525177002,4290
160.59053802490234,4289
160.63059306144714,4288
160.65786218643188,4287
160.67249512672424,4286
160.68439602851868,4285
160.68754816055298,4284
160.6962811946869,4283
160.70172715187073,4282
160.7174060344696,4281
160.72327303886414,4280
160.7258951663971,4279
160.74600410461426,4278
160.75380110740662,4277
160.75634717941284,4276
160.77095198631287,4275
160.78030800819397,4274
160.78895902633667,4273
160.79426527023315,4272
160.80016422271729,4271
160.80120134353638,4270
160.80543327331543,4269
160.8160011768341,4268
160.82887506484985,4267
160.8310673236847,4266
160.84517407417297,4265
160.85418224334717,4264
160.86316227912903,4263
160.8930172920227,4262
160.89596605300903,4261
160.9047770500183,4260
160.90922236442566,4259
160.91116523742676,4258
160.92373037338257,4257
160.9284369945526,4256
160.9294490814209,4255
160.94428420066833,4254
160.96566915512085,4253
160.97135734558105,4252
160.97584009170532,4251
161.0352382659912,4250
161.04445123672485,4249
161.04744029045105,4248
161.05740213394165,4247
161.07159519195557,4246
161.07445216178894,4245
161.0975422859192,4244
161.10352206230164,4243
161.12243008613586,4242
161.12265706062317,4241
161.13573217391968,4240
161.13736605644226,4239
161.14194011688232,4238
161.1444251537323,4237
161.15123200416565,4236
161.15797019004822,4235
161.16963624954224,4234
161.17519521713257,4233
161.18287634849548,4232
161.19465398788452,4231
161.21017718315125,4230
161.21931338310242,4229
161.27319622039795,4228
161.28503727912903,4227
161.29383516311646,4226
161.30883526802063,4225
161.31128120422363,4224
161.31710529327393,4223
161.32728815078735,4222
161.33525609970093,4221
161.34778118133545,4220
161.37037539482117,4219
161.42466831207275,4218
161.42986130714417,4217
161.4396722316742,4216
161.4431014060974,4215
161.44336223602295,4214
161.44684720039368,4213
161.4530050754547,4212
161.45563912391663,4211
161.4768033027649,4210
161.47763514518738,4209
161.48403000831604,4208
161.49708127975464,4207
161.50177001953125,4206
161.5034041404724,4205
161.53155612945557,4204
161.53872632980347,4203
161.5413200855255,4202
161.54218816757202,4201
161.54358506202698,4200
161.5495753288269,4199
161.55345726013184,4198
161.5632381439209,4197
161.57131600379944,4196
161.57306718826294,4195
161.57506322860718,4194
161.6144392490387,4193
161.62288999557495,4192
161.6388041973114,4191
161.6471312046051,4190
161.68676114082336,4189
161.69578337669373,4188
161.7025101184845,4187
161.7146213054657,4186
161.73879718780518,4185
161.76313519477844,4184
161.77010822296143,4183
161.77837228775024,4182
161.78505611419678,4181
161.8067111968994,4180
161.81438636779785,4179
161.83281421661377,4178
161.85206627845764,4177
161.88085198402405,4176
161.9040253162384,4175
161.9054892063141,4174
161.9060182571411,4173
161.9140202999115,4172
161.91671705245972,4171
161.92126536369324,4170
161.9219353199005,4169
161.9232292175293,4168
161.9248583316803,4167
161.94073605537415,4166
161.94337821006775,4165
161.94874024391174,4164
161.94952130317688,4163
161.9643120765686,4162
161.97349619865417,4161
162.00226211547852,4160
162.0404350757599,4159
162.0729751586914,4158
162.07616424560547,4157
162.09970831871033,4156
162.11400032043457,4155
162.14412117004395,4154
162.1533751487732,4153
162.1542410850525,4152
162.16221523284912,4151
162.21103811264038,4150
162.22977900505066,4149
162.25153517723083,4148
162.25677919387817,4147
162.2912311553955,4146
162.31072998046875,4145
162.31367707252502,4144
162.32762336730957,4143
162.3563792705536,4142
162.35999417304993,4141
162.36442708969116,4140
162.38505816459656,4139
162.39199018478394,4138
162.39527034759521,4137
162.40812015533447,4136
162.4106900691986,4135
162.42904114723206,4134
162.43301606178284,4133
162.4472372531891,4132
162.48650336265564,4131
162.48970222473145,4130
162.51881217956543,4129
162.54904294013977,4128
162.54983520507812,4127
162.55249619483948,4126
162.55301713943481,4125
162.5732753276825,4124
162.57836532592773,4123
162.6081280708313,4122
162.63600325584412,4121
162.68411922454834,4120
162.6847460269928,4119
162.6900441646576,4118
162.6912021636963,4117
162.7263741493225,4116
162.7410171031952,4115
162.74486923217773,4114
162.76530528068542,4113
162.78104400634766,4112
162.79286408424377,4111
162.80667924880981,4110
162.83972215652466,4109
162.84747123718262,4108
162.85998225212097,4107
162.872141122818,4106
162.88653922080994,4105
162.88707828521729,4104
162.89466404914856,4103
162.90728402137756,4102
162.9743161201477,4101
162.97867012023926,4100
162.9805121421814,4099
162.98246932029724,4098
162.99302411079407,4097
163.0013942718506,4096
163.0168902873993,4095
163.04223728179932,4094
163.05570936203003,4093
163.05984616279602,4092
163.06781220436096,4091
163.0863974094391,4090
163.10506224632263,4089
163.11596536636353,4088
163.1218650341034,4087
163.13571000099182,4086
163.14819717407227,4085
163.15882229804993,4084
163.16981315612793,4083
163.17765617370605,4082
163.18055415153503,4081
163.19745516777039,4080
163.21328330039978,4079
163.21888208389282,4078
163.22375917434692,4077
163.2604022026062,4076
163.2905342578888,4075
163.3052830696106,4074
163.3312063217163,4073
163.33432030677795,4072
163.3554172515869,4071
163.43469524383545,4070
163.44231128692627,4069
163.44969415664673,4068
163.45452904701233,4067
163.47910118103027,4066
163.48874497413635,4065
163.49228429794312,4064
163.50559520721436,4063
163.50926804542542,4062
163.51892709732056,4061
163.52179408073425,4060
163.52594017982483,4059
163.53589916229248,4058
163.53872632980347,4057
163.55565333366394,4056
163.55976915359497,4055
163.5621199607849,4054
163.58704328536987,4053
163.59769821166992,4052
163.6096272468567,4051
163.61177706718445,4050
163.61862015724182,4049
163.62440013885498,4048
163.64091515541077,4047
163.64848613739014,4046
163.65699100494385,4045
163.67536902427673,4044
163.69920897483826,4043
163.70874333381653,4042
163.73702216148376,4041
163.74780702590942,4040
163.75844812393188,4039
163.8005712032318,4038
163.8074769973755,4037
163.8138792514801,4036
163.8684651851654,4035
163.87718033790588,4034
163.8838860988617,4033
163.89424204826355,4032
163.9136142730713,4031
163.9218533039093,4030
163.93970108032227,4029
163.98217129707336,4028
164.0122423171997,4027
164.10172700881958,4026
164.17287015914917,4025
164.1916241645813,4024
164.21046209335327,4023
164.2120041847229,4022
164.2222023010254,4021
164.23281717300415,4020
164.2445662021637,4019
164.27863931655884,4018
164.30170321464539,4017
164.32108807563782,4016
164.32983303070068,4015
164.3754403591156,4014
164.38750529289246,4013
164.41544222831726,4012
164.4214153289795,4011
164.46357202529907,4010
164.47271919250488,4009
164.48775815963745,4008
164.48917031288147,4007
164.49974727630615,4006
164.5122091770172,4005
164.60904240608215,4004
164.6462721824646,4003
164.64853024482727,4002
164.6606800556183,4001
164.66315126419067,4000
164.69688510894775,3999
164.69705605506897,3998
164.70427131652832,3997
164.71007108688354,3996
164.71402430534363,3995
164.72991800308228,3994
164.7533130645752,3993
164.75397038459778,3992
164.81297326087952,3991
164.8387520313263,3990
164.8883762359619,3989
164.89417123794556,3988
164.95702815055847,3987
165.0769121646881,3986
165.13090109825134,3985
165.1607050895691,3984
