1.1920928955078125e-06,484360
173.92850303649902,4211
173.93552899360657,4210
173.94551396369934,4209
173.95854330062866,4208
173.9630331993103,4207
173.96409010887146,4206
173.9743721485138,4205
173.97514510154724,4204
173.9758563041687,4203
173.9809112548828,4202
173.98791599273682,4201
174.00682497024536,4200
174.04303121566772,4199
174.04670000076294,4198
174.0499620437622,4197
174.05037903785706,4196
174.05512809753418,4195
174.0554072856903,4194
174.06244707107544,4193
174.07423996925354,4192
174.07702016830444,4191
174.08420419692993,4190
174.09598803520203,4189
174.09775018692017,4188
174.12339115142822,4187
174.12510204315186,4186
174.13751816749573,4185
174.142480134964,4184
174.14658999443054,4183
174.15584421157837,4182
174.15656304359436,4181
174.15692710876465,4180
174.15917325019836,4179
174.15961599349976,4178
174.1929841041565,4177
174.19819593429565,4176
174.20176696777344,4175
174.21350193023682,4174
174.21828818321228,4173
174.22424817085266,4172
174.2671501636505,4171
174.27109098434448,4170
174.27480602264404,4169
174.28771901130676,4168
174.2885971069336,4167
174.30020928382874,4166
174.31250715255737,4165
174.31655025482178,4164
174.31746816635132,4163
174.32179522514343,4162
174.32939910888672,4161
174.3378622531891,4160
174.352215051651,4159
174.37011814117432,4158
174.37990617752075,4157
174.39468908309937,4156
174.40653324127197,4155
174.42337322235107,4154
174.43520617485046,4153
174.4486322402954,4152
174.45109510421753,4151
174.45247626304626,4150
174.45303201675415,4149
174.45841312408447,4148
174.47954511642456,4147
174.48674726486206,4146
174.49062514305115,4145
174.51111817359924,4144
174.51748418807983,4143
174.5420172214508,4142
174.57857012748718,4141
174.59599113464355,4140
174.59732007980347,4139
174.60882997512817,4138
174.6350212097168,4137
174.64492225646973,4136
174.6622462272644,4135
174.66871094703674,4134
174.68410229682922,4133
174.7031171321869,4132
174.70436930656433,4131
174.70847511291504,4130
174.71746611595154,4129
174.72859406471252,4128
174.73872017860413,4127
174.76941013336182,4126
174.7733392715454,4125
174.7802770137787,4124
174.7848880290985,4123
174.7958950996399,4122
174.80393719673157,4121
174.8492090702057,4120
174.8519742488861,4119
174.87116694450378,4118
174.87391901016235,4117
174.90908002853394,4116
174.92163515090942,4115
174.9291090965271,4114
174.93851613998413,4113
174.93978214263916,4112
174.94180917739868,4111
174.95109915733337,4110
174.95427012443542,4109
175.0352702140808,4108
175.0387761592865,4107
175.04929113388062,4106
175.05003213882446,4105
175.06238317489624,4104
175.0898220539093,4103
175.09062814712524,4102
175.1372480392456,4101
175.13965106010437,4100
175.15283608436584,4099
175.15430617332458,4098
175.157133102417,4097
175.16180729866028,4096
175.16204118728638,4095
175.1661250591278,4094
175.1686520576477,4093
175.17397928237915,4092
175.1778280735016,4091
175.17990708351135,4090
175.2002251148224,4089
175.20321416854858,4088
175.21528911590576,4087
175.2234320640564,4086
175.22930908203125,4085
175.23252415657043,4084
175.23359203338623,4083
175.27455520629883,4082
175.27720308303833,4081
175.28394222259521,4080
175.3010151386261,4079
175.3090250492096,4078
175.32946300506592,4077
175.34277820587158,4076
175.34706616401672,4075
175.349524974823,4074
175.36287117004395,4073
175.37152910232544,4072
175.37208819389343,4071
175.37910294532776,4070
175.3863971233368,4069
175.39989304542542,4068
175.4013283252716,4067
175.40929627418518,4066
175.42768812179565,4065
175.43169617652893,4064
175.4747052192688,4063
175.4965682029724,4062
175.50013422966003,4061
175.50274896621704,4060
175.51918005943298,4059
175.5241241455078,4058
175.529855966568,4057
175.53660416603088,4056
175.5374071598053,4055
175.54258823394775,4054
175.5428910255432,4053
175.54508900642395,4052
175.55106711387634,4051
175.55471634864807,4050
175.5664131641388,4049
175.6030023097992,4048
175.60915517807007,4047
175.61651420593262,4046
175.64637327194214,4045
175.6522080898285,4044
175.6568911075592,4043
175.66070199012756,4042
175.6779909133911,4041
175.68970799446106,4040
175.6963860988617,4039
175.70378613471985,4038
175.709046125412,4037
175.72291612625122,4036
175.72454500198364,4035
175.73202109336853,4034
175.75336503982544,4033
175.75381112098694,4032
175.75565433502197,4031
175.76060914993286,4030
175.78400802612305,4029
175.79958605766296,4028
175.80575323104858,4027
175.82234597206116,4026
175.82921600341797,4025
175.85093927383423,4024
175.86195826530457,4023
175.88043403625488,4022
175.89787220954895,4021
175.91127014160156,4020
175.91341710090637,4019
175.91615509986877,4018
175.91730904579163,4017
175.94811701774597,4016
175.96425819396973,4015
175.9655590057373,4014
175.98158431053162,4013
176.0036370754242,4012
176.01907920837402,4011
176.02225017547607,4010
176.02957320213318,4009
176.03565216064453,4008
176.0483901500702,4007
176.0545883178711,4006
176.0638689994812,4005
176.0666470527649,4004
176.0668113231659,4003
176.07061624526978,4002
176.07128190994263,4001
176.0726821422577,4000
176.08036422729492,3999
176.08587312698364,3998
176.09710431098938,3997
176.10131525993347,3996
176.129221200943,3995
176.13563013076782,3994
176.16946411132812,3993
176.17380809783936,3992
176.19285917282104,3991
176.2003152370453,3990
176.21564316749573,3989
176.21710419654846,3988
176.2332580089569,3987
176.23653101921082,3986
176.2444989681244,3985
176.24708724021912,3984
176.24945521354675,3983
176.25128030776978,3982
176.26513409614563,3981
176.26607012748718,3980
176.2707872390747,3979
176.28060507774353,3978
176.30087614059448,3977
176.34404706954956,3976
176.35907411575317,3975
176.3738272190094,3974
176.38247203826904,3973
176.40915608406067,3972
176.4115059375763,3971
176.41948318481445,3970
176.43121719360352,3969
176.43329524993896,3968
176.4454641342163,3967
176.45855689048767,3966
176.4745831489563,3965
176.48409223556519,3964
176.49162697792053,3963
176.51771211624146,3962
176.52961421012878,3961
176.53108096122742,3960
176.5331780910492,3959
176.5547661781311,3958
176.5634949207306,3957
176.5751769542694,3956
176.577162027359,3955
176.5908260345459,3954
176.60415315628052,3953
176.6570611000061,3952
176.66968703269958,3951
176.70178890228271,3950
176.70559811592102,3949
176.7127423286438,3948
176.72248816490173,3947
176.72597002983093,3946
176.7398190498352,3945
176.74763107299805,3944
176.7505750656128,3943
176.7712640762329,3942
176.79265427589417,3941
176.8346130847931,3940
176.8349051475525,3939
176.86387825012207,3938
176.8735592365265,3937
176.8814971446991,3936
176.90022706985474,3935
176.9159219264984,3934
176.9236102104187,3933
176.93751096725464,3932
176.9530119895935,3931
176.97894716262817,3930
176.9971752166748,3929
177.0061321258545,3928
177.0215721130371,3927
177.0347762107849,3926
177.03915810585022,3925
177.06116819381714,3924
177.08277416229248,3923
177.12152123451233,3922
177.153578042984,3921
177.16037917137146,3920
177.17018222808838,3919
177.18041801452637,3918
177.21650910377502,3917
177.22090816497803,3916
177.23952221870422,3915
177.31361722946167,3914
177.32804107666016,3913
177.35102534294128,3912
177.35555005073547,3911
177.3597640991211,3910
177.36211609840393,3909
177.36713290214539,3908
177.37764620780945,3907
177.4002549648285,3906
177.4308569431305,3905
177.4679412841797,3904
177.5613739490509,3903
177.57178401947021,3902
177.5810890197754,3901
177.60686326026917,3900
177.63804125785828,3899
177.71085810661316,3898
177.7237639427185,3897
177.7446939945221,3896
177.7514419555664,3895
177.75505805015564,3894
177.77094101905823,3893
177.79427409172058,3892
177.82521414756775,3891
177.85066604614258,3890
177.85234117507935,3889
177.85950016975403,3888
177.86329126358032,3887
177.8908531665802,3886
177.90959429740906,3885
177.97227120399475,3884
178.05787014961243,3883
178.07599115371704,3882
178.11947011947632,3881
178.1249029636383,3880
178.14031410217285,3879
178.14268803596497,3878
178.1799340248108,3877
178.18049097061157,3876
178.18677616119385,3875
178.2068932056427,3874
178.21089005470276,3873
178.2225570678711,3872
178.25498008728027,3871
178.27611327171326,3870
178.27666425704956,3869
178.30596828460693,3868
178.30738830566406,3867
178.31545305252075,3866
178.37037014961243,3865
178.3736982345581,3864
178.38692927360535,3863
178.42279195785522,3862
178.44316601753235,3861
178.4593002796173,3860
178.481831073761,3859
