0.0,484360
173.7266809940338,4310
173.73640084266663,4309
173.74114513397217,4308
173.7514407634735,4307
173.76089906692505,4306
173.76350593566895,4305
173.77992177009583,4304
173.79795598983765,4303
173.81426191329956,4302
173.8250150680542,4301
173.84568905830383,4300
173.84935402870178,4299
173.86301112174988,4298
173.86321210861206,4297
173.86634588241577,4296
173.8745698928833,4295
173.87968397140503,4294
173.88577795028687,4293
173.90500712394714,4292
173.93757390975952,4291
173.94194674491882,4290
173.95355582237244,4289
173.9808509349823,4288
173.9841639995575,4287
173.99641299247742,4286
173.9982259273529,4285
173.99934196472168,4284
174.00381803512573,4283
174.01079988479614,4282
174.01614594459534,4281
174.02448296546936,4280
174.04778695106506,4279
174.0797779560089,4278
174.08655214309692,4277
174.09320902824402,4276
174.11079382896423,4275
174.13206386566162,4274
174.1483108997345,4273
174.15649795532227,4272
174.1633358001709,4271
174.16503500938416,4270
174.17021894454956,4269
174.17572784423828,4268
174.17623901367188,4267
174.17897486686707,4266
174.20235800743103,4265
174.23220992088318,4264
174.23736095428467,4263
174.26281690597534,4262
174.27054905891418,4261
174.27387118339539,4260
174.27660012245178,4259
174.27976989746094,4258
174.28246808052063,4257
174.28431105613708,4256
174.29769897460938,4255
174.29894709587097,4254
174.31763672828674,4253
174.31950092315674,4252
174.32192397117615,4251
174.32479786872864,4250
174.32770204544067,4249
174.33380699157715,4248
174.34461998939514,4247
174.34559297561646,4246
174.35503482818604,4245
174.3683729171753,4244
174.37192702293396,4243
174.39906001091003,4242
174.41433906555176,4241
174.41718697547913,4240
174.4271218776703,4239
174.47708177566528,4238
174.4856379032135,4237
174.5076401233673,4236
174.51042795181274,4235
174.51270604133606,4234
174.52610898017883,4233
174.5300829410553,4232
174.55799913406372,4231
174.5629780292511,4230
174.5649631023407,4229
174.5706639289856,4228
174.57683491706848,4227
174.59206080436707,4226
174.59270811080933,4225
174.59558987617493,4224
174.63387894630432,4223
174.64159989356995,4222
174.64465403556824,4221
174.65231800079346,4220
174.65840792655945,4219
174.66254901885986,4218
174.67257809638977,4217
174.6763210296631,4216
174.69312405586243,4215
174.70127987861633,4214
174.7027997970581,4213
174.70566296577454,4212
174.70885181427002,4211
174.71496295928955,4210
174.74141097068787,4209
174.7454080581665,4208
174.75406312942505,4207
174.75445199012756,4206
174.7649209499359,4205
174.77141880989075,4204
174.7748680114746,4203
174.77727484703064,4202
174.77911281585693,4201
174.78703474998474,4200
174.7952618598938,4199
174.79625296592712,4198
174.80987906455994,4197
174.81233310699463,4196
174.81832599639893,4195
174.81897401809692,4194
174.83211493492126,4193
174.83969593048096,4192
174.86005783081055,4191
174.8623480796814,4190
174.8792119026184,4189
174.88168287277222,4188
174.8945438861847,4187
174.89718294143677,4186
174.89960074424744,4185
174.90159106254578,4184
174.90679097175598,4183
174.90955996513367,4182
174.9306559562683,4181
174.93481397628784,4180
174.94438290596008,4179
174.95946383476257,4178
174.98538494110107,4177
174.99203991889954,4176
174.99706482887268,4175
175.00299286842346,4174
175.01050090789795,4173
175.02074694633484,4172
175.04877495765686,4171
175.0545299053192,4170
175.05597281455994,4169
175.05651783943176,4168
175.05703711509705,4167
175.058767080307,4166
175.06315398216248,4165
175.06606698036194,4164
175.12185907363892,4163
175.12954688072205,4162
175.13227581977844,4161
175.15487694740295,4160
175.1685929298401,4159
175.18521094322205,4158
175.19695472717285,4157
175.217129945755,4156
175.21984696388245,4155
175.2207429409027,4154
175.22753500938416,4153
175.25749707221985,4152
175.25894975662231,4151
175.26651191711426,4150
175.26837706565857,4149
175.27908301353455,4148
175.2814860343933,4147
175.28450083732605,4146
175.2880859375,4145
175.2909598350525,4144
175.29277896881104,4143
175.31442308425903,4142
175.3364908695221,4141
175.36617398262024,4140
175.36914205551147,4139
175.37638807296753,4138
175.37855887413025,4137
175.3945119380951,4136
175.43382692337036,4135
175.43484377861023,4134
175.47385382652283,4133
175.4820249080658,4132
175.4930989742279,4131
175.49839210510254,4130
175.5121111869812,4129
175.53452277183533,4128
175.53738498687744,4127
175.53993701934814,4126
175.54165196418762,4125
175.57986879348755,4124
175.6093590259552,4123
175.62682175636292,4122
175.64113879203796,4121
175.65671491622925,4120
175.6684329509735,4119
175.68701696395874,4118
175.7037708759308,4117
175.71344470977783,4116
175.71790480613708,4115
175.72429490089417,4114
175.72780585289001,4113
175.73546195030212,4112
175.7622709274292,4111
175.78385591506958,4110
175.8099241256714,4109
175.82221579551697,4108
175.83476185798645,4107
175.84326815605164,4106
175.86439490318298,4105
175.90066599845886,4104
175.91462302207947,4103
175.9380967617035,4102
175.96985006332397,4101
175.98537588119507,4100
175.99085783958435,4099
175.99585103988647,4098
176.00261306762695,4097
176.00770497322083,4096
176.02211594581604,4095
176.02233695983887,4094
176.03977704048157,4093
176.04424595832825,4092
176.05273485183716,4091
176.07677578926086,4090
176.09220790863037,4089
176.11322593688965,4088
176.12957382202148,4087
176.13466596603394,4086
176.14750385284424,4085
176.15380883216858,4084
176.16496205329895,4083
176.1724009513855,4082
176.17331790924072,4081
176.1792459487915,4080
176.18344593048096,4079
176.1959149837494,4078
176.1983940601349,4077
176.20397996902466,4076
176.213693857193,4075
176.21721482276917,4074
176.2197539806366,4073
176.2214970588684,4072
176.22254991531372,4071
176.24289679527283,4070
176.24601197242737,4069
176.24617505073547,4068
176.25015497207642,4067
176.2520260810852,4066
176.27886700630188,4065
176.2866439819336,4064
176.30233597755432,4063
176.30564999580383,4062
176.30718898773193,4061
176.31823992729187,4060
176.3283770084381,4059
176.33509707450867,4058
176.36139178276062,4057
176.38168907165527,4056
176.408784866333,4055
176.42249393463135,4054
176.4295711517334,4053
176.4581470489502,4052
176.4941051006317,4051
176.50520491600037,4050
176.5128891468048,4049
176.55519700050354,4048
176.57783198356628,4047
176.58648490905762,4046
176.59725785255432,4045
176.60785102844238,4044
176.60834288597107,4043
176.61298203468323,4042
176.6261670589447,4041
176.65174889564514,4040
176.65260100364685,4039
176.65891408920288,4038
176.69323801994324,4037
176.6977310180664,4036
176.7161569595337,4035
176.79245805740356,4034
176.82023191452026,4033
176.8529510498047,4032
176.8584268093109,4031
176.86105704307556,4030
176.86849403381348,4029
176.871111869812,4028
176.8764238357544,4027
176.88898587226868,4026
176.92597603797913,4025
176.94203996658325,4024
176.94900393486023,4023
176.9493260383606,4022
176.94972801208496,4021
176.95132684707642,4020
176.95980596542358,4019
176.99257707595825,4018
177.00787687301636,4017
177.02788710594177,4016
177.02933406829834,4015
177.06421184539795,4014
177.07177996635437,4013
177.09560894966125,4012
177.0973448753357,4011
177.1175811290741,4010
177.12441086769104,4009
177.13544917106628,4008
177.1580469608307,4007
177.20170998573303,4006
177.2022840976715,4005
177.21179008483887,4004
177.26260709762573,4003
177.27028608322144,4002
177.27125096321106,4001
177.2739818096161,4000
177.2741560935974,3999
177.31133103370667,3998
177.36361289024353,3997
177.38304209709167,3996
177.40313601493835,3995
177.43075609207153,3994
177.44877696037292,3993
177.47324109077454,3992
177.47346687316895,3991
177.47377681732178,3990
177.47487998008728,3989
177.48343992233276,3988
177.5331449508667,3987
177.55223608016968,3986
177.5575978755951,3985
177.58986592292786,3984
177.59848284721375,3983
177.6451771259308,3982
177.6548421382904,3981
177.65566301345825,3980
177.67093873023987,3979
177.75833797454834,3978
177.76379013061523,3977
177.7735719680786,3976
177.7874858379364,3975
177.82429695129395,3974
177.83005475997925,3973
177.8616659641266,3972
177.89734816551208,3971
177.9468138217926,3970
177.9711458683014,3969
178.00230979919434,3968
178.0433509349823,3967
178.1222620010376,3966
178.1759169101715,3965
178.19406390190125,3964
178.29388213157654,3963
178.31172895431519,3962
178.32766199111938,3961
