0.0,484360
173.96897220611572,4948
173.97030305862427,4947
173.97436904907227,4946
173.97701597213745,4945
173.97884607315063,4944
173.9838969707489,4943
173.99347400665283,4942
173.99469304084778,4941
173.99550819396973,4940
173.99687099456787,4939
174.00297713279724,4938
174.00344610214233,4937
174.00403594970703,4936
174.00528120994568,4935
174.00723004341125,4934
174.01147198677063,4933
174.01204323768616,4932
174.01478791236877,4931
174.01508688926697,4930
174.02357411384583,4929
174.02993297576904,4928
174.03183698654175,4927
174.03322005271912,4926
174.03347396850586,4925
174.03711009025574,4924
174.03767895698547,4923
174.03857493400574,4922
174.0485610961914,4921
174.05240726470947,4920
174.05482983589172,4919
174.05529308319092,4918
174.05763387680054,4917
174.05955696105957,4916
174.06112813949585,4915
174.0653669834137,4914
174.06591701507568,4913
174.06795501708984,4912
174.07395219802856,4911
174.07451605796814,4910
174.0819091796875,4909
174.0828239917755,4908
174.09274101257324,4907
174.09497094154358,4906
174.09670305252075,4905
174.0985848903656,4904
174.0991530418396,4903
174.10005497932434,4902
174.1019458770752,4901
174.10460925102234,4900
174.1057939529419,4899
174.11318111419678,4898
174.1154580116272,4897
174.12061715126038,4896
174.12309789657593,4895
174.12401485443115,4894
174.12695693969727,4893
174.1302511692047,4892
174.13289499282837,4891
174.13406801223755,4890
174.13754892349243,4889
174.1467821598053,4888
174.16215801239014,4887
174.16456413269043,4886
174.17318415641785,4885
174.17456007003784,4884
174.17869091033936,4883
174.1870732307434,4882
174.18987202644348,4881
174.19277095794678,4880
174.20710682868958,4879
174.21285581588745,4878
174.2151460647583,4877
174.21653413772583,4876
174.21736192703247,4875
174.21829104423523,4874
174.2187421321869,4873
174.23154020309448,4872
174.23391795158386,4871
174.23527693748474,4870
174.23690104484558,4869
174.24122500419617,4868
174.24190592765808,4867
174.24270391464233,4866
174.24369502067566,4865
174.24901700019836,4864
174.2537670135498,4863
174.25457906723022,4862
174.2568211555481,4861
174.2663290500641,4860
174.26682806015015,4859
174.27584290504456,4858
174.28004503250122,4857
174.2807309627533,4856
174.28695106506348,4855
174.29631400108337,4854
174.3041229248047,4853
174.3045690059662,4852
174.30609798431396,4851
174.31202101707458,4850
174.31251001358032,4849
174.31396007537842,4848
174.31504607200623,4847
174.31819200515747,4846
174.32832288742065,4845
174.3319251537323,4844
174.33744502067566,4843
174.33784985542297,4842
174.3448588848114,4841
174.34658908843994,4840
174.35350012779236,4839
174.35388803482056,4838
174.36027312278748,4837
174.36116480827332,4836
174.36238813400269,4835
174.36534595489502,4834
174.3693380355835,4833
174.37050986289978,4832
174.37145709991455,4831
174.37976503372192,4830
174.38053703308105,4829
174.38136625289917,4828
174.38358688354492,4827
174.38456416130066,4826
174.3849802017212,4825
174.3863489627838,4824
174.39081406593323,4823
174.39386892318726,4822
174.40452098846436,4821
174.40499591827393,4820
174.41573309898376,4819
174.41840505599976,4818
174.41901087760925,4817
174.42076516151428,4816
174.42137002944946,4815
174.42407894134521,4814
174.43406200408936,4813
174.4376060962677,4812
174.43822503089905,4811
174.4458589553833,4810
174.44682717323303,4809
174.45369505882263,4808
174.45782208442688,4807
174.46011996269226,4806
174.46036791801453,4805
174.4786970615387,4804
174.48460412025452,4803
174.48568415641785,4802
174.4884729385376,4801
174.48979306221008,4800
174.49119591712952,4799
174.50172090530396,4798
174.50310587882996,4797
174.5103600025177,4796
174.52265787124634,4795
174.52943015098572,4794
174.53067088127136,4793
174.5312521457672,4792
174.53439283370972,4791
174.53944897651672,4790
174.541974067688,4789
174.5428650379181,4788
174.5450360774994,4787
174.54572105407715,4786
174.55354809761047,4785
174.554603099823,4784
174.55711603164673,4783
174.55798602104187,4782
174.5637788772583,4781
174.56838583946228,4780
174.57385396957397,4779
174.57448887825012,4778
174.5750858783722,4777
174.58989810943604,4776
174.59108304977417,4775
174.59325408935547,4774
174.60203909873962,4773
174.60701513290405,4772
174.60961604118347,4771
174.61364698410034,4770
174.61620998382568,4769
174.6169822216034,4768
174.63383793830872,4767
174.63571000099182,4766
174.63870096206665,4765
174.64831709861755,4764
174.64989614486694,4763
174.65253114700317,4762
174.65277409553528,4761
174.6560389995575,4760
174.6576271057129,4759
174.65803599357605,4758
174.67281222343445,4757
174.6750190258026,4756
174.6787359714508,4755
174.68085312843323,4754
174.68210101127625,4753
174.68398904800415,4752
174.685693025589,4751
174.68833112716675,4750
174.6917040348053,4749
174.69300889968872,4748
174.69325923919678,4747
174.69350004196167,4746
174.69491910934448,4745
174.7068910598755,4744
174.70778703689575,4743
174.708811044693,4742
174.7108030319214,4741
174.72119617462158,4740
174.72913694381714,4739
174.73218894004822,4738
174.73706889152527,4737
174.74786114692688,4736
174.74904799461365,4735
174.7501609325409,4734
174.7525510787964,4733
174.7527780532837,4732
174.75418710708618,4731
174.75588011741638,4730
174.76159286499023,4729
174.76582098007202,4728
174.77909994125366,4727
174.79199123382568,4726
174.79348421096802,4725
174.79438185691833,4724
174.79862904548645,4723
174.8131091594696,4722
174.82130599021912,4721
174.83483505249023,4720
174.83778500556946,4719
174.84398698806763,4718
174.84511804580688,4717
174.84666395187378,4716
174.84806895256042,4715
174.85161089897156,4714
174.8552348613739,4713
174.85817503929138,4712
174.86168003082275,4711
174.86245584487915,4710
174.8630712032318,4709
174.8789689540863,4708
174.88125205039978,4707
174.88200306892395,4706
174.88808608055115,4705
174.8939859867096,4704
174.90662002563477,4703
174.9094638824463,4702
174.9274661540985,4701
174.93290615081787,4700
174.93452715873718,4699
174.93477702140808,4698
174.94539403915405,4697
174.94640803337097,4696
174.95222997665405,4695
174.95790100097656,4694
174.9612729549408,4693
174.96224403381348,4692
174.9668309688568,4691
174.96781492233276,4690
174.96941709518433,4689
174.96985721588135,4688
174.97798204421997,4687
174.98089408874512,4686
174.98961997032166,4685
174.99215507507324,4684
174.9957709312439,4683
174.99877095222473,4682
175.00174593925476,4681
175.00697779655457,4680
175.01372408866882,4679
175.02434706687927,4678
175.02509307861328,4677
175.03772497177124,4676
175.04395699501038,4675
175.0463240146637,4674
175.04892206192017,4673
175.04937314987183,4672
175.0597460269928,4671
175.0610270500183,4670
175.0669641494751,4669
175.07257723808289,4668
175.07604694366455,4667
175.07829117774963,4666
175.08221912384033,4665
175.0850269794464,4664
175.08628106117249,4663
175.08945107460022,4662
175.10068321228027,4661
175.10617780685425,4660
175.10994386672974,4659
175.12553000450134,4658
175.13474488258362,4657
175.13640689849854,4656
175.14139699935913,4655
175.14354014396667,4654
175.1469099521637,4653
175.14838099479675,4652
175.15148496627808,4651
175.154550075531,4650
175.15631198883057,4649
175.1571750640869,4648
175.1591329574585,4647
175.16641807556152,4646
175.16810822486877,4645
175.17248010635376,4644
175.17745280265808,4643
175.179340839386,4642
175.18037700653076,4641
175.182599067688,4640
175.18530297279358,4639
175.18614101409912,4638
175.18683290481567,4637
175.188462972641,4636
175.18961811065674,4635
175.1938099861145,4634
175.19408702850342,4633
175.19537115097046,4632
175.1972451210022,4631
175.20287489891052,4630
175.20530319213867,4629
175.20777416229248,4628
175.20928597450256,4627
175.21059107780457,4626
175.21406817436218,4625
175.2168300151825,4624
175.2176558971405,4623
175.2194309234619,4622
175.21994805335999,4621
175.23174214363098,4620
175.23453497886658,4619
175.23492693901062,4618
175.23718214035034,4617
175.2403049468994,4616
175.24251508712769,4615
175.24739694595337,4614
175.25205993652344,4613
175.2528111934662,4612
175.2574920654297,4611
175.25913619995117,4610
175.2607409954071,4609
175.2625150680542,4608
175.26822686195374,4607
175.28046011924744,4606
175.29525113105774,4605
175.30276322364807,4604
175.3057119846344,4603
175.30893087387085,4602
175.3112862110138,4601
175.3119912147522,4600
175.31733894348145,4599
175.32453417778015,4598
175.32854413986206,4597
175.33745121955872,4596
175.33827710151672,4595
175.33882403373718,4594
175.34256291389465,4593
175.3435800075531,4592
175.34783911705017,4591
175.3496379852295,4590
175.35109424591064,4589
175.35179924964905,4588
175.35356402397156,4587
175.3538031578064,4586
175.35433101654053,4585
175.36057305335999,4584
175.36743783950806,4583
175.3738992214203,4582
175.37599802017212,4581
175.38024997711182,4580
175.3829562664032,4579
175.3841061592102,4578
175.3862009048462,4577
175.39409494400024,4576
175.40609002113342,4575
175.40646600723267,4574
175.40928506851196,4573
175.41273999214172,4572
175.41653990745544,4571
175.4320080280304,4570
175.43701910972595,4569
175.43973517417908,4568
175.44200110435486,4567
175.4435911178589,4566
175.4484519958496,4565
175.45250797271729,4564
175.4562590122223,4563
175.47535800933838,4562
175.48057198524475,4561
175.48228001594543,4560
175.48938393592834,4559
175.49831318855286,4558
175.49974298477173,4557
175.50069117546082,4556
175.50121212005615,4555
175.50155997276306,4554
175.50333905220032,4553
175.511638879776,4552
175.51293301582336,4551
175.51583409309387,4550
175.53025102615356,4549
175.53834199905396,4548
175.54018902778625,4547
175.54054999351501,4546
175.55076503753662,4545
175.55556321144104,4544
175.55652499198914,4543
175.55736303329468,4542
175.56830286979675,4541
175.57045698165894,4540
175.5760521888733,4539
175.5959050655365,4538
175.59971380233765,4537
175.61171221733093,4536
175.61320209503174,4535
175.61864614486694,4534
175.61948800086975,4533
175.6204812526703,4532
175.62085008621216,4531
175.62139105796814,4530
175.62345504760742,4529
175.6244649887085,4528
175.6401629447937,4527
175.65009713172913,4526
175.65108013153076,4525
175.65683102607727,4524
175.65978503227234,4523
175.6639461517334,4522
175.66415905952454,4521
175.664696931839,4520
175.6656711101532,4519
175.67782402038574,4518
175.6800000667572,4517
175.68234610557556,4516
175.68692803382874,4515
175.6895670890808,4514
175.6902310848236,4513
175.69242310523987,4512
175.69608998298645,4511
175.6973750591278,4510
175.69833993911743,4509
175.7000768184662,4508
175.70677304267883,4507
175.7155909538269,4506
175.7231900691986,4505
175.72432708740234,4504
175.73040914535522,4503
175.7335069179535,4502
175.7347710132599,4501
175.73912405967712,4500
175.7408411502838,4499
175.7416729927063,4498
175.74248790740967,4497
175.74691891670227,4496
175.74982690811157,4495
175.75459909439087,4494
175.75750589370728,4493
175.7635931968689,4492
175.76889896392822,4491
175.77213287353516,4490
175.77387404441833,4489
175.7749981880188,4488
175.7849280834198,4487
175.78590393066406,4486
175.78745889663696,4485
175.79038906097412,4484
175.7952630519867,4483
175.79593801498413,4482
175.79614400863647,4481
175.80579209327698,4480
175.80749821662903,4479
175.81149291992188,4478
175.81232404708862,4477
175.81512689590454,4476
175.82059597969055,4475
175.82589197158813,4474
175.8372139930725,4473
175.84283089637756,4472
175.84888195991516,4471
175.85462999343872,4470
175.85500407218933,4469
175.86268997192383,4468
175.86995220184326,4467
175.87739205360413,4466
175.88286304473877,4465
175.88520622253418,4464
175.88600397109985,4463
175.8996880054474,4462
175.90654397010803,4461
175.90752005577087,4460
175.91254305839539,4459
175.91517806053162,4458
175.9177930355072,4457
175.92511916160583,4456
175.9265308380127,4455
175.9302418231964,4454
175.9312138557434,4453
175.9324939250946,4452
175.9369020462036,4451
175.9447820186615,4450
175.94707798957825,4449
175.95241713523865,4448
175.95291996002197,4447
175.95915913581848,4446
175.96056509017944,4445
175.9634771347046,4444
175.97331500053406,4443
175.985435962677,4442
175.99028706550598,4441
175.9954400062561,4440
176.00194120407104,4439
176.02131390571594,4438
176.0314531326294,4437
176.0407269001007,4436
176.04376006126404,4435
176.04903101921082,4434
176.0539619922638,4433
176.06203413009644,4432
176.0733721256256,4431
176.07479214668274,4430
176.07560515403748,4429
176.08969712257385,4428
176.0921392440796,4427
176.0962269306183,4426
176.1047739982605,4425
176.10529708862305,4424
176.1069929599762,4423
176.12225222587585,4422
176.12452793121338,4421
176.1266851425171,4420
176.12986302375793,4419
176.13185691833496,4418
176.13565397262573,4417
176.1421480178833,4416
176.14354705810547,4415
176.1443648338318,4414
176.14576196670532,4413
176.1461341381073,4412
176.15839910507202,4411
176.16237092018127,4410
176.16590905189514,4409
176.1746141910553,4408
176.19226598739624,4407
176.1981258392334,4406
176.19850206375122,4405
176.19914722442627,4404
176.20008897781372,4403
176.20240116119385,4402
176.20573806762695,4401
176.20999312400818,4400
176.21199011802673,4399
176.21488189697266,4398
176.21656894683838,4397
176.2300670146942,4396
176.23041486740112,4395
176.23325300216675,4394
176.23496794700623,4393
176.23758006095886,4392
176.237939119339,4391
176.24599504470825,4390
176.25468611717224,4389
176.26100492477417,4388
176.2615020275116,4387
176.2809100151062,4386
176.29898810386658,4385
176.29966187477112,4384
176.30694103240967,4383
176.3083438873291,4382
176.31490111351013,4381
176.3152720928192,4380
176.3154730796814,4379
176.32008409500122,4378
176.32309317588806,4377
176.34644103050232,4376
176.34767198562622,4375
176.37783408164978,4374
176.39519596099854,4373
176.40009093284607,4372
176.41026997566223,4371
176.41256403923035,4370
176.41593408584595,4369
176.41647100448608,4368
176.4293200969696,4367
176.43058800697327,4366
176.44391512870789,4365
176.45787811279297,4364
176.4613139629364,4363
176.46301913261414,4362
176.47871112823486,4361
176.47983813285828,4360
176.48610997200012,4359
176.49521493911743,4358
176.4961540699005,4357
176.50242590904236,4356
176.50322699546814,4355
176.50671696662903,4354
176.536639213562,4353
176.55044412612915,4352
176.5518500804901,4351
176.55877304077148,4350
176.5610489845276,4349
176.56762719154358,4348
176.5788938999176,4347
176.58239912986755,4346
176.5945839881897,4345
176.60190200805664,4344
176.60743618011475,4343
176.61383414268494,4342
176.61418294906616,4341
176.6144049167633,4340
176.6156849861145,4339
176.61634302139282,4338
176.61951184272766,4337
176.62711215019226,4336
176.63636302947998,4335
176.6386640071869,4334
176.63917088508606,4333
176.64600801467896,4332
176.6481318473816,4331
176.64878296852112,4330
176.65002512931824,4329
176.65616106987,4328
176.66157698631287,4327
176.6691858768463,4326
176.68265509605408,4325
176.69153118133545,4324
176.69439911842346,4323
176.70223808288574,4322
176.70847606658936,4321
176.7144012451172,4320
176.72414922714233,4319
176.7315218448639,4318
176.75036311149597,4317
176.7527859210968,4316
176.7538800239563,4315
176.76216411590576,4314
176.7683811187744,4313
176.77082705497742,4312
176.7711751461029,4311
176.77153396606445,4310
176.77352690696716,4309
176.7833161354065,4308
176.7861750125885,4307
176.79656791687012,4306
176.79883408546448,4305
176.80484199523926,4304
176.81237602233887,4303
176.82450222969055,4302
176.82588601112366,4301
176.83282995224,4300
176.8339171409607,4299
176.83825397491455,4298
176.85802292823792,4297
176.87770295143127,4296
176.88145399093628,4295
176.884614944458,4294
176.8889400959015,4293
176.89090299606323,4292
176.89169812202454,4291
176.8972020149231,4290
176.90519523620605,4289
176.91761589050293,4288
176.92076802253723,4287
176.92524600028992,4286
176.92618823051453,4285
176.92758417129517,4284
176.93453288078308,4283
176.93912410736084,4282
176.94180583953857,4281
176.94320607185364,4280
176.94854402542114,4279
176.96837425231934,4278
176.97034096717834,4277
176.9709930419922,4276
176.97251892089844,4275
176.97551083564758,4274
176.9919250011444,4273
176.99734210968018,4272
176.99903297424316,4271
177.00719022750854,4270
177.00901103019714,4269
177.02167510986328,4268
177.03199696540833,4267
177.04215788841248,4266
177.0469138622284,4265
177.04991507530212,4264
177.06315207481384,4263
177.06776404380798,4262
177.07326817512512,4261
177.0740602016449,4260
177.0804250240326,4259
177.08535623550415,4258
177.0973138809204,4257
177.10162901878357,4256
177.1063849925995,4255
177.10821104049683,4254
177.10856103897095,4253
177.1119430065155,4252
177.11420607566833,4251
177.13406705856323,4250
177.13683223724365,4249
177.16176295280457,4248
177.1638901233673,4247
177.1657271385193,4246
177.16962003707886,4245
177.19572806358337,4244
177.21184301376343,4243
177.22751116752625,4242
177.24280905723572,4241
177.24830102920532,4240
177.25186395645142,4239
177.2531111240387,4238
177.25390195846558,4237
177.2571840286255,4236
177.2686779499054,4235
177.26917910575867,4234
177.27070713043213,4233
177.27341604232788,4232
177.32860803604126,4231
177.33659100532532,4230
177.33709716796875,4229
177.34283089637756,4228
177.34564995765686,4227
177.34673285484314,4226
177.3595860004425,4225
177.36115097999573,4224
177.36444187164307,4223
177.37401509284973,4222
177.3813500404358,4221
177.39513301849365,4220
177.39751887321472,4219
177.40138602256775,4218
177.40160012245178,4217
177.4066309928894,4216
177.41502285003662,4215
177.41833901405334,4214
177.4210650920868,4213
177.43220901489258,4212
177.4400029182434,4211
177.4521679878235,4210
177.46070909500122,4209
177.46631002426147,4208
177.4794671535492,4207
177.4796769618988,4206
177.4798800945282,4205
177.48183703422546,4204
177.49877309799194,4203
177.50149011611938,4202
177.5134301185608,4201
177.52217984199524,4200
177.52918410301208,4199
177.53229594230652,4198
177.53805494308472,4197
177.53985118865967,4196
177.5405080318451,4195
177.54085111618042,4194
177.54438304901123,4193
177.54708099365234,4192
177.5502061843872,4191
177.55187106132507,4190
177.55252695083618,4189
177.55795788764954,4188
177.56314396858215,4187
177.56555604934692,4186
177.56708693504333,4185
177.57154393196106,4184
177.57716012001038,4183
177.57852983474731,4182
177.57873797416687,4181
177.5825650691986,4180
177.58335399627686,4179
177.58895897865295,4178
177.59341192245483,4177
177.59757709503174,4176
177.60171699523926,4175
177.6048469543457,4174
177.60709691047668,4173
177.61152505874634,4172
177.61348009109497,4171
177.61485815048218,4170
177.62153792381287,4169
177.62323594093323,4168
177.6267969608307,4167
177.6293499469757,4166
177.6465790271759,4165
177.69037508964539,4164
177.70755219459534,4163
177.72397804260254,4162
177.7347960472107,4161
177.74198698997498,4160
177.744243144989,4159
177.74474620819092,4158
177.75047421455383,4157
177.7536220550537,4156
177.75919604301453,4155
177.76773524284363,4154
177.77789902687073,4153
177.78835797309875,4152
177.79541993141174,4151
177.79679703712463,4150
177.80732989311218,4149
177.82050395011902,4148
177.8209991455078,4147
177.8319971561432,4146
177.83758902549744,4145
177.85691499710083,4144
177.88721704483032,4143
177.8896200656891,4142
177.89055490493774,4141
177.90212202072144,4140
177.90976119041443,4139
177.91976618766785,4138
177.9485170841217,4137
177.9532871246338,4136
177.96226811408997,4135
177.9636571407318,4134
177.9685242176056,4133
177.97123312950134,4132
177.98398804664612,4131
177.99220490455627,4130
177.9988031387329,4129
178.00177693367004,4128
178.01024794578552,4127
178.02033495903015,4126
178.0231809616089,4125
178.02601623535156,4124
178.03713607788086,4123
178.0382218360901,4122
178.05225110054016,4121
178.06101894378662,4120
178.07260608673096,4119
178.0857858657837,4118
178.08861804008484,4117
178.1053910255432,4116
178.12567901611328,4115
178.12865805625916,4114
178.13089108467102,4113
178.13212609291077,4112
178.1358139514923,4111
178.13675618171692,4110
178.14857721328735,4109
178.15344190597534,4108
178.17721009254456,4107
178.1788890361786,4106
178.18633890151978,4105
178.2053349018097,4104
178.21077489852905,4103
178.21825122833252,4102
178.2245910167694,4101
178.22814297676086,4100
178.25187015533447,4099
178.2558491230011,4098
178.2589521408081,4097
178.28189611434937,4096
178.28760886192322,4095
178.29366898536682,4094
178.2939968109131,4093
178.30714416503906,4092
178.3084671497345,4091
178.31695818901062,4090
178.31899499893188,4089
178.3357799053192,4088
178.3528962135315,4087
178.35358023643494,4086
178.3671419620514,4085
178.37060809135437,4084
178.3784339427948,4083
178.38576912879944,4082
178.40667700767517,4081
178.41002893447876,4080
178.4246621131897,4079
178.42607402801514,4078
178.4458110332489,4077
178.45430302619934,4076
178.465754032135,4075
178.4672920703888,4074
178.47745013237,4073
178.48396801948547,4072
178.48645305633545,4071
178.49016499519348,4070
178.493017911911,4069
178.49954795837402,4068
178.5072431564331,4067
178.51215815544128,4066
178.5133020877838,4065
178.52767300605774,4064
178.53456115722656,4063
178.5389862060547,4062
178.5466890335083,4061
178.5575029850006,4060
178.5743989944458,4059
178.58246302604675,4058
178.59135508537292,4057
178.60267400741577,4056
178.60781717300415,4055
178.61331009864807,4054
178.61865901947021,4053
178.63289308547974,4052
178.65432214736938,4051
178.6804850101471,4050
178.6814420223236,4049
178.68962502479553,4048
178.69115710258484,4047
178.7146761417389,4046
178.73860692977905,4045
178.74557185173035,4044
178.7585859298706,4043
178.76099491119385,4042
178.77905702590942,4041
178.78303909301758,4040
178.7870020866394,4039
178.79100513458252,4038
178.8026840686798,4037
178.80640602111816,4036
178.8093981742859,4035
178.81680607795715,4034
178.85494303703308,4033
178.87710189819336,4032
178.88213801383972,4031
178.8841450214386,4030
178.886901140213,4029
178.89561104774475,4028
178.91796898841858,4027
178.92073893547058,4026
178.92846298217773,4025
178.93971014022827,4024
178.94793796539307,4023
178.97815418243408,4022
178.9901351928711,4021
178.9971101284027,4020
178.99812698364258,4019
178.9991409778595,4018
179.00476002693176,4017
179.0054109096527,4016
179.0294749736786,4015
179.02976179122925,4014
179.06628704071045,4013
179.07024121284485,4012
179.0974681377411,4011
179.1157021522522,4010
179.1325421333313,4009
179.13747906684875,4008
179.15163612365723,4007
179.1766722202301,4006
179.18075609207153,4005
179.21640419960022,4004
179.22000193595886,4003
179.2244119644165,4002
179.23919796943665,4001
179.24035120010376,4000
179.25101494789124,3999
179.25423407554626,3998
179.26123905181885,3997
179.26349186897278,3996
179.2662239074707,3995
179.2663881778717,3994
179.27577781677246,3993
179.28505396842957,3992
179.29865789413452,3991
179.31744003295898,3990
179.32173705101013,3989
179.32189917564392,3988
179.33078503608704,3987
179.35163402557373,3986
179.35679817199707,3985
179.3707091808319,3984
179.37087607383728,3983
179.37315201759338,3982
179.37525701522827,3981
179.37541794776917,3980
179.3851191997528,3979
179.39673709869385,3978
179.40839505195618,3977
179.41017723083496,3976
179.41160202026367,3975
179.4309070110321,3974
179.43513202667236,3973
179.44216895103455,3972
179.4504861831665,3971
179.45286417007446,3970
179.45463681221008,3969
179.4550621509552,3968
179.48617887496948,3967
179.51117396354675,3966
179.5224211215973,3965
179.5269739627838,3964
179.59085822105408,3963
179.59837102890015,3962
179.60064697265625,3961
179.60215091705322,3960
179.62878012657166,3959
179.630056142807,3958
179.6302192211151,3957
179.63152503967285,3956
179.66963005065918,3955
179.67164707183838,3954
179.67832612991333,3953
179.68993282318115,3952
179.69083404541016,3951
179.69957423210144,3950
179.70505714416504,3949
179.7141740322113,3948
179.7311680316925,3947
179.73378014564514,3946
179.75135803222656,3945
179.75881099700928,3944
179.7787230014801,3943
179.80642700195312,3942
179.8586709499359,3941
179.87050819396973,3940
179.88537883758545,3939
179.89032196998596,3938
179.90470099449158,3937
179.90671396255493,3936
179.9125201702118,3935
179.92323398590088,3934
179.93135714530945,3933
179.9666290283203,3932
179.98269605636597,3931
180.0003080368042,3930
180.02366614341736,3929
180.03213906288147,3928
180.0418860912323,3927
180.06041717529297,3926
180.0746672153473,3925
180.08914804458618,3924
180.10309219360352,3923
180.11007118225098,3922
180.15518021583557,3921
180.15635585784912,3920
180.1580891609192,3919
180.16791200637817,3918
180.18844509124756,3917
180.21232104301453,3916
180.22473311424255,3915
180.22637295722961,3914
180.24276685714722,3913
180.26026606559753,3912
180.2630889415741,3911
180.26751399040222,3910
180.27022099494934,3909
180.28754591941833,3908
180.2997989654541,3907
180.3270070552826,3906
180.3400559425354,3905
180.37307405471802,3904
180.42877101898193,3903
180.4292290210724,3902
180.4363260269165,3901
180.44020795822144,3900
180.44794702529907,3899
180.45484805107117,3898
180.48723483085632,3897
180.49588203430176,3896
180.49717497825623,3895
180.53874492645264,3894
180.57995700836182,3893
180.60153889656067,3892
180.60936093330383,3891
180.63828992843628,3890
180.6428098678589,3889
180.6717882156372,3888
180.69960403442383,3887
180.70584297180176,3886
180.73555397987366,3885
180.74074816703796,3884
180.7579071521759,3883
180.7707941532135,3882
180.78431916236877,3881
180.78525710105896,3880
180.78784704208374,3879
180.79922699928284,3878
180.8242311477661,3877
180.84547305107117,3876
180.88085103034973,3875
180.88346314430237,3874
180.95618605613708,3873
180.9617440700531,3872
180.9781138896942,3871
181.01580810546875,3870
181.04210305213928,3869
181.05207419395447,3868
181.06089615821838,3867
181.06450605392456,3866
181.06806993484497,3865
181.08832597732544,3864
181.093768119812,3863
181.13248801231384,3862
181.17352509498596,3861
181.1792221069336,3860
181.1820571422577,3859
181.2831151485443,3858
181.3049590587616,3857
181.3087100982666,3856
181.30913281440735,3855
181.32242798805237,3854
181.32442498207092,3853
181.33593606948853,3852
181.3486201763153,3851
181.3608090877533,3850
181.42219924926758,3849
181.43306612968445,3848
181.45626616477966,3847
181.46715807914734,3846
181.4797830581665,3845
181.48105716705322,3844
181.502543926239,3843
181.51700115203857,3842
181.53288412094116,3841
181.57350301742554,3840
181.60443711280823,3839
181.66989398002625,3838
181.71122312545776,3837
181.73024606704712,3836
181.7400872707367,3835
