2.8848648071289062e-05,1024
0.001542806625366211,1023
0.0029828548431396484,1022
0.004390716552734375,1021
0.006075859069824219,1020
0.007486820220947266,1019
0.008912801742553711,1018
0.01031494140625,1017
0.011772871017456055,1016
0.013220787048339844,1015
0.014665842056274414,1014
0.01613473892211914,1013
0.017611026763916016,1012
0.01902484893798828,1011
0.020430803298950195,1010
0.021832942962646484,1009
0.023250818252563477,1008
0.024644851684570312,1007
0.026042699813842773,1006
0.027443885803222656,1005
0.02884197235107422,1004
0.030237913131713867,1003
0.03164482116699219,1002
0.03304290771484375,1001
0.03444671630859375,1000
0.03584885597229004,999
0.03724169731140137,998
0.0386350154876709,997
0.04003095626831055,996
0.04143095016479492,995
0.04285788536071777,994
0.044278860092163086,993
0.045684814453125,992
0.047087669372558594,991
0.04849100112915039,990
0.049884796142578125,989
0.05247783660888672,988
0.05387592315673828,987
0.05527687072753906,986
0.05666780471801758,985
0.05806469917297363,984
0.05946183204650879,983
0.06087493896484375,982
0.06233477592468262,981
0.06373882293701172,980
0.06513690948486328,979
0.0665597915649414,978
0.06799983978271484,977
0.06941795349121094,976
0.07087278366088867,975
0.07227277755737305,974
0.07368278503417969,973
0.07508492469787598,972
0.07647895812988281,971
0.07788276672363281,970
0.07927870750427246,969
0.08067679405212402,968
0.08206677436828613,967
0.08438277244567871,966
0.0857858657836914,965
0.08719086647033691,964
0.08861064910888672,963
0.09000968933105469,962
0.09141778945922852,961
0.09282183647155762,960
0.09422183036804199,959
0.09561681747436523,958
0.09701299667358398,957
0.09842300415039062,956
0.09981894493103027,955
0.10121798515319824,954
0.10262584686279297,953
0.10402393341064453,952
0.10542106628417969,951
0.1068117618560791,950
0.10821986198425293,949
0.10962581634521484,948
0.11103105545043945,947
0.11243891716003418,946
0.11383867263793945,945
0.11525774002075195,944
0.11670780181884766,943
0.11815762519836426,942
0.12072277069091797,941
0.12212991714477539,940
0.1244819164276123,939
0.1258838176727295,938
0.12728381156921387,937
0.12868785858154297,936
0.13008880615234375,935
0.13149166107177734,934
0.13289690017700195,933
0.1343059539794922,932
0.13572287559509277,931
0.13713574409484863,930
0.13854169845581055,929
0.13994479179382324,928
0.14134597778320312,927
0.1427457332611084,926
0.14415192604064941,925
0.14554286003112793,924
0.14693593978881836,923
0.14833307266235352,922
0.1505117416381836,921
0.1519160270690918,920
0.1533348560333252,919
0.1547389030456543,918
0.15614581108093262,917
0.15754175186157227,916
0.1589808464050293,915
0.16041803359985352,914
0.1618349552154541,913
0.1633448600769043,912
0.16703581809997559,911
0.1694488525390625,910
0.17199373245239258,909
0.17348289489746094,908
0.1749267578125,907
0.1763918399810791,906
0.17916274070739746,905
0.18059492111206055,904
0.18340301513671875,903
0.18488287925720215,902
0.18735194206237793,901
0.1888120174407959,900
0.19388890266418457,899
0.19542384147644043,898
0.196929931640625,897
0.19932007789611816,896
0.20073580741882324,895
0.20350265502929688,894
0.20493674278259277,893
0.20635581016540527,892
0.2077796459197998,891
0.2092149257659912,890
0.21325087547302246,889
0.21703290939331055,888
0.21848797798156738,887
0.21995997428894043,886
0.22147679328918457,885
0.22294092178344727,884
0.22447991371154785,883
0.22629785537719727,882
0.2277529239654541,881
0.22918987274169922,880
0.2306058406829834,879
0.23209476470947266,878
0.23679089546203613,877
0.23825383186340332,876
0.23967885971069336,875
0.24180889129638672,874
0.24324989318847656,873
0.24562978744506836,872
0.24831485748291016,871
0.2497248649597168,870
0.25240087509155273,869
0.26055073738098145,868
0.26296496391296387,867
0.2651667594909668,866
0.26894688606262207,865
0.2716069221496582,864
0.27370786666870117,863
0.2758448123931885,862
0.27940869331359863,861
0.2808387279510498,860
0.2839076519012451,859
0.2853267192840576,858
0.28673362731933594,857
0.28813886642456055,856
0.29659271240234375,855
0.2980048656463623,854
0.300642728805542,853
0.3020517826080322,852
0.3054509162902832,851
0.3068537712097168,850
0.3118557929992676,849
0.31521081924438477,848
0.31786274909973145,847
0.3211379051208496,846
0.3271920680999756,845
0.32991576194763184,844
0.33336687088012695,843
0.3372929096221924,842
0.33965492248535156,841
0.3423469066619873,840
0.34496188163757324,839
0.34733104705810547,838
0.35482168197631836,837
0.356306791305542,836
0.35781073570251465,835
0.36481189727783203,834
0.3662238121032715,833
0.3676447868347168,832
0.3690638542175293,831
0.3704688549041748,830
0.373093843460083,829
0.3744997978210449,828
0.378389835357666,827
0.3818519115447998,826
0.387969970703125,825
0.39026403427124023,824
0.39266395568847656,823
0.3940737247467041,822
0.3988628387451172,821
0.40163087844848633,820
0.406343936920166,819
0.41165995597839355,818
0.41611385345458984,817
0.4186697006225586,816
0.4252748489379883,815
0.42787981033325195,814
0.4292948246002197,813
0.43183374404907227,812
0.43439197540283203,811
0.43929600715637207,810
0.4420328140258789,809
0.4447329044342041,808
0.4475557804107666,807
0.4521059989929199,806
0.4548017978668213,805
0.4594097137451172,804
0.4630608558654785,803
0.4665358066558838,802
0.4679379463195801,801
0.4702897071838379,800
0.4728879928588867,799
0.4743077754974365,798
0.47644686698913574,797
0.47785067558288574,796
0.48172688484191895,795
0.4849379062652588,794
0.4870278835296631,793
0.48932504653930664,792
0.4914267063140869,791
0.4928278923034668,790
0.4950857162475586,789
0.4972548484802246,788
0.49866485595703125,787
0.5017409324645996,786
0.5059828758239746,785
0.5073797702789307,784
0.5161378383636475,783
0.5216870307922363,782
0.5230939388275146,781
0.5245029926300049,780
0.5320718288421631,779
0.5521247386932373,778
0.5644967555999756,777
0.5675499439239502,776
0.5844228267669678,775
0.5858747959136963,774
0.6034207344055176,773
0.6128377914428711,772
0.6268069744110107,771
0.6291987895965576,770
0.6339337825775146,769
0.6392688751220703,768
0.6560368537902832,767
0.7079298496246338,766
0.7298529148101807,765
0.7349748611450195,764
0.7461769580841064,763
0.7486047744750977,762
0.7680356502532959,761
0.7758738994598389,760
0.7848477363586426,759
0.78926682472229,758
0.8051588535308838,757
0.8743557929992676,756
0.8772537708282471,755
0.9054408073425293,754
0.9083867073059082,753
0.9137787818908691,752
0.9685318470001221,751
1.0258989334106445,750
1.0331766605377197,749
1.0795328617095947,748
1.1140117645263672,747
1.1222918033599854,746
