0.0,30560
4.306119203567505,819
4.30866003036499,818
4.308709144592285,817
4.308899164199829,816
4.309053182601929,815
4.309067010879517,814
4.3108673095703125,813
4.34880518913269,812
4.348823070526123,811
4.3488383293151855,810
4.350576162338257,809
4.350614070892334,808
4.374828100204468,805
4.384997129440308,804
4.4004411697387695,803
4.434352159500122,802
4.434383153915405,801
4.434422016143799,800
4.434437274932861,799
4.43459415435791,798
4.434869050979614,797
4.454539060592651,796
4.457175016403198,795
4.4576990604400635,794
4.457740068435669,793
4.458202123641968,792
4.466914176940918,791
4.466979026794434,790
4.467051982879639,789
4.477228164672852,788
4.478946208953857,787
4.479027986526489,786
4.479374170303345,785
4.479894161224365,784
4.4804041385650635,783
4.480659246444702,782
4.480769157409668,781
4.480882167816162,780
4.4810261726379395,779
4.481076002120972,778
4.481597900390625,777
4.527342081069946,776
4.529430150985718,775
4.529940128326416,774
4.5424933433532715,773
4.543297052383423,772
4.557294130325317,771
4.557861089706421,770
4.559549331665039,769
4.566652297973633,768
4.576019287109375,767
4.577303171157837,766
4.595030069351196,765
4.595081090927124,764
4.595876216888428,763
4.596079111099243,762
4.5972301959991455,761
4.597292184829712,760
4.598382234573364,759
4.6185221672058105,758
4.625524997711182,757
4.641005039215088,756
4.641768217086792,755
4.644041061401367,754
4.644144296646118,753
4.660874128341675,752
4.661816120147705,751
4.662569046020508,750
4.692824125289917,749
4.69343900680542,748
4.704547166824341,747
4.7068562507629395,746
4.70697021484375,745
4.708142042160034,744
4.710694313049316,743
4.713985204696655,742
4.759960174560547,741
