0.0025568008422851562,1003
0.004124879837036133,1002
0.0056040287017822266,1001
0.0070760250091552734,1000
0.008502960205078125,999
0.009909868240356445,998
0.011302709579467773,997
0.012696027755737305,996
0.014070987701416016,995
0.015472888946533203,994
0.01685500144958496,993
0.018229961395263672,992
0.019609689712524414,991
0.021017789840698242,990
0.022397756576538086,989
0.02377486228942871,988
0.02583789825439453,987
0.02721571922302246,986
0.028593778610229492,985
0.029967069625854492,984
0.03137087821960449,983
0.03274893760681152,982
0.034120798110961914,981
0.03549695014953613,980
0.0368959903717041,979
0.03827667236328125,978
0.039650917053222656,977
0.04102587699890137,976
0.042424917221069336,975
0.043817996978759766,974
0.045209646224975586,973
0.04661703109741211,972
0.04803776741027832,971
0.051477909088134766,970
0.052876949310302734,969
0.05425667762756348,968
0.05562996864318848,967
0.0570070743560791,966
0.0584108829498291,965
0.05979585647583008,964
0.061171770095825195,963
0.06254386901855469,962
0.06393790245056152,961
0.06531786918640137,960
0.06669187545776367,959
0.06815099716186523,958
0.06956791877746582,957
0.07095980644226074,956
0.07234501838684082,955
0.07374382019042969,954
0.0752859115600586,953
0.07670378684997559,952
0.07810401916503906,951
0.07949376106262207,950
0.08179593086242676,949
0.08319091796875,948
0.08458495140075684,947
0.08600687980651855,946
0.08739876747131348,945
0.08878684043884277,944
0.09016990661621094,943
0.09154987335205078,942
0.09305071830749512,941
0.09557771682739258,940
0.09807205200195312,939
0.09944581985473633,938
0.10084176063537598,937
0.10227084159851074,936
0.10365104675292969,935
0.10502791404724121,934
0.1064307689666748,933
0.10780882835388184,932
0.10918879508972168,931
0.11056089401245117,930
0.11195588111877441,929
0.11333298683166504,928
0.1158447265625,927
0.11724591255187988,926
0.11940598487854004,925
0.12078094482421875,924
0.1221778392791748,923
0.12355685234069824,922
0.12493205070495605,921
0.12630987167358398,920
0.12770676612854004,919
0.12909483909606934,918
0.1305100917816162,917
0.13188767433166504,916
0.1332840919494629,915
0.13466167449951172,914
0.13603782653808594,913
0.13741207122802734,912
0.138808012008667,911
0.14018678665161133,910
0.14162993431091309,909
0.1430377960205078,908
0.14612984657287598,907
0.14750981330871582,906
0.14888286590576172,905
0.15128684043884277,904
0.15266084671020508,903
0.1540389060974121,902
0.15541386604309082,901
0.15679097175598145,900
0.1596510410308838,899
0.1617567539215088,898
0.16414093971252441,897
0.16551589965820312,896
0.1668868064880371,895
0.16826081275939941,894
0.1708977222442627,893
0.172271728515625,892
0.1749880313873291,891
0.1763608455657959,890
0.17868590354919434,889
0.18006181716918945,888
0.18589472770690918,887
0.18726587295532227,886
0.18951892852783203,885
0.19089579582214355,884
0.19357895851135254,883
0.19494986534118652,882
0.19632196426391602,881
0.19769597053527832,880
0.19907188415527344,879
0.20293879508972168,878
0.2066059112548828,877
0.20800566673278809,876
0.20938992500305176,875
0.2107698917388916,874
0.21297979354858398,873
0.2143568992614746,872
0.21573400497436523,871
0.21710777282714844,870
0.21848702430725098,869
0.21985888481140137,868
0.2243518829345703,867
0.22684788703918457,866
0.22974300384521484,865
0.2320268154144287,864
0.2346329689025879,863
0.23600387573242188,862
0.23860979080200195,861
0.24648690223693848,860
0.24881386756896973,859
0.25095701217651367,858
0.2546379566192627,857
0.25722289085388184,856
0.25925707817077637,855
0.2613098621368408,854
0.2647559642791748,853
0.26885485649108887,852
0.27093076705932617,851
0.27230095863342285,850
0.2804999351501465,849
0.2818727493286133,848
0.28443098068237305,847
0.2877218723297119,846
0.2933049201965332,845
0.29651665687561035,844
0.29909706115722656,843
0.30223989486694336,842
0.30814576148986816,841
0.31078290939331055,840
0.3143908977508545,839
0.31819796562194824,838
0.3204929828643799,837
0.3231017589569092,836
0.3256497383117676,835
0.32795095443725586,834
0.33464479446411133,833
0.3360128402709961,832
0.3425438404083252,831
0.34391188621520996,830
0.34528183937072754,829
0.3466496467590332,828
0.34801673889160156,827
0.35056090354919434,826
0.35193800926208496,825
0.3557109832763672,824
0.35907769203186035,823
0.36496996879577637,822
0.36719775199890137,821
0.36951494216918945,820
0.373913049697876,819
0.3765878677368164,818
0.3811209201812744,817
0.3863978385925293,816
0.39086484909057617,815
0.39345502853393555,814
0.4000098705291748,813
0.40254878997802734,812
0.4039149284362793,811
0.406383752822876,810
0.4088568687438965,809
0.41361498832702637,808
0.4162888526916504,807
0.4189109802246094,806
0.42577099800109863,805
0.43047380447387695,804
0.4340059757232666,803
0.43732500076293945,802
0.4386920928955078,801
0.4432990550994873,800
0.44466495513916016,799
0.4467198848724365,798
0.45044589042663574,797
0.4535388946533203,796
0.4570639133453369,795
0.45909690856933594,794
0.4604668617248535,793
0.46265172958374023,792
0.46471595764160156,791
0.46608400344848633,790
0.4690589904785156,789
0.4731566905975342,788
0.4745216369628906,787
0.4875047206878662,786
0.48886799812316895,785
0.4902338981628418,784
0.4974997043609619,783
0.5262079238891602,782
0.5433728694915771,781
0.5631918907165527,780
0.5723719596862793,779
0.5782487392425537,778
0.5863947868347168,777
0.5887458324432373,776
0.5935478210449219,775
0.5990638732910156,774
0.616506814956665,773
0.6660327911376953,772
0.6750519275665283,771
0.6799027919769287,770
0.6887538433074951,769
0.6939907073974609,768
0.7032837867736816,767
0.7047088146209717,766
0.7258527278900146,765
0.7348997592926025,764
0.7467849254608154,763
0.754234790802002,762
0.7628829479217529,761
0.8294119834899902,760
0.8322947025299072,759
0.8599228858947754,758
0.862860918045044,757
0.8682637214660645,756
0.9218659400939941,755
0.9835109710693359,754
1.029249906539917,753
1.0615208148956299,752
1.0700416564941406,751
