0.0015249252319335938,1003
0.0030307769775390625,1002
0.006024837493896484,1001
0.007500648498535156,1000
0.009027719497680664,999
0.010541677474975586,998
0.012051820755004883,997
0.013640880584716797,996
0.015138864517211914,995
0.016605854034423828,994
0.01807999610900879,993
0.019583940505981445,992
0.02099895477294922,991
0.022397994995117188,990
0.02378702163696289,989
0.02520298957824707,988
0.026592016220092773,987
0.027968883514404297,986
0.02942371368408203,985
0.030971765518188477,984
0.03244376182556152,983
0.033865928649902344,982
0.035286664962768555,981
0.037851810455322266,980
0.03928399085998535,979
0.04068779945373535,978
0.04208683967590332,977
0.043483734130859375,976
0.04618692398071289,975
0.0475618839263916,974
0.04895782470703125,973
0.050336599349975586,972
0.052870750427246094,971
0.05427384376525879,970
0.05564689636230469,969
0.0570218563079834,968
0.06037187576293945,967
0.061833858489990234,966
0.06322884559631348,965
0.06464099884033203,964
0.06604170799255371,963
0.06743574142456055,962
0.06881880760192871,961
0.07022905349731445,960
0.07162976264953613,959
0.07302570343017578,958
0.07442092895507812,957
0.07682371139526367,956
0.07821798324584961,955
0.0803687572479248,954
0.08268070220947266,953
0.08407402038574219,952
0.08548188209533691,951
0.08988475799560547,950
0.09129500389099121,949
0.09269404411315918,948
0.09407901763916016,947
0.09630489349365234,946
0.0976707935333252,945
0.09903788566589355,944
0.10043597221374512,943
0.10181975364685059,942
0.10319781303405762,941
0.10458588600158691,940
0.10598564147949219,939
0.10738468170166016,938
0.10876965522766113,937
0.11015486717224121,936
0.11155486106872559,935
0.11294174194335938,934
0.11432600021362305,933
0.11686563491821289,932
0.11825275421142578,931
0.12057280540466309,930
0.12197089195251465,929
0.12335991859436035,928
0.12560796737670898,927
0.12700796127319336,926
0.12839674949645996,925
0.12977886199951172,924
0.13116073608398438,923
0.13255667686462402,922
0.1339418888092041,921
0.13532280921936035,920
0.13671565055847168,919
0.13811302185058594,918
0.13949799537658691,917
0.14087486267089844,916
0.14225482940673828,915
0.1443777084350586,914
0.1457517147064209,913
0.14713191986083984,912
0.14852690696716309,911
0.14990901947021484,910
0.15128588676452637,909
0.1526637077331543,908
0.15530085563659668,907
0.15976786613464355,906
0.16187191009521484,905
0.16428899765014648,904
0.16566991806030273,903
0.16704678535461426,902
0.16843295097351074,901
0.1710798740386963,900
0.17245984077453613,899
0.17520475387573242,898
0.17658090591430664,897
0.17795467376708984,896
0.1793527603149414,895
0.18074274063110352,894
0.18324565887451172,893
0.18463993072509766,892
0.186676025390625,891
0.18805289268493652,890
0.19033503532409668,889
0.19350886344909668,888
0.19489097595214844,887
0.19626593589782715,886
0.19765400886535645,885
0.1990489959716797,884
0.2029428482055664,883
0.2066047191619873,882
0.20798063278198242,881
0.20939087867736816,880
0.21079683303833008,879
0.21217894554138184,878
0.21355700492858887,877
0.21495580673217773,876
0.21633672714233398,875
0.21771597862243652,874
0.21908998489379883,873
0.22048592567443848,872
0.22500991821289062,871
0.2263927459716797,870
0.22777080535888672,869
0.22986388206481934,868
0.2312467098236084,867
0.23354387283325195,866
0.2362198829650879,865
0.2399299144744873,864
0.24720478057861328,863
0.24956083297729492,862
0.2517108917236328,861
0.25864601135253906,860
0.26207590103149414,859
0.26553869247436523,858
0.26692986488342285,857
0.27020978927612305,856
0.2716028690338135,855
0.2736656665802002,854
0.2819216251373291,853
0.28329968452453613,852
0.2858879566192627,851
0.2872657775878906,850
0.2905888557434082,849
0.29196786880493164,848
0.29671573638916016,847
0.29808878898620605,846
0.2994837760925293,845
0.30086779594421387,844
0.3034508228302002,843
0.30660486221313477,842
0.31253480911254883,841
0.3184540271759033,840
0.32143688201904297,839
0.32460975646972656,838
0.3259856700897217,837
0.32856297492980957,836
0.33087587356567383,835
0.33754968643188477,834
0.3397388458251953,833
0.3454928398132324,832
0.34818387031555176,831
0.349564790725708,830
0.3509550094604492,829
0.35350465774536133,828
0.35488104820251465,827
0.3619966506958008,826
0.36765074729919434,825
0.3698997497558594,824
0.372208833694458,823
0.3736109733581543,822
0.3785438537597656,821
0.3813209533691406,820
0.38547682762145996,819
0.39072585105895996,818
0.39513182640075684,817
0.3976929187774658,816
0.4041478633880615,815
0.4067389965057373,814
0.40812087059020996,813
0.41063666343688965,812
0.41313791275024414,811
0.4179668426513672,810
0.4200437068939209,809
0.4227027893066406,808
0.4254028797149658,807
0.429811954498291,806
0.43244385719299316,805
0.43696069717407227,804
0.4405667781829834,803
0.44394779205322266,802
0.4453318119049072,801
0.44758081436157227,800
0.450178861618042,799
0.45156097412109375,798
0.45363879203796387,797
0.45502781867980957,796
0.4588038921356201,795
0.46018385887145996,794
0.4624767303466797,793
0.46451878547668457,792
0.4691178798675537,791
0.470491886138916,790
0.47272300720214844,789
0.4748067855834961,788
0.47620582580566406,787
0.4792158603668213,786
0.48337888717651367,785
0.48477983474731445,784
0.48931384086608887,783
0.49852490425109863,782
0.5005908012390137,781
0.5079727172851562,780
0.5257480144500732,779
0.5278406143188477,778
0.5387618541717529,777
0.5416529178619385,776
0.5553388595581055,775
0.5705208778381348,774
0.5910327434539795,773
0.5932788848876953,772
0.5978128910064697,771
0.602989673614502,770
0.6179637908935547,769
0.6619420051574707,768
0.6673836708068848,767
0.6935696601867676,766
0.7045457363128662,765
0.7069430351257324,764
0.7259857654571533,763
0.7336678504943848,762
0.7425076961517334,761
0.7468757629394531,760
0.8146367073059082,759
0.8211898803710938,758
0.8287806510925293,757
0.8316149711608887,756
0.8553128242492676,755
0.8567049503326416,754
0.8596396446228027,753
0.9388778209686279,752
0.9689316749572754,751
0.9760117530822754,750
0.9810056686401367,749
1.0212349891662598,748
1.0515878200531006,747
1.0596578121185303,746
