0.0,30560
4.383533239364624,809
4.383593320846558,808
4.413036108016968,807
4.444538116455078,802
4.445573091506958,801
4.465424299240112,800
4.4655921459198,799
4.465640306472778,798
4.465736389160156,797
4.465762138366699,796
4.466293096542358,795
4.466435194015503,794
4.506821155548096,793
4.506906270980835,792
4.506920337677002,791
4.549299240112305,790
4.5493292808532715,789
4.549537181854248,788
4.550759315490723,787
4.556375026702881,786
4.557995080947876,785
4.55816125869751,784
4.558446168899536,783
4.55868124961853,782
4.559733152389526,781
4.560115337371826,780
4.5629003047943115,779
4.56293511390686,778
4.563091278076172,777
4.563637018203735,776
4.5638673305511475,775
4.5639142990112305,774
4.564349174499512,773
4.625498294830322,772
4.643251180648804,771
4.643276214599609,770
4.6450910568237305,769
4.647558212280273,768
4.648921251296997,767
4.648979187011719,766
4.658488035202026,765
4.686659097671509,764
4.687294244766235,763
4.689961194992065,762
4.690093040466309,761
4.690374135971069,760
4.691139221191406,759
4.697785139083862,758
4.698221206665039,757
4.70099401473999,756
4.701303005218506,755
4.702951192855835,754
4.703865051269531,753
4.707309246063232,752
4.708331108093262,751
4.737993240356445,750
4.7473931312561035,749
4.76818323135376,748
