0.0,30560
4.294667959213257,832
4.294680833816528,831
4.29472804069519,830
4.294785976409912,829
4.294919967651367,828
4.310471057891846,815
4.310638904571533,814
4.310772180557251,813
4.310915946960449,812
4.312299013137817,811
4.328728914260864,810
4.434473991394043,809
4.4347169399261475,808
4.434784889221191,807
4.43494987487793,806
4.441802024841309,805
4.442187070846558,804
4.4423089027404785,803
4.4425950050354,802
4.442901134490967,801
4.444709062576294,800
4.445925951004028,799
4.446176767349243,798
4.446213006973267,797
4.452020168304443,796
4.452250003814697,795
4.4522740840911865,794
4.4522881507873535,793
4.452386856079102,792
4.45261812210083,791
4.4638941287994385,790
4.468580961227417,789
4.468747138977051,788
4.4689249992370605,787
4.470049858093262,786
4.481894016265869,785
4.483392000198364,784
4.483404874801636,783
4.483483076095581,782
4.483560085296631,781
4.483680963516235,780
4.499411106109619,779
4.500331163406372,778
4.50049901008606,777
4.501161098480225,776
4.501230955123901,775
4.5020911693573,774
4.50223708152771,773
4.502338886260986,772
4.502786874771118,771
4.502821922302246,770
4.502967834472656,769
4.503571033477783,768
4.504313945770264,767
4.539478778839111,766
4.539606809616089,765
4.539971828460693,764
4.540838003158569,763
4.540907859802246,762
4.571505069732666,761
4.595599889755249,760
4.598536968231201,759
4.598636865615845,758
4.59935998916626,757
4.603694915771484,756
4.604017972946167,755
4.604299068450928,754
4.6075520515441895,753
4.608551979064941,752
4.618369102478027,751
4.629924058914185,750
4.631515026092529,749
4.634758949279785,748
4.655670881271362,747
4.658523082733154,746
4.668452978134155,745
4.669745922088623,744
4.677504062652588,743
