0.0015187263488769531,1003
0.0030400753021240234,1002
0.004507780075073242,1001
0.0059909820556640625,1000
0.0074307918548583984,999
0.008831024169921875,998
0.01021885871887207,997
0.01163172721862793,996
0.013028860092163086,995
0.014407873153686523,994
0.01578807830810547,993
0.01716780662536621,992
0.0185549259185791,991
0.01993393898010254,990
0.021318912506103516,989
0.022697925567626953,988
0.024075984954833984,987
0.02545475959777832,986
0.026831865310668945,985
0.028210878372192383,984
0.029594898223876953,983
0.03097391128540039,982
0.03235507011413574,981
0.033731698989868164,980
0.03510785102844238,979
0.03648686408996582,978
0.03786492347717285,977
0.03925204277038574,976
0.04070091247558594,975
0.042169809341430664,974
0.04356670379638672,973
0.044950008392333984,972
0.04632973670959473,971
0.04770779609680176,970
0.05026578903198242,969
0.05259585380554199,968
0.05398893356323242,967
0.05536389350891113,966
0.05673789978027344,965
0.058110952377319336,964
0.05948495864868164,963
0.060861825942993164,962
0.062233924865722656,961
0.06360983848571777,960
0.0649878978729248,959
0.06765007972717285,958
0.06902384757995605,957
0.07039594650268555,956
0.07176399230957031,955
0.0731358528137207,954
0.07450604438781738,953
0.07588887214660645,952
0.07726097106933594,951
0.07863712310791016,950
0.08091282844543457,949
0.08228302001953125,948
0.08365273475646973,947
0.08502078056335449,946
0.08639097213745117,945
0.08776187896728516,944
0.0903470516204834,943
0.09171676635742188,942
0.09309172630310059,941
0.0944828987121582,940
0.0959317684173584,939
0.09738588333129883,938
0.09886598587036133,937
0.10029172897338867,936
0.1017160415649414,935
0.10312390327453613,934
0.10452890396118164,933
0.10592293739318848,932
0.10730695724487305,931
0.1086878776550293,930
0.11008310317993164,929
0.11147189140319824,928
0.11285185813903809,927
0.11423492431640625,926
0.11677694320678711,925
0.11815595626831055,924
0.12048888206481934,923
0.12187385559082031,922
0.12399005889892578,921
0.12546300888061523,920
0.12692999839782715,919
0.12835288047790527,918
0.129774808883667,917
0.13132286071777344,916
0.13275599479675293,915
0.13415193557739258,914
0.13553190231323242,913
0.13693690299987793,912
0.13831496238708496,911
0.139693021774292,910
0.1410670280456543,909
0.14246773719787598,908
0.14384984970092773,907
0.14606285095214844,906
0.14746689796447754,905
0.14883875846862793,904
0.1502389907836914,903
0.15167903900146484,902
0.15310287475585938,901
0.15450191497802734,900
0.15587878227233887,899
0.15725183486938477,898
0.15863490104675293,897
0.16201400756835938,896
0.16411495208740234,895
0.16649985313415527,894
0.16787290573120117,893
0.16923904418945312,892
0.1731719970703125,891
0.17454099655151367,890
0.17725682258605957,889
0.17862391471862793,888
0.18094205856323242,887
0.18553495407104492,886
0.1869058609008789,885
0.18827486038208008,884
0.19052910804748535,883
0.1918959617614746,882
0.19457006454467773,881
0.1959397792816162,880
0.19823098182678223,879
0.19960594177246094,878
0.20351886749267578,877
0.20714282989501953,876
0.2085099220275879,875
0.21106576919555664,874
0.21334099769592285,873
0.2147078514099121,872
0.21607708930969238,871
0.21744489669799805,870
0.21881699562072754,869
0.22018694877624512,868
0.22466301918029785,867
0.22603178024291992,866
0.2274019718170166,865
0.22946882247924805,864
0.23083901405334473,863
0.23311781883239746,862
0.23573994636535645,861
0.23711204528808594,860
0.23972392082214355,859
0.2476809024810791,858
0.25002598762512207,857
0.25217199325561523,856
0.2558598518371582,855
0.25844788551330566,854
0.2604830265045166,853
0.26253485679626465,852
0.2659718990325928,851
0.27005887031555176,850
0.2714271545410156,849
0.2727928161621094,848
0.2741587162017822,847
0.2823491096496582,846
0.28371691703796387,845
0.28582286834716797,844
0.28966593742370605,843
0.29103899002075195,842
0.2958259582519531,841
0.2990448474884033,840
0.30158495903015137,839
0.30403685569763184,838
0.3099379539489746,837
0.31257081031799316,836
0.31591296195983887,835
0.3197298049926758,834
0.322023868560791,833
0.32751989364624023,832
0.3341858386993408,831
0.3355567455291748,830
0.3369259834289551,829
0.3434560298919678,828
0.34482312202453613,827
0.3461899757385254,826
0.34755897521972656,825
0.34892702102661133,824
0.3564600944519043,823
0.3598368167877197,822
0.36321306228637695,821
0.36623477935791016,820
0.36846375465393066,819
0.37078285217285156,818
0.3789687156677246,817
0.3803379535675049,816
0.3843357563018799,815
0.38893699645996094,814
0.39141392707824707,813
0.39777588844299316,812
0.400313138961792,811
0.40168190002441406,810
0.40417003631591797,809
0.4109039306640625,808
0.41359782218933105,807
0.4162287712097168,806
0.4188957214355469,805
0.42325687408447266,804
0.4258580207824707,803
0.4303297996520996,802
0.4350898265838623,801
0.4377720355987549,800
0.43913912773132324,799
0.4413797855377197,798
0.44391393661499023,797
0.4452810287475586,796
0.4473428726196289,795
0.448732852935791,794
0.452455997467041,793
0.45554399490356445,792
0.45758986473083496,791
0.459820032119751,790
0.4618508815765381,789
0.46322202682495117,788
0.4654078483581543,787
0.467479944229126,786
0.46884775161743164,785
0.4718289375305176,784
0.4771237373352051,783
0.49161696434020996,782
0.49298787117004395,781
0.5003550052642822,780
0.5194549560546875,779
0.5253617763519287,778
0.546860933303833,777
0.5482690334320068,776
0.562856912612915,775
0.5716619491577148,774
0.5772831439971924,773
0.5855739116668701,772
0.5878090858459473,771
0.5932090282440186,770
0.5984487533569336,769
0.6042029857635498,768
0.6085870265960693,767
0.6146018505096436,766
0.6231317520141602,765
0.6566331386566162,764
0.6710138320922852,763
0.6748979091644287,762
0.6873769760131836,761
0.692349910736084,760
0.7032208442687988,759
0.7055768966674805,758
0.723992109298706,757
0.7315950393676758,756
0.7577700614929199,755
0.8227109909057617,754
0.8255040645599365,753
0.8526840209960938,752
0.8555300235748291,751
0.8607821464538574,750
0.9082591533660889,749
0.9096200466156006,748
0.9406728744506836,747
0.9625740051269531,746
0.9692778587341309,745
1.0145349502563477,744
1.0467369556427002,743
