0.0,30560
4.180462837219238,817
4.1804749965667725,816
4.180649995803833,815
4.20337176322937,814
4.203869104385376,813
4.20415186882019,812
4.204164981842041,811
4.2042529582977295,810
4.204502820968628,809
4.2045509815216064,808
4.204575061798096,807
4.206474781036377,806
4.207655906677246,805
4.207669019699097,804
4.207692861557007,803
4.2125139236450195,802
4.212612867355347,801
4.252631902694702,800
4.265635967254639,799
4.2663750648498535,798
4.266432046890259,797
4.266455888748169,796
4.266767978668213,795
4.267080068588257,794
4.2909018993377686,793
4.291204929351807,792
4.295568943023682,791
4.295828104019165,790
4.295884847640991,789
4.296152830123901,788
4.298442125320435,787
4.310600996017456,786
4.337441921234131,785
4.337626934051514,784
4.339907884597778,783
4.339997053146362,782
4.34017014503479,781
4.34031081199646,780
4.341292858123779,779
4.341348886489868,778
4.342063903808594,777
4.366879940032959,776
4.36742091178894,775
4.367510795593262,774
4.367597818374634,773
4.367909908294678,772
4.368479013442993,771
4.36857795715332,770
4.37506890296936,769
4.375093936920166,768
4.375470876693726,767
4.375709056854248,766
4.391541957855225,765
4.391800880432129,764
4.3922178745269775,763
4.395525932312012,762
4.3957839012146,761
4.39582896232605,760
4.43247389793396,759
4.435808897018433,758
4.43724799156189,757
4.437334775924683,756
4.437561988830566,755
4.4410388469696045,754
4.444648027420044,753
4.449109792709351,752
4.449558973312378,751
4.451708078384399,750
4.453584909439087,749
4.465115070343018,748
4.480140924453735,747
4.482398986816406,746
4.585391044616699,745
