0.0014791488647460938,1003
0.0036160945892333984,1002
0.005021095275878906,1001
0.006410121917724609,1000
0.007838964462280273,999
0.009276151657104492,998
0.010743141174316406,997
0.012223005294799805,996
0.013689041137695312,995
0.015177011489868164,994
0.016631126403808594,993
0.01805591583251953,992
0.02033710479736328,991
0.021744251251220703,990
0.023138046264648438,989
0.024537086486816406,988
0.025938034057617188,987
0.027331113815307617,986
0.028701066970825195,985
0.0300753116607666,984
0.0314640998840332,983
0.03284096717834473,982
0.03421592712402344,981
0.03558516502380371,980
0.0369720458984375,979
0.03836417198181152,978
0.039762020111083984,977
0.041140079498291016,976
0.04254317283630371,975
0.04394125938415527,974
0.04533815383911133,973
0.04793500900268555,972
0.049330949783325195,971
0.050721168518066406,970
0.05211210250854492,969
0.05352306365966797,968
0.05492520332336426,967
0.056321144104003906,966
0.057713985443115234,965
0.05912208557128906,964
0.06051206588745117,963
0.06190800666809082,962
0.06417417526245117,961
0.06557321548461914,960
0.06697821617126465,959
0.06838107109069824,958
0.06983017921447754,957
0.07125616073608398,956
0.07265615463256836,955
0.07405209541320801,954
0.07715296745300293,953
0.0785520076751709,952
0.08000516891479492,951
0.08278298377990723,950
0.08417415618896484,949
0.08554291725158691,948
0.08692717552185059,947
0.08830809593200684,946
0.08968305587768555,945
0.09107613563537598,944
0.09249615669250488,943
0.0938880443572998,942
0.09527301788330078,941
0.09667110443115234,940
0.09807515144348145,939
0.09946703910827637,938
0.10084819793701172,937
0.1022341251373291,936
0.10363912582397461,935
0.10503411293029785,934
0.10641789436340332,933
0.10780692100524902,932
0.11035323143005371,931
0.11268210411071777,930
0.11409211158752441,929
0.11658287048339844,928
0.11796212196350098,927
0.11935901641845703,926
0.12074899673461914,925
0.12213397026062012,924
0.12352514266967773,923
0.12492704391479492,922
0.12630915641784668,921
0.12769508361816406,920
0.12908220291137695,919
0.1304781436920166,918
0.1318681240081787,917
0.1332530975341797,916
0.13463616371154785,915
0.1360330581665039,914
0.13814091682434082,913
0.13952422142028809,912
0.14091801643371582,911
0.1423029899597168,910
0.14368200302124023,909
0.1450638771057129,908
0.14645814895629883,907
0.14784526824951172,906
0.1492302417755127,905
0.15061211585998535,904
0.15402007102966309,903
0.15614104270935059,902
0.15835809707641602,901
0.15974020957946777,900
0.1611311435699463,899
0.16251325607299805,898
0.16515517234802246,897
0.1665511131286621,896
0.16928315162658691,895
0.17066287994384766,894
0.1730191707611084,893
0.17442607879638672,892
0.17906904220581055,891
0.18044805526733398,890
0.18184399604797363,889
0.1841132640838623,888
0.18549418449401855,887
0.1868889331817627,886
0.18827509880065918,885
0.1896650791168213,884
0.19104528427124023,883
0.19243812561035156,882
0.19632625579833984,881
0.20108604431152344,880
0.20247912406921387,879
0.20386219024658203,878
0.2052443027496338,877
0.20662617683410645,876
0.20801901817321777,875
0.20940327644348145,874
0.2107851505279541,873
0.21216511726379395,872
0.21766209602355957,871
0.21904611587524414,870
0.22044014930725098,869
0.2225630283355713,868
0.2239522933959961,867
0.22624731063842773,866
0.23011207580566406,865
0.23274922370910645,864
0.24068212509155273,863
0.2431790828704834,862
0.24924707412719727,861
0.25186824798583984,860
0.25396108627319336,859
0.25603604316711426,858
0.2595489025115967,857
0.26093411445617676,856
0.2640872001647949,855
0.2655649185180664,854
0.26716017723083496,853
0.26867103576660156,852
0.2778959274291992,851
0.27936220169067383,850
0.28215909004211426,849
0.2836182117462158,848
0.2872471809387207,847
0.28874802589416504,846
0.29338502883911133,845
0.29667210578918457,844
0.29931211471557617,843
0.3024930953979492,842
0.30851197242736816,841
0.31117796897888184,840
0.3145883083343506,839
0.31844091415405273,838
0.320742130279541,837
0.3233921527862549,836
0.3265111446380615,835
0.3332691192626953,834
0.33467602729797363,833
0.3360750675201416,832
0.3426790237426758,831
0.34406018257141113,830
0.3454720973968506,829
0.3481881618499756,828
0.35076093673706055,827
0.35215115547180176,826
0.3548762798309326,825
0.3583030700683594,824
0.3642880916595459,823
0.3665430545806885,822
0.3689112663269043,821
0.37567996978759766,820
0.38023924827575684,819
0.38429808616638184,818
0.38567495346069336,817
0.39102697372436523,816
0.39333009719848633,815
0.3976709842681885,814
0.40024805068969727,813
0.40163612365722656,812
0.4041171073913574,811
0.40663719177246094,810
0.4114680290222168,809
0.41417598724365234,808
0.41684603691101074,807
0.41954708099365234,806
0.4240150451660156,805
0.42667317390441895,804
0.43331408500671387,803
0.43471622467041016,802
0.4390740394592285,801
0.44133520126342773,800
0.44390201568603516,799
0.44529199600219727,798
0.4473531246185303,797
0.44964003562927246,796
0.4522061347961426,795
0.4553830623626709,794
0.4574401378631592,793
0.45969319343566895,792
0.46175622940063477,791
0.46314215660095215,790
0.4670431613922119,789
0.46841907501220703,788
0.47144293785095215,787
0.4756031036376953,786
0.47698402404785156,785
0.4855380058288574,784
0.49096131324768066,783
0.49234509468078613,782
0.4937121868133545,781
0.5010941028594971,780
0.5193212032318115,779
0.5314302444458008,778
0.5346150398254395,777
0.5473840236663818,776
0.5487611293792725,775
0.5580122470855713,774
0.5643410682678223,773
0.58579421043396,772
0.5889840126037598,771
0.597459077835083,770
0.6128551959991455,769
0.6626691818237305,768
0.6841568946838379,767
0.6889801025390625,766
0.6999962329864502,765
0.7023952007293701,764
0.7155132293701172,763
0.7215580940246582,762
0.7292470932006836,761
0.7389991283416748,760
0.7581300735473633,759
0.8250522613525391,758
0.8278930187225342,757
0.8311591148376465,756
0.8541600704193115,755
0.8570592403411865,754
0.8623831272125244,753
0.9158341884613037,752
0.9462580680847168,751
0.9702191352844238,750
0.9764070510864258,749
1.021245002746582,748
1.062178134918213,747
