0.004369020462036133,3
0.004636049270629883,6
0.004910945892333984,9
0.005177021026611328,12
0.0054399967193603516,15
0.005705118179321289,18
0.005969047546386719,20
0.006230831146240234,23
0.006489992141723633,25
0.0067479610443115234,26
0.007004976272583008,29
0.007270097732543945,32
0.007542848587036133,35
0.007815122604370117,38
0.008077859878540039,41
0.008353948593139648,44
0.008621931076049805,47
0.008877038955688477,50
0.009128093719482422,53
0.009375810623168945,55
0.009628057479858398,58
0.009874105453491211,61
0.01013803482055664,64
0.010399818420410156,67
0.010659933090209961,69
0.010920047760009766,72
0.011179924011230469,75
0.01143789291381836,78
0.011689901351928711,80
0.011929035186767578,81
0.012168169021606445,83
0.01240992546081543,86
0.012659788131713867,88
0.01289987564086914,90
0.013155937194824219,93
0.013398885726928711,96
0.013633012771606445,99
0.013865947723388672,101
0.01409912109375,102
0.01433110237121582,105
0.014562845230102539,108
0.01479196548461914,110
0.015019893646240234,112
0.015247106552124023,115
0.015473127365112305,117
0.015699148178100586,119
0.015943050384521484,121
0.016179800033569336,123
0.016404151916503906,125
0.01662611961364746,127
0.016848087310791016,129
0.017068862915039062,130
0.017292022705078125,133
0.017513036727905273,136
0.017741918563842773,138
0.017960071563720703,140
0.018176794052124023,142
0.018400907516479492,145
0.018618106842041016,148
0.018832921981811523,149
0.019047021865844727,151
0.019262075424194336,154
0.019474029541015625,156
0.019688129425048828,158
0.019901037216186523,161
0.020111083984375,164
0.020320892333984375,167
0.020528078079223633,169
0.020734786987304688,171
0.020941972732543945,174
0.02114701271057129,176
0.021352052688598633,178
0.02155900001525879,180
0.02176976203918457,183
0.021972179412841797,185
0.02217698097229004,188
0.022378921508789062,191
0.022587060928344727,194
0.02278900146484375,196
0.022998809814453125,198
0.02320098876953125,201
0.023396968841552734,204
0.02359485626220703,206
0.023788928985595703,209
0.02398204803466797,211
0.02417612075805664,214
0.024367094039916992,216
0.024558067321777344,219
0.02474689483642578,222
0.024942874908447266,224
0.025133848190307617,227
0.025320053100585938,229
0.025510072708129883,232
0.025694847106933594,234
0.025884151458740234,237
0.026067018508911133,239
0.026295900344848633,242
0.02650308609008789,245
0.026686906814575195,248
0.0268709659576416,251
0.02704906463623047,252
0.027225971221923828,253
0.027403831481933594,255
0.02758002281188965,257
0.027756929397583008,259
0.027934789657592773,261
0.028111934661865234,263
0.028290987014770508,265
0.028465986251831055,267
0.028638124465942383,268
0.0288238525390625,270
0.029007911682128906,272
0.029180049896240234,275
0.02935791015625,276
0.029526948928833008,278
0.029695987701416016,281
0.02986311912536621,283
0.0300290584564209,285
0.030194997787475586,288
0.030359983444213867,290
0.030523061752319336,292
0.030686140060424805,294
0.030848979949951172,296
0.03101205825805664,299
0.03117203712463379,301
0.03133106231689453,303
0.03149294853210449,305
0.031651973724365234,308
0.03181004524230957,310
0.0319669246673584,312
0.03212690353393555,315
0.03228306770324707,318
0.03243684768676758,320
0.03259110450744629,323
0.03274202346801758,324
0.03289484977722168,327
0.03304600715637207,330
0.03319597244262695,333
0.033349037170410156,335
0.03350114822387695,338
0.033648014068603516,341
0.03379392623901367,343
0.03393816947937012,345
0.03408193588256836,347
0.034226179122924805,349
0.03437089920043945,351
0.034516096115112305,354
0.03465580940246582,356
0.03479599952697754,357
0.03493690490722656,359
0.03507494926452637,360
0.03521299362182617,362
0.03535294532775879,364
0.03549003601074219,366
0.035626888275146484,368
0.035761117935180664,370
0.03589606285095215,372
0.03602910041809082,374
0.03616189956665039,376
0.036299943923950195,379
0.036431074142456055,382
0.03656315803527832,385
0.03669285774230957,387
0.03682088851928711,390
0.036948204040527344,393
0.03707408905029297,395
0.037199974060058594,398
0.03732490539550781,401
0.03744816780090332,403
0.03756999969482422,404
0.03769207000732422,407
0.03781294822692871,409
0.0379328727722168,411
0.038053035736083984,413
0.03817009925842285,415
0.03828907012939453,417
0.038407087326049805,420
0.03852200508117676,422
0.03863692283630371,424
0.03875088691711426,426
0.0388638973236084,428
0.03897595405578613,430
0.03908801078796387,431
0.03919816017150879,433
0.03931093215942383,435
0.03942108154296875,436
0.03952980041503906,438
0.039636850357055664,440
0.03974485397338867,443
0.03985285758972168,446
0.03995990753173828,449
0.04006481170654297,451
0.04016995429992676,454
0.04027509689331055,457
0.040376901626586914,459
0.04047799110412598,461
0.04058098793029785,464
0.04068112373352051,467
0.04078102111816406,469
0.04087996482849121,472
0.04097700119018555,474
0.04107499122619629,477
0.04117012023925781,479
0.04126715660095215,481
0.04136204719543457,484
0.04145407676696777,486
0.04154515266418457,489
0.04163503646850586,491
0.04172515869140625,493
0.04181385040283203,495
0.04190206527709961,498
0.041990041732788086,500
0.042077064514160156,503
0.04216313362121582,506
0.04224801063537598,508
0.04233193397521973,511
0.04241490364074707,513
0.042500972747802734,516
0.04258394241333008,518
0.042665958404541016,521
0.04274606704711914,524
0.04282498359680176,526
0.042903900146484375,528
0.04298090934753418,530
0.043058156967163086,532
0.04313492774963379,533
0.04320979118347168,535
0.043287038803100586,536
0.0433659553527832,538
0.04344010353088379,539
0.04351401329040527,542
0.04358482360839844,544
0.043656110763549805,547
0.043725013732910156,549
0.04379415512084961,552
0.04386186599731445,555
0.043927907943725586,557
0.04399394989013672,559
0.04405999183654785,562
0.04412412643432617,565
0.04418802261352539,567
0.0442509651184082,570
0.04431295394897461,573
0.0443727970123291,575
0.0444331169128418,577
0.044490814208984375,579
0.044548988342285156,581
0.04460620880126953,583
0.0446619987487793,585
0.044716835021972656,587
0.04477095603942871,588
0.04482388496398926,590
0.04487800598144531,592
0.04492998123168945,594
0.044980764389038086,596
0.04503202438354492,598
0.04508090019226074,600
0.04513192176818848,603
0.04518294334411621,605
0.04522991180419922,607
0.04527711868286133,609
0.045323848724365234,612
0.04536795616149902,614
0.04541301727294922,616
0.045458078384399414,619
0.045500993728637695,622
0.045542001724243164,624
0.04558300971984863,626
0.0456240177154541,629
0.045662879943847656,631
0.0457000732421875,632
0.04573702812194824,634
0.0457761287689209,637
0.04581189155578613,640
0.04584908485412598,643
0.045884132385253906,646
0.04591703414916992,648
0.04595017433166504,651
0.04598116874694824,653
0.046012163162231445,656
0.046041011810302734,657
0.04606986045837402,659
0.046099185943603516,661
0.046124935150146484,663
0.046151161193847656,665
0.04617595672607422,667
0.04620099067687988,670
0.04622507095336914,672
0.04625201225280762,674
0.04627394676208496,676
0.0462949275970459,678
0.04631495475769043,680
0.04633474349975586,683
0.04635310173034668,685
0.0463709831237793,687
0.04638791084289551,689
0.046402931213378906,690
0.0464169979095459,690
0.0464329719543457,693
0.0464479923248291,696
0.04646110534667969,698
0.046473026275634766,700
0.04648399353027344,701
0.04649496078491211,703
0.04650592803955078,705
0.04651594161987305,707
0.046525001525878906,710
0.04653310775756836,712
0.0465388298034668,713
0.04654502868652344,714
