0.0,30560
4.334825038909912,828
4.334904193878174,827
4.33501410484314,826
4.3350279331207275,825
4.335041046142578,824
4.335295915603638,823
4.336270093917847,822
4.336370229721069,821
4.33670711517334,820
4.33672022819519,819
4.336929082870483,818
4.336996078491211,817
4.363396167755127,816
4.363465070724487,815
4.363500118255615,814
4.385994911193848,813
4.386808156967163,812
4.3869099617004395,811
4.387022018432617,810
4.3871002197265625,809
4.3872740268707275,808
4.3898491859436035,807
4.389949083328247,806
4.389993906021118,805
4.4417030811309814,804
4.4489781856536865,803
4.451872110366821,802
4.451962232589722,801
4.454880952835083,800
4.4550440311431885,799
4.455143213272095,798
4.455188035964966,797
4.455873012542725,796
4.45595121383667,795
4.469786167144775,794
4.472082138061523,793
4.4724202156066895,792
4.47368311882019,791
4.47388219833374,790
4.4739298820495605,789
4.473998069763184,788
4.474149227142334,787
4.474616050720215,786
4.4746620655059814,785
4.476177215576172,784
4.476244926452637,783
4.476635217666626,782
4.4767138957977295,781
4.482588291168213,780
4.482611894607544,779
4.482635974884033,778
4.507345199584961,777
4.5076611042022705,776
4.508920192718506,775
4.509321928024292,774
4.547016143798828,773
4.547105073928833,772
4.547344207763672,771
4.561269044876099,770
4.56718111038208,769
4.567259073257446,768
4.567809104919434,767
4.5681352615356445,766
4.568202018737793,765
4.569025039672852,764
4.574777126312256,763
4.582488059997559,762
4.584331035614014,761
4.590485095977783,760
4.590778112411499,759
4.590867280960083,758
4.592839241027832,757
4.592874050140381,756
4.59781289100647,755
4.614093065261841,754
4.628488302230835,753
4.637659072875977,752
4.638067960739136,751
4.638317108154297,750
4.638620138168335,749
4.640945196151733,748
4.643507957458496,747
4.659163236618042,746
4.730448246002197,745
