0.0,30560
4.4896838665008545,823
4.490159749984741,822
4.491527795791626,821
4.494091033935547,820
4.494104862213135,819
4.494128942489624,818
4.494372844696045,817
4.494397878646851,816
4.495876789093018,815
4.495913028717041,814
4.4959259033203125,813
4.4976420402526855,812
4.501864910125732,811
4.501900672912598,810
4.5236287117004395,809
4.523741960525513,808
4.523766756057739,807
4.523868799209595,806
4.5380778312683105,805
4.542662858963013,804
4.542742729187012,803
4.550353765487671,802
4.551189661026001,801
4.552968978881836,800
4.55301570892334,799
4.55310583114624,798
4.553739786148071,797
4.575585842132568,796
4.575633764266968,795
4.58026385307312,794
4.596122741699219,793
4.596216678619385,792
4.5962419509887695,791
4.596441745758057,790
4.596629619598389,789
4.596676826477051,788
4.62793493270874,787
4.629039764404297,786
4.62921667098999,785
4.630892753601074,784
4.6309287548065186,783
4.6359288692474365,782
4.636062860488892,781
4.636720895767212,780
4.654526948928833,779
4.656448841094971,778
4.6679158210754395,777
4.6684229373931885,776
4.668458938598633,775
4.668899774551392,774
4.66897988319397,773
4.692546844482422,772
4.692853927612305,771
4.693422794342041,770
4.693838834762573,769
4.694521903991699,768
4.695002794265747,767
4.6976189613342285,766
4.69919490814209,765
4.7031028270721436,764
4.7031707763671875,763
4.7043538093566895,762
4.704497814178467,761
4.7048938274383545,760
4.713770866394043,759
4.714709758758545,758
4.716105937957764,757
4.716206789016724,756
4.742410898208618,755
4.7429258823394775,754
4.758979797363281,753
4.763572931289673,752
4.763794898986816,751
4.765344619750977,750
4.780371904373169,749
4.798051834106445,748
4.807827949523926,747
4.809828758239746,746
4.821884870529175,745
4.865591764450073,744
