0.0015208721160888672,1003
0.003017902374267578,1002
0.004475831985473633,1001
0.00592803955078125,1000
0.007345914840698242,999
0.008766889572143555,998
0.010165929794311523,997
0.011553049087524414,996
0.012953042984008789,995
0.01441502571105957,994
0.0158998966217041,993
0.0173492431640625,992
0.01878190040588379,991
0.02019786834716797,990
0.021617889404296875,989
0.02303314208984375,988
0.02444291114807129,987
0.025841951370239258,986
0.02731013298034668,985
0.02873086929321289,984
0.030114173889160156,983
0.031493186950683594,982
0.032868146896362305,981
0.03426623344421387,980
0.03565382957458496,979
0.037078142166137695,978
0.03853797912597656,977
0.03994917869567871,976
0.04134392738342285,975
0.0428769588470459,974
0.04428601264953613,973
0.047994136810302734,972
0.05060100555419922,971
0.05199909210205078,970
0.05341482162475586,969
0.05482292175292969,968
0.056221961975097656,967
0.05762195587158203,966
0.05903792381286621,965
0.060442209243774414,964
0.061840057373046875,963
0.06324005126953125,962
0.06465792655944824,961
0.06606006622314453,960
0.06745290756225586,959
0.06884193420410156,958
0.07024788856506348,957
0.07164120674133301,956
0.07303404808044434,955
0.07442402839660645,954
0.0758359432220459,953
0.07836389541625977,952
0.07975292205810547,951
0.08208298683166504,950
0.0834648609161377,949
0.08484196662902832,948
0.08624505996704102,947
0.08762907981872559,946
0.08900713920593262,945
0.09043717384338379,944
0.09185504913330078,943
0.0932919979095459,942
0.09470200538635254,941
0.09609007835388184,940
0.09749817848205566,939
0.09888696670532227,938
0.10356402397155762,937
0.10494804382324219,936
0.10633397102355957,935
0.10773801803588867,934
0.10912799835205078,933
0.1105048656463623,932
0.11188197135925293,931
0.11328315734863281,930
0.11658811569213867,929
0.11799407005310059,928
0.12032103538513184,927
0.12170290946960449,926
0.12310504913330078,925
0.12449193000793457,924
0.1258690357208252,923
0.12724995613098145,922
0.12865209579467773,921
0.13004279136657715,920
0.13142800331115723,919
0.13280582427978516,918
0.13420605659484863,917
0.1355910301208496,916
0.13697004318237305,915
0.13834905624389648,914
0.1397559642791748,913
0.1411440372467041,912
0.14252710342407227,911
0.1439049243927002,910
0.14603805541992188,909
0.147413969039917,908
0.1487870216369629,907
0.15019011497497559,906
0.15157818794250488,905
0.15295791625976562,904
0.1550910472869873,903
0.1564779281616211,902
0.15785694122314453,901
0.16155290603637695,900
0.1636660099029541,899
0.16608309745788574,898
0.16746187210083008,897
0.1688389778137207,896
0.17023587226867676,895
0.17289304733276367,894
0.1742720603942871,893
0.17702817916870117,892
0.1784060001373291,891
0.18076205253601074,890
0.1821460723876953,889
0.18560194969177246,888
0.18698811531066895,887
0.18836712837219238,886
0.19044995307922363,885
0.19183588027954102,884
0.19453096389770508,883
0.19593286514282227,882
0.19731998443603516,881
0.198699951171875,880
0.20008611679077148,879
0.20395493507385254,878
0.2076420783996582,877
0.20902705192565918,876
0.2104167938232422,875
0.21268510818481445,874
0.2140648365020752,873
0.21544408798217773,872
0.2168419361114502,871
0.2182300090789795,870
0.2244119644165039,869
0.22690677642822266,868
0.22898316383361816,867
0.2303910255432129,866
0.23269104957580566,865
0.23604106903076172,864
0.24521589279174805,863
0.24759602546691895,862
0.24980401992797852,861
0.2535438537597656,860
0.25614309310913086,859
0.25821805000305176,858
0.2602810859680176,857
0.26377081871032715,856
0.2651479244232178,855
0.268176794052124,854
0.2695579528808594,853
0.2709469795227051,852
0.27233314514160156,851
0.28060293197631836,850
0.28316283226013184,849
0.2845580577850342,848
0.2878689765930176,847
0.2892730236053467,846
0.29411983489990234,845
0.2973630428314209,844
0.2999899387359619,843
0.30316710472106934,842
0.30915403366088867,841
0.31178712844848633,840
0.315183162689209,839
0.31904006004333496,838
0.3213670253753662,837
0.3247361183166504,836
0.32791805267333984,835
0.33480191230773926,834
0.3361930847167969,833
0.3375990390777588,832
0.3442389965057373,831
0.3456261157989502,830
0.34702301025390625,829
0.34840917587280273,828
0.3497910499572754,827
0.3523600101470947,826
0.3537468910217285,825
0.3575601577758789,824
0.36095499992370605,823
0.36691904067993164,822
0.3691599369049072,821
0.37152886390686035,820
0.3729119300842285,819
0.37759900093078613,818
0.38031601905822754,817
0.3848710060119629,816
0.39301395416259766,815
0.3955190181732178,814
0.401914119720459,813
0.4044768810272217,812
0.40586280822753906,811
0.40837812423706055,810
0.41086888313293457,809
0.41312599182128906,808
0.41529202461242676,807
0.41773009300231934,806
0.42037510871887207,805
0.42307090759277344,804
0.42748498916625977,803
0.4301140308380127,802
0.43463802337646484,801
0.4382290840148926,800
0.44164204597473145,799
0.44304990768432617,798
0.4453299045562744,797
0.44786691665649414,796
0.4492349624633789,795
0.45134902000427246,794
0.4528529644012451,793
0.45668506622314453,792
0.4598238468170166,791
0.4618949890136719,790
0.46875810623168945,789
0.47016096115112305,788
0.47155189514160156,787
0.4746119976043701,786
0.4787759780883789,785
0.4882681369781494,784
0.4936981201171875,783
0.49507999420166016,782
0.4964621067047119,781
0.5030028820037842,780
0.5216948986053467,779
0.5352909564971924,778
0.5427970886230469,777
0.54892897605896,776
0.5503180027008057,775
0.5656499862670898,774
0.5745060443878174,773
0.5877771377563477,772
0.5900440216064453,771
0.5945920944213867,770
0.6140191555023193,769
0.6627120971679688,768
0.6704540252685547,767
0.6901938915252686,766
0.70660400390625,765
0.7219038009643555,764
0.7296011447906494,763
0.7383899688720703,762
0.7518730163574219,761
0.755183219909668,760
0.7572669982910156,759
0.8237669467926025,758
0.8564879894256592,757
0.8618061542510986,756
0.8985750675201416,755
0.9689619541168213,754
0.9952781200408936,753
1.0214359760284424,752
1.0544240474700928,751
1.0615601539611816,750
