0.0,30560
4.442049980163574,820
4.4421210289001465,819
4.4422242641448975,818
4.465616226196289,814
4.466943979263306,813
4.4669811725616455,812
4.4672510623931885,811
4.467320203781128,810
4.510642051696777,809
4.5196919441223145,803
4.520838022232056,802
4.521676063537598,801
4.541440010070801,800
4.541536092758179,799
4.544684171676636,798
4.544720888137817,797
4.545157194137573,796
4.545292139053345,795
4.545459985733032,794
4.59280800819397,793
4.593672037124634,792
4.593707084655762,791
4.593797206878662,790
4.624227046966553,789
4.6242759227752686,788
4.639217853546143,787
4.639670133590698,786
4.639716148376465,785
4.639883995056152,784
4.639952182769775,783
4.642390012741089,782
4.645761013031006,781
4.645972013473511,780
4.6460280418396,779
4.646042108535767,778
4.646208047866821,777
4.646427869796753,776
4.646483898162842,775
4.646691083908081,774
4.647899866104126,773
4.6480231285095215,772
4.648101806640625,771
4.648850917816162,770
4.673124074935913,769
4.673616170883179,768
4.710264205932617,767
4.71048903465271,766
4.741238117218018,765
4.741814136505127,764
4.742594003677368,763
4.742824077606201,762
4.760951042175293,761
4.761008977890015,760
4.766206979751587,759
4.76915717124939,758
4.769474029541016,757
4.784762144088745,756
4.788487911224365,755
4.789324998855591,754
4.790497064590454,753
4.790767192840576,752
4.792444944381714,751
4.800623178482056,750
4.818864107131958,749
4.820113897323608,748
4.8361711502075195,747
4.843961000442505,746
