1.1920928955078125e-06,30560
4.289260149002075,820
4.2893829345703125,819
4.28941798210144,818
4.289966821670532,817
4.3035218715667725,816
4.303691864013672,815
4.303715944290161,814
4.304577827453613,813
4.305954933166504,812
4.306056022644043,811
4.30924391746521,810
4.309356927871704,809
4.311194896697998,808
4.311208963394165,807
4.355293035507202,806
4.356492757797241,805
4.3579511642456055,804
4.357975959777832,803
4.358184099197388,802
4.358413934707642,801
4.3584818840026855,800
4.358572006225586,799
4.358856916427612,798
4.35904598236084,797
4.359081029891968,796
4.360507011413574,795
4.388686895370483,794
4.395101070404053,793
4.395169973373413,792
4.395182847976685,791
4.395196914672852,790
4.3964149951934814,789
4.396635055541992,788
4.396780014038086,787
4.39681601524353,786
4.441380977630615,785
4.441418170928955,784
4.442687034606934,783
4.442765951156616,782
4.442814111709595,781
4.44288182258606,780
4.464301824569702,779
4.464446067810059,778
4.464591026306152,777
4.477504014968872,776
4.477798938751221,775
4.478081941604614,774
4.47810697555542,773
4.478131055831909,772
4.4784300327301025,771
4.479126930236816,770
4.479597806930542,769
4.4815850257873535,768
4.481739044189453,767
4.482423782348633,766
4.483335971832275,765
4.48715877532959,764
4.5077221393585205,763
4.522915840148926,762
4.528692960739136,761
4.5366809368133545,760
4.538988828659058,759
4.540246963500977,758
4.541164875030518,757
4.543439865112305,756
4.568282842636108,755
4.569570779800415,754
4.570693016052246,753
4.570781946182251,752
4.577543020248413,751
4.589655876159668,750
4.599967956542969,749
4.600133895874023,748
4.622851848602295,747
4.6285240650177,746
4.632143974304199,745
4.6407859325408936,744
4.653528928756714,743
4.677763938903809,742
