0.0016629695892333984,1003
0.003077983856201172,1002
0.004513978958129883,1001
0.0060520172119140625,1000
0.0075719356536865234,999
0.008986949920654297,998
0.010380983352661133,997
0.01178288459777832,996
0.013200998306274414,995
0.014614105224609375,994
0.016080856323242188,993
0.018298864364624023,992
0.019694089889526367,991
0.02108287811279297,990
0.022461891174316406,989
0.023877859115600586,988
0.02528214454650879,987
0.026755094528198242,986
0.0281679630279541,985
0.029587984085083008,984
0.03317618370056152,983
0.03576183319091797,982
0.03715801239013672,981
0.03855109214782715,980
0.039961814880371094,979
0.04136300086975098,978
0.044023990631103516,977
0.04541492462158203,976
0.0467991828918457,975
0.0493769645690918,974
0.05076789855957031,973
0.052165985107421875,972
0.05355501174926758,971
0.05494499206542969,970
0.05636096000671387,969
0.05775594711303711,968
0.05924797058105469,967
0.06068611145019531,966
0.06215190887451172,965
0.06356501579284668,964
0.06496787071228027,963
0.06636285781860352,962
0.06777715682983398,961
0.06916403770446777,960
0.07054805755615234,959
0.07193183898925781,958
0.07333207130432129,957
0.07472896575927734,956
0.07610297203063965,955
0.07747292518615723,954
0.07887101173400879,953
0.08116984367370605,952
0.08255386352539062,951
0.08394598960876465,950
0.08532190322875977,949
0.08669114112854004,948
0.0880589485168457,947
0.08947396278381348,946
0.09086799621582031,945
0.09290099143981934,944
0.0942988395690918,943
0.09569001197814941,942
0.09707498550415039,941
0.09846806526184082,940
0.09988093376159668,939
0.10127687454223633,938
0.10372686386108398,937
0.1051340103149414,936
0.10652589797973633,935
0.10791611671447754,934
0.10930514335632324,933
0.1107180118560791,932
0.11312198638916016,931
0.11568212509155273,930
0.11708688735961914,929
0.12012791633605957,928
0.12155699729919434,927
0.12296080589294434,926
0.12434196472167969,925
0.12574291229248047,924
0.1271190643310547,923
0.12971711158752441,922
0.13112711906433105,921
0.13252496719360352,920
0.13391995429992676,919
0.13533997535705566,918
0.13674712181091309,917
0.13814711570739746,916
0.13955903053283691,915
0.1409621238708496,914
0.14236807823181152,913
0.14447307586669922,912
0.14586400985717773,911
0.14725303649902344,910
0.14863991737365723,909
0.15003299713134766,908
0.15143299102783203,907
0.1528470516204834,906
0.15424203872680664,905
0.15562915802001953,904
0.15702295303344727,903
0.16046595573425293,902
0.1625831127166748,901
0.1649630069732666,900
0.16634202003479004,899
0.16774392127990723,898
0.17171192169189453,897
0.17312312126159668,896
0.17689800262451172,895
0.17926287651062012,894
0.18065404891967773,893
0.18534398078918457,892
0.18673419952392578,891
0.18814396858215332,890
0.19041109085083008,889
0.19180607795715332,888
0.1946120262145996,887
0.19723200798034668,886
0.19863605499267578,885
0.2036600112915039,884
0.20732808113098145,883
0.2087249755859375,882
0.2101130485534668,881
0.2115020751953125,880
0.2128899097442627,879
0.21429991722106934,878
0.21569299697875977,877
0.21708393096923828,876
0.21846985816955566,875
0.21986889839172363,874
0.22125482559204102,873
0.2269890308380127,872
0.22908592224121094,871
0.2327439785003662,870
0.23538517951965332,869
0.23677706718444824,868
0.23942303657531738,867
0.24741506576538086,866
0.2497570514678955,865
0.25193095207214355,864
0.2556319236755371,863
0.25827884674072266,862
0.260329008102417,861
0.26242780685424805,860
0.26601195335388184,859
0.26740002632141113,858
0.27048707008361816,857
0.27195286750793457,856
0.2733790874481201,855
0.2748448848724365,854
0.2836170196533203,853
0.28769421577453613,852
0.28914308547973633,851
0.2926478385925293,850
0.29410409927368164,849
0.2991611957550049,848
0.30244994163513184,847
0.3061189651489258,846
0.31093311309814453,845
0.3123209476470947,844
0.3150019645690918,843
0.3183901309967041,842
0.32137298583984375,841
0.3227550983428955,840
0.32506608963012695,839
0.32768988609313965,838
0.33026790618896484,837
0.332578182220459,836
0.33830881118774414,835
0.3403909206390381,834
0.3417689800262451,833
0.34836506843566895,832
0.34974098205566406,831
0.3511199951171875,830
0.3525121212005615,829
0.35506200790405273,828
0.35644006729125977,827
0.3631281852722168,826
0.3691120147705078,825
0.3714108467102051,824
0.3737599849700928,823
0.3751528263092041,822
0.3798220157623291,821
0.3812069892883301,820
0.3857431411743164,819
0.3909029960632324,818
0.3952460289001465,817
0.39775586128234863,816
0.40317487716674805,815
0.40572500228881836,814
0.4071159362792969,813
0.4107089042663574,812
0.4174189567565918,811
0.4200561046600342,810
0.42275094985961914,809
0.4271681308746338,808
0.43078088760375977,807
0.4340329170227051,806
0.43884801864624023,805
0.4415709972381592,804
0.44295191764831543,803
0.4452171325683594,802
0.44777488708496094,801
0.44914889335632324,800
0.4512331485748291,799
0.4526100158691406,798
0.45636606216430664,797
0.46080684661865234,796
0.46308088302612305,795
0.4651319980621338,794
0.46652913093566895,793
0.46874094009399414,792
0.47084903717041016,791
0.47385597229003906,790
0.4780149459838867,789
0.47942495346069336,788
0.4879570007324219,787
0.494218111038208,786
0.4956090450286865,785
0.5002989768981934,784
0.502446174621582,783
0.5213890075683594,782
0.5270590782165527,781
0.5330729484558105,780
0.5359199047088623,779
0.5437560081481934,778
0.5499200820922852,777
0.5513007640838623,776
0.5671329498291016,775
0.5759501457214355,774
0.5891609191894531,773
0.5914151668548584,772
0.5959391593933105,771
0.6001138687133789,770
0.6067039966583252,769
0.612231969833374,768
0.6175429821014404,767
0.6262710094451904,766
0.6650309562683105,765
0.6703901290893555,764
0.6884338855743408,763
0.6935789585113525,762
0.7077219486236572,761
0.7258260250091553,760
0.728783130645752,759
0.7369117736816406,758
0.7464251518249512,757
0.7667038440704346,756
0.8410210609436035,755
0.8448209762573242,754
0.8463089466094971,753
0.8740789890289307,752
0.8775029182434082,751
0.8833291530609131,750
0.9413671493530273,749
0.998384952545166,748
1.0057549476623535,747
1.0842928886413574,746
1.0925190448760986,745
