0.0,30560
4.286754846572876,821
4.2872350215911865,820
4.288108825683594,819
4.288122892379761,818
4.288136005401611,817
4.288291931152344,816
4.288424015045166,815
4.288641929626465,814
4.288774013519287,813
4.28887414932251,812
4.28889799118042,811
4.2889440059661865,810
4.335661888122559,809
4.335741996765137,808
4.391748905181885,798
4.391904830932617,797
4.392112970352173,796
4.398369789123535,795
4.398914813995361,794
4.3998401165008545,793
4.400003910064697,792
4.400145053863525,791
4.4003400802612305,790
4.417899131774902,789
4.4179840087890625,788
4.41879677772522,787
4.418823003768921,786
4.4189698696136475,785
4.419082164764404,784
4.4191508293151855,783
4.421418190002441,782
4.42160177230835,781
4.422450065612793,780
4.422663927078247,779
4.422911167144775,778
4.479513883590698,777
4.489768028259277,776
4.490039825439453,775
4.49740195274353,774
4.497523069381714,773
4.498744964599609,772
4.49959397315979,771
4.5042688846588135,770
4.504924058914185,769
4.505045175552368,768
4.506021022796631,767
4.507330894470215,766
4.507685899734497,765
4.515036106109619,764
4.515488147735596,763
4.5156638622283936,762
4.517491102218628,761
4.520959138870239,760
4.521484851837158,759
4.521980047225952,758
4.522089958190918,757
4.524538993835449,756
4.524983882904053,755
4.543921947479248,754
4.5442469120025635,753
4.545330047607422,752
4.585525035858154,751
4.58634877204895,750
4.587456941604614,749
4.58792519569397,748
4.589415073394775,747
4.593938112258911,746
4.594207048416138,745
4.59539008140564,744
4.656324863433838,743
