0.0015377998352050781,1003
0.003092050552368164,1002
0.004581928253173828,1001
0.006164073944091797,1000
0.008640050888061523,999
0.010114908218383789,998
0.011570930480957031,997
0.01302194595336914,996
0.014458894729614258,995
0.01592397689819336,994
0.01741790771484375,993
0.018867015838623047,992
0.02029895782470703,991
0.021732807159423828,990
0.023180723190307617,989
0.024609088897705078,988
0.026030778884887695,987
0.02745199203491211,986
0.02889704704284668,985
0.0314178466796875,984
0.03284096717834473,983
0.03428387641906738,982
0.03571295738220215,981
0.03782510757446289,980
0.03927183151245117,979
0.04069876670837402,978
0.04215407371520996,977
0.043666839599609375,976
0.04524087905883789,975
0.04676365852355957,974
0.049629926681518555,973
0.05352187156677246,972
0.05501890182495117,971
0.05650591850280762,970
0.05798506736755371,969
0.05946183204650879,968
0.06105494499206543,967
0.06262993812561035,966
0.06448101997375488,965
0.06604790687561035,964
0.06764912605285645,963
0.06920599937438965,962
0.07073092460632324,961
0.07225704193115234,960
0.07383990287780762,959
0.07538676261901855,958
0.07692074775695801,957
0.07845473289489746,956
0.08121085166931152,955
0.08290696144104004,954
0.08548998832702637,953
0.08703899383544922,952
0.0886378288269043,951
0.09022688865661621,950
0.09190773963928223,949
0.0935218334197998,948
0.09506487846374512,947
0.09663271903991699,946
0.09815573692321777,945
0.09964585304260254,944
0.10299968719482422,943
0.1044318675994873,942
0.10585975646972656,941
0.1073307991027832,940
0.10992598533630371,939
0.11141300201416016,938
0.11291074752807617,937
0.11438894271850586,936
0.11586284637451172,935
0.11733293533325195,934
0.11881494522094727,933
0.12028789520263672,932
0.12403368949890137,931
0.12651801109313965,930
0.1279919147491455,929
0.12947583198547363,928
0.13096404075622559,927
0.13332581520080566,926
0.13480186462402344,925
0.13628196716308594,924
0.13776111602783203,923
0.13926410675048828,922
0.1424238681793213,921
0.14391493797302246,920
0.14540600776672363,919
0.14689207077026367,918
0.14836573600769043,917
0.14984893798828125,916
0.15133905410766602,915
0.15365886688232422,914
0.155106782913208,913
0.15653467178344727,912
0.15795683860778809,911
0.16049480438232422,910
0.16191792488098145,909
0.16334009170532227,908
0.16479992866516113,907
0.1662447452545166,906
0.16980576515197754,905
0.1721808910369873,904
0.17467284202575684,903
0.17610883712768555,902
0.17753076553344727,901
0.1802818775177002,900
0.18170809745788574,899
0.18452787399291992,898
0.18596577644348145,897
0.18837690353393555,896
0.19394493103027344,895
0.19538593292236328,894
0.19681096076965332,893
0.19913506507873535,892
0.20057988166809082,891
0.20335888862609863,890
0.20477700233459473,889
0.20621395111083984,888
0.20765089988708496,887
0.20907974243164062,886
0.21309590339660645,885
0.21686506271362305,884
0.2182910442352295,883
0.2197120189666748,882
0.22114896774291992,881
0.22260189056396484,880
0.22402596473693848,879
0.22544384002685547,878
0.22686386108398438,877
0.22830486297607422,876
0.22973394393920898,875
0.23114991188049316,874
0.23260188102722168,873
0.23635292053222656,872
0.23776888847351074,871
0.2392110824584961,870
0.2413630485534668,869
0.24277997016906738,868
0.2452239990234375,867
0.24792098999023438,866
0.24936389923095703,865
0.2520618438720703,864
0.26627087593078613,863
0.2676880359649658,862
0.2705228328704834,861
0.27410006523132324,860
0.27552103996276855,859
0.28060483932495117,858
0.28201985359191895,857
0.29053688049316406,856
0.2919769287109375,855
0.2946298122406006,854
0.29604387283325195,853
0.29947876930236816,852
0.3008918762207031,851
0.30586886405944824,850
0.3113899230957031,849
0.3147258758544922,848
0.3208808898925781,847
0.3236360549926758,846
0.32739782333374023,845
0.3305809497833252,844
0.33298206329345703,843
0.3357429504394531,842
0.33841681480407715,841
0.3408079147338867,840
0.34775304794311523,839
0.34917783737182617,838
0.35059475898742676,837
0.3573949337005615,836
0.35882091522216797,835
0.36023998260498047,834
0.36165785789489746,833
0.3631019592285156,832
0.365725040435791,831
0.3671398162841797,830
0.3710649013519287,829
0.37456583976745605,828
0.3806929588317871,827
0.3830118179321289,826
0.3854238986968994,825
0.38686394691467285,824
0.3916637897491455,823
0.3944408893585205,822
0.39913082122802734,821
0.40444278717041016,820
0.4089219570159912,819
0.41150498390197754,818
0.4181199073791504,817
0.42174601554870605,816
0.42432475090026855,815
0.4268827438354492,814
0.43184685707092285,813
0.4346277713775635,812
0.43738293647766113,811
0.44030070304870605,810
0.4449028968811035,809
0.44762396812438965,808
0.4522898197174072,807
0.45600271224975586,806
0.4594838619232178,805
0.46091294288635254,804
0.4632420539855957,803
0.46590685844421387,802
0.47252988815307617,801
0.475208044052124,800
0.478442907333374,799
0.4821348190307617,798
0.48424673080444336,797
0.48566508293151855,796
0.48796796798706055,795
0.4901137351989746,794
0.49155688285827637,793
0.4946708679199219,792
0.49897289276123047,791
0.5004160404205322,790
0.5068769454956055,789
0.5123636722564697,788
0.5151529312133789,787
0.5227599143981934,786
0.5428659915924072,785
0.5539090633392334,784
0.5568559169769287,783
0.5712320804595947,782
0.5726830959320068,781
0.5867209434509277,780
0.5929837226867676,779
0.6109528541564941,778
0.6123747825622559,777
0.6180727481842041,776
0.623445987701416,775
0.639678955078125,774
0.6545836925506592,773
0.6921849250793457,772
0.714439868927002,771
0.7200119495391846,770
0.7302758693695068,769
0.7327418327331543,768
0.7524728775024414,767
0.7590129375457764,766
0.7662098407745361,765
0.7781538963317871,764
0.7870478630065918,763
0.8568878173828125,762
0.8598217964172363,761
0.8884518146514893,760
0.8907227516174316,759
0.8962099552154541,758
0.9502887725830078,757
1.0072567462921143,756
1.0143659114837646,755
1.0157408714294434,754
1.0578629970550537,753
1.0994539260864258,752
