0.001538991928100586,1003
0.002969026565551758,1002
0.0044078826904296875,1001
0.005872011184692383,1000
0.0073430538177490234,999
0.008808135986328125,998
0.010272026062011719,997
0.0116729736328125,996
0.01308298110961914,995
0.014481067657470703,994
0.015936851501464844,993
0.01739501953125,992
0.018819093704223633,991
0.02022695541381836,990
0.02160811424255371,989
0.02300405502319336,988
0.024399995803833008,987
0.025776147842407227,986
0.027151107788085938,985
0.028519153594970703,984
0.029914140701293945,983
0.03128790855407715,982
0.03266191482543945,981
0.03402996063232422,980
0.03542017936706543,979
0.03679394721984863,978
0.03823494911193848,977
0.039687156677246094,976
0.04111289978027344,975
0.04250502586364746,974
0.045124053955078125,973
0.046540021896362305,972
0.04793500900268555,971
0.05051589012145996,970
0.05192685127258301,969
0.05330395698547363,968
0.05468893051147461,967
0.056077003479003906,966
0.057472944259643555,965
0.05884408950805664,964
0.060211181640625,963
0.06169414520263672,962
0.06315803527832031,961
0.06457686424255371,960
0.06599211692810059,959
0.0673971176147461,958
0.06879711151123047,957
0.07020306587219238,956
0.07161808013916016,955
0.07302212715148926,954
0.07538819313049316,953
0.07676506042480469,952
0.0781400203704834,951
0.07957100868225098,950
0.0819559097290039,949
0.08336305618286133,948
0.08477091789245605,947
0.08617210388183594,946
0.08757901191711426,945
0.08898186683654785,944
0.09038615226745605,943
0.09178686141967773,942
0.09319496154785156,941
0.09459495544433594,940
0.09599804878234863,939
0.09739995002746582,938
0.09880399703979492,937
0.10021281242370605,936
0.1016230583190918,935
0.10302495956420898,934
0.10442805290222168,933
0.10710501670837402,932
0.1085050106048584,931
0.10991311073303223,930
0.1113131046295166,929
0.11272788047790527,928
0.11412906646728516,927
0.11768102645874023,926
0.12001299858093262,925
0.1214151382446289,924
0.12281203269958496,923
0.12534499168395996,922
0.12674188613891602,921
0.12814712524414062,920
0.1295459270477295,919
0.13094496726989746,918
0.13234186172485352,917
0.13373398780822754,916
0.13512802124023438,915
0.13840198516845703,914
0.139801025390625,913
0.14119696617126465,912
0.14259600639343262,911
0.14472389221191406,910
0.1461200714111328,909
0.14751601219177246,908
0.1489119529724121,907
0.1510310173034668,906
0.1524209976196289,905
0.15381503105163574,904
0.15520191192626953,903
0.15659594535827637,902
0.16002297401428223,901
0.16215109825134277,900
0.16457009315490723,899
0.16596293449401855,898
0.16735506057739258,897
0.1687469482421875,896
0.172393798828125,895
0.17619609832763672,894
0.1785571575164795,893
0.17995405197143555,892
0.18473315238952637,891
0.1861259937286377,890
0.18752098083496094,889
0.18981003761291504,888
0.19384384155273438,887
0.1952381134033203,886
0.19663310050964355,885
0.19803094863891602,884
0.19942998886108398,883
0.2033529281616211,882
0.20704102516174316,881
0.20843505859375,880
0.20983290672302246,879
0.2112259864807129,878
0.21262192726135254,877
0.21401596069335938,876
0.21541285514831543,875
0.21680998802185059,874
0.2182009220123291,873
0.21959400177001953,872
0.22100114822387695,871
0.22684407234191895,870
0.22822284698486328,869
0.23032212257385254,868
0.2338850498199463,867
0.2366790771484375,866
0.23813915252685547,865
0.24080610275268555,864
0.24884390830993652,863
0.2512199878692627,862
0.25339579582214355,861
0.25835514068603516,860
0.2604250907897949,859
0.26252007484436035,858
0.2669401168823242,857
0.2690260410308838,856
0.2704300880432129,855
0.27181291580200195,854
0.28090524673461914,853
0.2823150157928467,852
0.28493618965148926,851
0.2863459587097168,850
0.2897200584411621,849
0.2911221981048584,848
0.2960197925567627,847
0.30167293548583984,846
0.3048679828643799,845
0.31087803840637207,844
0.31356096267700195,843
0.31697797775268555,842
0.32084012031555176,841
0.323153018951416,840
0.32581114768981934,839
0.3283810615539551,838
0.33072495460510254,837
0.3383321762084961,836
0.339724063873291,835
0.34508800506591797,834
0.34647107124328613,833
0.347883939743042,832
0.3492929935455322,831
0.35146093368530273,830
0.35285115242004395,829
0.35798120498657227,828
0.36138010025024414,827
0.36726808547973633,826
0.3695101737976074,825
0.37186694145202637,824
0.3732490539550781,823
0.3779292106628418,822
0.3806471824645996,821
0.3852121829986572,820
0.39035797119140625,819
0.3947470188140869,818
0.3972508907318115,817
0.40393495559692383,816
0.406494140625,815
0.40789103507995605,814
0.4103860855102539,813
0.4128990173339844,812
0.41771793365478516,811
0.4215259552001953,810
0.42291998863220215,809
0.4256019592285156,808
0.43001413345336914,807
0.43265509605407715,806
0.4371609687805176,805
0.4407370090484619,804
0.444105863571167,803
0.44548487663269043,802
0.4477548599243164,801
0.45031118392944336,800
0.45356202125549316,799
0.4549422264099121,798
0.46248316764831543,797
0.46474790573120117,796
0.4667840003967285,795
0.46816205978393555,794
0.4704318046569824,793
0.47266101837158203,792
0.4742240905761719,791
0.47745800018310547,790
0.48178815841674805,789
0.48323917388916016,788
0.48921704292297363,787
0.4973149299621582,786
0.5061211585998535,785
0.5253880023956299,784
0.5366179943084717,783
0.5394821166992188,782
0.5700111389160156,781
0.5785398483276367,780
0.5937221050262451,779
0.5982959270477295,778
0.603496789932251,777
0.6101369857788086,776
0.6192739009857178,775
0.657707929611206,774
0.6700899600982666,773
0.689115047454834,772
0.6945528984069824,771
0.7062849998474121,770
0.708698034286499,769
0.7322080135345459,768
0.7422139644622803,767
0.7465829849243164,766
0.7488999366760254,765
0.8256309032440186,764
0.828449010848999,763
0.8556230068206787,762
0.8584949970245361,761
0.8638691902160645,760
0.8803739547729492,759
0.9061448574066162,758
0.9166569709777832,757
0.9708001613616943,756
0.9779660701751709,755
1.053269863128662,754
1.061302900314331,753
