0.0016598701477050781,1003
0.0030748844146728516,1002
0.004599094390869141,1001
0.006073713302612305,1000
0.007525920867919922,999
0.008980035781860352,998
0.011119842529296875,997
0.012503862380981445,996
0.01387786865234375,995
0.015259981155395508,994
0.016726970672607422,993
0.018199682235717773,992
0.01961970329284668,991
0.02101588249206543,990
0.02241206169128418,989
0.02379584312438965,988
0.025192975997924805,987
0.02658987045288086,986
0.027968883514404297,985
0.029346704483032227,984
0.030766725540161133,983
0.032921791076660156,982
0.03507590293884277,981
0.03746366500854492,980
0.038861751556396484,979
0.04025387763977051,978
0.04165291786193848,977
0.04304194450378418,976
0.044432878494262695,975
0.04581785202026367,974
0.04842090606689453,973
0.049820899963378906,972
0.05121207237243652,971
0.05260276794433594,970
0.0540008544921875,969
0.05538797378540039,968
0.05752873420715332,967
0.05891895294189453,966
0.06031179428100586,965
0.061708927154541016,964
0.06309199333190918,963
0.06447386741638184,962
0.06585812568664551,961
0.06724977493286133,960
0.06866574287414551,959
0.07005596160888672,958
0.07145190238952637,957
0.07283782958984375,956
0.07422494888305664,955
0.07560873031616211,954
0.07699990272521973,953
0.07929396629333496,952
0.08072781562805176,951
0.0822138786315918,950
0.08363485336303711,949
0.08504486083984375,948
0.08643674850463867,947
0.08783173561096191,946
0.0892179012298584,945
0.0906057357788086,944
0.09198284149169922,943
0.09337973594665527,942
0.09477496147155762,941
0.09616994857788086,940
0.0975639820098877,939
0.09897089004516602,938
0.10037088394165039,937
0.10298395156860352,936
0.1043848991394043,935
0.10674381256103516,934
0.10814905166625977,933
0.10955190658569336,932
0.1109459400177002,931
0.1134798526763916,930
0.11487984657287598,929
0.117218017578125,928
0.11860895156860352,927
0.12109804153442383,926
0.12248992919921875,925
0.12388205528259277,924
0.12528491020202637,923
0.12668895721435547,922
0.12808775901794434,921
0.12950682640075684,920
0.1309349536895752,919
0.13233470916748047,918
0.13372087478637695,917
0.13510489463806152,916
0.1365036964416504,915
0.1378939151763916,914
0.1392829418182373,913
0.1406688690185547,912
0.14279603958129883,911
0.14417695999145508,910
0.14555597305297852,909
0.14695096015930176,908
0.14833784103393555,907
0.1497197151184082,906
0.1511061191558838,905
0.15250682830810547,904
0.15389275550842285,903
0.15527606010437012,902
0.15868377685546875,901
0.1607990264892578,900
0.16320109367370605,899
0.1645829677581787,898
0.16596102714538574,897
0.16735172271728516,896
0.1707310676574707,895
0.1734788417816162,894
0.17487168312072754,893
0.1772289276123047,892
0.17860889434814453,891
0.18326973915100098,890
0.18467092514038086,889
0.18605899810791016,888
0.19146394729614258,887
0.1928577423095703,886
0.19423699378967285,885
0.1956169605255127,884
0.19701194763183594,883
0.20090889930725098,882
0.2040998935699463,881
0.205474853515625,880
0.20686888694763184,879
0.20825886726379395,878
0.20964288711547852,877
0.21102285385131836,876
0.21241497993469238,875
0.21380400657653809,874
0.21518683433532715,873
0.21656489372253418,872
0.2179567813873291,871
0.2224869728088379,870
0.22387409210205078,869
0.2252519130706787,868
0.22733783721923828,867
0.22872185707092285,866
0.23101282119750977,865
0.23365402221679688,864
0.2361137866973877,863
0.23750591278076172,862
0.24523186683654785,861
0.2475740909576416,860
0.24974584579467773,859
0.25345492362976074,858
0.2560739517211914,857
0.2581188678741455,856
0.2602066993713379,855
0.2636837959289551,854
0.26506805419921875,853
0.2680809497833252,852
0.26948094367980957,851
0.2708888053894043,850
0.2722790241241455,849
0.27974772453308105,848
0.2811319828033447,847
0.28372669219970703,846
0.28511786460876465,845
0.2884957790374756,844
0.2898988723754883,843
0.2947978973388672,842
0.2980690002441406,841
0.3017268180847168,840
0.30835390090942383,839
0.31102800369262695,838
0.3143928050994873,837
0.3181929588317871,836
0.32048988342285156,835
0.32309675216674805,834
0.32567596435546875,833
0.3279728889465332,832
0.334716796875,831
0.33739376068115234,830
0.3435389995574951,829
0.3465259075164795,828
0.34792280197143555,827
0.35160183906555176,826
0.3554267883300781,825
0.35883593559265137,824
0.36357975006103516,823
0.36583876609802246,822
0.3681788444519043,821
0.3735990524291992,820
0.37955689430236816,819
0.3848278522491455,818
0.38811683654785156,817
0.39064502716064453,816
0.39719700813293457,815
0.39979982376098633,814
0.4011976718902588,813
0.40374088287353516,812
0.40627479553222656,811
0.4125089645385742,810
0.4151589870452881,809
0.4178791046142578,808
0.4223177433013916,807
0.42496681213378906,806
0.4295077323913574,805
0.4331209659576416,804
0.4365048408508301,803
0.43877387046813965,802
0.44134974479675293,801
0.4445366859436035,800
0.44593381881713867,799
0.4497039318084717,798
0.45467591285705566,797
0.4569058418273926,796
0.4619789123535156,795
0.46405673027038574,794
0.46544480323791504,793
0.46848487854003906,792
0.47265195846557617,791
0.47403907775878906,790
0.48261570930480957,789
0.48897480964660645,788
0.49039173126220703,787
0.4977710247039795,786
0.5307447910308838,785
0.5444717407226562,784
0.5607717037200928,783
0.5643367767333984,782
0.5699589252471924,781
0.5810050964355469,780
0.585507869720459,779
0.5900418758392334,778
0.5952339172363281,777
0.601862907409668,776
0.6074018478393555,775
0.6125760078430176,774
0.625694990158081,773
0.6682839393615723,772
0.684647798538208,771
0.689659833908081,770
0.7006638050079346,769
0.703049898147583,768
0.7221338748931885,767
0.7284610271453857,766
0.7384698390960693,765
0.7428319454193115,764
0.7564249038696289,763
0.7585098743438721,762
0.8232347965240479,761
0.8260889053344727,760
0.8540008068084717,759
0.8572549819946289,758
0.8628249168395996,757
0.9155499935150146,756
0.9169299602508545,755
0.9698879718780518,754
0.9729049205780029,753
0.9800817966461182,752
1.025251865386963,751
1.0555808544158936,750
1.063774824142456,749
