0.0,30560
4.33586311340332,821
4.340994119644165,820
4.3468098640441895,819
4.346879959106445,818
4.346904039382935,817
4.346997022628784,816
4.347172975540161,815
4.347326040267944,814
4.347373008728027,813
4.347418785095215,812
4.3475730419158936,811
4.347661972045898,810
4.356621026992798,809
4.357644081115723,808
4.357722759246826,807
4.358297824859619,806
4.3583760261535645,805
4.358388900756836,804
4.359548807144165,803
4.399995803833008,802
4.400066137313843,801
4.400198936462402,800
4.4020819664001465,799
4.402106761932373,798
4.403022050857544,797
4.403187990188599,796
4.421761989593506,795
4.428900957107544,794
4.428915023803711,793
4.452803134918213,792
4.454015016555786,791
4.45410680770874,790
4.454455137252808,789
4.454736948013306,788
4.454869031906128,787
4.464806795120239,786
4.4806578159332275,785
4.481496810913086,784
4.481729030609131,783
4.482162952423096,782
4.482755184173584,781
4.483559846878052,780
4.483725070953369,779
4.486935138702393,778
4.487377882003784,777
4.487512826919556,776
4.488229990005493,775
4.502403736114502,774
4.502450942993164,773
4.502562999725342,772
4.503580808639526,771
4.504184007644653,770
4.52527379989624,769
4.525470972061157,768
4.526966094970703,767
4.527470827102661,766
4.527516841888428,765
4.528505802154541,764
4.5286478996276855,763
4.533288955688477,762
4.533677816390991,761
4.533988952636719,760
4.5659849643707275,759
4.566823959350586,758
4.566967010498047,757
4.568011045455933,756
4.568527936935425,755
4.592051029205322,754
4.592358827590942,753
4.631302833557129,752
4.631829023361206,751
4.634082078933716,750
4.635312795639038,749
4.635380029678345,748
4.662296772003174,747
4.665315866470337,746
4.666559934616089,745
4.694962024688721,744
