0.002640962600708008,1110
0.005033969879150391,1109
0.007542133331298828,1108
0.009962081909179688,1107
0.012397050857543945,1106
0.014909982681274414,1105
0.017408132553100586,1104
0.019850969314575195,1103
0.02251291275024414,1102
0.025050878524780273,1101
0.027586936950683594,1100
0.03009319305419922,1099
0.03255724906921387,1098
0.03504300117492676,1097
0.03760099411010742,1096
0.04006791114807129,1095
0.042771100997924805,1094
0.04537606239318848,1093
0.047884225845336914,1092
0.05037808418273926,1091
0.05295395851135254,1090
0.05540895462036133,1089
0.05790400505065918,1088
0.06039881706237793,1087
0.06284713745117188,1086
0.06527280807495117,1085
0.06778407096862793,1084
0.07021903991699219,1083
0.07265210151672363,1082
0.07515716552734375,1081
0.07988786697387695,1080
0.08239912986755371,1079
0.08481788635253906,1078
0.08728814125061035,1077
0.08985090255737305,1076
0.09233808517456055,1075
0.09476399421691895,1074
0.09728217124938965,1073
0.09969401359558105,1072
0.1021268367767334,1071
0.10462284088134766,1070
0.10706806182861328,1069
0.10949206352233887,1068
0.11202383041381836,1067
0.11465597152709961,1066
0.11714482307434082,1065
0.11977815628051758,1064
0.12223100662231445,1063
0.12494182586669922,1062
0.1275331974029541,1061
0.13001298904418945,1060
0.1323699951171875,1059
0.13495993614196777,1058
0.13763785362243652,1057
0.14054608345031738,1056
0.14347505569458008,1055
0.1461949348449707,1054
0.14912009239196777,1053
0.15222406387329102,1052
0.15513205528259277,1051
0.15802597999572754,1050
0.1609020233154297,1049
0.16381287574768066,1048
0.16680598258972168,1047
0.16942596435546875,1046
0.17188215255737305,1045
0.17424893379211426,1044
0.17673993110656738,1043
0.17911005020141602,1042
0.18151307106018066,1041
0.1839449405670166,1040
0.18633699417114258,1039
0.18868517875671387,1038
0.1911640167236328,1037
0.193526029586792,1036
0.19593501091003418,1035
0.19836807250976562,1034
0.2007601261138916,1033
0.2031078338623047,1032
0.2055799961090088,1031
0.20792603492736816,1030
0.21031785011291504,1029
0.21274805068969727,1028
0.21513700485229492,1027
0.21748900413513184,1026
0.21996021270751953,1025
0.22231101989746094,1024
0.22471404075622559,1023
0.22713708877563477,1022
0.22952723503112793,1021
0.23187494277954102,1020
0.23434710502624512,1019
0.2366931438446045,1018
0.23907899856567383,1017
0.24150609970092773,1016
0.24393296241760254,1015
0.24631094932556152,1014
0.2488420009613037,1013
0.25120997428894043,1012
0.2536180019378662,1011
0.2560560703277588,1010
0.2584569454193115,1009
0.26081204414367676,1008
0.26328516006469727,1007
0.265639066696167,1006
0.2680342197418213,1005
0.2704620361328125,1004
0.2728559970855713,1003
0.2752048969268799,1002
0.2776799201965332,1001
0.2800290584564209,1000
0.2824220657348633,999
0.2848660945892334,998
0.28726792335510254,997
0.28962016105651855,996
0.2920989990234375,995
0.2944490909576416,994
0.29683995246887207,993
0.2992739677429199,992
0.3016829490661621,991
0.3040280342102051,990
0.3065009117126465,989
0.30884790420532227,988
0.31123995780944824,987
0.31366896629333496,986
0.31606197357177734,985
0.3184080123901367,984
0.3208777904510498,983
0.3232309818267822,982
0.325624942779541,981
0.32805681228637695,980
0.33045101165771484,979
0.332813024520874,978
0.3352971076965332,977
0.3376479148864746,976
0.3400380611419678,975
0.3424689769744873,974
0.3448619842529297,973
0.347210168838501,972
0.34967613220214844,971
0.3520231246948242,970
0.3544139862060547,969
0.3568398952484131,968
0.35923218727111816,967
0.36157917976379395,966
0.36405301094055176,965
0.3663969039916992,964
0.36878395080566406,963
0.3712139129638672,962
0.37361907958984375,961
0.3759779930114746,960
0.3784599304199219,959
0.38080811500549316,958
0.38320112228393555,957
0.38562893867492676,956
0.3880190849304199,955
0.3903679847717285,954
0.39284300804138184,953
0.3951880931854248,952
0.397615909576416,951
0.4000861644744873,950
0.4024960994720459,949
0.40485310554504395,948
0.40733814239501953,947
0.40970301628112793,946
0.4121060371398926,945
0.4145381450653076,944
0.4192039966583252,943
0.4217109680175781,942
0.4240689277648926,941
0.42646098136901855,940
0.42890405654907227,939
0.43131494522094727,938
0.4336662292480469,937
0.4361381530761719,936
0.43850088119506836,935
0.4408988952636719,934
0.44333910942077637,933
0.44573092460632324,932
0.448077917098999,931
0.45055484771728516,930
0.45290493965148926,929
0.4553098678588867,928
0.4577600955963135,927
0.46016383171081543,926
0.462522029876709,925
0.4650089740753174,924
0.4673590660095215,923
0.46974897384643555,922
0.4721832275390625,921
0.47458910942077637,920
0.4769411087036133,919
0.4794168472290039,918
0.4817638397216797,917
0.48415589332580566,916
0.48794984817504883,915
0.49028992652893066,914
0.4927670955657959,913
0.4951179027557373,912
0.4975240230560303,911
0.49996018409729004,910
0.5023560523986816,909
0.5047078132629395,908
0.5071849822998047,907
0.5095491409301758,906
0.5119459629058838,905
0.5143969058990479,904
0.5168001651763916,903
0.5191490650177002,902
0.5216221809387207,901
0.5239708423614502,900
0.5263640880584717,899
0.5303828716278076,898
0.5327389240264893,897
0.5352270603179932,896
0.5375771522521973,895
0.5399670600891113,894
0.5437860488891602,893
0.5461289882659912,892
0.5486030578613281,891
0.5509629249572754,890
0.5533478260040283,889
0.5558018684387207,888
0.5582339763641357,887
0.5605919361114502,886
0.5630788803100586,885
0.5654311180114746,884
0.5678210258483887,883
0.5717031955718994,882
0.5740470886230469,881
0.5765180587768555,880
0.5788669586181641,879
0.5812938213348389,878
0.5837230682373047,877
0.586115837097168,876
0.5884640216827393,875
0.5909359455108643,874
0.5932810306549072,873
0.5956759452819824,872
0.5981268882751465,871
0.6005258560180664,870
0.6028740406036377,869
0.6053509712219238,868
0.6088888645172119,867
0.6113250255584717,866
0.613710880279541,865
0.6160731315612793,864
0.6230049133300781,863
0.6272358894348145,862
0.6295812129974365,861
0.6339762210845947,860
0.6363739967346191,859
0.6388070583343506,858
0.6411972045898438,857
0.6435410976409912,856
0.6460151672363281,855
0.6496458053588867,854
0.6520678997039795,853
0.6544580459594727,852
0.6568021774291992,851
0.6592679023742676,850
0.66162109375,849
0.6640231609344482,848
0.6664519309997559,847
0.6688399314880371,846
0.6711859703063965,845
0.6757869720458984,844
0.6781730651855469,843
0.6805999279022217,842
0.6829910278320312,841
0.6853389739990234,840
0.6878070831298828,839
0.6901488304138184,838
0.6925420761108398,837
0.694983959197998,836
0.6973798274993896,835
0.6997251510620117,834
0.7033171653747559,833
0.7057092189788818,832
0.7081329822540283,831
0.7118439674377441,830
0.7143170833587646,829
0.7166600227355957,828
0.719048023223877,827
0.7215051651000977,826
0.7239420413970947,825
0.7263410091400146,824
0.7288379669189453,823
0.7333252429962158,822
0.738023042678833,821
0.7405550479888916,820
0.7432289123535156,819
0.7459018230438232,818
0.748399019241333,817
0.7531270980834961,816
0.7569921016693115,815
0.7595310211181641,814
0.7620491981506348,813
0.7646548748016357,812
0.7670669555664062,811
0.7695040702819824,810
0.7720189094543457,809
0.7744321823120117,808
0.7781269550323486,807
0.7804889678955078,806
0.7845110893249512,805
0.786890983581543,804
0.7934930324554443,803
0.7977848052978516,802
0.8001868724822998,801
0.8025510311126709,800
0.8050169944763184,799
0.807379961013794,798
0.8097639083862305,797
0.812201976776123,796
0.8145842552185059,795
0.8169450759887695,794
0.8194010257720947,793
0.8217611312866211,792
0.8241369724273682,791
0.8265821933746338,790
0.8289740085601807,789
0.8313460350036621,788
0.8338141441345215,787
0.8387432098388672,786
0.843951940536499,785
0.8463099002838135,784
0.848686933517456,783
0.8511359691619873,782
0.8535230159759521,781
0.855889081954956,780
0.8583519458770752,779
0.8607110977172852,778
0.863084077835083,777
0.8655281066894531,776
0.871783971786499,775
0.874305009841919,774
0.8767719268798828,773
0.8807928562164307,772
0.8833060264587402,771
0.8893771171569824,770
0.8940901756286621,769
0.8965661525726318,768
0.8990731239318848,767
0.90159010887146,766
0.9053990840911865,765
0.9119389057159424,764
0.9143388271331787,763
0.918510913848877,762
0.9245719909667969,761
0.9269680976867676,760
0.9311220645904541,759
0.935107946395874,758
0.9407241344451904,757
0.9431960582733154,756
0.945559024810791,755
0.947943925857544,754
0.9519319534301758,753
0.9542920589447021,752
0.9626550674438477,751
0.967195987701416,750
0.9710490703582764,749
0.9748239517211914,748
0.9771809577941895,747
0.983314037322998,746
0.9857590198516846,745
0.98813796043396,744
0.9904930591583252,743
0.9929521083831787,742
0.9953138828277588,741
0.99770188331604,740
1.0001590251922607,739
1.0025379657745361,738
1.0071899890899658,737
1.0095491409301758,736
1.0140540599822998,735
1.0164291858673096,734
1.0206429958343506,733
1.0229990482330322,732
1.0284080505371094,731
1.0322980880737305,730
1.034656047821045,729
1.0370349884033203,728
1.039484977722168,727
1.0418739318847656,726
1.0442321300506592,725
1.0466909408569336,724
1.049048900604248,723
1.0514299869537354,722
1.0538740158081055,721
1.0606679916381836,720
1.0630269050598145,719
1.0700249671936035,718
1.0724890232086182,717
1.076098918914795,716
1.0822789669036865,715
1.0847370624542236,714
1.087096929550171,713
1.093574047088623,712
1.1020419597625732,711
1.1057369709014893,710
1.1081969738006592,709
1.1105659008026123,708
1.1161868572235107,707
1.118549108505249,706
1.1210169792175293,705
1.129866123199463,704
1.1322288513183594,703
1.1346919536590576,702
1.1382379531860352,701
1.1406850814819336,700
1.1446759700775146,699
1.1472020149230957,698
1.1495790481567383,697
1.1519649028778076,696
1.1544139385223389,695
1.161377191543579,694
1.17081618309021,693
1.1731898784637451,692
1.17557692527771,691
1.179551124572754,690
1.1877210140228271,689
1.1920320987701416,688
1.1973330974578857,687
1.1997120380401611,686
1.2021629810333252,685
1.2061970233917236,684
1.208664894104004,683
1.211026906967163,682
1.213404893875122,681
1.222898006439209,680
1.2252891063690186,679
1.2277369499206543,678
1.233943223953247,677
1.2396581172943115,676
1.2496929168701172,675
1.2520830631256104,674
1.2589352130889893,673
1.267806053161621,672
1.284168004989624,671
1.286545991897583,670
1.2927179336547852,669
1.303406000137329,668
1.3115260601043701,667
1.3139221668243408,666
1.3178229331970215,665
1.3266050815582275,664
1.3479959964752197,663
1.353559970855713,662
1.3606748580932617,661
1.366204023361206,660
1.3736989498138428,659
1.3761417865753174,658
1.3824050426483154,657
1.3922309875488281,656
1.4197070598602295,655
1.4338278770446777,654
1.4513890743255615,653
1.4549579620361328,652
1.4585199356079102,651
1.4660911560058594,650
1.4684600830078125,649
1.4731569290161133,648
1.4943580627441406,647
1.4987220764160156,646
1.5048139095306396,645
1.515528917312622,644
1.5390429496765137,643
1.5581250190734863,642
1.569586992263794,641
1.5838191509246826,640
1.6056630611419678,639
1.61539888381958,638
1.6350071430206299,637
1.6437830924987793,636
1.6490559577941895,635
1.6516098976135254,634
1.6750102043151855,633
1.7139410972595215,632
1.721357822418213,631
1.7422471046447754,630
1.7548460960388184,629
1.7610728740692139,628
1.7831099033355713,627
1.8015789985656738,626
1.8621461391448975,625
2.049571990966797,624
