0.0,54510
8.044136047363281,810
8.04447603225708,809
8.04451298713684,808
8.044631004333496,807
8.044849872589111,806
8.045893907546997,805
8.045982122421265,804
8.045996189117432,803
8.04606008529663,802
8.049162149429321,801
8.049176931381226,800
8.049204111099243,799
8.05083703994751,798
8.050851821899414,797
8.051059007644653,796
8.05107307434082,795
8.051524877548218,794
8.051619052886963,793
8.052103042602539,792
8.052153825759888,791
8.052224159240723,790
8.052330017089844,789
8.05235505104065,788
8.052448987960815,787
8.052485942840576,786
8.052568912506104,785
8.052824020385742,784
8.05286192893982,783
8.052887201309204,782
8.052901029586792,781
8.052926063537598,780
8.05295205116272,779
8.055784940719604,778
8.05583381652832,777
8.055927038192749,776
8.05593991279602,775
8.056480169296265,774
8.056517839431763,773
8.056543111801147,772
8.056590795516968,771
8.056603908538818,770
8.056642055511475,769
8.111608028411865,768
8.111624002456665,767
8.111638069152832,766
8.11165189743042,765
8.111737966537476,764
8.113659858703613,763
8.113686084747314,762
8.115709066390991,761
8.129742860794067,760
8.129759073257446,759
8.129773139953613,758
8.142001867294312,757
8.142017126083374,756
8.1421799659729,755
8.142226934432983,754
8.142414808273315,753
8.142452001571655,752
8.142499208450317,751
8.14258098602295,750
8.142639875411987,749
8.143049955368042,748
8.14317798614502,747
8.143192052841187,746
8.15198278427124,745
8.152022123336792,744
8.152400970458984,743
8.169127941131592,742
8.16914415359497,741
8.169204950332642,740
8.170751094818115,739
8.194189071655273,738
8.194262981414795,737
8.19440221786499,736
8.194448947906494,735
8.194844961166382,734
8.194883108139038,733
8.195171117782593,732
8.209293127059937,731
8.210031986236572,730
8.214907884597778,729
8.214993000030518,728
8.215065956115723,727
8.21530818939209,726
8.215344905853271,725
8.215533018112183,724
8.216087102890015,723
8.216295957565308,722
8.22995114326477,721
8.230914115905762,720
8.236141204833984,719
8.236415147781372,718
8.236554145812988,717
8.237910985946655,716
8.238083839416504,715
8.238121032714844,714
8.238363027572632,713
8.238499879837036,712
8.23940896987915,711
8.239593982696533,710
8.239721059799194,709
8.239840030670166,708
8.240381956100464,707
8.241182088851929,706
8.241335153579712,705
8.241544961929321,704
8.24159288406372,703
8.241925954818726,702
8.245144844055176,701
8.24617600440979,700
8.246248006820679,699
8.246320009231567,698
8.24634599685669,697
8.246382236480713,696
8.246567010879517,695
8.246810913085938,694
8.246893167495728,693
8.246964931488037,692
8.248029947280884,691
8.24805498123169,690
8.248112916946411,689
8.24894404411316,688
8.249052047729492,687
8.249247074127197,686
8.25097918510437,685
8.251156091690063,684
8.251697063446045,683
8.253826141357422,682
8.25438117980957,681
8.255007982254028,680
8.255076885223389,679
8.255238056182861,678
8.255420923233032,677
8.27096700668335,676
8.271072149276733,675
8.271098852157593,674
8.272374153137207,673
8.277717113494873,672
8.279820203781128,671
8.279896974563599,670
8.279935121536255,669
8.282855033874512,668
8.282904148101807,667
8.283351182937622,666
8.283375978469849,665
8.312557220458984,664
8.31281304359436,663
8.312837839126587,662
8.312931060791016,661
8.316155910491943,660
8.316650152206421,659
8.316895008087158,658
8.317077159881592,657
8.317348003387451,656
8.321813106536865,655
8.333590984344482,654
8.33505392074585,653
8.335237979888916,652
8.335443019866943,651
8.335523128509521,650
8.335683107376099,649
8.336121797561646,648
8.33991003036499,647
8.340411901473999,646
8.341486930847168,645
8.36014699935913,644
8.360663175582886,643
8.362841844558716,642
8.386533975601196,641
8.388353109359741,640
8.3905029296875,639
8.390664100646973,638
8.39158296585083,637
8.391856908798218,636
8.391993999481201,635
8.392366886138916,634
8.39483904838562,633
8.395662784576416,632
8.397810935974121,631
8.39805293083191,630
8.398831844329834,629
8.399685859680176,628
8.407257795333862,627
8.408082962036133,626
8.474202871322632,625
8.486085891723633,624
