0.0026187896728515625,1110
0.005055904388427734,1109
0.007463932037353516,1108
0.009970903396606445,1107
0.012360811233520508,1106
0.014763832092285156,1105
0.017239809036254883,1104
0.01965188980102539,1103
0.022047996520996094,1102
0.024628877639770508,1101
0.027138710021972656,1100
0.02959275245666504,1099
0.032077789306640625,1098
0.034497737884521484,1097
0.03689074516296387,1096
0.03939366340637207,1095
0.04183387756347656,1094
0.044342756271362305,1093
0.047043800354003906,1092
0.04947185516357422,1091
0.05190300941467285,1090
0.05439496040344238,1089
0.05680489540100098,1088
0.05920267105102539,1087
0.06169772148132324,1086
0.0640866756439209,1085
0.06650400161743164,1084
0.06921887397766113,1083
0.07162094116210938,1082
0.07404279708862305,1081
0.0765078067779541,1080
0.07891082763671875,1079
0.08151578903198242,1078
0.08433985710144043,1077
0.08675980567932129,1076
0.08916187286376953,1075
0.09163594245910645,1074
0.09402799606323242,1073
0.09646892547607422,1072
0.09908390045166016,1071
0.10151505470275879,1070
0.1039128303527832,1069
0.10641884803771973,1068
0.10885095596313477,1067
0.11126565933227539,1066
0.11377096176147461,1065
0.1161959171295166,1064
0.11865973472595215,1063
0.1211538314819336,1062
0.12357187271118164,1061
0.125993013381958,1060
0.1285109519958496,1059
0.13092303276062012,1058
0.13344573974609375,1057
0.13606786727905273,1056
0.13853693008422852,1055
0.14092278480529785,1054
0.1433868408203125,1053
0.14577269554138184,1052
0.14818692207336426,1051
0.15067291259765625,1050
0.15308189392089844,1049
0.15547871589660645,1048
0.15798568725585938,1047
0.1603987216949463,1046
0.1628248691558838,1045
0.16531991958618164,1044
0.16774773597717285,1043
0.17011690139770508,1042
0.17261290550231934,1041
0.17503786087036133,1040
0.177520751953125,1039
0.1800987720489502,1038
0.1826009750366211,1037
0.1850879192352295,1036
0.18782687187194824,1035
0.1903238296508789,1034
0.1929638385772705,1033
0.19558286666870117,1032
0.19819188117980957,1031
0.2006206512451172,1030
0.2031259536743164,1029
0.2055668830871582,1028
0.2080078125,1027
0.2105269432067871,1026
0.21296167373657227,1025
0.21538376808166504,1024
0.21789979934692383,1023
0.22031688690185547,1022
0.2227468490600586,1021
0.22525382041931152,1020
0.22768688201904297,1019
0.23009204864501953,1018
0.23257875442504883,1017
0.23498988151550293,1016
0.23739290237426758,1015
0.2398819923400879,1014
0.24242687225341797,1013
0.2450549602508545,1012
0.2475569248199463,1011
0.2499849796295166,1010
0.25238680839538574,1009
0.254896879196167,1008
0.2572920322418213,1007
0.25970888137817383,1006
0.26390576362609863,1005
0.26630568504333496,1004
0.2688028812408447,1003
0.2712059020996094,1002
0.27362489700317383,1001
0.27611804008483887,1000
0.2785637378692627,999
0.2809727191925049,998
0.28348684310913086,997
0.2859067916870117,996
0.28833794593811035,995
0.2908318042755127,994
0.2932589054107666,993
0.295665979385376,992
0.298264741897583,991
0.3007817268371582,990
0.3033878803253174,989
0.30588293075561523,988
0.30832886695861816,987
0.31072282791137695,986
0.31324076652526855,985
0.31563687324523926,984
0.3180668354034424,983
0.3205230236053467,982
0.3229498863220215,981
0.32534193992614746,980
0.32785677909851074,979
0.3302268981933594,978
0.3326418399810791,977
0.335101842880249,976
0.3374948501586914,975
0.33986997604370117,974
0.3423588275909424,973
0.3447387218475342,972
0.34715867042541504,971
0.3496236801147461,970
0.3520488739013672,969
0.35452699661254883,968
0.3571467399597168,967
0.3597257137298584,966
0.3621399402618408,965
0.36467480659484863,964
0.3671228885650635,963
0.36954689025878906,962
0.3720388412475586,961
0.3744547367095947,960
0.376849889755249,959
0.37934184074401855,958
0.38176679611206055,957
0.384185791015625,956
0.3866698741912842,955
0.38907790184020996,954
0.3914797306060791,953
0.39397192001342773,952
0.39636778831481934,951
0.39878201484680176,950
0.4012579917907715,949
0.40366172790527344,948
0.4060537815093994,947
0.4109969139099121,946
0.413604736328125,945
0.4160797595977783,944
0.4185059070587158,943
0.42087769508361816,942
0.4233968257904053,941
0.42577385902404785,940
0.42820096015930176,939
0.4306528568267822,938
0.43306970596313477,937
0.43543386459350586,936
0.437924861907959,935
0.44029974937438965,934
0.4427189826965332,933
0.4451630115509033,932
0.44756579399108887,931
0.4499337673187256,930
0.45242881774902344,929
0.4547998905181885,928
0.4572148323059082,927
0.45966577529907227,926
0.4620838165283203,925
0.46445798873901367,924
0.46710681915283203,923
0.46977782249450684,922
0.4722118377685547,921
0.4747159481048584,920
0.4771137237548828,919
0.48096275329589844,918
0.48526906967163086,917
0.4877488613128662,916
0.49011898040771484,915
0.4925079345703125,914
0.49498486518859863,913
0.49739789962768555,912
0.4997987747192383,911
0.5022947788238525,910
0.5046877861022949,909
0.5071008205413818,908
0.5095808506011963,907
0.51200270652771,906
0.5144100189208984,905
0.5169217586517334,904
0.5193159580230713,903
0.5252077579498291,902
0.5297977924346924,901
0.5322177410125732,900
0.536107063293457,899
0.5385258197784424,898
0.5409348011016846,897
0.5434167385101318,896
0.5458507537841797,895
0.5482728481292725,894
0.5507519245147705,893
0.5531818866729736,892
0.5555949211120605,891
0.5580878257751465,890
0.5604937076568604,889
0.5644607543945312,888
0.5668978691101074,887
0.5693008899688721,886
0.571814775466919,885
0.5742228031158447,884
0.5766520500183105,883
0.5791397094726562,882
0.5815689563751221,881
0.5839927196502686,880
0.5865237712860107,879
0.5902080535888672,878
0.5927097797393799,877
0.5951297283172607,876
0.5975267887115479,875
0.600031852722168,874
0.602435827255249,873
0.6048567295074463,872
0.6073479652404785,871
0.60978102684021,870
0.6121900081634521,869
0.6169106960296631,868
0.6193399429321289,867
0.6236658096313477,866
0.6260828971862793,865
0.6305837631225586,864
0.6330118179321289,863
0.635498046875,862
0.6379268169403076,861
0.6403357982635498,860
0.6428327560424805,859
0.6465458869934082,858
0.6490449905395508,857
0.6514797210693359,856
0.6538858413696289,855
0.6563928127288818,854
0.6588060855865479,853
0.6612260341644287,852
0.6637089252471924,851
0.6661257743835449,850
0.6685168743133545,849
0.670996904373169,848
0.6755499839782715,847
0.6780459880828857,846
0.6804678440093994,845
0.6829509735107422,844
0.6856319904327393,843
0.6880238056182861,842
0.6904418468475342,841
0.6928958892822266,840
0.6953060626983643,839
0.6976907253265381,838
0.7015857696533203,837
0.7052066326141357,836
0.7088446617126465,835
0.7126920223236084,834
0.7151317596435547,833
0.7175998687744141,832
0.7200219631195068,831
0.7224409580230713,830
0.7266440391540527,829
0.7292988300323486,828
0.734318733215332,827
0.7393169403076172,826
0.7422857284545898,825
0.7450928688049316,824
0.7480897903442383,823
0.7508108615875244,822
0.7560908794403076,821
0.7589550018310547,820
0.7616548538208008,819
0.764326810836792,818
0.7670538425445557,817
0.7699520587921143,816
0.7727198600769043,815
0.7754309177398682,814
0.7778308391571045,813
0.78153395652771,812
0.7839179039001465,811
0.7879579067230225,810
0.7903218269348145,809
0.8009920120239258,808
0.8058497905731201,807
0.8085949420928955,806
0.8113307952880859,805
0.814180850982666,804
0.8170146942138672,803
0.8198857307434082,802
0.8225569725036621,801
0.825415849685669,800
0.8280768394470215,799
0.8308999538421631,798
0.8339757919311523,797
0.8368687629699707,796
0.8397829532623291,795
0.8426361083984375,794
0.8470096588134766,793
0.8602168560028076,792
0.8632688522338867,791
0.8659558296203613,790
0.8688759803771973,789
0.8715939521789551,788
0.8743748664855957,787
0.8770267963409424,786
0.8801207542419434,785
0.8827857971191406,784
0.8856587409973145,783
0.8883950710296631,782
0.8911817073822021,781
0.8937997817993164,780
0.9002518653869629,779
0.9029707908630371,778
0.9064679145812988,777
0.9100396633148193,776
0.9135329723358154,775
0.9167439937591553,774
0.9201338291168213,773
0.9283459186553955,772
0.9346978664398193,771
0.9383828639984131,770
0.9417417049407959,769
0.9446179866790771,768
0.949913740158081,767
0.9528336524963379,766
0.9626648426055908,765
0.9684269428253174,764
0.9716160297393799,763
0.9765887260437012,762
0.9791278839111328,761
0.9827709197998047,760
0.9869246482849121,759
0.9914307594299316,758
0.9939279556274414,757
0.9964017868041992,756
0.9988889694213867,755
1.001478910446167,754
1.0056016445159912,753
1.0081908702850342,752
1.0107159614562988,751
1.0180799961090088,750
1.0226988792419434,749
1.026723861694336,748
1.031432867050171,747
1.0339248180389404,746
1.0401759147644043,745
1.0426008701324463,744
1.045027732849121,743
1.047529935836792,742
1.0499558448791504,741
1.052367925643921,740
1.0548698902130127,739
1.0572259426116943,738
1.0596039295196533,737
1.064255952835083,736
1.066612958908081,735
1.071119785308838,734
1.0734930038452148,733
1.0772838592529297,732
1.0826878547668457,731
1.0865747928619385,730
1.088951826095581,729
1.091324806213379,728
1.093794822692871,727
1.0961599349975586,726
1.0985369682312012,725
1.1009838581085205,724
1.103369951248169,723
1.1057298183441162,722
1.1081929206848145,721
1.1149768829345703,720
1.1173686981201172,719
1.1241588592529297,718
1.1266028881072998,717
1.1312987804412842,716
1.1337628364562988,715
1.1383287906646729,714
1.1408908367156982,713
1.1434917449951172,712
1.1501917839050293,711
1.1615307331085205,710
1.166092872619629,709
1.1696970462799072,708
1.174332857131958,707
1.1768419742584229,706
1.1815197467803955,705
1.1862478256225586,704
1.1886348724365234,703
1.191061019897461,702
1.1945416927337646,701
1.197011947631836,700
1.2009308338165283,699
1.2033579349517822,698
1.2079439163208008,697
1.2104237079620361,696
1.2173807621002197,695
1.226808786392212,694
1.2291960716247559,693
1.231553077697754,692
1.2356388568878174,691
1.2444548606872559,690
1.2523608207702637,689
1.2547388076782227,688
1.2606258392333984,687
1.263200044631958,686
1.2673828601837158,685
1.2774269580841064,684
1.2799906730651855,683
1.2824766635894775,682
1.2892909049987793,681
1.2953789234161377,680
1.3020977973937988,679
1.306609869003296,678
1.3091537952423096,677
1.3168308734893799,676
1.319286823272705,675
1.3238039016723633,674
1.3680927753448486,673
1.3706519603729248,672
1.3747808933258057,671
1.3808667659759521,670
1.3875048160552979,669
1.4009337425231934,668
1.4061617851257324,667
1.4086127281188965,666
1.4143857955932617,665
1.4217936992645264,664
1.4273617267608643,663
1.435121774673462,662
1.4375898838043213,661
1.4440507888793945,660
1.4823307991027832,659
1.4975481033325195,658
1.5000898838043213,657
1.5170507431030273,656
1.5209259986877441,655
1.5304739475250244,654
1.537111759185791,653
1.5512688159942627,652
1.5612678527832031,651
1.5670318603515625,650
1.5695056915283203,649
1.5741498470306396,648
1.5810749530792236,647
1.5836596488952637,646
1.604820966720581,645
1.6257820129394531,644
1.6283268928527832,643
1.6390509605407715,642
1.653998851776123,641
1.6867289543151855,640
1.7081549167633057,639
1.7158198356628418,638
1.7212018966674805,637
1.7237298488616943,636
1.7374279499053955,635
1.749953031539917,634
1.7913968563079834,633
1.7972607612609863,632
1.8054349422454834,631
1.8460569381713867,630
1.8632876873016357,629
1.8877549171447754,628
1.9402439594268799,627
1.9469988346099854,626
2.1383309364318848,625
