1.1920928955078125e-06,54510
8.198341131210327,805
8.199049234390259,804
8.199239253997803,803
8.199405193328857,802
8.199627161026001,801
8.199641227722168,800
8.199713230133057,799
8.19982123374939,798
8.200821161270142,792
8.200846195220947,791
8.200860261917114,790
8.200921297073364,789
8.200982093811035,788
8.200997114181519,787
8.201035022735596,786
8.201223373413086,785
8.201342344284058,784
8.234007120132446,781
8.234245300292969,780
8.23428225517273,779
8.234423160552979,778
8.237695455551147,777
8.237724304199219,776
8.23796033859253,775
8.238442420959473,774
8.238515377044678,773
8.265840291976929,772
8.280989408493042,768
8.281076431274414,767
8.281124114990234,766
8.281174182891846,765
8.281222343444824,764
8.281605243682861,763
8.281619310379028,762
8.283035278320312,761
8.28304934501648,760
8.283509016036987,759
8.283604383468628,758
8.28397536277771,757
8.288795232772827,756
8.289127349853516,755
8.28956913948059,754
8.289641380310059,753
8.289655208587646,752
8.290359258651733,751
8.2903733253479,750
8.320954322814941,749
8.321126222610474,748
8.321176290512085,747
8.32120132446289,746
8.328317403793335,745
8.328761100769043,744
8.328810453414917,743
8.328848123550415,742
8.329267263412476,741
8.329304218292236,740
8.329569101333618,739
8.329594135284424,738
8.332263231277466,737
8.355959177017212,736
8.3560471534729,735
8.35629415512085,734
8.356332063674927,733
8.356407165527344,732
8.357999324798584,731
8.358128309249878,730
8.362629175186157,729
8.362770318984985,728
8.363255262374878,727
8.363525152206421,726
8.363550424575806,725
8.363681077957153,724
8.36369514465332,723
8.364697217941284,722
8.364745378494263,721
8.364781141281128,720
8.365215301513672,719
8.365781307220459,718
8.366941213607788,717
8.368775367736816,716
8.36880111694336,715
8.368815183639526,714
8.370794296264648,713
8.370809316635132,712
8.370847225189209,711
8.37111234664917,710
8.371374130249023,709
8.371458053588867,708
8.371793270111084,707
8.37254524230957,706
8.372870206832886,705
8.377018213272095,704
8.377260208129883,703
8.377285242080688,702
8.395048379898071,701
8.395064115524292,700
8.395101308822632,699
8.395220279693604,698
8.395279169082642,697
8.395293235778809,696
8.395307064056396,695
8.39539122581482,694
8.397151231765747,693
8.39737319946289,692
8.397568225860596,691
8.397606372833252,690
8.397687196731567,689
8.397723197937012,688
8.398033380508423,687
8.39804744720459,686
8.398266315460205,685
8.398292303085327,684
8.398306131362915,683
8.40023136138916,682
8.400551319122314,681
8.400588035583496,680
8.400978326797485,679
8.401702165603638,678
8.402359247207642,677
8.402531147003174,676
8.402568340301514,675
8.405206203460693,674
8.40556526184082,673
8.405741214752197,672
8.405755281448364,671
8.405863285064697,670
8.434943437576294,669
8.436680316925049,668
8.436760187149048,667
8.436812162399292,666
8.436980247497559,665
8.437324047088623,664
8.43869423866272,663
8.441086292266846,662
8.441578388214111,661
8.44527006149292,660
8.445312023162842,659
8.452145338058472,658
8.455023288726807,657
8.45654034614563,656
8.456623315811157,655
8.457097291946411,654
8.457296133041382,653
8.468690395355225,652
8.469205379486084,651
8.475648164749146,650
8.475812196731567,649
8.477179288864136,648
8.477504014968872,647
8.478620290756226,646
8.48539924621582,645
8.486327171325684,644
8.486398220062256,643
8.487133264541626,642
8.48791241645813,641
8.487949132919312,640
8.496466398239136,639
8.496687173843384,638
8.497833251953125,637
8.49786925315857,636
8.497940301895142,635
8.497977256774902,634
8.498707294464111,633
8.499803304672241,632
8.513181209564209,631
8.514545202255249,630
8.514594078063965,629
8.514711141586304,628
8.514873266220093,627
8.514942407608032,626
8.519545316696167,625
8.520065069198608,624
8.520593166351318,623
8.522561073303223,622
8.546579360961914,621
8.557412147521973,620
8.559292316436768,619
8.606316089630127,618
