0.0028040409088134766,1110
0.005457878112792969,1109
0.01085805892944336,1108
0.013568639755249023,1107
0.016432762145996094,1106
0.01924276351928711,1105
0.022012948989868164,1104
0.024749755859375,1103
0.027684926986694336,1102
0.030673980712890625,1101
0.03337883949279785,1100
0.036142826080322266,1099
0.03882765769958496,1098
0.04155087471008301,1097
0.04433178901672363,1096
0.04711198806762695,1095
0.04980206489562988,1094
0.05260181427001953,1093
0.055234670639038086,1092
0.057881832122802734,1091
0.06055879592895508,1090
0.06323480606079102,1089
0.06580686569213867,1088
0.06855201721191406,1087
0.07118391990661621,1086
0.07398390769958496,1085
0.07686471939086914,1084
0.07949972152709961,1083
0.08219289779663086,1082
0.0849149227142334,1081
0.08764481544494629,1080
0.09027266502380371,1079
0.0930318832397461,1078
0.0956568717956543,1077
0.09835982322692871,1076
0.10111474990844727,1075
0.10388684272766113,1074
0.10673785209655762,1073
0.10948777198791504,1072
0.11221981048583984,1071
0.11483383178710938,1070
0.11773395538330078,1069
0.12047171592712402,1068
0.1232757568359375,1067
0.1286919116973877,1066
0.13137578964233398,1065
0.13424181938171387,1064
0.13704490661621094,1063
0.13969993591308594,1062
0.14231181144714355,1061
0.14493083953857422,1060
0.14754796028137207,1059
0.1504068374633789,1058
0.15309476852416992,1057
0.15572476387023926,1056
0.1583859920501709,1055
0.16107392311096191,1054
0.1636979579925537,1053
0.16638970375061035,1052
0.16894888877868652,1051
0.1714949607849121,1050
0.17412590980529785,1049
0.17676496505737305,1048
0.1794748306274414,1047
0.18224287033081055,1046
0.18497896194458008,1045
0.1874539852142334,1044
0.19011783599853516,1043
0.19264006614685059,1042
0.19525384902954102,1041
0.19776272773742676,1040
0.200239896774292,1039
0.20265483856201172,1038
0.20520281791687012,1037
0.20765972137451172,1036
0.2102069854736328,1035
0.2127077579498291,1034
0.2152106761932373,1033
0.2176966667175293,1032
0.22041606903076172,1031
0.22294402122497559,1030
0.22557497024536133,1029
0.22811079025268555,1028
0.2306509017944336,1027
0.23306679725646973,1026
0.23572587966918945,1025
0.23825883865356445,1024
0.24091076850891113,1023
0.24344873428344727,1022
0.24594879150390625,1021
0.24841594696044922,1020
0.2511129379272461,1019
0.2535686492919922,1018
0.26012182235717773,1017
0.26285290718078613,1016
0.26544690132141113,1015
0.2681269645690918,1014
0.2708737850189209,1013
0.2735328674316406,1012
0.27631688117980957,1011
0.27887487411499023,1010
0.28139495849609375,1009
0.2839529514312744,1008
0.2864997386932373,1007
0.28899478912353516,1006
0.2915768623352051,1005
0.2940349578857422,1004
0.296489953994751,1003
0.29900288581848145,1002
0.30147790908813477,1001
0.30393505096435547,1000
0.3064730167388916,999
0.30901479721069336,998
0.31147193908691406,997
0.31403183937072754,996
0.3165090084075928,995
0.31894469261169434,994
0.3214857578277588,993
0.3239119052886963,992
0.32634878158569336,991
0.3288567066192627,990
0.33130669593811035,989
0.33374691009521484,988
0.3362858295440674,987
0.3387327194213867,986
0.341188907623291,985
0.3437519073486328,984
0.34621191024780273,983
0.34863781929016113,982
0.3511838912963867,981
0.3536238670349121,980
0.35606980323791504,979
0.3585848808288574,978
0.3610377311706543,977
0.3634927272796631,976
0.36606907844543457,975
0.3686196804046631,974
0.3713557720184326,973
0.3754246234893799,972
0.37805986404418945,971
0.38094592094421387,970
0.3836359977722168,969
0.38642287254333496,968
0.389110803604126,967
0.39185380935668945,966
0.3944709300994873,965
0.39723873138427734,964
0.39986491203308105,963
0.4028329849243164,962
0.4056520462036133,961
0.40854883193969727,960
0.4113497734069824,959
0.4143538475036621,958
0.4195687770843506,957
0.4225196838378906,956
0.4252898693084717,955
0.4281909465789795,954
0.431013822555542,953
0.4338688850402832,952
0.43934082984924316,951
0.44200992584228516,950
0.44477176666259766,949
0.4474928379058838,948
0.45028090476989746,947
0.4528629779815674,946
0.4556119441986084,945
0.45819687843322754,944
0.46084094047546387,943
0.46346402168273926,942
0.4661397933959961,941
0.468674898147583,940
0.4713606834411621,939
0.4738278388977051,938
0.4763619899749756,937
0.4791989326477051,936
0.4819190502166748,935
0.48485302925109863,934
0.4877169132232666,933
0.49097394943237305,932
0.4941227436065674,931
0.49868178367614746,930
0.5014936923980713,929
0.5041358470916748,928
0.5068628787994385,927
0.509678840637207,926
0.5124728679656982,925
0.5154969692230225,924
0.5187757015228271,923
0.5253818035125732,922
0.5283017158508301,921
0.5309867858886719,920
0.533815860748291,919
0.5364916324615479,918
0.5392348766326904,917
0.5420947074890137,916
0.54482102394104,915
0.5474979877471924,914
0.5504558086395264,913
0.5532107353210449,912
0.5561099052429199,911
0.5589718818664551,910
0.5617589950561523,909
0.5643856525421143,908
0.5689258575439453,907
0.5736408233642578,906
0.5763719081878662,905
0.579014778137207,904
0.5818357467651367,903
0.5844979286193848,902
0.5893428325653076,901
0.5920999050140381,900
0.5949246883392334,899
0.5977017879486084,898
0.6004588603973389,897
0.6031627655029297,896
0.6060307025909424,895
0.6087079048156738,894
0.6114928722381592,893
0.6143019199371338,892
0.6170949935913086,891
0.6216988563537598,890
0.6245477199554443,889
0.6275918483734131,888
0.6305699348449707,887
0.6337418556213379,886
0.6367638111114502,885
0.6396067142486572,884
0.6425559520721436,883
0.645758867263794,882
0.648695707321167,881
0.651432991027832,880
0.6561279296875,879
0.6589858531951904,878
0.6616277694702148,877
0.6646406650543213,876
0.667482852935791,875
0.6703040599822998,874
0.6731588840484619,873
0.6758527755737305,872
0.6785590648651123,871
0.6842577457427979,870
0.6871256828308105,869
0.6921977996826172,868
0.6949639320373535,867
0.703402042388916,866
0.7093749046325684,865
0.7156639099121094,864
0.7193496227264404,863
0.7222297191619873,862
0.725165843963623,861
0.7309267520904541,860
0.7337448596954346,859
0.7364358901977539,858
0.73915696144104,857
0.7419400215148926,856
0.744600772857666,855
0.747338056564331,854
0.7515068054199219,853
0.7542638778686523,852
0.7570366859436035,851
0.7625048160552979,850
0.766284704208374,849
0.7702710628509521,848
0.7744767665863037,847
0.7775907516479492,846
0.7806448936462402,845
0.7835378646850586,844
0.7865428924560547,843
0.7893409729003906,842
0.7920458316802979,841
0.7947897911071777,840
0.7975039482116699,839
0.8017668724060059,838
0.8047847747802734,837
0.8079288005828857,836
0.8125419616699219,835
0.8153369426727295,834
0.8183128833770752,833
0.8211939334869385,832
0.8240537643432617,831
0.8281307220458984,830
0.8320298194885254,829
0.8350269794464111,828
0.8406479358673096,827
0.8474748134613037,826
0.8506529331207275,825
0.853935956954956,824
0.8575937747955322,823
0.8605010509490967,822
0.8661727905273438,821
0.8705458641052246,820
0.874154806137085,819
0.8774936199188232,818
0.8807058334350586,817
0.8837337493896484,816
0.8864767551422119,815
0.8891689777374268,814
0.8919696807861328,813
0.8960709571838379,812
0.8988099098205566,811
0.9032588005065918,810
0.9062879085540771,809
0.9142837524414062,808
0.9190888404846191,807
0.9218597412109375,806
0.9246096611022949,805
0.9274277687072754,804
0.9302527904510498,803
0.9332618713378906,802
0.9360818862915039,801
0.9389088153839111,800
0.9416167736053467,799
0.9443950653076172,798
0.9472267627716064,797
0.9499647617340088,796
0.9526479244232178,795
0.955446720123291,794
0.9582736492156982,793
0.961493730545044,792
0.9662978649139404,791
0.9726848602294922,790
0.9755070209503174,789
0.9783258438110352,788
0.9809908866882324,787
0.9836738109588623,786
0.9864709377288818,785
0.9892168045043945,784
0.9919507503509521,783
0.9946818351745605,782
0.9974007606506348,781
1.0000579357147217,780
1.0028407573699951,779
1.005497932434082,778
1.0117897987365723,777
1.0144338607788086,776
1.0172207355499268,775
1.01987886428833,774
1.0226938724517822,773
1.0262699127197266,772
1.0296177864074707,771
1.0362718105316162,770
1.0416326522827148,769
1.046266794204712,768
1.050245761871338,767
1.057107925415039,766
1.0597689151763916,765
1.0643799304962158,764
1.0671257972717285,763
1.072016954421997,762
1.0747928619384766,761
1.0795719623565674,760
1.0845918655395508,759
1.090345859527588,758
1.095632791519165,757
1.0983686447143555,756
1.101090669631958,755
1.1073567867279053,754
1.1100428104400635,753
1.1183576583862305,752
1.1239466667175293,751
1.128490686416626,750
1.1336746215820312,749
1.1365220546722412,748
1.143955945968628,747
1.1472268104553223,746
1.1498796939849854,745
1.1526589393615723,744
1.155336856842041,743
1.1580348014831543,742
1.160794734954834,741
1.1634769439697266,740
1.1661198139190674,739
1.1714346408843994,738
1.1742498874664307,737
1.1807010173797607,736
1.1854727268218994,735
1.1881868839263916,734
1.1944000720977783,733
1.198882818222046,732
1.2016007900238037,731
1.2043488025665283,730
1.2069950103759766,729
1.2095990180969238,728
1.2122118473052979,727
1.2148528099060059,726
1.2175617218017578,725
1.220395803451538,724
1.2231149673461914,723
1.230841875076294,722
1.2335739135742188,721
1.241614818572998,720
1.2443227767944336,719
1.2520618438720703,718
1.25711989402771,717
1.2610888481140137,716
1.2641408443450928,715
1.271589756011963,714
1.2758269309997559,713
1.2825019359588623,712
1.2888758182525635,711
1.2915949821472168,710
1.295701026916504,709
1.298400640487671,708
1.3011839389801025,707
1.3038856983184814,706
1.3116469383239746,705
1.314450979232788,704
1.3172879219055176,703
1.3235218524932861,702
1.3280489444732666,701
1.3308868408203125,700
1.3336048126220703,699
1.3362908363342285,698
1.339120864868164,697
1.3468928337097168,696
1.3565850257873535,695
1.3592519760131836,694
1.361905813217163,693
1.3663787841796875,692
1.375457763671875,691
1.3800430297851562,690
1.3858497142791748,689
1.390122652053833,688
1.394636869430542,687
1.3973639011383057,686
1.4000568389892578,685
1.402702808380127,684
1.411083698272705,683
1.413780927658081,682
1.4164166450500488,681
1.4191999435424805,680
1.4260947704315186,679
1.4324486255645752,678
1.4395477771759033,677
1.4445226192474365,676
1.4471790790557861,675
1.455819845199585,674
1.4658539295196533,673
1.50394868850708,672
1.5135438442230225,671
1.5197739601135254,670
1.5245640277862549,669
1.5318567752838135,668
1.5504608154296875,667
1.5530498027801514,666
1.5589518547058105,665
1.5615558624267578,664
1.5705108642578125,663
1.573084831237793,662
1.5808537006378174,661
1.5833208560943604,660
1.5880498886108398,659
1.59810471534729,658
1.626513957977295,657
1.6414227485656738,656
1.643824815750122,655
1.6614668369293213,654
1.665097951889038,653
1.6686196327209473,652
1.6763339042663574,651
1.6787388324737549,650
1.6834819316864014,649
1.7127947807312012,648
1.715200662612915,647
1.7193658351898193,646
1.725806713104248,645
1.728294849395752,644
1.733839750289917,643
1.7513887882232666,642
1.7695879936218262,641
1.7720468044281006,640
1.7823328971862793,639
1.7963738441467285,638
1.829493761062622,637
1.8576898574829102,636
1.8628768920898438,635
1.926048755645752,634
1.9438879489898682,633
1.955712080001831,632
1.9596166610717773,631
1.9639496803283691,630
1.9747200012207031,629
1.9810328483581543,628
2.0030689239501953,627
2.008331060409546,626
2.0218098163604736,625
2.025434732437134,624
2.0708067417144775,623
2.0859458446502686,622
2.0885438919067383,621
2.2818098068237305,620
