0.0,54510
8.194483280181885,818
8.194536209106445,817
8.1945641040802,816
8.194592952728271,815
8.194622039794922,814
8.194802284240723,813
8.194854259490967,812
8.286469221115112,801
8.289758205413818,795
8.289797067642212,794
8.289823055267334,793
8.290184259414673,792
8.300897121429443,791
8.300971984863281,790
8.301010131835938,789
8.303008079528809,788
8.303082942962646,787
8.303098201751709,786
8.303123950958252,785
8.303187131881714,784
8.303286075592041,783
8.303359031677246,782
8.304572105407715,781
8.304699182510376,780
8.305248022079468,779
8.30532193183899,778
8.305386066436768,777
8.305426120758057,776
8.305582046508789,775
8.328011989593506,774
8.328115940093994,773
8.328142166137695,772
8.328157186508179,771
8.328171014785767,770
8.32826018333435,769
8.328275203704834,768
8.330198049545288,767
8.330214262008667,766
8.330337047576904,765
8.330389976501465,764
8.331961154937744,763
8.332026243209839,762
8.333234310150146,761
8.368967294692993,760
8.368999242782593,759
8.369136095046997,758
8.369222164154053,757
8.369261026382446,756
8.369287252426147,755
8.372925281524658,754
8.373699188232422,753
8.373832941055298,752
8.37384819984436,751
8.383916139602661,750
8.389139175415039,749
8.38921594619751,748
8.391763925552368,747
8.391839027404785,746
8.391853094100952,745
8.392057180404663,744
8.39207124710083,743
8.392086029052734,742
8.392225980758667,741
8.419126987457275,740
8.419159173965454,739
8.419272899627686,738
8.419411182403564,737
8.419451236724854,736
8.419778108596802,735
8.419887065887451,734
8.419913053512573,733
8.436991930007935,732
8.437562227249146,731
8.437932968139648,730
8.441315174102783,729
8.4495370388031,728
8.449714183807373,727
8.449788093566895,726
8.449815034866333,725
8.450331211090088,724
8.450370073318481,723
8.451294183731079,722
8.451346158981323,721
8.451360940933228,720
8.451487064361572,719
8.4515380859375,718
8.451553106307983,717
8.453144073486328,716
8.45349407196045,715
8.453532218933105,714
8.453897953033447,713
8.45396089553833,712
8.45405101776123,711
8.454139232635498,710
8.45444107055664,709
8.455066204071045,708
8.455120086669922,707
8.455361127853394,706
8.46530818939209,705
8.46532416343689,704
8.465387105941772,703
8.46622896194458,702
8.499426126480103,701
8.500161170959473,700
8.5021231174469,699
8.502300262451172,698
8.502598285675049,697
8.502931118011475,696
8.503124952316284,695
8.503176212310791,694
8.50334906578064,693
8.503916025161743,692
8.504071235656738,691
8.504155158996582,690
8.504240274429321,689
8.504358291625977,688
8.504857063293457,687
8.504954099655151,686
8.518018007278442,685
8.531505107879639,684
8.531691074371338,683
8.532424926757812,682
8.533836126327515,681
8.533862113952637,680
8.533875942230225,679
8.534228086471558,678
8.534304141998291,677
8.534897089004517,676
8.54432725906372,675
8.54461407661438,674
8.544970035552979,673
8.549885988235474,672
8.550312995910645,671
8.551343202590942,670
8.55246114730835,669
8.552947998046875,668
8.553112030029297,667
8.555431127548218,666
8.555634260177612,665
8.558103084564209,664
8.569859027862549,663
8.569921016693115,662
8.56997013092041,661
8.570159196853638,660
8.575336217880249,659
8.57674503326416,658
8.57882022857666,657
8.5798819065094,656
8.580027103424072,655
8.580075025558472,654
8.581966161727905,653
8.582047939300537,652
8.582266092300415,651
8.58229112625122,650
8.588605165481567,649
8.589343070983887,648
8.59180998802185,647
8.592060089111328,646
8.593528032302856,645
8.593704223632812,644
8.59452509880066,643
8.603824138641357,642
8.605680227279663,641
8.606167078018188,640
8.606296062469482,639
8.606472969055176,638
8.60650897026062,637
8.606688022613525,636
8.607162237167358,635
8.638152122497559,634
8.6387460231781,633
8.643583059310913,632
8.643623113632202,631
8.66141414642334,630
8.699099063873291,629
8.703923225402832,628
8.736257076263428,627
8.750638008117676,626
