0.002835988998413086,1110
0.005357027053833008,1109
0.007859945297241211,1108
0.010522127151489258,1107
0.012966156005859375,1106
0.01543116569519043,1105
0.01798391342163086,1104
0.020545005798339844,1103
0.022979021072387695,1102
0.025519132614135742,1101
0.02791285514831543,1100
0.030306100845336914,1099
0.032763004302978516,1098
0.035154104232788086,1097
0.037535905838012695,1096
0.0400090217590332,1095
0.042389869689941406,1094
0.044779062271118164,1093
0.04723811149597168,1092
0.04963397979736328,1091
0.05202817916870117,1090
0.0545201301574707,1089
0.05689382553100586,1088
0.0592801570892334,1087
0.06173586845397949,1086
0.0641319751739502,1085
0.06650304794311523,1084
0.06896209716796875,1083
0.07133197784423828,1082
0.0737149715423584,1081
0.07615995407104492,1080
0.07854294776916504,1079
0.08091497421264648,1078
0.08338308334350586,1077
0.0857689380645752,1076
0.08820295333862305,1075
0.09066319465637207,1074
0.09304690361022949,1073
0.09545016288757324,1072
0.09794402122497559,1071
0.10035991668701172,1070
0.1027839183807373,1069
0.10524892807006836,1068
0.10764479637145996,1067
0.11001801490783691,1066
0.11248517036437988,1065
0.11486005783081055,1064
0.11724305152893066,1063
0.11969494819641113,1062
0.12208104133605957,1061
0.12445402145385742,1060
0.1269209384918213,1059
0.12928509712219238,1058
0.13166499137878418,1057
0.1341109275817871,1056
0.13649392127990723,1055
0.13886785507202148,1054
0.1413438320159912,1053
0.14371609687805176,1052
0.14609718322753906,1051
0.1485459804534912,1050
0.1509239673614502,1049
0.1532909870147705,1048
0.15575003623962402,1047
0.15812397003173828,1046
0.16051983833312988,1045
0.16296100616455078,1044
0.16534709930419922,1043
0.16772913932800293,1042
0.1701979637145996,1041
0.17257213592529297,1040
0.1749579906463623,1039
0.1774120330810547,1038
0.17980098724365234,1037
0.18216896057128906,1036
0.18462896347045898,1035
0.18700003623962402,1034
0.18938302993774414,1033
0.19182991981506348,1032
0.19421792030334473,1031
0.19659805297851562,1030
0.19906902313232422,1029
0.20144200325012207,1028
0.20382094383239746,1027
0.2062687873840332,1026
0.2086489200592041,1025
0.2110121250152588,1024
0.2134690284729004,1023
0.21584105491638184,1022
0.21822690963745117,1021
0.22066879272460938,1020
0.22305607795715332,1019
0.2254340648651123,1018
0.2279038429260254,1017
0.2302720546722412,1016
0.2326500415802002,1015
0.23509812355041504,1014
0.23748397827148438,1013
0.23984885215759277,1012
0.24230599403381348,1011
0.2446761131286621,1010
0.2470560073852539,1009
0.24949908256530762,1008
0.2518808841705322,1007
0.2542459964752197,1006
0.2567110061645508,1005
0.25908899307250977,1004
0.2614719867706299,1003
0.2639310359954834,1002
0.2663290500640869,1001
0.2687060832977295,1000
0.27117204666137695,999
0.27354907989501953,998
0.27593302726745605,997
0.2783811092376709,996
0.28077101707458496,995
0.2831439971923828,994
0.2856161594390869,993
0.2879979610443115,992
0.29038310050964355,991
0.2928330898284912,990
0.2952151298522949,989
0.29758310317993164,988
0.30003976821899414,987
0.3024098873138428,986
0.30478620529174805,985
0.3073689937591553,984
0.31002306938171387,983
0.3124370574951172,982
0.31491994857788086,981
0.3173060417175293,980
0.31972408294677734,979
0.32221317291259766,978
0.3246030807495117,977
0.32699012756347656,976
0.32945895195007324,975
0.3318331241607666,974
0.3342130184173584,973
0.33665895462036133,972
0.33904314041137695,971
0.34140992164611816,970
0.34386515617370605,969
0.34623003005981445,968
0.35033702850341797,967
0.35271191596984863,966
0.35508203506469727,965
0.35758519172668457,964
0.360170841217041,963
0.3627791404724121,962
0.3654310703277588,961
0.36818504333496094,960
0.3721330165863037,959
0.37450480461120605,958
0.37694692611694336,957
0.37943100929260254,956
0.38190507888793945,955
0.38428592681884766,954
0.3868579864501953,953
0.3892369270324707,952
0.3917098045349121,951
0.39416003227233887,950
0.39661693572998047,949
0.39904189109802246,948
0.40155792236328125,947
0.40395498275756836,946
0.40639686584472656,945
0.41289305686950684,944
0.41562390327453613,943
0.41824793815612793,942
0.42104005813598633,941
0.4237098693847656,940
0.42635011672973633,939
0.4288930892944336,938
0.43163299560546875,937
0.43414902687072754,936
0.43673110008239746,935
0.4392890930175781,934
0.4417719841003418,933
0.44422292709350586,932
0.44678497314453125,931
0.4492490291595459,930
0.451732873916626,929
0.45427703857421875,928
0.4567379951477051,927
0.4591960906982422,926
0.4617462158203125,925
0.46419405937194824,924
0.46666479110717773,923
0.46919703483581543,922
0.47165894508361816,921
0.47411608695983887,920
0.47666287422180176,919
0.47911691665649414,918
0.4830451011657715,917
0.48554015159606934,916
0.4879720211029053,915
0.49051785469055176,914
0.49300408363342285,913
0.4954819679260254,912
0.4980630874633789,911
0.500514030456543,910
0.5029869079589844,909
0.5055410861968994,908
0.5079689025878906,907
0.5104050636291504,906
0.5129258632659912,905
0.5153148174285889,904
0.5176827907562256,903
0.5201420783996582,902
0.5225069522857666,901
0.5265140533447266,900
0.5288889408111572,899
0.5312509536743164,898
0.5344018936157227,897
0.5368750095367432,896
0.5407369136810303,895
0.5431430339813232,894
0.5455238819122314,893
0.5479960441589355,892
0.5503678321838379,891
0.5527541637420654,890
0.5552041530609131,889
0.5576198101043701,888
0.5599920749664307,887
0.5624759197235107,886
0.5648560523986816,885
0.5687689781188965,884
0.571160078048706,883
0.5735330581665039,882
0.5778191089630127,881
0.5802040100097656,880
0.5826549530029297,879
0.5850369930267334,878
0.5874102115631104,877
0.5898721218109131,876
0.5922448635101318,875
0.5946311950683594,874
0.5970859527587891,873
0.5994889736175537,872
0.6018719673156738,871
0.6043441295623779,870
0.6067178249359131,869
0.6091029644012451,868
0.6115539073944092,867
0.6161179542541504,866
0.6185829639434814,865
0.6230220794677734,864
0.625542163848877,863
0.6299550533294678,862
0.6324341297149658,861
0.6348111629486084,860
0.6372489929199219,859
0.6397838592529297,858
0.6423029899597168,857
0.646125078201294,856
0.6485061645507812,855
0.6509139537811279,854
0.6535091400146484,853
0.6560580730438232,852
0.6604669094085693,851
0.6629340648651123,850
0.6654620170593262,849
0.668010950088501,848
0.6726820468902588,847
0.6752560138702393,846
0.6777279376983643,845
0.6802217960357666,844
0.6828248500823975,843
0.6853280067443848,842
0.6877720355987549,841
0.690356969833374,840
0.6928098201751709,839
0.6953058242797852,838
0.6978311538696289,837
0.700300931930542,836
0.7042040824890137,835
0.7067451477050781,834
0.7094099521636963,833
0.71378493309021,832
0.7163329124450684,831
0.7189760208129883,830
0.7214939594268799,829
0.7240428924560547,828
0.7266371250152588,827
0.729193925857544,826
0.7317008972167969,825
0.7365219593048096,824
0.7415139675140381,823
0.7440290451049805,822
0.7466638088226318,821
0.7492740154266357,820
0.7518870830535889,819
0.7566919326782227,818
0.7605350017547607,817
0.763084888458252,816
0.7655649185180664,815
0.7698228359222412,814
0.7721982002258301,813
0.7746119499206543,812
0.777069091796875,811
0.7794899940490723,810
0.7831919193267822,809
0.7855658531188965,808
0.791903018951416,807
0.8009870052337646,806
0.8055069446563721,805
0.8079159259796143,804
0.8103930950164795,803
0.8127920627593994,802
0.8167989253997803,801
0.8192229270935059,800
0.8219609260559082,799
0.8244941234588623,798
0.8269329071044922,797
0.8293428421020508,796
0.8318419456481934,795
0.8342509269714355,794
0.8366680145263672,793
0.8391430377960205,792
0.8460359573364258,791
0.8513519763946533,790
0.8537788391113281,789
0.8562591075897217,788
0.8586599826812744,787
0.8610670566558838,786
0.8635430335998535,785
0.8659579753875732,784
0.8683419227600098,783
0.870823860168457,782
0.8732349872589111,781
0.8756530284881592,780
0.8781249523162842,779
0.8861570358276367,778
0.8885819911956787,777
0.891063928604126,776
0.8934781551361084,775
0.8958740234375,774
0.8983640670776367,773
0.9007668495178223,772
0.9066789150238037,771
0.9113059043884277,770
0.9136719703674316,769
0.9174478054046631,768
0.9234180450439453,767
0.9281740188598633,766
0.9306559562683105,765
0.9330689907073975,764
0.9372358322143555,763
0.9396331310272217,762
0.9420621395111084,761
0.9445281028747559,760
0.9486269950866699,759
0.9527390003204346,758
0.957266092300415,757
0.9596478939056396,756
0.9620139598846436,755
0.9646470546722412,754
0.9671988487243652,753
0.971595048904419,752
0.9742820262908936,751
0.9830949306488037,750
0.9875750541687012,749
0.9916388988494873,748
0.996441125869751,747
0.9988589286804199,746
1.0063929557800293,745
1.010679006576538,744
1.0130889415740967,743
1.0154979228973389,742
1.0179729461669922,741
1.020392894744873,740
1.0227949619293213,739
1.0252878665924072,738
1.028836965560913,737
1.031315803527832,736
1.035810947418213,735
1.0382981300354004,734
1.0424718856811523,733
1.0449399948120117,732
1.0504181385040283,731
1.0542900562286377,730
1.056757926940918,729
1.0591621398925781,728
1.0616049766540527,727
1.0641331672668457,726
1.066537857055664,725
1.0689430236816406,724
1.0713930130004883,723
1.0737700462341309,722
1.0761358737945557,721
1.082995891571045,720
1.0854790210723877,719
1.0938758850097656,718
1.0987160205841064,717
1.101106882095337,716
1.105576992034912,715
1.1079740524291992,714
1.1104450225830078,713
1.1147339344024658,712
1.1172311305999756,711
1.1256701946258545,710
1.128129005432129,709
1.1304900646209717,708
1.1328630447387695,707
1.136526107788086,706
1.138909101486206,705
1.1414477825164795,704
1.1439449787139893,703
1.1487269401550293,702
1.1558609008789062,701
1.1582739353179932,700
1.1618778705596924,699
1.1642789840698242,698
1.1683499813079834,697
1.17073392868042,696
1.1731398105621338,695
1.175612211227417,694
1.1780169010162354,693
1.1849870681762695,692
1.1933889389038086,691
1.195810079574585,690
1.1982860565185547,689
1.2006909847259521,688
1.203118085861206,687
1.211449146270752,686
1.2157118320465088,685
1.221081018447876,684
1.228745937347412,683
1.231137990951538,682
1.2335448265075684,681
1.2361209392547607,680
1.2461731433868408,679
1.2487869262695312,678
1.2532429695129395,677
1.2587590217590332,676
1.2648181915283203,675
1.2715919017791748,674
1.2763681411743164,673
1.2789130210876465,672
1.2850420475006104,671
1.2944340705871582,670
1.3109049797058105,669
1.3133301734924316,668
1.3289031982421875,667
1.3374991416931152,666
1.3400061130523682,665
1.344270944595337,664
1.3500330448150635,663
1.357170820236206,662
1.3679001331329346,661
1.377357006072998,660
1.3800139427185059,659
1.3853402137756348,658
1.3914580345153809,657
1.3972420692443848,656
1.399688959121704,655
1.407771110534668,654
1.41050386428833,653
1.4174120426177979,652
1.4285569190979004,651
1.4699068069458008,650
1.4881551265716553,649
1.4916861057281494,648
1.4941911697387695,647
1.4966251850128174,646
1.5066699981689453,645
1.511368989944458,644
1.534925937652588,643
1.5413830280303955,642
1.547360897064209,641
1.5514779090881348,640
1.5541729927062988,639
1.5600130558013916,638
1.578660011291504,637
1.5982580184936523,636
1.6007437705993652,635
1.6083359718322754,634
1.6121561527252197,633
1.6225180625915527,632
1.6264591217041016,631
1.6289231777191162,630
1.6613709926605225,629
1.6825900077819824,628
1.6916038990020752,627
1.6965899467468262,626
1.7720141410827637,625
1.7827880382537842,624
1.7890028953552246,623
1.8058578968048096,622
1.812809944152832,621
1.8523309230804443,620
1.8559951782226562,619
1.9141700267791748,618
