0.002819061279296875,1110
0.00534820556640625,1109
0.007853269577026367,1108
0.010314226150512695,1107
0.012785196304321289,1106
0.015242338180541992,1105
0.017725229263305664,1104
0.020179271697998047,1103
0.02265334129333496,1102
0.025106191635131836,1101
0.027579307556152344,1100
0.03003716468811035,1099
0.0325312614440918,1098
0.03497815132141113,1097
0.03744101524353027,1096
0.0399022102355957,1095
0.04237008094787598,1094
0.04482221603393555,1093
0.047297000885009766,1092
0.04975104331970215,1091
0.052222251892089844,1090
0.054679155349731445,1089
0.05715036392211914,1088
0.05961132049560547,1087
0.06214404106140137,1086
0.06491923332214355,1085
0.06746912002563477,1084
0.0700082778930664,1083
0.07253718376159668,1082
0.07510924339294434,1081
0.07762408256530762,1080
0.08014416694641113,1079
0.08265423774719238,1078
0.08513426780700684,1077
0.0876302719116211,1076
0.0901632308959961,1075
0.09267616271972656,1074
0.09906220436096191,1073
0.10159111022949219,1072
0.10409021377563477,1071
0.10655736923217773,1070
0.10902929306030273,1069
0.11150217056274414,1068
0.11404109001159668,1067
0.11654138565063477,1066
0.11908626556396484,1065
0.12161922454833984,1064
0.12610936164855957,1063
0.12868833541870117,1062
0.13115715980529785,1061
0.13364505767822266,1060
0.13610601425170898,1059
0.13857722282409668,1058
0.14104437828063965,1057
0.1435251235961914,1056
0.14599227905273438,1055
0.14854121208190918,1054
0.15105938911437988,1053
0.1535801887512207,1052
0.156083345413208,1051
0.1586313247680664,1050
0.16111207008361816,1049
0.1635901927947998,1048
0.16609406471252441,1047
0.16859698295593262,1046
0.17106318473815918,1045
0.17354321479797363,1044
0.17601728439331055,1043
0.18081045150756836,1042
0.18327927589416504,1041
0.18574023246765137,1040
0.1882472038269043,1039
0.19073033332824707,1038
0.19320440292358398,1037
0.1956632137298584,1036
0.1981360912322998,1035
0.20061016082763672,1034
0.20308709144592285,1033
0.20560002326965332,1032
0.2080843448638916,1031
0.21055102348327637,1030
0.2130260467529297,1029
0.2154991626739502,1028
0.21799826622009277,1027
0.22046899795532227,1026
0.22294402122497559,1025
0.22542023658752441,1024
0.2279062271118164,1023
0.23036813735961914,1022
0.23284244537353516,1021
0.23530220985412598,1020
0.23777318000793457,1019
0.2402360439300537,1018
0.24271011352539062,1017
0.24517297744750977,1016
0.24765729904174805,1015
0.25012922286987305,1014
0.25261521339416504,1013
0.2550830841064453,1012
0.2575681209564209,1011
0.26003122329711914,1010
0.26251697540283203,1009
0.2650141716003418,1008
0.2675461769104004,1007
0.2700202465057373,1006
0.27249717712402344,1005
0.2749612331390381,1004
0.2774362564086914,1003
0.27989625930786133,1002
0.2824571132659912,1001
0.28506016731262207,1000
0.2875232696533203,999
0.2899942398071289,998
0.29244017601013184,997
0.2949061393737793,996
0.29738521575927734,995
0.29993700981140137,994
0.30251216888427734,993
0.30513620376586914,992
0.3076491355895996,991
0.3101232051849365,990
0.31257128715515137,989
0.3150331974029541,988
0.3174750804901123,987
0.3199481964111328,986
0.32239317893981934,985
0.3248612880706787,984
0.3273022174835205,983
0.3298451900482178,982
0.33246517181396484,981
0.33512330055236816,980
0.3377852439880371,979
0.3404850959777832,978
0.3432292938232422,977
0.3458282947540283,976
0.3484363555908203,975
0.35100626945495605,974
0.3536393642425537,973
0.35625219345092773,972
0.358903169631958,971
0.36153125762939453,970
0.364199161529541,969
0.3667933940887451,968
0.3693811893463135,967
0.37192702293395996,966
0.3744843006134033,965
0.377047061920166,964
0.3797004222869873,963
0.3822803497314453,962
0.3848412036895752,961
0.38730716705322266,960
0.38979125022888184,959
0.39226627349853516,958
0.3947441577911377,957
0.3972153663635254,956
0.39968204498291016,955
0.402158260345459,954
0.4047272205352783,953
0.4073171615600586,952
0.4098691940307617,951
0.41233325004577637,950
0.4149351119995117,949
0.41751718521118164,948
0.4224843978881836,947
0.4249703884124756,946
0.42748117446899414,945
0.43002820014953613,944
0.43247318267822266,943
0.4349551200866699,942
0.43740320205688477,941
0.4399552345275879,940
0.4424431324005127,939
0.44509434700012207,938
0.4476742744445801,937
0.4502851963043213,936
0.45272016525268555,935
0.4552011489868164,934
0.45763301849365234,933
0.46012115478515625,932
0.4625532627105713,931
0.46505022048950195,930
0.467501163482666,929
0.4699840545654297,928
0.4724280834197998,927
0.4749031066894531,926
0.47733235359191895,925
0.479809045791626,924
0.4823033809661865,923
0.484821081161499,922
0.48747801780700684,921
0.48992919921875,920
0.4938812255859375,919
0.4963672161102295,918
0.49883317947387695,917
0.5013871192932129,916
0.5038740634918213,915
0.5064260959625244,914
0.5089070796966553,913
0.511451244354248,912
0.5139482021331787,911
0.5165140628814697,910
0.5190074443817139,909
0.521773099899292,908
0.5243940353393555,907
0.5269041061401367,906
0.5294091701507568,905
0.5319302082061768,904
0.5361123085021973,903
0.5386443138122559,902
0.5411813259124756,901
0.5436732769012451,900
0.5461833477020264,899
0.5501601696014404,898
0.5526993274688721,897
0.555213212966919,896
0.557685136795044,895
0.5601451396942139,894
0.5626060962677002,893
0.5650670528411865,892
0.5675301551818848,891
0.5699951648712158,890
0.5724472999572754,889
0.5749073028564453,888
0.5788512229919434,887
0.5813171863555908,886
0.5837812423706055,885
0.5862421989440918,884
0.5887033939361572,883
0.5911862850189209,882
0.5936942100524902,881
0.5961501598358154,880
0.5986051559448242,879
0.6011300086975098,878
0.6036412715911865,877
0.6060643196105957,876
0.6084682941436768,875
0.610856294631958,874
0.6132421493530273,873
0.615631103515625,872
0.6180191040039062,871
0.6203913688659668,870
0.6227703094482422,869
0.6251652240753174,868
0.6297252178192139,867
0.6354742050170898,866
0.6378512382507324,865
0.642235279083252,864
0.6446342468261719,863
0.6470351219177246,862
0.649442195892334,861
0.6518290042877197,860
0.654231071472168,859
0.6579041481018066,858
0.6603083610534668,857
0.6627242565155029,856
0.6651332378387451,855
0.6675519943237305,854
0.669964075088501,853
0.6723771095275879,852
0.6747760772705078,851
0.677178144454956,850
0.6795713901519775,849
0.6819851398468018,848
0.6865642070770264,847
0.6889562606811523,846
0.6913599967956543,845
0.693749189376831,844
0.6961500644683838,843
0.6985363960266113,842
0.7009372711181641,841
0.7033231258392334,840
0.7057163715362549,839
0.7081022262573242,838
0.7104911804199219,837
0.7128732204437256,836
0.7164232730865479,835
0.7188200950622559,834
0.7212011814117432,833
0.7249441146850586,832
0.7273321151733398,831
0.7297132015228271,830
0.7321012020111084,829
0.7344844341278076,828
0.7368733882904053,827
0.7392551898956299,826
0.7416462898254395,825
0.7461340427398682,824
0.7505803108215332,823
0.7545363903045654,822
0.7569169998168945,821
0.7593090534210205,820
0.7637813091278076,819
0.7674391269683838,818
0.769841194152832,817
0.7722392082214355,816
0.7746262550354004,815
0.777015209197998,814
0.7793941497802734,813
0.7817692756652832,812
0.7841582298278809,811
0.7895932197570801,810
0.7935853004455566,809
0.7960011959075928,808
0.8048341274261475,807
0.8090701103210449,806
0.8114922046661377,805
0.8139002323150635,804
0.8162972927093506,803
0.8186922073364258,802
0.8210880756378174,801
0.8234872817993164,800
0.8258821964263916,799
0.8282642364501953,798
0.830653190612793,797
0.8330433368682861,796
0.83544921875,795
0.8378422260284424,794
0.8402450084686279,793
0.8426432609558105,792
0.8450472354888916,791
0.8524820804595947,790
0.8548753261566162,789
0.8572542667388916,788
0.8596282005310059,787
0.8620531558990479,786
0.8644900321960449,785
0.8669071197509766,784
0.8693370819091797,783
0.8717231750488281,782
0.8741121292114258,781
0.8765082359313965,780
0.8788952827453613,779
0.8812792301177979,778
0.886829137802124,777
0.8892042636871338,776
0.891599178314209,775
0.8939723968505859,774
0.8963723182678223,773
0.8987562656402588,772
0.9011421203613281,771
0.9068601131439209,770
0.9114031791687012,769
0.9141182899475098,768
0.916633129119873,767
0.9192001819610596,766
0.9229633808135986,765
0.9255051612854004,764
0.9320073127746582,763
0.9345541000366211,762
0.937136173248291,761
0.9397642612457275,760
0.9423742294311523,759
0.9469702243804932,758
0.9494903087615967,757
0.9539520740509033,756
0.9585673809051514,755
0.963557243347168,754
0.9662282466888428,753
0.9688723087310791,752
0.9741322994232178,751
0.9785432815551758,750
0.983654260635376,749
0.9916391372680664,748
0.9967491626739502,747
1.0010912418365479,746
1.006230115890503,745
1.0088462829589844,744
1.0156421661376953,743
1.0184271335601807,742
1.0210423469543457,741
1.023686170578003,740
1.026299238204956,739
1.029097318649292,738
1.0317461490631104,737
1.0343952178955078,736
1.0370371341705322,735
1.042403221130371,734
1.045046091079712,733
1.050138235092163,732
1.0527832508087158,731
1.0573651790618896,730
1.0601263046264648,729
1.066025972366333,728
1.0702862739562988,727
1.073026180267334,726
1.0756909847259521,725
1.0783982276916504,724
1.0810902118682861,723
1.083977222442627,722
1.0866942405700684,721
1.0893890857696533,720
1.092027187347412,719
1.0947740077972412,718
1.1023452281951904,717
1.1049792766571045,716
1.1128120422363281,715
1.1154711246490479,714
1.1227073669433594,713
1.127648115158081,712
1.130317211151123,711
1.1329431533813477,710
1.1401190757751465,709
1.150090217590332,708
1.154393196105957,707
1.1570611000061035,706
1.1596710681915283,705
1.1635520458221436,704
1.1661643981933594,703
1.1687302589416504,702
1.1713263988494873,701
1.1762092113494873,700
1.1812412738800049,699
1.1838102340698242,698
1.1863982677459717,697
1.1901912689208984,696
1.1927502155303955,695
1.197477102279663,694
1.200127363204956,693
1.202768325805664,692
1.2053701877593994,691
1.212538242340088,690
1.219621181488037,689
1.2220721244812012,688
1.2245361804962158,687
1.228562355041504,686
1.2369301319122314,685
1.2412962913513184,684
1.2466943264007568,683
1.2505841255187988,682
1.2570433616638184,681
1.2595131397247314,680
1.261972427368164,679
1.2716071605682373,678
1.2740652561187744,677
1.2765061855316162,676
1.2884893417358398,675
1.294917106628418,674
1.3085622787475586,673
1.3175292015075684,672
1.3342032432556152,671
1.3366641998291016,670
1.3537490367889404,669
1.3619372844696045,668
1.364408254623413,667
1.3683521747589111,666
1.3744652271270752,665
1.3811283111572266,664
1.4004013538360596,663
1.407609224319458,662
1.4152092933654785,661
1.4191832542419434,660
1.4307641983032227,659
1.4371740818023682,658
1.447141170501709,657
1.4718241691589355,656
1.4769363403320312,655
1.4924402236938477,654
1.5100862979888916,653
1.5137052536010742,652
1.51729416847229,651
1.5250041484832764,650
1.5274443626403809,649
1.5541212558746338,648
1.5607490539550781,647
1.5633001327514648,646
1.5676872730255127,645
1.5747482776641846,644
1.577308177947998,643
1.6006510257720947,642
1.6031301021575928,641
1.6180510520935059,640
1.6310594081878662,639
1.6454651355743408,638
1.7001543045043945,637
1.7130701541900635,636
1.7399091720581055,635
1.7544240951538086,634
1.7799382209777832,633
1.787527322769165,632
1.8089511394500732,631
1.8510901927947998,630
1.8702671527862549,629
1.8747961521148682,628
1.9401562213897705,627
