0.0,54510
8.302804946899414,821
8.30437707901001,820
8.305293083190918,819
8.305307865142822,818
8.30532193183899,817
8.305737018585205,816
8.308181047439575,815
8.308289051055908,814
8.308303117752075,813
8.310049057006836,812
8.310111999511719,811
8.310468196868896,810
8.310518026351929,809
8.311218023300171,808
8.311291217803955,807
8.311318159103394,806
8.311355113983154,805
8.345826148986816,789
8.345937967300415,788
8.345976114273071,787
8.348145008087158,786
8.348336935043335,785
8.348610162734985,784
8.348624229431152,783
8.348675012588501,782
8.348712921142578,781
8.349500894546509,780
8.34952712059021,779
8.34958791732788,778
8.357627153396606,777
8.35793423652649,776
8.357959985733032,775
8.3579740524292,774
8.362858057022095,773
8.362874269485474,772
8.362971067428589,771
8.364138126373291,770
8.364407062530518,769
8.364711046218872,768
8.36478590965271,767
8.364869832992554,766
8.364966869354248,765
8.365016222000122,764
8.365042924880981,763
8.365081071853638,762
8.365094900131226,761
8.365684986114502,760
8.365747928619385,759
8.414320945739746,758
8.414681196212769,757
8.414719104766846,756
8.418483972549438,755
8.41877293586731,754
8.419478178024292,753
8.41959810256958,752
8.41977596282959,751
8.419871091842651,750
8.421847105026245,749
8.422538995742798,748
8.422576189041138,747
8.4413321018219,746
8.441673994064331,745
8.451272964477539,744
8.451856851577759,743
8.451872110366821,742
8.452258110046387,741
8.45228385925293,740
8.45404314994812,739
8.454567909240723,738
8.454594135284424,737
8.46191692352295,736
8.462027072906494,735
8.462054252624512,734
8.462162971496582,733
8.462201118469238,732
8.462297201156616,731
8.463243961334229,730
8.463304996490479,729
8.464755058288574,728
8.465571165084839,727
8.465644121170044,726
8.465963125228882,725
8.466016054153442,724
8.471906185150146,723
8.4754638671875,722
8.475608110427856,721
8.48400616645813,720
8.484178066253662,719
8.484389066696167,718
8.484662055969238,717
8.484676122665405,716
8.484750032424927,715
8.485186100006104,714
8.4947190284729,713
8.49596905708313,712
8.496993064880371,711
8.49720811843872,710
8.497349977493286,709
8.499019145965576,708
8.51114296913147,707
8.51124095916748,706
8.51153302192688,705
8.511821031570435,704
8.512511014938354,703
8.513092041015625,702
8.513129949569702,701
8.51314401626587,700
8.524299144744873,699
8.537221908569336,698
8.537666082382202,697
8.548814058303833,696
8.548867225646973,695
8.551032066345215,694
8.551140069961548,693
8.551202058792114,692
8.551308155059814,691
8.551334142684937,690
8.551429271697998,689
8.551615953445435,688
8.551630020141602,687
8.553277969360352,686
8.554173946380615,685
8.55422306060791,684
8.562665939331055,683
8.562716007232666,682
8.562950849533081,681
8.563046216964722,680
8.563238143920898,679
8.563467025756836,678
8.586493968963623,677
8.592128038406372,676
8.5922110080719,675
8.592272281646729,674
8.592389106750488,673
8.592592239379883,672
8.59322714805603,671
8.593369245529175,670
8.594127178192139,669
8.597877979278564,668
8.599015951156616,667
8.599272012710571,666
8.599504232406616,665
8.602200031280518,664
8.602214097976685,663
8.602564096450806,662
8.602811098098755,661
8.60352110862732,660
8.603979110717773,659
8.60399317741394,658
8.604161977767944,657
8.604187965393066,656
8.604236125946045,655
8.604392051696777,654
8.604904890060425,653
8.6202712059021,652
8.62069821357727,651
8.620751142501831,650
8.621167182922363,649
8.621291160583496,648
8.621341943740845,647
8.621670961380005,646
8.628742933273315,645
8.64850902557373,644
8.653050184249878,643
8.66326093673706,642
8.666779279708862,641
8.668763875961304,640
8.669232845306396,639
8.673243999481201,638
8.673452138900757,637
8.675004959106445,636
8.677220106124878,635
8.678274154663086,634
8.680057048797607,633
8.70239806175232,632
8.703904151916504,631
8.708492040634155,630
8.709584951400757,629
8.710073232650757,628
8.710561990737915,627
8.738485097885132,626
8.739192008972168,625
8.74392294883728,624
8.750035047531128,623
8.770265102386475,622
