0.002735137939453125,1110
0.00516200065612793,1109
0.007619142532348633,1108
0.010005950927734375,1107
0.0124359130859375,1106
0.014822959899902344,1105
0.017261981964111328,1104
0.01964402198791504,1103
0.022083044052124023,1102
0.02446603775024414,1101
0.02686905860900879,1100
0.029237985610961914,1099
0.03167104721069336,1098
0.03404998779296875,1097
0.03646111488342285,1096
0.038826942443847656,1095
0.04124903678894043,1094
0.04361224174499512,1093
0.046018123626708984,1092
0.04838204383850098,1091
0.05078911781311035,1090
0.05318403244018555,1089
0.05560898780822754,1088
0.057969093322753906,1087
0.06037092208862305,1086
0.06273102760314941,1085
0.06513309478759766,1084
0.06751513481140137,1083
0.06992697715759277,1082
0.07228994369506836,1081
0.07469487190246582,1080
0.07705497741699219,1079
0.0794680118560791,1078
0.08182501792907715,1077
0.08422207832336426,1076
0.0865778923034668,1075
0.08936119079589844,1074
0.09214210510253906,1073
0.09480714797973633,1072
0.09766912460327148,1071
0.10029911994934082,1070
0.10305404663085938,1069
0.10569119453430176,1068
0.10841488838195801,1067
0.11104416847229004,1066
0.11387324333190918,1065
0.11681604385375977,1064
0.11965489387512207,1063
0.12256217002868652,1062
0.1255512237548828,1061
0.12829208374023438,1060
0.13118410110473633,1059
0.1338181495666504,1058
0.1365799903869629,1057
0.13922500610351562,1056
0.1419970989227295,1055
0.14470505714416504,1054
0.1475231647491455,1053
0.1501779556274414,1052
0.15295696258544922,1051
0.15561795234680176,1050
0.15841102600097656,1049
0.16117310523986816,1048
0.16404986381530762,1047
0.16729497909545898,1046
0.17046189308166504,1045
0.17339587211608887,1044
0.17607498168945312,1043
0.17889618873596191,1042
0.18166303634643555,1041
0.18436193466186523,1040
0.18702316284179688,1039
0.18979191780090332,1038
0.19247102737426758,1037
0.1953120231628418,1036
0.19798707962036133,1035
0.20082521438598633,1034
0.20360493659973145,1033
0.20638799667358398,1032
0.2093491554260254,1031
0.2120380401611328,1030
0.21486520767211914,1029
0.21750807762145996,1028
0.22032904624938965,1027
0.22303509712219238,1026
0.22589588165283203,1025
0.228546142578125,1024
0.23134684562683105,1023
0.23398923873901367,1022
0.23677492141723633,1021
0.2394099235534668,1020
0.24213290214538574,1019
0.24454903602600098,1018
0.24731016159057617,1017
0.2500910758972168,1016
0.2524752616882324,1015
0.25488805770874023,1014
0.25725317001342773,1013
0.2596569061279297,1012
0.2620091438293457,1011
0.2644059658050537,1010
0.2667582035064697,1009
0.2691531181335449,1008
0.2715020179748535,1007
0.27390599250793457,1006
0.2762601375579834,1005
0.27866697311401367,1004
0.2810192108154297,1003
0.2834160327911377,1002
0.28577613830566406,1001
0.2881741523742676,1000
0.2905290126800537,999
0.2929210662841797,998
0.2952749729156494,997
0.29767608642578125,996
0.30002903938293457,995
0.30242300033569336,994
0.3048210144042969,993
0.3072640895843506,992
0.30966901779174805,991
0.31217193603515625,990
0.3145740032196045,989
0.31702184677124023,988
0.31941914558410645,987
0.3218989372253418,986
0.3263568878173828,985
0.32877206802368164,984
0.33121800422668457,983
0.33361315727233887,982
0.33609795570373535,981
0.33849191665649414,980
0.34093594551086426,979
0.3434009552001953,978
0.34587812423706055,977
0.3482942581176758,976
0.350801944732666,975
0.35324907302856445,974
0.3557088375091553,973
0.35811614990234375,972
0.36055707931518555,971
0.36464905738830566,970
0.36711907386779785,969
0.36957406997680664,968
0.37192702293395996,967
0.3743300437927246,966
0.37671399116516113,965
0.37912607192993164,964
0.38147497177124023,963
0.383864164352417,962
0.3862159252166748,961
0.38860321044921875,960
0.3909492492675781,959
0.393369197845459,958
0.3958141803741455,957
0.39823198318481445,956
0.4005849361419678,955
0.4029810428619385,954
0.40532708168029785,953
0.4077188968658447,952
0.41006898880004883,951
0.41246604919433594,950
0.41481590270996094,949
0.4172070026397705,948
0.4195551872253418,947
0.4219651222229004,946
0.4243168830871582,945
0.4289562702178955,944
0.43134522438049316,943
0.43369293212890625,942
0.4380631446838379,941
0.4404480457305908,940
0.44442105293273926,939
0.4467771053314209,938
0.44916820526123047,937
0.45151400566101074,936
0.45390892028808594,935
0.4562530517578125,934
0.45864391326904297,933
0.46100401878356934,932
0.46340203285217285,931
0.46574902534484863,930
0.46813488006591797,929
0.47048187255859375,928
0.47289109230041504,927
0.4752380847930908,926
0.477632999420166,925
0.479978084564209,924
0.4823720455169678,923
0.48471903800964355,922
0.4871039390563965,921
0.48944783210754395,920
0.4918520450592041,919
0.4944472312927246,918
0.4968571662902832,917
0.5007319450378418,916
0.50313401222229,915
0.5054872035980225,914
0.5078749656677246,913
0.5102260112762451,912
0.5126199722290039,911
0.5149638652801514,910
0.5173501968383789,909
0.5196919441223145,908
0.5233609676361084,907
0.5257511138916016,906
0.5281069278717041,905
0.5304980278015137,904
0.5328459739685059,903
0.5352299213409424,902
0.5391480922698975,901
0.5414860248565674,900
0.5438652038574219,899
0.5462090969085693,898
0.5485930442810059,897
0.5523190498352051,896
0.5546889305114746,895
0.5571179389953613,894
0.5595300197601318,893
0.561939001083374,892
0.5644989013671875,891
0.5668611526489258,890
0.5692861080169678,889
0.5716469287872314,888
0.5740470886230469,887
0.5778539180755615,886
0.5802109241485596,885
0.5826339721679688,884
0.5849862098693848,883
0.5873720645904541,882
0.589716911315918,881
0.5921039581298828,880
0.5944490432739258,879
0.5968389511108398,878
0.5991840362548828,877
0.6015779972076416,876
0.6039218902587891,875
0.6063051223754883,874
0.6086571216583252,873
0.6110579967498779,872
0.6134059429168701,871
0.615800142288208,870
0.6181459426879883,869
0.620542049407959,868
0.6228868961334229,867
0.6252841949462891,866
0.6298291683197021,865
0.6321721076965332,864
0.6363131999969482,863
0.6386969089508057,862
0.6430468559265137,861
0.6453850269317627,860
0.6477701663970947,859
0.6501131057739258,858
0.6525099277496338,857
0.6548609733581543,856
0.660491943359375,855
0.662834882736206,854
0.6652200222015381,853
0.6675620079040527,852
0.6699461936950684,851
0.6735842227935791,850
0.6759250164031982,849
0.6783092021942139,848
0.6806540489196777,847
0.6851761341094971,846
0.6895439624786377,845
0.6919300556182861,844
0.6942710876464844,843
0.6966562271118164,842
0.6990048885345459,841
0.7013912200927734,840
0.703732967376709,839
0.7061231136322021,838
0.7084758281707764,837
0.7108659744262695,836
0.714379072189331,835
0.7167279720306396,834
0.719135046005249,833
0.7229220867156982,832
0.7253129482269287,831
0.7277171611785889,830
0.7300631999969482,829
0.7324481010437012,828
0.7347939014434814,827
0.7371749877929688,826
0.741624116897583,825
0.7460789680480957,824
0.7484381198883057,823
0.7508401870727539,822
0.7554340362548828,821
0.759814977645874,820
0.7633988857269287,819
0.7657411098480225,818
0.7681279182434082,817
0.7704708576202393,816
0.7728598117828369,815
0.7752320766448975,814
0.7776429653167725,813
0.7799921035766602,812
0.783581018447876,811
0.7859671115875244,810
0.7898850440979004,809
0.7986490726470947,808
0.8028249740600586,807
0.8051650524139404,806
0.807548999786377,805
0.8098890781402588,804
0.8122720718383789,803
0.8146090507507324,802
0.816992998123169,801
0.8214011192321777,800
0.8237440586090088,799
0.826146125793457,798
0.8284909725189209,797
0.8308830261230469,796
0.8355340957641602,795
0.8403310775756836,794
0.8454489707946777,793
0.8477911949157715,792
0.8501729965209961,791
0.8525149822235107,790
0.8549051284790039,789
0.857248067855835,788
0.8596651554107666,787
0.8620040416717529,786
0.8644061088562012,785
0.869049072265625,784
0.8713910579681396,783
0.8737730979919434,782
0.8792800903320312,781
0.8816649913787842,780
0.884005069732666,779
0.8863911628723145,778
0.888742208480835,777
0.8911230564117432,776
0.8934662342071533,775
0.8991658687591553,774
0.9036440849304199,773
0.9059951305389404,772
0.9083802700042725,771
0.9107279777526855,770
0.9142189025878906,769
0.9166810512542725,768
0.9227321147918701,767
0.9267489910125732,766
0.9291319847106934,765
0.9333019256591797,764
0.9356510639190674,763
0.9396979808807373,762
0.9436550140380859,761
0.9480409622192383,760
0.9504270553588867,759
0.9542279243469238,758
0.9565820693969727,757
0.9604690074920654,756
0.9628500938415527,755
0.9651892185211182,754
0.9720990657806396,753
0.976531982421875,752
0.9803690910339355,751
0.9827508926391602,750
0.9887778759002686,749
0.9911611080169678,748
0.9935081005096436,747
0.9958970546722412,746
0.9982399940490723,745
1.0006341934204102,744
1.0029771327972412,743
1.0053579807281494,742
1.0077030658721924,741
1.0122640132904053,740
1.014643907546997,739
1.0184409618377686,738
1.020794153213501,737
1.0249478816986084,736
1.0273358821868896,735
1.032623052597046,734
1.0364229679107666,733
1.040182113647461,732
1.0425610542297363,731
1.0448970794677734,730
1.0472819805145264,729
1.0496199131011963,728
1.0520000457763672,727
1.0543370246887207,726
1.05672287940979,725
1.0633909702301025,724
1.0657930374145508,723
1.0728919506072998,722
1.075232982635498,721
1.079909086227417,720
1.0823149681091309,719
1.0868229866027832,718
1.089292049407959,717
1.0917649269104004,716
1.098093032836914,715
1.1065630912780762,714
1.1104629039764404,713
1.1129882335662842,712
1.115635871887207,711
1.1199281215667725,710
1.1224970817565918,709
1.1309139728546143,708
1.1341509819030762,707
1.1368529796600342,706
1.1395490169525146,705
1.1420989036560059,704
1.145792007446289,703
1.1482090950012207,702
1.1521568298339844,701
1.1545190811157227,700
1.159372091293335,699
1.1618390083312988,698
1.1689121723175049,697
1.1778202056884766,696
1.1802690029144287,695
1.1855852603912354,694
1.1934049129486084,693
1.1976141929626465,692
1.20284104347229,691
1.206589937210083,690
1.2106318473815918,689
1.2144780158996582,688
1.216817855834961,687
1.2261052131652832,686
1.22847318649292,685
1.2308568954467773,684
1.2369630336761475,683
1.2411298751831055,682
1.2473242282867432,681
1.2526352405548096,680
1.2552640438079834,679
1.2620549201965332,678
1.2662839889526367,677
1.2686450481414795,676
1.2846550941467285,675
1.2869939804077148,674
1.3154830932617188,673
1.321211814880371,672
1.3274760246276855,671
1.343595027923584,670
1.350243091583252,669
1.3571960926055908,668
1.3611011505126953,667
1.3635890483856201,666
1.3728430271148682,665
1.3792471885681152,664
1.3887159824371338,663
1.4134230613708496,662
1.4211251735687256,661
1.4270100593566895,660
1.4378502368927002,659
1.440424919128418,658
1.4593369960784912,657
1.4631550312042236,656
1.4670641422271729,655
1.4752659797668457,654
1.4816510677337646,653
1.5122261047363281,652
1.5148470401763916,651
1.5192830562591553,650
1.5263831615447998,649
1.529099941253662,648
1.5371930599212646,647
1.5413811206817627,646
1.5772581100463867,645
1.5889458656311035,644
1.604212999343872,643
1.6395940780639648,642
1.6612029075622559,641
1.67075514793396,640
1.6760289669036865,639
1.6785049438476562,638
1.7041442394256592,637
1.7428250312805176,636
1.754539966583252,635
1.7896409034729004,634
1.819953203201294,633
1.8312950134277344,632
1.8847320079803467,631
1.8913700580596924,630
2.00958514213562,629
2.0796620845794678,628
