0.002601146697998047,1110
0.005140066146850586,1109
0.007776975631713867,1108
0.010263919830322266,1107
0.012939929962158203,1106
0.015434980392456055,1105
0.01799321174621582,1104
0.02059006690979004,1103
0.023070096969604492,1102
0.025430917739868164,1101
0.027988195419311523,1100
0.03037095069885254,1099
0.03299117088317871,1098
0.035592079162597656,1097
0.038160085678100586,1096
0.04067707061767578,1095
0.043349266052246094,1094
0.0458071231842041,1093
0.04827523231506348,1092
0.050766944885253906,1091
0.05320596694946289,1090
0.05728602409362793,1089
0.059679269790649414,1088
0.06210017204284668,1087
0.06452512741088867,1086
0.06692910194396973,1085
0.06931185722351074,1084
0.07186126708984375,1083
0.07436895370483398,1082
0.07688593864440918,1081
0.07960009574890137,1080
0.08200311660766602,1079
0.08444094657897949,1078
0.08691120147705078,1077
0.08934712409973145,1076
0.09173321723937988,1075
0.09424400329589844,1074
0.09662914276123047,1073
0.09905028343200684,1072
0.10150599479675293,1071
0.1039268970489502,1070
0.10629796981811523,1069
0.10881495475769043,1068
0.11121201515197754,1067
0.11363601684570312,1066
0.11609911918640137,1065
0.1185300350189209,1064
0.12090516090393066,1063
0.12340021133422852,1062
0.12578201293945312,1061
0.12819600105285645,1060
0.13066506385803223,1059
0.1331019401550293,1058
0.1354842185974121,1057
0.137984037399292,1056
0.14036297798156738,1055
0.14278221130371094,1054
0.14524102210998535,1053
0.1476609706878662,1052
0.15004420280456543,1051
0.15254497528076172,1050
0.1549222469329834,1049
0.15735316276550293,1048
0.15981006622314453,1047
0.16222929954528809,1046
0.16460728645324707,1045
0.16711211204528809,1044
0.16949224472045898,1043
0.17192530632019043,1042
0.17438316345214844,1041
0.1768031120300293,1040
0.17917895317077637,1039
0.181685209274292,1038
0.184067964553833,1037
0.18648529052734375,1036
0.18896818161010742,1035
0.1913902759552002,1034
0.19376826286315918,1033
0.19626426696777344,1032
0.19863486289978027,1031
0.20105409622192383,1030
0.20349621772766113,1029
0.20591306686401367,1028
0.20829987525939941,1027
0.21079707145690918,1026
0.2131669521331787,1025
0.21558117866516113,1024
0.21803617477416992,1023
0.2204451560974121,1022
0.22282099723815918,1021
0.22716403007507324,1020
0.2295830249786377,1019
0.2320401668548584,1018
0.23445796966552734,1017
0.23682904243469238,1016
0.23932504653930664,1015
0.2416989803314209,1014
0.24411511421203613,1013
0.246596097946167,1012
0.24902915954589844,1011
0.25141024589538574,1010
0.2539241313934326,1009
0.25631093978881836,1008
0.25873303413391113,1007
0.2611861228942871,1006
0.26360511779785156,1005
0.26598405838012695,1004
0.2684781551361084,1003
0.27084994316101074,1002
0.273266077041626,1001
0.27572107315063477,1000
0.2781360149383545,999
0.2805049419403076,998
0.28301215171813965,997
0.28540515899658203,996
0.2878260612487793,995
0.2902870178222656,994
0.29270410537719727,993
0.295086145401001,992
0.29758501052856445,991
0.2999579906463623,990
0.30237317085266113,989
0.30482912063598633,988
0.30724215507507324,987
0.3096160888671875,986
0.31214094161987305,985
0.31455302238464355,984
0.3169739246368408,983
0.3194291591644287,982
0.32184791564941406,981
0.3242220878601074,980
0.3267180919647217,979
0.3290901184082031,978
0.33150315284729004,977
0.3339660167694092,976
0.3363969326019287,975
0.3387770652770996,974
0.34127211570739746,973
0.34364891052246094,972
0.34606194496154785,971
0.3485140800476074,970
0.35092902183532715,969
0.35330700874328613,968
0.3558030128479004,967
0.35817694664001465,966
0.36058688163757324,965
0.3630392551422119,964
0.3654520511627197,963
0.36782407760620117,962
0.3703279495239258,961
0.3726840019226074,960
0.3750791549682617,959
0.3775191307067871,958
0.37993526458740234,957
0.3823580741882324,956
0.3848440647125244,955
0.38719916343688965,954
0.3896019458770752,953
0.39203810691833496,952
0.39443016052246094,951
0.39682602882385254,950
0.39949822425842285,949
0.40189623832702637,948
0.40448713302612305,947
0.40959715843200684,946
0.41211628913879395,945
0.41483616828918457,944
0.417478084564209,943
0.420241117477417,942
0.42291903495788574,941
0.4256720542907715,940
0.43245816230773926,939
0.4357779026031494,938
0.4388163089752197,937
0.44151902198791504,936
0.4443671703338623,935
0.44709014892578125,934
0.4499020576477051,933
0.4526031017303467,932
0.45568299293518066,931
0.4583590030670166,930
0.4612152576446533,929
0.46589207649230957,928
0.46927928924560547,927
0.47264814376831055,926
0.47542428970336914,925
0.47811222076416016,924
0.48103809356689453,923
0.48372602462768555,922
0.4865150451660156,921
0.49102210998535156,920
0.49367809295654297,919
0.49649715423583984,918
0.4991731643676758,917
0.5019130706787109,916
0.5064570903778076,915
0.509099006652832,914
0.5119578838348389,913
0.5148351192474365,912
0.5175342559814453,911
0.520535945892334,910
0.5231490135192871,909
0.5259449481964111,908
0.5286722183227539,907
0.5334072113037109,906
0.5362882614135742,905
0.5389230251312256,904
0.5417740345001221,903
0.5463171005249023,902
0.5489902496337891,901
0.5518612861633301,900
0.5545260906219482,899
0.5572860240936279,898
0.5600230693817139,897
0.5629150867462158,896
0.5658872127532959,895
0.5686120986938477,894
0.5715439319610596,893
0.5741851329803467,892
0.578632116317749,891
0.5833439826965332,890
0.5860950946807861,889
0.588529109954834,888
0.5911159515380859,887
0.5935170650482178,886
0.5959689617156982,885
0.5984392166137695,884
0.6008858680725098,883
0.6032822132110596,882
0.6058080196380615,881
0.6081969738006592,880
0.6106390953063965,879
0.6131160259246826,878
0.615562915802002,877
0.6179540157318115,876
0.6204781532287598,875
0.622852087020874,874
0.625269889831543,873
0.6277050971984863,872
0.632267951965332,871
0.6347520351409912,870
0.6389169692993164,869
0.6413931846618652,868
0.6458101272583008,867
0.6483418941497803,866
0.6507549285888672,865
0.6532089710235596,864
0.6556880474090576,863
0.6581411361694336,862
0.6605350971221924,861
0.6630692481994629,860
0.6654980182647705,859
0.6679840087890625,858
0.6704671382904053,857
0.6729199886322021,856
0.6752932071685791,855
0.6777751445770264,854
0.6801278591156006,853
0.6825330257415771,852
0.6849761009216309,851
0.6895370483398438,850
0.6920292377471924,849
0.6943809986114502,848
0.6967892646789551,847
0.6992249488830566,846
0.7034149169921875,845
0.7058911323547363,844
0.7082421779632568,843
0.7106380462646484,842
0.7130670547485352,841
0.7154669761657715,840
0.7190940380096436,839
0.7214460372924805,838
0.7238471508026123,837
0.7276530265808105,836
0.7321910858154297,835
0.7345371246337891,834
0.7369382381439209,833
0.739372968673706,832
0.7417981624603271,831
0.7441551685333252,830
0.748708963394165,829
0.7532191276550293,828
0.755620002746582,827
0.7579681873321533,826
0.7604451179504395,825
0.7627911567687988,824
0.7672610282897949,823
0.770855188369751,822
0.773339033126831,821
0.775698184967041,820
0.7781050205230713,819
0.7805380821228027,818
0.7829461097717285,817
0.7852919101715088,816
0.7877769470214844,815
0.7901391983032227,814
0.7938249111175537,813
0.7962250709533691,812
0.8002440929412842,811
0.8025939464569092,810
0.8114981651306152,809
0.8157820701599121,808
0.818183183670044,807
0.8206090927124023,806
0.8230090141296387,805
0.8253569602966309,804
0.8278350830078125,803
0.83017897605896,802
0.8325791358947754,801
0.8350090980529785,800
0.8374083042144775,799
0.839752197265625,798
0.8422329425811768,797
0.8470010757446289,796
0.8494691848754883,795
0.8561861515045166,794
0.8614351749420166,793
0.8637831211090088,792
0.8662829399108887,791
0.8686420917510986,790
0.8710501194000244,789
0.8734791278839111,788
0.8775231838226318,787
0.8799960613250732,786
0.8823451995849609,785
0.8847451210021973,784
0.8871841430664062,783
0.8940122127532959,782
0.8964211940765381,781
0.8988552093505859,780
0.9012551307678223,779
0.9036030769348145,778
0.906080961227417,777
0.9084320068359375,776
0.9142529964447021,775
0.9188151359558105,774
0.9211781024932861,773
0.9235832691192627,772
0.9260141849517822,771
0.9294970035552979,770
0.931981086730957,769
0.9366700649261475,768
0.9390971660614014,767
0.9415020942687988,766
0.9456391334533691,765
0.948004961013794,764
0.95271897315979,763
0.955132007598877,762
0.9592859745025635,761
0.9632811546325684,760
0.9678199291229248,759
0.9701681137084961,758
0.9726581573486328,757
0.9750111103057861,756
0.9774079322814941,755
0.9810011386871338,754
0.9833531379699707,753
0.9858360290527344,752
0.9904091358184814,751
0.9939382076263428,750
0.9984710216522217,749
1.0046570301055908,748
1.0070559978485107,747
1.0131690502166748,746
1.01556396484375,745
1.0180020332336426,744
1.0204169750213623,743
1.0227770805358887,742
1.0252621173858643,741
1.0276191234588623,740
1.0300168991088867,739
1.0324499607086182,738
1.0370290279388428,737
1.039506196975708,736
1.0453221797943115,735
1.0494508743286133,734
1.0551478862762451,733
1.0591120719909668,732
1.0614659786224365,731
1.0639562606811523,730
1.0663049221038818,729
1.068709135055542,728
1.071155071258545,727
1.0735580921173096,726
1.07590913772583,725
1.0783898830413818,724
1.0807430744171143,723
1.0870680809020996,722
1.0894601345062256,721
1.0965869426727295,720
1.0989842414855957,719
1.1037712097167969,718
1.1061279773712158,717
1.1105639934539795,716
1.1147732734680176,715
1.1292901039123535,714
1.1346778869628906,713
1.137026071548462,712
1.1406350135803223,711
1.14304518699646,710
1.1454811096191406,709
1.1478791236877441,708
1.1524641513824463,707
1.157114028930664,706
1.159562110900879,705
1.16196608543396,704
1.165546178817749,703
1.167891263961792,702
1.1719112396240234,701
1.174314260482788,700
1.1766560077667236,699
1.1791431903839111,698
1.1815130710601807,697
1.1884870529174805,696
1.197849988937378,695
1.2001991271972656,694
1.2026920318603516,693
1.2050511837005615,692
1.2074570655822754,691
1.214838981628418,690
1.219076156616211,689
1.2243890762329102,688
1.2282350063323975,687
1.2323591709136963,686
1.2347581386566162,685
1.2371182441711426,684
1.239609956741333,683
1.2490851879119873,682
1.2528131008148193,681
1.2624008655548096,680
1.269258975982666,679
1.2736921310424805,678
1.2760539054870605,677
1.2834911346435547,676
1.292362928390503,675
1.3087821006774902,674
1.3269591331481934,673
1.3398540019989014,672
1.3457262516021729,671
1.3522021770477295,670
1.3705010414123535,669
1.3728501796722412,668
1.3793020248413086,667
1.3864469528198242,666
1.390368938446045,665
1.3927640914916992,664
1.400339126586914,663
1.4026870727539062,662
1.408616065979004,661
1.411081075668335,660
1.4473812580108643,659
1.463810920715332,658
1.4664521217346191,657
1.4858663082122803,656
1.4894392490386963,655
1.4930200576782227,654
1.5005769729614258,653
1.5030081272125244,652
1.5076162815093994,651
1.5304889678955078,650
1.5365779399871826,649
1.539046049118042,648
1.543079137802124,647
1.5503931045532227,646
1.5685181617736816,645
1.5749433040618896,644
1.5933082103729248,643
1.595710277557373,642
1.6060521602630615,641
1.620128870010376,640
1.670173168182373,639
1.678910255432129,638
1.6841111183166504,637
1.6992170810699463,636
1.7117371559143066,635
1.7434971332550049,634
1.7458610534667969,633
1.753296136856079,632
1.7598140239715576,631
1.7856402397155762,630
1.7919442653656006,629
1.8149549961090088,628
1.8320691585540771,627
1.8355250358581543,626
1.8743200302124023,625
1.8898470401763916,624
1.8976130485534668,623
1.9002001285552979,622
2.1111252307891846,621
