0.0027358531951904297,1110
0.00528407096862793,1109
0.007766008377075195,1108
0.010234832763671875,1107
0.01292276382446289,1106
0.015604019165039062,1105
0.01798391342163086,1104
0.02053093910217285,1103
0.022943973541259766,1102
0.025433778762817383,1101
0.028003931045532227,1100
0.03044891357421875,1099
0.03285694122314453,1098
0.03539776802062988,1097
0.037815093994140625,1096
0.040251731872558594,1095
0.04269576072692871,1094
0.04509782791137695,1093
0.04744982719421387,1092
0.050039052963256836,1091
0.052498817443847656,1090
0.054956912994384766,1089
0.05742788314819336,1088
0.05988788604736328,1087
0.062288761138916016,1086
0.06479310989379883,1085
0.0671837329864502,1084
0.0696251392364502,1083
0.07208704948425293,1082
0.07451272010803223,1081
0.07690072059631348,1080
0.07941198348999023,1079
0.08180403709411621,1078
0.08422183990478516,1077
0.0866708755493164,1076
0.08915877342224121,1075
0.09155511856079102,1074
0.09411096572875977,1073
0.09656071662902832,1072
0.09911990165710449,1071
0.10157990455627441,1070
0.10400795936584473,1069
0.10640883445739746,1068
0.10893893241882324,1067
0.11134481430053711,1066
0.11377787590026855,1065
0.11626076698303223,1064
0.11869001388549805,1063
0.12108111381530762,1062
0.12359380722045898,1061
0.1259770393371582,1060
0.12839603424072266,1059
0.1308610439300537,1058
0.13328289985656738,1057
0.13566994667053223,1056
0.13818597793579102,1055
0.1405799388885498,1054
0.14300799369812012,1053
0.14548611640930176,1052
0.14789700508117676,1051
0.15384697914123535,1050
0.1562790870666504,1049
0.15873408317565918,1048
0.16114306449890137,1047
0.16353487968444824,1046
0.1660149097442627,1045
0.16967082023620605,1044
0.1721510887145996,1043
0.17460298538208008,1042
0.17699193954467773,1041
0.17949700355529785,1040
0.18187904357910156,1039
0.18431377410888672,1038
0.1867997646331787,1037
0.1892399787902832,1036
0.19161486625671387,1035
0.19413089752197266,1034
0.1965029239654541,1033
0.19891786575317383,1032
0.20137786865234375,1031
0.2037808895111084,1030
0.2061629295349121,1029
0.2086658477783203,1028
0.211043119430542,1027
0.21347784996032715,1026
0.21593284606933594,1025
0.21835803985595703,1024
0.22073698043823242,1023
0.22325611114501953,1022
0.22564291954040527,1021
0.22807073593139648,1020
0.2305619716644287,1019
0.23299670219421387,1018
0.23537397384643555,1017
0.2378859519958496,1016
0.24025893211364746,1015
0.24266695976257324,1014
0.24512577056884766,1013
0.2475597858428955,1012
0.24994397163391113,1011
0.2524709701538086,1010
0.2548699378967285,1009
0.25729990005493164,1008
0.2597818374633789,1007
0.2621908187866211,1006
0.2645697593688965,1005
0.2670729160308838,1004
0.2694530487060547,1003
0.27188611030578613,1002
0.27432894706726074,1001
0.2767360210418701,1000
0.27910399436950684,999
0.2815999984741211,998
0.2839798927307129,997
0.28638386726379395,996
0.28884100914001465,995
0.2912578582763672,994
0.2936439514160156,993
0.29616403579711914,992
0.2985877990722656,991
0.30101871490478516,990
0.3034958839416504,989
0.3059048652648926,988
0.30829882621765137,987
0.3107938766479492,986
0.3131828308105469,985
0.31560802459716797,984
0.31807780265808105,983
0.32047295570373535,982
0.3228569030761719,981
0.32535600662231445,980
0.32772302627563477,979
0.33011579513549805,978
0.33255791664123535,977
0.3349769115447998,976
0.33734774589538574,975
0.33983683586120605,974
0.3422129154205322,973
0.34462690353393555,972
0.34706568717956543,971
0.34947681427001953,970
0.3518409729003906,969
0.3543248176574707,968
0.35669994354248047,967
0.35910987854003906,966
0.3615298271179199,965
0.3639249801635742,964
0.3662729263305664,963
0.3687758445739746,962
0.37114500999450684,961
0.37354278564453125,960
0.37597107887268066,959
0.37836599349975586,958
0.38071489334106445,957
0.3831930160522461,956
0.38555383682250977,955
0.3879568576812744,954
0.3903968334197998,953
0.39280200004577637,952
0.39522790908813477,951
0.3979167938232422,950
0.40029191970825195,949
0.40502095222473145,948
0.4074130058288574,947
0.40976572036743164,946
0.413923978805542,945
0.4163026809692383,944
0.41871094703674316,943
0.4211609363555908,942
0.42357397079467773,941
0.42595505714416504,940
0.4284510612487793,939
0.43084287643432617,938
0.43547487258911133,937
0.437877893447876,936
0.44023799896240234,935
0.44275569915771484,934
0.44513893127441406,933
0.44753289222717285,932
0.44995880126953125,931
0.4523458480834961,930
0.4547278881072998,929
0.4572470188140869,928
0.45961594581604004,927
0.46200990676879883,926
0.46444106101989746,925
0.46683597564697266,924
0.46918702125549316,923
0.4716649055480957,922
0.47402501106262207,921
0.47641897201538086,920
0.480194091796875,919
0.48253393173217773,918
0.4850039482116699,917
0.48736095428466797,916
0.4897489547729492,915
0.49217891693115234,914
0.4945657253265381,913
0.49690890312194824,912
0.4993720054626465,911
0.5017149448394775,910
0.5040988922119141,909
0.5065228939056396,908
0.5116417407989502,907
0.5140058994293213,906
0.518021821975708,905
0.5227408409118652,904
0.5252058506011963,903
0.5275518894195557,902
0.5313549041748047,901
0.5337479114532471,900
0.5360889434814453,899
0.5385479927062988,898
0.5409018993377686,897
0.543292760848999,896
0.545712947845459,895
0.5481019020080566,894
0.5504608154296875,893
0.5529389381408691,892
0.5552897453308105,891
0.5591738224029541,890
0.5615649223327637,889
0.5639138221740723,888
0.5663819313049316,887
0.5687298774719238,886
0.5711188316345215,885
0.5735437870025635,884
0.5759329795837402,883
0.5782759189605713,882
0.5807569026947021,881
0.5831117630004883,880
0.5854997634887695,879
0.5879240036010742,878
0.59031081199646,877
0.5926618576049805,876
0.5951318740844727,875
0.5974760055541992,874
0.5998718738555908,873
0.6023159027099609,872
0.6047117710113525,871
0.6070559024810791,870
0.6116669178009033,869
0.6140520572662354,868
0.6182761192321777,867
0.620642900466919,866
0.6251099109649658,865
0.6275157928466797,864
0.6299588680267334,863
0.6323518753051758,862
0.634713888168335,861
0.6404290199279785,860
0.6428549289703369,859
0.645244836807251,858
0.6475858688354492,857
0.6500489711761475,856
0.6537127494812012,855
0.6561357975006104,854
0.6585359573364258,853
0.660876989364624,852
0.6654977798461914,851
0.6699230670928955,850
0.6733689308166504,849
0.6758379936218262,848
0.67818284034729,847
0.6805770397186279,846
0.6830027103424072,845
0.6853828430175781,844
0.6877219676971436,843
0.6901829242706299,842
0.6936917304992676,841
0.6961288452148438,840
0.6985189914703369,839
0.7025089263916016,838
0.704888105392456,837
0.7072949409484863,836
0.7097148895263672,835
0.7121169567108154,834
0.7144787311553955,833
0.7169477939605713,832
0.7192997932434082,831
0.7238378524780273,830
0.7282497882843018,829
0.7307119369506836,828
0.7330508232116699,827
0.7354328632354736,826
0.7399086952209473,825
0.7435579299926758,824
0.7459049224853516,823
0.7482888698577881,822
0.7507069110870361,821
0.7530958652496338,820
0.755443811416626,819
0.7579078674316406,818
0.760260820388794,817
0.762660026550293,816
0.7674338817596436,815
0.771435022354126,814
0.7738199234008789,813
0.7819499969482422,812
0.7861349582672119,811
0.7885549068450928,810
0.7909369468688965,809
0.7932779788970947,808
0.7957460880279541,807
0.7980868816375732,806
0.8004679679870605,805
0.802886962890625,804
0.8052957057952881,803
0.8076798915863037,802
0.8101739883422852,801
0.8125259876251221,800
0.8149118423461914,799
0.8173370361328125,798
0.82228684425354,797
0.8274407386779785,796
0.829827070236206,795
0.834136962890625,794
0.8364737033843994,793
0.8388516902923584,792
0.8412690162658691,791
0.8436558246612549,790
0.8460040092468262,789
0.84847092628479,788
0.8508191108703613,787
0.8532059192657471,786
0.8556308746337891,785
0.8612480163574219,784
0.8635909557342529,783
0.8659787178039551,782
0.8684070110321045,781
0.8707969188690186,780
0.873140811920166,779
0.8756008148193359,778
0.8813266754150391,777
0.8857851028442383,776
0.8882558345794678,775
0.8921747207641602,774
0.8957178592681885,773
0.8980510234832764,772
0.9041967391967773,771
0.9082560539245605,770
0.9106009006500244,769
0.914862871170044,768
0.917248010635376,767
0.9213829040527344,766
0.9254226684570312,765
0.9300169944763184,764
0.9324710369110107,763
0.9348819255828857,762
0.9372258186340332,761
0.9396908283233643,760
0.9435749053955078,759
0.9459986686706543,758
0.9483869075775146,757
0.9555010795593262,756
0.9601359367370605,755
0.9641468524932861,754
0.9688849449157715,753
0.9767649173736572,752
0.9791779518127441,751
0.9816339015960693,750
0.9841337203979492,749
0.9880869388580322,748
0.990635871887207,747
0.9930708408355713,746
0.9955530166625977,745
1.0004258155822754,744
1.0028619766235352,743
1.007554054260254,742
1.0100247859954834,741
1.0144178867340088,740
1.0168769359588623,739
1.0224850177764893,738
1.0265278816223145,737
1.0289509296417236,736
1.0314979553222656,735
1.0339288711547852,734
1.0363998413085938,733
1.0389020442962646,732
1.0413718223571777,731
1.0438027381896973,730
1.046367883682251,729
1.0488100051879883,728
1.0558357238769531,727
1.0582609176635742,726
1.0681729316711426,725
1.073105812072754,724
1.0755410194396973,723
1.0801258087158203,722
1.082596778869629,721
1.0850238800048828,720
1.0917189121246338,719
1.1004459857940674,718
1.1059629917144775,717
1.1108207702636719,716
1.1132867336273193,715
1.1157970428466797,714
1.1182639598846436,713
1.1206889152526855,712
1.125549077987671,711
1.1280179023742676,710
1.1305327415466309,709
1.1341428756713867,708
1.1366899013519287,707
1.1424939632415771,706
1.144960880279541,705
1.147385835647583,704
1.1499319076538086,703
1.1571118831634521,702
1.1666979789733887,701
1.1691677570343018,700
1.1715917587280273,699
1.17567777633667,698
1.1840898990631104,697
1.1885287761688232,696
1.19403076171875,695
1.1979899406433105,694
1.2021548748016357,693
1.2046608924865723,692
1.2071318626403809,691
1.20955491065979,690
1.2193357944488525,689
1.2217741012573242,688
1.2243719100952148,687
1.2307887077331543,686
1.236783742904663,685
1.243480920791626,684
1.2459290027618408,683
1.2484898567199707,682
1.2509307861328125,681
1.2553808689117432,680
1.2596559524536133,679
1.2683749198913574,678
1.2796249389648438,677
1.28535795211792,676
1.3117549419403076,675
1.314188003540039,674
1.318213939666748,673
1.3242287635803223,672
1.3308091163635254,671
1.3493947982788086,670
1.3518199920654297,669
1.3576078414916992,668
1.3648879528045654,667
1.3689148426055908,666
1.3713428974151611,665
1.3791308403015137,664
1.3860249519348145,663
1.395158052444458,662
1.4218199253082275,661
1.4370570182800293,660
1.4395346641540527,659
1.4583358764648438,658
1.4619789123535156,657
1.4656848907470703,656
1.4735758304595947,655
1.4761319160461426,654
1.4809348583221436,653
1.5042450428009033,652
1.5108578205108643,651
1.5134069919586182,650
1.517611026763916,649
1.5240058898925781,648
1.526547908782959,647
1.5720548629760742,646
1.5819180011749268,645
1.5960009098052979,644
1.6279518604278564,643
1.6318960189819336,642
1.6612777709960938,641
1.6681547164916992,640
1.6707110404968262,639
1.7316288948059082,638
1.7391207218170166,637
1.745863914489746,636
1.7595970630645752,635
1.7639248371124268,634
1.7811689376831055,633
1.8139519691467285,632
