0.0072269439697265625,1
0.007521152496337891,1
0.00781393051147461,1
0.008111000061035156,2
0.008407115936279297,3
0.008699893951416016,3
0.008996009826660156,4
0.009293079376220703,5
0.009588003158569336,6
0.009881973266601562,7
0.01017618179321289,8
0.01046895980834961,8
0.010766983032226562,9
0.01105499267578125,9
0.01134490966796875,10
0.011639118194580078,11
0.01194310188293457,11
0.012243032455444336,12
0.012549877166748047,13
0.012929201126098633,14
0.01323699951171875,15
0.013544082641601562,16
0.013833999633789062,17
0.014124155044555664,18
0.014408111572265625,18
0.014689207077026367,18
0.014974117279052734,19
0.015259981155395508,20
0.01555013656616211,20
0.01585102081298828,21
0.016134023666381836,22
0.01641988754272461,23
0.016711950302124023,24
0.016999006271362305,25
0.017288923263549805,26
0.017572879791259766,27
0.01786184310913086,28
0.01815509796142578,29
0.018432140350341797,29
0.018709182739257812,29
0.018989086151123047,30
0.0192720890045166,31
0.01957106590270996,31
0.01985311508178711,32
0.02013087272644043,33
0.020411014556884766,34
0.020693063735961914,35
0.020967960357666016,35
0.02124500274658203,36
0.02153301239013672,37
0.021810054779052734,38
0.022085905075073242,39
0.02236199378967285,40
0.02264404296875,41
0.022922039031982422,42
0.023193836212158203,43
0.02346491813659668,43
0.02373790740966797,44
0.024008989334106445,45
0.024283885955810547,46
0.024559974670410156,47
0.024833202362060547,48
0.025104999542236328,49
0.02537703514099121,50
0.025649070739746094,51
0.02592015266418457,52
0.02619194984436035,53
0.0264589786529541,54
0.026726961135864258,55
0.026993989944458008,56
0.027261972427368164,57
0.027525901794433594,58
0.027788162231445312,58
0.028052091598510742,59
0.02832794189453125,60
0.02860283851623535,61
0.028866052627563477,62
0.02913498878479004,63
0.02939605712890625,64
0.02965688705444336,64
0.029919147491455078,65
0.030179977416992188,66
0.030441999435424805,67
0.030701875686645508,68
0.030968904495239258,69
0.03122687339782715,70
0.03148913383483887,71
0.03175210952758789,72
0.032011985778808594,73
0.03227090835571289,74
0.03253889083862305,75
0.03279590606689453,76
0.03304886817932129,76
0.03330683708190918,77
0.03356599807739258,78
0.03381991386413574,79
0.03407597541809082,80
0.03432893753051758,81
0.03458404541015625,82
0.03483700752258301,83
0.035086870193481445,83
0.03534102439880371,84
0.035592079162597656,85
0.03584599494934082,86
0.036097049713134766,87
0.0363469123840332,88
0.036596059799194336,88
0.03684210777282715,88
0.03709077835083008,89
0.03734612464904785,90
0.037593841552734375,91
0.037843942642211914,92
0.03809213638305664,93
0.03833889961242676,94
0.038583993911743164,95
0.03883099555969238,96
0.03907585144042969,97
0.039324045181274414,98
0.0395658016204834,98
0.03980898857116699,99
0.040051937103271484,100
0.04029488563537598,101
0.04053616523742676,102
0.04077911376953125,103
0.041021108627319336,104
0.041265010833740234,105
0.04150795936584473,106
0.041749000549316406,107
0.04198884963989258,108
0.04222917556762695,109
0.042469024658203125,110
0.04271221160888672,111
0.04294896125793457,112
0.043189048767089844,113
0.04342508316040039,114
0.04365897178649902,114
0.04389500617980957,115
0.04413199424743652,116
0.04436516761779785,117
0.0446019172668457,118
0.04483318328857422,118
0.0450739860534668,119
0.04531407356262207,120
0.045552968978881836,121
0.045783042907714844,121
0.04601311683654785,122
0.04624605178833008,123
0.04647397994995117,123
0.04670405387878418,124
0.04693317413330078,125
0.04716300964355469,126
0.04738903045654297,126
0.047617197036743164,127
0.047846078872680664,128
0.04807710647583008,129
0.048306941986083984,130
0.048532962799072266,131
0.04875922203063965,132
0.04898500442504883,133
0.049211978912353516,134
0.0494389533996582,135
0.04965996742248535,135
0.04988408088684082,136
0.05010581016540527,137
0.05032992362976074,138
0.0505518913269043,139
0.05077409744262695,140
0.0509951114654541,141
0.05121803283691406,142
0.0514371395111084,142
0.05165505409240723,142
0.05187582969665527,143
0.0520939826965332,143
0.05231213569641113,143
0.05253005027770996,144
0.05275297164916992,145
0.05297112464904785,146
0.05318903923034668,147
0.05340409278869629,147
0.05362200736999512,148
0.05383801460266113,149
0.05405282974243164,150
0.05426788330078125,151
0.05448293685913086,152
0.05469703674316406,153
0.05490994453430176,154
0.05512499809265137,155
0.055338144302368164,156
0.05555009841918945,157
0.055763959884643555,158
0.05597710609436035,159
0.05619001388549805,160
0.056401968002319336,161
0.05661201477050781,162
0.05682015419006348,163
0.057029008865356445,164
0.05723714828491211,165
0.057443857192993164,166
0.057650089263916016,167
0.05785703659057617,168
0.05806303024291992,169
0.05826997756958008,170
0.05847620964050293,171
0.05867910385131836,172
0.0588839054107666,173
0.059085845947265625,174
0.05928802490234375,175
0.05949091911315918,176
0.0596921443939209,177
0.05990004539489746,178
0.060108184814453125,179
0.0603480339050293,180
0.06056404113769531,181
0.060769081115722656,182
0.06096911430358887,183
0.061167001724243164,184
0.06136608123779297,185
0.061563968658447266,186
0.06177115440368652,187
0.06197690963745117,188
0.062178850173950195,189
0.06238198280334473,190
0.06257796287536621,191
0.06277585029602051,192
0.06296896934509277,192
0.06316399574279785,193
0.0633690357208252,194
0.06357622146606445,195
0.06376814842224121,196
0.06396007537841797,197
0.06415224075317383,198
0.06434321403503418,199
0.06453418731689453,200
0.06472516059875488,201
0.06491494178771973,202
0.06510496139526367,203
0.06529498100280762,203
0.06548094749450684,203
0.06566882133483887,204
0.0658571720123291,205
0.06604409217834473,206
0.06623005867004395,207
0.06641483306884766,208
0.0666041374206543,209
0.06678891181945801,210
0.06697201728820801,211
0.06716012954711914,212
0.06734299659729004,213
0.06752586364746094,214
0.06770801544189453,215
0.06789112091064453,216
0.06807303428649902,217
0.06825613975524902,218
0.06843709945678711,219
0.0686180591583252,219
0.06879591941833496,219
0.06897592544555664,220
0.06915402412414551,221
0.0693352222442627,222
0.06951498985290527,223
0.06969189643859863,224
0.0698709487915039,225
0.07004714012145996,226
0.07022690773010254,227
0.07040214538574219,228
0.07058000564575195,229
0.0707540512084961,230
0.07092785835266113,231
0.07110095024108887,232
0.0712730884552002,233
0.07144498825073242,234
0.07161617279052734,235
0.07178711891174316,236
0.07195711135864258,237
0.07212710380554199,238
0.07230114936828613,240
0.07247114181518555,242
0.07264590263366699,244
0.0728139877319336,245
0.07297897338867188,245
0.07314705848693848,246
0.07331418991088867,247
0.07348108291625977,248
0.07364511489868164,249
0.07381105422973633,251
0.07397317886352539,251
0.07413697242736816,252
0.07430005073547363,253
0.07446622848510742,254
0.07462787628173828,255
0.07478904724121094,256
0.07495307922363281,258
0.0751190185546875,260
0.07527899742126465,261
0.07544517517089844,263
0.07560300827026367,264
0.07576394081115723,266
0.07592296600341797,267
0.07608413696289062,268
0.07624292373657227,270
0.07639718055725098,270
0.07655096054077148,271
0.07670783996582031,273
0.07686781883239746,275
0.07703304290771484,276
0.07718610763549805,277
0.0773468017578125,279
0.07749795913696289,280
0.07764887809753418,281
0.07780194282531738,283
0.07795310020446777,284
0.07810211181640625,285
0.07825303077697754,287
0.07840204238891602,288
0.07855224609375,289
0.07869815826416016,290
0.07884597778320312,292
0.07899308204650879,294
0.07914090156555176,296
0.0792851448059082,297
0.07942891120910645,298
0.07957196235656738,299
0.07971405982971191,300
0.07985591888427734,301
0.07999897003173828,303
0.08014106750488281,305
0.08028912544250488,307
0.08043193817138672,308
0.08056998252868652,309
0.08071088790893555,311
0.08084893226623535,313
0.08098602294921875,315
0.08112382888793945,317
0.08126020431518555,319
0.08139491081237793,321
0.0815279483795166,322
0.08166098594665527,323
0.08179306983947754,325
0.08192586898803711,326
0.08205914497375488,328
0.08219289779663086,330
0.08232307434082031,331
0.08245420455932617,332
0.08258199691772461,333
0.08270907402038574,334
0.0828402042388916,336
0.08296704292297363,338
0.08309507369995117,340
0.0832209587097168,341
0.08334493637084961,342
0.08346915245056152,343
0.08359408378601074,345
0.08371591567993164,346
0.08384108543395996,348
0.08396387100219727,349
0.08408880233764648,351
0.08420896530151367,352
0.08433699607849121,354
0.08445596694946289,355
0.08457398414611816,356
0.08469295501708984,358
0.08481216430664062,360
0.08492803573608398,361
0.08504414558410645,363
0.08515787124633789,364
0.08527493476867676,366
0.0853891372680664,367
0.08550310134887695,368
0.08561396598815918,368
0.08572602272033691,369
0.08583784103393555,370
0.08594799041748047,371
0.0860600471496582,373
0.08616900444030762,374
0.08628010749816895,376
0.08639001846313477,377
0.08650088310241699,378
0.08661317825317383,380
0.08672285079956055,381
0.08683204650878906,382
0.08694195747375488,383
0.08704996109008789,383
0.08716082572937012,384
0.08726882934570312,385
0.08737802505493164,386
0.08748698234558105,387
0.08758902549743652,388
0.08769106864929199,389
0.08779406547546387,391
0.08789610862731934,393
0.0879979133605957,395
0.08809995651245117,396
0.08820009231567383,398
0.08829808235168457,399
0.08839607238769531,400
0.08849501609802246,402
0.0885920524597168,404
0.08868598937988281,405
0.08878111839294434,406
0.08887720108032227,408
0.08896994590759277,409
0.08906292915344238,410
0.08915591239929199,411
0.08924698829650879,412
0.0893409252166748,414
0.08943295478820801,416
0.08952188491821289,417
0.08961200714111328,419
0.08970189094543457,421
0.08978891372680664,422
0.08987712860107422,424
0.0899651050567627,426
0.09005403518676758,428
0.09013795852661133,429
0.0902249813079834,429
0.09030890464782715,431
0.0903921127319336,432
0.09047412872314453,433
0.09055495262145996,434
0.09063601493835449,435
0.09071803092956543,437
0.0908060073852539,438
0.09088492393493652,439
0.09096407890319824,440
0.09104299545288086,442
0.09112191200256348,444
0.09119701385498047,445
0.09127402305603027,446
0.09135007858276367,448
0.09142398834228516,449
0.09149813652038574,451
0.09157419204711914,453
0.09164595603942871,454
0.09171795845031738,455
0.09178996086120605,456
0.09186220169067383,458
0.09193086624145508,459
0.09200119972229004,460
0.0920720100402832,462
0.09214019775390625,463
0.09220695495605469,464
0.09227800369262695,466
0.09234380722045898,467
0.09241294860839844,469
0.09248018264770508,471
0.0925450325012207,472
0.09260916709899902,474
0.09267115592956543,475
0.09273409843444824,477
0.09279704093933105,479
0.09285688400268555,480
0.09291696548461914,481
0.09297895431518555,483
0.09303998947143555,485
0.09309816360473633,486
0.0931558609008789,487
0.09321188926696777,488
0.09326910972595215,489
0.09332513809204102,491
0.09337997436523438,492
0.09343600273132324,494
0.0934898853302002,495
0.09354400634765625,497
0.0935981273651123,498
0.09364891052246094,499
0.09370207786560059,501
0.09375596046447754,502
0.09380698204040527,503
0.09385514259338379,504
0.09390592575073242,506
0.09395313262939453,507
0.09400510787963867,509
0.09405088424682617,510
0.09409689903259277,511
0.09414315223693848,513
0.09419083595275879,515
0.09423589706420898,516
0.09427905082702637,517
0.09432196617126465,518
0.09436392784118652,519
0.0944058895111084,520
0.09444689750671387,521
0.09448885917663574,523
0.0945279598236084,524
0.09456706047058105,524
0.09460592269897461,525
0.09464502334594727,526
0.09468603134155273,528
0.09472393989562988,530
0.09476113319396973,531
0.09479618072509766,532
0.09482979774475098,532
0.09486603736877441,534
0.09490108489990234,535
0.09493517875671387,536
0.09496784210205078,537
0.0950009822845459,539
0.09503293037414551,540
0.09506487846374512,542
0.09509515762329102,542
0.09512615203857422,544
0.09515595436096191,546
0.09518599510192871,548
0.09521484375,550
0.0952451229095459,552
0.09527206420898438,554
0.09529709815979004,554
0.0953209400177002,554
0.09534597396850586,556
0.09537100791931152,558
0.09539484977722168,559
0.09541702270507812,560
0.09543991088867188,561
0.09546303749084473,562
0.09548401832580566,563
0.09550595283508301,565
0.09552693367004395,567
0.09554696083068848,569
0.0955650806427002,570
0.09558510780334473,572
0.09560203552246094,573
0.09561800956726074,574
0.09563302993774414,574
0.09564805030822754,575
0.09566402435302734,576
0.09567809104919434,578
0.09569311141967773,580
0.09570598602294922,582
0.0957179069519043,582
0.09572792053222656,582
0.09574007987976074,584
0.09575104713439941,585
0.09576201438903809,588
0.09577202796936035,590
0.09578084945678711,593
0.09579086303710938,597
