8.821487426757812e-06,1133
0.002625703811645508,1132
0.0051877498626708984,1131
0.007825851440429688,1130
0.010293960571289062,1129
0.012932777404785156,1128
0.015413999557495117,1127
0.017865896224975586,1126
0.020341873168945312,1125
0.02283787727355957,1124
0.025456905364990234,1123
0.027937650680541992,1122
0.030421972274780273,1121
0.03281688690185547,1120
0.03537273406982422,1119
0.037761688232421875,1118
0.04024195671081543,1117
0.04270792007446289,1116
0.04518580436706543,1115
0.04755878448486328,1114
0.05010795593261719,1113
0.052487850189208984,1112
0.05495500564575195,1111
0.05742597579956055,1110
0.05992388725280762,1109
0.06230783462524414,1108
0.0648648738861084,1107
0.06724691390991211,1106
0.06976985931396484,1105
0.07224678993225098,1104
0.07475590705871582,1103
0.07713103294372559,1102
0.07967996597290039,1101
0.0820608139038086,1100
0.08455181121826172,1099
0.08700966835021973,1098
0.08948087692260742,1097
0.09185481071472168,1096
0.09440279006958008,1095
0.09678077697753906,1094
0.09925389289855957,1093
0.10171866416931152,1092
0.10420370101928711,1091
0.10658693313598633,1090
0.1091609001159668,1089
0.11153674125671387,1088
0.11400890350341797,1087
0.11646080017089844,1086
0.11892986297607422,1085
0.12131094932556152,1084
0.123870849609375,1083
0.12624692916870117,1082
0.12871384620666504,1081
0.13117384910583496,1080
0.13366985321044922,1079
0.1360628604888916,1078
0.1386408805847168,1077
0.14102578163146973,1076
0.1435098648071289,1075
0.14598393440246582,1074
0.1484847068786621,1073
0.150864839553833,1072
0.1534137725830078,1071
0.1558079719543457,1070
0.15828371047973633,1069
0.16074180603027344,1068
0.16321897506713867,1067
0.16560888290405273,1066
0.1681678295135498,1065
0.1705479621887207,1064
0.1730198860168457,1063
0.17547082901000977,1062
0.17793989181518555,1061
0.1803269386291504,1060
0.18287897109985352,1059
0.18525385856628418,1058
0.1877288818359375,1057
0.1901869773864746,1056
0.1926708221435547,1055
0.19506263732910156,1054
0.19762682914733887,1053
0.20000696182250977,1052
0.20250701904296875,1051
0.2049858570098877,1050
0.20746493339538574,1049
0.20984482765197754,1048
0.21239566802978516,1047
0.2147808074951172,1046
0.21725702285766602,1045
0.21972203254699707,1044
0.2222278118133545,1043
0.22461485862731934,1042
0.2271718978881836,1041
0.2295687198638916,1040
0.23204302787780762,1039
0.2344987392425537,1038
0.23697686195373535,1037
0.23938679695129395,1036
0.24196887016296387,1035
0.2443528175354004,1034
0.2468268871307373,1033
0.249281644821167,1032
0.2517719268798828,1031
0.2541539669036865,1030
0.25671887397766113,1029
0.2591109275817871,1028
0.26159071922302246,1027
0.2640528678894043,1026
0.26656079292297363,1025
0.2689368724822998,1024
0.2714869976043701,1023
0.2738649845123291,1022
0.27635693550109863,1021
0.27930688858032227,1020
0.2817847728729248,1019
0.28437185287475586,1018
0.286881685256958,1017
0.2893660068511963,1016
0.2917628288269043,1015
0.2943129539489746,1014
0.2967228889465332,1013
0.2991948127746582,1012
0.30188488960266113,1011
0.3042869567871094,1010
0.3067488670349121,1009
0.30921387672424316,1008
0.3116757869720459,1007
0.31406593322753906,1006
0.31659483909606934,1005
0.31897783279418945,1004
0.32143473625183105,1003
0.32390880584716797,1002
0.32634782791137695,1001
0.3287229537963867,1000
0.33125996589660645,999
0.33364367485046387,998
0.3361186981201172,997
0.3385908603668213,996
0.34104394912719727,995
0.34342098236083984,994
0.345958948135376,993
0.34835195541381836,992
0.3507978916168213,991
0.3532559871673584,990
0.355698823928833,989
0.35809898376464844,988
0.3606719970703125,987
0.36309385299682617,986
0.36558079719543457,985
0.36807990074157715,984
0.3705170154571533,983
0.3731048107147217,982
0.37559986114501953,981
0.3780679702758789,980
0.3805708885192871,979
0.38304591178894043,978
0.38550877571105957,977
0.38791871070861816,976
0.39047980308532715,975
0.3928718566894531,974
0.3953280448913574,973
0.3977999687194824,972
0.40024590492248535,971
0.40262770652770996,970
0.405163049697876,969
0.40754199028015137,968
0.409991979598999,967
0.41246891021728516,966
0.4149308204650879,965
0.41732192039489746,964
0.4198930263519287,963
0.42231082916259766,962
0.4272027015686035,961
0.42969775199890137,960
0.43211865425109863,959
0.43468785285949707,958
0.43714189529418945,957
0.43968892097473145,956
0.44231295585632324,955
0.4448246955871582,954
0.4472498893737793,953
0.4498319625854492,952
0.45226192474365234,951
0.4547536373138428,950
0.4572758674621582,949
0.4597740173339844,948
0.462202787399292,947
0.4647808074951172,946
0.46721482276916504,945
0.46971797943115234,944
0.4722268581390381,943
0.47472572326660156,942
0.4771537780761719,941
0.4797556400299072,940
0.48230981826782227,939
0.48480796813964844,938
0.48763585090637207,937
0.4900517463684082,936
0.4925858974456787,935
0.4950547218322754,934
0.4975578784942627,933
0.49994397163391113,932
0.5038337707519531,931
0.5063498020172119,930
0.5088357925415039,929
0.5113170146942139,928
0.5137088298797607,927
0.5162837505340576,926
0.5186808109283447,925
0.5211787223815918,924
0.5236518383026123,923
0.5261528491973877,922
0.528533935546875,921
0.5311050415039062,920
0.5334799289703369,919
0.5359618663787842,918
0.538416862487793,917
0.5409150123596191,916
0.5433039665222168,915
0.547440767288208,914
0.5499188899993896,913
0.5523838996887207,912
0.5548679828643799,911
0.5572459697723389,910
0.5611867904663086,909
0.5636827945709229,908
0.566154956817627,907
0.5686428546905518,906
0.5710337162017822,905
0.5736000537872314,904
0.5759797096252441,903
0.5784666538238525,902
0.5809369087219238,901
0.5834119319915771,900
0.5857999324798584,899
0.5898139476776123,898
0.5923829078674316,897
0.5950417518615723,896
0.5974447727203369,895
0.5999319553375244,894
0.6024436950683594,893
0.6049847602844238,892
0.6073799133300781,891
0.6099247932434082,890
0.6123359203338623,889
0.614797830581665,888
0.6172738075256348,887
0.6197209358215332,886
0.6221098899841309,885
0.6246390342712402,884
0.6270217895507812,883
0.629483699798584,882
0.6319596767425537,881
0.6344189643859863,880
0.6368236541748047,879
0.6393578052520752,878
0.6439948081970215,877
0.6464548110961914,876
0.6507058143615723,875
0.6532397270202637,874
0.6576597690582275,873
0.6601247787475586,872
0.662578821182251,871
0.6649727821350098,870
0.667503833770752,869
0.6698818206787109,868
0.6736929416656494,867
0.6761689186096191,866
0.6785616874694824,865
0.6810996532440186,864
0.683478832244873,863
0.6859347820281982,862
0.6884438991546631,861
0.6912689208984375,860
0.6939258575439453,859
0.6969280242919922,858
0.6996588706970215,857
0.7052669525146484,856
0.7081859111785889,855
0.7108888626098633,854
0.7140369415283203,853
0.7165660858154297,852
0.7193069458007812,851
0.7221198081970215,850
0.7245278358459473,849
0.726996898651123,848
0.7294769287109375,847
0.7319459915161133,846
0.7343318462371826,845
0.7380127906799316,844
0.7404890060424805,843
0.7429687976837158,842
0.7468397617340088,841
0.7494158744812012,840
0.7518527507781982,839
0.7543528079986572,838
0.7568738460540771,837
0.7593710422515869,836
0.7618029117584229,835
0.7643768787384033,834
0.7689929008483887,833
0.7736818790435791,832
0.7761428356170654,831
0.778770923614502,830
0.781317949295044,829
0.783829927444458,828
0.788496732711792,827
0.792313814163208,826
0.7947428226470947,825
0.7972078323364258,824
0.7997000217437744,823
0.8022620677947998,822
0.8046567440032959,821
0.8072257041931152,820
0.8096208572387695,819
0.8121228218078613,818
0.8159496784210205,817
0.8183338642120361,816
0.8225138187408447,815
0.825049877166748,814
0.8342878818511963,813
0.8386030197143555,812
0.8410818576812744,811
0.8436007499694824,810
0.8459956645965576,809
0.8485908508300781,808
0.8509869575500488,807
0.8534657955169678,806
0.8559367656707764,805
0.8584437370300293,804
0.8608448505401611,803
0.863623857498169,802
0.866142988204956,801
0.8689689636230469,800
0.8717508316040039,799
0.8744158744812012,798
0.8770058155059814,797
0.8829238414764404,796
0.8885467052459717,795
0.8913347721099854,794
0.8941287994384766,793
0.8966238498687744,792
0.8993558883666992,791
0.9018759727478027,790
0.9045069217681885,789
0.9070799350738525,788
0.9097027778625488,787
0.9121847152709961,786
0.9148678779602051,785
0.9174306392669678,784
0.9199366569519043,783
0.9264698028564453,782
0.929100751876831,781
0.9317619800567627,780
0.9342978000640869,779
0.937018871307373,778
0.9395236968994141,777
0.9422657489776611,776
0.9484779834747314,775
0.9540059566497803,774
0.956636905670166,773
0.9595687389373779,772
0.9622278213500977,771
0.9663009643554688,770
0.9687697887420654,769
0.9754528999328613,768
0.9779117107391357,767
0.9823107719421387,766
0.9849658012390137,765
0.9894778728485107,764
0.9919376373291016,763
0.996619701385498,762
1.0009076595306396,761
1.0055208206176758,760
1.008023738861084,759
1.0105769634246826,758
1.013016700744629,757
1.015645980834961,756
1.0197277069091797,755
1.0222070217132568,754
1.0246946811676025,753
1.0319418907165527,752
1.036787986755371,751
1.0409648418426514,750
1.0457408428192139,749
1.048257827758789,748
1.0546057224273682,747
1.0570738315582275,746
1.059614896774292,745
1.062088966369629,744
1.0645649433135986,743
1.0672099590301514,742
1.0697767734527588,741
1.0723049640655518,740
1.0747840404510498,739
1.0799028873443604,738
1.0824220180511475,737
1.0871407985687256,736
1.0895769596099854,735
1.0940117835998535,734
1.0965650081634521,733
1.1022279262542725,732
1.10630464553833,731
1.1088876724243164,730
1.1114540100097656,729
1.113959789276123,728
1.1163809299468994,727
1.1190526485443115,726
1.1215097904205322,725
1.1241507530212402,724
1.1267638206481934,723
1.1294567584991455,722
1.136734962463379,721
1.1391408443450928,720
1.1464848518371582,719
1.1489617824554443,718
1.1538729667663574,717
1.1562788486480713,716
1.16084885597229,715
1.1633470058441162,714
1.1657538414001465,713
1.1725666522979736,712
1.1812918186187744,711
1.18520188331604,710
1.1877236366271973,709
1.1901278495788574,708
1.1938869953155518,707
1.1963868141174316,706
1.1988916397094727,705
1.2014117240905762,704
1.2062857151031494,703
1.2112247943878174,702
1.213843822479248,701
1.2163677215576172,700
1.220113754272461,699
1.222548007965088,698
1.2267367839813232,697
1.229252815246582,696
1.2316479682922363,695
1.2342169284820557,694
1.2366106510162354,693
1.2437808513641357,692
1.2534327507019043,691
1.2558279037475586,690
1.258394718170166,689
1.2623770236968994,688
1.270824909210205,687
1.2751586437225342,686
1.2806017398834229,685
1.2845778465270996,684
1.2888219356536865,683
1.291299819946289,682
1.2936866283416748,681
1.2962486743927002,680
1.306748867034912,679
1.30928373336792,678
1.3116967678070068,677
1.3191277980804443,676
1.32548189163208,675
1.3327558040618896,674
1.3378188610076904,673
1.3402659893035889,672
1.3480219841003418,671
1.3570349216461182,670
1.3739018440246582,669
1.37640380859375,668
1.3938357830047607,667
1.4020967483520508,666
1.4046778678894043,665
1.4086079597473145,664
1.4145798683166504,663
1.4212627410888672,662
1.4404487609863281,661
1.4428608417510986,660
1.4486868381500244,659
1.4561347961425781,658
1.4601328372955322,657
1.4626238346099854,656
1.4704289436340332,655
1.472930669784546,654
1.4794268608093262,653
1.4895050525665283,652
1.5182337760925293,651
1.533663034439087,650
1.536144733428955,649
1.554351806640625,648
1.5580286979675293,647
1.5617117881774902,646
1.5695419311523438,645
1.5719408988952637,644
1.576751708984375,643
1.6009197235107422,642
1.6072609424591064,641
1.6098477840423584,640
1.6141057014465332,639
1.6203949451446533,638
1.6228790283203125,637
1.6459558010101318,636
1.666368007659912,635
1.6687748432159424,634
1.679438829421997,633
1.694070816040039,632
1.7291948795318604,631
1.750539779663086,630
1.7595536708831787,629
1.7648518085479736,628
1.7673227787017822,627
1.7938969135284424,626
1.8369379043579102,625
1.8446967601776123,624
1.8513820171356201,623
1.867095708847046,622
1.8813366889953613,621
1.887880802154541,620
1.9110207557678223,619
1.9295439720153809,618
1.933203935623169,617
1.9886279106140137,616
1.9953339099884033,615
2.1912739276885986,614
