9.5367431640625e-07,54510
8.158666849136353,793
8.15868091583252,792
8.160419702529907,791
8.160655736923218,790
8.160752773284912,789
8.160841941833496,788
8.160881757736206,787
8.160994052886963,786
8.16100788116455,785
8.161500930786133,784
8.161529064178467,783
8.16734790802002,782
8.16739296913147,781
8.167446851730347,780
8.167845726013184,779
8.167898654937744,778
8.167913913726807,777
8.167991876602173,776
8.181500911712646,764
8.181533813476562,763
8.181599855422974,762
8.181665897369385,761
8.18173098564148,760
8.20541000366211,759
8.205888986587524,758
8.206002950668335,757
8.210402011871338,756
8.210516929626465,755
8.222556829452515,754
8.222587823867798,753
8.222644805908203,752
8.230177879333496,751
8.231432914733887,750
8.231595993041992,749
8.231634855270386,748
8.231749773025513,747
8.23179006576538,746
8.231855869293213,745
8.231870889663696,744
8.231972694396973,743
8.232911825180054,742
8.232939004898071,741
8.23308777809143,740
8.233116865158081,739
8.233575820922852,738
8.233589887619019,737
8.233806848526001,736
8.233834981918335,735
8.285626888275146,734
8.285707950592041,733
8.285759925842285,732
8.285849809646606,731
8.28586483001709,730
8.286017894744873,729
8.286032676696777,728
8.318768739700317,727
8.31892991065979,726
8.336998701095581,725
8.33707070350647,724
8.3371000289917,723
8.337157726287842,722
8.337189674377441,721
8.337305784225464,720
8.337333917617798,719
8.358742952346802,718
8.35896897315979,717
8.358996868133545,716
8.35901165008545,715
8.35915493965149,714
8.35924506187439,713
8.359320878982544,712
8.359335899353027,711
8.371494770050049,710
8.371910810470581,709
8.372068643569946,708
8.372135877609253,707
8.372239828109741,706
8.373376846313477,705
8.373623847961426,704
8.37373685836792,703
8.37398076057434,702
8.374259948730469,701
8.376513957977295,700
8.377788782119751,699
8.377868890762329,698
8.377924680709839,697
8.377964973449707,696
8.378107786178589,695
8.378190040588379,694
8.378564834594727,693
8.378951787948608,692
8.380048751831055,691
8.380064964294434,690
8.380091905593872,689
8.381244897842407,688
8.381273031234741,687
8.381519794464111,686
8.39799189567566,685
8.399033784866333,684
8.399571895599365,683
8.416115760803223,682
8.416197776794434,681
8.41935682296753,680
8.419510841369629,679
8.419758081436157,678
8.420374870300293,677
8.420578956604004,676
8.424193859100342,675
8.424903869628906,674
8.424917936325073,673
8.425396919250488,672
8.425682783126831,671
8.426322937011719,670
8.429519653320312,669
8.42958378791809,668
8.431063890457153,667
8.432823896408081,666
8.451450824737549,665
8.451570749282837,664
8.45184874534607,663
8.452146768569946,662
8.452260732650757,661
8.452301979064941,660
8.453320741653442,659
8.46399474143982,658
8.4653959274292,657
8.471973896026611,656
8.472026824951172,655
8.472065925598145,654
8.472139835357666,653
8.495622873306274,652
8.495797872543335,651
8.49624490737915,650
8.49762773513794,649
8.49964690208435,648
8.510446786880493,647
8.510699987411499,646
8.511062860488892,645
8.511522054672241,644
8.530885696411133,643
8.543426990509033,642
8.543604850769043,641
8.545491933822632,640
8.55010199546814,639
8.550477027893066,638
8.55092191696167,637
8.553562879562378,636
8.554032802581787,635
8.554184913635254,634
8.555184841156006,633
8.557750940322876,632
8.557800769805908,631
8.557898998260498,630
8.560313701629639,629
8.638897895812988,628
8.648813962936401,627
8.657732009887695,626
8.664108037948608,625
8.667849779129028,624
8.668115854263306,623
8.680171966552734,622
8.70313286781311,621
