0.0,54510
8.225083827972412,809
8.225218057632446,808
8.225270986557007,807
8.225285768508911,806
8.225312948226929,805
8.225446939468384,804
8.225483894348145,803
8.225498914718628,802
8.22554898262024,801
8.225598812103271,800
8.226021766662598,799
8.226111888885498,798
8.226176977157593,797
8.22619080543518,796
8.226316928863525,795
8.226438760757446,794
8.227378845214844,793
8.22740888595581,792
8.227460861206055,791
8.227488040924072,790
8.227513790130615,789
8.227566719055176,788
8.22761869430542,787
8.294541835784912,780
8.295644760131836,779
8.29567265510559,778
8.295699834823608,777
8.295714855194092,776
8.296103954315186,775
8.296466827392578,774
8.3004469871521,773
8.30046272277832,772
8.300477981567383,771
8.308124780654907,770
8.308182001113892,769
8.30820894241333,768
8.308237075805664,767
8.309130907058716,766
8.309210777282715,765
8.311118841171265,764
8.31115984916687,763
8.31119990348816,762
8.311288833618164,761
8.32538390159607,760
8.325773000717163,759
8.326133012771606,758
8.32614779472351,757
8.326175928115845,756
8.326424837112427,755
8.326490879058838,754
8.32651686668396,753
8.326594829559326,752
8.335385799407959,751
8.34109902381897,750
8.388803720474243,749
8.388834714889526,748
8.390118837356567,747
8.39013385772705,746
8.390272855758667,745
8.390299797058105,744
8.390339851379395,743
8.390378952026367,742
8.394239902496338,741
8.39428186416626,740
8.394917726516724,739
8.394932985305786,738
8.395094871520996,737
8.399133920669556,736
8.400378704071045,735
8.400394916534424,734
8.400612831115723,733
8.40064001083374,732
8.40067982673645,731
8.400796890258789,730
8.401699781417847,729
8.405925750732422,728
8.441114902496338,727
8.441134691238403,726
8.441287755966187,725
8.441341876983643,724
8.441431045532227,723
8.44150686264038,722
8.441572904586792,721
8.441983938217163,720
8.442131996154785,719
8.442161798477173,718
8.442226886749268,717
8.44228982925415,716
8.442303895950317,715
8.442318677902222,714
8.442333936691284,713
8.446329832077026,712
8.447530031204224,711
8.447636842727661,710
8.46860384941101,709
8.468700885772705,708
8.468715906143188,707
8.468730926513672,706
8.468879699707031,705
8.469485759735107,704
8.469552755355835,703
8.469642877578735,702
8.470553874969482,701
8.470937728881836,700
8.471089839935303,699
8.474266767501831,698
8.475034713745117,697
8.475064754486084,696
8.479792833328247,695
8.479907751083374,694
8.480705976486206,693
8.480906963348389,692
8.480944871902466,691
8.481022834777832,690
8.481037855148315,689
8.481682777404785,688
8.48229193687439,687
8.482676982879639,686
8.482691764831543,685
8.482706785202026,684
8.483192682266235,683
8.48322081565857,682
8.483532905578613,681
8.483573913574219,680
8.484094858169556,679
8.484195709228516,678
8.4844388961792,677
8.487911939620972,676
8.488038778305054,675
8.496533870697021,674
8.496648788452148,673
8.496810913085938,672
8.497116804122925,671
8.508649826049805,670
8.508693933486938,669
8.511629819869995,668
8.516381978988647,667
8.516823053359985,666
8.516993045806885,665
8.523698806762695,664
8.5241379737854,663
8.524303913116455,662
8.524749755859375,661
8.52509593963623,660
8.525617837905884,659
8.529581785202026,658
8.53084683418274,657
8.533130884170532,656
8.534250974655151,655
8.534514904022217,654
8.540524959564209,653
8.540963888168335,652
8.541996002197266,651
8.542295932769775,650
8.542423963546753,649
8.543031692504883,648
8.543284893035889,647
8.543324947357178,646
8.54346489906311,645
8.549381732940674,644
8.549776792526245,643
8.549967765808105,642
8.552103757858276,641
8.552271842956543,640
8.553754806518555,639
8.580559730529785,638
8.5812668800354,637
8.586084842681885,636
8.586153984069824,635
8.586967945098877,634
8.587749719619751,633
8.588162660598755,632
8.602264881134033,631
8.602729797363281,630
8.609046936035156,629
8.610724687576294,628
8.611064672470093,627
8.614759922027588,626
8.61686396598816,625
8.647434949874878,624
8.652861833572388,623
8.653174877166748,622
8.680636882781982,621
8.680998802185059,620
8.68325686454773,619
8.689128875732422,618
8.70311975479126,617
8.708146810531616,616
8.710227966308594,615
8.746004819869995,614
