0.0,54510
8.126217126846313,809
8.155397891998291,805
8.155417203903198,804
8.155456066131592,803
8.155519008636475,802
8.155533075332642,801
8.155671119689941,800
8.176060914993286,797
8.176784992218018,796
8.178629159927368,795
8.178657054901123,794
8.178709983825684,793
8.178799152374268,792
8.178875923156738,791
8.178916215896606,790
8.17893099784851,789
8.1790189743042,788
8.1791090965271,787
8.203788042068481,779
8.203805923461914,778
8.203970193862915,777
8.204034090042114,776
8.204048156738281,775
8.204113960266113,774
8.204284906387329,773
8.204638957977295,772
8.204655170440674,771
8.204720973968506,770
8.204750061035156,769
8.204824209213257,768
8.205039262771606,767
8.205980062484741,766
8.232240915298462,765
8.232272148132324,764
8.233046054840088,763
8.234167098999023,762
8.234194993972778,761
8.234222173690796,760
8.234287977218628,759
8.283490180969238,758
8.283509016036987,757
8.283608198165894,756
8.28425908088684,755
8.284879207611084,754
8.289126873016357,753
8.289674043655396,752
8.28980302810669,751
8.290405988693237,750
8.29049301147461,749
8.290531158447266,748
8.291038036346436,747
8.291315078735352,746
8.2915620803833,745
8.292558193206787,744
8.294026136398315,743
8.301411151885986,742
8.301881074905396,741
8.302082061767578,740
8.311107158660889,739
8.31175708770752,738
8.311995029449463,737
8.312044143676758,736
8.312495946884155,735
8.312523126602173,734
8.312549114227295,733
8.312599182128906,732
8.313870191574097,731
8.31925892829895,730
8.319299221038818,729
8.319350004196167,728
8.319387912750244,727
8.320745944976807,726
8.33017611503601,725
8.330204010009766,724
8.331329107284546,723
8.331472873687744,722
8.331488132476807,721
8.331514120101929,720
8.3316810131073,719
8.339066982269287,718
8.339231967926025,717
8.3442702293396,716
8.344308137893677,715
8.344322204589844,714
8.345584869384766,713
8.347604036331177,712
8.347745180130005,711
8.34779405593872,710
8.348052978515625,709
8.348113059997559,708
8.349165201187134,707
8.34925103187561,706
8.349311113357544,705
8.349347114562988,704
8.369580030441284,703
8.381176233291626,702
8.381425857543945,701
8.3818199634552,700
8.382254123687744,699
8.382440090179443,698
8.382466077804565,697
8.383399963378906,696
8.388797998428345,695
8.388933181762695,694
8.389029264450073,693
8.389116048812866,692
8.398802042007446,691
8.39883017539978,690
8.398948192596436,689
8.399271965026855,688
8.40891695022583,687
8.4095139503479,686
8.409609079360962,685
8.409635066986084,684
8.410454034805298,683
8.418524026870728,682
8.418543100357056,681
8.421607971191406,680
8.42175006866455,679
8.421988248825073,678
8.422014951705933,677
8.422935009002686,676
8.423211097717285,675
8.423639059066772,674
8.42419719696045,673
8.424410104751587,672
8.424437046051025,671
8.424464225769043,670
8.425145149230957,669
8.425159931182861,668
8.42519998550415,667
8.43256402015686,666
8.432631015777588,665
8.432719230651855,664
8.453303098678589,663
8.45396900177002,662
8.454127073287964,661
8.455136060714722,660
8.456146955490112,659
8.457310914993286,658
8.45744800567627,657
8.458852052688599,656
8.459090948104858,655
8.460767030715942,654
8.462024927139282,653
8.463186979293823,652
8.463450908660889,651
8.466234922409058,650
8.468153238296509,649
8.47249698638916,648
8.473466873168945,647
8.497539043426514,646
8.497597932815552,645
8.500159978866577,644
8.50032901763916,643
8.5017249584198,642
8.502784013748169,641
8.502825021743774,640
8.502990245819092,639
8.503371000289917,638
8.503425121307373,637
8.505526065826416,636
8.50642204284668,635
8.51907992362976,634
8.520559072494507,633
8.521079063415527,632
8.521125078201294,631
8.521352052688599,630
8.521626949310303,629
8.55988621711731,628
8.567111015319824,627
8.567663192749023,626
8.567819118499756,625
8.569020986557007,624
8.618251085281372,623
8.622053146362305,622
