0.0,54510
8.220240116119385,805
8.220371961593628,804
8.220399141311646,803
8.220471143722534,802
8.220510005950928,801
8.220571279525757,800
8.220586061477661,799
8.220824003219604,798
8.220981121063232,797
8.221008062362671,796
8.221034049987793,795
8.23284101486206,794
8.232870101928711,793
8.246287107467651,792
8.246991157531738,791
8.25181794166565,790
8.251868963241577,789
8.251883029937744,788
8.2519690990448,787
8.25214695930481,786
8.252230882644653,785
8.252364158630371,784
8.252390146255493,783
8.252622127532959,782
8.252649068832397,781
8.252827167510986,780
8.254514932632446,779
8.254657983779907,778
8.254930973052979,777
8.254956007003784,776
8.255052089691162,775
8.255065202713013,774
8.255091905593872,773
8.2552011013031,772
8.288583040237427,771
8.28889012336731,770
8.302491903305054,769
8.302550077438354,768
8.30259895324707,767
8.308090209960938,766
8.30813217163086,765
8.309689044952393,764
8.309704065322876,763
8.309823036193848,762
8.309888124465942,761
8.309914112091064,760
8.309940099716187,759
8.309966087341309,758
8.31007695198059,757
8.310280084609985,756
8.310305118560791,755
8.310402154922485,754
8.312443256378174,753
8.314624071121216,752
8.314759969711304,751
8.314857959747314,750
8.314884185791016,749
8.315047979354858,748
8.315120935440063,747
8.31787395477295,746
8.317995071411133,745
8.328382968902588,744
8.328400135040283,743
8.329471111297607,742
8.329596996307373,741
8.32967495918274,740
8.32980990409851,739
8.32986307144165,738
8.329951047897339,737
8.330093145370483,736
8.330440998077393,735
8.330549001693726,734
8.370929956436157,733
8.371218919754028,732
8.372374057769775,731
8.372428178787231,730
8.372443914413452,729
8.372534990310669,728
8.373090028762817,727
8.373116970062256,726
8.373171091079712,725
8.381028175354004,724
8.381059169769287,723
8.381087064743042,722
8.38111424446106,721
8.381338119506836,720
8.384809017181396,719
8.384836196899414,718
8.384850978851318,717
8.384878158569336,716
8.390849113464355,715
8.391467094421387,714
8.392544031143188,713
8.392897129058838,712
8.392962217330933,711
8.393075942993164,710
8.393144130706787,709
8.403195142745972,708
8.403250932693481,707
8.4201819896698,706
8.420438051223755,705
8.420478105545044,704
8.420506238937378,703
8.42092227935791,702
8.43133020401001,701
8.431469202041626,700
8.43156099319458,699
8.431794881820679,698
8.43212103843689,697
8.432161092758179,696
8.43279218673706,695
8.432966947555542,694
8.43732500076294,693
8.437734127044678,692
8.437772989273071,691
8.437993049621582,690
8.444431066513062,689
8.444580078125,688
8.444725036621094,687
8.444790124893188,686
8.446048021316528,685
8.44611406326294,684
8.446141004562378,683
8.447988033294678,682
8.450567960739136,681
8.450647115707397,680
8.45090627670288,679
8.45183801651001,678
8.452026128768921,677
8.452067136764526,676
8.453902244567871,675
8.45392894744873,674
8.453997135162354,673
8.455146074295044,672
8.455311059951782,671
8.455963850021362,670
8.456261157989502,669
8.457244873046875,668
8.458840131759644,667
8.468409061431885,666
8.468516111373901,665
8.470462083816528,664
8.47160291671753,663
8.47170615196228,662
8.471734046936035,661
8.47190809249878,660
8.473319053649902,659
8.473925113677979,658
8.499478101730347,657
8.511928081512451,656
8.512121200561523,655
8.51310110092163,654
8.527217864990234,653
8.52727198600769,652
8.52822208404541,651
8.528296947479248,650
8.528325080871582,649
8.528619050979614,648
8.529201030731201,647
8.553372859954834,646
8.556096076965332,645
8.556427001953125,644
8.556582927703857,643
8.556721925735474,642
8.556835174560547,641
8.55790901184082,640
8.558465003967285,639
8.56119704246521,638
8.565876960754395,637
8.566212177276611,636
8.566251993179321,635
8.566827058792114,634
8.567790031433105,633
8.582299947738647,632
8.582564115524292,631
8.583992004394531,630
8.594618082046509,629
8.59664797782898,628
8.605427980422974,627
8.617939949035645,626
8.619458198547363,625
8.638694286346436,624
8.702676057815552,623
