0.0,54510
8.012746810913086,800
8.013110876083374,799
8.090505838394165,796
8.113247871398926,795
8.113341808319092,794
8.117211103439331,793
8.117468118667603,792
8.117482900619507,791
8.117499113082886,790
8.129843950271606,789
8.12987494468689,788
8.129889011383057,787
8.129917860031128,786
8.16823697090149,785
8.184432029724121,762
8.1890869140625,761
8.192671775817871,760
8.192787885665894,759
8.192829132080078,758
8.192857027053833,757
8.192871809005737,756
8.19288682937622,755
8.1929030418396,754
8.192957162857056,753
8.193501949310303,752
8.193516969680786,751
8.193544864654541,750
8.231222867965698,749
8.231256008148193,748
8.231271028518677,747
8.231287002563477,746
8.23136591911316,745
8.231380939483643,744
8.23143482208252,743
8.231462001800537,742
8.231513977050781,741
8.231566905975342,740
8.232611894607544,739
8.239447832107544,738
8.239570140838623,737
8.272820949554443,736
8.272990942001343,735
8.27661395072937,734
8.276630878448486,733
8.276684999465942,732
8.276830911636353,731
8.278958082199097,730
8.279024124145508,729
8.279038906097412,728
8.279130935668945,727
8.279346942901611,726
8.279399156570435,725
8.279428958892822,724
8.281166076660156,723
8.281206846237183,722
8.290440797805786,721
8.290968894958496,720
8.291010856628418,719
8.29102611541748,718
8.291040897369385,717
8.291106939315796,716
8.291234016418457,715
8.291286945343018,714
8.291512966156006,713
8.291676759719849,712
8.291692018508911,711
8.291807889938354,710
8.29188585281372,709
8.291901111602783,708
8.29214096069336,707
8.292778968811035,706
8.294331073760986,705
8.294346809387207,704
8.29436206817627,703
8.29441499710083,702
8.296214818954468,701
8.306989908218384,700
8.307134866714478,699
8.307675123214722,698
8.308176040649414,697
8.308265924453735,696
8.33146595954895,695
8.334021091461182,694
8.334348917007446,693
8.336277961730957,692
8.336306810379028,691
8.336400032043457,690
8.336427927017212,689
8.33663296699524,688
8.336687088012695,687
8.33671498298645,686
8.337021112442017,685
8.337049961090088,684
8.337064743041992,683
8.337094068527222,682
8.337285995483398,681
8.33790397644043,680
8.345468997955322,679
8.345575094223022,678
8.381468057632446,677
8.382152795791626,676
8.382193088531494,675
8.384657144546509,674
8.390264987945557,673
8.390501022338867,672
8.390591859817505,671
8.39100694656372,670
8.391260862350464,669
8.391404867172241,668
8.391443967819214,667
8.397826910018921,666
8.41358494758606,665
8.413813829421997,664
8.413952827453613,663
8.414507865905762,662
8.416812896728516,661
8.417073011398315,660
8.417125940322876,659
8.41769790649414,658
8.420845031738281,657
8.420970916748047,656
8.421609878540039,655
8.422268152236938,654
8.422897100448608,653
8.423557996749878,652
8.424098014831543,651
8.42444896697998,650
8.42471694946289,649
8.42485499382019,648
8.425330877304077,647
8.425758838653564,646
8.429959058761597,645
8.43128490447998,644
8.431452751159668,643
8.431506872177124,642
8.432392835617065,641
8.43259596824646,640
8.432874917984009,639
8.433085918426514,638
8.441188097000122,637
8.441558837890625,636
8.441829919815063,635
8.465616941452026,634
8.47263789176941,633
8.472701072692871,632
8.473073959350586,631
8.480849027633667,630
8.481927871704102,629
8.482970952987671,628
8.492264747619629,627
8.497987031936646,626
8.498203039169312,625
8.498939037322998,624
8.519452095031738,623
8.520709991455078,622
8.522139072418213,621
8.524256944656372,620
8.524517059326172,619
8.525938749313354,618
8.5396089553833,617
8.552565813064575,616
8.559485912322998,615
