0.0024590492248535156,1110
0.005043983459472656,1109
0.007487058639526367,1108
0.009980916976928711,1107
0.01241922378540039,1106
0.014898061752319336,1105
0.01732802391052246,1104
0.01979804039001465,1103
0.022233247756958008,1102
0.0247042179107666,1101
0.02719712257385254,1100
0.029729127883911133,1099
0.03237199783325195,1098
0.03484392166137695,1097
0.03733515739440918,1096
0.03979301452636719,1095
0.04225802421569824,1094
0.04471111297607422,1093
0.047174930572509766,1092
0.04962801933288574,1091
0.05208992958068848,1090
0.05453920364379883,1089
0.05700421333312988,1088
0.05945706367492676,1087
0.06192588806152344,1086
0.06437110900878906,1085
0.06684303283691406,1084
0.06931805610656738,1083
0.07181715965270996,1082
0.07427597045898438,1081
0.0767362117767334,1080
0.07919120788574219,1079
0.08165717124938965,1078
0.0841062068939209,1077
0.0865640640258789,1076
0.08902096748352051,1075
0.09149503707885742,1074
0.09394216537475586,1073
0.09640192985534668,1072
0.09885501861572266,1071
0.10133624076843262,1070
0.10378193855285645,1069
0.10623908042907715,1068
0.10869097709655762,1067
0.11116194725036621,1066
0.113616943359375,1065
0.11609196662902832,1064
0.11855220794677734,1063
0.12103104591369629,1062
0.12348818778991699,1061
0.12595701217651367,1060
0.1303272247314453,1059
0.1329050064086914,1058
0.13552117347717285,1057
0.13809609413146973,1056
0.1407480239868164,1055
0.14333295822143555,1054
0.1459500789642334,1053
0.14852213859558105,1052
0.1511399745941162,1051
0.15371918678283691,1050
0.15635204315185547,1049
0.15899920463562012,1048
0.16182804107666016,1047
0.1643049716949463,1046
0.16680908203125,1045
0.1692512035369873,1044
0.1717362403869629,1043
0.17421293258666992,1042
0.17695403099060059,1041
0.17944812774658203,1040
0.1819291114807129,1039
0.18439102172851562,1038
0.18685388565063477,1037
0.18931102752685547,1036
0.19178509712219238,1035
0.1942448616027832,1034
0.19670724868774414,1033
0.19917607307434082,1032
0.20164799690246582,1031
0.20411300659179688,1030
0.2065749168395996,1029
0.20902514457702637,1028
0.21148300170898438,1027
0.21395301818847656,1026
0.2164151668548584,1025
0.21886229515075684,1024
0.22132301330566406,1023
0.22385811805725098,1022
0.22642803192138672,1021
0.22890400886535645,1020
0.2314000129699707,1019
0.2338581085205078,1018
0.23632001876831055,1017
0.23877525329589844,1016
0.24123311042785645,1015
0.2436830997467041,1014
0.24614214897155762,1013
0.24859309196472168,1012
0.2510550022125244,1011
0.25350213050842285,1010
0.25596189498901367,1009
0.2584221363067627,1008
0.2609071731567383,1007
0.2633700370788574,1006
0.26583409309387207,1005
0.2682840824127197,1004
0.27074408531188965,1003
0.27318787574768066,1002
0.275651216506958,1001
0.27809810638427734,1000
0.28055715560913086,999
0.28300023078918457,998
0.28545689582824707,997
0.28790998458862305,996
0.29036808013916016,995
0.2928142547607422,994
0.2952730655670166,993
0.29772114753723145,992
0.30027198791503906,991
0.3043069839477539,990
0.30680108070373535,989
0.30927014350891113,988
0.3117189407348633,987
0.3141810894012451,986
0.31662702560424805,985
0.31908607482910156,984
0.3215310573577881,983
0.3239891529083252,982
0.3264350891113281,981
0.32889604568481445,980
0.3313469886779785,979
0.33605313301086426,978
0.3385190963745117,977
0.3409731388092041,976
0.34344911575317383,975
0.34590816497802734,974
0.3483741283416748,973
0.35082411766052246,972
0.353287935256958,971
0.35573792457580566,970
0.358201265335083,969
0.36065220832824707,968
0.36312007904052734,967
0.3655712604522705,966
0.36803317070007324,965
0.370481014251709,964
0.37295103073120117,963
0.37540197372436523,962
0.3778650760650635,961
0.3803122043609619,960
0.3827662467956543,959
0.38523101806640625,958
0.3877251148223877,957
0.39023709297180176,956
0.3927450180053711,955
0.395205020904541,954
0.39766407012939453,953
0.4001131057739258,952
0.4025731086730957,951
0.40501904487609863,950
0.40747714042663574,949
0.40992021560668945,948
0.4124031066894531,947
0.41484498977661133,946
0.41965603828430176,945
0.42211103439331055,944
0.4245772361755371,943
0.4270310401916504,942
0.4294769763946533,941
0.4319310188293457,940
0.43438220024108887,939
0.4368400573730469,938
0.4392890930175781,937
0.4417459964752197,936
0.4441990852355957,935
0.4466559886932373,934
0.44910693168640137,933
0.45156407356262207,932
0.45401716232299805,931
0.4564192295074463,930
0.45880985260009766,929
0.46118903160095215,928
0.4635779857635498,927
0.46597790718078613,926
0.46836113929748535,925
0.4707491397857666,924
0.47314000129699707,923
0.4755420684814453,922
0.47792792320251465,921
0.48032593727111816,920
0.48270511627197266,919
0.4850749969482422,918
0.48748302459716797,917
0.4899301528930664,916
0.49511003494262695,915
0.4975392818450928,914
0.49996113777160645,913
0.5023961067199707,912
0.5048210620880127,911
0.507256269454956,910
0.5096840858459473,909
0.5121140480041504,908
0.514519214630127,907
0.5169360637664795,906
0.5193381309509277,905
0.5217502117156982,904
0.5241522789001465,903
0.5265610218048096,902
0.5289139747619629,901
0.5313889980316162,900
0.535609245300293,899
0.5380570888519287,898
0.540459156036377,897
0.542896032333374,896
0.5478470325469971,895
0.5503010749816895,894
0.5527210235595703,893
0.5551419258117676,892
0.5575182437896729,891
0.5599420070648193,890
0.5623230934143066,889
0.5647470951080322,888
0.5671272277832031,887
0.5695581436157227,886
0.5719420909881592,885
0.5758011341094971,884
0.5782210826873779,883
0.5806028842926025,882
0.5830349922180176,881
0.5854110717773438,880
0.5878238677978516,879
0.590203046798706,878
0.5926339626312256,877
0.5950121879577637,876
0.5974321365356445,875
0.5998122692108154,874
0.6022260189056396,873
0.6046090126037598,872
0.6070470809936523,871
0.6094379425048828,870
0.6118531227111816,869
0.614232063293457,868
0.6166560649871826,867
0.619035005569458,866
0.6214621067047119,865
0.6238422393798828,864
0.6284370422363281,863
0.6308610439300537,862
0.6351151466369629,861
0.6375031471252441,860
0.6419060230255127,859
0.6443300247192383,858
0.6466951370239258,857
0.6505091190338135,856
0.654181957244873,855
0.6566019058227539,854
0.6589782238006592,853
0.6613960266113281,852
0.6637749671936035,851
0.6661980152130127,850
0.6685750484466553,849
0.6709909439086914,848
0.6733651161193848,847
0.6769330501556396,846
0.681495189666748,845
0.6839282512664795,844
0.6863131523132324,843
0.6887509822845459,842
0.6911401748657227,841
0.6935291290283203,840
0.6969931125640869,839
0.699333906173706,838
0.7017421722412109,837
0.7040810585021973,836
0.7064850330352783,835
0.710003137588501,834
0.7123711109161377,833
0.7147789001464844,832
0.7185471057891846,831
0.7210042476654053,830
0.7234880924224854,829
0.7259349822998047,828
0.7284162044525146,827
0.7308530807495117,826
0.7333331108093262,825
0.735771894454956,824
0.7403862476348877,823
0.7449841499328613,822
0.7490630149841309,821
0.7515401840209961,820
0.7539632320404053,819
0.7584991455078125,818
0.7622029781341553,817
0.764678955078125,816
0.7671082019805908,815
0.7695848941802979,814
0.7720241546630859,813
0.7745039463043213,812
0.776940107345581,811
0.7794280052185059,810
0.7818729877471924,809
0.7855823040008545,808
0.7896411418914795,807
0.7921328544616699,806
0.7989380359649658,805
0.8032920360565186,804
0.8057460784912109,803
0.8082289695739746,802
0.8106811046600342,801
0.8130571842193604,800
0.8154840469360352,799
0.8178930282592773,798
0.8203451633453369,797
0.8227531909942627,796
0.8252370357513428,795
0.8276710510253906,794
0.8301661014556885,793
0.8326029777526855,792
0.8350710868835449,791
0.837550163269043,790
0.8400380611419678,789
0.8451552391052246,788
0.8505511283874512,787
0.8529760837554932,786
0.8555090427398682,785
0.8579599857330322,784
0.8604979515075684,783
0.8629300594329834,782
0.8654069900512695,781
0.8678300380706787,780
0.8703720569610596,779
0.8728270530700684,778
0.8753070831298828,777
0.8777129650115967,776
0.8802130222320557,775
0.8858840465545654,774
0.8883180618286133,773
0.890740156173706,772
0.8932170867919922,771
0.8956050872802734,770
0.8980412483215332,769
0.9004859924316406,768
0.9086930751800537,767
0.9111590385437012,766
0.9152982234954834,765
0.9188580513000488,764
0.9212679862976074,763
0.9275190830230713,762
0.9299468994140625,761
0.9341390132904053,760
0.9365670680999756,759
0.9408431053161621,758
0.9432570934295654,757
0.9474279880523682,756
0.9515080451965332,755
0.9560220241546631,754
0.9584741592407227,753
0.9609110355377197,752
0.963449239730835,751
0.9660630226135254,750
0.9701120853424072,749
0.9725630283355713,748
0.9750421047210693,747
0.9822580814361572,746
0.9897019863128662,745
0.994434118270874,744
0.9968359470367432,743
1.0034360885620117,742
1.0078589916229248,741
1.0102522373199463,740
1.0126709938049316,739
1.0172429084777832,738
1.0196020603179932,737
1.0220210552215576,736
1.0266129970550537,735
1.0289721488952637,734
1.0333850383758545,733
1.0358049869537354,732
1.040060043334961,731
1.0424530506134033,730
1.047863245010376,729
1.051711082458496,728
1.054089069366455,727
1.0564980506896973,726
1.0588691234588623,725
1.061279058456421,724
1.0651679039001465,723
1.0675320625305176,722
1.069939136505127,721
1.07230806350708,720
1.079092025756836,719
1.0814568996429443,718
1.0937318801879883,717
1.0961120128631592,716
1.1004879474639893,715
1.102889060974121,714
1.1052439212799072,713
1.1117770671844482,712
1.1143040657043457,711
1.1217060089111328,710
1.1269731521606445,709
1.1316170692443848,708
1.1340129375457764,707
1.1363680362701416,706
1.1387889385223389,705
1.1433959007263184,704
1.148071050643921,703
1.15053129196167,702
1.1544320583343506,701
1.1571989059448242,700
1.1614971160888672,699
1.1642088890075684,698
1.1668000221252441,697
1.1694011688232422,696
1.1733801364898682,695
1.1771669387817383,694
1.1863481998443604,693
1.1887402534484863,692
1.1911239624023438,691
1.2027132511138916,690
1.2069780826568604,689
1.212156057357788,688
1.215951919555664,687
1.2200489044189453,686
1.2224750518798828,685
1.2249958515167236,684
1.2274892330169678,683
1.2357101440429688,682
1.2381319999694824,681
1.2405309677124023,680
1.246711254119873,679
1.25626802444458,678
1.2586419582366943,677
1.2610383033752441,676
1.2634141445159912,675
1.2676191329956055,674
1.2716350555419922,673
1.2804412841796875,672
1.2963380813598633,671
1.3188092708587646,670
1.3211760520935059,669
1.3250949382781982,668
1.3365819454193115,667
1.3529951572418213,666
1.355457067489624,665
1.36076021194458,664
1.3680322170257568,663
1.3734259605407715,662
1.3801500797271729,661
1.3825321197509766,660
1.3880841732025146,659
1.3966541290283203,658
1.424452304840088,657
1.4391469955444336,656
1.4415602684020996,655
1.4592721462249756,654
1.462806224822998,653
1.4714651107788086,652
1.4738590717315674,651
1.4785170555114746,650
1.4863612651824951,649
1.500878095626831,648
1.5032641887664795,647
1.5069708824157715,646
1.5093719959259033,645
1.5134449005126953,644
1.519543170928955,643
1.5219690799713135,642
1.5437750816345215,641
1.5655670166015625,640
1.57682204246521,639
1.5910120010375977,638
1.6238250732421875,637
1.6520562171936035,636
1.6560120582580566,635
1.681941032409668,634
1.7182540893554688,633
1.7218730449676514,632
1.7263360023498535,631
1.7434930801391602,630
1.760749101638794,629
1.7826509475708008,628
1.8007690906524658,627
1.8042309284210205,626
1.8547132015228271,625
1.86116623878479,624
1.876824140548706,623
1.9431040287017822,622
