0.0,54510
8.61889100074768,789
8.619431018829346,788
8.6194589138031,787
8.645112037658691,782
8.645129919052124,781
8.645190954208374,780
8.645205974578857,779
8.64526891708374,778
8.645297050476074,777
8.647241115570068,776
8.647393941879272,775
8.647615909576416,774
8.647677183151245,773
8.647799968719482,772
8.648706912994385,771
8.64969801902771,770
8.671924829483032,769
8.672038078308105,768
8.672077894210815,767
8.6754629611969,766
8.6754789352417,765
8.67569899559021,764
8.706830978393555,763
8.710378885269165,762
8.711003065109253,761
8.71101713180542,760
8.711030960083008,759
8.71116304397583,758
8.711292028427124,757
8.71157193183899,756
8.711599111557007,755
8.71257209777832,754
8.71290111541748,753
8.713056802749634,752
8.713651180267334,751
8.717251062393188,750
8.717588901519775,749
8.717629194259644,748
8.717665910720825,747
8.717679977416992,746
8.732532978057861,745
8.732573986053467,744
8.754502058029175,743
8.754643201828003,742
8.754852056503296,741
8.754876136779785,740
8.768969058990479,739
8.769041061401367,738
8.770342111587524,737
8.770367860794067,736
8.770416975021362,735
8.771276950836182,734
8.771303176879883,733
8.771363019943237,732
8.771804094314575,731
8.771842956542969,730
8.773015022277832,729
8.78258490562439,728
8.782657861709595,727
8.782695055007935,726
8.782742977142334,725
8.78288197517395,724
8.782907009124756,723
8.787710905075073,722
8.787853002548218,721
8.787902116775513,720
8.787986040115356,719
8.788012027740479,718
8.814998865127563,717
8.815038919448853,716
8.815574884414673,715
8.815701961517334,714
8.815830945968628,713
8.815962076187134,712
8.816441059112549,711
8.821222066879272,710
8.821545839309692,709
8.826133966445923,708
8.826183080673218,707
8.827783107757568,706
8.828390121459961,705
8.82866096496582,704
8.829182147979736,703
8.8298499584198,702
8.83004903793335,701
8.830153942108154,700
8.841350078582764,699
8.841377019882202,698
8.845715761184692,697
8.845789194107056,696
8.845870971679688,695
8.846014976501465,694
8.855808973312378,693
8.856281042098999,692
8.856744050979614,691
8.85685110092163,690
8.856903076171875,689
8.857503890991211,688
8.857656002044678,687
8.857705116271973,686
8.857962846755981,685
8.857976913452148,684
8.858566999435425,683
8.85877799987793,682
8.858826875686646,681
8.859180927276611,680
8.859354019165039,679
8.859450101852417,678
8.868841886520386,677
8.873194932937622,676
8.873357057571411,675
8.873663902282715,674
8.87391996383667,673
8.895273923873901,672
8.89538288116455,671
8.896062850952148,670
8.896100044250488,669
8.896173000335693,668
8.896322965621948,667
8.896430015563965,666
8.896443128585815,665
8.89857816696167,664
8.898638010025024,663
8.898857831954956,662
8.904422044754028,661
8.905224084854126,660
8.906793117523193,659
8.90689992904663,658
8.907227039337158,657
8.907875061035156,656
8.907969951629639,655
8.908005952835083,654
8.912723064422607,653
8.924789905548096,652
8.924991846084595,651
8.92715311050415,650
8.927378177642822,649
8.928887844085693,648
8.929062128067017,647
8.929293870925903,646
8.96277117729187,645
8.962993144989014,644
8.968055009841919,643
8.968937873840332,642
8.9806969165802,641
8.990844011306763,640
8.991006851196289,639
8.991422891616821,638
9.001204013824463,637
9.002806901931763,636
9.013391971588135,635
9.014393091201782,634
9.023805141448975,633
9.047456979751587,632
9.049679040908813,631
9.049940824508667,630
9.050973176956177,629
9.052433013916016,628
9.059751033782959,627
