7.152557373046875e-07,157510
49.41022491455078,4696
49.410486936569214,4695
49.414453744888306,4694
49.418051958084106,4693
49.419190883636475,4692
49.420063972473145,4691
49.46460199356079,4690
49.46662092208862,4689
49.468369007110596,4688
49.468788146972656,4687
49.470590114593506,4686
49.471014976501465,4685
49.47150993347168,4684
49.474254846572876,4683
49.47649097442627,4682
49.477437019348145,4681
49.4777250289917,4680
49.478285789489746,4679
49.478708028793335,4678
49.48319387435913,4677
49.483574867248535,4676
49.484365940093994,4675
49.48451113700867,4674
49.48805212974548,4673
49.489619970321655,4672
49.48973798751831,4671
49.4922399520874,4670
49.495638847351074,4669
49.49756193161011,4668
49.49880003929138,4667
49.49965977668762,4666
49.50154685974121,4665
49.50167894363403,4664
49.504563093185425,4663
49.50845193862915,4662
49.509848833084106,4661
49.52122402191162,4660
49.5215048789978,4659
49.523123025894165,4658
49.523852825164795,4657
49.523985862731934,4656
49.52538990974426,4655
49.52716302871704,4654
49.527889013290405,4653
49.528517961502075,4652
49.52894902229309,4651
49.530022859573364,4650
49.53037691116333,4649
49.53241682052612,4648
49.53416395187378,4647
49.53523373603821,4646
49.53660798072815,4645
49.537163734436035,4644
49.53800892829895,4643
49.54216289520264,4642
49.54288697242737,4641
49.544230937957764,4640
49.54452300071716,4639
49.54480791091919,4638
49.548173904418945,4637
49.54836893081665,4636
49.54895281791687,4635
49.549798011779785,4634
49.5558180809021,4633
49.56644892692566,4632
49.56695294380188,4631
49.567156076431274,4630
49.56742310523987,4629
49.570266008377075,4628
49.57062792778015,4627
49.573269844055176,4626
49.60448503494263,4625
49.60528588294983,4624
49.605957984924316,4623
49.60702991485596,4622
49.60798501968384,4621
49.60980486869812,4620
49.61056184768677,4619
49.61803388595581,4618
49.618316888809204,4617
49.622917890548706,4616
49.62364077568054,4615
49.628888845443726,4614
49.631356954574585,4613
49.63170385360718,4612
49.63761901855469,4611
49.63804507255554,4610
49.63882780075073,4609
49.64183211326599,4608
49.64329409599304,4607
49.643863916397095,4606
49.64398503303528,4605
49.64687895774841,4604
49.64716100692749,4603
49.647727966308594,4602
49.64873194694519,4601
49.648929834365845,4600
49.656298875808716,4599
49.656872034072876,4598
49.657001972198486,4597
49.6576509475708,4596
49.66038680076599,4595
49.66111898422241,4594
49.66256809234619,4593
49.66527700424194,4592
49.679771900177,4591
49.68854308128357,4590
49.68964695930481,4589
49.69073295593262,4588
49.69085097312927,4587
49.69474697113037,4586
49.69510293006897,4585
49.695223808288574,4584
49.695754051208496,4583
49.69720792770386,4582
49.69808077812195,4581
49.70366811752319,4580
49.70486307144165,4579
49.70535898208618,4578
49.70745086669922,4577
49.70772886276245,4576
49.71613812446594,4575
49.71626615524292,4574
49.71787881851196,4573
49.72062397003174,4572
49.72175073623657,4571
49.721888065338135,4570
49.72219395637512,4569
49.72442388534546,4568
49.724782943725586,4567
49.72520208358765,4566
49.725483894348145,4565
49.72669506072998,4564
49.72732400894165,4563
49.727962017059326,4562
49.72995209693909,4561
49.73377180099487,4560
49.73424005508423,4559
49.734458923339844,4558
49.735962867736816,4557
49.73616909980774,4556
49.736448764801025,4555
49.737942934036255,4554
49.74418592453003,4553
49.74430298805237,4552
49.745810985565186,4551
49.746832847595215,4550
49.75609612464905,4549
49.756991147994995,4548
49.757344007492065,4547
49.766411781311035,4546
49.76722002029419,4545
49.76740598678589,4544
49.76936888694763,4543
49.76985692977905,4542
49.770646810531616,4541
49.77339506149292,4540
49.77361798286438,4539
49.77380895614624,4538
49.7739360332489,4537
49.77813386917114,4536
49.78410291671753,4535
49.78424096107483,4534
49.7852349281311,4533
49.78664207458496,4532
49.78769898414612,4531
49.78918790817261,4530
49.79018783569336,4529
49.790371894836426,4528
49.79472804069519,4527
49.794859886169434,4526
49.79544687271118,4525
49.795573711395264,4524
49.79847502708435,4523
49.79895997047424,4522
49.79907703399658,4521
49.799274921417236,4520
49.79939007759094,4519
49.80011296272278,4518
49.80485677719116,4517
49.80497193336487,4516
49.80633616447449,4515
49.808706760406494,4514
49.81053590774536,4513
49.81508994102478,4512
49.81637787818909,4511
49.81672191619873,4510
49.820640087127686,4509
49.82209587097168,4508
49.822582960128784,4507
49.82371687889099,4506
49.82476878166199,4505
49.82487988471985,4504
49.82508087158203,4503
49.82519793510437,4502
49.828152894973755,4501
49.830575942993164,4500
49.8310649394989,4499
49.83126401901245,4498
49.83160400390625,4497
49.83347702026367,4496
49.83359694480896,4495
49.83497500419617,4494
49.84847688674927,4493
49.848978996276855,4492
49.85785889625549,4491
49.85864782333374,4490
49.858991861343384,4489
49.85957479476929,4488
49.862622022628784,4487
49.86452579498291,4486
49.8647198677063,4485
49.865731954574585,4484
49.86663508415222,4483
49.86815595626831,4482
49.86892795562744,4481
49.86956596374512,4480
49.87033987045288,4479
49.87054395675659,4478
49.87161612510681,4477
49.87302494049072,4476
49.88218593597412,4475
49.8892240524292,4474
49.88980007171631,4473
49.8899929523468,4472
49.893226861953735,4471
49.89334487915039,4470
49.89418888092041,4469
49.895045042037964,4468
49.89541006088257,4467
49.89730787277222,4466
49.90316987037659,4465
49.905694007873535,4464
49.90628790855408,4463
49.90708303451538,4462
49.90912485122681,4461
49.91436195373535,4460
49.91489100456238,4459
49.917377948760986,4458
49.918704986572266,4457
49.919365882873535,4456
49.92026400566101,4455
49.92240071296692,4454
49.92304587364197,4453
49.923746824264526,4452
49.9270339012146,4451
49.931391954422,4450
49.93159794807434,4449
49.933430910110474,4448
49.93924689292908,4447
49.94173502922058,4446
49.94326305389404,4445
49.94526982307434,4444
49.94539785385132,4443
49.946167945861816,4442
49.94782495498657,4441
49.949930906295776,4440
49.95916986465454,4439
49.969369888305664,4438
49.969491958618164,4437
49.9726779460907,4436
49.97813582420349,4435
49.98527193069458,4434
49.98681616783142,4433
49.987491846084595,4432
49.987772941589355,4431
49.98791313171387,4430
49.99218797683716,4429
49.99268579483032,4428
49.993045806884766,4427
49.993237018585205,4426
49.99795484542847,4425
49.99932408332825,4424
50.00259590148926,4423
50.00825595855713,4422
50.011271953582764,4421
50.012709856033325,4420
50.01657509803772,4419
50.017701864242554,4418
50.01790976524353,4417
50.01857113838196,4416
50.01884603500366,4415
50.02577996253967,4414
50.02606177330017,4413
50.035703897476196,4412
50.035905838012695,4411
50.036728858947754,4410
50.052419900894165,4409
50.05254793167114,4408
50.06027698516846,4407
50.066323041915894,4406
50.07615900039673,4405
50.07707500457764,4404
50.07873296737671,4403
50.080382108688354,4402
50.08208179473877,4401
50.085691928863525,4400
50.086392879486084,4399
50.086668968200684,4398
50.088139057159424,4397
50.09076690673828,4396
50.09096574783325,4395
50.092241048812866,4394
50.09266805648804,4393
50.09278893470764,4392
50.10335898399353,4391
50.10503888130188,4390
50.116843938827515,4389
50.118854999542236,4388
50.11977672576904,4387
50.125109910964966,4386
50.12639403343201,4385
50.12751078605652,4384
50.1307909488678,4383
50.13242292404175,4382
50.1401789188385,4381
50.14461874961853,4380
50.14692997932434,4379
50.14748811721802,4378
50.151185035705566,4377
50.154650926589966,4376
50.155547857284546,4375
50.16435480117798,4374
50.16524815559387,4373
50.168116092681885,4372
50.169414043426514,4371
50.17215085029602,4370
50.17234992980957,4369
50.172959089279175,4368
50.18859100341797,4367
50.191636085510254,4366
50.199307918548584,4365
50.20047092437744,4364
50.20301294326782,4363
50.211272954940796,4362
50.21532392501831,4361
50.222790002822876,4360
50.224682092666626,4359
50.22939395904541,4358
50.242613077163696,4357
50.246829986572266,4356
50.247105836868286,4355
50.254677057266235,4354
50.25917291641235,4353
50.26205611228943,4352
50.26620817184448,4351
50.27209401130676,4350
50.27814292907715,4349
50.27958798408508,4348
50.28185796737671,4347
50.282649993896484,4346
50.29813098907471,4345
50.3065869808197,4344
50.30846285820007,4343
50.31004977226257,4342
50.32076811790466,4341
50.33413577079773,4340
50.336814880371094,4339
50.33873891830444,4338
50.34061598777771,4337
50.34191584587097,4336
50.34504795074463,4335
50.34874892234802,4334
50.3601188659668,4333
50.36048483848572,4332
50.36947703361511,4331
50.372469902038574,4330
50.373370885849,4329
50.3762629032135,4328
50.381120920181274,4327
50.384429931640625,4326
50.38901901245117,4325
50.394938945770264,4324
50.402596950531006,4323
50.41448187828064,4322
50.41605472564697,4321
50.41808795928955,4320
50.41986799240112,4319
50.42372798919678,4318
50.42528700828552,4317
50.43402099609375,4316
50.43458700180054,4315
50.437238931655884,4314
50.44226002693176,4313
50.443915128707886,4312
50.44581198692322,4311
50.44682288169861,4310
50.448014974594116,4309
50.44975185394287,4308
50.45309805870056,4307
50.459092140197754,4306
50.46458888053894,4305
50.47693395614624,4304
50.4781699180603,4303
50.47947716712952,4302
50.48087692260742,4301
50.48607277870178,4300
50.4873149394989,4299
50.49269390106201,4298
50.49423599243164,4297
50.495330810546875,4296
50.49857997894287,4295
50.50612783432007,4294
50.50655388832092,4293
50.511435747146606,4292
50.51800513267517,4291
50.531506061553955,4290
50.53339600563049,4289
50.53463792800903,4288
50.53631806373596,4287
50.54270696640015,4286
50.55113887786865,4285
50.55149793624878,4284
50.56499791145325,4283
50.56513500213623,4282
50.57961988449097,4281
50.581223011016846,4280
50.58819890022278,4279
50.59280490875244,4278
50.59683895111084,4277
50.60610580444336,4276
50.61078190803528,4275
50.611279010772705,4274
50.612162828445435,4273
50.61859583854675,4272
50.63288688659668,4271
50.635637044906616,4270
50.638678789138794,4269
50.642273902893066,4268
50.65303897857666,4267
50.65531301498413,4266
50.658324003219604,4265
50.65998387336731,4264
50.666827917099,4263
50.67776012420654,4262
50.685214042663574,4261
50.69554376602173,4260
50.69951796531677,4259
50.733691930770874,4258
50.73900890350342,4257
50.74142384529114,4256
50.75065088272095,4255
50.75273776054382,4254
50.76012992858887,4253
50.76800799369812,4252
50.77351498603821,4251
50.77714705467224,4250
50.77743196487427,4249
50.779890060424805,4248
50.78377103805542,4247
50.795345067977905,4246
50.807323932647705,4245
50.81897783279419,4244
50.82540798187256,4243
50.85914897918701,4242
50.870378732681274,4241
50.8707480430603,4240
50.87283682823181,4239
50.88036584854126,4238
50.916101932525635,4237
50.933061838150024,4236
50.940146923065186,4235
50.9599130153656,4234
50.964300870895386,4233
50.97582197189331,4232
51.01033878326416,4231
51.01248908042908,4230
51.01801514625549,4229
51.02909183502197,4228
51.043293952941895,4227
51.0481219291687,4226
51.056938886642456,4225
51.065141916275024,4224
51.06541395187378,4223
51.06957292556763,4222
51.08795881271362,4221
51.08956813812256,4220
51.095738887786865,4219
51.09624099731445,4218
51.098384857177734,4217
51.09859490394592,4216
51.099936723709106,4215
51.11210608482361,4214
51.15224575996399,4213
51.159199953079224,4212
51.165217876434326,4211
51.1782329082489,4210
51.17842102050781,4209
51.18813490867615,4208
51.191314935684204,4207
51.1942400932312,4206
51.231199979782104,4205
51.266371965408325,4204
51.32983469963074,4203
51.36319899559021,4202
51.36831188201904,4201
51.37801504135132,4200
51.38378596305847,4199
51.38507890701294,4198
51.441303968429565,4197
51.47740602493286,4196
51.48911809921265,4195
51.492368936538696,4194
51.50221085548401,4193
51.53912091255188,4192
51.58190894126892,4191
51.59694981575012,4190
51.63047695159912,4189
51.668792963027954,4188
51.669328927993774,4187
51.6750590801239,4186
51.704994916915894,4185
51.71894097328186,4184
51.72300696372986,4183
51.73330116271973,4182
51.82504200935364,4181
51.83359503746033,4180
51.89370775222778,4179
51.93967914581299,4178
51.96178889274597,4177
52.00769114494324,4176
52.02967190742493,4175
52.04639911651611,4174
52.38291788101196,4173
52.44484996795654,4172
52.75601005554199,4171
54.17313480377197,4170
