0.0,157510
46.37259078025818,5016
46.3743040561676,5015
46.37459206581116,5014
46.37639880180359,5013
46.37836694717407,5012
46.3784818649292,5011
46.37944507598877,5010
46.38067698478699,5009
46.38081097602844,5008
46.38115692138672,5007
46.38194680213928,5006
46.38301086425781,5005
46.3845329284668,5004
46.38711500167847,5003
46.387229919433594,5002
46.39169788360596,5001
46.391833782196045,5000
46.392815828323364,4999
46.39294099807739,4998
46.39305591583252,4997
46.39324998855591,4996
46.39375114440918,4995
46.4057731628418,4994
46.406986951828,4993
46.40748190879822,4992
46.40759611129761,4991
46.40778183937073,4990
46.411731004714966,4989
46.411844968795776,4988
46.41251993179321,4987
46.412638902664185,4986
46.413058042526245,4985
46.421146869659424,4984
46.423046827316284,4983
46.424663066864014,4982
46.424999952316284,4981
46.425780057907104,4980
46.42596197128296,4979
46.42639994621277,4978
46.4277720451355,4977
46.43111705780029,4976
46.431845903396606,4975
46.43212080001831,4974
46.432321071624756,4973
46.44444394111633,4972
46.445794105529785,4971
46.44620394706726,4970
46.44663095474243,4969
46.447787046432495,4968
46.448352098464966,4967
46.44987916946411,4966
46.45036005973816,4965
46.45055103302002,4964
46.451338052749634,4963
46.45354509353638,4962
46.45395588874817,4961
46.45524597167969,4960
46.45703887939453,4959
46.457314014434814,4958
46.45743703842163,4957
46.45801401138306,4956
46.458791971206665,4955
46.45927715301514,4954
46.45939302444458,4953
46.462316036224365,4952
46.463557958602905,4951
46.46466398239136,4950
46.47163200378418,4949
46.49025297164917,4948
46.49066185951233,4947
46.490859031677246,4946
46.490967988967896,4945
46.491146087646484,4944
46.49148607254028,4943
46.49271082878113,4942
46.493048906326294,4941
46.49525189399719,4940
46.49968600273132,4939
46.50003504753113,4938
46.50051689147949,4937
46.50446796417236,4936
46.50554919242859,4935
46.50854778289795,4934
46.50865316390991,4933
46.509084939956665,4932
46.50957489013672,4931
46.51012897491455,4930
46.5126748085022,4929
46.519957065582275,4928
46.523998975753784,4927
46.525155782699585,4926
46.52715611457825,4925
46.530279874801636,4924
46.53240394592285,4923
46.535045862197876,4922
46.535160779953,4921
46.53702712059021,4920
46.53830289840698,4919
46.54069900512695,4918
46.54148507118225,4917
46.541789054870605,4916
46.542704820632935,4915
46.54283285140991,4914
46.54349493980408,4913
46.54408597946167,4912
46.544289112091064,4911
46.54554295539856,4910
46.547810792922974,4909
46.548372983932495,4908
46.5492639541626,4907
46.549391984939575,4906
46.54990196228027,4905
46.55002284049988,4904
46.55043888092041,4903
46.55055284500122,4902
46.55082988739014,4901
46.55232381820679,4900
46.552603006362915,4899
46.552855014801025,4898
46.57830500602722,4897
46.579647064208984,4896
46.58028697967529,4895
46.5805561542511,4894
46.58187198638916,4893
46.58280301094055,4892
46.58294892311096,4891
46.583431005477905,4890
46.58662414550781,4889
46.58682084083557,4888
46.58733010292053,4887
46.58808088302612,4886
46.591928005218506,4885
46.59246802330017,4884
46.593979835510254,4883
46.594451904296875,4882
46.596128940582275,4881
46.60285401344299,4880
46.603480100631714,4879
46.60530996322632,4878
46.60706686973572,4877
46.62682294845581,4876
46.62740397453308,4875
46.628061056137085,4874
46.62889099121094,4873
46.63028407096863,4872
46.63040494918823,4871
46.63060998916626,4870
46.63136386871338,4869
46.634567975997925,4868
46.63490414619446,4867
46.63502097129822,4866
46.63582181930542,4865
46.63616991043091,4864
46.63666796684265,4863
46.637075901031494,4862
46.6448609828949,4861
46.646738052368164,4860
46.6484739780426,4859
46.649516105651855,4858
46.65047097206116,4857
46.65058398246765,4856
46.65069007873535,4855
46.65150284767151,4854
46.65709900856018,4853
46.65893602371216,4852
46.65948700904846,4851
46.65999102592468,4850
46.660775899887085,4849
46.660892963409424,4848
46.66148400306702,4847
46.6671838760376,4846
46.66918611526489,4845
46.67000889778137,4844
46.67019701004028,4843
46.671123027801514,4842
46.67268681526184,4841
46.675102949142456,4840
46.67605781555176,4839
46.67618680000305,4838
46.6777548789978,4837
46.67881798744202,4836
46.679572105407715,4835
46.68094182014465,4834
46.681060791015625,4833
46.68132996559143,4832
46.6838538646698,4831
46.68449115753174,4830
46.68489980697632,4829
46.6856529712677,4828
46.6864058971405,4827
46.68681883811951,4826
46.686951875686646,4825
46.688481092453,4824
46.688807010650635,4823
46.68922305107117,4822
46.69931197166443,4821
46.701303005218506,4820
46.70150303840637,4819
46.70163106918335,4818
46.702417850494385,4817
46.70252799987793,4816
46.70355296134949,4815
46.70560312271118,4814
46.70700812339783,4813
46.707119941711426,4812
46.70767903327942,4811
46.707947969436646,4810
46.708210945129395,4809
46.70854997634888,4808
46.70873975753784,4807
46.71252107620239,4806
46.71314311027527,4805
46.71613383293152,4804
46.71766996383667,4803
46.717926025390625,4802
46.71947193145752,4801
46.72152090072632,4800
46.72565293312073,4799
46.726704835891724,4798
46.72682976722717,4797
46.72764587402344,4796
46.728636026382446,4795
46.72934603691101,4794
46.72968602180481,4793
46.72995686531067,4792
46.735779762268066,4791
46.73729681968689,4790
46.73849701881409,4789
46.73870396614075,4788
46.741434812545776,4787
46.74220013618469,4786
46.742992877960205,4785
46.74785113334656,4784
46.74980592727661,4783
46.75967502593994,4782
46.76758098602295,4781
46.76799297332764,4780
46.769068002700806,4779
46.77048087120056,4778
46.77105784416199,4777
46.7721049785614,4776
46.78034210205078,4775
46.78821086883545,4774
46.789230823516846,4773
46.78957486152649,4772
46.790442943573,4771
46.79093599319458,4770
46.79270792007446,4769
46.79404020309448,4768
46.794764041900635,4767
46.794888973236084,4766
46.79758286476135,4765
46.79806184768677,4764
46.7991669178009,4763
46.80171179771423,4762
46.801902770996094,4761
46.802680015563965,4760
46.80308985710144,4759
46.80350112915039,4758
46.80383801460266,4757
46.804182052612305,4756
46.804726123809814,4755
46.8049259185791,4754
46.80517792701721,4753
46.80662202835083,4752
46.807125091552734,4751
46.80966091156006,4750
46.80993318557739,4749
46.81190896034241,4748
46.81329298019409,4747
46.81341791152954,4746
46.81470489501953,4745
46.824283838272095,4744
46.82478380203247,4743
46.824973821640015,4742
46.82558488845825,4741
46.826071977615356,4740
46.82635188102722,4739
46.82646608352661,4738
46.826647996902466,4737
46.83063292503357,4736
46.83075213432312,4735
46.83086180686951,4734
46.830971002578735,4733
46.83130979537964,4732
46.831514835357666,4731
46.83186483383179,4730
46.8322069644928,4729
46.832552909851074,4728
46.832958936691284,4727
46.83367204666138,4726
46.834802865982056,4725
46.83500289916992,4724
46.83548188209534,4723
46.83832287788391,4722
46.840338945388794,4721
46.84071207046509,4720
46.84134602546692,4719
46.84284496307373,4718
46.84563207626343,4717
46.84613299369812,4716
46.84646987915039,4715
46.854665994644165,4714
46.855818033218384,4713
46.85745096206665,4712
46.85817289352417,4711
46.85837006568909,4710
46.862735986709595,4709
46.86350893974304,4708
46.86645197868347,4707
46.86707305908203,4706
46.871031045913696,4705
46.87115812301636,4704
46.87183690071106,4703
46.87234902381897,4702
46.87462306022644,4701
46.87496495246887,4700
46.87608504295349,4699
46.87658190727234,4698
46.87763214111328,4697
46.88195300102234,4696
46.88231897354126,4695
46.88423299789429,4694
46.884883880615234,4693
46.892173051834106,4692
46.894948959350586,4691
46.895427942276,4690
46.89699697494507,4689
46.900822162628174,4688
46.901756048202515,4687
46.90194010734558,4686
46.9037549495697,4685
46.90499210357666,4684
46.905189990997314,4683
46.90605807304382,4682
46.9066219329834,4681
46.906901121139526,4680
46.90846276283264,4679
46.908819913864136,4678
46.911216020584106,4677
46.91134810447693,4676
46.91315698623657,4675
46.91350984573364,4674
46.914637088775635,4673
46.93987798690796,4672
46.94044804573059,4671
46.94438409805298,4670
46.94571495056152,4669
46.95006489753723,4668
46.95467281341553,4667
46.95529389381409,4666
46.95571303367615,4665
46.958986043930054,4664
46.959760904312134,4663
46.97506308555603,4662
46.975342988967896,4661
46.97573900222778,4660
46.97722101211548,4659
46.977880001068115,4658
46.978294134140015,4657
46.97847890853882,4656
46.97898983955383,4655
46.982861042022705,4654
46.983834981918335,4653
46.98629403114319,4652
46.989290952682495,4651
46.994524002075195,4650
46.99984788894653,4649
46.9999680519104,4648
47.001123905181885,4647
47.002968072891235,4646
47.0047390460968,4645
47.00570297241211,4644
47.026214838027954,4643
47.02692198753357,4642
47.02972388267517,4641
47.03052091598511,4640
47.03188109397888,4639
47.032001972198486,4638
47.03244996070862,4637
47.03820300102234,4636
47.03885197639465,4635
47.04011917114258,4634
47.04023599624634,4633
47.04119086265564,4632
47.04240584373474,4631
47.0433988571167,4630
47.05096888542175,4629
47.05203700065613,4628
47.05726599693298,4627
47.05739903450012,4626
47.06132102012634,4625
47.06198501586914,4624
47.06246781349182,4623
47.063552141189575,4622
47.0651650428772,4621
47.06536102294922,4620
47.07260608673096,4619
47.07345199584961,4618
47.07358193397522,4617
47.07384204864502,4616
47.07395100593567,4615
47.07451915740967,4614
47.07485294342041,4613
47.075055837631226,4612
47.075843811035156,4611
47.09364295005798,4610
47.096826791763306,4609
47.09809589385986,4608
47.09845685958862,4607
47.09949016571045,4606
47.09998393058777,4605
47.10053300857544,4604
47.10202097892761,4603
47.102503061294556,4602
47.104223012924194,4601
47.1047089099884,4600
47.10555386543274,4599
47.1069540977478,4598
47.107067823410034,4597
47.113389015197754,4596
47.11503005027771,4595
47.11618399620056,4594
47.11785817146301,4593
47.11871695518494,4592
47.126729011535645,4591
47.12896108627319,4590
47.129660844802856,4589
47.130281925201416,4588
47.133591175079346,4587
47.134685039520264,4586
47.13829517364502,4585
47.14043402671814,4584
47.14084577560425,4583
47.14281988143921,4582
47.14521908760071,4581
47.14741897583008,4580
47.14804792404175,4579
47.14823508262634,4578
47.14917612075806,4577
47.149301052093506,4576
47.15188694000244,4575
47.152605056762695,4574
47.15360379219055,4573
47.16272687911987,4572
47.163010120391846,4571
47.164461851119995,4570
47.16652178764343,4569
47.16775608062744,4568
47.17038297653198,4567
47.17206788063049,4566
47.17263388633728,4565
47.17524576187134,4564
47.17580485343933,4563
47.17592191696167,4562
47.178017139434814,4561
47.178359031677246,4560
47.179139137268066,4559
47.18012189865112,4558
47.18361711502075,4557
47.18776988983154,4556
47.19195294380188,4555
47.19335603713989,4554
47.19588899612427,4553
47.197574853897095,4552
47.20141291618347,4551
47.20271015167236,4550
47.20283079147339,4549
47.20765399932861,4548
47.20799994468689,4547
47.20812702178955,4546
47.211421966552734,4545
47.21284890174866,4544
47.21312212944031,4543
47.21353507041931,4542
47.21580696105957,4541
47.21757483482361,4540
47.21851897239685,4539
47.21956205368042,4538
47.220130920410156,4537
47.225106954574585,4536
47.22529888153076,4535
47.22573113441467,4534
47.22721004486084,4533
47.22869515419006,4532
47.22917604446411,4531
47.22936820983887,4530
47.23828315734863,4529
47.244051933288574,4528
47.2453989982605,4527
47.2456579208374,4526
47.24727702140808,4525
47.24855709075928,4524
47.24990701675415,4523
47.25059485435486,4522
47.251951932907104,4521
47.25685095787048,4520
47.259299755096436,4519
47.26245307922363,4518
47.27211904525757,4517
47.27239394187927,4516
47.27303719520569,4515
47.275070905685425,4514
47.277016162872314,4513
47.27744483947754,4512
47.27836608886719,4511
47.27855896949768,4510
47.279141902923584,4509
47.27949810028076,4508
47.28317189216614,4507
47.28487706184387,4506
47.29000186920166,4505
47.29206681251526,4504
47.292348861694336,4503
47.29428505897522,4502
47.29555678367615,4501
47.29668998718262,4500
47.29921889305115,4499
47.29956889152527,4498
47.30013179779053,4497
47.302040100097656,4496
47.30339193344116,4495
47.30474591255188,4494
47.30628681182861,4493
47.30655908584595,4492
47.307276010513306,4491
47.30975604057312,4490
47.31039786338806,4489
47.310659885406494,4488
47.312132835388184,4487
47.312320947647095,4486
47.31450390815735,4485
47.31626915931702,4484
47.3165488243103,4483
47.31936311721802,4482
47.319648027420044,4481
47.322230100631714,4480
47.32294988632202,4479
47.32444190979004,4478
47.32558584213257,4477
47.327653884887695,4476
47.32778596878052,4475
47.330294132232666,4474
47.33206391334534,4473
47.336791038513184,4472
47.3393030166626,4471
47.34773898124695,4470
47.348565101623535,4469
47.349783182144165,4468
47.35005283355713,4467
47.35018610954285,4466
47.350462913513184,4465
47.352010011672974,4464
47.3568058013916,4463
47.358078956604004,4462
47.35844087600708,4461
47.35907006263733,4460
47.35977506637573,4459
47.36067986488342,4458
47.36289381980896,4457
47.36481785774231,4456
47.36594104766846,4455
47.36629676818848,4454
47.37050914764404,4453
47.37093210220337,4452
47.371301889419556,4451
47.378445863723755,4450
47.38748383522034,4449
47.38806200027466,4448
47.409541845321655,4447
47.41360807418823,4446
47.41555094718933,4445
47.427973985672,4444
47.42861604690552,4443
47.429677963256836,4442
47.430606842041016,4441
47.43094992637634,4440
47.43136501312256,4439
47.43185305595398,4438
47.43213105201721,4437
47.43372178077698,4436
47.43383717536926,4435
47.43569588661194,4434
47.43597483634949,4433
47.437026023864746,4432
47.437145948410034,4431
47.438271045684814,4430
47.447657108306885,4429
47.448668003082275,4428
47.44900894165039,4427
47.45350003242493,4426
47.454285860061646,4425
47.468344926834106,4424
47.472007036209106,4423
47.473016023635864,4422
47.475295066833496,4421
47.47884392738342,4420
47.47912001609802,4419
47.48442816734314,4418
47.484710931777954,4417
47.48497700691223,4416
47.4856231212616,4415
47.48588705062866,4414
47.48639702796936,4413
47.48688101768494,4412
47.488616943359375,4411
47.489623069763184,4410
47.490744829177856,4409
47.491403102874756,4408
47.49441194534302,4407
47.495630979537964,4406
47.49783778190613,4405
47.49939680099487,4404
47.50010395050049,4403
47.50234913825989,4402
47.503068923950195,4401
47.505321979522705,4400
47.5057590007782,4399
47.50595307350159,4398
47.50987696647644,4397
47.51123094558716,4396
47.51324391365051,4395
47.51735782623291,4394
47.52123498916626,4393
47.52866578102112,4392
47.53255295753479,4391
47.533628940582275,4390
47.53436803817749,4389
47.53448987007141,4388
47.53558897972107,4387
47.53838896751404,4386
47.542484998703,4385
47.54275679588318,4384
47.54309415817261,4383
47.545245885849,4382
47.54709601402283,4381
47.553208112716675,4380
47.559890031814575,4379
47.562450885772705,4378
47.56805992126465,4377
47.57804489135742,4376
47.57882499694824,4375
47.5816969871521,4374
47.58189392089844,4373
47.58426594734192,4372
47.586174964904785,4371
47.59783983230591,4370
47.59843301773071,4369
47.60246396064758,4368
47.60718107223511,4367
47.61060190200806,4366
47.61152005195618,4365
47.61194610595703,4364
47.61359786987305,4363
47.61579704284668,4362
47.616504192352295,4361
47.61860799789429,4360
47.62274479866028,4359
47.62330508232117,4358
47.62444710731506,4357
47.63795590400696,4356
47.64021396636963,4355
47.6412250995636,4354
47.64611482620239,4353
47.650532960891724,4352
47.65241098403931,4351
47.65399408340454,4350
47.65455889701843,4349
47.655011892318726,4348
47.655734062194824,4347
47.65714907646179,4346
47.659497022628784,4345
47.66056203842163,4344
47.66320586204529,4343
47.668915033340454,4342
47.672199964523315,4341
47.674386978149414,4340
47.67559885978699,4339
47.67638397216797,4338
47.68202996253967,4337
47.68894004821777,4336
47.69341015815735,4335
47.7101628780365,4334
47.71153783798218,4333
47.71393013000488,4332
47.717122077941895,4331
47.72158193588257,4330
47.722105979919434,4329
47.72348999977112,4328
47.727757930755615,4327
47.728904008865356,4326
47.73240303993225,4325
47.734800815582275,4324
47.74108695983887,4323
47.7494170665741,4322
47.75235986709595,4321
47.75292897224426,4320
47.7544047832489,4319
47.76261305809021,4318
47.763694763183594,4317
47.764848947525024,4316
47.766915798187256,4315
47.76703691482544,4314
47.76724410057068,4313
47.769001960754395,4312
47.77222514152527,4311
47.77308797836304,4310
47.77764582633972,4309
47.77889680862427,4308
47.77924394607544,4307
47.78192114830017,4306
47.78870987892151,4305
47.80870199203491,4304
47.81413197517395,4303
47.822185039520264,4302
47.825459003448486,4301
47.83076596260071,4300
47.83886003494263,4299
47.83964800834656,4298
47.84485101699829,4297
47.845046043395996,4296
47.85650682449341,4295
47.86381483078003,4294
47.86681294441223,4293
47.87217998504639,4292
47.87901282310486,4291
47.88562989234924,4290
47.89043402671814,4289
47.89361906051636,4288
47.89644694328308,4287
47.9036009311676,4286
47.91683793067932,4285
47.92101001739502,4284
47.92128109931946,4283
47.92155599594116,4282
47.93260598182678,4281
47.936227798461914,4280
47.938573122024536,4279
47.96053099632263,4278
47.96691298484802,4277
47.97351098060608,4276
47.97996282577515,4275
47.989245891571045,4274
47.99375295639038,4273
47.99665904045105,4272
47.99982500076294,4271
48.00689101219177,4270
48.0196270942688,4269
48.02014899253845,4268
48.021074056625366,4267
48.02278780937195,4266
48.02348804473877,4265
48.0379741191864,4264
48.04259896278381,4263
48.04366898536682,4262
48.04716491699219,4261
48.05334782600403,4260
48.055954933166504,4259
48.065340995788574,4258
48.068171977996826,4257
48.06909704208374,4256
48.07265591621399,4255
48.07323098182678,4254
48.07402181625366,4253
48.080925941467285,4252
48.08417010307312,4251
48.08737802505493,4250
48.092568159103394,4249
48.10967993736267,4248
48.11381196975708,4247
48.13927984237671,4246
48.15171003341675,4245
48.1556339263916,4244
48.16269016265869,4243
48.187238931655884,4242
48.19478678703308,4241
48.215407848358154,4240
48.220381021499634,4239
48.22133779525757,4238
48.226200103759766,4237
48.23037075996399,4236
48.232162952423096,4235
48.233097076416016,4234
48.23669409751892,4233
48.25057792663574,4232
48.25271701812744,4231
48.261679887771606,4230
48.26194906234741,4229
48.27819490432739,4228
48.281147956848145,4227
48.298871994018555,4226
48.32847595214844,4225
48.33177709579468,4224
48.338605880737305,4223
48.351531982421875,4222
48.355905055999756,4221
48.36814284324646,4220
48.369544982910156,4219
48.37047982215881,4218
48.378190994262695,4217
48.383004903793335,4216
48.39199686050415,4215
48.39533019065857,4214
48.39644002914429,4213
48.4021258354187,4212
48.41041111946106,4211
48.41062617301941,4210
48.41118001937866,4209
48.42168092727661,4208
48.42959690093994,4207
48.43621206283569,4206
48.44044804573059,4205
48.4558641910553,4204
48.45724010467529,4203
48.45780801773071,4202
48.46052312850952,4201
48.463053941726685,4200
48.4655818939209,4199
48.476638078689575,4198
48.4959020614624,4197
48.52316188812256,4196
48.5431387424469,4195
48.55082607269287,4194
48.55331206321716,4193
48.55395007133484,4192
48.56844401359558,4191
48.57774496078491,4190
48.64601802825928,4189
48.64892077445984,4188
48.66810393333435,4187
48.68986487388611,4186
48.721266984939575,4185
48.73699474334717,4184
48.742412090301514,4183
48.743412017822266,4182
48.7603440284729,4181
48.77767086029053,4180
48.78769373893738,4179
48.790493965148926,4178
48.80573081970215,4177
48.86934304237366,4176
48.87529397010803,4175
48.884657859802246,4174
48.90425491333008,4173
48.906089067459106,4172
48.91049885749817,4171
48.91087102890015,4170
48.91797208786011,4169
48.93077301979065,4168
48.937084913253784,4167
48.95870113372803,4166
48.96650695800781,4165
48.991106033325195,4164
49.04720497131348,4163
49.07119393348694,4162
49.09139585494995,4161
49.10363698005676,4160
49.1045560836792,4159
49.234066009521484,4158
49.285784006118774,4157
49.30473613739014,4156
49.39462995529175,4155
49.401126861572266,4154
49.447006940841675,4153
49.594794034957886,4152
49.59827399253845,4151
49.61514186859131,4150
49.69662380218506,4149
49.69941687583923,4148
49.702253103256226,4147
49.78033113479614,4146
49.857388973236084,4145
49.90667486190796,4144
50.06100797653198,4143
50.3397159576416,4142
50.529139041900635,4141
50.5963499546051,4140
50.66013193130493,4139
