0.0,157510
47.56340408325195,4998
47.563570976257324,4997
47.5660343170166,4996
47.56707310676575,4995
47.568379163742065,4994
47.56863617897034,4993
47.569255113601685,4992
47.56937599182129,4991
47.57172513008118,4990
47.57645225524902,4989
47.57657027244568,4988
47.579586029052734,4987
47.57970094680786,4986
47.58046793937683,4985
47.580801010131836,4984
47.58170127868652,4983
47.58245921134949,4982
47.58264231681824,4981
47.58502721786499,4980
47.58514714241028,4979
47.58583903312683,4978
47.58923602104187,4977
47.58991098403931,4976
47.590312004089355,4975
47.59070324897766,4974
47.59192109107971,4973
47.592175245285034,4972
47.59242105484009,4971
47.592878103256226,4970
47.593722105026245,4969
47.59579610824585,4968
47.59590196609497,4967
47.596599102020264,4966
47.597350120544434,4965
47.59960126876831,4964
47.60009217262268,4963
47.61080598831177,4962
47.61492705345154,4961
47.61518907546997,4960
47.61551809310913,4959
47.61935520172119,4958
47.61983013153076,4957
47.63087797164917,4956
47.63405203819275,4955
47.63424897193909,4954
47.63450813293457,4953
47.6401891708374,4952
47.64086604118347,4951
47.64119291305542,4950
47.64130115509033,4949
47.6417760848999,4948
47.64402413368225,4947
47.66905212402344,4946
47.67152214050293,4945
47.679811000823975,4944
47.68000507354736,4943
47.680397033691406,4942
47.681299924850464,4941
47.70904016494751,4940
47.70939493179321,4939
47.7097270488739,4938
47.713618993759155,4937
47.722535133361816,4936
47.724205017089844,4935
47.72670531272888,4934
47.727328062057495,4933
47.72743821144104,4932
47.72790813446045,4931
47.72816801071167,4930
47.730879068374634,4929
47.74328804016113,4928
47.74398708343506,4927
47.744399070739746,4926
47.74643611907959,4925
47.74671220779419,4924
47.748483180999756,4923
47.74882507324219,4922
47.75180792808533,4921
47.75207018852234,4920
47.75291609764099,4919
47.754499197006226,4918
47.754969120025635,4917
47.75750112533569,4916
47.75776219367981,4915
47.75927019119263,4914
47.77220821380615,4913
47.774426221847534,4912
47.774749994277954,4911
47.77956819534302,4910
47.779906034469604,4909
47.782185077667236,4908
47.78370928764343,4907
47.78390407562256,4906
47.7857940196991,4905
47.78635811805725,4904
47.79762506484985,4903
47.79928803443909,4902
47.80061602592468,4901
47.80283498764038,4900
47.804163217544556,4899
47.81222605705261,4898
47.81234622001648,4897
47.81260323524475,4896
47.81278324127197,4895
47.81304907798767,4894
47.8132221698761,4893
47.81339693069458,4892
47.8143470287323,4891
47.81498312950134,4890
47.81510400772095,4889
47.815213203430176,4888
47.81795811653137,4887
47.81821799278259,4886
47.822911977767944,4885
47.823554039001465,4884
47.82411503791809,4883
47.826882123947144,4882
47.827004194259644,4881
47.83467507362366,4880
47.85044622421265,4879
47.8516161441803,4878
47.85260796546936,4877
47.85300397872925,4876
47.854187965393066,4875
47.85494112968445,4874
47.85949110984802,4873
47.86053204536438,4872
47.86085915565491,4871
47.86111903190613,4870
47.86168599128723,4869
47.867223024368286,4868
47.86798810958862,4867
47.868460178375244,4866
47.868648052215576,4865
47.869795083999634,4864
47.86990809440613,4863
47.87185311317444,4862
47.89630627632141,4861
47.90110516548157,4860
47.90143895149231,4859
47.904256105422974,4858
47.90596604347229,4857
47.90754318237305,4856
47.90965723991394,4855
47.909855127334595,4854
47.911410331726074,4853
47.915271282196045,4852
47.915383100509644,4851
47.91702914237976,4850
47.91758322715759,4849
47.91791796684265,4848
47.91831302642822,4847
47.92717123031616,4846
47.927850008010864,4845
47.92904496192932,4844
47.9305579662323,4843
47.933027029037476,4842
47.933722257614136,4841
47.93497610092163,4840
47.93707609176636,4839
47.94316601753235,4838
47.94451308250427,4837
47.944998264312744,4836
47.9480402469635,4835
47.948456048965454,4834
47.95320510864258,4833
47.953328132629395,4832
47.95373797416687,4831
47.955442905426025,4830
47.95998406410217,4829
47.96010398864746,4828
47.9608519077301,4827
47.96112322807312,4826
47.9624183177948,4825
47.96282696723938,4824
47.96301627159119,4823
47.97223496437073,4822
47.972360134124756,4821
47.9776451587677,4820
47.981051206588745,4819
47.98124694824219,4818
47.98339819908142,4817
47.98537015914917,4816
47.98571419715881,4815
47.989368200302124,4814
47.98992991447449,4813
47.99004602432251,4812
47.99015712738037,4811
47.99062514305115,4810
47.99095916748047,4809
47.99136519432068,4808
47.9934561252594,4807
47.993932008743286,4806
47.994205951690674,4805
48.00372910499573,4804
48.00485396385193,4803
48.007416009902954,4802
48.008379220962524,4801
48.011720180511475,4800
48.01198625564575,4799
48.01231908798218,4798
48.01250505447388,4797
48.01418495178223,4796
48.01458811759949,4795
48.015236139297485,4794
48.015353202819824,4793
48.01581907272339,4792
48.025171995162964,4791
48.028359174728394,4790
48.02953910827637,4789
48.03014802932739,4788
48.03034496307373,4787
48.030670166015625,4786
48.031026124954224,4785
48.03187417984009,4784
48.0322802066803,4783
48.032536029815674,4782
48.035749197006226,4781
48.03721594810486,4780
48.03739905357361,4779
48.049859046936035,4778
48.059946060180664,4777
48.06242108345032,4776
48.06345510482788,4775
48.06364417076111,4774
48.06485915184021,4773
48.065611124038696,4772
48.065935134887695,4771
48.069125175476074,4770
48.06924533843994,4769
48.06973123550415,4768
48.07072424888611,4767
48.071402072906494,4766
48.073084115982056,4765
48.07319116592407,4764
48.073891162872314,4763
48.07415699958801,4762
48.0756561756134,4761
48.07576608657837,4760
48.07702302932739,4759
48.07757306098938,4758
48.077759981155396,4757
48.0808162689209,4756
48.08222317695618,4755
48.0824089050293,4754
48.083158016204834,4753
48.08447527885437,4752
48.08523607254028,4751
48.08556413650513,4750
48.08753418922424,4749
48.08878421783447,4748
48.08910417556763,4747
48.0895721912384,4746
48.0972101688385,4745
48.09783411026001,4744
48.09803104400635,4743
48.09864616394043,4742
48.09975814819336,4741
48.09994697570801,4740
48.112582206726074,4739
48.112996101379395,4738
48.11447191238403,4737
48.114814043045044,4736
48.11514329910278,4735
48.11527609825134,4734
48.1156861782074,4733
48.11745095252991,4732
48.12000012397766,4731
48.12039804458618,4730
48.12623620033264,4729
48.12650012969971,4728
48.127395153045654,4727
48.12794899940491,4726
48.13072609901428,4725
48.131418228149414,4724
48.132036209106445,4723
48.13214898109436,4722
48.13366198539734,4721
48.13465905189514,4720
48.136297941207886,4719
48.13749027252197,4718
48.14284610748291,4717
48.14318108558655,4716
48.14543318748474,4715
48.14720892906189,4714
48.14889311790466,4713
48.14993095397949,4712
48.15062618255615,4711
48.157931089401245,4710
48.15877294540405,4709
48.16157793998718,4708
48.16176629066467,4707
48.164635181427,4706
48.16596508026123,4705
48.167975187301636,4704
48.16823196411133,4703
48.17071795463562,4702
48.171974182128906,4701
48.17411828041077,4700
48.17431616783142,4699
48.17471408843994,4698
48.17534017562866,4697
48.176162004470825,4696
48.17802119255066,4695
48.206650257110596,4694
48.20776391029358,4693
48.20794606208801,4692
48.208373069763184,4691
48.21674704551697,4690
48.21700620651245,4689
48.21799612045288,4688
48.218323945999146,4687
48.218438148498535,4686
48.21908617019653,4685
48.219919204711914,4684
48.220609188079834,4683
48.22071599960327,4682
48.22127103805542,4681
48.222167015075684,4680
48.22878098487854,4679
48.229180097579956,4678
48.22951030731201,4677
48.24229192733765,4676
48.24270009994507,4675
48.243441104888916,4674
48.24355411529541,4673
48.24366521835327,4672
48.24509000778198,4671
48.25485110282898,4670
48.267723083496094,4669
48.26784300804138,4668
48.27359318733215,4667
48.273996114730835,4666
48.274959087371826,4665
48.276018142700195,4664
48.27699828147888,4663
48.27816820144653,4662
48.27834916114807,4661
48.27845811843872,4660
48.27871799468994,4659
48.27975296974182,4658
48.28014898300171,4657
48.280407190322876,4656
48.285956144332886,4655
48.28988313674927,4654
48.295027017593384,4653
48.2952880859375,4652
48.29746723175049,4651
48.29795002937317,4650
48.3062641620636,4649
48.31055998802185,4648
48.31336712837219,4647
48.3139111995697,4646
48.31423902511597,4645
48.31615614891052,4644
48.31724810600281,4643
48.31807994842529,4642
48.3214910030365,4641
48.32175302505493,4640
48.324137926101685,4639
48.32740092277527,4638
48.32808232307434,4637
48.331746101379395,4636
48.33258390426636,4635
48.33480405807495,4634
48.33536100387573,4633
48.33619713783264,4632
48.337088108062744,4631
48.33720111846924,4630
48.33784508705139,4629
48.339335203170776,4628
48.34044313430786,4627
48.34105706214905,4626
48.34195518493652,4625
48.34207010269165,4624
48.34247016906738,4623
48.34858703613281,4622
48.34948921203613,4621
48.34995412826538,4620
48.35234808921814,4619
48.358540058135986,4618
48.358949184417725,4617
48.36233711242676,4616
48.36512303352356,4615
48.366796016693115,4614
48.3671350479126,4613
48.37567114830017,4612
48.3795530796051,4611
48.3799512386322,4610
48.38030409812927,4609
48.38127303123474,4608
48.381389141082764,4607
48.38165497779846,4606
48.38198399543762,4605
48.383455991744995,4604
48.38844108581543,4603
48.400527238845825,4602
48.40086507797241,4601
48.40133094787598,4600
48.4043710231781,4599
48.4088020324707,4598
48.409629344940186,4597
48.41198706626892,4596
48.41267418861389,4595
48.413435220718384,4594
48.41466212272644,4593
48.416658878326416,4592
48.41684603691101,4591
48.418150186538696,4590
48.419671058654785,4589
48.42496418952942,4588
48.42595720291138,4587
48.426066160202026,4586
48.428370237350464,4585
48.428789138793945,4584
48.43026614189148,4583
48.43087911605835,4582
48.430992126464844,4581
48.43169116973877,4580
48.432154178619385,4579
48.43262696266174,4578
48.43340516090393,4577
48.43467330932617,4576
48.43740916252136,4575
48.437801122665405,4574
48.43812823295593,4573
48.439266204833984,4572
48.43988823890686,4571
48.44141697883606,4570
48.441750049591064,4569
48.443572998046875,4568
48.443899154663086,4567
48.44480013847351,4566
48.44519925117493,4565
48.44588017463684,4564
48.45153832435608,4563
48.45272493362427,4562
48.4554979801178,4561
48.457035064697266,4560
48.45777606964111,4559
48.45831298828125,4558
48.4611451625824,4557
48.467419147491455,4556
48.470765113830566,4555
48.471522092819214,4554
48.4717800617218,4553
48.47374629974365,4552
48.47436308860779,4551
48.47608494758606,4550
48.477471113204956,4549
48.4834361076355,4548
48.484127044677734,4547
48.48543906211853,4546
48.486552000045776,4545
48.48710918426514,4544
48.48962092399597,4543
48.49059820175171,4542
48.495217084884644,4541
48.496127128601074,4540
48.49897503852844,4539
48.49916124343872,4538
48.50042414665222,4537
48.50117516517639,4536
48.50291919708252,4535
48.505428075790405,4534
48.50867295265198,4533
48.50913405418396,4532
48.509605169296265,4531
48.511258125305176,4530
48.51334309577942,4529
48.516108989715576,4528
48.51651406288147,4527
48.517181158065796,4526
48.518784046173096,4525
48.51982808113098,4524
48.52093315124512,4523
48.521340131759644,4522
48.52822399139404,4521
48.528489112854004,4520
48.53028416633606,4519
48.53069615364075,4518
48.533447265625,4517
48.53378510475159,4516
48.533966064453125,4515
48.53493022918701,4514
48.53746724128723,4513
48.53868317604065,4512
48.53917407989502,4511
48.54136800765991,4510
48.543917179107666,4509
48.54821300506592,4508
48.54839515686035,4507
48.54865002632141,4506
48.54937505722046,4505
48.55027914047241,4504
48.55038809776306,4503
48.551669120788574,4502
48.55468225479126,4501
48.558077335357666,4500
48.56666421890259,4499
48.5672070980072,4498
48.56970024108887,4497
48.57037901878357,4496
48.570493936538696,4495
48.571694135665894,4494
48.577776193618774,4493
48.57939314842224,4492
48.581478118896484,4491
48.58159422874451,4490
48.58424115180969,4489
48.584498167037964,4488
48.593414306640625,4487
48.59663724899292,4486
48.59711003303528,4485
48.59722113609314,4484
48.59778928756714,4483
48.59932518005371,4482
48.60122609138489,4481
48.60473108291626,4480
48.60512709617615,4479
48.606298208236694,4478
48.609636068344116,4477
48.61061191558838,4476
48.611433029174805,4475
48.613452196121216,4474
48.61497902870178,4473
48.615092039108276,4472
48.61535906791687,4471
48.61711406707764,4470
48.62114930152893,4469
48.62366008758545,4468
48.62520408630371,4467
48.62665605545044,4466
48.62684416770935,4465
48.64037203788757,4464
48.64226317405701,4463
48.64713501930237,4462
48.647398233413696,4461
48.647581338882446,4460
48.65066123008728,4459
48.650782108306885,4458
48.65138506889343,4457
48.657591104507446,4456
48.65968203544617,4455
48.66121315956116,4454
48.66280007362366,4453
48.665117263793945,4452
48.66674208641052,4451
48.667705059051514,4450
48.6680371761322,4449
48.67245531082153,4448
48.67271614074707,4447
48.67397212982178,4446
48.67459011077881,4445
48.67971706390381,4444
48.68047618865967,4443
48.68281698226929,4442
48.68624305725098,4441
48.68686008453369,4440
48.68832015991211,4439
48.701322078704834,4438
48.70238709449768,4437
48.704549074172974,4436
48.705249071121216,4435
48.705862283706665,4434
48.70727300643921,4433
48.714515924453735,4432
48.72060799598694,4431
48.722647190093994,4430
48.72326111793518,4429
48.72533416748047,4428
48.726593017578125,4427
48.728724002838135,4426
48.73004603385925,4425
48.7304470539093,4424
48.73287916183472,4423
48.73429608345032,4422
48.73671507835388,4421
48.740533113479614,4420
48.74205803871155,4419
48.746469259262085,4418
48.74923324584961,4417
48.75075006484985,4416
48.75144124031067,4415
48.751620054244995,4414
48.752047061920166,4413
48.75429606437683,4412
48.754759311676025,4411
48.75600004196167,4410
48.756399154663086,4409
48.756797313690186,4408
48.75824308395386,4407
48.76868200302124,4406
48.77396512031555,4405
48.77471995353699,4404
48.77811002731323,4403
48.778932094573975,4402
48.78322196006775,4401
48.78516912460327,4400
48.78877902030945,4399
48.79029703140259,4398
48.79237604141235,4397
48.79465913772583,4396
48.7948522567749,4395
48.795387268066406,4394
48.79550099372864,4393
48.79718518257141,4392
48.798869132995605,4391
48.79933428764343,4390
48.80000829696655,4389
48.80868411064148,4388
48.80909204483032,4387
48.8099730014801,4386
48.81037712097168,4385
48.812132120132446,4384
48.812819957733154,4383
48.81314516067505,4382
48.81459307670593,4381
48.81653928756714,4380
48.82286620140076,4379
48.823410987854004,4378
48.824989318847656,4377
48.84204697608948,4376
48.844229221343994,4375
48.848881244659424,4374
48.849852323532104,4373
48.85031509399414,4372
48.850802183151245,4371
48.85301613807678,4370
48.85433220863342,4369
48.85451412200928,4368
48.85728311538696,4367
48.85958123207092,4366
48.862157106399536,4365
48.86355209350586,4364
48.865341901779175,4363
48.865886926651,4362
48.86851930618286,4361
48.870402097702026,4360
48.87338209152222,4359
48.873640060424805,4358
48.87417912483215,4357
48.87485909461975,4356
48.878268241882324,4355
48.87999200820923,4354
48.88145208358765,4353
48.882190227508545,4352
48.88352417945862,4351
48.88601112365723,4350
48.88691210746765,4349
48.887163162231445,4348
48.89087796211243,4347
48.896223068237305,4346
48.900060176849365,4345
48.90165615081787,4344
48.90332221984863,4343
48.90427494049072,4342
48.908203125,4341
48.916930198669434,4340
48.91747999191284,4339
48.92038607597351,4338
48.92252588272095,4337
48.93261694908142,4336
48.93860197067261,4335
48.940781116485596,4334
48.9414541721344,4333
48.94284796714783,4332
48.94530510902405,4331
48.9490270614624,4330
48.95391631126404,4329
48.95649003982544,4328
48.96072220802307,4327
48.96773815155029,4326
48.968491077423096,4325
48.96890115737915,4324
48.97244310379028,4323
48.97320222854614,4322
48.97374415397644,4321
48.98310399055481,4320
48.98437309265137,4319
48.993468284606934,4318
48.994020223617554,4317
48.9995231628418,4316
49.00064992904663,4315
49.00285792350769,4314
49.0062792301178,4313
49.008349895477295,4312
49.009438037872314,4311
49.00954818725586,4310
49.02579092979431,4309
49.030917167663574,4308
49.03559398651123,4307
49.03671193122864,4306
49.041176080703735,4305
49.05296516418457,4304
49.05315828323364,4303
49.05703020095825,4302
49.05876398086548,4301
49.06430912017822,4300
49.068727016448975,4299
49.07528614997864,4298
49.075480222702026,4297
49.07798409461975,4296
49.09382128715515,4295
49.094789266586304,4294
49.097491979599,4293
49.10520815849304,4292
49.11182618141174,4291
49.113168239593506,4290
49.11781191825867,4289
49.12120294570923,4288
49.1260941028595,4287
49.12795329093933,4286
49.15098214149475,4285
49.15169405937195,4284
49.1554811000824,4283
49.1574342250824,4282
49.16051721572876,4281
49.16532611846924,4280
49.17353820800781,4279
49.17627000808716,4278
49.18037819862366,4277
49.180716037750244,4276
49.182931900024414,4275
49.19225311279297,4274
49.19411611557007,4273
49.19558024406433,4272
49.20082712173462,4271
49.202802896499634,4270
49.20785999298096,4269
49.209266901016235,4268
49.212498903274536,4267
49.21823000907898,4266
49.22506594657898,4265
49.22641897201538,4264
49.22654914855957,4263
49.228652000427246,4262
49.230714082717896,4261
49.25098490715027,4260
49.25118613243103,4259
49.2537682056427,4258
49.26254320144653,4257
49.26791501045227,4256
49.2701141834259,4255
49.27354598045349,4254
49.276464223861694,4253
49.302895069122314,4252
49.30324101448059,4251
49.317113161087036,4250
49.33091711997986,4249
49.33940315246582,4248
49.348281145095825,4247
49.349278926849365,4246
49.36292815208435,4245
49.36637592315674,4244
49.37642216682434,4243
49.3781361579895,4242
49.378257274627686,4241
49.378743171691895,4240
49.38966917991638,4239
49.392606019973755,4238
49.3930881023407,4237
49.39887714385986,4236
49.401246070861816,4235
49.40562605857849,4234
49.40744924545288,4233
49.40756607055664,4232
49.410147190093994,4231
49.41520404815674,4230
49.42365121841431,4229
49.42628192901611,4228
49.43565011024475,4227
49.43641495704651,4226
49.43703508377075,4225
49.44426107406616,4224
49.44612097740173,4223
49.454195976257324,4222
49.46730327606201,4221
49.469595193862915,4220
49.47417211532593,4219
49.480061292648315,4218
49.49986720085144,4217
49.50013017654419,4216
49.50789713859558,4215
49.529585123062134,4214
49.53575301170349,4213
49.54058909416199,4212
49.54365015029907,4211
49.55390405654907,4210
49.57086205482483,4209
49.572837114334106,4208
49.573479890823364,4207
49.59670400619507,4206
49.61591196060181,4205
49.63336801528931,4204
49.67038631439209,4203
49.68065094947815,4202
49.734894037246704,4201
49.742526054382324,4200
49.74711298942566,4199
49.77629208564758,4198
49.78930616378784,4197
49.793562173843384,4196
49.80754208564758,4195
49.81260800361633,4194
49.81594920158386,4193
49.81952214241028,4192
49.82862305641174,4191
49.856492042541504,4190
49.87989401817322,4189
49.88526701927185,4188
49.89625811576843,4187
49.898540019989014,4186
49.901740074157715,4185
49.90220594406128,4184
49.92339825630188,4183
49.950844287872314,4182
49.95501899719238,4181
49.973517179489136,4180
49.97572922706604,4179
49.984100103378296,4178
49.986199140548706,4177
49.98674416542053,4176
50.00075602531433,4175
50.01629900932312,4174
50.09124302864075,4173
50.11088418960571,4172
50.120076179504395,4171
50.13612103462219,4170
50.1434109210968,4169
50.17089629173279,4168
50.224010944366455,4167
50.22977304458618,4166
50.245803117752075,4165
50.275798082351685,4164
50.31549310684204,4163
50.34104609489441,4162
50.35822796821594,4161
50.3584201335907,4160
50.37910032272339,4159
50.44068908691406,4158
50.464807987213135,4157
50.57814121246338,4156
50.64651417732239,4155
50.64730501174927,4154
50.868767976760864,4153
51.04489231109619,4152
51.16490817070007,4151
51.29368233680725,4150
51.37026405334473,4149
51.39912819862366,4148
51.476577043533325,4147
51.58242988586426,4146
51.82495307922363,4145
51.93470001220703,4144
51.93954110145569,4143
51.99271011352539,4142
52.191463232040405,4141
52.99553823471069,4140
