0.0,157510
46.635353088378906,5078
46.63673996925354,5077
46.63831806182861,5076
46.638509035110474,5075
46.639283895492554,5074
46.640246868133545,5073
46.64757800102234,5072
46.647687911987305,5071
46.64852714538574,5070
46.65180420875549,5069
46.65807890892029,5068
46.658353090286255,5067
46.658544063568115,5066
46.65865111351013,5065
46.65997004508972,5064
46.66008806228638,5063
46.66133999824524,5062
46.6618390083313,5061
46.66225814819336,5060
46.669881105422974,5059
46.67338705062866,5058
46.67470407485962,5057
46.67589020729065,5056
46.676018953323364,5055
46.67843985557556,5054
46.67966294288635,5053
46.680081844329834,5052
46.68123006820679,5051
46.681949853897095,5050
46.68289399147034,5049
46.685861110687256,5048
46.686052083969116,5047
46.686463832855225,5046
46.68746995925903,5045
46.68875217437744,5044
46.68909311294556,5043
46.68936109542847,5042
46.69098687171936,5041
46.69124507904053,5040
46.69234800338745,5039
46.70908784866333,5038
46.70964694023132,5037
46.70990586280823,5036
46.710103034973145,5035
46.710216999053955,5034
46.71111178398132,5033
46.7116060256958,5032
46.719655990600586,5031
46.72977089881897,5030
46.73043084144592,5029
46.73784017562866,5028
46.73865604400635,5027
46.740962982177734,5026
46.74235701560974,5025
46.742697954177856,5024
46.74281096458435,5023
46.74341917037964,5022
46.74449396133423,5021
46.74467611312866,5020
46.74612498283386,5019
46.746610164642334,5018
46.74723505973816,5017
46.748191833496094,5016
46.750746965408325,5015
46.75095176696777,5014
46.75420093536377,5013
46.75511813163757,5012
46.756263971328735,5011
46.756680965423584,5010
46.757481813430786,5009
46.757675886154175,5008
46.75801110267639,5007
46.76018714904785,5006
46.76029300689697,5005
46.7606360912323,5004
46.761559009552,5003
46.76269507408142,5002
46.764034032821655,5001
46.76437282562256,5000
46.764776945114136,4999
46.76551604270935,4998
46.766684770584106,4997
46.768929958343506,4996
46.76905107498169,4995
46.76923990249634,4994
46.76995301246643,4993
46.77015280723572,4992
46.7708740234375,4991
46.771360874176025,4990
46.772512912750244,4989
46.7822048664093,4988
46.782318115234375,4987
46.78296113014221,4986
46.78888487815857,4985
46.78975200653076,4984
46.78986692428589,4983
46.791691064834595,4982
46.792311906814575,4981
46.794918060302734,4980
46.79583501815796,4979
46.79781913757324,4978
46.79823088645935,4977
46.79892182350159,4976
46.79947590827942,4975
46.79987406730652,4974
46.80101299285889,4973
46.80355715751648,4972
46.80526900291443,4971
46.809468030929565,4970
46.80966281890869,4969
46.80984592437744,4968
46.810773849487305,4967
46.81229209899902,4966
46.81932783126831,4965
46.821959018707275,4964
46.823922872543335,4963
46.825873136520386,4962
46.82628917694092,4961
46.82654309272766,4960
46.830119132995605,4959
46.83045291900635,4958
46.83124494552612,4957
46.8317449092865,4956
46.83201599121094,4955
46.83584403991699,4954
46.83873701095581,4953
46.83915996551514,4952
46.83934688568115,4951
46.8394730091095,4950
46.840425968170166,4949
46.8427209854126,4948
46.84328103065491,4947
46.84514403343201,4946
46.845332860946655,4945
46.84553289413452,4944
46.85280203819275,4943
46.853532791137695,4942
46.85372495651245,4941
46.854138135910034,4940
46.855437994003296,4939
46.855785846710205,4938
46.856040954589844,4937
46.858354806900024,4936
46.858469009399414,4935
46.85899305343628,4934
46.859196186065674,4933
46.85962200164795,4932
46.86444306373596,4931
46.864863872528076,4930
46.86526799201965,4929
46.865845918655396,4928
46.86961102485657,4927
46.86980605125427,4926
46.8700749874115,4925
46.870198011398315,4924
46.872220039367676,4923
46.873745918273926,4922
46.87416386604309,4921
46.87436008453369,4920
46.87721586227417,4919
46.87925100326538,4918
46.879441022872925,4917
46.88010001182556,4916
46.882752895355225,4915
46.88287687301636,4914
46.883617877960205,4913
46.88374090194702,4912
46.883857011795044,4911
46.88496994972229,4910
46.88508200645447,4909
46.885436058044434,4908
46.88554382324219,4907
46.886948108673096,4906
46.88773012161255,4905
46.8891167640686,4904
46.88945293426514,4903
46.890520095825195,4902
46.89084601402283,4901
46.89097499847412,4900
46.891485929489136,4899
46.89219093322754,4898
46.89245796203613,4897
46.893298864364624,4896
46.89443922042847,4895
46.89883208274841,4894
46.89895009994507,4893
46.89975595474243,4892
46.901379108428955,4891
46.901715993881226,4890
46.90353202819824,4889
46.903806924819946,4888
46.90399408340454,4887
46.90567493438721,4886
46.90663504600525,4885
46.907114028930664,4884
46.90892004966736,4883
46.91438007354736,4882
46.91465377807617,4881
46.91484212875366,4880
46.91517686843872,4879
46.92707800865173,4878
46.9372079372406,4877
46.937551975250244,4876
46.93766403198242,4875
46.93777513504028,4874
46.93796181678772,4873
46.938153982162476,4872
46.93860101699829,4871
46.93916201591492,4870
46.940521001815796,4869
46.946192026138306,4868
46.948150873184204,4867
46.94968914985657,4866
46.95147490501404,4865
46.95210385322571,4864
46.95301008224487,4863
46.95342803001404,4862
46.95361399650574,4861
46.95469689369202,4860
46.95496487617493,4859
46.95585513114929,4858
46.95619511604309,4857
46.95715403556824,4856
46.95850706100464,4855
46.959665060043335,4854
46.96385192871094,4853
46.96396803855896,4852
46.964775800704956,4851
46.964898109436035,4850
46.96541404724121,4849
46.966257095336914,4848
46.96668100357056,4847
46.98042106628418,4846
46.98061680793762,4845
46.98529601097107,4844
46.98581504821777,4843
46.986624002456665,4842
46.98675203323364,4841
46.98694896697998,4840
46.9992790222168,4839
46.99942898750305,4838
46.99962592124939,4837
47.00100088119507,4836
47.00128197669983,4835
47.00568222999573,4834
47.00821399688721,4833
47.011322021484375,4832
47.0115270614624,4831
47.01581883430481,4830
47.01633596420288,4829
47.016602993011475,4828
47.01854205131531,4827
47.019598960876465,4826
47.01980686187744,4825
47.02059888839722,4824
47.020792961120605,4823
47.02560496330261,4822
47.046661138534546,4821
47.04708504676819,4820
47.04748797416687,4819
47.05395698547363,4818
47.05407190322876,4817
47.05426287651062,4816
47.05453300476074,4815
47.05464482307434,4814
47.05657911300659,4813
47.05677795410156,4812
47.057049036026,4811
47.05795979499817,4810
47.05824613571167,4809
47.05868697166443,4808
47.05990815162659,4807
47.060019969940186,4806
47.060527086257935,4805
47.06064701080322,4804
47.061068058013916,4803
47.0613329410553,4802
47.0623300075531,4801
47.06397891044617,4800
47.0642511844635,4799
47.07402491569519,4798
47.075817823410034,4797
47.07850003242493,4796
47.078688859939575,4795
47.07896280288696,4794
47.07915902137756,4793
47.07935881614685,4792
47.079756021499634,4791
47.07987093925476,4790
47.080175161361694,4789
47.082054138183594,4788
47.08275604248047,4787
47.08699011802673,4786
47.10143303871155,4785
47.10326600074768,4784
47.10338807106018,4783
47.10472893714905,4782
47.10500502586365,4781
47.1053409576416,4780
47.105623960494995,4779
47.106691122055054,4778
47.10689401626587,4777
47.1074538230896,4776
47.1075758934021,4775
47.10909581184387,4774
47.10979914665222,4773
47.11330199241638,4772
47.117218017578125,4771
47.1178879737854,4770
47.118024826049805,4769
47.121805906295776,4768
47.122215032577515,4767
47.123764991760254,4766
47.12439298629761,4765
47.124743938446045,4764
47.124858140945435,4763
47.12631392478943,4762
47.127074003219604,4761
47.13068890571594,4760
47.13365817070007,4759
47.1347119808197,4758
47.135271072387695,4757
47.13545489311218,4756
47.13938879966736,4755
47.14423394203186,4754
47.145024061203,4753
47.14513802528381,4752
47.14564609527588,4751
47.145774126052856,4750
47.14590620994568,4749
47.146328926086426,4748
47.16232109069824,4747
47.16261076927185,4746
47.16304612159729,4745
47.16404986381531,4744
47.16821813583374,4743
47.16842007637024,4742
47.17366075515747,4741
47.173919916152954,4740
47.174644947052,4739
47.18757700920105,4738
47.19066905975342,4737
47.19979214668274,4736
47.20015621185303,4735
47.20144987106323,4734
47.20263600349426,4733
47.20515298843384,4732
47.20578193664551,4731
47.205968141555786,4730
47.21086406707764,4729
47.211342096328735,4728
47.21310997009277,4727
47.214815855026245,4726
47.21575689315796,4725
47.21673107147217,4724
47.21706008911133,4723
47.21817708015442,4722
47.218611001968384,4721
47.218966007232666,4720
47.21916103363037,4719
47.21971607208252,4718
47.21997785568237,4717
47.220247983932495,4716
47.22423005104065,4715
47.22522687911987,4714
47.23479199409485,4713
47.23693895339966,4712
47.240118980407715,4711
47.24053192138672,4710
47.24081087112427,4709
47.24107003211975,4708
47.24234580993652,4707
47.243196964263916,4706
47.244417905807495,4705
47.244690895080566,4704
47.24496507644653,4703
47.245229959487915,4702
47.24712014198303,4701
47.24834609031677,4700
47.248849868774414,4699
47.249531984329224,4698
47.25154495239258,4697
47.25180697441101,4696
47.25329899787903,4695
47.25384187698364,4694
47.25598406791687,4693
47.25710415840149,4692
47.25921106338501,4691
47.26204586029053,4690
47.266090869903564,4689
47.267411947250366,4688
47.26811099052429,4687
47.26864981651306,4686
47.269243001937866,4685
47.27318811416626,4684
47.274369955062866,4683
47.27806782722473,4682
47.27961206436157,4681
47.28317308425903,4680
47.284290075302124,4679
47.28761100769043,4678
47.28828406333923,4677
47.290589809417725,4676
47.29080295562744,4675
47.29105997085571,4674
47.29245090484619,4673
47.292731046676636,4672
47.29610800743103,4671
47.29624605178833,4670
47.29841494560242,4669
47.3048198223114,4668
47.305870056152344,4667
47.30634689331055,4666
47.30795478820801,4665
47.30806803703308,4664
47.312668800354004,4663
47.31278395652771,4662
47.31492304801941,4661
47.31613802909851,4660
47.31709885597229,4659
47.318506956100464,4658
47.31960391998291,4657
47.31973695755005,4656
47.32000398635864,4655
47.320624113082886,4654
47.32201600074768,4653
47.32312893867493,4652
47.323314905166626,4651
47.32423281669617,4650
47.32442903518677,4649
47.3271689414978,4648
47.32836699485779,4647
47.33244299888611,4646
47.33270001411438,4645
47.3357150554657,4644
47.336395025253296,4643
47.33674383163452,4642
47.33713507652283,4641
47.33813285827637,4640
47.3384690284729,4639
47.3393189907074,4638
47.34145712852478,4637
47.34442591667175,4636
47.344773054122925,4635
47.346760988235474,4634
47.347678899765015,4633
47.35941815376282,4632
47.36076498031616,4631
47.360974073410034,4630
47.36123299598694,4629
47.36159896850586,4628
47.36329793930054,4627
47.36580491065979,4626
47.36800503730774,4625
47.36821389198303,4624
47.371100187301636,4623
47.37330603599548,4622
47.37372303009033,4621
47.37512707710266,4620
47.37540602684021,4619
47.37552309036255,4618
47.375792026519775,4617
47.37878179550171,4616
47.379425048828125,4615
47.37990713119507,4614
47.38018083572388,4613
47.38073492050171,4612
47.386175870895386,4611
47.38653111457825,4610
47.392138957977295,4609
47.39235711097717,4608
47.39246892929077,4607
47.39590096473694,4606
47.4000780582428,4605
47.411367893218994,4604
47.412014961242676,4603
47.414794921875,4602
47.415069818496704,4601
47.42463779449463,4600
47.42491388320923,4599
47.426289081573486,4598
47.43808889389038,4597
47.4383819103241,4596
47.43944501876831,4595
47.441328048706055,4594
47.44427490234375,4593
47.44477581977844,4592
47.44756197929382,4591
47.448285818099976,4590
47.450852155685425,4589
47.45626497268677,4588
47.45735001564026,4587
47.45765399932861,4586
47.458657026290894,4585
47.46235704421997,4584
47.46306395530701,4583
47.464000940322876,4582
47.46542406082153,4581
47.4663519859314,4580
47.467702865600586,4579
47.468332052230835,4578
47.47055196762085,4577
47.47217893600464,4576
47.47365593910217,4575
47.47559690475464,4574
47.47580695152283,4573
47.47898316383362,4572
47.48099613189697,4571
47.481788873672485,4570
47.482277154922485,4569
47.48427104949951,4568
47.48646283149719,4567
47.50018501281738,4566
47.50162887573242,4565
47.50219702720642,4564
47.50311803817749,4563
47.505385875701904,4562
47.506186962127686,4561
47.50829100608826,4560
47.508859157562256,4559
47.51014018058777,4558
47.51222085952759,4557
47.5141921043396,4556
47.514312982559204,4555
47.5185010433197,4554
47.51905703544617,4553
47.52070903778076,4552
47.52091383934021,4551
47.52721309661865,4550
47.52842688560486,4549
47.529372215270996,4548
47.53030800819397,4547
47.53072190284729,4546
47.53164196014404,4545
47.53362202644348,4544
47.54239892959595,4543
47.54290699958801,4542
47.54433512687683,4541
47.54668307304382,4540
47.547171115875244,4539
47.54728388786316,4538
47.548015117645264,4537
47.54885911941528,4536
47.548973083496094,4535
47.552748918533325,4534
47.55374503135681,4533
47.55393886566162,4532
47.55501699447632,4531
47.555577993392944,4530
47.55758213996887,4529
47.558640003204346,4528
47.55985188484192,4527
47.56055283546448,4526
47.562257051467896,4525
47.56274199485779,4524
47.567535161972046,4523
47.567811012268066,4522
47.56974792480469,4521
47.56995391845703,4520
47.57304000854492,4519
47.57372212409973,4518
47.57738900184631,4517
47.578346967697144,4516
47.57907700538635,4515
47.5802059173584,4514
47.583069801330566,4513
47.5842080116272,4512
47.58753204345703,4511
47.59736204147339,4510
47.59997200965881,4509
47.603374004364014,4508
47.60652995109558,4507
47.607311964035034,4506
47.61438989639282,4505
47.61480498313904,4504
47.61865496635437,4503
47.61902093887329,4502
47.62050700187683,4501
47.62738084793091,4500
47.630192041397095,4499
47.63047003746033,4498
47.631458044052124,4497
47.63235807418823,4496
47.632489919662476,4495
47.63560390472412,4494
47.63795614242554,4493
47.63912010192871,4492
47.63996601104736,4491
47.644899129867554,4490
47.6459698677063,4489
47.6464581489563,4488
47.65053200721741,4487
47.650869846343994,4486
47.65464210510254,4485
47.660446882247925,4484
47.66387915611267,4483
47.665854930877686,4482
47.66949915885925,4481
47.670801877975464,4480
47.681660890579224,4479
47.68313694000244,4478
47.68385410308838,4477
47.68397521972656,4476
47.68434500694275,4475
47.68840003013611,4474
47.68926501274109,4473
47.6932590007782,4472
47.70074486732483,4471
47.701627016067505,4470
47.70335507392883,4469
47.70627307891846,4468
47.707489013671875,4467
47.70977187156677,4466
47.71713900566101,4465
47.7182400226593,4464
47.718668937683105,4463
47.72159790992737,4462
47.72291803359985,4461
47.72327494621277,4460
47.72348093986511,4459
47.7239191532135,4458
47.73303198814392,4457
47.736486196517944,4456
47.73683190345764,4455
47.73789095878601,4454
47.739025831222534,4453
47.73964786529541,4452
47.74485182762146,4451
47.7465078830719,4450
47.748207092285156,4449
47.749074935913086,4448
47.74941897392273,4447
47.75404477119446,4446
47.75497794151306,4445
47.75724411010742,4444
47.75736999511719,4443
47.758342027664185,4442
47.75891184806824,4441
47.76117396354675,4440
47.76404094696045,4439
47.7680139541626,4438
47.769925117492676,4437
47.77060079574585,4436
47.771018981933594,4435
47.77113199234009,4434
47.77231788635254,4433
47.772737979888916,4432
47.774471044540405,4431
47.77678680419922,4430
47.778501987457275,4429
47.77869892120361,4428
47.78068995475769,4427
47.78103995323181,4426
47.78352499008179,4425
47.78394889831543,4424
47.78617000579834,4423
47.786590814590454,4422
47.786998987197876,4421
47.78712201118469,4420
47.787928104400635,4419
47.801743030548096,4418
47.80375909805298,4417
47.80452489852905,4416
47.806291818618774,4415
47.80991005897522,4414
47.81033205986023,4413
47.81335496902466,4412
47.81419587135315,4411
47.81510090827942,4410
47.81656503677368,4409
47.81697201728821,4408
47.81836199760437,4407
47.82066893577576,4406
47.82261800765991,4405
47.82288408279419,4404
47.82360219955444,4403
47.82670593261719,4402
47.8324830532074,4401
47.833028078079224,4400
47.833306074142456,4399
47.833930015563965,4398
47.8357629776001,4397
47.84158515930176,4396
47.84238409996033,4395
47.8449330329895,4394
47.848819971084595,4393
47.855555057525635,4392
47.85756301879883,4391
47.85868310928345,4390
47.85993695259094,4389
47.861490964889526,4388
47.86175799369812,4387
47.86342000961304,4386
47.86455297470093,4385
47.873594999313354,4384
47.873875856399536,4383
47.87787580490112,4382
47.87918782234192,4381
47.88262486457825,4380
47.88375997543335,4379
47.88466811180115,4378
47.88493990898132,4377
47.88548493385315,4376
47.88925886154175,4375
47.89106512069702,4374
47.891266107559204,4373
47.90747308731079,4372
47.90761113166809,4371
47.913301944732666,4370
47.91387319564819,4369
47.91840887069702,4368
47.920799016952515,4367
47.921276807785034,4366
47.92176413536072,4365
47.92661094665527,4364
47.92680287361145,4363
47.927072048187256,4362
47.93292498588562,4361
47.93628787994385,4360
47.93747091293335,4359
47.93824601173401,4358
47.943857192993164,4357
47.962364196777344,4356
47.9689519405365,4355
47.97079801559448,4354
47.97099804878235,4353
47.97194790840149,4352
47.9732940196991,4351
47.98713803291321,4350
47.98768901824951,4349
47.995975971221924,4348
48.008419036865234,4347
48.00853610038757,4346
48.009361028671265,4345
48.02735900878906,4344
48.027923822402954,4343
48.029335021972656,4342
48.030662059783936,4341
48.032289028167725,4340
48.03460097312927,4339
48.034876108169556,4338
48.03591012954712,4337
48.03760099411011,4336
48.039003133773804,4335
48.03962302207947,4334
48.04416298866272,4333
48.045578956604004,4332
48.05025887489319,4331
48.05349612236023,4330
48.05714297294617,4329
48.057271003723145,4328
48.058594942092896,4327
48.05878186225891,4326
48.061686992645264,4325
48.069618940353394,4324
48.06981801986694,4323
48.07425403594971,4322
48.07775902748108,4321
48.09114217758179,4320
48.09790897369385,4319
48.098759174346924,4318
48.10022282600403,4317
48.10134291648865,4316
48.10153603553772,4315
48.10196590423584,4314
48.11321496963501,4313
48.11763405799866,4312
48.12165188789368,4311
48.12370705604553,4310
48.12795686721802,4309
48.12980914115906,4308
48.131112813949585,4307
48.1330988407135,4306
48.138110876083374,4305
48.147732973098755,4304
48.14878296852112,4303
48.14986705780029,4302
48.15613007545471,4301
48.16398501396179,4300
48.1693549156189,4299
48.17281699180603,4298
48.18219208717346,4297
48.18290185928345,4296
48.18545413017273,4295
48.186010122299194,4294
48.197049140930176,4293
48.19775986671448,4292
48.199841022491455,4291
48.20111799240112,4290
48.20732593536377,4289
48.21218204498291,4288
48.21384286880493,4287
48.24777293205261,4286
48.25270485877991,4285
48.254140853881836,4284
48.26425385475159,4283
48.266491174697876,4282
48.27294993400574,4281
48.27315092086792,4280
48.28552794456482,4279
48.29347610473633,4278
48.29437804222107,4277
48.29616189002991,4276
48.30051398277283,4275
48.318952798843384,4274
48.32411789894104,4273
48.32431507110596,4272
48.33118796348572,4271
48.33283805847168,4270
48.34216809272766,4269
48.34278392791748,4268
48.35056781768799,4267
48.35314893722534,4266
48.356350898742676,4265
48.36745810508728,4264
48.37744092941284,4263
48.41704702377319,4262
48.42936110496521,4261
48.43489599227905,4260
48.435871839523315,4259
48.439966917037964,4258
48.448882818222046,4257
48.45222091674805,4256
48.46268701553345,4255
48.46454405784607,4254
48.47166299819946,4253
48.47314500808716,4252
48.47899389266968,4251
48.480387926101685,4250
48.48245406150818,4249
48.49743294715881,4248
48.50728893280029,4247
48.50871801376343,4246
48.51690697669983,4245
48.52752614021301,4244
48.54417896270752,4243
48.54651498794556,4242
48.549558877944946,4241
48.55415105819702,4240
48.55566096305847,4239
48.56208610534668,4238
48.563462018966675,4237
48.572657108306885,4236
48.573538064956665,4235
48.57424712181091,4234
48.57533311843872,4233
48.58719611167908,4232
48.60556101799011,4231
48.61200308799744,4230
48.616339921951294,4229
48.63916897773743,4228
48.66193890571594,4227
48.66991996765137,4226
48.67289900779724,4225
48.674638986587524,4224
48.67832279205322,4223
48.68443584442139,4222
48.68729496002197,4221
48.6917450428009,4220
48.69479179382324,4219
48.69492197036743,4218
48.70017194747925,4217
48.72895789146423,4216
48.72946310043335,4215
48.73418307304382,4214
48.73473405838013,4213
48.73647880554199,4212
48.73805785179138,4211
48.76014685630798,4210
48.76881718635559,4209
48.803916931152344,4208
48.81362199783325,4207
48.83394718170166,4206
48.84807300567627,4205
48.86280107498169,4204
48.878007888793945,4203
48.8884551525116,4202
48.90494203567505,4201
48.912933111190796,4200
48.916361808776855,4199
48.91993284225464,4198
48.92936897277832,4197
48.93082118034363,4196
48.99905705451965,4195
49.031639099121094,4194
49.038365840911865,4193
49.052772998809814,4192
49.07410502433777,4191
49.088059186935425,4190
49.09175491333008,4189
49.111496925354004,4188
49.12279391288757,4187
49.134840965270996,4186
49.14156794548035,4185
49.15360188484192,4184
49.191420793533325,4183
49.19270086288452,4182
49.19683289527893,4181
49.197904109954834,4180
49.198599100112915,4179
49.19974899291992,4178
49.20813202857971,4177
49.20834708213806,4176
49.22749090194702,4175
49.235990047454834,4174
49.254748821258545,4173
49.28495192527771,4172
49.30337595939636,4171
49.3407039642334,4170
49.36739182472229,4169
49.39237189292908,4168
49.41530799865723,4167
49.42733597755432,4166
49.469024896621704,4165
49.48833608627319,4164
49.57291793823242,4163
49.599725008010864,4162
49.609925985336304,4161
49.63496994972229,4160
49.64229702949524,4159
49.642436027526855,4158
49.65472722053528,4157
49.6592960357666,4156
49.81536293029785,4155
49.8560848236084,4154
49.867228984832764,4153
49.95157289505005,4152
49.966962814331055,4151
50.24817204475403,4150
50.2717649936676,4149
50.36490201950073,4148
50.4276659488678,4147
50.60606408119202,4146
50.73092079162598,4145
51.63928484916687,4144
