0.0,157510
48.99558711051941,4773
48.997920989990234,4772
49.000991106033325,4771
49.00682806968689,4770
49.019623041152954,4769
49.021464824676514,4768
49.02303910255432,4767
49.02470088005066,4766
49.02551889419556,4765
49.02564001083374,4764
49.02621388435364,4763
49.033353090286255,4762
49.03363299369812,4761
49.0338339805603,4760
49.034483909606934,4759
49.03496718406677,4758
49.035825967788696,4757
49.046159982681274,4756
49.04653000831604,4755
49.047232151031494,4754
49.047712087631226,4753
49.04834580421448,4752
49.049580097198486,4751
49.05039691925049,4750
49.05245804786682,4749
49.05422282218933,4748
49.055428981781006,4747
49.05611705780029,4746
49.05687403678894,4745
49.05707907676697,4744
49.05819511413574,4743
49.058398962020874,4742
49.060429096221924,4741
49.07385206222534,4740
49.073976039886475,4739
49.07689094543457,4738
49.09312605857849,4737
49.094027042388916,4736
49.09501385688782,4735
49.09514498710632,4734
49.097134828567505,4733
49.09755492210388,4732
49.09871006011963,4731
49.10115313529968,4730
49.102128982543945,4729
49.10306906700134,4728
49.10649299621582,4727
49.11254620552063,4726
49.112664222717285,4725
49.11293387413025,4724
49.11321997642517,4723
49.11607599258423,4722
49.11649799346924,4721
49.11699199676514,4720
49.11953592300415,4719
49.11998391151428,4718
49.12166094779968,4717
49.12229609489441,4716
49.122567892074585,4715
49.13598108291626,4714
49.13640308380127,4713
49.141680002212524,4712
49.14284086227417,4711
49.14560103416443,4710
49.146568059921265,4709
49.14675307273865,4708
49.15145993232727,4707
49.15165400505066,4706
49.152990102767944,4705
49.15552496910095,4704
49.15706205368042,4703
49.15746593475342,4702
49.15786910057068,4701
49.16003108024597,4700
49.162827014923096,4699
49.163172006607056,4698
49.16351914405823,4697
49.167447090148926,4696
49.16938304901123,4695
49.17153215408325,4694
49.17164182662964,4693
49.17214107513428,4692
49.172630071640015,4691
49.17435693740845,4690
49.175925970077515,4689
49.177326917648315,4688
49.17824387550354,4687
49.17930293083191,4686
49.17965912818909,4685
49.180803060531616,4684
49.18092608451843,4683
49.18331289291382,4682
49.18343901634216,4681
49.18410086631775,4680
49.18768787384033,4679
49.18964505195618,4678
49.20117211341858,4677
49.201390981674194,4676
49.20450401306152,4675
49.204694986343384,4674
49.20535397529602,4673
49.20556020736694,4672
49.20655798912048,4671
49.208240032196045,4670
49.20996308326721,4669
49.21104907989502,4668
49.211474895477295,4667
49.21302604675293,4666
49.21376323699951,4665
49.21458697319031,4664
49.23271894454956,4663
49.232932806015015,4662
49.23455595970154,4661
49.234670877456665,4660
49.23786902427673,4659
49.238763093948364,4658
49.23895788192749,4657
49.239734172821045,4656
49.24007606506348,4655
49.2453670501709,4654
49.246182918548584,4653
49.2516930103302,4652
49.25270676612854,4651
49.25390911102295,4650
49.25418496131897,4649
49.25896191596985,4648
49.2598979473114,4647
49.260940074920654,4646
49.26183104515076,4645
49.2626838684082,4644
49.26339411735535,4643
49.26516890525818,4642
49.26588010787964,4641
49.266151905059814,4640
49.266274213790894,4639
49.26713514328003,4638
49.268688917160034,4637
49.268945932388306,4636
49.26907300949097,4635
49.2699339389801,4634
49.27154588699341,4633
49.2719030380249,4632
49.273378133773804,4631
49.27951502799988,4630
49.279720067977905,4629
49.28701090812683,4628
49.288225173950195,4627
49.28843402862549,4626
49.28948998451233,4625
49.290627241134644,4624
49.291451930999756,4623
49.29231595993042,4622
49.30822706222534,4621
49.30873394012451,4620
49.30917191505432,4619
49.311554193496704,4618
49.3120641708374,4617
49.312413930892944,4616
49.31254506111145,4615
49.31302785873413,4614
49.32002806663513,4613
49.3224778175354,4612
49.32486414909363,4611
49.325226068496704,4610
49.32593894004822,4609
49.32627892494202,4608
49.331319093704224,4607
49.33167219161987,4606
49.336390018463135,4605
49.344146966934204,4604
49.344568967819214,4603
49.34568500518799,4602
49.34639286994934,4601
49.349315881729126,4600
49.34964990615845,4599
49.35170793533325,4598
49.35445499420166,4597
49.355469942092896,4596
49.35603213310242,4595
49.357949018478394,4594
49.3638699054718,4593
49.364222049713135,4592
49.36454796791077,4591
49.38221597671509,4590
49.3864221572876,4589
49.38700199127197,4588
49.387277126312256,4587
49.38840103149414,4586
49.39454793930054,4585
49.39475107192993,4584
49.39524507522583,4583
49.399296045303345,4582
49.4003050327301,4581
49.40051007270813,4580
49.403128147125244,4579
49.40566682815552,4578
49.405871868133545,4577
49.406054973602295,4576
49.40616202354431,4575
49.406277894973755,4574
49.40653395652771,4573
49.406936168670654,4572
49.4072699546814,4571
49.408517837524414,4570
49.41365694999695,4569
49.41549301147461,4568
49.41635990142822,4567
49.41690802574158,4566
49.417261838912964,4565
49.41846203804016,4564
49.4186692237854,4563
49.41938805580139,4562
49.420440912246704,4561
49.42237401008606,4560
49.42272591590881,4559
49.42386198043823,4558
49.425475120544434,4557
49.43038606643677,4556
49.43089199066162,4555
49.434414863586426,4554
49.43921113014221,4553
49.43942189216614,4552
49.440489053726196,4551
49.449122190475464,4550
49.4500150680542,4549
49.451075077056885,4548
49.45433306694031,4547
49.45540690422058,4546
49.455682039260864,4545
49.456098794937134,4544
49.45623207092285,4543
49.45718002319336,4542
49.457377195358276,4541
49.46307992935181,4540
49.46733593940735,4539
49.469913959503174,4538
49.47061800956726,4537
49.47217798233032,4536
49.47359108924866,4535
49.47425603866577,4534
49.47511291503906,4533
49.47596287727356,4532
49.4766001701355,4531
49.4807870388031,4530
49.48091387748718,4529
49.48182415962219,4528
49.48492503166199,4527
49.485880851745605,4526
49.48659682273865,4525
49.496941804885864,4524
49.497138023376465,4523
49.4985511302948,4522
49.50281095504761,4521
49.5189688205719,4520
49.51910400390625,4519
49.52938508987427,4518
49.530531883239746,4517
49.532207012176514,4516
49.535374879837036,4515
49.53641200065613,4514
49.53689980506897,4513
49.537017822265625,4512
49.53956413269043,4511
49.54371094703674,4510
49.54384398460388,4509
49.54573917388916,4508
49.546571016311646,4507
49.548097133636475,4506
49.54901313781738,4505
49.54996109008789,4504
49.55423593521118,4503
49.55670404434204,4502
49.557762145996094,4501
49.57190990447998,4500
49.577401876449585,4499
49.57910513877869,4498
49.58423900604248,4497
49.585582971572876,4496
49.586292028427124,4495
49.588173151016235,4494
49.58866596221924,4493
49.59758400917053,4492
49.597728967666626,4491
49.5981969833374,4490
49.598860025405884,4489
49.59986209869385,4488
49.600207805633545,4487
49.60063695907593,4486
49.60141181945801,4485
49.602142095565796,4484
49.602999210357666,4483
49.60493302345276,4482
49.610729932785034,4481
49.61093997955322,4480
49.61245012283325,4479
49.61405086517334,4478
49.61640191078186,4477
49.61763787269592,4476
49.61905002593994,4475
49.620574951171875,4474
49.62090706825256,4473
49.621824979782104,4472
49.6229031085968,4471
49.62519097328186,4470
49.62611413002014,4469
49.631402015686035,4468
49.633517026901245,4467
49.63605213165283,4466
49.64156913757324,4465
49.651010036468506,4464
49.66105103492737,4463
49.66188597679138,4462
49.66289687156677,4461
49.66346502304077,4460
49.672080993652344,4459
49.673750162124634,4458
49.67386603355408,4457
49.6769061088562,4456
49.683943033218384,4455
49.6960608959198,4454
49.69618201255798,4453
49.6983859539032,4452
49.70094180107117,4451
49.70188283920288,4450
49.705151081085205,4449
49.70550799369812,4448
49.70609998703003,4447
49.70690989494324,4446
49.707181215286255,4445
49.711179971694946,4444
49.71365785598755,4443
49.713868141174316,4442
49.71913290023804,4441
49.72071981430054,4440
49.7215781211853,4439
49.72221302986145,4438
49.72241687774658,4437
49.72275114059448,4436
49.72287106513977,4435
49.72513198852539,4434
49.72824311256409,4433
49.7290461063385,4432
49.72941589355469,4431
49.73011517524719,4430
49.73394012451172,4429
49.73510718345642,4428
49.73646903038025,4427
49.73674392700195,4426
49.73730492591858,4425
49.73814511299133,4424
49.74072003364563,4423
49.74225687980652,4422
49.74289798736572,4421
49.7439661026001,4420
49.74586606025696,4419
49.746670961380005,4418
49.74941301345825,4417
49.749775886535645,4416
49.74988913536072,4415
49.75070810317993,4414
49.75083804130554,4413
49.752532958984375,4412
49.753763914108276,4411
49.75885605812073,4410
49.760579109191895,4409
49.76583003997803,4408
49.766133069992065,4407
49.76670002937317,4406
49.76772093772888,4405
49.78601408004761,4404
49.787904024124146,4403
49.79167103767395,4402
49.7924690246582,4401
49.79363012313843,4400
49.794485092163086,4399
49.80230212211609,4398
49.80792999267578,4397
49.80865478515625,4396
49.80945801734924,4395
49.816916942596436,4394
49.81756901741028,4393
49.817846059799194,4392
49.81881499290466,4391
49.81945085525513,4390
49.81957006454468,4389
49.82219910621643,4388
49.82516598701477,4387
49.82660508155823,4386
49.82730197906494,4385
49.83165907859802,4384
49.84363389015198,4383
49.84866404533386,4382
49.85239887237549,4381
49.85266423225403,4380
49.85685610771179,4379
49.85711693763733,4378
49.8617889881134,4377
49.86273217201233,4376
49.862915992736816,4375
49.864027976989746,4374
49.86610794067383,4373
49.86726403236389,4372
49.87422585487366,4371
49.875603914260864,4370
49.87587213516235,4369
49.878318786621094,4368
49.880545139312744,4367
49.88358998298645,4366
49.88408088684082,4365
49.88487005233765,4364
49.88499689102173,4363
49.88945388793945,4362
49.90080499649048,4361
49.90239906311035,4360
49.90259599685669,4359
49.903143882751465,4358
49.9037230014801,4357
49.904361963272095,4356
49.90744090080261,4355
49.908581018447876,4354
49.91037392616272,4353
49.91214394569397,4352
49.92344617843628,4351
49.925264835357666,4350
49.9261839389801,4349
49.93022179603577,4348
49.93049502372742,4347
49.93912410736084,4346
49.93953895568848,4345
49.94096803665161,4344
49.94219493865967,4343
49.942760944366455,4342
49.94373106956482,4341
49.94385313987732,4340
49.945533990859985,4339
49.94694995880127,4338
49.94738698005676,4337
49.94874095916748,4336
49.95200490951538,4335
49.95253396034241,4334
49.95309805870056,4333
49.95382499694824,4332
49.95495414733887,4331
49.95757794380188,4330
49.96308517456055,4329
49.96336603164673,4328
49.96378803253174,4327
49.965794801712036,4326
49.96914601325989,4325
49.96957492828369,4324
49.971078872680664,4323
49.97365999221802,4322
49.975176095962524,4321
49.97588801383972,4320
49.97812104225159,4319
49.97943091392517,4318
49.980130195617676,4317
49.98201608657837,4316
49.991239070892334,4315
49.99230599403381,4314
49.99401617050171,4313
49.99808096885681,4312
49.9983549118042,4311
49.998547077178955,4310
49.99948692321777,4309
50.00028705596924,4308
50.00432896614075,4307
50.01007103919983,4306
50.018970012664795,4305
50.02104187011719,4304
50.02382707595825,4303
50.02425813674927,4302
50.0264630317688,4301
50.02769207954407,4300
50.034374952316284,4299
50.03530979156494,4298
50.04262900352478,4297
50.04358506202698,4296
50.04480218887329,4295
50.0479199886322,4294
50.05329990386963,4293
50.056095123291016,4292
50.056318044662476,4291
50.08083200454712,4290
50.09257411956787,4289
50.099524974823,4288
50.10067009925842,4287
50.10196900367737,4286
50.10409998893738,4285
50.107572078704834,4284
50.10791778564453,4283
50.1095130443573,4282
50.111932039260864,4281
50.11713910102844,4280
50.1209659576416,4279
50.121833086013794,4278
50.12265086174011,4277
50.123499155044556,4276
50.12780499458313,4275
50.13059997558594,4274
50.15165996551514,4273
50.153115034103394,4272
50.15360379219055,4271
50.15684986114502,4270
50.15785193443298,4269
50.16308903694153,4268
50.16684293746948,4267
50.16900587081909,4266
50.178427934646606,4265
50.180803060531616,4264
50.180931091308594,4263
50.19031620025635,4262
50.20018792152405,4261
50.20077705383301,4260
50.20125913619995,4259
50.2020628452301,4258
50.205841064453125,4257
50.20707893371582,4256
50.20756697654724,4255
50.20870089530945,4254
50.209693908691406,4253
50.21469497680664,4252
50.217254877090454,4251
50.22239708900452,4250
50.22361612319946,4249
50.22425699234009,4248
50.225517988204956,4247
50.227301836013794,4246
50.2275710105896,4245
50.227993965148926,4244
50.23230504989624,4243
50.2352569103241,4242
50.23842215538025,4241
50.240569829940796,4240
50.241564989089966,4239
50.24693417549133,4238
50.25001502037048,4237
50.25351881980896,4236
50.25594091415405,4235
50.25699996948242,4234
50.259482860565186,4233
50.26230001449585,4232
50.26366186141968,4231
50.26734113693237,4230
50.26971507072449,4229
50.27176094055176,4228
50.28167986869812,4227
50.286245822906494,4226
50.291292905807495,4225
50.29730796813965,4224
50.30113697052002,4223
50.30280804634094,4222
50.30994415283203,4221
50.31446886062622,4220
50.31902194023132,4219
50.335811138153076,4218
50.34409308433533,4217
50.34558296203613,4216
50.380455017089844,4215
50.38123393058777,4214
50.38506507873535,4213
50.39017200469971,4212
50.403783082962036,4211
50.4041428565979,4210
50.413538217544556,4209
50.42009902000427,4208
50.42058801651001,4207
50.42272901535034,4206
50.428269147872925,4205
50.44104886054993,4204
50.44275784492493,4203
50.4467658996582,4202
50.44808292388916,4201
50.466859102249146,4200
50.498777866363525,4199
50.51204204559326,4198
50.53395318984985,4197
50.551820039749146,4196
50.55308508872986,4195
50.555184841156006,4194
50.55644392967224,4193
50.58041501045227,4192
50.590157985687256,4191
50.591103076934814,4190
50.603352069854736,4189
50.61034917831421,4188
50.62279987335205,4187
50.623600006103516,4186
50.62814497947693,4185
50.66711401939392,4184
50.673627853393555,4183
50.68260097503662,4182
50.6883270740509,4181
50.69752287864685,4180
50.70162010192871,4179
50.720394134521484,4178
50.744985818862915,4177
50.74663209915161,4176
50.752768993377686,4175
50.75306296348572,4174
50.773411989212036,4173
50.774672985076904,4172
50.80338788032532,4171
50.81248211860657,4170
50.81628608703613,4169
50.84825801849365,4168
50.85587406158447,4167
50.87404799461365,4166
50.87728500366211,4165
50.8778440952301,4164
50.879680156707764,4163
50.902498960494995,4162
50.91911292076111,4161
50.93039298057556,4160
50.93891096115112,4159
50.95057487487793,4158
50.96362900733948,4157
50.96593689918518,4156
50.9727828502655,4155
50.98153305053711,4154
50.999845027923584,4153
51.024600982666016,4152
51.07440209388733,4151
51.10174012184143,4150
51.1130588054657,4149
51.11485004425049,4148
51.114997148513794,4147
51.12350392341614,4146
51.13723707199097,4145
51.15000891685486,4144
51.1542809009552,4143
51.16169500350952,4142
51.22540903091431,4141
51.237165212631226,4140
51.27345108985901,4139
51.28293514251709,4138
51.28930902481079,4137
51.29492211341858,4136
51.32918190956116,4135
51.34480118751526,4134
51.34795093536377,4133
51.38592600822449,4132
51.45303988456726,4131
51.50172400474548,4130
51.64044499397278,4129
51.67525506019592,4128
51.70556592941284,4127
51.80972909927368,4126
51.85494518280029,4125
51.892290115356445,4124
52.02291798591614,4123
52.29451298713684,4122
52.30872106552124,4121
52.38514423370361,4120
52.48025393486023,4119
52.77557301521301,4118
52.87427997589111,4117
53.22242498397827,4116
