0.0,157510
48.33400869369507,4615
48.33426570892334,4614
48.33447480201721,4613
48.33600187301636,4612
48.336129903793335,4611
48.336875915527344,4610
48.34260678291321,4609
48.343498945236206,4608
48.34449887275696,4607
48.34477782249451,4606
48.34549880027771,4605
48.346571922302246,4604
48.34835886955261,4603
48.348543882369995,4602
48.34873867034912,4601
48.35112500190735,4600
48.35223603248596,4599
48.35649275779724,4598
48.3587749004364,4597
48.359829902648926,4596
48.36025381088257,4595
48.36301898956299,4594
48.367538928985596,4593
48.368523836135864,4592
48.369287729263306,4591
48.36941480636597,4590
48.36989879608154,4589
48.370168685913086,4588
48.370903730392456,4587
48.371033668518066,4586
48.37248373031616,4585
48.37938380241394,4584
48.383624792099,4583
48.38375186920166,4582
48.38387870788574,4581
48.38656282424927,4580
48.38690185546875,4579
48.38954496383667,4578
48.39412784576416,4577
48.39695692062378,4576
48.39737582206726,4575
48.39765381813049,4574
48.39853000640869,4573
48.39937472343445,4572
48.40017771720886,4571
48.40175986289978,4570
48.412720680236816,4569
48.414257764816284,4568
48.41646480560303,4567
48.41658282279968,4566
48.41693902015686,4565
48.41795778274536,4564
48.41856265068054,4563
48.42220592498779,4562
48.42249393463135,4561
48.422993898391724,4560
48.42311382293701,4559
48.42441391944885,4558
48.42592692375183,4557
48.427379846572876,4556
48.43078398704529,4555
48.43116474151611,4554
48.431640625,4553
48.432204723358154,4552
48.437211751937866,4551
48.437336683273315,4550
48.442012786865234,4549
48.44782471656799,4548
48.447948694229126,4547
48.448652029037476,4546
48.4518358707428,4545
48.46006774902344,4544
48.46320366859436,4543
48.46368479728699,4542
48.46451473236084,4541
48.46517777442932,4540
48.46583867073059,4539
48.46596574783325,4538
48.468063831329346,4537
48.46834373474121,4536
48.47092890739441,4535
48.47242069244385,4534
48.4727828502655,4533
48.473198652267456,4532
48.4740526676178,4531
48.47490096092224,4530
48.48186683654785,4529
48.482717752456665,4528
48.48313593864441,4527
48.48450183868408,4526
48.48563480377197,4525
48.491514682769775,4524
48.49739980697632,4523
48.50408864021301,4522
48.50466585159302,4521
48.50485396385193,4520
48.51297378540039,4519
48.513103723526,4518
48.51329684257507,4517
48.51341676712036,4516
48.51484990119934,4515
48.51540184020996,4514
48.51625394821167,4513
48.51906371116638,4512
48.52040767669678,4511
48.5211079120636,4510
48.52122378349304,4509
48.52167773246765,4508
48.523754835128784,4507
48.5244517326355,4506
48.52687978744507,4505
48.52820301055908,4504
48.53092384338379,4503
48.53243279457092,4502
48.53342270851135,4501
48.5337028503418,4500
48.534040689468384,4499
48.53986477851868,4498
48.540294885635376,4497
48.541231870651245,4496
48.543911933898926,4495
48.544190883636475,4494
48.545039653778076,4493
48.545156717300415,4492
48.54544472694397,4491
48.54687786102295,4490
48.548038721084595,4489
48.55020070075989,4488
48.55041265487671,4487
48.551193714141846,4486
48.55203080177307,4485
48.55384397506714,4484
48.5581738948822,4483
48.55991172790527,4482
48.57337188720703,4481
48.57583284378052,4480
48.57602286338806,4479
48.57631158828735,4478
48.58157777786255,4477
48.58423972129822,4476
48.58721470832825,4475
48.58771777153015,4474
48.58906960487366,4473
48.59432077407837,4472
48.59584999084473,4471
48.59860301017761,4470
48.59996271133423,4469
48.60429382324219,4468
48.605931997299194,4467
48.60807967185974,4466
48.62228560447693,4465
48.622668743133545,4464
48.62279391288757,4463
48.62362790107727,4462
48.62657880783081,4461
48.63043475151062,4460
48.63192701339722,4459
48.63419580459595,4458
48.6362087726593,4457
48.639100790023804,4456
48.64008378982544,4455
48.64066195487976,4454
48.64167666435242,4453
48.64255094528198,4452
48.643937826156616,4451
48.644367694854736,4450
48.64533972740173,4449
48.651981830596924,4448
48.6551558971405,4447
48.657105922698975,4446
48.658188581466675,4445
48.66126585006714,4444
48.66885495185852,4443
48.671910762786865,4442
48.67797565460205,4441
48.68046283721924,4440
48.689998626708984,4439
48.694939851760864,4438
48.696969985961914,4437
48.69921374320984,4436
48.699336767196655,4435
48.700769901275635,4434
48.707319021224976,4433
48.70935082435608,4432
48.71639275550842,4431
48.71991777420044,4430
48.72516393661499,4429
48.734130859375,4428
48.734647035598755,4427
48.735721826553345,4426
48.73818492889404,4425
48.74076175689697,4424
48.75056195259094,4423
48.75171089172363,4422
48.75333094596863,4421
48.75596880912781,4420
48.75632190704346,4419
48.76462173461914,4418
48.76711678504944,4417
48.7746307849884,4416
48.776726961135864,4415
48.77721881866455,4414
48.77850580215454,4413
48.77979779243469,4412
48.782981872558594,4411
48.79181694984436,4410
48.795586824417114,4409
48.79608869552612,4408
48.798261880874634,4407
48.79866862297058,4406
48.79925298690796,4405
48.80071496963501,4404
48.80214190483093,4403
48.80436301231384,4402
48.80602693557739,4401
48.806219816207886,4400
48.80882287025452,4399
48.81208682060242,4398
48.812368869781494,4397
48.81255769729614,4396
48.81381559371948,4395
48.8194797039032,4394
48.82140493392944,4393
48.83309268951416,4392
48.83593273162842,4391
48.83657789230347,4390
48.83713674545288,4389
48.838987827301025,4388
48.83969688415527,4387
48.84274888038635,4386
48.84409976005554,4385
48.84564399719238,4384
48.84691405296326,4383
48.84777069091797,4382
48.849879026412964,4381
48.85022687911987,4380
48.854108810424805,4379
48.85524392127991,4378
48.858118772506714,4377
48.858601808547974,4376
48.8595986366272,4375
48.86052393913269,4374
48.86186981201172,4373
48.86416482925415,4372
48.86586785316467,4371
48.867297887802124,4370
48.867647886276245,4369
48.867990016937256,4368
48.8742618560791,4367
48.87491297721863,4366
48.87638783454895,4365
48.88726782798767,4364
48.890257835388184,4363
48.89145803451538,4362
48.89224600791931,4361
48.89379286766052,4360
48.89920997619629,4359
48.90049362182617,4358
48.900906801223755,4357
48.905271768569946,4356
48.91117787361145,4355
48.91231179237366,4354
48.914076805114746,4353
48.91520380973816,4352
48.91539478302002,4351
48.932944774627686,4350
48.94963479042053,4349
48.950140714645386,4348
48.95154285430908,4347
48.955493688583374,4346
48.962604999542236,4345
48.963324785232544,4344
48.96791076660156,4343
48.970579862594604,4342
48.97301483154297,4341
48.97637391090393,4340
48.97671389579773,4339
48.97749876976013,4338
48.98007869720459,4337
48.98247981071472,4336
48.982600927352905,4335
48.983250856399536,4334
48.98523688316345,4333
48.99049782752991,4332
48.99344277381897,4331
48.994579792022705,4330
48.99534583091736,4329
48.99981164932251,4328
49.00036668777466,4327
49.0038697719574,4326
49.00608777999878,4325
49.01769280433655,4324
49.019943714141846,4323
49.02059078216553,4322
49.02305769920349,4321
49.023552894592285,4320
49.02380895614624,4319
49.033695936203,4318
49.0350399017334,4317
49.03767490386963,4316
49.040695667266846,4315
49.0441107749939,4314
49.054677963256836,4313
49.05833292007446,4312
49.064600706100464,4311
49.068973779678345,4310
49.07221579551697,4309
49.076873779296875,4308
49.08294987678528,4307
49.09526777267456,4306
49.09774994850159,4305
49.10403299331665,4304
49.11659073829651,4303
49.11976075172424,4302
49.12322473526001,4301
49.123655796051025,4300
49.124300718307495,4299
49.12746787071228,4298
49.13124179840088,4297
49.13312792778015,4296
49.13548684120178,4295
49.14497375488281,4294
49.147695779800415,4293
49.14934182167053,4292
49.15522360801697,4291
49.163535833358765,4290
49.164100646972656,4289
49.17010474205017,4288
49.181100845336914,4287
49.182368993759155,4286
49.19085168838501,4285
49.2008056640625,4284
49.20286583900452,4283
49.20454382896423,4282
49.206459760665894,4281
49.207865715026855,4280
49.208921670913696,4279
49.20903778076172,4278
49.21975493431091,4277
49.23875975608826,4276
49.24066972732544,4275
49.26344704627991,4274
49.2709276676178,4273
49.27128291130066,4272
49.27589297294617,4271
49.27726078033447,4270
49.27862286567688,4269
49.280295848846436,4268
49.29295778274536,4267
49.293394804000854,4266
49.294633865356445,4265
49.31036067008972,4264
49.31382083892822,4263
49.31606864929199,4262
49.32509469985962,4261
49.327802658081055,4260
49.33276677131653,4259
49.339388847351074,4258
49.3397376537323,4257
49.34338879585266,4256
49.355302810668945,4255
49.35715985298157,4254
49.36864471435547,4253
49.38875699043274,4252
49.39529585838318,4251
49.40581679344177,4250
49.4075927734375,4249
49.40978670120239,4248
49.42516469955444,4247
49.42791390419006,4246
49.430925607681274,4245
49.43191695213318,4244
49.45570468902588,4243
49.45638084411621,4242
49.45914173126221,4241
49.4620578289032,4240
49.472198724746704,4239
49.47952675819397,4238
49.480751752853394,4237
49.481932640075684,4236
49.49181795120239,4235
49.50399088859558,4234
49.51321482658386,4233
49.51401495933533,4232
49.51659393310547,4231
49.51761484146118,4230
49.5225830078125,4229
49.53460478782654,4228
49.591665744781494,4227
49.606112003326416,4226
49.611488819122314,4225
49.629034996032715,4224
49.63312101364136,4223
49.636300802230835,4222
49.63859677314758,4221
49.65764403343201,4220
49.668298959732056,4219
49.673280000686646,4218
49.675169944763184,4217
49.67713260650635,4216
49.70495271682739,4215
49.713932037353516,4214
49.71548795700073,4213
49.72387385368347,4212
49.72605586051941,4211
49.732712745666504,4210
49.745999813079834,4209
49.74941372871399,4208
49.75656986236572,4207
49.783872842788696,4206
49.81796193122864,4205
49.84345293045044,4204
49.84767174720764,4203
49.85089182853699,4202
49.90953183174133,4201
49.92340970039368,4200
49.936415910720825,4199
49.98546361923218,4198
50.00184965133667,4197
50.00287365913391,4196
50.01343774795532,4195
50.0812087059021,4194
50.11104083061218,4193
50.1330349445343,4192
50.14867281913757,4191
50.15078783035278,4190
50.233826637268066,4189
50.27702498435974,4188
50.32829284667969,4187
50.34723401069641,4186
50.416014671325684,4185
50.474384784698486,4184
50.504292726516724,4183
50.599613904953,4182
50.614553689956665,4181
50.62519383430481,4180
50.667080879211426,4179
50.676717042922974,4178
50.7273907661438,4177
50.75709581375122,4176
50.97050380706787,4175
51.01439094543457,4174
51.090147733688354,4173
51.356446981430054,4172
51.78750467300415,4171
53.38674783706665,4170
