0.0,157510
48.21571207046509,4806
48.2163450717926,4805
48.21733808517456,4804
48.2176730632782,4803
48.217796087265015,4802
48.21791195869446,4801
48.21833610534668,4800
48.21845507621765,4799
48.218563079833984,4798
48.218754053115845,4797
48.21894407272339,4796
48.22126793861389,4795
48.225200176239014,4794
48.225847005844116,4793
48.22661304473877,4792
48.22784209251404,4791
48.22795796394348,4790
48.22926211357117,4789
48.230340003967285,4788
48.23189306259155,4787
48.23333406448364,4786
48.23517894744873,4785
48.23544907569885,4784
48.23752808570862,4783
48.24094104766846,4782
48.24135613441467,4781
48.24205994606018,4780
48.2422411441803,4779
48.24500918388367,4778
48.24738097190857,4777
48.24830102920532,4776
48.248745918273926,4775
48.24909210205078,4774
48.24921417236328,4773
48.249561071395874,4772
48.24968123435974,4771
48.252392292022705,4770
48.25295901298523,4769
48.253600120544434,4768
48.25380301475525,4767
48.254385232925415,4766
48.25494194030762,4765
48.257879972457886,4764
48.261021852493286,4763
48.261290073394775,4762
48.261427879333496,4761
48.26274514198303,4760
48.26732015609741,4759
48.28106904029846,4758
48.28127312660217,4757
48.291041135787964,4756
48.291749238967896,4755
48.292458057403564,4754
48.29300618171692,4753
48.29444599151611,4752
48.31381702423096,4751
48.31748414039612,4750
48.31842398643494,4749
48.3197181224823,4748
48.32748103141785,4747
48.32761812210083,4746
48.32781219482422,4745
48.32807493209839,4744
48.32843017578125,4743
48.330650091171265,4742
48.33161807060242,4741
48.3323540687561,4740
48.33486199378967,4739
48.33513903617859,4738
48.33651304244995,4737
48.336628913879395,4736
48.33953094482422,4735
48.344531297683716,4734
48.345375061035156,4733
48.34756302833557,4732
48.34831094741821,4731
48.35028028488159,4730
48.35055708885193,4729
48.35255408287048,4728
48.352972984313965,4727
48.35369610786438,4726
48.354331254959106,4725
48.35519218444824,4724
48.3553032875061,4723
48.35972023010254,4722
48.36107897758484,4721
48.36164402961731,4720
48.36212515830994,4719
48.36261701583862,4718
48.362956047058105,4717
48.36315894126892,4716
48.36327123641968,4715
48.364723205566406,4714
48.36536502838135,4713
48.365575075149536,4712
48.36677122116089,4711
48.36704111099243,4710
48.36717891693115,4709
48.36793899536133,4708
48.370779037475586,4707
48.37195587158203,4706
48.374500036239624,4705
48.38362693786621,4704
48.38819193840027,4703
48.39058518409729,4702
48.39235711097717,4701
48.3936231136322,4700
48.394185066223145,4699
48.398293018341064,4698
48.401418924331665,4697
48.40476703643799,4696
48.40533399581909,4695
48.40597605705261,4694
48.407416105270386,4693
48.40777111053467,4692
48.40810489654541,4691
48.40830993652344,4690
48.4088020324707,4689
48.409221172332764,4688
48.40986108779907,4687
48.414336919784546,4686
48.41553211212158,4685
48.418994188308716,4684
48.425299882888794,4683
48.425642013549805,4682
48.42598819732666,4681
48.42731213569641,4680
48.43328094482422,4679
48.4621000289917,4678
48.46650218963623,4677
48.46733617782593,4676
48.46826219558716,4675
48.468690156936646,4674
48.46954107284546,4673
48.47010827064514,4672
48.47038006782532,4671
48.47102618217468,4670
48.472976207733154,4669
48.47471213340759,4668
48.47851586341858,4667
48.47872614860535,4666
48.479434967041016,4665
48.48516011238098,4664
48.4857280254364,4663
48.486058950424194,4662
48.48983025550842,4661
48.49017119407654,4660
48.49036622047424,4659
48.49163007736206,4658
48.49447798728943,4657
48.49524188041687,4656
48.49586606025696,4655
48.49693202972412,4654
48.499770164489746,4653
48.49996995925903,4652
48.50239825248718,4651
48.502960205078125,4650
48.503222942352295,4649
48.50414729118347,4648
48.51013398170471,4647
48.51054906845093,4646
48.511184215545654,4645
48.5132851600647,4644
48.51370596885681,4643
48.514034271240234,4642
48.514305114746094,4641
48.517107248306274,4640
48.52821493148804,4639
48.528664112091064,4638
48.52886128425598,4637
48.53478407859802,4636
48.535813093185425,4635
48.536962032318115,4634
48.54013204574585,4633
48.541067123413086,4632
48.541481018066406,4631
48.5418221950531,4630
48.54281210899353,4629
48.54355716705322,4628
48.54537010192871,4627
48.54993414878845,4626
48.55005621910095,4625
48.55342721939087,4624
48.554141998291016,4623
48.55471110343933,4622
48.55847716331482,4621
48.56138491630554,4620
48.562605142593384,4619
48.563961029052734,4618
48.564380168914795,4617
48.56568503379822,4616
48.5658118724823,4615
48.566936016082764,4614
48.568897008895874,4613
48.569106101989746,4612
48.570008993148804,4611
48.57306218147278,4610
48.57407903671265,4609
48.575064182281494,4608
48.57737398147583,4607
48.57878923416138,4606
48.57952809333801,4605
48.58000993728638,4604
48.58161211013794,4603
48.58195614814758,4602
48.584004163742065,4601
48.5841920375824,4600
48.58447313308716,4599
48.588011026382446,4598
48.59444808959961,4597
48.594712018966675,4596
48.59658908843994,4595
48.597609996795654,4594
48.59825420379639,4593
48.60622215270996,4592
48.611573934555054,4591
48.612529277801514,4590
48.61479592323303,4589
48.615151166915894,4588
48.61647009849548,4587
48.61699199676514,4586
48.61809825897217,4585
48.62025594711304,4584
48.621047019958496,4583
48.62154412269592,4582
48.623340129852295,4581
48.62427306175232,4580
48.62531089782715,4579
48.62580704689026,4578
48.62623715400696,4577
48.62844109535217,4576
48.628950119018555,4575
48.63314199447632,4574
48.636584997177124,4573
48.640247106552124,4572
48.64285612106323,4571
48.643580198287964,4570
48.64385914802551,4569
48.645461082458496,4568
48.645960092544556,4567
48.6462299823761,4566
48.64672827720642,4565
48.6487021446228,4564
48.64934301376343,4563
48.65005898475647,4562
48.653712034225464,4561
48.65531897544861,4560
48.65676212310791,4559
48.663047075271606,4558
48.66548013687134,4557
48.667344093322754,4556
48.67723202705383,4555
48.680477142333984,4554
48.681337118148804,4553
48.68301796913147,4552
48.68351101875305,4551
48.68423390388489,4550
48.685625076293945,4549
48.69172501564026,4548
48.69207406044006,4547
48.692193031311035,4546
48.69420003890991,4545
48.69448709487915,4544
48.6947660446167,4543
48.69497108459473,4542
48.69649624824524,4541
48.69883418083191,4540
48.702134132385254,4539
48.70469307899475,4538
48.70899510383606,4537
48.709856033325195,4536
48.71049213409424,4535
48.719542026519775,4534
48.72021198272705,4533
48.72223520278931,4532
48.72464299201965,4531
48.729634046554565,4530
48.732566118240356,4529
48.733596086502075,4528
48.73490810394287,4527
48.73564004898071,4526
48.73627996444702,4525
48.73686909675598,4524
48.739903926849365,4523
48.741729974746704,4522
48.74320888519287,4521
48.74434304237366,4520
48.74934411048889,4519
48.75567317008972,4518
48.75634813308716,4517
48.75847911834717,4516
48.760030031204224,4515
48.76038122177124,4514
48.76190114021301,4513
48.76411318778992,4512
48.764472007751465,4511
48.7681610584259,4510
48.768884897232056,4509
48.7701690196991,4508
48.77052903175354,4507
48.77064394950867,4506
48.77792501449585,4505
48.77985715866089,4504
48.78013205528259,4503
48.78333306312561,4502
48.78681015968323,4501
48.78778696060181,4500
48.78814506530762,4499
48.78956913948059,4498
48.791046142578125,4497
48.79539918899536,4496
48.80038404464722,4495
48.808786153793335,4494
48.809293031692505,4493
48.810664892196655,4492
48.81274485588074,4491
48.816214084625244,4490
48.8174409866333,4489
48.81780290603638,4488
48.818751096725464,4487
48.8343620300293,4486
48.837170124053955,4485
48.83819317817688,4484
48.84072208404541,4483
48.841745138168335,4482
48.847525119781494,4481
48.84773302078247,4480
48.848469972610474,4479
48.848896980285645,4478
48.849409103393555,4477
48.85137414932251,4476
48.852591037750244,4475
48.8541259765625,4474
48.8606481552124,4473
48.861743211746216,4472
48.86393713951111,4471
48.864872217178345,4470
48.86593818664551,4469
48.87014293670654,4468
48.87099003791809,4467
48.87191390991211,4466
48.87239909172058,4465
48.887603998184204,4464
48.893239974975586,4463
48.894710063934326,4462
48.89704918861389,4461
48.899524211883545,4460
48.90161108970642,4459
48.903125047683716,4458
48.905784130096436,4457
48.91008114814758,4456
48.912806034088135,4455
48.913373947143555,4454
48.91429018974304,4453
48.91949200630188,4452
48.921140909194946,4451
48.92317008972168,4450
48.92505121231079,4449
48.92625308036804,4448
48.926613092422485,4447
48.92772102355957,4446
48.93137192726135,4445
48.94084024429321,4444
48.94175720214844,4443
48.94454026222229,4442
48.9470911026001,4441
48.947389125823975,4440
48.94972896575928,4439
48.95212006568909,4438
48.95667314529419,4437
48.957032918930054,4436
48.95906925201416,4435
48.96049213409424,4434
48.96347117424011,4433
48.964595317840576,4432
48.9648859500885,4431
48.965450048446655,4430
48.967828035354614,4429
48.97136092185974,4428
48.97277307510376,4427
48.974283933639526,4426
48.9751181602478,4425
48.97980308532715,4424
48.982553005218506,4423
48.98370313644409,4422
48.987056255340576,4421
48.99237394332886,4420
49.0032160282135,4419
49.01173114776611,4418
49.01415705680847,4417
49.016478061676025,4416
49.01856207847595,4415
49.01913118362427,4414
49.02286911010742,4413
49.024548053741455,4412
49.0263249874115,4411
49.0282301902771,4410
49.02858805656433,4409
49.0289261341095,4408
49.03168201446533,4407
49.0337450504303,4406
49.03533625602722,4405
49.03631114959717,4404
49.03938817977905,4403
49.040513038635254,4402
49.04126524925232,4401
49.05892825126648,4400
49.059216022491455,4399
49.06020712852478,4398
49.060569047927856,4397
49.06332802772522,4396
49.06443810462952,4395
49.0652060508728,4394
49.06627607345581,4393
49.06900715827942,4392
49.06959795951843,4391
49.070600271224976,4390
49.07582211494446,4389
49.07747006416321,4388
49.07813906669617,4387
49.08109211921692,4386
49.08301901817322,4385
49.08322310447693,4384
49.08466815948486,4383
49.084859132766724,4382
49.085695028305054,4381
49.08812212944031,4380
49.09068417549133,4379
49.0908100605011,4378
49.094468116760254,4377
49.09602403640747,4376
49.0982460975647,4375
49.10023593902588,4374
49.10107111930847,4373
49.10235524177551,4372
49.10498094558716,4371
49.105331897735596,4370
49.1088502407074,4369
49.10966396331787,4368
49.11217403411865,4367
49.112818241119385,4366
49.11912393569946,4365
49.129308223724365,4364
49.13421702384949,4363
49.1345579624176,4362
49.136550188064575,4361
49.1370370388031,4360
49.14419102668762,4359
49.14511799812317,4358
49.14723205566406,4357
49.151825189590454,4356
49.151955127716064,4355
49.15206718444824,4354
49.15345001220703,4353
49.15567111968994,4352
49.15682101249695,4351
49.15805697441101,4350
49.16096830368042,4349
49.161619901657104,4348
49.16694903373718,4347
49.16805601119995,4346
49.17378520965576,4345
49.17460918426514,4344
49.17789912223816,4343
49.1798791885376,4342
49.182718992233276,4341
49.183507204055786,4340
49.18362808227539,4339
49.184537172317505,4338
49.18571901321411,4337
49.187047243118286,4336
49.189079999923706,4335
49.190574169158936,4334
49.194973945617676,4333
49.200417041778564,4332
49.205074071884155,4331
49.20571708679199,4330
49.2077522277832,4329
49.21662902832031,4328
49.21863603591919,4327
49.221132040023804,4326
49.222877979278564,4325
49.230592012405396,4324
49.23214507102966,4323
49.23550319671631,4322
49.23960018157959,4321
49.2440230846405,4320
49.24574613571167,4319
49.252827167510986,4318
49.257001876831055,4317
49.25960612297058,4316
49.26141119003296,4315
49.270204067230225,4314
49.27412700653076,4313
49.2899751663208,4312
49.290404081344604,4311
49.293456077575684,4310
49.29358506202698,4309
49.29456114768982,4308
49.30500817298889,4307
49.309829235076904,4306
49.31141495704651,4305
49.32923221588135,4304
49.33406901359558,4303
49.33519625663757,4302
49.33660697937012,4301
49.33849310874939,4300
49.338988065719604,4299
49.34016990661621,4298
49.34471392631531,4297
49.35398006439209,4296
49.35579204559326,4295
49.36007022857666,4294
49.360193967819214,4293
49.36287307739258,4292
49.36439800262451,4291
49.366929054260254,4290
49.368367195129395,4289
49.36864900588989,4288
49.37151002883911,4287
49.37263894081116,4286
49.375503063201904,4285
49.3851101398468,4284
49.385842084884644,4283
49.38621687889099,4282
49.38649320602417,4281
49.38907527923584,4280
49.40033411979675,4279
49.403462171554565,4278
49.4049711227417,4277
49.41361618041992,4276
49.41404414176941,4275
49.41499423980713,4274
49.41685199737549,4273
49.423906087875366,4272
49.42480516433716,4271
49.42515826225281,4270
49.42762207984924,4269
49.42990803718567,4268
49.431878089904785,4267
49.434768199920654,4266
49.4354932308197,4265
49.43646311759949,4264
49.44155406951904,4263
49.44374918937683,4262
49.44486117362976,4261
49.44552397727966,4260
49.447628021240234,4259
49.45772624015808,4258
49.46768307685852,4257
49.471238136291504,4256
49.473873138427734,4255
49.476557970047,4254
49.48176312446594,4253
49.48647594451904,4252
49.48935604095459,4251
49.48970699310303,4250
49.48993921279907,4249
49.491650104522705,4248
49.49184727668762,4247
49.50277495384216,4246
49.502979040145874,4245
49.50832509994507,4244
49.50852823257446,4243
49.53128409385681,4242
49.531497955322266,4241
49.53857398033142,4240
49.547057151794434,4239
49.54872226715088,4238
49.56425905227661,4237
49.568418979644775,4236
49.57529592514038,4235
49.5793731212616,4234
49.59957027435303,4233
49.60952401161194,4232
49.61340117454529,4231
49.62409496307373,4230
49.62908315658569,4229
49.63298726081848,4228
49.63624310493469,4227
49.64254903793335,4226
49.644944190979004,4225
49.65372586250305,4224
49.677072048187256,4223
49.68559789657593,4222
49.69032907485962,4221
49.69373893737793,4220
49.71220302581787,4219
49.712942123413086,4218
49.71576118469238,4217
49.71656918525696,4216
49.72069025039673,4215
49.73532009124756,4214
49.742470264434814,4213
49.74599814414978,4212
49.748093128204346,4211
49.76603317260742,4210
49.76814889907837,4209
49.77669310569763,4208
49.78215289115906,4207
49.78601384162903,4206
49.79595899581909,4205
49.81000113487244,4204
49.82060694694519,4203
49.83455204963684,4202
49.84152317047119,4201
49.85917115211487,4200
49.8881721496582,4199
49.892314195632935,4198
49.93001389503479,4197
49.95083689689636,4196
49.9566969871521,4195
49.98232698440552,4194
50.01813507080078,4193
50.0432403087616,4192
50.120861291885376,4191
50.12514615058899,4190
50.177289962768555,4189
50.18479609489441,4188
50.192547082901,4187
50.20868515968323,4186
50.21809506416321,4185
50.2454400062561,4184
50.25700926780701,4183
50.292888164520264,4182
50.30516600608826,4181
50.32020020484924,4180
50.33847904205322,4179
50.359408140182495,4178
50.40812110900879,4177
50.417553186416626,4176
50.42515206336975,4175
50.44190311431885,4174
50.45508909225464,4173
50.523947954177856,4172
50.573261976242065,4171
50.57558012008667,4170
50.68895196914673,4169
50.804487228393555,4168
50.976104974746704,4167
51.030073165893555,4166
51.06751298904419,4165
51.08667707443237,4164
51.13605189323425,4163
51.14031195640564,4162
51.14554810523987,4161
51.16357707977295,4160
51.17611598968506,4159
51.300106048583984,4158
51.379112243652344,4157
51.70897197723389,4156
52.14980411529541,4155
52.197290897369385,4154
52.2054181098938,4153
52.581905126571655,4152
53.19400501251221,4151
