9.5367431640625e-07,157510
48.44656682014465,5022
48.44748783111572,5021
48.44765305519104,5020
48.44862484931946,5019
48.45660209655762,5018
48.45682978630066,5017
48.45779991149902,5016
48.459035873413086,5015
48.45962190628052,5014
48.459887981414795,5013
48.46049690246582,5012
48.46078586578369,5011
48.46107292175293,5010
48.461211919784546,5009
48.46174192428589,5008
48.46336507797241,5007
48.4637348651886,5006
48.46444797515869,5005
48.46557378768921,5004
48.46578598022461,5003
48.465951919555664,5002
48.47483801841736,5001
48.47669696807861,5000
48.47782588005066,4999
48.478594064712524,4998
48.478797912597656,4997
48.47953677177429,4996
48.47965693473816,4995
48.48123598098755,4994
48.48207879066467,4993
48.48219895362854,4992
48.4827880859375,4991
48.48665690422058,4990
48.48969292640686,4989
48.49087405204773,4988
48.49123787879944,4987
48.49303197860718,4986
48.497462034225464,4985
48.50107383728027,4984
48.50380992889404,4983
48.505221128463745,4982
48.50619387626648,4981
48.50693702697754,4980
48.507718086242676,4979
48.508145809173584,4978
48.509944915771484,4977
48.51377511024475,4976
48.515056133270264,4975
48.51631188392639,4974
48.518250942230225,4973
48.51849889755249,4972
48.52292084693909,4971
48.52632808685303,4970
48.526535749435425,4969
48.52740979194641,4968
48.53207087516785,4967
48.540509939193726,4966
48.55953001976013,4965
48.559707164764404,4964
48.563612937927246,4963
48.56415104866028,4962
48.56535792350769,4961
48.565890073776245,4960
48.56789708137512,4959
48.56812381744385,4958
48.568670988082886,4957
48.57185888290405,4956
48.57212686538696,4955
48.57512187957764,4954
48.57533001899719,4953
48.579962968826294,4952
48.58023190498352,4951
48.58042788505554,4950
48.585264921188354,4949
48.59022903442383,4948
48.59035682678223,4947
48.592777967453,4946
48.593761920928955,4945
48.59443712234497,4944
48.59455680847168,4943
48.594916105270386,4942
48.607295989990234,4941
48.60933709144592,4940
48.61001396179199,4939
48.61100387573242,4938
48.61163377761841,4937
48.61200189590454,4936
48.614712953567505,4935
48.61572194099426,4934
48.61604881286621,4933
48.61620092391968,4932
48.61659002304077,4931
48.61821985244751,4930
48.6190881729126,4929
48.62057113647461,4928
48.622121810913086,4927
48.6224319934845,4926
48.62265110015869,4925
48.623631954193115,4924
48.623756885528564,4923
48.625417947769165,4922
48.62553691864014,4921
48.62616586685181,4920
48.62699294090271,4919
48.62909293174744,4918
48.63186717033386,4917
48.63202786445618,4916
48.63215684890747,4915
48.63314390182495,4914
48.633354902267456,4913
48.63437485694885,4912
48.6349458694458,4911
48.64248585700989,4910
48.645012855529785,4909
48.64562511444092,4908
48.645951986312866,4907
48.64832401275635,4906
48.649672985076904,4905
48.649884939193726,4904
48.65471577644348,4903
48.655038833618164,4902
48.65909385681152,4901
48.65928387641907,4900
48.659419775009155,4899
48.659717082977295,4898
48.6603639125824,4897
48.660690784454346,4896
48.660845041275024,4895
48.661206007003784,4894
48.66271495819092,4893
48.66336679458618,4892
48.66375279426575,4891
48.663877964019775,4890
48.66417980194092,4889
48.664910078048706,4888
48.66725301742554,4887
48.667587995529175,4886
48.67182397842407,4885
48.67199206352234,4884
48.67357587814331,4883
48.6741828918457,4882
48.674551010131836,4881
48.674922943115234,4880
48.67511796951294,4879
48.6758918762207,4878
48.676541805267334,4877
48.676685094833374,4876
48.676992893218994,4875
48.68249297142029,4874
48.68287682533264,4873
48.683570861816406,4872
48.68491291999817,4871
48.68579292297363,4870
48.688689947128296,4869
48.69298601150513,4868
48.697638750076294,4867
48.6987030506134,4866
48.699504137039185,4865
48.700968980789185,4864
48.713613986968994,4863
48.714558839797974,4862
48.71627378463745,4861
48.71709370613098,4860
48.71898579597473,4859
48.72102189064026,4858
48.72163987159729,4857
48.722007036209106,4856
48.722580909729004,4855
48.723150968551636,4854
48.723515033721924,4853
48.72591304779053,4852
48.72699213027954,4851
48.72797203063965,4850
48.72808480262756,4849
48.728909969329834,4848
48.72918081283569,4847
48.72936487197876,4846
48.73070001602173,4845
48.73111391067505,4844
48.73892593383789,4843
48.74322700500488,4842
48.744038820266724,4841
48.744223833084106,4840
48.74458694458008,4839
48.74478197097778,4838
48.74621105194092,4837
48.747859954833984,4836
48.753395795822144,4835
48.75368690490723,4834
48.754034757614136,4833
48.75568675994873,4832
48.75661110877991,4831
48.7578558921814,4830
48.75798177719116,4829
48.759177923202515,4828
48.759761810302734,4827
48.761136054992676,4826
48.76236701011658,4825
48.76405906677246,4824
48.772682905197144,4823
48.77298307418823,4822
48.773926734924316,4821
48.77412700653076,4820
48.77433490753174,4819
48.776052951812744,4818
48.77749490737915,4817
48.77790594100952,4816
48.7786967754364,4815
48.78012990951538,4814
48.780619859695435,4813
48.782280921936035,4812
48.78241205215454,4811
48.782524824142456,4810
48.78599810600281,4809
48.78642511367798,4808
48.78702092170715,4807
48.788092851638794,4806
48.788825035095215,4805
48.79951000213623,4804
48.79993009567261,4803
48.80476093292236,4802
48.80619287490845,4801
48.81046915054321,4800
48.81082201004028,4799
48.81159281730652,4798
48.817200899124146,4797
48.81880593299866,4796
48.82208776473999,4795
48.822399854660034,4794
48.82329487800598,4793
48.82463312149048,4792
48.82522201538086,4791
48.827189922332764,4790
48.82730793952942,4789
48.82883405685425,4788
48.8297598361969,4787
48.830519914627075,4786
48.83297300338745,4785
48.83334398269653,4784
48.834715843200684,4783
48.83484387397766,4782
48.83984088897705,4781
48.8402578830719,4780
48.84110903739929,4779
48.844342947006226,4778
48.84658193588257,4777
48.84671688079834,4776
48.85239911079407,4775
48.85319995880127,4774
48.85342478752136,4773
48.85379505157471,4772
48.85392093658447,4771
48.85430908203125,4770
48.85442090034485,4769
48.85525608062744,4768
48.85622811317444,4767
48.85694694519043,4766
48.86026382446289,4765
48.8613498210907,4764
48.86202907562256,4763
48.87816500663757,4762
48.87870788574219,4761
48.88669681549072,4760
48.88696074485779,4759
48.88963198661804,4758
48.890352725982666,4757
48.89371395111084,4756
48.90092587471008,4755
48.901731967926025,4754
48.90755605697632,4753
48.90793800354004,4752
48.908645153045654,4751
48.91021680831909,4750
48.91375517845154,4749
48.917994022369385,4748
48.919166803359985,4747
48.91997313499451,4746
48.921952962875366,4745
48.922080993652344,4744
48.9228949546814,4743
48.92445993423462,4742
48.92648196220398,4741
48.93074083328247,4740
48.93280506134033,4739
48.934211015701294,4738
48.934926986694336,4737
48.935137033462524,4736
48.93566584587097,4735
48.9408860206604,4734
48.94162607192993,4733
48.94216585159302,4732
48.94290494918823,4731
48.950976848602295,4730
48.951987981796265,4729
48.958637952804565,4728
48.96144890785217,4727
48.96202492713928,4726
48.979748010635376,4725
48.99003005027771,4724
48.99131989479065,4723
48.99258375167847,4722
48.99292802810669,4721
48.99320387840271,4720
48.99346613883972,4719
48.99802207946777,4718
48.998291969299316,4717
48.998497009277344,4716
48.99924182891846,4715
48.99967408180237,4714
49.001270055770874,4713
49.001810789108276,4712
49.00238800048828,4711
49.01024413108826,4710
49.01037406921387,4709
49.012610912323,4708
49.013553857803345,4707
49.0179488658905,4706
49.0217809677124,4705
49.02792286872864,4704
49.02856707572937,4703
49.02906107902527,4702
49.02925395965576,4701
49.029366970062256,4700
49.03064703941345,4699
49.031144857406616,4698
49.03230309486389,4697
49.03451585769653,4696
49.03962993621826,4695
49.04068303108215,4694
49.04080104827881,4693
49.04235005378723,4692
49.043797969818115,4691
49.04464793205261,4690
49.045944929122925,4689
49.04606580734253,4688
49.046674966812134,4687
49.049453020095825,4686
49.049670934677124,4685
49.05116891860962,4684
49.051721811294556,4683
49.052664041519165,4682
49.05348086357117,4681
49.06315279006958,4680
49.06489706039429,4679
49.06501388549805,4678
49.07156801223755,4677
49.07170081138611,4676
49.07217288017273,4675
49.07299613952637,4674
49.07311511039734,4673
49.082294940948486,4672
49.08335995674133,4671
49.08373284339905,4670
49.084343910217285,4669
49.089390993118286,4668
49.09031295776367,4667
49.09198784828186,4666
49.09515595436096,4665
49.095860958099365,4664
49.097046852111816,4663
49.10791897773743,4662
49.108153104782104,4661
49.108283042907715,4660
49.10880208015442,4659
49.10930299758911,4658
49.11208391189575,4657
49.1122829914093,4656
49.113523960113525,4655
49.11379814147949,4654
49.119218826293945,4653
49.12911891937256,4652
49.12939095497131,4651
49.12981295585632,4650
49.130003929138184,4649
49.14839792251587,4648
49.151872873306274,4647
49.15300989151001,4646
49.154175996780396,4645
49.156814098358154,4644
49.15840411186218,4643
49.160879135131836,4642
49.161109924316406,4641
49.16282272338867,4640
49.16509699821472,4639
49.16610407829285,4638
49.17620086669922,4637
49.17966985702515,4636
49.186975955963135,4635
49.18766474723816,4634
49.193766832351685,4633
49.19408297538757,4632
49.19788885116577,4631
49.19949197769165,4630
49.199639081954956,4629
49.20003890991211,4628
49.2005717754364,4627
49.204225063323975,4626
49.20478677749634,4625
49.20539093017578,4624
49.21112084388733,4623
49.2130811214447,4622
49.213618755340576,4621
49.21374201774597,4620
49.21513390541077,4619
49.21541976928711,4618
49.216017961502075,4617
49.21907997131348,4616
49.220136880874634,4615
49.22157406806946,4614
49.22338390350342,4613
49.223711013793945,4612
49.231849908828735,4611
49.232563972473145,4610
49.234527826309204,4609
49.235079765319824,4608
49.23605394363403,4607
49.236329793930054,4606
49.240092754364014,4605
49.24032998085022,4604
49.241239070892334,4603
49.2418417930603,4602
49.242835998535156,4601
49.245163917541504,4600
49.24610185623169,4599
49.2464439868927,4598
49.24898982048035,4597
49.249696016311646,4596
49.25079393386841,4595
49.253535985946655,4594
49.255671977996826,4593
49.256497859954834,4592
49.262531995773315,4591
49.26597809791565,4590
49.26695394515991,4589
49.2679181098938,4588
49.26910400390625,4587
49.27111792564392,4586
49.27200412750244,4585
49.27231192588806,4584
49.27727794647217,4583
49.278850078582764,4582
49.279088735580444,4581
49.2804069519043,4580
49.28359079360962,4579
49.28452396392822,4578
49.28501486778259,4577
49.28531289100647,4576
49.2868390083313,4575
49.28783106803894,4574
49.288033962249756,4573
49.288145780563354,4572
49.289057970047,4571
49.28963780403137,4570
49.29294991493225,4569
49.29453802108765,4568
49.29789090156555,4567
49.298160791397095,4566
49.29949688911438,4565
49.29999399185181,4564
49.30011582374573,4563
49.300657749176025,4562
49.30141305923462,4561
49.32484197616577,4560
49.32777786254883,4559
49.32814574241638,4558
49.329521894454956,4557
49.329723834991455,4556
49.329917907714844,4555
49.33223295211792,4554
49.33245491981506,4553
49.33302903175354,4552
49.33484101295471,4551
49.33710694313049,4550
49.33753490447998,4549
49.338597774505615,4548
49.339016914367676,4547
49.339932918548584,4546
49.34376382827759,4545
49.348870038986206,4544
49.34930610656738,4543
49.352011919021606,4542
49.353354930877686,4541
49.35370182991028,4540
49.353890895843506,4539
49.35472893714905,4538
49.36082196235657,4537
49.3630268573761,4536
49.368170976638794,4535
49.3686249256134,4534
49.368834018707275,4533
49.371036767959595,4532
49.37611389160156,4531
49.37647891044617,4530
49.37733292579651,4529
49.37818694114685,4528
49.37874698638916,4527
49.3788800239563,4526
49.3794629573822,4525
49.38045787811279,4524
49.38124489784241,4523
49.38150906562805,4522
49.38406586647034,4521
49.39643478393555,4520
49.398218870162964,4519
49.39935088157654,4518
49.39960694313049,4517
49.39981484413147,4516
49.40344285964966,4515
49.40527415275574,4514
49.40540385246277,4513
49.40768599510193,4512
49.40966296195984,4511
49.41519784927368,4510
49.4251549243927,4509
49.42631196975708,4508
49.42729997634888,4507
49.42859196662903,4506
49.43183398246765,4505
49.43240690231323,4504
49.43441295623779,4503
49.43492078781128,4502
49.43775796890259,4501
49.442487955093384,4500
49.44334578514099,4499
49.44933605194092,4498
49.4515540599823,4497
49.451894998550415,4496
49.452314138412476,4495
49.4537398815155,4494
49.45393204689026,4493
49.45508813858032,4492
49.455859899520874,4491
49.45672392845154,4490
49.45919585227966,4489
49.46214485168457,4488
49.46271300315857,4487
49.46319508552551,4486
49.46620583534241,4485
49.46693801879883,4484
49.47311997413635,4483
49.47620987892151,4482
49.48016095161438,4481
49.48081994056702,4480
49.48187208175659,4479
49.48467803001404,4478
49.48480796813965,4477
49.49077606201172,4476
49.49458980560303,4475
49.494800090789795,4474
49.49720287322998,4473
49.49975299835205,4472
49.50455284118652,4471
49.50493001937866,4470
49.50863695144653,4469
49.51015090942383,4468
49.51328206062317,4467
49.51377892494202,4466
49.51519989967346,4465
49.515685081481934,4464
49.518430948257446,4463
49.518625020980835,4462
49.51989507675171,4461
49.52068090438843,4460
49.5220410823822,4459
49.52237582206726,4458
49.52337098121643,4457
49.525840044021606,4456
49.52704882621765,4455
49.52731800079346,4454
49.52745604515076,4453
49.52788305282593,4452
49.52993607521057,4451
49.53531789779663,4450
49.53602194786072,4449
49.53628993034363,4448
49.5364248752594,4447
49.53662586212158,4446
49.538089990615845,4445
49.538288831710815,4444
49.538565158843994,4443
49.542521953582764,4442
49.543516874313354,4441
49.54515981674194,4440
49.54698991775513,4439
49.54988098144531,4438
49.551007986068726,4437
49.55135107040405,4436
49.551538944244385,4435
49.55391001701355,4434
49.555280923843384,4433
49.5625159740448,4432
49.58108377456665,4431
49.58152389526367,4430
49.5820209980011,4429
49.58942675590515,4428
49.5904860496521,4427
49.59214210510254,4426
49.60313296318054,4425
49.61337399482727,4424
49.61423897743225,4423
49.615483045578,4422
49.619996786117554,4421
49.62147498130798,4420
49.6289598941803,4419
49.632652044296265,4418
49.63506102561951,4417
49.63870573043823,4416
49.63979887962341,4415
49.63998889923096,4414
49.64258694648743,4413
49.64327907562256,4412
49.643773794174194,4411
49.64610695838928,4410
49.658721923828125,4409
49.65903687477112,4408
49.660693883895874,4407
49.664546966552734,4406
49.665796995162964,4405
49.66703200340271,4404
49.66873478889465,4403
49.67163681983948,4402
49.67280197143555,4401
49.67913889884949,4400
49.688230752944946,4399
49.69171190261841,4398
49.692683935165405,4397
49.694687843322754,4396
49.70674705505371,4395
49.70978879928589,4394
49.71149682998657,4393
49.711918115615845,4392
49.715893030166626,4391
49.716529846191406,4390
49.71705174446106,4389
49.72160196304321,4388
49.72723197937012,4387
49.73039984703064,4386
49.73099684715271,4385
49.732012033462524,4384
49.734163999557495,4383
49.740659952163696,4382
49.74515080451965,4381
49.74656677246094,4380
49.747596979141235,4379
49.74871277809143,4378
49.74921894073486,4377
49.754318952560425,4376
49.76349377632141,4375
49.7652268409729,4374
49.767621994018555,4373
49.77000093460083,4372
49.77271914482117,4371
49.77358102798462,4370
49.77567410469055,4369
49.78121900558472,4368
49.78149604797363,4367
49.78243708610535,4366
49.79079079627991,4365
49.79660487174988,4364
49.799402952194214,4363
49.800759077072144,4362
49.80151295661926,4361
49.8060348033905,4360
49.80698585510254,4359
49.81039309501648,4358
49.81058192253113,4357
49.81154704093933,4356
49.815468072891235,4355
49.81736087799072,4354
49.81989598274231,4353
49.820337772369385,4352
49.82372188568115,4351
49.82816505432129,4350
49.831005811691284,4349
49.83943009376526,4348
49.840919971466064,4347
49.8421528339386,4346
49.8468918800354,4345
49.849133014678955,4344
49.85576391220093,4343
49.85647201538086,4342
49.85660696029663,4341
49.85777688026428,4340
49.85829186439514,4339
49.86348581314087,4338
49.863686084747314,4337
49.880735874176025,4336
49.88549590110779,4335
49.90819787979126,4334
49.90843486785889,4333
49.91382908821106,4332
49.91672706604004,4331
49.9168918132782,4330
49.918558835983276,4329
49.9215989112854,4328
49.925453901290894,4327
49.93029284477234,4326
49.93160009384155,4325
49.93214201927185,4324
49.938408851623535,4323
49.94360685348511,4322
49.945115089416504,4321
49.95478796958923,4320
49.95739006996155,4319
49.95770001411438,4318
49.96235680580139,4317
49.963037967681885,4316
49.9638991355896,4315
49.968225955963135,4314
49.96877408027649,4313
49.969130992889404,4312
49.97035098075867,4311
49.970770835876465,4310
49.972005128860474,4309
49.97264575958252,4308
49.97335386276245,4307
49.97634410858154,4306
49.991867780685425,4305
50.00273609161377,4304
50.00481104850769,4303
50.005253076553345,4302
50.009509801864624,4301
50.014477014541626,4300
50.018720865249634,4299
50.02052879333496,4298
50.02519178390503,4297
50.02761483192444,4296
50.029762983322144,4295
50.04425382614136,4294
50.04442286491394,4293
50.04567790031433,4292
50.05114197731018,4291
50.05830383300781,4290
50.06596088409424,4289
50.069807052612305,4288
50.07323884963989,4287
50.085364818573,4286
50.08558487892151,4285
50.08664798736572,4284
50.08729004859924,4283
50.08902096748352,4282
50.09197211265564,4281
50.09720492362976,4280
50.09748196601868,4279
50.097970962524414,4278
50.09912085533142,4277
50.10416102409363,4276
50.10462212562561,4275
50.10733890533447,4274
50.110055923461914,4273
50.111522912979126,4272
50.11302900314331,4271
50.11446690559387,4270
50.125123023986816,4269
50.1308479309082,4268
50.133341789245605,4267
50.13774299621582,4266
50.13866376876831,4265
50.141711950302124,4264
50.14480996131897,4263
50.14829993247986,4262
50.15779709815979,4261
50.15928912162781,4260
50.17126393318176,4259
50.174948930740356,4258
50.1755268573761,4257
50.17612886428833,4256
50.177963972091675,4255
50.18844199180603,4254
50.19239282608032,4253
50.216655015945435,4252
50.2267119884491,4251
50.23026776313782,4250
50.232101917266846,4249
50.24581289291382,4248
50.24763584136963,4247
50.24887299537659,4246
50.26965403556824,4245
50.271761894226074,4244
50.27512788772583,4243
50.276179790496826,4242
50.27812194824219,4241
50.279343128204346,4240
50.28304100036621,4239
50.29772686958313,4238
50.3230881690979,4237
50.33845281600952,4236
50.34061312675476,4235
50.349595069885254,4234
50.350942850112915,4233
50.35460805892944,4232
50.35523295402527,4231
50.379065990448,4230
50.3842089176178,4229
50.40280604362488,4228
50.420517921447754,4227
50.42399191856384,4226
50.424795150756836,4225
50.42740797996521,4224
50.42756986618042,4223
50.43190383911133,4222
50.43212389945984,4221
50.43291997909546,4220
50.450510025024414,4219
50.45747089385986,4218
50.46112394332886,4217
50.463671922683716,4216
50.46694278717041,4215
50.46777892112732,4214
50.4689199924469,4213
50.49543905258179,4212
50.49779510498047,4211
50.503782749176025,4210
50.51456618309021,4209
50.526089906692505,4208
50.53304696083069,4207
50.53850197792053,4206
50.54683589935303,4205
50.56629300117493,4204
50.57343578338623,4203
50.597294092178345,4202
50.60023379325867,4201
50.61405372619629,4200
50.61549472808838,4199
50.679932832717896,4198
50.68826198577881,4197
50.6918158531189,4196
50.70730686187744,4195
50.72267293930054,4194
50.73624801635742,4193
50.73873496055603,4192
50.75628590583801,4191
50.75681495666504,4190
50.7645480632782,4189
50.76558208465576,4188
50.80246901512146,4187
50.807193994522095,4186
50.83307194709778,4185
50.846566915512085,4184
50.87432503700256,4183
50.939454793930054,4182
50.980345010757446,4181
51.04895091056824,4180
51.0668420791626,4179
51.09918403625488,4178
51.106377840042114,4177
51.141505002975464,4176
51.15270400047302,4175
51.1591739654541,4174
51.192134141922,4173
51.19243788719177,4172
51.19344401359558,4171
51.23812508583069,4170
51.268290996551514,4169
51.284003019332886,4168
51.33276104927063,4167
51.33472990989685,4166
51.33742880821228,4165
51.346210956573486,4164
51.36846470832825,4163
51.49866485595703,4162
51.51772212982178,4161
51.53620100021362,4160
51.574291944503784,4159
51.61232876777649,4158
51.76897406578064,4157
51.776508808135986,4156
51.829309940338135,4155
51.943665742874146,4154
51.983423948287964,4153
52.061172008514404,4152
52.1591637134552,4151
52.260639905929565,4150
52.336153984069824,4149
52.47480392456055,4148
52.621495962142944,4147
52.721282958984375,4146
52.8747239112854,4145
52.90490698814392,4144
53.256195068359375,4143
53.803833961486816,4142
53.89763283729553,4141
