0.0,157510
46.4604218006134,4943
46.46207594871521,4942
46.46903991699219,4941
46.46947979927063,4940
46.47021007537842,4939
46.4707670211792,4938
46.492841958999634,4937
46.493273973464966,4936
46.4936158657074,4935
46.493958950042725,4934
46.494073152542114,4933
46.51250100135803,4932
46.51271295547485,4931
46.51283097267151,4930
46.512945890426636,4929
46.51360201835632,4928
46.54064989089966,4927
46.544989824295044,4926
46.546406984329224,4925
46.54831409454346,4924
46.54879307746887,4923
46.54893684387207,4922
46.549054861068726,4921
46.549245834350586,4920
46.55122494697571,4919
46.55133891105652,4918
46.552233934402466,4917
46.55322289466858,4916
46.554502964019775,4915
46.55679416656494,4914
46.55769181251526,4913
46.55850791931152,4912
46.56205105781555,4911
46.56275391578674,4910
46.562870025634766,4909
46.5634560585022,4908
46.564509868621826,4907
46.5654399394989,4906
46.56584596633911,4905
46.56597399711609,4904
46.56727385520935,4903
46.572425842285156,4902
46.57595181465149,4901
46.57662296295166,4900
46.5778329372406,4899
46.578184843063354,4898
46.579537868499756,4897
46.58002686500549,4896
46.586498975753784,4895
46.58663082122803,4894
46.587198972702026,4893
46.587311029434204,4892
46.58758187294006,4891
46.59050393104553,4890
46.591877937316895,4889
46.59257197380066,4888
46.592994928359985,4887
46.59422993659973,4886
46.595256090164185,4885
46.59581208229065,4884
46.596590995788574,4883
46.59678316116333,4882
46.59772276878357,4881
46.60102081298828,4880
46.60539102554321,4879
46.60566592216492,4878
46.607094049453735,4877
46.60764217376709,4876
46.607917070388794,4875
46.6082501411438,4874
46.60852289199829,4873
46.609132051467896,4872
46.60926008224487,4871
46.61170291900635,4870
46.61233401298523,4869
46.61726999282837,4868
46.61746001243591,4867
46.61781096458435,4866
46.622315883636475,4865
46.62302803993225,4864
46.623286962509155,4863
46.62385416030884,4862
46.62476587295532,4861
46.62504196166992,4860
46.62715697288513,4859
46.62758493423462,4858
46.62769794464111,4857
46.6288378238678,4856
46.631465911865234,4855
46.63259696960449,4854
46.634679079055786,4853
46.63545083999634,4852
46.63622283935547,4851
46.63684701919556,4850
46.63697099685669,4849
46.637259006500244,4848
46.63847494125366,4847
46.65256404876709,4846
46.65276789665222,4845
46.653199911117554,4844
46.65368604660034,4843
46.65469789505005,4842
46.65495800971985,4841
46.65878200531006,4840
46.659045934677124,4839
46.660115003585815,4838
46.66023087501526,4837
46.66510200500488,4836
46.66587805747986,4835
46.666438817977905,4834
46.67645001411438,4833
46.67965483665466,4832
46.68043279647827,4831
46.681220054626465,4830
46.687283992767334,4829
46.71303987503052,4828
46.71528697013855,4827
46.71931290626526,4826
46.72169804573059,4825
46.723418951034546,4824
46.723912954330444,4823
46.7250030040741,4822
46.72987604141235,4821
46.7302348613739,4820
46.73882699012756,4819
46.73957896232605,4818
46.73992300033569,4817
46.743242025375366,4816
46.74674892425537,4815
46.74801778793335,4814
46.74843192100525,4813
46.75757312774658,4812
46.75783610343933,4811
46.75979685783386,4810
46.76524114608765,4809
46.767685890197754,4808
46.76848578453064,4807
46.77767896652222,4806
46.77794790267944,4805
46.77843713760376,4804
46.779048919677734,4803
46.78393197059631,4802
46.78502702713013,4801
46.78580188751221,4800
46.78620910644531,4799
46.78639578819275,4798
46.786967039108276,4797
46.78725814819336,4796
46.7876091003418,4795
46.794853925704956,4794
46.79712510108948,4793
46.79754590988159,4792
46.79803705215454,4791
46.79865288734436,4790
46.79893398284912,4789
46.799044132232666,4788
46.799325942993164,4787
46.805135011672974,4786
46.808120012283325,4785
46.808390855789185,4784
46.80850410461426,4783
46.810084104537964,4782
46.810575008392334,4781
46.81084895133972,4780
46.81133794784546,4779
46.81198596954346,4778
46.83224606513977,4777
46.83252501487732,4776
46.83351182937622,4775
46.83399987220764,4774
46.834959745407104,4773
46.83620882034302,4772
46.83954095840454,4771
46.83981204032898,4770
46.84007406234741,4769
46.84025812149048,4768
46.841105937957764,4767
46.84123182296753,4766
46.84158492088318,4765
46.84177780151367,4764
46.84341812133789,4763
46.844396114349365,4762
46.84601807594299,4761
46.8463568687439,4760
46.84746694564819,4759
46.8476619720459,4758
46.8496630191803,4757
46.850143909454346,4756
46.860360860824585,4755
46.86056399345398,4754
46.8615939617157,4753
46.864567041397095,4752
46.864771127700806,4751
46.865025997161865,4750
46.8704891204834,4749
46.876784801483154,4748
46.87821698188782,4747
46.881860971450806,4746
46.88677191734314,4745
46.887046813964844,4744
46.89593696594238,4743
46.896806955337524,4742
46.89809203147888,4741
46.90090799331665,4740
46.90110683441162,4739
46.90137505531311,4738
46.90197992324829,4737
46.902700901031494,4736
46.903116941452026,4735
46.90406918525696,4734
46.90418100357056,4733
46.90491485595703,4732
46.90691614151001,4731
46.90733790397644,4730
46.907827854156494,4729
46.908101081848145,4728
46.90996599197388,4727
46.91008687019348,4726
46.91019582748413,4725
46.910377979278564,4724
46.911895990371704,4723
46.9126660823822,4722
46.913658142089844,4721
46.92089486122131,4720
46.921087980270386,4719
46.921504974365234,4718
46.921623945236206,4717
46.929441928863525,4716
46.93529295921326,4715
46.935636043548584,4714
46.9359028339386,4713
46.936623096466064,4712
46.93689012527466,4711
46.93765878677368,4710
46.93847393989563,4709
46.940186738967896,4708
46.94358992576599,4707
46.94732213020325,4706
46.94752097129822,4705
46.947787046432495,4704
46.966038942337036,4703
46.96668291091919,4702
46.96695899963379,4701
46.97651791572571,4700
46.97686982154846,4699
46.977067947387695,4698
46.98082494735718,4697
46.98715114593506,4696
46.98831009864807,4695
46.989383935928345,4694
46.99030089378357,4693
46.99100375175476,4692
46.993077993392944,4691
46.99427390098572,4690
46.99577188491821,4689
46.996102809906006,4688
46.99909591674805,4687
46.999521017074585,4686
47.001083850860596,4685
47.001709938049316,4684
47.002053022384644,4683
47.018959760665894,4682
47.01934099197388,4681
47.0200560092926,4680
47.020846128463745,4679
47.022019147872925,4678
47.02410292625427,4677
47.02430200576782,4676
47.02442789077759,4675
47.02453804016113,4674
47.02654480934143,4673
47.0274600982666,4672
47.027578830718994,4671
47.02835512161255,4670
47.02855610847473,4669
47.02889585494995,4668
47.033071756362915,4667
47.03524398803711,4666
47.03550314903259,4665
47.03611183166504,4664
47.03660273551941,4663
47.03834795951843,4662
47.03868103027344,4661
47.03948903083801,4660
47.039746046066284,4659
47.040162086486816,4658
47.04464793205261,4657
47.046730041503906,4656
47.04975986480713,4655
47.049964904785156,4654
47.051376819610596,4653
47.05330514907837,4652
47.05439305305481,4651
47.054579973220825,4650
47.05477714538574,4649
47.055036783218384,4648
47.0579469203949,4647
47.058077812194824,4646
47.058964014053345,4645
47.0616250038147,4644
47.06189703941345,4643
47.06777381896973,4642
47.06856298446655,4641
47.071105003356934,4640
47.071382999420166,4639
47.07164216041565,4638
47.075847864151,4637
47.07836580276489,4636
47.07964110374451,4635
47.09793400764465,4634
47.10034394264221,4633
47.1096351146698,4632
47.11055588722229,4631
47.11147499084473,4630
47.11166477203369,4629
47.11177587509155,4628
47.113104820251465,4627
47.11634683609009,4626
47.11741495132446,4625
47.117607831954956,4624
47.117968797683716,4623
47.11808800697327,4622
47.119226932525635,4621
47.1200749874115,4620
47.12041902542114,4619
47.12068295478821,4618
47.12202191352844,4617
47.1222128868103,4616
47.122901916503906,4615
47.12889385223389,4614
47.130597829818726,4613
47.13086986541748,4612
47.131202936172485,4611
47.13147592544556,4610
47.13166093826294,4609
47.13256907463074,4608
47.132850885391235,4607
47.133262157440186,4606
47.133811950683594,4605
47.13392400741577,4604
47.13584899902344,4603
47.13978695869446,4602
47.14057397842407,4601
47.140758991241455,4600
47.142849922180176,4599
47.14491581916809,4598
47.146400928497314,4597
47.14833092689514,4596
47.15004897117615,4595
47.15690088272095,4594
47.15991187095642,4593
47.16003680229187,4592
47.161303997039795,4591
47.161576986312866,4590
47.16474890708923,4589
47.167383909225464,4588
47.168229818344116,4587
47.17014980316162,4586
47.171347856521606,4585
47.17226195335388,4584
47.17252993583679,4583
47.173287868499756,4582
47.17356276512146,4581
47.19348978996277,4580
47.19423198699951,4579
47.200823068618774,4578
47.20200181007385,4577
47.206499099731445,4576
47.2072229385376,4575
47.207555055618286,4574
47.207767963409424,4573
47.20810794830322,4572
47.20872712135315,4571
47.209704875946045,4570
47.214394092559814,4569
47.21613311767578,4568
47.21687078475952,4567
47.220107078552246,4566
47.2263879776001,4565
47.22694993019104,4564
47.23575806617737,4563
47.2365198135376,4562
47.23821997642517,4561
47.24602293968201,4560
47.24669289588928,4559
47.251254081726074,4558
47.255125999450684,4557
47.25525975227356,4556
47.255542039871216,4555
47.258004903793335,4554
47.26110315322876,4553
47.2628858089447,4552
47.26301288604736,4551
47.26327705383301,4550
47.2643141746521,4549
47.26618003845215,4548
47.266592025756836,4547
47.26686096191406,4546
47.2740478515625,4545
47.27606201171875,4544
47.278538942337036,4543
47.27919888496399,4542
47.2803168296814,4541
47.29031491279602,4540
47.29060101509094,4539
47.29172992706299,4538
47.2918598651886,4537
47.293111085891724,4536
47.29597282409668,4535
47.29754281044006,4534
47.299309968948364,4533
47.30089592933655,4532
47.30122685432434,4531
47.30149817466736,4530
47.30816698074341,4529
47.31350493431091,4528
47.31420588493347,4527
47.31478977203369,4526
47.31497812271118,4525
47.31723499298096,4524
47.317363023757935,4523
47.31845808029175,4522
47.32013988494873,4521
47.326204776763916,4520
47.326483964920044,4519
47.326831102371216,4518
47.33242583274841,4517
47.333993911743164,4516
47.34624886512756,4515
47.346441984176636,4514
47.34798192977905,4513
47.348469972610474,4512
47.34939479827881,4511
47.34958791732788,4510
47.35007882118225,4509
47.36849880218506,4508
47.36973595619202,4507
47.3725471496582,4506
47.37410497665405,4505
47.37430500984192,4504
47.37712097167969,4503
47.38053488731384,4502
47.38696599006653,4501
47.38844895362854,4500
47.390597105026245,4499
47.392356157302856,4498
47.392996072769165,4497
47.39454388618469,4496
47.39496898651123,4495
47.39640998840332,4494
47.39846897125244,4493
47.400656938552856,4492
47.40087080001831,4491
47.40169286727905,4490
47.403974771499634,4489
47.40720582008362,4488
47.407480001449585,4487
47.40894794464111,4486
47.41192293167114,4485
47.41560196876526,4484
47.419068813323975,4483
47.420169830322266,4482
47.42802405357361,4481
47.4284610748291,4480
47.42944312095642,4479
47.43408989906311,4478
47.434370040893555,4477
47.43940496444702,4476
47.44298601150513,4475
47.44548511505127,4474
47.447237968444824,4473
47.44736576080322,4472
47.45033288002014,4471
47.45351982116699,4470
47.459781885147095,4469
47.46119713783264,4468
47.46153807640076,4467
47.46242690086365,4466
47.46284580230713,4465
47.463194847106934,4464
47.464072942733765,4463
47.46885395050049,4462
47.47144603729248,4461
47.4727737903595,4460
47.479137897491455,4459
47.479840993881226,4458
47.48138904571533,4457
47.48337006568909,4456
47.48517084121704,4455
47.487502098083496,4454
47.49085998535156,4453
47.491559982299805,4452
47.493693828582764,4451
47.494667053222656,4450
47.4971969127655,4449
47.497684955596924,4448
47.499001026153564,4447
47.499330043792725,4446
47.50072693824768,4445
47.50122594833374,4444
47.504666805267334,4443
47.5075159072876,4442
47.50817584991455,4441
47.509860038757324,4440
47.511139154434204,4439
47.51161789894104,4438
47.52075386047363,4437
47.52204203605652,4436
47.522159814834595,4435
47.52334475517273,4434
47.52347111701965,4433
47.52398371696472,4432
47.52449893951416,4431
47.524630069732666,4430
47.5248167514801,4429
47.527162075042725,4428
47.52865791320801,4427
47.529616832733154,4426
47.53056502342224,4425
47.532390832901,4424
47.53746199607849,4423
47.541815996170044,4422
47.54754614830017,4421
47.550848960876465,4420
47.55172300338745,4419
47.55279302597046,4418
47.55377507209778,4417
47.55461812019348,4416
47.556825160980225,4415
47.5612359046936,4414
47.563190937042236,4413
47.56417202949524,4412
47.565438985824585,4411
47.56605887413025,4410
47.57484483718872,4409
47.5754029750824,4408
47.57977294921875,4407
47.58077001571655,4406
47.58864784240723,4405
47.588768005371094,4404
47.58912515640259,4403
47.59060096740723,4402
47.59637188911438,4401
47.59752798080444,4400
47.60409998893738,4399
47.60607409477234,4398
47.60809588432312,4397
47.60970997810364,4396
47.61077094078064,4395
47.61379885673523,4394
47.61500096321106,4393
47.61535096168518,4392
47.61570596694946,4391
47.622360944747925,4390
47.625751972198486,4389
47.62659692764282,4388
47.62961983680725,4387
47.630253076553345,4386
47.63218688964844,4385
47.6323938369751,4384
47.63309693336487,4383
47.63879179954529,4382
47.640440940856934,4381
47.64092397689819,4380
47.64565992355347,4379
47.649040937423706,4378
47.650375843048096,4377
47.65151405334473,4376
47.65687394142151,4375
47.67194890975952,4374
47.67319703102112,4373
47.67587089538574,4372
47.67724013328552,4371
47.67743110656738,4370
47.679214000701904,4369
47.67990708351135,4368
47.683079957962036,4367
47.68623685836792,4366
47.687561988830566,4365
47.69086003303528,4364
47.69194483757019,4363
47.70781588554382,4362
47.708199977874756,4361
47.713499784469604,4360
47.71501684188843,4359
47.71641802787781,4358
47.71780776977539,4357
47.722607135772705,4356
47.72480797767639,4355
47.72492218017578,4354
47.73627591133118,4353
47.736844062805176,4352
47.73841404914856,4351
47.74100399017334,4350
47.74214196205139,4349
47.74254488945007,4348
47.74275612831116,4347
47.744389057159424,4346
47.746901988983154,4345
47.74872803688049,4344
47.7522668838501,4343
47.768259048461914,4342
47.77002692222595,4341
47.77044987678528,4340
47.77081489562988,4339
47.77685809135437,4338
47.77742385864258,4337
47.78032898902893,4336
47.782318115234375,4335
47.7842071056366,4334
47.79268717765808,4333
47.797523021698,4332
47.803866147994995,4331
47.806057929992676,4330
47.80718994140625,4329
47.80959987640381,4328
47.81220102310181,4327
47.82138800621033,4326
47.82188105583191,4325
47.822505950927734,4324
47.823407888412476,4323
47.82545590400696,4322
47.83378887176514,4321
47.83442401885986,4320
47.83511805534363,4319
47.836437940597534,4318
47.84261989593506,4317
47.8444390296936,4316
47.84898614883423,4315
47.84976100921631,4314
47.85320281982422,4313
47.85995292663574,4312
47.86457800865173,4311
47.86987495422363,4310
47.87450289726257,4309
47.874842166900635,4308
47.87565898895264,4307
47.88210892677307,4306
47.88573384284973,4305
47.889333963394165,4304
47.89209175109863,4303
47.89220881462097,4302
47.894086837768555,4301
47.89860391616821,4300
47.899887800216675,4299
47.90035891532898,4298
47.910226821899414,4297
47.91099286079407,4296
47.91623592376709,4295
47.919244050979614,4294
47.925463914871216,4293
47.932819843292236,4292
47.948578119277954,4291
47.95839786529541,4290
47.95861196517944,4289
47.966660022735596,4288
47.9798629283905,4287
47.988728046417236,4286
47.98899698257446,4285
47.99146795272827,4284
47.99309992790222,4283
47.998615026474,4282
48.00594997406006,4281
48.01503801345825,4280
48.017282009124756,4279
48.019882917404175,4278
48.02093315124512,4277
48.02558994293213,4276
48.03006100654602,4275
48.0423800945282,4274
48.045210123062134,4273
48.0474648475647,4272
48.04786515235901,4271
48.049659967422485,4270
48.059592962265015,4269
48.06065106391907,4268
48.06140995025635,4267
48.06204104423523,4266
48.06272101402283,4265
48.067466020584106,4264
48.07883095741272,4263
48.0792670249939,4262
48.08583974838257,4261
48.08791184425354,4260
48.090532064437866,4259
48.09094977378845,4258
48.09469389915466,4257
48.103190898895264,4256
48.111916065216064,4255
48.11649990081787,4254
48.120397090911865,4253
48.130653858184814,4252
48.134336948394775,4251
48.140629053115845,4250
48.14593005180359,4249
48.14810276031494,4248
48.151301860809326,4247
48.163212060928345,4246
48.16914510726929,4245
48.18280911445618,4244
48.18515396118164,4243
48.1866729259491,4242
48.191133975982666,4241
48.198814868927,4240
48.19919991493225,4239
48.19953989982605,4238
48.20104694366455,4237
48.203243017196655,4236
48.20587110519409,4235
48.21990919113159,4234
48.22329592704773,4233
48.224120140075684,4232
48.238521099090576,4231
48.24009299278259,4230
48.248668909072876,4229
48.262787103652954,4228
48.265095949172974,4227
48.27327585220337,4226
48.276325941085815,4225
48.2772319316864,4224
48.2870659828186,4223
48.295066118240356,4222
48.31279683113098,4221
48.32081890106201,4220
48.3386070728302,4219
48.357587814331055,4218
48.36834502220154,4217
48.36984395980835,4216
48.37139391899109,4215
48.37543702125549,4214
48.384363889694214,4213
48.41153883934021,4212
48.42544484138489,4211
48.460752964019775,4210
48.46408796310425,4209
48.48247981071472,4208
48.4918270111084,4207
48.51066994667053,4206
48.532997846603394,4205
48.56115198135376,4204
48.56438994407654,4203
48.56594896316528,4202
48.581419944763184,4201
48.58904695510864,4200
48.60469603538513,4199
48.612709760665894,4198
48.622227907180786,4197
48.62257099151611,4196
48.644344091415405,4195
48.65789008140564,4194
48.66926383972168,4193
48.67694902420044,4192
48.679157972335815,4191
48.68345499038696,4190
48.7054979801178,4189
48.71458983421326,4188
48.74081778526306,4187
48.74118709564209,4186
48.74931883811951,4185
48.75154089927673,4184
48.756417989730835,4183
48.76565504074097,4182
48.79547595977783,4181
48.796836137771606,4180
48.820982933044434,4179
48.822564125061035,4178
48.853986978530884,4177
48.85913705825806,4176
48.8601598739624,4175
48.885401010513306,4174
48.89154887199402,4173
48.908313035964966,4172
48.91199803352356,4171
48.967392921447754,4170
48.9797739982605,4169
49.010501861572266,4168
49.01358699798584,4167
49.08172011375427,4166
49.151877880096436,4165
49.15478706359863,4164
49.179003953933716,4163
49.19424796104431,4162
49.21225190162659,4161
49.21447491645813,4160
49.26378583908081,4159
49.33186411857605,4158
49.359654903411865,4157
49.368557929992676,4156
49.46524214744568,4155
49.499857902526855,4154
49.53653287887573,4153
49.56590390205383,4152
49.62577986717224,4151
49.70168590545654,4150
49.77793884277344,4149
49.8513970375061,4148
49.88426399230957,4147
50.07500219345093,4146
50.08435082435608,4145
50.23470091819763,4144
50.6245858669281,4143
51.303308963775635,4142
51.867591857910156,4141
52.01216506958008,4140
52.139127016067505,4139
