0.025549888610839844,0
0.02766275405883789,0
0.02977776527404785,0
0.031883955001831055,0
0.033998727798461914,0
0.036168813705444336,0
0.0383448600769043,0
0.04046988487243652,0
0.042584896087646484,0
0.044705867767333984,0
0.04681587219238281,0
0.048924922943115234,0
0.051033735275268555,0
0.05315589904785156,0
0.05528974533081055,0
0.057402849197387695,0
0.05951070785522461,0
0.06164669990539551,0
0.06376886367797852,0
0.06589579582214355,0
0.06800270080566406,0
0.07010889053344727,0
0.0722188949584961,0
0.07433295249938965,0
0.07645273208618164,0
0.07856369018554688,0
0.08069777488708496,0
0.08280491828918457,0
0.08491277694702148,0
0.08701968193054199,0
0.0891258716583252,0
0.0912468433380127,0
0.0933997631072998,0
0.09569692611694336,0
0.09785294532775879,0
0.09996390342712402,0
0.10208487510681152,0
0.10419487953186035,0
0.10629987716674805,0
0.10849690437316895,0
0.11063790321350098,0
0.11275172233581543,0
0.11486482620239258,0
0.11697006225585938,0
0.11907482147216797,0
0.12117791175842285,0
0.12335491180419922,0
0.1255779266357422,0
0.12774395942687988,0
0.12985706329345703,0
0.13197684288024902,0
0.13411378860473633,0
0.13621878623962402,0
0.1383228302001953,0
0.14043879508972168,0
0.1425609588623047,0
0.14466571807861328,0
0.14676880836486816,0
0.14888978004455566,0
0.15099787712097168,0
0.1531200408935547,0
0.15526199340820312,0
0.15740585327148438,0
0.15954899787902832,0
0.16168975830078125,0
0.16384387016296387,0
0.16599774360656738,0
0.16813898086547852,0
0.17027783393859863,0
0.17242789268493652,0
0.17457985877990723,0
0.17671990394592285,0
0.17887282371520996,0
0.1810319423675537,0
0.18317580223083496,0
0.18531489372253418,0
0.18745970726013184,0
0.18960785865783691,0
0.19174671173095703,0
0.19389700889587402,0
0.19603466987609863,0
0.19818496704101562,0
0.2003309726715088,0
0.20246672630310059,0
0.2046070098876953,0
0.2067408561706543,0
0.20891380310058594,0
0.21108198165893555,0
0.21322393417358398,0
0.2153627872467041,0
0.21750283241271973,0
0.21964192390441895,0
0.22178888320922852,0
0.22394084930419922,0
0.22607898712158203,0
0.22821569442749023,0
0.23035287857055664,0
0.23248791694641113,0
0.23462891578674316,0
0.23676490783691406,0
0.23890089988708496,0
0.24106192588806152,0
0.24320006370544434,0
0.2453477382659912,0
0.24748492240905762,0
0.24962186813354492,0
0.2517557144165039,0
0.2538917064666748,0
0.2560238838195801,0
0.25815582275390625,0
0.26028895378112793,0
0.2624220848083496,0
0.2645609378814697,0
0.26670289039611816,0
0.26884889602661133,0
0.2709798812866211,0
0.27310895919799805,0
0.27524375915527344,0
0.2773768901824951,0
0.2795078754425049,0
0.28163671493530273,0
0.28374576568603516,0
0.2858397960662842,0
0.2879328727722168,0
0.29010581970214844,0
0.2922098636627197,0
0.29430198669433594,0
0.2963907718658447,0
0.2984778881072998,0
0.3005659580230713,0
0.30265283584594727,0
0.30474185943603516,0
0.3068270683288574,0
0.3089139461517334,0
0.3110830783843994,0
0.313356876373291,0
0.3156239986419678,0
0.3178839683532715,0
0.32019472122192383,0
0.32242584228515625,0
0.32469773292541504,0
0.32695770263671875,0
0.3291797637939453,0
0.33136892318725586,0
0.33356595039367676,0
0.33574390411376953,0
0.33794689178466797,0
0.34011387825012207,0
0.3422677516937256,0
0.3444240093231201,0
0.3465769290924072,0
0.34885573387145996,0
0.35124778747558594,0
0.3534517288208008,0
0.35561299324035645,0
0.3577759265899658,0
0.36012983322143555,0
0.3624439239501953,0
0.3646538257598877,0
0.36682868003845215,0
0.36902499198913574,0
0.3711817264556885,0
0.3732728958129883,0
0.37535786628723145,0
0.3774428367614746,0
0.3795809745788574,0
0.38176894187927246,0
0.38391685485839844,0
0.38606786727905273,0
0.3882439136505127,0
0.39044976234436035,0
0.3926548957824707,0
0.39488697052001953,0
0.3971719741821289,0
0.3994019031524658,0
0.40162086486816406,0
0.40387582778930664,0
0.40611791610717773,0
0.4083237648010254,0
0.4105396270751953,0
0.4127788543701172,0
0.41501283645629883,0
0.4172370433807373,0
0.4194297790527344,0
0.42163991928100586,0
0.42386674880981445,0
0.4260590076446533,0
0.42827391624450684,0
0.4304687976837158,0
0.43265390396118164,0
0.434859037399292,0
0.43708086013793945,0
0.4392867088317871,0
0.44148874282836914,0
0.44367074966430664,0
0.445847749710083,0
0.44804883003234863,0
0.4502549171447754,0
0.45244479179382324,0
0.45462894439697266,0
0.456805944442749,0
0.45899295806884766,0
0.4611959457397461,0
0.46338987350463867,0
0.46556806564331055,0
0.4677927494049072,0
0.4699888229370117,0
0.4722108840942383,0
0.47443580627441406,0
0.47661900520324707,0
0.47883176803588867,0
0.4810318946838379,0
0.4832167625427246,0
0.48544883728027344,0
0.4876537322998047,0
0.4898250102996826,0
0.49205565452575684,0
0.49434971809387207,0
0.4966306686401367,0
0.49890589714050293,0
0.5012187957763672,0
0.5035228729248047,0
0.5058047771453857,0
0.5080888271331787,0
0.5103738307952881,0
0.5126547813415527,0
0.5149428844451904,0
0.5172238349914551,0
0.5195457935333252,0
0.5218358039855957,0
0.5241169929504395,0
0.5263926982879639,0
0.5286798477172852,0
0.5310049057006836,0
0.5333089828491211,0
0.5355348587036133,0
0.5377328395843506,0
0.5401270389556885,0
0.5424950122833252,0
0.5447838306427002,0
0.5470669269561768,0
0.5493419170379639,0
0.5516679286956787,0
0.5538990497589111,0
0.5562028884887695,0
0.5584108829498291,0
0.5606369972229004,0
0.5628900527954102,0
0.5651977062225342,0
0.5674817562103271,0
0.5697407722473145,0
0.5719618797302246,0
0.5741918087005615,0
0.5764780044555664,0
0.5787227153778076,0
0.5809407234191895,0
0.5831890106201172,0
0.5853776931762695,0
0.5876028537750244,0
0.5898287296295166,0
0.5920977592468262,0
0.5943670272827148,0
0.5965819358825684,0
0.5987699031829834,0
0.6009957790374756,0
0.6032378673553467,0
0.6054787635803223,0
0.6077346801757812,0
0.609982967376709,0
0.6122448444366455,0
0.6144819259643555,0
0.6167149543762207,0
0.6189539432525635,0
0.6211819648742676,0
0.6234288215637207,0
0.6256740093231201,0
0.6279118061065674,0
0.6301450729370117,0
0.6323599815368652,0
0.6345736980438232,0
0.6367597579956055,0
0.6389451026916504,0
0.6412060260772705,0
0.6434309482574463,0
0.6456639766693115,0
0.6478898525238037,0
0.6501209735870361,0
0.652357816696167,0
0.6545889377593994,0
0.6568179130554199,0
0.6590378284454346,0
0.6612648963928223,0
0.6634948253631592,0
0.6657218933105469,0
0.6679408550262451,0
0.6701109409332275,0
0.67234206199646,0
0.6745798587799072,0
0.6768200397491455,0
0.6790189743041992,0
0.6811919212341309,0
0.6833527088165283,0
0.6855297088623047,0
0.6877307891845703,0
0.6899168491363525,0
0.6921768188476562,0
0.6944546699523926,0
0.6967449188232422,0
0.69911789894104,0
0.7013728618621826,0
0.7035317420959473,0
0.7057039737701416,0
0.7078979015350342,0
0.7101540565490723,0
0.7123658657073975,0
0.7146408557891846,0
0.7168970108032227,0
0.7191078662872314,0
0.7213399410247803,0
0.7235867977142334,0
0.725787878036499,0
0.7279267311096191,0
0.7300739288330078,0
0.7322449684143066,0
0.7344198226928711,0
0.7366158962249756,0
0.7387897968292236,0
0.740966796875,0
0.7431149482727051,0
0.745276927947998,0
0.747452974319458,0
0.7496199607849121,0
0.751788854598999,0
0.7539739608764648,0
0.7562119960784912,0
0.7584519386291504,0
0.7606987953186035,0
0.762941837310791,0
0.7651739120483398,0
0.7674148082733154,0
0.7696609497070312,0
0.7718369960784912,0
0.7739777565002441,0
0.7761638164520264,0
0.7784209251403809,0
0.7806658744812012,0
0.7829098701477051,0
0.7851347923278809,0
0.7872998714447021,0
0.7894830703735352,0
0.7916707992553711,0
0.7938339710235596,0
0.7959728240966797,0
0.7980918884277344,0
0.8002078533172607,0
0.8023788928985596,0
0.8046038150787354,0
0.8068408966064453,0
0.8090677261352539,0
0.8112530708312988,0
0.8134279251098633,0
0.815659761428833,0
0.8179006576538086,0
0.8201417922973633,0
0.8223838806152344,0
0.8246190547943115,0
0.826859712600708,0
0.8291089534759521,0
0.8313379287719727,0
0.8335697650909424,0
0.835770845413208,0
0.8378598690032959,0
0.8399009704589844,0
0.8419389724731445,0
0.8439769744873047,0
0.8460197448730469,0
0.8480546474456787,0
0.8500969409942627,0
0.8521349430084229,0
0.8541898727416992,0
0.8562266826629639,0
0.8582637310028076,0
0.8603057861328125,0
0.8623459339141846,0
0.8644659519195557,0
0.866783857345581,0
0.8691039085388184,0
0.8713936805725098,0
0.8736650943756104,0
0.8759119510650635,0
0.8781428337097168,0
0.8803768157958984,0
0.882617712020874,0
0.8848650455474854,0
0.8870868682861328,0
0.8892498016357422,0
0.8913569450378418,0
0.8934438228607178,0
0.8955168724060059,0
0.8976650238037109,0
0.8997998237609863,0
0.9019298553466797,0
0.9040489196777344,0
0.9061660766601562,0
0.9082858562469482,0
0.9103999137878418,0
0.9125308990478516,0
0.9147117137908936,0
0.9168667793273926,0
0.9189996719360352,0
0.9211640357971191,0
0.9233107566833496,0
0.9254579544067383,0
0.9276747703552246,0
0.9299037456512451,0
0.9321169853210449,0
0.9343249797821045,0
0.9364268779754639,0
0.9385128021240234,0
0.9406068325042725,0
0.9426798820495605,0
0.9447548389434814,0
0.9468238353729248,0
0.9488978385925293,0
0.9509727954864502,0
0.9530408382415771,0
0.955115795135498,0
0.9572229385375977,0
0.9593007564544678,0
0.9613308906555176,0
0.9633557796478271,0
0.9653828144073486,0
0.9674088954925537,0
0.9694318771362305,0
0.9714949131011963,0
0.9736440181732178,0
0.9758117198944092,0
0.9780008792877197,0
0.9801647663116455,0
0.9823107719421387,0
0.9844348430633545,0
0.9865610599517822,0
0.9886999130249023,0
0.9908287525177002,0
0.9929547309875488,0
0.9950847625732422,0
0.9972579479217529,0
0.9994208812713623,0
1.0015156269073486,0
1.0035808086395264,0
1.0056419372558594,0
1.0077078342437744,0
1.009809970855713,0
1.011868953704834,0
1.0139398574829102,0
1.0160000324249268,0
1.0180637836456299,0
1.0201239585876465,0
1.022181749343872,0
1.0242388248443604,0
1.0262987613677979,0
1.0283548831939697,0
1.0304198265075684,0
1.0324747562408447,0
1.0345280170440674,0
1.0365948677062988,0
1.0386476516723633,0
1.040700912475586,0
1.0427536964416504,0
1.0448188781738281,0
1.0468790531158447,0
1.0489318370819092,0
1.0510518550872803,0
1.0531978607177734,0
1.0553207397460938,0
1.0574626922607422,0
1.0595319271087646,0
1.0615947246551514,0
1.0637147426605225,0
1.0659337043762207,0
1.0682048797607422,0
1.070401668548584,0
1.0724549293518066,0
1.0745747089385986,0
1.076622724533081,0
1.0786559581756592,0
1.080672025680542,0
1.082702875137329,0
1.0847668647766113,0
1.0867919921875,0
1.0888078212738037,0
1.0908958911895752,0
1.092965841293335,0
1.0949807167053223,0
1.0970258712768555,0
1.0990359783172607,0
1.101043939590454,0
1.1030538082122803,0
1.1050639152526855,0
1.107132911682129,0
1.1093418598175049,0
1.111393690109253,0
1.1134068965911865,0
1.115419864654541,0
1.117433786392212,0
1.119446039199829,0
1.1214537620544434,0
1.1234838962554932,0
1.1255989074707031,0
1.1276249885559082,0
1.1296336650848389,0
1.1316418647766113,0
1.1336677074432373,0
1.1356847286224365,0
1.137692928314209,0
1.1397130489349365,0
1.1417908668518066,0
1.1438090801239014,0
1.145817756652832,0
1.1478259563446045,0
1.149832010269165,0
1.1518478393554688,0
1.1538560390472412,0
1.155862808227539,0
1.157979965209961,0
1.1600189208984375,0
1.162024974822998,0
1.1640288829803467,0
1.1660308837890625,0
1.1680409908294678,0
1.1700427532196045,0
1.1720457077026367,0
1.1741037368774414,0
1.1761417388916016,0
1.178147792816162,0
1.180156946182251,0
1.1821587085723877,0
1.184175729751587,0
1.1862108707427979,0
1.1883909702301025,0
1.1905028820037842,0
1.1926288604736328,0
1.194720983505249,0
1.1968109607696533,0
1.198887825012207,0
1.2009518146514893,0
1.2030138969421387,0
1.205089807510376,0
1.2071878910064697,0
1.2093009948730469,0
1.2113738059997559,0
1.2134857177734375,0
1.215613842010498,0
1.2177128791809082,0
1.2197778224945068,0
1.221843957901001,0
1.2239487171173096,0
1.226125717163086,0
1.2282297611236572,0
1.2302947044372559,0
1.2323567867279053,0
1.2344818115234375,0
1.2366290092468262,0
1.2387299537658691,0
1.2408359050750732,0
1.2428739070892334,0
1.2449417114257812,0
1.247040033340454,0
1.2491168975830078,0
1.2512247562408447,0
1.25333571434021,0
1.2554349899291992,0
1.2575528621673584,0
1.2597458362579346,0
1.2618639469146729,0
1.2639880180358887,0
1.266068935394287,0
1.2680988311767578,0
1.2701308727264404,0
1.2721717357635498,0
1.2742438316345215,0
1.2763357162475586,0
1.2783689498901367,0
1.2803988456726074,0
1.2824299335479736,0
1.2844569683074951,0
1.2864868640899658,0
1.2885136604309082,0
1.2905726432800293,0
1.29262375831604,0
1.2946507930755615,0
1.2966809272766113,0
1.2987079620361328,0
1.3007469177246094,0
1.302772045135498,0
1.3047969341278076,0
1.3068878650665283,0
1.3089637756347656,0
1.3109588623046875,0
1.31294584274292,0
1.3149309158325195,0
1.3169198036193848,0
1.3189067840576172,0
1.3208949565887451,0
1.3228888511657715,0
1.3249437808990479,0
1.3269577026367188,0
1.3289458751678467,0
1.3309299945831299,0
1.332913875579834,0
1.3348948955535889,0
1.3368828296661377,0
1.3388688564300537,0
1.3409128189086914,0
1.3429458141326904,0
1.3449296951293945,0
1.3469109535217285,0
1.3489007949829102,0
1.3508837223052979,0
1.3528649806976318,0
1.3548429012298584,0
1.3568730354309082,0
1.3589158058166504,0
1.36090087890625,0
1.3628838062286377,0
1.364865779876709,0
1.366849660873413,0
1.368830919265747,0
1.370811939239502,0
1.3728079795837402,0
1.3748629093170166,0
1.3768649101257324,0
1.3788468837738037,0
1.3808279037475586,0
1.3828067779541016,0
1.3847968578338623,0
1.3867778778076172,0
1.3887569904327393,0
1.3907818794250488,0
1.3927760124206543,0
1.3947558403015137,0
1.3967480659484863,0
1.398730993270874,0
1.400709867477417,0
1.4026880264282227,0
1.4046657085418701,0
1.4066638946533203,0
1.408707857131958,0
1.4106948375701904,0
1.4126667976379395,0
1.4146387577056885,0
1.4166147708892822,0
1.4185888767242432,0
1.4205708503723145,0
1.4225428104400635,0
1.4246070384979248,0
1.4265937805175781,0
1.4285650253295898,0
1.4305357933044434,0
1.432506799697876,0
1.4344818592071533,0
1.436452865600586,0
1.4384238719940186,0
1.440408706665039,0
1.442469835281372,0
1.4444589614868164,0
1.4464330673217773,0
1.4484038352966309,0
1.4503769874572754,0
1.4523530006408691,0
1.4543259143829346,0
1.4563078880310059,0
1.458359718322754,0
1.460340976715088,0
1.4623057842254639,0
1.4642729759216309,0
1.4662399291992188,0
1.4682109355926514,0
1.470181941986084,0
1.4721598625183105,0
1.4741919040679932,0
1.4762048721313477,0
1.478177785873413,0
1.480144739151001,0
1.482111930847168,0
1.4840819835662842,0
1.4860458374023438,0
1.4880120754241943,0
1.489985704421997,0
1.492013692855835,0
1.494001865386963,0
1.4959650039672852,0
1.4979279041290283,0
1.4998908042907715,0
1.5018599033355713,0
1.5038249492645264,0
1.5057899951934814,0
1.5077917575836182,0
1.5097930431365967,0
1.5117666721343994,0
1.5137279033660889,0
1.5156898498535156,0
1.5176639556884766,0
1.5196280479431152,0
1.521622657775879,0
1.523629903793335,0
1.525634765625,0
1.5275957584381104,0
1.529554843902588,0
1.5315158367156982,0
1.5334737300872803,0
1.5354340076446533,0
1.5373950004577637,0
1.5393528938293457,0
1.5413827896118164,0
1.5435247421264648,0
1.5456929206848145,0
1.547914981842041,0
1.5499238967895508,0
1.5521197319030762,0
1.5542058944702148,0
1.5562019348144531,0
1.5582516193389893,0
1.5604479312896729,0
1.5625348091125488,0
1.5645289421081543,0
1.5664927959442139,0
1.5684537887573242,0
1.5704116821289062,0
1.5723857879638672,0
1.5744059085845947,0
1.576422929763794,0
1.5783958435058594,0
1.5803558826446533,0
1.5823149681091309,0
1.5842719078063965,0
1.5862438678741455,0
1.588212013244629,0
1.5902538299560547,0
1.592284917831421,0
1.5942628383636475,0
1.5962188243865967,0
1.5981760025024414,0
1.6001348495483398,0
1.6020967960357666,0
1.604050874710083,0
1.606001853942871,0
1.6080188751220703,0
1.6101188659667969,0
1.6121418476104736,0
1.6141037940979004,0
1.6160578727722168,1
1.6180238723754883,2
1.6199908256530762,2
1.621957778930664,2
1.6239988803863525,3
1.6259758472442627,3
1.6279606819152832,4
1.6299147605895996,5
1.6318700313568115,6
1.6337988376617432,6
1.6357598304748535,7
1.6377098560333252,8
1.639671802520752,9
1.6417088508605957,10
1.6436889171600342,11
1.6456408500671387,12
1.6475939750671387,13
1.6495378017425537,13
1.65156888961792,14
1.6536478996276855,15
1.6556439399719238,15
1.6576850414276123,16
1.6597719192504883,17
1.6618597507476807,17
1.6639947891235352,17
1.6660270690917969,18
1.667980670928955,19
1.6699278354644775,20
1.671874761581421,21
1.673912763595581,22
1.675894021987915,23
1.6778829097747803,24
1.679797887802124,24
1.6817388534545898,25
1.683661699295044,25
1.6855928897857666,25
1.6875348091125488,26
1.6894829273223877,27
1.6915018558502197,28
1.6934399604797363,28
1.6953809261322021,29
1.6972920894622803,29
1.6992347240447998,30
1.7011730670928955,31
1.7031049728393555,32
1.7050387859344482,33
1.7070188522338867,34
1.7089979648590088,35
1.7109739780426025,35
1.712928056716919,36
1.714858055114746,36
1.7167768478393555,36
1.7186980247497559,36
1.7206358909606934,37
1.7225558757781982,37
1.7245440483093262,37
1.726477861404419,37
1.7283966541290283,37
1.730334997177124,38
1.7322769165039062,39
1.7342097759246826,40
1.7361319065093994,40
1.7380549907684326,41
1.7399790287017822,42
1.7419819831848145,42
1.7439208030700684,42
1.7458608150482178,43
1.7477939128875732,44
1.7497339248657227,45
1.7516698837280273,46
1.7536468505859375,47
1.7555699348449707,47
1.7575559616088867,48
1.7595088481903076,49
1.7614400386810303,50
1.763347864151001,50
1.765272855758667,51
1.767183780670166,51
1.7691006660461426,52
1.771021842956543,53
1.7729759216308594,54
1.7749440670013428,55
1.7768588066101074,55
1.778770923614502,55
1.780683994293213,56
1.782604694366455,57
1.7845027446746826,57
1.7864179611206055,58
1.788341999053955,59
1.7902417182922363,59
1.7922239303588867,60
1.7941219806671143,60
1.796036720275879,61
1.7979528903961182,62
1.7998719215393066,63
1.8017947673797607,64
1.8037269115447998,65
1.8056519031524658,66
1.8076229095458984,67
1.8095598220825195,68
1.811486005783081,69
1.813398838043213,70
1.8153178691864014,71
1.8172059059143066,71
1.8191258907318115,72
1.8210399150848389,73
1.8229458332061768,73
1.824988842010498,73
1.8269267082214355,74
1.8288278579711914,74
1.8307409286499023,75
1.8326537609100342,76
1.834568977355957,77
1.836451768875122,77
1.8383607864379883,78
1.8403210639953613,79
1.8422808647155762,79
1.844172716140747,79
1.8460700511932373,79
1.8479816913604736,80
1.8498938083648682,81
1.8518428802490234,82
1.853794813156128,83
1.8557310104370117,84
1.8577728271484375,85
1.8598389625549316,86
1.8619358539581299,86
1.863884687423706,87
1.8658030033111572,88
1.8676927089691162,88
1.8696010112762451,89
1.8714818954467773,89
1.8734090328216553,89
1.8754398822784424,90
1.8774158954620361,90
1.879333734512329,91
1.8812470436096191,92
1.883146047592163,93
1.885051965713501,94
1.8869578838348389,95
1.8888578414916992,96
1.8907768726348877,96
1.892672061920166,96
1.89457368850708,97
1.8964688777923584,98
1.898345947265625,98
1.9002230167388916,98
1.9021267890930176,99
1.9040248394012451,100
1.9059200286865234,101
1.9078500270843506,102
1.9097208976745605,102
1.9116218090057373,103
1.9135217666625977,103
1.9154508113861084,104
1.91737699508667,105
1.9192767143249512,105
1.9212098121643066,106
1.9231359958648682,107
1.925121784210205,108
1.926999807357788,108
1.9288649559020996,108
1.9307310581207275,108
1.932628870010376,109
1.9345228672027588,110
1.9363858699798584,110
1.9382736682891846,111
1.9401719570159912,112
1.9420597553253174,113
1.943948745727539,114
1.9458329677581787,115
1.9477288722991943,116
1.949603796005249,116
1.9514896869659424,117
1.9533488750457764,117
1.9552137851715088,117
1.9570708274841309,117
1.9589650630950928,118
1.9608469009399414,119
1.9627289772033691,120
1.9646148681640625,121
1.9664697647094727,121
1.968350887298584,122
1.9702298641204834,123
1.9721169471740723,124
1.9740049839019775,125
1.9758720397949219,125
1.9777538776397705,126
1.979630708694458,127
1.981510877609253,128
1.9833617210388184,128
1.9852209091186523,128
1.9871108531951904,129
1.988987922668457,130
1.9908690452575684,131
1.9927186965942383,131
1.9945957660675049,132
1.9964816570281982,133
1.9983580112457275,134
2.000231981277466,135
2.0021069049835205,136
2.003980875015259,137
2.0058529376983643,138
2.007725715637207,139
2.0096018314361572,140
2.0114786624908447,141
2.013355016708374,142
2.0152299404144287,143
2.0171000957489014,144
2.0189549922943115,144
2.020832061767578,145
2.0226988792419434,146
2.024570941925049,147
2.0264389514923096,148
2.0283029079437256,149
2.0301687717437744,150
2.0320749282836914,151
2.033942699432373,152
2.0358097553253174,153
2.0376718044281006,154
2.0395090579986572,154
2.041374921798706,155
2.0432498455047607,156
2.04512882232666,157
2.0469677448272705,157
2.0488357543945312,158
2.0506980419158936,159
2.052534818649292,159
2.0544016361236572,160
2.0562357902526855,160
2.058069944381714,160
2.059929847717285,161
2.061764717102051,161
2.06363582611084,162
2.0654966831207275,163
2.0673537254333496,164
2.069220781326294,165
2.071079969406128,166
2.07293963432312,167
2.074805974960327,168
2.076647996902466,168
2.0785069465637207,169
2.0803568363189697,170
2.08221173286438,171
2.084068775177002,172
2.085921049118042,173
2.0877697467803955,174
2.089615821838379,175
2.091465950012207,176
2.093348741531372,177
2.095331907272339,178
2.0972259044647217,178
2.0990829467773438,179
2.100933790206909,180
2.1027848720550537,181
2.104640007019043,182
2.1064908504486084,183
2.1083850860595703,183
2.110261917114258,184
2.1120829582214355,184
2.1139309406280518,185
2.1157519817352295,185
2.1175999641418457,186
2.1194210052490234,186
2.121264934539795,187
2.1231207847595215,188
2.124952793121338,188
2.126771926879883,188
2.1286168098449707,189
2.1304399967193604,189
2.1322717666625977,189
2.1341497898101807,190
2.136000871658325,190
2.1378769874572754,191
2.1397509574890137,192
2.141634702682495,193
2.143493890762329,193
2.145357847213745,193
2.147233724594116,194
2.149122714996338,195
2.1509737968444824,195
2.1528499126434326,196
2.1547226905822754,197
2.1565709114074707,197
2.1585159301757812,198
2.1604979038238525,199
2.162393808364868,200
2.1642727851867676,201
2.1661407947540283,202
2.1680099964141846,203
2.1698758602142334,204
2.171738862991333,205
2.1736159324645996,206
2.1754817962646484,207
2.1773550510406494,208
2.1791958808898926,208
2.1810617446899414,209
2.182924747467041,210
2.184790849685669,211
2.186628818511963,211
2.1885058879852295,212
2.1903817653656006,213
2.1922199726104736,213
2.194061756134033,213
2.1958978176116943,213
2.1977579593658447,214
2.1995956897735596,214
2.201432704925537,214
2.2032909393310547,215
2.2051498889923096,216
2.207026958465576,217
2.2088840007781982,218
2.2107338905334473,218
2.212580919265747,218
2.214442014694214,219
2.2162959575653076,220
2.218169927597046,221
2.2200348377227783,222
2.2219018936157227,223
2.223773956298828,224
2.2256288528442383,225
2.2274818420410156,226
2.229336738586426,227
2.2311878204345703,228
2.233041763305664,229
2.2348978519439697,230
2.2367348670959473,230
2.2385716438293457,230
2.2404277324676514,231
2.242278814315796,232
2.2441506385803223,233
2.24600887298584,234
2.2478718757629395,235
2.2497217655181885,236
2.2515687942504883,237
2.253415822982788,238
2.2552649974823,239
2.257086992263794,239
2.258934736251831,240
2.260779619216919,241
2.2626278400421143,242
2.2644758224487305,243
2.2663209438323975,244
2.2681407928466797,244
2.269984006881714,245
2.2718169689178467,245
2.2736587524414062,246
2.275502920150757,247
2.2773239612579346,247
2.2791690826416016,248
2.280986785888672,248
2.2828288078308105,249
2.28466796875,250
2.286482810974121,250
2.2883107662200928,251
2.2901408672332764,252
2.2919957637786865,252
2.293867826461792,253
2.2957329750061035,254
2.2976016998291016,254
2.299485921859741,255
2.301366090774536,256
2.3032498359680176,257
2.305166721343994,257
2.307116746902466,258
2.3090569972991943,259
2.310990810394287,260
2.3129138946533203,261
2.3148789405822754,262
2.3167848587036133,262
2.3186748027801514,263
2.3205738067626953,264
2.3224518299102783,265
2.3243448734283447,265
2.326234817504883,266
2.3281188011169434,267
2.3299548625946045,268
2.331803798675537,269
2.3336100578308105,270
2.3354268074035645,271
2.3372249603271484,272
2.3390228748321533,273
2.3408219814300537,274
2.3426218032836914,275
2.3444197177886963,276
2.3462178707122803,277
2.348012685775757,278
2.3498098850250244,279
2.3516178131103516,280
2.3534138202667236,281
2.3552069664001465,282
2.3569910526275635,282
2.358783006668091,283
2.3605518341064453,283
2.3623459339141846,284
2.364144802093506,285
2.3659489154815674,286
2.3677268028259277,286
2.3695008754730225,286
2.371290922164917,287
2.373054027557373,287
2.3748207092285156,287
2.37661075592041,288
2.3783769607543945,288
2.3801658153533936,289
2.381929874420166,289
2.383723735809326,290
2.385488748550415,290
2.3872787952423096,291
2.3890697956085205,292
2.3908607959747314,293
2.3926479816436768,294
2.394451856613159,295
2.396265983581543,296
2.3980658054351807,296
2.399888753890991,297
2.4017138481140137,298
2.4035840034484863,299
2.405411720275879,300
2.407230854034424,301
2.409045934677124,302
2.4108617305755615,303
2.4126758575439453,304
2.41448974609375,305
2.4162960052490234,306
2.4181067943573,307
2.4199187755584717,308
2.4217259883880615,309
2.423527956008911,310
2.4253358840942383,311
2.4271187782287598,311
2.428905963897705,311
2.4307100772857666,312
2.4325199127197266,313
2.4343249797821045,314
2.4361038208007812,314
2.437922716140747,315
2.439729928970337,316
2.4415369033813477,317
2.44334077835083,318
2.445138931274414,318
2.44694185256958,319
2.448720932006836,319
2.4505228996276855,320
2.4523227214813232,321
2.4541008472442627,321
2.455899953842163,322
2.457676649093628,322
2.459479808807373,323
2.4612789154052734,323
2.4630789756774902,324
2.464878797531128,325
2.466676950454712,326
2.4684507846832275,326
2.470245838165283,327
2.4720458984375,328
2.4738428592681885,329
2.475639820098877,330
2.477437973022461,331
2.47921085357666,331
2.480994701385498,331
2.4827957153320312,332
2.484569787979126,332
2.486341953277588,332
2.488135814666748,333
2.489935874938965,334
2.4917328357696533,335
2.493529796600342,336
2.4953269958496094,337
2.4970948696136475,337
2.4988648891448975,337
2.500657796859741,338
2.502450942993164,339
2.5042357444763184,339
2.5060198307037354,339
2.507802724838257,339
2.509596824645996,340
2.511389970779419,341
2.513184070587158,342
2.5149776935577393,343
2.516767978668213,344
2.5185580253601074,345
2.5203447341918945,346
2.5221378803253174,347
2.523913860321045,347
2.52571177482605,348
2.527498960494995,349
2.529284715652466,350
2.5310730934143066,351
2.5328588485717773,352
2.53464674949646,353
2.536428689956665,354
2.5382158756256104,355
2.5399768352508545,355
2.541735887527466,355
2.543520927429199,356
2.545306921005249,357
2.5470898151397705,358
2.5488479137420654,358
2.550630807876587,359
2.552412986755371,360
2.5541718006134033,360
2.5559518337249756,361
2.557729721069336,362
2.559506893157959,363
2.5612869262695312,364
2.5630626678466797,365
2.5648419857025146,366
2.566617727279663,367
2.5683929920196533,368
2.5701677799224854,369
2.571920871734619,369
2.573694944381714,370
2.575446844100952,370
2.577220916748047,371
2.5790019035339355,372
2.580756902694702,372
2.582531690597534,373
2.584282875061035,373
2.5860328674316406,373
2.587780714035034,373
2.5895519256591797,374
2.591312885284424,374
2.593125820159912,375
2.595012903213501,376
2.5968167781829834,377
2.5985867977142334,378
2.600350856781006,379
2.602113723754883,380
2.6038808822631836,381
2.6056487560272217,382
2.6074459552764893,383
2.609246015548706,384
2.61100172996521,384
2.612764835357666,385
2.6145308017730713,386
2.616269826889038,386
2.618008852005005,386
2.6197807788848877,387
2.6215460300445557,388
2.6233139038085938,389
2.6251347064971924,390
2.626870632171631,391
2.6285970211029053,392
2.6303188800811768,393
2.632044792175293,394
2.633753776550293,394
2.6354787349700928,395
2.6372029781341553,396
2.638903856277466,396
2.6406779289245605,397
2.6424078941345215,398
2.644131898880005,399
2.6458559036254883,400
2.6475830078125,401
2.6493079662323,402
2.651033878326416,403
2.652758836746216,404
2.6544840335845947,405
2.6562068462371826,406
2.6579337120056152,407
2.6596429347991943,407
2.6613619327545166,408
2.663080930709839,409
2.6648049354553223,410
2.6665279865264893,411
2.668225049972534,411
2.669923782348633,411
2.6716396808624268,412
2.6733577251434326,413
2.6750779151916504,414
2.6767737865448,414
2.678497791290283,415
2.680215835571289,416
2.681931972503662,417
2.6836249828338623,417
2.685335874557495,418
2.6870510578155518,419
2.688764810562134,420
2.690476655960083,421
2.692193031311035,422
2.6939027309417725,423
2.6956028938293457,423
2.6973037719726562,423
2.6990089416503906,423
2.7007198333740234,424
2.7024288177490234,425
2.7041399478912354,426
2.7058486938476562,427
2.7075579166412354,428
2.709263801574707,429
2.710970878601074,430
2.7126779556274414,431
2.714383840560913,432
2.7160887718200684,433
2.7177908420562744,434
2.719496965408325,435
2.7212018966674805,436
2.7229037284851074,437
2.724606990814209,438
2.7263119220733643,439
2.727991819381714,439
2.7296767234802246,439
2.7313568592071533,439
2.733035087585449,439
2.7347328662872314,440
2.736450672149658,441
2.7381818294525146,442
2.739919900894165,443
2.741644859313965,444
2.7433769702911377,445
2.7451059818267822,445
2.7468349933624268,446
2.7485618591308594,447
2.750297784805298,448
2.752002716064453,448
2.7537307739257812,449
2.7554550170898438,450
2.7571849822998047,451
2.7589099407196045,452
2.7606358528137207,453
2.762361764907837,454
2.7640867233276367,455
2.765810966491699,456
2.7675328254699707,457
2.7692558765411377,458
2.770981788635254,459
2.772702932357788,460
2.774425745010376,461
2.7761459350585938,462
2.7778658866882324,463
2.779589891433716,464
2.781308889389038,465
2.7830259799957275,466
2.78474497795105,467
2.7864668369293213,468
2.7881710529327393,468
2.789876937866211,468
2.7915966510772705,469
2.7933108806610107,470
2.7950289249420166,471
2.7967238426208496,471
2.7984378337860107,472
2.8001348972320557,472
2.8018507957458496,473
2.8035638332366943,474
2.8052778244018555,475
2.8069698810577393,475
2.8086819648742676,476
2.8103978633880615,477
2.812108039855957,478
2.8138058185577393,478
2.8155107498168945,478
2.8172218799591064,479
2.8189330101013184,480
2.8206467628479004,481
2.8223369121551514,481
2.824044704437256,482
2.8257508277893066,483
2.8274619579315186,484
2.8291478157043457,484
2.8308348655700684,484
2.8325188159942627,484
2.8342227935791016,485
2.8359267711639404,486
2.837629795074463,487
2.8393349647521973,488
2.841040849685669,489
2.842745780944824,490
2.8444478511810303,491
2.8461477756500244,492
2.847848892211914,493
2.849555015563965,494
2.851233720779419,494
2.8529348373413086,495
2.8546249866485596,495
2.856323719024658,496
2.8580029010772705,496
2.8597028255462646,497
2.861405849456787,498
2.863105058670044,499
2.8648059368133545,500
2.8664777278900146,500
2.868173837661743,501
2.8698549270629883,501
2.871551990509033,502
2.873250722885132,503
2.8749477863311768,504
2.876641035079956,505
2.8783438205718994,506
2.880039930343628,507
2.8817358016967773,508
2.8834288120269775,509
2.885122776031494,510
2.886817693710327,511
2.888511896133423,512
2.89021897315979,513
2.8919267654418945,514
2.8936257362365723,515
2.8953018188476562,515
2.896993637084961,516
2.8986880779266357,517
2.9003639221191406,517
2.902056932449341,518
2.903749942779541,519
2.9054179191589355,519
2.9071056842803955,520
2.90879487991333,521
2.9104819297790527,522
2.912163734436035,523
2.9138498306274414,524
2.915510654449463,524
2.9171950817108154,525
2.918879985809326,526
2.920564889907837,527
2.9222500324249268,528
2.923931837081909,529
2.925612688064575,530
2.9272708892822266,530
2.928950786590576,531
2.9306328296661377,532
2.932313919067383,533
2.933990955352783,534
2.9356679916381836,535
2.937337875366211,536
2.939013957977295,537
2.940680980682373,537
2.942357063293457,538
2.944031000137329,539
2.945709705352783,540
2.947381019592285,541
2.9490578174591064,542
2.9507358074188232,543
2.952408790588379,544
2.9540839195251465,545
2.9557456970214844,545
2.957406997680664,545
2.959080934524536,546
2.96075701713562,547
2.962430953979492,548
2.964103937149048,549
2.96577787399292,550
2.9674289226531982,550
2.969078779220581,550
2.970752000808716,551
2.9724228382110596,552
2.9740967750549316,553
2.975770950317383,554
2.9774227142333984,554
2.9790759086608887,554
2.9807469844818115,555
2.982412099838257,556
2.9840798377990723,557
2.985750675201416,558
2.9874207973480225,559
2.9890897274017334,560
2.990757942199707,560
2.992429733276367,561
2.994101047515869,562
2.9957449436187744,562
2.997408866882324,563
2.999074697494507,564
3.0007429122924805,565
3.0024077892303467,566
3.00407075881958,567
3.0057339668273926,568
3.007396936416626,569
3.0090599060058594,570
3.0107028484344482,570
3.0123629570007324,571
3.0140249729156494,572
3.015685796737671,573
3.0173449516296387,574
3.0190017223358154,575
3.0206637382507324,576
3.0223238468170166,577
3.0239808559417725,578
3.0256400108337402,579
3.027294874191284,580
3.0289506912231445,581
3.030606746673584,582
3.0322608947753906,583
3.033895969390869,583
3.0355489253997803,584
3.037184953689575,584
3.0388407707214355,585
3.040494918823242,586
3.042146682739258,587
3.0437917709350586,588
3.0454468727111816,589
3.0470988750457764,590
3.048748731613159,591
3.0504016876220703,592
3.0520336627960205,592
3.0536839962005615,593
3.0553317070007324,594
3.056978940963745,595
3.058607816696167,595
3.060239791870117,595
3.0618896484375,596
3.063516855239868,596
3.065164089202881,597
3.066807746887207,598
3.068448066711426,599
3.0700948238372803,600
3.0717320442199707,600
3.073373794555664,601
3.075016975402832,602
3.0766589641571045,603
3.0783019065856934,604
3.0799508094787598,605
3.0815937519073486,606
3.0832319259643555,606
3.084876775741577,607
3.0865180492401123,608
3.0881400108337402,608
3.08978271484375,609
3.0914218425750732,610
3.0930938720703125,611
3.0948169231414795,612
3.0965487957000732,613
3.0981698036193848,614
3.099780797958374,615
3.1013879776000977,616
3.102977752685547,616
3.104581832885742,617
3.1061859130859375,618
3.1078498363494873,619
3.109480857849121,620
3.1110658645629883,620
3.1126699447631836,621
3.1142537593841553,621
3.115853786468506,622
3.1174557209014893,623
3.1190600395202637,624
3.1206626892089844,625
3.1222598552703857,626
3.1239099502563477,627
3.125518798828125,628
3.127126693725586,629
3.128727674484253,630
3.1303248405456543,631
3.1319198608398438,632
3.1335160732269287,633
3.135093927383423,633
3.1366868019104004,634
3.138270854949951,635
3.1398627758026123,636
3.1414546966552734,637
3.143042802810669,638
3.1446268558502197,639
3.1462008953094482,639
3.147791862487793,640
3.149380922317505,641
3.150967836380005,642
3.1525557041168213,643
3.154146671295166,644
3.1557388305664062,645
3.1573309898376465,646
3.1589179039001465,647
3.160501003265381,648
3.1620888710021973,649
3.1636548042297363,649
3.1652379035949707,650
3.1668219566345215,651
3.168405055999756,652
3.169985771179199,653
3.1715657711029053,654
3.1731467247009277,655
3.174724817276001,656
3.176299810409546,657
3.1778829097747803,658
3.179459810256958,659
3.1810379028320312,660
3.182605743408203,660
3.1841769218444824,660
3.1857547760009766,661
3.187325954437256,662
3.188908815383911,663
3.190484046936035,664
3.1920456886291504,664
3.1936278343200684,665
3.1951849460601807,665
3.196760892868042,666
3.198314905166626,666
3.19986891746521,666
3.2014379501342773,667
3.2030138969421387,668
3.204586982727051,669
3.206145763397217,669
3.207718849182129,670
3.209293842315674,671
3.2108469009399414,671
3.2123987674713135,671
3.2139718532562256,672
3.2155368328094482,673
3.2171058654785156,674
3.218665838241577,674
3.2202389240264893,675
3.221810817718506,676
3.2233810424804688,677
3.2249317169189453,677
3.2264976501464844,678
3.228062868118286,679
3.229633092880249,680
3.231199026107788,681
3.2327659130096436,682
3.2343177795410156,682
3.235882043838501,683
3.2374300956726074,683
3.2390007972717285,684
3.2405929565429688,685
3.24218487739563,686
3.2437808513641357,687
3.245374917984009,688
3.2469658851623535,689
3.2485268115997314,690
3.250088930130005,691
3.2516469955444336,692
3.2532129287719727,693
3.254774808883667,694
3.2563347816467285,695
3.2578959465026855,696
3.2594518661499023,697
3.261007785797119,698
3.262565851211548,699
3.2641258239746094,700
3.2656798362731934,701
3.2672348022460938,702
3.2687900066375732,703
3.2703449726104736,704
3.271901845932007,705
3.273458957672119,706
3.2750139236450195,707
3.276561975479126,708
3.2781147956848145,709
3.2796638011932373,710
3.2812249660491943,711
3.2827746868133545,712
3.284310817718506,712
3.2858476638793945,712
3.2873969078063965,713
3.2889459133148193,714
3.290491819381714,715
3.2920408248901367,716
3.293592691421509,717
3.2951407432556152,718
3.2966878414154053,719
3.298218011856079,719
3.2997617721557617,720
3.3012900352478027,720
3.3028359413146973,721
3.3043808937072754,722
3.3059258460998535,723
3.307450771331787,723
3.308978796005249,723
3.310523748397827,724
3.3120667934417725,725
3.313593864440918,725
3.315164804458618,726
3.3167338371276855,727
3.3183040618896484,728
3.3198578357696533,728
3.3214290142059326,729
3.3229987621307373,730
3.324565887451172,731
3.326136827468872,732
3.3277058601379395,733
3.329257011413574,733
3.330824851989746,734
3.3323757648468018,734
3.3339288234710693,734
3.335495948791504,735
3.3370609283447266,736
3.3386268615722656,737
3.340193033218384,738
3.341761827468872,739
3.3433289527893066,740
3.3448917865753174,741
3.3464548587799072,742
3.3479957580566406,742
3.3495349884033203,742
3.3510658740997314,742
3.3525960445404053,743
3.3541247844696045,744
3.355659008026123,745
3.3571929931640625,746
3.35872483253479,747
3.360247850418091,747
3.3617777824401855,748
3.363313913345337,749
3.364846706390381,750
3.366374969482422,751
3.367886781692505,751
3.369412899017334,752
3.370940923690796,753
3.3724658489227295,754
3.3739919662475586,755
3.375515937805176,756
3.3770248889923096,756
3.3785526752471924,757
3.380072832107544,758
3.381591796875,759
3.38311767578125,760
3.384645938873291,761
3.386169910430908,762
3.38769268989563,763
3.3891987800598145,763
3.390723705291748,764
3.3922278881073,764
3.393751859664917,765
3.395258903503418,765
3.396779775619507,766
3.398300886154175,767
3.3998208045959473,768
3.4013428688049316,769
3.402866840362549,770
3.404388904571533,771
3.405906915664673,772
3.4074230194091797,773
3.4089508056640625,774
3.4104859828948975,774
3.4120190143585205,774
3.4135639667510986,775
3.4151129722595215,776
3.4166598320007324,777
3.418200731277466,778
3.4197428226470947,779
3.421266794204712,780
3.4227778911590576,781
3.424288034439087,781
3.4258010387420654,782
3.4273159503936768,783
3.4288198947906494,784
3.430316686630249,784
3.4318249225616455,785
3.433335781097412,786
3.4348418712615967,787
3.4363389015197754,787
3.4378440380096436,788
3.4393508434295654,789
3.440854787826538,790
3.4423587322235107,791
3.443845748901367,791
3.445347785949707,792
3.446840763092041,792
3.4483468532562256,793
3.449854850769043,794
3.4513628482818604,795
3.452866792678833,796
3.454369068145752,797
3.455852746963501,797
3.4573559761047363,798
3.458858013153076,799
3.4603567123413086,800
3.461854934692383,801
3.4633588790893555,802
3.4648609161376953,803
3.466352939605713,803
3.467849016189575,804
3.4693450927734375,805
3.47082781791687,805
3.4723238945007324,806
3.473818778991699,807
3.4753048419952393,807
3.4768009185791016,808
3.478292942047119,809
3.479787826538086,810
3.4812839031219482,811
3.4827818870544434,812
3.4842748641967773,813
3.4857518672943115,813
3.487243890762329,814
3.488724946975708,814
3.490212917327881,815
3.491705894470215,816
3.493210792541504,817
3.4947309494018555,818
3.496248722076416,819
3.497771739959717,820
3.499271869659424,820
3.5007898807525635,821
3.5023066997528076,822
3.5038259029388428,823
3.5053439140319824,824
3.5068559646606445,825
3.508368968963623,826
3.509878635406494,827
3.511396884918213,828
3.512910842895508,829
3.514434814453125,830
3.5159518718719482,831
3.517467975616455,832
3.518965005874634,832
3.5204598903656006,832
3.5219709873199463,833
3.5234718322753906,833
3.524984836578369,834
3.52649188041687,835
3.5280048847198486,836
3.5295166969299316,837
3.5310096740722656,837
3.532503843307495,837
3.534014940261841,838
3.5355257987976074,839
3.5370328426361084,840
3.538543939590454,841
3.540050983428955,842
3.541555881500244,843
3.543062686920166,844
3.544564962387085,845
3.546060800552368,846
3.5475587844848633,847
3.5490598678588867,848
3.550644874572754,849
3.552238702774048,850
3.553816795349121,851
3.5553359985351562,852
3.556816816329956,853
3.558288812637329,854
3.5597589015960693,855
3.5612127780914307,855
3.562685966491699,856
3.564154863357544,857
3.565624713897705,858
3.5670928955078125,859
3.568568706512451,860
3.5700418949127197,860
3.5715389251708984,861
3.5730350017547607,862
3.5745317935943604,863
3.5760278701782227,864
3.577521800994873,865
3.5790059566497803,866
3.5804738998413086,867
3.581942081451416,868
3.5834109783172607,869
3.5848588943481445,869
3.5863149166107178,870
3.5877788066864014,871
3.589244842529297,872
3.590698003768921,872
3.592244863510132,873
3.5938518047332764,874
3.5953407287597656,875
3.5968027114868164,876
3.598270893096924,877
3.5997157096862793,877
3.60115385055542,877
3.602613925933838,878
3.6040656566619873,879
3.6055219173431396,880
3.6070127487182617,881
3.608503818511963,881
3.609951972961426,881
3.61140775680542,882
3.6128640174865723,883
3.614320755004883,884
3.61575984954834,884
3.617215871810913,885
3.6186459064483643,885
3.6200919151306152,886
3.621539831161499,887
3.6229987144470215,888
3.6245129108428955,889
3.6259777545928955,890
3.6274309158325195,891
3.628870964050293,891
3.6303207874298096,892
3.6317739486694336,893
3.633208751678467,893
3.634652853012085,894
3.636103868484497,895
3.6375529766082764,896
3.6389987468719482,897
3.640436887741089,897
3.641880750656128,898
3.6433298587799072,899
3.644751787185669,899
3.646211862564087,900
3.6476738452911377,901
3.649115800857544,902
3.650556802749634,903
3.6519968509674072,904
3.653437852859497,905
3.6548757553100586,906
3.656317949295044,907
3.65775990486145,908
3.65920090675354,909
3.660623788833618,909
3.6620638370513916,910
3.663503885269165,911
3.664930820465088,911
3.666369676589966,912
3.667809009552002,913
3.669245958328247,914
3.670667886734009,914
3.6720898151397705,914
3.6735289096832275,915
3.674947738647461,915
3.67636775970459,915
3.6778018474578857,916
3.6792356967926025,917
3.680673837661743,918
3.6821067333221436,919
3.6835310459136963,919
3.684964895248413,920
3.6863958835601807,921
3.687833786010742,922
3.6892857551574707,923
3.6907336711883545,924
3.692194700241089,925
3.6936657428741455,926
3.6951239109039307,927
3.6965808868408203,928
3.6980397701263428,929
3.699479818344116,929
3.700937032699585,930
3.702394723892212,931
3.7038469314575195,932
3.7053020000457764,933
3.7067489624023438,934
3.7082037925720215,935
3.709650993347168,936
3.7110958099365234,937
3.712547779083252,938
3.714002847671509,939
3.715449810028076,940
3.7168986797332764,941
3.71833872795105,942
3.719782829284668,943
3.7212250232696533,943
3.7226648330688477,943
3.7241039276123047,943
3.725550889968872,944
3.7269959449768066,945
3.7284438610076904,946
3.7298879623413086,947
3.7313098907470703,947
3.7327568531036377,948
3.7342147827148438,949
3.735658884048462,949
3.7371158599853516,950
3.738562822341919,951
3.7399890422821045,951
3.7414369583129883,952
3.7428700923919678,952
3.7443249225616455,952
3.7457380294799805,952
3.7471418380737305,952
3.7485697269439697,953
3.749985694885254,954
3.751398801803589,955
3.752816915512085,956
3.7542316913604736,957
3.755645990371704,958
3.7570858001708984,959
3.758527994155884,960
3.7599596977233887,961
3.761399745941162,962
3.76283597946167,963
3.764272928237915,963
3.765707015991211,964
3.7671470642089844,965
3.768580913543701,966
3.7700138092041016,967
3.7714619636535645,968
3.7729077339172363,969
3.774343967437744,970
3.7757608890533447,970
3.7772018909454346,971
3.7786388397216797,972
3.7800798416137695,973
3.7815048694610596,974
3.782918930053711,974
3.784332752227783,974
3.7857658863067627,975
3.787191867828369,976
3.7886080741882324,976
3.7900218963623047,976
3.7914507389068604,977
3.7928829193115234,978
3.79430890083313,979
3.79573392868042,980
3.7971577644348145,981
3.7985808849334717,982
3.799988031387329,982
3.801417827606201,983
3.802845001220703,984
3.8042619228363037,984
3.805677890777588,984
3.8070929050445557,984
3.808511972427368,985
3.8099348545074463,986
3.8113417625427246,986
3.812760829925537,987
3.8141677379608154,987
3.8155746459960938,987
3.8169946670532227,988
3.8183979988098145,989
3.8197786808013916,989
3.8211798667907715,990
3.82258677482605,991
3.824014902114868,992
3.8254048824310303,993
3.8268158435821533,994
3.828206777572632,995
3.829601764678955,996
3.830996036529541,997
3.8323850631713867,998
3.8337748050689697,999
3.835160732269287,1000
3.8365488052368164,1001
3.8379247188568115,1001
3.839326858520508,1002
3.8407387733459473,1003
3.842134714126587,1003
3.8435347080230713,1003
3.8449599742889404,1004
3.8463680744171143,1004
3.8477749824523926,1005
3.8491857051849365,1006
3.8505947589874268,1007
3.852005958557129,1008
3.853419780731201,1009
3.854832887649536,1010
3.856240749359131,1011
3.857625722885132,1011
3.8590097427368164,1011
3.860416889190674,1011
3.8618156909942627,1012
3.863219976425171,1012
3.864630699157715,1012
3.8660359382629395,1013
3.8674418926239014,1014
3.8688557147979736,1015
3.870245933532715,1015
3.8716578483581543,1016
3.873063802719116,1017
3.8744778633117676,1018
3.8758738040924072,1019
3.877274751663208,1020
3.8786780834198,1021
3.88008189201355,1022
3.8814830780029297,1023
3.8828859329223633,1024
3.8842897415161133,1024
3.8857009410858154,1025
3.8870978355407715,1025
3.8885068893432617,1026
3.88991379737854,1027
3.8913118839263916,1028
3.8927228450775146,1029
3.8941287994384766,1030
3.8955299854278564,1031
3.8969337940216064,1032
3.898331880569458,1033
3.899728775024414,1034
3.9011199474334717,1035
3.9025187492370605,1036
3.903920888900757,1037
3.905317783355713,1038
3.906714916229248,1039
3.9081170558929443,1040
3.909512996673584,1041
3.910891056060791,1041
3.9122908115386963,1042
3.9136908054351807,1043
3.9150819778442383,1044
3.916484832763672,1045
3.917876958847046,1046
3.919266700744629,1047
3.920653820037842,1048
3.9220309257507324,1048
3.9234256744384766,1049
3.9247899055480957,1049
3.926158905029297,1049
3.927539825439453,1050
3.9289259910583496,1051
3.9303109645843506,1052
3.931696891784668,1053
3.9330780506134033,1054
3.93446683883667,1055
3.9358527660369873,1056
3.9372408390045166,1057
3.9386239051818848,1058
3.9400079250335693,1059
3.9414007663726807,1060
3.9427857398986816,1061
3.9441559314727783,1061
3.9455249309539795,1061
3.9469058513641357,1062
3.948284864425659,1063
3.9496676921844482,1064
3.951050043106079,1065
3.95242977142334,1066
3.9538140296936035,1067
3.9551889896392822,1068
3.956559896469116,1069
3.9579339027404785,1070
3.9592928886413574,1070
3.9606618881225586,1071
3.9620296955108643,1072
3.963408946990967,1073
3.964789867401123,1074
3.9661529064178467,1074
3.967512845993042,1074
3.968873977661133,1074
3.970245838165283,1075
3.971622943878174,1076
3.9729857444763184,1076
3.974360704421997,1077
3.975735664367676,1078
3.977094888687134,1078
3.9784657955169678,1079
3.9798338413238525,1080
3.981207847595215,1081
3.9825727939605713,1082
3.9839348793029785,1082
3.9853057861328125,1083
3.986677885055542,1084
3.988046884536743,1084
3.9894158840179443,1085
3.990769863128662,1085
3.9921388626098633,1086
3.9935097694396973,1087
3.994863748550415,1087
3.9962449073791504,1088
3.9976136684417725,1089
3.9989798069000244,1090
4.000331878662109,1090
4.001684904098511,1090
4.0030517578125,1091
4.004420757293701,1092
4.005785703659058,1093
4.007147789001465,1094
4.008513689041138,1095
4.009870767593384,1095
4.011231899261475,1096
4.012606859207153,1097
4.013960838317871,1097
4.015321731567383,1098
4.016682863235474,1099
4.018040895462036,1100
4.019405841827393,1101
4.0207679271698,1102
4.022125720977783,1103
4.023488998413086,1104
4.024846792221069,1105
4.026189804077148,1105
4.027543783187866,1106
4.028897762298584,1107
4.030256748199463,1108
4.031612873077393,1109
4.032963752746582,1110
4.0343217849731445,1111
4.035670757293701,1112
4.037035703659058,1113
4.038374900817871,1113
4.039724826812744,1114
4.0410637855529785,1114
4.042414903640747,1115
4.043769836425781,1116
4.045104742050171,1116
4.046454668045044,1117
4.047806978225708,1118
4.0491509437561035,1119
4.050498723983765,1120
4.0518457889556885,1121
4.053189754486084,1122
4.054542779922485,1123
4.055881977081299,1124
4.057218790054321,1125
4.058563709259033,1126
4.059902906417847,1127
4.061261892318726,1128
4.0625998973846436,1129
4.063947916030884,1130
4.065290927886963,1131
4.066627740859985,1131
4.067969799041748,1132
4.069294691085815,1132
4.070635795593262,1133
4.071975946426392,1134
4.0733208656311035,1135
4.0746588706970215,1136
4.0759968757629395,1137
4.077332019805908,1138
4.078666925430298,1139
4.080020904541016,1140
4.081356048583984,1141
4.082692861557007,1142
4.084017992019653,1142
4.085362911224365,1143
4.086698055267334,1144
4.088032007217407,1145
4.0893659591674805,1146
4.09068489074707,1146
4.092020034790039,1147
4.093372821807861,1148
4.094813823699951,1149
4.09628701210022,1150
4.097624778747559,1151
4.098941802978516,1152
4.1002466678619385,1152
4.101560831069946,1153
4.102864742279053,1154
4.10416579246521,1155
4.1054768562316895,1156
4.106781959533691,1157
4.108177900314331,1158
4.109524965286255,1159
4.1108269691467285,1160
4.112128019332886,1161
4.1134278774261475,1162
4.114727973937988,1163
4.116014719009399,1163
4.117318868637085,1164
4.118621826171875,1165
4.119920969009399,1166
4.121219873428345,1167
4.122514963150024,1168
4.123868942260742,1169
4.125164747238159,1169
4.126465082168579,1170
4.127760887145996,1171
4.129076957702637,1172
4.130379915237427,1173
4.131680965423584,1174
4.132987976074219,1175
4.134284734725952,1176
4.135600805282593,1177
4.13689398765564,1178
4.138182878494263,1179
4.13947868347168,1180
4.140779733657837,1181
4.142064809799194,1181
4.143356800079346,1182
4.144654750823975,1183
4.1459877490997314,1184
4.147280931472778,1185
4.148576021194458,1186
4.149850845336914,1186
4.151140928268433,1187
4.152427673339844,1188
4.15370774269104,1188
4.155003786087036,1189
4.156298875808716,1189
4.157588005065918,1190
4.158874750137329,1191
4.160163879394531,1192
4.161448955535889,1193
4.162723779678345,1193
4.164016962051392,1194
4.165294885635376,1195
4.166579961776733,1196
4.167852878570557,1196
4.169135808944702,1197
4.170419931411743,1198
4.1717000007629395,1199
4.172981023788452,1200
4.174267768859863,1201
4.17554783821106,1202
4.176831960678101,1203
4.1781158447265625,1204
4.179395914077759,1205
4.180661916732788,1205
4.18193793296814,1206
4.18320894241333,1207
4.18448281288147,1208
4.185752868652344,1209
4.187030792236328,1210
4.188294887542725,1210
4.189569711685181,1211
4.190853834152222,1212
4.19212794303894,1213
4.193399667739868,1214
4.194678068161011,1215
4.195947647094727,1216
4.197224855422974,1217
4.198493003845215,1218
4.19976282119751,1219
4.201027870178223,1220
4.202298879623413,1221
4.2035698890686035,1222
4.204847812652588,1223
4.206118822097778,1224
4.2073657512664795,1224
4.208627939224243,1225
4.209892749786377,1226
4.211168050765991,1227
4.212435007095337,1228
4.213696002960205,1228
4.214958906173706,1229
4.216224908828735,1230
4.217491865158081,1231
4.218747854232788,1232
4.220010995864868,1233
4.22126579284668,1233
4.222523927688599,1233
4.223792791366577,1234
4.225052833557129,1235
4.226309776306152,1235
4.227568864822388,1236
4.2288408279418945,1237
4.230102062225342,1238
4.231348037719727,1238
4.232605934143066,1239
4.233853816986084,1239
4.235113859176636,1240
4.2363739013671875,1241
4.2376320362091064,1242
4.238885879516602,1243
4.240142822265625,1244
4.241396903991699,1245
4.242642879486084,1245
4.243899822235107,1246
4.245152950286865,1247
4.246408939361572,1248
4.247663736343384,1249
4.2489447593688965,1250
4.250207901000977,1251
4.251441955566406,1251
4.2527008056640625,1252
4.253950834274292,1253
4.255199909210205,1254
4.256450891494751,1255
4.257701873779297,1256
4.258940935134888,1256
4.260191917419434,1257
4.261441707611084,1258
4.262688875198364,1259
4.2639429569244385,1260
4.2651917934417725,1261
4.266442060470581,1261
4.267688989639282,1262
4.2689337730407715,1263
4.270168781280518,1263
4.271417856216431,1264
4.272666931152344,1265
4.273897886276245,1265
4.275136947631836,1266
4.276400804519653,1267
4.277643918991089,1268
4.27886700630188,1268
4.280101776123047,1269
4.281346797943115,1270
4.282585859298706,1271
4.283829927444458,1272
4.285069704055786,1273
4.286316871643066,1274
4.287553071975708,1274
4.288789987564087,1275
4.290028810501099,1276
4.291266679763794,1276
4.292606830596924,1277
4.2938878536224365,1278
4.2951250076293945,1279
4.296473741531372,1280
4.297713994979858,1281
4.298938751220703,1282
4.300168991088867,1283
4.3013927936553955,1284
4.302610874176025,1284
4.303842782974243,1285
4.305070877075195,1286
4.306299924850464,1287
4.307522773742676,1288
4.308749675750732,1289
4.309978723526001,1290
4.311203718185425,1291
4.312427043914795,1292
4.313653945922852,1293
4.314871788024902,1294
4.316098690032959,1295
4.317323923110962,1296
4.318540096282959,1296
4.319760799407959,1297
4.3209757804870605,1297
4.3221986293792725,1298
4.323419809341431,1299
4.324651002883911,1300
4.3258607387542725,1300
4.327081918716431,1301
4.328305959701538,1302
4.329526662826538,1303
4.330749988555908,1304
4.3319597244262695,1305
4.333179950714111,1306
4.334406852722168,1307
4.335615873336792,1307
4.336864948272705,1308
4.338083744049072,1309
4.339287757873535,1309
4.340494871139526,1309
4.341708660125732,1310
4.342925786972046,1311
4.3441479206085205,1312
4.34536075592041,1313
4.346575736999512,1314
4.347788095474243,1315
4.349004745483398,1316
4.350214958190918,1317
4.351424932479858,1318
4.352620840072632,1318
4.353830814361572,1319
4.355032682418823,1320
4.356251955032349,1321
4.357452869415283,1322
4.358659744262695,1323
4.3598620891571045,1324
4.36106276512146,1325
4.3622636795043945,1326
4.3634679317474365,1327
4.364666938781738,1328
4.365863800048828,1329
4.367058992385864,1330
4.36825704574585,1331
4.369449853897095,1332
4.3706488609313965,1333
4.371851921081543,1334
4.373056888580322,1335
4.374257802963257,1335
4.375459909439087,1336
4.376654863357544,1336
4.377858877182007,1337
4.3790600299835205,1338
4.380275011062622,1339
4.381465911865234,1339
4.3826539516448975,1339
4.383863687515259,1340
4.3850438594818115,1340
4.3862268924713135,1340
4.387415885925293,1341
4.38861083984375,1342
4.389808893203735,1343
4.391006946563721,1344
4.392202854156494,1345
4.3934009075164795,1346
4.394604682922363,1347
4.395799875259399,1348
4.397007942199707,1349
4.398200750350952,1350
4.399397850036621,1351
4.400588035583496,1352
4.401782751083374,1353
4.402971982955933,1354
4.404176950454712,1355
4.40536093711853,1356
4.406543731689453,1357
4.407734632492065,1358
4.408926963806152,1359
4.41011381149292,1360
4.411305904388428,1361
4.412492752075195,1362
4.413686752319336,1363
4.414873838424683,1364
4.416058778762817,1365
4.417244911193848,1366
4.418428897857666,1367
4.419613838195801,1368
4.420799016952515,1369
4.4219818115234375,1370
4.423147678375244,1370
4.424315929412842,1370
4.425495862960815,1371
4.426670789718628,1371
4.427846908569336,1371
4.429034948348999,1372
4.430207967758179,1373
4.431383848190308,1374
4.43255877494812,1375
4.433740854263306,1376
4.434919834136963,1377
4.436097860336304,1378
4.437274932861328,1379
4.4384520053863525,1380
4.439625978469849,1381
4.44080376625061,1382
4.441975831985474,1383
4.443141937255859,1383
4.444322824478149,1384
4.445502996444702,1385
4.446678638458252,1386
4.447841644287109,1387
4.449019908905029,1387
4.45021390914917,1388
4.451396942138672,1388
4.452601909637451,1389
4.453797817230225,1390
4.454993963241577,1391
4.456185817718506,1392
4.457376003265381,1393
4.458568811416626,1394
4.459756851196289,1395
4.460949897766113,1396
4.462136745452881,1397
4.4633259773254395,1398
4.4645209312438965,1399
4.465718746185303,1400
4.466907978057861,1401
4.46808385848999,1402
4.469266891479492,1402
4.4704577922821045,1403
4.471642732620239,1404
4.472832918167114,1405
4.47402286529541,1406
4.475207805633545,1407
4.476404905319214,1408
4.477586984634399,1409
4.478774070739746,1410
4.479954957962036,1411
4.48113489151001,1412
4.482316017150879,1413
4.483499050140381,1414
4.484683990478516,1415
4.485862970352173,1416
4.487040996551514,1417
4.488224983215332,1418
4.489405870437622,1419
4.490575790405273,1419
4.491752862930298,1420
4.492930889129639,1421
4.494092702865601,1422
4.495248794555664,1423
4.496403932571411,1424
4.497557878494263,1425
4.4987099170684814,1426
4.499860048294067,1427
4.501014709472656,1428
4.502155065536499,1429
4.503297805786133,1430
4.50444483757019,1431
4.505591869354248,1432
4.506746768951416,1433
4.50789475440979,1434
4.509040832519531,1435
4.510189771652222,1436
4.511335849761963,1437
4.5124828815460205,1438
4.513635873794556,1439
4.514781951904297,1440
4.515929698944092,1441
4.517077922821045,1442
4.518222808837891,1443
4.519367933273315,1444
4.5205090045928955,1445
4.521651983261108,1446
4.522794961929321,1447
4.523948669433594,1448
4.525115966796875,1449
4.526274681091309,1450
4.52743673324585,1451
4.528598070144653,1452
4.529758930206299,1453
4.530913829803467,1454
4.532073020935059,1455
4.533236026763916,1456
4.534390687942505,1456
4.535556793212891,1457
4.536711931228638,1458
4.537869691848755,1459
4.539018869400024,1459
4.540175914764404,1460
4.541332960128784,1461
4.542486667633057,1462
4.543637990951538,1463
4.544790029525757,1464
4.54594087600708,1465
4.547092914581299,1466
4.5482497215271,1467
4.549404859542847,1468
4.550546884536743,1469
4.551694869995117,1470
4.5528388023376465,1471
4.553984880447388,1472
4.555127859115601,1473
4.556268692016602,1474
4.557409763336182,1475
4.5585479736328125,1476
4.559693813323975,1477
4.560838937759399,1478
4.561977863311768,1479
4.563119888305664,1480
4.564263820648193,1481
4.565407991409302,1482
4.566550016403198,1483
4.567694902420044,1484
4.5688300132751465,1484
4.569974660873413,1485
4.571120738983154,1486
4.572274923324585,1487
4.5734169483184814,1488
4.574550628662109,1488
4.575694799423218,1489
4.576835870742798,1490
4.577971935272217,1491
4.579115629196167,1492
4.580248832702637,1493
4.581390857696533,1494
4.5825278759002686,1495
4.583667993545532,1496
4.584803819656372,1497
4.585928916931152,1497
4.587066888809204,1498
4.588201999664307,1499
4.589341878890991,1500
4.590475082397461,1501
4.591676950454712,1502
4.592978000640869,1503
4.594159841537476,1504
4.595287799835205,1504
4.596419811248779,1505
4.597523927688599,1505
4.598642826080322,1505
4.599750757217407,1506
4.600863933563232,1507
4.601974010467529,1508
4.603076934814453,1508
4.604184865951538,1509
4.605291843414307,1510
4.6064088344573975,1511
4.607597827911377,1512
4.608744859695435,1513
4.609878063201904,1514
4.610990762710571,1515
4.61209774017334,1516
4.613204002380371,1517
4.61431097984314,1518
4.615418910980225,1519
4.61652398109436,1520
4.617631912231445,1521
4.618734836578369,1522
4.619833707809448,1523
4.6209447383880615,1524
4.6220479011535645,1525
4.6231689453125,1526
4.624278783798218,1527
4.6253697872161865,1527
4.626471996307373,1528
4.62757682800293,1529
4.628679990768433,1530
4.629779815673828,1531
4.63087797164917,1532
4.6319780349731445,1533
4.633072853088379,1534
4.634170770645142,1535
4.635265827178955,1536
4.636363983154297,1537
4.637462854385376,1538
4.638561725616455,1539
4.639660835266113,1540
4.640790700912476,1541
4.64189600944519,1542
4.642992973327637,1543
4.644094944000244,1544
4.645188808441162,1545
4.646282911300659,1546
4.647378921508789,1547
4.648468017578125,1548
4.649554967880249,1549
4.650649785995483,1550
4.651741981506348,1551
4.65283203125,1552
4.653921842575073,1553
4.65500283241272,1553
4.656088829040527,1554
4.657168865203857,1554
4.6582558155059814,1555
4.659340858459473,1556
4.660428047180176,1557
4.661510944366455,1558
4.662593841552734,1559
4.663675785064697,1560
4.664748668670654,1560
4.6658289432525635,1561
4.66690993309021,1562
4.667999029159546,1563
4.66909384727478,1564
4.670179843902588,1565
4.671252012252808,1566
4.672332048416138,1567
4.673398733139038,1567
4.67447566986084,1568
4.67554783821106,1569
4.676625967025757,1570
4.67769980430603,1571
4.678774833679199,1572
4.679853677749634,1573
4.680921792984009,1574
4.681991815567017,1575
4.683060884475708,1576
4.68412971496582,1577
4.685197830200195,1578
4.686265707015991,1579
4.68733286857605,1580
4.688409805297852,1581
4.6894848346710205,1582
4.690576791763306,1583
4.691642761230469,1584
4.692720890045166,1585
4.693786859512329,1586
4.694859981536865,1587
4.695929765701294,1588
4.696990013122559,1589
4.698055982589722,1590
4.699120759963989,1591
4.7001848220825195,1591
4.701249837875366,1592
4.70231294631958,1593
4.70337986946106,1594
4.704445838928223,1595
4.705508708953857,1596
4.706565856933594,1597
4.707621812820435,1598
4.708683013916016,1599
4.7097389698028564,1599
4.710793972015381,1599
4.711855888366699,1600
4.712920904159546,1601
4.713977813720703,1602
4.715037822723389,1603
4.716096878051758,1603
4.717153787612915,1604
4.71820592880249,1604
4.719261884689331,1605
4.720322847366333,1606
4.721378803253174,1607
4.722435712814331,1608
4.7234907150268555,1609
4.724563837051392,1610
4.725637912750244,1611
4.726714849472046,1612
4.7277748584747314,1612
4.728839874267578,1613
4.729918003082275,1614
4.730990886688232,1615
4.732059955596924,1616
4.733129978179932,1617
4.734201908111572,1618
4.7352728843688965,1619
4.736330986022949,1619
4.737397909164429,1620
4.738463878631592,1621
4.739524841308594,1622
4.740609645843506,1623
4.741675853729248,1624
4.7427427768707275,1625
4.743819952011108,1626
4.744878768920898,1626
4.745940923690796,1627
4.746998071670532,1627
4.748057842254639,1628
4.74912166595459,1629
4.750190734863281,1630
4.751248836517334,1631
4.7523157596588135,1632
4.7533769607543945,1633
4.754427909851074,1633
4.755482912063599,1634
4.756545066833496,1635
4.757602691650391,1636
4.75866174697876,1637
4.759720802307129,1638
4.76078987121582,1639
4.761842966079712,1640
4.762899875640869,1641
4.763953924179077,1642
4.765005826950073,1643
4.766057968139648,1644
4.767112970352173,1645
4.76816987991333,1646
4.769223928451538,1647
4.770284652709961,1648
4.771337985992432,1649
4.772378921508789,1650
4.773419618606567,1651
4.774470806121826,1652
4.775521755218506,1653
4.776566743850708,1654
4.7776198387146,1655
4.778671741485596,1656
4.77971887588501,1657
4.780767917633057,1658
4.781805753707886,1658
4.782851696014404,1659
4.783901929855347,1660
4.784944772720337,1661
4.785995960235596,1662
4.7870399951934814,1663
4.788081884384155,1664
4.7891247272491455,1665
4.790167808532715,1666
4.791210889816284,1667
4.792252779006958,1668
4.793292045593262,1669
4.794329881668091,1670
4.795363903045654,1670
4.7964067459106445,1671
4.797440052032471,1672
4.798489809036255,1673
4.799520969390869,1674
4.800556659698486,1675
4.8015899658203125,1676
4.802618741989136,1677
4.803651809692383,1678
4.804690837860107,1679
4.805717945098877,1680
4.806745767593384,1681
4.807780742645264,1682
4.808809995651245,1683
4.809846639633179,1684
4.810886859893799,1685
4.811907768249512,1685
4.8129308223724365,1685
4.81396484375,1686
4.814981937408447,1686
4.816009998321533,1687
4.81703782081604,1688
4.818058967590332,1689
4.819092035293579,1690
4.820121765136719,1691
4.821149826049805,1692
4.8221776485443115,1693
4.823204755783081,1694
4.824234962463379,1695
4.825262784957886,1696
4.8262939453125,1697
4.8273186683654785,1698
4.828343868255615,1699
4.829366683959961,1700
4.830396890640259,1701
4.831425666809082,1702
4.832442760467529,1702
4.8334667682647705,1703
4.834500789642334,1704
4.835517883300781,1704
4.836551904678345,1705
4.837573766708374,1706
4.8385937213897705,1707
4.839616060256958,1708
4.840643882751465,1709
4.84166407585144,1710
4.84268593788147,1711
4.843707799911499,1712
4.84472393989563,1713
4.845746994018555,1714
4.846763849258423,1715
4.847774982452393,1715
4.848785877227783,1715
4.849803924560547,1716
4.850820779800415,1717
4.851832866668701,1718
4.85284686088562,1719
4.853853940963745,1719
4.854867935180664,1720
4.855881929397583,1721
4.856891870498657,1722
4.8579018115997314,1723
4.858911991119385,1724
4.859922885894775,1725
4.86093282699585,1726
4.8619420528411865,1727
4.862949848175049,1728
4.86395788192749,1728
4.86496376991272,1729
4.86597204208374,1730
4.866980791091919,1731
4.8679869174957275,1732
4.868993043899536,1733
4.869995832443237,1733
4.871001720428467,1734
4.872004747390747,1735
4.873003721237183,1735
4.874006748199463,1736
4.87500786781311,1737
4.876008987426758,1738
4.877014636993408,1739
4.878015041351318,1740
4.879015922546387,1741
4.880019903182983,1742
4.881027698516846,1743
4.882028818130493,1744
4.883037805557251,1745
4.884052038192749,1746
4.885052919387817,1747
4.886049747467041,1748
4.887049913406372,1749
4.888041019439697,1749
4.889039754867554,1750
4.890039682388306,1751
4.891035795211792,1752
4.8920300006866455,1753
4.8930277824401855,1754
4.89401388168335,1755
4.8950018882751465,1756
4.895992755889893,1757
4.896988868713379,1758
4.897982835769653,1759
4.898977756500244,1760
4.8999738693237305,1761
4.9009668827056885,1762
4.90195894241333,1763
4.902945041656494,1763
4.903932809829712,1764
4.9049248695373535,1765
4.9059178829193115,1766
4.906899929046631,1767
4.907878875732422,1768
4.908878803253174,1769
4.9098639488220215,1770
4.9108569622039795,1771
4.911841869354248,1772
4.9128289222717285,1773
4.913814067840576,1774
4.9148008823394775,1775
4.915778875350952,1775
4.916759729385376,1776
4.91774582862854,1777
4.918728828430176,1778
4.919708967208862,1779
4.920695781707764,1780
4.92167592048645,1781
4.922658681869507,1782
4.92363977432251,1783
4.924628973007202,1784
4.9255969524383545,1785
4.926577806472778,1786
4.927545785903931,1787
4.928513765335083,1788
4.929489850997925,1789
4.930469751358032,1790
4.93144679069519,1791
4.93242073059082,1792
4.933392763137817,1793
4.934369087219238,1794
4.935338973999023,1795
4.936307907104492,1796
4.9372780323028564,1797
4.93825101852417,1798
4.939217805862427,1798
4.9401936531066895,1799
4.94116473197937,1800
4.942133903503418,1801
4.943104982376099,1802
4.944070816040039,1803
4.945035934448242,1803
4.946001768112183,1804
4.946969747543335,1805
4.947934865951538,1806
4.948903799057007,1807
4.949869871139526,1808
4.950836896896362,1809
4.951797962188721,1810
4.9527587890625,1810
4.953722953796387,1811
4.954686880111694,1812
4.955646991729736,1813
4.956612825393677,1814
4.957574844360352,1815
4.958538055419922,1816
4.959498882293701,1817
4.960458993911743,1817
4.96141791343689,1818
4.962380647659302,1819
4.9633378982543945,1820
4.964294910430908,1821
4.965252876281738,1822
4.966211795806885,1823
4.967167854309082,1824
4.968120813369751,1824
4.96907377243042,1825
4.9700329303741455,1826
4.970987796783447,1827
4.971942901611328,1828
4.97289776802063,1829
4.973845958709717,1829
4.9748029708862305,1830
4.975755929946899,1831
4.976707696914673,1832
4.977660894393921,1833
4.978615760803223,1834
4.9795708656311035,1835
4.980539798736572,1836
4.981490850448608,1837
4.982436895370483,1837
4.983382701873779,1838
4.984327793121338,1838
4.985273838043213,1839
4.986223936080933,1840
4.987170696258545,1841
4.988118648529053,1842
4.98905873298645,1842
4.990006685256958,1843
4.990948915481567,1844
4.991894721984863,1845
4.9928319454193115,1846
4.993776798248291,1847
4.994720935821533,1848
4.9956629276275635,1849
4.9965996742248535,1849
4.997539758682251,1850
4.99848198890686,1851
4.999433994293213,1852
5.00037407875061,1852
5.00131368637085,1853
5.002253770828247,1854
5.003183841705322,1855
5.004133939743042,1856
5.0050718784332275,1857
5.006011962890625,1858
5.006950855255127,1859
5.007887840270996,1860
5.008823871612549,1861
5.009761810302734,1862
5.010699987411499,1863
5.01163387298584,1864
5.012566089630127,1865
5.013499975204468,1866
5.014432907104492,1867
5.015362739562988,1867
5.016291856765747,1868
5.017220735549927,1869
5.018142938613892,1870
5.019067764282227,1871
5.019999027252197,1872
5.020923852920532,1873
5.021852970123291,1874
5.022774696350098,1874
5.02370285987854,1875
5.024634838104248,1876
5.025563955307007,1877
5.026489734649658,1878
5.0274128913879395,1878
5.028347969055176,1879
5.029268980026245,1879
5.030195951461792,1880
5.031120777130127,1881
5.032047748565674,1882
5.032972097396851,1883
5.033894777297974,1884
5.034814834594727,1885
5.035736799240112,1886
5.036654710769653,1887
5.037572860717773,1887
5.0384907722473145,1888
5.039413928985596,1889
5.040337800979614,1890
5.041255950927734,1891
5.042169809341431,1892
5.0430908203125,1893
5.044008016586304,1894
5.044928073883057,1895
5.045843839645386,1896
5.046756744384766,1897
5.047672748565674,1898
5.048585891723633,1899
5.049500942230225,1900
5.050417900085449,1901
5.051332712173462,1902
5.052242994308472,1903
5.05315375328064,1904
5.054062843322754,1905
5.0549798011779785,1906
5.055891990661621,1907
5.056809902191162,1908
5.057721853256226,1909
5.058632850646973,1910
5.05953574180603,1910
5.060456991195679,1911
5.0613648891448975,1912
5.062262773513794,1913
5.063175916671753,1914
5.0640809535980225,1915
5.064985752105713,1916
5.06588888168335,1917
5.066799879074097,1917
5.067706823348999,1918
5.068613767623901,1919
5.0695250034332275,1920
5.070426940917969,1921
5.071329832077026,1922
5.072229862213135,1923
5.073139905929565,1924
5.07404088973999,1925
5.074939966201782,1926
5.075845956802368,1927
5.076754808425903,1928
5.077653884887695,1929
5.078544855117798,1930
5.079450845718384,1931
5.08035683631897,1932
5.081251859664917,1933
5.082145690917969,1934
5.083042860031128,1935
5.083939790725708,1936
5.084834814071655,1937
5.085738897323608,1938
5.086655855178833,1939
5.0875489711761475,1940
5.088441848754883,1941
5.0893378257751465,1942
5.090237855911255,1943
5.091125965118408,1944
5.092014789581299,1945
5.092973709106445,1946
5.093925952911377,1947
5.094940900802612,1948
5.095855951309204,1949
5.09674072265625,1950
5.097625732421875,1951
5.0985107421875,1952
5.099400997161865,1953
5.100290775299072,1954
5.101163625717163,1954
5.1020379066467285,1955
5.102916717529297,1956
5.1037819385528564,1956
5.104647874832153,1957
5.105515718460083,1958
5.106389999389648,1959
5.10729193687439,1960
5.1081929206848145,1961
5.1090569496154785,1962
5.1099278926849365,1963
5.110815048217773,1964
5.111688852310181,1965
5.112548828125,1966
5.113410711288452,1967
5.114270925521851,1967
5.115128755569458,1968
5.115998029708862,1969
5.1168577671051025,1970
5.117714881896973,1971
5.118573904037476,1972
5.119431972503662,1973
5.120294809341431,1974
5.121158838272095,1975
5.122014999389648,1976
5.122887849807739,1977
5.123761892318726,1978
5.1246278285980225,1979
5.125474691390991,1980
5.126327753067017,1981
5.127182722091675,1982
5.1280457973480225,1983
5.128896951675415,1984
5.1297478675842285,1985
5.130595684051514,1986
5.131443023681641,1987
5.132292747497559,1988
5.133136749267578,1989
5.1339757442474365,1990
5.134826898574829,1991
5.135673761367798,1992
5.136518955230713,1993
5.137382984161377,1994
5.138228893280029,1995
5.1390697956085205,1996
5.139925956726074,1997
5.140766859054565,1998
5.141605854034424,1999
5.142493963241577,2000
5.143333911895752,2001
5.1441779136657715,2002
5.145014762878418,2003
5.145857095718384,2004
5.1466968059539795,2005
5.147539854049683,2006
5.14839506149292,2007
5.149233818054199,2008
5.150071859359741,2009
5.1509108543396,2010
5.151748895645142,2011
5.152589797973633,2012
5.153429985046387,2013
5.1542627811431885,2014
5.1551008224487305,2015
5.15593695640564,2016
5.156777858734131,2017
5.157610893249512,2018
5.158445835113525,2019
5.159278869628906,2020
5.160116910934448,2021
5.160953760147095,2022
5.161784887313843,2023
5.162616729736328,2024
5.163447856903076,2025
5.164275884628296,2026
5.165101766586304,2027
5.165932655334473,2028
5.166759967803955,2029
5.167589902877808,2030
5.1684160232543945,2031
5.169245004653931,2032
5.1700828075408936,2033
5.170907974243164,2034
5.171734809875488,2035
5.172580718994141,2036
5.173411846160889,2037
5.174232721328735,2038
5.175053834915161,2039
5.175877809524536,2040
5.176702976226807,2041
5.177525043487549,2042
5.1783459186553955,2043
5.179168939590454,2044
5.179986000061035,2045
5.18080472946167,2046
5.181624889373779,2047
5.182445764541626,2048
5.183276653289795,2049
5.184139966964722,2051
5.184987783432007,2053
5.185817718505859,2054
5.1866466999053955,2055
5.187471866607666,2056
5.188310861587524,2058
5.189135789871216,2059
5.189965724945068,2061
5.190793991088867,2063
5.19162392616272,2064
5.192450761795044,2064
5.1932737827301025,2064
5.1940999031066895,2066
5.194931983947754,2068
5.195765972137451,2070
5.196602821350098,2072
5.197426795959473,2073
5.19825005531311,2075
5.199062824249268,2076
5.1998820304870605,2077
5.200700998306274,2079
5.2015228271484375,2081
5.202349901199341,2083
5.203173875808716,2085
5.203983783721924,2086
5.204802751541138,2088
5.205611705780029,2089
5.206416845321655,2089
5.2072319984436035,2090
5.208039999008179,2091
5.208855867385864,2092
5.209669828414917,2094
5.21047568321228,2095
5.211291790008545,2097
5.21210789680481,2099
5.212922811508179,2101
5.213733911514282,2103
5.214540004730225,2104
5.215353727340698,2105
5.216158866882324,2106
5.216963768005371,2107
5.217776775360107,2109
5.218573808670044,2110
5.219374895095825,2111
5.220180988311768,2112
5.220980882644653,2113
5.221776962280273,2114
5.222579002380371,2115
5.223374843597412,2116
5.224169969558716,2117
5.224969863891602,2118
5.22577166557312,2119
5.22657585144043,2120
5.227372646331787,2121
5.22817587852478,2123
5.228981018066406,2125
5.229781866073608,2127
5.230572700500488,2128
5.231362819671631,2129
5.2321648597717285,2131
5.232966899871826,2133
5.233764886856079,2135
5.2345499992370605,2136
5.2353479862213135,2138
5.236134767532349,2139
5.236928939819336,2141
5.237724781036377,2143
5.2385077476501465,2143
5.239288806915283,2144
5.240070819854736,2145
5.240864992141724,2147
5.241645812988281,2148
5.242440938949585,2149
5.243228912353516,2151
5.244018793106079,2153
5.244816780090332,2154
5.24560284614563,2155
5.246382713317871,2156
5.247187852859497,2157
5.24797797203064,2159
5.248770713806152,2161
5.249550819396973,2162
5.2503297328948975,2163
5.251107692718506,2164
5.251884698867798,2165
5.252672910690308,2167
5.253450870513916,2169
5.254234790802002,2171
5.255014896392822,2172
5.255780935287476,2172
5.2565507888793945,2172
5.257329940795898,2174
5.258103847503662,2175
5.258881092071533,2176
5.259660720825195,2177
5.260434865951538,2178
5.261204957962036,2179
5.261981964111328,2181
5.262757778167725,2182
5.2635338306427,2184
5.264302730560303,2184
5.265066862106323,2184
5.265838861465454,2185
5.26660680770874,2186
5.267369031906128,2187
5.268134832382202,2188
5.2689049243927,2189
5.269667863845825,2190
5.270432949066162,2191
5.271201848983765,2193
5.2719738483428955,2195
5.272737741470337,2196
5.273504018783569,2197
5.2742698192596436,2198
5.275031805038452,2198
5.275800704956055,2200
5.276569843292236,2202
5.277328968048096,2203
5.278084754943848,2204
5.278842926025391,2205
5.279598712921143,2206
5.280354738235474,2207
5.281116962432861,2208
5.281869888305664,2209
5.282625675201416,2210
5.2833757400512695,2210
5.284137010574341,2212
5.284888744354248,2213
5.285644769668579,2214
5.286402702331543,2216
5.28715968132019,2218
5.287911891937256,2219
5.28866982460022,2221
5.289426803588867,2223
5.29017972946167,2225
5.290934801101685,2227
5.291696786880493,2229
5.292469024658203,2231
5.293211936950684,2232
5.293964862823486,2234
5.294718027114868,2236
5.295454978942871,2236
5.29620885848999,2238
5.296954870223999,2239
5.297701835632324,2241
5.298449993133545,2243
5.299181699752808,2243
5.299929857254028,2245
5.30067777633667,2247
5.301422834396362,2249
5.302170753479004,2251
5.302901029586792,2251
5.303647041320801,2253
5.30438494682312,2254
5.305117845535278,2255
5.3058648109436035,2257
5.306602954864502,2259
5.307345867156982,2261
5.308078765869141,2262
5.3088178634643555,2264
5.309549808502197,2265
5.31029200553894,2267
5.311019659042358,2268
5.311748743057251,2269
5.312481641769409,2270
5.313208818435669,2271
5.313938856124878,2272
5.314666986465454,2273
5.31540584564209,2275
5.316144943237305,2276
5.316872835159302,2277
5.317600965499878,2278
5.318321943283081,2278
5.319045782089233,2279
5.319772958755493,2280
5.320494890213013,2281
5.321217775344849,2282
5.321944713592529,2283
5.3226706981658936,2283
5.323394775390625,2284
5.324121713638306,2285
5.3248467445373535,2286
5.325573921203613,2287
5.326296806335449,2288
5.32702898979187,2290
5.327755928039551,2292
5.3284759521484375,2293
5.329195022583008,2294
5.329921722412109,2296
5.330639839172363,2297
5.331357002258301,2298
5.332075834274292,2299
5.332795858383179,2300
5.333510875701904,2301
5.334221839904785,2302
5.334934711456299,2303
5.335648059844971,2304
5.336357831954956,2305
5.337066888809204,2306
5.337777853012085,2307
5.338486671447754,2308
5.3391969203948975,2309
5.339908838272095,2310
5.3406288623809814,2311
5.341339826583862,2312
5.34204888343811,2313
5.342763662338257,2314
5.343474864959717,2315
5.34418797492981,2317
5.344894886016846,2318
5.345609903335571,2320
5.346308708190918,2320
5.347020864486694,2322
5.347733974456787,2324
5.348437070846558,2325
5.349143743515015,2326
5.349851846694946,2328
5.350561857223511,2330
5.351263046264648,2331
5.351972818374634,2333
5.3526787757873535,2334
5.353380918502808,2335
5.354086875915527,2337
5.354777812957764,2337
5.355481863021851,2339
5.356175899505615,2340
5.356876850128174,2342
5.357580661773682,2344
5.358272075653076,2345
5.358972787857056,2347
5.359668970108032,2348
5.360392808914185,2349
5.361088991165161,2350
5.361786842346191,2352
5.362483024597168,2353
5.363175868988037,2354
5.363862037658691,2354
5.364559888839722,2355
5.365248918533325,2356
5.365947961807251,2358
5.366636753082275,2359
5.3673248291015625,2360
5.368011951446533,2361
5.368697881698608,2362
5.369387626647949,2363
5.3700737953186035,2363
5.370763063430786,2364
5.371447801589966,2365
5.372135877609253,2366
5.372823715209961,2367
5.373516798019409,2369
5.37420392036438,2371
5.374888896942139,2373
5.375564098358154,2373
5.376245021820068,2375
5.3769307136535645,2377
5.377601861953735,2378
5.3782799243927,2380
5.378959894180298,2382
5.379627704620361,2383
5.380300760269165,2384
5.38097882270813,2386
5.381647825241089,2387
5.382322788238525,2389
5.382995843887329,2391
5.383662700653076,2392
5.3843278884887695,2392
5.384997844696045,2393
5.38566780090332,2394
5.3863348960876465,2394
5.387004852294922,2396
5.3876729011535645,2398
5.388333797454834,2399
5.389001846313477,2401
5.389669895172119,2403
5.390336036682129,2405
5.390996932983398,2406
5.391661882400513,2408
5.392319917678833,2409
5.392982721328735,2411
5.3936448097229,2413
5.394300937652588,2414
5.3949549198150635,2415
5.395616054534912,2417
5.396275997161865,2419
5.396936893463135,2421
5.397583723068237,2421
5.398234844207764,2422
5.398894786834717,2424
5.399549961090088,2424
5.400202989578247,2425
5.400861978530884,2427
5.401529788970947,2429
5.4021897315979,2431
5.402845859527588,2433
5.403501749038696,2435
5.404149055480957,2436
5.404824733734131,2437
5.405476808547974,2439
5.406122922897339,2440
5.406767845153809,2441
5.407418727874756,2443
5.40805983543396,2444
5.408702850341797,2445
5.409353017807007,2447
5.409999847412109,2449
5.410642862319946,2449
5.411283016204834,2449
5.411922931671143,2449
5.412575960159302,2451
5.413212776184082,2452
5.4138617515563965,2454
5.4145097732543945,2456
5.415154933929443,2458
5.415796995162964,2460
5.416441917419434,2462
5.417075872421265,2463
5.4177186489105225,2464
5.418358087539673,2465
5.419000864028931,2467
5.41963791847229,2468
5.420281887054443,2470
5.420913934707642,2471
5.42155385017395,2473
5.422187805175781,2474
5.42281699180603,2475
5.423448801040649,2476
5.424083948135376,2477
5.42471981048584,2479
5.425351858139038,2481
5.425985097885132,2483
5.426618814468384,2485
5.427249908447266,2487
5.427874803543091,2488
5.428499937057495,2489
5.429128885269165,2491
5.429749965667725,2492
5.430373907089233,2493
5.431000709533691,2495
5.43162989616394,2497
5.4322569370269775,2498
5.432881832122803,2500
5.433495759963989,2500
5.434124708175659,2502
5.434746742248535,2504
5.435370922088623,2506
5.435996770858765,2508
5.436624765396118,2509
5.4372398853302,2509
5.437855958938599,2510
5.43847393989563,2511
5.439088821411133,2512
5.439703702926636,2513
5.440326929092407,2515
5.440946817398071,2517
5.441563844680786,2519
5.442184925079346,2521
5.4428019523620605,2523
5.4434168338775635,2525
5.444026947021484,2526
5.4446327686309814,2527
5.445244789123535,2529
5.445863962173462,2531
5.446468830108643,2532
5.447074890136719,2533
5.447680950164795,2534
5.448282957077026,2534
5.448884963989258,2535
5.449492931365967,2537
5.450109004974365,2539
5.450717926025391,2541
5.451324939727783,2543
5.451919794082642,2543
5.452524662017822,2544
5.45313286781311,2546
5.453730821609497,2546
5.45433497428894,2548
5.454931974411011,2549
5.455535888671875,2551
5.456134796142578,2552
5.456737756729126,2554
5.457341909408569,2556
5.457944869995117,2558
5.4585490226745605,2560
5.4591429233551025,2561
5.459744930267334,2563
5.460347890853882,2564
5.460941791534424,2565
5.461538791656494,2567
5.462132930755615,2568
5.4627320766448975,2570
5.4633259773254395,2572
5.4639198780059814,2573
5.464513063430786,2575
5.465102910995483,2576
5.46569299697876,2577
5.466283798217773,2579
5.466870069503784,2580
5.467455863952637,2581
5.46804404258728,2582
5.468628883361816,2583
5.469213962554932,2584
5.469805717468262,2586
5.470395803451538,2588
5.470974922180176,2589
5.471564054489136,2591
5.472150802612305,2591
5.47273588180542,2593
5.473322868347168,2595
5.4739038944244385,2596
5.474491834640503,2598
5.475068807601929,2599
5.475650787353516,2600
5.476226806640625,2600
5.476805925369263,2601
5.477386951446533,2602
5.477967739105225,2604
5.478549957275391,2606
5.479123830795288,2607
5.479694843292236,2608
5.4802680015563965,2609
5.4808478355407715,2611
5.481420040130615,2612
5.481998920440674,2614
5.4825828075408936,2616
5.4831507205963135,2616
5.483722925186157,2617
5.484303951263428,2618
5.484868764877319,2619
5.485444784164429,2621
5.486016035079956,2623
5.486576795578003,2623
5.487147808074951,2625
5.487713813781738,2626
5.48827862739563,2627
5.488842964172363,2628
5.489413738250732,2630
5.4899818897247314,2632
5.49055290222168,2634
5.491111993789673,2635
5.491681098937988,2637
5.492242813110352,2638
5.4928059577941895,2640
5.493373870849609,2642
5.493942022323608,2644
5.4945008754730225,2645
5.495057821273804,2646
5.495651721954346,2648
5.496204853057861,2649
5.4967639446258545,2651
5.497323036193848,2653
5.4978837966918945,2655
5.498442888259888,2657
5.498996019363403,2657
5.499557733535767,2659
5.500114917755127,2661
5.500669956207275,2663
5.501223802566528,2664
5.50177788734436,2666
5.502336025238037,2667
5.502882719039917,2668
5.503436803817749,2669
5.503988981246948,2671
5.504539966583252,2673
5.5050928592681885,2675
5.505644798278809,2677
5.506190776824951,2678
5.506738901138306,2680
5.507282972335815,2681
5.507826805114746,2682
5.508380889892578,2683
5.508928060531616,2685
5.5094709396362305,2686
5.510016918182373,2688
5.510558843612671,2689
5.51110577583313,2691
5.511652708053589,2693
5.512202024459839,2695
5.512735843658447,2696
5.513274908065796,2697
5.5138099193573,2698
5.514352798461914,2700
5.514885902404785,2701
5.5154218673706055,2702
5.515963792800903,2704
5.5165019035339355,2706
5.51703405380249,2707
5.517570734024048,2708
5.518106937408447,2710
5.518643856048584,2712
5.519173860549927,2713
5.519702672958374,2714
5.520238876342773,2716
5.5207648277282715,2717
5.521291971206665,2718
5.52182674407959,2720
5.522357940673828,2721
5.522882699966431,2722
5.523407936096191,2723
5.523934841156006,2723
5.524463891983032,2725
5.524994850158691,2727
5.525521993637085,2729
5.526049852371216,2731
5.526577949523926,2733
5.527108907699585,2735
5.527621746063232,2736
5.528136968612671,2737
5.528656959533691,2739
5.529176712036133,2741
5.529695987701416,2743
5.530211687088013,2745
5.530728816986084,2747
5.53124475479126,2749
5.531749963760376,2750
5.532274961471558,2752
5.532780647277832,2752
5.533293724060059,2754
5.533800840377808,2755
5.534315824508667,2757
5.534827709197998,2759
5.535329103469849,2760
5.535830736160278,2761
5.536333799362183,2762
5.5368430614471436,2764
5.537348747253418,2766
5.537854909896851,2768
5.538351774215698,2769
5.538847923278809,2769
5.53935170173645,2771
5.539853811264038,2772
5.540358781814575,2774
5.540860891342163,2776
5.541363000869751,2778
5.541856050491333,2779
5.542349815368652,2779
5.542844772338867,2780
5.543338060379028,2781
5.543834924697876,2783
5.5443336963653564,2785
5.544829845428467,2786
5.545325756072998,2788
5.5458128452301025,2789
5.546303033828735,2790
5.546795845031738,2791
5.54728889465332,2793
5.547776937484741,2794
5.54826283454895,2795
5.548752784729004,2796
5.549242734909058,2798
5.549733877182007,2800
5.55021595954895,2801
5.55070686340332,2803
5.551195859909058,2805
5.551676988601685,2806
5.552167892456055,2808
5.552658796310425,2810
5.553143739700317,2812
5.553627967834473,2814
5.554111003875732,2816
5.5545899868011475,2817
5.555073022842407,2819
5.5555548667907715,2821
5.556042909622192,2823
5.556528806686401,2825
5.557009935379028,2827
5.557487726211548,2828
5.55796480178833,2829
5.558449983596802,2831
5.558923959732056,2832
5.559401988983154,2834
5.559873104095459,2835
5.5603437423706055,2836
5.560811758041382,2837
5.561281681060791,2838
5.561751842498779,2839
5.562230825424194,2841
5.56270694732666,2843
5.563171863555908,2844
5.563634872436523,2844
5.564096927642822,2844
5.564569711685181,2845
5.565034866333008,2846
5.56550407409668,2848
5.565974712371826,2850
5.5664448738098145,2851
5.566917896270752,2853
5.5673768520355225,2853
5.567844867706299,2855
5.568307876586914,2856
5.5687737464904785,2858
5.569241762161255,2860
5.569706916809082,2862
5.570168733596802,2864
5.570636749267578,2866
5.571095705032349,2867
5.571552991867065,2868
5.572008848190308,2869
5.572473764419556,2870
5.572932720184326,2872
5.573395013809204,2874
5.573848724365234,2875
5.574303865432739,2876
5.574761867523193,2878
5.575213670730591,2879
5.575671672821045,2881
5.576127052307129,2883
5.576575994491577,2883
5.577027797698975,2884
5.577481985092163,2886
5.577934741973877,2888
5.578389883041382,2890
5.5788350105285645,2891
5.579284906387329,2893
5.579734802246094,2895
5.5801918506622314,2897
5.580645799636841,2899
5.581093788146973,2901
5.581536054611206,2901
5.581984043121338,2903
5.582429885864258,2904
5.582870721817017,2904
5.583317995071411,2906
5.583756685256958,2907
5.58420205116272,2908
5.584640026092529,2909
5.5851006507873535,2911
5.585547924041748,2913
5.585981845855713,2913
5.586426734924316,2915
5.586868047714233,2916
5.5873048305511475,2917
5.587737798690796,2918
5.588178873062134,2919
5.5886149406433105,2920
5.5890538692474365,2922
5.589487791061401,2923
5.589918851852417,2924
5.590359687805176,2926
5.590795993804932,2928
5.591233730316162,2930
5.591664791107178,2931
5.592101812362671,2933
5.592534780502319,2934
5.592980861663818,2936
5.593420028686523,2936
5.593868017196655,2938
5.594310760498047,2939
5.594750881195068,2940
5.595215797424316,2942
5.595671653747559,2944
5.5961527824401855,2944
5.596598863601685,2946
5.597030878067017,2948
5.59745192527771,2949
5.597869873046875,2949
5.598297834396362,2951
5.598715782165527,2952
5.5991387367248535,2954
5.599562883377075,2956
5.599979639053345,2956
5.600405931472778,2958
5.600831985473633,2959
5.601251840591431,2959
5.601670980453491,2960
5.602091073989868,2962
5.602513790130615,2964
5.602934837341309,2966
5.60335373878479,2967
5.603772878646851,2968
5.60419774055481,2969
5.6046178340911865,2971
5.605025768280029,2971
5.605445861816406,2973
5.605856895446777,2974
5.606277942657471,2975
5.606768846511841,2977
5.6072118282318115,2979
5.607641935348511,2981
5.608058929443359,2982
5.608477830886841,2983
5.608910799026489,2985
5.6093430519104,2987
5.609760046005249,2989
5.610173940658569,2990
5.61058783531189,2992
5.6109960079193115,2993
5.61140775680542,2995
5.611820697784424,2997
5.612227916717529,2998
5.612639904022217,3000
5.613042831420898,3000
5.613452672958374,3002
5.613864898681641,3004
5.614276885986328,3006
5.614684820175171,3008
5.615093946456909,3010
5.615495920181274,3011
5.615917682647705,3013
5.616332054138184,3015
5.616741895675659,3017
5.617143869400024,3018
5.61754298210144,3019
5.6179468631744385,3021
5.618348836898804,3023
5.618748903274536,3025
5.6191487312316895,3027
5.619546890258789,3029
5.61994194984436,3029
5.620339870452881,3031
5.620731830596924,3032
5.621129989624023,3034
5.621522903442383,3035
5.621919870376587,3037
5.622313022613525,3039
5.6227099895477295,3041
5.623148679733276,3043
5.623546838760376,3043
5.623952865600586,3045
5.624345779418945,3047
5.624736070632935,3049
5.625124931335449,3050
5.625511884689331,3052
5.625895977020264,3053
5.626284837722778,3055
5.626665830612183,3056
5.627043724060059,3057
5.627424001693726,3058
5.627809047698975,3060
5.628198862075806,3061
5.628586053848267,3063
5.628961086273193,3064
5.629339933395386,3066
5.6297218799591064,3068
5.630094766616821,3069
5.630472898483276,3071
5.630850791931152,3073
5.631225824356079,3074
5.6315999031066895,3075
5.631974935531616,3077
5.632344722747803,3078
5.632720947265625,3080
5.633096933364868,3081
5.633469820022583,3083
5.633842945098877,3085
5.634214878082275,3087
5.634584903717041,3089
5.63495397567749,3091
5.635316848754883,3091
5.635687828063965,3093
5.636051893234253,3094
5.636417865753174,3096
5.636788845062256,3098
5.637152910232544,3099
5.637519836425781,3100
5.637879848480225,3101
5.6382410526275635,3102
5.638598918914795,3102
5.6389617919921875,3104
5.639322757720947,3106
5.639688014984131,3108
5.640059947967529,3110
5.640417098999023,3110
5.640775918960571,3112
5.641129016876221,3112
5.641491889953613,3114
5.641844987869263,3115
5.642202854156494,3117
5.642560005187988,3119
5.642915725708008,3120
5.643270969390869,3122
5.643625974655151,3123
5.643981695175171,3125
5.644338846206665,3127
5.64468789100647,3128
5.645042896270752,3130
5.645395994186401,3132
5.645741701126099,3133
5.646093845367432,3135
5.646442890167236,3137
5.646791934967041,3139
5.647137641906738,3141
5.647486925125122,3143
5.647833824157715,3145
5.64818000793457,3147
5.648521900177002,3148
5.648865699768066,3150
5.649207830429077,3152
5.649552822113037,3154
5.649889707565308,3155
5.6502299308776855,3157
5.65056586265564,3158
5.650904893875122,3160
5.651246786117554,3162
5.651585102081299,3164
5.6519176959991455,3165
5.652254819869995,3167
5.652586936950684,3168
5.652922868728638,3170
5.653254985809326,3171
5.653587818145752,3173
5.65391993522644,3175
5.654253721237183,3177
5.6545820236206055,3178
5.65490984916687,3179
5.655241012573242,3180
5.655566692352295,3181
5.655895709991455,3183
5.6562278270721436,3185
5.656551837921143,3186
5.656885862350464,3188
5.6572160720825195,3190
5.657541751861572,3192
5.65786600112915,3194
5.658192873001099,3196
5.658513784408569,3197
5.658833980560303,3197
5.659157037734985,3198
5.65947699546814,3198
5.659799814224243,3199
5.6601197719573975,3201
5.660438060760498,3202
5.660753965377808,3203
5.661073923110962,3205
5.6613898277282715,3205
5.661709785461426,3207
5.6620259284973145,3208
5.66234278678894,3210
5.662662982940674,3212
5.662984848022461,3214
5.663303852081299,3216
5.663616895675659,3218
5.66392970085144,3220
5.66424298286438,3222
5.6645567417144775,3224
5.664867877960205,3226
5.665179967880249,3228
5.665484666824341,3228
5.6657936573028564,3230
5.666100978851318,3232
5.666407823562622,3234
5.666714906692505,3236
5.667025804519653,3238
5.667330741882324,3240
5.667634963989258,3242
5.667937755584717,3244
5.668243885040283,3246
5.6685450077056885,3248
5.668850898742676,3250
5.6691529750823975,3251
5.6694557666778564,3253
5.66975998878479,3255
5.670058012008667,3257
5.670357942581177,3259
5.670655965805054,3260
5.67095685005188,3262
5.671248912811279,3263
5.671544790267944,3265
5.671839952468872,3267
5.672132730484009,3269
5.672425985336304,3271
5.672717809677124,3273
5.6730146408081055,3275
5.6733057498931885,3276
5.673593759536743,3277
5.673879861831665,3278
5.674168825149536,3280
5.674456834793091,3282
5.674746751785278,3284
5.675033807754517,3286
5.675315856933594,3286
5.675601959228516,3288
5.675886869430542,3290
5.676178932189941,3291
5.676466941833496,3293
5.676753997802734,3295
5.677032947540283,3296
5.677314758300781,3298
5.677591800689697,3298
5.677875995635986,3300
5.678154945373535,3300
5.678431987762451,3301
5.678709983825684,3301
5.678988695144653,3303
5.679267883300781,3305
5.679544687271118,3307
5.6798200607299805,3307
5.68009877204895,3309
5.68037486076355,3311
5.680651903152466,3313
5.680927038192749,3315
5.6812028884887695,3317
5.681475877761841,3319
5.681746959686279,3321
5.682024955749512,3323
5.68229079246521,3323
5.682561635971069,3323
5.682832956314087,3323
5.683098793029785,3323
5.6833648681640625,3323
5.683633804321289,3325
5.683902978897095,3327
5.6841700077056885,3328
5.684437036514282,3330
5.684706687927246,3332
5.684969902038574,3333
5.685238838195801,3335
5.68550181388855,3337
5.685767889022827,3339
5.686032772064209,3341
5.686295747756958,3343
5.6865599155426025,3345
5.68682074546814,3347
5.687083005905151,3349
5.687341690063477,3351
5.68760085105896,3353
5.687856912612915,3354
5.688115835189819,3356
5.688368797302246,3356
5.688627004623413,3358
5.688879728317261,3359
5.689131736755371,3360
5.689387798309326,3362
5.689641952514648,3364
5.689894914627075,3365
5.690147876739502,3367
5.690408945083618,3369
5.690663814544678,3371
5.690913677215576,3373
5.691163778305054,3375
5.691414833068848,3377
5.691662788391113,3379
5.691912889480591,3381
5.692157983779907,3382
5.69240403175354,3384
5.692654848098755,3386
5.692912817001343,3388
5.693159818649292,3390
5.6934027671813965,3392
5.693645715713501,3394
5.693898916244507,3396
5.694137811660767,3397
5.694378852844238,3399
5.69461989402771,3401
5.694861888885498,3403
5.695097923278809,3404
5.695332765579224,3404
5.695574045181274,3406
5.6958088874816895,3407
5.696043014526367,3408
5.6962878704071045,3410
5.696525812149048,3412
5.6967597007751465,3414
5.696998834609985,3416
5.697230815887451,3417
5.697465896606445,3419
5.697695016860962,3419
5.6979289054870605,3421
5.6981587409973145,3423
5.698391675949097,3425
5.698621988296509,3427
5.6988489627838135,3428
5.699076890945435,3430
5.699306011199951,3432
5.699532747268677,3434
5.699757814407349,3436
5.699983835220337,3438
5.700218915939331,3440
5.700441837310791,3440
5.700664758682251,3442
5.700887680053711,3444
5.701108932495117,3446
5.701341867446899,3448
5.701573848724365,3450
5.701796770095825,3452
5.7020158767700195,3454
5.7022318840026855,3455
5.702454090118408,3457
5.702671766281128,3459
5.702889919281006,3459
5.7031028270721436,3459
5.703316926956177,3460
5.703528881072998,3460
5.703742980957031,3462
5.703958034515381,3464
5.7041709423065186,3466
5.7043867111206055,3468
5.704598665237427,3470
5.704809904098511,3472
5.705018758773804,3473
5.705229759216309,3475
5.705436944961548,3476
5.705644845962524,3478
5.705851793289185,3480
5.706058979034424,3482
5.706262826919556,3482
5.706471920013428,3484
5.706676006317139,3485
5.70688271522522,3487
5.7070839405059814,3487
5.707290887832642,3489
5.707496881484985,3491
5.707698822021484,3493
5.707901954650879,3495
5.708104848861694,3496
5.708307981491089,3498
5.70850682258606,3500
5.708706855773926,3501
5.708905935287476,3503
5.70910382270813,3505
5.709301948547363,3507
5.709500789642334,3509
5.709697008132935,3511
5.7098917961120605,3513
5.710084915161133,3515
5.710280895233154,3517
5.710472822189331,3519
5.710663795471191,3521
5.710853815078735,3523
5.711043834686279,3525
5.71123480796814,3527
5.711422920227051,3529
5.711610794067383,3531
5.711796045303345,3532
5.711984872817993,3534
5.7121710777282715,3536
5.7123589515686035,3538
5.712541818618774,3540
5.712725877761841,3542
5.712913990020752,3544
5.713096857070923,3546
5.713277816772461,3548
5.713459014892578,3548
5.713640928268433,3550
5.713818788528442,3550
5.7139997482299805,3552
5.714177846908569,3554
5.714354991912842,3556
5.714531898498535,3558
5.714709997177124,3559
5.714887857437134,3561
5.715063810348511,3563
5.715240001678467,3564
5.715412855148315,3566
5.715587854385376,3568
5.7157628536224365,3570
5.715932846069336,3571
5.716104984283447,3573
5.716275930404663,3575
5.716443777084351,3576
5.716612815856934,3578
5.716783761978149,3580
5.716953754425049,3582
5.717120885848999,3584
5.717288970947266,3586
5.717453718185425,3588
5.7176220417022705,3590
5.717784881591797,3591
5.717950820922852,3593
5.718113660812378,3595
5.718277931213379,3597
5.718441009521484,3599
5.718601942062378,3601
5.718760967254639,3603
5.718919992446899,3605
5.719077825546265,3607
5.719233751296997,3609
5.719390869140625,3611
5.719548940658569,3613
5.719703674316406,3615
5.719859838485718,3617
5.720014810562134,3617
5.720170021057129,3619
5.720323801040649,3621
5.720475912094116,3623
5.720628023147583,3625
5.720780849456787,3628
5.720929861068726,3631
5.721076011657715,3634
5.7212138175964355,3634
5.721350908279419,3635
5.721489906311035,3638
5.721624851226807,3640
5.721760988235474,3643
5.721895933151245,3646
5.722028732299805,3649
5.722158908843994,3649
5.722290992736816,3652
5.722421884536743,3655
5.722555875778198,3658
5.722681760787964,3660
5.722810745239258,3661
5.722934007644653,3661
5.723063707351685,3664
5.723185777664185,3664
5.723310708999634,3667
5.723430871963501,3667
5.723551034927368,3667
5.7236738204956055,3670
5.7237958908081055,3673
5.723916053771973,3676
5.72404408454895,3679
5.724161863327026,3682
5.724282741546631,3685
5.724398851394653,3688
5.724514722824097,3691
5.724628925323486,3694
5.7247419357299805,3697
5.7248547077178955,3700
5.724967956542969,3703
5.725077867507935,3706
5.725186824798584,3709
5.725295782089233,3712
5.72540283203125,3715
5.72550892829895,3718
5.725613832473755,3721
5.725717067718506,3724
5.725818872451782,3726
5.725919961929321,3729
5.726021766662598,3732
5.726120948791504,3735
5.726221799850464,3738
5.726317882537842,3739
5.726416826248169,3742
5.726513862609863,3745
5.726607799530029,3746
5.726702928543091,3749
5.726794958114624,3749
5.726891040802002,3752
5.726985931396484,3755
5.727075815200806,3757
5.727165937423706,3759
5.727255821228027,3762
5.7273478507995605,3765
5.727436065673828,3768
5.727522850036621,3771
5.727608680725098,3774
5.727693796157837,3777
5.727777719497681,3780
5.727860927581787,3783
5.727946043014526,3786
5.728028774261475,3789
5.728108644485474,3792
5.728187799453735,3795
5.7282679080963135,3798
5.728344678878784,3801
5.7284228801727295,3804
5.7284979820251465,3807
5.728575944900513,3810
5.72865104675293,3813
5.728725910186768,3816
5.728800058364868,3819
5.728871822357178,3822
5.728943824768066,3825
5.729013919830322,3829
5.729083776473999,3833
5.729153871536255,3837
5.729220867156982,3841
5.729284763336182,3845
5.72934889793396,3849
5.729410886764526,3853
5.729471921920776,3857
5.7295308113098145,3861
5.729588031768799,3865
5.729646921157837,3870
5.729703903198242,3875
5.7297608852386475,3881
5.729815721511841,3889
5.729881763458252,3905
5.729959964752197,3928
