7.152557373046875e-07,157510
47.94003891944885,4871
47.94013071060181,4870
47.94501876831055,4869
47.94549489021301,4868
47.947728872299194,4867
47.94792199134827,4866
47.94804573059082,4865
47.94815278053284,4864
47.94840669631958,4863
47.948890924453735,4862
47.9505398273468,4861
47.95103168487549,4860
47.9521598815918,4859
47.953786849975586,4858
47.95884966850281,4857
47.95904278755188,4856
47.95915484428406,4855
47.959264039993286,4854
47.9596209526062,4853
47.96222186088562,4852
47.96250081062317,4851
47.96359300613403,4850
47.96468997001648,4849
47.965348958969116,4848
47.96639585494995,4847
47.96820378303528,4846
47.970027685165405,4845
47.97329783439636,4844
47.980238914489746,4843
47.981003761291504,4842
47.98264193534851,4841
47.98282766342163,4840
47.98466682434082,4839
47.98529577255249,4838
47.98790669441223,4837
47.99030685424805,4836
47.99042272567749,4835
47.99085807800293,4834
47.99272584915161,4833
47.99813795089722,4832
47.9989218711853,4831
47.99954891204834,4830
48.0005419254303,4829
48.002028703689575,4828
48.00539588928223,4827
48.00581479072571,4826
48.006824016571045,4825
48.006935834884644,4824
48.00704884529114,4823
48.007773876190186,4822
48.007911920547485,4821
48.0112738609314,4820
48.01230788230896,4819
48.01724195480347,4818
48.01737594604492,4817
48.01906108856201,4816
48.01957988739014,4815
48.02386474609375,4814
48.02398085594177,4813
48.0246479511261,4812
48.026652812957764,4811
48.02715873718262,4810
48.02750897407532,4809
48.027631759643555,4808
48.027754068374634,4807
48.02816390991211,4806
48.0282769203186,4805
48.02938199043274,4804
48.02995204925537,4803
48.03060793876648,4802
48.03071689605713,4801
48.030911922454834,4800
48.03280997276306,4799
48.03432774543762,4798
48.03445291519165,4797
48.03839373588562,4796
48.058082818984985,4795
48.05828380584717,4794
48.0586998462677,4793
48.059929847717285,4792
48.06106662750244,4791
48.061338901519775,4790
48.0628559589386,4789
48.06371092796326,4788
48.06398272514343,4787
48.06486892700195,4786
48.06506586074829,4785
48.065268993377686,4784
48.06627583503723,4783
48.0667028427124,4782
48.069291830062866,4781
48.07051873207092,4780
48.07115387916565,4779
48.07127285003662,4778
48.071709871292114,4777
48.07368302345276,4776
48.0781090259552,4775
48.078229665756226,4774
48.07992672920227,4773
48.0802698135376,4772
48.08121180534363,4771
48.084675788879395,4770
48.08554291725159,4769
48.086246967315674,4768
48.09348678588867,4767
48.093971967697144,4766
48.09445381164551,4765
48.10079908370972,4764
48.100998878479004,4763
48.10127902030945,4762
48.101402759552,4761
48.102473974227905,4760
48.102810859680176,4759
48.103317737579346,4758
48.1035840511322,4757
48.10378074645996,4756
48.1043438911438,4755
48.104532957077026,4754
48.105568647384644,4753
48.10621690750122,4752
48.10671067237854,4751
48.1119339466095,4750
48.11522173881531,4749
48.11542081832886,4748
48.11634182929993,4747
48.116617918014526,4746
48.11718773841858,4745
48.12378287315369,4744
48.12415790557861,4743
48.1243417263031,4742
48.125786781311035,4741
48.133360862731934,4740
48.13436698913574,4739
48.135451793670654,4738
48.137157917022705,4737
48.13808798789978,4736
48.15010595321655,4735
48.151559829711914,4734
48.152251958847046,4733
48.15746474266052,4732
48.15816783905029,4731
48.1602509021759,4730
48.16094899177551,4729
48.16417384147644,4728
48.16698384284973,4727
48.16717290878296,4726
48.1675238609314,4725
48.168070793151855,4724
48.16988706588745,4723
48.17000389099121,4722
48.17011380195618,4721
48.17107582092285,4720
48.17746090888977,4719
48.18186593055725,4718
48.184961795806885,4717
48.185163736343384,4716
48.18609881401062,4715
48.18645000457764,4714
48.19114279747009,4713
48.19378995895386,4712
48.19457483291626,4711
48.196632862091064,4710
48.20988869667053,4709
48.210317850112915,4708
48.21175289154053,4707
48.214359760284424,4706
48.21463084220886,4705
48.21532869338989,4704
48.215680837631226,4703
48.216166973114014,4702
48.21643280982971,4701
48.21670484542847,4700
48.216896772384644,4699
48.21747899055481,4698
48.21876382827759,4697
48.2193968296051,4696
48.22031903266907,4695
48.2209370136261,4694
48.237170934677124,4693
48.24041986465454,4692
48.241413831710815,4691
48.24284887313843,4690
48.243345975875854,4689
48.24419689178467,4688
48.244908809661865,4687
48.24762988090515,4686
48.25705599784851,4685
48.25725293159485,4684
48.258249044418335,4683
48.26126289367676,4682
48.26333689689636,4681
48.263821840286255,4680
48.26863074302673,4679
48.2807240486145,4678
48.28576183319092,4677
48.286601066589355,4676
48.287102937698364,4675
48.28779888153076,4674
48.28808403015137,4673
48.28848886489868,4672
48.29038596153259,4671
48.29501795768738,4670
48.29887795448303,4669
48.30037879943848,4668
48.300811767578125,4667
48.30285382270813,4666
48.30350089073181,4665
48.30398178100586,4664
48.30821776390076,4663
48.30942487716675,4662
48.309616804122925,4661
48.30988383293152,4660
48.31068396568298,4659
48.31205987930298,4658
48.31426286697388,4657
48.315600872039795,4656
48.31571388244629,4655
48.316871881484985,4654
48.321329832077026,4653
48.32198882102966,4652
48.33464193344116,4651
48.33506488800049,4650
48.345184087753296,4649
48.348097801208496,4648
48.348593950271606,4647
48.35110878944397,4646
48.35373497009277,4645
48.35408592224121,4644
48.354493856430054,4643
48.35461187362671,4642
48.355610847473145,4641
48.35573363304138,4640
48.35996079444885,4639
48.36101675033569,4638
48.36541795730591,4637
48.36560392379761,4636
48.36633610725403,4635
48.36724090576172,4634
48.368114948272705,4633
48.36859583854675,4632
48.37222671508789,4631
48.37349581718445,4630
48.37420868873596,4629
48.37614893913269,4628
48.37715482711792,4627
48.37971091270447,4626
48.38007569313049,4625
48.38112688064575,4624
48.3816237449646,4623
48.38173794746399,4622
48.38231682777405,4621
48.386385917663574,4620
48.39371871948242,4619
48.39427590370178,4618
48.3949818611145,4617
48.4023597240448,4616
48.402798891067505,4615
48.40291786193848,4614
48.40387797355652,4613
48.40564775466919,4612
48.40820789337158,4611
48.40869879722595,4610
48.40902876853943,4609
48.40973687171936,4608
48.41006684303284,4607
48.41145300865173,4606
48.411643981933594,4605
48.41503381729126,4604
48.41697597503662,4603
48.41854786872864,4602
48.419673919677734,4601
48.420307874679565,4600
48.4210000038147,4599
48.42292881011963,4598
48.423489809036255,4597
48.424548864364624,4596
48.425971031188965,4595
48.437455892562866,4594
48.438623905181885,4593
48.44053363800049,4592
48.44066786766052,4591
48.44220280647278,4590
48.44413900375366,4589
48.44442391395569,4588
48.4458909034729,4587
48.447388887405396,4586
48.450783014297485,4585
48.453468799591064,4584
48.45692181587219,4583
48.45825386047363,4582
48.460418701171875,4581
48.460999965667725,4580
48.46198081970215,4579
48.462246894836426,4578
48.46296286582947,4577
48.463159799575806,4576
48.46521496772766,4575
48.46614193916321,4574
48.466368675231934,4573
48.467304944992065,4572
48.46772885322571,4571
48.467941761016846,4570
48.47029185295105,4569
48.47286081314087,4568
48.475788831710815,4567
48.47620987892151,4566
48.47639584541321,4565
48.47991490364075,4564
48.48574090003967,4563
48.485936880111694,4562
48.48677587509155,4561
48.487910985946655,4560
48.48810076713562,4559
48.49101281166077,4558
48.491217851638794,4557
48.491485834121704,4556
48.4923357963562,4555
48.49358892440796,4554
48.4956328868866,4553
48.49933385848999,4552
48.499608755111694,4551
48.50024080276489,4550
48.50058388710022,4549
48.50215196609497,4548
48.5022759437561,4547
48.50816893577576,4546
48.51126670837402,4545
48.512675762176514,4544
48.513765811920166,4543
48.51447582244873,4542
48.51783084869385,4541
48.518035888671875,4540
48.5197069644928,4539
48.52026987075806,4538
48.521589040756226,4537
48.52193474769592,4536
48.522408962249756,4535
48.52260375022888,4534
48.52293682098389,4533
48.52399802207947,4532
48.524340867996216,4531
48.5248818397522,4530
48.52776098251343,4529
48.53034782409668,4528
48.53069806098938,4527
48.53188467025757,4526
48.53392481803894,4525
48.53566598892212,4524
48.53863477706909,4523
48.538747787475586,4522
48.539267778396606,4521
48.542115926742554,4520
48.54524087905884,4519
48.54740285873413,4518
48.549219846725464,4517
48.54948592185974,4516
48.55428886413574,4515
48.55746388435364,4514
48.55773186683655,4513
48.55833077430725,4512
48.56020998954773,4511
48.56590294837952,4510
48.566534996032715,4509
48.56794285774231,4508
48.56813287734985,4507
48.576512813568115,4506
48.57763195037842,4505
48.5795259475708,4504
48.58043694496155,4503
48.58343982696533,4502
48.58370900154114,4501
48.58628296852112,4500
48.58690285682678,4499
48.58821678161621,4498
48.58862090110779,4497
48.58880376815796,4496
48.589669942855835,4495
48.589868783950806,4494
48.59006690979004,4493
48.590858697891235,4492
48.591850996017456,4491
48.59275698661804,4490
48.59352397918701,4489
48.59657382965088,4488
48.60133385658264,4487
48.602221727371216,4486
48.60724592208862,4485
48.608038902282715,4484
48.61723875999451,4483
48.617968797683716,4482
48.625680923461914,4481
48.62687087059021,4480
48.62749481201172,4479
48.62819790840149,4478
48.634368658065796,4477
48.63450288772583,4476
48.63494086265564,4475
48.637019872665405,4474
48.637446880340576,4473
48.638370752334595,4472
48.63954186439514,4471
48.64040184020996,4470
48.643112897872925,4469
48.64353370666504,4468
48.644526720047,4467
48.645081758499146,4466
48.645713806152344,4465
48.649521827697754,4464
48.65012979507446,4463
48.65499186515808,4462
48.656006813049316,4461
48.658692836761475,4460
48.65934085845947,4459
48.66025495529175,4458
48.660828828811646,4457
48.66225290298462,4456
48.665000915527344,4455
48.67615270614624,4454
48.67906594276428,4453
48.67962193489075,4452
48.67983794212341,4451
48.68040585517883,4450
48.68400168418884,4449
48.68421983718872,4448
48.68463587760925,4447
48.68497109413147,4446
48.68542170524597,4445
48.68685603141785,4444
48.68706679344177,4443
48.70168685913086,4442
48.70234394073486,4441
48.70278000831604,4440
48.70506286621094,4439
48.70600080490112,4438
48.70909595489502,4437
48.71109366416931,4436
48.71333575248718,4435
48.71652674674988,4434
48.71868705749512,4433
48.719106912612915,4432
48.72428870201111,4431
48.72646188735962,4430
48.72787380218506,4429
48.728009939193726,4428
48.73331594467163,4427
48.73343896865845,4426
48.733875036239624,4425
48.746258020401,4424
48.74675798416138,4423
48.74805998802185,4422
48.7484827041626,4421
48.75063991546631,4420
48.77677798271179,4419
48.77731490135193,4418
48.78317594528198,4417
48.78482794761658,4416
48.784955978393555,4415
48.790074825286865,4414
48.79020380973816,4413
48.79221987724304,4412
48.79371881484985,4411
48.798266887664795,4410
48.802112102508545,4409
48.80331587791443,4408
48.803711891174316,4407
48.80384588241577,4406
48.80530786514282,4405
48.81342697143555,4404
48.814353942871094,4403
48.81851887702942,4402
48.826231718063354,4401
48.82930374145508,4400
48.83717203140259,4399
48.839284896850586,4398
48.8410120010376,4397
48.84404683113098,4396
48.84441590309143,4395
48.84568190574646,4394
48.84888672828674,4393
48.849504709243774,4392
48.851125717163086,4391
48.85356283187866,4390
48.854641914367676,4389
48.86555886268616,4388
48.86691880226135,4387
48.872946977615356,4386
48.87330102920532,4385
48.874977827072144,4384
48.87991404533386,4383
48.88138198852539,4382
48.885611057281494,4381
48.88816785812378,4380
48.88880896568298,4379
48.88907289505005,4378
48.891326904296875,4377
48.89330577850342,4376
48.89475893974304,4375
48.900681018829346,4374
48.90445280075073,4373
48.90607786178589,4372
48.90715503692627,4371
48.90969777107239,4370
48.91846680641174,4369
48.930359840393066,4368
48.93317103385925,4367
48.93364691734314,4366
48.93520784378052,4365
48.93932485580444,4364
48.94173288345337,4363
48.95201587677002,4362
48.95647382736206,4361
48.9577317237854,4360
48.95793104171753,4359
48.9620418548584,4358
48.96457767486572,4357
48.96618986129761,4356
48.96668887138367,4355
48.9709267616272,4354
48.974018812179565,4353
48.976237773895264,4352
48.97915983200073,4351
48.98238492012024,4350
48.99662685394287,4349
48.99891376495361,4348
48.9993360042572,4347
49.00003385543823,4346
49.00333499908447,4345
49.00671577453613,4344
49.01057696342468,4343
49.01280188560486,4342
49.01624584197998,4341
49.024643898010254,4340
49.03345274925232,4339
49.03537392616272,4338
49.03571105003357,4337
49.04127383232117,4336
49.04305171966553,4335
49.04922676086426,4334
49.056381940841675,4333
49.056586027145386,4332
49.06305694580078,4331
49.06963276863098,4330
49.07135081291199,4329
49.07933187484741,4328
49.08167099952698,4327
49.08905291557312,4326
49.098613023757935,4325
49.099034786224365,4324
49.11135697364807,4323
49.115524768829346,4322
49.116862058639526,4321
49.1173677444458,4320
49.11855697631836,4319
49.121829986572266,4318
49.1286358833313,4317
49.13415479660034,4316
49.134416818618774,4315
49.139033794403076,4314
49.14131283760071,4313
49.14276885986328,4312
49.14860486984253,4311
49.15121006965637,4310
49.16469478607178,4309
49.16527271270752,4308
49.16853189468384,4307
49.169392824172974,4306
49.17103600502014,4305
49.17222571372986,4304
49.183135986328125,4303
49.18327188491821,4302
49.184173822402954,4301
49.18530988693237,4300
49.18762493133545,4299
49.19757390022278,4298
49.20677375793457,4297
49.20882987976074,4296
49.21272087097168,4295
49.21666693687439,4294
49.21871995925903,4293
49.221720933914185,4292
49.23205375671387,4291
49.23737668991089,4290
49.24088788032532,4289
49.24143695831299,4288
49.24430584907532,4287
49.24638485908508,4286
49.25162386894226,4285
49.25403690338135,4284
49.255478858947754,4283
49.25883984565735,4282
49.263853788375854,4281
49.26682782173157,4280
49.27042102813721,4279
49.27131485939026,4278
49.29380488395691,4277
49.30215787887573,4276
49.30308985710144,4275
49.30342388153076,4274
49.30873084068298,4273
49.321106910705566,4272
49.32197308540344,4271
49.32293772697449,4270
49.32997989654541,4269
49.33520698547363,4268
49.335697889328,4267
49.340059995651245,4266
49.341731786727905,4265
49.343689918518066,4264
49.34439468383789,4263
49.35406494140625,4262
49.35478091239929,4261
49.36058187484741,4260
49.363900899887085,4259
49.37192487716675,4258
49.373355865478516,4257
49.37653684616089,4256
49.38081169128418,4255
49.38201403617859,4254
49.42407774925232,4253
49.42630887031555,4252
49.43011689186096,4251
49.432870864868164,4250
49.43379783630371,4249
49.45132803916931,4248
49.45233678817749,4247
49.50516200065613,4246
49.50855088233948,4245
49.51918601989746,4244
49.52131366729736,4243
49.52765393257141,4242
49.52974581718445,4241
49.53508377075195,4240
49.54418683052063,4239
49.547361850738525,4238
49.550320863723755,4237
49.55626177787781,4236
49.56042289733887,4235
49.56675100326538,4234
49.57086396217346,4233
49.57663702964783,4232
49.58226799964905,4231
49.58379769325256,4230
49.58789300918579,4229
49.58858776092529,4228
49.59362173080444,4227
49.601191997528076,4226
49.632412910461426,4225
49.64090394973755,4224
49.64742684364319,4223
49.65768098831177,4222
49.65864872932434,4221
49.66472578048706,4220
49.66955280303955,4219
49.67650580406189,4218
49.68184781074524,4217
49.6849479675293,4216
49.686341762542725,4215
49.69809174537659,4214
49.70622897148132,4213
49.74051284790039,4212
49.74646186828613,4211
49.74950408935547,4210
49.758853912353516,4209
49.788755893707275,4208
49.798584938049316,4207
49.800673723220825,4206
49.804287910461426,4205
49.83039379119873,4204
49.84093689918518,4203
49.84119510650635,4202
49.84930181503296,4201
49.85723400115967,4200
49.86046385765076,4199
49.86141896247864,4198
49.861915826797485,4197
49.86347985267639,4196
49.88261890411377,4195
49.899672746658325,4194
49.91532492637634,4193
49.94684982299805,4192
49.94872975349426,4191
49.98116993904114,4190
49.99748086929321,4189
50.01137900352478,4188
50.017348766326904,4187
50.05588889122009,4186
50.08325982093811,4185
50.085066080093384,4184
50.08745288848877,4183
50.088093996047974,4182
50.09619092941284,4181
50.11724281311035,4180
50.15429472923279,4179
50.170668840408325,4178
50.17499279975891,4177
50.24141979217529,4176
50.24528479576111,4175
50.291653871536255,4174
50.30456566810608,4173
50.30691981315613,4172
50.36807990074158,4171
50.38185501098633,4170
50.38250780105591,4169
50.4353506565094,4168
50.44648575782776,4167
50.57674193382263,4166
50.61873698234558,4165
50.69149589538574,4164
50.739646911621094,4163
50.76988482475281,4162
50.780839920043945,4161
50.801992893218994,4160
50.81066179275513,4159
50.81469964981079,4158
50.87747383117676,4157
50.93068885803223,4156
50.984519958496094,4155
51.029762744903564,4154
51.079938888549805,4153
51.15090584754944,4152
51.15566802024841,4151
51.321001052856445,4150
51.44524383544922,4149
51.703964948654175,4148
51.86150670051575,4147
52.13932704925537,4146
52.3548629283905,4145
52.891592025756836,4144
54.53890585899353,4143
