0.003119945526123047,1
0.0031769275665283203,2
0.0032329559326171875,3
0.0032930374145507812,4
0.0033500194549560547,5
0.0034050941467285156,7
0.003465890884399414,9
0.0035200119018554688,11
0.0035698413848876953,13
0.0036249160766601562,16
0.003676891326904297,19
0.0037271976470947266,21
0.003773927688598633,24
0.0038230419158935547,28
0.003874063491821289,33
0.003920793533325195,37
0.003981113433837891,42
0.004026889801025391,48
0.00407099723815918,54
0.004110097885131836,59
0.00414586067199707,61
0.004194021224975586,68
0.004235982894897461,74
0.004277944564819336,80
0.004317045211791992,85
0.0043561458587646484,91
0.0043888092041015625,97
0.004419088363647461,103
0.00445103645324707,109
0.004475831985473633,113
0.004498004913330078,117
0.004519939422607422,122
0.004541873931884766,129
0.004561901092529297,136
0.0045740604400634766,138
0.0045909881591796875,144
0.004604816436767578,149
0.004616975784301758,154
0.004623889923095703,159
