0.0011131763458251953,188
0.0022771358489990234,187
0.003381967544555664,186
0.004486083984375,185
0.005589008331298828,184
0.006693124771118164,183
0.00779414176940918,182
0.008898019790649414,181
0.011220932006835938,180
0.01607513427734375,179
0.017182111740112305,178
0.021055936813354492,177
0.022834300994873047,176
0.024586915969848633,175
0.026612043380737305,174
0.02773118019104004,173
0.031404972076416016,172
0.03250908851623535,171
0.03361010551452637,170
0.03527712821960449,169
0.03805899620056152,168
0.039834022521972656,167
0.04799628257751465,166
0.049758195877075195,165
0.066986083984375,164
0.07601523399353027,163
0.09205126762390137,162
