0.0011229515075683594,188
0.002295970916748047,187
0.0034220218658447266,186
0.004537820816040039,185
0.005650043487548828,184
0.00679779052734375,183
0.007915735244750977,182
0.009769916534423828,181
0.013051986694335938,180
0.014164924621582031,179
0.016967058181762695,178
0.018114805221557617,177
0.023890018463134766,176
0.025037765502929688,175
0.02777409553527832,174
0.028917789459228516,173
0.031171798706054688,172
0.03231692314147949,171
0.03343486785888672,170
0.0345458984375,169
0.03666281700134277,168
0.040776968002319336,167
0.04308795928955078,166
0.050412893295288086,165
0.056488990783691406,164
0.061216115951538086,163
0.0793910026550293,162
0.09421181678771973,161
