0.0011811256408691406,188
0.0023500919342041016,187
0.003492116928100586,186
0.00463104248046875,185
0.005806922912597656,184
0.006951093673706055,183
0.008092164993286133,182
0.009241104125976562,181
0.010415077209472656,180
0.011555910110473633,179
0.013447046279907227,178
0.016800880432128906,177
0.017940044403076172,176
0.020795106887817383,175
0.02196812629699707,174
0.02479720115661621,173
0.02910614013671875,172
0.031196117401123047,171
0.03775620460510254,170
0.041771888732910156,169
0.0470120906829834,168
0.048786163330078125,167
0.0625920295715332,166
0.06660699844360352,165
