0.0011241436004638672,188
0.002245187759399414,187
0.0034728050231933594,186
0.004688262939453125,185
0.006064891815185547,184
0.007266998291015625,183
0.008462190628051758,182
0.00964808464050293,181
0.01214599609375,180
0.016027212142944336,179
0.01832103729248047,178
0.01943206787109375,177
0.022060155868530273,176
0.025164127349853516,175
0.028363943099975586,174
0.029488801956176758,173
0.0306088924407959,172
0.03357219696044922,171
0.034690141677856445,170
0.03580808639526367,169
0.03692913055419922,168
0.038619041442871094,167
0.039739131927490234,166
0.052056074142456055,165
0.059947967529296875,164
0.06413102149963379,163
0.07625508308410645,162
