0.0011601448059082031,188
0.002323150634765625,187
0.0035152435302734375,186
0.004678249359130859,185
0.005834341049194336,184
0.006983280181884766,183
0.008184194564819336,182
0.009345054626464844,181
0.01144719123840332,180
0.01333928108215332,179
0.01660633087158203,178
0.017714262008666992,177
0.02051520347595215,176
0.021640300750732422,175
0.024471044540405273,174
0.02691817283630371,173
0.029364347457885742,172
0.0318760871887207,171
0.032990217208862305,170
0.03413510322570801,169
0.03712821006774902,168
0.03828930854797363,167
0.040264129638671875,166
0.046511173248291016,165
0.047631263732910156,164
0.054148197174072266,163
