0.0011420249938964844,188
0.002275228500366211,187
0.003993988037109375,186
0.005157947540283203,185
0.0062868595123291016,184
0.007413148880004883,183
0.008597135543823242,182
0.010473966598510742,181
0.013796806335449219,180
0.014909982681274414,179
0.018285036087036133,178
0.02122020721435547,177
0.025429964065551758,176
0.02754688262939453,175
0.030972003936767578,174
0.035948991775512695,173
0.03711700439453125,172
0.038233041763305664,171
0.03934001922607422,170
0.04332709312438965,169
0.04537510871887207,168
0.06113600730895996,167
