0.001125335693359375,188
0.002269268035888672,187
0.0033941268920898438,186
0.004517316818237305,185
0.00640416145324707,184
0.0075609683990478516,183
0.008741140365600586,182
0.009906291961669922,181
0.011054277420043945,180
0.015005350112915039,179
0.017898082733154297,178
0.01906728744506836,177
0.022658109664916992,176
0.028866052627563477,175
0.03239607810974121,174
0.03356599807739258,173
0.034739017486572266,172
0.03650522232055664,171
0.03765726089477539,170
0.03881335258483887,169
0.04331803321838379,168
0.04633808135986328,167
0.05451011657714844,166
0.0610203742980957,165
0.07174015045166016,164
0.08264017105102539,163
0.09820127487182617,162
