0.0012149810791015625,188
0.002438068389892578,187
0.0036249160766601562,186
0.004846096038818359,185
0.006041049957275391,184
0.0072040557861328125,183
0.008371829986572266,182
0.009595155715942383,181
0.011559009552001953,180
0.01501607894897461,179
0.017852067947387695,178
0.018969058990478516,177
0.021791934967041016,176
0.024264812469482422,175
0.026089906692504883,174
0.02930307388305664,173
0.030421018600463867,172
0.03157305717468262,171
0.03548789024353027,170
0.03659796714782715,169
0.03770899772644043,168
0.039427995681762695,167
0.0438840389251709,166
0.04778790473937988,165
0.05225014686584473,164
0.05417585372924805,163
0.06246495246887207,162
0.07364511489868164,161
