0.0012612342834472656,188
0.0024819374084472656,187
0.00363922119140625,186
0.0047931671142578125,185
0.00602412223815918,184
0.007175922393798828,183
0.009351968765258789,182
0.010578393936157227,181
0.011753082275390625,180
0.015983104705810547,179
0.017104148864746094,178
0.019935131072998047,177
0.025243282318115234,176
0.028675079345703125,175
0.031095027923583984,174
0.03531813621520996,173
0.036440134048461914,172
0.039276123046875,171
0.040389299392700195,170
0.04723310470581055,169
0.05868697166442871,168
0.0714871883392334,167
