0.0012242794036865234,188
0.0023641586303710938,187
0.0034952163696289062,186
0.004678249359130859,185
0.0059032440185546875,184
0.007086038589477539,183
0.008260250091552734,182
0.00943899154663086,181
0.010653257369995117,180
0.01180410385131836,179
0.01365804672241211,178
0.018809080123901367,177
0.01994800567626953,176
0.02278614044189453,175
0.0253140926361084,174
0.027161121368408203,173
0.028986215591430664,172
0.032096147537231445,171
0.0351710319519043,170
0.03634214401245117,169
0.03751325607299805,168
0.03868699073791504,167
0.04191899299621582,166
0.0528562068939209,165
0.05481696128845215,164
0.07484221458435059,163
