1.5735626220703125e-05,34
8.082389831542969e-05,33
0.00012683868408203125,32
0.0001690387725830078,31
0.0002079010009765625,30
0.00024700164794921875,29
0.00028705596923828125,28
0.0003268718719482422,27
0.0003650188446044922,26
0.0004038810729980469,25
0.0004417896270751953,24
0.0004799365997314453,23
0.0005178451538085938,22
0.00055694580078125,21
0.0006279945373535156,20
0.0006659030914306641,19
0.0007269382476806641,18
0.0007989406585693359,17
0.0009007453918457031,16
0.0009710788726806641,15
0.001008749008178711,14
