0.0015249252319335938,1557
0.0029609203338623047,1556
0.0043680667877197266,1555
0.005795001983642578,1554
0.007254838943481445,1553
0.008733749389648438,1552
0.010164976119995117,1551
0.01164698600769043,1550
0.013152837753295898,1549
0.014616012573242188,1548
0.016054868698120117,1547
0.01749706268310547,1546
0.019024133682250977,1545
0.020561933517456055,1544
0.02203989028930664,1543
0.02351093292236328,1542
0.025084733963012695,1541
0.02657794952392578,1540
0.028033971786499023,1539
0.0294797420501709,1538
0.03099203109741211,1537
0.03245210647583008,1536
0.033943891525268555,1535
0.03548693656921387,1534
0.036998748779296875,1533
0.03856301307678223,1532
0.040213823318481445,1531
0.04173088073730469,1530
0.04326796531677246,1529
0.04475212097167969,1528
0.0462038516998291,1527
0.04763197898864746,1526
0.049083709716796875,1525
0.050498008728027344,1524
0.051889896392822266,1523
0.05328512191772461,1522
0.054741859436035156,1521
0.05610203742980957,1520
0.057435035705566406,1519
0.05874776840209961,1518
0.06010293960571289,1517
0.06143689155578613,1516
0.06274986267089844,1515
0.0640869140625,1514
0.06545710563659668,1513
0.06679391860961914,1512
0.06812000274658203,1511
0.06954693794250488,1510
0.07095789909362793,1509
0.07241177558898926,1508
0.07381296157836914,1507
0.07518982887268066,1506
0.07658696174621582,1505
0.07803010940551758,1504
0.07941794395446777,1503
0.08079290390014648,1502
0.0821371078491211,1501
0.08353400230407715,1500
0.08488702774047852,1499
0.08624672889709473,1498
0.08761096000671387,1497
0.08898591995239258,1496
0.09035491943359375,1495
0.09172797203063965,1494
0.09306907653808594,1493
0.0944528579711914,1492
0.09584188461303711,1491
0.09723782539367676,1490
0.09865093231201172,1489
0.10009002685546875,1488
0.10145187377929688,1487
0.10280489921569824,1486
0.10417699813842773,1485
0.10556793212890625,1484
0.10696172714233398,1483
0.10831785202026367,1482
0.10969185829162598,1481
0.11105513572692871,1480
0.11241006851196289,1479
0.1137540340423584,1478
0.11510086059570312,1477
0.1164851188659668,1476
0.11799073219299316,1475
0.11941981315612793,1474
0.12082290649414062,1473
0.12221002578735352,1472
0.1236419677734375,1471
0.12503480911254883,1470
0.12639403343200684,1469
0.12773394584655762,1468
0.12910985946655273,1467
0.1305079460144043,1466
0.13188982009887695,1465
0.13327407836914062,1464
0.13466787338256836,1463
0.13605093955993652,1462
0.1374359130859375,1461
0.13881278038024902,1460
0.14020490646362305,1459
0.14159512519836426,1458
0.14297008514404297,1457
0.1443469524383545,1456
0.145737886428833,1455
0.14712190628051758,1454
0.14849400520324707,1453
0.14986205101013184,1452
0.15127086639404297,1451
0.15268182754516602,1450
0.15407896041870117,1449
0.1554858684539795,1448
0.15690374374389648,1447
0.1582930088043213,1446
0.15965890884399414,1445
0.1610260009765625,1444
0.16241097450256348,1443
0.163787841796875,1442
0.1651630401611328,1441
0.16652989387512207,1440
0.16791486740112305,1439
0.169295072555542,1438
0.17066383361816406,1437
0.17202997207641602,1436
0.173414945602417,1435
0.17478179931640625,1434
0.17613983154296875,1433
0.1775069236755371,1432
0.17963695526123047,1431
0.1810159683227539,1430
0.18366193771362305,1429
0.18587493896484375,1428
0.18724489212036133,1427
0.18862485885620117,1426
0.19000005722045898,1425
0.19135093688964844,1424
0.1944277286529541,1423
0.1971268653869629,1422
0.19955706596374512,1421
0.2008659839630127,1420
0.20312786102294922,1419
0.20454692840576172,1418
0.20687294006347656,1417
0.20896100997924805,1416
0.21033000946044922,1415
0.2131669521331787,1414
0.21459603309631348,1413
0.21601605415344238,1412
0.21763086318969727,1411
0.22029399871826172,1410
0.22313904762268066,1409
0.22453975677490234,1408
0.22669196128845215,1407
0.22810578346252441,1406
0.22949981689453125,1405
0.23088288307189941,1404
0.23224997520446777,1403
0.23365092277526855,1402
0.23594903945922852,1401
0.2373180389404297,1400
0.2387099266052246,1399
0.24010682106018066,1398
0.2415158748626709,1397
0.24427103996276855,1396
0.2456507682800293,1395
0.2470378875732422,1394
0.2484128475189209,1393
0.24979710578918457,1392
0.2511758804321289,1391
0.253673791885376,1390
0.25511789321899414,1389
0.25731611251831055,1388
0.258699893951416,1387
0.26090097427368164,1386
0.26229381561279297,1385
0.26505589485168457,1384
0.26744890213012695,1383
0.26999902725219727,1382
0.272446870803833,1381
0.2738480567932129,1380
0.27767276763916016,1379
0.28003811836242676,1378
0.28142881393432617,1377
0.284221887588501,1376
0.2864189147949219,1375
0.288679838180542,1374
0.29090094566345215,1373
0.29407310485839844,1372
0.29665398597717285,1371
0.29938387870788574,1370
0.30193305015563965,1369
0.3041558265686035,1368
0.3065829277038574,1367
0.3088197708129883,1366
0.3113980293273926,1365
0.31406688690185547,1364
0.31539392471313477,1363
0.3167238235473633,1362
0.31807398796081543,1361
0.3202669620513916,1360
0.3227989673614502,1359
0.3241310119628906,1358
0.32626891136169434,1357
0.3276238441467285,1356
0.3289608955383301,1355
0.3302898406982422,1354
0.3316199779510498,1353
0.3329639434814453,1352
0.33545684814453125,1351
0.33678293228149414,1350
0.3381350040435791,1349
0.340181827545166,1348
0.3424980640411377,1347
0.3447439670562744,1346
0.34703898429870605,1345
0.3491709232330322,1344
0.3515477180480957,1343
0.3538548946380615,1342
0.3551819324493408,1341
0.3576240539550781,1340
0.3589489459991455,1339
0.3602759838104248,1338
0.36286091804504395,1337
0.3648989200592041,1336
0.3673567771911621,1335
0.3687260150909424,1334
0.37011098861694336,1333
0.37151288986206055,1332
0.37286996841430664,1331
0.3742198944091797,1330
0.37555384635925293,1329
0.3769059181213379,1328
0.37921786308288574,1327
0.38054704666137695,1326
0.3829958438873291,1325
0.3854849338531494,1324
0.3868439197540283,1323
0.3881809711456299,1322
0.39076900482177734,1321
0.3921210765838623,1320
0.3934619426727295,1319
0.39557814598083496,1318
0.39693212509155273,1317
0.3993358612060547,1316
0.40163493156433105,1315
0.40297389030456543,1314
0.406904935836792,1313
0.40824103355407715,1312
0.40956687927246094,1311
0.41089892387390137,1310
0.41321802139282227,1309
0.41454577445983887,1308
0.4158661365509033,1307
0.41797900199890137,1306
0.4193089008331299,1305
0.4214940071105957,1304
0.4235219955444336,1303
0.424893856048584,1302
0.4275698661804199,1301
0.43033480644226074,1300
0.43254899978637695,1299
0.4339268207550049,1298
0.4367668628692627,1297
0.4395890235900879,1296
0.44098591804504395,1295
0.44232177734375,1294
0.4436368942260742,1293
0.44614076614379883,1292
0.44844698905944824,1291
0.4497709274291992,1290
0.45112109184265137,1289
0.45247793197631836,1288
0.4551079273223877,1287
0.4572639465332031,1286
0.4586019515991211,1285
0.4607558250427246,1284
0.4630289077758789,1283
0.4654550552368164,1282
0.4679439067840576,1281
0.4692800045013428,1280
0.4714820384979248,1279
0.47281599044799805,1278
0.4752838611602783,1277
0.4766268730163574,1276
0.4789729118347168,1275
0.48032617568969727,1274
0.48238301277160645,1273
0.48560094833374023,1272
0.48693394660949707,1271
0.4882678985595703,1270
0.48961687088012695,1269
0.4921989440917969,1268
0.49353599548339844,1267
0.49487900733947754,1266
0.4962170124053955,1265
0.49839186668395996,1264
0.5004310607910156,1263
0.5026087760925293,1262
0.5039539337158203,1261
0.5052800178527832,1260
0.5066418647766113,1259
0.5091860294342041,1258
0.5114138126373291,1257
0.5127630233764648,1256
0.5141069889068604,1255
0.5165538787841797,1254
0.5189847946166992,1253
0.5203409194946289,1252
0.5216848850250244,1251
0.5243260860443115,1250
0.5256690979003906,1249
0.5281100273132324,1248
0.5301611423492432,1247
0.5323529243469238,1246
0.5336859226226807,1245
0.5350148677825928,1244
0.5371789932250977,1243
0.5385100841522217,1242
0.5408627986907959,1241
0.5435159206390381,1240
0.5458779335021973,1239
0.5472159385681152,1238
0.5485470294952393,1237
0.5498957633972168,1236
0.5530490875244141,1235
0.5560488700866699,1234
0.5574140548706055,1233
0.5609090328216553,1232
0.5635488033294678,1231
0.564903736114502,1230
0.5662479400634766,1229
0.5700569152832031,1228
0.5738921165466309,1227
0.5765810012817383,1226
0.5796048641204834,1225
0.5809550285339355,1224
0.5842380523681641,1223
0.5870509147644043,1222
0.5896918773651123,1221
0.5930099487304688,1220
0.5943479537963867,1219
0.597416877746582,1218
0.5998120307922363,1217
0.602653980255127,1216
0.6047389507293701,1215
0.607719898223877,1214
0.6090948581695557,1213
0.6116859912872314,1212
0.6131739616394043,1211
0.6154308319091797,1210
0.6184589862823486,1209
0.6236469745635986,1208
0.6278738975524902,1207
0.6292128562927246,1206
0.6317799091339111,1205
0.6331329345703125,1204
0.6344709396362305,1203
0.6358048915863037,1202
0.6391129493713379,1201
0.6404399871826172,1200
0.641791820526123,1199
0.6449551582336426,1198
0.6462979316711426,1197
0.6495349407196045,1196
0.6508657932281494,1195
0.6534059047698975,1194
0.6572549343109131,1193
0.6585898399353027,1192
0.6599280834197998,1191
0.6630449295043945,1190
0.6661958694458008,1189
0.6691498756408691,1188
0.6705029010772705,1187
0.6737849712371826,1186
0.6777620315551758,1185
0.6807959079742432,1184
0.6828558444976807,1183
0.68526291847229,1182
0.6865909099578857,1181
0.6879410743713379,1180
0.6892678737640381,1179
0.6905860900878906,1178
0.6930620670318604,1177
0.6943840980529785,1176
0.6956877708435059,1175
0.6969988346099854,1174
0.6983227729797363,1173
0.7019917964935303,1172
0.7055017948150635,1171
0.706824779510498,1170
0.7081539630889893,1169
0.7112560272216797,1168
0.7125928401947021,1167
0.7162408828735352,1166
0.7187089920043945,1165
0.7219009399414062,1164
0.7240250110626221,1163
0.7253780364990234,1162
0.7267141342163086,1161
0.7280597686767578,1160
0.7294449806213379,1159
0.7337038516998291,1158
0.7368240356445312,1157
0.7398567199707031,1156
0.7420220375061035,1155
0.7433578968048096,1154
0.7457730770111084,1153
0.7478539943695068,1152
0.7491917610168457,1151
0.7527389526367188,1150
0.755403995513916,1149
0.7611429691314697,1148
0.7634148597717285,1147
0.7682108879089355,1146
0.7719128131866455,1145
0.7745909690856934,1144
0.7771198749542236,1143
0.7785000801086426,1142
0.7805938720703125,1141
0.7841577529907227,1140
0.7879447937011719,1139
0.7906379699707031,1138
0.793921947479248,1137
0.797050952911377,1136
0.8016870021820068,1135
0.8030288219451904,1134
0.8059418201446533,1133
0.8072779178619385,1132
0.8106429576873779,1131
0.8150079250335693,1130
0.8184077739715576,1129
0.8197629451751709,1128
0.8219277858734131,1127
0.824307918548584,1126
0.825624942779541,1125
0.8278319835662842,1124
0.8299949169158936,1123
0.8333439826965332,1122
0.8367538452148438,1121
0.8381030559539795,1120
0.8394408226013184,1119
0.843052864074707,1118
0.8460540771484375,1117
0.8484139442443848,1116
0.8497357368469238,1115
0.8510630130767822,1114
0.8534619808197021,1113
0.8547840118408203,1112
0.8584549427032471,1111
0.859785795211792,1110
0.863210916519165,1109
0.8645408153533936,1108
0.8678379058837891,1107
0.8704879283905029,1106
0.8725969791412354,1105
0.8750247955322266,1104
0.87847900390625,1103
0.8818240165710449,1102
0.8831419944763184,1101
0.8864459991455078,1100
0.8885769844055176,1099
0.8923158645629883,1098
0.8952958583831787,1097
0.8975558280944824,1096
0.8999779224395752,1095
0.9035918712615967,1094
0.9057478904724121,1093
0.9070799350738525,1092
0.9094200134277344,1091
0.9107398986816406,1090
0.9140448570251465,1089
0.9163110256195068,1088
0.9188249111175537,1087
0.9217698574066162,1086
0.923105001449585,1085
0.9244349002838135,1084
0.927764892578125,1083
0.9309329986572266,1082
0.93330979347229,1081
0.9356117248535156,1080
0.9390881061553955,1079
0.9415600299835205,1078
0.9451498985290527,1077
0.9464859962463379,1076
0.9478068351745605,1075
0.9511620998382568,1074
0.9524929523468018,1073
0.9548869132995605,1072
0.9570620059967041,1071
0.9596600532531738,1070
0.962561845779419,1069
0.9667658805847168,1068
0.9680917263031006,1067
0.9694290161132812,1066
0.9722468852996826,1065
0.977977991104126,1064
0.9839069843292236,1063
0.9863910675048828,1062
0.9981658458709717,1061
1.0014467239379883,1060
1.0027828216552734,1059
1.0041320323944092,1058
1.0064868927001953,1057
1.0078239440917969,1056
1.0125820636749268,1055
1.0172419548034668,1054
1.019852876663208,1053
1.0211918354034424,1052
1.0257210731506348,1051
1.0302131175994873,1050
1.0322940349578857,1049
1.0361058712005615,1048
1.0416271686553955,1047
1.043794870376587,1046
1.0476768016815186,1045
1.0490138530731201,1044
1.0503339767456055,1043
1.0534489154815674,1042
1.055643081665039,1041
1.059295892715454,1040
1.0625660419464111,1039
1.0638959407806396,1038
1.0652289390563965,1037
1.0673410892486572,1036
1.0704538822174072,1035
1.072732925415039,1034
1.0814898014068604,1033
1.0828237533569336,1032
1.0841708183288574,1031
1.0891649723052979,1030
1.0933659076690674,1029
1.0959548950195312,1028
1.102499008178711,1027
1.105564832687378,1026
1.110063076019287,1025
1.1140878200531006,1024
1.116405963897705,1023
1.1177167892456055,1022
1.1212568283081055,1021
1.1259279251098633,1020
1.1272649765014648,1019
1.131361961364746,1018
1.1377878189086914,1017
1.141577959060669,1016
1.1446828842163086,1015
1.146012783050537,1014
1.1494529247283936,1013
1.1507718563079834,1012
1.1544978618621826,1011
1.1558420658111572,1010
1.1572110652923584,1009
1.158555030822754,1008
1.1635770797729492,1007
1.16615891456604,1006
1.1696560382843018,1005
1.1709868907928467,1004
1.1741938591003418,1003
1.179405927658081,1002
1.1807448863983154,1001
1.1831939220428467,1000
1.184525966644287,999
1.1886529922485352,998
1.1922969818115234,997
1.1945221424102783,996
1.1984128952026367,995
1.201002836227417,994
1.2023327350616455,993
1.2047898769378662,992
1.2092220783233643,991
1.2105519771575928,990
1.215074062347412,989
1.216404914855957,988
1.2198309898376465,987
1.224241018295288,986
1.2255759239196777,985
1.2292757034301758,984
1.2326130867004395,983
1.2352161407470703,982
1.240088939666748,981
1.247054100036621,980
1.2490689754486084,979
1.2503979206085205,978
1.253755807876587,977
1.2560880184173584,976
1.266218900680542,975
1.2686939239501953,974
1.2708508968353271,973
1.275033950805664,972
1.2782950401306152,971
1.2889211177825928,970
1.2971110343933105,969
1.2984418869018555,968
1.3023169040679932,967
1.3036479949951172,966
1.3082659244537354,965
1.3108818531036377,964
1.3154048919677734,963
1.316741943359375,962
1.3203990459442139,961
1.328981876373291,960
1.3303101062774658,959
1.3316540718078613,958
1.3366148471832275,957
1.3387210369110107,956
1.343700885772705,955
1.3481011390686035,954
1.3549768924713135,953
1.359118938446045,952
1.3604390621185303,951
1.3626859188079834,950
1.369170904159546,949
1.3737430572509766,948
1.376274824142456,947
1.3800978660583496,946
1.383943796157837,945
1.3896019458770752,944
1.3909077644348145,943
1.3964531421661377,942
1.4033288955688477,941
1.4072439670562744,940
1.4121568202972412,939
1.4178400039672852,938
1.4242959022521973,937
1.430114984512329,936
1.4423327445983887,935
1.4507880210876465,934
1.4657609462738037,933
1.4729268550872803,932
1.4768550395965576,931
1.4836268424987793,930
1.4849629402160645,929
1.4883320331573486,928
1.4905049800872803,927
1.4963099956512451,926
1.4988327026367188,925
1.5014398097991943,924
1.507368803024292,923
1.5094587802886963,922
1.5156679153442383,921
1.5206828117370605,920
1.5235130786895752,919
1.5357890129089355,918
1.5387780666351318,917
1.5522868633270264,916
1.5688817501068115,915
1.591113805770874,914
1.610846996307373,913
1.6150200366973877,912
1.6229820251464844,911
1.627884864807129,910
1.6347699165344238,909
1.6462960243225098,908
1.6545510292053223,907
1.6700818538665771,906
1.6871559619903564,905
1.698387861251831,904
1.7453439235687256,903
