0.0,27420
4.650673866271973,1072
4.650707006454468,1071
4.650753021240234,1070
4.650770902633667,1069
4.6509850025177,1068
4.651002883911133,1067
4.651336908340454,1066
4.651355981826782,1065
4.65156102180481,1064
4.651800155639648,1063
4.651940107345581,1062
4.651971817016602,1061
4.651989936828613,1060
4.652101993560791,1059
4.652217149734497,1058
4.652332067489624,1057
4.652364015579224,1056
4.652409791946411,1055
4.652482986450195,1054
4.652500867843628,1053
4.652533054351807,1052
4.698199033737183,1051
4.706050157546997,1050
4.706264019012451,1049
4.712834119796753,1048
4.7130491733551025,1047
4.713109016418457,1046
4.713393926620483,1045
4.716003179550171,1044
4.717286825180054,1043
4.7173051834106445,1042
4.717486143112183,1041
4.7175188064575195,1040
4.7183380126953125,1039
4.718410968780518,1038
4.754806995391846,1037
4.754829168319702,1036
4.75504207611084,1035
4.755209922790527,1034
4.755241870880127,1033
4.757260084152222,1032
4.757305860519409,1031
4.757337808609009,1030
4.7592809200286865,1029
4.759366989135742,1028
4.759385108947754,1027
4.7594029903411865,1026
4.759422063827515,1025
4.7608020305633545,1024
4.7609429359436035,1023
4.762311935424805,1022
4.762340784072876,1021
4.762722015380859,1020
4.7634289264678955,1019
4.763495922088623,1018
4.76352596282959,1017
4.763568878173828,1016
4.763895034790039,1015
4.764041900634766,1014
4.764057874679565,1013
4.764204025268555,1012
4.764654159545898,1011
4.764837980270386,1010
4.764891862869263,1009
4.765116930007935,1008
4.765957832336426,1007
4.786990165710449,1006
4.787758111953735,1005
4.787912845611572,1004
4.788094997406006,1003
4.788110733032227,1002
4.789182901382446,1001
4.789252758026123,1000
4.7892820835113525,999
4.7994771003723145,998
4.7995078563690186,997
4.830910921096802,996
4.83119797706604,995
4.831251859664917,994
4.831294059753418,993
4.831310033798218,992
4.8315980434417725,991
4.8316521644592285,990
4.8317320346832275,989
4.831966876983643,988
4.83227801322937,987
4.832319974899292,986
4.832347869873047,985
4.832440137863159,984
4.832774877548218,983
4.832804203033447,982
4.835172891616821,981
4.8357648849487305,980
4.835805892944336,979
4.845559120178223,978
4.845653057098389,977
4.869142055511475,976
4.870096921920776,975
4.876317024230957,974
4.876473903656006,973
4.876554012298584,972
4.876709938049316,971
4.876803159713745,970
4.880475997924805,969
4.881366968154907,968
4.881407976150513,967
4.88204288482666,966
4.882149934768677,965
4.882267951965332,964
4.888230800628662,963
4.888273000717163,962
4.888429164886475,961
4.888701915740967,960
4.889847040176392,959
4.891034841537476,958
4.89117693901062,957
4.9048991203308105,956
4.911665916442871,955
4.912217855453491,954
4.9123499393463135,953
4.912390947341919,952
4.914939880371094,951
4.918030738830566,950
4.91861891746521,949
4.920948028564453,948
4.922046899795532,947
4.922114133834839,946
4.9222190380096436,945
4.922668933868408,944
4.922684907913208,943
4.939238786697388,942
4.939295053482056,941
4.955293893814087,940
4.955425977706909,939
4.955671072006226,938
4.955813884735107,937
4.959090948104858,936
4.959641933441162,935
4.96563982963562,934
4.965818881988525,933
4.966139793395996,932
4.970682859420776,931
4.9750590324401855,930
4.975559949874878,929
4.976534128189087,928
4.980781078338623,927
5.015654802322388,926
5.016260862350464,925
5.022190809249878,924
5.022780895233154,923
5.027023792266846,922
5.027117013931274,921
5.027961015701294,920
5.030967950820923,919
5.0331549644470215,918
5.033818960189819,917
5.045065879821777,916
5.049105882644653,915
5.059564113616943,914
5.1197240352630615,913
