0.0015649795532226562,1557
0.0029838085174560547,1556
0.004379749298095703,1555
0.005784749984741211,1554
0.007119894027709961,1553
0.008446931838989258,1552
0.009766817092895508,1551
0.011098861694335938,1550
0.012422800064086914,1549
0.013831853866577148,1548
0.015217781066894531,1547
0.016577720642089844,1546
0.017938852310180664,1545
0.019264698028564453,1544
0.020578861236572266,1543
0.021902799606323242,1542
0.023222684860229492,1541
0.02455878257751465,1540
0.02589583396911621,1539
0.027252912521362305,1538
0.028601884841918945,1537
0.02991175651550293,1536
0.03129982948303223,1535
0.03270673751831055,1534
0.03409266471862793,1533
0.03547072410583496,1532
0.036847829818725586,1531
0.03823375701904297,1530
0.039604902267456055,1529
0.04098677635192871,1528
0.04236578941345215,1527
0.04374289512634277,1526
0.04510688781738281,1525
0.04647564888000488,1524
0.04784989356994629,1523
0.04921865463256836,1522
0.05059981346130371,1521
0.05196785926818848,1520
0.05333685874938965,1519
0.05469679832458496,1518
0.05606389045715332,1517
0.05743265151977539,1516
0.05880594253540039,1515
0.06017470359802246,1514
0.06154489517211914,1513
0.06291079521179199,1512
0.06430578231811523,1511
0.06568384170532227,1510
0.06706690788269043,1509
0.06847167015075684,1508
0.06989693641662598,1507
0.07133269309997559,1506
0.07276487350463867,1505
0.07420969009399414,1504
0.07566070556640625,1503
0.07710480690002441,1502
0.07853078842163086,1501
0.07994580268859863,1500
0.08136487007141113,1499
0.08278393745422363,1498
0.08419680595397949,1497
0.0856328010559082,1496
0.0871429443359375,1495
0.08869099617004395,1494
0.09018182754516602,1493
0.09166288375854492,1492
0.09320282936096191,1491
0.09469175338745117,1490
0.09620380401611328,1489
0.0977017879486084,1488
0.09914875030517578,1487
0.1006159782409668,1486
0.10209989547729492,1485
0.10357189178466797,1484
0.10504293441772461,1483
0.10649275779724121,1482
0.10793781280517578,1481
0.10937762260437012,1480
0.11083698272705078,1479
0.11233687400817871,1478
0.11378693580627441,1477
0.11528182029724121,1476
0.11672496795654297,1475
0.11815571784973145,1474
0.1195688247680664,1473
0.12102198600769043,1472
0.1224818229675293,1471
0.12396788597106934,1470
0.12539982795715332,1469
0.12683582305908203,1468
0.12825775146484375,1467
0.12968683242797852,1466
0.1311028003692627,1465
0.13253092765808105,1464
0.133955717086792,1463
0.1353929042816162,1462
0.13687682151794434,1461
0.13835978507995605,1460
0.13981389999389648,1459
0.14125800132751465,1458
0.14269781112670898,1457
0.14411377906799316,1456
0.14553499221801758,1455
0.14698386192321777,1454
0.14848065376281738,1453
0.14996671676635742,1452
0.15149378776550293,1451
0.15301179885864258,1450
0.1545107364654541,1449
0.15599584579467773,1448
0.15747976303100586,1447
0.1589498519897461,1446
0.16047000885009766,1445
0.1619718074798584,1444
0.16348981857299805,1443
0.16496682167053223,1442
0.16643571853637695,1441
0.16789674758911133,1440
0.16940784454345703,1439
0.1709120273590088,1438
0.17241287231445312,1437
0.17388486862182617,1436
0.1753547191619873,1435
0.1767868995666504,1434
0.17824268341064453,1433
0.17978692054748535,1432
0.18205976486206055,1431
0.18355774879455566,1430
0.18637585639953613,1429
0.18880677223205566,1428
0.19027090072631836,1427
0.19171977043151855,1426
0.19317078590393066,1425
0.19460773468017578,1424
0.1970348358154297,1423
0.1984729766845703,1422
0.2013237476348877,1421
0.20393085479736328,1420
0.20536088943481445,1419
0.2078080177307129,1418
0.209259033203125,1417
0.21181273460388184,1416
0.21403980255126953,1415
0.2154219150543213,1414
0.22000789642333984,1413
0.22151494026184082,1412
0.2229907512664795,1411
0.22562193870544434,1410
0.22852182388305664,1409
0.22996783256530762,1408
0.23215794563293457,1407
0.23371291160583496,1406
0.23520183563232422,1405
0.23666882514953613,1404
0.23813891410827637,1403
0.23962879180908203,1402
0.24207472801208496,1401
0.2435309886932373,1400
0.2450098991394043,1399
0.24648499488830566,1398
0.24796271324157715,1397
0.2508528232574463,1396
0.2523069381713867,1395
0.2537708282470703,1394
0.2552309036254883,1393
0.25670671463012695,1392
0.25817394256591797,1391
0.26079487800598145,1390
0.2622699737548828,1389
0.264589786529541,1388
0.2660508155822754,1387
0.2683868408203125,1386
0.2698979377746582,1385
0.2727487087249756,1384
0.2752556800842285,1383
0.27793264389038086,1382
0.2804727554321289,1381
0.28192901611328125,1380
0.2846689224243164,1379
0.28743672370910645,1378
0.289888858795166,1377
0.2913858890533447,1376
0.2942206859588623,1375
0.29646992683410645,1374
0.2988448143005371,1373
0.3012278079986572,1372
0.30382680892944336,1371
0.30608272552490234,1370
0.30884289741516113,1369
0.31031084060668945,1368
0.31316375732421875,1367
0.3159327507019043,1366
0.31830883026123047,1365
0.3209967613220215,1364
0.3233778476715088,1363
0.32631969451904297,1362
0.3295857906341553,1361
0.33102893829345703,1360
0.3324747085571289,1359
0.3339238166809082,1358
0.336317777633667,1357
0.3390636444091797,1356
0.34050893783569336,1355
0.34285688400268555,1354
0.3443007469177246,1353
0.34574270248413086,1352
0.3471858501434326,1351
0.3486328125,1350
0.3513307571411133,1349
0.3527717590332031,1348
0.3542180061340332,1347
0.35632777214050293,1346
0.3586440086364746,1345
0.3608698844909668,1344
0.3639707565307617,1343
0.36637067794799805,1342
0.36869192123413086,1341
0.3700277805328369,1340
0.37246274948120117,1339
0.37380099296569824,1338
0.3751387596130371,1337
0.3777139186859131,1336
0.37976598739624023,1335
0.3811028003692627,1334
0.3835587501525879,1333
0.38489866256713867,1332
0.3862338066101074,1331
0.38756775856018066,1330
0.38890695571899414,1329
0.3902437686920166,1328
0.39157891273498535,1327
0.3929147720336914,1326
0.3952357769012451,1325
0.3965728282928467,1324
0.3989827632904053,1323
0.4014418125152588,1322
0.40277671813964844,1321
0.4041128158569336,1320
0.40670180320739746,1319
0.40804290771484375,1318
0.4093778133392334,1317
0.41149473190307617,1316
0.4128289222717285,1315
0.4152367115020752,1314
0.41751980781555176,1313
0.4188578128814697,1312
0.4214646816253662,1311
0.4241180419921875,1310
0.42545366287231445,1309
0.4267888069152832,1308
0.42812085151672363,1307
0.4304237365722656,1306
0.4317598342895508,1305
0.43309688568115234,1304
0.4351680278778076,1303
0.43650364875793457,1302
0.4386787414550781,1301
0.4407167434692383,1300
0.44205284118652344,1299
0.4459857940673828,1298
0.4481170177459717,1297
0.4494509696960449,1296
0.45209598541259766,1295
0.4546947479248047,1294
0.4560728073120117,1293
0.4574620723724365,1292
0.4588637351989746,1291
0.4614536762237549,1290
0.46387195587158203,1289
0.46526479721069336,1288
0.46666979789733887,1287
0.46943068504333496,1286
0.471693754196167,1285
0.4731419086456299,1284
0.47556471824645996,1283
0.47800397872924805,1282
0.48052382469177246,1281
0.48317790031433105,1280
0.48459291458129883,1279
0.4869058132171631,1278
0.48838090896606445,1277
0.49113988876342773,1276
0.4925718307495117,1275
0.49513769149780273,1274
0.4965198040008545,1273
0.5006897449493408,1272
0.5021209716796875,1271
0.5035426616668701,1270
0.5049457550048828,1269
0.5076479911804199,1268
0.509056806564331,1267
0.5104587078094482,1266
0.5118646621704102,1265
0.5141127109527588,1264
0.5162398815155029,1263
0.5185506343841553,1262
0.5199496746063232,1261
0.521353006362915,1260
0.5227546691894531,1259
0.5253136157989502,1258
0.5275578498840332,1257
0.5289537906646729,1256
0.5303506851196289,1255
0.5328948497772217,1254
0.535437822341919,1253
0.5368268489837646,1252
0.538212776184082,1251
0.5409626960754395,1250
0.5423779487609863,1249
0.5437748432159424,1248
0.546353816986084,1247
0.5485026836395264,1246
0.5507988929748535,1245
0.552189826965332,1244
0.5535826683044434,1243
0.5558407306671143,1242
0.557236909866333,1241
0.5596737861633301,1240
0.5624418258666992,1239
0.5648977756500244,1238
0.5662987232208252,1237
0.56768798828125,1236
0.5690796375274658,1235
0.5723667144775391,1234
0.5754837989807129,1233
0.5768866539001465,1232
0.5804018974304199,1231
0.5831596851348877,1230
0.5858607292175293,1229
0.5898118019104004,1228
0.5938019752502441,1227
0.5967757701873779,1226
0.6000807285308838,1225
0.6015050411224365,1224
0.6051006317138672,1223
0.6081068515777588,1222
0.6108849048614502,1221
0.6143708229064941,1220
0.6157827377319336,1219
0.6190207004547119,1218
0.62156081199646,1217
0.62459397315979,1216
0.6268177032470703,1215
0.629868745803833,1214
0.631274938583374,1213
0.6338627338409424,1212
0.6352658271789551,1211
0.6375057697296143,1210
0.6405608654022217,1209
0.6438968181610107,1208
0.6461288928985596,1207
0.6484889984130859,1206
0.6516327857971191,1205
0.6529488563537598,1204
0.6554868221282959,1203
0.6568069458007812,1202
0.6581308841705322,1201
0.6594438552856445,1200
0.6626980304718018,1199
0.6640126705169678,1198
0.665341854095459,1197
0.668402910232544,1196
0.6697289943695068,1195
0.6710708141326904,1194
0.674318790435791,1193
0.6756627559661865,1192
0.6781907081604004,1191
0.6820318698883057,1190
0.683344841003418,1189
0.6846725940704346,1188
0.6877257823944092,1187
0.6908197402954102,1186
0.6937606334686279,1185
0.6951167583465576,1184
0.6985716819763184,1183
0.7027328014373779,1182
0.7041218280792236,1181
0.7072968482971191,1180
0.7114238739013672,1179
0.712838888168335,1178
0.7142536640167236,1177
0.7156827449798584,1176
0.7183208465576172,1175
0.7197329998016357,1174
0.7211236953735352,1173
0.7224917411804199,1172
0.7239317893981934,1171
0.7278079986572266,1170
0.7315206527709961,1169
0.7329249382019043,1168
0.7343156337738037,1167
0.7376036643981934,1166
0.7389886379241943,1165
0.7428627014160156,1164
0.7442548274993896,1163
0.7474329471588135,1162
0.7496168613433838,1161
0.7512068748474121,1160
0.7527318000793457,1159
0.7542097568511963,1158
0.7556979656219482,1157
0.7601668834686279,1156
0.762488842010498,1155
0.763922929763794,1154
0.7672009468078613,1153
0.7704219818115234,1152
0.7729208469390869,1151
0.7742958068847656,1150
0.7764678001403809,1149
0.7778496742248535,1148
0.781458854675293,1147
0.784113883972168,1146
0.7884378433227539,1145
0.7914140224456787,1144
0.793825626373291,1143
0.7989046573638916,1142
0.8028769493103027,1141
0.8056867122650146,1140
0.8083367347717285,1139
0.8097748756408691,1138
0.812004804611206,1137
0.8182179927825928,1136
0.8210277557373047,1135
0.8264157772064209,1134
0.8312859535217285,1133
0.8327107429504395,1132
0.8358128070831299,1131
0.8372287750244141,1130
0.8407258987426758,1129
0.8453707695007324,1128
0.8488547801971436,1127
0.8518698215484619,1126
0.8543198108673096,1125
0.8556947708129883,1124
0.8580276966094971,1123
0.8602056503295898,1122
0.8658108711242676,1121
0.8671879768371582,1120
0.868553876876831,1119
0.8723447322845459,1118
0.8756649494171143,1117
0.8781847953796387,1116
0.879612922668457,1115
0.8810298442840576,1114
0.8836188316345215,1113
0.8851058483123779,1112
0.8890478610992432,1111
0.8904638290405273,1110
0.8940098285675049,1109
0.8954429626464844,1108
0.898979663848877,1107
0.9017748832702637,1106
0.9039759635925293,1105
0.9065039157867432,1104
0.9100806713104248,1103
0.9135458469390869,1102
0.9149258136749268,1101
0.9171247482299805,1100
0.9197368621826172,1099
0.9219987392425537,1098
0.9259216785430908,1097
0.9290287494659424,1096
0.9313936233520508,1095
0.9338927268981934,1094
0.9376468658447266,1093
0.9398946762084961,1092
0.9412698745727539,1091
0.943687915802002,1090
0.9450638294219971,1089
0.9484837055206299,1088
0.9508237838745117,1087
0.9534087181091309,1086
0.9564380645751953,1085
0.9578108787536621,1084
0.9591879844665527,1083
0.9626388549804688,1082
0.965904951095581,1081
0.9683630466461182,1080
0.9707388877868652,1079
0.9743156433105469,1078
0.9768707752227783,1077
0.9805829524993896,1076
0.9819610118865967,1075
0.9833290576934814,1074
0.9867839813232422,1073
0.9881598949432373,1072
0.990614652633667,1071
0.9928677082061768,1070
0.995532751083374,1069
0.9985659122467041,1068
1.0029339790344238,1067
1.0055859088897705,1066
1.008504867553711,1065
1.014150857925415,1064
1.0200817584991455,1063
1.030179738998413,1062
1.0342836380004883,1061
1.037637710571289,1060
1.039010763168335,1059
1.040381908416748,1058
1.0428078174591064,1057
1.0441820621490479,1056
1.0490868091583252,1055
1.0538487434387207,1054
1.0575437545776367,1053
1.0621929168701172,1052
1.0667977333068848,1051
1.068924903869629,1050
1.0728387832641602,1049
1.0785439014434814,1048
1.080765962600708,1047
1.0847558975219727,1046
1.086122989654541,1045
1.087507963180542,1044
1.090714931488037,1043
1.093108892440796,1042
1.0971028804779053,1041
1.0986649990081787,1040
1.101269006729126,1039
1.102660894393921,1038
1.1040749549865723,1037
1.1062636375427246,1036
1.1094608306884766,1035
1.1117949485778809,1034
1.120774745941162,1033
1.1221468448638916,1032
1.1235127449035645,1031
1.128626823425293,1030
1.1329138278961182,1029
1.1355597972869873,1028
1.1388490200042725,1027
1.143622875213623,1026
1.1467797756195068,1025
1.151439905166626,1024
1.1527998447418213,1023
1.1574008464813232,1022
1.1597578525543213,1021
1.1611268520355225,1020
1.1647570133209229,1019
1.1695537567138672,1018
1.1709246635437012,1017
1.1751129627227783,1016
1.181776762008667,1015
1.1856739521026611,1014
1.1888368129730225,1013
1.190199851989746,1012
1.1937198638916016,1011
1.1950867176055908,1010
1.1988978385925293,1009
1.2018046379089355,1008
1.2069368362426758,1007
1.2096047401428223,1006
1.2132689952850342,1005
1.2146339416503906,1004
1.218017816543579,1003
1.2235527038574219,1002
1.2249608039855957,1001
1.2286348342895508,1000
1.232907772064209,999
1.236677885055542,998
1.2389776706695557,997
1.2429897785186768,996
1.2456576824188232,995
1.2470247745513916,994
1.2495558261871338,993
1.2541346549987793,992
1.2555058002471924,991
1.2601637840270996,990
1.261535882949829,989
1.268540859222412,988
1.2699089050292969,987
1.2737197875976562,986
1.2771408557891846,985
1.2798149585723877,984
1.2848048210144043,983
1.2929737567901611,982
1.2950537204742432,981
1.2964699268341064,980
1.3001139163970947,979
1.3026859760284424,978
1.3135788440704346,977
1.316171646118164,976
1.3184330463409424,975
1.3228228092193604,974
1.326246738433838,973
1.3373258113861084,972
1.345780849456787,971
1.347146987915039,970
1.351139783859253,969
1.3525137901306152,968
1.3575408458709717,967
1.360325813293457,966
1.3650968074798584,965
1.3665087223052979,964
1.3742856979370117,963
1.37941575050354,962
1.3807659149169922,961
1.3821308612823486,960
1.3894197940826416,959
1.3944640159606934,958
1.4043169021606445,957
1.4085187911987305,956
1.4098498821258545,955
1.412092924118042,954
1.4177827835083008,953
1.4199559688568115,952
1.4245309829711914,951
1.427069902420044,950
1.4308507442474365,949
1.4399328231811523,948
1.4455177783966064,947
1.4524657726287842,946
1.4564268589019775,945
1.461392879486084,944
1.4648640155792236,943
1.4749529361724854,942
1.499248743057251,941
1.5147767066955566,940
1.5226328372955322,939
1.5265936851501465,938
1.5334258079528809,937
1.534789800643921,936
1.5373806953430176,935
1.5395817756652832,934
1.5454108715057373,933
1.5479669570922852,932
1.5505778789520264,931
1.5565178394317627,930
1.558647632598877,929
1.5648887157440186,928
1.5699317455291748,927
1.5727627277374268,926
1.5832209587097168,925
1.5856578350067139,924
1.5879838466644287,923
1.600555658340454,922
1.6171867847442627,921
1.62581467628479,920
1.6416749954223633,919
1.6619620323181152,918
1.6686227321624756,917
1.67271089553833,916
1.6776318550109863,915
1.6845347881317139,914
1.6954460144042969,913
1.7175979614257812,912
1.7347228527069092,911
1.7470929622650146,910
1.7906019687652588,909
