0.0,27420
4.711595058441162,1105
4.711616039276123,1104
4.711747169494629,1103
4.713032960891724,1102
4.713052034378052,1101
4.713084936141968,1100
4.713104009628296,1099
4.71331000328064,1098
4.713357210159302,1097
4.713390111923218,1096
4.713437080383301,1095
4.7149341106414795,1094
4.715065956115723,1093
4.7155280113220215,1092
4.715735197067261,1091
4.71577000617981,1090
4.715836048126221,1089
4.715857028961182,1088
4.716170072555542,1087
4.716261863708496,1086
4.716310024261475,1085
4.716372966766357,1084
4.716583013534546,1083
4.718968152999878,1082
4.732848882675171,1077
4.732871055603027,1076
4.732918977737427,1075
4.733325004577637,1074
4.74454402923584,1073
4.750371932983398,1072
4.75041389465332,1071
4.7506020069122314,1070
4.750739097595215,1069
4.751587152481079,1068
4.751668930053711,1067
4.751833915710449,1066
4.751854181289673,1065
4.752123832702637,1064
4.762166976928711,1059
4.762196063995361,1058
4.762232780456543,1057
4.7765021324157715,1056
4.776653051376343,1055
4.776673078536987,1054
4.776845932006836,1053
4.777021884918213,1052
4.777041912078857,1051
4.777228116989136,1050
4.777539968490601,1049
4.778037071228027,1048
4.788789987564087,1047
4.807363033294678,1046
4.807556867599487,1045
4.807798147201538,1044
4.8078179359436035,1043
4.807883977890015,1042
4.8079328536987305,1041
4.80810284614563,1040
4.808197975158691,1039
4.808264970779419,1038
4.808368921279907,1037
4.808899879455566,1036
4.8090410232543945,1035
4.80915093421936,1034
4.809584856033325,1033
4.80960488319397,1032
4.809624910354614,1031
4.81049919128418,1030
4.810580015182495,1029
4.811398029327393,1028
4.816411018371582,1027
4.816509008407593,1026
4.817019939422607,1025
4.81707501411438,1024
4.817724943161011,1023
4.834427833557129,1022
4.834613084793091,1021
4.834942102432251,1020
4.835060119628906,1019
4.835076808929443,1018
4.835599899291992,1017
4.8356170654296875,1016
4.83563494682312,1015
4.83566689491272,1014
4.835699081420898,1013
4.8374669551849365,1012
4.837625980377197,1011
4.837727069854736,1010
4.837759017944336,1009
4.838067054748535,1008
4.863940954208374,1007
4.864048957824707,1006
4.897175073623657,1005
4.897356033325195,1004
4.897931098937988,1003
4.898000955581665,1002
4.898664951324463,1001
4.910942077636719,1000
4.911001920700073,999
4.911018133163452,998
4.911456108093262,997
4.912362098693848,996
4.9126060009002686,995
4.912650108337402,994
4.912744998931885,993
4.9140050411224365,992
4.916630029678345,991
4.9175639152526855,990
4.918307781219482,989
4.918709993362427,988
4.919308185577393,987
4.91950798034668,986
4.919629096984863,985
4.919885158538818,984
4.919928789138794,983
4.920619010925293,982
4.920676946640015,981
4.924229860305786,980
4.9242470264434814,979
4.925123929977417,978
4.9253151416778564,977
4.925443172454834,976
4.931664943695068,975
4.931695938110352,974
4.931832790374756,973
4.93192982673645,972
4.93257999420166,971
4.9428980350494385,970
4.942996025085449,969
4.943103075027466,968
4.943201065063477,967
4.951584100723267,966
4.960309982299805,965
4.9604339599609375,964
4.960583925247192,963
4.971930980682373,962
4.972043991088867,961
4.972139120101929,960
4.973107099533081,959
4.973897933959961,958
4.974034070968628,957
4.974076986312866,956
4.974133014678955,955
4.988014221191406,954
4.988189935684204,953
4.988261938095093,952
4.996652126312256,951
4.9967360496521,950
4.996780157089233,949
4.997571229934692,948
4.998219966888428,947
4.998253107070923,946
4.999193906784058,945
4.999736070632935,944
5.002280950546265,943
5.003937005996704,942
5.004709959030151,941
5.006630897521973,940
5.006741046905518,939
5.007519006729126,938
5.00774884223938,937
5.0232179164886475,936
5.02339506149292,935
5.023530960083008,934
5.027032136917114,933
5.0406410694122314,932
5.04270601272583,931
5.049073934555054,930
5.049304008483887,929
5.049605846405029,928
5.051207065582275,927
5.052177906036377,926
5.053579092025757,925
5.075676918029785,924
5.076280832290649,923
5.077960014343262,922
5.081799030303955,921
5.082660913467407,920
5.083950996398926,919
5.099030017852783,918
5.104120969772339,917
5.106971025466919,916
5.107222080230713,915
5.110037088394165,914
5.130189895629883,913
5.130311965942383,912
5.131425142288208,911
5.149994134902954,910
5.153175115585327,909
5.156085014343262,908
5.187779188156128,907
5.224940061569214,906
