0.0,27420
4.81948709487915,1105
4.819859981536865,1104
4.821476221084595,1103
4.8829450607299805,1073
4.882994174957275,1072
4.8830180168151855,1071
4.883109092712402,1070
4.883184194564819,1069
4.883218288421631,1068
4.883322238922119,1067
4.898274183273315,1066
4.898324966430664,1065
4.898373126983643,1064
4.902382135391235,1063
4.902400970458984,1062
4.902482271194458,1061
4.9108500480651855,1060
4.9110190868377686,1059
4.911095142364502,1058
4.911128044128418,1057
4.917248964309692,1056
4.9174110889434814,1055
4.917459011077881,1054
4.91793417930603,1053
4.918271064758301,1052
4.918362140655518,1051
4.918493270874023,1050
4.918543100357056,1049
4.918619155883789,1048
4.918837070465088,1047
4.918856143951416,1046
4.918875217437744,1045
4.919055223464966,1044
4.919102907180786,1043
4.924353122711182,1042
4.9244890213012695,1041
4.925533294677734,1040
4.925656080245972,1039
4.925689220428467,1038
4.957859039306641,1037
4.958966970443726,1036
4.958986043930054,1035
4.959449052810669,1034
4.989572048187256,1033
4.989654064178467,1032
4.989832878112793,1031
4.989955186843872,1030
4.9900171756744385,1029
4.99883508682251,1028
5.000639915466309,1027
5.000787019729614,1026
5.000806093215942,1025
5.000910043716431,1024
5.000929117202759,1023
5.001763105392456,1022
5.002303123474121,1021
5.002425193786621,1020
5.003106117248535,1019
5.003268241882324,1018
5.003458023071289,1017
5.004151105880737,1016
5.004631996154785,1015
5.004873991012573,1014
5.004915952682495,1013
5.009858131408691,1012
5.010434150695801,1011
5.011406183242798,1010
5.012184143066406,1009
5.012331008911133,1008
5.012386083602905,1007
5.0124289989471436,1006
5.0125250816345215,1005
5.012935161590576,1004
5.0129899978637695,1003
5.013045072555542,1002
5.026997089385986,1001
5.0275702476501465,1000
5.027612209320068,999
5.028778076171875,998
5.030479192733765,997
5.030536890029907,996
5.030755043029785,995
5.031531095504761,994
5.0316290855407715,993
5.033701181411743,992
5.033782005310059,991
5.03404426574707,990
5.055392026901245,989
5.055488109588623,988
5.055582046508789,987
5.055661201477051,986
5.056694984436035,985
5.0567240715026855,984
5.056982040405273,983
5.057397127151489,982
5.05750298500061,981
5.057687044143677,980
5.057857036590576,979
5.05788516998291,978
5.064037084579468,977
5.064338207244873,976
5.064483165740967,975
5.0644989013671875,974
5.06455397605896,973
5.065121173858643,972
5.065176010131836,971
5.065944194793701,970
5.066857099533081,969
5.066899061203003,968
5.06695294380188,967
5.066982269287109,966
5.067313194274902,965
5.067329168319702,964
5.067504167556763,963
5.0936760902404785,962
5.093850135803223,961
5.093878984451294,960
5.093920946121216,959
5.094280958175659,958
5.094425201416016,957
5.094440937042236,956
5.101384162902832,955
5.101681232452393,954
5.101938247680664,953
5.1021339893341064,952
5.102431058883667,951
5.104534149169922,950
5.105445146560669,949
5.105921030044556,948
5.129379034042358,947
5.1410791873931885,946
5.141251087188721,945
5.141524076461792,944
5.142618179321289,943
5.143315076828003,942
5.14355206489563,941
5.144264221191406,940
5.1572160720825195,939
5.159549951553345,938
5.159646987915039,937
5.177243232727051,936
5.178720951080322,935
5.17926025390625,934
5.180057048797607,933
5.180354118347168,932
5.184337139129639,931
5.184505224227905,930
5.185888051986694,929
5.1865410804748535,928
5.186995029449463,927
5.187289237976074,926
5.187334060668945,925
5.203461170196533,924
5.205905199050903,923
5.209094285964966,922
5.239382028579712,921
5.243124961853027,920
5.243227243423462,919
5.246278285980225,918
5.246653318405151,917
5.249352216720581,916
5.2540600299835205,915
5.255406141281128,914
5.267646074295044,913
5.374943017959595,912
