0.0,27420
4.676921844482422,1070
4.677515745162964,1069
4.677616834640503,1068
4.677635908126831,1067
4.677741765975952,1066
4.677802801132202,1065
4.677889823913574,1064
4.677908897399902,1063
4.686583757400513,1062
4.752023696899414,1061
4.7681708335876465,1060
4.769683837890625,1059
4.770265817642212,1058
4.770439863204956,1057
4.7707929611206055,1056
4.770910024642944,1055
4.770983934402466,1054
4.771114826202393,1053
4.771260976791382,1052
4.771279811859131,1051
4.807615041732788,1050
4.808621883392334,1049
4.808708906173706,1048
4.808970928192139,1047
4.809628963470459,1046
4.81246280670166,1045
4.812482833862305,1044
4.81257176399231,1043
4.812755823135376,1042
4.81281590461731,1041
4.812903881072998,1040
4.813159942626953,1039
4.814834833145142,1038
4.816907644271851,1037
4.816982746124268,1036
4.817222833633423,1035
4.822117805480957,1034
4.822137832641602,1033
4.822170734405518,1032
4.822203874588013,1031
4.822277784347534,1030
4.822687864303589,1029
4.822751045227051,1028
4.8233537673950195,1027
4.823400020599365,1026
4.823460817337036,1025
4.8390936851501465,1024
4.839241027832031,1023
4.839526891708374,1022
4.840821027755737,1021
4.844043016433716,1020
4.844122886657715,1019
4.845746994018555,1018
4.846296787261963,1017
4.846312999725342,1016
4.846366882324219,1015
4.846395969390869,1014
4.850648880004883,1013
4.853860855102539,1012
4.853904962539673,1011
4.864887714385986,1010
4.865066766738892,1009
4.865145921707153,1008
4.865201950073242,1007
4.867233753204346,1006
4.867814779281616,1005
4.867921829223633,1004
4.889601707458496,1003
4.889621734619141,1002
4.889664649963379,1001
4.889746904373169,1000
4.889865875244141,999
4.8902528285980225,998
4.890336036682129,997
4.892392873764038,996
4.904935836791992,995
4.905352830886841,994
4.905434846878052,993
4.905608892440796,992
4.905907869338989,991
4.90628981590271,990
4.90631890296936,989
4.906466722488403,988
4.906705856323242,987
4.9085986614227295,986
4.909045696258545,985
4.909090757369995,984
4.913419723510742,983
4.914305686950684,982
4.914495944976807,981
4.914642810821533,980
4.914685964584351,979
4.914715766906738,978
4.914784669876099,977
4.915812730789185,976
4.915829658508301,975
4.916229963302612,974
4.916258811950684,973
4.916327953338623,972
4.916356801986694,971
4.918370723724365,970
4.919140815734863,969
4.919182777404785,968
4.919251918792725,967
4.926821947097778,966
4.9270758628845215,965
4.928041934967041,964
4.928084850311279,963
4.928639888763428,962
4.958889007568359,961
4.958986043930054,960
4.970396995544434,959
4.970413684844971,958
4.970765829086304,957
4.971651792526245,956
4.97216796875,955
4.972183704376221,954
4.97221302986145,953
4.975264072418213,952
4.97587776184082,951
4.976086854934692,950
4.97783088684082,949
4.978090047836304,948
4.979078769683838,947
4.980022668838501,946
4.985191822052002,945
4.985684871673584,944
4.985739707946777,943
4.98579478263855,942
4.986048698425293,941
4.9861156940460205,940
4.987250804901123,939
4.989783763885498,938
4.990002870559692,937
4.990145683288574,936
5.001296758651733,935
5.001378774642944,934
5.020809888839722,933
5.02168083190918,932
5.022392749786377,931
5.025765895843506,930
5.026042938232422,929
5.037482023239136,928
5.0374977588653564,927
5.039582014083862,926
5.041995048522949,925
5.046220779418945,924
5.046649932861328,923
5.048504829406738,922
5.048803806304932,921
5.0666539669036865,920
5.066860675811768,919
5.068105936050415,918
5.070375919342041,917
5.077579021453857,916
5.087373733520508,915
5.092765808105469,914
5.1184117794036865,913
5.122101068496704,912
5.153045654296875,911
5.1629698276519775,910
