0.001481771469116211,1557
0.002888917922973633,1556
0.004234790802001953,1555
0.005572080612182617,1554
0.0068967342376708984,1553
0.008210897445678711,1552
0.009532928466796875,1551
0.010860919952392578,1550
0.01220393180847168,1549
0.013602018356323242,1548
0.015033721923828125,1547
0.016411781311035156,1546
0.017785072326660156,1545
0.019140005111694336,1544
0.02049398422241211,1543
0.02183389663696289,1542
0.02315068244934082,1541
0.024463653564453125,1540
0.025775671005249023,1539
0.0270998477935791,1538
0.02841496467590332,1537
0.02972888946533203,1536
0.03103780746459961,1535
0.03236198425292969,1534
0.0336759090423584,1533
0.03498697280883789,1532
0.036296844482421875,1531
0.037619829177856445,1530
0.03893399238586426,1529
0.040242910385131836,1528
0.04155683517456055,1527
0.04297900199890137,1526
0.044316768646240234,1525
0.04563283920288086,1524
0.04694485664367676,1523
0.04826688766479492,1522
0.049581050872802734,1521
0.05088996887207031,1520
0.05221295356750488,1519
0.05353689193725586,1518
0.05485200881958008,1517
0.05616188049316406,1516
0.05747079849243164,1515
0.05879497528076172,1514
0.06011176109313965,1513
0.06142091751098633,1512
0.06273078918457031,1511
0.0640568733215332,1510
0.06537485122680664,1509
0.06668281555175781,1508
0.06800103187561035,1507
0.06935381889343262,1506
0.07067275047302246,1505
0.07198882102966309,1504
0.0733029842376709,1503
0.07463383674621582,1502
0.07594680786132812,1501
0.0772557258605957,1500
0.07856583595275879,1499
0.07988882064819336,1498
0.08120274543762207,1497
0.08251166343688965,1496
0.08382368087768555,1495
0.08514785766601562,1494
0.08646082878112793,1493
0.08776974678039551,1492
0.0890798568725586,1491
0.09040403366088867,1490
0.09171772003173828,1489
0.09302687644958496,1488
0.09434008598327637,1487
0.09566283226013184,1486
0.09697771072387695,1485
0.09830093383789062,1484
0.09962177276611328,1483
0.1009678840637207,1482
0.10229969024658203,1481
0.10361480712890625,1480
0.10493087768554688,1479
0.10625672340393066,1478
0.1075749397277832,1477
0.1088869571685791,1476
0.11019682884216309,1475
0.11152195930480957,1474
0.11284589767456055,1473
0.11415386199951172,1472
0.1154627799987793,1471
0.11678791046142578,1470
0.11810088157653809,1469
0.11941194534301758,1468
0.12072181701660156,1467
0.12204575538635254,1466
0.12335896492004395,1465
0.12467098236083984,1464
0.12598085403442383,1463
0.127302885055542,1462
0.1286177635192871,1461
0.1299269199371338,1460
0.13123679161071777,1459
0.13256192207336426,1458
0.13387584686279297,1457
0.13518691062927246,1456
0.13649773597717285,1455
0.13781976699829102,1454
0.13913488388061523,1453
0.1404438018798828,1452
0.14175987243652344,1451
0.14308381080627441,1450
0.14439892768859863,1449
0.14571905136108398,1448
0.14702987670898438,1447
0.14835405349731445,1446
0.14966702461242676,1445
0.15097689628601074,1444
0.15228581428527832,1443
0.15375375747680664,1442
0.1551368236541748,1441
0.15647292137145996,1440
0.15779781341552734,1439
0.1591358184814453,1438
0.16045784950256348,1437
0.1617739200592041,1436
0.16309285163879395,1435
0.1644279956817627,1434
0.16574883460998535,1433
0.16706180572509766,1432
0.16837692260742188,1431
0.17040586471557617,1430
0.17171978950500488,1429
0.17424988746643066,1428
0.17636775970458984,1427
0.17768287658691406,1426
0.17901206016540527,1425
0.1803288459777832,1424
0.1816408634185791,1423
0.1838676929473877,1422
0.18518400192260742,1421
0.18778181076049805,1420
0.19013690948486328,1419
0.19144797325134277,1418
0.19377779960632324,1417
0.19513702392578125,1416
0.1974489688873291,1415
0.19945597648620605,1414
0.20077085494995117,1413
0.20339488983154297,1412
0.2047107219696045,1411
0.2060227394104004,1410
0.20734095573425293,1409
0.20868396759033203,1408
0.21104097366333008,1407
0.21375203132629395,1406
0.21518206596374512,1405
0.2172868251800537,1404
0.2186737060546875,1403
0.21999192237854004,1402
0.22130179405212402,1401
0.2226119041442871,1400
0.22393798828125,1399
0.22611594200134277,1398
0.2274308204650879,1397
0.22875380516052246,1396
0.23007488250732422,1395
0.23140597343444824,1394
0.23399686813354492,1393
0.23532485961914062,1392
0.2366347312927246,1391
0.23794293403625488,1390
0.23926401138305664,1389
0.24057579040527344,1388
0.24293279647827148,1387
0.24429893493652344,1386
0.2464008331298828,1385
0.2477250099182129,1384
0.24979400634765625,1383
0.2510998249053955,1382
0.2536509037017822,1381
0.255889892578125,1380
0.2582988739013672,1379
0.2605869770050049,1378
0.2619037628173828,1377
0.26444005966186523,1376
0.2670578956604004,1375
0.2695648670196533,1374
0.2710227966308594,1373
0.27368974685668945,1372
0.2758188247680664,1371
0.27799487113952637,1370
0.2801799774169922,1369
0.2825038433074951,1368
0.28460693359375,1367
0.28716278076171875,1366
0.28852295875549316,1365
0.2911968231201172,1364
0.29380297660827637,1363
0.29603075981140137,1362
0.29850077629089355,1361
0.3007478713989258,1360
0.3033866882324219,1359
0.30607104301452637,1358
0.30743980407714844,1357
0.30880093574523926,1356
0.31015491485595703,1355
0.31239795684814453,1354
0.3149597644805908,1353
0.31632304191589355,1352
0.31856298446655273,1351
0.32119178771972656,1350
0.3225829601287842,1349
0.32390880584716797,1348
0.3252379894256592,1347
0.3277108669281006,1346
0.32905077934265137,1345
0.3303720951080322,1344
0.3333718776702881,1343
0.33554887771606445,1342
0.3378169536590576,1341
0.3399190902709961,1340
0.3422877788543701,1339
0.3445580005645752,1338
0.34588098526000977,1337
0.3482706546783447,1336
0.3495810031890869,1335
0.3509039878845215,1334
0.35342884063720703,1333
0.35546183586120605,1332
0.3567769527435303,1331
0.35918307304382324,1330
0.3605039119720459,1329
0.361818790435791,1328
0.3631279468536377,1327
0.3644378185272217,1326
0.36576080322265625,1325
0.36707496643066406,1324
0.36838603019714355,1323
0.37067389488220215,1322
0.37198781967163086,1321
0.3754599094390869,1320
0.37677478790283203,1319
0.37808680534362793,1318
0.38063979148864746,1317
0.3819549083709717,1316
0.38326382637023926,1315
0.38535499572753906,1314
0.38666796684265137,1313
0.3890268802642822,1312
0.3912827968597412,1311
0.3925929069519043,1310
0.39516592025756836,1309
0.3977646827697754,1308
0.399075984954834,1307
0.40039801597595215,1306
0.40171170234680176,1305
0.40397000312805176,1304
0.40529298782348633,1303
0.40660786628723145,1302
0.40864086151123047,1301
0.40996384620666504,1300
0.41210079193115234,1299
0.414111852645874,1298
0.4166898727416992,1297
0.41930699348449707,1296
0.4213979244232178,1295
0.42270779609680176,1294
0.4252939224243164,1293
0.427778959274292,1292
0.4291038513183594,1291
0.4304208755493164,1290
0.4317288398742676,1289
0.43514490127563477,1288
0.43645381927490234,1287
0.437762975692749,1286
0.4390888214111328,1285
0.4416627883911133,1284
0.44377684593200684,1283
0.4451167583465576,1282
0.44725775718688965,1281
0.44950175285339355,1280
0.4518618583679199,1279
0.45432376861572266,1278
0.45563268661499023,1277
0.4577908515930176,1276
0.4591050148010254,1275
0.4615490436553955,1274
0.4628720283508301,1273
0.4651918411254883,1272
0.4665029048919678,1271
0.4685359001159668,1270
0.4716918468475342,1269
0.473006010055542,1268
0.47431397438049316,1267
0.47562384605407715,1266
0.47816967964172363,1265
0.4794778823852539,1264
0.4807858467102051,1263
0.48210787773132324,1262
0.4842088222503662,1261
0.4862039089202881,1260
0.488372802734375,1259
0.48968076705932617,1258
0.49100279808044434,1257
0.49231672286987305,1256
0.4936239719390869,1255
0.49603986740112305,1254
0.49813294410705566,1253
0.49944186210632324,1252
0.5007648468017578,1251
0.5031390190124512,1250
0.5055370330810547,1249
0.5068519115447998,1248
0.5081629753112793,1247
0.5107660293579102,1246
0.5120797157287598,1245
0.5145008563995361,1244
0.5165438652038574,1243
0.5195786952972412,1242
0.520892858505249,1241
0.5230169296264648,1240
0.5243387222290039,1239
0.5279278755187988,1238
0.5302567481994629,1237
0.5315678119659424,1236
0.5328779220581055,1235
0.53420090675354,1234
0.5372889041900635,1233
0.5402319431304932,1232
0.5415399074554443,1231
0.5448129177093506,1230
0.5474059581756592,1229
0.5487198829650879,1228
0.552175760269165,1227
0.5559308528900146,1226
0.5585548877716064,1225
0.5615108013153076,1224
0.5628228187561035,1223
0.5660278797149658,1222
0.5687689781188965,1221
0.5713708400726318,1220
0.574652910232544,1219
0.5759708881378174,1218
0.5789947509765625,1217
0.5813808441162109,1216
0.5842039585113525,1215
0.5862798690795898,1214
0.5891239643096924,1213
0.59151291847229,1212
0.5928287506103516,1211
0.5949058532714844,1210
0.5977699756622314,1209
0.6009190082550049,1208
0.6031179428100586,1207
0.6054859161376953,1206
0.6086246967315674,1205
0.6111538410186768,1204
0.612468957901001,1203
0.6138107776641846,1202
0.6151418685913086,1201
0.6184229850769043,1200
0.6197569370269775,1199
0.6210849285125732,1198
0.6241788864135742,1197
0.6255087852478027,1196
0.6268436908721924,1195
0.6300699710845947,1194
0.6313989162445068,1193
0.6339240074157715,1192
0.6377618312835693,1191
0.6391029357910156,1190
0.640434741973877,1189
0.6435298919677734,1188
0.6466507911682129,1187
0.6495988368988037,1186
0.6509459018707275,1185
0.6568517684936523,1184
0.6581799983978271,1183
0.6612148284912109,1182
0.6632916927337646,1181
0.6657998561859131,1180
0.667233943939209,1179
0.6685879230499268,1178
0.6699328422546387,1177
0.6712727546691895,1176
0.6738040447235107,1175
0.6751418113708496,1174
0.6764841079711914,1173
0.6778397560119629,1172
0.6791820526123047,1171
0.6829030513763428,1170
0.6881008148193359,1169
0.6914088726043701,1168
0.6927847862243652,1167
0.6965718269348145,1166
0.6979119777679443,1165
0.7009768486022949,1164
0.7030248641967773,1163
0.704359769821167,1162
0.7057158946990967,1161
0.707054853439331,1160
0.7083897590637207,1159
0.7125527858734131,1158
0.7157297134399414,1157
0.718796968460083,1156
0.7209198474884033,1155
0.7222628593444824,1154
0.7246279716491699,1153
0.7259597778320312,1152
0.7280309200286865,1151
0.7293739318847656,1150
0.7328839302062988,1149
0.7354788780212402,1148
0.739689826965332,1147
0.7425537109375,1146
0.7448098659515381,1145
0.7495348453521729,1144
0.7532510757446289,1143
0.7558777332305908,1142
0.7583746910095215,1141
0.7597029209136963,1140
0.7618138790130615,1139
0.7652559280395508,1138
0.7689557075500488,1137
0.7716720104217529,1136
0.7749691009521484,1135
0.7780730724334717,1134
0.7826287746429443,1133
0.7839748859405518,1132
0.7868847846984863,1131
0.7882900238037109,1130
0.7917439937591553,1129
0.7952890396118164,1128
0.7974576950073242,1127
0.8008549213409424,1126
0.8021926879882812,1125
0.8043568134307861,1124
0.8067450523376465,1123
0.8080768585205078,1122
0.8103270530700684,1121
0.8124537467956543,1120
0.8158178329467773,1119
0.8192360401153564,1118
0.8205738067626953,1117
0.8219048976898193,1116
0.8255159854888916,1115
0.8285398483276367,1114
0.830880880355835,1113
0.8322098255157471,1112
0.8335537910461426,1111
0.8359417915344238,1110
0.8372747898101807,1109
0.8409578800201416,1108
0.8422868251800537,1107
0.8456907272338867,1106
0.8489940166473389,1105
0.8516840934753418,1104
0.8537919521331787,1103
0.8562169075012207,1102
0.8596868515014648,1101
0.863041877746582,1100
0.8651387691497803,1099
0.8676049709320068,1098
0.8696990013122559,1097
0.8733768463134766,1096
0.8763120174407959,1095
0.8796379566192627,1094
0.8832478523254395,1093
0.8853929042816162,1092
0.8867130279541016,1091
0.8890187740325928,1090
0.8927347660064697,1089
0.8968849182128906,1088
0.8997969627380371,1087
0.9011058807373047,1086
0.9024338722229004,1085
0.9057199954986572,1084
0.9088408946990967,1083
0.9121477603912354,1082
0.9155738353729248,1081
0.9202396869659424,1080
0.9215548038482666,1079
0.9228620529174805,1078
0.9261658191680908,1077
0.927473783493042,1076
0.9298198223114014,1075
0.9335198402404785,1074
0.9364128112792969,1073
0.9405758380889893,1072
0.9418988227844238,1071
0.9432120323181152,1070
0.9460008144378662,1069
0.9513857364654541,1068
0.9570558071136475,1067
0.9595029354095459,1066
0.9675567150115967,1065
0.9714648723602295,1064
0.9746708869934082,1063
0.9759788513183594,1062
0.9772858619689941,1061
0.979604959487915,1060
0.9809126853942871,1059
0.9855937957763672,1058
0.9901371002197266,1057
0.9927048683166504,1056
0.9940128326416016,1055
0.998445987701416,1054
1.0028438568115234,1053
1.0048837661743164,1052
1.008612871170044,1051
1.0140228271484375,1050
1.0161457061767578,1049
1.0199458599090576,1048
1.0212669372558594,1047
1.0225789546966553,1046
1.0256240367889404,1045
1.0277738571166992,1044
1.0313630104064941,1043
1.0349187850952148,1042
1.0362329483032227,1041
1.0382797718048096,1040
1.041334867477417,1039
1.043592929840088,1038
1.0522129535675049,1037
1.0535249710083008,1036
1.0548326969146729,1035
1.0597288608551025,1034
1.0638248920440674,1033
1.0663738250732422,1032
1.0695347785949707,1031
1.0741839408874512,1030
1.0772199630737305,1029
1.0817139148712158,1028
1.0830247402191162,1027
1.0874478816986084,1026
1.0897300243377686,1025
1.0910367965698242,1024
1.0945327281951904,1023
1.0991358757019043,1022
1.1004447937011719,1021
1.104468822479248,1020
1.10746169090271,1019
1.111987829208374,1018
1.115722894668579,1017
1.1187477111816406,1016
1.1200697422027588,1015
1.123431921005249,1014
1.124753713607788,1013
1.1284139156341553,1012
1.1297369003295898,1011
1.1310529708862305,1010
1.1372458934783936,1009
1.1407537460327148,1008
1.1420648097991943,1007
1.145209789276123,1006
1.1503407955169678,1005
1.1516687870025635,1004
1.1540789604187012,1003
1.1553857326507568,1002
1.1594407558441162,1001
1.16302490234375,1000
1.165207862854004,999
1.1690349578857422,998
1.171576976776123,997
1.172881841659546,996
1.177797794342041,995
1.179107904434204,994
1.1835598945617676,993
1.1848688125610352,992
1.1882338523864746,991
1.1925597190856934,990
1.1938669681549072,989
1.1975007057189941,988
1.200772762298584,987
1.2033357620239258,986
1.2081189155578613,985
1.2135248184204102,984
1.2162737846374512,983
1.2182579040527344,982
1.2195687294006348,981
1.222876787185669,980
1.2251698970794678,979
1.2352790832519531,978
1.2377090454101562,977
1.2398269176483154,976
1.2439610958099365,975
1.247183084487915,974
1.2576477527618408,973
1.2640719413757324,972
1.265392780303955,971
1.2692558765411377,970
1.270580768585205,969
1.2751569747924805,968
1.2777538299560547,967
1.2822089195251465,966
1.283519983291626,965
1.2871248722076416,964
1.292008876800537,963
1.2968969345092773,962
1.2982048988342285,961
1.2995128631591797,960
1.3044049739837646,959
1.3064768314361572,958
1.311377763748169,957
1.3157329559326172,956
1.3225319385528564,955
1.3266479969024658,954
1.327953815460205,953
1.3301587104797363,952
1.3357129096984863,951
1.3411130905151367,950
1.3435969352722168,949
1.34732985496521,948
1.3510987758636475,947
1.356665849685669,946
1.357970952987671,945
1.3689777851104736,944
1.3728218078613281,943
1.3776638507843018,942
1.38102388381958,941
1.3839948177337646,940
1.390340805053711,939
1.4062540531158447,938
1.4287827014923096,937
1.4358267784118652,936
1.4396839141845703,935
1.4463558197021484,934
1.4476609230041504,933
1.4489808082580566,932
1.451502799987793,931
1.4536569118499756,930
1.4593639373779297,929
1.4618637561798096,928
1.464418888092041,927
1.4702489376068115,926
1.4723238945007324,925
1.4784178733825684,924
1.4833698272705078,923
1.4861438274383545,922
1.49760103225708,921
1.5112898349761963,920
1.5276079177856445,919
1.5360980033874512,918
1.5431599617004395,917
1.5529000759124756,916
1.5723698139190674,915
1.5764918327331543,914
1.5800528526306152,913
1.5840339660644531,912
1.588864803314209,911
1.5956108570098877,910
1.6069307327270508,909
1.6151049137115479,908
1.6307687759399414,907
1.647636890411377,906
1.6598918437957764,905
1.7040529251098633,904
