0.0,27420
4.728206157684326,1096
4.729267358779907,1095
4.729288339614868,1094
4.729488134384155,1093
4.729534387588501,1092
4.7296082973480225,1091
4.80980920791626,1060
4.8111371994018555,1059
4.8123321533203125,1058
4.812409162521362,1057
4.812556028366089,1056
4.812575340270996,1055
4.817808151245117,1054
4.818714141845703,1053
4.818803310394287,1052
4.822317123413086,1051
4.8223652839660645,1050
4.8227503299713135,1049
4.822872161865234,1048
4.826282024383545,1047
4.826443195343018,1046
4.826655387878418,1045
4.826810121536255,1044
4.826860189437866,1043
4.826935052871704,1042
4.827674150466919,1041
4.8292272090911865,1040
4.829245328903198,1039
4.8293633460998535,1038
4.829675197601318,1037
4.829776287078857,1036
4.8302881717681885,1035
4.830809116363525,1034
4.830956220626831,1033
4.831002235412598,1032
4.831068277359009,1031
4.833510160446167,1030
4.833655118942261,1029
4.833771228790283,1028
4.833891153335571,1027
4.833982229232788,1026
4.83433723449707,1025
4.8343682289123535,1024
4.834482192993164,1023
4.834540128707886,1022
4.83892035484314,1021
4.838938236236572,1020
4.8390161991119385,1019
4.840073347091675,1018
4.840118169784546,1017
4.840248107910156,1016
4.869584321975708,1015
4.876140117645264,1014
4.876273155212402,1013
4.883910179138184,1012
4.886129379272461,1011
4.887127161026001,1010
4.887159109115601,1009
4.897312164306641,1008
4.897417306900024,1007
4.897578001022339,1006
4.897667169570923,1005
4.8976991176605225,1004
4.897716999053955,1003
4.897778272628784,1002
4.899616003036499,1001
4.899691104888916,1000
4.905229091644287,999
4.905450105667114,998
4.905605316162109,997
4.905742168426514,996
4.90703010559082,995
4.934946060180664,994
4.953979253768921,993
4.954279184341431,992
4.954310178756714,991
4.95644211769104,990
4.9568030834198,989
4.957040309906006,988
4.95731520652771,987
4.9573962688446045,986
4.957455158233643,985
4.958048105239868,984
4.958193302154541,983
4.964755296707153,982
4.967382192611694,981
4.9674553871154785,980
4.967625379562378,979
4.9686830043792725,978
4.968714237213135,977
4.968761205673218,976
4.968806266784668,975
4.9689342975616455,974
4.969462156295776,973
4.969874382019043,972
4.994032144546509,971
4.994218111038208,970
4.9945971965789795,969
4.994821310043335,968
4.9948952198028564,967
4.995121240615845,966
4.9952781200408936,965
5.0021350383758545,964
5.0021843910217285,963
5.002326011657715,962
5.002371072769165,961
5.002612352371216,960
5.0039591789245605,959
5.004387140274048,958
5.004518270492554,957
5.004802227020264,956
5.004918098449707,955
5.005159378051758,954
5.008383274078369,953
5.008401155471802,952
5.008642196655273,951
5.02521014213562,950
5.029013156890869,949
5.029059171676636,948
5.030522108078003,947
5.0332722663879395,946
5.035154342651367,945
5.035194158554077,944
5.035254240036011,943
5.068276405334473,942
5.068519353866577,941
5.0694873332977295,940
5.069660186767578,939
5.0698912143707275,938
5.070079326629639,937
5.071132183074951,936
5.071415185928345,935
5.071739196777344,934
5.071881294250488,933
5.072120189666748,932
5.072482109069824,931
5.077491283416748,930
5.080877065658569,929
5.081531286239624,928
5.081688165664673,927
5.082046270370483,926
5.082712173461914,925
5.084036111831665,924
5.084952116012573,923
5.090374231338501,922
5.09112811088562,921
5.093484163284302,920
5.147195339202881,919
5.151895046234131,918
5.152168273925781,917
5.1535563468933105,916
5.15558123588562,915
5.1567161083221436,914
5.163337230682373,913
5.164780139923096,912
5.167596101760864,911
5.173234224319458,910
5.220080137252808,909
5.3198630809783936,908
