0.004396200180053711,0
0.0047931671142578125,0
0.0051920413970947266,0
0.005593061447143555,0
0.005998849868774414,0
0.006393909454345703,0
0.0067920684814453125,0
0.0071871280670166016,0
0.007594108581542969,0
0.008014202117919922,0
0.00843191146850586,0
0.008841991424560547,0
0.009257078170776367,0
0.00967097282409668,0
0.01007699966430664,0
0.010493040084838867,0
0.01090097427368164,0
0.011312007904052734,0
0.011716842651367188,0
0.012135982513427734,0
0.012556076049804688,0
0.013003110885620117,0
0.01342916488647461,0
0.013823986053466797,0
0.014219045639038086,0
0.014611005783081055,0
0.015006065368652344,0
0.015396833419799805,0
0.015794038772583008,0
0.01618504524230957,0
0.016576051712036133,0
0.016972064971923828,0
0.01737499237060547,0
0.01778697967529297,0
0.01819300651550293,0
0.018606185913085938,0
0.0190279483795166,0
0.019443035125732422,0
0.01985907554626465,0
0.02027297019958496,0
0.020689964294433594,0
0.021103858947753906,0
0.021518945693969727,0
0.021932125091552734,0
0.022346019744873047,0
0.022758007049560547,0
0.023171186447143555,0
0.023582935333251953,0
0.023994922637939453,0
0.02440810203552246,0
0.024821996688842773,0
0.025241851806640625,0
0.02565789222717285,0
0.02606487274169922,0
0.02645111083984375,0
0.02685713768005371,0
0.027267932891845703,0
0.027675867080688477,0
0.02807307243347168,0
0.028506994247436523,0
0.02891087532043457,0
0.029294967651367188,0
0.02968001365661621,0
0.030065059661865234,0
0.03044891357421875,0
0.030860185623168945,0
0.03124523162841797,0
0.03163003921508789,0
0.0320131778717041,0
0.03240704536437988,0
0.03279995918273926,0
0.033184051513671875,0
0.03356599807739258,0
0.03394889831542969,0
0.03433084487915039,0
0.03471708297729492,0
0.03509783744812012,0
0.03548121452331543,0
0.035861968994140625,0
0.036248207092285156,0
0.036640167236328125,0
0.03702092170715332,0
0.03740119934082031,0
0.03778219223022461,0
0.03816103935241699,0
0.038548946380615234,0
0.038928985595703125,0
0.039309024810791016,0
0.0396881103515625,0
0.040067195892333984,0
0.04044795036315918,0
0.04083895683288574,0
0.04122304916381836,0
0.0416111946105957,0
0.04198884963989258,0
0.04236912727355957,0
0.04275107383728027,0
0.043128013610839844,0
0.04352593421936035,0
0.0439150333404541,0
0.044293880462646484,0
0.04466891288757324,0
0.04504513740539551,0
0.04542112350463867,0
0.045796871185302734,0
0.04617190361022949,0
0.04655098915100098,0
0.046926259994506836,0
0.047299861907958984,0
0.04767608642578125,0
0.0480499267578125,0
0.048429012298583984,0
0.048805952072143555,0
0.04918313026428223,0
0.049555063247680664,0
0.04992794990539551,0
0.05030417442321777,0
0.05067706108093262,0
0.051048994064331055,0
0.05142712593078613,0
0.05179905891418457,0
0.05217099189758301,0
0.05254507064819336,0
0.05291914939880371,0
0.05329012870788574,0
0.053659915924072266,0
0.0540308952331543,0
0.05440497398376465,0
0.05477714538574219,1
0.055149078369140625,2
0.05551910400390625,3
0.05589008331298828,4
0.05626201629638672,5
0.05663108825683594,6
0.05700206756591797,7
0.057389020919799805,8
0.057775020599365234,9
0.05814719200134277,10
0.05851387977600098,11
0.0588831901550293,12
0.05925107002258301,13
0.059618234634399414,14
0.05999898910522461,15
0.0603640079498291,16
0.06073307991027832,17
0.061097145080566406,18
0.061460018157958984,19
0.061821937561035156,20
0.06218719482421875,21
0.0625450611114502,21
0.06290602684020996,22
0.06326818466186523,23
0.0636281967163086,24
0.06398224830627441,24
0.0643470287322998,25
0.06470108032226562,25
0.06505513191223145,25
0.06540799140930176,25
0.06577205657958984,26
0.06612801551818848,26
0.06648612022399902,27
0.06685304641723633,28
0.06721305847167969,29
0.06757402420043945,30
0.06793403625488281,31
0.06828904151916504,32
0.06864500045776367,33
0.06899905204772949,34
0.0693519115447998,35
0.06970596313476562,36
0.07005810737609863,37
0.07041406631469727,38
0.07076621055603027,39
0.07111883163452148,40
0.07147026062011719,41
0.07181596755981445,41
0.07217097282409668,42
0.07252001762390137,43
0.07286882400512695,44
0.07321810722351074,45
0.07356715202331543,46
0.07391810417175293,47
0.0742640495300293,47
0.0746161937713623,48
0.07496190071105957,49
0.07530713081359863,50
0.07565188407897949,51
0.07599997520446777,52
0.07634401321411133,53
0.07668685913085938,54
0.0770261287689209,54
0.07736921310424805,55
0.07771706581115723,56
0.07806205749511719,57
0.07840394973754883,58
0.07874512672424316,59
0.07909798622131348,60
0.0794382095336914,61
0.07977700233459473,61
0.08011603355407715,62
0.08045506477355957,63
0.08078908920288086,63
0.08112812042236328,64
0.08147096633911133,65
0.08180785179138184,65
0.08214712142944336,66
0.08247900009155273,66
0.08281612396240234,67
0.08315205574035645,68
0.08349227905273438,69
0.0838310718536377,70
0.08417701721191406,70
0.08451104164123535,71
0.08484625816345215,72
0.08518004417419434,73
0.08551311492919922,74
0.08584904670715332,75
0.08618021011352539,76
0.08651304244995117,77
0.08684492111206055,78
0.08717608451843262,79
0.08751201629638672,80
0.0878448486328125,81
0.08817315101623535,82
0.08850216865539551,83
0.08882999420166016,84
0.0891568660736084,85
0.08947992324829102,85
0.08981108665466309,86
0.09013724327087402,87
0.09046411514282227,88
0.0907888412475586,89
0.09111809730529785,90
0.0914461612701416,91
0.09177207946777344,92
0.09209704399108887,93
0.09241604804992676,93
0.0927419662475586,94
0.0930640697479248,95
0.09338593482971191,96
0.09370923042297363,97
0.09403014183044434,98
0.0943460464477539,98
0.0946660041809082,99
0.09498810768127441,100
0.09530186653137207,100
0.09562301635742188,101
0.09594202041625977,102
0.09625983238220215,103
0.0965731143951416,103
0.09688997268676758,104
0.09720706939697266,105
0.09752392768859863,105
0.0978398323059082,106
0.09815096855163574,106
0.09846615791320801,107
0.09878110885620117,108
0.09909796714782715,109
0.09941411018371582,110
0.09972310066223145,110
0.1000359058380127,111
0.10034799575805664,112
0.10065889358520508,113
0.10097217559814453,114
0.10128211975097656,115
0.10159492492675781,116
0.10190391540527344,117
0.1022181510925293,118
0.10253119468688965,119
0.10283493995666504,119
0.10314297676086426,120
0.10345292091369629,121
0.1037600040435791,122
0.10406708717346191,123
0.10437297821044922,124
0.1046750545501709,124
0.1049799919128418,125
0.1052849292755127,126
0.10559225082397461,127
0.10589599609375,128
0.106201171875,129
0.10651612281799316,130
0.10681915283203125,131
0.10712099075317383,132
0.10742616653442383,133
0.1077268123626709,134
0.10802793502807617,135
0.10832810401916504,136
0.1086280345916748,137
0.10892701148986816,138
0.10922598838806152,139
0.10952305793762207,140
0.10982108116149902,141
0.11011886596679688,142
0.11041426658630371,143
0.11071014404296875,144
0.11100602149963379,145
0.11129999160766602,146
0.11159515380859375,147
0.11188793182373047,148
0.1121830940246582,149
0.11247587203979492,150
0.11276912689208984,151
0.11306190490722656,152
0.11335301399230957,153
0.11364102363586426,153
0.11392903327941895,153
0.11421918869018555,154
0.11451005935668945,155
0.11479902267456055,156
0.11508798599243164,157
0.11537909507751465,158
0.11566710472106934,159
0.11595392227172852,160
0.1162409782409668,161
0.11652684211730957,162
0.11681318283081055,163
0.11709809303283691,164
0.1173849105834961,165
0.11766886711120605,166
0.1179511547088623,166
0.11823606491088867,167
0.11852002143859863,168
0.11880302429199219,169
0.11908698081970215,170
0.1193690299987793,171
0.11965107917785645,172
0.11993193626403809,173
0.12021303176879883,174
0.12049317359924316,175
0.1207728385925293,176
0.12105298042297363,177
0.12133002281188965,177
0.12161016464233398,178
0.1218869686126709,179
0.12216496467590332,180
0.12244200706481934,181
0.12271809577941895,182
0.12299489974975586,183
0.12326788902282715,183
0.12354421615600586,184
0.12381815910339355,185
0.12409186363220215,186
0.12436604499816895,187
0.12463903427124023,188
0.12491393089294434,189
0.12518715858459473,190
0.1254589557647705,191
0.12573003768920898,192
0.12599897384643555,192
0.12626910209655762,193
0.12653899192810059,194
0.12680983543395996,195
0.12707901000976562,196
0.1273801326751709,197
0.12766122817993164,198
0.12793803215026855,199
0.12821412086486816,200
0.12848997116088867,201
0.128770112991333,202
0.12905406951904297,203
0.12933897972106934,204
0.12964510917663574,205
0.1299290657043457,206
0.13019919395446777,207
0.1304759979248047,208
0.13075590133666992,209
0.1310291290283203,210
0.13129711151123047,211
0.1315610408782959,212
0.13183307647705078,213
0.13210296630859375,214
0.13237404823303223,215
0.13264012336730957,216
0.13289809226989746,217
0.13315606117248535,218
0.13341712951660156,218
0.13367295265197754,218
0.13392901420593262,219
0.1341860294342041,220
0.1344461441040039,221
0.13470792770385742,222
0.13497304916381836,223
0.13522696495056152,224
0.1354818344116211,225
0.13573884963989258,226
0.13599491119384766,227
0.13625001907348633,228
0.13650202751159668,229
0.13675808906555176,230
0.1370089054107666,231
0.13726592063903809,232
0.13751602172851562,233
0.13776588439941406,234
0.1380150318145752,235
0.13826417922973633,236
0.13851284980773926,237
0.13877010345458984,238
0.13902020454406738,239
0.1392679214477539,240
0.13951396942138672,241
0.13976097106933594,242
0.14001798629760742,243
0.14026188850402832,244
0.14050602912902832,245
0.14075088500976562,246
0.1410069465637207,247
0.14126300811767578,248
0.14151883125305176,249
0.1417710781097412,250
0.1420118808746338,250
0.14225316047668457,252
0.14249396324157715,254
0.14273500442504883,256
0.1429750919342041,256
0.143218994140625,258
0.14347100257873535,260
0.1437230110168457,262
0.1439681053161621,264
0.1442089080810547,264
0.14444303512573242,265
0.14467906951904297,266
0.1449108123779297,266
0.14514589309692383,268
0.14538288116455078,270
0.14561796188354492,272
0.14585089683532715,274
0.14608216285705566,275
0.14631414413452148,277
0.1465458869934082,279
0.1467761993408203,281
0.1470019817352295,281
0.1472330093383789,281
0.1474609375,283
0.1476879119873047,285
0.1479170322418213,287
0.14814019203186035,288
0.1483631134033203,289
0.14858388900756836,290
0.14880585670471191,291
0.14902901649475098,292
0.14925289154052734,294
0.1494760513305664,296
0.14969921112060547,298
0.14992117881774902,300
0.15014195442199707,302
0.1503610610961914,304
0.15057992935180664,306
0.1508009433746338,308
0.15102005004882812,310
0.15123414993286133,311
0.15144705772399902,312
0.15166020393371582,313
0.15187311172485352,314
0.1520860195159912,314
0.15230011940002441,316
0.1525099277496338,317
0.15272307395935059,317
0.1529369354248047,319
0.15314698219299316,320
0.15335607528686523,321
0.1535639762878418,322
0.15377211570739746,323
0.15398192405700684,323
0.1541881561279297,323
0.15439486503601074,324
0.15460610389709473,325
0.15481185913085938,325
0.15501999855041504,327
0.1552278995513916,329
0.15543508529663086,331
0.1556391716003418,331
0.15584397315979004,333
0.15604782104492188,335
0.1562519073486328,337
0.15645599365234375,339
0.1566610336303711,341
0.15686297416687012,343
0.15706491470336914,345
0.15726709365844727,346
0.15747618675231934,347
0.15771698951721191,348
0.15792489051818848,350
0.15812206268310547,351
0.15831995010375977,353
0.15852022171020508,355
0.15871691703796387,357
0.15891313552856445,359
0.15910601615905762,360
0.1593010425567627,362
0.15949392318725586,364
0.15968585014343262,366
0.1598811149597168,368
0.16007304191589355,370
0.1602640151977539,372
0.16045188903808594,373
0.1606438159942627,375
0.16083312034606934,377
0.16101717948913574,377
0.1612071990966797,379
0.1613938808441162,381
0.1615769863128662,382
0.1617600917816162,383
0.16194510459899902,385
0.16212892532348633,387
0.16231393814086914,388
0.16249918937683105,390
0.16268110275268555,392
0.16287493705749512,394
0.16305899620056152,396
0.16323614120483398,396
0.16341209411621094,396
0.1635909080505371,398
0.16376924514770508,400
0.16394710540771484,402
0.1641240119934082,404
0.16430020332336426,406
0.16447997093200684,408
0.16465210914611816,409
0.1648252010345459,410
0.16499805450439453,411
0.16517305374145508,413
0.1653439998626709,414
0.1655139923095703,415
0.16568517684936523,417
0.16585397720336914,418
0.16602492332458496,419
0.16619491577148438,421
0.16637206077575684,423
0.16654109954833984,424
0.16670799255371094,426
0.16687607765197754,428
0.16704201698303223,430
0.1672070026397705,432
0.16737103462219238,434
0.16753602027893066,436
0.16770100593566895,436
0.1678621768951416,437
0.16802215576171875,437
0.1681830883026123,439
0.16834521293640137,441
0.16850900650024414,443
0.16866803169250488,445
0.16882705688476562,447
0.16898512840270996,449
0.1691420078277588,451
0.1692979335784912,453
0.16945409774780273,455
0.16960906982421875,457
0.16976308822631836,459
0.16991710662841797,461
0.17007112503051758,463
0.17022299766540527,465
0.17037606239318848,467
0.17052698135375977,469
0.17067694664001465,471
0.17082595825195312,473
0.1709740161895752,475
0.17112088203430176,477
0.1712660789489746,479
0.17141199111938477,481
0.17156004905700684,483
0.17170405387878418,485
0.17184805870056152,487
0.17199110984802246,489
0.1721329689025879,491
0.17227387428283691,493
0.17241716384887695,495
0.17255711555480957,497
0.17269611358642578,499
0.17283415794372559,501
0.1729722023010254,503
0.17310810089111328,504
0.17324399948120117,506
0.17337918281555176,508
0.17351412773132324,510
0.17364788055419922,512
0.1737840175628662,514
0.17392206192016602,516
0.1740560531616211,518
0.17418813705444336,520
0.17431998252868652,522
0.1744530200958252,524
0.17458200454711914,526
0.1747150421142578,528
0.1748518943786621,531
0.17497992515563965,534
0.17510604858398438,537
0.1752321720123291,540
0.1753549575805664,543
0.17548012733459473,546
0.17560410499572754,549
0.17572402954101562,551
0.1758432388305664,553
0.17596125602722168,555
0.17607903480529785,558
0.17619681358337402,561
0.1763160228729248,564
0.17643284797668457,567
0.17654824256896973,570
0.17666196823120117,573
0.1767740249633789,575
0.17688393592834473,576
0.17699503898620605,579
0.17710590362548828,582
0.1772150993347168,585
0.1773240566253662,588
0.17743325233459473,591
0.17753815650939941,593
0.1776440143585205,596
0.17775321006774902,599
0.1778581142425537,602
0.17795801162719727,604
0.17806005477905273,607
0.17815899848937988,609
0.17825794219970703,611
0.17835712432861328,614
0.17845511436462402,617
0.17855215072631836,620
0.1786482334136963,623
0.1787421703338623,626
0.17883610725402832,629
0.17892885208129883,632
0.17902112007141113,635
0.17911195755004883,638
0.17920207977294922,641
0.1792891025543213,642
0.17937707901000977,645
0.17946410179138184,648
0.1795511245727539,651
0.17963504791259766,653
0.1797199249267578,656
0.17980122566223145,657
0.1798841953277588,660
0.17996597290039062,663
0.18004679679870605,666
0.18012595176696777,669
0.18020415306091309,672
0.18028497695922852,675
0.18036103248596191,678
0.1804370880126953,681
0.1805109977722168,684
0.18058514595031738,687
0.18066096305847168,690
0.18073296546936035,693
0.18080401420593262,696
0.18087506294250488,699
0.18094396591186523,702
0.18101215362548828,705
0.18107914924621582,708
0.18114423751831055,711
0.18120908737182617,714
0.18127202987670898,717
0.18134093284606934,720
0.18140196800231934,723
0.18146300315856934,726
0.18152189254760742,729
0.18158221244812012,733
0.1816411018371582,737
0.18169808387756348,741
0.18175387382507324,745
0.1818089485168457,749
0.18186187744140625,753
0.1819138526916504,757
0.18196511268615723,761
0.18201303482055664,764
0.18206000328063965,768
0.18210697174072266,772
0.18215394020080566,776
0.18220019340515137,778
0.18224310874938965,781
0.18228626251220703,785
0.1823270320892334,789
0.18236708641052246,793
0.1824049949645996,797
0.18244194984436035,800
0.1824781894683838,804
0.1825120449066162,808
0.18254709243774414,813
0.18257999420166016,818
0.18261194229125977,823
0.18264293670654297,828
0.18267202377319336,835
0.18269896507263184,842
0.1827239990234375,849
0.18274998664855957,857
0.18277192115783691,865
0.18279314041137695,874
0.18281197547912598,883
0.18283700942993164,899
