0.0,27420
4.696403980255127,1061
4.69684362411499,1060
4.6969239711761475,1059
4.696955919265747,1058
4.6970298290252686,1057
4.697061777114868,1056
4.697177886962891,1055
4.69720983505249,1054
4.697472810745239,1053
4.697565793991089,1052
4.697613716125488,1051
4.697893857955933,1050
4.697953701019287,1049
4.698027610778809,1048
4.702211856842041,1047
4.754992961883545,1046
4.755029916763306,1045
4.755047798156738,1044
4.755106687545776,1043
4.755155801773071,1042
4.75534987449646,1041
4.755965948104858,1040
4.758108854293823,1039
4.758145809173584,1038
4.758196830749512,1037
4.758229970932007,1036
4.7582948207855225,1035
4.758389949798584,1034
4.761587858200073,1033
4.771040916442871,1031
4.7711098194122314,1030
4.8062567710876465,1029
4.8063647747039795,1028
4.806397914886475,1027
4.8064446449279785,1026
4.806578874588013,1025
4.806751012802124,1024
4.8069376945495605,1023
4.80703592300415,1022
4.807532787322998,1021
4.829121828079224,1020
4.82915472984314,1019
4.8291847705841064,1018
4.829667806625366,1017
4.829684019088745,1016
4.830625772476196,1015
4.8379950523376465,1014
4.838315725326538,1013
4.8407697677612305,1012
4.840800046920776,1011
4.8408918380737305,1010
4.8409857749938965,1009
4.841465711593628,1008
4.842857837677002,1007
4.842966079711914,1006
4.871041774749756,1005
4.8730788230896,1004
4.873353958129883,1003
4.8738696575164795,1002
4.873950004577637,1001
4.874273061752319,1000
4.874823808670044,999
4.876495838165283,998
4.876641035079956,997
4.876695871353149,996
4.876839876174927,995
4.877492904663086,994
4.879726886749268,993
4.879744052886963,992
4.879875898361206,991
4.880093812942505,990
4.881080865859985,989
4.881187677383423,988
4.881241798400879,987
4.881743907928467,986
4.8857667446136475,985
4.885886907577515,984
4.885915756225586,983
4.885995626449585,982
4.8860368728637695,981
4.886309862136841,980
4.886594772338867,979
4.886737823486328,978
4.911757707595825,977
4.911801815032959,976
4.91183066368103,975
4.911858797073364,974
4.911939859390259,973
4.922886848449707,972
4.9229817390441895,971
4.923098802566528,970
4.923115015029907,969
4.92331075668335,968
4.923583984375,967
4.923753976821899,966
4.923782825469971,965
4.924025774002075,964
4.929437875747681,963
4.9296839237213135,962
4.929889678955078,961
4.929930925369263,960
4.930589914321899,959
4.930823802947998,958
4.9308388233184814,957
4.931098937988281,956
4.933507680892944,955
4.955381870269775,954
4.958806037902832,953
4.958901882171631,952
4.959764003753662,951
4.96039891242981,950
4.960721969604492,949
4.960961818695068,948
4.973706007003784,947
4.974034786224365,946
4.974280834197998,945
4.976343870162964,944
4.976372957229614,943
4.992499828338623,942
4.992774963378906,941
4.993879795074463,940
4.99593186378479,939
4.9983649253845215,938
4.998684883117676,937
5.004946947097778,936
5.0053839683532715,935
5.012572765350342,934
5.012710809707642,933
5.0127527713775635,932
5.013274908065796,931
5.016309976577759,930
5.017050743103027,929
5.017526626586914,928
5.019840717315674,927
5.020306825637817,926
5.020754814147949,925
5.034260988235474,924
5.035574674606323,923
5.03907585144043,922
5.045186758041382,921
5.045515060424805,920
5.045746803283691,919
5.053361892700195,918
5.053930997848511,917
5.054111957550049,916
5.055835962295532,915
5.087663888931274,914
5.109708786010742,913
5.1872639656066895,912
