0.0014870166778564453,1557
0.002855062484741211,1556
0.004266023635864258,1555
0.00568699836730957,1554
0.007070064544677734,1553
0.0084381103515625,1552
0.009773015975952148,1551
0.011101007461547852,1550
0.012434005737304688,1549
0.01380014419555664,1548
0.015228033065795898,1547
0.01666116714477539,1546
0.01804494857788086,1545
0.01937103271484375,1544
0.020682096481323242,1543
0.02201104164123535,1542
0.02332615852355957,1541
0.024660110473632812,1540
0.025979995727539062,1539
0.02732086181640625,1538
0.02863001823425293,1537
0.02993917465209961,1536
0.031265974044799805,1535
0.03261709213256836,1534
0.03395199775695801,1533
0.03528404235839844,1532
0.03661704063415527,1531
0.037963151931762695,1530
0.03929901123046875,1529
0.04060697555541992,1528
0.04191398620605469,1527
0.043267011642456055,1526
0.04458880424499512,1525
0.045900821685791016,1524
0.04720592498779297,1523
0.048535823822021484,1522
0.0498499870300293,1521
0.05116391181945801,1520
0.05248594284057617,1519
0.053822994232177734,1518
0.05513501167297363,1517
0.056439876556396484,1516
0.057745933532714844,1515
0.05909013748168945,1514
0.06041884422302246,1513
0.06174492835998535,1512
0.06307387351989746,1511
0.06441903114318848,1510
0.06574797630310059,1509
0.06705594062805176,1508
0.06838583946228027,1507
0.06981706619262695,1506
0.07118797302246094,1505
0.07252216339111328,1504
0.07384800910949707,1503
0.0751950740814209,1502
0.07653307914733887,1501
0.0778660774230957,1500
0.07920002937316895,1499
0.08053994178771973,1498
0.08187413215637207,1497
0.08320188522338867,1496
0.08452486991882324,1495
0.08587002754211426,1494
0.08720111846923828,1493
0.0885319709777832,1492
0.08986401557922363,1491
0.09120702743530273,1490
0.09254217147827148,1489
0.0938720703125,1488
0.0951991081237793,1487
0.09653592109680176,1486
0.09787392616271973,1485
0.0991981029510498,1484
0.1005241870880127,1483
0.1018519401550293,1482
0.10317707061767578,1481
0.10450506210327148,1480
0.10582518577575684,1479
0.10716605186462402,1478
0.10850214958190918,1477
0.1098320484161377,1476
0.11115884780883789,1475
0.11249899864196777,1474
0.1138300895690918,1473
0.1151571273803711,1472
0.11648392677307129,1471
0.1178140640258789,1470
0.11914992332458496,1469
0.12047696113586426,1468
0.12180113792419434,1467
0.1231389045715332,1466
0.12447094917297363,1465
0.12580108642578125,1464
0.12712502479553223,1463
0.12846708297729492,1462
0.1298048496246338,1461
0.13112783432006836,1460
0.13246703147888184,1459
0.13383007049560547,1458
0.13516998291015625,1457
0.13650012016296387,1456
0.13782906532287598,1455
0.1391739845275879,1454
0.14049386978149414,1453
0.14182305335998535,1452
0.14315509796142578,1451
0.1444990634918213,1450
0.14583611488342285,1449
0.14715886116027832,1448
0.14849019050598145,1447
0.14983010292053223,1446
0.15117597579956055,1445
0.1524970531463623,1444
0.15382599830627441,1443
0.15517187118530273,1442
0.15648698806762695,1441
0.1578209400177002,1440
0.15915393829345703,1439
0.16049909591674805,1438
0.1618351936340332,1437
0.1631619930267334,1436
0.16449189186096191,1435
0.16583514213562012,1434
0.16716980934143066,1433
0.16850018501281738,1432
0.16982316970825195,1431
0.17186808586120605,1430
0.1744060516357422,1429
0.17656302452087402,1428
0.17788910865783691,1427
0.17921018600463867,1426
0.18147587776184082,1425
0.18370699882507324,1424
0.1850450038909912,1423
0.18764305114746094,1422
0.1900160312652588,1421
0.19135093688964844,1420
0.19362282752990723,1419
0.19496417045593262,1418
0.1972370147705078,1417
0.19925808906555176,1416
0.20059990882873535,1415
0.2032332420349121,1414
0.20456886291503906,1413
0.20589804649353027,1412
0.20721912384033203,1411
0.20854806900024414,1410
0.2109379768371582,1409
0.21356916427612305,1408
0.21491098403930664,1407
0.21694397926330566,1406
0.21825695037841797,1405
0.21959900856018066,1404
0.2209339141845703,1403
0.22225594520568848,1402
0.22358298301696777,1401
0.22580385208129883,1400
0.22713303565979004,1399
0.22846007347106934,1398
0.22980403900146484,1397
0.23113417625427246,1396
0.23375391960144043,1395
0.23506999015808105,1394
0.2364041805267334,1393
0.23771309852600098,1392
0.23902201652526855,1391
0.2403421401977539,1390
0.2427051067352295,1389
0.24400901794433594,1388
0.24608182907104492,1387
0.247406005859375,1386
0.24949216842651367,1385
0.2508261203765869,1384
0.25336194038391113,1383
0.2556331157684326,1382
0.2580440044403076,1381
0.2603340148925781,1380
0.26163697242736816,1379
0.2653679847717285,1378
0.26776623725891113,1377
0.26911091804504395,1376
0.2715458869934082,1375
0.27355098724365234,1374
0.27562808990478516,1373
0.2777581214904785,1372
0.2800002098083496,1371
0.28206920623779297,1370
0.2845609188079834,1369
0.28591489791870117,1368
0.28853797912597656,1367
0.29106807708740234,1366
0.29324913024902344,1365
0.2956829071044922,1364
0.2978949546813965,1363
0.3004891872406006,1362
0.303131103515625,1361
0.30446815490722656,1360
0.305819034576416,1359
0.307157039642334,1358
0.30935096740722656,1357
0.31185293197631836,1356
0.3131699562072754,1355
0.3153109550476074,1354
0.31662797927856445,1353
0.31794118881225586,1352
0.31926798820495605,1351
0.3206009864807129,1350
0.32192397117614746,1349
0.3243999481201172,1348
0.3257298469543457,1347
0.32704710960388184,1346
0.3290598392486572,1345
0.33140993118286133,1344
0.33375024795532227,1343
0.336090087890625,1342
0.33822083473205566,1341
0.3406190872192383,1340
0.3429121971130371,1339
0.3453531265258789,1338
0.3466808795928955,1337
0.3492450714111328,1336
0.35127902030944824,1335
0.3526020050048828,1334
0.3550748825073242,1333
0.35642194747924805,1332
0.35775017738342285,1331
0.359097957611084,1330
0.3604271411895752,1329
0.3617591857910156,1328
0.3630850315093994,1327
0.3644270896911621,1326
0.36673808097839355,1325
0.36806702613830566,1324
0.3704800605773926,1323
0.37288689613342285,1322
0.3742060661315918,1321
0.3755159378051758,1320
0.37807488441467285,1319
0.37941479682922363,1318
0.380748987197876,1317
0.3828470706939697,1316
0.38419008255004883,1315
0.3865931034088135,1314
0.38886213302612305,1313
0.3901810646057129,1312
0.3940901756286621,1311
0.3954300880432129,1310
0.39676499366760254,1309
0.39809298515319824,1308
0.40039992332458496,1307
0.40171194076538086,1306
0.40304017066955566,1305
0.4051170349121094,1304
0.4064350128173828,1303
0.40860605239868164,1302
0.4106330871582031,1301
0.4119589328765869,1300
0.4145779609680176,1299
0.41721200942993164,1298
0.4193449020385742,1297
0.42067599296569824,1296
0.42449283599853516,1295
0.42582106590270996,1294
0.42714786529541016,1293
0.42848801612854004,1292
0.4309651851654053,1291
0.4332759380340576,1290
0.434603214263916,1289
0.4359300136566162,1288
0.4372580051422119,1287
0.4398820400238037,1286
0.4419999122619629,1285
0.4433410167694092,1284
0.44548797607421875,1283
0.44771504402160645,1282
0.45011115074157715,1281
0.4525949954986572,1280
0.45392608642578125,1279
0.4560868740081787,1278
0.4574260711669922,1277
0.45989418029785156,1276
0.4612250328063965,1275
0.46358299255371094,1274
0.46491193771362305,1273
0.4669630527496338,1272
0.4701569080352783,1271
0.4715118408203125,1270
0.4728689193725586,1269
0.47544097900390625,1268
0.47678613662719727,1267
0.4781200885772705,1266
0.4794461727142334,1265
0.481579065322876,1264
0.48359107971191406,1263
0.4857969284057617,1262
0.48711681365966797,1261
0.4884450435638428,1260
0.48977017402648926,1259
0.49111008644104004,1258
0.49355292320251465,1257
0.4956810474395752,1256
0.49701595306396484,1255
0.4983389377593994,1254
0.5007550716400146,1253
0.5031659603118896,1252
0.5044939517974854,1251
0.5058341026306152,1250
0.5084669589996338,1249
0.5097949504852295,1248
0.5111360549926758,1247
0.5135951042175293,1246
0.5156629085540771,1245
0.5178577899932861,1244
0.5191829204559326,1243
0.5205249786376953,1242
0.5226798057556152,1241
0.5240049362182617,1240
0.5263431072235107,1239
0.5299758911132812,1238
0.5313088893890381,1237
0.5326380729675293,1236
0.5339658260345459,1235
0.5371108055114746,1234
0.5400819778442383,1233
0.54140305519104,1232
0.5447230339050293,1231
0.5473208427429199,1230
0.5486600399017334,1229
0.5499951839447021,1228
0.5537891387939453,1227
0.5575928688049316,1226
0.5602588653564453,1225
0.5632579326629639,1224
0.5645899772644043,1223
0.5678439140319824,1222
0.5706241130828857,1221
0.5732371807098389,1220
0.5764930248260498,1219
0.5778021812438965,1218
0.5808029174804688,1217
0.5831890106201172,1216
0.5860288143157959,1215
0.5881271362304688,1214
0.5909988880157471,1213
0.5942318439483643,1212
0.5955390930175781,1211
0.5976290702819824,1210
0.6005089282989502,1209
0.603672981262207,1208
0.6058909893035889,1207
0.608273983001709,1206
0.6115632057189941,1205
0.6129679679870605,1204
0.6156480312347412,1203
0.6170179843902588,1202
0.6183938980102539,1201
0.6217739582061768,1200
0.623201847076416,1199
0.6247589588165283,1198
0.627953052520752,1197
0.6293158531188965,1196
0.6306641101837158,1195
0.6339190006256104,1194
0.6352641582489014,1193
0.6377930641174316,1192
0.6416549682617188,1191
0.642988920211792,1190
0.646111011505127,1189
0.650886058807373,1188
0.6522400379180908,1187
0.655541181564331,1186
0.6595280170440674,1185
0.6608731746673584,1184
0.6639120578765869,1183
0.6659870147705078,1182
0.6683988571166992,1181
0.6697540283203125,1180
0.6710941791534424,1179
0.6724250316619873,1178
0.6737639904022217,1177
0.6762759685516357,1176
0.6776130199432373,1175
0.6789500713348389,1174
0.680307149887085,1173
0.6816470623016357,1172
0.685366153717041,1171
0.6889159679412842,1170
0.6902720928192139,1169
0.6916098594665527,1168
0.69476318359375,1167
0.696099042892456,1166
0.6998250484466553,1165
0.7011659145355225,1164
0.7042410373687744,1163
0.7062811851501465,1162
0.7076160907745361,1161
0.7089779376983643,1160
0.710319995880127,1159
0.7116560935974121,1158
0.7158141136169434,1157
0.7179999351501465,1156
0.71933913230896,1155
0.7223551273345947,1154
0.7244791984558105,1153
0.7257978916168213,1152
0.7281618118286133,1151
0.7294921875,1150
0.7315659523010254,1149
0.7329051494598389,1148
0.736422061920166,1147
0.7390081882476807,1146
0.74320387840271,1145
0.7460780143737793,1144
0.7483501434326172,1143
0.7530388832092285,1142
0.7567379474639893,1141
0.7628519535064697,1140
0.764962911605835,1139
0.768416166305542,1138
0.7721161842346191,1137
0.7747700214385986,1136
0.7780580520629883,1135
0.7811579704284668,1134
0.7857151031494141,1133
0.7870628833770752,1132
0.7899439334869385,1131
0.7912960052490234,1130
0.79463791847229,1129
0.7981870174407959,1128
0.8003439903259277,1127
0.8037149906158447,1126
0.805063009262085,1125
0.8072128295898438,1124
0.810279130935669,1123
0.8124949932098389,1122
0.8146121501922607,1121
0.8179669380187988,1120
0.8213720321655273,1119
0.8227219581604004,1118
0.82405686378479,1117
0.8276581764221191,1116
0.8306641578674316,1115
0.8330240249633789,1114
0.834334135055542,1113
0.835658073425293,1112
0.838019847869873,1111
0.8393261432647705,1110
0.8429579734802246,1109
0.8442671298980713,1108
0.8476200103759766,1107
0.8489260673522949,1106
0.8521850109100342,1105
0.8547952175140381,1104
0.8569440841674805,1103
0.8594770431518555,1102
0.8630459308624268,1101
0.8663918972015381,1100
0.8677232265472412,1099
0.8698930740356445,1098
0.8724498748779297,1097
0.8746531009674072,1096
0.87847900390625,1095
0.8815782070159912,1094
0.8839519023895264,1093
0.8864758014678955,1092
0.8902130126953125,1091
0.8923420906066895,1090
0.8937098979949951,1089
0.8960270881652832,1088
0.8973541259765625,1087
0.9006538391113281,1086
0.902940034866333,1085
0.9054338932037354,1084
0.9083800315856934,1083
0.9097199440002441,1082
0.911064863204956,1081
0.9144470691680908,1080
0.9176201820373535,1079
0.919996976852417,1078
0.9223079681396484,1077
0.9258010387420654,1076
0.9282641410827637,1075
0.9318711757659912,1074
0.9332010746002197,1073
0.934528112411499,1072
0.9378800392150879,1071
0.9392058849334717,1070
0.9415960311889648,1069
0.9437839984893799,1068
0.9463698863983154,1067
0.9493231773376465,1066
0.9535598754882812,1065
0.9548969268798828,1064
0.9562242031097412,1063
0.9590659141540527,1062
0.9645459651947021,1061
0.9703159332275391,1060
0.9727919101715088,1059
0.980982780456543,1058
0.9849691390991211,1057
0.9882209300994873,1056
0.9895470142364502,1055
0.9908790588378906,1054
0.9932279586791992,1053
0.9976961612701416,1052
1.0023009777069092,1051
1.0049200057983398,1050
1.0062470436096191,1049
1.0107450485229492,1048
1.0152270793914795,1047
1.0173060894012451,1046
1.0211269855499268,1045
1.0266499519348145,1044
1.0288119316101074,1043
1.0326759815216064,1042
1.0340170860290527,1041
1.0353500843048096,1040
1.0403060913085938,1039
1.045240879058838,1038
1.0476839542388916,1037
1.0490190982818604,1036
1.0503509044647217,1035
1.0524320602416992,1034
1.0554840564727783,1033
1.057739019393921,1032
1.0690240859985352,1031
1.073984146118164,1030
1.0781450271606445,1029
1.0807361602783203,1028
1.08394193649292,1027
1.0885570049285889,1026
1.091606855392456,1025
1.0961449146270752,1024
1.097494125366211,1023
1.1019611358642578,1022
1.1042609214782715,1021
1.1055870056152344,1020
1.1091039180755615,1019
1.1138389110565186,1018
1.11519193649292,1017
1.1192998886108398,1016
1.1223561763763428,1015
1.126974105834961,1014
1.1307780742645264,1013
1.133868932723999,1012
1.1352012157440186,1011
1.138636827468872,1010
1.1399691104888916,1009
1.1436939239501953,1008
1.1450269222259521,1007
1.1463499069213867,1006
1.1476829051971436,1005
1.1526899337768555,1004
1.155289888381958,1003
1.1588609218597412,1002
1.1621248722076416,1001
1.1682460308074951,1000
1.1707119941711426,999
1.1720399856567383,998
1.176145076751709,997
1.1797459125518799,996
1.1819438934326172,995
1.185831069946289,994
1.1884210109710693,993
1.1897392272949219,992
1.1921601295471191,991
1.1965410709381104,990
1.1978809833526611,989
1.202380895614624,988
1.2037429809570312,987
1.2072689533233643,986
1.211785078048706,985
1.213205099105835,984
1.2173478603363037,983
1.2209858894348145,982
1.2237131595611572,981
1.2289800643920898,980
1.234802007675171,979
1.2378461360931396,978
1.2401580810546875,977
1.2415771484375,976
1.2469120025634766,975
1.257478952407837,974
1.2622020244598389,973
1.2665538787841797,972
1.26987886428833,971
1.279350996017456,970
1.2875988483428955,969
1.2889361381530762,968
1.2928249835968018,967
1.2941570281982422,966
1.2987680435180664,965
1.3013699054718018,964
1.3058881759643555,963
1.309697151184082,962
1.314695119857788,961
1.3205981254577637,960
1.3219239711761475,959
1.3269131183624268,958
1.3290221691131592,957
1.33400297164917,956
1.3384590148925781,955
1.345458984375,954
1.3508000373840332,953
1.3531858921051025,952
1.3591630458831787,951
1.3614628314971924,950
1.3660550117492676,949
1.368588924407959,948
1.372370958328247,947
1.3761801719665527,946
1.381829023361206,945
1.3831770420074463,944
1.3944289684295654,943
1.3983659744262695,942
1.4033470153808594,941
1.4067721366882324,940
1.4150390625,939
1.4208509922027588,938
1.4321088790893555,937
1.4407310485839844,936
1.4562451839447021,935
1.4634478092193604,934
1.4673948287963867,933
1.4740707874298096,932
1.4774880409240723,931
1.479689121246338,930
1.4877240657806396,929
1.49031400680542,928
1.494391918182373,927
1.4965131282806396,926
1.5027239322662354,925
1.507777214050293,924
1.5106201171875,923
1.5230391025543213,922
1.5260350704193115,921
1.5395920276641846,920
1.5565969944000244,919
1.565242052078247,918
1.5811009407043457,917
1.6012780666351318,916
1.6054811477661133,915
1.6091070175170898,914
1.6131269931793213,913
1.6229629516601562,912
1.6420490741729736,911
1.6732990741729736,910
1.7303290367126465,909
