0.0014128684997558594,1557
0.0027620792388916016,1556
0.0043048858642578125,1555
0.0057370662689208984,1554
0.0071408748626708984,1553
0.008503913879394531,1552
0.009836912155151367,1551
0.011160850524902344,1550
0.012482881546020508,1549
0.01381993293762207,1548
0.015147209167480469,1547
0.016479015350341797,1546
0.017817020416259766,1545
0.019146203994750977,1544
0.020474910736083984,1543
0.02180314064025879,1542
0.023133039474487305,1541
0.024461984634399414,1540
0.02579212188720703,1539
0.027119874954223633,1538
0.02844095230102539,1537
0.029768943786621094,1536
0.031080961227416992,1535
0.032408952713012695,1534
0.03373599052429199,1533
0.03506112098693848,1532
0.036386966705322266,1531
0.03771400451660156,1530
0.03903698921203613,1529
0.04036688804626465,1528
0.04170393943786621,1527
0.04303693771362305,1526
0.044361114501953125,1525
0.04568791389465332,1524
0.04701399803161621,1523
0.04834294319152832,1522
0.04966902732849121,1521
0.05098104476928711,1520
0.05228996276855469,1519
0.05361223220825195,1518
0.054936885833740234,1517
0.05626392364501953,1516
0.05758810043334961,1515
0.058912038803100586,1514
0.060244083404541016,1513
0.061567068099975586,1512
0.06288814544677734,1511
0.06421303749084473,1510
0.06553792953491211,1509
0.06685400009155273,1508
0.06817793846130371,1507
0.06952786445617676,1506
0.07084298133850098,1505
0.07216811180114746,1504
0.07349681854248047,1503
0.07481884956359863,1502
0.07614398002624512,1501
0.07746481895446777,1500
0.07876896858215332,1499
0.08009004592895508,1498
0.08141398429870605,1497
0.08274102210998535,1496
0.08406400680541992,1495
0.08538985252380371,1494
0.08670401573181152,1493
0.08802604675292969,1492
0.08935093879699707,1491
0.09067392349243164,1490
0.09199810028076172,1489
0.09332489967346191,1488
0.09464693069458008,1487
0.09595990180969238,1486
0.09728288650512695,1485
0.09860110282897949,1484
0.09992623329162598,1483
0.10124397277832031,1482
0.10255002975463867,1481
0.10385894775390625,1480
0.10516595840454102,1479
0.1064751148223877,1478
0.10779500007629395,1477
0.10911798477172852,1476
0.1104440689086914,1475
0.1117699146270752,1474
0.11309504508972168,1473
0.11442208290100098,1472
0.11575603485107422,1471
0.11708807945251465,1470
0.11841297149658203,1469
0.11971592903137207,1468
0.12103986740112305,1467
0.12236714363098145,1466
0.12369799613952637,1465
0.12502312660217285,1464
0.12634611129760742,1463
0.1276710033416748,1462
0.1289958953857422,1461
0.13032007217407227,1460
0.13164997100830078,1459
0.13297390937805176,1458
0.13429903984069824,1457
0.13561105728149414,1456
0.13690996170043945,1455
0.1382129192352295,1454
0.1395130157470703,1453
0.1408860683441162,1452
0.14226102828979492,1451
0.1436619758605957,1450
0.14501500129699707,1449
0.14634990692138672,1448
0.1476881504058838,1447
0.14903903007507324,1446
0.15038394927978516,1445
0.151716947555542,1444
0.15302515029907227,1443
0.15436697006225586,1442
0.15570282936096191,1441
0.15703296661376953,1440
0.1583540439605713,1439
0.15970110893249512,1438
0.1610279083251953,1437
0.1623530387878418,1436
0.1636829376220703,1435
0.16503095626831055,1434
0.1663670539855957,1433
0.1676950454711914,1432
0.16902804374694824,1431
0.17036986351013184,1430
0.171705961227417,1429
0.1737220287322998,1428
0.17507004737854004,1427
0.17761015892028809,1426
0.179764986038208,1425
0.18109798431396484,1424
0.1824350357055664,1423
0.18376779556274414,1422
0.18510818481445312,1421
0.18733716011047363,1420
0.18868207931518555,1419
0.19134187698364258,1418
0.19370722770690918,1417
0.19504499435424805,1416
0.19731998443603516,1415
0.19864678382873535,1414
0.20093607902526855,1413
0.2029409408569336,1412
0.2042860984802246,1411
0.2069249153137207,1410
0.20824003219604492,1409
0.20958709716796875,1408
0.21092891693115234,1407
0.21225786209106445,1406
0.2146439552307129,1405
0.21731996536254883,1404
0.21866822242736816,1403
0.22072196006774902,1402
0.2220602035522461,1401
0.22339320182800293,1400
0.22474193572998047,1399
0.22608184814453125,1398
0.22740793228149414,1397
0.22963213920593262,1396
0.2309579849243164,1395
0.2322840690612793,1394
0.2336130142211914,1393
0.2349541187286377,1392
0.23757410049438477,1391
0.23890280723571777,1390
0.24024677276611328,1389
0.24158287048339844,1388
0.24290895462036133,1387
0.24423503875732422,1386
0.24667716026306152,1385
0.24806904792785645,1384
0.2503221035003662,1383
0.25172996520996094,1382
0.2539219856262207,1381
0.2553119659423828,1380
0.25798892974853516,1379
0.26035118103027344,1378
0.26288604736328125,1377
0.26528000831604004,1376
0.2678680419921875,1375
0.2704789638519287,1374
0.2728590965270996,1373
0.274245023727417,1372
0.27669692039489746,1371
0.2786839008331299,1370
0.28078389167785645,1369
0.28292012214660645,1368
0.28517699241638184,1367
0.28723597526550293,1366
0.2897188663482666,1365
0.2910480499267578,1364
0.2936711311340332,1363
0.2962038516998291,1362
0.29838085174560547,1361
0.3007819652557373,1360
0.30297088623046875,1359
0.3055241107940674,1358
0.30814695358276367,1357
0.3094749450683594,1356
0.3108029365539551,1355
0.31212902069091797,1354
0.3143188953399658,1353
0.31682491302490234,1352
0.3181478977203369,1351
0.32047605514526367,1350
0.3219490051269531,1349
0.32335495948791504,1348
0.32473301887512207,1347
0.3260810375213623,1346
0.3274221420288086,1345
0.32987093925476074,1344
0.33121180534362793,1343
0.3325347900390625,1342
0.334561824798584,1341
0.3368949890136719,1340
0.33907604217529297,1339
0.34134697914123535,1338
0.3434450626373291,1337
0.34585094451904297,1336
0.34812402725219727,1335
0.3494749069213867,1334
0.35190582275390625,1333
0.35434508323669434,1332
0.35691094398498535,1331
0.3589639663696289,1330
0.360306978225708,1329
0.36273813247680664,1328
0.36408519744873047,1327
0.36542296409606934,1326
0.36675214767456055,1325
0.3680839538574219,1324
0.3694281578063965,1323
0.37076902389526367,1322
0.3720979690551758,1321
0.37444305419921875,1320
0.3757920265197754,1319
0.37818312644958496,1318
0.3806600570678711,1317
0.3819921016693115,1316
0.38332390785217285,1315
0.38592004776000977,1314
0.3872249126434326,1313
0.388530969619751,1312
0.390639066696167,1311
0.3919670581817627,1310
0.39437389373779297,1309
0.39665794372558594,1308
0.39798688888549805,1307
0.40061092376708984,1306
0.40320897102355957,1305
0.4045531749725342,1304
0.4058849811553955,1303
0.4072079658508301,1302
0.4095189571380615,1301
0.4108550548553467,1300
0.412182092666626,1299
0.4142639636993408,1298
0.4156041145324707,1297
0.4177701473236084,1296
0.41982388496398926,1295
0.4224269390106201,1294
0.4250960350036621,1293
0.42720913887023926,1292
0.42854785919189453,1291
0.4311690330505371,1290
0.4337139129638672,1289
0.4350581169128418,1288
0.4363868236541748,1287
0.4377150535583496,1286
0.4401979446411133,1285
0.4425051212310791,1284
0.4438459873199463,1283
0.44518399238586426,1282
0.44651103019714355,1281
0.44913697242736816,1280
0.45127010345458984,1279
0.45345115661621094,1278
0.4557340145111084,1277
0.45815110206604004,1276
0.46064114570617676,1275
0.4619770050048828,1274
0.46416592597961426,1273
0.4654979705810547,1272
0.4679908752441406,1271
0.4693279266357422,1270
0.47289299964904785,1269
0.4749479293823242,1268
0.47704195976257324,1267
0.4783802032470703,1266
0.47971200942993164,1265
0.48104310035705566,1264
0.48363804817199707,1263
0.4849700927734375,1262
0.4862978458404541,1261
0.48764991760253906,1260
0.4898090362548828,1259
0.491840124130249,1258
0.4940450191497803,1257
0.4953739643096924,1256
0.4967188835144043,1255
0.4980590343475342,1254
0.49939393997192383,1253
0.5018520355224609,1252
0.5039808750152588,1251
0.5053131580352783,1250
0.5066661834716797,1249
0.5090799331665039,1248
0.5115129947662354,1247
0.5128540992736816,1246
0.5141830444335938,1245
0.5168311595916748,1244
0.5181660652160645,1243
0.519495964050293,1242
0.5219740867614746,1241
0.5240411758422852,1240
0.5262448787689209,1239
0.5275821685791016,1238
0.5289130210876465,1237
0.5310978889465332,1236
0.5324208736419678,1235
0.5347130298614502,1234
0.5373280048370361,1233
0.5396177768707275,1232
0.5409409999847412,1231
0.5422589778900146,1230
0.5435678958892822,1229
0.5466709136962891,1228
0.5496101379394531,1227
0.5509259700775146,1226
0.5541949272155762,1225
0.5567708015441895,1224
0.5580828189849854,1223
0.559420108795166,1222
0.5632750988006592,1221
0.5672321319580078,1220
0.569878101348877,1219
0.572843074798584,1218
0.5741839408874512,1217
0.5774049758911133,1216
0.5801990032196045,1215
0.5828440189361572,1214
0.5861239433288574,1213
0.5874772071838379,1212
0.5905590057373047,1211
0.5929989814758301,1210
0.5958428382873535,1209
0.597959041595459,1208
0.6008279323577881,1207
0.6021561622619629,1206
0.604557991027832,1205
0.6058950424194336,1204
0.6080029010772705,1203
0.6109180450439453,1202
0.6141130924224854,1201
0.616347074508667,1200
0.6187589168548584,1199
0.6219329833984375,1198
0.6232719421386719,1197
0.6258199214935303,1196
0.6271660327911377,1195
0.6285049915313721,1194
0.6317930221557617,1193
0.6331338882446289,1192
0.6361958980560303,1191
0.6375188827514648,1190
0.6388261318206787,1189
0.6421961784362793,1188
0.6435611248016357,1187
0.64609694480896,1186
0.6499521732330322,1185
0.6513040065765381,1184
0.6526319980621338,1183
0.6557559967041016,1182
0.6589028835296631,1181
0.6618800163269043,1180
0.6632280349731445,1179
0.6665530204772949,1178
0.6705420017242432,1177
0.6718699932098389,1176
0.6749179363250732,1175
0.676948070526123,1174
0.6793169975280762,1173
0.6806290149688721,1172
0.6819548606872559,1171
0.6832730770111084,1170
0.6845920085906982,1169
0.687067985534668,1168
0.6884069442749023,1167
0.689741849899292,1166
0.6910760402679443,1165
0.6924240589141846,1164
0.6961259841918945,1163
0.6996922492980957,1162
0.7010059356689453,1161
0.7023370265960693,1160
0.7054460048675537,1159
0.706773042678833,1158
0.710439920425415,1157
0.7117741107940674,1156
0.7148277759552002,1155
0.7168920040130615,1154
0.7182130813598633,1153
0.7195348739624023,1152
0.7209019660949707,1151
0.7222349643707275,1150
0.7263669967651367,1149
0.728524923324585,1148
0.7298870086669922,1147
0.7329020500183105,1146
0.7350218296051025,1145
0.7373631000518799,1144
0.7394149303436279,1143
0.7407441139221191,1142
0.744257926940918,1141
0.7468481063842773,1140
0.7510659694671631,1139
0.7539279460906982,1138
0.7561938762664795,1137
0.7633099555969238,1136
0.7694439888000488,1135
0.7715530395507812,1134
0.7749929428100586,1133
0.7787020206451416,1132
0.7813520431518555,1131
0.7846300601959229,1130
0.7877299785614014,1129
0.7922930717468262,1128
0.793633222579956,1127
0.7965190410614014,1126
0.7978639602661133,1125
0.801246166229248,1124
0.8055830001831055,1123
0.8089649677276611,1122
0.8102779388427734,1121
0.8124430179595947,1120
0.8147988319396973,1119
0.8161430358886719,1118
0.8183698654174805,1117
0.8204929828643799,1116
0.8238339424133301,1115
0.8272631168365479,1114
0.8285930156707764,1113
0.8322091102600098,1112
0.8352289199829102,1111
0.8375661373138428,1110
0.8389079570770264,1109
0.8402440547943115,1108
0.8426198959350586,1107
0.8439571857452393,1106
0.8476309776306152,1105
0.8489770889282227,1104
0.8523919582366943,1103
0.8537371158599854,1102
0.857029914855957,1101
0.8596780300140381,1100
0.8617649078369141,1099
0.86421799659729,1098
0.8676729202270508,1097
0.8710269927978516,1096
0.8723690509796143,1095
0.8744869232177734,1094
0.8769750595092773,1093
0.8791079521179199,1092
0.8828229904174805,1091
0.8857901096343994,1090
0.8880789279937744,1089
0.890496015548706,1088
0.8940529823303223,1087
0.8961949348449707,1086
0.897528886795044,1085
0.8998610973358154,1084
0.9012060165405273,1083
0.9044899940490723,1082
0.9067590236663818,1081
0.9092609882354736,1080
0.9121899604797363,1079
0.9135351181030273,1078
0.9148728847503662,1077
0.9182000160217285,1076
0.9213578701019287,1075
0.9237580299377441,1074
0.9260389804840088,1073
0.9295179843902588,1072
0.9319870471954346,1071
0.9355700016021729,1070
0.9369139671325684,1069
0.9382510185241699,1068
0.941572904586792,1067
0.9429111480712891,1066
0.9452719688415527,1065
0.9474799633026123,1064
0.9500482082366943,1063
0.9530231952667236,1062
0.9572670459747314,1061
0.9586000442504883,1060
0.9599399566650391,1059
0.9627690315246582,1058
0.9682540893554688,1057
0.9739830493927002,1056
0.976485013961792,1055
0.9847052097320557,1054
0.9905960559844971,1053
0.995028018951416,1052
0.9995019435882568,1051
1.00412917137146,1050
1.0067219734191895,1049
1.0080511569976807,1048
1.012558937072754,1047
1.0170369148254395,1046
1.0191140174865723,1045
1.0229029655456543,1044
1.0284020900726318,1043
1.0305700302124023,1042
1.0344479084014893,1041
1.0357840061187744,1040
1.0388810634613037,1039
1.0410609245300293,1038
1.0447051525115967,1037
1.0460288524627686,1036
1.0484800338745117,1035
1.0498220920562744,1034
1.0511541366577148,1033
1.0532371997833252,1032
1.0563390254974365,1031
1.058629035949707,1030
1.069648027420044,1029
1.0746090412139893,1028
1.0787620544433594,1027
1.0813939571380615,1026
1.0846359729766846,1025
1.08931303024292,1024
1.0923740863800049,1023
1.096924066543579,1022
1.098271131515503,1021
1.1027660369873047,1020
1.105072021484375,1019
1.1064019203186035,1018
1.109947919845581,1017
1.1146352291107178,1016
1.1159651279449463,1015
1.1200530529022217,1014
1.1231050491333008,1013
1.1301729679107666,1012
1.133255958557129,1011
1.1366491317749023,1010
1.1379539966583252,1009
1.1416521072387695,1008
1.1429779529571533,1007
1.1443219184875488,1006
1.1456480026245117,1005
1.150620937347412,1004
1.1532011032104492,1003
1.1567728519439697,1002
1.1581170558929443,1001
1.1613049507141113,1000
1.1665198802947998,999
1.1678590774536133,998
1.1702868938446045,997
1.1716151237487793,996
1.1757001876831055,995
1.1793408393859863,994
1.1815710067749023,993
1.1854610443115234,992
1.1880438327789307,991
1.1893830299377441,990
1.1918349266052246,989
1.196268081665039,988
1.1975970268249512,987
1.2021191120147705,986
1.2052550315856934,985
1.2096421718597412,984
1.2109739780426025,983
1.2166202068328857,982
1.2192189693450928,981
1.2240970134735107,980
1.229598045349121,979
1.2323989868164062,978
1.2344279289245605,977
1.2357609272003174,976
1.239128828048706,975
1.2414591312408447,974
1.2516429424285889,973
1.254295825958252,972
1.2567150592803955,971
1.2611360549926758,970
1.2645609378814697,969
1.2833878993988037,968
1.284736156463623,967
1.2885890007019043,966
1.2932429313659668,965
1.2986080646514893,964
1.2999818325042725,963
1.3036940097808838,962
1.3122880458831787,961
1.3136401176452637,960
1.3149840831756592,959
1.3200678825378418,958
1.3221898078918457,957
1.3272228240966797,956
1.331658124923706,955
1.3429930210113525,954
1.3452270030975342,953
1.3508989810943604,952
1.3530828952789307,951
1.3576421737670898,950
1.3601508140563965,949
1.363919973373413,948
1.3677411079406738,947
1.373398780822754,946
1.3747448921203613,945
1.3803069591522217,944
1.3871588706970215,943
1.391073226928711,942
1.396017074584961,941
1.3994240760803223,940
1.402472972869873,939
1.4089381694793701,938
1.4147329330444336,937
1.4271299839019775,936
1.4473659992218018,935
1.4545280933380127,934
1.4584321975708008,933
1.465184211730957,932
1.4673781394958496,931
1.469938039779663,930
1.4721369743347168,929
1.4779160022735596,928
1.4804561138153076,927
1.4830479621887207,926
1.4889960289001465,925
1.4911019802093506,924
1.4973170757293701,923
1.5023388862609863,922
1.5051658153533936,921
1.517557144165039,920
1.5205531120300293,919
1.534221887588501,918
1.5506830215454102,917
1.5593581199645996,916
1.5667212009429932,915
1.576848030090332,914
1.5973520278930664,913
1.6043500900268555,912
1.6083910465240479,911
1.6132900714874268,910
1.6385397911071777,909
1.6548030376434326,908
1.6720011234283447,907
1.6843101978302002,906
