0.001428842544555664,1557
0.002871990203857422,1556
0.004272937774658203,1555
0.00568389892578125,1554
0.0070989131927490234,1553
0.008529901504516602,1552
0.00992894172668457,1551
0.01129293441772461,1550
0.01265406608581543,1549
0.013995885848999023,1548
0.01533198356628418,1547
0.016653060913085938,1546
0.0179898738861084,1545
0.01933002471923828,1544
0.020656824111938477,1543
0.022151947021484375,1542
0.02354884147644043,1541
0.0248870849609375,1540
0.026222944259643555,1539
0.027554988861083984,1538
0.028874874114990234,1537
0.03018808364868164,1536
0.03150296211242676,1535
0.03282880783081055,1534
0.03416299819946289,1533
0.035475969314575195,1532
0.036787986755371094,1531
0.03811192512512207,1530
0.039441823959350586,1529
0.0407719612121582,1528
0.04210495948791504,1527
0.043451786041259766,1526
0.04478788375854492,1525
0.046118974685668945,1524
0.04744911193847656,1523
0.048789024353027344,1522
0.05012202262878418,1521
0.051438093185424805,1520
0.05276012420654297,1519
0.054109811782836914,1518
0.05544590950012207,1517
0.056802988052368164,1516
0.05814385414123535,1515
0.05950307846069336,1514
0.060842037200927734,1513
0.06217789649963379,1512
0.0635068416595459,1511
0.0648488998413086,1510
0.0661780834197998,1509
0.06750893592834473,1508
0.06883978843688965,1507
0.07019209861755371,1506
0.07151579856872559,1505
0.07283496856689453,1504
0.07416605949401855,1503
0.07549095153808594,1502
0.07680511474609375,1501
0.07811093330383301,1500
0.07941889762878418,1499
0.0807950496673584,1498
0.08218002319335938,1497
0.08356094360351562,1496
0.08489298820495605,1495
0.08621382713317871,1494
0.08753299713134766,1493
0.08886194229125977,1492
0.0901801586151123,1491
0.09149789810180664,1490
0.09281086921691895,1489
0.09413504600524902,1488
0.09545183181762695,1487
0.09676480293273926,1486
0.09807682037353516,1485
0.09940099716186523,1484
0.10071897506713867,1483
0.10203099250793457,1482
0.10334300994873047,1481
0.10466599464416504,1480
0.10598182678222656,1479
0.10729193687438965,1478
0.10860490798950195,1477
0.1100778579711914,1476
0.1116337776184082,1475
0.1132059097290039,1474
0.11477994918823242,1473
0.11624383926391602,1472
0.11792588233947754,1471
0.11944293975830078,1470
0.12103700637817383,1469
0.12252211570739746,1468
0.12406802177429199,1467
0.1255199909210205,1466
0.12696075439453125,1465
0.12836694717407227,1464
0.1297447681427002,1463
0.13117313385009766,1462
0.13258790969848633,1461
0.13404297828674316,1460
0.13554883003234863,1459
0.13704705238342285,1458
0.13851094245910645,1457
0.13994908332824707,1456
0.14138007164001465,1455
0.1428370475769043,1454
0.14429211616516113,1453
0.14579510688781738,1452
0.14736509323120117,1451
0.14889097213745117,1450
0.15047502517700195,1449
0.1519489288330078,1448
0.153425931930542,1447
0.1549999713897705,1446
0.1565260887145996,1445
0.15799808502197266,1444
0.15944290161132812,1443
0.16089296340942383,1442
0.16242194175720215,1441
0.16386795043945312,1440
0.16530513763427734,1439
0.1667470932006836,1438
0.16823196411132812,1437
0.16968083381652832,1436
0.17110991477966309,1435
0.17255496978759766,1434
0.17405390739440918,1433
0.17551088333129883,1432
0.17695403099060059,1431
0.17840886116027832,1430
0.1806640625,1429
0.18210887908935547,1428
0.18578100204467773,1427
0.1872260570526123,1426
0.18869495391845703,1425
0.19061613082885742,1424
0.19242501258850098,1423
0.19539189338684082,1422
0.19721484184265137,1421
0.2007439136505127,1420
0.2041459083557129,1419
0.20604801177978516,1418
0.20883512496948242,1417
0.2104020118713379,1416
0.2129969596862793,1415
0.21532487869262695,1414
0.21678781509399414,1413
0.22137093544006348,1412
0.2228090763092041,1411
0.22424793243408203,1410
0.22683000564575195,1409
0.2297070026397705,1408
0.23118901252746582,1407
0.233414888381958,1406
0.23485684394836426,1405
0.23679685592651367,1404
0.23874878883361816,1403
0.240631103515625,1402
0.2424938678741455,1401
0.24566912651062012,1400
0.24751782417297363,1399
0.24910473823547363,1398
0.25104403495788574,1397
0.2528650760650635,1396
0.25623178482055664,1395
0.25811195373535156,1394
0.2599191665649414,1393
0.26174211502075195,1392
0.2635819911956787,1391
0.26564979553222656,1390
0.27023887634277344,1389
0.2729630470275879,1388
0.274918794631958,1387
0.27796101570129395,1386
0.2796630859375,1385
0.2830240726470947,1384
0.28595995903015137,1383
0.2889750003814697,1382
0.2920529842376709,1381
0.29369688034057617,1380
0.29707908630371094,1379
0.3004589080810547,1378
0.3031919002532959,1377
0.30472588539123535,1376
0.3075530529022217,1375
0.30973196029663086,1374
0.31203794479370117,1373
0.3143908977508545,1372
0.316788911819458,1371
0.3190450668334961,1370
0.32173681259155273,1369
0.3231539726257324,1368
0.32611608505249023,1367
0.3287990093231201,1366
0.3310120105743408,1365
0.3334047794342041,1364
0.3356328010559082,1363
0.33824896812438965,1362
0.3408989906311035,1361
0.3422369956970215,1360
0.3435540199279785,1359
0.34486985206604004,1358
0.34706878662109375,1357
0.3495450019836426,1356
0.3508789539337158,1355
0.3529949188232422,1354
0.3543059825897217,1353
0.3556368350982666,1352
0.3569519519805908,1351
0.35826611518859863,1350
0.3595750331878662,1349
0.36204004287719727,1348
0.36334991455078125,1347
0.36466097831726074,1346
0.3676588535308838,1345
0.36986398696899414,1344
0.37212586402893066,1343
0.37424778938293457,1342
0.37660789489746094,1341
0.3788950443267822,1340
0.3802070617675781,1339
0.38259196281433105,1338
0.38392090797424316,1337
0.3852348327636719,1336
0.38775181770324707,1335
0.3897819519042969,1334
0.39109086990356445,1333
0.3935129642486572,1332
0.39482808113098145,1331
0.396136999130249,1330
0.397446870803833,1329
0.3987760543823242,1328
0.4000890254974365,1327
0.4013969898223877,1326
0.40270495414733887,1325
0.40500402450561523,1324
0.4063129425048828,1323
0.4086899757385254,1322
0.411099910736084,1321
0.41240692138671875,1320
0.41373682022094727,1319
0.4162769317626953,1318
0.4175848960876465,1317
0.4189109802246094,1316
0.4209878444671631,1315
0.4233667850494385,1314
0.42560696601867676,1313
0.42691493034362793,1312
0.4294919967651367,1311
0.4320828914642334,1310
0.433413028717041,1309
0.43473196029663086,1308
0.43604183197021484,1307
0.43831801414489746,1306
0.43962907791137695,1305
0.440936803817749,1304
0.44298481941223145,1303
0.44429898262023926,1302
0.4464449882507324,1301
0.44852304458618164,1300
0.4498569965362549,1299
0.4525151252746582,1298
0.4551248550415039,1297
0.4572329521179199,1296
0.4585530757904053,1295
0.46114492416381836,1294
0.4636538028717041,1293
0.4649629592895508,1292
0.46626877784729004,1291
0.46759915351867676,1290
0.4700338840484619,1289
0.4723351001739502,1288
0.47367095947265625,1287
0.47499585151672363,1286
0.4763040542602539,1285
0.47890496253967285,1284
0.4810009002685547,1283
0.4823300838470459,1282
0.48447108268737793,1281
0.4867057800292969,1280
0.48906588554382324,1279
0.4915199279785156,1278
0.4928309917449951,1277
0.49497389793395996,1276
0.4963231086730957,1275
0.4987618923187256,1274
0.500067949295044,1273
0.502403974533081,1272
0.5037078857421875,1271
0.505742073059082,1270
0.5089068412780762,1269
0.5102369785308838,1268
0.5115478038787842,1267
0.5128538608551025,1266
0.5154008865356445,1265
0.516711950302124,1264
0.5180189609527588,1263
0.519324779510498,1262
0.5221149921417236,1261
0.5242969989776611,1260
0.525609016418457,1259
0.5269160270690918,1258
0.5282199382781982,1257
0.529547929763794,1256
0.5319509506225586,1255
0.5340569019317627,1254
0.5353679656982422,1253
0.536674976348877,1252
0.5390589237213135,1251
0.5414419174194336,1250
0.5427489280700684,1249
0.5440759658813477,1248
0.5466659069061279,1247
0.5479731559753418,1246
0.551131010055542,1245
0.553307056427002,1244
0.5546269416809082,1243
0.5559358596801758,1242
0.5580778121948242,1241
0.5593910217285156,1240
0.5616769790649414,1239
0.5642948150634766,1238
0.5666029453277588,1237
0.567957878112793,1236
0.5692830085754395,1235
0.5705997943878174,1234
0.5737121105194092,1233
0.5766589641571045,1232
0.5779750347137451,1231
0.5812537670135498,1230
0.5838310718536377,1229
0.5851459503173828,1228
0.5865180492401123,1227
0.5904178619384766,1226
0.5944299697875977,1225
0.5971100330352783,1224
0.6000881195068359,1223
0.6014220714569092,1222
0.6046409606933594,1221
0.6074070930480957,1220
0.6099879741668701,1219
0.6132259368896484,1218
0.6145551204681396,1217
0.6175930500030518,1216
0.6200318336486816,1215
0.6228830814361572,1214
0.6249918937683105,1213
0.6278960704803467,1212
0.6292409896850586,1211
0.6316609382629395,1210
0.632983922958374,1209
0.635066032409668,1208
0.6396739482879639,1207
0.641887903213501,1206
0.6442599296569824,1205
0.6473829746246338,1204
0.6487109661102295,1203
0.6512329578399658,1202
0.6525440216064453,1201
0.6538701057434082,1200
0.6551840305328369,1199
0.6584289073944092,1198
0.6597440242767334,1197
0.6610801219940186,1196
0.664158821105957,1195
0.6654760837554932,1194
0.6667909622192383,1193
0.6699860095977783,1192
0.6712989807128906,1191
0.6738059520721436,1190
0.6775939464569092,1189
0.6789088249206543,1188
0.6802148818969727,1187
0.6832818984985352,1186
0.6863648891448975,1185
0.6892740726470947,1184
0.6905989646911621,1183
0.6938438415527344,1182
0.6977519989013672,1181
0.6990749835968018,1180
0.7020578384399414,1179
0.7040860652923584,1178
0.7064528465270996,1177
0.7077770233154297,1176
0.7090921401977539,1175
0.7104198932647705,1174
0.7117669582366943,1173
0.7142467498779297,1172
0.7155630588531494,1171
0.7168760299682617,1170
0.7182009220123291,1169
0.719519853591919,1168
0.7231841087341309,1167
0.7266790866851807,1166
0.7280051708221436,1165
0.7293210029602051,1164
0.7324190139770508,1163
0.7337357997894287,1162
0.7374048233032227,1161
0.7404129505157471,1160
0.7424418926239014,1159
0.7437529563903809,1158
0.7450637817382812,1157
0.7463898658752441,1156
0.747704029083252,1155
0.7517921924591064,1154
0.7539229393005371,1153
0.7552480697631836,1152
0.7582037448883057,1151
0.7603039741516113,1150
0.7616209983825684,1149
0.7639458179473877,1148
0.7652647495269775,1147
0.7672848701477051,1146
0.7686090469360352,1145
0.7720530033111572,1144
0.7746250629425049,1143
0.7787699699401855,1142
0.7815899848937988,1141
0.783815860748291,1140
0.7884747982025146,1139
0.79215407371521,1138
0.7947278022766113,1137
0.7971949577331543,1136
0.7985038757324219,1135
0.8005707263946533,1134
0.8042080402374268,1133
0.8079309463500977,1132
0.810542106628418,1131
0.8138179779052734,1130
0.8168990612030029,1129
0.8214068412780762,1128
0.8227269649505615,1127
0.8256089687347412,1126
0.8269269466400146,1125
0.8302457332611084,1124
0.8337399959564209,1123
0.8377809524536133,1122
0.8407118320465088,1121
0.8430688381195068,1120
0.8443880081176758,1119
0.8465828895568848,1118
0.8486897945404053,1117
0.8520009517669678,1116
0.85536789894104,1115
0.8566970825195312,1114
0.8580138683319092,1113
0.861591100692749,1112
0.8656277656555176,1111
0.8669829368591309,1110
0.8683068752288818,1109
0.8706920146942139,1108
0.8720169067382812,1107
0.8756978511810303,1106
0.8770170211791992,1105
0.880378007888794,1104
0.8816969394683838,1103
0.8849577903747559,1102
0.8875792026519775,1101
0.8896529674530029,1100
0.8920550346374512,1099
0.895474910736084,1098
0.8987908363342285,1097
0.9001069068908691,1096
0.9022090435028076,1095
0.9046750068664551,1094
0.9068069458007812,1093
0.9107708930969238,1092
0.9139649868011475,1091
0.9163079261779785,1090
0.9188048839569092,1089
0.922508955001831,1088
0.9247207641601562,1087
0.9261071681976318,1086
0.9285078048706055,1085
0.9298758506774902,1084
0.9333209991455078,1083
0.9356439113616943,1082
0.9381248950958252,1081
0.9410228729248047,1080
0.9423418045043945,1079
0.9436659812927246,1078
0.946958065032959,1077
0.9500758647918701,1076
0.9524250030517578,1075
0.9546999931335449,1074
0.9581289291381836,1073
0.9605839252471924,1072
0.9641299247741699,1071
0.9663798809051514,1070
0.9696760177612305,1069
0.970984935760498,1068
0.9733619689941406,1067
0.9755210876464844,1066
0.9780659675598145,1065
0.9809629917144775,1064
0.985152006149292,1063
0.9864828586578369,1062
0.987800121307373,1061
0.9905970096588135,1060
0.996006965637207,1059
1.001682996749878,1058
1.0110199451446533,1057
1.0149409770965576,1056
1.0181539058685303,1055
1.0194711685180664,1054
1.0207879543304443,1053
1.0231099128723145,1052
1.0244238376617432,1051
1.029109001159668,1050
1.0336549282073975,1049
1.0362510681152344,1048
1.0411031246185303,1047
1.045539140701294,1046
1.047577142715454,1045
1.0513238906860352,1044
1.0567669868469238,1043
1.0616660118103027,1042
1.0629780292510986,1041
1.0660347938537598,1040
1.0681819915771484,1039
1.0717759132385254,1038
1.0730869770050049,1037
1.0755209922790527,1036
1.0768308639526367,1035
1.0781397819519043,1034
1.080214023590088,1033
1.0832769870758057,1032
1.0925078392028809,1031
1.093817949295044,1030
1.0951299667358398,1029
1.1000299453735352,1028
1.1045098304748535,1027
1.1088781356811523,1026
1.1139929294586182,1025
1.1210269927978516,1024
1.1224730014801025,1023
1.127289056777954,1022
1.129694938659668,1021
1.1310498714447021,1020
1.1347079277038574,1019
1.1411089897155762,1018
1.1455800533294678,1017
1.148867130279541,1016
1.15391206741333,1015
1.1578369140625,1014
1.1610198020935059,1013
1.1624388694763184,1012
1.1659140586853027,1011
1.1672449111938477,1010
1.1709659099578857,1009
1.172285795211792,1008
1.1736178398132324,1007
1.1787450313568115,1006
1.1813600063323975,1005
1.1850008964538574,1004
1.186316967010498,1003
1.1894798278808594,1002
1.1947388648986816,1001
1.196112871170044,1000
1.1986501216888428,999
1.2000110149383545,998
1.204251766204834,997
1.2080707550048828,996
1.210331916809082,995
1.2142529487609863,994
1.2169749736785889,993
1.2185089588165283,992
1.2211329936981201,991
1.2255868911743164,990
1.226905107498169,989
1.2314081192016602,988
1.232741117477417,987
1.2361359596252441,986
1.2415809631347656,985
1.2452857494354248,984
1.2486047744750977,983
1.2511930465698242,982
1.256026029586792,981
1.2639989852905273,980
1.2659759521484375,979
1.2725319862365723,978
1.2825429439544678,977
1.2849929332733154,976
1.2871119976043701,975
1.2912449836730957,974
1.3037919998168945,973
1.3119511604309082,972
1.3158540725708008,971
1.3204119205474854,970
1.3229758739471436,969
1.3274407386779785,968
1.3287668228149414,967
1.336169958114624,966
1.3410680294036865,965
1.342378854751587,964
1.3436908721923828,963
1.3486027717590332,962
1.3542969226837158,961
1.36415696144104,960
1.3682959079742432,959
1.3705129623413086,958
1.3760900497436523,957
1.378242015838623,956
1.384347915649414,955
1.388091802597046,954
1.3918728828430176,953
1.3982880115509033,952
1.403757095336914,951
1.410526990890503,950
1.414384126663208,949
1.4213829040527344,948
1.4312801361083984,947
1.4368739128112793,946
1.4489388465881348,945
1.4572710990905762,944
1.4724280834197998,943
1.4795119762420654,942
1.4833829402923584,941
1.4900858402252197,940
1.4913930892944336,939
1.4927020072937012,938
1.4952430725097656,937
1.4973781108856201,936
1.5030980110168457,935
1.5134997367858887,934
1.5155770778656006,933
1.5216939449310303,932
1.5266380310058594,931
1.5294249057769775,930
1.5416150093078613,929
1.543895959854126,928
1.5572640895843506,927
1.5736939907073975,926
1.5821890830993652,925
1.5892150402069092,924
1.5989439487457275,923
1.6173579692840576,922
1.6215510368347168,921
1.6251389980316162,920
1.6291289329528809,919
1.6339740753173828,918
1.6524648666381836,917
1.660672903060913,916
1.6765530109405518,915
1.6934888362884521,914
1.7056849002838135,913
