0.0,27420
4.630361080169678,1062
4.630505800247192,1061
4.6334381103515625,1060
4.6334710121154785,1059
4.633490085601807,1058
4.6464760303497314,1057
4.646651029586792,1056
4.649616003036499,1055
4.650633811950684,1054
4.664062976837158,1053
4.664098024368286,1052
4.6641600131988525,1051
4.707516193389893,1050
4.70776104927063,1049
4.707794189453125,1048
4.708044052124023,1047
4.7080910205841064,1046
4.71124005317688,1045
4.726763963699341,1044
4.7269511222839355,1043
4.729443073272705,1042
4.729839086532593,1041
4.730134010314941,1040
4.735090017318726,1039
4.735137939453125,1038
4.735239028930664,1037
4.735256910324097,1036
4.735304117202759,1035
4.73542594909668,1034
4.738123893737793,1033
4.738636016845703,1032
4.739156246185303,1031
4.739175081253052,1030
4.739643096923828,1029
4.739675045013428,1028
4.741850137710571,1027
4.74186897277832,1026
4.741886854171753,1025
4.7473530769348145,1024
4.747385025024414,1023
4.76385498046875,1022
4.764042854309082,1021
4.764225006103516,1020
4.764240980148315,1019
4.764410972595215,1018
4.764426946640015,1017
4.764693021774292,1016
4.764722108840942,1015
4.765417814254761,1014
4.76544713973999,1013
4.765462875366211,1012
4.76547908782959,1011
4.765812873840332,1010
4.767488956451416,1009
4.769819021224976,1008
4.769898891448975,1007
4.770336866378784,1006
4.770366191864014,1005
4.771568059921265,1004
4.771913051605225,1003
4.787648916244507,1002
4.787693023681641,1001
4.7883219718933105,1000
4.788363933563232,999
4.788444995880127,998
4.810269117355347,997
4.810481071472168,996
4.810769081115723,995
4.811172008514404,994
4.811187982559204,993
4.811713933944702,992
4.812023878097534,991
4.812514066696167,990
4.812644958496094,989
4.8127121925354,988
4.814673185348511,987
4.814858913421631,986
4.814888000488281,985
4.815045118331909,984
4.815430164337158,983
4.815587043762207,982
4.821333885192871,981
4.8435680866241455,980
4.848021030426025,979
4.848116874694824,978
4.85010290145874,977
4.8503851890563965,976
4.850637912750244,975
4.854680061340332,974
4.854798078536987,973
4.854965925216675,972
4.8600640296936035,971
4.860105991363525,970
4.860121965408325,969
4.860151052474976,968
4.860357046127319,967
4.8605921268463135,966
4.860607862472534,965
4.861249923706055,964
4.8613810539245605,963
4.861588954925537,962
4.869296073913574,961
4.869897127151489,960
4.8701090812683105,959
4.870549917221069,958
4.871212959289551,957
4.87122917175293,956
4.872291088104248,955
4.87233304977417,954
4.87234902381897,953
4.872376918792725,952
4.89315390586853,951
4.895715951919556,950
4.896882057189941,949
4.897024869918823,948
4.906764984130859,947
4.906795024871826,946
4.906810998916626,945
4.907220840454102,944
4.9072489738464355,943
4.907480001449585,942
4.90769100189209,941
4.9100892543792725,940
4.910192966461182,939
4.9103899002075195,938
4.93203592300415,937
4.932131052017212,936
4.933242082595825,935
4.933410882949829,934
4.933593034744263,933
4.934551000595093,932
4.939414024353027,931
4.946534156799316,930
4.9479241371154785,929
4.949228048324585,928
4.94963812828064,927
4.950238943099976,926
4.9515039920806885,925
4.963510990142822,924
4.9636688232421875,923
4.980062246322632,922
4.980566024780273,921
4.981359004974365,920
4.981502056121826,919
4.984551191329956,918
4.984566926956177,917
4.985538959503174,916
4.986051082611084,915
4.987054109573364,914
4.993579864501953,913
4.993850946426392,912
5.003767013549805,911
5.006228923797607,910
5.01528787612915,909
5.018399000167847,908
5.018774032592773,907
5.021920919418335,906
5.075375080108643,905
5.124063968658447,904
