0.0,27420
4.89000391960144,1075
4.902846097946167,1058
4.903061151504517,1057
4.903190851211548,1056
4.903329849243164,1055
4.903549909591675,1054
4.903825044631958,1053
4.903920888900757,1052
4.906012058258057,1051
4.906593084335327,1050
4.906628847122192,1049
4.906665086746216,1048
4.906760931015015,1047
4.907192945480347,1046
4.9082300662994385,1045
4.908249855041504,1044
4.908315896987915,1043
4.908380031585693,1042
4.9114830493927,1041
4.939929962158203,1040
4.940252065658569,1039
4.940945863723755,1038
4.941012144088745,1037
4.94202995300293,1036
4.942099094390869,1035
4.953073024749756,1034
4.953195810317993,1033
4.95337700843811,1032
4.9550580978393555,1031
4.9550940990448,1030
4.955114126205444,1029
4.958972930908203,1028
4.959625959396362,1027
4.982030868530273,1026
5.002820014953613,1025
5.002881765365601,1024
5.0029168128967285,1023
5.0031208992004395,1022
5.004023790359497,1021
5.004042148590088,1020
5.004580974578857,1019
5.004641771316528,1018
5.005108118057251,1017
5.005140066146851,1016
5.005241870880127,1015
5.00527286529541,1014
5.005502939224243,1013
5.007663011550903,1012
5.012089967727661,1011
5.012419939041138,1010
5.013982057571411,1009
5.0140979290008545,1008
5.015912055969238,1007
5.01598596572876,1006
5.019582986831665,1005
5.019769906997681,1004
5.020457029342651,1003
5.020653963088989,1002
5.029644966125488,1001
5.030048131942749,1000
5.03009295463562,999
5.030110120773315,998
5.030156135559082,997
5.074662923812866,996
5.074713945388794,995
5.074731111526489,994
5.075015068054199,993
5.075071096420288,992
5.075249910354614,991
5.075339078903198,990
5.076067924499512,989
5.0760979652404785,988
5.076180934906006,987
5.076263904571533,986
5.076398849487305,985
5.078252792358398,984
5.078327894210815,983
5.084265947341919,982
5.084389925003052,981
5.08526086807251,980
5.092342853546143,979
5.092404127120972,978
5.092834949493408,977
5.092907905578613,976
5.09308385848999,975
5.097811937332153,974
5.097844123840332,973
5.10220193862915,972
5.10444974899292,971
5.105736017227173,970
5.109790086746216,969
5.129413843154907,968
5.130790948867798,967
5.131846904754639,966
5.131904125213623,965
5.132001161575317,964
5.132266998291016,963
5.133851051330566,962
5.133932828903198,961
5.136491775512695,960
5.136574029922485,959
5.136890888214111,958
5.136919975280762,957
5.1369500160217285,956
5.137921094894409,955
5.142139911651611,954
5.142358064651489,953
5.144600868225098,952
5.14499306678772,951
5.1573779582977295,950
5.172578811645508,949
5.172713994979858,948
5.173189878463745,947
5.187258005142212,946
5.1879589557647705,945
5.1904730796813965,944
5.191442012786865,943
5.199236869812012,942
5.199448823928833,941
5.2121617794036865,940
5.212272882461548,939
5.218859910964966,938
5.218891143798828,937
5.219976902008057,936
5.2205939292907715,935
5.22128701210022,934
5.223189115524292,933
5.230400085449219,932
5.236418962478638,931
5.236461877822876,930
5.236815929412842,929
5.238276958465576,928
5.2384889125823975,927
5.240407943725586,926
5.2446208000183105,925
5.246712923049927,924
5.251430034637451,923
5.251848936080933,922
5.257222890853882,921
5.274872779846191,920
5.275538921356201,919
5.277606964111328,918
5.277898073196411,917
5.304229021072388,916
5.309407949447632,915
5.333350896835327,914
