0.0016069412231445312,1557
0.0029821395874023438,1556
0.004305839538574219,1555
0.005651950836181641,1554
0.0069811344146728516,1553
0.008301019668579102,1552
0.009623050689697266,1551
0.010972738265991211,1550
0.012353897094726562,1549
0.013775110244750977,1548
0.015185117721557617,1547
0.016574859619140625,1546
0.01791691780090332,1545
0.019258975982666016,1544
0.02058887481689453,1543
0.021916866302490234,1542
0.023324966430664062,1541
0.024708986282348633,1540
0.026048898696899414,1539
0.02738809585571289,1538
0.028732776641845703,1537
0.030069828033447266,1536
0.03140902519226074,1535
0.032765865325927734,1534
0.034152984619140625,1533
0.03551292419433594,1532
0.0369110107421875,1531
0.03827714920043945,1530
0.0396120548248291,1529
0.04093003273010254,1528
0.042243003845214844,1527
0.043562889099121094,1526
0.0448758602142334,1525
0.046189069747924805,1524
0.0475010871887207,1523
0.04881095886230469,1522
0.05011892318725586,1521
0.051429033279418945,1520
0.05274009704589844,1519
0.054052114486694336,1518
0.05536293983459473,1517
0.0566709041595459,1516
0.05799698829650879,1515
0.059309959411621094,1514
0.06067800521850586,1513
0.06207895278930664,1512
0.06346321105957031,1511
0.06479310989379883,1510
0.0661470890045166,1509
0.0675208568572998,1508
0.06890106201171875,1507
0.07026886940002441,1506
0.07163381576538086,1505
0.07299613952636719,1504
0.07436299324035645,1503
0.0757448673248291,1502
0.07710576057434082,1501
0.07849001884460449,1500
0.07988095283508301,1499
0.08127403259277344,1498
0.08263087272644043,1497
0.08396196365356445,1496
0.08529305458068848,1495
0.08665108680725098,1494
0.08798885345458984,1493
0.08932709693908691,1492
0.0907278060913086,1491
0.0922091007232666,1490
0.09357595443725586,1489
0.09491300582885742,1488
0.09630107879638672,1487
0.0976560115814209,1486
0.09897685050964355,1485
0.10029315948486328,1484
0.10163283348083496,1483
0.10297274589538574,1482
0.10429883003234863,1481
0.10561513900756836,1480
0.10692906379699707,1479
0.10827803611755371,1478
0.10960507392883301,1477
0.11092901229858398,1476
0.11226272583007812,1475
0.1136009693145752,1474
0.11492490768432617,1473
0.11626195907592773,1472
0.11759781837463379,1471
0.1189417839050293,1470
0.1202690601348877,1469
0.12158679962158203,1468
0.12292981147766113,1467
0.12427997589111328,1466
0.12562298774719238,1465
0.1269538402557373,1464
0.12828397750854492,1463
0.12962889671325684,1462
0.13095998764038086,1461
0.13228797912597656,1460
0.13361406326293945,1459
0.13495278358459473,1458
0.13629508018493652,1457
0.13762402534484863,1456
0.13895297050476074,1455
0.14029788970947266,1454
0.14163875579833984,1453
0.14296388626098633,1452
0.14429998397827148,1451
0.14564800262451172,1450
0.1469869613647461,1449
0.14830684661865234,1448
0.14964699745178223,1447
0.15099096298217773,1446
0.15233302116394043,1445
0.15364980697631836,1444
0.1549820899963379,1443
0.15632987022399902,1442
0.1576681137084961,1441
0.15898489952087402,1440
0.16031312942504883,1439
0.16164898872375488,1438
0.16297602653503418,1437
0.16430091857910156,1436
0.16562700271606445,1435
0.1669769287109375,1434
0.16831088066101074,1433
0.16963911056518555,1432
0.17095589637756348,1431
0.17297887802124023,1430
0.17429184913635254,1429
0.1768350601196289,1428
0.17895078659057617,1427
0.18026995658874512,1426
0.18161773681640625,1425
0.18294286727905273,1424
0.18518900871276855,1423
0.18653583526611328,1422
0.19020986557006836,1421
0.1915581226348877,1420
0.1938319206237793,1419
0.19514989852905273,1418
0.19743895530700684,1417
0.19945216178894043,1416
0.20079517364501953,1415
0.2034468650817871,1414
0.20478296279907227,1413
0.20614910125732422,1412
0.2074909210205078,1411
0.20882511138916016,1410
0.21120786666870117,1409
0.21384692192077637,1408
0.21517205238342285,1407
0.21721601486206055,1406
0.21854686737060547,1405
0.219879150390625,1404
0.22122478485107422,1403
0.22255611419677734,1402
0.22388982772827148,1401
0.2261030673980713,1400
0.2274329662322998,1399
0.22875380516052246,1398
0.23008513450622559,1397
0.23271894454956055,1396
0.23405194282531738,1395
0.2353830337524414,1394
0.23671483993530273,1393
0.23804473876953125,1392
0.2393798828125,1391
0.24179387092590332,1390
0.24312114715576172,1389
0.2452080249786377,1388
0.24654889106750488,1387
0.2486279010772705,1386
0.24995803833007812,1385
0.25253796577453613,1384
0.2547879219055176,1383
0.2572448253631592,1382
0.2595639228820801,1381
0.26089906692504883,1380
0.26335692405700684,1379
0.2658510208129883,1378
0.26810216903686523,1377
0.26942992210388184,1376
0.2718970775604248,1375
0.2738840579986572,1374
0.2759969234466553,1373
0.27812910079956055,1372
0.28113508224487305,1371
0.28362488746643066,1370
0.28624701499938965,1369
0.2887918949127197,1368
0.2909810543060303,1367
0.29339098930358887,1366
0.29558587074279785,1365
0.29818272590637207,1364
0.3008110523223877,1363
0.302142858505249,1362
0.3034858703613281,1361
0.3048059940338135,1360
0.30700206756591797,1359
0.30954599380493164,1358
0.3108799457550049,1357
0.3130509853363037,1356
0.3143899440765381,1355
0.31572508811950684,1354
0.3170590400695801,1353
0.31841492652893066,1352
0.3197600841522217,1351
0.32228899002075195,1350
0.3236730098724365,1349
0.32503485679626465,1348
0.32709693908691406,1347
0.3294379711151123,1346
0.33167600631713867,1345
0.33399295806884766,1344
0.33614397048950195,1343
0.33857297897338867,1342
0.3408968448638916,1341
0.34337401390075684,1340
0.34471797943115234,1339
0.34731578826904297,1338
0.34935903549194336,1337
0.35068798065185547,1336
0.35312509536743164,1335
0.3544497489929199,1334
0.3557610511779785,1333
0.3570878505706787,1332
0.35841894149780273,1331
0.35974907875061035,1330
0.36107301712036133,1329
0.3624129295349121,1328
0.36472582817077637,1327
0.366055965423584,1326
0.3684577941894531,1325
0.3709070682525635,1324
0.37224483489990234,1323
0.3735830783843994,1322
0.37615203857421875,1321
0.377485990524292,1320
0.3796048164367676,1319
0.38092589378356934,1318
0.3833351135253906,1317
0.38558006286621094,1316
0.3881540298461914,1315
0.3907938003540039,1314
0.39214205741882324,1313
0.3934798240661621,1312
0.3948099613189697,1311
0.3971230983734131,1310
0.3984549045562744,1309
0.39978790283203125,1308
0.4018700122833252,1307
0.40320777893066406,1306
0.405379056930542,1305
0.40743017196655273,1304
0.4088160991668701,1303
0.4115149974822998,1302
0.4141860008239746,1301
0.41628479957580566,1300
0.41759681701660156,1299
0.4201641082763672,1298
0.4226648807525635,1297
0.42397308349609375,1296
0.4264397621154785,1295
0.4288749694824219,1294
0.4311840534210205,1293
0.43251705169677734,1292
0.4338490962982178,1291
0.4364778995513916,1290
0.43860912322998047,1289
0.4399421215057373,1288
0.4421370029449463,1287
0.44443297386169434,1286
0.446854829788208,1285
0.44933605194091797,1284
0.4506847858428955,1283
0.4528689384460449,1282
0.4541969299316406,1281
0.4566969871520996,1280
0.45802903175354004,1279
0.46039605140686035,1278
0.4617319107055664,1277
0.46377992630004883,1276
0.4669947624206543,1275
0.4683208465576172,1274
0.4696660041809082,1273
0.47100305557250977,1272
0.4735751152038574,1271
0.47491908073425293,1270
0.4762568473815918,1269
0.47759103775024414,1268
0.4797389507293701,1267
0.48175692558288574,1266
0.48397302627563477,1265
0.4853081703186035,1264
0.48663997650146484,1263
0.4879751205444336,1262
0.4904499053955078,1261
0.49257397651672363,1260
0.49391889572143555,1259
0.49524974822998047,1258
0.49767184257507324,1257
0.5000748634338379,1256
0.5013828277587891,1255
0.5026941299438477,1254
0.5053081512451172,1253
0.5066149234771729,1252
0.5079209804534912,1251
0.5104110240936279,1250
0.5124349594116211,1249
0.5146291255950928,1248
0.5159368515014648,1247
0.5172531604766846,1246
0.5193908214569092,1245
0.5207009315490723,1244
0.5230021476745605,1243
0.5255961418151855,1242
0.5278971195220947,1241
0.5292017459869385,1240
0.5305080413818359,1239
0.5318131446838379,1238
0.5349109172821045,1237
0.5378479957580566,1236
0.5391530990600586,1235
0.5424189567565918,1234
0.5449798107147217,1233
0.5462958812713623,1232
0.5476059913635254,1231
0.5513179302215576,1230
0.555056095123291,1229
0.5576739311218262,1228
0.5606257915496826,1227
0.5619361400604248,1226
0.5651359558105469,1225
0.5678918361663818,1224
0.57051682472229,1223
0.5737578868865967,1222
0.575070858001709,1221
0.5780918598175049,1220
0.5804729461669922,1219
0.5832810401916504,1218
0.5853559970855713,1217
0.5882008075714111,1216
0.5895090103149414,1215
0.5919070243835449,1214
0.5932199954986572,1213
0.5953109264373779,1212
0.598153829574585,1211
0.6013150215148926,1210
0.6035299301147461,1209
0.6076960563659668,1208
0.6090059280395508,1207
0.6115188598632812,1206
0.6128380298614502,1205
0.6141500473022461,1204
0.615452766418457,1203
0.6199100017547607,1202
0.6212189197540283,1201
0.624269962310791,1200
0.6255757808685303,1199
0.6268970966339111,1198
0.6300599575042725,1197
0.6313798427581787,1196
0.6338529586791992,1195
0.6376309394836426,1194
0.6389360427856445,1193
0.6402440071105957,1192
0.6433000564575195,1191
0.6464600563049316,1190
0.6494579315185547,1189
0.6508100032806396,1188
0.6541399955749512,1187
0.6588778495788574,1186
0.6619141101837158,1185
0.6639690399169922,1184
0.6663968563079834,1183
0.6677470207214355,1182
0.6690869331359863,1181
0.6704199314117432,1180
0.671766996383667,1179
0.6742608547210693,1178
0.6755938529968262,1177
0.677731990814209,1176
0.6814420223236084,1175
0.6849861145019531,1174
0.6863360404968262,1173
0.6876718997955322,1172
0.6908829212188721,1171
0.6922199726104736,1170
0.6959657669067383,1169
0.6973180770874023,1168
0.7004170417785645,1167
0.7024860382080078,1166
0.7038331031799316,1165
0.7051939964294434,1164
0.7065441608428955,1163
0.707892894744873,1162
0.7121860980987549,1161
0.7145178318023682,1160
0.7159018516540527,1159
0.7190299034118652,1158
0.7212998867034912,1157
0.7227160930633545,1156
0.7251729965209961,1155
0.7266008853912354,1154
0.7286849021911621,1153
0.7300338745117188,1152
0.7336580753326416,1151
0.7362959384918213,1150
0.740455150604248,1149
0.7432680130004883,1148
0.745488166809082,1147
0.750128984451294,1146
0.7537739276885986,1145
0.7563471794128418,1144
0.758795976638794,1143
0.7601110935211182,1142
0.762164831161499,1141
0.767894983291626,1140
0.7704911231994629,1139
0.7737131118774414,1138
0.7767648696899414,1137
0.7812490463256836,1136
0.7825589179992676,1135
0.7854049205780029,1134
0.7867140769958496,1133
0.7900149822235107,1132
0.7934889793395996,1131
0.7955958843231201,1130
0.8001880645751953,1129
0.8023190498352051,1128
0.8046510219573975,1127
0.8059759140014648,1126
0.8081679344177246,1125
0.8102529048919678,1124
0.8135459423065186,1123
0.816903829574585,1122
0.8182129859924316,1121
0.8195230960845947,1120
0.823065996170044,1119
0.8260231018066406,1118
0.8283228874206543,1117
0.8296329975128174,1116
0.8309428691864014,1115
0.8332860469818115,1114
0.8345959186553955,1113
0.8382089138031006,1112
0.8395209312438965,1111
0.8428568840026855,1110
0.8441720008850098,1109
0.8474109172821045,1108
0.850024938583374,1107
0.8520779609680176,1106
0.8544690608978271,1105
0.8578600883483887,1104
0.8611559867858887,1103
0.8624649047851562,1102
0.8645579814910889,1101
0.8670179843902588,1100
0.8691208362579346,1099
0.8727967739105225,1098
0.8757469654083252,1097
0.8779911994934082,1096
0.8803608417510986,1095
0.8839070796966553,1094
0.8860280513763428,1093
0.8873379230499268,1092
0.8896229267120361,1091
0.890949010848999,1090
0.894197940826416,1089
0.8964431285858154,1088
0.8988978862762451,1087
0.9017820358276367,1086
0.9030897617340088,1085
0.9044017791748047,1084
0.9076709747314453,1083
0.9107728004455566,1082
0.9131159782409668,1081
0.9153687953948975,1080
0.9187829494476318,1079
0.9212038516998291,1078
0.9247300624847412,1077
0.9260380268096924,1076
0.9273488521575928,1075
0.9306290149688721,1074
0.931941032409668,1073
0.934269905090332,1072
0.9364221096038818,1071
0.9389538764953613,1070
0.941842794418335,1069
0.945990800857544,1068
0.9473011493682861,1067
0.9486079216003418,1066
0.9555618762969971,1065
0.96120285987854,1064
0.9636430740356445,1063
0.970930814743042,1062
0.974822998046875,1061
0.9780139923095703,1060
0.9793241024017334,1059
0.9806308746337891,1058
0.9829328060150146,1057
0.984246015548706,1056
0.9889068603515625,1055
0.9934298992156982,1054
0.9959840774536133,1053
0.9972920417785645,1052
1.0017049312591553,1051
1.0060920715332031,1050
1.008120059967041,1049
1.0118298530578613,1048
1.0172169208526611,1047
1.019324779510498,1046
1.0231201648712158,1045
1.0244269371032715,1044
1.0257368087768555,1043
1.0287690162658691,1042
1.0309181213378906,1041
1.03448486328125,1040
1.0357930660247803,1039
1.0381910800933838,1038
1.039499044418335,1037
1.0408070087432861,1036
1.0428740978240967,1035
1.0459699630737305,1034
1.0482091903686523,1033
1.0567841529846191,1032
1.0580940246582031,1031
1.0594029426574707,1030
1.0642731189727783,1029
1.0683550834655762,1028
1.0708918571472168,1027
1.0740220546722412,1026
1.0785861015319824,1025
1.081585168838501,1024
1.086035966873169,1023
1.087345838546753,1022
1.0917418003082275,1021
1.0939991474151611,1020
1.0953068733215332,1019
1.0987679958343506,1018
1.1033508777618408,1017
1.104658842086792,1016
1.1086640357971191,1015
1.1116399765014648,1014
1.1161468029022217,1013
1.118600845336914,1012
1.1216270923614502,1011
1.1229360103607178,1010
1.1262948513031006,1009
1.1276018619537354,1008
1.1312408447265625,1007
1.1325490474700928,1006
1.1338579654693604,1005
1.1387481689453125,1004
1.1434788703918457,1003
1.1461739540100098,1002
1.151271104812622,1001
1.1525728702545166,1000
1.1549780368804932,999
1.1562957763671875,998
1.160348892211914,997
1.1639349460601807,996
1.1661059856414795,995
1.1699130535125732,994
1.1724510192871094,993
1.1737568378448486,992
1.1761550903320312,991
1.180492877960205,990
1.1817991733551025,989
1.186229944229126,988
1.1875340938568115,987
1.1908788681030273,986
1.1951820850372314,985
1.1964879035949707,984
1.2000980377197266,983
1.203352928161621,982
1.2059059143066406,981
1.2106730937957764,980
1.2160491943359375,979
1.2187869548797607,978
1.2207920551300049,977
1.2221229076385498,976
1.2255070209503174,975
1.2279880046844482,974
1.238767147064209,973
1.2413859367370605,972
1.2436718940734863,971
1.2480130195617676,970
1.2513179779052734,969
1.268791913986206,968
1.272655963897705,967
1.2739958763122559,966
1.2785899639129639,965
1.2811739444732666,964
1.285628080368042,963
1.28694486618042,962
1.2905519008636475,961
1.2954227924346924,960
1.300306797027588,959
1.3016130924224854,958
1.3065221309661865,957
1.3086209297180176,956
1.313528060913086,955
1.3178679943084717,954
1.324913740158081,953
1.3291409015655518,952
1.3304507732391357,951
1.3326539993286133,950
1.3382041454315186,949
1.340350866317749,948
1.344817876815796,947
1.347296953201294,946
1.3510088920593262,945
1.354759931564331,944
1.3603088855743408,943
1.3616187572479248,942
1.3670549392700195,941
1.3737928867340088,940
1.3776280879974365,939
1.3824570178985596,938
1.3858108520507812,937
1.3887910842895508,936
1.3951280117034912,935
1.4008288383483887,934
1.4128198623657227,933
1.4199659824371338,932
1.434964895248413,931
1.4420530796051025,930
1.4513280391693115,929
1.4526917934417725,928
1.4540519714355469,927
1.4566807746887207,926
1.4590158462524414,925
1.4649760723114014,924
1.4674758911132812,923
1.4700520038604736,922
1.476369857788086,921
1.4785950183868408,920
1.485163927078247,919
1.490265130996704,918
1.4931690692901611,917
1.5060720443725586,916
1.5089290142059326,915
1.5232539176940918,914
1.5402648448944092,913
1.5548710823059082,912
1.565126895904541,911
1.585204839706421,910
1.5894439220428467,909
1.5931167602539062,908
1.5971319675445557,907
1.6020090579986572,906
1.608855962753296,905
1.6203629970550537,904
1.6286680698394775,903
1.6445848941802979,902
1.6743180751800537,901
