0.0,27420
4.747390031814575,1087
4.74741005897522,1086
4.747590065002441,1085
4.747637033462524,1084
4.835468053817749,1055
4.835572957992554,1054
4.835942029953003,1053
4.836018085479736,1052
4.837152004241943,1051
4.842612028121948,1050
4.843173980712891,1049
4.843249082565308,1048
4.875982999801636,1047
4.876032114028931,1046
4.887256145477295,1045
4.887290954589844,1044
4.903589963912964,1043
4.913016080856323,1042
4.913309097290039,1041
4.914060115814209,1040
4.914078950881958,1039
4.914175987243652,1038
4.914240121841431,1037
4.914458990097046,1036
4.921320915222168,1035
4.921583890914917,1034
4.921617031097412,1033
4.921820878982544,1032
4.922041893005371,1031
4.922060012817383,1030
4.922401189804077,1029
4.922657012939453,1028
4.923524856567383,1027
4.923671007156372,1026
4.92582893371582,1025
4.930654048919678,1024
4.93073582649231,1023
4.9308412075042725,1022
4.931710958480835,1021
4.931957006454468,1020
4.9321300983428955,1019
4.932147026062012,1018
4.935515880584717,1017
4.935559988021851,1016
4.9361090660095215,1015
4.93622899055481,1014
4.936642169952393,1013
4.9426000118255615,1012
4.942669153213501,1011
4.943202018737793,1010
4.943257808685303,1009
4.943312883377075,1008
4.963551998138428,1007
4.974305152893066,1006
4.974419116973877,1005
4.974720001220703,1004
4.975618124008179,1003
4.97564697265625,1002
4.975782871246338,1001
4.976334810256958,1000
4.987070083618164,999
4.987174987792969,998
4.987247943878174,997
4.993023157119751,996
4.993166208267212,995
4.999428987503052,994
4.999461889266968,993
5.000349998474121,992
5.0005199909210205,991
5.000550985336304,990
5.008890867233276,989
5.00896692276001,988
5.00910496711731,987
5.010617971420288,986
5.0107011795043945,985
5.011514902114868,984
5.011600017547607,983
5.012001037597656,982
5.012188911437988,981
5.012271881103516,980
5.012301206588745,979
5.016645908355713,978
5.01670503616333,977
5.016736030578613,976
5.017767906188965,975
5.021358966827393,974
5.021481990814209,973
5.0218260288238525,972
5.023353099822998,971
5.0248188972473145,970
5.025445938110352,969
5.026605129241943,968
5.026692152023315,967
5.027562141418457,966
5.027605056762695,965
5.027647972106934,964
5.027691125869751,963
5.028268098831177,962
5.028383016586304,961
5.02839994430542,960
5.028500080108643,959
5.028558969497681,958
5.028671979904175,957
5.029336214065552,956
5.029448986053467,955
5.029521942138672,954
5.029998064041138,953
5.031235218048096,952
5.077733993530273,951
5.077936887741089,950
5.081496238708496,949
5.08361291885376,948
5.084272861480713,947
5.084478139877319,946
5.085114002227783,945
5.08514404296875,944
5.085228204727173,943
5.0890419483184814,942
5.089625835418701,941
5.089670896530151,940
5.089930057525635,939
5.090553045272827,938
5.092633962631226,937
5.093080043792725,936
5.096193075180054,935
5.099065065383911,934
5.102718114852905,933
5.10463809967041,932
5.124025821685791,931
5.124990940093994,930
5.1258440017700195,929
5.136859893798828,928
5.138254880905151,927
5.138609886169434,926
5.138767957687378,925
5.140330076217651,924
5.14047384262085,923
5.159045934677124,922
5.16047215461731,921
5.1640589237213135,920
5.164314031600952,919
5.164550065994263,918
5.18989896774292,917
5.191059112548828,916
5.197954177856445,915
5.202022075653076,914
5.207957029342651,913
5.20830225944519,912
5.210750102996826,911
5.216659069061279,910
5.235514879226685,909
5.244488954544067,908
5.275727033615112,907
5.29081392288208,906
5.3237199783325195,905
