0.0,27420
4.754551887512207,1089
4.754996061325073,1088
4.759320974349976,1087
4.759467124938965,1086
4.760148048400879,1085
4.773838996887207,1066
4.77406120300293,1065
4.774093866348267,1064
4.774212837219238,1063
4.777040004730225,1062
4.846806049346924,1061
4.852807998657227,1060
4.8528289794921875,1059
4.853006839752197,1058
4.853824138641357,1057
4.85443115234375,1056
4.85447883605957,1055
4.854554891586304,1054
4.854603052139282,1053
4.854647874832153,1052
4.8547117710113525,1051
4.855334997177124,1050
4.8553948402404785,1049
4.855458974838257,1048
4.855790853500366,1047
4.855950832366943,1046
4.855970144271851,1045
4.856727838516235,1044
4.857193946838379,1043
4.85722804069519,1042
4.85727596282959,1041
4.85733699798584,1040
4.857512950897217,1039
4.857546091079712,1038
4.858588933944702,1037
4.8586649894714355,1036
4.858762979507446,1035
4.858796119689941,1034
4.866533994674683,1033
4.866683006286621,1032
4.867246866226196,1031
4.868567228317261,1030
4.869345188140869,1029
4.869494199752808,1028
4.869599103927612,1027
4.869833946228027,1026
4.869853973388672,1025
4.872976064682007,1024
4.873138904571533,1023
4.873171091079712,1022
4.873410940170288,1021
4.881614923477173,1020
4.882482051849365,1019
4.8825390338897705,1018
4.882701873779297,1017
4.882784128189087,1016
4.88289213180542,1015
4.883203983306885,1014
4.886992931365967,1013
4.887010097503662,1012
4.888204097747803,1011
4.889441013336182,1010
4.889470100402832,1009
4.889570236206055,1008
4.895116090774536,1007
4.910959005355835,1006
4.911005020141602,1005
4.914470911026001,1004
4.914566993713379,1003
4.914623022079468,1002
4.924703121185303,1001
4.924813985824585,1000
4.924855947494507,999
4.925004005432129,998
4.925019979476929,997
4.925539970397949,996
4.9258129596710205,995
4.925973176956177,994
4.926175117492676,993
4.926623106002808,992
4.92671799659729,991
4.9269700050354,990
4.927525043487549,989
4.929571866989136,988
4.929666996002197,987
4.929723024368286,986
4.931094169616699,985
5.0053160190582275,984
5.005429029464722,983
5.0054850578308105,982
5.005804061889648,981
5.005820989608765,980
5.01802396774292,979
5.0180559158325195,978
5.026748895645142,977
5.026779890060425,976
5.027019023895264,975
5.027323007583618,974
5.027511119842529,973
5.027788877487183,972
5.02814507484436,971
5.028434991836548,970
5.028702974319458,969
5.028850078582764,968
5.029077053070068,967
5.029186964035034,966
5.030579090118408,965
5.030716896057129,964
5.033982992172241,963
5.035183906555176,962
5.03554105758667,961
5.0358710289001465,960
5.036265134811401,959
5.036442041397095,958
5.036630153656006,957
5.047522783279419,956
5.048330068588257,955
5.051748991012573,954
5.056440830230713,953
5.0565478801727295,952
5.0570759773254395,951
5.058478832244873,950
5.0597991943359375,949
5.062174081802368,948
5.06270694732666,947
5.070914030075073,946
5.070953130722046,945
5.0729169845581055,944
5.073495149612427,943
5.073567152023315,942
5.074918031692505,941
5.07597017288208,940
5.076068878173828,939
5.082491874694824,938
5.0826520919799805,937
5.1285319328308105,936
5.128741979598999,935
5.129154920578003,934
5.132681131362915,933
5.132877826690674,932
5.133210897445679,931
5.1358959674835205,930
5.1379358768463135,929
5.139240980148315,928
5.147050142288208,927
5.14728307723999,926
5.149388790130615,925
5.151264190673828,924
5.164427995681763,923
5.165405988693237,922
5.184603929519653,921
5.188063144683838,920
5.212218999862671,919
5.2180750370025635,918
5.218104839324951,917
5.220057964324951,916
5.221384048461914,915
5.224591970443726,914
5.236212968826294,913
5.244797945022583,912
