0.0014731884002685547,1557
0.002893209457397461,1556
0.004237174987792969,1555
0.00555109977722168,1554
0.0068662166595458984,1553
0.008198261260986328,1552
0.00953817367553711,1551
0.010856151580810547,1550
0.012201070785522461,1549
0.013660192489624023,1548
0.01503896713256836,1547
0.016396045684814453,1546
0.017715930938720703,1545
0.0190432071685791,1544
0.02035808563232422,1543
0.021667003631591797,1542
0.022977113723754883,1541
0.02430415153503418,1540
0.025617122650146484,1539
0.02692723274230957,1538
0.028237104415893555,1537
0.029560089111328125,1536
0.03087306022644043,1535
0.03218197822570801,1534
0.03348827362060547,1533
0.03481435775756836,1532
0.03613018989562988,1531
0.03745007514953613,1530
0.03875923156738281,1529
0.04008007049560547,1528
0.04145526885986328,1527
0.042867183685302734,1526
0.044300079345703125,1525
0.04571533203125,1524
0.047102928161621094,1523
0.048461198806762695,1522
0.049816131591796875,1521
0.05118417739868164,1520
0.05254411697387695,1519
0.05389738082885742,1518
0.055253028869628906,1517
0.05661511421203613,1516
0.05803322792053223,1515
0.059426069259643555,1514
0.060790061950683594,1513
0.06218123435974121,1512
0.06355619430541992,1511
0.06490802764892578,1510
0.06631922721862793,1509
0.06772518157958984,1508
0.06908512115478516,1507
0.07046723365783691,1506
0.07183408737182617,1505
0.07323217391967773,1504
0.07462215423583984,1503
0.07595419883728027,1502
0.07727313041687012,1501
0.07860708236694336,1500
0.07995414733886719,1499
0.08129000663757324,1498
0.0826101303100586,1497
0.0839390754699707,1496
0.08525729179382324,1495
0.08657002449035645,1494
0.08788204193115234,1493
0.08920812606811523,1492
0.09052419662475586,1491
0.09183216094970703,1490
0.09314417839050293,1489
0.0944671630859375,1488
0.09578609466552734,1487
0.09709620475769043,1486
0.09841203689575195,1485
0.09973812103271484,1484
0.10105323791503906,1483
0.10236310958862305,1482
0.10367512702941895,1481
0.10499715805053711,1480
0.10631227493286133,1479
0.1076202392578125,1478
0.10892796516418457,1477
0.11025094985961914,1476
0.11156511306762695,1475
0.11287498474121094,1474
0.11418533325195312,1473
0.11550617218017578,1472
0.11681914329528809,1471
0.11813020706176758,1470
0.11943912506103516,1469
0.12077617645263672,1468
0.12209606170654297,1467
0.12340807914733887,1466
0.12471914291381836,1465
0.12604117393493652,1464
0.12735414505004883,1463
0.128662109375,1462
0.12997126579284668,1461
0.13129425048828125,1460
0.13261103630065918,1459
0.13392996788024902,1458
0.13524413108825684,1457
0.136566162109375,1456
0.1378791332244873,1455
0.13918733596801758,1454
0.14049506187438965,1453
0.141815185546875,1452
0.14313006401062012,1451
0.14447307586669922,1450
0.1458423137664795,1449
0.1472160816192627,1448
0.14853501319885254,1447
0.14984393119812012,1446
0.15115118026733398,1445
0.15247321128845215,1444
0.15378713607788086,1443
0.15509295463562012,1442
0.15639925003051758,1441
0.15772008895874023,1440
0.15903520584106445,1439
0.1603400707244873,1438
0.16164708137512207,1437
0.16296815872192383,1436
0.16428208351135254,1435
0.1655890941619873,1434
0.16689610481262207,1433
0.16821503639221191,1432
0.1695261001586914,1431
0.17083311080932617,1430
0.17284917831420898,1429
0.17535996437072754,1428
0.17747926712036133,1427
0.17879295349121094,1426
0.18010330200195312,1425
0.18141412734985352,1424
0.18438410758972168,1423
0.18698906898498535,1422
0.18931913375854492,1421
0.19063019752502441,1420
0.19289422035217285,1419
0.19420409202575684,1418
0.19646120071411133,1417
0.19846701622009277,1416
0.19977593421936035,1415
0.20238804817199707,1414
0.20369815826416016,1413
0.20500516891479492,1412
0.20632505416870117,1411
0.20763897895812988,1410
0.20996809005737305,1409
0.21258330345153809,1408
0.2139110565185547,1407
0.2159862518310547,1406
0.21733927726745605,1405
0.21868896484375,1404
0.22003817558288574,1403
0.22140002250671387,1402
0.22276020050048828,1401
0.22498202323913574,1400
0.22632813453674316,1399
0.22766423225402832,1398
0.22899508476257324,1397
0.23033499717712402,1396
0.23297715187072754,1395
0.23430824279785156,1394
0.23564410209655762,1393
0.23698830604553223,1392
0.23832392692565918,1391
0.2396562099456787,1390
0.24206900596618652,1389
0.24340605735778809,1388
0.2454991340637207,1387
0.24685430526733398,1386
0.24895405769348145,1385
0.2502939701080322,1384
0.2528970241546631,1383
0.25516319274902344,1382
0.25762009620666504,1381
0.25994324684143066,1380
0.2612900733947754,1379
0.26378798484802246,1378
0.26630711555480957,1377
0.2685871124267578,1376
0.26991820335388184,1375
0.2723982334136963,1374
0.27440404891967773,1373
0.2765192985534668,1372
0.2786722183227539,1371
0.2809619903564453,1370
0.28303098678588867,1369
0.2855410575866699,1368
0.28687214851379395,1367
0.28951406478881836,1366
0.29206228256225586,1365
0.29427099227905273,1364
0.2967560291290283,1363
0.2991030216217041,1362
0.3017699718475342,1361
0.3043992519378662,1360
0.3057262897491455,1359
0.30706310272216797,1358
0.3083913326263428,1357
0.3106212615966797,1356
0.31341004371643066,1355
0.3147881031036377,1354
0.3170461654663086,1353
0.3183879852294922,1352
0.31970930099487305,1351
0.32102513313293457,1350
0.32236409187316895,1349
0.323688268661499,1348
0.32613205909729004,1347
0.3274650573730469,1346
0.3287851810455322,1345
0.33086204528808594,1344
0.3332343101501465,1343
0.3354151248931885,1342
0.33769702911376953,1341
0.3397970199584961,1340
0.342191219329834,1339
0.34445905685424805,1338
0.34578824043273926,1337
0.3481872081756592,1336
0.34949707984924316,1335
0.3508341312408447,1334
0.3533661365509033,1333
0.3553950786590576,1332
0.35671234130859375,1331
0.3591170310974121,1330
0.36045002937316895,1329
0.3617682456970215,1328
0.363079309463501,1327
0.36438822746276855,1326
0.3657200336456299,1325
0.3670389652252197,1324
0.3683481216430664,1323
0.3706471920013428,1322
0.3719632625579834,1321
0.37432408332824707,1320
0.37676119804382324,1319
0.37807321548461914,1318
0.3793830871582031,1317
0.38195013999938965,1316
0.38326501846313477,1315
0.38457226753234863,1314
0.38667798042297363,1313
0.3879842758178711,1312
0.3903663158416748,1311
0.39261317253112793,1310
0.39519405364990234,1309
0.3979072570800781,1308
0.39931416511535645,1307
0.40065526962280273,1306
0.4019801616668701,1305
0.40427112579345703,1304
0.405623197555542,1303
0.40694117546081543,1302
0.4089961051940918,1301
0.41031408309936523,1300
0.41245102882385254,1299
0.41448330879211426,1298
0.41579604148864746,1297
0.4183921813964844,1296
0.421004056930542,1295
0.42311716079711914,1294
0.42443323135375977,1293
0.4270052909851074,1292
0.4295361042022705,1291
0.4308662414550781,1290
0.432178258895874,1289
0.43350815773010254,1288
0.43595218658447266,1287
0.4404411315917969,1286
0.4418981075286865,1285
0.44532012939453125,1284
0.44666433334350586,1283
0.44881510734558105,1282
0.4510650634765625,1281
0.45345306396484375,1280
0.4559171199798584,1279
0.45724010467529297,1278
0.45938611030578613,1277
0.460712194442749,1276
0.4631621837615967,1275
0.46447014808654785,1274
0.46680617332458496,1273
0.46811699867248535,1272
0.47014498710632324,1271
0.4732940196990967,1270
0.4756741523742676,1269
0.47698307037353516,1268
0.47952818870544434,1267
0.48084020614624023,1266
0.48215413093566895,1265
0.48346710205078125,1264
0.4855830669403076,1263
0.48757505416870117,1262
0.489760160446167,1261
0.4910709857940674,1260
0.49237918853759766,1259
0.49370312690734863,1258
0.49502110481262207,1257
0.4974820613861084,1256
0.4996671676635742,1255
0.5009920597076416,1254
0.5023031234741211,1253
0.5046982765197754,1252
0.5071022510528564,1251
0.508411169052124,1250
0.509742021560669,1249
0.5123541355133057,1248
0.513667106628418,1247
0.5149979591369629,1246
0.5174310207366943,1245
0.5194780826568604,1244
0.5216450691223145,1243
0.5229549407958984,1242
0.5251080989837646,1241
0.5264182090759277,1240
0.5287361145019531,1239
0.5313441753387451,1238
0.5336651802062988,1237
0.5349791049957275,1236
0.5362889766693115,1235
0.539398193359375,1234
0.5423400402069092,1233
0.5455999374389648,1232
0.5481972694396973,1231
0.5495061874389648,1230
0.55082106590271,1229
0.5545961856842041,1228
0.5584182739257812,1227
0.5629091262817383,1226
0.5642192363739014,1225
0.5674643516540527,1224
0.5702190399169922,1223
0.5727789402008057,1222
0.5760331153869629,1221
0.5773413181304932,1220
0.5803720951080322,1219
0.5827603340148926,1218
0.5855872631072998,1217
0.5876820087432861,1216
0.5905311107635498,1215
0.591865062713623,1214
0.594245195388794,1213
0.5955541133880615,1212
0.5976572036743164,1211
0.6005229949951172,1210
0.6056010723114014,1209
0.6079442501068115,1208
0.611079216003418,1207
0.6123859882354736,1206
0.6149230003356934,1205
0.6162359714508057,1204
0.6175491809844971,1203
0.6188771724700928,1202
0.6229612827301025,1201
0.6242861747741699,1200
0.6275739669799805,1199
0.6289310455322266,1198
0.6302692890167236,1197
0.6349971294403076,1196
0.6363091468811035,1195
0.6388022899627686,1194
0.6425662040710449,1193
0.6438961029052734,1192
0.6452090740203857,1191
0.6482560634613037,1190
0.6513290405273438,1189
0.6542520523071289,1188
0.6555581092834473,1187
0.6588170528411865,1186
0.6627211570739746,1185
0.664031982421875,1184
0.6670272350311279,1183
0.6690511703491211,1182
0.6714141368865967,1181
0.6727170944213867,1180
0.6740491390228271,1179
0.675361156463623,1178
0.676673173904419,1177
0.6791331768035889,1176
0.680448055267334,1175
0.6817591190338135,1174
0.683070182800293,1173
0.6867232322692871,1172
0.6902210712432861,1171
0.6915283203125,1170
0.6928350925445557,1169
0.6959371566772461,1168
0.6972479820251465,1167
0.7009131908416748,1166
0.7022273540496826,1165
0.7052841186523438,1164
0.7073111534118652,1163
0.7086362838745117,1162
0.7099471092224121,1161
0.7112581729888916,1160
0.7125859260559082,1159
0.7166702747344971,1158
0.721325159072876,1157
0.7234020233154297,1156
0.7247302532196045,1155
0.7270290851593018,1154
0.7283360958099365,1153
0.7303712368011475,1152
0.7316772937774658,1151
0.7351231575012207,1150
0.7376611232757568,1149
0.7417972087860107,1148
0.744610071182251,1147
0.7468430995941162,1146
0.7514801025390625,1145
0.7551181316375732,1144
0.7577033042907715,1143
0.7601442337036133,1142
0.7614681720733643,1141
0.7635190486907959,1140
0.7669150829315186,1139
0.7705621719360352,1138
0.7731482982635498,1137
0.7763791084289551,1136
0.7794311046600342,1135
0.7839031219482422,1134
0.7852160930633545,1133
0.7880630493164062,1132
0.7913563251495361,1131
0.7948462963104248,1130
0.7969651222229004,1129
0.8002879619598389,1128
0.8016171455383301,1127
0.8047642707824707,1126
0.8060920238494873,1125
0.8082830905914307,1124
0.8103742599487305,1123
0.8136551380157471,1122
0.8170223236083984,1121
0.8183271884918213,1120
0.8196511268615723,1119
0.823188066482544,1118
0.8261632919311523,1117
0.8284730911254883,1116
0.8297860622406006,1115
0.8310911655426025,1114
0.8334431648254395,1113
0.8347640037536621,1112
0.8383851051330566,1111
0.839698314666748,1110
0.8430430889129639,1109
0.8443560600280762,1108
0.8476040363311768,1107
0.8502161502838135,1106
0.8522851467132568,1105
0.8546891212463379,1104
0.8580920696258545,1103
0.8614201545715332,1102
0.8627541065216064,1101
0.8660111427307129,1100
0.8681211471557617,1099
0.8718020915985107,1098
0.874751091003418,1097
0.8780369758605957,1096
0.8816020488739014,1095
0.8837361335754395,1094
0.8850522041320801,1093
0.8873341083526611,1092
0.8886620998382568,1091
0.8921840190887451,1090
0.8945200443267822,1089
0.8969881534576416,1088
0.899909257888794,1087
0.9012269973754883,1086
0.90254807472229,1085
0.9076690673828125,1084
0.9100191593170166,1083
0.9123020172119141,1082
0.9157371520996094,1081
0.920403242111206,1080
0.9217312335968018,1079
0.9230473041534424,1078
0.9263479709625244,1077
0.9276652336120605,1076
0.9300041198730469,1075
0.9334101676940918,1074
0.9363341331481934,1073
0.9405131340026855,1072
0.9418222904205322,1071
0.9431321620941162,1070
0.9459331035614014,1069
0.9513461589813232,1068
0.9570190906524658,1067
0.9594821929931641,1066
0.9675772190093994,1065
0.9715011119842529,1064
0.9757802486419678,1063
0.977100133895874,1062
0.9794070720672607,1061
0.9807312488555908,1060
0.9854121208190918,1059
0.9899652004241943,1058
0.9925191402435303,1057
0.9938433170318604,1056
0.9982903003692627,1055
1.0026931762695312,1054
1.004723310470581,1053
1.008458137512207,1052
1.013916254043579,1051
1.0160291194915771,1050
1.0198462009429932,1049
1.0211560726165771,1048
1.022463083267212,1047
1.025515079498291,1046
1.0276782512664795,1045
1.0312511920928955,1044
1.0344531536102295,1043
1.0357601642608643,1042
1.0370841026306152,1041
1.0391359329223633,1040
1.0422241687774658,1039
1.0444881916046143,1038
1.0531163215637207,1037
1.054440975189209,1036
1.0557632446289062,1035
1.0606751441955566,1034
1.0660080909729004,1033
1.0691630840301514,1032
1.0737531185150146,1031
1.0799291133880615,1030
1.0812511444091797,1029
1.085664987564087,1028
1.0879271030426025,1027
1.0892341136932373,1026
1.0927159786224365,1025
1.097344160079956,1024
1.0986521244049072,1023
1.1026790142059326,1022
1.1056771278381348,1021
1.110201120376587,1020
1.1139392852783203,1019
1.1169800758361816,1018
1.1183102130889893,1017
1.1217961311340332,1016
1.1254332065582275,1015
1.126819133758545,1014
1.1281991004943848,1013
1.1295762062072754,1012
1.1347520351409912,1011
1.1374471187591553,1010
1.141150951385498,1009
1.1425442695617676,1008
1.1458711624145508,1007
1.150078296661377,1006
1.1514060497283936,1005
1.1538140773773193,1004
1.1551940441131592,1003
1.159377098083496,1002
1.1630151271820068,1001
1.1652133464813232,1000
1.169037103652954,999
1.1715741157531738,998
1.1729021072387695,997
1.1753180027008057,996
1.1796910762786865,995
1.1809992790222168,994
1.1854562759399414,993
1.186779260635376,992
1.1901330947875977,991
1.194460153579712,990
1.1957831382751465,989
1.1994271278381348,988
1.2028663158416748,987
1.205458164215088,986
1.2104010581970215,985
1.215872049331665,984
1.2186470031738281,983
1.2206132411956787,982
1.2219352722167969,981
1.2252681255340576,980
1.2277371883392334,979
1.2384941577911377,978
1.241145133972168,977
1.2434170246124268,976
1.2478489875793457,975
1.2511239051818848,974
1.2616441249847412,973
1.2735412120819092,972
1.274853229522705,971
1.2794339656829834,970
1.2820501327514648,969
1.2865452766418457,968
1.287858247756958,967
1.2950770854949951,966
1.3000071048736572,965
1.3013412952423096,964
1.3026642799377441,963
1.3075921535491943,962
1.3096942901611328,961
1.314635992050171,960
1.3190131187438965,959
1.3254132270812988,958
1.3295581340789795,957
1.3308873176574707,956
1.3331079483032227,955
1.339550256729126,954
1.3440451622009277,953
1.346534252166748,952
1.350283145904541,951
1.354074239730835,950
1.3595831394195557,949
1.3609132766723633,948
1.3663930892944336,947
1.3731729984283447,946
1.3805980682373047,945
1.3839879035949707,944
1.3869969844818115,943
1.3933932781219482,942
1.3991291522979736,941
1.4112093448638916,940
1.4191780090332031,939
1.4343891143798828,938
1.4414870738983154,937
1.4453880786895752,936
1.452322006225586,935
1.4536781311035156,934
1.4550552368164062,933
1.4578931331634521,932
1.460211992263794,931
1.4664051532745361,930
1.4691591262817383,929
1.4795911312103271,928
1.4818060398101807,927
1.4917659759521484,926
1.494596242904663,925
1.5077319145202637,924
1.5109472274780273,923
1.525529146194458,922
1.541985034942627,921
1.5499482154846191,920
1.5570261478424072,919
1.5668320655822754,918
1.5867030620574951,917
1.5908873081207275,916
1.5945160388946533,915
1.5985362529754639,914
1.603438138961792,913
1.6102919578552246,912
1.6217000484466553,911
1.6299660205841064,910
1.6457362174987793,909
1.6626932621002197,908
1.674929141998291,907
1.717919111251831,906
