0.022665977478027344,1557
0.02406001091003418,1556
0.025391817092895508,1555
0.026715993881225586,1554
0.028039932250976562,1553
0.02939295768737793,1552
0.0307769775390625,1551
0.03212404251098633,1550
0.03346109390258789,1549
0.03482699394226074,1548
0.03615283966064453,1547
0.03747892379760742,1546
0.03879690170288086,1545
0.04012703895568848,1544
0.04144287109375,1543
0.04275989532470703,1542
0.04407095909118652,1541
0.04539799690246582,1540
0.04671502113342285,1539
0.04802584648132324,1538
0.04934096336364746,1537
0.05066704750061035,1536
0.05198192596435547,1535
0.053297996520996094,1534
0.05460786819458008,1533
0.05593299865722656,1532
0.05726194381713867,1531
0.05862784385681152,1530
0.06000399589538574,1529
0.061389923095703125,1528
0.06279516220092773,1527
0.06416010856628418,1526
0.0654909610748291,1525
0.06686282157897949,1524
0.06818294525146484,1523
0.06948995590209961,1522
0.0707998275756836,1521
0.07212281227111816,1520
0.07343602180480957,1519
0.07474684715270996,1518
0.07605695724487305,1517
0.07738614082336426,1516
0.07870292663574219,1515
0.08001399040222168,1514
0.08132100105285645,1513
0.08264303207397461,1512
0.08396697044372559,1511
0.0852818489074707,1510
0.08659005165100098,1509
0.08790779113769531,1508
0.0892188549041748,1507
0.09052610397338867,1506
0.09183192253112793,1505
0.09315109252929688,1504
0.09446406364440918,1503
0.09577202796936035,1502
0.09707808494567871,1501
0.09841275215148926,1500
0.09972691535949707,1499
0.10103797912597656,1498
0.10234403610229492,1497
0.10367083549499512,1496
0.10498595237731934,1495
0.10629415512084961,1494
0.10760092735290527,1493
0.10892915725708008,1492
0.11023902893066406,1491
0.11154580116271973,1490
0.11285400390625,1489
0.11417508125305176,1488
0.11548590660095215,1487
0.11679291725158691,1486
0.11809992790222168,1485
0.11942100524902344,1484
0.12073087692260742,1483
0.12203693389892578,1482
0.12334799766540527,1481
0.12467098236083984,1480
0.12598395347595215,1479
0.127288818359375,1478
0.12859511375427246,1477
0.1299128532409668,1476
0.1312270164489746,1475
0.13253474235534668,1474
0.13384795188903809,1473
0.13517093658447266,1472
0.13648700714111328,1471
0.13779306411743164,1470
0.1390979290008545,1469
0.14041614532470703,1468
0.14172601699829102,1467
0.14303183555603027,1466
0.14433908462524414,1465
0.1456599235534668,1464
0.14696884155273438,1463
0.14827489852905273,1462
0.1495809555053711,1461
0.15090012550354004,1460
0.1522078514099121,1459
0.15351510047912598,1458
0.15482187271118164,1457
0.15614080429077148,1456
0.15745115280151367,1455
0.15875697135925293,1454
0.16006207466125488,1453
0.16138195991516113,1452
0.16270184516906738,1451
0.16405797004699707,1450
0.1653749942779541,1449
0.16670703887939453,1448
0.16802096366882324,1447
0.16933107376098633,1446
0.17064881324768066,1445
0.17197299003601074,1444
0.17328500747680664,1443
0.1745929718017578,1442
0.1759018898010254,1441
0.17722296714782715,1440
0.17853403091430664,1439
0.1798410415649414,1438
0.18114900588989258,1437
0.18246984481811523,1436
0.18378186225891113,1435
0.1850898265838623,1434
0.18639802932739258,1433
0.18771791458129883,1432
0.18972182273864746,1431
0.19102907180786133,1430
0.19355082511901855,1429
0.19565296173095703,1428
0.19697284698486328,1427
0.19828486442565918,1426
0.1996009349822998,1425
0.2018120288848877,1424
0.2031240463256836,1423
0.20570802688598633,1422
0.20804786682128906,1421
0.20935297012329102,1420
0.21161293983459473,1419
0.21292710304260254,1418
0.21517086029052734,1417
0.21716094017028809,1416
0.21846675872802734,1415
0.22107505798339844,1414
0.22239184379577637,1413
0.22370100021362305,1412
0.22500371932983398,1411
0.22632503509521484,1410
0.22865581512451172,1409
0.2312641143798828,1408
0.2325749397277832,1407
0.23457002639770508,1406
0.23588895797729492,1405
0.23720097541809082,1404
0.23851895332336426,1403
0.23982501029968262,1402
0.24114394187927246,1401
0.24331402778625488,1400
0.24462080001831055,1399
0.245941162109375,1398
0.24725103378295898,1397
0.24855685234069824,1396
0.25113511085510254,1395
0.25246095657348633,1394
0.2538168430328369,1393
0.25513601303100586,1392
0.2564659118652344,1391
0.257781982421875,1390
0.260145902633667,1389
0.26146602630615234,1388
0.26543092727661133,1387
0.2667419910430908,1386
0.2692708969116211,1385
0.27150797843933105,1384
0.2738969326019287,1383
0.27619385719299316,1382
0.2774999141693115,1381
0.279951810836792,1380
0.28241395950317383,1379
0.28464698791503906,1378
0.28595805168151855,1377
0.28836679458618164,1376
0.2903439998626709,1375
0.2924008369445801,1374
0.2945129871368408,1373
0.2967371940612793,1372
0.29991888999938965,1371
0.3012218475341797,1370
0.3038148880004883,1369
0.3063068389892578,1368
0.3084690570831299,1367
0.31083202362060547,1366
0.31301212310791016,1365
0.3155379295349121,1364
0.31813788414001465,1363
0.3194420337677002,1362
0.3207509517669678,1361
0.3220701217651367,1360
0.3242208957672119,1359
0.3267028331756592,1358
0.32801198959350586,1357
0.3301229476928711,1356
0.33144402503967285,1355
0.33275389671325684,1354
0.3340597152709961,1353
0.33536696434020996,1352
0.3366868495941162,1351
0.33911895751953125,1350
0.3404240608215332,1349
0.3417470455169678,1348
0.34375619888305664,1347
0.3460228443145752,1346
0.34819579124450684,1345
0.3504619598388672,1344
0.3525660037994385,1343
0.35492372512817383,1342
0.3571889400482178,1341
0.3584940433502197,1340
0.3608860969543457,1339
0.36219286918640137,1338
0.36350083351135254,1337
0.3660271167755127,1336
0.3680229187011719,1335
0.3693430423736572,1334
0.37174415588378906,1333
0.3730487823486328,1332
0.37436795234680176,1331
0.37567591667175293,1330
0.3769810199737549,1329
0.37828683853149414,1328
0.37960290908813477,1327
0.38091492652893066,1326
0.3831818103790283,1325
0.3845028877258301,1324
0.3868579864501953,1323
0.38927698135375977,1322
0.3913149833679199,1321
0.39385986328125,1320
0.39517903327941895,1319
0.3964838981628418,1318
0.39856791496276855,1317
0.3998758792877197,1316
0.40222811698913574,1315
0.4044780731201172,1314
0.4057810306549072,1313
0.40834498405456543,1312
0.4109358787536621,1311
0.4122440814971924,1310
0.41451287269592285,1309
0.4158191680908203,1308
0.41712379455566406,1307
0.41916394233703613,1306
0.4204690456390381,1305
0.4226078987121582,1304
0.42459988594055176,1303
0.4259049892425537,1302
0.4284780025482178,1301
0.43107104301452637,1300
0.43317294120788574,1299
0.4357321262359619,1298
0.43822598457336426,1297
0.4395301342010498,1296
0.44083595275878906,1295
0.442155122756958,1294
0.44458603858947754,1293
0.4468691349029541,1292
0.44817590713500977,1291
0.4494800567626953,1290
0.45078301429748535,1289
0.4533650875091553,1288
0.4554450511932373,1287
0.45676398277282715,1286
0.45888280868530273,1285
0.4611060619354248,1284
0.4634881019592285,1283
0.4659688472747803,1282
0.46730494499206543,1281
0.4694559574127197,1280
0.47078394889831543,1279
0.473236083984375,1278
0.47454190254211426,1277
0.4768710136413574,1276
0.4781777858734131,1275
0.4801969528198242,1274
0.48334503173828125,1273
0.4846680164337158,1272
0.4859769344329834,1271
0.4872877597808838,1270
0.48983192443847656,1269
0.49114394187927246,1268
0.49245190620422363,1267
0.49378108978271484,1266
0.49588489532470703,1265
0.49785399436950684,1264
0.5000269412994385,1263
0.5013599395751953,1262
0.502659797668457,1261
0.5039808750152588,1260
0.5052909851074219,1259
0.5076789855957031,1258
0.5097780227661133,1257
0.5110838413238525,1256
0.5123898983001709,1255
0.5147747993469238,1254
0.5171537399291992,1253
0.5184741020202637,1252
0.5197849273681641,1251
0.5224659442901611,1250
0.523792028427124,1249
0.5251038074493408,1248
0.5275399684906006,1247
0.5295791625976562,1246
0.5317330360412598,1245
0.5330569744110107,1244
0.5343749523162842,1243
0.5364990234375,1242
0.5378198623657227,1241
0.5414628982543945,1240
0.5438621044158936,1239
0.545198917388916,1238
0.5465071201324463,1237
0.5478270053863525,1236
0.5509049892425537,1235
0.5538430213928223,1234
0.5551807880401611,1233
0.5585517883300781,1232
0.5611279010772705,1231
0.5624420642852783,1230
0.5637509822845459,1229
0.5674798488616943,1228
0.5712358951568604,1227
0.5738430023193359,1226
0.5776519775390625,1225
0.5829000473022461,1224
0.5854649543762207,1223
0.5886869430541992,1222
0.5900068283081055,1221
0.5930290222167969,1220
0.5954029560089111,1219
0.5982849597930908,1218
0.6004507541656494,1217
0.6033179759979248,1216
0.6046328544616699,1215
0.6070199012756348,1214
0.6083359718322754,1213
0.6104221343994141,1212
0.6132791042327881,1211
0.6164188385009766,1210
0.6186258792877197,1209
0.6209750175476074,1208
0.6240971088409424,1207
0.6254069805145264,1206
0.6279208660125732,1205
0.6292319297790527,1204
0.6305408477783203,1203
0.6318509578704834,1202
0.6351518630981445,1201
0.6365189552307129,1200
0.6379070281982422,1199
0.6412088871002197,1198
0.6425900459289551,1197
0.6439540386199951,1196
0.6472258567810059,1195
0.6485869884490967,1194
0.651148796081543,1193
0.6550521850585938,1192
0.65641188621521,1191
0.6577749252319336,1190
0.6609690189361572,1189
0.6641008853912354,1188
0.6669960021972656,1187
0.6683101654052734,1186
0.6715478897094727,1185
0.6754279136657715,1184
0.6767377853393555,1183
0.6797268390655518,1182
0.6817507743835449,1181
0.6841070652008057,1180
0.6854228973388672,1179
0.689262866973877,1178
0.691709041595459,1177
0.693018913269043,1176
0.6943299770355225,1175
0.6956398487091064,1174
0.6992740631103516,1173
0.7027630805969238,1172
0.7040698528289795,1171
0.7070300579071045,1170
0.708345890045166,1169
0.7119989395141602,1168
0.7133069038391113,1167
0.716296911239624,1166
0.7183041572570801,1165
0.7196099758148193,1164
0.7209208011627197,1163
0.7222328186035156,1162
0.7235400676727295,1161
0.7274761199951172,1160
0.7305638790130615,1159
0.7335240840911865,1158
0.7356009483337402,1157
0.7369189262390137,1156
0.7403469085693359,1155
0.7423570156097412,1154
0.7436649799346924,1153
0.7470841407775879,1152
0.7496199607849121,1151
0.7537281513214111,1150
0.7565109729766846,1149
0.7587189674377441,1148
0.7634141445159912,1147
0.7671470642089844,1146
0.7697618007659912,1145
0.7722687721252441,1144
0.7736110687255859,1143
0.7756960391998291,1142
0.779127836227417,1141
0.7827630043029785,1140
0.7853848934173584,1139
0.7886390686035156,1138
0.7917730808258057,1137
0.7963500022888184,1136
0.7977709770202637,1135
0.8007969856262207,1134
0.8021519184112549,1133
0.8055438995361328,1132
0.8090760707855225,1131
0.8111929893493652,1130
0.8145098686218262,1129
0.8158218860626221,1128
0.8179569244384766,1127
0.8213708400726318,1126
0.8235819339752197,1125
0.8256618976593018,1124
0.828941822052002,1123
0.8322849273681641,1122
0.8335919380187988,1121
0.83489990234375,1120
0.8384299278259277,1119
0.8414299488067627,1118
0.8451559543609619,1117
0.8465821743011475,1116
0.8490991592407227,1115
0.8504910469055176,1114
0.8543267250061035,1113
0.8556969165802002,1112
0.8592290878295898,1111
0.8606319427490234,1110
0.8639159202575684,1109
0.8665540218353271,1108
0.8686559200286865,1107
0.871107816696167,1106
0.8763999938964844,1105
0.878507137298584,1104
0.880993127822876,1103
0.8831179141998291,1102
0.8869209289550781,1101
0.8899421691894531,1100
0.8921899795532227,1099
0.8945560455322266,1098
0.8981258869171143,1097
0.900310754776001,1096
0.9016289710998535,1095
0.9039151668548584,1094
0.9052219390869141,1093
0.9084560871124268,1092
0.910689115524292,1091
0.913132905960083,1090
0.916018009185791,1089
0.9173920154571533,1088
0.9187619686126709,1087
0.9221148490905762,1086
0.9253058433532715,1085
0.9277830123901367,1084
0.9301488399505615,1083
0.9337120056152344,1082
0.9384300708770752,1081
0.9398601055145264,1080
0.9413020610809326,1079
0.9447801113128662,1078
0.9461710453033447,1077
0.9485898017883301,1076
0.9509139060974121,1075
0.9536080360412598,1074
0.9566280841827393,1073
0.9609649181365967,1072
0.9623260498046875,1071
0.9636991024017334,1070
0.9666299819946289,1069
0.9723420143127441,1068
0.9786829948425293,1067
0.9814198017120361,1066
0.9902489185333252,1065
0.9948029518127441,1064
0.9983649253845215,1063
0.9998500347137451,1062
1.0013818740844727,1061
1.0038831233978271,1060
1.0053131580352783,1059
1.0104169845581055,1058
1.0153720378875732,1057
1.0182411670684814,1056
1.0197489261627197,1055
1.0246307849884033,1054
1.0294809341430664,1053
1.0317168235778809,1052
1.0357708930969238,1051
1.0417611598968506,1050
1.0440971851348877,1049
1.0482089519500732,1048
1.0496289730072021,1047
1.0510528087615967,1046
1.0565919876098633,1045
1.0603210926055908,1044
1.0639770030975342,1043
1.0653877258300781,1042
1.0667979717254639,1041
1.068997859954834,1040
1.072333812713623,1039
1.0748178958892822,1038
1.0838489532470703,1037
1.0852010250091553,1036
1.0865638256072998,1035
1.0919361114501953,1034
1.096472978591919,1033
1.0992929935455322,1032
1.1027741432189941,1031
1.1078307628631592,1030
1.1111359596252441,1029
1.1173341274261475,1028
1.1221709251403809,1027
1.1245999336242676,1026
1.1259851455688477,1025
1.129699945449829,1024
1.134779930114746,1023
1.136199951171875,1022
1.1405529975891113,1021
1.1438920497894287,1020
1.149001121520996,1019
1.153113842010498,1018
1.1564140319824219,1017
1.1578469276428223,1016
1.1616249084472656,1015
1.1630401611328125,1014
1.1669938564300537,1013
1.1683928966522217,1012
1.1698169708251953,1011
1.1751089096069336,1010
1.1802268028259277,1009
1.1817450523376465,1008
1.185149908065796,1007
1.1909070014953613,1006
1.1923668384552002,1005
1.1950089931488037,1004
1.1964387893676758,1003
1.2007508277893066,1002
1.2045550346374512,1001
1.2068359851837158,1000
1.2108960151672363,999
1.213569164276123,998
1.2149639129638672,997
1.2175178527832031,996
1.2221400737762451,995
1.223524808883667,994
1.2282288074493408,993
1.2296359539031982,992
1.2332019805908203,991
1.237799882888794,990
1.2392058372497559,989
1.2431058883666992,988
1.2465827465057373,987
1.2493047714233398,986
1.254370927810669,985
1.260133981704712,984
1.2623000144958496,983
1.2644069194793701,982
1.2658109664916992,981
1.2693419456481934,980
1.27177095413208,979
1.282508134841919,978
1.2851359844207764,977
1.2874000072479248,976
1.2917819023132324,975
1.2952070236206055,974
1.3063089847564697,973
1.3128299713134766,972
1.3142271041870117,971
1.3182389736175537,970
1.3196280002593994,969
1.3264520168304443,968
1.3311209678649902,967
1.3325049877166748,966
1.3402409553527832,965
1.34564208984375,964
1.3470549583435059,963
1.3484339714050293,962
1.3540349006652832,961
1.356348991394043,960
1.3616578578948975,959
1.3662478923797607,958
1.373466968536377,957
1.3779950141906738,956
1.3794031143188477,955
1.381770133972168,954
1.3876550197601318,953
1.389963150024414,952
1.3962597846984863,951
1.4001948833465576,950
1.4087228775024414,949
1.410092830657959,948
1.4158780574798584,947
1.423048973083496,946
1.4272379875183105,945
1.432689905166626,944
1.4386699199676514,943
1.4452590942382812,942
1.4511771202087402,941
1.4635558128356934,940
1.484710931777954,939
1.4919769763946533,938
1.4959850311279297,937
1.504127025604248,936
1.5055150985717773,935
1.5081920623779297,934
1.5104639530181885,933
1.5164968967437744,932
1.5191359519958496,931
1.5218451023101807,930
1.5280349254608154,929
1.5302269458770752,928
1.536695957183838,927
1.541964054107666,926
1.556485891342163,925
1.5596208572387695,924
1.5739641189575195,923
1.591214895248413,922
1.6001780033111572,921
1.607659101486206,920
1.6179189682006836,919
1.6394619941711426,918
1.6438829898834229,917
1.6476759910583496,916
1.6518940925598145,915
1.6570179462432861,914
1.6767261028289795,913
1.6854050159454346,912
1.701859951019287,911
1.719472885131836,910
1.7321689128875732,909
