0.001489877700805664,1557
0.003057718276977539,1556
0.004639863967895508,1555
0.006140708923339844,1554
0.007635831832885742,1553
0.009085893630981445,1552
0.010534048080444336,1551
0.012001991271972656,1550
0.013472795486450195,1549
0.014908075332641602,1548
0.016321897506713867,1547
0.01772475242614746,1546
0.019148826599121094,1545
0.020559072494506836,1544
0.021963834762573242,1543
0.02335500717163086,1542
0.024760007858276367,1541
0.026152849197387695,1540
0.027550935745239258,1539
0.028959989547729492,1538
0.03037095069885254,1537
0.03177380561828613,1536
0.03317999839782715,1535
0.034577131271362305,1534
0.03599286079406738,1533
0.037396907806396484,1532
0.03879189491271973,1531
0.04018974304199219,1530
0.04159688949584961,1529
0.04301095008850098,1528
0.04440593719482422,1527
0.04580807685852051,1526
0.04722094535827637,1525
0.048628807067871094,1524
0.05002093315124512,1523
0.05141496658325195,1522
0.052828073501586914,1521
0.05422186851501465,1520
0.05561113357543945,1519
0.05697774887084961,1518
0.05838203430175781,1517
0.059784889221191406,1516
0.061187028884887695,1515
0.06259703636169434,1514
0.06400775909423828,1513
0.06542396545410156,1512
0.06683683395385742,1511
0.06824183464050293,1510
0.06965398788452148,1509
0.0710608959197998,1508
0.07245898246765137,1507
0.07384991645812988,1506
0.07526683807373047,1505
0.07675313949584961,1504
0.07825779914855957,1503
0.07969284057617188,1502
0.0810689926147461,1501
0.0825498104095459,1500
0.08396196365356445,1499
0.08536100387573242,1498
0.0867607593536377,1497
0.08818888664245605,1496
0.08960676193237305,1495
0.09101295471191406,1494
0.09240102767944336,1493
0.09382295608520508,1492
0.09522485733032227,1491
0.09662890434265137,1490
0.09802889823913574,1489
0.09945487976074219,1488
0.10085487365722656,1487
0.10228395462036133,1486
0.10379195213317871,1485
0.1052248477935791,1484
0.10664701461791992,1483
0.10811090469360352,1482
0.10952997207641602,1481
0.11094069480895996,1480
0.11235594749450684,1479
0.11378812789916992,1478
0.1152188777923584,1477
0.11664080619812012,1476
0.11805891990661621,1475
0.11949777603149414,1474
0.12094879150390625,1473
0.12243485450744629,1472
0.12392687797546387,1471
0.12535595893859863,1470
0.12677383422851562,1469
0.12820076942443848,1468
0.12963485717773438,1467
0.13105297088623047,1466
0.1324608325958252,1465
0.1338667869567871,1464
0.13530206680297852,1463
0.1367189884185791,1462
0.13810992240905762,1461
0.13945889472961426,1460
0.14082884788513184,1459
0.14218902587890625,1458
0.14353084564208984,1457
0.14484596252441406,1456
0.1461930274963379,1455
0.14751791954040527,1454
0.14883708953857422,1453
0.150162935256958,1452
0.1515519618988037,1451
0.15289902687072754,1450
0.1542959213256836,1449
0.15567874908447266,1448
0.15710186958312988,1447
0.15852594375610352,1446
0.15997576713562012,1445
0.1615750789642334,1444
0.16304874420166016,1443
0.1644899845123291,1442
0.16593694686889648,1441
0.16738605499267578,1440
0.1688218116760254,1439
0.1702439785003662,1438
0.1716609001159668,1437
0.1731109619140625,1436
0.17458701133728027,1435
0.1761479377746582,1434
0.17764806747436523,1433
0.17905497550964355,1432
0.18053483963012695,1431
0.18283796310424805,1430
0.18431878089904785,1429
0.18736886978149414,1428
0.1899569034576416,1427
0.19147300720214844,1426
0.19313597679138184,1425
0.19473505020141602,1424
0.1962127685546875,1423
0.1986989974975586,1422
0.2001969814300537,1421
0.20302510261535645,1420
0.205596923828125,1419
0.20701193809509277,1418
0.20945286750793457,1417
0.21085095405578613,1416
0.2132577896118164,1415
0.21540594100952148,1414
0.21680712699890137,1413
0.2196037769317627,1412
0.22101187705993652,1411
0.22240877151489258,1410
0.22381091117858887,1409
0.2252058982849121,1408
0.22897887229919434,1407
0.2303321361541748,1406
0.23236894607543945,1405
0.23372793197631836,1404
0.23513007164001465,1403
0.2364499568939209,1402
0.23776674270629883,1401
0.23913097381591797,1400
0.241455078125,1399
0.24286293983459473,1398
0.24430584907531738,1397
0.24581384658813477,1396
0.2472679615020752,1395
0.25016093254089355,1394
0.2516789436340332,1393
0.2531778812408447,1392
0.2546958923339844,1391
0.25614404678344727,1390
0.2575669288635254,1389
0.2602989673614502,1388
0.26174187660217285,1387
0.26401185989379883,1386
0.2654428482055664,1385
0.26764583587646484,1384
0.2690737247467041,1383
0.27178096771240234,1382
0.2741849422454834,1381
0.27674007415771484,1380
0.27919793128967285,1379
0.28061676025390625,1378
0.28322815895080566,1377
0.285876989364624,1376
0.28819704055786133,1375
0.28959083557128906,1374
0.2921619415283203,1373
0.2942478656768799,1372
0.29645299911499023,1371
0.29921984672546387,1370
0.3025979995727539,1369
0.30496788024902344,1368
0.30852389335632324,1367
0.311384916305542,1366
0.3141601085662842,1365
0.3165547847747803,1364
0.31915903091430664,1363
0.3216087818145752,1362
0.32448673248291016,1361
0.3275167942047119,1360
0.3289918899536133,1359
0.3304438591003418,1358
0.33287477493286133,1357
0.3357119560241699,1356
0.33722686767578125,1355
0.33966493606567383,1354
0.34111785888671875,1353
0.34262704849243164,1352
0.34418606758117676,1351
0.34567904472351074,1350
0.3471369743347168,1349
0.3500699996948242,1348
0.3516058921813965,1347
0.35309886932373047,1346
0.3554649353027344,1345
0.3582148551940918,1344
0.3607199192047119,1343
0.3633880615234375,1342
0.36588573455810547,1341
0.36869287490844727,1340
0.37131786346435547,1339
0.37278294563293457,1338
0.3754720687866211,1337
0.3768928050994873,1336
0.37830185890197754,1335
0.381040096282959,1334
0.3832061290740967,1333
0.38584280014038086,1332
0.387253999710083,1331
0.3886587619781494,1330
0.3900878429412842,1329
0.39151692390441895,1328
0.39293575286865234,1327
0.39435386657714844,1326
0.39585399627685547,1325
0.3994448184967041,1324
0.40206098556518555,1323
0.4062540531158447,1322
0.4080069065093994,1321
0.41122984886169434,1320
0.41350793838500977,1319
0.41607069969177246,1318
0.4175248146057129,1317
0.420245885848999,1316
0.4228038787841797,1315
0.4242579936981201,1314
0.42696189880371094,1313
0.4296419620513916,1312
0.431027889251709,1311
0.43243885040283203,1310
0.4338829517364502,1309
0.4364149570465088,1308
0.43785691261291504,1307
0.4392828941345215,1306
0.4415750503540039,1305
0.4430549144744873,1304
0.44616007804870605,1303
0.4476127624511719,1302
0.45029282569885254,1301
0.4538400173187256,1300
0.455197811126709,1299
0.4578678607940674,1298
0.4604959487915039,1297
0.4619748592376709,1296
0.46342897415161133,1295
0.46489596366882324,1294
0.46767497062683105,1293
0.4700629711151123,1292
0.4714829921722412,1291
0.47289276123046875,1290
0.47441887855529785,1289
0.47728872299194336,1288
0.4795548915863037,1287
0.48096299171447754,1286
0.48325586318969727,1285
0.48563194274902344,1284
0.4882071018218994,1283
0.49088597297668457,1282
0.49237489700317383,1281
0.4947528839111328,1280
0.4974339008331299,1279
0.49996304512023926,1278
0.5013728141784668,1277
0.503525972366333,1276
0.5067899227142334,1275
0.5081329345703125,1274
0.5094718933105469,1273
0.5108110904693604,1272
0.5134148597717285,1271
0.5147550106048584,1270
0.5161609649658203,1269
0.5176270008087158,1268
0.5198948383331299,1267
0.5220258235931396,1266
0.5243978500366211,1265
0.5258657932281494,1264
0.5273358821868896,1263
0.5287740230560303,1262
0.5301649570465088,1261
0.5328619480133057,1260
0.5351457595825195,1259
0.5365438461303711,1258
0.5378949642181396,1257
0.5404016971588135,1256
0.5429837703704834,1255
0.5444588661193848,1254
0.545886754989624,1253
0.5486550331115723,1252
0.5500619411468506,1251
0.5514688491821289,1250
0.5541837215423584,1249
0.5564849376678467,1248
0.5589087009429932,1247
0.5602879524230957,1246
0.5616259574890137,1245
0.5639328956604004,1244
0.5653769969940186,1243
0.5678179264068604,1242
0.5715408325195312,1241
0.5728600025177002,1240
0.574193000793457,1239
0.5755198001861572,1238
0.5786418914794922,1237
0.5815939903259277,1236
0.582927942276001,1235
0.5876138210296631,1234
0.5890259742736816,1233
0.5904171466827393,1232
0.5943400859832764,1231
0.5982687473297119,1230
0.6010580062866211,1229
0.6041989326477051,1228
0.6055729389190674,1227
0.6089110374450684,1226
0.611724853515625,1225
0.6143629550933838,1224
0.6177268028259277,1223
0.6190879344940186,1222
0.6222589015960693,1221
0.6247599124908447,1220
0.630255937576294,1219
0.6316249370574951,1218
0.6341228485107422,1217
0.6354777812957764,1216
0.6376368999481201,1215
0.6406669616699219,1214
0.6440689563751221,1213
0.6463639736175537,1212
0.6488537788391113,1211
0.6521267890930176,1210
0.6535029411315918,1209
0.6561048030853271,1208
0.6574680805206299,1207
0.658829927444458,1206
0.6601848602294922,1205
0.6635348796844482,1204
0.6649048328399658,1203
0.666259765625,1202
0.6695411205291748,1201
0.6709258556365967,1200
0.6723079681396484,1199
0.6756258010864258,1198
0.6770339012145996,1197
0.6796708106994629,1196
0.6836669445037842,1195
0.6850378513336182,1194
0.6864068508148193,1193
0.6896979808807373,1192
0.6930239200592041,1191
0.6960859298706055,1190
0.6974618434906006,1189
0.7010557651519775,1188
0.7052121162414551,1187
0.7065918445587158,1186
0.7097351551055908,1185
0.7118608951568604,1184
0.7144138813018799,1183
0.7158389091491699,1182
0.717216968536377,1181
0.7186148166656494,1180
0.7199769020080566,1179
0.722491979598999,1178
0.7238509654998779,1177
0.7252037525177002,1176
0.7265479564666748,1175
0.7278897762298584,1174
0.7316608428955078,1173
0.7352519035339355,1172
0.7366259098052979,1171
0.7399189472198486,1170
0.7412738800048828,1169
0.7450308799743652,1168
0.7484500408172607,1167
0.7505679130554199,1166
0.7519400119781494,1165
0.7533268928527832,1164
0.7546877861022949,1163
0.7589108943939209,1162
0.7610998153686523,1161
0.762458086013794,1160
0.7655179500579834,1159
0.7676599025726318,1158
0.7689969539642334,1157
0.7713568210601807,1156
0.772697925567627,1155
0.7747619152069092,1154
0.7761540412902832,1153
0.7817440032958984,1152
0.7859799861907959,1151
0.7889020442962646,1150
0.79121994972229,1149
0.7959818840026855,1148
0.7997269630432129,1147
0.8024077415466309,1146
0.8049449920654297,1145
0.8062849044799805,1144
0.8083949089050293,1143
0.8119537830352783,1142
0.8158359527587891,1141
0.818511962890625,1140
0.821948766708374,1139
0.8252499103546143,1138
0.8298578262329102,1137
0.831230878829956,1136
0.834244966506958,1135
0.8355939388275146,1134
0.8394269943237305,1133
0.8431708812713623,1132
0.8455588817596436,1131
0.8490068912506104,1130
0.8503649234771729,1129
0.8525450229644775,1128
0.8549489974975586,1127
0.856316089630127,1126
0.8585619926452637,1125
0.8607158660888672,1124
0.8661768436431885,1123
0.8675129413604736,1122
0.8688628673553467,1121
0.8724818229675293,1120
0.8755168914794922,1119
0.8778738975524902,1118
0.8792140483856201,1117
0.880547046661377,1116
0.8829689025878906,1115
0.8843579292297363,1114
0.8881049156188965,1113
0.8894989490509033,1112
0.8930258750915527,1111
0.8944418430328369,1110
0.897831916809082,1109
0.9005348682403564,1108
0.9026370048522949,1107
0.9051151275634766,1106
0.908599853515625,1105
0.9119830131530762,1104
0.913334846496582,1103
0.9154758453369141,1102
0.917982816696167,1101
0.9201278686523438,1100
0.9238779544830322,1099
0.9268689155578613,1098
0.9291479587554932,1097
0.9315848350524902,1096
0.9352059364318848,1095
0.9373829364776611,1094
0.9387178421020508,1093
0.9410638809204102,1092
0.9424018859863281,1091
0.9457168579101562,1090
0.9479939937591553,1089
0.9505047798156738,1088
0.953441858291626,1087
0.9547879695892334,1086
0.9561257362365723,1085
0.9594688415527344,1084
0.9626269340515137,1083
0.9650259017944336,1082
0.9673190116882324,1081
0.9708199501037598,1080
0.973297119140625,1079
0.9768900871276855,1078
0.9782369136810303,1077
0.9795749187469482,1076
0.9829280376434326,1075
0.9842739105224609,1074
0.9866528511047363,1073
0.9888701438903809,1072
0.9914610385894775,1071
0.9944281578063965,1070
0.9986739158630371,1069
1.0000128746032715,1068
1.0013599395751953,1067
1.0041918754577637,1066
1.009692907333374,1065
1.0166549682617188,1064
1.0249457359313965,1063
1.0289368629455566,1062
1.0322108268737793,1061
1.0335609912872314,1060
1.0349018573760986,1059
1.0372488498687744,1058
1.0385971069335938,1057
1.043398141860962,1056
1.0480287075042725,1055
1.050628900527954,1054
1.0519769191741943,1053
1.0564930438995361,1052
1.0609776973724365,1051
1.0630440711975098,1050
1.0668468475341797,1049
1.0723779201507568,1048
1.0745298862457275,1047
1.0784108638763428,1046
1.07975172996521,1045
1.0811078548431396,1044
1.084571123123169,1043
1.0868768692016602,1042
1.0915050506591797,1041
1.0939619541168213,1040
1.0952818393707275,1039
1.0966010093688965,1038
1.0996978282928467,1037
1.1019680500030518,1036
1.1100127696990967,1035
1.1113579273223877,1034
1.1127238273620605,1033
1.117671012878418,1032
1.1218090057373047,1031
1.1243889331817627,1030
1.127572774887085,1029
1.1322429180145264,1028
1.1353299617767334,1027
1.1398289203643799,1026
1.1411371231079102,1025
1.1458699703216553,1024
1.1485071182250977,1023
1.1500227451324463,1022
1.1537988185882568,1021
1.1584627628326416,1020
1.1597919464111328,1019
1.1638860702514648,1018
1.1703288555145264,1017
1.1768219470977783,1016
1.1781680583953857,1015
1.1816749572753906,1014
1.1830151081085205,1013
1.1867597103118896,1012
1.1881599426269531,1011
1.189612865447998,1010
1.191058874130249,1009
1.1962699890136719,1008
1.1988749504089355,1007
1.2024259567260742,1006
1.2037427425384521,1005
1.2069129943847656,1004
1.212143898010254,1003
1.213500738143921,1002
1.2159829139709473,1001
1.2173449993133545,1000
1.2215218544006348,999
1.2252137660980225,998
1.2274620532989502,997
1.2313909530639648,996
1.2339980602264404,995
1.235339879989624,994
1.237811803817749,993
1.2422869205474854,992
1.2436258792877197,991
1.248197078704834,990
1.2495388984680176,989
1.2529850006103516,988
1.2574167251586914,987
1.258758783340454,986
1.262476921081543,985
1.265826940536499,984
1.2684457302093506,983
1.2733418941497803,982
1.278899908065796,981
1.284735918045044,980
1.2881288528442383,979
1.2906389236450195,978
1.3008780479431152,977
1.3033668994903564,976
1.3055400848388672,975
1.3097667694091797,974
1.3130857944488525,973
1.3237969875335693,972
1.332061767578125,971
1.3396918773651123,970
1.3423137664794922,969
1.3468761444091797,968
1.3482308387756348,967
1.3519268035888672,966
1.3569178581237793,965
1.3619208335876465,964
1.363257884979248,963
1.3646068572998047,962
1.3696038722991943,961
1.371720790863037,960
1.3767518997192383,959
1.3812029361724854,958
1.3881456851959229,957
1.3923628330230713,956
1.3936998844146729,955
1.3959589004516602,954
1.4016706943511963,953
1.4038670063018799,952
1.4084498882293701,951
1.4109821319580078,950
1.4147980213165283,949
1.4186580181121826,948
1.4243590831756592,947
1.4257137775421143,946
1.431291103363037,945
1.438204050064087,944
1.4421370029449463,943
1.4471027851104736,942
1.4505388736724854,941
1.4535977840423584,940
1.4600980281829834,939
1.465937852859497,938
1.4778239727020264,937
1.5005569458007812,936
1.5077788829803467,935
1.5117368698120117,934
1.5185871124267578,933
1.5199248790740967,932
1.5212640762329102,931
1.5238540172576904,930
1.530803918838501,929
1.53334379196167,928
1.5359630584716797,927
1.541914939880371,926
1.5440218448638916,925
1.5502839088439941,924
1.5552358627319336,923
1.5580320358276367,922
1.5729129314422607,921
1.5864408016204834,920
1.609705924987793,919
1.6168549060821533,918
1.6267979145050049,917
1.6467781066894531,916
1.6509947776794434,915
1.6560308933258057,914
1.6603970527648926,913
1.6652977466583252,912
1.6721489429473877,911
1.6836037635803223,910
1.6918928623199463,909
1.7069799900054932,908
1.7242648601531982,907
1.7372169494628906,906
1.7814509868621826,905
