0.003679990768432617,4891
0.007416248321533203,4890
0.010859012603759766,4889
0.014395952224731445,4888
0.017699241638183594,4887
0.021166086196899414,4886
0.02445507049560547,4885
0.027959108352661133,4884
0.03124690055847168,4883
0.03481292724609375,4882
0.03820013999938965,4881
0.041784048080444336,4880
0.04508495330810547,4879
0.04854607582092285,4878
0.05182003974914551,4877
0.05528092384338379,4876
0.05854487419128418,4875
0.06202507019042969,4874
0.06533503532409668,4873
0.0688169002532959,4872
0.07208085060119629,4871
0.07554793357849121,4870
0.07882189750671387,4869
0.08228206634521484,4868
0.0855400562286377,4867
0.08899402618408203,4866
0.09225296974182129,4865
0.09571003913879395,4864
0.09904313087463379,4863
0.10249805450439453,4862
0.10575485229492188,4861
0.10921502113342285,4860
0.11249494552612305,4859
0.11595916748046875,4858
0.1192159652709961,4857
0.12273216247558594,4856
0.1259899139404297,4855
0.12946105003356934,4854
0.13273191452026367,4853
0.13619112968444824,4852
0.13945984840393066,4851
0.14292407035827637,4850
0.14618706703186035,4849
0.14963579177856445,4848
0.15288805961608887,4847
0.15634584426879883,4846
0.15961003303527832,4845
0.16305208206176758,4844
0.16633391380310059,4843
0.16977906227111816,4842
0.17304611206054688,4841
0.17655301094055176,4840
0.17986011505126953,4839
0.18331289291381836,4838
0.18656492233276367,4837
0.19000816345214844,4836
0.19325494766235352,4835
0.19670987129211426,4834
0.19997906684875488,4833
0.20342612266540527,4832
0.20667290687561035,4831
0.21012401580810547,4830
0.21338605880737305,4829
0.21683311462402344,4828
0.22006988525390625,4827
0.22351503372192383,4826
0.22676992416381836,4825
0.23022794723510742,4824
0.23348617553710938,4823
0.23908519744873047,4822
0.24254202842712402,4821
0.2458031177520752,4820
0.2492530345916748,4819
0.2525150775909424,4818
0.25595808029174805,4817
0.25920796394348145,4816
0.2626650333404541,4815
0.2659132480621338,4814
0.26936984062194824,4813
0.272629976272583,4812
0.27607202529907227,4811
0.27932119369506836,4810
0.2827589511871338,4809
0.28601813316345215,4808
0.2894721031188965,4807
0.292726993560791,4806
0.29616594314575195,4805
0.29943203926086426,4804
0.3028848171234131,4803
0.30613207817077637,4802
0.30957794189453125,4801
0.3128230571746826,4800
0.316256046295166,4799
0.31950807571411133,4798
0.32296299934387207,4797
0.32622694969177246,4796
0.3296799659729004,4795
0.33294105529785156,4794
0.33638620376586914,4793
0.33965015411376953,4792
0.34308886528015137,4791
0.3463408946990967,4790
0.3497800827026367,4789
0.35302305221557617,4788
0.3564760684967041,4787
0.35973405838012695,4786
0.3631720542907715,4785
0.3664209842681885,4784
0.3698740005493164,4783
0.3731410503387451,4782
0.3765871524810791,4781
0.37984395027160645,4780
0.38330602645874023,4779
0.38657212257385254,4778
0.3900260925292969,4777
0.3932831287384033,4776
0.3967418670654297,4775
0.40001702308654785,4774
0.4034740924835205,4773
0.40673112869262695,4772
0.41018199920654297,4771
0.4134190082550049,4770
0.4168720245361328,4769
0.42013120651245117,4768
0.42357802391052246,4767
0.42684125900268555,4766
0.4302961826324463,4765
0.4335360527038574,4764
0.4369800090789795,4763
0.4402461051940918,4762
0.44368600845336914,4761
0.44693517684936523,4760
0.45037198066711426,4759
0.4536168575286865,4758
0.45707082748413086,4757
0.46033501625061035,4756
0.4637930393218994,4755
0.4670979976654053,4754
0.47055912017822266,4753
0.47382616996765137,4752
0.47727203369140625,4751
0.48054003715515137,4750
0.4842541217803955,4749
0.4877450466156006,4748
0.49118900299072266,4747
0.4946310520172119,4746
0.49826598167419434,4745
0.5017468929290771,4744
0.50520920753479,4743
0.5085198879241943,4742
0.5119249820709229,4741
0.5152409076690674,4740
0.5186619758605957,4739
0.5219600200653076,4738
0.5253639221191406,4737
0.5286619663238525,4736
0.532080888748169,4735
0.5353870391845703,4734
0.53879714012146,4733
0.5421030521392822,4732
0.5455188751220703,4731
0.5488169193267822,4730
0.5522160530090332,4729
0.5555870532989502,4728
0.561877965927124,4727
0.5653021335601807,4726
0.5686140060424805,4725
0.5720250606536865,4724
0.5753390789031982,4723
0.5787479877471924,4722
0.5820491313934326,4721
0.5854568481445312,4720
0.5887691974639893,4719
0.5921800136566162,4718
0.5954849720001221,4717
0.5989000797271729,4716
0.6022019386291504,4715
0.6056079864501953,4714
0.6089138984680176,4713
0.6123111248016357,4712
0.6156082153320312,4711
0.6190018653869629,4710
0.622298002243042,4709
0.6256930828094482,4708
0.6289958953857422,4707
0.632418155670166,4706
0.6357319355010986,4705
0.6391360759735107,4704
0.6424610614776611,4703
0.6458780765533447,4702
0.6491808891296387,4701
0.6525890827178955,4700
0.655893087387085,4699
0.6593108177185059,4698
0.6626200675964355,4697
0.666024923324585,4696
0.6693379878997803,4695
0.6727502346038818,4694
0.6760530471801758,4693
0.6794500350952148,4692
0.6828060150146484,4691
0.6862311363220215,4690
0.6895449161529541,4689
0.6929581165313721,4688
0.6962649822235107,4687
0.6996810436248779,4686
0.7029919624328613,4685
0.7063829898834229,4684
0.7096869945526123,4683
0.7130870819091797,4682
0.7163851261138916,4681
0.7198050022125244,4680
0.7231180667877197,4679
0.7265238761901855,4678
0.7298200130462646,4677
0.7332401275634766,4676
0.7365498542785645,4675
0.7399611473083496,4674
0.7432782649993896,4673
0.7468149662017822,4672
0.7503712177276611,4671
0.7539410591125488,4670
0.757328987121582,4669
0.7607989311218262,4668
0.7642781734466553,4667
0.7678179740905762,4666
0.771230936050415,4665
0.7746560573577881,4664
0.7779679298400879,4663
0.7813818454742432,4662
0.7847039699554443,4661
0.788121223449707,4660
0.7914309501647949,4659
0.794856071472168,4658
0.7981550693511963,4657
0.8015618324279785,4656
0.8048770427703857,4655
0.8083081245422363,4654
0.8116202354431152,4653
0.8150279521942139,4652
0.818336009979248,4651
0.8217401504516602,4650
0.8250439167022705,4649
0.8284580707550049,4648
0.8317761421203613,4647
0.8352022171020508,4646
0.838515043258667,4645
0.8419210910797119,4644
0.8452129364013672,4643
0.848660945892334,4642
0.8519802093505859,4641
0.8554041385650635,4640
0.860569953918457,4639
0.8638880252838135,4638
0.8672819137573242,4637
0.870589017868042,4636
0.8740019798278809,4635
0.8773150444030762,4634
0.8807291984558105,4633
0.8840301036834717,4632
0.8874361515045166,4631
0.8907511234283447,4630
0.8941841125488281,4629
0.8975439071655273,4628
0.9009711742401123,4627
0.9042840003967285,4626
0.9076969623565674,4625
0.9110050201416016,4624
0.9144251346588135,4623
0.9177570343017578,4622
0.9211630821228027,4621
0.924454927444458,4620
0.9278790950775146,4619
0.9311881065368652,4618
0.934607982635498,4617
0.937932014465332,4616
0.9413490295410156,4615
0.9446721076965332,4614
0.9481081962585449,4613
0.95143723487854,4612
0.9548740386962891,4611
0.9582059383392334,4610
0.9616210460662842,4609
0.9649300575256348,4608
0.9683480262756348,4607
0.971656084060669,4606
0.9750769138336182,4605
0.9783940315246582,4604
0.9819331169128418,4603
0.9853980541229248,4602
0.989300012588501,4601
0.9929211139678955,4600
0.99664306640625,4599
1.000133991241455,4598
1.0038211345672607,4597
1.007321834564209,4596
1.0110819339752197,4595
1.0145339965820312,4594
1.0180349349975586,4593
1.021315097808838,4592
1.0247828960418701,4591
1.0280499458312988,4590
1.0315029621124268,4589
1.0347709655761719,4588
1.0382280349731445,4587
1.0414888858795166,4586
1.044942855834961,4585
1.0482189655303955,4584
1.051819086074829,4583
1.0553390979766846,4582
1.0587990283966064,4581
1.0621390342712402,4580
1.0655460357666016,4579
1.0688509941101074,4578
1.0722529888153076,4577
1.0755488872528076,4576
1.0789692401885986,4575
1.0822830200195312,4574
1.0856928825378418,4573
1.0889968872070312,4572
1.0924410820007324,4571
1.095811128616333,4570
1.0992891788482666,4569
1.1026771068572998,4568
1.1061320304870605,4567
1.1095900535583496,4566
1.11313796043396,4565
1.1165339946746826,4564
1.1200180053710938,4563
1.1233930587768555,4562
1.126878023147583,4561
1.130289077758789,4560
1.1337690353393555,4559
1.1371440887451172,4558
1.1406140327453613,4557
1.1439979076385498,4556
1.1474900245666504,4555
1.1508610248565674,4554
1.15431809425354,4553
1.1576910018920898,4552
1.161160945892334,4551
1.1645121574401855,4550
1.1679580211639404,4549
1.1713201999664307,4548
1.1747751235961914,4547
1.1781268119812012,4546
1.1815879344940186,4545
1.1849291324615479,4544
1.1883761882781982,4543
1.1917200088500977,4542
1.1951560974121094,4541
1.198472023010254,4540
1.2019190788269043,4539
1.2052690982818604,4538
1.2087020874023438,4537
1.2120440006256104,4536
1.2154839038848877,4535
1.2188029289245605,4534
1.2223320007324219,4533
1.225785255432129,4532
1.2292349338531494,4531
1.2326018810272217,4530
1.236065149307251,4529
1.2394440174102783,4528
1.242915153503418,4527
1.2462759017944336,4526
1.2497200965881348,4525
1.2530598640441895,4524
1.256500005722046,4523
1.259843111038208,4522
1.2632808685302734,4521
1.2666161060333252,4520
1.270056962966919,4519
1.2733991146087646,4518
1.2768561840057373,4517
1.2802090644836426,4516
1.2836530208587646,4515
1.2869961261749268,4514
1.2936761379241943,4513
1.297137975692749,4512
1.3005030155181885,4511
1.3039560317993164,4510
1.30731201171875,4509
1.3107562065124512,4508
1.3140969276428223,4507
1.3175392150878906,4506
1.320889949798584,4505
1.3243470191955566,4504
1.3277230262756348,4503
1.3312361240386963,4502
1.3345930576324463,4501
1.338057041168213,4500
1.3414149284362793,4499
1.34486722946167,4498
1.348238229751587,4497
1.3517000675201416,4496
1.3550779819488525,4495
1.3585240840911865,4494
1.3618850708007812,4493
1.3653481006622314,4492
1.3687150478363037,4491
1.372175931930542,4490
1.3755340576171875,4489
1.3789770603179932,4488
1.3823161125183105,4487
1.3857522010803223,4486
1.3891000747680664,4485
1.3925540447235107,4484
1.3958899974822998,4483
1.3993279933929443,4482
1.4026761054992676,4481
1.4061219692230225,4480
1.4094631671905518,4479
1.4128949642181396,4478
1.4162380695343018,4477
1.4196879863739014,4476
1.4230310916900635,4475
1.4264631271362305,4474
1.429779052734375,4473
1.433223009109497,4472
1.4365770816802979,4471
1.4400131702423096,4470
1.4433422088623047,4469
1.446794033050537,4468
1.4501430988311768,4467
1.4535748958587646,4466
1.4569261074066162,4465
1.460378885269165,4464
1.4637200832366943,4463
1.4671549797058105,4462
1.4705090522766113,4461
1.4739689826965332,4460
1.4773051738739014,4459
1.4807519912719727,4458
1.4840819835662842,4457
1.487529993057251,4456
1.4908721446990967,4455
1.494307041168213,4454
1.497668981552124,4453
1.501121997833252,4452
1.5044639110565186,4451
1.507904052734375,4450
1.5112359523773193,4449
1.5146679878234863,4448
1.5180151462554932,4447
1.5214731693267822,4446
1.5248258113861084,4445
1.5282859802246094,4444
1.5316319465637207,4443
1.5350699424743652,4442
1.5384058952331543,4441
1.5418529510498047,4440
1.5452520847320557,4439
1.548680067062378,4438
1.5520410537719727,4437
1.5554912090301514,4436
1.5588328838348389,4435
1.5622820854187012,4434
1.5656180381774902,4433
1.584118127822876,4432
1.5876779556274414,4431
1.5911948680877686,4430
1.594560146331787,4429
1.5980360507965088,4428
1.6014080047607422,4427
1.6048760414123535,4426
1.608285903930664,4425
1.6117699146270752,4424
1.6151089668273926,4423
1.618588924407959,4422
1.6219542026519775,4421
1.6254138946533203,4420
1.628770112991333,4419
1.6322309970855713,4418
1.6355929374694824,4417
1.6390721797943115,4416
1.642427921295166,4415
1.6458981037139893,4414
1.6492629051208496,4413
1.6527559757232666,4412
1.6561448574066162,4411
1.6596300601959229,4410
1.6629869937896729,4409
1.6664600372314453,4408
1.6698288917541504,4407
1.673302173614502,4406
1.6766338348388672,4405
1.680110216140747,4404
1.6834771633148193,4403
1.6869490146636963,4402
1.6903021335601807,4401
1.6937649250030518,4400
1.6971242427825928,4399
1.700599193572998,4398
1.7039539813995361,4397
1.7074120044708252,4396
1.710766077041626,4395
1.7171061038970947,4394
1.7205541133880615,4393
1.723926067352295,4392
1.7274119853973389,4391
1.730760097503662,4390
1.734241008758545,4389
1.7375938892364502,4388
1.7410850524902344,4387
1.7444438934326172,4386
1.7479088306427002,4385
1.7512681484222412,4384
1.7547688484191895,4383
1.7581331729888916,4382
1.7616050243377686,4381
1.764949083328247,4380
1.7684071063995361,4379
1.7717580795288086,4378
1.7752420902252197,4377
1.778602123260498,4376
1.7820711135864258,4375
1.7854220867156982,4374
1.7888820171356201,4373
1.792240858078003,4372
1.795715093612671,4371
1.7990679740905762,4370
1.8025321960449219,4369
1.8058900833129883,4368
1.80936598777771,4367
1.81272292137146,4366
1.8161840438842773,4365
1.8195290565490723,4364
1.8229990005493164,4363
1.82635498046875,4362
1.8298189640045166,4361
1.8331642150878906,4360
1.836637020111084,4359
1.8399958610534668,4358
1.843459129333496,4357
1.846816062927246,4356
1.8502919673919678,4355
1.8536510467529297,4354
1.8571200370788574,4353
1.8604750633239746,4352
1.8639519214630127,4351
1.8673181533813477,4350
1.8707988262176514,4349
1.8741672039031982,4348
1.8776321411132812,4347
1.8809940814971924,4346
1.8844749927520752,4345
1.887826919555664,4344
1.891287088394165,4343
1.894639015197754,4342
1.8980941772460938,4341
1.9014439582824707,4340
1.9049181938171387,4339
1.9082870483398438,4338
1.911761999130249,4337
1.9151182174682617,4336
1.9185779094696045,4335
1.9219450950622559,4334
1.9254212379455566,4333
1.9287769794464111,4332
1.9322309494018555,4331
1.9355740547180176,4330
1.9390339851379395,4329
1.9423880577087402,4328
1.9458630084991455,4327
1.9492249488830566,4326
1.9527230262756348,4325
1.956083059310913,4324
1.9595470428466797,4323
1.9629130363464355,4322
1.9663822650909424,4321
1.9697380065917969,4320
1.973201036453247,4319
1.9765620231628418,4318
1.9801301956176758,4317
1.983497142791748,4316
1.9869818687438965,4315
1.990347146987915,4314
1.9938161373138428,4313
1.9971661567687988,4312
2.000654935836792,4311
2.004012107849121,4310
2.0074801445007324,4309
2.0128488540649414,4308
2.0162100791931152,4307
2.019679069519043,4306
2.0230422019958496,4305
2.026515007019043,4304
2.029874086380005,4303
2.0333361625671387,4302
2.036684036254883,4301
2.0401642322540283,4300
2.043524980545044,4299
2.0469930171966553,4298
2.0503408908843994,4297
2.0538299083709717,4296
2.057202100753784,4295
2.0606658458709717,4294
2.0640242099761963,4293
2.0675010681152344,4292
2.070863962173462,4291
2.0743298530578613,4290
2.077681064605713,4289
2.0811610221862793,4288
2.0845189094543457,4287
2.087980031967163,4286
2.0913281440734863,4285
2.0948050022125244,4284
2.0981698036193848,4283
2.1016390323638916,4282
2.1049821376800537,4281
2.1084659099578857,4280
2.1118321418762207,4279
2.1152939796447754,4278
2.118640899658203,4277
2.122091054916382,4276
2.125422239303589,4275
2.1290700435638428,4274
2.13584303855896,4273
2.139214038848877,4272
2.1428020000457764,4271
2.1461799144744873,4270
2.1496682167053223,4269
2.15305495262146,4268
2.156564950942993,4267
2.1599559783935547,4266
2.163450002670288,4265
2.16680908203125,4264
2.170307159423828,4263
2.1736860275268555,4262
2.177194118499756,4261
2.1805880069732666,4260
2.184108018875122,4259
2.1874959468841553,4258
2.191019058227539,4257
2.194417953491211,4256
2.1979079246520996,4255
2.2013001441955566,4254
2.2047810554504395,4253
2.2081620693206787,4252
2.2116639614105225,4251
2.215054988861084,4250
2.2185192108154297,4249
2.2219111919403076,4248
2.2254159450531006,4247
2.228795051574707,4246
2.2322728633880615,4245
2.2356491088867188,4244
2.239145040512085,4243
2.242537021636963,4242
2.2460339069366455,4241
2.2494049072265625,4240
2.2528939247131348,4239
2.256258010864258,4238
2.259756088256836,4237
2.2631261348724365,4236
2.266608953475952,4235
2.2699830532073975,4234
2.273458957672119,4233
2.276815891265869,4232
2.280284881591797,4231
2.2836410999298096,4230
2.2871339321136475,4229
2.2905080318450928,4228
2.2939798831939697,4227
2.297337055206299,4226
2.3008251190185547,4225
2.3042099475860596,4224
2.307692050933838,4223
2.3111748695373535,4222
2.314648151397705,4221
2.318005084991455,4220
2.3214879035949707,4219
2.324857234954834,4218
2.328325033187866,4217
2.331686019897461,4216
2.335150957107544,4215
2.3385169506073,4214
2.341994047164917,4213
2.3453409671783447,4212
2.3488049507141113,4211
2.352165937423706,4210
2.3556249141693115,4209
2.359004020690918,4208
2.362499237060547,4207
2.3658649921417236,4206
2.3693461418151855,4205
2.372704029083252,4204
2.3761649131774902,4203
2.3794891834259033,4202
2.3829541206359863,4201
2.3863189220428467,4200
2.3898110389709473,4199
2.3931779861450195,4198
2.396649122238159,4197
2.400006055831909,4196
2.403470039367676,4195
2.4068360328674316,4194
2.4103009700775146,4193
2.413651943206787,4192
2.417140007019043,4191
2.420517921447754,4190
2.423996925354004,4189
2.4273641109466553,4188
2.430832862854004,4187
2.4341890811920166,4186
2.437666177749634,4185
2.4410240650177,4184
2.4444739818573,4183
2.447817087173462,4182
2.451272964477539,4181
2.454616069793701,4180
2.458087921142578,4179
2.4614641666412354,4178
2.464952230453491,4177
2.468390941619873,4176
2.472136974334717,4175
2.4757370948791504,4174
2.479295015335083,4173
2.482672929763794,4172
2.486158847808838,4171
2.4895260334014893,4170
2.493001937866211,4169
2.496356964111328,4168
2.499845027923584,4167
2.503204822540283,4166
2.50669002532959,4165
2.5100860595703125,4164
2.5135669708251953,4163
2.516940116882324,4162
2.520416021347046,4161
2.5237839221954346,4160
2.5272469520568848,4159
2.530611991882324,4158
2.5340940952301025,4157
2.5374670028686523,4156
2.5409369468688965,4155
2.5442938804626465,4154
2.547761917114258,4153
2.5511271953582764,4152
2.5546061992645264,4151
2.557960033416748,4150
2.5614349842071533,4149
2.5648059844970703,4148
2.5682828426361084,4147
2.5716359615325928,4146
2.5751030445098877,4145
2.5784389972686768,4144
2.5819039344787598,4143
2.5852630138397217,4142
2.588738203048706,4141
2.5921149253845215,4140
2.595616102218628,4139
2.5989880561828613,4138
2.6024529933929443,4137
2.605804204940796,4136
2.6092722415924072,4135
2.6126279830932617,4134
2.6160941123962402,4133
2.6194469928741455,4132
2.6229090690612793,4131
2.6262660026550293,4130
2.6297340393066406,4129
2.633082866668701,4128
2.636570930480957,4127
2.63993501663208,4126
2.6434061527252197,4125
2.646760940551758,4124
2.6502699851989746,4123
2.653636932373047,4122
2.6571199893951416,4121
2.660494804382324,4120
2.6639859676361084,4119
2.667349100112915,4118
2.670823097229004,4117
2.674191951751709,4116
2.677669048309326,4115
2.681027889251709,4114
2.6844959259033203,4113
2.6878621578216553,4112
2.6913349628448486,4111
2.694690227508545,4110
2.6981539726257324,4109
2.7015230655670166,4108
2.7049989700317383,4107
2.7083559036254883,4106
2.7118210792541504,4105
2.7151691913604736,4104
2.7186219692230225,4103
2.7219789028167725,4102
2.725515127182007,4101
2.7288782596588135,4100
2.732362985610962,4099
2.7357168197631836,4098
2.7391810417175293,4097
2.742540121078491,4096
2.7460439205169678,4095
2.749401807785034,4094
2.7528672218322754,4093
2.7562360763549805,4092
2.7597270011901855,4091
2.763098955154419,4090
2.7665789127349854,4089
2.7699410915374756,4088
2.7733891010284424,4087
2.7767438888549805,4086
2.7802162170410156,4085
2.7835662364959717,4084
2.7870540618896484,4083
2.7904510498046875,4082
2.793958902359009,4081
2.797347068786621,4080
2.8008430004119873,4079
2.80421781539917,4078
2.8076930046081543,4077
2.8110549449920654,4076
2.8145220279693604,4075
2.817883014678955,4074
2.8213541507720947,4073
2.8247320652008057,4072
2.828216075897217,4071
2.8316171169281006,4070
2.835216999053955,4069
2.838644027709961,4068
2.8421051502227783,4067
2.845473051071167,4066
2.848957061767578,4065
2.852315902709961,4064
2.8557939529418945,4063
2.859157085418701,4062
2.8626482486724854,4061
2.8660171031951904,4060
2.8694729804992676,4059
2.8728439807891846,4058
2.8763232231140137,4057
2.8796870708465576,4056
2.883157968521118,4055
2.8865160942077637,4054
2.889988899230957,4053
2.893359899520874,4052
2.896838903427124,4051
2.900209903717041,4050
2.9036810398101807,4049
2.907038927078247,4048
2.9105260372161865,4047
2.9138922691345215,4046
2.917362928390503,4045
2.9207229614257812,4044
2.9241890907287598,4043
2.927563190460205,4042
2.9310410022735596,4041
2.9344091415405273,4040
2.9379022121429443,4039
2.94130802154541,4038
2.9447920322418213,4037
2.948172092437744,4036
2.9516470432281494,4035
2.955008029937744,4034
2.958493947982788,4033
2.9618680477142334,4032
2.9653451442718506,4031
2.968707799911499,4030
2.9721810817718506,4029
2.9755311012268066,4028
2.9790239334106445,4027
2.9823920726776123,4026
2.9858810901641846,4025
2.9892418384552,4024
2.992711067199707,4023
2.996077060699463,4022
2.9995551109313965,4021
3.002915143966675,4020
3.0063822269439697,4019
3.009737014770508,4018
3.0156800746917725,4017
3.0191690921783447,4016
3.022541046142578,4015
3.026010036468506,4014
3.0293660163879395,4013
3.0328352451324463,4012
3.0361878871917725,4011
3.0396440029144287,4010
3.043004035949707,4009
3.0464940071105957,4008
3.0498671531677246,4007
3.0533361434936523,4006
3.0566940307617188,4005
3.0601589679718018,4004
3.0635311603546143,4003
3.067007064819336,4002
3.070374011993408,4001
3.073867082595825,4000
3.077233076095581,3999
3.080712080001831,3998
3.0840861797332764,3997
3.087559938430786,3996
3.0909230709075928,3995
3.094391107559204,3994
3.0977470874786377,3993
3.1012308597564697,3992
3.104600191116333,3991
3.108069896697998,3990
3.1114308834075928,3989
3.1149280071258545,3988
3.118320941925049,3987
3.1218061447143555,3986
3.125169038772583,3985
3.1286520957946777,3984
3.1320278644561768,3983
3.135507106781006,3982
3.1388628482818604,3981
3.142333984375,3980
3.1456918716430664,3979
3.149169921875,3978
3.152549982070923,3977
3.1560590267181396,3976
3.1594481468200684,3975
3.162930965423584,3974
3.1663129329681396,3973
3.169814109802246,3972
3.1731951236724854,3971
3.176685094833374,3970
3.1800689697265625,3969
3.1835551261901855,3968
3.1869308948516846,3967
3.1904351711273193,3966
3.1938271522521973,3965
3.1973378658294678,3964
3.200721025466919,3963
3.204223155975342,3962
3.2076010704040527,3961
3.2111308574676514,3960
3.214524984359741,3959
3.2179999351501465,3958
3.221379041671753,3957
3.2248899936676025,3956
3.2282819747924805,3955
3.2318029403686523,3954
3.2352001667022705,3953
3.2386980056762695,3952
3.242072105407715,3951
3.2455811500549316,3950
3.248962163925171,3949
3.252451181411743,3948
3.255819082260132,3947
3.259298086166382,3946
3.262671947479248,3945
3.26615309715271,3944
3.269507884979248,3943
3.2729759216308594,3942
3.2763290405273438,3941
3.2798140048980713,3940
3.2831649780273438,3939
3.286635160446167,3938
3.289997100830078,3937
3.2934799194335938,3936
3.2968578338623047,3935
3.30033016204834,3934
3.303699016571045,3933
3.3071839809417725,3932
3.3105459213256836,3931
3.314012050628662,3930
3.3173670768737793,3929
3.320855140686035,3928
3.3242239952087402,3927
3.327697992324829,3926
3.331057071685791,3925
3.3345420360565186,3924
3.3379158973693848,3923
3.341392993927002,3922
3.3447470664978027,3921
3.3482110500335693,3920
3.3515870571136475,3919
3.355067014694214,3918
3.3584299087524414,3917
3.361906051635742,3916
3.3652780055999756,3915
3.368762969970703,3914
3.372129201889038,3913
3.3756301403045654,3912
3.3789939880371094,3911
3.382477045059204,3910
3.385840892791748,3909
3.38932204246521,3908
3.3926751613616943,3907
3.3961360454559326,3906
3.399487018585205,3905
3.4029691219329834,3904
3.4063310623168945,3903
3.4098050594329834,3902
3.413161039352417,3901
3.4166250228881836,3900
3.419978141784668,3899
3.423457145690918,3898
3.426807165145874,3897
3.4302830696105957,3896
3.4336400032043457,3895
3.4371049404144287,3894
3.4404730796813965,3893
3.4439501762390137,3892
3.447310209274292,3891
3.4507761001586914,3890
3.454133987426758,3889
3.4576141834259033,3888
3.4609758853912354,3887
3.4644360542297363,3886
3.4677681922912598,3885
3.471222162246704,3884
3.4745850563049316,3883
3.4780659675598145,3882
3.481433153152466,3881
3.4849250316619873,3880
3.4882900714874268,3879
3.4917490482330322,3878
3.4951131343841553,3877
3.4985780715942383,3876
3.501939058303833,3875
3.505401134490967,3874
3.508762836456299,3873
3.51222825050354,3872
3.515583038330078,3871
3.5190470218658447,3870
3.522414207458496,3869
3.5258991718292236,3868
3.529254913330078,3867
3.532738208770752,3866
3.5361008644104004,3865
3.5395700931549072,3864
3.542936086654663,3863
3.546416997909546,3862
3.5497779846191406,3861
3.55324125289917,3860
3.5565690994262695,3859
3.5600430965423584,3858
3.563406229019165,3857
3.5668680667877197,3856
3.57020902633667,3855
3.573673963546753,3854
3.5770339965820312,3853
3.580516815185547,3852
3.583874225616455,3851
3.587346076965332,3850
3.5907368659973145,3849
3.5942139625549316,3848
3.5975780487060547,3847
3.6010570526123047,3846
3.6044301986694336,3845
3.6079280376434326,3844
3.611384153366089,3843
3.6148979663848877,3842
3.6182899475097656,3841
3.6218020915985107,3840
3.6251749992370605,3839
3.6286590099334717,3838
3.6320149898529053,3837
3.635481119155884,3836
3.638838052749634,3835
3.642319917678833,3834
3.6457009315490723,3833
3.649169921875,3832
3.6525261402130127,3831
3.655993938446045,3830
3.659353256225586,3829
3.662842035293579,3828
3.6662018299102783,3827
3.669671058654785,3826
3.6730382442474365,3825
3.6765201091766357,3824
3.6798810958862305,3823
3.6833460330963135,3822
3.6866869926452637,3821
3.690139055252075,3820
3.6934919357299805,3819
3.6969730854034424,3818
3.7003421783447266,3817
3.703812837600708,3816
3.707167148590088,3815
3.7106499671936035,3814
3.7140209674835205,3813
3.717478036880493,3812
3.7208220958709717,3811
3.724334955215454,3810
3.727694034576416,3809
3.7311618328094482,3808
3.7345170974731445,3807
3.7380008697509766,3806
3.7413699626922607,3805
3.7448320388793945,3804
3.7481842041015625,3803
3.7516510486602783,3802
3.7550179958343506,3801
3.758507013320923,3800
3.7618701457977295,3799
3.7653379440307617,3798
3.7686941623687744,3797
3.7721669673919678,3796
3.775531053543091,3795
3.778991937637329,3794
3.7823638916015625,3793
3.785845994949341,3792
3.7892072200775146,3791
3.792675256729126,3790
3.796036958694458,3789
3.79951810836792,3788
3.8029069900512695,3787
3.8064119815826416,3786
3.809784173965454,3785
3.8132691383361816,3784
3.816645860671997,3783
3.820127010345459,3782
3.8234918117523193,3781
3.8269588947296143,3780
3.8303160667419434,3779
3.83378005027771,3778
3.8371269702911377,3777
3.840606927871704,3776
3.8439691066741943,3775
3.8474361896514893,3774
3.850780963897705,3773
3.8542401790618896,3772
3.857614040374756,3771
3.861095905303955,3770
3.864457130432129,3769
3.8679230213165283,3768
3.8712892532348633,3767
3.8747799396514893,3766
3.8781471252441406,3765
3.88162899017334,3764
3.8849868774414062,3763
3.8884530067443848,3762
3.8918111324310303,3761
3.895272970199585,3760
3.898625135421753,3759
3.9020931720733643,3758
3.9054460525512695,3757
3.9089181423187256,3756
3.912276029586792,3755
3.9157519340515137,3754
3.9191181659698486,3753
3.9226162433624268,3752
3.9259989261627197,3751
3.9294850826263428,3750
3.9328441619873047,3749
3.9363090991973877,3748
3.939666986465454,3747
3.9431350231170654,3746
3.946484088897705,3745
3.9499661922454834,3744
3.9533300399780273,3743
3.9567980766296387,3742
3.960141181945801,3741
3.9636080265045166,3740
3.966966152191162,3739
3.9704301357269287,3738
3.973789930343628,3737
3.977269172668457,3736
3.9806339740753174,3735
3.98410701751709,3734
3.987470865249634,3733
3.9909372329711914,3732
3.99426007270813,3731
3.997736930847168,3730
4.001100063323975,3729
4.004544973373413,3728
4.007883071899414,3727
4.014656066894531,3726
4.018238067626953,3725
4.021682977676392,3724
4.025229215621948,3723
4.028632164001465,3722
4.032156944274902,3721
4.035559892654419,3720
4.039079904556274,3719
4.042474031448364,3718
4.045989036560059,3717
4.049379110336304,3716
4.05288290977478,3715
4.056270122528076,3714
4.059768199920654,3713
4.063143968582153,3712
4.066646099090576,3711
4.070041179656982,3710
4.073570013046265,3709
4.076961040496826,3708
4.080463886260986,3707
4.083852052688599,3706
4.0873658657073975,3705
4.090739011764526,3704
4.094214916229248,3703
4.097581148147583,3702
4.101070165634155,3701
4.1044440269470215,3700
4.107922077178955,3699
4.111280918121338,3698
4.1147520542144775,3697
4.1181089878082275,3696
4.121595859527588,3695
4.124972105026245,3694
4.1284449100494385,3693
4.131807088851929,3692
4.135287046432495,3691
4.138660907745361,3690
4.14215612411499,3689
4.145514965057373,3688
4.148998975753784,3687
4.152365207672119,3686
4.155832052230835,3685
4.1591901779174805,3684
4.162680149078369,3683
4.166072130203247,3682
4.169560194015503,3681
4.172942876815796,3680
4.176425933837891,3679
4.17980694770813,3678
4.183287143707275,3677
4.186658143997192,3676
4.190124034881592,3675
4.193486928939819,3674
4.196962118148804,3673
4.200337886810303,3672
4.203810214996338,3671
4.207165956497192,3670
4.2106499671936035,3669
4.217176198959351,3668
4.220494985580444,3667
4.223978042602539,3666
4.227323055267334,3665
4.235406875610352,3664
4.238765239715576,3663
4.242220163345337,3662
4.248462200164795,3661
4.254707098007202,3660
4.258090972900391,3659
4.263803958892822,3658
4.269484043121338,3657
4.276036977767944,3656
4.285686016082764,3655
4.296576976776123,3654
4.299939155578613,3653
4.306371212005615,3652
4.312267065048218,3651
4.318165063858032,3650
4.323848009109497,3649
4.329646110534668,3648
4.3406758308410645,3647
4.344151020050049,3646
4.347506046295166,3645
4.35097599029541,3644
4.354343891143799,3643
4.360805034637451,3642
4.364284992218018,3641
4.369755029678345,3640
4.378465175628662,3639
4.381963014602661,3638
4.385333061218262,3637
4.388815879821777,3636
4.398066997528076,3635
4.401551961898804,3634
4.4049201011657715,3633
4.408398151397705,3632
4.413995027542114,3631
4.420660018920898,3630
4.431469202041626,3629
4.434850215911865,3628
4.441468000411987,3627
4.444947004318237,3626
4.44831109046936,3625
4.457163095474243,3624
4.460520029067993,3623
4.464003801345825,3622
4.4752891063690186,3621
4.48068904876709,3620
4.484061002731323,3619
4.492987871170044,3618
4.496355056762695,3617
4.4998180866241455,3616
4.5064661502838135,3615
4.512700080871582,3614
4.518783092498779,3613
4.522154092788696,3612
4.525627851486206,3611
4.528992176055908,3610
4.534794092178345,3609
4.5402610301971436,3608
4.543745040893555,3607
4.5471110343933105,3606
4.55058217048645,3605
4.553941011428833,3604
4.557415962219238,3603
4.560787916183472,3602
4.5642781257629395,3601
4.567655086517334,3600
4.571148157119751,3599
4.5745179653167725,3598
4.578016042709351,3597
4.581401109695435,3596
4.584890842437744,3595
4.58827018737793,3594
4.5917651653289795,3593
4.598404884338379,3592
4.601764917373657,3591
4.6052281856536865,3590
4.608576059341431,3589
4.614793062210083,3588
4.618286848068237,3587
4.623944044113159,3586
4.629395961761475,3585
4.632748126983643,3584
4.636238098144531,3583
4.642261981964111,3582
4.645632982254028,3581
4.6491169929504395,3580
4.652480125427246,3579
4.65595006942749,3578
4.659294128417969,3577
4.6695051193237305,3576
4.672868251800537,3575
4.676351070404053,3574
4.6822509765625,3573
4.685606002807617,3572
4.689087152481079,3571
4.695684909820557,3570
4.699066877365112,3569
4.702563047409058,3568
4.7059409618377686,3567
4.709470987319946,3566
4.712906122207642,3565
4.716403007507324,3564
4.719753980636597,3563
4.723241090774536,3562
4.726646184921265,3561
4.73014497756958,3560
4.733507871627808,3559
4.736989974975586,3558
4.740355968475342,3557
4.743824005126953,3556
4.747182846069336,3555
4.750648021697998,3554
4.753987789154053,3553
4.757452011108398,3552
4.767374038696289,3551
4.770750999450684,3550
4.776578187942505,3549
4.783393144607544,3548
4.789063930511475,3547
4.797363996505737,3546
4.800735950469971,3545
4.809659957885742,3544
4.813031911849976,3543
4.816509008407593,3542
4.81988000869751,3541
4.823359966278076,3540
4.829134941101074,3539
4.832489967346191,3538
4.838484048843384,3537
4.844444036483765,3536
4.847958087921143,3535
4.854443073272705,3534
4.857810974121094,3533
4.861310005187988,3532
4.864694118499756,3531
4.8681700229644775,3530
4.871534109115601,3529
4.8750059604644775,3528
4.8783860206604,3527
4.883910894393921,3526
4.8894829750061035,3525
4.892960071563721,3524
4.896328926086426,3523
4.899812936782837,3522
4.903193950653076,3521
4.90668797492981,3520
4.91008996963501,3519
4.913595914840698,3518
4.916974067687988,3517
4.920464992523193,3516
4.923849105834961,3515
4.927353143692017,3514
4.930728912353516,3513
4.9342200756073,3512
4.9375901222229,3511
4.941076040267944,3510
4.944439172744751,3509
4.950491905212402,3508
4.953958034515381,3507
4.960323810577393,3506
4.963676929473877,3505
4.9671571254730225,3504
4.9705281257629395,3503
4.973996162414551,3502
4.9773478507995605,3501
4.980814218521118,3500
4.9842000007629395,3499
4.98769998550415,3498
4.991057872772217,3497
4.997180938720703,3496
5.000661134719849,3495
5.00401496887207,3494
5.0103559494018555,3493
5.013829946517944,3492
5.017215013504028,3491
5.020695209503174,3490
5.024057865142822,3489
5.030614137649536,3488
5.0340869426727295,3487
5.037454128265381,3486
5.0409321784973145,3485
5.044295072555542,3484
5.047760009765625,3483
5.056972026824951,3482
5.0604469776153564,3481
5.063812017440796,3480
5.067288160324097,3479
5.070653915405273,3478
5.074134111404419,3477
5.077499866485596,3476
5.080971002578735,3475
5.084320068359375,3474
5.08779501914978,3473
5.091168165206909,3472
5.0967559814453125,3471
5.100223064422607,3470
5.103583097457886,3469
5.107062101364136,3468
5.113671064376831,3467
5.119503021240234,3466
5.122894048690796,3465
5.12640380859375,3464
5.1297760009765625,3463
5.133245944976807,3462
5.1366050243377686,3461
5.140089988708496,3460
5.1434550285339355,3459
5.146925210952759,3458
5.150289058685303,3457
5.161104917526245,3456
5.16457200050354,3455
5.1679298877716064,3454
5.171391010284424,3453
5.17474102973938,3452
5.17822003364563,3451
5.184364080429077,3450
5.187730073928833,3449
5.194137096405029,3448
5.19760799407959,3447
5.200960159301758,3446
5.204442977905273,3445
5.2110960483551025,3444
5.214457988739014,3443
5.223127126693726,3442
5.226530075073242,3441
5.23001503944397,3440
5.233372926712036,3439
5.236842155456543,3438
5.242340087890625,3437
5.249168872833252,3436
5.2525410652160645,3435
5.256002187728882,3434
5.259366035461426,3433
5.267481088638306,3432
5.270843982696533,3431
5.274322986602783,3430
5.277696132659912,3429
5.28116512298584,3428
5.28452205657959,3427
5.287996053695679,3426
5.293315887451172,3425
5.296658992767334,3424
5.300102949142456,3423
5.30348801612854,3422
5.307001829147339,3421
5.31038498878479,3420
5.313881874084473,3419
5.317255020141602,3418
5.320762872695923,3417
5.324145078659058,3416
5.327625036239624,3415
5.330998182296753,3414
5.337661981582642,3413
5.341177940368652,3412
5.344558954238892,3411
5.348059892654419,3410
5.353650093078613,3409
5.359532117843628,3408
5.362900018692017,3407
5.366379022598267,3406
5.386904239654541,3405
5.3924291133880615,3404
5.39590311050415,3403
5.399258852005005,3402
5.402740955352783,3401
5.406106948852539,3400
5.409581184387207,3399
5.412945985794067,3398
5.416424989700317,3397
5.419781923294067,3396
5.423249959945679,3395
5.429224014282227,3394
5.432574033737183,3393
5.436039924621582,3392
5.439389944076538,3391
5.445926904678345,3390
5.449397087097168,3389
5.456053018569946,3388
5.459419012069702,3387
5.462873935699463,3386
5.466234922409058,3385
5.472692012786865,3384
5.4761621952056885,3383
5.479514837265015,3382
5.485183000564575,3381
5.491392135620117,3380
5.494877099990845,3379
5.498236894607544,3378
5.501706123352051,3377
5.505073070526123,3376
5.511548042297363,3375
5.515013933181763,3374
5.520364046096802,3373
5.523717880249023,3372
5.5271618366241455,3371
5.530530214309692,3370
5.534009218215942,3369
5.537370920181274,3368
5.54085111618042,3367
5.5461649894714355,3366
5.5523841381073,3365
5.555742979049683,3364
5.5651140213012695,3363
5.56850004196167,3362
5.57198691368103,3361
5.575350999832153,3360
5.5788469314575195,3359
5.582237005233765,3358
5.5900490283966064,3357
5.593452215194702,3356
5.59883189201355,3355
5.60232400894165,3354
5.611675977706909,3353
5.615191221237183,3352
5.618571043014526,3351
5.622074842453003,3350
5.63090705871582,3349
5.634382247924805,3348
5.6377480030059814,3347
5.6412529945373535,3346
5.64464807510376,3345
5.648118019104004,3344
5.651470899581909,3343
5.6549482345581055,3342
5.658318996429443,3341
5.66180682182312,3340
5.665175199508667,3339
5.668658018112183,3338
5.672019004821777,3337
5.67546820640564,3336
5.681120157241821,3335
5.686801910400391,3334
5.690162897109985,3333
5.6936469078063965,3332
5.698983907699585,3331
5.7023351192474365,3330
5.705803155899048,3329
5.711328983306885,3328
5.7171790599823,3327
5.720531940460205,3326
5.724035024642944,3325
5.730313062667847,3324
5.736163139343262,3323
5.7456090450286865,3322
5.749074935913086,3321
5.75529408454895,3320
5.7586681842803955,3319
5.764957904815674,3318
5.771096229553223,3317
5.776443958282471,3316
5.779895067214966,3315
5.785279035568237,3314
5.788653135299683,3313
5.794435024261475,3312
5.797893047332764,3311
5.801254034042358,3310
5.8105480670928955,3309
5.819630861282349,3308
5.8231120109558105,3307
5.828516244888306,3306
5.831877946853638,3305
5.835357904434204,3304
5.83870792388916,3303
5.845414876937866,3302
5.848881959915161,3301
5.8522491455078125,3300
5.855737924575806,3299
5.859104156494141,3298
5.862607955932617,3297
5.86873984336853,3296
5.881787061691284,3295
5.887696027755737,3294
5.896299123764038,3293
5.899660110473633,3292
5.906109094619751,3291
5.909589052200317,3290
5.912960052490234,3289
5.916432857513428,3288
5.919790983200073,3287
5.923269987106323,3286
5.935955047607422,3285
5.939424991607666,3284
5.947911977767944,3283
5.956353187561035,3282
5.959715127944946,3281
5.976851940155029,3280
5.985400199890137,3279
5.988770008087158,3278
5.992253065109253,3277
6.006120920181274,3276
6.016017913818359,3275
6.024609088897705,3274
6.028088092803955,3273
6.034307956695557,3272
6.03767204284668,3271
6.041155815124512,3270
6.044515132904053,3269
6.047996997833252,3268
6.051371097564697,3267
6.0581090450286865,3266
6.0660600662231445,3265
6.098002910614014,3264
6.104450225830078,3263
6.112617015838623,3262
6.124666929244995,3261
6.1308369636535645,3260
6.1418890953063965,3259
6.148468017578125,3258
6.151947021484375,3257
6.155307054519653,3256
6.161125898361206,3255
6.172057151794434,3254
6.175548076629639,3253
6.1815619468688965,3252
6.186835050582886,3251
6.192906141281128,3250
6.196263074874878,3249
6.206789970397949,3248
6.210264205932617,3247
6.218759059906006,3246
6.222242116928101,3245
6.227587938308716,3244
6.230953931808472,3243
6.234421014785767,3242
6.240319013595581,3241
6.243705987930298,3240
6.251323938369751,3239
6.25468111038208,3238
6.258151054382324,3237
6.264503002166748,3236
6.272719860076904,3235
6.278857946395874,3234
6.282331943511963,3233
6.290510177612305,3232
6.300875186920166,3231
6.3043131828308105,3230
6.310295104980469,3229
6.313637018203735,3228
6.317098140716553,3227
6.323060989379883,3226
6.334585905075073,3225
6.337977170944214,3224
6.34681510925293,3223
6.353400230407715,3222
6.356783866882324,3221
6.3652238845825195,3220
6.3708648681640625,3219
6.376600027084351,3218
6.379947185516357,3217
6.388717174530029,3216
6.3920578956604,3215
6.395522117614746,3214
6.401173114776611,3213
6.404543161392212,3212
6.408015966415405,3211
6.413498878479004,3210
6.416869878768921,3209
6.420339107513428,3208
6.429445028305054,3207
6.432910203933716,3206
6.4382641315460205,3205
6.4416351318359375,3204
6.445102214813232,3203
6.451907157897949,3202
6.457211971282959,3201
6.460585117340088,3200
6.464055061340332,3199
6.470293045043945,3198
6.473659038543701,3197
6.477139949798584,3196
6.4805052280426025,3195
6.48395299911499,3194
6.487317085266113,3193
6.490795135498047,3192
6.494146108627319,3191
6.499704122543335,3190
6.508332014083862,3189
6.511690139770508,3188
6.5151591300964355,3187
6.518505096435547,3186
6.525083065032959,3185
6.528553009033203,3184
6.531929969787598,3183
6.535408020019531,3182
6.548351049423218,3181
6.551815032958984,3180
6.555182218551636,3179
6.558657169342041,3178
6.562018156051636,3177
6.576641082763672,3176
6.582456111907959,3175
6.592828989028931,3174
6.599307060241699,3173
6.602684020996094,3172
6.606158971786499,3171
6.609527111053467,3170
6.615228891372681,3169
6.625027894973755,3168
6.628387212753296,3167
6.631850004196167,3166
6.63519811630249,3165
6.640959024429321,3164
6.646281003952026,3163
6.649749040603638,3162
6.65654993057251,3161
6.659895181655884,3160
6.663363218307495,3159
6.666730165481567,3158
6.670217037200928,3157
6.673608064651489,3156
6.677083969116211,3155
6.683703184127808,3154
6.6898720264434814,3153
6.693220138549805,3152
6.701138019561768,3151
6.706763982772827,3150
6.710129022598267,3149
6.718235969543457,3148
6.721576929092407,3147
6.725068092346191,3146
6.728456974029541,3145
6.7319371700286865,3144
6.735295057296753,3143
6.738765239715576,3142
6.74695897102356,3141
6.750420093536377,3140
6.757240056991577,3139
6.760607004165649,3138
6.764087200164795,3137
6.767472982406616,3136
6.770949840545654,3135
6.77429723739624,3134
6.777780055999756,3133
6.784240007400513,3132
6.787590026855469,3131
6.791065216064453,3130
6.794412136077881,3129
6.80285906791687,3128
6.8062169551849365,3127
6.811629056930542,3126
6.817166090011597,3125
6.8206470012664795,3124
6.826381206512451,3123
6.829732179641724,3122
6.833199977874756,3121
6.836567163467407,3120
6.842254161834717,3119
6.8457841873168945,3118
6.851605176925659,3117
6.862466096878052,3116
6.86584210395813,3115
6.869314193725586,3114
6.87737512588501,3113
6.880865097045898,3112
6.886807203292847,3111
6.890161037445068,3110
6.89955997467041,3109
6.902920961380005,3108
6.917567014694214,3107
6.923798084259033,3106
6.927155017852783,3105
6.9306252002716064,3104
6.933998107910156,3103
6.945392847061157,3102
6.9488770961761475,3101
6.956000089645386,3100
6.95949387550354,3099
6.964814901351929,3098
6.96818208694458,3097
6.9716479778289795,3096
6.9775071144104,3095
6.980881929397583,3094
6.986315011978149,3093
6.991652965545654,3092
6.995138168334961,3091
7.00585412979126,3090
7.016315937042236,3089
7.02297306060791,3088
7.02633810043335,3087
7.029817819595337,3086
7.035892009735107,3085
7.042618989944458,3084
7.045984983444214,3083
7.0494630336761475,3082
7.052821159362793,3081
7.056301116943359,3080
7.059669017791748,3079
7.06314492225647,3078
7.069601058959961,3077
7.075783014297485,3076
7.079149007797241,3075
7.082626104354858,3074
7.085977077484131,3073
7.089444875717163,3072
7.095289945602417,3071
7.103941917419434,3070
7.10742712020874,3069
7.113749027252197,3068
7.117102146148682,3067
7.1205809116363525,3066
7.131806135177612,3065
7.138779878616333,3064
7.1423749923706055,3063
7.1461241245269775,3062
7.1497650146484375,3061
7.15342903137207,3060
7.156953811645508,3059
7.160590171813965,3058
7.164099931716919,3057
7.171737194061279,3056
7.175239086151123,3055
7.178868055343628,3054
7.182387113571167,3053
7.186005115509033,3052
7.1915669441223145,3051
7.195108890533447,3050
7.202243089675903,3049
7.208405017852783,3048
7.212035894393921,3047
7.215532064437866,3046
7.219295978546143,3045
7.222872018814087,3044
7.226623058319092,3043
7.230097055435181,3042
7.244231939315796,3041
7.247682094573975,3040
7.254063844680786,3039
7.260380983352661,3038
7.264042139053345,3037
7.268545150756836,3036
7.274599075317383,3035
7.280513048171997,3034
7.284137010574341,3033
7.295517921447754,3032
7.299041032791138,3031
7.30268406867981,3030
7.30617618560791,3029
7.316046237945557,3028
7.3227379322052,3027
7.328524112701416,3026
7.332033157348633,3025
7.337990999221802,3024
7.341695070266724,3023
7.345155239105225,3022
7.348819017410278,3021
7.3522748947143555,3020
7.355978965759277,3019
7.359490156173706,3018
7.363342046737671,3017
7.367049932479858,3016
7.370930910110474,3015
7.396665096282959,3014
7.400070905685425,3013
7.403578996658325,3012
7.40697979927063,3011
7.415410041809082,3010
7.421771049499512,3009
7.427907228469849,3008
7.431297063827515,3007
7.434866905212402,3006
7.444842100143433,3005
7.448310136795044,3004
7.451678991317749,3003
7.455202102661133,3002
7.458617210388184,3001
7.462170839309692,3000
7.465796947479248,2999
7.469456911087036,2998
7.472899913787842,2997
7.476409912109375,2996
7.479795932769775,2995
7.488718032836914,2994
7.492108106613159,2993
7.495611906051636,2992
7.501849174499512,2991
7.505216121673584,2990
7.5086870193481445,2989
7.512063980102539,2988
7.517859220504761,2987
7.521334171295166,2986
7.52469801902771,2985
7.528323173522949,2984
7.531790256500244,2983
7.5371458530426025,2982
7.540631055831909,2981
7.547368049621582,2980
7.55319619178772,2979
7.56174111366272,2978
7.565237045288086,2977
7.570837020874023,2976
7.574203014373779,2975
7.577677011489868,2974
7.581038951873779,2973
7.589288949966431,2972
7.5953779220581055,2971
7.598737955093384,2970
7.6021881103515625,2969
7.605558156967163,2968
7.609040975570679,2967
7.612518072128296,2966
7.619762897491455,2965
7.626955986022949,2964
7.630588054656982,2963
7.634105205535889,2962
7.641225099563599,2961
7.644939184188843,2960
7.648717164993286,2959
7.652332067489624,2958
7.655946969985962,2957
7.6597490310668945,2956
7.6634650230407715,2955
7.667124032974243,2954
7.670713901519775,2953
7.674330949783325,2952
7.677777051925659,2951
7.681290149688721,2950
7.684706211090088,2949
7.690717935562134,2948
7.694170951843262,2947
7.697555065155029,2946
7.70105504989624,2945
7.704421043395996,2944
7.707907199859619,2943
7.711296081542969,2942
7.716580867767334,2941
7.72495698928833,2940
7.731213092803955,2939
7.73455810546875,2938
7.738054037094116,2937
7.741460084915161,2936
7.745061874389648,2935
7.751798152923584,2934
7.755232095718384,2933
7.758753061294556,2932
7.76211404800415,2931
7.7680158615112305,2930
7.771511077880859,2929
7.780853033065796,2928
7.784366846084595,2927
7.790156126022339,2926
7.807463884353638,2925
7.81079888343811,2924
7.819334030151367,2923
7.822667121887207,2922
7.826198101043701,2921
7.834777116775513,2920
7.83831000328064,2919
7.841630935668945,2918
7.845124959945679,2917
7.8504111766815186,2916
7.853738069534302,2915
7.857270002365112,2914
7.862796068191528,2913
7.866142988204956,2912
7.8697638511657715,2911
7.87605094909668,2910
7.879350185394287,2909
7.887373208999634,2908
7.890662908554077,2907
7.894200086593628,2906
7.90316104888916,2905
7.906721115112305,2904
7.9125261306762695,2903
7.918895959854126,2902
7.924371957778931,2901
7.92765998840332,2900
7.933767080307007,2899
7.937258005142212,2898
7.940551996231079,2897
7.944056034088135,2896
7.947356939315796,2895
7.957679986953735,2894
7.961236000061035,2893
7.96462607383728,2892
7.971177101135254,2891
7.974733114242554,2890
7.978070020675659,2889
7.986516952514648,2888
7.989845037460327,2887
7.996330976486206,2886
7.999876022338867,2885
8.017123222351074,2884
8.020648956298828,2883
8.02397108078003,2882
8.027487993240356,2881
8.03424596786499,2880
8.03756594657898,2879
8.041092872619629,2878
8.044403076171875,2877
8.047921895980835,2876
8.051238059997559,2875
8.060331106185913,2874
8.063637971878052,2873
8.067147016525269,2872
8.073405981063843,2871
8.087253093719482,2870
8.090790033340454,2869
8.094113111495972,2868
8.10012698173523,2867
8.103653907775879,2866
8.109158039093018,2865
8.116672039031982,2864
8.13165020942688,2863
8.138446807861328,2862
8.144063949584961,2861
8.160909175872803,2860
8.168727159500122,2859
8.17225193977356,2858
8.178376913070679,2857
8.181691884994507,2856
8.188501119613647,2855
8.19202995300293,2854
8.195342063903809,2853
8.198857069015503,2852
8.207823991775513,2851
8.211344003677368,2850
8.21464991569519,2849
8.218146085739136,2848
8.221446990966797,2847
8.225013017654419,2846
8.228358030319214,2845
8.234375953674316,2844
8.237891912460327,2843
8.243843078613281,2842
8.247184991836548,2841
8.250720024108887,2840
8.25635313987732,2839
8.259672164916992,2838
8.26320219039917,2837
8.266522884368896,2836
8.270056009292603,2835
8.273365020751953,2834
8.276888132095337,2833
8.280202150344849,2832
8.28372311592102,2831
8.287039995193481,2830
8.290572166442871,2829
8.293882846832275,2828
8.29740285873413,2827
8.300709009170532,2826
8.306809186935425,2825
8.310336112976074,2824
8.313651084899902,2823
8.317172050476074,2822
8.320502042770386,2821
8.328938961029053,2820
8.332249164581299,2819
8.335768222808838,2818
8.341310977935791,2817
8.344622135162354,2816
8.348155975341797,2815
8.353570222854614,2814
8.356887102127075,2813
8.36040711402893,2812
8.363723039627075,2811
8.367268085479736,2810
8.370596170425415,2809
8.37411904335022,2808
8.377425909042358,2807
8.380965948104858,2806
8.384285926818848,2805
8.387801885604858,2804
8.391113996505737,2803
8.394638061523438,2802
8.39994502067566,2801
8.403274059295654,2800
8.406800985336304,2799
8.410106897354126,2798
8.413635969161987,2797
8.416959047317505,2796
8.422693967819214,2795
8.426218032836914,2794
8.42953610420227,2793
8.433071851730347,2792
8.436381101608276,2791
8.439903020858765,2790
8.44642686843872,2789
8.449750185012817,2788
8.460705041885376,2787
8.464221954345703,2786
8.467533111572266,2785
8.471043825149536,2784
8.476370096206665,2783
8.479691982269287,2782
8.486253023147583,2781
8.492707252502441,2780
8.496249198913574,2779
8.49959397315979,2778
8.503129959106445,2777
8.514888048171997,2776
8.518203020095825,2775
8.524876117706299,2774
8.52839708328247,2773
8.537890195846558,2772
8.541415929794312,2771
8.54772400856018,2770
8.553699254989624,2769
8.557008028030396,2768
8.56053614616394,2767
8.563854932785034,2766
8.567374229431152,2765
8.572665214538574,2764
8.575984954833984,2763
8.579504013061523,2762
8.582812070846558,2761
8.58634090423584,2760
8.589657068252563,2759
8.593179941177368,2758
8.596505880355835,2757
8.610634088516235,2756
8.617233991622925,2755
8.620562076568604,2754
8.624098062515259,2753
8.62975811958313,2752
8.63542103767395,2751
8.644002199172974,2750
8.647536993026733,2749
8.650846004486084,2748
8.654377937316895,2747
8.657696008682251,2746
8.663255214691162,2745
8.674726963043213,2744
8.67828106880188,2743
8.681614875793457,2742
8.685145139694214,2741
8.688454866409302,2740
8.691979169845581,2739
8.695291996002197,2738
8.70068907737732,2737
8.704228162765503,2736
8.707553148269653,2735
8.711091995239258,2734
8.717669010162354,2733
8.721019983291626,2732
8.72455883026123,2731
8.727883100509644,2730
8.741652011871338,2729
8.744943857192993,2728
8.748474836349487,2727
8.754412174224854,2726
8.75797414779663,2725
8.761758089065552,2724
8.768057823181152,2723
8.77157211303711,2722
8.777224063873291,2721
8.78089189529419,2720
8.784421920776367,2719
8.788156032562256,2718
8.791794061660767,2717
8.795669078826904,2716
8.799386024475098,2715
8.803309202194214,2714
8.809988021850586,2713
8.813703060150146,2712
8.8175950050354,2711
8.821140050888062,2710
8.824778079986572,2709
8.828166007995605,2708
8.831737995147705,2707
8.835055828094482,2706
8.838587045669556,2705
8.841912031173706,2704
8.84546422958374,2703
8.851060152053833,2702
8.854860067367554,2701
8.85907793045044,2700
8.865444898605347,2699
8.872190952301025,2698
8.875946044921875,2697
8.88148307800293,2696
8.885642051696777,2695
8.889974117279053,2694
8.894094228744507,2693
8.901859045028687,2692
8.905972957611084,2691
8.909870147705078,2690
8.91392707824707,2689
8.917944192886353,2688
8.922059059143066,2687
8.944694995880127,2686
8.953396081924438,2685
8.966558933258057,2684
8.971021175384521,2683
8.974930047988892,2682
8.981112241744995,2681
8.98718810081482,2680
8.991204261779785,2679
8.995122909545898,2678
8.999191045761108,2677
9.003175020217896,2676
9.010676145553589,2675
9.018767833709717,2674
9.023028135299683,2673
9.026955127716064,2672
9.03993821144104,2671
9.049353122711182,2670
9.053250074386597,2669
9.064829111099243,2668
9.075652837753296,2667
9.079967021942139,2666
9.084435939788818,2665
9.088325023651123,2664
9.091774940490723,2663
9.095342874526978,2662
9.102147102355957,2661
9.111780166625977,2660
9.117841958999634,2659
9.121338844299316,2658
9.130709171295166,2657
9.137336015701294,2656
9.144137144088745,2655
9.148017883300781,2654
9.151696920394897,2653
9.155549049377441,2652
9.165513038635254,2651
9.170753002166748,2650
9.197388172149658,2649
9.211910963058472,2648
9.218790054321289,2647
9.225596904754639,2646
9.237565040588379,2645
9.24928593635559,2644
9.25285792350769,2643
9.25636100769043,2642
9.26022720336914,2641
9.263874053955078,2640
9.267608165740967,2639
9.271161079406738,2638
9.277176141738892,2637
9.281047105789185,2636
9.284771203994751,2635
9.288492202758789,2634
9.296470165252686,2633
9.302999019622803,2632
9.307332992553711,2631
9.314918041229248,2630
9.328388929367065,2629
9.33210301399231,2628
9.33895993232727,2627
9.342552185058594,2626
9.352932214736938,2625
9.36296820640564,2624
9.366339921951294,2623
9.369909048080444,2622
9.373785257339478,2621
9.378080129623413,2620
9.38482117652893,2619
9.395349979400635,2618
9.399662971496582,2617
9.435871124267578,2616
9.441760063171387,2615
9.445244073867798,2614
9.450966119766235,2613
9.454708099365234,2612
9.458444118499756,2611
9.462217092514038,2610
9.46852421760559,2609
9.475670099258423,2608
9.481746912002563,2607
9.500154972076416,2606
9.509841918945312,2605
9.520578145980835,2604
9.558542251586914,2603
9.562299966812134,2602
9.570554971694946,2601
9.580833196640015,2600
9.589613199234009,2599
9.612962007522583,2598
9.621539115905762,2597
9.627873182296753,2596
9.642559051513672,2595
9.656046867370605,2594
9.660075187683105,2593
9.67281699180603,2592
9.689282178878784,2591
9.701596021652222,2590
9.71266794204712,2589
9.716439008712769,2588
9.7312331199646,2587
9.74234390258789,2586
9.74611210823059,2585
9.77814507484436,2584
9.820094108581543,2583
9.864214181900024,2582
9.871502876281738,2581
9.875671148300171,2580
9.887026071548462,2579
9.891207933425903,2578
9.895297050476074,2577
9.899187088012695,2576
9.912025928497314,2575
9.91955304145813,2574
9.937039852142334,2573
9.941937923431396,2572
9.94992709159851,2571
9.95415711402893,2570
9.958632946014404,2569
9.973973035812378,2568
9.989994049072266,2567
9.998317241668701,2566
10.014126062393188,2565
10.022435188293457,2564
10.043641090393066,2563
10.060389041900635,2562
10.066933155059814,2561
10.076990127563477,2560
10.081254959106445,2559
10.08896017074585,2558
10.093364000320435,2557
10.117717027664185,2556
10.122097969055176,2555
10.12626314163208,2554
10.137022972106934,2553
10.144832134246826,2552
10.162225008010864,2551
10.169265031814575,2550
10.17323088645935,2549
10.180124998092651,2548
10.188884973526001,2547
10.200746059417725,2546
10.214313983917236,2545
10.22316598892212,2544
10.227585077285767,2543
10.238746881484985,2542
10.242931127548218,2541
10.246831893920898,2540
10.255225896835327,2539
10.278463125228882,2538
10.29961609840393,2537
10.312193155288696,2536
10.319118976593018,2535
10.326053857803345,2534
10.329621076583862,2533
10.3353910446167,2532
10.343392133712769,2531
10.352134943008423,2530
10.355741024017334,2529
10.359167098999023,2528
10.371673107147217,2527
10.378019094467163,2526
10.392215013504028,2525
10.39768099784851,2524
10.404134035110474,2523
10.407715082168579,2522
10.411161184310913,2521
10.417010068893433,2520
10.422989130020142,2519
10.42899203300476,2518
10.432758092880249,2517
10.459232091903687,2516
10.47952914237976,2515
10.488327980041504,2514
10.491907119750977,2513
10.499814987182617,2512
10.503376960754395,2511
10.511775016784668,2510
10.518606185913086,2509
10.532580137252808,2508
10.53606104850769,2507
10.554030179977417,2506
10.571808099746704,2505
10.577790975570679,2504
10.583615064620972,2503
10.591249942779541,2502
10.602489948272705,2501
10.63265585899353,2500
10.646623134613037,2499
10.650086879730225,2498
10.678531169891357,2497
10.690484046936035,2496
10.699635028839111,2495
10.719589948654175,2494
10.744976043701172,2493
10.769922018051147,2492
10.773380994796753,2491
10.779237031936646,2490
10.799592018127441,2489
10.812791109085083,2488
10.816334962844849,2487
10.822252035140991,2486
10.82571816444397,2485
10.829065084457397,2484
10.83256983757019,2483
10.846909999847412,2482
10.850634098052979,2481
10.860659122467041,2480
10.8691987991333,2479
10.88188910484314,2478
10.893220901489258,2477
10.90250015258789,2476
10.905849933624268,2475
10.925711870193481,2474
10.94613790512085,2473
10.953820943832397,2472
10.962059020996094,2471
10.970333099365234,2470
10.984818935394287,2469
10.988224983215332,2468
10.991688013076782,2467
10.995014905929565,2466
10.998456239700317,2465
11.006441116333008,2464
11.009942054748535,2463
11.013292074203491,2462
11.031766176223755,2461
11.048848867416382,2460
11.05223298072815,2459
11.055846929550171,2458
11.059245109558105,2457
11.065229177474976,2456
11.068672180175781,2455
11.078550100326538,2454
11.084285020828247,2453
11.087613105773926,2452
11.093775987625122,2451
11.099065065383911,2450
11.110597848892212,2449
11.114241123199463,2448
11.122062921524048,2447
11.12824296951294,2446
11.131679058074951,2445
11.142971992492676,2444
11.146305084228516,2443
11.149739980697632,2442
11.153060913085938,2441
11.159581899642944,2440
11.163033962249756,2439
11.191705226898193,2438
11.205480098724365,2437
11.233711004257202,2436
11.244718074798584,2435
11.28410816192627,2434
11.295814990997314,2433
11.336206912994385,2432
11.349599123001099,2431
11.35294485092163,2430
11.375332832336426,2429
11.392603874206543,2428
11.395941019058228,2427
11.399399995803833,2426
11.402743101119995,2425
11.408628940582275,2424
11.414370059967041,2423
11.417792081832886,2422
11.42111325263977,2421
11.424569129943848,2420
11.436803102493286,2419
11.4481360912323,2418
11.468791007995605,2417
11.472239017486572,2416
11.475574016571045,2415
11.484318971633911,2414
11.487640142440796,2413
11.494072198867798,2412
11.501998901367188,2411
11.51278281211853,2410
11.518136024475098,2409
11.524570941925049,2408
11.527889013290405,2407
11.553900003433228,2406
11.56364917755127,2405
11.567177057266235,2404
11.574774026870728,2403
11.578259944915771,2402
11.629501104354858,2401
11.63297414779663,2400
11.636314868927002,2399
11.65501594543457,2398
11.658344984054565,2397
11.663629055023193,2396
11.699781894683838,2395
11.731125116348267,2394
11.734462022781372,2393
11.771117210388184,2392
11.77444314956665,2391
11.779742002487183,2390
11.783227920532227,2389
11.79955792427063,2388
11.805351972579956,2387
11.82235598564148,2386
11.852310180664062,2385
11.873668909072876,2384
11.884392976760864,2383
11.898344039916992,2382
11.901875019073486,2381
11.921931982040405,2380
11.94165301322937,2379
11.945130109786987,2378
11.951174974441528,2377
11.954487085342407,2376
11.959882020950317,2375
11.972043991088867,2374
12.01087212562561,2373
12.020650148391724,2372
12.023961067199707,2371
12.030616044998169,2370
12.034087896347046,2369
12.055614948272705,2368
12.06621503829956,2367
12.069663047790527,2366
12.073004007339478,2365
12.078268051147461,2364
12.085941076278687,2363
12.100879907608032,2362
12.114550113677979,2361
12.120718955993652,2360
12.146276950836182,2359
12.149720191955566,2358
12.15700888633728,2357
12.169036149978638,2356
12.19707703590393,2355
12.214083909988403,2354
12.222876071929932,2353
12.226176023483276,2352
12.24993109703064,2351
12.253260135650635,2350
12.27425479888916,2349
12.280564069747925,2348
12.2867112159729,2347
12.307470798492432,2346
12.313064098358154,2345
12.319790124893188,2344
12.326173067092896,2343
12.33196496963501,2342
12.3557870388031,2341
12.412661075592041,2340
12.415991067886353,2339
12.423604011535645,2338
12.44540023803711,2337
12.448729038238525,2336
12.491286993026733,2335
12.503807067871094,2334
12.51172399520874,2333
12.542186975479126,2332
12.547546863555908,2331
12.630567073822021,2330
12.669986009597778,2329
12.681336164474487,2328
12.710226058959961,2327
12.72764801979065,2326
12.780237197875977,2325
12.836365222930908,2324
12.907267093658447,2323
12.930629014968872,2322
12.940448999404907,2321
12.948381900787354,2320
12.96155595779419,2319
12.965017080307007,2318
12.981369256973267,2317
13.002094030380249,2316
13.048345804214478,2315
13.05177617073059,2314
13.089500904083252,2313
13.100622177124023,2312
13.135714054107666,2311
13.233375072479248,2310
13.268952131271362,2309
13.280006885528564,2308
13.290000915527344,2307
13.302025079727173,2306
13.317595958709717,2305
13.360639095306396,2304
13.38015604019165,2303
13.417798042297363,2302
13.43752908706665,2301
13.557734966278076,2300
13.572453022003174,2299
13.744285106658936,2298
13.74758505821228,2297
13.755609035491943,2296
13.811906099319458,2295
13.85844898223877,2294
13.887769937515259,2293
13.8955819606781,2292
14.037652015686035,2291
14.041127920150757,2290
14.101590156555176,2289
14.131600856781006,2288
14.24025297164917,2287
14.262550115585327,2286
14.268435001373291,2285
14.277968883514404,2284
14.283397912979126,2283
14.472876071929932,2282
14.545401096343994,2281
14.640711069107056,2280
14.671011209487915,2279
