0.003779172897338867,4891
0.007377147674560547,4890
0.013952970504760742,4889
0.01753711700439453,4888
0.020956039428710938,4887
0.024574995040893555,4886
0.02796006202697754,4885
0.03157496452331543,4884
0.034935951232910156,4883
0.038413047790527344,4882
0.04171109199523926,4881
0.04517698287963867,4880
0.04847002029418945,4879
0.051921844482421875,4878
0.05519413948059082,4877
0.058631181716918945,4876
0.06189990043640137,4875
0.06534814834594727,4874
0.06861996650695801,4873
0.07205700874328613,4872
0.0753469467163086,4871
0.07880187034606934,4870
0.08209514617919922,4869
0.08560419082641602,4868
0.09097695350646973,4867
0.09425091743469238,4866
0.0977020263671875,4865
0.10097885131835938,4864
0.10442805290222168,4863
0.10770201683044434,4862
0.11115312576293945,4861
0.11443614959716797,4860
0.1178748607635498,4859
0.12114500999450684,4858
0.12460684776306152,4857
0.12789702415466309,4856
0.13134217262268066,4855
0.1346118450164795,4854
0.1380631923675537,4853
0.1413440704345703,4852
0.14480090141296387,4851
0.14807510375976562,4850
0.15150785446166992,4849
0.15477609634399414,4848
0.15822100639343262,4847
0.1615159511566162,4846
0.16496610641479492,4845
0.16824007034301758,4844
0.1716899871826172,4843
0.1749870777130127,4842
0.17846012115478516,4841
0.18178510665893555,4840
0.18528103828430176,4839
0.18856287002563477,4838
0.19201302528381348,4837
0.1952838897705078,4836
0.19873881340026855,4835
0.20204687118530273,4834
0.20549917221069336,4833
0.20877909660339355,4832
0.2122340202331543,4831
0.2155308723449707,4830
0.21898221969604492,4829
0.22226190567016602,4828
0.22573208808898926,4827
0.22903013229370117,4826
0.23248004913330078,4825
0.23577284812927246,4824
0.23924708366394043,4823
0.24251699447631836,4822
0.24598002433776855,4821
0.24927401542663574,4820
0.25272488594055176,4819
0.2560131549835205,4818
0.25948214530944824,4817
0.26275205612182617,4816
0.2662010192871094,4815
0.26947999000549316,4814
0.27291321754455566,4813
0.2761971950531006,4812
0.2796499729156494,4811
0.28292083740234375,4810
0.2863810062408447,4809
0.2896690368652344,4808
0.29343700408935547,4807
0.2970411777496338,4806
0.30067992210388184,4805
0.3041689395904541,4804
0.30781102180480957,4803
0.31114697456359863,4802
0.3146049976348877,4801
0.31792616844177246,4800
0.32138586044311523,4799
0.32469701766967773,4798
0.3283510208129883,4797
0.3319580554962158,4796
0.33580803871154785,4795
0.3395869731903076,4794
0.3435671329498291,4793
0.3472719192504883,4792
0.3511931896209717,4791
0.3548440933227539,4790
0.3587319850921631,4789
0.3624088764190674,4788
0.3662571907043457,4787
0.3699660301208496,4786
0.37376904487609863,4785
0.3774430751800537,4784
0.38129305839538574,4783
0.38509106636047363,4782
0.389009952545166,4781
0.3925361633300781,4780
0.39609289169311523,4779
0.39937901496887207,4778
0.40285491943359375,4777
0.4061291217803955,4776
0.4095950126647949,4775
0.41286802291870117,4774
0.41632890701293945,4773
0.4195902347564697,4772
0.4230489730834961,4771
0.42632389068603516,4770
0.4297919273376465,4769
0.4330620765686035,4768
0.4365198612213135,4767
0.43979310989379883,4766
0.44326019287109375,4765
0.4465219974517822,4764
0.4499802589416504,4763
0.4532489776611328,4762
0.45671916007995605,4761
0.45998692512512207,4760
0.4634430408477783,4759
0.4667069911956787,4758
0.47018003463745117,4757
0.4734489917755127,4756
0.47690606117248535,4755
0.48020291328430176,4754
0.4836699962615967,4753
0.486940860748291,4752
0.4904060363769531,4751
0.4936790466308594,4750
0.4971451759338379,4749
0.5004310607910156,4748
0.503899097442627,4747
0.5071768760681152,4746
0.5106391906738281,4745
0.5139079093933105,4744
0.517388105392456,4743
0.5206661224365234,4742
0.5241248607635498,4741
0.5273909568786621,4740
0.5308730602264404,4739
0.5341250896453857,4738
0.5375840663909912,4737
0.5408451557159424,4736
0.5443229675292969,4735
0.5475919246673584,4734
0.5510520935058594,4733
0.5543150901794434,4732
0.5577850341796875,4731
0.5610520839691162,4730
0.5645139217376709,4729
0.5677921772003174,4728
0.5713300704956055,4727
0.5747041702270508,4726
0.5783369541168213,4725
0.581754207611084,4724
0.5853791236877441,4723
0.5887510776519775,4722
0.5923550128936768,4721
0.5957591533660889,4720
0.5993709564208984,4719
0.6027770042419434,4718
0.6063559055328369,4717
0.609760046005249,4716
0.6133689880371094,4715
0.6167302131652832,4714
0.6202301979064941,4713
0.6235198974609375,4712
0.6269922256469727,4711
0.6302971839904785,4710
0.6338989734649658,4709
0.637296199798584,4708
0.6407248973846436,4707
0.6440551280975342,4706
0.6474800109863281,4705
0.6507928371429443,4704
0.6542131900787354,4703
0.6575238704681396,4702
0.6609389781951904,4701
0.6642448902130127,4700
0.6676731109619141,4699
0.6710009574890137,4698
0.6744282245635986,4697
0.6777710914611816,4696
0.6811859607696533,4695
0.6844899654388428,4694
0.6878809928894043,4693
0.691195011138916,4692
0.6946558952331543,4691
0.697983980178833,4690
0.7014069557189941,4689
0.7047150135040283,4688
0.7081429958343506,4687
0.7114720344543457,4686
0.7148890495300293,4685
0.7182021141052246,4684
0.7216119766235352,4683
0.7249290943145752,4682
0.7283399105072021,4681
0.7316458225250244,4680
0.7350549697875977,4679
0.738361120223999,4678
0.7417850494384766,4677
0.7450921535491943,4676
0.7485189437866211,4675
0.7518360614776611,4674
0.7552640438079834,4673
0.7585690021514893,4672
0.7619938850402832,4671
0.7653210163116455,4670
0.7687480449676514,4669
0.7720749378204346,4668
0.775486946105957,4667
0.7787928581237793,4666
0.782224178314209,4665
0.7855501174926758,4664
0.7889800071716309,4663
0.792302131652832,4662
0.7957170009613037,4661
0.7990250587463379,4660
0.8024351596832275,4659
0.8057341575622559,4658
0.809161901473999,4657
0.8124790191650391,4656
0.8158950805664062,4655
0.8192050457000732,4654
0.8226208686828613,4653
0.8259429931640625,4652
0.8293700218200684,4651
0.8326919078826904,4650
0.8361179828643799,4649
0.8394360542297363,4648
0.8428549766540527,4647
0.8461570739746094,4646
0.8495790958404541,4645
0.8529000282287598,4644
0.8563270568847656,4643
0.8596458435058594,4642
0.86328125,4641
0.8670310974121094,4640
0.8706920146942139,4639
0.874075174331665,4638
0.8775558471679688,4637
0.8808660507202148,4636
0.8843331336975098,4635
0.8876478672027588,4634
0.891099214553833,4633
0.8943901062011719,4632
0.8978538513183594,4631
0.9011619091033936,4630
0.9046049118041992,4629
0.9079310894012451,4628
0.9113810062408447,4627
0.9146790504455566,4626
0.9181151390075684,4625
0.9213721752166748,4624
0.9248089790344238,4623
0.928102970123291,4622
0.9315371513366699,4621
0.9348101615905762,4620
0.9382500648498535,4619
0.9415411949157715,4618
0.9449799060821533,4617
0.948261022567749,4616
0.9516658782958984,4615
0.9549620151519775,4614
0.9584019184112549,4613
0.9616880416870117,4612
0.9651179313659668,4611
0.9684128761291504,4610
0.9718539714813232,4609
0.9751348495483398,4608
0.9785630702972412,4607
0.9818449020385742,4606
0.9854130744934082,4605
0.9890069961547852,4604
0.9928061962127686,4603
0.996347188949585,4602
1.000025987625122,4601
1.0035529136657715,4600
1.0100579261779785,4599
1.013758897781372,4598
1.0171599388122559,4597
1.0206201076507568,4596
1.0238959789276123,4595
1.0273289680480957,4594
1.030620813369751,4593
1.0340609550476074,4592
1.0373380184173584,4591
1.0407800674438477,4590
1.044067144393921,4589
1.047490119934082,4588
1.050774097442627,4587
1.0542049407958984,4586
1.0574781894683838,4585
1.0609190464019775,4584
1.064202070236206,4583
1.0676360130310059,4582
1.0709359645843506,4581
1.0743842124938965,4580
1.0776739120483398,4579
1.0811131000518799,4578
1.0843939781188965,4577
1.087813138961792,4576
1.0910818576812744,4575
1.09452486038208,4574
1.0978119373321533,4573
1.1012558937072754,4572
1.1045351028442383,4571
1.1079790592193604,4570
1.111264944076538,4569
1.1146910190582275,4568
1.1179630756378174,4567
1.1214032173156738,4566
1.1247248649597168,4565
1.1281709671020508,4564
1.13145112991333,4563
1.1348929405212402,4562
1.1381890773773193,4561
1.141618013381958,4560
1.1449010372161865,4559
1.1483440399169922,4558
1.1516380310058594,4557
1.1550688743591309,4556
1.1583430767059326,4555
1.161789894104004,4554
1.1650848388671875,4553
1.1685309410095215,4552
1.1718268394470215,4551
1.175266981124878,4550
1.178556203842163,4549
1.1820018291473389,4548
1.1852960586547852,4547
1.188735008239746,4546
1.1920208930969238,4545
1.1954669952392578,4544
1.1987600326538086,4543
1.2021958827972412,4542
1.2054789066314697,4541
1.2089290618896484,4540
1.2122201919555664,4539
1.2156741619110107,4538
1.2189710140228271,4537
1.2224149703979492,4536
1.225696086883545,4535
1.2291271686553955,4534
1.2324001789093018,4533
1.2358489036560059,4532
1.2391409873962402,4531
1.2425730228424072,4530
1.2458510398864746,4529
1.2492918968200684,4528
1.2525780200958252,4527
1.2560110092163086,4526
1.2592871189117432,4525
1.2627310752868652,4524
1.2660269737243652,4523
1.269463062286377,4522
1.272740125656128,4521
1.276190996170044,4520
1.2794780731201172,4519
1.282909870147705,4518
1.2861659526824951,4517
1.2896089553833008,4516
1.2929069995880127,4515
1.2963509559631348,4514
1.299644947052002,4513
1.3030908107757568,4512
1.30637526512146,4511
1.3098008632659912,4510
1.3130888938903809,4509
1.3165099620819092,4508
1.3197879791259766,4507
1.3232078552246094,4506
1.3264989852905273,4505
1.3299429416656494,4504
1.3332421779632568,4503
1.3367338180541992,4502
1.3400230407714844,4501
1.3434579372406006,4500
1.346736192703247,4499
1.3501629829406738,4498
1.3534440994262695,4497
1.3568990230560303,4496
1.3601939678192139,4495
1.363631010055542,4494
1.3669090270996094,4493
1.3703410625457764,4492
1.3736310005187988,4491
1.377068042755127,4490
1.3803608417510986,4489
1.383803129196167,4488
1.3870809078216553,4487
1.3905210494995117,4486
1.3937971591949463,4485
1.3972229957580566,4484
1.4005229473114014,4483
1.4039759635925293,4482
1.4072608947753906,4481
1.410710096359253,4480
1.4139940738677979,4479
1.4174251556396484,4478
1.420699119567871,4477
1.424138069152832,4476
1.4274239540100098,4475
1.4308300018310547,4474
1.4341082572937012,4473
1.4375548362731934,4472
1.4408371448516846,4471
1.4442710876464844,4470
1.447547197341919,4469
1.450991153717041,4468
1.454275131225586,4467
1.457705020904541,4466
1.46097993850708,4465
1.4644269943237305,4464
1.4676940441131592,4463
1.4711217880249023,4462
1.4743940830230713,4461
1.4778380393981934,4460
1.4811289310455322,4459
1.4845619201660156,4458
1.487856149673462,4457
1.4913029670715332,4456
1.494588851928711,4455
1.498034954071045,4454
1.5013270378112793,4453
1.504770040512085,4452
1.5080690383911133,4451
1.5115211009979248,4450
1.5148210525512695,4449
1.5182929039001465,4448
1.5215740203857422,4447
1.525008201599121,4446
1.5282859802246094,4445
1.5317318439483643,4444
1.5350289344787598,4443
1.5384881496429443,4442
1.541780948638916,4441
1.5452301502227783,4440
1.5485491752624512,4439
1.5520009994506836,4438
1.5552899837493896,4437
1.5612919330596924,4436
1.56473708152771,4435
1.5680229663848877,4434
1.5714738368988037,4433
1.5747780799865723,4432
1.578212022781372,4431
1.5815129280090332,4430
1.5849590301513672,4429
1.588244915008545,4428
1.5916919708251953,4427
1.5949890613555908,4426
1.598433017730713,4425
1.601759910583496,4424
1.608947992324829,4423
1.6124629974365234,4422
1.6157760620117188,4421
1.6192259788513184,4420
1.6225409507751465,4419
1.6259729862213135,4418
1.6292731761932373,4417
1.6327199935913086,4416
1.6360080242156982,4415
1.639449119567871,4414
1.6427361965179443,4413
1.6461730003356934,4412
1.6494619846343994,4411
1.652899980545044,4410
1.656182050704956,4409
1.6596260070800781,4408
1.6629130840301514,4407
1.666384220123291,4406
1.6696860790252686,4405
1.673137903213501,4404
1.6764349937438965,4403
1.679870843887329,4402
1.683152198791504,4401
1.6866099834442139,4400
1.6899051666259766,4399
1.6933538913726807,4398
1.696653127670288,4397
1.7001080513000488,4396
1.7033982276916504,4395
1.7088439464569092,4394
1.712280035018921,4393
1.718299150466919,4392
1.721587896347046,4391
1.7250289916992188,4390
1.728308916091919,4389
1.731740951538086,4388
1.735032081604004,4387
1.738476037979126,4386
1.7417550086975098,4385
1.745201826095581,4384
1.748495101928711,4383
1.7519290447235107,4382
1.7552189826965332,4381
1.758660078048706,4380
1.7619290351867676,4379
1.7653748989105225,4378
1.7686729431152344,4377
1.7721400260925293,4376
1.7754340171813965,4375
1.7788770198822021,4374
1.7821729183197021,4373
1.7856152057647705,4372
1.78889799118042,4371
1.792348861694336,4370
1.7956469058990479,4369
1.79909086227417,4368
1.8023741245269775,4367
1.8058271408081055,4366
1.8091180324554443,4365
1.8125500679016113,4364
1.815809965133667,4363
1.8192591667175293,4362
1.822540044784546,4361
1.8259730339050293,4360
1.831164836883545,4359
1.8344471454620361,4358
1.8378958702087402,4357
1.8411850929260254,4356
1.8446190357208252,4355
1.8479118347167969,4354
1.8513689041137695,4353
1.8546528816223145,4352
1.8580970764160156,4351
1.8613848686218262,4350
1.8648200035095215,4349
1.8681340217590332,4348
1.8715870380401611,4347
1.8748719692230225,4346
1.8783159255981445,4345
1.881601095199585,4344
1.88503098487854,4343
1.8883109092712402,4342
1.8917508125305176,4341
1.8950378894805908,4340
1.8984692096710205,4339
1.9017651081085205,4338
1.9052128791809082,4337
1.9085030555725098,4336
1.9119369983673096,4335
1.9152350425720215,4334
1.91867995262146,4333
1.9219608306884766,4332
1.925407886505127,4331
1.928704023361206,4330
1.9321520328521729,4329
1.935439109802246,4328
1.9388821125030518,4327
1.9421660900115967,4326
1.945600986480713,4325
1.9488999843597412,4324
1.9523508548736572,4323
1.955644130706787,4322
1.9590809345245361,4321
1.9623830318450928,4320
1.9658329486846924,4319
1.9691200256347656,4318
1.9725501537322998,4317
1.9758331775665283,4316
1.9792771339416504,4315
1.9825778007507324,4314
1.986069917678833,4313
1.9893629550933838,4312
1.9928009510040283,4311
1.9960927963256836,4310
1.999535083770752,4309
2.0028200149536133,4308
2.0062570571899414,4307
2.009550094604492,4306
2.0129919052124023,4305
2.0162570476531982,4304
2.019697904586792,4303
2.0230000019073486,4302
2.0264430046081543,4301
2.029735803604126,4300
2.0331900119781494,4299
2.036478042602539,4298
2.0399107933044434,4297
2.0432000160217285,4296
2.0466489791870117,4295
2.0499379634857178,4294
2.0533721446990967,4293
2.0566699504852295,4292
2.0601210594177246,4291
2.063408136367798,4290
2.066854953765869,4289
2.0701448917388916,4288
2.073580026626587,4287
2.07686710357666,4286
2.080312967300415,4285
2.083601951599121,4284
2.087057113647461,4283
2.0903470516204834,4282
2.093783140182495,4281
2.0970969200134277,4280
2.100551128387451,4279
2.1038389205932617,4278
2.107282876968384,4277
2.1105740070343018,4276
2.1140079498291016,4275
2.117300033569336,4274
2.120748996734619,4273
2.124039888381958,4272
2.127487897872925,4271
2.1307780742645264,4270
2.1342151165008545,4269
2.1375060081481934,4268
2.140956163406372,4267
2.1442480087280273,4266
2.1476941108703613,4265
2.150991201400757,4264
2.1544339656829834,4263
2.157716989517212,4262
2.1611409187316895,4261
2.1644370555877686,4260
2.1678850650787354,4259
2.171196937561035,4258
2.1746370792388916,4257
2.177931070327759,4256
2.18139910697937,4255
2.1846909523010254,4254
2.1881370544433594,4253
2.191408157348633,4252
2.1948468685150146,4251
2.1981680393218994,4250
2.201617956161499,4249
2.2049241065979004,4248
2.208361864089966,4247
2.211651086807251,4246
2.215097188949585,4245
2.218379020690918,4244
2.2218260765075684,4243
2.2251341342926025,4242
2.2285799980163574,4241
2.2351391315460205,4240
2.238428831100464,4239
2.2418601512908936,4238
2.2451398372650146,4237
2.2485921382904053,4236
2.251879930496216,4235
2.2553248405456543,4234
2.258604049682617,4233
2.2620558738708496,4232
2.2653579711914062,4231
2.2688071727752686,4230
2.272109031677246,4229
2.27554988861084,4228
2.2788338661193848,4227
2.282289981842041,4226
2.285614013671875,4225
2.289051055908203,4224
2.292344093322754,4223
2.2957940101623535,4222
2.2990729808807373,4221
2.3025059700012207,4220
2.3057920932769775,4219
2.309242010116577,4218
2.3125481605529785,4217
2.3160009384155273,4216
2.319288969039917,4215
2.322721004486084,4214
2.3260111808776855,4213
2.329448938369751,4212
2.3327338695526123,4211
2.3361849784851074,4210
2.3394758701324463,4209
2.3429129123687744,4208
2.3461968898773193,4207
2.349647045135498,4206
2.352947950363159,4205
2.356395959854126,4204
2.3597071170806885,4203
2.3631649017333984,4202
2.3664498329162598,4201
2.3699021339416504,4200
2.3731980323791504,4199
2.3766379356384277,4198
2.3799381256103516,4197
2.3833839893341064,4196
2.386673927307129,4195
2.390165090560913,4194
2.393450975418091,4193
2.396883964538574,4192
2.4001729488372803,4191
2.403686046600342,4190
2.406992197036743,4189
2.410444974899292,4188
2.4137930870056152,4187
2.417249917984009,4186
2.420539140701294,4185
2.423983097076416,4184
2.4272849559783936,4183
2.430727243423462,4182
2.434018135070801,4181
2.437450885772705,4180
2.4407448768615723,4179
2.4441909790039062,4178
2.4474759101867676,4177
2.4509081840515137,4176
2.4541900157928467,4175
2.4576330184936523,4174
2.4609248638153076,4173
2.4643619060516357,4172
2.4676320552825928,4171
2.4710562229156494,4170
2.4743289947509766,4169
2.4777610301971436,4168
2.4810428619384766,4167
2.4844789505004883,4166
2.487773895263672,4165
2.491219997406006,4164
2.494503974914551,4163
2.4979360103607178,4162
2.501239061355591,4161
2.5046892166137695,4160
2.507970094680786,4159
2.5114030838012695,4158
2.514691114425659,4157
2.518136978149414,4156
2.521423101425171,4155
2.524855136871338,4154
2.5281331539154053,4153
2.5315661430358887,4152
2.534860134124756,4151
2.5382959842681885,4150
2.5415890216827393,4149
2.5450310707092285,4148
2.5483040809631348,4147
2.551753044128418,4146
2.55505108833313,4145
2.558495044708252,4144
2.561790943145752,4143
2.5652430057525635,4142
2.568547010421753,4141
2.5719969272613525,4140
2.5752639770507812,4139
2.578711986541748,4138
2.5820112228393555,4137
2.585453987121582,4136
2.588744878768921,4135
2.592198133468628,4134
2.5954880714416504,4133
2.598936080932617,4132
2.602207899093628,4131
2.6056439876556396,4130
2.608931064605713,4129
2.612375020980835,4128
2.615673065185547,4127
2.619121789932251,4126
2.6224288940429688,4125
2.6259031295776367,4124
2.629194974899292,4123
2.632642984390259,4122
2.6359429359436035,4121
2.6393849849700928,4120
2.6426680088043213,4119
2.646101951599121,4118
2.649394989013672,4117
2.6528408527374268,4116
2.6561269760131836,4115
2.659580945968628,4114
2.6654469966888428,4113
2.668735980987549,4112
2.672185182571411,4111
2.6754770278930664,4110
2.6789329051971436,4109
2.682236909866333,4108
2.6856770515441895,4107
2.6889641284942627,4106
2.6924190521240234,4105
2.6957240104675293,4104
2.6991710662841797,4103
2.7024600505828857,4102
2.7059121131896973,4101
2.709210157394409,4100
2.712651014328003,4099
2.7159512042999268,4098
2.719413995742798,4097
2.7227160930633545,4096
2.7261581420898438,4095
2.729445219039917,4094
2.7328929901123047,4093
2.7361881732940674,4092
2.7396349906921387,4091
2.742906093597412,4090
2.7463531494140625,4089
2.7496540546417236,4088
2.7530930042266846,4087
2.7563869953155518,4086
2.759834051132202,4085
2.7631218433380127,4084
2.7665579319000244,4083
2.7698440551757812,4082
2.7732908725738525,4081
2.776638984680176,4080
2.7801358699798584,4079
2.7834391593933105,4078
2.7868988513946533,4077
2.7901930809020996,4076
2.7936251163482666,4075
2.7969160079956055,4074
2.80035400390625,4073
2.803635835647583,4072
2.8070859909057617,4071
2.810386896133423,4070
2.8138301372528076,4069
2.817117929458618,4068
2.820574998855591,4067
2.8238749504089355,4066
2.827327013015747,4065
2.8306210041046143,4064
2.8340559005737305,4063
2.837354898452759,4062
2.840848207473755,4061
2.8441619873046875,4060
2.8476150035858154,4059
2.850912094116211,4058
2.8543589115142822,4057
2.8576459884643555,4056
2.8610999584198,4055
2.864389181137085,4054
2.8678290843963623,4053
2.8711140155792236,4052
2.8745641708374023,4051
2.877856969833374,4050
2.8812921047210693,4049
2.8845760822296143,4048
2.8880250453948975,4047
2.8913211822509766,4046
2.8947629928588867,4045
2.8980588912963867,4044
2.901508092880249,4043
2.9047951698303223,4042
2.908247947692871,4041
2.91153883934021,4040
2.91497802734375,4039
2.9182698726654053,4038
2.9217240810394287,4037
2.924999952316284,4036
2.92842698097229,4035
2.9317150115966797,4034
2.93516206741333,4033
2.9384570121765137,4032
2.9418978691101074,4031
2.945197105407715,4030
2.9486489295959473,4029
2.9519400596618652,4028
2.9553990364074707,4027
2.958693027496338,4026
2.962131977081299,4025
2.9654362201690674,4024
2.9688801765441895,4023
2.972175121307373,4022
2.975615978240967,4021
2.9789130687713623,4020
2.9823641777038574,4019
2.985651969909668,4018
2.989086866378784,4017
2.994621992111206,4016
2.997931957244873,4015
3.0013740062713623,4014
3.004667043685913,4013
3.0081169605255127,4012
3.0114009380340576,4011
3.0148379802703857,4010
3.018129825592041,4009
3.0215721130371094,4008
3.0248889923095703,4007
3.0283970832824707,4006
3.0317602157592773,4005
3.0352718830108643,4004
3.0386219024658203,4003
3.0421271324157715,4002
3.045466184616089,4001
3.048969030380249,4000
3.05233097076416,3999
3.0558881759643555,3998
3.059256076812744,3997
3.0627639293670654,3996
3.0661251544952393,3995
3.069643020629883,3994
3.0730092525482178,3993
3.0765249729156494,3992
3.0798819065093994,3991
3.083401918411255,3990
3.086760997772217,3989
3.090285062789917,3988
3.0936520099639893,3987
3.097175121307373,3986
3.100541830062866,3985
3.1040730476379395,3984
3.1074419021606445,3983
3.1109721660614014,3982
3.114321231842041,3981
3.117828130722046,3980
3.1212010383605957,3979
3.1247291564941406,3978
3.1280839443206787,3977
3.131580114364624,3976
3.134902000427246,3975
3.1383979320526123,3974
3.1417598724365234,3973
3.1452810764312744,3972
3.148622989654541,3971
3.1521410942077637,3970
3.1554770469665527,3969
3.1589879989624023,3968
3.162348985671997,3967
3.1658411026000977,3966
3.169191837310791,3965
3.172708034515381,3964
3.176068067550659,3963
3.1795780658721924,3962
3.1829440593719482,3961
3.1864700317382812,3960
3.1898229122161865,3959
3.1933438777923584,3958
3.196713924407959,3957
3.200230836868286,3956
3.203577995300293,3955
3.2070930004119873,3954
3.210463047027588,3953
3.2139499187469482,3952
3.2173471450805664,3951
3.2208681106567383,3950
3.2242300510406494,3949
3.2277469635009766,3948
3.2310869693756104,3947
3.234619140625,3946
3.2379770278930664,3945
3.2414798736572266,3944
3.2448160648345947,3943
3.2483272552490234,3942
3.2527570724487305,3941
3.2564752101898193,3940
3.259882926940918,3939
3.2634201049804688,3938
3.2667791843414307,3937
3.2703440189361572,3936
3.273754119873047,3935
3.277292013168335,3934
3.2806499004364014,3933
3.284166097640991,3932
3.2874958515167236,3931
3.290987968444824,3930
3.2943179607391357,3929
3.2978360652923584,3928
3.301168203353882,3927
3.304658889770508,3926
3.3079769611358643,3925
3.3114821910858154,3924
3.3148019313812256,3923
3.3183059692382812,3922
3.321657180786133,3921
3.3251750469207764,3920
3.3285019397735596,3919
3.3319950103759766,3918
3.335332155227661,3917
3.3388469219207764,3916
3.3421759605407715,3915
3.3456718921661377,3914
3.3490140438079834,3913
3.352513074874878,3912
3.355842113494873,3911
3.3593552112579346,3910
3.3626842498779297,3909
3.3661880493164062,3908
3.3695271015167236,3907
3.3730218410491943,3906
3.376343011856079,3905
3.37985897064209,3904
3.3831961154937744,3903
3.386691093444824,3902
3.3900279998779297,3901
3.3935329914093018,3900
3.3968288898468018,3899
3.4003279209136963,3898
3.4036641120910645,3897
3.4071691036224365,3896
3.4104859828948975,3895
3.413996934890747,3894
3.417329788208008,3893
3.4208450317382812,3892
3.42417311668396,3891
3.4276819229125977,3890
3.431014060974121,3889
3.4345099925994873,3888
3.4378302097320557,3887
3.4413490295410156,3886
3.4446918964385986,3885
3.44819712638855,3884
3.4515221118927,3883
3.4550130367279053,3882
3.4583559036254883,3881
3.4618749618530273,3880
3.465204954147339,3879
3.468703031539917,3878
3.472046136856079,3877
3.4755430221557617,3876
3.4788641929626465,3875
3.4823648929595947,3874
3.4857120513916016,3873
3.489262104034424,3872
3.492601156234741,3871
3.496098041534424,3870
3.499420166015625,3869
3.502929925918579,3868
3.5062708854675293,3867
3.5097670555114746,3866
3.5130929946899414,3865
3.5165839195251465,3864
3.519947052001953,3863
3.523468017578125,3862
3.526801109313965,3861
3.5302960872650146,3860
3.533614158630371,3859
3.5371198654174805,3858
3.5404558181762695,3857
3.543959140777588,3856
3.547292947769165,3855
3.5508038997650146,3854
3.554140090942383,3853
3.5576469898223877,3852
3.5609679222106934,3851
3.5644679069519043,3850
3.5678069591522217,3849
3.571310043334961,3848
3.5746259689331055,3847
3.5781171321868896,3846
3.581450939178467,3845
3.5849690437316895,3844
3.588296890258789,3843
3.591809034347534,3842
3.595139980316162,3841
3.5986340045928955,3840
3.601973056793213,3839
3.6054892539978027,3838
3.6088061332702637,3837
3.612299919128418,3836
3.615640163421631,3835
3.6191458702087402,3834
3.6224770545959473,3833
3.6259918212890625,3832
3.6293230056762695,3831
3.6328189373016357,3830
3.6361091136932373,3829
3.639636993408203,3828
3.6429901123046875,3827
3.6465039253234863,3826
3.6498351097106934,3825
3.653343915939331,3824
3.656683921813965,3823
3.6601898670196533,3822
3.6635189056396484,3821
3.667017936706543,3820
3.670351028442383,3819
3.6738638877868652,3818
3.6772029399871826,3817
3.680687189102173,3816
3.6840109825134277,3815
3.6875109672546387,3814
3.690840005874634,3813
3.6943399906158447,3812
3.6976771354675293,3811
3.701174020767212,3810
3.704525947570801,3809
3.7080390453338623,3808
3.711376190185547,3807
3.71488094329834,3806
3.7182059288024902,3805
3.7216789722442627,3804
3.7250208854675293,3803
3.7285728454589844,3802
3.7319071292877197,3801
3.7354018688201904,3800
3.7387421131134033,3799
3.7422451972961426,3798
3.7455649375915527,3797
3.7490739822387695,3796
3.752403974533081,3795
3.7559080123901367,3794
3.759229898452759,3793
3.7627341747283936,3792
3.766064167022705,3791
3.7695670127868652,3790
3.7728922367095947,3789
3.7764029502868652,3788
3.779715061187744,3787
3.783203125,3786
3.786525011062622,3785
3.7900190353393555,3784
3.793355941772461,3783
3.7968602180480957,3782
3.800183057785034,3781
3.80367112159729,3780
3.807004928588867,3779
3.810513973236084,3778
3.8138391971588135,3777
3.817350149154663,3776
3.8206899166107178,3775
3.824190855026245,3774
3.827515125274658,3773
3.831024169921875,3772
3.83435320854187,3771
3.837862968444824,3770
3.841197967529297,3769
3.8446919918060303,3768
3.8480420112609863,3767
3.8515498638153076,3766
3.854901075363159,3765
3.858422040939331,3764
3.861762046813965,3763
3.8652641773223877,3762
3.8685901165008545,3761
3.8721039295196533,3760
3.8754379749298096,3759
3.8789291381835938,3758
3.8822641372680664,3757
3.885761022567749,3756
3.889084815979004,3755
3.8926022052764893,3754
3.895940065383911,3753
3.8994290828704834,3752
3.9027650356292725,3751
3.906261920928955,3750
3.90958309173584,3749
3.9131009578704834,3748
3.916450023651123,3747
3.9199979305267334,3746
3.9233450889587402,3745
3.9268651008605957,3744
3.9302101135253906,3743
3.9336960315704346,3742
3.9370229244232178,3741
3.9405360221862793,3740
3.9438772201538086,3739
3.9473578929901123,3738
3.9506821632385254,3737
3.954206943511963,3736
3.9575510025024414,3735
3.961059093475342,3734
3.9643938541412354,3733
3.9678761959075928,3732
3.9744760990142822,3731
3.977776050567627,3730
3.9812421798706055,3729
3.9845528602600098,3728
3.9880530834198,3727
3.991758108139038,3726
3.995720863342285,3725
3.9993021488189697,3724
4.002919912338257,3723
4.006304979324341,3722
4.009832859039307,3721
4.013178110122681,3720
4.016718149185181,3719
4.020070791244507,3718
4.023579120635986,3717
4.026929140090942,3716
4.0304341316223145,3715
4.033764123916626,3714
4.037266969680786,3713
4.04061484336853,3712
4.044128894805908,3711
4.047463893890381,3710
4.0509679317474365,3709
4.054303884506226,3708
4.060319900512695,3707
4.063905954360962,3706
4.067493200302124,3705
4.071218013763428,3704
4.074582099914551,3703
4.078120946884155,3702
4.081480979919434,3701
4.0849950313568115,3700
4.0883519649505615,3699
4.091876029968262,3698
4.095189094543457,3697
4.09869909286499,3696
4.102029085159302,3695
4.105540037155151,3694
4.108851909637451,3693
4.112329006195068,3692
4.115640163421631,3691
4.119150161743164,3690
4.122488975524902,3689
4.126008033752441,3688
4.1293580532073975,3687
4.132843971252441,3686
4.136131048202515,3685
4.139672040939331,3684
4.143079996109009,3683
4.146598815917969,3682
4.149940013885498,3681
4.153444051742554,3680
4.15676212310791,3679
4.16026496887207,3678
4.163594961166382,3677
4.167104959487915,3676
4.170459032058716,3675
4.176978826522827,3674
4.182361125946045,3673
4.185868978500366,3672
4.193873167037964,3671
4.197394847869873,3670
4.200742244720459,3669
4.2069220542907715,3668
4.212975025177002,3667
4.216451168060303,3666
4.222076177597046,3665
4.228198051452637,3664
4.235047817230225,3663
4.238399028778076,3662
4.245260000228882,3661
4.2567219734191895,3660
4.260319948196411,3659
4.26376485824585,3658
4.270686864852905,3657
4.277006149291992,3656
4.283227205276489,3655
4.289456129074097,3654
4.295708179473877,3653
4.308188199996948,3652
4.312095880508423,3651
4.319803237915039,3650
4.323572874069214,3649
4.331048011779785,3648
4.3351149559021,3647
4.341383934020996,3646
4.351461172103882,3645
4.358311891555786,3644
4.362332820892334,3643
4.369891166687012,3642
4.373750925064087,3641
4.377704858779907,3640
4.381494045257568,3639
4.385400056838989,3638
4.391638994216919,3637
4.399036169052124,3636
4.411405086517334,3635
4.4151270389556885,3634
4.422483921051025,3633
4.426439046859741,3632
4.430190086364746,3631
4.44010591506958,3630
4.443912982940674,3629
4.447771072387695,3628
4.4604651927948,3627
4.466691970825195,3626
4.470524072647095,3625
4.480846166610718,3624
4.484615087509155,3623
4.488612174987793,3622
4.496097087860107,3621
4.50330114364624,3620
4.5102410316467285,3619
4.514000177383423,3618
4.517927885055542,3617
4.521805047988892,3616
4.528352975845337,3615
4.53458309173584,3614
4.5384910106658936,3613
4.542248010635376,3612
4.548342943191528,3611
4.552164077758789,3610
4.55849814414978,3609
4.562165975570679,3608
4.565973997116089,3607
4.569658041000366,3606
4.573501825332642,3605
4.5771660804748535,3604
4.58107590675354,3603
4.584655046463013,3602
4.588254928588867,3601
4.595049858093262,3600
4.598467111587524,3599
4.602047920227051,3598
4.605472087860107,3597
4.6118340492248535,3596
4.6154069900512695,3595
4.621153116226196,3594
4.62671685218811,3593
4.630131959915161,3592
4.6336989402771,3591
4.63985800743103,3590
4.643276929855347,3589
4.646844148635864,3588
4.650253057479858,3587
4.653840065002441,3586
4.657279968261719,3585
4.667702913284302,3584
4.6711530685424805,3583
4.674730062484741,3582
4.680753231048584,3581
4.684180974960327,3580
4.687761068344116,3579
4.694457054138184,3578
4.697884798049927,3577
4.701462984085083,3576
4.704884052276611,3575
4.70845103263855,3574
4.711902856826782,3573
4.715479135513306,3572
4.718899965286255,3571
4.722488164901733,3570
4.725912094116211,3569
4.729480028152466,3568
4.732913017272949,3567
4.736507177352905,3566
4.739933967590332,3565
4.7435150146484375,3564
4.746937036514282,3563
4.750508069992065,3562
4.753921985626221,3561
4.75767707824707,3560
4.768550872802734,3559
4.774673223495483,3558
4.781873941421509,3557
4.7878899574279785,3556
4.79633092880249,3555
4.799898147583008,3554
4.803364992141724,3553
4.810365915298462,3552
4.8139379024505615,3551
4.817396879196167,3550
4.82096004486084,3549
4.824412107467651,3548
4.830365896224976,3547
4.833930969238281,3546
4.840060234069824,3545
4.846184015274048,3544
4.849642038345337,3543
4.853207111358643,3542
4.859821081161499,3541
4.863281965255737,3540
4.866843223571777,3539
4.870292901992798,3538
4.873853921890259,3537
4.877321004867554,3536
4.880904912948608,3535
4.884358167648315,3534
4.890012979507446,3533
4.897680044174194,3532
4.901109933853149,3531
4.904664039611816,3530
4.908124923706055,3529
4.911670923233032,3528
4.91513204574585,3527
4.918700933456421,3526
4.922161817550659,3525
4.92571496963501,3524
4.929157018661499,3523
4.932709217071533,3522
4.936161994934082,3521
4.939768075942993,3520
4.943235158920288,3519
4.946805000305176,3518
4.950269937515259,3517
4.953851222991943,3516
4.960071802139282,3515
4.963531017303467,3514
4.9700798988342285,3513
4.973628997802734,3512
4.9770731925964355,3511
4.980647802352905,3510
4.984113931655884,3509
4.9876790046691895,3508
4.991147041320801,3507
4.994726181030273,3506
4.9981770515441895,3505
5.001723051071167,3504
5.008018970489502,3503
5.011476993560791,3502
5.015045166015625,3501
5.021526098251343,3500
5.024977922439575,3499
5.028544902801514,3498
5.032010078430176,3497
5.035579204559326,3496
5.0423102378845215,3495
5.045799970626831,3494
5.049365043640137,3493
5.052824020385742,3492
5.056382894515991,3491
5.0598461627960205,3490
5.069386959075928,3489
5.0728418827056885,3488
5.076395034790039,3487
5.0798420906066895,3486
5.083431005477905,3485
5.086887836456299,3484
5.090440988540649,3483
5.093883037567139,3482
5.097496032714844,3481
5.100976228713989,3480
5.104552984237671,3479
5.1102588176727295,3478
5.113721132278442,3477
5.1172778606414795,3476
5.1207311153411865,3475
5.127516984939575,3474
5.133488178253174,3473
5.1370530128479,3472
5.140528202056885,3471
5.1441028118133545,3470
5.147576093673706,3469
5.151144027709961,3468
5.15460991859436,3467
5.158182144165039,3466
5.161632061004639,3465
5.165198087692261,3464
5.168655157089233,3463
5.179717063903809,3462
5.183289051055908,3461
5.186735153198242,3460
5.190302848815918,3459
5.193753004074097,3458
5.197304964065552,3457
5.2036049365997314,3456
5.207073926925659,3455
5.213676929473877,3454
5.217229127883911,3453
5.220690965652466,3452
5.227527141571045,3451
5.231092929840088,3450
5.24009895324707,3449
5.243750095367432,3448
5.247398853302002,3447
5.251280069351196,3446
5.254886865615845,3445
5.260558128356934,3444
5.267599105834961,3443
5.271168947219849,3442
5.274630069732666,3441
5.2781970500946045,3440
5.2864179611206055,3439
5.289974927902222,3438
5.293437957763672,3437
5.2970099449157715,3436
5.300474166870117,3435
5.304038047790527,3434
5.3074870109558105,3433
5.312921047210693,3432
5.316528081893921,3431
5.320012092590332,3430
5.323580980300903,3429
5.3270440101623535,3428
5.330621957778931,3427
5.334076881408691,3426
5.337632894515991,3425
5.341092109680176,3424
5.344664096832275,3423
5.348128080368042,3422
5.351684093475342,3421
5.358473062515259,3420
5.361937999725342,3419
5.365494966506958,3418
5.368968963623047,3417
5.37471604347229,3416
5.380737066268921,3415
5.384299039840698,3414
5.387770175933838,3413
5.409436225891113,3412
5.4151060581207275,3411
5.418544054031372,3410
5.422114133834839,3409
5.4255530834198,3408
5.429152011871338,3407
5.4325950145721436,3406
5.436187028884888,3405
5.43963098526001,3404
5.443222999572754,3403
5.446641206741333,3402
5.452775955200195,3401
5.45636510848999,3400
5.4597859382629395,3399
5.463367938995361,3398
5.470077991485596,3397
5.4735119342803955,3396
5.483988046646118,3395
5.487612247467041,3394
5.49127197265625,3393
5.4978859424591064,3392
5.501299858093262,3391
5.504925012588501,3390
5.510737180709839,3389
5.517155170440674,3388
5.520780086517334,3387
5.524523019790649,3386
5.527953863143921,3385
5.531538963317871,3384
5.538216829299927,3383
5.541640996932983,3382
5.547168970108032,3381
5.5507519245147705,3380
5.554161071777344,3379
5.557759046554565,3378
5.561180114746094,3377
5.564774990081787,3376
5.570240020751953,3375
5.576601982116699,3374
5.585693836212158,3373
5.589291095733643,3372
5.592709064483643,3371
5.596266031265259,3370
5.599607944488525,3369
5.60317587852478,3368
5.606524229049683,3367
5.614315986633301,3366
5.617659091949463,3365
5.622971057891846,3364
5.626477956771851,3363
5.635707139968872,3362
5.63919997215271,3361
5.642553091049194,3360
5.646076202392578,3359
5.654829025268555,3358
5.658363103866577,3357
5.6617279052734375,3356
5.671554088592529,3355
5.674877882003784,3354
5.678361177444458,3353
5.681694984436035,3352
5.6851630210876465,3351
5.688477993011475,3350
5.691961050033569,3349
5.695292234420776,3348
5.698767185211182,3347
5.704400062561035,3346
5.710026979446411,3345
5.713359117507935,3344
5.716838121414185,3343
5.7221410274505615,3342
5.7254650592803955,3341
5.728949069976807,3340
5.734448194503784,3339
5.740326166152954,3338
5.743649959564209,3337
5.747128009796143,3336
5.750460863113403,3335
5.753937244415283,3334
5.759704113006592,3333
5.769037961959839,3332
5.772724866867065,3331
5.77930212020874,3330
5.782829999923706,3329
5.789629936218262,3328
5.796241044998169,3327
5.801820993423462,3326
5.805484056472778,3325
5.811259031295776,3324
5.8149659633636475,3323
5.821217060089111,3322
5.824946880340576,3321
5.828588962554932,3320
5.838538885116577,3319
5.846863031387329,3318
5.850345849990845,3317
5.855762004852295,3316
5.8590991497039795,3315
5.864835977554321,3314
5.871676206588745,3313
5.8752710819244385,3312
5.8786301612854,3311
5.882185935974121,3310
5.885510206222534,3309
5.889046907424927,3308
5.895211935043335,3307
5.908308029174805,3306
5.9143290519714355,3305
5.92297101020813,3304
5.926290988922119,3303
5.932995080947876,3302
5.93652606010437,3301
5.939848899841309,3300
5.943372011184692,3299
5.948812007904053,3298
5.952135801315308,3297
5.962548017501831,3296
5.966069936752319,3295
5.974293947219849,3294
5.9827189445495605,3293
5.98603892326355,3292
6.00324821472168,3291
6.006757020950317,3290
6.012178897857666,3289
6.018331050872803,3288
6.02444314956665,3287
6.032222032546997,3286
6.042129039764404,3285
6.050709009170532,3284
6.0542378425598145,3283
6.060467004776001,3282
6.063789129257202,3281
6.06731390953064,3280
6.07062292098999,3279
6.074146032333374,3278
6.077462911605835,3277
6.080985069274902,3276
6.084300994873047,3275
6.0923240184783936,3274
6.12559700012207,3273
6.13208794593811,3272
6.140290021896362,3271
6.143970966339111,3270
6.150153875350952,3269
6.153640985488892,3268
6.16008186340332,3267
6.171551942825317,3266
6.178369045257568,3265
6.182011127471924,3264
6.1854588985443115,3263
6.19153618812561,3262
6.206093072891235,3261
6.20951509475708,3260
6.21573805809021,3259
6.2211902141571045,3258
6.227257013320923,3257
6.2309229373931885,3256
6.236784219741821,3255
6.240391254425049,3254
6.244189977645874,3253
6.247814178466797,3252
6.274327993392944,3251
6.278032064437866,3250
6.283784866333008,3249
6.287606954574585,3248
6.29121994972229,3247
6.2976062297821045,3246
6.301554918289185,3245
6.309872150421143,3244
6.313744068145752,3243
6.320604085922241,3242
6.329906940460205,3241
6.336729049682617,3240
6.340527057647705,3239
6.34435510635376,3238
6.350214242935181,3237
6.3646368980407715,3236
6.370300054550171,3235
6.373673915863037,3234
6.377200126647949,3233
6.383288145065308,3232
6.394737243652344,3231
6.398108243942261,3230
6.418209075927734,3229
6.421580076217651,3228
6.429951906204224,3227
6.435527801513672,3226
6.441286087036133,3225
6.444643974304199,3224
6.450876951217651,3223
6.454351186752319,3222
6.457708120346069,3221
6.461197137832642,3220
6.470245122909546,3219
6.473886966705322,3218
6.477303981781006,3217
6.482785940170288,3216
6.486266136169434,3215
6.4896440505981445,3214
6.498914003372192,3213
6.502279996871948,3212
6.5076470375061035,3211
6.511146068572998,3210
6.514492034912109,3209
6.521260976791382,3208
6.526575088500977,3207
6.530065059661865,3206
6.533437013626099,3205
6.5397629737854,3204
6.5432679653167725,3203
6.5466392040252686,3202
6.5502259731292725,3201
6.553772926330566,3200
6.5573601722717285,3199
6.560774087905884,3198
6.564272165298462,3197
6.569911003112793,3196
6.578470945358276,3195
6.581980228424072,3194
6.585351943969727,3193
6.5888471603393555,3192
6.595430135726929,3191
6.598804950714111,3190
6.602293968200684,3189
6.605664014816284,3188
6.618715047836304,3187
6.622082948684692,3186
6.625559091567993,3185
6.62892484664917,3184
6.632412910461426,3183
6.646949052810669,3182
6.652728080749512,3181
6.663142919540405,3180
6.669617176055908,3179
6.673107862472534,3178
6.67648720741272,3177
6.680004119873047,3176
6.683399200439453,3175
6.686881065368652,3174
6.698824882507324,3173
6.70230507850647,3172
6.70579981803894,3171
6.7115631103515625,3170
6.716881990432739,3169
6.720240116119385,3168
6.727081060409546,3167
6.730561971664429,3166
6.733924150466919,3165
6.737414121627808,3164
6.740784168243408,3163
6.744266033172607,3162
6.747621059417725,3161
6.754292964935303,3160
6.760607004165649,3159
6.764374017715454,3158
6.772906064987183,3157
6.778979063034058,3156
6.7827699184417725,3155
6.791578054428101,3154
6.795162200927734,3153
6.798521041870117,3152
6.802022218704224,3151
6.805391073226929,3150
6.808893918991089,3149
6.812241792678833,3148
6.820588111877441,3147
6.8239359855651855,3146
6.830780029296875,3145
6.834275960922241,3144
6.837632894515991,3143
6.84113883972168,3142
6.844497203826904,3141
6.847991943359375,3140
6.856824159622192,3139
6.860324144363403,3138
6.866163969039917,3137
6.874511003494263,3136
6.878018140792847,3135
6.883451223373413,3134
6.8890061378479,3133
6.892351865768433,3132
6.895849943161011,3131
6.899224042892456,3130
6.9027321338653564,3129
6.906100034713745,3128
6.9119789600372314,3127
6.915588140487671,3126
6.9189229011535645,3125
6.929832935333252,3124
6.933382034301758,3123
6.936705112457275,3122
6.944936990737915,3121
6.94823694229126,3120
6.954214096069336,3119
6.957755088806152,3118
6.967034101486206,3117
6.970564126968384,3116
6.985352993011475,3115
6.991600036621094,3114
6.995132923126221,3113
6.9984450340271,3112
7.001964092254639,3111
7.013617992401123,3110
7.016923189163208,3109
7.024200916290283,3108
7.027502059936523,3107
7.032819986343384,3106
7.036341905593872,3105
7.039646863937378,3104
7.045560121536255,3103
7.049091100692749,3102
7.054497003555298,3101
7.059845209121704,3100
7.063164949417114,3099
7.0738348960876465,3098
7.0843119621276855,3097
7.090993881225586,3096
7.094527006149292,3095
7.097839117050171,3094
7.10393500328064,3093
7.110666990280151,3092
7.114207029342651,3091
7.117527961730957,3090
7.1210410594940186,3089
7.124319076538086,3088
7.127829074859619,3087
7.131117105484009,3086
7.137512922286987,3085
7.144007205963135,3084
7.1476850509643555,3083
7.151071071624756,3082
7.1545798778533936,3081
7.157933950424194,3080
7.16380500793457,3079
7.172595024108887,3078
7.1759350299835205,3077
7.182254076004028,3076
7.1857500076293945,3075
7.189072132110596,3074
7.197344064712524,3073
7.200645208358765,3072
7.2073750495910645,3071
7.210842132568359,3070
7.214143991470337,3069
7.217628240585327,3068
7.220941066741943,3067
7.2244110107421875,3066
7.227694988250732,3065
7.23117208480835,3064
7.241058111190796,3063
7.244348049163818,3062
7.247812986373901,3061
7.251122951507568,3060
7.256411075592041,3059
7.259895086288452,3058
7.266554117202759,3057
7.272401809692383,3056
7.275708198547363,3055
7.279191970825195,3054
7.282505989074707,3053
7.285975933074951,3052
7.289287805557251,3051
7.292770147323608,3050
7.30338191986084,3049
7.306694030761719,3048
7.312751054763794,3047
7.318598031997681,3046
7.322099924087524,3045
7.325412034988403,3044
7.330919981002808,3043
7.3365349769592285,3042
7.340017795562744,3041
7.350788116455078,3040
7.354101896286011,3039
7.357574224472046,3038
7.36087703704834,3037
7.370316982269287,3036
7.3766069412231445,3035
7.382012128829956,3034
7.385329246520996,3033
7.391100168228149,3032
7.3945839405059814,3031
7.397902011871338,3030
7.401392221450806,3029
7.404719114303589,3028
7.4081971645355225,3027
7.411499977111816,3026
7.414973974227905,3025
7.41827392578125,3024
7.4217588901519775,3023
7.446588039398193,3022
7.449905157089233,3021
7.453402042388916,3020
7.4567179679870605,3019
7.4650280475616455,3018
7.471282958984375,3017
7.477307081222534,3016
7.48061203956604,3015
7.484081983566284,3014
7.493813991546631,3013
7.49726414680481,3012
7.500550031661987,3011
7.504038095474243,3010
7.507352113723755,3009
7.510806083679199,3008
7.514108180999756,3007
7.517606973648071,3006
7.521137237548828,3005
7.524646997451782,3004
7.533478021621704,3003
7.536975145339966,3002
7.540353059768677,3001
7.546602010726929,3000
7.550108194351196,2999
7.553485155105591,2998
7.556986093521118,2997
7.562775135040283,2996
7.566150188446045,2995
7.569638967514038,2994
7.573007106781006,2993
7.578299045562744,2992
7.581787109375,2991
7.5851709842681885,2990
7.591876029968262,2989
7.597672939300537,2988
7.606332063674927,2987
7.609709978103638,2986
7.61531400680542,2985
7.618803977966309,2984
7.622167110443115,2983
7.6256420612335205,2982
7.633715867996216,2981
7.639801979064941,2980
7.643290042877197,2979
7.646667957305908,2978
7.650161981582642,2977
7.6556689739227295,2976
7.6590540409088135,2975
7.6625330448150635,2974
7.665891170501709,2973
7.669388055801392,2972
7.672808885574341,2971
7.676401853561401,2970
7.683166027069092,2969
7.686538934707642,2968
7.6900389194488525,2967
7.693413019180298,2966
7.696882009506226,2965
7.700248956680298,2964
7.703733921051025,2963
7.707096099853516,2962
7.710578918457031,2961
7.713927268981934,2960
7.717414140701294,2959
7.720785856246948,2958
7.726773977279663,2957
7.730252981185913,2956
7.733620882034302,2955
7.73711895942688,2954
7.7405030727386475,2953
7.743983030319214,2952
7.747349977493286,2951
7.752686977386475,2950
7.761129856109619,2949
7.7674219608306885,2948
7.770824909210205,2947
7.774343967437744,2946
7.777719974517822,2945
7.781208038330078,2944
7.784593105316162,2943
7.788084030151367,2942
7.791446924209595,2941
7.7949440479278564,2940
7.798321962356567,2939
7.80425500869751,2938
7.807745933532715,2937
7.817008018493652,2936
7.820484161376953,2935
7.826244115829468,2934
7.843186855316162,2933
7.855020046234131,2932
7.858377933502197,2931
7.861851215362549,2930
7.865208148956299,2929
7.8706300258636475,2928
7.874104022979736,2927
7.877458810806274,2926
7.882774114608765,2925
7.886246919631958,2924
7.889607906341553,2923
7.895153999328613,2922
7.898629188537598,2921
7.902007102966309,2920
7.908240079879761,2919
7.911738157272339,2918
7.919857978820801,2917
7.923324823379517,2916
7.926691055297852,2915
7.9360740184783936,2914
7.939518928527832,2913
7.9453208446502686,2912
7.951676845550537,2911
7.957219123840332,2910
7.960705995559692,2909
7.9668660163879395,2908
7.970238924026489,2907
7.97369122505188,2906
7.977021932601929,2905
7.980504035949707,2904
7.9911699295043945,2903
7.994549989700317,2902
7.998010158538818,2901
8.004484176635742,2900
8.007853984832764,2899
8.011337041854858,2898
8.01956295967102,2897
8.023045063018799,2896
8.029469966888428,2895
8.032837152481079,2894
8.050140142440796,2893
8.053503036499023,2892
8.056968927383423,2891
8.060315132141113,2890
8.067074060440063,2889
8.070560932159424,2888
8.073923110961914,2887
8.077413082122803,2886
8.08079195022583,2885
8.084293127059937,2884
8.093299865722656,2883
8.096817016601562,2882
8.100207090377808,2881
8.106510162353516,2880
8.118053197860718,2879
8.121551036834717,2878
8.12492322921753,2877
8.130923986434937,2876
8.13437795639038,2875
8.139938116073608,2874
8.1475350856781,2873
8.16250491142273,2872
8.169332027435303,2871
8.172710180282593,2870
8.178353786468506,2869
8.195247173309326,2868
8.200799942016602,2867
8.204378128051758,2866
8.207742929458618,2865
8.211227178573608,2864
8.21459698677063,2863
8.21807312965393,2862
8.221438884735107,2861
8.224922180175781,2860
8.228293180465698,2859
8.23176908493042,2858
8.235157012939453,2857
8.241256952285767,2856
8.244735956192017,2855
8.2481050491333,2854
8.251588106155396,2853
8.254959106445312,2852
8.260356187820435,2851
8.263846158981323,2850
8.269883155822754,2849
8.273251056671143,2848
8.27921199798584,2847
8.28270411491394,2846
8.286082983016968,2845
8.291698932647705,2844
8.295164823532104,2843
8.298521041870117,2842
8.302006959915161,2841
8.305369138717651,2840
8.308837175369263,2839
8.312189817428589,2838
8.315674066543579,2837
8.319046020507812,2836
8.322525024414062,2835
8.325907945632935,2834
8.32939100265503,2833
8.332746028900146,2832
8.336241245269775,2831
8.339611053466797,2830
8.345692873001099,2829
8.349187135696411,2828
8.35256290435791,2827
8.356044054031372,2826
8.359415054321289,2825
8.367778062820435,2824
8.371153116226196,2823
8.374641180038452,2822
8.380205154418945,2821
8.383580923080444,2820
8.387058019638062,2819
8.392476081848145,2818
8.395838975906372,2817
8.399318933486938,2816
8.402681112289429,2815
8.406169176101685,2814
8.41451120376587,2813
8.417985916137695,2812
8.421334981918335,2811
8.424810886383057,2810
8.428187131881714,2809
8.431673049926758,2808
8.436974048614502,2807
8.440356016159058,2806
8.44385313987732,2805
8.44724702835083,2804
8.450842142105103,2803
8.454215049743652,2802
8.459933996200562,2801
8.46341609954834,2800
8.46678614616394,2799
8.4702730178833,2798
8.473630905151367,2797
8.477122068405151,2796
8.483676195144653,2795
8.487037897109985,2794
8.498062133789062,2793
8.501575231552124,2792
8.504955053329468,2791
8.50845217704773,2790
8.513824939727783,2789
8.517176151275635,2788
8.523704051971436,2787
8.530193090438843,2786
8.533692121505737,2785
8.537086963653564,2784
8.540594816207886,2783
8.55243706703186,2782
8.55580997467041,2781
8.562530040740967,2780
8.566018104553223,2779
8.575527906417847,2778
8.578999042510986,2777
8.585265159606934,2776
8.591263055801392,2775
8.59464693069458,2774
8.59813404083252,2773
8.60149598121643,2772
8.604956865310669,2771
8.610275030136108,2770
8.61362886428833,2769
8.617084980010986,2768
8.620453119277954,2767
8.623960018157959,2766
8.627377033233643,2765
8.641785144805908,2764
8.64846682548523,2763
8.654134035110474,2762
8.657518148422241,2761
8.663222074508667,2760
8.668937921524048,2759
8.677724838256836,2758
8.6810941696167,2757
8.687964916229248,2756
8.694036960601807,2755
8.69753384590149,2754
8.709038019180298,2753
8.712417125701904,2752
8.715943813323975,2751
8.719334125518799,2750
8.722836017608643,2749
8.726229906082153,2748
8.729827165603638,2747
8.735334157943726,2746
8.73869514465332,2745
8.742181062698364,2744
8.745530128479004,2743
8.752226114273071,2742
8.755747079849243,2741
8.759117126464844,2740
8.76265001296997,2739
8.776478052139282,2738
8.780009984970093,2737
8.783397197723389,2736
8.788969993591309,2735
8.79249882698059,2734
8.795889854431152,2733
8.801620960235596,2732
8.805135011672974,2731
8.810608148574829,2730
8.813968181610107,2729
8.817441940307617,2728
8.820767879486084,2727
8.824247121810913,2726
8.827651977539062,2725
8.831188917160034,2724
8.834569931030273,2723
8.840739965438843,2722
8.844273805618286,2721
8.847656965255737,2720
8.851185083389282,2719
8.854573011398315,2718
8.858208894729614,2717
8.861605167388916,2716
8.865267038345337,2715
8.868638038635254,2714
8.872215986251831,2713
8.87558102607727,2712
8.881186962127686,2711
8.884740114212036,2710
8.88808798789978,2709
8.891666889190674,2708
8.897544860839844,2707
8.904070138931274,2706
8.90741491317749,2705
8.910964965820312,2704
8.914298057556152,2703
8.91784119606018,2702
8.921167135238647,2701
8.92765498161316,2700
8.93118691444397,2699
8.934509992599487,2698
8.938066005706787,2697
8.941383838653564,2696
8.944912195205688,2695
8.963836908340454,2694
8.970571041107178,2693
8.981688976287842,2692
8.985229015350342,2691
8.988537073135376,2690
8.993943929672241,2689
9.00240683555603,2688
9.005696058273315,2687
9.009210109710693,2686
9.012531995773315,2685
9.018808126449585,2684
9.025553941726685,2683
9.029067993164062,2682
9.03239107131958,2681
9.043586015701294,2680
9.051769018173218,2679
9.055091857910156,2678
9.064388036727905,2677
9.073446989059448,2676
9.076979875564575,2675
9.08029317855835,2674
9.083821058273315,2673
9.087130069732666,2672
9.090646028518677,2671
9.097378969192505,2670
9.10617709159851,2669
9.112207174301147,2668
9.115746021270752,2667
9.125115156173706,2666
9.13117003440857,2665
9.137192010879517,2664
9.140766859054565,2663
9.144053936004639,2662
9.147576093673706,2661
9.155941009521484,2660
9.159511089324951,2659
9.182590007781982,2658
9.196473121643066,2657
9.20294713973999,2656
9.20951795578003,2655
9.221083164215088,2654
9.232547998428345,2653
9.236083984375,2652
9.239388942718506,2651
9.24291205406189,2650
9.248280048370361,2649
9.251585960388184,2648
9.257209062576294,2647
9.26073694229126,2646
9.2640540599823,2645
9.267575025558472,2644
9.275153875350952,2643
9.280878067016602,2642
9.284423828125,2641
9.290764093399048,2640
9.30128788948059,2639
9.304612159729004,2638
9.310869932174683,2637
9.320871829986572,2636
9.324198961257935,2635
9.333808183670044,2634
9.337116956710815,2633
9.340636968612671,2632
9.343942165374756,2631
9.347477912902832,2630
9.353034973144531,2629
9.361883163452148,2628
9.365414142608643,2627
9.390072107315063,2626
9.398077964782715,2625
9.403598070144653,2624
9.40691089630127,2623
9.412379026412964,2622
9.41589903831482,2621
9.419217824935913,2620
9.422765970230103,2619
9.426090955734253,2618
9.431839942932129,2617
9.438194990158081,2616
9.443747997283936,2615
9.474828958511353,2614
9.510816097259521,2613
9.514132976531982,2612
9.521944999694824,2611
9.533833026885986,2610
9.542083024978638,2609
9.562551021575928,2608
9.5725679397583,2607
9.589477062225342,2606
9.602025985717773,2605
9.605350017547607,2604
9.61653184890747,2603
9.631136894226074,2602
9.641803979873657,2601
9.65160608291626,2600
9.654929876327515,2599
9.668513059616089,2598
9.678473949432373,2597
9.681799173355103,2596
9.685343980789185,2595
9.712220191955566,2594
9.749233961105347,2593
9.785871028900146,2592
9.792048215866089,2591
9.795346021652222,2590
9.804850816726685,2589
9.80840015411377,2588
9.811719179153442,2587
9.815242052078247,2586
9.827797889709473,2585
9.834261894226074,2584
9.848748922348022,2583
9.852295875549316,2582
9.858269929885864,2581
9.861595153808594,2580
9.865134000778198,2579
9.87420105934143,2578
9.887796878814697,2577
9.894847869873047,2576
9.907410860061646,2575
9.914145946502686,2574
9.917556047439575,2573
9.932033061981201,2572
9.944465160369873,2571
9.949783086776733,2570
9.9581618309021,2569
9.961472034454346,2568
9.967770099639893,2567
9.971281051635742,2566
9.987003087997437,2565
9.99052095413208,2564
9.994441032409668,2563
10.004189014434814,2562
10.010699033737183,2561
10.026201009750366,2560
10.032778978347778,2559
10.036628007888794,2558
10.043523073196411,2557
10.051931142807007,2556
10.059101819992065,2555
10.06282901763916,2554
10.074641227722168,2553
10.0816969871521,2552
10.085244178771973,2551
10.09413194656372,2550
10.097689151763916,2549
10.101379156112671,2548
10.1076819896698,2547
10.128714084625244,2546
10.149044036865234,2545
10.162798166275024,2544
10.168967247009277,2543
10.175441980361938,2542
10.17879605293274,2541
10.184128999710083,2540
10.19183897972107,2539
10.203683137893677,2538
10.207066059112549,2537
10.210527896881104,2536
10.218541145324707,2535
10.22398591041565,2534
10.23012924194336,2533
10.248654127120972,2532
10.254921913146973,2531
10.258323907852173,2530
10.261884212493896,2529
10.267734050750732,2528
10.274122953414917,2527
10.280367136001587,2526
10.284028053283691,2525
10.311976909637451,2524
10.332937002182007,2523
10.342574119567871,2522
10.346161127090454,2521
10.354449033737183,2520
10.357832908630371,2519
10.366293907165527,2518
10.373056888580322,2517
10.387111902236938,2516
10.39046597480774,2515
10.408833980560303,2514
10.43415904045105,2513
10.440060138702393,2512
10.447780132293701,2511
10.456122159957886,2510
10.484809875488281,2509
10.502027988433838,2508
10.530969142913818,2507
10.534580945968628,2506
10.54708194732666,2505
10.556450128555298,2504
10.57450008392334,2503
10.600942134857178,2502
10.629090070724487,2501
10.635142087936401,2500
10.656173944473267,2499
10.67629098892212,2498
10.679872035980225,2497
10.683275938034058,2496
10.686885118484497,2495
10.701160907745361,2494
10.704778909683228,2493
10.714814901351929,2492
10.72333312034607,2491
10.736341953277588,2490
10.747547149658203,2489
10.759605884552002,2488
10.778309106826782,2487
10.801073789596558,2486
10.80918025970459,2485
10.817585229873657,2484
10.826355934143066,2483
10.841186046600342,2482
10.844757080078125,2481
10.848205089569092,2480
10.851781129837036,2479
10.855221033096313,2478
10.863761901855469,2477
10.86722207069397,2476
10.870787143707275,2475
10.88984489440918,2474
10.907163143157959,2473
10.910727262496948,2472
10.914201021194458,2471
10.917788982391357,2470
10.923977851867676,2469
10.927412986755371,2468
10.937726974487305,2467
10.943691968917847,2466
10.947262048721313,2465
10.956655025482178,2464
10.96220588684082,2463
10.969199180603027,2462
10.975619077682495,2461
10.985618829727173,2460
10.992026090621948,2459
10.995585918426514,2458
11.007318019866943,2457
11.010775089263916,2456
11.014348983764648,2455
11.017807006835938,2454
11.027685165405273,2453
11.057489156723022,2452
11.071805000305176,2451
11.101141929626465,2450
11.112493991851807,2449
11.11595106124878,2448
11.156814098358154,2447
11.16898512840271,2446
11.211586952209473,2445
11.2253098487854,2444
11.228884935379028,2443
11.24731993675232,2442
11.256365060806274,2441
11.267793893814087,2440
11.271569967269897,2439
11.275007009506226,2438
11.27864694595337,2437
11.284769058227539,2436
11.290746212005615,2435
11.294143915176392,2434
11.297780990600586,2433
11.310521125793457,2432
11.322324991226196,2431
11.343662023544312,2430
11.347288131713867,2429
11.35068416595459,2428
11.359825134277344,2427
11.363221883773804,2426
11.369884252548218,2425
11.378162860870361,2424
11.389353036880493,2423
11.394936084747314,2422
11.401649951934814,2421
11.405073881149292,2420
11.432231903076172,2419
11.441709041595459,2418
11.445340871810913,2417
11.453025102615356,2416
11.456657886505127,2415
11.460066080093384,2414
11.510983943939209,2413
11.514622926712036,2412
11.518033981323242,2411
11.538326978683472,2410
11.541935205459595,2409
11.547761917114258,2408
11.591017961502075,2407
11.627088069915771,2406
11.664029836654663,2405
11.670023202896118,2404
11.678611993789673,2403
11.682027101516724,2402
11.697118043899536,2401
11.703163146972656,2400
11.720732927322388,2399
11.751800060272217,2398
11.76368498802185,2397
11.786696910858154,2396
11.80099606513977,2395
11.804317951202393,2394
11.825278997421265,2393
11.84516191482544,2392
11.84848403930664,2391
11.854599952697754,2390
11.85814094543457,2389
11.863584041595459,2388
11.875878095626831,2387
11.892551183700562,2386
11.91679310798645,2385
11.927021980285645,2384
11.930546998977661,2383
11.937318086624146,2382
11.940629005432129,2381
11.96364688873291,2380
11.974369049072266,2379
11.977694034576416,2378
11.981222867965698,2377
11.986536026000977,2376
11.994132041931152,2375
12.009169101715088,2374
12.02314019203186,2373
12.029319047927856,2372
12.056624174118042,2371
12.060305118560791,2370
12.068373918533325,2369
12.081295013427734,2368
12.08736801147461,2367
12.115041017532349,2366
12.133610010147095,2365
12.143165826797485,2364
12.146864175796509,2363
12.171673059463501,2362
12.196283102035522,2361
12.202785015106201,2360
12.229614973068237,2359
12.235306024551392,2358
12.242156028747559,2357
12.25361704826355,2356
12.287014245986938,2355
12.290585041046143,2354
12.299610137939453,2353
12.335334062576294,2352
12.345254182815552,2351
12.367347002029419,2350
12.370896100997925,2349
12.387403011322021,2348
12.415317058563232,2347
12.427834033966064,2346
12.436012983322144,2345
12.466653823852539,2344
12.472089052200317,2343
12.499621152877808,2342
12.59403395652771,2341
12.605713129043579,2340
12.635724067687988,2339
12.653908014297485,2338
12.708881139755249,2337
12.763288974761963,2336
12.838697910308838,2335
12.856995105743408,2334
12.86259412765503,2333
12.880001068115234,2332
12.893857955932617,2331
12.897253036499023,2330
12.914247035980225,2329
12.935716152191162,2328
12.98479700088501,2327
12.988188982009888,2326
13.027563095092773,2325
13.039127111434937,2324
13.075490951538086,2323
13.174561023712158,2322
13.194108247756958,2321
13.211196184158325,2320
13.217025995254517,2319
13.226269960403442,2318
13.236654996871948,2317
13.248964071273804,2316
13.265221118927002,2315
13.368757963180542,2314
13.389270067214966,2313
13.508440017700195,2312
13.524088144302368,2311
13.703420877456665,2310
13.715250015258789,2309
13.737648010253906,2308
13.785027027130127,2307
13.842669010162354,2306
13.873180866241455,2305
13.898631811141968,2304
14.0210599899292,2303
14.024555921554565,2302
14.085040092468262,2301
14.1150541305542,2300
14.2259042263031,2299
14.250745058059692,2298
14.256688117980957,2297
14.26640796661377,2296
14.271857023239136,2295
14.456887006759644,2294
14.528095960617065,2293
14.625959873199463,2292
14.656412839889526,2291
