0.0,65940
20.61881995201111,3031
20.620209217071533,3030
20.62074303627014,3029
20.624990224838257,3028
20.625118255615234,3027
20.62522006034851,3026
20.627599000930786,3025
20.627772092819214,3024
20.628282070159912,3023
20.628637075424194,3022
20.628839254379272,3021
20.629290103912354,3020
20.62950897216797,3019
20.62959909439087,3018
20.62976908683777,3017
20.637432098388672,3016
20.66027522087097,3015
20.660337209701538,3014
20.66330313682556,3013
20.663726091384888,3012
20.663827180862427,3011
20.663878202438354,3010
20.670284032821655,3009
20.67054510116577,3008
20.672070026397705,3007
20.67278504371643,3006
20.674211978912354,3005
20.67566204071045,3004
20.675714015960693,3003
20.67583990097046,3002
20.676012992858887,3001
20.67639708518982,3000
20.676753044128418,2999
20.676841259002686,2998
20.677051067352295,2997
20.677139282226562,2996
20.677873134613037,2995
20.68384099006653,2994
20.684911012649536,2993
20.687746047973633,2992
20.68779993057251,2991
20.687901258468628,2990
20.688213109970093,2989
20.68851923942566,2988
20.688655138015747,2987
20.68870496749878,2986
20.69041395187378,2985
20.690614938735962,2984
20.6909601688385,2983
20.69120717048645,2982
20.693301916122437,2981
20.69359302520752,2980
20.698955059051514,2979
20.699124097824097,2978
20.699411153793335,2977
20.69950008392334,2976
20.700029134750366,2975
20.70008420944214,2974
20.700255155563354,2973
20.70031499862671,2972
20.712158203125,2971
20.712220191955566,2970
20.712476015090942,2969
20.712526082992554,2968
20.715689182281494,2967
20.716495990753174,2966
20.71731400489807,2965
20.717483043670654,2964
20.718228101730347,2963
20.718319177627563,2962
20.71880793571472,2961
20.71911597251892,2960
20.720983028411865,2959
20.721220016479492,2958
20.72157621383667,2957
20.72162914276123,2956
20.722161054611206,2955
20.72996211051941,2954
20.730144023895264,2953
20.730273962020874,2952
20.73048210144043,2951
20.730719089508057,2950
20.73755407333374,2949
20.74410629272461,2948
20.746153116226196,2947
20.74643301963806,2946
20.74766707420349,2945
20.749083042144775,2944
20.74928092956543,2943
20.74945616722107,2942
20.7500159740448,2941
20.750226259231567,2940
20.76407217979431,2939
20.76877999305725,2938
20.770792245864868,2937
20.770967960357666,2936
20.775327920913696,2935
20.77550721168518,2934
20.77566885948181,2933
20.775771141052246,2932
20.776719093322754,2931
20.777029037475586,2930
20.796857118606567,2929
20.797653913497925,2928
20.797976970672607,2927
20.79806613922119,2926
20.800191164016724,2925
20.8002872467041,2924
20.80377697944641,2923
20.812795162200928,2922
20.81304693222046,2921
20.813173055648804,2920
20.81365394592285,2919
20.814012050628662,2918
20.815118074417114,2917
20.815330028533936,2916
20.815562963485718,2915
20.81623601913452,2914
20.816288948059082,2913
20.816665172576904,2912
20.816721200942993,2911
20.81716513633728,2910
20.82572102546692,2909
20.830095052719116,2908
20.830186128616333,2907
20.830236196517944,2906
20.831126928329468,2905
20.833482265472412,2904
20.83431124687195,2903
20.83447504043579,2902
20.835024118423462,2901
20.835337162017822,2900
20.83571720123291,2899
20.83582901954651,2898
20.83602023124695,2897
20.83624005317688,2896
20.85704517364502,2895
20.85797905921936,2894
20.85879898071289,2893
20.8627769947052,2892
20.864659070968628,2891
20.86539101600647,2890
20.86544919013977,2889
20.86706805229187,2888
20.867526054382324,2887
20.868657112121582,2886
20.868784189224243,2885
20.869320154190063,2884
20.869518995285034,2883
20.877766132354736,2882
20.87782311439514,2881
20.878201961517334,2880
20.878526210784912,2879
20.878666162490845,2878
20.87894916534424,2877
20.879040956497192,2876
20.87925124168396,2875
20.87967300415039,2874
20.881432056427002,2873
20.88167119026184,2872
20.882744073867798,2871
20.898389101028442,2870
20.898751258850098,2869
20.89880895614624,2868
20.90012001991272,2867
20.911773204803467,2866
20.912028074264526,2865
20.912266969680786,2864
20.91235613822937,2863
20.912652015686035,2862
20.916089057922363,2861
20.916336059570312,2860
20.91646718978882,2859
20.916640043258667,2858
20.916990280151367,2857
20.917234182357788,2856
20.917325973510742,2855
20.918171167373657,2854
20.918262004852295,2853
20.93029499053955,2852
20.930593013763428,2851
20.932679176330566,2850
20.935782194137573,2849
20.935924291610718,2848
20.9360511302948,2847
20.936322927474976,2846
20.936856031417847,2845
20.93720507621765,2844
20.93816113471985,2843
20.93843698501587,2842
20.938611268997192,2841
20.93913221359253,2840
20.93997812271118,2839
20.940067052841187,2838
20.940315008163452,2837
20.940512895584106,2836
20.940795183181763,2835
20.941136121749878,2834
20.941277265548706,2833
20.941365003585815,2832
20.94141721725464,2831
20.941633939743042,2830
20.942622184753418,2829
20.942760229110718,2828
20.94285011291504,2827
20.943413972854614,2826
20.944129943847656,2825
20.94808793067932,2824
20.948796033859253,2823
20.94922709465027,2822
20.949461221694946,2821
20.949602127075195,2820
20.950103998184204,2819
20.95041513442993,2818
20.954652070999146,2817
20.9547119140625,2816
20.955703020095825,2815
20.95575714111328,2814
20.958065032958984,2813
20.95855402946472,2812
20.95864486694336,2811
20.959911108016968,2810
20.96054220199585,2809
20.96087121963501,2808
20.96132230758667,2807
20.96205997467041,2806
20.965288162231445,2805
20.965378999710083,2804
20.96617317199707,2803
20.97298312187195,2802
20.973129272460938,2801
20.973884105682373,2800
20.97397804260254,2799
20.976995944976807,2798
20.97741198539734,2797
20.977590084075928,2796
20.97880220413208,2795
20.981958150863647,2794
20.99683904647827,2793
20.99702215194702,2792
20.997151851654053,2791
20.99740219116211,2790
20.997496128082275,2789
20.99884796142578,2788
20.999455213546753,2787
21.000112056732178,2786
21.000498056411743,2785
21.003302097320557,2784
21.00401210784912,2783
21.004863262176514,2782
21.00528621673584,2781
21.01014494895935,2780
21.010822057724,2779
21.0111141204834,2778
21.012943983078003,2777
21.014954090118408,2776
21.015263319015503,2775
21.034271955490112,2774
21.034373998641968,2773
21.034934997558594,2772
21.03506302833557,2771
21.035152196884155,2770
21.03597617149353,2769
21.036070108413696,2768
21.036317110061646,2767
21.037698984146118,2766
21.03857398033142,2765
21.039669036865234,2764
21.040049076080322,2763
21.040401220321655,2762
21.0415301322937,2761
21.041844129562378,2760
21.043273210525513,2759
21.044281005859375,2758
21.044517040252686,2757
21.04501223564148,2756
21.045539140701294,2755
21.045640230178833,2754
21.045958042144775,2753
21.046157121658325,2752
21.04844617843628,2751
21.05057191848755,2750
21.050626039505005,2749
21.05092215538025,2748
21.055238008499146,2747
21.05591607093811,2746
21.056864976882935,2745
21.057142972946167,2744
21.060234308242798,2743
21.06226086616516,2742
21.062756061553955,2741
21.063215017318726,2740
21.06356120109558,2739
21.064801931381226,2738
21.065002918243408,2737
21.066548109054565,2736
21.06671404838562,2735
21.066854000091553,2734
21.067102193832397,2733
21.067158937454224,2732
21.068226099014282,2731
21.06832003593445,2730
21.069221019744873,2729
21.069493055343628,2728
21.069810152053833,2727
21.069934129714966,2726
21.07010817527771,2725
21.077120065689087,2724
21.0797221660614,2723
21.0798602104187,2722
21.07995629310608,2721
21.080092191696167,2720
21.08072519302368,2719
21.081247091293335,2718
21.082980155944824,2717
21.083240270614624,2716
21.08340287208557,2715
21.083861112594604,2714
21.08462929725647,2713
21.085748195648193,2712
21.093719959259033,2711
21.094086170196533,2710
21.098201036453247,2709
21.09825825691223,2708
21.098437070846558,2707
21.09903311729431,2706
21.09967303276062,2705
21.099798917770386,2704
21.09997320175171,2703
21.10013723373413,2702
21.100935220718384,2701
21.101672172546387,2700
21.10283899307251,2699
21.104425191879272,2698
21.104828119277954,2697
21.106343030929565,2696
21.10995602607727,2695
21.120504140853882,2694
21.120758056640625,2693
21.122352123260498,2692
21.123115062713623,2691
21.12759494781494,2690
21.127700090408325,2689
21.127830028533936,2688
21.139586925506592,2687
21.13973593711853,2686
21.139862060546875,2685
21.140485048294067,2684
21.141106128692627,2683
21.14357614517212,2682
21.144488096237183,2681
21.14616107940674,2680
21.146334171295166,2679
21.14685893058777,2678
21.14833927154541,2677
21.148770093917847,2676
21.148946046829224,2675
21.14980125427246,2674
21.15214514732361,2673
21.152453184127808,2672
21.15259313583374,2671
21.152645111083984,2670
21.152930974960327,2669
21.156496047973633,2668
21.157145977020264,2667
21.15734601020813,2666
21.15802311897278,2665
21.15885829925537,2664
21.16074800491333,2663
21.16119909286499,2662
21.161290168762207,2661
21.17034101486206,2660
21.170401096343994,2659
21.17135000228882,2658
21.17140817642212,2657
21.172189235687256,2656
21.173301935195923,2655
21.17354702949524,2654
21.173670053482056,2653
21.174412965774536,2652
21.17460799217224,2651
21.174744129180908,2650
21.178566217422485,2649
21.178807020187378,2648
21.179019927978516,2647
21.182417154312134,2646
21.18284511566162,2645
21.184040069580078,2644
21.192262172698975,2643
21.192888975143433,2642
21.193105220794678,2641
21.193693161010742,2640
21.194298028945923,2639
21.195059061050415,2638
21.196444034576416,2637
21.197221994400024,2636
21.197327136993408,2635
21.200313091278076,2634
21.201908111572266,2633
21.202709913253784,2632
21.202803134918213,2631
21.20292901992798,2630
21.203867197036743,2629
21.207628965377808,2628
21.207842111587524,2627
21.208189249038696,2626
21.208856105804443,2625
21.209129095077515,2624
21.209448099136353,2623
21.209611892700195,2622
21.215106964111328,2621
21.21752905845642,2620
21.21917724609375,2619
21.21945309638977,2618
21.219810009002686,2617
21.220542192459106,2616
21.220715045928955,2615
21.22311496734619,2614
21.225584030151367,2613
21.22674298286438,2612
21.237887144088745,2611
21.239586114883423,2610
21.239870071411133,2609
21.240643978118896,2608
21.241032123565674,2607
21.242938995361328,2606
21.243510007858276,2605
21.245453119277954,2604
21.246432065963745,2603
21.246922254562378,2602
21.247274160385132,2601
21.247722864151,2600
21.248005151748657,2599
21.250176906585693,2598
21.253724098205566,2597
21.254260301589966,2596
21.256092071533203,2595
21.259666204452515,2594
21.261117219924927,2593
21.262495279312134,2592
21.263134241104126,2591
21.263338088989258,2590
21.264676094055176,2589
21.26533603668213,2588
21.265936136245728,2587
21.26624298095703,2586
21.269935131072998,2585
21.27529811859131,2584
21.27595615386963,2583
21.27880597114563,2582
21.27947688102722,2581
21.280603170394897,2580
21.280771017074585,2579
21.284414291381836,2578
21.284510135650635,2577
21.287163019180298,2576
21.289325952529907,2575
21.290471076965332,2574
21.291438102722168,2573
21.291682958602905,2572
21.292296171188354,2571
21.292468309402466,2570
21.293696880340576,2569
21.299772024154663,2568
21.300124168395996,2567
21.300390005111694,2566
21.301727294921875,2565
21.302590131759644,2564
21.302800178527832,2563
21.303099155426025,2562
21.30665898323059,2561
21.30703616142273,2560
21.312362909317017,2559
21.312597274780273,2558
21.313140869140625,2557
21.314018964767456,2556
21.315160036087036,2555
21.343462228775024,2554
21.346618175506592,2553
21.347914934158325,2552
21.3487811088562,2551
21.349274158477783,2550
21.353100061416626,2549
21.358033180236816,2548
21.36323118209839,2547
21.363445043563843,2546
21.363571166992188,2545
21.363969087600708,2544
21.36494207382202,2543
21.383551120758057,2542
21.384396076202393,2541
21.38467502593994,2540
21.388050079345703,2539
21.388706922531128,2538
21.39107918739319,2537
21.39477801322937,2536
21.39486813545227,2535
21.39683699607849,2534
21.397841215133667,2533
21.399585962295532,2532
21.400415182113647,2531
21.41928791999817,2530
21.427762031555176,2529
21.42866802215576,2528
21.433023929595947,2527
21.43571925163269,2526
21.436234951019287,2525
21.437762022018433,2524
21.439951181411743,2523
21.443153142929077,2522
21.4447181224823,2521
21.449934005737305,2520
21.45262098312378,2519
21.453675031661987,2518
21.453736066818237,2517
21.454973220825195,2516
21.455068111419678,2515
21.458951234817505,2514
21.461848974227905,2513
21.462289094924927,2512
21.46349811553955,2511
21.465386867523193,2510
21.465797185897827,2509
21.467811107635498,2508
21.467870235443115,2507
21.471980094909668,2506
21.47270107269287,2505
21.47375202178955,2504
21.475346088409424,2503
21.47600817680359,2502
21.47771406173706,2501
21.47830605506897,2500
21.480533123016357,2499
21.48101019859314,2498
21.48114013671875,2497
21.4813449382782,2496
21.48276710510254,2495
21.485454082489014,2494
21.49222707748413,2493
21.49364709854126,2492
21.494579076766968,2491
21.49548101425171,2490
21.508501291275024,2489
21.5086350440979,2488
21.510815858840942,2487
21.525002241134644,2486
21.528064012527466,2485
21.530068159103394,2484
21.531557083129883,2483
21.531790018081665,2482
21.532226085662842,2481
21.53645610809326,2480
21.53703498840332,2479
21.540444135665894,2478
21.542020082473755,2477
21.54316210746765,2476
21.544405221939087,2475
21.546288013458252,2474
21.55162525177002,2473
21.56920599937439,2472
21.56972622871399,2471
21.573430061340332,2470
21.574661016464233,2469
21.574753046035767,2468
21.57842206954956,2467
21.580573081970215,2466
21.580628156661987,2465
21.582918167114258,2464
21.588189125061035,2463
21.588455200195312,2462
21.590574026107788,2461
21.59627628326416,2460
21.599123239517212,2459
21.600887060165405,2458
21.609268188476562,2457
21.61163306236267,2456
21.61302399635315,2455
21.6134672164917,2454
21.618370056152344,2453
21.618534088134766,2452
21.6194269657135,2451
21.620738983154297,2450
21.62253212928772,2449
21.623775243759155,2448
21.626622200012207,2447
21.62935209274292,2446
21.629442930221558,2445
21.63005828857422,2444
21.636159896850586,2443
21.65649914741516,2442
21.657620191574097,2441
21.663776874542236,2440
21.6651291847229,2439
21.675546169281006,2438
21.676481008529663,2437
21.683496236801147,2436
21.68729019165039,2435
21.69258213043213,2434
21.69267702102661,2433
21.70700716972351,2432
21.71232509613037,2431
21.71416425704956,2430
21.718743085861206,2429
21.736346006393433,2428
21.747992038726807,2427
21.75282311439514,2426
21.757821083068848,2425
21.808253049850464,2424
21.818138122558594,2423
21.82450294494629,2422
21.825228929519653,2421
21.826651096343994,2420
21.836747884750366,2419
21.83957314491272,2418
21.91830325126648,2417
21.92107629776001,2416
21.964416027069092,2415
22.001171112060547,2414
22.002235174179077,2413
22.016778230667114,2412
22.077203273773193,2411
22.094584941864014,2410
22.26603412628174,2409
