0.003635883331298828,4891
0.007443904876708984,4890
0.011036872863769531,4889
0.014818668365478516,4888
0.018303871154785156,4887
0.02202582359313965,4886
0.02548980712890625,4885
0.029033899307250977,4884
0.03235673904418945,4883
0.03605389595031738,4882
0.039572954177856445,4881
0.043416738510131836,4880
0.046895742416381836,4879
0.0504758358001709,4878
0.05381298065185547,4877
0.057353973388671875,4876
0.060695648193359375,4875
0.06421279907226562,4874
0.06752204895019531,4873
0.07101082801818848,4872
0.07432866096496582,4871
0.07786703109741211,4870
0.08117079734802246,4869
0.08467888832092285,4868
0.08797001838684082,4867
0.09145879745483398,4866
0.09475183486938477,4865
0.1010899543762207,4864
0.1045529842376709,4863
0.10783672332763672,4862
0.11132073402404785,4861
0.11461281776428223,4860
0.11810469627380371,4859
0.12136483192443848,4858
0.12481474876403809,4857
0.12807083129882812,4856
0.13153576850891113,4855
0.13482284545898438,4854
0.13837575912475586,4853
0.1418900489807129,4852
0.1457068920135498,4851
0.14928364753723145,4850
0.15299296379089355,4849
0.15642476081848145,4848
0.1600339412689209,4847
0.16342782974243164,4846
0.16706204414367676,4845
0.17061281204223633,4844
0.174224853515625,4843
0.17768073081970215,4842
0.18131184577941895,4841
0.18482184410095215,4840
0.18863368034362793,4839
0.19222497940063477,4838
0.19606876373291016,4837
0.19972777366638184,4836
0.20358681678771973,4835
0.2072288990020752,4834
0.21109390258789062,4833
0.2147688865661621,4832
0.21851801872253418,4831
0.22204065322875977,4830
0.22566676139831543,4829
0.22919297218322754,4828
0.23284077644348145,4827
0.23634099960327148,4826
0.23997998237609863,4825
0.24347376823425293,4824
0.24710679054260254,4823
0.25061774253845215,4822
0.25426578521728516,4821
0.2577657699584961,4820
0.26145362854003906,4819
0.2649819850921631,4818
0.2685539722442627,4817
0.27191877365112305,4816
0.2753767967224121,4815
0.27869176864624023,4814
0.2821507453918457,4813
0.2854499816894531,4812
0.2889068126678467,4811
0.29439783096313477,4810
0.2977278232574463,4809
0.3011927604675293,4808
0.3045158386230469,4807
0.3079848289489746,4806
0.31131887435913086,4805
0.31479382514953613,4804
0.31812477111816406,4803
0.32163476943969727,4802
0.32499194145202637,4801
0.3284609317779541,4800
0.33179378509521484,4799
0.3352928161621094,4798
0.3386266231536865,4797
0.3420836925506592,4796
0.34538865089416504,4795
0.3488318920135498,4794
0.35215282440185547,4793
0.35561394691467285,4792
0.3589189052581787,4791
0.3623349666595459,4790
0.36566781997680664,4789
0.3691587448120117,4788
0.37247276306152344,4787
0.3759188652038574,4786
0.3792297840118408,4785
0.38269782066345215,4784
0.38601183891296387,4783
0.3894529342651367,4782
0.3927748203277588,4781
0.39624595642089844,4780
0.39957499504089355,4779
0.40301084518432617,4778
0.40631985664367676,4777
0.4097778797149658,4776
0.41310572624206543,4775
0.4165639877319336,4774
0.41989564895629883,4773
0.42335987091064453,4772
0.42667174339294434,4771
0.4301297664642334,4770
0.433459997177124,4769
0.4369049072265625,4768
0.44021081924438477,4767
0.44365787506103516,4766
0.44698476791381836,4765
0.4504399299621582,4764
0.4537637233734131,4763
0.4572129249572754,4762
0.4605388641357422,4761
0.4640028476715088,4760
0.4673118591308594,4759
0.4707508087158203,4758
0.47406888008117676,4757
0.47752976417541504,4756
0.4808619022369385,4755
0.48436665534973145,4754
0.4876828193664551,4753
0.49114274978637695,4752
0.49446678161621094,4751
0.49793481826782227,4750
0.5012679100036621,4749
0.5047159194946289,4748
0.508033037185669,4747
0.5114908218383789,4746
0.5148179531097412,4745
0.5182719230651855,4744
0.5216019153594971,4743
0.5250658988952637,4742
0.5283539295196533,4741
0.5317916870117188,4740
0.5351128578186035,4739
0.538599967956543,4738
0.5419437885284424,4737
0.5454106330871582,4736
0.54874587059021,4735
0.5521867275238037,4734
0.5555100440979004,4733
0.5589797496795654,4732
0.5623159408569336,4731
0.5657708644866943,4730
0.5690808296203613,4729
0.5725476741790771,4728
0.5758767127990723,4727
0.5793848037719727,4726
0.5827419757843018,4725
0.5862410068511963,4724
0.5895488262176514,4723
0.5929999351501465,4722
0.5963418483734131,4721
0.5998058319091797,4720
0.603111743927002,4719
0.6065528392791748,4718
0.6098737716674805,4717
0.6133277416229248,4716
0.6166598796844482,4715
0.6201307773590088,4714
0.6234729290008545,4713
0.6269917488098145,4712
0.6304676532745361,4711
0.6342048645019531,4710
0.6378350257873535,4709
0.641474723815918,4708
0.6449308395385742,4707
0.648526668548584,4706
0.6520938873291016,4705
0.655803918838501,4704
0.6628789901733398,4703
0.6665747165679932,4702
0.6703097820281982,4701
0.6738638877868652,4700
0.6774508953094482,4699
0.6810858249664307,4698
0.6847898960113525,4697
0.6884498596191406,4696
0.6921157836914062,4695
0.6956937313079834,4694
0.6993668079376221,4693
0.7028768062591553,4692
0.7067368030548096,4691
0.7103598117828369,4690
0.7141838073730469,4689
0.7176358699798584,4688
0.7212848663330078,4687
0.7246677875518799,4686
0.7281899452209473,4685
0.7315409183502197,4684
0.7350368499755859,4683
0.7383706569671631,4682
0.7418627738952637,4681
0.7451848983764648,4680
0.7486636638641357,4679
0.7519848346710205,4678
0.7554497718811035,4677
0.758765697479248,4676
0.7622408866882324,4675
0.7655439376831055,4674
0.7690458297729492,4673
0.7724578380584717,4672
0.7759506702423096,4671
0.7792739868164062,4670
0.7827668190002441,4669
0.7860920429229736,4668
0.7895698547363281,4667
0.7928929328918457,4666
0.7963619232177734,4665
0.7996747493743896,4664
0.8031437397003174,4663
0.8064708709716797,4662
0.809952974319458,4661
0.8132889270782471,4660
0.8167507648468018,4659
0.8200619220733643,4658
0.8235547542572021,4657
0.8268978595733643,4656
0.8303899765014648,4655
0.8337547779083252,4654
0.8374378681182861,4653
0.8410990238189697,4652
0.8447327613830566,4651
0.8480896949768066,4650
0.8515877723693848,4649
0.8549487590789795,4648
0.8586747646331787,4647
0.8621246814727783,4646
0.865696907043457,4645
0.8690938949584961,4644
0.8725929260253906,4643
0.875924825668335,4642
0.8794138431549072,4641
0.8827629089355469,4640
0.886253833770752,4639
0.8895699977874756,4638
0.8930478096008301,4637
0.896378755569458,4636
0.8998467922210693,4635
0.9031708240509033,4634
0.9066188335418701,4633
0.9099287986755371,4632
0.9134018421173096,4631
0.9167308807373047,4630
0.9201967716217041,4629
0.9288089275360107,4628
0.9322917461395264,4627
0.9356238842010498,4626
0.9391007423400879,4625
0.9424288272857666,4624
0.945889949798584,4623
0.9492008686065674,4622
0.9526689052581787,4621
0.9559800624847412,4620
0.9594769477844238,4619
0.9628148078918457,4618
0.9662950038909912,4617
0.9696269035339355,4616
0.9730968475341797,4615
0.9764058589935303,4614
0.9798798561096191,4613
0.9832198619842529,4612
0.9870510101318359,4611
0.9907939434051514,4610
0.9945998191833496,4609
0.9982500076293945,4608
1.001938819885254,4607
1.0055396556854248,4606
1.009281873703003,4605
1.0128099918365479,4604
1.0163109302520752,4603
1.0196747779846191,4602
1.0231218338012695,4601
1.0264599323272705,4600
1.032392978668213,4599
1.0358388423919678,4598
1.039184808731079,4597
1.0426239967346191,4596
1.0459697246551514,4595
1.0494258403778076,4594
1.0527806282043457,4593
1.056222915649414,4592
1.0595676898956299,4591
1.06300687789917,4590
1.0663597583770752,4589
1.06980562210083,4588
1.0731487274169922,4587
1.0765869617462158,4586
1.0799260139465332,4585
1.0833756923675537,4584
1.0867388248443604,4583
1.090174913406372,4582
1.0935149192810059,4581
1.0969598293304443,4580
1.1003127098083496,4579
1.1037538051605225,4578
1.1070797443389893,4577
1.1105096340179443,4576
1.1138248443603516,4575
1.117278814315796,4574
1.1206448078155518,4573
1.1241307258605957,4572
1.1275267601013184,4571
1.1311278343200684,4570
1.134774923324585,4569
1.1385068893432617,4568
1.14215087890625,4567
1.1458518505096436,4566
1.1494877338409424,4565
1.1532437801361084,4564
1.1569278240203857,4563
1.1607038974761963,4562
1.164146900177002,4561
1.1676290035247803,4560
1.170926809310913,4559
1.1744208335876465,4558
1.1777317523956299,4557
1.1811766624450684,4556
1.1844899654388428,4555
1.187985897064209,4554
1.191314935684204,4553
1.1947786808013916,4552
1.1980836391448975,4551
1.2016048431396484,4550
1.2050087451934814,4549
1.2086436748504639,4548
1.212148904800415,4547
1.2158327102661133,4546
1.2193148136138916,4545
1.223402976989746,4544
1.227198839187622,4543
1.2310538291931152,4542
1.2346627712249756,4541
1.2386188507080078,4540
1.2423899173736572,4539
1.2463078498840332,4538
1.252586841583252,4537
1.2564349174499512,4536
1.2603468894958496,4535
1.2641079425811768,4534
1.2680509090423584,4533
1.2718420028686523,4532
1.2758448123931885,4531
1.2796788215637207,4530
1.2840256690979004,4529
1.2879490852355957,4528
1.2919178009033203,4527
1.2992539405822754,4526
1.3031878471374512,4525
1.3072378635406494,4524
1.311227798461914,4523
1.3152759075164795,4522
1.319065809249878,4521
1.3230278491973877,4520
1.3268017768859863,4519
1.3309240341186523,4518
1.3348147869110107,4517
1.3388988971710205,4516
1.3427519798278809,4515
1.3467998504638672,4514
1.3506507873535156,4513
1.3546459674835205,4512
1.3584718704223633,4511
1.3624918460845947,4510
1.3663108348846436,4509
1.370269775390625,4508
1.3753888607025146,4507
1.3799688816070557,4506
1.3843257427215576,4505
1.3892748355865479,4504
1.3937668800354004,4503
1.3984599113464355,4502
1.402775764465332,4501
1.4105079174041748,4500
1.4143507480621338,4499
1.4177179336547852,4498
1.4212069511413574,4497
1.4244716167449951,4496
1.4279348850250244,4495
1.4311957359313965,4494
1.4346659183502197,4493
1.437943696975708,4492
1.441403865814209,4491
1.4446709156036377,4490
1.4481408596038818,4489
1.4514150619506836,4488
1.4548838138580322,4487
1.4581708908081055,4486
1.4616267681121826,4485
1.4648888111114502,4484
1.468343734741211,4483
1.4716129302978516,4482
1.4750797748565674,4481
1.4783449172973633,4480
1.48179292678833,4479
1.4850506782531738,4478
1.4885098934173584,4477
1.4917817115783691,4476
1.495236873626709,4475
1.498490810394287,4474
1.5019676685333252,4473
1.5052447319030762,4472
1.5087039470672607,4471
1.5119616985321045,4470
1.5154287815093994,4469
1.5186967849731445,4468
1.5221548080444336,4467
1.5254247188568115,4466
1.5288877487182617,4465
1.5321457386016846,4464
1.535613775253296,4463
1.5388908386230469,4462
1.5423460006713867,4461
1.5456037521362305,4460
1.549062728881836,4459
1.5523309707641602,4458
1.5558288097381592,4457
1.5595877170562744,4456
1.563612937927246,4455
1.5674028396606445,4454
1.5715768337249756,4453
1.575439691543579,4452
1.5793747901916504,4451
1.583169937133789,4450
1.5871667861938477,4449
1.5909647941589355,4448
1.5949418544769287,4447
1.5988328456878662,4446
1.6027588844299316,4445
1.6063017845153809,4444
1.60982084274292,4443
1.6131446361541748,4442
1.6165738105773926,4441
1.6198818683624268,4440
1.623358964920044,4439
1.6266570091247559,4438
1.6300837993621826,4437
1.6333749294281006,4436
1.636995792388916,4435
1.640514612197876,4434
1.6442108154296875,4433
1.647812843322754,4432
1.6514899730682373,4431
1.6551668643951416,4430
1.6589477062225342,4429
1.6624248027801514,4428
1.6659657955169678,4427
1.6695067882537842,4426
1.673172950744629,4425
1.6765718460083008,4424
1.6802690029144287,4423
1.6838438510894775,4422
1.6874868869781494,4421
1.692084789276123,4420
1.6959569454193115,4419
1.6994266510009766,4418
1.7030398845672607,4417
1.706439733505249,4416
1.709906816482544,4415
1.7132248878479004,4414
1.7166767120361328,4413
1.7199759483337402,4412
1.7234697341918945,4411
1.7268826961517334,4410
1.7303507328033447,4409
1.7337217330932617,4408
1.737224817276001,4407
1.7405030727386475,4406
1.7439568042755127,4405
1.7472398281097412,4404
1.7506837844848633,4403
1.7539756298065186,4402
1.7573988437652588,4401
1.7606799602508545,4400
1.7641348838806152,4399
1.767413854598999,4398
1.770843744277954,4397
1.7741386890411377,4396
1.7775826454162598,4395
1.780862808227539,4394
1.7860727310180664,4393
1.7895097732543945,4392
1.7927899360656738,4391
1.7962138652801514,4390
1.7994890213012695,4389
1.8029577732086182,4388
1.8062536716461182,4387
1.8096997737884521,4386
1.8129909038543701,4385
1.8164327144622803,4384
1.8197078704833984,4383
1.8231568336486816,4382
1.8264338970184326,4381
1.8321080207824707,4380
1.8355329036712646,4379
1.8387987613677979,4378
1.8422629833221436,4377
1.845594882965088,4376
1.8490447998046875,4375
1.8523368835449219,4374
1.8557748794555664,4373
1.859055757522583,4372
1.8625106811523438,4371
1.865790843963623,4370
1.8692278861999512,4369
1.8725130558013916,4368
1.8759338855743408,4367
1.8791987895965576,4366
1.8826508522033691,4365
1.885934829711914,4364
1.8893718719482422,4363
1.894941806793213,4362
1.8982179164886475,4361
1.9016609191894531,4360
1.9049336910247803,4359
1.9083778858184814,4358
1.9116606712341309,4357
1.9150829315185547,4356
1.9183506965637207,4355
1.9217989444732666,4354
1.9250807762145996,4353
1.9285168647766113,4352
1.9318037033081055,4351
1.9352688789367676,4350
1.9385569095611572,4349
1.9420139789581299,4348
1.9453036785125732,4347
1.9487359523773193,4346
1.952014684677124,4345
1.9554150104522705,4344
1.958683729171753,4343
1.962141752243042,4342
1.9654288291931152,4341
1.9688587188720703,4340
1.9721348285675049,4339
1.9755749702453613,4338
1.9788579940795898,4337
1.982306718826294,4336
1.9856019020080566,4335
1.9891178607940674,4334
1.992682933807373,4333
1.996450662612915,4332
2.0000839233398438,4331
2.0037858486175537,4330
2.0073747634887695,4329
2.0110809803009033,4328
2.0146608352661133,4327
2.018347978591919,4326
2.021977663040161,4325
2.0257208347320557,4324
2.0292868614196777,4323
2.033151865005493,4322
2.0367228984832764,4321
2.0402936935424805,4320
2.0435876846313477,4319
2.047062873840332,4318
2.050344944000244,4317
2.0538058280944824,4316
2.057070732116699,4315
2.0605368614196777,4314
2.0638608932495117,4313
2.0673367977142334,4312
2.0706167221069336,4311
2.0740857124328613,4310
2.0773608684539795,4309
2.080843925476074,4308
2.08410906791687,4307
2.087561845779419,4306
2.0908589363098145,4305
2.094327688217163,4304
2.0975937843322754,4303
2.101064920425415,4302
2.1043379306793213,4301
2.1078310012817383,4300
2.1111137866973877,4299
2.1145877838134766,4298
2.1178579330444336,4297
2.1213197708129883,4296
2.1245968341827393,4295
2.1280698776245117,4294
2.131347894668579,4293
2.1348159313201904,4292
2.1380767822265625,4291
2.141528844833374,4290
2.1447877883911133,4289
2.1482348442077637,4288
2.151535749435425,4287
2.1550238132476807,4286
2.158287763595581,4285
2.161747932434082,4284
2.1650218963623047,4283
2.168489933013916,4282
2.1717538833618164,4281
2.1752068996429443,4280
2.1784839630126953,4279
2.181957721710205,4278
2.1852219104766846,4277
2.18867564201355,4276
2.1919498443603516,4275
2.195413827896118,4274
2.1986749172210693,4273
2.2021257877349854,4272
2.2053990364074707,4271
2.208866834640503,4270
2.212130069732666,4269
2.2155849933624268,4268
2.218853712081909,4267
2.2223148345947266,4266
2.2255799770355225,4265
2.229029893875122,4264
2.2322916984558105,4263
2.235759735107422,4262
2.239036798477173,4261
2.2425589561462402,4260
2.246199607849121,4259
2.2501847743988037,4258
2.253966808319092,4257
2.257948875427246,4256
2.2616398334503174,4255
2.2655558586120605,4254
2.269242763519287,4253
2.273223876953125,4252
2.2769947052001953,4251
2.2808339595794678,4250
2.284576892852783,4249
2.28823184967041,4248
2.291642904281616,4247
2.295090913772583,4246
2.2984328269958496,4245
2.30185866355896,4244
2.305325746536255,4243
2.309058666229248,4242
2.3126168251037598,4241
2.3163750171661377,4240
2.320056676864624,4239
2.323828935623169,4238
2.32729172706604,4237
2.3308169841766357,4236
2.334439754486084,4235
2.338254690170288,4234
2.341829776763916,4233
2.345496654510498,4232
2.3488099575042725,4231
2.352285861968994,4230
2.355559825897217,4229
2.3590357303619385,4228
2.3623087406158447,4227
2.365772008895874,4226
2.369036912918091,4225
2.372511863708496,4224
2.3757870197296143,4223
2.379248857498169,4222
2.3825368881225586,4221
2.3860058784484863,4220
2.3892757892608643,4219
2.3927388191223145,4218
2.3960158824920654,4217
2.3994839191436768,4216
2.4027488231658936,4215
2.4062018394470215,4214
2.409479856491089,4213
2.4129478931427,4212
2.416210889816284,4211
2.419650077819824,4210
2.422914743423462,4209
2.426379919052124,4208
2.4296529293060303,4207
2.4331116676330566,4206
2.4363858699798584,4205
2.4398558139801025,4204
2.443119764328003,4203
2.4465737342834473,4202
2.449849843978882,4201
2.4533166885375977,4200
2.45658278465271,4199
2.460066080093384,4198
2.46334171295166,4197
2.466801881790161,4196
2.470075845718384,4195
2.4735329151153564,4194
2.4767889976501465,4193
2.480252742767334,4192
2.483520030975342,4191
2.4869749546051025,4190
2.4902336597442627,4189
2.493712902069092,4188
2.497025966644287,4187
2.500501871109009,4186
2.5037670135498047,4185
2.507239818572998,4184
2.510519027709961,4183
2.5139787197113037,4182
2.5172479152679443,4181
2.5207066535949707,4180
2.5239789485931396,4179
2.527437686920166,4178
2.5307016372680664,4177
2.5341718196868896,4176
2.537447929382324,4175
2.5409059524536133,4174
2.5441677570343018,4173
2.547656774520874,4172
2.5509467124938965,4171
2.554410934448242,4170
2.5576839447021484,4169
2.56115984916687,4168
2.5644218921661377,4167
2.5678956508636475,4166
2.571180820465088,4165
2.574643850326538,4164
2.5779178142547607,4163
2.581385850906372,4162
2.5846667289733887,4161
2.5881216526031494,4160
2.5913877487182617,4159
2.5948538780212402,4158
2.5981459617614746,4157
2.601613759994507,4156
2.6048786640167236,4155
2.608350992202759,4154
2.611625909805298,4153
2.6150729656219482,4152
2.618332862854004,4151
2.62178373336792,4150
2.625053882598877,4149
2.6285240650177,4148
2.631798028945923,4147
2.635234832763672,4146
2.638502836227417,4145
2.6419756412506104,4144
2.6452507972717285,4143
2.648705005645752,4142
2.6519668102264404,4141
2.6554369926452637,4140
2.6587138175964355,4139
2.6621687412261963,4138
2.6654467582702637,4137
2.668921709060669,4136
2.6721808910369873,4135
2.675649881362915,4134
2.6789157390594482,4133
2.682379961013794,4132
2.6856586933135986,4131
2.6891226768493652,4130
2.692384958267212,4129
2.695840835571289,4128
2.699119806289673,4127
2.702587842941284,4126
2.7058708667755127,4125
2.709378719329834,4124
2.7126588821411133,4123
2.716130018234253,4122
2.719409942626953,4121
2.7228527069091797,4120
2.726120948791504,4119
2.729576826095581,4118
2.7328379154205322,4117
2.7363078594207764,4116
2.7395808696746826,4115
2.743039846420288,4114
2.746302843093872,4113
2.7497737407684326,4112
2.7530477046966553,4111
2.7565057277679443,4110
2.7597696781158447,4109
2.7632367610931396,4108
2.7665069103240967,4107
2.7699756622314453,4106
2.7732369899749756,4105
2.776684045791626,4104
2.7799386978149414,4103
2.7833948135375977,4102
2.786665916442871,4101
2.7901549339294434,4100
2.7934210300445557,4099
2.796891927719116,4098
2.8001699447631836,4097
2.803635835647583,4096
2.8069028854370117,4095
2.810372829437256,4094
2.8136539459228516,4093
2.8171188831329346,4092
2.8203840255737305,4091
2.8238446712493896,4090
2.82712984085083,4089
2.8305768966674805,4088
2.8338398933410645,4087
2.8372957706451416,4086
2.840568780899048,4085
2.8440399169921875,4084
2.8473060131073,4083
2.850756883621216,4082
2.8540289402008057,4081
2.857496738433838,4080
2.8607637882232666,4079
2.8642239570617676,4078
2.867499828338623,4077
2.8709659576416016,4076
2.8742337226867676,4075
2.877686023712158,4074
2.8809328079223633,4073
2.884401798248291,4072
2.887671709060669,4071
2.891127824783325,4070
2.894399881362915,4069
2.897869825363159,4068
2.9011337757110596,4067
2.9045917987823486,4066
2.907864809036255,4065
2.911332845687866,4064
2.91459584236145,4063
2.9180617332458496,4062
2.9213778972625732,4061
2.9248528480529785,4060
2.9281208515167236,4059
2.931596040725708,4058
2.9348716735839844,4057
2.9383387565612793,4056
2.9416048526763916,4055
2.945056915283203,4054
2.948322057723999,4053
2.9517927169799805,4052
2.9550678730010986,4051
2.958519697189331,4050
2.9617819786071777,4049
2.9652516841888428,4048
2.9685287475585938,4047
2.97198486328125,4046
2.9752466678619385,4045
2.97871470451355,4044
2.981989860534668,4043
2.985447883605957,4042
2.988712787628174,4041
2.9921836853027344,4040
2.995457887649536,4039
2.9989187717437744,4038
3.002163887023926,4037
3.005634069442749,4036
3.0089128017425537,4035
3.0123708248138428,4034
3.0156517028808594,4033
3.0191259384155273,4032
3.0224037170410156,4031
3.025869846343994,4030
3.0291388034820557,4029
3.0325968265533447,4028
3.035857915878296,4027
3.0393359661102295,4026
3.0425899028778076,4025
3.0460517406463623,4024
3.0493178367614746,4023
3.052771806716919,4022
3.056027889251709,4021
3.0595006942749023,4020
3.062774896621704,4019
3.0662426948547363,4018
3.0695109367370605,4017
3.072941780090332,4016
3.0761897563934326,4015
3.079659938812256,4014
3.0829570293426514,4013
3.0864439010620117,4012
3.0897216796875,4011
3.0931918621063232,4010
3.0964558124542236,4009
3.099909782409668,4008
3.10317063331604,4007
3.1066348552703857,4006
3.1099326610565186,4005
3.1134016513824463,4004
3.116684913635254,4003
3.1201677322387695,4002
3.123436689376831,4001
3.126889944076538,4000
3.130173921585083,3999
3.133680820465088,3998
3.136992931365967,3997
3.1404647827148438,3996
3.143744945526123,3995
3.1472959518432617,3994
3.150743007659912,3993
3.154214859008789,3992
3.1575138568878174,3991
3.1609578132629395,3990
3.1642439365386963,3989
3.167703628540039,3988
3.171001672744751,3987
3.1744697093963623,3986
3.177751064300537,3985
3.1811749935150146,3984
3.184461832046509,3983
3.187924861907959,3982
3.19122576713562,3981
3.194680690765381,3980
3.1979739665985107,3979
3.2014057636260986,3978
3.2046878337860107,3977
3.2081546783447266,3976
3.211444854736328,3975
3.2148826122283936,3974
3.218273878097534,3973
3.2218098640441895,3972
3.225109815597534,3971
3.2285797595977783,3970
3.231876850128174,3969
3.235318899154663,3968
3.2466816902160645,3967
3.249976634979248,3966
3.253422737121582,3965
3.2567198276519775,3964
3.2601516246795654,3963
3.263422966003418,3962
3.266875743865967,3961
3.270176887512207,3960
3.2736146450042725,3959
3.2768986225128174,3958
3.2803468704223633,3957
3.2836380004882812,3956
3.2870988845825195,3955
3.2904000282287598,3954
3.2938408851623535,3953
3.297133684158325,3952
3.300574779510498,3951
3.3038618564605713,3950
3.30732798576355,3949
3.310617685317993,3948
3.3140757083892822,3947
3.317368745803833,3946
3.3208119869232178,3945
3.3241138458251953,3944
3.3275840282440186,3943
3.3308699131011963,3942
3.3343138694763184,3941
3.3376078605651855,3940
3.341040849685669,3939
3.344313859939575,3938
3.3477609157562256,3937
3.3510568141937256,3936
3.3545479774475098,3935
3.3578579425811768,3934
3.3613009452819824,3933
3.36458683013916,3932
3.368048906326294,3931
3.371342658996582,3930
3.374802827835083,3929
3.37809681892395,3928
3.3815338611602783,3927
3.3848018646240234,3926
3.388260841369629,3925
3.3915538787841797,3924
3.394993782043457,3923
3.398284912109375,3922
3.4017317295074463,3921
3.4050278663635254,3920
3.408493757247925,3919
3.411799669265747,3918
3.4152438640594482,3917
3.4185290336608887,3916
3.4219717979431152,3915
3.42527174949646,3914
3.428745985031128,3913
3.432034730911255,3912
3.4354898929595947,3911
3.438788890838623,3910
3.4422059059143066,3909
3.44549560546875,3908
3.448946952819824,3907
3.4522459506988525,3906
3.4557008743286133,3905
3.4589896202087402,3904
3.462423801422119,3903
3.4657108783721924,3902
3.469158887863159,3901
3.472440719604492,3900
3.475886821746826,3899
3.4791817665100098,3898
3.48262095451355,3897
3.485907793045044,3896
3.489365816116333,3895
3.492637872695923,3894
3.496083974838257,3893
3.499379873275757,3892
3.502809762954712,3891
3.5060877799987793,3890
3.5095407962799072,3889
3.5128366947174072,3888
3.5162668228149414,3887
3.5195558071136475,3886
3.522993803024292,3885
3.526273012161255,3884
3.5297138690948486,3883
3.5330028533935547,3882
3.536451816558838,3881
3.539736747741699,3880
3.5431618690490723,3879
3.546433925628662,3878
3.5499017238616943,3877
3.5532028675079346,3876
3.5566537380218506,3875
3.5599496364593506,3874
3.5633866786956787,3873
3.5666937828063965,3872
3.5701539516448975,3871
3.5734519958496094,3870
3.576894998550415,3869
3.5801758766174316,3868
3.583601951599121,3867
3.5868709087371826,3866
3.590324878692627,3865
3.5936219692230225,3864
3.597066879272461,3863
3.600343704223633,3862
3.603785991668701,3861
3.6070687770843506,3860
3.610520839691162,3859
3.6138248443603516,3858
3.6172728538513184,3857
3.620567798614502,3856
3.62400484085083,3855
3.6272759437561035,3854
3.630718946456909,3853
3.634011745452881,3852
3.6374740600585938,3851
3.6407737731933594,3850
3.6442108154296875,3849
3.6474838256835938,3848
3.6509199142456055,3847
3.6541929244995117,3846
3.65763783454895,3845
3.6609299182891846,3844
3.6643588542938232,3843
3.6676249504089355,3842
3.6710877418518066,3841
3.674384832382202,3840
3.6778249740600586,3839
3.681123733520508,3838
3.6845757961273193,3837
3.6878557205200195,3836
3.6913137435913086,3835
3.6946098804473877,3834
3.698042869567871,3833
3.701328754425049,3832
3.7047688961029053,3831
3.708051919937134,3830
3.7114999294281006,3829
3.7147977352142334,3828
3.718247890472412,3827
3.7215328216552734,3826
3.7249767780303955,3825
3.7282679080963135,3824
3.7317140102386475,3823
3.7350106239318848,3822
3.738473892211914,3821
3.741757869720459,3820
3.7452008724212646,3819
3.7484889030456543,3818
3.75193190574646,3817
3.7552318572998047,3816
3.7586770057678223,3815
3.7619547843933105,3814
3.7653989791870117,3813
3.7686829566955566,3812
3.7721269130706787,3811
3.775424003601074,3810
3.778913974761963,3809
3.7822117805480957,3808
3.7856578826904297,3807
3.788944721221924,3806
3.7923898696899414,3805
3.7956669330596924,3804
3.7991058826446533,3803
3.8023979663848877,3802
3.8058407306671143,3801
3.809124708175659,3800
3.812563896179199,3799
3.815858840942383,3798
3.8193159103393555,3797
3.822613000869751,3796
3.826056957244873,3795
3.8293328285217285,3794
3.832782745361328,3793
3.836082935333252,3792
3.8395419120788574,3791
3.8428397178649902,3790
3.8462767601013184,3789
3.849557876586914,3788
3.853015661239624,3787
3.856311798095703,3786
3.8597629070281982,3785
3.8630530834198,3784
3.8664979934692383,3783
3.869769811630249,3782
3.8732097148895264,3781
3.8765008449554443,3780
3.87994384765625,3779
3.883227825164795,3778
3.886662721633911,3777
3.889934778213501,3776
3.89339280128479,3775
3.896713972091675,3774
3.900162696838379,3773
3.903446912765503,3772
3.906885862350464,3771
3.9101548194885254,3770
3.9135959148406982,3769
3.916874885559082,3768
3.9203219413757324,3767
3.923609733581543,3766
3.927036762237549,3765
3.9303059577941895,3764
3.933757781982422,3763
3.9370486736297607,3762
3.9404799938201904,3761
3.94376277923584,3760
3.9472079277038574,3759
3.9504876136779785,3758
3.953927755355835,3757
3.9572198390960693,3756
3.960669755935669,3755
3.963953733444214,3754
3.9673967361450195,3753
3.970681667327881,3752
3.974125623703003,3751
3.977428913116455,3750
3.980886936187744,3749
3.984179973602295,3748
3.987623929977417,3747
3.990933895111084,3746
3.9943947792053223,3745
3.997699737548828,3744
4.0011608600616455,3743
4.004457950592041,3742
4.007886648178101,3741
4.011171817779541,3740
4.014626741409302,3739
4.017908811569214,3738
4.021379709243774,3737
4.024799823760986,3736
4.028272867202759,3735
4.031571865081787,3734
4.035027980804443,3733
4.038326025009155,3732
4.0417656898498535,3731
4.045045852661133,3730
4.048484802246094,3729
4.051775932312012,3728
4.060252904891968,3727
4.0635387897491455,3726
4.066971778869629,3725
4.070244789123535,3724
4.073696851730347,3723
4.076983690261841,3722
4.080418825149536,3721
4.08369779586792,3720
4.087145805358887,3719
4.090429782867432,3718
4.093879699707031,3717
4.097165822982788,3716
4.1006200313568115,3715
4.103912830352783,3714
4.107345819473267,3713
4.110634803771973,3712
4.1140899658203125,3711
4.11737585067749,3710
4.1208109855651855,3709
4.124105930328369,3708
4.127544641494751,3707
4.130819797515869,3706
4.134259939193726,3705
4.137558937072754,3704
4.1410088539123535,3703
4.144287824630737,3702
4.147740840911865,3701
4.15102481842041,3700
4.154469728469849,3699
4.1577677726745605,3698
4.1612160205841064,3697
4.1644957065582275,3696
4.167937994003296,3695
4.171213626861572,3694
4.1767706871032715,3693
4.1802167892456055,3692
4.1835057735443115,3691
4.186933994293213,3690
4.1902148723602295,3689
4.193665027618408,3688
4.196950912475586,3687
4.2004029750823975,3686
4.2037036418914795,3685
4.207138776779175,3684
4.213038682937622,3683
4.219517946243286,3682
4.222818613052368,3681
4.22625470161438,3680
4.229540824890137,3679
4.237612009048462,3678
4.240917921066284,3677
4.244370937347412,3676
4.250481843948364,3675
4.256510972976685,3674
4.259791851043701,3673
4.265330791473389,3672
4.2709128856658936,3671
4.277360916137695,3670
4.286843776702881,3669
4.297569990158081,3668
4.300846815109253,3667
4.304293870925903,3666
4.310664892196655,3665
4.316459894180298,3664
4.3222808837890625,3663
4.327858924865723,3662
4.3431396484375,3661
4.3464319705963135,3660
4.349876880645752,3659
4.353160858154297,3658
4.3566179275512695,3657
4.362963914871216,3656
4.366252660751343,3655
4.371652841567993,3654
4.378163814544678,3653
4.381613731384277,3652
4.384876012802124,3651
4.388309955596924,3650
4.397416830062866,3649
4.400847673416138,3648
4.404139995574951,3647
4.407577753067017,3646
4.413081884384155,3645
4.41963791847229,3644
4.43024468421936,3643
4.433543920516968,3642
4.440029859542847,3641
4.443474769592285,3640
4.446761846542358,3639
4.458142995834351,3638
4.461582660675049,3637
4.472665786743164,3636
4.477943658828735,3635
4.481212854385376,3634
4.489974021911621,3633
4.495400905609131,3632
4.501965045928955,3631
4.508099794387817,3630
4.5140626430511475,3629
4.517356634140015,3628
4.520808935165405,3627
4.524105787277222,3626
4.529806852340698,3625
4.5351738929748535,3624
4.538618803024292,3623
4.5419018268585205,3622
4.545361757278442,3621
4.548701763153076,3620
4.552154779434204,3619
4.555439710617065,3618
4.558909893035889,3617
4.562198877334595,3616
4.565642833709717,3615
4.568947792053223,3614
4.572414875030518,3613
4.575711965560913,3612
4.5791778564453125,3611
4.582464933395386,3610
4.585903882980347,3609
4.592413902282715,3608
4.595703840255737,3607
4.599156856536865,3606
4.602442979812622,3605
4.608581781387329,3604
4.6120288372039795,3603
4.6175806522369385,3602
4.622926712036133,3601
4.626222848892212,3600
4.629648923873901,3599
4.6355509757995605,3598
4.6388468742370605,3597
4.642295837402344,3596
4.645578861236572,3595
4.649019718170166,3594
4.652309894561768,3593
4.66237473487854,3592
4.665670871734619,3591
4.6714818477630615,3590
4.674949884414673,3589
4.678241014480591,3588
4.6846559047698975,3587
4.68809700012207,3586
4.691374778747559,3585
4.694822788238525,3584
4.6981189250946045,3583
4.701554775238037,3582
4.704833030700684,3581
4.708272695541382,3580
4.711559772491455,3579
4.715003728866577,3578
4.718287706375122,3577
4.7217347621917725,3576
4.727727890014648,3575
4.7310216426849365,3574
4.734482765197754,3573
4.737772703170776,3572
4.741210699081421,3571
4.744507789611816,3570
4.7542808055877686,3569
4.757720708847046,3568
4.763463735580444,3567
4.7701427936553955,3566
4.775747776031494,3565
4.783766031265259,3564
4.787216901779175,3563
4.790518045425415,3562
4.797215938568115,3561
4.800640821456909,3560
4.803920745849609,3559
4.807381868362427,3558
4.810718774795532,3557
4.816397666931152,3556
4.819828987121582,3555
4.825734853744507,3554
4.831587791442871,3553
4.8348658084869385,3552
4.838298797607422,3551
4.844631671905518,3550
4.8479228019714355,3549
4.851377725601196,3548
4.854673862457275,3547
4.858104705810547,3546
4.861368656158447,3545
4.864811897277832,3544
4.868090867996216,3543
4.87352180480957,3542
4.880852937698364,3541
4.88415002822876,3540
4.887589693069458,3539
4.8908867835998535,3538
4.894331932067871,3537
4.897611856460571,3536
4.901052951812744,3535
4.904350996017456,3534
4.907801866531372,3533
4.9110846519470215,3532
4.914531707763672,3531
4.917832851409912,3530
4.921294689178467,3529
4.924578666687012,3528
4.928025722503662,3527
4.931306838989258,3526
4.937272787094116,3525
4.94073486328125,3524
4.94703483581543,3523
4.950319766998291,3522
4.953763723373413,3521
4.957050800323486,3520
4.9604997634887695,3519
4.963778018951416,3518
4.9672346115112305,3517
4.970505952835083,3516
4.973918914794922,3515
4.977190732955933,3514
4.983273983001709,3513
4.9867987632751465,3512
4.990177869796753,3511
4.99641489982605,3510
4.999845743179321,3509
5.003175735473633,3508
5.006596803665161,3507
5.009914875030518,3506
5.0163819789886475,3505
5.019800662994385,3504
5.023113965988159,3503
5.026547908782959,3502
5.029869794845581,3501
5.033283710479736,3500
5.042376756668091,3499
5.045795679092407,3498
5.049112796783447,3497
5.0525407791137695,3496
5.055883884429932,3495
5.059345722198486,3494
5.062675952911377,3493
5.0661046504974365,3492
5.069426774978638,3491
5.072859764099121,3490
5.0761778354644775,3489
5.081641912460327,3488
5.0850749015808105,3487
5.088404893875122,3486
5.091824769973755,3485
5.098367929458618,3484
5.10410475730896,3483
5.110507011413574,3482
5.113822937011719,3481
5.117235898971558,3480
5.120546817779541,3479
5.123976945877075,3478
5.127297878265381,3477
5.130718946456909,3476
5.137148857116699,3475
5.147799730300903,3474
5.1511170864105225,3473
5.154530048370361,3472
5.1579248905181885,3471
5.161405801773071,3470
5.164784908294678,3469
5.170990705490112,3468
5.174469709396362,3467
5.180909633636475,3466
5.184304714202881,3465
5.187804937362671,3464
5.191204786300659,3463
5.197903871536255,3462
5.20141077041626,3461
5.21003270149231,3460
5.213554859161377,3459
5.216919660568237,3458
5.2204248905181885,3457
5.223844766616821,3456
5.229399681091309,3455
5.236280679702759,3454
5.239766836166382,3453
5.243161678314209,3452
5.246651887893677,3451
5.254627704620361,3450
5.25812292098999,3449
5.26151704788208,3448
5.265014886856079,3447
5.2684197425842285,3446
5.271929740905762,3445
5.2753307819366455,3444
5.280659914016724,3443
5.284175872802734,3442
5.287564039230347,3441
5.291051864624023,3440
5.294457674026489,3439
5.297970771789551,3438
5.30138897895813,3437
5.304855823516846,3436
5.308251857757568,3435
5.311742782592773,3434
5.31512975692749,3433
5.318637847900391,3432
5.32787299156189,3431
5.331362724304199,3430
5.334756851196289,3429
5.340351819992065,3428
5.346232652664185,3427
5.349741697311401,3426
5.353135824203491,3425
5.37375283241272,3424
5.379299640655518,3423
5.382705926895142,3422
5.386189699172974,3421
5.389573812484741,3420
5.393069744110107,3419
5.396463871002197,3418
5.39996075630188,3417
5.40569281578064,3416
5.4091126918792725,3415
5.415167808532715,3414
5.418737888336182,3413
5.422123908996582,3412
5.425605773925781,3411
5.432175874710083,3410
5.435557842254639,3409
5.442240953445435,3408
5.445717811584473,3407
5.449110984802246,3406
5.4525978565216064,3405
5.459043741226196,3404
5.462435722351074,3403
5.465897798538208,3402
5.471519947052002,3401
5.477751731872559,3400
5.481114864349365,3399
5.484577894210815,3398
5.4879469871521,3397
5.491402864456177,3396
5.497875928878784,3395
5.5012617111206055,3394
5.506621837615967,3393
5.512650012969971,3392
5.516111850738525,3391
5.519479036331177,3390
5.5229268074035645,3389
5.526281833648682,3388
5.531597852706909,3387
5.537790775299072,3386
5.541258811950684,3385
5.547762870788574,3384
5.551115036010742,3383
5.554576873779297,3382
5.557938814163208,3381
5.561409950256348,3380
5.564772844314575,3379
5.56822395324707,3378
5.575829982757568,3377
5.579291820526123,3376
5.584579706192017,3375
5.587942838668823,3374
5.5973029136657715,3373
5.6006598472595215,3372
5.604111671447754,3371
5.607480764389038,3370
5.6163718700408936,3369
5.619755983352661,3368
5.623211860656738,3367
5.62656569480896,3366
5.6332128047943115,3365
5.636670827865601,3364
5.640024662017822,3363
5.643471717834473,3362
5.646838903427124,3361
5.650301933288574,3360
5.653659820556641,3359
5.65713095664978,3358
5.660499811172485,3357
5.6661577224731445,3356
5.671813726425171,3355
5.677343845367432,3354
5.682658672332764,3353
5.686126708984375,3352
5.6948018074035645,3351
5.700689792633057,3350
5.70416784286499,3349
5.707542896270752,3348
5.710999011993408,3347
5.714370012283325,3346
5.720205783843994,3345
5.729742765426636,3344
5.733115911483765,3343
5.739404916763306,3342
5.742916822433472,3341
5.749291896820068,3340
5.760166883468628,3339
5.763524770736694,3338
5.768921852111816,3337
5.77240777015686,3336
5.778156042098999,3335
5.781520843505859,3334
5.78498101234436,3333
5.794115781784058,3332
5.803258895874023,3331
5.806611776351929,3330
5.812021970748901,3329
5.815481662750244,3328
5.820817947387695,3327
5.827517747879028,3326
5.830883741378784,3325
5.8343329429626465,3324
5.83769965171814,3323
5.841160774230957,3322
5.844513893127441,3321
5.850634813308716,3320
5.863726854324341,3319
5.867092847824097,3318
5.8756396770477295,3317
5.879007816314697,3316
5.8854358196258545,3315
5.888870716094971,3314
5.892198801040649,3313
5.895622730255127,3312
5.900982856750488,3311
5.904327869415283,3310
5.91013503074646,3309
5.915758848190308,3308
5.919249773025513,3307
5.927733898162842,3306
5.936135768890381,3305
5.939496755599976,3304
5.954265832901001,3303
5.957616806030273,3302
5.9610817432403564,3301
5.966501712799072,3300
5.9698569774627686,3299
5.973310947418213,3298
5.979400873184204,3297
5.987172842025757,3296
5.997022867202759,3295
6.0055999755859375,3294
6.009055852890015,3293
6.0152587890625,3292
6.0186238288879395,3291
6.022066831588745,3290
6.02544093132019,3289
6.028903961181641,3288
6.032264947891235,3287
6.035731792449951,3286
6.039098739624023,3285
6.042558908462524,3284
6.048372983932495,3283
6.078297853469849,3282
6.084742784500122,3281
6.092987775802612,3280
6.096353054046631,3279
6.102289915084839,3278
6.105754852294922,3277
6.111925840377808,3276
6.122967720031738,3275
6.129519701004028,3274
6.132877826690674,3273
6.136332035064697,3272
6.1421239376068115,3271
6.155884742736816,3270
6.159350872039795,3269
6.165328741073608,3268
6.170558929443359,3267
6.1763646602630615,3266
6.182701826095581,3265
6.186054944992065,3264
6.189504861831665,3263
6.192871809005737,3262
6.19633674621582,3261
6.2020227909088135,3260
6.205381870269775,3259
6.21065878868103,3258
6.214128732681274,3257
6.225589990615845,3256
6.233057975769043,3255
6.236509799957275,3254
6.239864826202393,3253
6.246204853057861,3252
6.252152681350708,3251
6.255620718002319,3250
6.25898289680481,3249
6.262434720993042,3248
6.265788793563843,3247
6.271090745925903,3246
6.281466722488403,3245
6.284921884536743,3244
6.290966987609863,3243
6.2943806648254395,3242
6.2978737354278564,3241
6.303918838500977,3240
6.315304756164551,3239
6.318690776824951,3238
6.327503681182861,3237
6.338819742202759,3236
6.342212677001953,3235
6.350644826889038,3234
6.356245994567871,3233
6.361939907073975,3232
6.365342855453491,3231
6.371601819992065,3230
6.375126838684082,3229
6.378545761108398,3228
6.382060766220093,3227
6.390686988830566,3226
6.394205808639526,3225
6.397620916366577,3224
6.403176784515381,3223
6.409412860870361,3222
6.418697834014893,3221
6.4220757484436035,3220
6.4274680614471436,3219
6.430954933166504,3218
6.434314012527466,3217
6.4411327838897705,3216
6.446470737457275,3215
6.449954032897949,3214
6.453330755233765,3213
6.459606885910034,3212
6.46309494972229,3211
6.466485023498535,3210
6.46999192237854,3209
6.473366022109985,3208
6.47683572769165,3207
6.480205059051514,3206
6.483690977096558,3205
6.489267826080322,3204
6.497811794281006,3203
6.501284837722778,3202
6.504652976989746,3201
6.508137941360474,3200
6.514727830886841,3199
6.518104791641235,3198
6.521592855453491,3197
6.524982929229736,3196
6.5380699634552,3195
6.544795751571655,3194
6.548182010650635,3193
6.55166482925415,3192
6.566228866577148,3191
6.57203483581543,3190
6.582437753677368,3189
6.588927984237671,3188
6.592401742935181,3187
6.595785856246948,3186
6.599272966384888,3185
6.602668046951294,3184
6.606170892715454,3183
6.612933874130249,3182
6.616322040557861,3181
6.619809865951538,3180
6.623241901397705,3179
6.626717805862427,3178
6.637009859085083,3177
6.640373945236206,3176
6.647187948226929,3175
6.650643825531006,3174
6.6540069580078125,3173
6.657475709915161,3172
6.660855770111084,3171
6.664331912994385,3170
6.667850971221924,3169
6.674938678741455,3168
6.68117880821228,3167
6.684659957885742,3166
6.6924238204956055,3165
6.6980297565460205,3164
6.7014899253845215,3163
6.709540843963623,3162
6.713010787963867,3161
6.716389894485474,3160
6.719846725463867,3159
6.723208904266357,3158
6.726676940917969,3157
6.730044841766357,3156
6.738320827484131,3155
6.741684913635254,3154
6.74848198890686,3153
6.751920700073242,3152
6.755267858505249,3151
6.7587220668792725,3150
6.762086868286133,3149
6.765552759170532,3148
6.7689127922058105,3147
6.775330066680908,3146
6.778780937194824,3145
6.782145977020264,3144
6.785603761672974,3143
6.793912649154663,3142
6.797342777252197,3141
6.802731990814209,3140
6.808239698410034,3139
6.811571836471558,3138
6.817292928695679,3137
6.820753812789917,3136
6.8241188526153564,3135
6.827587842941284,3134
6.833232879638672,3133
6.836603879928589,3132
6.842395782470703,3131
6.853248834609985,3130
6.856717824935913,3129
6.860051870346069,3128
6.868210792541504,3127
6.871588706970215,3126
6.877527713775635,3125
6.880987882614136,3124
6.890248775482178,3123
6.8936707973480225,3122
6.908248662948608,3121
6.914522886276245,3120
6.9179768562316895,3119
6.921320915222168,3118
6.924784898757935,3117
6.936307907104492,3116
6.939683675765991,3115
6.946917772293091,3114
6.9502787590026855,3113
6.955565690994263,3112
6.966024875640869,3111
6.969498872756958,3110
6.974887847900391,3109
6.980233907699585,3108
6.9836108684539795,3107
6.994292974472046,3106
7.004751682281494,3105
7.011425971984863,3104
7.014888763427734,3103
7.018242835998535,3102
7.024325847625732,3101
7.031027793884277,3100
7.034498691558838,3099
7.037887811660767,3098
7.041352987289429,3097
7.044731855392456,3096
7.048195838928223,3095
7.051569938659668,3094
7.058002948760986,3093
7.0641868114471436,3092
7.067650079727173,3091
7.0710108280181885,3090
7.074481725692749,3089
7.07782769203186,3088
7.08365797996521,3087
7.0923638343811035,3086
7.095738887786865,3085
7.102052688598633,3084
7.105525016784668,3083
7.108900785446167,3082
7.114890813827515,3081
7.118360757827759,3080
7.125108957290649,3079
7.128481864929199,3078
7.131941795349121,3077
7.135278701782227,3076
7.138750791549683,3075
7.142117738723755,3074
7.1455817222595215,3073
7.148935794830322,3072
7.156275987625122,3071
7.159637928009033,3070
7.1631059646606445,3069
7.166478872299194,3068
7.169940948486328,3067
7.175282955169678,3066
7.1786439418792725,3065
7.185343980789185,3064
7.191228866577148,3063
7.194683790206909,3062
7.1980369091033936,3061
7.201483964920044,3060
7.2048749923706055,3059
7.208343744277954,3058
7.211694717407227,3057
7.223289728164673,3056
7.226744651794434,3055
7.232881784439087,3054
7.238830804824829,3053
7.242204904556274,3052
7.245678663253784,3051
7.251213788986206,3050
7.2569098472595215,3049
7.260284900665283,3048
7.271214723587036,3047
7.274704694747925,3046
7.278105735778809,3045
7.2815937995910645,3044
7.290960788726807,3043
7.297276735305786,3042
7.302727937698364,3041
7.306201696395874,3040
7.311856746673584,3039
7.315215826034546,3038
7.318696975708008,3037
7.3220508098602295,3036
7.32551383972168,3035
7.328881740570068,3034
7.332350969314575,3033
7.335709810256958,3032
7.339181661605835,3031
7.364189863204956,3030
7.367543697357178,3029
7.371018886566162,3028
7.374404668807983,3027
7.382758855819702,3026
7.389073848724365,3025
7.3951427936553955,3024
7.398505926132202,3023
7.40196681022644,3022
7.411798000335693,3021
7.415243864059448,3020
7.418616771697998,3019
7.422086715698242,3018
7.425451040267944,3017
7.428887605667114,3016
7.43226170539856,3015
7.4357428550720215,3014
7.4390997886657715,3013
7.44254994392395,3012
7.445924758911133,3011
7.454784870147705,3010
7.458160877227783,3009
7.461618900299072,3008
7.467845916748047,3007
7.471211910247803,3006
7.474685907363892,3005
7.478051662445068,3004
7.483802795410156,3003
7.487270832061768,3002
7.490633964538574,3001
7.494103670120239,3000
7.497470855712891,2999
7.502746820449829,2998
7.506215810775757,2997
7.509573698043823,2996
7.516272783279419,2995
7.522071838378906,2994
7.53069281578064,2993
7.534063816070557,2992
7.539628744125366,2991
7.543133974075317,2990
7.5464928150177,2989
7.5499608516693115,2988
7.558079957962036,2987
7.566490888595581,2986
7.569858074188232,2985
7.573336839675903,2984
7.576713800430298,2983
7.580184698104858,2982
7.58355188369751,2981
7.5869996547698975,2980
7.590331792831421,2979
7.593771934509277,2978
7.597108840942383,2977
7.6005706787109375,2976
7.607334852218628,2975
7.610713720321655,2974
7.614170789718628,2973
7.617562770843506,2972
7.621022939682007,2971
7.624399900436401,2970
7.627867937088013,2969
7.631232976913452,2968
7.63469386100769,2967
7.638055801391602,2966
7.641490936279297,2965
7.644848823547363,2964
7.6483190059661865,2963
7.6542699337005615,2962
7.657627820968628,2961
7.661083936691284,2960
7.664456844329834,2959
7.667904853820801,2958
7.671245813369751,2957
7.674705743789673,2956
7.67999267578125,2955
7.6882429122924805,2954
7.694453954696655,2953
7.697905778884888,2952
7.701261043548584,2951
7.704721927642822,2950
7.708088636398315,2949
7.714408874511719,2948
7.717860698699951,2947
7.721223831176758,2946
7.72471284866333,2945
7.7306177616119385,2944
7.73400092124939,2943
7.743360996246338,2942
7.746740818023682,2941
7.752509832382202,2940
7.769563913345337,2939
7.773054838180542,2938
7.781483888626099,2937
7.7849578857421875,2936
7.788348913192749,2935
7.797133684158325,2934
7.8005218505859375,2933
7.804006814956665,2932
7.809345006942749,2931
7.812731742858887,2930
7.8162219524383545,2929
7.821783781051636,2928
7.825238943099976,2927
7.828737020492554,2926
7.8349928855896,2925
7.838364839553833,2924
7.8465657234191895,2923
7.849926710128784,2922
7.853385925292969,2921
7.862322807312012,2920
7.865805625915527,2919
7.871612787246704,2918
7.877934694290161,2917
7.883459806442261,2916
7.886821746826172,2915
7.89297890663147,2914
7.896435976028442,2913
7.899815797805786,2912
7.903284788131714,2911
7.906647682189941,2910
7.916984796524048,2909
7.9204490184783936,2908
7.923823833465576,2907
7.930292844772339,2906
7.933762073516846,2905
7.937124729156494,2904
7.945460796356201,2903
7.948831796646118,2902
7.955261945724487,2901
7.958720922470093,2900
7.975906848907471,2899
7.979376792907715,2898
7.98275089263916,2897
7.986209869384766,2896
7.9929656982421875,2895
7.996307849884033,2894
7.999760866165161,2893
8.003133773803711,2892
8.00659990310669,2891
8.0099618434906,2890
8.018990755081177,2889
8.022360801696777,2888
8.025830745697021,2887
8.032103776931763,2886
8.046056985855103,2885
8.049506664276123,2884
8.05285382270813,2883
8.058810710906982,2882
8.062252044677734,2881
8.067768812179565,2880
8.075350999832153,2879
8.090312957763672,2878
8.097102880477905,2877
8.100474834442139,2876
8.106091022491455,2875
8.122910976409912,2874
8.1284658908844,2873
8.131922960281372,2872
8.1352858543396,2871
8.138736724853516,2870
8.142107725143433,2869
8.145565748214722,2868
8.148928880691528,2867
8.15237283706665,2866
8.155749797821045,2865
8.159265041351318,2864
8.162641763687134,2863
8.168774843215942,2862
8.174988031387329,2861
8.178443908691406,2860
8.181822776794434,2859
8.185290813446045,2858
8.188654661178589,2857
8.192118883132935,2856
8.198103666305542,2855
8.201456785202026,2854
8.207390785217285,2853
8.210845947265625,2852
8.214210748672485,2851
8.219826936721802,2850
8.22328495979309,2849
8.226642847061157,2848
8.230100870132446,2847
8.233470916748047,2846
8.236921787261963,2845
8.24028992652893,2844
8.243783950805664,2843
8.247172832489014,2842
8.250677824020386,2841
8.254085779190063,2840
8.257566928863525,2839
8.260956764221191,2838
8.264410734176636,2837
8.26777696609497,2836
8.273842811584473,2835
8.277308940887451,2834
8.280669927597046,2833
8.284146785736084,2832
8.287514686584473,2831
8.295836925506592,2830
8.299201965332031,2829
8.302661895751953,2828
8.308210849761963,2827
8.311583995819092,2826
8.315062999725342,2825
8.320480823516846,2824
8.323860883712769,2823
8.327322721481323,2822
8.330676794052124,2821
8.334156036376953,2820
8.33752965927124,2819
8.343278646469116,2818
8.346739768981934,2817
8.350127696990967,2816
8.353590965270996,2815
8.356955766677856,2814
8.360404968261719,2813
8.365672826766968,2812
8.369045972824097,2811
8.372521877288818,2810
8.375889778137207,2809
8.379343748092651,2808
8.38270878791809,2807
8.388406991958618,2806
8.391864776611328,2805
8.395234823226929,2804
8.398711681365967,2803
8.40208888053894,2802
8.405608892440796,2801
8.412153720855713,2800
8.42309284210205,2799
8.426472902297974,2798
8.429992914199829,2797
8.433476686477661,2796
8.438857793807983,2795
8.442330837249756,2794
8.448866844177246,2793
8.455313920974731,2792
8.458679676055908,2791
8.462138891220093,2790
8.465512990951538,2789
8.477242708206177,2788
8.480713844299316,2787
8.487388849258423,2786
8.490763902664185,2785
8.50038766860962,2784
8.503735065460205,2783
8.510002851486206,2782
8.515914916992188,2781
8.519398927688599,2780
8.522770881652832,2779
8.526249885559082,2778
8.529621839523315,2777
8.534921884536743,2776
8.53844404220581,2775
8.545354843139648,2774
8.548772811889648,2773
8.552279710769653,2772
8.555692672729492,2771
8.55921483039856,2770
8.573386907577515,2769
8.580092906951904,2768
8.583609819412231,2767
8.587018966674805,2766
8.592759609222412,2765
8.598466634750366,2764
8.607259750366211,2763
8.610646963119507,2762
8.614135026931763,2761
8.617516040802002,2760
8.620994806289673,2759
8.626577854156494,2758
8.638023853302002,2757
8.641406774520874,2756
8.644866704940796,2755
8.648240804672241,2754
8.651715755462646,2753
8.655080795288086,2752
8.658553838729858,2751
8.663942813873291,2750
8.667308807373047,2749
8.670783996582031,2748
8.674148797988892,2747
8.680755853652954,2746
8.684226036071777,2745
8.687586069107056,2744
8.69105577468872,2743
8.704006910324097,2742
8.707478046417236,2741
8.71082878112793,2740
8.716335773468018,2739
8.719839811325073,2738
8.723217725753784,2737
8.728908061981201,2736
8.7323739528656,2735
8.73778772354126,2734
8.741156816482544,2733
8.744619846343994,2732
8.747990846633911,2731
8.751471757888794,2730
8.754852771759033,2729
8.75833797454834,2728
8.761718034744263,2727
8.767837762832642,2726
8.771314859390259,2725
8.774682760238647,2724
8.778161764144897,2723
8.781537055969238,2722
8.784997701644897,2721
8.788371801376343,2720
8.791841983795166,2719
8.795206785202026,2718
8.798669815063477,2717
8.802046775817871,2716
8.80759596824646,2715
8.811063051223755,2714
8.814410924911499,2713
8.817870855331421,2712
8.82368779182434,2711
8.83016586303711,2710
8.833540678024292,2709
8.836988925933838,2708
8.840367794036865,2707
8.843848943710327,2706
8.847240924835205,2705
8.853709697723389,2704
8.857181787490845,2703
8.860550880432129,2702
8.863991737365723,2701
8.867373704910278,2700
8.870876789093018,2699
8.889826774597168,2698
8.89653992652893,2697
8.907613754272461,2696
8.911086797714233,2695
8.914456844329834,2694
8.919848918914795,2693
8.925132036209106,2692
8.928602695465088,2691
8.931959629058838,2690
8.935420751571655,2689
8.938809871673584,2688
8.945082902908325,2687
8.951823711395264,2686
8.955293893814087,2685
8.958668947219849,2684
8.96984601020813,2683
8.977935791015625,2682
8.981308937072754,2681
8.990537881851196,2680
8.999622821807861,2679
9.003093004226685,2678
9.006460905075073,2677
9.009935855865479,2676
9.013361930847168,2675
9.016847848892212,2674
9.023571968078613,2673
9.032403945922852,2672
9.038404703140259,2671
9.041868925094604,2670
9.051341772079468,2669
9.057401657104492,2668
9.063347816467285,2667
9.066836833953857,2666
9.070226907730103,2665
9.073704957962036,2664
9.08212399482727,2663
9.085583686828613,2662
9.108478784561157,2661
9.122402667999268,2660
9.128877639770508,2659
9.1354238986969,2658
9.147000789642334,2657
9.158471822738647,2656
9.161942958831787,2655
9.165302991867065,2654
9.168765783309937,2653
9.172125816345215,2652
9.175595998764038,2651
9.17897081375122,2650
9.184587001800537,2649
9.188063859939575,2648
9.191438674926758,2647
9.194902896881104,2646
9.202509641647339,2645
9.20822787284851,2644
9.211680889129639,2643
9.21798586845398,2642
9.228624820709229,2641
9.23201584815979,2640
9.238242626190186,2639
9.24172067642212,2638
9.251585960388184,2637
9.255050897598267,2636
9.264471769332886,2635
9.267947912216187,2634
9.27132797241211,2633
9.274788856506348,2632
9.278150796890259,2631
9.283597707748413,2630
9.292595863342285,2629
9.295959711074829,2628
9.327255725860596,2627
9.332744836807251,2626
9.336206674575806,2625
9.341686964035034,2624
9.350374937057495,2623
9.353845834732056,2622
9.35954475402832,2621
9.366004943847656,2620
9.388603925704956,2619
9.391980648040771,2618
9.397519826889038,2617
9.407626867294312,2616
9.443549871444702,2615
9.446916818618774,2614
9.45458984375,2613
9.466525793075562,2612
9.472133874893188,2611
9.490341901779175,2610
9.497727870941162,2609
9.50372576713562,2608
9.520596981048584,2607
9.53318977355957,2606
9.536666870117188,2605
9.547799825668335,2604
9.56231689453125,2603
9.572844743728638,2602
9.58242678642273,2601
9.585870742797852,2600
9.60024881362915,2599
9.610909938812256,2598
9.614617824554443,2597
9.643285989761353,2596
9.682232856750488,2595
9.715595960617065,2594
9.721804857254028,2593
9.72527003288269,2592
9.734748840332031,2591
9.738139867782593,2590
9.741623640060425,2589
9.745827674865723,2588
9.758822917938232,2587
9.765280961990356,2586
9.779765844345093,2585
9.7831449508667,2584
9.789374828338623,2583
9.793092727661133,2582
9.796536684036255,2581
9.805746793746948,2580
9.819108724594116,2579
9.835777997970581,2578
9.842562675476074,2577
9.84596562385559,2576
9.861196041107178,2575
9.873785734176636,2574
9.879137992858887,2573
9.88746976852417,2572
9.89083981513977,2571
9.897160768508911,2570
9.900622844696045,2569
9.916393995285034,2568
9.919759750366211,2567
9.92322301864624,2566
9.931695699691772,2565
9.937881708145142,2564
9.952290773391724,2563
9.95830774307251,2562
9.961764812469482,2561
9.968000888824463,2560
9.975676774978638,2559
9.985824823379517,2558
9.997150897979736,2557
10.00385308265686,2556
10.007232904434204,2555
10.015609741210938,2554
10.019001722335815,2553
10.022472858428955,2552
10.028578758239746,2551
10.049552917480469,2550
10.069254875183105,2549
10.082941770553589,2548
10.089062929153442,2547
10.095472812652588,2546
10.09883189201355,2545
10.104153871536255,2544
10.111887693405151,2543
10.123764991760254,2542
10.127155780792236,2541
10.130643844604492,2540
10.13876485824585,2539
10.144268035888672,2538
10.150451898574829,2537
10.166502714157104,2536
10.172744989395142,2535
10.176212787628174,2534
10.179575681686401,2533
10.185251712799072,2532
10.19105577468872,2531
10.196791648864746,2530
10.222436666488647,2529
10.242208003997803,2528
10.250783920288086,2527
10.254126787185669,2526
10.262024879455566,2525
10.265356063842773,2524
10.273752689361572,2523
10.280466794967651,2522
10.294445753097534,2521
10.297793865203857,2520
10.316181898117065,2519
10.33678674697876,2518
10.342828750610352,2517
10.348708868026733,2516
10.356380939483643,2515
10.373788833618164,2514
10.392802715301514,2513
10.405138969421387,2512
10.43380093574524,2511
10.437301874160767,2510
10.4459388256073,2509
10.455144882202148,2508
10.475514888763428,2507
10.501129865646362,2506
10.526224851608276,2505
10.52973484992981,2504
10.535629749298096,2503
10.544939994812012,2502
10.556310892105103,2501
10.578224897384644,2500
10.59976077079773,2499
10.609595775604248,2498
10.617873907089233,2497
10.63066577911377,2496
10.642074823379517,2495
10.65144968032837,2494
10.654790878295898,2493
10.674851655960083,2492
10.695215702056885,2491
10.702875852584839,2490
10.711166858673096,2489
10.719491720199585,2488
10.731993675231934,2487
10.735536813735962,2486
10.738853693008423,2485
10.742342710494995,2484
10.74567174911499,2483
10.753820896148682,2482
10.757166862487793,2481
10.760649919509888,2480
10.778778791427612,2479
10.795545816421509,2478
10.799039840698242,2477
10.802385807037354,2476
10.805882692337036,2475
10.81187891960144,2474
10.815194845199585,2473
10.825170755386353,2472
10.830936670303345,2471
10.834428787231445,2470
10.843488931655884,2469
10.848821878433228,2468
10.855599880218506,2467
10.86392879486084,2466
10.873933792114258,2465
10.880228757858276,2464
10.88383674621582,2463
10.89553689956665,2462
10.898996829986572,2461
10.902341842651367,2460
10.90588903427124,2459
10.912497758865356,2458
10.915851831436157,2457
10.942620754241943,2456
10.956557750701904,2455
10.985005855560303,2454
10.996043920516968,2453
10.99937891960144,2452
11.039077758789062,2451
11.050873756408691,2450
11.09214162826538,2449
11.105433702468872,2448
11.108911752700806,2447
11.131321668624878,2446
11.140449047088623,2445
11.150173902511597,2444
11.153692960739136,2443
11.157034873962402,2442
11.162958860397339,2441
11.168766975402832,2440
11.172260761260986,2439
11.175599813461304,2438
11.179105043411255,2437
11.19144868850708,2436
11.202897787094116,2435
11.223631858825684,2434
11.227129697799683,2433
11.23046588897705,2432
11.239279747009277,2431
11.242619752883911,2430
11.249069690704346,2429
11.257067918777466,2428
11.267916917800903,2427
11.273329734802246,2426
11.279822826385498,2425
11.283185720443726,2424
11.30958104133606,2423
11.31881594657898,2422
11.322317838668823,2421
11.329794645309448,2420
11.333285808563232,2419
11.336610078811646,2418
11.38593578338623,2417
11.389428853988647,2416
11.392753839492798,2415
11.411573886871338,2414
11.414891004562378,2413
11.420237064361572,2412
11.45999002456665,2411
11.49099588394165,2410
11.494487762451172,2409
11.530696868896484,2408
11.536467790603638,2407
11.544755935668945,2406
11.548085927963257,2405
11.563660860061646,2404
11.56953477859497,2403
11.58657193183899,2402
11.613812923431396,2401
11.625607967376709,2400
11.63862681388855,2399
11.649452686309814,2398
11.663757085800171,2397
11.66707181930542,2396
11.687579870223999,2395
11.708571910858154,2394
11.712533950805664,2393
11.720083951950073,2392
11.724358797073364,2391
11.730816841125488,2390
11.745331764221191,2389
11.765419960021973,2388
11.794949769973755,2387
11.806620836257935,2386
11.81072473526001,2385
11.818477630615234,2384
11.822394847869873,2383
11.859423875808716,2382
11.863395690917969,2381
11.867581844329834,2380
11.873862743377686,2379
11.883322715759277,2378
11.900544881820679,2377
11.914406776428223,2376
11.92057180404663,2375
11.946558952331543,2374
11.949901819229126,2373
11.955217838287354,2372
11.967150688171387,2371
11.97283387184143,2370
11.99986982345581,2369
12.021008729934692,2368
12.031229972839355,2367
12.035449743270874,2366
12.061132907867432,2365
12.084543943405151,2364
12.090955018997192,2363
12.097225904464722,2362
12.11841368675232,2361
12.124164819717407,2360
12.13104796409607,2359
12.137552738189697,2358
12.14346694946289,2357
12.167634963989258,2356
12.179480791091919,2355
12.188689947128296,2354
12.223004817962646,2353
12.22630500793457,2352
12.23389983177185,2351
12.256045818328857,2350
12.259371995925903,2349
12.277132987976074,2348
12.306641817092896,2347
12.320886850357056,2346
12.329941987991333,2345
12.365774869918823,2344
12.371890783309937,2343
12.40336275100708,2342
12.43455171585083,2341
12.470073699951172,2340
12.512544870376587,2339
12.524123907089233,2338
12.555161714553833,2337
12.573676824569702,2336
12.62922978401184,2335
12.688389778137207,2334
12.776170015335083,2333
12.806885719299316,2332
12.81784176826477,2331
12.82683277130127,2330
12.842426776885986,2329
12.846261978149414,2328
12.864800930023193,2327
12.887675762176514,2326
12.939517974853516,2325
12.943196773529053,2324
12.984812021255493,2323
12.997033834457397,2322
13.036493062973022,2321
13.167733907699585,2320
13.19099473953247,2319
13.211557865142822,2318
13.218562841415405,2317
13.23014783859253,2316
13.244080781936646,2315
13.25955581665039,2314
13.279296875,2313
13.340566873550415,2312
13.400126934051514,2311
13.43263578414917,2310
13.59083080291748,2309
13.811449766159058,2308
13.823606014251709,2307
13.846230030059814,2306
13.892429828643799,2305
13.945475816726685,2304
13.974886894226074,2303
13.982656002044678,2302
13.9998037815094,2301
14.130488634109497,2300
14.134055852890015,2299
14.239147901535034,2298
14.36403203010559,2297
14.388377666473389,2296
14.394386768341064,2295
14.39789891242981,2294
14.404723882675171,2293
14.410248756408691,2292
14.597952842712402,2291
14.668858766555786,2290
14.766333818435669,2289
14.796625852584839,2288
