0.0,65940
20.087404012680054,3028
20.088130235671997,3027
20.089076042175293,3026
20.093079090118408,3025
20.093834161758423,3024
20.09396004676819,3023
20.13567328453064,3022
20.135894060134888,3021
20.1359441280365,3020
20.137057065963745,3019
20.13756012916565,3018
20.137609004974365,3017
20.137659311294556,3016
20.137745141983032,3015
20.13790798187256,3014
20.14021921157837,3013
20.143003225326538,3012
20.14317226409912,3011
20.14440417289734,3010
20.144941091537476,3009
20.145146131515503,3008
20.14519500732422,3007
20.14544105529785,3006
20.145823001861572,3005
20.146713256835938,3004
20.148673057556152,3003
20.14872717857361,3002
20.148777961730957,3001
20.149721145629883,3000
20.161335229873657,2999
20.161877155303955,2998
20.16226625442505,2997
20.164781093597412,2996
20.16520404815674,2995
20.1652569770813,2994
20.165350914001465,2993
20.18927812576294,2992
20.189526081085205,2991
20.189576148986816,2990
20.18970227241516,2989
20.190300226211548,2988
20.19064497947693,2987
20.191331148147583,2986
20.195067882537842,2985
20.195277214050293,2984
20.20638918876648,2983
20.207236289978027,2982
20.207476139068604,2981
20.207526922225952,2980
20.207616090774536,2979
20.208640098571777,2978
20.208691120147705,2977
20.20885729789734,2976
20.210975170135498,2975
20.211174249649048,2974
20.211226224899292,2973
20.211462259292603,2972
20.21213698387146,2971
20.2121901512146,2970
20.212278127670288,2969
20.212806940078735,2968
20.212966918945312,2967
20.215383052825928,2966
20.215698957443237,2965
20.215793132781982,2964
20.216540336608887,2963
20.217040300369263,2962
20.21716618537903,2961
20.217411279678345,2960
20.219329118728638,2959
20.221434116363525,2958
20.222697019577026,2957
20.2227520942688,2956
20.22303318977356,2955
20.223121166229248,2954
20.223172187805176,2953
20.223820209503174,2952
20.22580313682556,2951
20.22678017616272,2950
20.227087259292603,2949
20.22765016555786,2948
20.227777004241943,2947
20.227903127670288,2946
20.227955102920532,2945
20.228044033050537,2944
20.22930407524109,2943
20.229653120040894,2942
20.229743242263794,2941
20.229794025421143,2940
20.230213165283203,2939
20.23082399368286,2938
20.231276035308838,2937
20.231365203857422,2936
20.233066082000732,2935
20.239036083221436,2934
20.239166021347046,2933
20.25580406188965,2932
20.255974292755127,2931
20.256100177764893,2930
20.25630021095276,2929
20.25716209411621,2928
20.25765109062195,2927
20.258767127990723,2926
20.267041206359863,2925
20.267210006713867,2924
20.267410039901733,2923
20.267499208450317,2922
20.26902198791504,2921
20.2691171169281,2920
20.269207239151,2919
20.269257068634033,2918
20.269689083099365,2917
20.26988911628723,2916
20.269941091537476,2915
20.278858184814453,2914
20.279776096343994,2913
20.283874034881592,2912
20.283931255340576,2911
20.284497261047363,2910
20.28462314605713,2909
20.28471302986145,2908
20.28516936302185,2907
20.285444259643555,2906
20.285678148269653,2905
20.285909175872803,2904
20.285998106002808,2903
20.286773204803467,2902
20.28708004951477,2901
20.291839122772217,2900
20.29189419746399,2899
20.29217529296875,2898
20.292375087738037,2897
20.293084144592285,2896
20.293211221694946,2895
20.293373107910156,2894
20.293461084365845,2893
20.293512105941772,2892
20.293752193450928,2891
20.294129133224487,2890
20.294289350509644,2889
20.294486045837402,2888
20.294538021087646,2887
20.294626235961914,2886
20.29486322402954,2885
20.29546809196472,2884
20.29577612876892,2883
20.296014070510864,2882
20.29610300064087,2881
20.296301126480103,2880
20.297072172164917,2879
20.297125101089478,2878
20.303377151489258,2877
20.303585052490234,2876
20.303858041763306,2875
20.304553031921387,2874
20.304968118667603,2873
20.305020093917847,2872
20.305943250656128,2871
20.30631709098816,2870
20.306369066238403,2869
20.306495189666748,2868
20.306875944137573,2867
20.3070011138916,2866
20.307339191436768,2865
20.307607173919678,2864
20.30787420272827,2863
20.30844211578369,2862
20.30878210067749,2861
20.309852361679077,2860
20.310415267944336,2859
20.310832262039185,2858
20.311102151870728,2857
20.31137728691101,2856
20.311611890792847,2855
20.31404399871826,2854
20.314256191253662,2853
20.314383268356323,2852
20.315202236175537,2851
20.315366983413696,2850
20.31541919708252,2849
20.315620183944702,2848
20.316355228424072,2847
20.319688081741333,2846
20.319887161254883,2845
20.320049285888672,2844
20.320210933685303,2843
20.32142210006714,2842
20.34023094177246,2841
20.340327978134155,2840
20.34075117111206,2839
20.341782093048096,2838
20.34190797805786,2837
20.342506170272827,2836
20.344218254089355,2835
20.363624095916748,2834
20.36383318901062,2833
20.365121126174927,2832
20.366040229797363,2831
20.366278171539307,2830
20.3668851852417,2829
20.366977214813232,2828
20.36790418624878,2827
20.371809005737305,2826
20.376384019851685,2825
20.377219200134277,2824
20.3773090839386,2823
20.37772512435913,2822
20.379323959350586,2821
20.385784149169922,2820
20.387566089630127,2819
20.38773012161255,2818
20.38810920715332,2817
20.389447927474976,2816
20.38953924179077,2815
20.393084049224854,2814
20.39492416381836,2813
20.395382165908813,2812
20.396358251571655,2811
20.396411895751953,2810
20.396613121032715,2809
20.398757219314575,2808
20.398956060409546,2807
20.399822235107422,2806
20.401005268096924,2805
20.401134252548218,2804
20.40165615081787,2803
20.402034044265747,2802
20.4032461643219,2801
20.403300285339355,2800
20.4033522605896,2799
20.40339994430542,2798
20.40349006652832,2797
20.404165267944336,2796
20.406387090682983,2795
20.406440019607544,2794
20.406641960144043,2793
20.406732082366943,2792
20.407000064849854,2791
20.41050410270691,2790
20.412540912628174,2789
20.413379192352295,2788
20.414258003234863,2787
20.421458959579468,2786
20.42267918586731,2785
20.422733068466187,2784
20.42509126663208,2783
20.42615032196045,2782
20.426703214645386,2781
20.42693519592285,2780
20.427629232406616,2779
20.42800211906433,2778
20.42805814743042,2777
20.429140090942383,2776
20.429444074630737,2775
20.429533004760742,2774
20.435282945632935,2773
20.438002109527588,2772
20.438131093978882,2771
20.43854522705078,2770
20.438920974731445,2769
20.43904709815979,2768
20.43924307823181,2767
20.43961811065674,2766
20.44009804725647,2765
20.442536115646362,2764
20.444026231765747,2763
20.44411611557007,2762
20.444600105285645,2761
20.444688320159912,2760
20.446604013442993,2759
20.447651147842407,2758
20.4484601020813,2757
20.44873023033142,2756
20.449145078659058,2755
20.449632167816162,2754
20.450229167938232,2753
20.45035719871521,2752
20.45141315460205,2751
20.452903032302856,2750
20.459320068359375,2749
20.467024326324463,2748
20.468528270721436,2747
20.468799114227295,2746
20.46979522705078,2745
20.46995711326599,2744
20.473493099212646,2743
20.4747211933136,2742
20.47535014152527,2741
20.475940227508545,2740
20.477270126342773,2739
20.477360248565674,2738
20.478129148483276,2737
20.47861623764038,2736
20.479031085968018,2735
20.47931718826294,2734
20.4793701171875,2733
20.479933977127075,2732
20.481996059417725,2731
20.482124090194702,2730
20.482754230499268,2729
20.48634123802185,2728
20.49334406852722,2727
20.49564027786255,2726
20.496052980422974,2725
20.49759316444397,2724
20.499024152755737,2723
20.499078273773193,2722
20.500778198242188,2721
20.501185178756714,2720
20.501310110092163,2719
20.502819061279297,2718
20.502872228622437,2717
20.50292420387268,2716
20.503011226654053,2715
20.503366947174072,2714
20.503417253494263,2713
20.50489616394043,2712
20.504948139190674,2711
20.505542278289795,2710
20.50559425354004,2709
20.511744022369385,2708
20.512226104736328,2707
20.513530254364014,2706
20.513620138168335,2705
20.51392412185669,2704
20.514272212982178,2703
20.514573097229004,2702
20.51621913909912,2701
20.521772146224976,2700
20.521898984909058,2699
20.523550987243652,2698
20.525179147720337,2697
20.52566409111023,2696
20.525933265686035,2695
20.526093244552612,2694
20.527098178863525,2693
20.527678966522217,2692
20.52819514274597,2691
20.531441926956177,2690
20.5317120552063,2689
20.53229594230652,2688
20.532779216766357,2687
20.532905101776123,2686
20.533064126968384,2685
20.534963130950928,2684
20.535125017166138,2683
20.54056406021118,2682
20.541524171829224,2681
20.542187213897705,2680
20.54997205734253,2679
20.553290128707886,2678
20.553988218307495,2677
20.554405212402344,2676
20.55514121055603,2675
20.55753231048584,2674
20.557626247406006,2673
20.557679176330566,2672
20.56032109260559,2671
20.56173014640808,2670
20.562986135482788,2669
20.56307625770569,2668
20.565185070037842,2667
20.565418004989624,2666
20.566084146499634,2665
20.566844940185547,2664
20.567577123641968,2663
20.56880211830139,2662
20.569738149642944,2661
20.570390224456787,2660
20.573429107666016,2659
20.573838233947754,2658
20.573961973190308,2657
20.574015140533447,2656
20.57417917251587,2655
20.574340105056763,2654
20.57535409927368,2653
20.603650093078613,2652
20.603745222091675,2651
20.603907108306885,2650
20.605903148651123,2649
20.606027126312256,2648
20.60615301132202,2647
20.60638427734375,2646
20.606755256652832,2645
20.60744309425354,2644
20.60819911956787,2643
20.610563278198242,2642
20.611473321914673,2641
20.61432909965515,2640
20.6207492351532,2639
20.624227285385132,2638
20.634950160980225,2637
20.635194301605225,2636
20.635932207107544,2635
20.6361300945282,2634
20.636327028274536,2633
20.63701820373535,2632
20.637109994888306,2631
20.637418031692505,2630
20.638004064559937,2629
20.638732194900513,2628
20.638893127441406,2627
20.639868021011353,2626
20.640066146850586,2625
20.640228271484375,2624
20.640353202819824,2623
20.642690181732178,2622
20.643067121505737,2621
20.643123149871826,2620
20.64325213432312,2619
20.643304109573364,2618
20.64338994026184,2617
20.643734216690063,2616
20.64488410949707,2615
20.645519256591797,2614
20.646279096603394,2613
20.646825075149536,2612
20.647484064102173,2611
20.648076057434082,2610
20.64820098876953,2609
20.648648023605347,2608
20.648700952529907,2607
20.648975133895874,2606
20.64966607093811,2605
20.650460958480835,2604
20.650514125823975,2603
20.650995016098022,2602
20.651909112930298,2601
20.6533420085907,2600
20.653748035430908,2599
20.6550772190094,2598
20.65833020210266,2597
20.658881187438965,2596
20.66332697868347,2595
20.66412615776062,2594
20.66523504257202,2593
20.665329217910767,2592
20.66675901412964,2591
20.66892695426941,2590
20.669724941253662,2589
20.67006802558899,2588
20.67023015022278,2587
20.670427322387695,2586
20.671223163604736,2585
20.67508316040039,2584
20.67652416229248,2583
20.67778730392456,2582
20.681666135787964,2581
20.682680130004883,2580
20.682737350463867,2579
20.682943105697632,2578
20.683683156967163,2577
20.684033155441284,2576
20.684588193893433,2575
20.68528699874878,2574
20.685453176498413,2573
20.68824601173401,2572
20.688303232192993,2571
20.689496278762817,2570
20.689629077911377,2569
20.689722299575806,2568
20.693201303482056,2567
20.694918155670166,2566
20.695046186447144,2565
20.69550323486328,2564
20.69640016555786,2563
20.699459075927734,2562
20.700292110443115,2561
20.70087718963623,2560
20.701215982437134,2559
20.701874017715454,2558
20.702001333236694,2557
20.703116178512573,2556
20.703668117523193,2555
20.703723192214966,2554
20.704419136047363,2553
20.708470106124878,2552
20.722515106201172,2551
20.728718280792236,2550
20.728812217712402,2549
20.73629903793335,2548
20.73635721206665,2547
20.739193201065063,2546
20.73924994468689,2545
20.739912033081055,2544
20.740600109100342,2543
20.741394996643066,2542
20.74180316925049,2541
20.74616813659668,2540
20.746681213378906,2539
20.747300148010254,2538
20.747533082962036,2537
20.749142169952393,2536
20.750076055526733,2535
20.750169277191162,2534
20.752217292785645,2533
20.752724170684814,2532
20.753260135650635,2531
20.75524401664734,2530
20.756213188171387,2529
20.757394075393677,2528
20.75773310661316,2527
20.759225130081177,2526
20.761068105697632,2525
20.76329517364502,2524
20.764734029769897,2523
20.76486301422119,2522
20.764917135238647,2521
20.767425060272217,2520
20.767518043518066,2519
20.767608165740967,2518
20.769100189208984,2517
20.781602144241333,2516
20.78247308731079,2515
20.78302526473999,2514
20.7865469455719,2513
20.788604021072388,2512
20.78975009918213,2511
20.790898084640503,2510
20.790953159332275,2509
20.792187929153442,2508
20.79329514503479,2507
20.794018030166626,2506
20.794355154037476,2505
20.795995235443115,2504
20.804214000701904,2503
20.804952144622803,2502
20.807939052581787,2501
20.809370279312134,2500
20.809788942337036,2499
20.809843063354492,2498
20.810891151428223,2497
20.812464237213135,2496
20.813400268554688,2495
20.81370711326599,2494
20.816513061523438,2493
20.816926956176758,2492
20.817268133163452,2491
20.817817211151123,2490
20.82013702392578,2489
20.821404218673706,2488
20.825231313705444,2487
20.828225135803223,2486
20.828816175460815,2485
20.829962015151978,2484
20.83462929725647,2483
20.837379217147827,2482
20.83750820159912,2481
20.839154958724976,2480
20.841485261917114,2479
20.843120336532593,2478
20.843494176864624,2477
20.84686803817749,2476
20.84724998474121,2475
20.84772825241089,2474
20.848624229431152,2473
20.84945321083069,2472
20.851402044296265,2471
20.8525071144104,2470
20.852705001831055,2469
20.85307812690735,2468
20.85833215713501,2467
20.858498096466064,2466
20.860860109329224,2465
20.862882137298584,2464
20.864736080169678,2463
20.865565061569214,2462
20.868369340896606,2461
20.87004327774048,2460
20.87267518043518,2459
20.874457120895386,2458
20.87546706199646,2457
20.886284112930298,2456
20.887054204940796,2455
20.887685298919678,2454
20.88830327987671,2453
20.91740322113037,2452
20.933008193969727,2451
20.933613061904907,2450
20.937631130218506,2449
20.94031310081482,2448
20.940446138381958,2447
20.94300127029419,2446
20.946516036987305,2445
20.950161933898926,2444
20.950549125671387,2443
20.951712131500244,2442
20.954185962677002,2441
20.955034255981445,2440
20.95600414276123,2439
20.95907425880432,2438
20.95917797088623,2437
20.964006185531616,2436
20.964625358581543,2435
20.965740203857422,2434
20.97151517868042,2433
20.972219228744507,2432
20.977785110473633,2431
20.981415033340454,2430
20.98296308517456,2429
20.984966278076172,2428
20.99306011199951,2427
21.00183916091919,2426
21.002714157104492,2425
21.00358510017395,2424
21.01130223274231,2423
21.01182794570923,2422
21.019970178604126,2421
21.024813175201416,2420
21.03817129135132,2419
21.042691230773926,2418
21.04311513900757,2417
21.049896955490112,2416
21.079066276550293,2415
21.085978269577026,2414
21.086652040481567,2413
21.087932109832764,2412
21.093491077423096,2411
21.101486206054688,2410
21.102569103240967,2409
21.10338306427002,2408
21.152164220809937,2407
21.219166040420532,2406
21.239220142364502,2405
21.24474310874939,2404
21.27006697654724,2403
21.280291080474854,2402
21.28750228881836,2401
21.29447102546692,2400
21.319846153259277,2399
21.325459957122803,2398
21.33269715309143,2397
21.356465339660645,2396
21.430120944976807,2395
21.434844255447388,2394
21.446446180343628,2393
21.519960165023804,2392
21.6227810382843,2391
21.687055110931396,2390
