0.0,65940
20.855747938156128,3076
20.856282949447632,3075
20.85641384124756,3074
20.85683584213257,3073
20.85698103904724,3072
20.857932090759277,3071
20.860574960708618,3070
20.860663890838623,3069
20.86917495727539,3068
20.869346857070923,3067
20.88259196281433,3066
20.882808923721313,3065
20.882937908172607,3064
20.883761882781982,3063
20.8893940448761,3062
20.889559745788574,3061
20.89032793045044,3060
20.890500783920288,3059
20.89086079597473,3058
20.891098976135254,3057
20.891846895217896,3056
20.89808177947998,3055
20.89840793609619,3054
20.89849591255188,3053
20.905606985092163,3052
20.905702829360962,3051
20.905910968780518,3050
20.90600299835205,3049
20.90799593925476,3048
20.90804696083069,3047
20.908491134643555,3046
20.908915042877197,3045
20.908965826034546,3044
20.909416913986206,3043
20.909466981887817,3042
20.90966510772705,3041
20.913623094558716,3040
20.91374897956848,3039
20.9145348072052,3038
20.914743900299072,3037
20.917624950408936,3036
20.917762756347656,3035
20.91830587387085,3034
20.919703006744385,3033
20.919867992401123,3032
20.921178817749023,3031
20.923173904418945,3030
20.923458099365234,3029
20.92376399040222,3028
20.92465376853943,3027
20.92481803894043,3026
20.92894697189331,3025
20.9308819770813,3024
20.93199586868286,3023
20.93282985687256,3022
20.933900833129883,3021
20.935386896133423,3020
20.935671091079712,3019
20.93572187423706,3018
20.936208963394165,3017
20.936556816101074,3016
20.936765909194946,3015
20.937880754470825,3014
20.938668727874756,3013
20.93943190574646,3012
20.94021201133728,3011
20.940268754959106,3010
20.979557991027832,3009
20.98151993751526,3008
20.982030868530273,3007
20.982086896896362,3006
20.982138872146606,3005
20.983311891555786,3004
20.983728885650635,3003
20.984033823013306,3002
20.984169960021973,3001
20.98708987236023,3000
20.987328052520752,2999
20.987469911575317,2998
20.987828969955444,2997
20.987919807434082,2996
20.9906108379364,2995
21.00814700126648,2994
21.03075098991394,2993
21.031107902526855,2992
21.03131604194641,2991
21.034567832946777,2990
21.03489112854004,2989
21.03621792793274,2988
21.036704063415527,2987
21.04547095298767,2986
21.04655694961548,2985
21.0467369556427,2984
21.04678988456726,2983
21.05051279067993,2982
21.05126190185547,2981
21.051461935043335,2980
21.051635026931763,2979
21.051687955856323,2978
21.053549766540527,2977
21.053641080856323,2976
21.054117918014526,2975
21.054247856140137,2974
21.05534601211548,2973
21.056204795837402,2972
21.056457996368408,2971
21.056620121002197,2970
21.060719966888428,2969
21.06089186668396,2968
21.061133861541748,2967
21.06891703605652,2966
21.069499969482422,2965
21.081538915634155,2964
21.08175802230835,2963
21.082000970840454,2962
21.082481861114502,2961
21.082682847976685,2960
21.083080053329468,2959
21.08328080177307,2958
21.083332777023315,2957
21.083927154541016,2956
21.084710836410522,2955
21.085463047027588,2954
21.085824966430664,2953
21.08595299720764,2952
21.089652061462402,2951
21.090373992919922,2950
21.09061884880066,2949
21.0909640789032,2948
21.091099977493286,2947
21.091619729995728,2946
21.09178590774536,2945
21.09203004837036,2944
21.094451904296875,2943
21.095117807388306,2942
21.09517002105713,2941
21.09557580947876,2940
21.095704793930054,2939
21.095752954483032,2938
21.09622573852539,2937
21.09628176689148,2936
21.096452951431274,2935
21.09650206565857,2934
21.096624851226807,2933
21.097377061843872,2932
21.09758496284485,2931
21.097673892974854,2930
21.09791898727417,2929
21.099690914154053,2928
21.099865913391113,2927
21.101366996765137,2926
21.107118844985962,2925
21.107358932495117,2924
21.10787796974182,2923
21.1080060005188,2922
21.10847282409668,2921
21.108561992645264,2920
21.108806848526,2919
21.10889506340027,2918
21.109216928482056,2917
21.109450101852417,2916
21.10973072052002,2915
21.10989284515381,2914
21.110565900802612,2913
21.110618829727173,2912
21.110826015472412,2911
21.110954999923706,2910
21.11116600036621,2909
21.115015983581543,2908
21.115297079086304,2907
21.115388870239258,2906
21.115439891815186,2905
21.11607789993286,2904
21.1162428855896,2903
21.117018938064575,2902
21.11707091331482,2901
21.117307901382446,2900
21.118968725204468,2899
21.11945605278015,2898
21.11966586112976,2897
21.11975407600403,2896
21.122758865356445,2895
21.123809814453125,2894
21.124629020690918,2893
21.125112771987915,2892
21.125205993652344,2891
21.125452041625977,2890
21.12550687789917,2889
21.125909090042114,2888
21.13019609451294,2887
21.13143491744995,2886
21.131601810455322,2885
21.13766598701477,2884
21.138262033462524,2883
21.138314962387085,2882
21.138646125793457,2881
21.13870596885681,2880
21.138986110687256,2879
21.14045810699463,2878
21.140776872634888,2877
21.14209008216858,2876
21.142793893814087,2875
21.144191026687622,2874
21.15432596206665,2873
21.15453290939331,2872
21.172976970672607,2871
21.17337703704834,2870
21.178847074508667,2869
21.182656049728394,2868
21.191030979156494,2867
21.191089868545532,2866
21.19114089012146,2865
21.19122576713562,2864
21.19136691093445,2863
21.191452980041504,2862
21.192055702209473,2861
21.199628829956055,2860
21.202711820602417,2859
21.203433990478516,2858
21.204216957092285,2857
21.2043137550354,2856
21.20462703704834,2855
21.205659866333008,2854
21.205902814865112,2853
21.2060329914093,2852
21.20624279975891,2851
21.206331968307495,2850
21.20650601387024,2849
21.206557035446167,2848
21.207342863082886,2847
21.22460699081421,2846
21.225017786026,2845
21.225072860717773,2844
21.22644591331482,2843
21.22660779953003,2842
21.22904086112976,2841
21.22949504852295,2840
21.229631900787354,2839
21.229974031448364,2838
21.230419874191284,2837
21.23059582710266,2836
21.231066942214966,2835
21.23172879219055,2834
21.234266996383667,2833
21.234392881393433,2832
21.234567880630493,2831
21.2382709980011,2830
21.238329887390137,2829
21.238874912261963,2828
21.239187002182007,2827
21.239322900772095,2826
21.2397038936615,2825
21.239940881729126,2824
21.241416931152344,2823
21.24720788002014,2822
21.24795389175415,2821
21.248336791992188,2820
21.249078035354614,2819
21.249419927597046,2818
21.249926805496216,2817
21.250056982040405,2816
21.257760047912598,2815
21.269425868988037,2814
21.26964783668518,2813
21.270201921463013,2812
21.271673917770386,2811
21.271989107131958,2810
21.272439002990723,2809
21.27282476425171,2808
21.27401876449585,2807
21.274075984954834,2806
21.274128913879395,2805
21.274296760559082,2804
21.275084733963013,2803
21.27522110939026,2802
21.275271892547607,2801
21.275507926940918,2800
21.276057958602905,2799
21.27632999420166,2798
21.27771282196045,2797
21.277806758880615,2796
21.278661966323853,2795
21.278718948364258,2794
21.279587745666504,2793
21.284514904022217,2792
21.285036087036133,2791
21.28516411781311,2790
21.299887895584106,2789
21.29998278617859,2788
21.302836894989014,2787
21.303681135177612,2786
21.303961753845215,2785
21.304306983947754,2784
21.305471897125244,2783
21.308462858200073,2782
21.309292793273926,2781
21.30973196029663,2780
21.310792922973633,2779
21.310881853103638,2778
21.311088800430298,2777
21.311145067214966,2776
21.31382393836975,2775
21.31474781036377,2774
21.315031051635742,2773
21.31594705581665,2772
21.31619691848755,2771
21.31661605834961,2770
21.317052841186523,2769
21.317145824432373,2768
21.3171968460083,2767
21.31755805015564,2766
21.329163074493408,2765
21.329221963882446,2764
21.32927393913269,2763
21.329697132110596,2762
21.330896854400635,2761
21.331788778305054,2760
21.33592987060547,2759
21.336885929107666,2758
21.337071895599365,2757
21.34017586708069,2756
21.340866088867188,2755
21.34146785736084,2754
21.342838048934937,2753
21.342926740646362,2752
21.34363293647766,2751
21.344439029693604,2750
21.34468412399292,2749
21.34495496749878,2748
21.345046043395996,2747
21.345820903778076,2746
21.359807014465332,2745
21.36617875099182,2744
21.376564025878906,2743
21.37670612335205,2742
21.376911878585815,2741
21.376962900161743,2740
21.377098083496094,2739
21.37806487083435,2738
21.378299951553345,2737
21.37843680381775,2736
21.383682012557983,2735
21.38377594947815,2734
21.38524079322815,2733
21.386790990829468,2732
21.387069940567017,2731
21.387200117111206,2730
21.38861894607544,2729
21.38901400566101,2728
21.389375925064087,2727
21.39078998565674,2726
21.391000747680664,2725
21.39237689971924,2724
21.392515897750854,2723
21.3925678730011,2722
21.39287495613098,2721
21.393194913864136,2720
21.39346480369568,2719
21.396886110305786,2718
21.402355909347534,2717
21.40720272064209,2716
21.40764284133911,2715
21.40795397758484,2714
21.425551891326904,2713
21.42583394050598,2712
21.4260470867157,2711
21.42702007293701,2710
21.427448749542236,2709
21.427645921707153,2708
21.429016828536987,2707
21.43021583557129,2706
21.430498838424683,2705
21.436376810073853,2704
21.44079899787903,2703
21.441473960876465,2702
21.441980838775635,2701
21.442112922668457,2700
21.44296407699585,2699
21.443022966384888,2698
21.443413019180298,2697
21.443506002426147,2696
21.44753885269165,2695
21.447596073150635,2694
21.447810888290405,2693
21.449949979782104,2692
21.45724391937256,2691
21.45759391784668,2690
21.457947969436646,2689
21.458074808120728,2688
21.46216893196106,2687
21.462340831756592,2686
21.462582111358643,2685
21.463016986846924,2684
21.463615894317627,2683
21.464864015579224,2682
21.46599507331848,2681
21.466202974319458,2680
21.466547966003418,2679
21.46702003479004,2678
21.467185020446777,2677
21.471396923065186,2676
21.473834991455078,2675
21.474348783493042,2674
21.475008010864258,2673
21.47525405883789,2672
21.475945949554443,2671
21.477251768112183,2670
21.478702783584595,2669
21.480546712875366,2668
21.487494945526123,2667
21.488511085510254,2666
21.489357948303223,2665
21.489537954330444,2664
21.491849899291992,2663
21.492016792297363,2662
21.49284291267395,2661
21.49315094947815,2660
21.505362033843994,2659
21.506612062454224,2658
21.50703477859497,2657
21.511472940444946,2656
21.518967866897583,2655
21.519760847091675,2654
21.520461797714233,2653
21.5269718170166,2652
21.52749800682068,2651
21.52791976928711,2650
21.528230905532837,2649
21.52844500541687,2648
21.528612852096558,2647
21.53557586669922,2646
21.536736011505127,2645
21.537364959716797,2644
21.5377459526062,2643
21.538413763046265,2642
21.538471937179565,2641
21.538758993148804,2640
21.54649305343628,2639
21.54712200164795,2638
21.547358989715576,2637
21.54987096786499,2636
21.551713705062866,2635
21.552164793014526,2634
21.55287504196167,2633
21.553541898727417,2632
21.55476999282837,2631
21.555306911468506,2630
21.555364847183228,2629
21.556371927261353,2628
21.55842089653015,2627
21.558671951293945,2626
21.5604350566864,2625
21.56086492538452,2624
21.564120769500732,2623
21.564369916915894,2622
21.564603805541992,2621
21.564741849899292,2620
21.565062999725342,2619
21.566570043563843,2618
21.57109570503235,2617
21.571191787719727,2616
21.57184886932373,2615
21.572366952896118,2614
21.574561834335327,2613
21.57726788520813,2612
21.578839778900146,2611
21.579978942871094,2610
21.587733030319214,2609
21.595479726791382,2608
21.59799599647522,2607
21.599735021591187,2606
21.60044288635254,2605
21.60140299797058,2604
21.60561203956604,2603
21.6062068939209,2602
21.606414794921875,2601
21.60736107826233,2600
21.608027935028076,2599
21.615251064300537,2598
21.616817951202393,2597
21.6218478679657,2596
21.623004913330078,2595
21.623698949813843,2594
21.624807834625244,2593
21.625701904296875,2592
21.62751293182373,2591
21.628018856048584,2590
21.628790140151978,2589
21.62902569770813,2588
21.62946581840515,2587
21.630059957504272,2586
21.630233764648438,2585
21.633145809173584,2584
21.633954763412476,2583
21.6354718208313,2582
21.63594889640808,2581
21.636992931365967,2580
21.63800287246704,2579
21.63871479034424,2578
21.640331029891968,2577
21.642250061035156,2576
21.64356780052185,2575
21.655093908309937,2574
21.656182050704956,2573
21.656707763671875,2572
21.65753984451294,2571
21.65812397003174,2570
21.658371925354004,2569
21.65892481803894,2568
21.65910506248474,2567
21.659646034240723,2566
21.660592794418335,2565
21.662189722061157,2564
21.663490056991577,2563
21.66415286064148,2562
21.664288997650146,2561
21.665432929992676,2560
21.666801929473877,2559
21.695591926574707,2558
21.696164846420288,2557
21.696622848510742,2556
21.697993993759155,2555
21.70718479156494,2554
21.70873188972473,2553
21.70959186553955,2552
21.71149182319641,2551
21.711843967437744,2550
21.72439670562744,2549
21.724493741989136,2548
21.730292081832886,2547
21.730353832244873,2546
21.738538026809692,2545
21.742690801620483,2544
21.743323802947998,2543
21.744696855545044,2542
21.745857000350952,2541
21.74726390838623,2540
21.747397899627686,2539
21.749983072280884,2538
21.750646114349365,2537
21.75117015838623,2536
21.751445055007935,2535
21.754724979400635,2534
21.756232023239136,2533
21.757006883621216,2532
21.757062911987305,2531
21.759496927261353,2530
21.763983964920044,2529
21.764265060424805,2528
21.764853954315186,2527
21.769295930862427,2526
21.770612955093384,2525
21.77159285545349,2524
21.773217916488647,2523
21.77568006515503,2522
21.775821924209595,2521
21.775951862335205,2520
21.77654194831848,2519
21.778287887573242,2518
21.778381824493408,2517
21.79407000541687,2516
21.79417085647583,2515
21.79506492614746,2514
21.798759937286377,2513
21.804199934005737,2512
21.80622911453247,2511
21.806828022003174,2510
21.806997060775757,2509
21.80773687362671,2508
21.80913782119751,2507
21.809350967407227,2506
21.81054186820984,2505
21.81981587409973,2504
21.824564933776855,2503
21.826769828796387,2502
21.82697296142578,2501
21.829370975494385,2500
21.82996106147766,2499
21.830171823501587,2498
21.832093000411987,2497
21.834388971328735,2496
21.83543610572815,2495
21.835689067840576,2494
21.83736300468445,2493
21.839305877685547,2492
21.839396953582764,2491
21.8425350189209,2490
21.846070051193237,2489
21.846812963485718,2488
21.848909854888916,2487
21.859607934951782,2486
21.863407850265503,2485
21.865213871002197,2484
21.86713695526123,2483
21.86764907836914,2482
21.869603872299194,2481
21.87090492248535,2480
21.871663808822632,2479
21.875169038772583,2478
21.875692129135132,2477
21.87814497947693,2476
21.879746913909912,2475
21.880221843719482,2474
21.892012119293213,2473
21.892488956451416,2472
21.89332413673401,2471
21.89549493789673,2470
21.895766973495483,2469
21.89822292327881,2468
21.90199303627014,2467
21.902135848999023,2466
21.902188777923584,2465
21.90826988220215,2464
21.910359859466553,2463
21.9104220867157,2462
21.914282083511353,2461
21.914942026138306,2460
21.915761947631836,2459
21.917052030563354,2458
21.917682886123657,2457
21.918132066726685,2456
21.920789003372192,2455
21.920917987823486,2454
21.92229676246643,2453
21.924427032470703,2452
21.929841995239258,2451
21.939867973327637,2450
21.942781925201416,2449
21.944631099700928,2448
21.949797868728638,2447
21.951154947280884,2446
21.951380014419556,2445
21.952387809753418,2444
21.96623396873474,2443
21.970086812973022,2442
21.974994897842407,2441
21.975204944610596,2440
21.9768009185791,2439
21.982650995254517,2438
21.984256982803345,2437
21.987714767456055,2436
21.999960899353027,2435
22.003760814666748,2434
22.00819206237793,2433
22.00896382331848,2432
22.02294087409973,2431
22.03579592704773,2430
22.038670778274536,2429
22.039891958236694,2428
22.05486273765564,2427
22.055431842803955,2426
22.05609893798828,2425
22.05816388130188,2424
22.06517791748047,2423
22.083296060562134,2422
22.105791091918945,2421
22.106611013412476,2420
22.107983827590942,2419
22.11153292655945,2418
22.125858783721924,2417
22.1262469291687,2416
22.134376049041748,2415
22.13651394844055,2414
22.136772871017456,2413
22.143764972686768,2412
22.147276878356934,2411
22.149760961532593,2410
22.16584086418152,2409
22.167316913604736,2408
22.169641971588135,2407
22.170093774795532,2406
22.17318081855774,2405
22.174674034118652,2404
22.18904399871826,2403
22.193018913269043,2402
22.198001861572266,2401
22.199392080307007,2400
22.20260787010193,2399
22.20855689048767,2398
22.23759388923645,2397
22.239933967590332,2396
22.247131824493408,2395
22.25360107421875,2394
22.258135080337524,2393
22.25861883163452,2392
22.297934770584106,2391
22.33706498146057,2390
22.338287830352783,2389
22.362250089645386,2388
22.393610954284668,2387
22.41330885887146,2386
22.439945936203003,2385
22.442755937576294,2384
22.492188930511475,2383
22.54010796546936,2382
22.58945393562317,2381
22.64462685585022,2380
22.788042068481445,2379
