0.012040138244628906,1
0.013297080993652344,2
0.014567852020263672,2
0.015832901000976562,3
0.01708197593688965,3
0.018340110778808594,4
0.019583940505981445,4
0.020840883255004883,5
0.02208709716796875,5
0.02334880828857422,6
0.024618864059448242,7
0.025901079177856445,7
0.02716207504272461,8
0.02843785285949707,9
0.0296938419342041,10
0.030949115753173828,11
0.03220486640930176,12
0.033442020416259766,12
0.03469514846801758,13
0.03596305847167969,14
0.03728604316711426,15
0.0386350154876709,16
0.0399630069732666,17
0.04121804237365723,18
0.04249691963195801,19
0.04373288154602051,19
0.044972896575927734,19
0.04622793197631836,20
0.047477006912231445,21
0.0487210750579834,21
0.04997086524963379,22
0.05120205879211426,22
0.05243420600891113,22
0.053681135177612305,23
0.05492401123046875,23
0.056173086166381836,24
0.0574188232421875,25
0.05866694450378418,26
0.05991387367248535,27
0.061142921447753906,27
0.06238985061645508,28
0.06363582611083984,29
0.06487798690795898,30
0.06610798835754395,30
0.06733512878417969,30
0.0685739517211914,31
0.06981801986694336,32
0.07106494903564453,33
0.07231712341308594,34
0.07355475425720215,35
0.07479691505432129,36
0.07602190971374512,36
0.07726001739501953,36
0.07850003242492676,37
0.07976102828979492,38
0.08102297782897949,39
0.08228087425231934,40
0.08358192443847656,41
0.08485794067382812,42
0.08611202239990234,42
0.08737397193908691,43
0.08862900733947754,44
0.0898900032043457,45
0.09114313125610352,46
0.09240102767944336,47
0.0936579704284668,48
0.09491395950317383,49
0.09616899490356445,50
0.09740591049194336,50
0.09866213798522949,51
0.09991788864135742,52
0.10117387771606445,53
0.10241293907165527,53
0.10367703437805176,54
0.10491585731506348,54
0.10616397857666016,54
0.10741090774536133,54
0.1086587905883789,54
0.10990786552429199,54
0.11116790771484375,55
0.11241388320922852,56
0.11366486549377441,57
0.11489987373352051,57
0.1161341667175293,57
0.11736798286437988,57
0.11863112449645996,58
0.11988592147827148,59
0.12114500999450684,60
0.12239718437194824,61
0.12363481521606445,61
0.12488102912902832,62
0.126129150390625,63
0.12735700607299805,63
0.1285841464996338,63
0.12981390953063965,63
0.1310560703277588,64
0.13229990005493164,65
0.1335430145263672,66
0.13478398323059082,67
0.13600993156433105,67
0.13724899291992188,68
0.13849115371704102,69
0.13973093032836914,70
0.14096879959106445,71
0.14220786094665527,72
0.143449068069458,73
0.144683837890625,74
0.1459050178527832,74
0.14714598655700684,75
0.14838504791259766,76
0.14962100982666016,77
0.15085601806640625,78
0.15208911895751953,79
0.15332388877868652,80
0.1545560359954834,81
0.15578794479370117,82
0.15702295303344727,83
0.15825605392456055,84
0.15949106216430664,85
0.1607358455657959,86
0.1619701385498047,87
0.16318893432617188,87
0.16441893577575684,88
0.1656508445739746,89
0.16688084602355957,90
0.16811108589172363,91
0.16934800148010254,92
0.1705620288848877,92
0.17178893089294434,93
0.1730210781097412,94
0.17425084114074707,95
0.1754770278930664,96
0.17670178413391113,97
0.17790985107421875,97
0.17913484573364258,98
0.1803607940673828,99
0.18158698081970215,100
0.18279290199279785,100
0.1840219497680664,101
0.1852588653564453,102
0.18648099899291992,103
0.18768882751464844,103
0.18890905380249023,104
0.19013190269470215,105
0.1913599967956543,106
0.19259309768676758,107
0.1938159465789795,108
0.1950371265411377,109
0.19625496864318848,110
0.19749093055725098,111
0.198699951171875,111
0.19992685317993164,112
0.20112991333007812,112
0.2023458480834961,113
0.2035508155822754,113
0.2047719955444336,114
0.20599007606506348,115
0.20721197128295898,116
0.20843005180358887,117
0.20962977409362793,117
0.21084094047546387,117
0.21203899383544922,117
0.21326208114624023,118
0.2144758701324463,119
0.21569514274597168,120
0.21692109107971191,121
0.21813082695007324,122
0.21934294700622559,123
0.22055292129516602,124
0.22176504135131836,125
0.22297906875610352,126
0.22420191764831543,127
0.22539997100830078,128
0.22658705711364746,129
0.22777581214904785,130
0.22896981239318848,131
0.23015499114990234,132
0.23134613037109375,133
0.2325291633605957,134
0.23372411727905273,135
0.2349081039428711,136
0.23608803749084473,137
0.23727989196777344,137
0.23847007751464844,138
0.23963308334350586,138
0.24082612991333008,139
0.2420039176940918,140
0.24318599700927734,141
0.24434804916381836,141
0.24553799629211426,142
0.24671721458435059,143
0.2478780746459961,143
0.2490558624267578,144
0.25023984909057617,145
0.2514169216156006,146
0.252579927444458,146
0.25375795364379883,147
0.25491905212402344,147
0.25610995292663574,148
0.257282018661499,149
0.2584559917449951,150
0.2596280574798584,151
0.2608029842376709,152
0.26196908950805664,152
0.26314377784729004,153
0.26432204246520996,154
0.26548004150390625,154
0.26665687561035156,155
0.267833948135376,156
0.26900815963745117,157
0.27017903327941895,158
0.2713289260864258,158
0.27249979972839355,159
0.2736639976501465,159
0.27483415603637695,160
0.2759840488433838,160
0.2771461009979248,160
0.2783210277557373,160
0.27951884269714355,161
0.28069591522216797,161
0.28188204765319824,162
0.28307199478149414,163
0.2842590808868408,164
0.2854440212249756,165
0.28663110733032227,166
0.28780412673950195,166
0.2890009880065918,167
0.29018497467041016,168
0.2913670539855957,169
0.29254794120788574,170
0.2937331199645996,171
0.29491591453552246,172
0.2961001396179199,173
0.29727983474731445,174
0.2984628677368164,175
0.29964303970336914,176
0.3008251190185547,177
0.3019900321960449,177
0.3031740188598633,178
0.304351806640625,179
0.305527925491333,180
0.30670690536499023,181
0.3078880310058594,182
0.3090670108795166,183
0.3102450370788574,184
0.3114190101623535,185
0.3126041889190674,186
0.31378602981567383,187
0.3149580955505371,188
0.3161320686340332,189
0.3173038959503174,190
0.318479061126709,191
0.31963491439819336,191
0.3208041191101074,192
0.3219740390777588,193
0.3231489658355713,194
0.32432103157043457,195
0.3254880905151367,196
0.32665586471557617,197
0.3278229236602783,198
0.32898712158203125,199
0.3301558494567871,200
0.33132314682006836,201
0.3324918746948242,202
0.3336660861968994,203
0.33481383323669434,203
0.3359808921813965,204
0.33718109130859375,205
0.3383650779724121,206
0.3395371437072754,206
0.3407001495361328,207
0.34184908866882324,207
0.3430159091949463,208
0.3441641330718994,208
0.3453390598297119,209
0.34651684761047363,210
0.34777212142944336,211
0.34896302223205566,212
0.3501119613647461,212
0.3512728214263916,213
0.352431058883667,214
0.3535950183868408,215
0.35475611686706543,216
0.3559122085571289,217
0.3570680618286133,218
0.3582279682159424,218
0.3594629764556885,219
0.36068201065063477,220
0.3618950843811035,221
0.3631289005279541,222
0.3643360137939453,223
0.36554598808288574,224
0.36673593521118164,224
0.36794495582580566,225
0.36913609504699707,225
0.3703432083129883,225
0.3715388774871826,225
0.3727447986602783,226
0.37393712997436523,226
0.37514209747314453,227
0.37630677223205566,227
0.3774588108062744,227
0.37862396240234375,228
0.37978696823120117,229
0.3809530735015869,230
0.3821139335632324,231
0.38328099250793457,231
0.38444995880126953,232
0.3856039047241211,232
0.38677382469177246,233
0.38794684410095215,233
0.38909411430358887,233
0.390239953994751,233
0.39138293266296387,233
0.3925328254699707,233
0.39372682571411133,233
0.39488720893859863,234
0.3960270881652832,234
0.3971860408782959,235
0.39833998680114746,236
0.39948296546936035,236
0.40062618255615234,236
0.4017829895019531,237
0.4029219150543213,237
0.4040801525115967,238
0.40523600578308105,239
0.4063739776611328,239
0.4075288772583008,240
0.4086918830871582,241
0.40984392166137695,242
0.4109978675842285,243
0.4121520519256592,244
0.41330504417419434,245
0.4144937992095947,246
0.4156479835510254,247
0.41680002212524414,248
0.41794490814208984,249
0.4190969467163086,250
0.420241117477417,251
0.4213900566101074,252
0.42253994941711426,253
0.423677921295166,253
0.42482805252075195,254
0.42595982551574707,254
0.4271080493927002,255
0.4282369613647461,255
0.4293849468231201,256
0.43053293228149414,257
0.43167996406555176,258
0.4328339099884033,259
0.4339780807495117,260
0.43512392044067383,261
0.4362678527832031,262
0.4374079704284668,263
0.4385488033294678,264
0.4396939277648926,265
0.44083595275878906,266
0.44195985794067383,266
0.4431138038635254,267
0.44425392150878906,268
0.4453921318054199,269
0.44652891159057617,270
0.4476778507232666,271
0.44884300231933594,272
0.4499800205230713,273
0.45110487937927246,273
0.4522411823272705,274
0.4533669948577881,274
0.454495906829834,274
0.45563197135925293,275
0.45676398277282715,276
0.4579000473022461,277
0.4590339660644531,278
0.46016883850097656,279
0.46131300926208496,280
0.46250009536743164,281
0.4636499881744385,282
0.4647841453552246,283
0.4659121036529541,284
0.46706700325012207,285
0.468242883682251,286
0.469372034072876,287
0.4705030918121338,288
0.4716329574584961,289
0.47275400161743164,289
0.4738919734954834,290
0.4750339984893799,290
0.47617411613464355,290
0.47730088233947754,291
0.478424072265625,291
0.4795570373535156,292
0.48069190979003906,293
0.48181605339050293,294
0.48294591903686523,295
0.4840660095214844,295
0.48519015312194824,296
0.4863150119781494,297
0.4874379634857178,298
0.48859477043151855,299
0.4897148609161377,299
0.4908440113067627,300
0.49194908142089844,300
0.4930741786956787,301
0.49419307708740234,302
0.49531102180480957,303
0.4964320659637451,304
0.4975559711456299,305
0.4986741542816162,306
0.49982309341430664,307
0.5009570121765137,307
0.5020771026611328,308
0.503183126449585,308
0.504309892654419,309
0.5054168701171875,309
0.5065340995788574,310
0.507652997970581,311
0.5087730884552002,312
0.5099050998687744,313
0.5110299587249756,314
0.5121798515319824,315
0.5132980346679688,316
0.5144350528717041,317
0.5155811309814453,318
0.5167310237884521,319
0.5178511142730713,320
0.5189847946166992,321
0.5201199054718018,322
0.5212490558624268,323
0.5224089622497559,324
0.5235559940338135,325
0.5247170925140381,326
0.5258338451385498,327
0.5269417762756348,328
0.5280501842498779,329
0.529170036315918,330
0.5302751064300537,331
0.5313830375671387,332
0.5324840545654297,333
0.533592939376831,334
0.5347068309783936,334
0.5358529090881348,335
0.536970853805542,336
0.5380678176879883,336
0.5391578674316406,336
0.5402421951293945,336
0.541330099105835,336
0.5424220561981201,336
0.5435388088226318,336
0.5446760654449463,336
0.5457959175109863,336
0.5469098091125488,337
0.548022985458374,338
0.5491287708282471,339
0.5502331256866455,340
0.5513319969177246,341
0.5524289608001709,342
0.5535359382629395,343
0.5546321868896484,344
0.5557229518890381,345
0.5568170547485352,346
0.5579209327697754,346
0.5590419769287109,347
0.5601329803466797,348
0.5612249374389648,349
0.5623211860656738,350
0.563403844833374,350
0.5644881725311279,350
0.5655789375305176,351
0.5666768550872803,352
0.5677759647369385,353
0.5688738822937012,354
0.5699889659881592,355
0.5711369514465332,356
0.5722579956054688,356
0.5733721256256104,356
0.5744800567626953,356
0.5755879878997803,356
0.5767128467559814,357
0.5778210163116455,357
0.5789260864257812,357
0.5800108909606934,358
0.5810940265655518,359
0.5822069644927979,360
0.583305835723877,361
0.5844027996063232,362
0.5855867862701416,363
0.5867440700531006,364
0.5878860950469971,365
0.5890140533447266,366
0.5901520252227783,367
0.5912837982177734,368
0.5924158096313477,369
0.5935540199279785,370
0.5946841239929199,371
0.5958318710327148,372
0.59694504737854,372
0.5980751514434814,373
0.5992031097412109,373
0.6003539562225342,373
0.6015489101409912,374
0.6027069091796875,374
0.6038439273834229,375
0.6049089431762695,375
0.6059980392456055,376
0.6070818901062012,377
0.6081910133361816,378
0.6093218326568604,379
0.6104938983917236,380
0.611609935760498,381
0.6127049922943115,382
0.6137840747833252,383
0.6148579120635986,384
0.6159331798553467,385
0.6170039176940918,386
0.6180839538574219,387
0.6191489696502686,387
0.620232105255127,388
0.6213419437408447,389
0.6224339008331299,390
0.6235079765319824,391
0.6245770454406738,392
0.6256768703460693,393
0.6267881393432617,393
0.627906084060669,394
0.629019021987915,394
0.6301469802856445,395
0.6312260627746582,395
0.6323130130767822,395
0.6333930492401123,396
0.6344571113586426,397
0.6355249881744385,398
0.6366279125213623,399
0.6376931667327881,400
0.6387591361999512,401
0.6398189067840576,401
0.6408889293670654,402
0.6419548988342285,403
0.6430478096008301,404
0.6441450119018555,405
0.6452629566192627,406
0.6464200019836426,407
0.6475210189819336,408
0.6485857963562012,409
0.6496508121490479,410
0.6507208347320557,411
0.651817798614502,412
0.6529240608215332,413
0.6540369987487793,414
0.6551399230957031,414
0.6562201976776123,415
0.6572771072387695,416
0.6583170890808105,416
0.6593809127807617,416
0.6605081558227539,416
0.6616590023040771,417
0.6627509593963623,418
0.6638078689575195,419
0.6648612022399902,420
0.6659140586853027,421
0.6669759750366211,422
0.6680629253387451,423
0.6691160202026367,424
0.670173168182373,425
0.6712229251861572,426
0.6722579002380371,426
0.6732997894287109,426
0.6743547916412354,427
0.6754260063171387,428
0.6765389442443848,429
0.6777079105377197,430
0.6787691116333008,430
0.679785966873169,431
0.6808440685272217,432
0.6818699836730957,433
0.6828820705413818,434
0.6838960647583008,435
0.6849069595336914,436
0.6859078407287598,436
0.6869239807128906,437
0.6879289150238037,438
0.6889388561248779,439
0.6899480819702148,440
0.6909611225128174,441
0.6919989585876465,442
0.693061113357544,443
0.6942582130432129,444
0.6953940391540527,445
0.6965219974517822,446
0.6976170539855957,447
0.6987078189849854,448
0.6997931003570557,449
0.700873851776123,450
0.701962947845459,451
0.7030420303344727,452
0.7041168212890625,453
0.7051911354064941,454
0.7062699794769287,455
0.7073488235473633,456
0.7084190845489502,456
0.709496021270752,457
0.7105898857116699,458
0.7117009162902832,459
0.712738037109375,460
0.7137789726257324,461
0.714853048324585,462
0.715944766998291,463
0.7170310020446777,464
0.7181169986724854,465
0.7192020416259766,466
0.720283031463623,467
0.7213659286499023,468
0.7224481105804443,469
0.7235219478607178,470
0.7245979309082031,471
0.7256901264190674,472
0.7267282009124756,473
0.7277688980102539,474
0.7288501262664795,474
0.7299709320068359,475
0.7311511039733887,476
0.7322869300842285,477
0.7333700656890869,478
0.7344119548797607,478
0.735435962677002,479
0.7364640235900879,480
0.7374958992004395,481
0.7385199069976807,482
0.7395389080047607,483
0.7405638694763184,484
0.7415931224822998,484
0.7426369190216064,485
0.7436778545379639,486
0.7447140216827393,487
0.7457311153411865,488
0.7467470169067383,489
0.7477679252624512,490
0.7488710880279541,491
0.7499418258666992,492
0.7509469985961914,493
0.7519490718841553,494
0.7529468536376953,495
0.7539560794830322,496
0.7549731731414795,497
0.7559869289398193,498
0.7570290565490723,499
0.7580459117889404,500
0.7591269016265869,501
0.760138988494873,502
0.7611198425292969,503
0.7620971202850342,504
0.7630720138549805,505
0.7640359401702881,505
0.7650091648101807,506
0.7659828662872314,507
0.7669558525085449,508
0.767927885055542,509
0.7690060138702393,510
0.7700798511505127,510
0.7710981369018555,511
0.7721109390258789,512
0.7731108665466309,512
0.7741250991821289,513
0.7751448154449463,514
0.7761881351470947,515
0.7772159576416016,516
0.7782199382781982,516
0.7792470455169678,517
0.7802720069885254,518
0.7813107967376709,519
0.7823200225830078,520
0.7833578586578369,521
0.7844109535217285,522
0.7854399681091309,522
0.7864868640899658,523
0.7875449657440186,524
0.788597822189331,525
0.7896459102630615,526
0.7906920909881592,526
0.7917358875274658,527
0.7927830219268799,528
0.7937891483306885,529
0.7947959899902344,530
0.7958269119262695,531
0.7968780994415283,532
0.7979187965393066,533
0.798954963684082,534
0.7999651432037354,534
0.8009929656982422,535
0.8020219802856445,536
0.8030588626861572,537
0.8041040897369385,538
0.8051371574401855,539
0.8061649799346924,540
0.8071780204772949,540
0.8082060813903809,541
0.8092458248138428,542
0.8102829456329346,543
0.8113257884979248,544
0.8123559951782227,545
0.8133821487426758,546
0.8144187927246094,547
0.8154499530792236,548
0.8164939880371094,549
0.8175270557403564,550
0.8185570240020752,551
0.8195810317993164,552
0.8206040859222412,553
0.8216259479522705,553
0.8226468563079834,554
0.8236610889434814,555
0.8246650695800781,555
0.8256931304931641,556
0.8267130851745605,557
0.8277249336242676,558
0.828740119934082,559
0.8297510147094727,560
0.8307597637176514,560
0.8317830562591553,561
0.832798957824707,562
0.8337969779968262,562
0.8348360061645508,563
0.8358697891235352,564
0.8368921279907227,565
0.8379120826721191,566
0.8389317989349365,567
0.8399479389190674,568
0.840958833694458,569
0.8419718742370605,570
0.8429620265960693,571
0.8439421653747559,572
0.8449649810791016,573
0.8459579944610596,574
0.8469719886779785,575
0.8479869365692139,576
0.8490560054779053,577
0.8500888347625732,578
0.8510692119598389,579
0.8520350456237793,580
0.8530030250549316,581
0.8539879322052002,582
0.8549518585205078,583
0.8559339046478271,583
0.8569309711456299,584
0.8579220771789551,585
0.8589248657226562,586
0.8599200248718262,586
0.8609399795532227,587
0.8619709014892578,588
0.8629701137542725,589
0.8639359474182129,590
0.8648948669433594,591
0.8658511638641357,592
0.8668091297149658,593
0.867764949798584,594
0.8687238693237305,595
0.8696770668029785,596
0.8706338405609131,597
0.8715870380401611,598
0.8725621700286865,599
0.873560905456543,600
0.8745200634002686,600
0.8754880428314209,601
0.8764431476593018,602
0.8773941993713379,603
0.878350019454956,604
0.8792910575866699,604
0.8802649974822998,605
0.8812580108642578,606
0.8822519779205322,607
0.8832428455352783,608
0.8842411041259766,609
0.8852388858795166,610
0.8862349987030029,611
0.8872308731079102,612
0.8882129192352295,612
0.8892159461975098,613
0.89021897315979,614
0.8912220001220703,615
0.8922181129455566,616
0.8932089805603027,617
0.8942000865936279,618
0.8951930999755859,619
0.896169900894165,619
0.8971560001373291,620
0.898151159286499,621
0.8991458415985107,622
0.9001259803771973,622
0.9011151790618896,623
0.9020981788635254,624
0.9030618667602539,624
0.9040379524230957,625
0.905012845993042,626
0.9059948921203613,627
0.9069650173187256,628
0.9079339504241943,629
0.9089038372039795,630
0.9098649024963379,630
0.9108378887176514,631
0.91180419921875,631
0.9127779006958008,632
0.9137439727783203,633
0.914715051651001,634
0.9156820774078369,635
0.91664719581604,636
0.9176108837127686,637
0.918550968170166,638
0.9194819927215576,639
0.9204139709472656,640
0.9213440418243408,641
0.9222729206085205,642
0.9231998920440674,643
0.9241268634796143,644
0.9250509738922119,644
0.9259810447692871,645
0.9268999099731445,645
0.9278268814086914,646
0.9287569522857666,647
0.9296839237213135,648
0.9306421279907227,649
0.9315829277038574,650
0.9325039386749268,650
0.9334390163421631,651
0.9343640804290771,651
0.9352920055389404,652
0.9362061023712158,652
0.9371318817138672,653
0.9380509853363037,653
0.9390020370483398,654
0.9399678707122803,655
0.940932035446167,656
0.9418849945068359,656
0.9428310394287109,657
0.9437849521636963,658
0.9447348117828369,659
0.9456870555877686,659
0.9466180801391602,660
0.9475271701812744,660
0.9484529495239258,661
0.9493670463562012,662
0.9502789974212646,663
0.9511861801147461,664
0.9520931243896484,665
0.9529850482940674,665
0.9538919925689697,666
0.9547970294952393,667
0.9557008743286133,668
0.9566009044647217,669
0.9575049877166748,670
0.9584109783172607,671
0.9593210220336914,672
0.9602370262145996,673
0.9611389636993408,674
0.9620368480682373,675
0.9629538059234619,676
0.9638509750366211,677
0.9647519588470459,678
0.9656507968902588,679
0.9665467739105225,680
0.967444896697998,681
0.9683480262756348,682
0.9692339897155762,682
0.9701328277587891,683
0.9710278511047363,684
0.9719221591949463,685
0.9728140830993652,686
0.9737060070037842,687
0.9745869636535645,687
0.9754858016967773,688
0.9763650894165039,688
0.9772579669952393,689
0.978147029876709,690
0.979046106338501,691
0.9799349308013916,692
0.9808261394500732,693
0.9817168712615967,694
0.9826071262359619,695
0.9834949970245361,696
0.9843959808349609,697
0.9852850437164307,698
0.9861700534820557,699
0.9870569705963135,700
0.9879610538482666,701
0.9888670444488525,702
0.989771842956543,703
0.9906859397888184,704
0.9915950298309326,705
0.9925098419189453,706
0.9934089183807373,707
0.9943079948425293,708
0.9951939582824707,708
0.9960849285125732,708
0.9969830513000488,709
0.9978809356689453,710
0.9988131523132324,711
0.9997501373291016,712
1.0006699562072754,713
1.001565933227539,714
1.0024628639221191,715
1.0033659934997559,715
1.0042731761932373,716
1.0051660537719727,717
1.006058931350708,718
1.0069489479064941,719
1.007843017578125,720
1.0087368488311768,721
1.0096261501312256,722
1.010516881942749,723
1.0114128589630127,724
1.0123140811920166,725
1.0131950378417969,725
1.014087200164795,726
1.0149869918823242,727
1.0159239768981934,728
1.016813039779663,729
1.0176899433135986,730
1.018549919128418,731
1.0194048881530762,732
1.0202600955963135,733
1.0211129188537598,734
1.0219709873199463,735
1.0228159427642822,735
1.023672103881836,736
1.0245139598846436,736
1.0253820419311523,737
1.0262320041656494,738
1.0270791053771973,739
1.0279321670532227,740
1.0287961959838867,741
1.0296611785888672,742
1.0305252075195312,743
1.0313880443572998,744
1.0322458744049072,745
1.0331099033355713,746
1.033970832824707,747
1.0348188877105713,747
1.0356829166412354,748
1.0365419387817383,749
1.0373969078063965,750
1.038257122039795,751
1.0391159057617188,752
1.0399739742279053,753
1.0408298969268799,754
1.0416839122772217,755
1.0425288677215576,755
1.0433828830718994,756
1.044241189956665,757
1.0450820922851562,757
1.0459389686584473,758
1.0467791557312012,758
1.047633171081543,759
1.048487901687622,760
1.0493381023406982,761
1.05019211769104,762
1.051042079925537,763
1.051893949508667,764
1.0527431964874268,765
1.0535929203033447,766
1.054440975189209,767
1.0552890300750732,768
1.056152105331421,769
1.0569980144500732,770
1.0578479766845703,771
1.0586857795715332,771
1.059546947479248,772
1.0603928565979004,773
1.0612359046936035,774
1.062082052230835,775
1.0629239082336426,776
1.0637669563293457,777
1.064607858657837,778
1.06545090675354,779
1.066296100616455,780
1.0671370029449463,781
1.0679829120635986,782
1.0688199996948242,783
1.0696618556976318,784
1.0704989433288574,785
1.071335792541504,786
1.0721728801727295,787
1.0730080604553223,788
1.0738458633422852,789
1.0746850967407227,790
1.0755281448364258,791
1.0763659477233887,792
1.0771989822387695,793
1.07802414894104,793
1.0788569450378418,794
1.079693078994751,795
1.0805261135101318,795
1.081362009048462,796
1.0821919441223145,797
1.083024024963379,798
1.0838570594787598,799
1.084686040878296,800
1.0855200290679932,801
1.0863540172576904,802
1.0872077941894531,803
1.0880870819091797,804
1.0889787673950195,805
1.0898630619049072,806
1.090743064880371,807
1.0916237831115723,808
1.0924971103668213,809
1.0933480262756348,810
1.0942120552062988,811
1.0950379371643066,812
1.0958659648895264,813
1.0968050956726074,814
1.097731113433838,815
1.0985450744628906,816
1.0993740558624268,817
1.1001930236816406,818
1.1010379791259766,818
1.1018831729888916,819
1.1027188301086426,820
1.1035618782043457,821
1.1044020652770996,822
1.1052169799804688,823
1.1060619354248047,824
1.1068987846374512,825
1.1077029705047607,826
1.108510971069336,827
1.1093730926513672,827
1.110217809677124,828
1.1110789775848389,829
1.1119301319122314,829
1.1127910614013672,830
1.1136460304260254,831
1.1145188808441162,832
1.1153290271759033,833
1.1161258220672607,834
1.1169168949127197,834
1.1177120208740234,835
1.1185078620910645,836
1.1193149089813232,837
1.120100975036621,837
1.1208958625793457,838
1.1216890811920166,839
1.122481107711792,840
1.1232750415802002,841
1.1240639686584473,842
1.124866008758545,843
1.1256921291351318,844
1.126533031463623,845
1.1273319721221924,846
1.1281111240386963,846
1.128899097442627,847
1.1297011375427246,848
1.1304891109466553,849
1.1312811374664307,850
1.132066011428833,851
1.13285493850708,852
1.1336407661437988,852
1.1344261169433594,853
1.1352128982543945,854
1.1360208988189697,855
1.1368169784545898,856
1.1376070976257324,857
1.1383888721466064,858
1.139173984527588,859
1.1399447917938232,859
1.1407239437103271,859
1.1415128707885742,860
1.142366886138916,861
1.143204927444458,862
1.1440308094024658,863
1.1448109149932861,864
1.1455988883972168,864
1.1463799476623535,865
1.1471610069274902,866
1.1479439735412598,867
1.1487469673156738,868
1.1495189666748047,868
1.1503000259399414,869
1.151082992553711,870
1.1518580913543701,871
1.1526508331298828,872
1.1534278392791748,873
1.1542000770568848,873
1.1549768447875977,874
1.1557538509368896,875
1.156527042388916,876
1.157289981842041,876
1.1580641269683838,877
1.1588778495788574,878
1.1596500873565674,879
1.1604259014129639,879
1.1612091064453125,880
1.1619830131530762,881
1.162755012512207,882
1.163525104522705,883
1.1642889976501465,883
1.1650478839874268,883
1.1658248901367188,884
1.1665840148925781,884
1.1673510074615479,885
1.168116807937622,886
1.1688868999481201,887
1.1696529388427734,888
1.170421838760376,889
1.1711878776550293,890
1.171957015991211,891
1.1727240085601807,892
1.1734869480133057,893
1.174252986907959,894
1.1750288009643555,895
1.175812005996704,896
1.1765899658203125,896
1.1773509979248047,897
1.1781129837036133,898
1.178873062133789,899
1.1796319484710693,900
1.180391788482666,901
1.1811490058898926,902
1.1819078922271729,903
1.1826679706573486,904
1.1834280490875244,905
1.1841881275177002,906
1.1849429607391357,907
1.1857049465179443,908
1.1864612102508545,909
1.1872150897979736,910
1.187958002090454,910
1.1887049674987793,910
1.1894481182098389,910
1.1902029514312744,911
1.1909539699554443,912
1.1916999816894531,912
1.1925208568572998,913
1.1933000087738037,913
1.194079875946045,913
1.194870948791504,914
1.195647954940796,915
1.1964070796966553,916
1.1971960067749023,917
1.1980111598968506,918
1.1988019943237305,919
1.1996021270751953,920
1.2004079818725586,921
1.2012109756469727,922
1.2020089626312256,923
1.2028000354766846,924
1.20357084274292,925
1.2043418884277344,926
1.2051351070404053,927
1.205906867980957,928
1.206671953201294,929
1.2074410915374756,930
1.2082109451293945,931
1.20900297164917,932
1.209794044494629,932
1.21058988571167,933
1.2113828659057617,933
1.2122008800506592,934
1.2130370140075684,935
1.2138547897338867,936
1.2146611213684082,937
1.2154490947723389,937
1.2162318229675293,937
1.217000961303711,938
1.217764139175415,939
1.2185230255126953,940
1.2192821502685547,941
1.2200407981872559,942
1.2208020687103271,943
1.221562147140503,944
1.2223191261291504,945
1.2230818271636963,946
1.2238318920135498,946
1.2246010303497314,947
1.2253868579864502,948
1.226132869720459,948
1.2268779277801514,948
1.2276270389556885,948
1.228384017944336,949
1.2291309833526611,949
1.229884147644043,950
1.230639934539795,951
1.231381893157959,951
1.232133150100708,952
1.2328760623931885,952
1.2336292266845703,953
1.2343809604644775,954
1.2351410388946533,955
1.235893964767456,956
1.236647129058838,957
1.2373948097229004,958
1.2381319999694824,958
1.2388708591461182,958
1.2396221160888672,959
1.2403690814971924,960
1.2411198616027832,961
1.2418768405914307,962
1.242638111114502,963
1.2433881759643555,964
1.2441420555114746,965
1.2448837757110596,965
1.2456297874450684,966
1.2463757991790771,967
1.247117042541504,968
1.2478609085083008,969
1.2486157417297363,970
1.2493500709533691,970
1.2501029968261719,971
1.2508459091186523,972
1.2515850067138672,973
1.2523350715637207,974
1.2530789375305176,975
1.2538070678710938,975
1.2545440196990967,976
1.2552869319915771,976
1.2560181617736816,976
1.2567570209503174,977
1.2575149536132812,978
1.2582519054412842,979
1.2590141296386719,980
1.2597439289093018,980
1.2604761123657227,980
1.2612290382385254,981
1.2619550228118896,981
1.2626900672912598,982
1.2634289264678955,983
1.2641708850860596,984
1.2649121284484863,985
1.265650987625122,985
1.2663989067077637,986
1.267124891281128,986
1.2678639888763428,987
1.2686090469360352,987
1.2693359851837158,988
1.270071029663086,989
1.270784854888916,989
1.271515130996704,990
1.2722489833831787,991
1.2729780673980713,991
1.2736968994140625,992
1.2744078636169434,992
1.2751431465148926,993
1.2758779525756836,994
1.2765941619873047,995
1.2773289680480957,996
1.2780578136444092,997
1.278775930404663,998
1.2794909477233887,999
1.2802081108093262,1000
1.280925989151001,1001
1.2816390991210938,1002
1.2823548316955566,1003
1.2830750942230225,1004
1.2837889194488525,1005
1.2845120429992676,1006
1.2852230072021484,1007
1.285926103591919,1007
1.2866289615631104,1007
1.2873420715332031,1008
1.288050889968872,1009
1.2887609004974365,1010
1.2894699573516846,1011
1.2901811599731445,1012
1.2908880710601807,1013
1.2916388511657715,1014
1.2924280166625977,1015
1.2931439876556396,1015
1.2938649654388428,1016
1.2945609092712402,1017
1.2952649593353271,1018
1.2959599494934082,1018
1.2966670989990234,1019
1.2973589897155762,1020
1.2980530261993408,1021
1.2987351417541504,1021
1.2994318008422852,1022
1.3001179695129395,1022
1.300797939300537,1022
1.3014891147613525,1023
1.302184820175171,1024
1.3028819561004639,1025
1.303576946258545,1025
1.304274082183838,1026
1.3049681186676025,1027
1.3056612014770508,1028
1.306352138519287,1029
1.3070299625396729,1029
1.3077201843261719,1030
1.3084189891815186,1031
1.3091189861297607,1031
1.309818983078003,1032
1.3104958534240723,1032
1.3111860752105713,1033
1.311863899230957,1033
1.3125519752502441,1034
1.3132359981536865,1035
1.3139240741729736,1036
1.3146071434020996,1037
1.3152899742126465,1038
1.3159761428833008,1039
1.316659927368164,1040
1.31734299659729,1041
1.3180170059204102,1041
1.3186969757080078,1042
1.3193819522857666,1043
1.320061206817627,1044
1.3207430839538574,1045
1.3214221000671387,1046
1.3221049308776855,1047
1.3227829933166504,1048
1.3234620094299316,1049
1.3241379261016846,1050
1.324817180633545,1051
1.3255128860473633,1052
1.3261969089508057,1053
1.3268799781799316,1053
1.3275671005249023,1054
1.3282310962677002,1054
1.328908920288086,1055
1.329577922821045,1055
1.3302640914916992,1056
1.3309428691864014,1056
1.3316237926483154,1056
1.332298994064331,1056
1.3329839706420898,1057
1.3336601257324219,1057
1.3343431949615479,1058
1.3350157737731934,1058
1.3357019424438477,1059
1.3363819122314453,1060
1.3370659351348877,1061
1.33774995803833,1062
1.3384370803833008,1063
1.3391079902648926,1063
1.3397901058197021,1064
1.3404889106750488,1065
1.3411681652069092,1066
1.3418710231781006,1067
1.3425579071044922,1068
1.3432550430297852,1069
1.3439359664916992,1069
1.3446240425109863,1070
1.3453009128570557,1071
1.3459758758544922,1072
1.346653938293457,1073
1.3473320007324219,1074
1.3479979038238525,1074
1.3486697673797607,1075
1.349341869354248,1076
1.3500070571899414,1076
1.3506779670715332,1077
1.3513519763946533,1078
1.3520338535308838,1079
1.3527028560638428,1080
1.3533649444580078,1080
1.3540349006652832,1081
1.3547029495239258,1082
1.3553729057312012,1083
1.3560409545898438,1084
1.3567070960998535,1085
1.357374906539917,1086
1.3580331802368164,1086
1.3587100505828857,1087
1.359415054321289,1087
1.3601188659667969,1088
1.3608098030090332,1089
1.361515998840332,1090
1.3621840476989746,1090
1.3628349304199219,1091
1.3634858131408691,1092
1.3641290664672852,1092
1.3647778034210205,1093
1.3654289245605469,1094
1.3660688400268555,1094
1.3667209148406982,1095
1.3673629760742188,1095
1.3680028915405273,1095
1.3686649799346924,1096
1.3693079948425293,1096
1.369955062866211,1097
1.3705928325653076,1097
1.371229887008667,1097
1.371870994567871,1097
1.3725090026855469,1097
1.3731491565704346,1097
1.373795986175537,1098
1.3744480609893799,1099
1.375087022781372,1099
1.3757832050323486,1100
1.3764379024505615,1101
1.377089023590088,1102
1.377748966217041,1103
1.378406047821045,1104
1.379051923751831,1105
1.3796930313110352,1106
1.3803329467773438,1107
1.3809740543365479,1108
1.3816120624542236,1109
1.3822510242462158,1110
1.3828909397125244,1111
1.3835320472717285,1112
1.3841629028320312,1112
1.384803056716919,1113
1.38543701171875,1113
1.386085033416748,1114
1.386720895767212,1115
1.3873610496520996,1116
1.3879899978637695,1116
1.3886198997497559,1116
1.3892569541931152,1117
1.3898890018463135,1118
1.390516996383667,1118
1.3911499977111816,1119
1.3918190002441406,1120
1.3924710750579834,1120
1.393117904663086,1120
1.3937788009643555,1121
1.3944590091705322,1122
1.3951330184936523,1123
1.3957622051239014,1124
1.396392822265625,1125
1.397021770477295,1126
1.3976778984069824,1126
1.3983101844787598,1127
1.398949146270752,1128
1.3995699882507324,1128
1.4002048969268799,1128
1.4008281230926514,1128
1.4014809131622314,1129
1.4021098613739014,1129
1.4027349948883057,1130
1.4033608436584473,1131
1.404000997543335,1132
1.4046339988708496,1132
1.405250072479248,1132
1.405884027481079,1132
1.4065120220184326,1133
1.4071478843688965,1134
1.4077699184417725,1135
1.4084091186523438,1136
1.4090428352355957,1137
1.4096848964691162,1138
1.4103500843048096,1139
1.4109959602355957,1139
1.4116358757019043,1140
1.412268877029419,1141
1.4128780364990234,1141
1.4134900569915771,1141
1.4141008853912354,1141
1.4147260189056396,1142
1.415342092514038,1143
1.4159669876098633,1144
1.4166030883789062,1145
1.4172358512878418,1146
1.417849063873291,1147
1.418463945388794,1148
1.419079065322876,1149
1.4196839332580566,1149
1.4202978610992432,1150
1.420903205871582,1150
1.4215128421783447,1151
1.422126054763794,1152
1.4227361679077148,1153
1.4233379364013672,1153
1.4239568710327148,1154
1.4245579242706299,1154
1.425180196762085,1155
1.425800085067749,1156
1.426429033279419,1157
1.4270350933074951,1158
1.4276421070098877,1158
1.428264856338501,1159
1.4288849830627441,1160
1.4294869899749756,1160
1.4300940036773682,1161
1.430696964263916,1162
1.4312939643859863,1162
1.4318969249725342,1163
1.4325029850006104,1164
1.4331061840057373,1165
1.4337079524993896,1166
1.434309959411621,1167
1.4349160194396973,1168
1.4355170726776123,1169
1.4361140727996826,1169
1.4367129802703857,1170
1.4373140335083008,1171
1.4379150867462158,1172
1.4385130405426025,1173
1.4391100406646729,1174
1.439709186553955,1175
1.4403150081634521,1176
1.4409120082855225,1177
1.4415090084075928,1178
1.442206859588623,1179
1.442842960357666,1180
1.443453073501587,1181
1.4440717697143555,1182
1.4446780681610107,1183
1.4452719688415527,1184
1.4458668231964111,1185
1.4464590549468994,1186
1.4470510482788086,1187
1.4476451873779297,1188
1.448228120803833,1188
1.4488182067871094,1189
1.4494121074676514,1190
1.4500010013580322,1191
1.4505891799926758,1192
1.4511799812316895,1193
1.4517710208892822,1194
1.4523649215698242,1195
1.4529509544372559,1196
1.4535300731658936,1196
1.4541070461273193,1196
1.454693078994751,1197
1.455280065536499,1198
1.4558579921722412,1198
1.45644211769104,1199
1.4570260047912598,1200
1.4576051235198975,1200
1.4581959247589111,1201
1.4588379859924316,1202
1.459442138671875,1203
1.4600539207458496,1204
1.4606478214263916,1204
1.4612488746643066,1205
1.4618401527404785,1206
1.4624180793762207,1206
1.4630050659179688,1207
1.463592767715454,1208
1.464181900024414,1208
1.4647600650787354,1208
1.465343952178955,1209
1.4659218788146973,1210
1.4665040969848633,1211
1.4670839309692383,1212
1.4676530361175537,1212
1.468229055404663,1213
1.4688098430633545,1214
1.4693889617919922,1215
1.4699640274047852,1216
1.4705419540405273,1217
1.4711110591888428,1217
1.4716830253601074,1218
1.4722559452056885,1219
1.4728281497955322,1220
1.4734020233154297,1221
1.4739739894866943,1222
1.4745378494262695,1222
1.4751489162445068,1223
1.4757270812988281,1224
1.4762978553771973,1225
1.4768710136413574,1226
1.4774408340454102,1227
1.4780080318450928,1228
1.4785771369934082,1229
1.4791438579559326,1230
1.4797091484069824,1231
1.4802742004394531,1232
1.4808409214019775,1233
1.4814131259918213,1234
1.4819769859313965,1234
1.482546091079712,1235
1.4831111431121826,1236
1.483673095703125,1237
1.4842360019683838,1238
1.4848010540008545,1239
1.485361099243164,1240
1.4859209060668945,1241
1.4864811897277832,1242
1.4870388507843018,1243
1.4875969886779785,1244
1.4881551265716553,1245
1.4887049198150635,1245
1.4892621040344238,1246
1.4898200035095215,1247
1.4903769493103027,1248
1.490933895111084,1249
1.4914889335632324,1250
1.4920530319213867,1251
1.4926388263702393,1252
1.493196964263916,1253
1.4937498569488525,1253
1.4943220615386963,1254
1.4948809146881104,1255
1.4954311847686768,1255
1.4959769248962402,1255
1.4965338706970215,1256
1.4970967769622803,1257
1.4976418018341064,1257
1.4981942176818848,1258
1.498741865158081,1258
1.4992921352386475,1259
1.4998371601104736,1259
1.5003869533538818,1260
1.5009379386901855,1261
1.5014870166778564,1262
1.5020349025726318,1263
1.502589225769043,1264
1.5031359195709229,1265
1.503683090209961,1266
1.5042319297790527,1267
1.5047810077667236,1268
1.5053260326385498,1269
1.5058701038360596,1270
1.5064170360565186,1271
1.5069530010223389,1271
1.5074889659881592,1271
1.508030891418457,1272
1.5086188316345215,1273
1.5091638565063477,1274
1.5097088813781738,1275
1.510267972946167,1276
1.510810136795044,1276
1.5113520622253418,1277
1.5118908882141113,1278
1.512434959411621,1278
1.5129730701446533,1279
1.5135111808776855,1280
1.5140490531921387,1281
1.514589786529541,1282
1.5151269435882568,1283
1.515665054321289,1284
1.5161938667297363,1284
1.516733169555664,1285
1.517275094985962,1286
1.517807960510254,1287
1.5183448791503906,1288
1.5188798904418945,1289
1.519413948059082,1290
1.5199458599090576,1291
1.520482063293457,1292
1.5210130214691162,1293
1.521543025970459,1294
1.5220661163330078,1294
1.5225989818572998,1295
1.5231311321258545,1296
1.5236608982086182,1297
1.524181842803955,1297
1.5247111320495605,1298
1.525252103805542,1299
1.5258028507232666,1300
1.526339054107666,1300
1.526865005493164,1301
1.527390956878662,1302
1.5279169082641602,1303
1.5284440517425537,1304
1.5289630889892578,1304
1.5294809341430664,1304
1.5299980640411377,1304
1.530522108078003,1305
1.5310461521148682,1306
1.5315608978271484,1306
1.5320839881896973,1307
1.5326051712036133,1308
1.533128023147583,1309
1.5336480140686035,1310
1.5341689586639404,1311
1.5346879959106445,1312
1.5351998805999756,1312
1.535719871520996,1312
1.536247968673706,1313
1.536764144897461,1314
1.5372841358184814,1315
1.5377929210662842,1315
1.538309097290039,1316
1.5388259887695312,1317
1.5393409729003906,1318
1.5398499965667725,1318
1.5403640270233154,1319
1.540876865386963,1320
1.541384220123291,1320
1.5418980121612549,1321
1.54243803024292,1322
1.5429518222808838,1323
1.543463945388794,1324
1.5439751148223877,1324
1.5444860458374023,1325
1.5449960231781006,1326
1.5455060005187988,1327
1.5460169315338135,1328
1.5465259552001953,1329
1.5470340251922607,1330
1.5475409030914307,1330
1.5480480194091797,1331
1.5485548973083496,1332
1.5490610599517822,1333
1.5495669841766357,1334
1.5500719547271729,1335
1.5505788326263428,1336
1.5510797500610352,1336
1.551584005355835,1337
1.552083969116211,1337
1.5525879859924316,1338
1.5530929565429688,1338
1.5535888671875,1338
1.5540950298309326,1339
1.5545909404754639,1339
1.5550880432128906,1339
1.5555830001831055,1339
1.5560879707336426,1340
1.5565838813781738,1340
1.5570778846740723,1340
1.5575768947601318,1341
1.5580761432647705,1342
1.5586109161376953,1343
1.5591058731079102,1343
1.5596048831939697,1344
1.560136079788208,1345
1.5606460571289062,1346
1.5611369609832764,1346
1.5616340637207031,1347
1.5621328353881836,1348
1.5626270771026611,1349
1.563122034072876,1350
1.5636188983917236,1351
1.5641140937805176,1352
1.5646030902862549,1352
1.5650959014892578,1353
1.565586805343628,1353
1.5660851001739502,1354
1.5665788650512695,1355
1.5670709609985352,1356
1.5675570964813232,1356
1.5680480003356934,1357
1.5685369968414307,1358
1.5690250396728516,1358
1.5695128440856934,1359
1.5700020790100098,1360
1.5704901218414307,1361
1.5709788799285889,1362
1.5714659690856934,1363
1.5719530582427979,1364
1.5724358558654785,1364
1.5729219913482666,1365
1.5734078884124756,1366
1.57389497756958,1367
1.5743751525878906,1367
1.5748679637908936,1368
1.5753540992736816,1368
1.5758650302886963,1368
1.576359748840332,1369
1.5768380165100098,1369
1.5773169994354248,1369
1.5778000354766846,1370
1.5782809257507324,1371
1.5787639617919922,1372
1.5792479515075684,1373
1.5797228813171387,1373
1.5802018642425537,1374
1.5806770324707031,1374
1.5811591148376465,1375
1.5816328525543213,1375
1.5821118354797363,1376
1.5825860500335693,1376
1.583064079284668,1377
1.5835418701171875,1378
1.5840139389038086,1378
1.5844998359680176,1379
1.5849719047546387,1379
1.5854499340057373,1380
1.5859320163726807,1381
1.5864019393920898,1381
1.5868730545043945,1381
1.5873489379882812,1382
1.5878241062164307,1383
1.5883018970489502,1383
1.588785171508789,1384
1.5892651081085205,1384
1.589745044708252,1385
1.5902268886566162,1386
1.5907068252563477,1387
1.5911898612976074,1388
1.5916719436645508,1389
1.5921630859375,1390
1.592642068862915,1391
1.593116044998169,1391
1.593597173690796,1392
1.5940699577331543,1392
1.5945460796356201,1393
1.5950241088867188,1394
1.5954949855804443,1394
1.5959680080413818,1394
1.5964419841766357,1395
1.596916913986206,1396
1.5973920822143555,1397
1.5978670120239258,1398
1.5983400344848633,1399
1.5988080501556396,1399
1.5992810726165771,1400
1.599748134613037,1400
1.6002190113067627,1401
1.600693941116333,1402
1.6011650562286377,1403
1.6016340255737305,1404
1.6021029949188232,1405
1.6025710105895996,1405
1.6030409336090088,1406
1.6035089492797852,1407
1.6039769649505615,1408
1.6044459342956543,1409
1.6049129962921143,1410
1.6053791046142578,1411
1.605846881866455,1412
1.606307029724121,1412
1.6067719459533691,1413
1.6072359085083008,1414
1.607698917388916,1415
1.6081628799438477,1416
1.6086251735687256,1416
1.6091461181640625,1417
1.6096208095550537,1417
1.6100819110870361,1418
1.6105389595031738,1419
1.6109941005706787,1420
1.6114468574523926,1421
1.6118948459625244,1421
1.61234712600708,1422
1.6127989292144775,1423
1.6132490634918213,1424
1.613698959350586,1425
1.6141479015350342,1426
1.6145930290222168,1426
1.6150410175323486,1427
1.6154890060424805,1428
1.6159319877624512,1428
1.6163790225982666,1429
1.616832971572876,1430
1.6172900199890137,1430
1.6177589893341064,1431
1.618232011795044,1432
1.6186859607696533,1432
1.6191468238830566,1432
1.6196069717407227,1433
1.6200649738311768,1434
1.6205170154571533,1434
1.6209750175476074,1435
1.621438980102539,1436
1.6218950748443604,1437
1.622352123260498,1438
1.6228101253509521,1439
1.6232600212097168,1439
1.6237199306488037,1440
1.6241559982299805,1440
1.6245899200439453,1440
1.625032901763916,1441
1.625492811203003,1442
1.62595796585083,1443
1.6263961791992188,1444
1.6268348693847656,1445
1.627295970916748,1446
1.627741813659668,1447
1.628180980682373,1448
1.6286189556121826,1449
1.6290569305419922,1450
1.629490852355957,1451
1.6299200057983398,1451
1.630354881286621,1452
1.630784034729004,1452
1.6312170028686523,1453
1.6316490173339844,1454
1.6320838928222656,1455
1.6325302124023438,1456
1.6329598426818848,1457
1.6333940029144287,1458
1.6338229179382324,1459
1.6342520713806152,1460
1.6346831321716309,1461
1.6351110935211182,1462
1.6355400085449219,1463
1.6359658241271973,1464
1.6363959312438965,1465
1.6368169784545898,1465
1.6372451782226562,1466
1.6376700401306152,1467
1.6380970478057861,1468
1.638519048690796,1468
1.6389448642730713,1469
1.639374017715454,1470
1.6397919654846191,1470
1.6402170658111572,1471
1.6406419277191162,1472
1.6410589218139648,1472
1.6414828300476074,1473
1.6419179439544678,1473
1.6424338817596436,1474
1.6428818702697754,1475
1.6433289051055908,1476
1.643763780593872,1477
1.644183874130249,1478
1.6446051597595215,1479
1.6450238227844238,1480
1.6454439163208008,1481
1.645859956741333,1482
1.6462790966033936,1483
1.6466951370239258,1484
1.6471099853515625,1485
1.647524118423462,1486
1.6479380130767822,1487
1.6483540534973145,1488
1.6487669944763184,1489
1.6491739749908447,1489
1.6495862007141113,1490
1.6499991416931152,1491
1.6504130363464355,1492
1.6508231163024902,1493
1.6512329578399658,1494
1.6516389846801758,1494
1.652048110961914,1495
1.6524651050567627,1496
1.6528749465942383,1497
1.653285026550293,1498
1.653695821762085,1499
1.6540980339050293,1499
1.6545069217681885,1500
1.6549139022827148,1501
1.65531587600708,1501
1.6557250022888184,1502
1.6561310291290283,1503
1.6565349102020264,1503
1.6569390296936035,1504
1.6573450565338135,1505
1.657745122909546,1505
1.6581470966339111,1505
1.6585850715637207,1506
1.6589829921722412,1506
1.6593849658966064,1507
1.659801959991455,1508
1.6602270603179932,1509
1.6606361865997314,1510
1.6610369682312012,1511
1.66143798828125,1512
1.661836862564087,1513
1.6622400283813477,1514
1.66264009475708,1515
1.6630399227142334,1516
1.6634368896484375,1517
1.663830041885376,1517
1.6642279624938965,1518
1.6646230220794678,1519
1.6650171279907227,1520
1.6654078960418701,1520
1.6658029556274414,1521
1.6661958694458008,1521
1.6665880680084229,1521
1.6669800281524658,1522
1.6673688888549805,1522
1.6677649021148682,1523
1.6681599617004395,1524
1.6685512065887451,1525
1.6689419746398926,1526
1.669334888458252,1527
1.6697251796722412,1528
1.6701140403747559,1529
1.6705060005187988,1530
1.670893907546997,1531
1.6712820529937744,1532
1.6716690063476562,1533
1.6720550060272217,1534
1.6724457740783691,1535
1.67283296585083,1536
1.6732220649719238,1537
1.6736071109771729,1538
1.6739928722381592,1539
1.6743779182434082,1540
1.674757957458496,1540
1.6751549243927002,1541
1.6755449771881104,1542
1.6759469509124756,1543
1.6763310432434082,1544
1.676711082458496,1545
1.6770908832550049,1546
1.6774718761444092,1547
1.6778538227081299,1548
1.6782329082489014,1549
1.6786139011383057,1550
1.6789889335632324,1550
1.679368019104004,1551
1.6797411441802979,1551
1.6801278591156006,1552
1.6805059909820557,1553
1.680882215499878,1554
1.6812629699707031,1555
1.6816370487213135,1556
1.682013988494873,1557
1.6823909282684326,1557
1.682765007019043,1558
1.6831400394439697,1559
1.6835129261016846,1560
1.6838829517364502,1560
1.6842539310455322,1561
1.6846251487731934,1562
1.6849908828735352,1562
1.6853611469268799,1563
1.68572998046875,1564
1.6860980987548828,1564
1.686466932296753,1565
1.686830997467041,1565
1.687201976776123,1566
1.6875691413879395,1567
1.687938928604126,1568
1.688305139541626,1569
1.6886708736419678,1570
1.6890411376953125,1571
1.689404010772705,1571
1.6897687911987305,1571
1.6901328563690186,1572
1.6904969215393066,1573
1.6908600330352783,1574
1.6912219524383545,1574
1.6915850639343262,1575
1.6919629573822021,1576
1.69234299659729,1577
1.6927030086517334,1578
1.6930668354034424,1579
1.693446159362793,1580
1.6938140392303467,1581
1.6941769123077393,1582
1.6945319175720215,1582
1.6948878765106201,1582
1.6952459812164307,1582
1.695603847503662,1583
1.6959609985351562,1584
1.6963179111480713,1585
1.69667387008667,1586
1.697026014328003,1586
1.6973810195922852,1587
1.697735071182251,1587
1.6980869770050049,1587
1.6984407901763916,1588
1.6987948417663574,1589
1.6991510391235352,1590
1.699502944946289,1591
1.6998581886291504,1592
1.7002100944519043,1593
1.7005610466003418,1594
1.700908899307251,1594
1.701258897781372,1595
1.7016088962554932,1596
1.701960802078247,1597
1.702314853668213,1598
1.7026610374450684,1598
1.703005075454712,1598
1.7033498287200928,1598
1.7037010192871094,1599
1.7040481567382812,1600
1.7044048309326172,1600
1.704751968383789,1601
1.7050979137420654,1602
1.7054471969604492,1603
1.70579195022583,1604
1.70613694190979,1605
1.7064769268035889,1605
1.706820011138916,1606
1.7071640491485596,1607
1.7075088024139404,1608
1.7078509330749512,1609
1.7082090377807617,1610
1.7085611820220947,1610
1.7089159488677979,1611
1.7092678546905518,1612
1.7096188068389893,1613
1.7099649906158447,1613
1.7103350162506104,1614
1.7107009887695312,1614
1.7110669612884521,1615
1.7114050388336182,1616
1.7117419242858887,1617
1.7120838165283203,1618
1.71242094039917,1619
1.7127530574798584,1619
1.7130851745605469,1619
1.7134230136871338,1620
1.713757038116455,1621
1.7140908241271973,1622
1.714426040649414,1623
1.7147560119628906,1623
1.715090036392212,1624
1.715421199798584,1624
1.7157549858093262,1625
1.7160868644714355,1626
1.716416835784912,1626
1.7167479991912842,1627
1.717081069946289,1628
1.717414140701294,1629
1.7177441120147705,1630
1.7180688381195068,1630
1.718397855758667,1631
1.7187261581420898,1631
1.7190570831298828,1632
1.719383955001831,1632
1.7197120189666748,1633
1.7200391292572021,1634
1.7203619480133057,1634
1.720686912536621,1634
1.721012830734253,1635
1.7213380336761475,1635
1.7216579914093018,1635
1.7219829559326172,1636
1.7223122119903564,1637
1.7226369380950928,1638
1.7229599952697754,1639
1.7232820987701416,1639
1.723607063293457,1640
1.7239339351654053,1640
1.724254846572876,1641
1.7245769500732422,1642
1.7249078750610352,1643
1.7252910137176514,1644
1.72564697265625,1645
1.725978136062622,1645
1.7263100147247314,1646
1.7266380786895752,1647
1.7269659042358398,1647
1.7272999286651611,1648
1.7276349067687988,1649
1.7279651165008545,1649
1.72829008102417,1650
1.7286100387573242,1650
1.728935956954956,1651
1.729259967803955,1651
1.7295820713043213,1652
1.7299039363861084,1653
1.7302188873291016,1653
1.7305350303649902,1654
1.730849027633667,1654
1.7311651706695557,1655
1.731477975845337,1656
1.7317910194396973,1657
1.732100009918213,1657
1.7324120998382568,1658
1.7327210903167725,1658
1.7330291271209717,1658
1.7333428859710693,1659
1.7336540222167969,1660
1.7339601516723633,1660
1.7342660427093506,1660
1.7345781326293945,1661
1.7348840236663818,1661
1.735192060470581,1661
1.7354989051818848,1661
1.735806941986084,1662
1.7361109256744385,1662
1.736414909362793,1662
1.736726999282837,1663
1.737032175064087,1664
1.7373418807983398,1665
1.7376461029052734,1666
1.7379481792449951,1666
1.738252878189087,1667
1.7385540008544922,1667
1.7388579845428467,1668
1.7391650676727295,1669
1.7394640445709229,1669
1.739767074584961,1670
1.7400691509246826,1671
1.740370750427246,1672
1.7406699657440186,1672
1.7409698963165283,1672
1.7412869930267334,1673
1.7416298389434814,1673
1.7419610023498535,1674
1.7422680854797363,1674
1.7425761222839355,1675
1.7428820133209229,1676
1.7431879043579102,1676
1.7435109615325928,1676
1.7438139915466309,1676
1.7441251277923584,1677
1.744426965713501,1677
1.7447259426116943,1678
1.7450249195098877,1679
1.745316982269287,1679
1.7456119060516357,1679
1.7459039688110352,1679
1.7461988925933838,1680
1.7464909553527832,1680
1.7467811107635498,1680
1.7470781803131104,1681
1.7473719120025635,1682
1.747663974761963,1683
1.7479557991027832,1684
1.7482481002807617,1685
1.7485389709472656,1686
1.7488269805908203,1686
1.749117136001587,1686
1.7494029998779297,1686
1.7496922016143799,1686
1.7499818801879883,1687
1.7502708435058594,1688
1.7505559921264648,1688
1.750845193862915,1688
1.7511301040649414,1688
1.7514169216156006,1688
1.7517099380493164,1689
1.75199294090271,1689
1.7522869110107422,1689
1.752573013305664,1689
1.7528619766235352,1690
1.7531449794769287,1690
1.753429889678955,1690
1.7537119388580322,1690
1.7539949417114258,1690
1.754281997680664,1690
1.754565954208374,1691
1.7548530101776123,1692
1.755133867263794,1692
1.7554171085357666,1693
1.755699872970581,1694
1.7559788227081299,1694
1.7562599182128906,1695
1.7565391063690186,1695
1.7568187713623047,1695
1.7570998668670654,1696
1.7573769092559814,1696
1.757660150527954,1697
1.7579398155212402,1698
1.7582240104675293,1698
1.758504867553711,1698
1.7588069438934326,1699
1.759101152420044,1699
1.7593798637390137,1699
1.7596569061279297,1700
1.7599411010742188,1700
1.7602181434631348,1701
1.7604961395263672,1702
1.7607769966125488,1703
1.7610538005828857,1704
1.7613301277160645,1705
1.761605978012085,1706
1.761885166168213,1707
1.7621610164642334,1708
1.7624340057373047,1709
1.7627089023590088,1710
1.7629809379577637,1711
1.7632529735565186,1712
1.7635250091552734,1713
1.7637958526611328,1714
1.7640690803527832,1715
1.7643389701843262,1716
1.7646119594573975,1717
1.7648789882659912,1717
1.7651481628417969,1718
1.7654168605804443,1719
1.7656848430633545,1720
1.7659518718719482,1721
1.7662241458892822,1722
1.7664899826049805,1723
1.7667579650878906,1724
1.7670209407806396,1724
1.7672858238220215,1725
1.7675490379333496,1726
1.7678120136260986,1727
1.7680749893188477,1728
1.7683382034301758,1729
1.768604040145874,1730
1.768867015838623,1730
1.7691271305084229,1731
1.769385814666748,1731
1.7696499824523926,1732
1.7699060440063477,1732
1.7701668739318848,1733
1.7704260349273682,1734
1.7706878185272217,1735
1.7709438800811768,1736
1.7711999416351318,1737
1.7714591026306152,1738
1.7717161178588867,1739
1.7719700336456299,1739
1.7722258567810059,1740
1.772481918334961,1740
1.7727370262145996,1741
1.7729918956756592,1742
1.7732458114624023,1743
1.7735018730163574,1744
1.7737550735473633,1745
1.7740089893341064,1746
1.7742629051208496,1747
1.7745180130004883,1748
1.7747719287872314,1749
1.7750251293182373,1750
1.7752909660339355,1751
1.7755491733551025,1752
1.7757978439331055,1753
1.7760469913482666,1754
1.77630615234375,1754
1.7765579223632812,1755
1.7768089771270752,1756
1.7770659923553467,1757
1.7773149013519287,1758
1.7775609493255615,1759
1.7778079509735107,1760
1.7780530452728271,1761
1.77829909324646,1762
1.7785460948944092,1763
1.778796911239624,1764
1.779041051864624,1765
1.7792868614196777,1766
1.779527187347412,1766
1.779768943786621,1767
1.7800109386444092,1768
1.7802519798278809,1769
1.7804949283599854,1770
1.780735969543457,1771
1.7809789180755615,1772
1.7812159061431885,1772
1.781454086303711,1772
1.781691074371338,1772
1.7819278240203857,1773
1.7821660041809082,1774
1.7824070453643799,1775
1.7826437950134277,1776
1.7828810214996338,1777
1.7831189632415771,1778
1.7833750247955322,1779
1.7836189270019531,1780
1.7838540077209473,1780
1.7840869426727295,1781
1.7843198776245117,1782
1.7845518589019775,1783
1.7847840785980225,1784
1.7850160598754883,1785
1.7852458953857422,1785
1.7854840755462646,1786
1.785714864730835,1787
1.7859549522399902,1788
1.786182165145874,1788
1.7864139080047607,1789
1.7866427898406982,1790
1.7868750095367432,1791
1.7871029376983643,1792
1.787329912185669,1793
1.7875571250915527,1794
1.787783145904541,1795
1.7880079746246338,1796
1.7882370948791504,1797
1.7884609699249268,1798
1.7886850833892822,1799
1.7889130115509033,1800
1.7891349792480469,1801
1.7893550395965576,1801
1.7895760536193848,1802
1.7898058891296387,1803
1.7900259494781494,1804
1.790255069732666,1805
1.790477991104126,1805
1.7906990051269531,1806
1.790917158126831,1806
1.7911348342895508,1806
1.7913551330566406,1807
1.7915959358215332,1807
1.7918250560760498,1808
1.7920429706573486,1809
1.792259931564331,1810
1.7924771308898926,1811
1.7926959991455078,1812
1.7929120063781738,1813
1.7931408882141113,1814
1.7933580875396729,1815
1.7935810089111328,1816
1.7937979698181152,1817
1.7940130233764648,1818
1.7942290306091309,1819
1.7944419384002686,1820
1.794651985168457,1820
1.7948698997497559,1821
1.7950801849365234,1821
1.7952899932861328,1822
1.7955031394958496,1823
1.7957119941711426,1824
1.7959210872650146,1825
1.796130895614624,1826
1.796341896057129,1827
1.796550989151001,1828
1.7967569828033447,1828
1.7969629764556885,1829
1.7971689701080322,1830
1.797374963760376,1831
1.7975819110870361,1832
1.7977869510650635,1833
1.7979917526245117,1834
1.7981970310211182,1834
1.7983989715576172,1834
1.798602819442749,1835
1.7988100051879883,1836
1.799010992050171,1836
1.79921293258667,1837
1.799414873123169,1838
1.7996139526367188,1838
1.7998178005218506,1839
1.800018072128296,1840
1.8002290725708008,1841
1.8004310131072998,1842
1.8006298542022705,1843
1.8008270263671875,1844
1.8010249137878418,1845
1.8012220859527588,1846
1.8014178276062012,1847
1.8016130924224854,1847
1.8018090724945068,1848
1.8020029067993164,1848
1.8022010326385498,1849
1.802394151687622,1849
1.8025879859924316,1850
1.8027818202972412,1851
1.802973985671997,1851
1.8031668663024902,1852
1.8033578395843506,1853
1.8035528659820557,1854
1.8037450313568115,1855
1.8039348125457764,1856
1.804128885269165,1857
1.804318904876709,1858
1.804513931274414,1859
1.8047029972076416,1860
1.8048899173736572,1860
1.8050851821899414,1860
1.805272102355957,1861
1.8054587841033936,1862
1.8056440353393555,1862
1.8058300018310547,1863
1.8060150146484375,1864
1.8062031269073486,1865
1.8063879013061523,1866
1.8065719604492188,1867
1.8067550659179688,1867
1.8069510459899902,1868
1.8071339130401611,1869
1.8073158264160156,1870
1.8074979782104492,1871
1.8076789379119873,1872
1.807858943939209,1873
1.8080391883850098,1874
1.8082270622253418,1875
1.8084099292755127,1876
1.8085880279541016,1877
1.8087708950042725,1878
1.8089618682861328,1879
1.80914306640625,1880
1.8093228340148926,1880
1.809499979019165,1881
1.809675931930542,1882
1.8098499774932861,1882
1.810027837753296,1883
1.8102030754089355,1884
1.810377836227417,1885
1.8105518817901611,1886
1.8107249736785889,1887
1.8108980655670166,1888
1.8110699653625488,1889
1.811241865158081,1890
1.8114128112792969,1891
1.8115818500518799,1891
1.8117527961730957,1892
1.8119239807128906,1893
1.8120958805084229,1893
1.8122649192810059,1894
1.8124330043792725,1895
1.8126020431518555,1896
1.8127689361572266,1897
1.812934160232544,1897
1.813101053237915,1898
1.8132667541503906,1898
1.8134329319000244,1899
1.8135979175567627,1900
1.8137619495391846,1900
1.8139288425445557,1901
1.814094066619873,1902
1.8142571449279785,1903
1.8144199848175049,1904
1.8145840167999268,1905
1.8147480487823486,1906
1.8149092197418213,1907
1.8150708675384521,1908
1.8152308464050293,1908
1.8153908252716064,1909
1.8155498504638672,1909
1.815709114074707,1910
1.815871000289917,1911
1.8160297870635986,1912
1.8161871433258057,1913
1.8163440227508545,1914
1.816504955291748,1915
1.8166608810424805,1916
1.816817045211792,1917
1.816972017288208,1918
1.817126989364624,1919
1.81728196144104,1920
1.8174359798431396,1921
1.8175888061523438,1922
1.8177440166473389,1923
1.8178977966308594,1923
1.8180489540100098,1924
1.8182010650634766,1925
1.8183519840240479,1926
1.8185021877288818,1927
1.8186521530151367,1928
1.8188080787658691,1928
1.8189570903778076,1929
1.8191049098968506,1930
1.819253921508789,1931
1.8194019794464111,1932
1.8195490837097168,1933
1.8196980953216553,1934
1.8198461532592773,1935
1.8199939727783203,1936
1.8201420307159424,1937
1.820288896560669,1938
1.8204388618469238,1939
1.820584774017334,1940
1.8207321166992188,1941
1.8208770751953125,1942
1.8210217952728271,1943
1.8211660385131836,1944
1.8213090896606445,1945
1.8214519023895264,1946
1.8215949535369873,1947
1.8217368125915527,1948
1.8218801021575928,1948
1.8220210075378418,1949
1.82216215133667,1950
1.8223018646240234,1951
1.8224408626556396,1951
1.8225820064544678,1952
1.8227198123931885,1953
1.8228590488433838,1954
1.822995901107788,1955
1.823132038116455,1955
1.8232691287994385,1956
1.8234050273895264,1956
1.8235430717468262,1958
1.8236799240112305,1960
1.8238160610198975,1961
1.8239541053771973,1963
1.8240890502929688,1965
1.8242270946502686,1966
1.8243579864501953,1967
1.8244950771331787,1969
1.824625015258789,1970
1.824753999710083,1971
1.8248820304870605,1971
1.8250129222869873,1972
1.8251760005950928,1973
1.825329065322876,1975
1.8254671096801758,1976
1.8256030082702637,1978
1.8257360458374023,1980
1.8258678913116455,1982
1.8259990215301514,1984
1.8261260986328125,1985
1.8262519836425781,1985
1.8263778686523438,1986
1.8265020847320557,1986
1.8266270160675049,1987
1.8267629146575928,1987
1.8268918991088867,1989
1.8270139694213867,1990
1.827138900756836,1991
1.827261209487915,1992
1.827380895614624,1993
1.8275120258331299,1995
1.827631950378418,1997
1.827751874923706,1999
1.8278729915618896,2000
1.8279900550842285,2001
1.8281049728393555,2002
1.8282229900360107,2004
1.8283381462097168,2004
1.8284540176391602,2006
1.8285670280456543,2007
1.8286809921264648,2009
1.8287949562072754,2011
1.828908920288086,2013
1.8290190696716309,2014
1.8291280269622803,2015
1.8292341232299805,2016
1.8293380737304688,2016
1.8294429779052734,2017
1.8295478820800781,2018
1.8296539783477783,2020
1.829758882522583,2022
1.829862117767334,2023
1.829962968826294,2024
1.830064058303833,2025
1.830164909362793,2026
1.8302669525146484,2028
1.8303651809692383,2029
1.83046293258667,2029
1.830561876296997,2030
1.830660104751587,2031
1.8307580947875977,2032
1.8308541774749756,2033
1.8309509754180908,2034
1.8310470581054688,2035
1.8311421871185303,2036
1.8312361240386963,2037
1.8313300609588623,2038
1.8314239978790283,2039
1.831517219543457,2040
1.8316099643707275,2041
1.8317019939422607,2042
1.831794023513794,2043
1.8318850994110107,2044
1.831974983215332,2045
1.832063913345337,2046
1.8321540355682373,2047
1.8322429656982422,2048
1.8323419094085693,2049
1.8324551582336426,2050
1.8325529098510742,2051
1.8326480388641357,2052
1.8327410221099854,2053
1.832839012145996,2054
1.8329310417175293,2055
1.8330228328704834,2056
1.8331120014190674,2056
1.8332011699676514,2057
1.8332898616790771,2058
1.8333780765533447,2059
1.8334670066833496,2060
1.8335540294647217,2061
1.8336408138275146,2062
1.8337290287017822,2063
1.8338148593902588,2064
1.8338990211486816,2065
1.833981990814209,2066
1.8340649604797363,2067
1.8341469764709473,2067
1.8342278003692627,2068
1.8343100547790527,2069
1.8343899250030518,2070
1.8344700336456299,2071
1.8345520496368408,2073
1.8346312046051025,2074
1.8347089290618896,2075
1.8347859382629395,2076
1.8348629474639893,2077
1.8349401950836182,2078
1.8350160121917725,2079
1.835097074508667,2080
1.8351719379425049,2081
1.8352460861206055,2082
1.8353190422058105,2082
1.8353919982910156,2083
1.835465908050537,2084
1.8355388641357422,2085
1.8356101512908936,2086
1.835684061050415,2087
1.8357548713684082,2088
1.835824966430664,2089
1.8358938694000244,2089
1.8359630107879639,2090
1.8360319137573242,2092
1.8361010551452637,2094
1.8361687660217285,2096
1.8362360000610352,2097
1.8363020420074463,2098
1.836367130279541,2098
1.8364331722259521,2100
1.8364989757537842,2102
1.8365628719329834,2103
1.836625099182129,2104
1.8366870880126953,2104
1.8367500305175781,2106
1.836810827255249,2106
1.8368728160858154,2108
1.8369331359863281,2109
1.8369920253753662,2110
1.8370511531829834,2111
1.8371129035949707,2113
1.8371708393096924,2114
1.8372299671173096,2115
1.837287187576294,2116
1.8373448848724365,2118
1.837402105331421,2119
1.8374559879302979,2120
1.8375120162963867,2122
1.8375658988952637,2123
1.8376219272613525,2125
1.8376739025115967,2125
1.8377268314361572,2127
1.8377771377563477,2127
1.8378300666809082,2129
1.837881088256836,2131
1.8379318714141846,2133
1.8379828929901123,2135
1.8380310535430908,2137
1.8380777835845947,2138
1.8381249904632568,2140
1.8381710052490234,2142
1.838216781616211,2144
1.8382630348205566,2145
1.8383100032806396,2147
1.8383519649505615,2148
1.838395118713379,2149
1.8384380340576172,2150
1.8384790420532227,2151
1.8385188579559326,2152
1.8385589122772217,2152
1.8385992050170898,2154
1.8386390209197998,2156
1.8386790752410889,2158
1.8387160301208496,2159
1.8387529850006104,2160
1.8387889862060547,2161
1.8388259410858154,2163
1.8388609886169434,2164
1.8388960361480713,2166
1.8389308452606201,2168
1.8389639854431152,2168
1.8389959335327148,2169
1.8390278816223145,2170
1.8390610218048096,2171
1.8390939235687256,2172
1.8391239643096924,2172
1.8391540050506592,2173
1.8391849994659424,2174
1.8392140865325928,2175
1.839245080947876,2176
1.8392729759216309,2177
1.8393011093139648,2178
1.8393278121948242,2179
1.8393549919128418,2181
1.8393797874450684,2181
1.8394060134887695,2183
1.8394300937652588,2183
1.839453935623169,2185
1.8394780158996582,2186
1.8395020961761475,2188
1.8395249843597412,2188
1.839548110961914,2190
1.839569091796875,2191
1.8395891189575195,2193
1.839608907699585,2194
1.839627981185913,2194
1.839648962020874,2197
1.8396668434143066,2199
1.8396849632263184,2202
1.8397009372711182,2205
