0.003676891326904297,4891
0.0074198246002197266,4890
0.010985851287841797,4889
0.014596700668334961,4888
0.018083810806274414,4887
0.02157282829284668,4886
0.02487492561340332,4885
0.028413772583007812,4884
0.03176069259643555,4883
0.03524184226989746,4882
0.03866696357727051,4881
0.042360782623291016,4880
0.045918941497802734,4879
0.04951667785644531,4878
0.05287289619445801,4877
0.05635380744934082,4876
0.05963492393493652,4875
0.06306982040405273,4874
0.06634187698364258,4873
0.0697636604309082,4872
0.07303571701049805,4871
0.07650876045227051,4870
0.07979083061218262,4869
0.0832986831665039,4868
0.08659982681274414,4867
0.09004592895507812,4866
0.09331083297729492,4865
0.09677267074584961,4864
0.1000509262084961,4863
0.10349678993225098,4862
0.10677194595336914,4861
0.11020374298095703,4860
0.1134798526763916,4859
0.11693382263183594,4858
0.12020993232727051,4857
0.12365269660949707,4856
0.12694668769836426,4855
0.13039278984069824,4854
0.1336667537689209,4853
0.13712477684020996,4852
0.14039278030395508,4851
0.14383578300476074,4850
0.14712285995483398,4849
0.15054798126220703,4848
0.1538078784942627,4847
0.15726065635681152,4846
0.1605386734008789,4845
0.16396594047546387,4844
0.16723179817199707,4843
0.17067861557006836,4842
0.17395257949829102,4841
0.17745280265808105,4840
0.18076372146606445,4839
0.18421077728271484,4838
0.18749594688415527,4837
0.19092869758605957,4836
0.19419384002685547,4835
0.19763875007629395,4834
0.2009296417236328,4833
0.20437192916870117,4832
0.2076706886291504,4831
0.21109986305236816,4830
0.2143716812133789,4829
0.21782398223876953,4828
0.2210979461669922,4827
0.22452473640441895,4826
0.22780966758728027,4825
0.2312467098236084,4824
0.23450684547424316,4823
0.2379617691040039,4822
0.24124789237976074,4821
0.24468183517456055,4820
0.247971773147583,4819
0.2514157295227051,4818
0.2547016143798828,4817
0.2581648826599121,4816
0.2614457607269287,4815
0.26488280296325684,4814
0.2681698799133301,4813
0.27161073684692383,4812
0.2748746871948242,4811
0.2783386707305908,4810
0.28163790702819824,4809
0.28623270988464355,4808
0.28965282440185547,4807
0.2930927276611328,4806
0.2963986396789551,4805
0.29984068870544434,4804
0.303128719329834,4803
0.3065516948699951,4802
0.3098428249359131,4801
0.3132789134979248,4800
0.316572904586792,4799
0.3199946880340576,4798
0.3232839107513428,4797
0.32672786712646484,4796
0.3300297260284424,4795
0.33345770835876465,4794
0.3367447853088379,4793
0.34018373489379883,4792
0.3434748649597168,4791
0.34689998626708984,4790
0.35017871856689453,4789
0.35361671447753906,4788
0.35691165924072266,4787
0.3603489398956299,4786
0.3636479377746582,4785
0.36708879470825195,4784
0.3703889846801758,4783
0.37381577491760254,4782
0.37710070610046387,4781
0.380523681640625,4780
0.383807897567749,4779
0.38724780082702637,4778
0.3905527591705322,4777
0.3939845561981201,4776
0.39728260040283203,4775
0.4007139205932617,4774
0.40399980545043945,4773
0.4074227809906006,4772
0.4107217788696289,4771
0.41415977478027344,4770
0.4174487590789795,4769
0.42088770866394043,4768
0.4241797924041748,4767
0.4276008605957031,4766
0.4308948516845703,4765
0.43432188034057617,4764
0.4376027584075928,4763
0.44104671478271484,4762
0.44433164596557617,4761
0.4477658271789551,4760
0.4510378837585449,4759
0.45447278022766113,4758
0.45775890350341797,4757
0.4611976146697998,4756
0.464505672454834,4755
0.46799468994140625,4754
0.47129392623901367,4753
0.4747297763824463,4752
0.478024959564209,4751
0.4814448356628418,4750
0.4847118854522705,4749
0.4881467819213867,4748
0.49144673347473145,4747
0.4948768615722656,4746
0.4981677532196045,4745
0.5016117095947266,4744
0.5048975944519043,4743
0.5083327293395996,4742
0.5116338729858398,4741
0.5150647163391113,4740
0.518352746963501,4739
0.5217757225036621,4738
0.5250837802886963,4737
0.5285308361053467,4736
0.5318307876586914,4735
0.5352597236633301,4734
0.5385589599609375,4733
0.5419919490814209,4732
0.5452747344970703,4731
0.5487077236175537,4730
0.5520157814025879,4729
0.5554478168487549,4728
0.5587437152862549,4727
0.562175989151001,4726
0.5654599666595459,4725
0.568875789642334,4724
0.5721516609191895,4723
0.5755856037139893,4722
0.5788788795471191,4721
0.5823028087615967,4720
0.5855858325958252,4719
0.5890188217163086,4718
0.5923027992248535,4717
0.5957508087158203,4716
0.5990579128265381,4715
0.6025075912475586,4714
0.6058197021484375,4713
0.6092448234558105,4712
0.6125266551971436,4711
0.6159608364105225,4710
0.6192507743835449,4709
0.6226787567138672,4708
0.6259667873382568,4707
0.6294007301330566,4706
0.6326808929443359,4705
0.6361098289489746,4704
0.6394009590148926,4703
0.6428787708282471,4702
0.6464498043060303,4701
0.6500747203826904,4700
0.6534206867218018,4699
0.6568777561187744,4698
0.660193681716919,4697
0.6636447906494141,4696
0.666968822479248,4695
0.6704037189483643,4694
0.6736829280853271,4693
0.6771199703216553,4692
0.6804537773132324,4691
0.6839127540588379,4690
0.6872036457061768,4689
0.6906397342681885,4688
0.6939268112182617,4687
0.6973488330841064,4686
0.700617790222168,4685
0.704035758972168,4684
0.7073259353637695,4683
0.710763692855835,4682
0.7140469551086426,4681
0.7174897193908691,4680
0.7207918167114258,4679
0.7242228984832764,4678
0.7275028228759766,4677
0.7309346199035645,4676
0.7342398166656494,4675
0.7376739978790283,4674
0.7409517765045166,4673
0.7443766593933105,4672
0.747668981552124,4671
0.7510945796966553,4670
0.7543737888336182,4669
0.7577757835388184,4668
0.7610466480255127,4667
0.7644848823547363,4666
0.7677898406982422,4665
0.7712247371673584,4664
0.7745168209075928,4663
0.7779576778411865,4662
0.7812337875366211,4661
0.7846548557281494,4660
0.7879228591918945,4659
0.7913379669189453,4658
0.7946257591247559,4657
0.7980597019195557,4656
0.8013198375701904,4655
0.8047475814819336,4654
0.8080346584320068,4653
0.8114669322967529,4652
0.8147468566894531,4651
0.8181648254394531,4650
0.8214290142059326,4649
0.8248686790466309,4648
0.8281447887420654,4647
0.8315708637237549,4646
0.8348596096038818,4645
0.8383018970489502,4644
0.8415858745574951,4643
0.8450098037719727,4642
0.8482847213745117,4641
0.851719856262207,4640
0.8549916744232178,4639
0.8584136962890625,4638
0.8616819381713867,4637
0.8651127815246582,4636
0.8683938980102539,4635
0.8718228340148926,4634
0.8750977516174316,4633
0.8785185813903809,4632
0.8817927837371826,4631
0.8852207660675049,4630
0.8885126113891602,4629
0.8919858932495117,4628
0.8952748775482178,4627
0.8986978530883789,4626
0.9019668102264404,4625
0.905404806137085,4624
0.9086897373199463,4623
0.9121086597442627,4622
0.9153919219970703,4621
0.9188258647918701,4620
0.9221057891845703,4619
0.9255266189575195,4618
0.9288008213043213,4617
0.93222975730896,4616
0.9355268478393555,4615
0.9389488697052002,4614
0.9422190189361572,4613
0.9456489086151123,4612
0.9489285945892334,4611
0.9523489475250244,4610
0.9556248188018799,4609
0.9590578079223633,4608
0.9623408317565918,4607
0.9657688140869141,4606
0.969038724899292,4605
0.9724757671356201,4604
0.975759744644165,4603
0.9791808128356934,4602
0.9825506210327148,4601
0.9863359928131104,4600
0.989931583404541,4599
0.9936578273773193,4598
0.9971938133239746,4597
1.0008838176727295,4596
1.0044217109680176,4595
1.0107698440551758,4594
1.0142998695373535,4593
1.0175998210906982,4592
1.021042823791504,4591
1.024324655532837,4590
1.0277607440948486,4589
1.0310289859771729,4588
1.0344748497009277,4587
1.0377588272094727,4586
1.0411949157714844,4585
1.0444836616516113,4584
1.04793381690979,4583
1.0512068271636963,4582
1.0546486377716064,4581
1.05794095993042,4580
1.0613877773284912,4579
1.064666748046875,4578
1.0681068897247314,4577
1.0713918209075928,4576
1.0748357772827148,4575
1.078108787536621,4574
1.0815396308898926,4573
1.084824800491333,4572
1.0882787704467773,4571
1.0915536880493164,4570
1.0949985980987549,4569
1.09828782081604,4568
1.1017258167266846,4567
1.1050238609313965,4566
1.1085197925567627,4565
1.1118006706237793,4564
1.1152498722076416,4563
1.118534803390503,4562
1.1219708919525146,4561
1.1252458095550537,4560
1.1286828517913818,4559
1.131962776184082,4558
1.1354217529296875,4557
1.1387057304382324,4556
1.1421427726745605,4555
1.1454248428344727,4554
1.1488797664642334,4553
1.152160882949829,4552
1.1556007862091064,4551
1.1588869094848633,4550
1.1623408794403076,4549
1.165625810623169,4548
1.1690618991851807,4547
1.1723458766937256,4546
1.1757969856262207,4545
1.1790719032287598,4544
1.182506799697876,4543
1.1857919692993164,4542
1.1892337799072266,4541
1.1925058364868164,4540
1.195941686630249,4539
1.1992247104644775,4538
1.202669620513916,4537
1.205927848815918,4536
1.2093777656555176,4535
1.2126619815826416,4534
1.2160987854003906,4533
1.2193689346313477,4532
1.2228198051452637,4531
1.226104736328125,4530
1.2295448780059814,4529
1.2328166961669922,4528
1.2362687587738037,4527
1.239555835723877,4526
1.2429978847503662,4525
1.2462897300720215,4524
1.2497437000274658,4523
1.2550299167633057,4522
1.2583177089691162,4521
1.2617437839508057,4520
1.2650277614593506,4519
1.270547866821289,4518
1.273993968963623,4517
1.277270793914795,4516
1.280700922012329,4515
1.2839686870574951,4514
1.287397861480713,4513
1.2906827926635742,4512
1.2941246032714844,4511
1.2973988056182861,4510
1.300825834274292,4509
1.3041038513183594,4508
1.3075487613677979,4507
1.310817003250122,4506
1.3142499923706055,4505
1.3175358772277832,4504
1.3209877014160156,4503
1.3243069648742676,4502
1.3277606964111328,4501
1.3310458660125732,4500
1.3344948291778564,4499
1.3377935886383057,4498
1.3412277698516846,4497
1.344496726989746,4496
1.3479468822479248,4495
1.351226806640625,4494
1.3546628952026367,4493
1.3579387664794922,4492
1.3613817691802979,4491
1.364668846130371,4490
1.3681087493896484,4489
1.3713936805725098,4488
1.374837875366211,4487
1.3781137466430664,4486
1.381546974182129,4485
1.3848397731781006,4484
1.3882880210876465,4483
1.3915536403656006,4482
1.3949875831604004,4481
1.3982758522033691,4480
1.4017279148101807,4479
1.4050037860870361,4478
1.4084558486938477,4477
1.4117398262023926,4476
1.4151806831359863,4475
1.418454647064209,4474
1.421905755996704,4473
1.4251887798309326,4472
1.4286267757415771,4471
1.4319157600402832,4470
1.4353609085083008,4469
1.4386398792266846,4468
1.4420897960662842,4467
1.4453728199005127,4466
1.448814868927002,4465
1.4520916938781738,4464
1.4555609226226807,4463
1.4589128494262695,4462
1.462418794631958,4461
1.465770959854126,4460
1.4692878723144531,4459
1.472627878189087,4458
1.4761488437652588,4457
1.4794957637786865,4456
1.483001708984375,4455
1.4863238334655762,4454
1.489783763885498,4453
1.4931278228759766,4452
1.4966456890106201,4451
1.5,4450
1.5035016536712646,4449
1.506847858428955,4448
1.510375738143921,4447
1.5137197971343994,4446
1.5172107219696045,4445
1.5205397605895996,4444
1.524068832397461,4443
1.52740478515625,4442
1.5309128761291504,4441
1.5342788696289062,4440
1.5378468036651611,4439
1.5412168502807617,4438
1.5447487831115723,4437
1.5481147766113281,4436
1.5516488552093506,4435
1.5549557209014893,4434
1.558464765548706,4433
1.561816692352295,4432
1.5653467178344727,4431
1.568711757659912,4430
1.5722267627716064,4429
1.575584888458252,4428
1.5790998935699463,4427
1.5824358463287354,4426
1.585942029953003,4425
1.5892958641052246,4424
1.5928168296813965,4423
1.5961637496948242,4422
1.5996627807617188,4421
1.6030137538909912,4420
1.6065306663513184,4419
1.6098628044128418,4418
1.6133708953857422,4417
1.616724967956543,4416
1.6202397346496582,4415
1.6235778331756592,4414
1.6270956993103027,4413
1.6304638385772705,4412
1.6339797973632812,4411
1.637328863143921,4410
1.6408236026763916,4409
1.6441736221313477,4408
1.6476516723632812,4407
1.6509859561920166,4406
1.6544976234436035,4405
1.6578459739685059,4404
1.6613528728485107,4403
1.6646907329559326,4402
1.6681888103485107,4401
1.6716058254241943,4400
1.6750807762145996,4399
1.6783888339996338,4398
1.6818938255310059,4397
1.6851840019226074,4396
1.6886498928070068,4395
1.69193696975708,4394
1.6954128742218018,4393
1.6987278461456299,4392
1.7021818161010742,4391
1.70548677444458,4390
1.7089567184448242,4389
1.712310791015625,4388
1.7158746719360352,4387
1.7192356586456299,4386
1.722733736038208,4385
1.726099967956543,4384
1.7298388481140137,4383
1.7334167957305908,4382
1.7370109558105469,4381
1.7403719425201416,4380
1.7439157962799072,4379
1.7472686767578125,4378
1.7507855892181396,4377
1.7541897296905518,4376
1.7576966285705566,4375
1.7610297203063965,4374
1.7645397186279297,4373
1.767880916595459,4372
1.7713627815246582,4371
1.7746808528900146,4370
1.7781758308410645,4369
1.7814888954162598,4368
1.7849626541137695,4367
1.7882747650146484,4366
1.79176664352417,4365
1.795095682144165,4364
1.798590898513794,4363
1.8019177913665771,4362
1.8053979873657227,4361
1.8087198734283447,4360
1.8122076988220215,4359
1.8155179023742676,4358
1.8189959526062012,4357
1.822312831878662,4356
1.8258028030395508,4355
1.8291106224060059,4354
1.8326027393341064,4353
1.835925817489624,4352
1.8394076824188232,4351
1.8427257537841797,4350
1.8461997509002686,4349
1.8523738384246826,4348
1.8556699752807617,4347
1.859144926071167,4346
1.862466812133789,4345
1.8659567832946777,4344
1.8692657947540283,4343
1.87274169921875,4342
1.8760666847229004,4341
1.8795678615570068,4340
1.8828668594360352,4339
1.8863468170166016,4338
1.8896477222442627,4337
1.893122673034668,4336
1.8964128494262695,4335
1.8998687267303467,4334
1.903181791305542,4333
1.9066908359527588,4332
1.9100286960601807,4331
1.9136409759521484,4330
1.9169797897338867,4329
1.920468807220459,4328
1.923783779144287,4327
1.9272797107696533,4326
1.9305946826934814,4325
1.9340758323669434,4324
1.9373869895935059,4323
1.9408748149871826,4322
1.944199800491333,4321
1.9476869106292725,4320
1.9509997367858887,4319
1.9544928073883057,4318
1.9578218460083008,4317
1.9612789154052734,4316
1.964585781097412,4315
1.9680798053741455,4314
1.9714486598968506,4313
1.9749507904052734,4312
1.9782757759094238,4311
1.981759786605835,4310
1.9850759506225586,4309
1.9885540008544922,4308
1.9918608665466309,4307
1.9953668117523193,4306
1.9986867904663086,4305
2.0021870136260986,4304
2.00551176071167,4303
2.009000778198242,4302
2.0123157501220703,4301
2.015798568725586,4300
2.0190887451171875,4299
2.022580862045288,4298
2.025909900665283,4297
2.0293986797332764,4296
2.0327088832855225,4295
2.0362067222595215,4294
2.0395357608795166,4293
2.043027877807617,4292
2.0463547706604004,4291
2.0498437881469727,4290
2.0531556606292725,4289
2.056656837463379,4288
2.059976816177368,4287
2.063464879989624,4286
2.0667848587036133,4285
2.0702767372131348,4284
2.0735878944396973,4283
2.0770747661590576,4282
2.0803709030151367,4281
2.0838546752929688,4280
2.0871758460998535,4279
2.090665817260742,4278
2.0939857959747314,4277
2.0974748134613037,4276
2.100792646408081,4275
2.104264974594116,4274
2.107592821121216,4273
2.111083745956421,4272
2.1143927574157715,4271
2.117872714996338,4270
2.121189832687378,4269
2.1246798038482666,4268
2.1279969215393066,4267
2.1314759254455566,4266
2.134821891784668,4265
2.1383306980133057,4264
2.141652822494507,4263
2.1451447010040283,4262
2.1484668254852295,4261
2.1519627571105957,4260
2.1552958488464355,4259
2.158782958984375,4258
2.162095785140991,4257
2.1656010150909424,4256
2.1689295768737793,4255
2.1724119186401367,4254
2.1757378578186035,4253
2.1792447566986084,4252
2.1825716495513916,4251
2.1861109733581543,4250
2.1894400119781494,4249
2.1929218769073486,4248
2.1962409019470215,4247
2.199741840362549,4246
2.203068733215332,4245
2.206561803817749,4244
2.2098770141601562,4243
2.213352918624878,4242
2.2166588306427,4241
2.220155715942383,4240
2.22348690032959,4239
2.2269768714904785,4238
2.23028302192688,4237
2.2337698936462402,4236
2.2370848655700684,4235
2.2405686378479004,4234
2.24387788772583,4233
2.2473809719085693,4232
2.250696897506714,4231
2.2541768550872803,4230
2.257504940032959,4229
2.260999917984009,4228
2.264314889907837,4227
2.270310878753662,4226
2.2738118171691895,4225
2.2771389484405518,4224
2.280669927597046,4223
2.2839858531951904,4222
2.287468671798706,4221
2.2907729148864746,4220
2.2942709922790527,4219
2.2975969314575195,4218
2.301102638244629,4217
2.30444073677063,4216
2.307933807373047,4215
2.311248779296875,4214
2.3147237300872803,4213
2.3180387020111084,4212
2.3215298652648926,4211
2.324838876724243,4210
2.3283238410949707,4209
2.3316307067871094,4208
2.33512282371521,4207
2.338444709777832,4206
2.3419315814971924,4205
2.345259666442871,4204
2.3487417697906494,4203
2.352057695388794,4202
2.3555309772491455,4201
2.3588485717773438,4200
2.3623368740081787,4199
2.3656527996063232,4198
2.369128942489624,4197
2.3724160194396973,4196
2.37591290473938,4195
2.379232883453369,4194
2.3827106952667236,4193
2.386007785797119,4192
2.389457941055298,4191
2.392739772796631,4190
2.396218776702881,4189
2.3995468616485596,4188
2.4031267166137695,4187
2.406479835510254,4186
2.41005277633667,4185
2.413458824157715,4184
2.416968822479248,4183
2.4202868938446045,4182
2.4237875938415527,4181
2.4271156787872314,4180
2.430593729019165,4179
2.433907985687256,4178
2.437410831451416,4177
2.440739631652832,4176
2.444222927093506,4175
2.4475326538085938,4174
2.4510247707366943,4173
2.4543447494506836,4172
2.457829713821411,4171
2.461155652999878,4170
2.4646358489990234,4169
2.4679596424102783,4168
2.4714508056640625,4167
2.4747707843780518,4166
2.4782557487487793,4165
2.481576919555664,4164
2.4850659370422363,4163
2.4883499145507812,4162
2.4918179512023926,4161
2.4951696395874023,4160
2.49867582321167,4159
2.5019867420196533,4158
2.505457878112793,4157
2.508748769760132,4156
2.5122017860412598,4155
2.515483856201172,4154
2.5189309120178223,4153
2.5222277641296387,4152
2.525740623474121,4151
2.529308795928955,4150
2.533031940460205,4149
2.5366179943084717,4148
2.5404438972473145,4147
2.5440518856048584,4146
2.551053762435913,4145
2.554703712463379,4144
2.5582737922668457,4143
2.5619876384735107,4142
2.5655198097229004,4141
2.5693957805633545,4140
2.5730037689208984,4139
2.576870918273926,4138
2.5805158615112305,4137
2.584404945373535,4136
2.5881290435791016,4135
2.5920917987823486,4134
2.595775842666626,4133
2.599484920501709,4132
2.6029696464538574,4131
2.6065757274627686,4130
2.6100809574127197,4129
2.6136977672576904,4128
2.6171488761901855,4127
2.6207828521728516,4126
2.624293804168701,4125
2.627964735031128,4124
2.6314549446105957,4123
2.6350719928741455,4122
2.6385557651519775,4121
2.642249822616577,4120
2.6457457542419434,4119
2.6493897438049316,4118
2.652878761291504,4117
2.656472682952881,4116
2.6599628925323486,4115
2.6635866165161133,4114
2.6670567989349365,4113
2.6706957817077637,4112
2.674187660217285,4111
2.6778087615966797,4110
2.6812777519226074,4109
2.6850717067718506,4108
2.688833713531494,4107
2.692675828933716,4106
2.696199893951416,4105
2.6998746395111084,4104
2.7033708095550537,4103
2.7069637775421143,4102
2.7104437351226807,4101
2.7140727043151855,4100
2.71752667427063,4099
2.7211337089538574,4098
2.724613904953003,4097
2.728266954421997,4096
2.7318367958068848,4095
2.7357237339019775,4094
2.7393946647644043,4093
2.7432198524475098,4092
2.7469089031219482,4091
2.7507216930389404,4090
2.754391670227051,4089
2.7582168579101562,4088
2.761929988861084,4087
2.765901803970337,4086
2.7697179317474365,4085
2.773531913757324,4084
2.7771997451782227,4083
2.781043767929077,4082
2.7847087383270264,4081
2.7885818481445312,4080
2.7922587394714355,4079
2.7959938049316406,4078
2.7995357513427734,4077
2.8033769130706787,4076
2.8071627616882324,4075
2.8109428882598877,4074
2.8146629333496094,4073
2.818579912185669,4072
2.825758934020996,4071
2.8293018341064453,4070
2.832890748977661,4069
2.8362717628479004,4068
2.839775800704956,4067
2.8431408405303955,4066
2.846646785736084,4065
2.8499927520751953,4064
2.853477716445923,4063
2.856823682785034,4062
2.8603618144989014,4061
2.8637099266052246,4060
2.867201805114746,4059
2.8705389499664307,4058
2.87400484085083,4057
2.8773319721221924,4056
2.880791664123535,4055
2.884126901626587,4054
2.8876569271087646,4053
2.8910038471221924,4052
2.89447283744812,4051
2.897819757461548,4050
2.9013025760650635,4049
2.9046268463134766,4048
2.908092737197876,4047
2.9114298820495605,4046
2.9149057865142822,4045
2.9182357788085938,4044
2.921726942062378,4043
2.925069808959961,4042
2.928745985031128,4041
2.932328939437866,4040
2.9359469413757324,4039
2.939314842224121,4038
2.942821741104126,4037
2.9461967945098877,4036
2.949694871902466,4035
2.9530417919158936,4034
2.956540822982788,4033
2.959883689880371,4032
2.9633498191833496,4031
2.9666848182678223,4030
2.9701528549194336,4029
2.973477840423584,4028
2.976947784423828,4027
2.9802749156951904,4026
2.983755588531494,4025
2.9870777130126953,4024
2.9905147552490234,4023
2.993863821029663,4022
2.997361898422241,4021
3.0006918907165527,4020
3.004197835922241,4019
3.007528781890869,4018
3.0109877586364746,4017
3.014317750930786,4016
3.0177998542785645,4015
3.0211198329925537,4014
3.0245766639709473,4013
3.027904748916626,4012
3.03137469291687,4011
3.034700632095337,4010
3.03816294670105,4009
3.0414958000183105,4008
3.0449697971343994,4007
3.0483126640319824,4006
3.0517818927764893,4005
3.0551187992095947,4004
3.058607816696167,4003
3.061945676803589,4002
3.065422773361206,4001
3.068741798400879,4000
3.0722036361694336,3999
3.075579881668091,3998
3.0790557861328125,3997
3.0823748111724854,3996
3.0858538150787354,3995
3.0891997814178467,3994
3.09266996383667,3993
3.0959978103637695,3992
3.099486827850342,3991
3.1028218269348145,3990
3.106301784515381,3989
3.1096389293670654,3988
3.1131279468536377,3987
3.1164679527282715,3986
3.1199469566345215,3985
3.1232728958129883,3984
3.126746892929077,3983
3.1300699710845947,3982
3.1335418224334717,3981
3.136871814727783,3980
3.140338897705078,3979
3.1436667442321777,3978
3.147136688232422,3977
3.1504578590393066,3976
3.153925895690918,3975
3.15726900100708,3974
3.160735845565796,3973
3.1640546321868896,3972
3.167529821395874,3971
3.170855760574341,3970
3.1743228435516357,3969
3.1776647567749023,3968
3.181135892868042,3967
3.184448719024658,3966
3.187917709350586,3965
3.191250801086426,3964
3.194711685180664,3963
3.1980338096618652,3962
3.2015187740325928,3961
3.2048540115356445,3960
3.208317756652832,3959
3.2116518020629883,3958
3.2151198387145996,3957
3.2184576988220215,3956
3.2219607830047607,3955
3.2253217697143555,3954
3.228848695755005,3953
3.232395648956299,3952
3.236050844192505,3951
3.239719867706299,3950
3.2436118125915527,3949
3.247274875640869,3948
3.2510876655578613,3947
3.254848003387451,3946
3.258694887161255,3945
3.2623157501220703,3944
3.2659828662872314,3943
3.269413709640503,3942
3.272918701171875,3941
3.276265859603882,3940
3.2797718048095703,3939
3.2831056118011475,3938
3.286604642868042,3937
3.28995680809021,3936
3.2934818267822266,3935
3.2968146800994873,3934
3.3002827167510986,3933
3.3035998344421387,3932
3.3070597648620605,3931
3.310394763946533,3930
3.313873767852783,3929
3.3172059059143066,3928
3.3206887245178223,3927
3.324033737182617,3926
3.3275177478790283,3925
3.3308467864990234,3924
3.334331750869751,3923
3.3376729488372803,3922
3.3411238193511963,3921
3.344468832015991,3920
3.3479528427124023,3919
3.351280689239502,3918
3.354759931564331,3917
3.358092784881592,3916
3.3615596294403076,3915
3.3648698329925537,3914
3.3683488368988037,3913
3.371689796447754,3912
3.3751587867736816,3911
3.3784797191619873,3910
3.381959915161133,3909
3.3852858543395996,3908
3.3887526988983154,3907
3.392080783843994,3906
3.3955588340759277,3905
3.398883819580078,3904
3.402322769165039,3903
3.4056429862976074,3902
3.409125804901123,3901
3.4124369621276855,3900
3.4159018993377686,3899
3.4192347526550293,3898
3.4227137565612793,3897
3.426041841506958,3896
3.4295239448547363,3895
3.4328529834747314,3894
3.43632173538208,3893
3.4396417140960693,3892
3.4431207180023193,3891
3.4464547634124756,3890
3.4499247074127197,3889
3.4532647132873535,3888
3.456746816635132,3887
3.460070848464966,3886
3.463549852371216,3885
3.4668898582458496,3884
3.4703638553619385,3883
3.473686695098877,3882
3.477163791656494,3881
3.480503797531128,3880
3.4839727878570557,3879
3.4872708320617676,3878
3.4907357692718506,3877
3.4940879344940186,3876
3.4975616931915283,3875
3.5009076595306396,3874
3.504406690597534,3873
3.5077857971191406,3872
3.511262893676758,3871
3.514603614807129,3870
3.518075704574585,3869
3.521385908126831,3868
3.5248587131500244,3867
3.5281858444213867,3866
3.5316386222839355,3865
3.534972906112671,3864
3.5384597778320312,3863
3.5417838096618652,3862
3.545247793197632,3861
3.548567771911621,3860
3.552027702331543,3859
3.555335760116577,3858
3.5588059425354004,3857
3.562130928039551,3856
3.565614700317383,3855
3.5689427852630615,3854
3.572410821914673,3853
3.575732946395874,3852
3.579211711883545,3851
3.5825448036193848,3850
3.586017608642578,3849
3.58935284614563,3848
3.5928046703338623,3847
3.596130609512329,3846
3.599611759185791,3845
3.602932929992676,3844
3.6063737869262695,3843
3.609684944152832,3842
3.6131367683410645,3841
3.6164348125457764,3840
3.6198928356170654,3839
3.623220920562744,3838
3.626692771911621,3837
3.6301229000091553,3836
3.6337108612060547,3835
3.637213945388794,3834
3.640767812728882,3833
3.6441359519958496,3832
3.6476569175720215,3831
3.651041030883789,3830
3.654571771621704,3829
3.6579136848449707,3828
3.661411762237549,3827
3.66473388671875,3826
3.66823673248291,3825
3.6715657711029053,3824
3.6750547885894775,3823
3.6783697605133057,3822
3.6818675994873047,3821
3.6851956844329834,3820
3.688685655593872,3819
3.6919968128204346,3818
3.6954917907714844,3817
3.698814868927002,3816
3.702300786972046,3815
3.7056288719177246,3814
3.709132671356201,3813
3.7124569416046143,3812
3.71593976020813,3811
3.7192649841308594,3810
3.7228097915649414,3809
3.726148843765259,3808
3.7296435832977295,3807
3.732963800430298,3806
3.7364578247070312,3805
3.7397687435150146,3804
3.74326491355896,3803
3.7465827465057373,3802
3.750067949295044,3801
3.7534067630767822,3800
3.756903886795044,3799
3.760220766067505,3798
3.7637228965759277,3797
3.767056703567505,3796
3.7705328464508057,3795
3.773852825164795,3794
3.7773427963256836,3793
3.78066086769104,3792
3.7841577529907227,3791
3.7874817848205566,3790
3.7909529209136963,3789
3.796954870223999,3788
3.8002686500549316,3787
3.8037450313568115,3786
3.8070709705352783,3785
3.8105738162994385,3784
3.8140008449554443,3783
3.8175957202911377,3782
3.820943832397461,3781
3.824439764022827,3780
3.8277666568756104,3779
3.831242799758911,3778
3.834571599960327,3777
3.838096857070923,3776
3.8414087295532227,3775
3.844918727874756,3774
3.848261833190918,3773
3.8517649173736572,3772
3.8550939559936523,3771
3.858593702316284,3770
3.861921787261963,3769
3.8654026985168457,3768
3.8687188625335693,3767
3.872199773788452,3766
3.875523805618286,3765
3.8790159225463867,3764
3.882328748703003,3763
3.8858118057250977,3762
3.889126777648926,3761
3.892622709274292,3760
3.8959498405456543,3759
3.8994319438934326,3758
3.902742624282837,3757
3.906240701675415,3756
3.9095606803894043,3755
3.913059711456299,3754
3.916386604309082,3753
3.919877767562866,3752
3.9231998920440674,3751
3.9266979694366455,3750
3.9300239086151123,3749
3.9335098266601562,3748
3.936851978302002,3747
3.940394878387451,3746
3.9437355995178223,3745
3.947239875793457,3744
3.9505648612976074,3743
3.954070806503296,3742
3.9574027061462402,3741
3.9608876705169678,3740
3.9642157554626465,3739
3.9677157402038574,3738
3.9710488319396973,3737
3.974541664123535,3736
3.977864980697632,3735
3.981360912322998,3734
3.9846878051757812,3733
3.9881367683410645,3732
3.9914627075195312,3731
3.994997978210449,3730
3.9983508586883545,3729
4.001847743988037,3728
4.00517463684082,3727
4.008664846420288,3726
4.012003660202026,3725
4.0155158042907715,3724
4.018849611282349,3723
4.022326707839966,3722
4.025649785995483,3721
4.0291337966918945,3720
4.032456874847412,3719
4.035934925079346,3718
4.0392608642578125,3717
4.042747735977173,3716
4.046061754226685,3715
4.04955792427063,3714
4.052884817123413,3713
4.056369781494141,3712
4.059693813323975,3711
4.063186883926392,3710
4.066482782363892,3709
4.0699567794799805,3708
4.073286771774292,3707
4.07677960395813,3706
4.080110788345337,3705
4.083623886108398,3704
4.086962938308716,3703
4.090420961380005,3702
4.09375,3701
4.0972206592559814,3700
4.100534677505493,3699
4.104000568389893,3698
4.107318639755249,3697
4.110832691192627,3696
4.1141839027404785,3695
4.117680788040161,3694
4.121014595031738,3693
4.124509811401367,3692
4.127830743789673,3691
4.131324768066406,3690
4.134645938873291,3689
4.1381309032440186,3688
4.141450881958008,3687
4.14495062828064,3686
4.1482768058776855,3685
4.151765823364258,3684
4.155129671096802,3683
4.158636808395386,3682
4.1619768142700195,3681
4.165489912033081,3680
4.168827772140503,3679
4.172297954559326,3678
4.175628662109375,3677
4.179126024246216,3676
4.182457685470581,3675
4.188961029052734,3674
4.192458868026733,3673
4.195772886276245,3672
4.199257850646973,3671
4.207232713699341,3670
4.210739850997925,3669
4.2140538692474365,3668
4.220261812210083,3667
4.226345777511597,3666
4.229841709136963,3665
4.235498905181885,3664
4.2411699295043945,3663
4.247738838195801,3662
4.2571938037872314,3661
4.268096685409546,3660
4.271585702896118,3659
4.274901866912842,3658
4.281299829483032,3657
4.287164926528931,3656
4.293081760406494,3655
4.298715829849243,3654
4.304462671279907,3653
4.315439701080322,3652
4.318933010101318,3651
4.32227087020874,3650
4.325775861740112,3649
4.329104900360107,3648
4.33552098274231,3647
4.338979721069336,3646
4.34444785118103,3645
4.353112697601318,3644
4.356595754623413,3643
4.359963893890381,3642
4.363449811935425,3641
4.37266993522644,3640
4.376138925552368,3639
4.379462718963623,3638
4.382941961288452,3637
4.388523578643799,3636
4.3951427936553955,3635
4.40587592124939,3634
4.409202814102173,3633
4.4157798290252686,3632
4.419266700744629,3631
4.422602891921997,3630
4.431435585021973,3629
4.434767723083496,3628
4.438272714614868,3627
4.449498891830444,3626
4.454871654510498,3625
4.45820689201355,3624
4.467083692550659,3623
4.470412731170654,3622
4.473910570144653,3621
4.480619668960571,3620
4.486823797225952,3619
4.492837905883789,3618
4.496175765991211,3617
4.499670028686523,3616
4.503005743026733,3615
4.508762836456299,3614
4.514185905456543,3613
4.5176918506622314,3612
4.521023988723755,3611
4.524511814117432,3610
4.527829885482788,3609
4.531312704086304,3608
4.534644842147827,3607
4.538141965866089,3606
4.541467905044556,3605
4.544972658157349,3604
4.548306941986084,3603
4.551803827285767,3602
4.555138826370239,3601
4.558632850646973,3600
4.561950922012329,3599
4.565439939498901,3598
4.572057723999023,3597
4.575379848480225,3596
4.578880786895752,3595
4.582221746444702,3594
4.588409662246704,3593
4.591918706893921,3592
4.597523927688599,3591
4.602960824966431,3590
4.606351852416992,3589
4.6098668575286865,3588
4.615857839584351,3587
4.619173765182495,3586
4.622675895690918,3585
4.626003980636597,3584
4.629500865936279,3583
4.632815837860107,3582
4.643025875091553,3581
4.64635968208313,3580
4.649855852127075,3579
4.655754804611206,3578
4.659104824066162,3577
4.662599802017212,3576
4.6691577434539795,3575
4.6724936962127686,3574
4.6760008335113525,3573
4.679341793060303,3572
4.6828296184539795,3571
4.686151742935181,3570
4.689664602279663,3569
4.693022966384888,3568
4.696565866470337,3567
4.699894666671753,3566
4.703391790390015,3565
4.706722736358643,3564
4.710221767425537,3563
4.713576793670654,3562
4.717091798782349,3561
4.720449686050415,3560
4.723946809768677,3559
4.727278709411621,3558
4.730839729309082,3557
4.740776777267456,3556
4.744120836257935,3555
4.749942779541016,3554
4.756748676300049,3553
4.762423753738403,3552
4.770730972290039,3551
4.774062633514404,3550
4.777573823928833,3549
4.784380912780762,3548
4.787710905075073,3547
4.79121470451355,3546
4.7945396900177,3545
4.798025846481323,3544
4.803833723068237,3543
4.80719780921936,3542
4.813244819641113,3541
4.819217920303345,3540
4.822722673416138,3539
4.826066732406616,3538
4.83245062828064,3537
4.835980653762817,3536
4.839327812194824,3535
4.842821836471558,3534
4.846157789230347,3533
4.8496668338775635,3532
4.852986812591553,3531
4.8564958572387695,3530
4.86201286315918,3529
4.8693108558654785,3528
4.872805833816528,3527
4.87615180015564,3526
4.879681587219238,3525
4.883004903793335,3524
4.8865180015563965,3523
4.889865875244141,3522
4.893375873565674,3521
4.896697759628296,3520
4.900202989578247,3519
4.903544664382935,3518
4.90704083442688,3517
4.9103827476501465,3516
4.913890838623047,3515
4.917237997055054,3514
4.920726776123047,3513
4.924059867858887,3512
4.930100917816162,3511
4.933615684509277,3510
4.940034627914429,3509
4.943382024765015,3508
4.946875810623169,3507
4.950209617614746,3506
4.953715801239014,3505
4.9570348262786865,3504
4.960553884506226,3503
4.963897705078125,3502
4.967412948608398,3501
4.97075891494751,3500
4.976902723312378,3499
4.980411767959595,3498
4.983754873275757,3497
4.9899938106536865,3496
4.9967827796936035,3495
5.000327825546265,3494
5.003679990768433,3493
5.010210752487183,3492
5.0137248039245605,3491
5.017063856124878,3490
5.020569801330566,3489
5.023899793624878,3488
5.0273988246917725,3487
5.033365964889526,3486
5.036709785461426,3485
5.040222883224487,3484
5.048820972442627,3483
5.052337884902954,3482
5.0556817054748535,3481
5.05919075012207,3480
5.062535762786865,3479
5.066062688827515,3478
5.071631669998169,3477
5.07497763633728,3476
5.078495979309082,3475
5.081828832626343,3474
5.088441848754883,3473
5.094259977340698,3472
5.097765684127808,3471
5.101107835769653,3470
5.10460901260376,3469
5.107942819595337,3468
5.11140775680542,3467
5.1147027015686035,3466
5.118153810501099,3465
5.1214599609375,3464
5.1249589920043945,3463
5.128316879272461,3462
5.139070987701416,3461
5.14256477355957,3460
5.145920753479004,3459
5.14943790435791,3458
5.152789831161499,3457
5.156297922134399,3456
5.162437677383423,3455
5.165787696838379,3454
5.1722307205200195,3453
5.175748825073242,3452
5.179113864898682,3451
5.1826417446136475,3450
5.189331769943237,3449
5.1926939487457275,3448
5.20143985748291,3447
5.204801797866821,3446
5.2083189487457275,3445
5.2116758823394775,3444
5.215206861495972,3443
5.220728635787964,3442
5.227603912353516,3441
5.230968713760376,3440
5.234492778778076,3439
5.237859725952148,3438
5.246021747589111,3437
5.2493577003479,3436
5.252882957458496,3435
5.2562339305877686,3434
5.259736776351929,3433
5.265288829803467,3432
5.270647764205933,3431
5.2739856243133545,3430
5.277495622634888,3429
5.280832767486572,3428
5.284341812133789,3427
5.287669897079468,3426
5.291167974472046,3425
5.29448676109314,3424
5.297966718673706,3423
5.301288843154907,3422
5.304793834686279,3421
5.308122873306274,3420
5.31471586227417,3419
5.3182196617126465,3418
5.321542739868164,3417
5.3250367641448975,3416
5.330604791641235,3415
5.3364527225494385,3414
5.339784860610962,3413
5.360342741012573,3412
5.365816831588745,3411
5.369147777557373,3410
5.372646808624268,3409
5.375972747802734,3408
5.379455804824829,3407
5.38279390335083,3406
5.386286735534668,3405
5.38962197303772,3404
5.393125772476196,3403
5.401240825653076,3402
5.404716730117798,3401
5.408019781112671,3400
5.411468744277954,3399
5.417910575866699,3398
5.421281814575195,3397
5.428379774093628,3396
5.431943893432617,3395
5.435284852981567,3394
5.4387757778167725,3393
5.445174694061279,3392
5.448499917984009,3391
5.452030897140503,3390
5.4576356410980225,3389
5.463799715042114,3388
5.467129707336426,3387
5.470601797103882,3386
5.473910570144653,3385
5.480328798294067,3384
5.483780860900879,3383
5.489054918289185,3382
5.495038986206055,3381
5.49833869934082,3380
5.501830816268921,3379
5.505169868469238,3378
5.5086658000946045,3377
5.514011859893799,3376
5.5202107429504395,3375
5.52353572845459,3374
5.53007173538208,3373
5.533590793609619,3372
5.536940813064575,3371
5.540465831756592,3370
5.543828964233398,3369
5.5474019050598145,3368
5.550766706466675,3367
5.558602809906006,3366
5.561943769454956,3365
5.567290782928467,3364
5.570795774459839,3363
5.580128908157349,3362
5.583627700805664,3361
5.586991786956787,3360
5.5905187129974365,3359
5.599352836608887,3358
5.602881669998169,3357
5.6062397956848145,3356
5.6129326820373535,3355
5.616468906402588,3354
5.619821786880493,3353
5.623341798782349,3352
5.626705884933472,3351
5.630198001861572,3350
5.633521795272827,3349
5.637034893035889,3348
5.640368700027466,3347
5.6459996700286865,3346
5.651641845703125,3345
5.655131816864014,3344
5.658451795578003,3343
5.663796901702881,3342
5.667292833328247,3341
5.670614719390869,3340
5.676125764846802,3339
5.6819846630096436,3338
5.6854846477508545,3337
5.6888158321380615,3336
5.6922996044158936,3335
5.695610761642456,3334
5.701420783996582,3333
5.710969686508179,3332
5.714303970336914,3331
5.720505714416504,3330
5.72400164604187,3329
5.730264663696289,3328
5.738192796707153,3327
5.741660833358765,3326
5.747018814086914,3325
5.750350713729858,3324
5.756114959716797,3323
5.759637832641602,3322
5.762994766235352,3321
5.772303819656372,3320
5.781306743621826,3319
5.784798860549927,3318
5.790200710296631,3317
5.793537616729736,3316
5.7970287799835205,3315
5.80036473274231,3314
5.807069778442383,3313
5.810567855834961,3312
5.8139238357543945,3311
5.817430019378662,3310
5.820753812789917,3309
5.824239730834961,3308
5.830377817153931,3307
5.843384742736816,3306
5.849367618560791,3305
5.8579628467559814,3304
5.861276865005493,3303
5.867745637893677,3302
5.871243000030518,3301
5.874570846557617,3300
5.878082752227783,3299
5.88347864151001,3298
5.886783838272095,3297
5.897035598754883,3296
5.900505781173706,3295
5.909596920013428,3294
5.918789863586426,3293
5.92231559753418,3292
5.94006872177124,3291
5.943781852722168,3290
5.949842929840088,3289
5.953492879867554,3288
5.95732569694519,3287
5.964037895202637,3286
5.970320701599121,3285
5.980507850646973,3284
5.9899468421936035,3283
5.993531703948975,3282
5.999935865402222,3281
6.003713607788086,3280
6.007339000701904,3279
6.011147737503052,3278
6.01467490196228,3277
6.018308877944946,3276
6.021786689758301,3275
6.025450944900513,3274
6.0339179039001465,3273
6.066387891769409,3272
6.072878837585449,3271
6.081177711486816,3270
6.084529876708984,3269
6.090482950210571,3268
6.093965768814087,3267
6.100122690200806,3266
6.111132860183716,3265
6.117684841156006,3264
6.121014595031738,3263
6.124535799026489,3262
6.130369663238525,3261
6.1441967487335205,3260
6.147673845291138,3259
6.153660774230957,3258
6.158909797668457,3257
6.164726734161377,3256
6.168044805526733,3255
6.173470973968506,3254
6.176961660385132,3253
6.180292844772339,3252
6.183781862258911,3251
6.192231893539429,3250
6.199965953826904,3249
6.203283786773682,3248
6.2067646980285645,3247
6.212575912475586,3246
6.215895652770996,3245
6.2234885692596436,3244
6.226817607879639,3243
6.230361700057983,3242
6.23671293258667,3241
6.244868755340576,3240
6.250971794128418,3239
6.254472970962524,3238
6.257799863815308,3237
6.263070821762085,3236
6.27159571647644,3235
6.274998664855957,3234
6.281477689743042,3233
6.285027742385864,3232
6.2883617877960205,3231
6.294417858123779,3230
6.305776834487915,3229
6.3093037605285645,3228
6.317944765090942,3227
6.331873655319214,3226
6.34011697769165,3225
6.345701694488525,3224
6.351416826248169,3223
6.354923725128174,3222
6.361142635345459,3221
6.364483833312988,3220
6.367985725402832,3219
6.371314764022827,3218
6.380018949508667,3217
6.385958909988403,3216
6.3914549350738525,3215
6.394790887832642,3214
6.398319721221924,3213
6.404175758361816,3212
6.407510757446289,3211
6.411014795303345,3210
6.416363000869751,3209
6.419700860977173,3208
6.423198938369751,3207
6.429977655410767,3206
6.435292720794678,3205
6.438634872436523,3204
6.442129850387573,3203
6.4483747482299805,3202
6.451708793640137,3201
6.455209970474243,3200
6.458529710769653,3199
6.462032794952393,3198
6.465360879898071,3197
6.468864679336548,3196
6.472204685211182,3195
6.477773666381836,3194
6.486405849456787,3193
6.489706993103027,3192
6.493214845657349,3191
6.496574878692627,3190
6.503159761428833,3189
6.506654977798462,3188
6.5099828243255615,3187
6.513491868972778,3186
6.526423692703247,3185
6.529934644699097,3184
6.533278942108154,3183
6.5367817878723145,3182
6.540108680725098,3181
6.554766654968262,3180
6.560583829879761,3179
6.570902585983276,3178
6.577300786972046,3177
6.580630779266357,3176
6.584178924560547,3175
6.587553024291992,3174
6.591064691543579,3173
6.594405889511108,3172
6.60427188873291,3171
6.60762882232666,3170
6.611146926879883,3169
6.614487648010254,3168
6.620233774185181,3167
6.625549793243408,3166
6.629051923751831,3165
6.635856866836548,3164
6.639182806015015,3163
6.64268684387207,3162
6.646040678024292,3161
6.649542808532715,3160
6.652867794036865,3159
6.656372785568237,3158
6.668735980987549,3157
6.672059774398804,3156
6.677656650543213,3155
6.683302879333496,3154
6.686802864074707,3153
6.694796800613403,3152
6.698292970657349,3151
6.7015979290008545,3150
6.705106735229492,3149
6.708434820175171,3148
6.711939811706543,3147
6.7152488231658936,3146
6.723580837249756,3145
6.726926803588867,3144
6.73368763923645,3143
6.737197637557983,3142
6.740531921386719,3141
6.744025707244873,3140
6.747350692749023,3139
6.750854730606079,3138
6.757307767868042,3137
6.760655879974365,3136
6.764155864715576,3135
6.767489671707153,3134
6.775981664657593,3133
6.7793285846710205,3132
6.78474760055542,3131
6.790289878845215,3130
6.793808698654175,3129
6.799555778503418,3128
6.802897930145264,3127
6.806403636932373,3126
6.8097498416900635,3125
6.815402984619141,3124
6.818913698196411,3123
6.824708700180054,3122
6.835608720779419,3121
6.838935613632202,3120
6.842451810836792,3119
6.850489854812622,3118
6.854025840759277,3117
6.860055685043335,3116
6.863391876220703,3115
6.872859716415405,3114
6.876187801361084,3113
6.890813827514648,3112
6.896941661834717,3111
6.9002366065979,3110
6.903725624084473,3109
6.907028913497925,3108
6.918902635574341,3107
6.922701835632324,3106
6.930226802825928,3105
6.933783769607544,3104
6.9391539096832275,3103
6.942526817321777,3102
6.946055889129639,3101
6.951983690261841,3100
6.955335855484009,3099
6.960755825042725,3098
6.9661219120025635,3097
6.969628810882568,3096
6.980327844619751,3095
6.990739822387695,3094
6.997494697570801,3093
7.0008368492126465,3092
7.004328966140747,3091
7.010416746139526,3090
7.017149925231934,3089
7.020479917526245,3088
7.02398681640625,3087
7.027320623397827,3086
7.03082275390625,3085
7.034157752990723,3084
7.03766393661499,3083
7.044127941131592,3082
7.050304651260376,3081
7.053645610809326,3080
7.057151794433594,3079
7.0604798793792725,3078
7.063990592956543,3077
7.0698559284210205,3076
7.07845401763916,3075
7.0819597244262695,3074
7.08831000328064,3073
7.091638803482056,3072
7.095129728317261,3071
7.105679750442505,3070
7.1124348640441895,3069
7.115750789642334,3068
7.119259834289551,3067
7.122588872909546,3066
7.1260998249053955,3065
7.129441022872925,3064
7.132938861846924,3063
7.136276960372925,3062
7.143657922744751,3061
7.147010803222656,3060
7.1505186557769775,3059
7.153863906860352,3058
7.157359838485718,3057
7.1627137660980225,3056
7.166057825088501,3055
7.1727917194366455,3054
7.178743600845337,3053
7.182265758514404,3052
7.185613632202148,3051
7.189114809036255,3050
7.192444801330566,3049
7.195960760116577,3048
7.199301719665527,3047
7.21283483505249,3046
7.216153860092163,3045
7.222286701202393,3044
7.228170871734619,3043
7.231670618057251,3042
7.234993934631348,3041
7.240545749664307,3040
7.246220588684082,3039
7.249720811843872,3038
7.26062273979187,3037
7.263956785202026,3036
7.267465829849243,3035
7.270806789398193,3034
7.280331611633301,3033
7.286650896072388,3032
7.292106866836548,3031
7.295437812805176,3030
7.301122665405273,3029
7.304617881774902,3028
7.307936906814575,3027
7.311456918716431,3026
7.314788818359375,3025
7.318303823471069,3024
7.321647882461548,3023
7.3251519203186035,3022
7.328472852706909,3021
7.331971645355225,3020
7.357051849365234,3019
7.360386610031128,3018
7.363898754119873,3017
7.367222785949707,3016
7.37563681602478,3015
7.381938934326172,3014
7.388014793395996,3013
7.391343832015991,3012
7.3948516845703125,3011
7.404682874679565,3010
7.408190965652466,3009
7.411516904830933,3008
7.415009021759033,3007
7.4183349609375,3006
7.4218409061431885,3005
7.425184965133667,3004
7.428691864013672,3003
7.432017803192139,3002
7.435523748397827,3001
7.438852787017822,3000
7.45043683052063,2999
7.453946828842163,2998
7.46016788482666,2997
7.463504791259766,2996
7.467015743255615,2995
7.470346927642822,2994
7.47610878944397,2993
7.4795966148376465,2992
7.482950925827026,2991
7.4865148067474365,2990
7.489843845367432,2989
7.4951276779174805,2988
7.498667001724243,2987
7.505377769470215,2986
7.511172771453857,2985
7.5198588371276855,2984
7.523340702056885,2983
7.528937816619873,2982
7.5322959423065186,2981
7.535804748535156,2980
7.539153814315796,2979
7.547391891479492,2978
7.553440809249878,2977
7.556776762008667,2976
7.560260772705078,2975
7.563622713088989,2974
7.567109823226929,2973
7.570462942123413,2972
7.573967695236206,2971
7.577303647994995,2970
7.580783843994141,2969
7.584144830703735,2968
7.587630748748779,2967
7.596460819244385,2966
7.599947690963745,2965
7.603305816650391,2964
7.606789827346802,2963
7.610137701034546,2962
7.6136298179626465,2961
7.616962671279907,2960
7.620435953140259,2959
7.623802900314331,2958
7.6272947788238525,2957
7.6306376457214355,2956
7.63414192199707,2955
7.637481927871704,2954
7.643435001373291,2953
7.646938800811768,2952
7.650288820266724,2951
7.653783798217773,2950
7.657118797302246,2949
7.660589694976807,2948
7.663947582244873,2947
7.669238805770874,2946
7.677617788314819,2945
7.683872938156128,2944
7.687218904495239,2943
7.690706729888916,2942
7.694048881530762,2941
7.697532892227173,2940
7.703890800476074,2939
7.707248687744141,2938
7.710746765136719,2937
7.7140867710113525,2936
7.719965934753418,2935
7.723458766937256,2934
7.732696771621704,2933
7.7361767292022705,2932
7.741921663284302,2931
7.758878946304321,2930
7.762222766876221,2929
7.770748853683472,2928
7.774248838424683,2927
7.77776575088501,2926
7.786411762237549,2925
7.789891719818115,2924
7.793243885040283,2923
7.796742916107178,2922
7.802083730697632,2921
7.805437803268433,2920
7.808917999267578,2919
7.814436674118042,2918
7.817791938781738,2917
7.821370840072632,2916
7.827721834182739,2915
7.831061840057373,2914
7.839277744293213,2913
7.842726707458496,2912
7.846400737762451,2911
7.855464935302734,2910
7.858985900878906,2909
7.864789009094238,2908
7.873155832290649,2907
7.876662731170654,2906
7.882813930511475,2905
7.886144638061523,2904
7.889652967453003,2903
7.892977714538574,2902
7.896486759185791,2901
7.906846761703491,2900
7.910195827484131,2899
7.913724899291992,2898
7.920464754104614,2897
7.9239349365234375,2896
7.927606582641602,2895
7.935964822769165,2894
7.939494848251343,2893
7.9459168910980225,2892
7.949241876602173,2891
7.966588735580444,2890
7.969909906387329,2889
7.973413705825806,2888
7.976745843887329,2887
7.983473777770996,2886
7.986953973770142,2885
7.99026894569397,2884
7.993824005126953,2883
7.997145652770996,2882
8.006237745285034,2881
8.009565830230713,2880
8.013089656829834,2879
8.019351720809937,2878
8.033268928527832,2877
8.036786794662476,2876
8.040109634399414,2875
8.048785924911499,2874
8.054343938827515,2873
8.061888694763184,2872
8.076855659484863,2871
8.083670616149902,2870
8.08700680732727,2869
8.092658758163452,2868
8.109506607055664,2867
8.115047931671143,2866
8.11857271194458,2865
8.121954679489136,2864
8.125486850738525,2863
8.128814697265625,2862
8.132330894470215,2861
8.135650634765625,2860
8.139148712158203,2859
8.142467737197876,2858
8.145983934402466,2857
8.149308919906616,2856
8.155446767807007,2855
8.158960819244385,2854
8.162287712097168,2853
8.16579294204712,2852
8.169115781784058,2851
8.172633647918701,2850
8.175980806350708,2849
8.179488897323608,2848
8.18553376197815,2847
8.188868761062622,2846
8.196886777877808,2845
8.200226783752441,2844
8.205837726593018,2843
8.20936393737793,2842
8.212693929672241,2841
8.216205835342407,2840
8.21954083442688,2839
8.223055839538574,2838
8.226373672485352,2837
8.229888677597046,2836
8.233223915100098,2835
8.236737728118896,2834
8.242602825164795,2833
8.245933771133423,2832
8.249424695968628,2831
8.2527596950531,2830
8.258835792541504,2829
8.262354850769043,2828
8.265683889389038,2827
8.269187688827515,2826
8.272522926330566,2825
8.280900716781616,2824
8.284227848052979,2823
8.287729740142822,2822
8.29325270652771,2821
8.297601699829102,2820
8.301254749298096,2819
8.306922912597656,2818
8.316836833953857,2817
8.320587635040283,2816
8.324147939682007,2815
8.33022165298462,2814
8.333913803100586,2813
8.337470769882202,2812
8.341370820999146,2811
8.34513783454895,2810
8.348976850509644,2809
8.354749917984009,2808
8.358478784561157,2807
8.362382650375366,2806
8.366038799285889,2805
8.369674921035767,2804
8.37313175201416,2803
8.379199981689453,2802
8.382938861846924,2801
8.386455774307251,2800
8.390109777450562,2799
8.393640756607056,2798
8.397297859191895,2797
8.404207706451416,2796
8.407793760299683,2795
8.419498920440674,2794
8.423247814178467,2793
8.426760911941528,2792
8.430439949035645,2791
8.435933828353882,2790
8.439376831054688,2789
8.446251630783081,2788
8.452807903289795,2787
8.456310033798218,2786
8.459669828414917,2785
8.463151693344116,2784
8.47490382194519,2783
8.478283643722534,2782
8.484961748123169,2781
8.488427639007568,2780
8.498068809509277,2779
8.501566886901855,2778
8.507859945297241,2777
8.513852834701538,2776
8.517207622528076,2775
8.52069091796875,2774
8.524052858352661,2773
8.52754259109497,2772
8.532829761505127,2771
8.536194801330566,2770
8.539680004119873,2769
8.543039798736572,2768
8.546615600585938,2767
8.550272703170776,2766
8.55393099784851,2765
8.557366609573364,2764
8.571516752243042,2763
8.578134775161743,2762
8.581474781036377,2761
8.5849769115448,2760
8.58831262588501,2759
8.594002962112427,2758
8.59964895248413,2757
8.608408689498901,2756
8.611788749694824,2755
8.615287780761719,2754
8.618642807006836,2753
8.622138738632202,2752
8.627713680267334,2751
8.639163732528687,2750
8.642524719238281,2749
8.646014928817749,2748
8.649382829666138,2747
8.652869701385498,2746
8.656222820281982,2745
8.65972089767456,2744
8.665092706680298,2743
8.668452739715576,2742
8.671948671340942,2741
8.675297737121582,2740
8.681935787200928,2739
8.68546986579895,2738
8.688828945159912,2737
8.692315816879272,2736
8.705959796905518,2735
8.709458827972412,2734
8.712806701660156,2733
8.718331813812256,2732
8.721818685531616,2731
8.72517991065979,2730
8.730841875076294,2729
8.734335899353027,2728
8.739738702774048,2727
8.743106603622437,2726
8.746595859527588,2725
8.749958753585815,2724
8.753452777862549,2723
8.756802797317505,2722
8.760288000106812,2721
8.763633728027344,2720
8.769760847091675,2719
8.773253679275513,2718
8.77661681175232,2717
8.780113935470581,2716
8.78566288948059,2715
8.78903579711914,2714
8.79253888130188,2713
8.795897722244263,2712
8.799377918243408,2711
8.802730798721313,2710
8.808282852172852,2709
8.81177282333374,2708
8.815138816833496,2707
8.818631887435913,2706
8.830061674118042,2705
8.833425760269165,2704
8.836995840072632,2703
8.840670824050903,2702
8.849947690963745,2701
8.853545904159546,2700
8.857327699661255,2699
8.860950708389282,2698
8.864721775054932,2697
8.885274887084961,2696
8.892631769180298,2695
8.904695749282837,2694
8.911651849746704,2693
8.917394876480103,2692
8.922934770584106,2691
8.926549911499023,2690
8.929910659790039,2689
8.933421611785889,2688
8.93676471710205,2687
8.943046808242798,2686
8.949772596359253,2685
8.953277826309204,2684
8.966325998306274,2683
8.974435806274414,2682
8.977788925170898,2681
8.987196922302246,2680
8.996294736862183,2679
8.999762773513794,2678
9.003113985061646,2677
9.006603002548218,2676
9.010002851486206,2675
9.013498783111572,2674
9.020211935043335,2673
9.029078722000122,2672
9.035069942474365,2671
9.03855276107788,2670
9.048024654388428,2669
9.05408787727356,2668
9.060016870498657,2667
9.06351375579834,2666
9.066879987716675,2665
9.070351839065552,2664
9.07872486114502,2663
9.082204818725586,2662
9.105132818222046,2661
9.119069814682007,2660
9.125556945800781,2659
9.132126808166504,2658
9.143734693527222,2657
9.155190706253052,2656
9.158681869506836,2655
9.162041664123535,2654
9.165526628494263,2653
9.168906927108765,2652
9.172391891479492,2651
9.175728797912598,2650
9.181378602981567,2649
9.184854745864868,2648
9.188220739364624,2647
9.19170880317688,2646
9.199328899383545,2645
9.205057621002197,2644
9.208539724349976,2643
9.214831829071045,2642
9.22525691986084,2641
9.228609800338745,2640
9.235018968582153,2639
9.238578796386719,2638
9.248483657836914,2637
9.251974821090698,2636
9.261403799057007,2635
9.264875650405884,2634
9.268212795257568,2633
9.271706819534302,2632
9.275059938430786,2631
9.280507802963257,2630
9.289475679397583,2629
9.292844772338867,2628
9.324076652526855,2627
9.331809043884277,2626
9.33738374710083,2625
9.341040849685669,2624
9.344858884811401,2623
9.348453760147095,2622
9.352157831192017,2621
9.358398914337158,2620
9.365408897399902,2619
9.371410846710205,2618
9.388177871704102,2617
9.396974802017212,2616
9.405052900314331,2615
9.440954685211182,2614
9.444454908370972,2613
9.452124834060669,2612
9.464035749435425,2611
9.471797943115234,2610
9.492067813873291,2609
9.49962067604065,2608
9.50562572479248,2607
9.522494792938232,2606
9.535103797912598,2605
9.538472890853882,2604
9.54960584640503,2603
9.56416368484497,2602
9.574809789657593,2601
9.5845627784729,2600
9.587922811508179,2599
9.607913970947266,2598
9.611410856246948,2597
9.614754676818848,2596
9.641540765762329,2595
9.67858099937439,2594
9.71811294555664,2593
9.721459865570068,2592
9.73094391822815,2591
9.734440803527832,2590
9.737784624099731,2589
9.741264820098877,2588
9.75386381149292,2587
9.76033878326416,2586
9.774792909622192,2585
9.778287887573242,2584
9.784290790557861,2583
9.787651777267456,2582
9.791146993637085,2581
9.800265789031982,2580
9.813806772232056,2579
9.820911884307861,2578
9.833406925201416,2577
9.840114831924438,2576
9.843471765518188,2575
9.858595848083496,2574
9.871057748794556,2573
9.876348733901978,2572
9.884667873382568,2571
9.888003826141357,2570
9.894275665283203,2569
9.897754669189453,2568
9.91354489326477,2567
9.916908740997314,2566
9.920401811599731,2565
9.929352760314941,2564
9.935566663742065,2563
9.949975728988647,2562
9.955984830856323,2561
9.95947790145874,2560
9.965683937072754,2559
9.973394870758057,2558
9.983531713485718,2557
10.001113653182983,2556
10.004481792449951,2555
10.012889862060547,2554
10.016227722167969,2553
10.01969575881958,2552
10.025852918624878,2551
10.046842813491821,2550
10.066624641418457,2549
10.080362796783447,2548
10.086548805236816,2547
10.092983722686768,2546
10.096328973770142,2545
10.101674795150757,2544
10.10939073562622,2543
10.121160745620728,2542
10.124481678009033,2541
10.132649898529053,2540
10.138347625732422,2539
10.144518852233887,2538
10.16058874130249,2537
10.163947582244873,2536
10.170214891433716,2535
10.173720836639404,2534
10.177071809768677,2533
10.182746887207031,2532
10.18854284286499,2531
10.194283723831177,2530
10.197762727737427,2529
10.223251819610596,2528
10.243046760559082,2527
10.251526832580566,2526
10.255046844482422,2525
10.262800693511963,2524
10.26627779006958,2523
10.274510860443115,2522
10.281209707260132,2521
10.295200824737549,2520
10.298695802688599,2519
10.316803693771362,2518
10.337071657180786,2517
10.343114852905273,2516
10.349029779434204,2515
10.35686469078064,2514
10.368221759796143,2513
10.398540735244751,2512
10.416103839874268,2511
10.42383885383606,2510
10.444480657577515,2509
10.447818994522095,2508
10.459906816482544,2507
10.469124794006348,2506
10.489487886428833,2505
10.515170812606812,2504
10.540403842926025,2503
10.543901920318604,2502
10.549814701080322,2501
10.570441961288452,2500
10.590123653411865,2499
10.593618869781494,2498
10.596944808959961,2497
10.600437879562378,2496
10.614240884780884,2495
10.617727994918823,2494
10.627599716186523,2493
10.635868787765503,2492
10.648613691329956,2491
10.660046815872192,2490
10.669433832168579,2489
10.672790765762329,2488
10.692878723144531,2487
10.71347188949585,2486
10.721170902252197,2485
10.729451656341553,2484
10.737847805023193,2483
10.75245475769043,2482
10.755817890167236,2481
10.759313821792603,2480
10.765824556350708,2479
10.773809909820557,2478
10.7773277759552,2477
10.780694007873535,2476
10.7962806224823,2475
10.813132762908936,2474
10.816626787185669,2473
10.820000886917114,2472
10.82350778579712,2471
10.826882600784302,2470
10.830405712127686,2469
10.840503692626953,2468
10.846370697021484,2467
10.85870885848999,2466
10.864131689071655,2465
10.870970726013184,2464
10.879281759262085,2463
10.88279676437378,2462
10.890649795532227,2461
10.905072689056396,2460
10.908458948135376,2459
10.911991596221924,2458
10.95284366607666,2457
10.966797828674316,2456
10.99550986289978,2455
11.006678581237793,2454
11.010061740875244,2453
11.050055742263794,2452
11.061895847320557,2451
11.103296756744385,2450
11.113702774047852,2449
11.117047786712646,2448
11.120534658432007,2447
11.143051624298096,2446
11.152159929275513,2445
11.161925792694092,2444
11.165413856506348,2443
11.168759822845459,2442
11.17225694656372,2441
11.178205966949463,2440
11.184021949768066,2439
11.187362670898438,2438
11.190854787826538,2437
11.20322585105896,2436
11.214691638946533,2435
11.235504865646362,2434
11.23900580406189,2433
11.242355823516846,2432
11.25119686126709,2431
11.254554748535156,2430
11.261009931564331,2429
11.269036769866943,2428
11.279911756515503,2427
11.285351753234863,2426
11.291865825653076,2425
11.295226812362671,2424
11.32177996635437,2423
11.331080913543701,2422
11.334579944610596,2421
11.342100858688354,2420
11.345586776733398,2419
11.348943710327148,2418
11.398422718048096,2417
11.401915788650513,2416
11.405257940292358,2415
11.421487808227539,2414
11.42496371269226,2413
11.430322885513306,2412
11.470767736434937,2411
11.502092599868774,2410
11.505448818206787,2409
11.541992902755737,2408
11.547786951065063,2407
11.555975914001465,2406
11.559455871582031,2405
11.575857877731323,2404
11.581689834594727,2403
11.59770393371582,2402
11.63832974433899,2401
11.651459693908691,2400
11.662324905395508,2399
11.67649793624878,2398
11.699386835098267,2397
11.719326972961426,2396
11.722677946090698,2395
11.743900775909424,2394
11.747479677200317,2393
11.752965688705444,2392
11.765273809432983,2391
11.782067775726318,2390
11.806396722793579,2389
11.816333770751953,2388
11.819832801818848,2387
11.826620817184448,2386
11.830008745193481,2385
11.851811647415161,2384
11.862584829330444,2383
11.865946769714355,2382
11.86945366859436,2381
11.874814987182617,2380
11.882455825805664,2379
11.910221815109253,2378
11.916457891464233,2377
11.942847967147827,2376
11.946194887161255,2375
11.953784704208374,2374
11.96582579612732,2373
11.97160291671753,2372
11.99783182144165,2371
12.015808582305908,2370
12.024728775024414,2369
12.05163288116455,2368
12.072882890701294,2367
12.079257726669312,2366
12.08550477027893,2365
12.106575727462769,2364
12.112212896347046,2363
12.119028806686401,2362
12.125481843948364,2361
12.1313316822052,2360
12.155383825302124,2359
12.16744875907898,2358
12.170978784561157,2357
12.179994821548462,2356
12.215529918670654,2355
12.219042778015137,2354
12.226597785949707,2353
12.248170852661133,2352
12.251686811447144,2351
12.268170833587646,2350
12.295982837677002,2349
12.30855679512024,2348
12.316746950149536,2347
12.347534656524658,2346
12.352975845336914,2345
12.380457878112793,2344
12.429037809371948,2343
12.437372922897339,2342
12.47761583328247,2341
12.489044904708862,2340
12.518505811691284,2339
12.536010980606079,2338
12.589341878890991,2337
12.641948938369751,2336
12.714381694793701,2335
12.738260984420776,2334
12.748182773590088,2333
12.7561616897583,2332
12.769599914550781,2331
12.772968769073486,2330
12.7896409034729,2329
12.810665845870972,2328
12.858652830123901,2327
12.862041711807251,2326
12.90067982673645,2325
12.909212827682495,2324
12.94494366645813,2323
13.04404091835022,2322
13.063246726989746,2321
13.080038785934448,2320
13.085749864578247,2319
13.094803810119629,2318
13.104978799819946,2317
13.132096767425537,2316
13.17365288734436,2315
13.232885837554932,2314
13.25273871421814,2313
13.35411787033081,2312
13.370686769485474,2311
13.385655641555786,2310
13.560518741607666,2309
13.57094669342041,2308
13.590869903564453,2307
13.631621837615967,2306
13.681707620620728,2305
13.711180686950684,2304
13.719568729400635,2303
13.73847770690918,2302
13.787336826324463,2301
13.878657579421997,2300
13.88202977180481,2299
13.943132877349854,2298
13.973664999008179,2297
14.085484743118286,2296
14.108106851577759,2295
14.114065885543823,2294
14.123702764511108,2293
14.129213809967041,2292
14.142010688781738,2291
14.320786952972412,2290
14.394750833511353,2289
14.493376016616821,2288
14.524136781692505,2287
