0.0035071372985839844,4891
0.00738215446472168,4890
0.010851860046386719,4889
0.014609098434448242,4888
0.01806497573852539,4887
0.02185201644897461,4886
0.02530527114868164,4885
0.02879500389099121,4884
0.03211402893066406,4883
0.03556418418884277,4882
0.038889169692993164,4881
0.042327165603637695,4880
0.04563617706298828,4879
0.04906105995178223,4878
0.05237412452697754,4877
0.05591106414794922,4876
0.059220075607299805,4875
0.06265091896057129,4874
0.06596612930297852,4873
0.06939291954040527,4872
0.07269096374511719,4871
0.07611703872680664,4870
0.0794210433959961,4869
0.08288908004760742,4868
0.08629989624023438,4867
0.08974289894104004,4866
0.09305500984191895,4865
0.09648489952087402,4864
0.09981608390808105,4863
0.10326004028320312,4862
0.10658001899719238,4861
0.11000609397888184,4860
0.11331701278686523,4859
0.11675310134887695,4858
0.12007999420166016,4857
0.1235349178314209,4856
0.12685918807983398,4855
0.13030505180358887,4854
0.13362598419189453,4853
0.13705205917358398,4852
0.14035797119140625,4851
0.1437971591949463,4850
0.14711308479309082,4849
0.15055394172668457,4848
0.15386199951171875,4847
0.15730524063110352,4846
0.16063594818115234,4845
0.16408300399780273,4844
0.16745209693908691,4843
0.17098617553710938,4842
0.17430710792541504,4841
0.17774224281311035,4840
0.18105602264404297,4839
0.18448591232299805,4838
0.1877901554107666,4837
0.19123101234436035,4836
0.1945512294769287,4835
0.19798707962036133,4834
0.2012920379638672,4833
0.20473408699035645,4832
0.20804905891418457,4831
0.21148300170898438,4830
0.21479105949401855,4829
0.2182159423828125,4828
0.22153401374816895,4827
0.22497105598449707,4826
0.22827720642089844,4825
0.231705904006958,4824
0.23502397537231445,4823
0.23847198486328125,4822
0.2418069839477539,4821
0.24526286125183105,4820
0.24858927726745605,4819
0.2520101070404053,4818
0.25533390045166016,4817
0.25876808166503906,4816
0.2621030807495117,4815
0.2655329704284668,4814
0.2688331604003906,4813
0.27225708961486816,4812
0.2755720615386963,4811
0.279008150100708,4810
0.2823209762573242,4809
0.28575706481933594,4808
0.28906822204589844,4807
0.2924950122833252,4806
0.29580020904541016,4805
0.29923415184020996,4804
0.30254125595092773,4803
0.30595993995666504,4802
0.30928492546081543,4801
0.3127260208129883,4800
0.31603312492370605,4799
0.3194708824157715,4798
0.32279300689697266,4797
0.32622218132019043,4796
0.3295280933380127,4795
0.33295226097106934,4794
0.3362550735473633,4793
0.339691162109375,4792
0.3430061340332031,4791
0.3464362621307373,4790
0.3497440814971924,4789
0.35316991806030273,4788
0.35650205612182617,4787
0.35995030403137207,4786
0.36327505111694336,4785
0.36670899391174316,4784
0.37001824378967285,4783
0.37345218658447266,4782
0.37676501274108887,4781
0.3802151679992676,4780
0.3835442066192627,4779
0.38699817657470703,4778
0.3903231620788574,4777
0.39375805854797363,4776
0.3970630168914795,4775
0.40049099922180176,4774
0.40381407737731934,4773
0.40725207328796387,4772
0.41057419776916504,4771
0.4140019416809082,4770
0.417309045791626,4769
0.42075204849243164,4768
0.4240689277648926,4767
0.42749714851379395,4766
0.4308180809020996,4765
0.43427014350891113,4764
0.43758106231689453,4763
0.4410068988800049,4762
0.4443240165710449,4761
0.4477710723876953,4760
0.45366406440734863,4759
0.4569821357727051,4758
0.46042299270629883,4757
0.4638071060180664,4756
0.4672839641571045,4755
0.47065091133117676,4754
0.47423505783081055,4753
0.47786617279052734,4752
0.48154616355895996,4751
0.4849560260772705,4750
0.4884040355682373,4749
0.4917151927947998,4748
0.49515604972839355,4747
0.49846625328063965,4746
0.5019102096557617,4745
0.5052621364593506,4744
0.508997917175293,4743
0.5126118659973145,4742
0.5162980556488037,4741
0.5199990272521973,4740
0.5239830017089844,4739
0.5277462005615234,4738
0.5314912796020508,4737
0.5350558757781982,4736
0.5387039184570312,4735
0.5423991680145264,4734
0.5460538864135742,4733
0.5494680404663086,4732
0.5529191493988037,4731
0.5563201904296875,4730
0.5597720146179199,4729
0.5630879402160645,4728
0.5665218830108643,4727
0.5698399543762207,4726
0.5732681751251221,4725
0.5766100883483887,4724
0.5801072120666504,4723
0.5854029655456543,4722
0.5887341499328613,4721
0.5921730995178223,4720
0.595491886138916,4719
0.5989542007446289,4718
0.602304220199585,4717
0.6085488796234131,4716
0.6119999885559082,4715
0.6153349876403809,4714
0.6187751293182373,4713
0.6221041679382324,4712
0.625575065612793,4711
0.6289041042327881,4710
0.6323542594909668,4709
0.6356630325317383,4708
0.6391031742095947,4707
0.6424291133880615,4706
0.6458771228790283,4705
0.6492109298706055,4704
0.6526422500610352,4703
0.65596604347229,4702
0.6594541072845459,4701
0.6627790927886963,4700
0.6662101745605469,4699
0.6695399284362793,4698
0.6730310916900635,4697
0.6763651371002197,4696
0.6798100471496582,4695
0.6831209659576416,4694
0.6865649223327637,4693
0.6898980140686035,4692
0.6933372020721436,4691
0.6966540813446045,4690
0.7000930309295654,4689
0.7034282684326172,4688
0.7068769931793213,4687
0.710212230682373,4686
0.7136552333831787,4685
0.7169830799102783,4684
0.7204220294952393,4683
0.7237551212310791,4682
0.7272031307220459,4681
0.7305219173431396,4680
0.733950138092041,4679
0.7372870445251465,4678
0.7407331466674805,4677
0.7440440654754639,4676
0.7474770545959473,4675
0.7507998943328857,4674
0.7542469501495361,4673
0.7575712203979492,4672
0.7610170841217041,4671
0.7643442153930664,4670
0.7677841186523438,4669
0.771111011505127,4668
0.7745521068572998,4667
0.7778670787811279,4666
0.7813079357147217,4665
0.7847070693969727,4664
0.7882199287414551,4663
0.7916021347045898,4662
0.7950921058654785,4661
0.7984762191772461,4660
0.8019709587097168,4659
0.8053710460662842,4658
0.808880090713501,4657
0.812258243560791,4656
0.8157589435577393,4655
0.8191299438476562,4654
0.8226351737976074,4653
0.826030969619751,4652
0.8295471668243408,4651
0.832935094833374,4650
0.8364300727844238,4649
0.839824914932251,4648
0.8433570861816406,4647
0.846735954284668,4646
0.8502340316772461,4645
0.8536510467529297,4644
0.8571910858154297,4643
0.860579252243042,4642
0.8640851974487305,4641
0.8674371242523193,4640
0.8709361553192139,4639
0.8743062019348145,4638
0.8777921199798584,4637
0.8812210559844971,4636
0.8849380016326904,4635
0.8883230686187744,4634
0.8918490409851074,4633
0.8952209949493408,4632
0.8987531661987305,4631
0.902123212814331,4630
0.9056451320648193,4629
0.9089851379394531,4628
0.9125058650970459,4627
0.9158852100372314,4626
0.9194021224975586,4625
0.9227590560913086,4624
0.9262862205505371,4623
0.9296510219573975,4622
0.9331579208374023,4621
0.9365332126617432,4620
0.9400572776794434,4619
0.9434230327606201,4618
0.9469430446624756,4617
0.9502842426300049,4616
0.9537930488586426,4615
0.9573309421539307,4614
0.9611570835113525,4613
0.9647970199584961,4612
0.9685719013214111,4611
0.97212815284729,4610
0.9759140014648438,4609
0.9795610904693604,4608
0.983349084854126,4607
0.9869849681854248,4606
0.9908151626586914,4605
0.9944310188293457,4604
0.9981389045715332,4603
1.0016541481018066,4602
1.0051872730255127,4601
1.0085480213165283,4600
1.0120699405670166,4599
1.0154290199279785,4598
1.0189390182495117,4597
1.0223100185394287,4596
1.025838851928711,4595
1.0291950702667236,4594
1.0327019691467285,4593
1.0360291004180908,4592
1.039520025253296,4591
1.0428800582885742,4590
1.0463812351226807,4589
1.0497171878814697,4588
1.0532190799713135,4587
1.0565500259399414,4586
1.0600221157073975,4585
1.0633571147918701,4584
1.0668370723724365,4583
1.0701582431793213,4582
1.0736489295959473,4581
1.076970100402832,4580
1.0822091102600098,4579
1.0857081413269043,4578
1.089040994644165,4577
1.0925209522247314,4576
1.0958459377288818,4575
1.0993261337280273,4574
1.1026530265808105,4573
1.1061310768127441,4572
1.1094670295715332,4571
1.1129570007324219,4570
1.1162681579589844,4569
1.1197409629821777,4568
1.1231329441070557,4567
1.126702070236206,4566
1.1300702095031738,4565
1.1336309909820557,4564
1.137024164199829,4563
1.1405529975891113,4562
1.1439690589904785,4561
1.1475131511688232,4560
1.150860071182251,4559
1.1543800830841064,4558
1.1576881408691406,4557
1.1611661911010742,4556
1.164496898651123,4555
1.1679811477661133,4554
1.1713051795959473,4553
1.1747961044311523,4552
1.1781220436096191,4551
1.181596040725708,4550
1.1849229335784912,4549
1.1884160041809082,4548
1.1917531490325928,4547
1.1952340602874756,4546
1.1985511779785156,4545
1.202040195465088,4544
1.2053792476654053,4543
1.2088611125946045,4542
1.212203025817871,4541
1.2157042026519775,4540
1.2190239429473877,4539
1.2225050926208496,4538
1.2258381843566895,4537
1.2293140888214111,4536
1.2326111793518066,4535
1.2361061573028564,4534
1.2395269870758057,4533
1.2430212497711182,4532
1.24635910987854,4531
1.249859094619751,4530
1.2532072067260742,4529
1.2566921710968018,4528
1.260010004043579,4527
1.2634902000427246,4526
1.2668330669403076,4525
1.270315170288086,4524
1.2736420631408691,4523
1.277116060256958,4522
1.280432939529419,4521
1.283918857574463,4520
1.2872672080993652,4519
1.2907500267028809,4518
1.2940921783447266,4517
1.2975881099700928,4516
1.3029060363769531,4515
1.306232213973999,4514
1.3097140789031982,4513
1.3130381107330322,4512
1.3165252208709717,4511
1.3198320865631104,4510
1.3233082294464111,4509
1.3266398906707764,4508
1.3301289081573486,4507
1.3334670066833496,4506
1.3369522094726562,4505
1.3402800559997559,4504
1.3437650203704834,4503
1.347102165222168,4502
1.350579023361206,4501
1.3539133071899414,4500
1.3574061393737793,4499
1.360719919204712,4498
1.3642010688781738,4497
1.3675200939178467,4496
1.3709959983825684,4495
1.374351978302002,4494
1.3778629302978516,4493
1.3811910152435303,4492
1.3846800327301025,4491
1.3880259990692139,4490
1.391516923904419,4489
1.394860029220581,4488
1.3983371257781982,4487
1.4016590118408203,4486
1.4051432609558105,4485
1.408480167388916,4484
1.411978006362915,4483
1.4153270721435547,4482
1.4188129901885986,4481
1.4221341609954834,4480
1.4256041049957275,4479
1.4289491176605225,4478
1.4324371814727783,4477
1.4357740879058838,4476
1.4392499923706055,4475
1.4451730251312256,4474
1.4484949111938477,4473
1.4520089626312256,4472
1.455428123474121,4471
1.4589660167694092,4470
1.4622879028320312,4469
1.4657540321350098,4468
1.4690980911254883,4467
1.4725940227508545,4466
1.475924015045166,4465
1.4794061183929443,4464
1.4827210903167725,4463
1.486203908920288,4462
1.4895591735839844,4461
1.4930460453033447,4460
1.4963719844818115,4459
1.499845027923584,4458
1.5032711029052734,4457
1.5067501068115234,4456
1.5101051330566406,4455
1.513625144958496,4454
1.5169639587402344,4453
1.5204522609710693,4452
1.5237698554992676,4451
1.5272631645202637,4450
1.5308361053466797,4449
1.534661054611206,4448
1.538214921951294,4447
1.5417511463165283,4446
1.5451579093933105,4445
1.5486690998077393,4444
1.5520782470703125,4443
1.5556271076202393,4442
1.559150218963623,4441
1.5626661777496338,4440
1.5660371780395508,4439
1.5695161819458008,4438
1.5728740692138672,4437
1.576343059539795,4436
1.5796942710876465,4435
1.5831739902496338,4434
1.5865390300750732,4433
1.5900092124938965,4432
1.593379259109497,4431
1.5968551635742188,4430
1.6002042293548584,4429
1.6036810874938965,4428
1.6070432662963867,4427
1.6105060577392578,4426
1.613854169845581,4425
1.617314100265503,4424
1.6206762790679932,4423
1.6241600513458252,4422
1.6275248527526855,4421
1.631005048751831,4420
1.6343591213226318,4419
1.6378240585327148,4418
1.6411879062652588,4417
1.6446950435638428,4416
1.6480562686920166,4415
1.6515321731567383,4414
1.6549031734466553,4413
1.6583850383758545,4412
1.6617469787597656,4411
1.6652240753173828,4410
1.6685891151428223,4409
1.6720561981201172,4408
1.6754150390625,4407
1.6788899898529053,4406
1.6822431087493896,4405
1.6857049465179443,4404
1.6890549659729004,4403
1.692533016204834,4402
1.6959030628204346,4401
1.6993789672851562,4400
1.7027380466461182,4399
1.7062029838562012,4398
1.7095701694488525,4397
1.7130529880523682,4396
1.7164208889007568,4395
1.719897985458374,4394
1.7232682704925537,4393
1.726736068725586,4392
1.7300870418548584,4391
1.7335500717163086,4390
1.7369160652160645,4389
1.7403879165649414,4388
1.7437450885772705,4387
1.7472131252288818,4386
1.7505638599395752,4385
1.7540440559387207,4384
1.7574081420898438,4383
1.760880947113037,4382
1.764251947402954,4381
1.7677280902862549,4380
1.7710809707641602,4379
1.774543046951294,4378
1.7778880596160889,4377
1.7813520431518555,4376
1.7847270965576172,4375
1.7882130146026611,4374
1.7915799617767334,4373
1.7950642108917236,4372
1.7984280586242676,4371
1.801910161972046,4370
1.8052711486816406,4369
1.808739185333252,4368
1.8121020793914795,4367
1.8155910968780518,4366
1.818946123123169,4365
1.8224132061004639,4364
1.8257741928100586,4363
1.8292512893676758,4362
1.8326120376586914,4361
1.8360872268676758,4360
1.8394560813903809,4359
1.8429219722747803,4358
1.8462862968444824,4357
1.8497769832611084,4356
1.853154182434082,4355
1.8566391468048096,4354
1.8600480556488037,4353
1.863523244857788,4352
1.8688850402832031,4351
1.8722810745239258,4350
1.8757691383361816,4349
1.879122018814087,4348
1.8825852870941162,4347
1.8859500885009766,4346
1.8894312381744385,4345
1.8927860260009766,4344
1.8962481021881104,4343
1.8996000289916992,4342
1.9030811786651611,4341
1.9064478874206543,4340
1.9099111557006836,4339
1.9132628440856934,4338
1.9167401790618896,4337
1.920098066329956,4336
1.9235670566558838,4335
1.9269311428070068,4334
1.9323270320892334,4333
1.9382879734039307,4332
1.941758155822754,4331
1.9451100826263428,4330
1.948585033416748,4329
1.9519481658935547,4328
1.9554178714752197,4327
1.9587819576263428,4326
1.9622631072998047,4325
1.9656169414520264,4324
1.9690980911254883,4323
1.9724628925323486,4322
1.97593092918396,4321
1.979295015335083,4320
1.9827852249145508,4319
1.9861540794372559,4318
1.9896352291107178,4317
1.9929931163787842,4316
1.996453046798706,4315
1.9998130798339844,4314
2.003293037414551,4313
2.0066540241241455,4312
2.0101170539855957,4311
2.013482093811035,4310
2.016963243484497,4309
2.0203170776367188,4308
2.023797035217285,4307
2.027161121368408,4306
2.030627965927124,4305
2.0339789390563965,4304
2.0374491214752197,4303
2.0408191680908203,4302
2.044302225112915,4301
2.047667980194092,4300
2.051126003265381,4299
2.0544850826263428,4298
2.0579731464385986,4297
2.06135892868042,4296
2.0648419857025146,4295
2.0682151317596436,4294
2.0717101097106934,4293
2.0750911235809326,4292
2.078623056411743,4291
2.082104206085205,4290
2.0856270790100098,4289
2.0892879962921143,4288
2.092970132827759,4287
2.0963499546051025,4286
2.1000561714172363,4285
2.103511095046997,4284
2.1070101261138916,4283
2.1103811264038086,4282
2.1138792037963867,4281
2.1172549724578857,4280
2.120763063430786,4279
2.124135971069336,4278
2.1275851726531982,4277
2.130918025970459,4276
2.134359121322632,4275
2.137692928314209,4274
2.1412270069122314,4273
2.144935131072998,4272
2.148653268814087,4271
2.152261972427368,4270
2.1560661792755127,4269
2.159695863723755,4268
2.163322925567627,4267
2.166797161102295,4266
2.1703240871429443,4265
2.173816204071045,4264
2.177471160888672,4263
2.1810152530670166,4262
2.1848490238189697,4261
2.188404083251953,4260
2.1920101642608643,4259
2.1956920623779297,4258
2.1993870735168457,4257
2.20297908782959,4256
2.206717014312744,4255
2.2102150917053223,4254
2.2137439250946045,4253
2.2172529697418213,4252
2.2209312915802,4251
2.22463321685791,4250
2.2284371852874756,4249
2.2321360111236572,4248
2.2359461784362793,4247
2.239694118499756,4246
2.2434709072113037,4245
2.247122049331665,4244
2.2507410049438477,4243
2.254242181777954,4242
2.258013963699341,4241
2.2615160942077637,4240
2.265313148498535,4239
2.268933057785034,4238
2.272717237472534,4237
2.2761480808258057,4236
2.2797651290893555,4235
2.283078908920288,4234
2.286623001098633,4233
2.2899699211120605,4232
2.2935330867767334,4231
2.2968709468841553,4230
2.300424098968506,4229
2.3037772178649902,4228
2.307358980178833,4227
2.3107120990753174,4226
2.3142709732055664,4225
2.317622184753418,4224
2.3211779594421387,4223
2.3245151042938232,4222
2.3280751705169678,4221
2.331423044204712,4220
2.3349719047546387,4219
2.3383090496063232,4218
2.34187912940979,4217
2.345224142074585,4216
2.348783016204834,4215
2.3521130084991455,4214
2.35568904876709,4213
2.3590400218963623,4212
2.3625941276550293,4211
2.3659138679504395,4210
2.369425058364868,4209
2.37276291847229,4208
2.3763110637664795,4207
2.3796491622924805,4206
2.3832130432128906,4205
2.386554002761841,4204
2.390126943588257,4203
2.393455982208252,4202
2.3970162868499756,4201
2.400357961654663,4200
2.403920888900757,4199
2.407255172729492,4198
2.410797119140625,4197
2.414149045944214,4196
2.4177019596099854,4195
2.4210381507873535,4194
2.424619197845459,4193
2.427946090698242,4192
2.431493043899536,4191
2.434967041015625,4190
2.4385440349578857,4189
2.4419620037078857,4188
2.4454879760742188,4187
2.448885202407837,4186
2.4524009227752686,4185
2.4566102027893066,4184
2.460099220275879,4183
2.4634850025177,4182
2.46701717376709,4181
2.470407009124756,4180
2.473906993865967,4179
2.477276086807251,4178
2.4808011054992676,4177
2.484200954437256,4176
2.4876832962036133,4175
2.491063117980957,4174
2.494572162628174,4173
2.4979541301727295,4172
2.5014400482177734,4171
2.504824161529541,4170
2.508329153060913,4169
2.511687994003296,4168
2.515177011489868,4167
2.518557071685791,4166
2.522083282470703,4165
2.5254900455474854,4164
2.528999090194702,4163
2.5323569774627686,4162
2.5358550548553467,4161
2.5392301082611084,4160
2.542703866958618,4159
2.5460660457611084,4158
2.5495712757110596,4157
2.552957057952881,4156
2.556424140930176,4155
2.559782028198242,4154
2.563232183456421,4153
2.566603183746338,4152
2.570085048675537,4151
2.5734450817108154,4150
2.576953172683716,4149
2.5803332328796387,4148
2.5838279724121094,4147
2.5871829986572266,4146
2.590665102005005,4145
2.5940380096435547,4144
2.5975160598754883,4143
2.600908041000366,4142
2.6044371128082275,4141
2.607830047607422,4140
2.6113438606262207,4139
2.6147191524505615,4138
2.6182138919830322,4137
2.621601104736328,4136
2.6250922679901123,4135
2.6284701824188232,4134
2.631974935531616,4133
2.635369062423706,4132
2.6388590335845947,4131
2.6422181129455566,4130
2.6456820964813232,4129
2.6490390300750732,4128
2.6524901390075684,4127
2.655806064605713,4126
2.659252166748047,4125
2.6628129482269287,4124
2.6665830612182617,4123
2.670147180557251,4122
2.673712968826294,4121
2.6771020889282227,4120
2.6805992126464844,4119
2.6839730739593506,4118
2.6874802112579346,4117
2.690859079360962,4116
2.694340229034424,4115
2.6977128982543945,4114
2.7012081146240234,4113
2.704569101333618,4112
2.7080352306365967,4111
2.711379051208496,4110
2.714862108230591,4109
2.718231201171875,4108
2.7216999530792236,4107
2.7250521183013916,4106
2.728532075881958,4105
2.73189115524292,4104
2.7353601455688477,4103
2.7387211322784424,4102
2.7422289848327637,4101
2.7455949783325195,4100
2.7490780353546143,4099
2.7524280548095703,4098
2.755887031555176,4097
2.759242057800293,4096
2.7627060413360596,4095
2.766059160232544,4094
2.7695419788360596,4093
2.7729010581970215,4092
2.776374101638794,4091
2.779726982116699,4090
2.7831931114196777,4089
2.7865560054779053,4088
2.790037155151367,4087
2.7933881282806396,4086
2.7968661785125732,4085
2.8002262115478516,4084
2.803719997406006,4083
2.807086944580078,4082
2.8105621337890625,4081
2.8139290809631348,4080
2.8174071311950684,4079
2.8207602500915527,4078
2.8242290019989014,4077
2.8275809288024902,4076
2.8310630321502686,4075
2.8344268798828125,4074
2.8378961086273193,4073
2.84124493598938,4072
2.8447320461273193,4071
2.8480899333953857,4070
2.8515560626983643,4069
2.854907989501953,4068
2.8583931922912598,4067
2.8617570400238037,4066
2.8652219772338867,4065
2.8685481548309326,4064
2.872023105621338,4063
2.8754172325134277,4062
2.878917932510376,4061
2.8822851181030273,4060
2.8857710361480713,4059
2.889137029647827,4058
2.892620086669922,4057
2.8959760665893555,4056
2.899444103240967,4055
2.902801036834717,4054
2.9062581062316895,4053
2.909630060195923,4052
2.9131269454956055,4051
2.916492223739624,4050
2.9199628829956055,4049
2.9233171939849854,4048
2.9268081188201904,4047
2.930169105529785,4046
2.9336321353912354,4045
2.9369852542877197,4044
2.9404711723327637,4043
2.943833112716675,4042
2.9473021030426025,4041
2.9506499767303467,4040
2.9541380405426025,4039
2.957529306411743,4038
2.9610109329223633,4037
2.964365243911743,4036
2.967832088470459,4035
2.97117018699646,4034
2.9746382236480713,4033
2.9780020713806152,4032
2.98148512840271,4031
2.9848380088806152,4030
2.988309144973755,4029
2.9916749000549316,4028
2.9951629638671875,4027
2.9985201358795166,4026
3.0019900798797607,4025
3.005340099334717,4024
3.0088279247283936,4023
3.0121941566467285,4022
3.0156731605529785,4021
3.0190300941467285,4020
3.0225160121917725,4019
3.0258829593658447,4018
3.0293610095977783,4017
3.03273606300354,4016
3.0362319946289062,4015
3.0395989418029785,4014
3.0430850982666016,4013
3.0464529991149902,4012
3.0499300956726074,4011
3.0532710552215576,4010
3.05674409866333,4009
3.0600972175598145,4008
3.063577175140381,4007
3.066946268081665,4006
3.070420980453491,4005
3.0737979412078857,4004
3.0772838592529297,4003
3.0806381702423096,4002
3.0841381549835205,4001
3.0875000953674316,4000
3.0909719467163086,3999
3.0943219661712646,3998
3.0978052616119385,3997
3.1011641025543213,3996
3.104642152786255,3995
3.1079931259155273,3994
3.1114771366119385,3993
3.1148340702056885,3992
3.118305206298828,3991
3.121657133102417,3990
3.125128984451294,3989
3.1284749507904053,3988
3.1319310665130615,3987
3.135262966156006,3986
3.138698101043701,3985
3.1420140266418457,3984
3.145465850830078,3983
3.1488049030303955,3982
3.152247190475464,3981
3.1555862426757812,3980
3.1590332984924316,3979
3.16235613822937,3978
3.165881872177124,3977
3.1695401668548584,3976
3.173281192779541,3975
3.1768150329589844,3974
3.180371046066284,3973
3.183767080307007,3972
3.1872851848602295,3971
3.190675973892212,3970
3.1941781044006348,3969
3.1975460052490234,3968
3.2010300159454346,3967
3.2043888568878174,3966
3.2078821659088135,3965
3.2112531661987305,3964
3.2147281169891357,3963
3.21808123588562,3962
3.221565008163452,3961
3.2249300479888916,3960
3.228400945663452,3959
3.231748104095459,3958
3.235196113586426,3957
3.238551139831543,3956
3.242035150527954,3955
3.2453980445861816,3954
3.2488882541656494,3953
3.252254009246826,3952
3.2557380199432373,3951
3.2590889930725098,3950
3.2625701427459717,3949
3.2659389972686768,3948
3.269412040710449,3947
3.272773027420044,3946
3.276266098022461,3945
3.2796339988708496,3944
3.2831051349639893,3943
3.2864620685577393,3942
3.2899489402770996,3941
3.2933170795440674,3940
3.2968032360076904,3939
3.300175905227661,3938
3.3036530017852783,3937
3.3069891929626465,3936
3.3104541301727295,3935
3.3138160705566406,3934
3.317279100418091,3933
3.320639133453369,3932
3.324099063873291,3931
3.327437162399292,3930
3.330914258956909,3929
3.334285259246826,3928
3.3377749919891357,3927
3.34114408493042,3926
3.3446359634399414,3925
3.3480000495910645,3924
3.3514840602874756,3923
3.354844093322754,3922
3.3583550453186035,3921
3.3617429733276367,3920
3.365227222442627,3919
3.3685379028320312,3918
3.3720510005950928,3917
3.3754382133483887,3916
3.3789350986480713,3915
3.3823060989379883,3914
3.3858280181884766,3913
3.3892500400543213,3912
3.392765998840332,3911
3.3961610794067383,3910
3.3996622562408447,3909
3.4030261039733887,3908
3.4064650535583496,3907
3.4098141193389893,3906
3.4133310317993164,3905
3.4167261123657227,3904
3.4202351570129395,3903
3.4236161708831787,3902
3.427136182785034,3901
3.430535078048706,3900
3.4340310096740723,3899
3.437412977218628,3898
3.4408950805664062,3897
3.4443061351776123,3896
3.447831153869629,3895
3.451198101043701,3894
3.454714059829712,3893
3.4580941200256348,3892
3.461642026901245,3891
3.4650261402130127,3890
3.468534231185913,3889
3.471928119659424,3888
3.475466012954712,3887
3.4788591861724854,3886
3.4823691844940186,3885
3.485764265060425,3884
3.4892759323120117,3883
3.492650032043457,3882
3.4961328506469727,3881
3.499495029449463,3880
3.5029871463775635,3879
3.5063581466674805,3878
3.5098371505737305,3877
3.5131900310516357,3876
3.516658067703247,3875
3.5200042724609375,3874
3.523487091064453,3873
3.526854991912842,3872
3.5303308963775635,3871
3.533687114715576,3870
3.537161111831665,3869
3.546412229537964,3868
3.5498900413513184,3867
3.5532469749450684,3866
3.5567209720611572,3865
3.560087203979492,3864
3.563573122024536,3863
3.5669310092926025,3862
3.570402145385742,3861
3.573758125305176,3860
3.577247142791748,3859
3.5806140899658203,3858
3.5840840339660645,3857
3.5874381065368652,3856
3.59092116355896,3855
3.594292163848877,3854
3.597775936126709,3853
3.6011440753936768,3852
3.604621171951294,3851
3.607985019683838,3850
3.611495018005371,3849
3.614889144897461,3848
3.6183969974517822,3847
3.6217758655548096,3846
3.6252670288085938,3845
3.628636121749878,3844
3.6321139335632324,3843
3.6354691982269287,3842
3.6389379501342773,3841
3.642292022705078,3840
3.645782232284546,3839
3.649148941040039,3838
3.652632236480713,3837
3.6559901237487793,3836
3.6594629287719727,3835
3.662818193435669,3834
3.6663050651550293,3833
3.669654130935669,3832
3.6731300354003906,3831
3.676487922668457,3830
3.6799800395965576,3829
3.6833460330963135,3828
3.6868250370025635,3827
3.690174102783203,3826
3.693665027618408,3825
3.697026252746582,3824
3.7004880905151367,3823
3.7038469314575195,3822
3.7073349952697754,3821
3.7106971740722656,3820
3.714163064956665,3819
3.717510938644409,3818
3.7209951877593994,3817
3.724377155303955,3816
3.727882146835327,3815
3.731257200241089,3814
3.734739065170288,3813
3.7380869388580322,3812
3.7415618896484375,3811
3.7449159622192383,3810
3.7484118938446045,3809
3.7517709732055664,3808
3.755244255065918,3807
3.758596181869507,3806
3.762066125869751,3805
3.765416145324707,3804
3.768903970718384,3803
3.772268056869507,3802
3.775752067565918,3801
3.779123067855835,3800
3.782588005065918,3799
3.785943031311035,3798
3.78942608833313,3797
3.7927651405334473,3796
3.7962300777435303,3795
3.7996010780334473,3794
3.803086996078491,3793
3.806455135345459,3792
3.8099348545074463,3791
3.813300132751465,3790
3.8167781829833984,3789
3.820139169692993,3788
3.8236351013183594,3787
3.82702898979187,3786
3.830533981323242,3785
3.8339130878448486,3784
3.837369203567505,3783
3.8407182693481445,3782
3.8441860675811768,3781
3.8475520610809326,3780
3.8510448932647705,3779
3.8544251918792725,3778
3.857914924621582,3777
3.8612771034240723,3776
3.8647429943084717,3775
3.868072986602783,3774
3.8715689182281494,3773
3.874951124191284,3772
3.878425121307373,3771
3.881784200668335,3770
3.8852651119232178,3769
3.8886349201202393,3768
3.8921151161193848,3767
3.8954670429229736,3766
3.898933172225952,3765
3.9022862911224365,3764
3.9057700634002686,3763
3.909134864807129,3762
3.9126100540161133,3761
3.9159650802612305,3760
3.9194509983062744,3759
3.9228129386901855,3758
3.926290988922119,3757
3.9296422004699707,3756
3.933120012283325,3755
3.9364850521087646,3754
3.939960241317749,3753
3.943311929702759,3752
3.9468061923980713,3751
3.95017409324646,3750
3.9536561965942383,3749
3.9570131301879883,3748
3.9604949951171875,3747
3.9638631343841553,3746
3.9673349857330322,3745
3.9706881046295166,3744
3.9741809368133545,3743
3.9775431156158447,3742
3.98101806640625,3741
3.984372138977051,3740
3.987863063812256,3739
3.9912362098693848,3738
3.99471116065979,3737
3.998070240020752,3736
4.001558065414429,3735
4.004931211471558,3734
4.008435010910034,3733
4.011802911758423,3732
4.0152809619903564,3731
4.018634080886841,3730
4.022104263305664,3729
4.0254669189453125,3728
4.028947114944458,3727
4.032311201095581,3726
4.035786151885986,3725
4.039150953292847,3724
4.042663097381592,3723
4.046003103256226,3722
4.049489974975586,3721
4.052832126617432,3720
4.056303977966309,3719
4.059651136398315,3718
4.063126087188721,3717
4.066495180130005,3716
4.069967985153198,3715
4.073315143585205,3714
4.076796054840088,3713
4.080240964889526,3712
4.083919048309326,3711
4.087364196777344,3710
4.090872287750244,3709
4.094238042831421,3708
4.097706079483032,3707
4.1010661125183105,3706
4.104530096054077,3705
4.107885122299194,3704
4.111372232437134,3703
4.114727973937988,3702
4.118194103240967,3701
4.121545076370239,3700
4.1250388622283936,3699
4.128400087356567,3698
4.131869077682495,3697
4.13523006439209,3696
4.138704061508179,3695
4.142038106918335,3694
4.1455161571502686,3693
4.148879051208496,3692
4.152371168136597,3691
4.155742168426514,3690
4.15926194190979,3689
4.162795066833496,3688
4.166433095932007,3687
4.169921159744263,3686
4.173580169677734,3685
4.1771111488342285,3684
4.180649995803833,3683
4.184018135070801,3682
4.1875059604644775,3681
4.1908721923828125,3680
4.194343090057373,3679
4.197695016860962,3678
4.20117712020874,3677
4.204543113708496,3676
4.211080074310303,3675
4.214565992355347,3674
4.217932224273682,3673
4.221402883529663,3672
4.229444265365601,3671
4.232929229736328,3670
4.236293077468872,3669
4.242494106292725,3668
4.248612880706787,3667
4.252098083496094,3666
4.25783896446228,3665
4.263500213623047,3664
4.270075082778931,3663
4.27959418296814,3662
4.290594100952148,3661
4.294106960296631,3660
4.297460079193115,3659
4.303899049758911,3658
4.309815168380737,3657
4.315735101699829,3656
4.321393013000488,3655
4.327192068099976,3654
4.338227033615112,3653
4.341699123382568,3652
4.345049142837524,3651
4.348510980606079,3650
4.351877927780151,3649
4.358330011367798,3648
4.361813068389893,3647
4.367276191711426,3646
4.376004934310913,3645
4.379501104354858,3644
4.382856130599976,3643
4.38632607460022,3642
4.395677089691162,3641
4.399160146713257,3640
4.402524948120117,3639
4.405998945236206,3638
4.417952060699463,3637
4.421316862106323,3636
4.429903030395508,3635
4.4332640171051025,3634
4.439877986907959,3633
4.443444013595581,3632
4.446830987930298,3631
4.455738067626953,3630
4.459120035171509,3629
4.462614059448242,3628
4.473863124847412,3627
4.479244232177734,3626
4.482599973678589,3625
4.493484020233154,3624
4.496954917907715,3623
4.503583192825317,3622
4.509801149368286,3621
4.5158851146698,3620
4.5192461013793945,3619
4.529606103897095,3618
4.535081148147583,3617
4.5385870933532715,3616
4.541956901550293,3615
4.545433282852173,3614
4.548785924911499,3613
4.552268028259277,3612
4.555639028549194,3611
4.559115171432495,3610
4.56247091293335,3609
4.5659661293029785,3608
4.569337844848633,3607
4.572811126708984,3606
4.576168060302734,3605
4.579657077789307,3604
4.5830302238464355,3603
4.586526155471802,3602
4.593151092529297,3601
4.5965211391448975,3600
4.600008964538574,3599
4.603394269943237,3598
4.609663009643555,3597
4.61313796043396,3596
4.618797063827515,3595
4.6242451667785645,3594
4.627598285675049,3593
4.631067991256714,3592
4.6370720863342285,3591
4.64044189453125,3590
4.64618706703186,3589
4.649657249450684,3588
4.653026103973389,3587
4.663262128829956,3586
4.6666271686553955,3585
4.670091152191162,3584
4.675989151000977,3583
4.679358005523682,3582
4.682851076126099,3581
4.6893980503082275,3580
4.6954121589660645,3579
4.698766231536865,3578
4.702243089675903,3577
4.705615997314453,3576
4.709105014801025,3575
4.712460041046143,3574
4.715928077697754,3573
4.719280004501343,3572
4.722766876220703,3571
4.72613787651062,3570
4.729611158370972,3569
4.732964038848877,3568
4.736453056335449,3567
4.739815950393677,3566
4.743287086486816,3565
4.746645212173462,3564
4.75011420249939,3563
4.760054111480713,3562
4.763414144515991,3561
4.769241094589233,3560
4.776046276092529,3559
4.781758069992065,3558
4.79006814956665,3557
4.79344916343689,3556
4.796952247619629,3555
4.803816080093384,3554
4.80720591545105,3553
4.810725927352905,3552
4.8141210079193115,3551
4.8176562786102295,3550
4.82349705696106,3549
4.826888084411621,3548
4.832935094833374,3547
4.838926076889038,3546
4.8424201011657715,3545
4.845799922943115,3544
4.852269172668457,3543
4.855771064758301,3542
4.859137058258057,3541
4.862613201141357,3540
4.865947008132935,3539
4.869391918182373,3538
4.872766971588135,3537
4.8762900829315186,3536
4.8818230628967285,3535
4.889230966567993,3534
4.892718076705933,3533
4.8960981369018555,3532
4.899583101272583,3531
4.902951002120972,3530
4.909446954727173,3529
4.915102005004883,3528
4.918590068817139,3527
4.921947956085205,3526
4.928380012512207,3525
4.935013055801392,3524
4.93850302696228,3523
4.944566011428833,3522
4.947921991348267,3521
4.95429801940918,3520
4.959589958190918,3519
4.9630820751190186,3518
4.966439962387085,3517
4.969911098480225,3516
4.973273277282715,3515
4.976764917373657,3514
4.9801201820373535,3513
4.983601093292236,3512
4.9897119998931885,3511
4.993059873580933,3510
4.9965431690216064,3509
5.0028769969940186,3508
5.006227970123291,3507
5.009716987609863,3506
5.0130791664123535,3505
5.016554117202759,3504
5.023104190826416,3503
5.0264739990234375,3502
5.029947996139526,3501
5.033301115036011,3500
5.036800146102905,3499
5.0401771068573,3498
5.0495171546936035,3497
5.052885055541992,3496
5.056362152099609,3495
5.064969062805176,3494
5.068451881408691,3493
5.071808099746704,3492
5.075279951095581,3491
5.0786449909210205,3490
5.0821311473846436,3489
5.087702035903931,3488
5.091073036193848,3487
5.094552278518677,3486
5.1011741161346436,3485
5.1069910526275635,3484
5.110365152359009,3483
5.113836050033569,3482
5.117177248001099,3481
5.120645999908447,3480
5.124014139175415,3479
5.127508163452148,3478
5.130867958068848,3477
5.134357213973999,3476
5.13771915435791,3475
5.141194105148315,3474
5.152035236358643,3473
5.1553990840911865,3472
5.15890908241272,3471
5.1622700691223145,3470
5.165762186050415,3469
5.169132232666016,3468
5.175296068191528,3467
5.178753137588501,3466
5.18516993522644,3465
5.1885340213775635,3464
5.192008018493652,3463
5.195373058319092,3462
5.202036142349243,3461
5.205508232116699,3460
5.214108943939209,3459
5.217582941055298,3458
5.220937013626099,3457
5.224428176879883,3456
5.227790117263794,3455
5.233278036117554,3454
5.240115165710449,3453
5.243601083755493,3452
5.24697208404541,3451
5.2504541873931885,3450
5.25664496421814,3449
5.260008096694946,3448
5.263494968414307,3447
5.266844034194946,3446
5.270318269729614,3445
5.27366828918457,3444
5.277154207229614,3443
5.2824530601501465,3442
5.285810947418213,3441
5.28929591178894,3440
5.292655944824219,3439
5.296134948730469,3438
5.299497127532959,3437
5.30296516418457,3436
5.306319952011108,3435
5.309788942337036,3434
5.313141107559204,3433
5.3166279792785645,3432
5.3199920654296875,3431
5.32659912109375,3430
5.330073118209839,3429
5.333463191986084,3428
5.3390491008758545,3427
5.344910144805908,3426
5.348383188247681,3425
5.351737976074219,3424
5.372341156005859,3423
5.3778791427612305,3422
5.381243944168091,3421
5.384717226028442,3420
5.388067245483398,3419
5.391555070877075,3418
5.39491605758667,3417
5.398384094238281,3416
5.401731252670288,3415
5.405210018157959,3414
5.413474082946777,3413
5.416964292526245,3412
5.420325040817261,3411
5.423809051513672,3410
5.430408000946045,3409
5.433804035186768,3408
5.440450191497803,3407
5.443933963775635,3406
5.447298049926758,3405
5.450772047042847,3404
5.457221984863281,3403
5.460740089416504,3402
5.464313268661499,3401
5.4699790477752686,3400
5.476217985153198,3399
5.479587078094482,3398
5.483062028884888,3397
5.4864232540130615,3396
5.489916086196899,3395
5.496423959732056,3394
5.499783039093018,3393
5.50517725944519,3392
5.508656024932861,3391
5.512003183364868,3390
5.515487194061279,3389
5.518846035003662,3388
5.522342920303345,3387
5.525708198547363,3386
5.5310139656066895,3385
5.537242889404297,3384
5.540726184844971,3383
5.547250032424927,3382
5.550600051879883,3381
5.5540900230407715,3380
5.557460069656372,3379
5.560934066772461,3378
5.564303874969482,3377
5.567785978317261,3376
5.575427293777466,3375
5.578899145126343,3374
5.584208965301514,3373
5.587574005126953,3372
5.596994161605835,3371
5.600365161895752,3370
5.603858947753906,3369
5.607213258743286,3368
5.616085052490234,3367
5.619449853897095,3366
5.622941970825195,3365
5.626297950744629,3364
5.633143186569214,3363
5.636688947677612,3362
5.6400370597839355,3361
5.6435630321502686,3360
5.646894216537476,3359
5.6504011154174805,3358
5.65374493598938,3357
5.657264947891235,3356
5.660589218139648,3355
5.666247129440308,3354
5.671911001205444,3353
5.675421953201294,3352
5.678740978240967,3351
5.684118032455444,3350
5.687626123428345,3349
5.690954208374023,3348
5.696494102478027,3347
5.702709197998047,3346
5.706302165985107,3345
5.709639072418213,3344
5.713153123855591,3343
5.71648907661438,3342
5.722350120544434,3341
5.731928110122681,3340
5.73527193069458,3339
5.741490125656128,3338
5.745014190673828,3337
5.753988265991211,3336
5.759376049041748,3335
5.762912034988403,3334
5.768339157104492,3333
5.771676063537598,3332
5.777511119842529,3331
5.781042098999023,3330
5.784409999847412,3329
5.793777942657471,3328
5.802838087081909,3327
5.806337118148804,3326
5.811758995056152,3325
5.815088987350464,3324
5.818595886230469,3323
5.821922063827515,3322
5.828629016876221,3321
5.832143068313599,3320
5.835481882095337,3319
5.839001893997192,3318
5.842328071594238,3317
5.845821142196655,3316
5.851967096328735,3315
5.8649702072143555,3314
5.8708600997924805,3313
5.879503965377808,3312
5.882844924926758,3311
5.889346122741699,3310
5.892872095108032,3309
5.896205186843872,3308
5.900912046432495,3307
5.906487226486206,3306
5.9098241329193115,3305
5.920119047164917,3304
5.928758144378662,3303
5.93695592880249,3302
5.940498113632202,3301
5.9576780796051025,3300
5.961014032363892,3299
5.966444253921509,3298
5.969980001449585,3297
5.9732890129089355,3296
5.9793760776519775,3295
5.987313985824585,3294
5.997031927108765,3293
6.005803108215332,3292
6.009124040603638,3291
6.015374183654785,3290
6.01889705657959,3289
6.022213935852051,3288
6.025763273239136,3287
6.02907919883728,3286
6.032602071762085,3285
6.035902976989746,3284
6.039473056793213,3283
6.04732608795166,3282
6.079363107681274,3281
6.0857930183410645,3280
6.094137907028198,3279
6.097466945648193,3278
6.103440999984741,3277
6.106967210769653,3276
6.113158941268921,3275
6.124211072921753,3274
6.130784034729004,3273
6.134090185165405,3272
6.137628078460693,3271
6.143437147140503,3270
6.157241106033325,3269
6.160766124725342,3268
6.166779041290283,3267
6.1720380783081055,3266
6.177849292755127,3265
6.181155204772949,3264
6.18660306930542,3263
6.190136194229126,3262
6.193437099456787,3261
6.19697117805481,3260
6.205405950546265,3259
6.208942890167236,3258
6.214245080947876,3257
6.217554092407227,3256
6.221090078353882,3255
6.226952075958252,3254
6.230270147323608,3253
6.237926959991455,3252
6.241241931915283,3251
6.244769096374512,3250
6.251075267791748,3249
6.259247064590454,3248
6.265489101409912,3247
6.269041061401367,3246
6.272454023361206,3245
6.277818918228149,3244
6.286442995071411,3243
6.289754867553711,3242
6.295780897140503,3241
6.299296140670776,3240
6.302623987197876,3239
6.30864405632019,3238
6.320000171661377,3237
6.323522090911865,3236
6.332139015197754,3235
6.343410015106201,3234
6.3469321727752686,3233
6.355146169662476,3232
6.360704183578491,3231
6.366420030593872,3230
6.369924306869507,3229
6.376187086105347,3228
6.3795201778411865,3227
6.383054971694946,3226
6.386359214782715,3225
6.395056962966919,3224
6.398369073867798,3223
6.4019081592559814,3222
6.407412052154541,3221
6.4107630252838135,3220
6.414315223693848,3219
6.423408031463623,3218
6.426939964294434,3217
6.432289123535156,3216
6.435590028762817,3215
6.439128160476685,3214
6.4459569454193115,3213
6.4512810707092285,3212
6.454590082168579,3211
6.458109140396118,3210
6.464372158050537,3209
6.4676899909973145,3208
6.4712159633636475,3207
6.474523067474365,3206
6.478041887283325,3205
6.481373071670532,3204
6.484906196594238,3203
6.4904820919036865,3202
6.498960018157959,3201
6.502495050430298,3200
6.505812168121338,3199
6.509354114532471,3198
6.5159220695495605,3197
6.519236087799072,3196
6.522761106491089,3195
6.5260841846466064,3194
6.539196968078613,3193
6.542517185211182,3192
6.546052932739258,3191
6.549363136291504,3190
6.5528788566589355,3189
6.567353963851929,3188
6.573153018951416,3187
6.5811121463775635,3186
6.587587118148804,3185
6.590911149978638,3184
6.594435214996338,3183
6.59774112701416,3182
6.601259231567383,3181
6.604565143585205,3180
6.614428997039795,3179
6.6177380084991455,3178
6.621256113052368,3177
6.624583005905151,3176
6.630347013473511,3175
6.635664939880371,3174
6.6391870975494385,3173
6.646007061004639,3172
6.649332046508789,3171
6.652869939804077,3170
6.656183242797852,3169
6.659714221954346,3168
6.663029193878174,3167
6.6665589809417725,3166
6.673156976699829,3165
6.679301977157593,3164
6.682597875595093,3163
6.690531969070435,3162
6.696148157119751,3161
6.699454069137573,3160
6.707670211791992,3159
6.710979223251343,3158
6.714537143707275,3157
6.717885971069336,3156
6.721421241760254,3155
6.724743127822876,3154
6.7282750606536865,3153
6.736439228057861,3152
6.739973068237305,3151
6.746793031692505,3150
6.750113010406494,3149
6.7536420822143555,3148
6.756962060928345,3147
6.76050591468811,3146
6.763822078704834,3145
6.767348051071167,3144
6.77380108833313,3143
6.777119159698486,3142
6.7806501388549805,3141
6.7839601039886475,3140
6.7924580574035645,3139
6.7957751750946045,3138
6.801209211349487,3137
6.8067381381988525,3136
6.810286283493042,3135
6.816019058227539,3134
6.81932806968689,3133
6.822862863540649,3132
6.826174020767212,3131
6.83183217048645,3130
6.835374116897583,3129
6.841185092926025,3128
6.8520519733428955,3127
6.855358123779297,3126
6.858896017074585,3125
6.866850137710571,3124
6.870391130447388,3123
6.876387119293213,3122
6.879709959030151,3121
6.889214992523193,3120
6.892518043518066,3119
6.907225131988525,3118
6.913482189178467,3117
6.916796922683716,3116
6.920331001281738,3115
6.92365026473999,3114
6.935082197189331,3113
6.938613176345825,3112
6.945662021636963,3111
6.949202060699463,3110
6.954520225524902,3109
6.957828998565674,3108
6.961356163024902,3107
6.9672462940216064,3106
6.970560073852539,3105
6.975964069366455,3104
6.981299161911011,3103
6.984824180603027,3102
6.9955079555511475,3101
7.005949020385742,3100
7.012610197067261,3099
7.018372297286987,3098
7.026986122131348,3097
7.03052020072937,3096
7.033828020095825,3095
7.037363052368164,3094
7.040708303451538,3093
7.0442492961883545,3092
7.047569990158081,3091
7.054038047790527,3090
7.06023097038269,3089
7.063767194747925,3088
7.067075252532959,3087
7.0706188678741455,3086
7.073949098587036,3085
7.079803943634033,3084
7.088619232177734,3083
7.0919270515441895,3082
7.09828519821167,3081
7.1018171310424805,3080
7.105123996734619,3079
7.113512992858887,3078
7.116811037063599,3077
7.123593091964722,3076
7.127129077911377,3075
7.130457162857056,3074
7.134005069732666,3073
7.1373279094696045,3072
7.1408610343933105,3071
7.144176006317139,3070
7.147703170776367,3069
7.15302300453186,3068
7.156344175338745,3067
7.159862041473389,3066
7.1631669998168945,3065
7.16670298576355,3064
7.172054052352905,3063
7.175374269485474,3062
7.18208909034729,3061
7.187970161437988,3060
7.191503047943115,3059
7.194820165634155,3058
7.198346138000488,3057
7.201656103134155,3056
7.205191135406494,3055
7.208510160446167,3054
7.222079038619995,3053
7.225388050079346,3052
7.23152494430542,3051
7.237411260604858,3050
7.240947008132935,3049
7.244272947311401,3048
7.2498462200164795,3047
7.255521059036255,3046
7.25904393196106,3045
7.2699668407440186,3044
7.273270130157471,3043
7.276811122894287,3042
7.280133962631226,3041
7.289672136306763,3040
7.29598593711853,3039
7.301421165466309,3038
7.304729223251343,3037
7.310429096221924,3036
7.313966989517212,3035
7.317291021347046,3034
7.320821046829224,3033
7.324130058288574,3032
7.327660083770752,3031
7.332984209060669,3030
7.336296081542969,3029
7.339818000793457,3028
7.36487889289856,3027
7.368195295333862,3026
7.371706008911133,3025
7.375056028366089,3024
7.3883020877838135,3023
7.394425868988037,3022
7.3978800773620605,3021
7.401379108428955,3020
7.4113030433654785,3019
7.414809942245483,3018
7.418181896209717,3017
7.421678066253662,3016
7.425049304962158,3015
7.428532123565674,3014
7.431897163391113,3013
7.435410976409912,3012
7.438814163208008,3011
7.442298889160156,3010
7.445677042007446,3009
7.454566955566406,3008
7.457930088043213,3007
7.461421251296997,3006
7.467665910720825,3005
7.471031188964844,3004
7.477881193161011,3003
7.483675003051758,3002
7.487167119979858,3001
7.490544080734253,3000
7.494030952453613,2999
7.497390270233154,2998
7.502692937850952,2997
7.506185054779053,2996
7.509548187255859,2995
7.516290187835693,2994
7.522087097167969,2993
7.530745983123779,2992
7.534112215042114,2991
7.5396950244903564,2990
7.543182849884033,2989
7.546531915664673,2988
7.550014019012451,2987
7.55815315246582,2986
7.564319133758545,2985
7.567809104919434,2984
7.5711822509765625,2983
7.574660301208496,2982
7.57803201675415,2981
7.581521987915039,2980
7.584888219833374,2979
7.588385105133057,2978
7.59175705909729,2977
7.5952231884002686,2976
7.598564863204956,2975
7.602032899856567,2974
7.608779191970825,2973
7.6121649742126465,2972
7.615668058395386,2971
7.619030237197876,2970
7.6225080490112305,2969
7.625876188278198,2968
7.629395961761475,2967
7.632781267166138,2966
7.636271953582764,2965
7.639634132385254,2964
7.643111944198608,2963
7.646468877792358,2962
7.649960994720459,2961
7.655944108963013,2960
7.659309148788452,2959
7.66280198097229,2958
7.666161060333252,2957
7.669636249542236,2956
7.672986030578613,2955
7.678269147872925,2954
7.6866559982299805,2953
7.692893981933594,2952
7.696259260177612,2951
7.699734210968018,2950
7.70308518409729,2949
7.7065958976745605,2948
7.712940216064453,2947
7.716302156448364,2946
7.719797134399414,2945
7.723190069198608,2944
7.729092121124268,2943
7.732579231262207,2942
7.741898059844971,2941
7.745390176773071,2940
7.751139879226685,2939
7.768157958984375,2938
7.776554107666016,2937
7.780052185058594,2936
7.7834272384643555,2935
7.792232990264893,2934
7.795600891113281,2933
7.799081087112427,2932
7.802463054656982,2931
7.8077781200408936,2930
7.811272144317627,2929
7.814654111862183,2928
7.820199012756348,2927
7.823681116104126,2926
7.827047109603882,2925
7.83328104019165,2924
7.836752891540527,2923
7.844878911972046,2922
7.848357915878296,2921
7.851734161376953,2920
7.860867261886597,2919
7.864238977432251,2918
7.869983196258545,2917
7.8763909339904785,2916
7.881922245025635,2915
7.8854100704193115,2914
7.891549110412598,2913
7.894906997680664,2912
7.89837908744812,2911
7.901746034622192,2910
7.905230283737183,2909
7.915608167648315,2908
7.918990135192871,2907
7.922482013702393,2906
7.928997039794922,2905
7.932396173477173,2904
7.935877084732056,2903
7.944072961807251,2902
7.947561979293823,2901
7.953992128372192,2900
7.957350969314575,2899
7.974679231643677,2898
7.978037118911743,2897
7.981523036956787,2896
7.984894037246704,2895
7.991635084152222,2894
7.9951231479644775,2893
7.998484134674072,2892
8.001964092254639,2891
8.005331993103027,2890
8.008820056915283,2889
8.017754077911377,2888
8.021241188049316,2887
8.024599075317383,2886
8.03089427947998,2885
8.044979095458984,2884
8.048346996307373,2883
8.051835060119629,2882
8.057834148406982,2881
8.061203956604004,2880
8.066739082336426,2879
8.074446201324463,2878
8.089344024658203,2877
8.096174240112305,2876
8.099663972854614,2875
8.105305910110474,2874
8.122215032577515,2873
8.127768278121948,2872
8.131127119064331,2871
8.134582042694092,2870
8.137948036193848,2869
8.141430139541626,2868
8.14478611946106,2867
8.148262977600098,2866
8.151625156402588,2865
8.155111074447632,2864
8.158478260040283,2863
8.161955118179321,2862
8.168108224868774,2861
8.171481132507324,2860
8.174962997436523,2859
8.178327083587646,2858
8.181801080703735,2857
8.18515419960022,2856
8.18864107131958,2855
8.19199013710022,2854
8.198045015335083,2853
8.201534032821655,2852
8.207484006881714,2851
8.210844039916992,2850
8.214329242706299,2849
8.21996021270752,2848
8.223335981369019,2847
8.226819276809692,2846
8.230184078216553,2845
8.23366093635559,2844
8.237012147903442,2843
8.24052095413208,2842
8.243913173675537,2841
8.247395277023315,2840
8.25076413154602,2839
8.254261016845703,2838
8.257628917694092,2837
8.261155128479004,2836
8.264547109603882,2835
8.267993211746216,2834
8.274047136306763,2833
8.277422189712524,2832
8.280915021896362,2831
8.28427505493164,2830
8.287752151489258,2829
8.29597806930542,2828
8.299468040466309,2827
8.302839040756226,2826
8.308402061462402,2825
8.311894178390503,2824
8.315253019332886,2823
8.320695161819458,2822
8.324195861816406,2821
8.327523231506348,2820
8.33098816871643,2819
8.334344148635864,2818
8.337796211242676,2817
8.343544244766235,2816
8.346878051757812,2815
8.350336074829102,2814
8.353806972503662,2813
8.35741114616394,2812
8.360832214355469,2811
8.366140127182007,2810
8.369627952575684,2809
8.37300992012024,2808
8.376536130905151,2807
8.379926204681396,2806
8.383441925048828,2805
8.389199018478394,2804
8.39258599281311,2803
8.396057844161987,2802
8.399440050125122,2801
8.402955055236816,2800
8.409558057785034,2799
8.412958145141602,2798
8.424013137817383,2797
8.427532196044922,2796
8.43091630935669,2795
8.436304092407227,2794
8.439826965332031,2793
8.446454048156738,2792
8.452919244766235,2791
8.456300020217896,2790
8.459814071655273,2789
8.463191032409668,2788
8.47494888305664,2787
8.47844910621643,2786
8.485151052474976,2785
8.488514184951782,2784
8.498168230056763,2783
8.501539945602417,2782
8.507854223251343,2781
8.513813018798828,2780
8.517298936843872,2779
8.520693063735962,2778
8.524184226989746,2777
8.5275399684906,2776
8.532804250717163,2775
8.536302089691162,2774
8.539679050445557,2773
8.543172121047974,2772
8.549093008041382,2771
8.552460193634033,2770
8.555935144424438,2769
8.569934129714966,2768
8.576558113098145,2767
8.580036878585815,2766
8.583396911621094,2765
8.58688497543335,2764
8.592550992965698,2763
8.598196029663086,2762
8.60681414604187,2761
8.610311031341553,2760
8.613679885864258,2759
8.617155075073242,2758
8.620513200759888,2757
8.626074075698853,2756
8.637542009353638,2755
8.64103889465332,2754
8.64441704750061,2753
8.647908926010132,2752
8.651272058486938,2751
8.654748916625977,2750
8.658103227615356,2749
8.663496017456055,2748
8.666970014572144,2747
8.670327186584473,2746
8.67382001876831,2745
8.680438041687012,2744
8.683801889419556,2743
8.687289953231812,2742
8.690651893615723,2741
8.704536199569702,2740
8.707942962646484,2739
8.711465120315552,2738
8.716999053955078,2737
8.720397233963013,2736
8.72392201423645,2735
8.729660034179688,2734
8.733042001724243,2733
8.738513946533203,2732
8.742026090621948,2731
8.745422840118408,2730
8.748947143554688,2729
8.752336025238037,2728
8.755850076675415,2727
8.759228944778442,2726
8.762726068496704,2725
8.768854141235352,2724
8.77223825454712,2723
8.775717973709106,2722
8.779091119766235,2721
8.782588958740234,2720
8.785951137542725,2719
8.789432287216187,2718
8.792801141738892,2717
8.79628610610962,2716
8.799684286117554,2715
8.80317497253418,2714
8.808746099472046,2713
8.81212306022644,2712
8.815607070922852,2711
8.818968057632446,2710
8.824779033660889,2709
8.831253051757812,2708
8.834741115570068,2707
8.838109970092773,2706
8.84157919883728,2705
8.844949007034302,2704
8.84843397140503,2703
8.854871034622192,2702
8.858230113983154,2701
8.86171817779541,2700
8.865086078643799,2699
8.86854887008667,2698
8.871886968612671,2697
8.891074180603027,2696
8.897838115692139,2695
8.908932209014893,2694
8.912292003631592,2693
8.915771961212158,2692
8.921158075332642,2691
8.92645001411438,2690
8.92982792854309,2689
8.933322191238403,2688
8.936686992645264,2687
8.940163135528564,2686
8.946452140808105,2685
8.953181982040405,2684
8.956542015075684,2683
8.960033178329468,2682
8.971235275268555,2681
8.979217052459717,2680
8.982700109481812,2679
8.991844892501831,2678
9.001060009002686,2677
9.004428148269653,2676
9.007910013198853,2675
9.011277198791504,2674
9.014766216278076,2673
9.01814603805542,2672
9.024888277053833,2671
9.033913850784302,2670
9.03994607925415,2669
9.043313026428223,2668
9.052895069122314,2667
9.05895709991455,2666
9.064892053604126,2665
9.068250894546509,2664
9.07174825668335,2663
9.075124025344849,2662
9.083661079406738,2661
9.087038040161133,2660
9.11000919342041,2659
9.124131202697754,2658
9.130646228790283,2657
9.137284278869629,2656
9.148985862731934,2655
9.160572052001953,2654
9.16398286819458,2653
9.16753101348877,2652
9.17093801498413,2651
9.174468994140625,2650
9.177877187728882,2649
9.181409120559692,2648
9.187108039855957,2647
9.190500020980835,2646
9.194000959396362,2645
9.197367191314697,2644
9.205144166946411,2643
9.210852861404419,2642
9.214211225509644,2641
9.220556020736694,2640
9.231072187423706,2639
9.234560012817383,2638
9.240793943405151,2637
9.244139194488525,2636
9.254047155380249,2635
9.257428169250488,2634
9.267033100128174,2633
9.270437002182007,2632
9.273957967758179,2631
9.277343034744263,2630
9.280851125717163,2629
9.28633713722229,2628
9.295254230499268,2627
9.298758029937744,2626
9.330154180526733,2625
9.335662841796875,2624
9.339027166366577,2623
9.344506978988647,2622
9.347993850708008,2621
9.351370096206665,2620
9.354856014251709,2619
9.358219146728516,2618
9.363976001739502,2617
9.370273113250732,2616
9.375872135162354,2615
9.39862608909607,2614
9.408750295639038,2613
9.444362163543701,2612
9.448068141937256,2611
9.454514026641846,2610
9.467111110687256,2609
9.47575306892395,2608
9.495534896850586,2607
9.50326418876648,2606
9.509697198867798,2605
9.527642965316772,2604
9.541207075119019,2603
9.544772863388062,2602
9.556438207626343,2601
9.571742057800293,2600
9.58250093460083,2599
9.592154026031494,2598
9.595633029937744,2597
9.606276273727417,2596
9.616241931915283,2595
9.619590997695923,2594
9.683172941207886,2593
9.719892024993896,2592
9.726109981536865,2591
9.729623079299927,2590
9.739187002182007,2589
9.742550134658813,2588
9.746042013168335,2587
9.749418020248413,2586
9.762158155441284,2585
9.76863694190979,2584
9.7834792137146,2583
9.786848068237305,2582
9.792821168899536,2581
9.79632019996643,2580
9.799682140350342,2579
9.808878898620605,2578
9.82233715057373,2577
9.82957124710083,2576
9.842247009277344,2575
9.848988056182861,2574
9.852463960647583,2573
9.867526054382324,2572
9.880184173583984,2571
9.8854820728302,2570
9.89371919631958,2569
9.897202014923096,2568
9.903496026992798,2567
9.906867027282715,2566
9.922791957855225,2565
9.926279067993164,2564
9.929651975631714,2563
9.93878722190857,2562
9.945004224777222,2561
9.95944094657898,2560
9.965457916259766,2559
9.96881914138794,2558
9.975100994110107,2557
9.982944011688232,2556
9.992983102798462,2555
10.004167079925537,2554
10.010913133621216,2553
10.014414072036743,2552
10.022716045379639,2551
10.026204109191895,2550
10.029566049575806,2549
10.035658121109009,2548
10.056747198104858,2547
10.07632327079773,2546
10.089956998825073,2545
10.096112966537476,2544
10.102604150772095,2543
10.106083869934082,2542
10.11142110824585,2541
10.119035005569458,2540
10.130867004394531,2539
10.134366989135742,2538
10.13773512840271,2537
10.145929098129272,2536
10.151389122009277,2535
10.15750503540039,2534
10.175860166549683,2533
10.182095050811768,2532
10.185582160949707,2531
10.18896222114563,2530
10.194650888442993,2529
10.200468063354492,2528
10.206262111663818,2527
10.209782123565674,2526
10.254065036773682,2525
10.265017986297607,2524
10.272804021835327,2523
10.2762770652771,2522
10.284572124481201,2521
10.291304111480713,2520
10.30534315109253,2519
10.308836936950684,2518
10.326969146728516,2517
10.347200155258179,2516
10.353262186050415,2515
10.359171152114868,2514
10.367029190063477,2513
10.378420114517212,2512
10.409040927886963,2511
10.426660060882568,2510
10.455087900161743,2509
10.458412170410156,2508
10.470514059066772,2507
10.479850053787231,2506
10.500306129455566,2505
10.54807996749878,2504
10.551440954208374,2503
10.557415962219238,2502
10.57840609550476,2501
10.598260164260864,2500
10.601601123809814,2499
10.605152130126953,2498
10.608481168746948,2497
10.622488260269165,2496
10.625808954238892,2495
10.635876893997192,2494
10.643993854522705,2493
10.656934976577759,2492
10.668376207351685,2491
10.677581071853638,2490
10.681121110916138,2489
10.700999021530151,2488
10.721426963806152,2487
10.729298114776611,2486
10.737435102462769,2485
10.745994091033936,2484
10.76037311553955,2483
10.767108917236328,2482
10.770644187927246,2481
10.773954153060913,2480
10.782142162322998,2479
10.78545594215393,2478
10.788981199264526,2477
10.807148218154907,2476
10.824028015136719,2475
10.827571153640747,2474
10.830885887145996,2473
10.834424257278442,2472
10.840452909469604,2471
10.843778133392334,2470
10.853800058364868,2469
10.859591960906982,2468
10.863120079040527,2467
10.872173070907593,2466
10.877538204193115,2465
10.884374141693115,2464
10.892932176589966,2463
10.896245002746582,2462
10.904259204864502,2461
10.910512924194336,2460
10.913838148117065,2459
10.925292253494263,2458
10.928836107254028,2457
10.932153940200806,2456
10.935683250427246,2455
10.942276954650879,2454
10.945595979690552,2453
10.974700212478638,2452
10.98880124092102,2451
11.015275001525879,2450
11.023717880249023,2449
11.02727198600769,2448
11.06715202331543,2447
11.120633125305176,2446
11.134223937988281,2445
11.137561082839966,2444
11.160398960113525,2443
11.169401168823242,2442
11.179357051849365,2441
11.18270230293274,2440
11.186254978179932,2439
11.189613103866577,2438
11.19563913345337,2437
11.201507091522217,2436
11.205070972442627,2435
11.208414077758789,2434
11.211971282958984,2433
11.224395036697388,2432
11.235870122909546,2431
11.253507137298584,2430
11.256825923919678,2429
11.260366201400757,2428
11.269047260284424,2427
11.272582054138184,2426
11.279067993164062,2425
11.296953201293945,2424
11.302388191223145,2423
11.308894157409668,2422
11.312427043914795,2421
11.338551044464111,2420
11.348017930984497,2419
11.35134220123291,2418
11.359025001525879,2417
11.362344026565552,2416
11.365870237350464,2415
11.415517091751099,2414
11.418835163116455,2413
11.422364950180054,2412
11.441168069839478,2411
11.444721937179565,2410
11.450072050094604,2409
11.490050077438354,2408
11.521228075027466,2407
11.524546146392822,2406
11.55855917930603,2405
11.564383029937744,2404
11.572747230529785,2403
11.576061010360718,2402
11.592629194259644,2401
11.598448991775513,2400
11.616152286529541,2399
11.651581048965454,2398
11.66552996635437,2397
11.68136191368103,2396
11.694735050201416,2395
11.71210503578186,2394
11.716323137283325,2393
11.742768049240112,2392
11.767153978347778,2391
11.771239042282104,2390
11.778487205505371,2389
11.78236198425293,2388
11.7886381149292,2387
11.803827047348022,2386
11.818275213241577,2385
11.839921951293945,2384
11.849662065505981,2383
11.852966070175171,2382
11.859657049179077,2381
11.863131046295166,2380
11.884314060211182,2379
11.894906044006348,2378
11.89837121963501,2377
11.901662111282349,2376
11.906922101974487,2375
11.914588928222656,2374
11.929443120956421,2373
11.94310212135315,2372
11.949249029159546,2371
11.975214958190918,2370
11.978689193725586,2369
11.985941171646118,2368
11.998773097991943,2367
12.005508184432983,2366
12.03563904762268,2365
12.054322957992554,2364
12.062949895858765,2363
12.0664541721344,2362
12.090326070785522,2361
12.11337399482727,2360
12.119676113128662,2359
12.125856161117554,2358
12.146624088287354,2357
12.15218997001648,2356
12.158937931060791,2355
12.1653151512146,2354
12.171140193939209,2353
12.194851160049438,2352
12.216998100280762,2351
12.253337144851685,2350
12.257261276245117,2349
12.265501976013184,2348
12.290005207061768,2347
12.336692094802856,2346
12.349859952926636,2345
12.358428001403809,2344
12.391470193862915,2343
12.397294282913208,2342
12.42690896987915,2341
12.47812008857727,2340
12.51953411102295,2339
12.531232118606567,2338
12.560204029083252,2337
12.577502012252808,2336
12.631928205490112,2335
12.693804025650024,2334
12.765383005142212,2333
12.788691997528076,2332
12.798508167266846,2331
12.80648922920227,2330
12.8195960521698,2329
12.823090076446533,2328
12.83827805519104,2327
12.858936071395874,2326
12.90588116645813,2325
12.90937089920044,2324
12.946958303451538,2323
12.958055019378662,2322
12.993187189102173,2321
13.090509176254272,2320
13.126267910003662,2319
13.132313251495361,2318
13.141542911529541,2317
13.15190315246582,2316
13.164113998413086,2315
13.180207014083862,2314
13.225317001342773,2313
13.282507181167603,2312
13.30276608467102,2311
13.421113967895508,2310
13.435872077941895,2309
13.608273029327393,2308
13.618560075759888,2307
13.63811993598938,2306
13.678024053573608,2305
13.726639032363892,2304
13.755867004394531,2303
13.763713121414185,2302
13.780613899230957,2301
13.97303295135498,2300
14.003243207931519,2299
14.114915132522583,2298
14.137312173843384,2297
14.14321494102478,2296
14.152719974517822,2295
14.158179998397827,2294
14.341431140899658,2293
14.414180994033813,2292
14.511650085449219,2291
14.542025089263916,2290
