9.5367431640625e-07,65940
21.18475079536438,3090
21.224172830581665,3089
21.22446084022522,3088
21.22463297843933,3087
21.22472310066223,3086
21.224772930145264,3085
21.22498393058777,3084
21.225032091140747,3083
21.225203037261963,3082
21.22678518295288,3081
21.22741198539734,3080
21.22941493988037,3079
21.22950506210327,3078
21.229984045028687,3077
21.23003888130188,3076
21.23041296005249,3075
21.230632066726685,3074
21.23095989227295,3073
21.2342369556427,3072
21.234625101089478,3071
21.23596692085266,3070
21.241354942321777,3069
21.241808891296387,3068
21.242650985717773,3067
21.24476909637451,3066
21.24539589881897,3065
21.24749183654785,3064
21.248491764068604,3063
21.25020980834961,3062
21.250524044036865,3061
21.251049041748047,3060
21.251137733459473,3059
21.25154209136963,3058
21.251750946044922,3057
21.251842975616455,3056
21.251932859420776,3055
21.252182722091675,3054
21.252466917037964,3053
21.252753019332886,3052
21.252917051315308,3051
21.255997896194458,3050
21.256246089935303,3049
21.25652575492859,3048
21.258124113082886,3047
21.25840187072754,3046
21.26055884361267,3045
21.26072597503662,3044
21.261379957199097,3043
21.26960277557373,3042
21.2696590423584,3041
21.270928859710693,3040
21.271060943603516,3039
21.275291919708252,3038
21.275425910949707,3037
21.281480073928833,3036
21.28195595741272,3035
21.28200888633728,3034
21.28691577911377,3033
21.287726879119873,3032
21.287817001342773,3031
21.28798794746399,3030
21.288307905197144,3029
21.288397789001465,3028
21.28856897354126,3027
21.289156913757324,3026
21.294875860214233,3025
21.29526996612549,3024
21.295323848724365,3023
21.29581594467163,3022
21.295905113220215,3021
21.30221915245056,3020
21.307739973068237,3019
21.307909965515137,3018
21.33734393119812,3017
21.337779998779297,3016
21.33821702003479,3015
21.338828802108765,3014
21.34063696861267,3013
21.34072780609131,3012
21.341078758239746,3011
21.34121608734131,3010
21.34176993370056,3009
21.342010974884033,3008
21.34209895133972,3007
21.34226703643799,3006
21.342618942260742,3005
21.342934131622314,3004
21.34324884414673,3003
21.343300819396973,3002
21.3433518409729,3001
21.343670129776,3000
21.344518899917603,2999
21.346395015716553,2998
21.347222089767456,2997
21.34757089614868,2996
21.347782850265503,2995
21.347909927368164,2994
21.348376989364624,2993
21.350961923599243,2992
21.351672887802124,2991
21.35235595703125,2990
21.352447032928467,2989
21.355053901672363,2988
21.355180740356445,2987
21.35559105873108,2986
21.35568380355835,2985
21.35676097869873,2984
21.357162952423096,2983
21.357775926589966,2982
21.358092784881592,2981
21.35922598838806,2980
21.359786987304688,2979
21.362323999404907,2978
21.362539052963257,2977
21.362817764282227,2976
21.36286997795105,2975
21.36335015296936,2974
21.363555908203125,2973
21.36372995376587,2972
21.363781929016113,2971
21.363909006118774,2970
21.366400957107544,2969
21.367391109466553,2968
21.367486000061035,2967
21.368387937545776,2966
21.368592023849487,2965
21.36877179145813,2964
21.374624013900757,2963
21.37480092048645,2962
21.37954092025757,2961
21.382519960403442,2960
21.383009910583496,2959
21.384801864624023,2958
21.38535189628601,2957
21.385520935058594,2956
21.385611057281494,2955
21.386791944503784,2954
21.386922121047974,2953
21.38743495941162,2952
21.390650987625122,2951
21.390867948532104,2950
21.39177894592285,2949
21.393054008483887,2948
21.408087968826294,2947
21.40866494178772,2946
21.409220933914185,2945
21.410786867141724,2944
21.410961866378784,2943
21.411015033721924,2942
21.414381980895996,2941
21.414695978164673,2940
21.41505479812622,2939
21.415181875228882,2938
21.415318727493286,2937
21.423680067062378,2936
21.42530393600464,2935
21.42551589012146,2934
21.425646781921387,2933
21.42569875717163,2932
21.425750732421875,2931
21.42613697052002,2930
21.43044090270996,2929
21.43859577178955,2928
21.44045090675354,2927
21.441164016723633,2926
21.443631887435913,2925
21.446188926696777,2924
21.4463210105896,2923
21.446998119354248,2922
21.447787761688232,2921
21.448033094406128,2920
21.45042395591736,2919
21.450844049453735,2918
21.45101284980774,2917
21.452322959899902,2916
21.453650951385498,2915
21.477405071258545,2914
21.477547883987427,2913
21.477978944778442,2912
21.47986888885498,2911
21.480321884155273,2910
21.4809308052063,2909
21.48113989830017,2908
21.482568979263306,2907
21.482624053955078,2906
21.485811948776245,2905
21.485942840576172,2904
21.486452102661133,2903
21.48960280418396,2902
21.490045070648193,2901
21.503962993621826,2900
21.508119821548462,2899
21.508257150650024,2898
21.508466958999634,2897
21.52604913711548,2896
21.527151823043823,2895
21.527209043502808,2894
21.529014110565186,2893
21.529361963272095,2892
21.531590938568115,2891
21.53200602531433,2890
21.533459901809692,2889
21.53351402282715,2888
21.53430676460266,2887
21.537323713302612,2886
21.53741693496704,2885
21.53983998298645,2884
21.539900064468384,2883
21.540075063705444,2882
21.540532112121582,2881
21.54069471359253,2880
21.543356895446777,2879
21.54341197013855,2878
21.543665885925293,2877
21.54386591911316,2876
21.54400110244751,2875
21.544322967529297,2874
21.54530906677246,2873
21.550683975219727,2872
21.55096673965454,2871
21.556493759155273,2870
21.556850910186768,2869
21.557096004486084,2868
21.557447910308838,2867
21.55753779411316,2866
21.557745933532715,2865
21.55791401863098,2864
21.566337823867798,2863
21.566476821899414,2862
21.570396900177002,2861
21.57087993621826,2860
21.571578979492188,2859
21.572011709213257,2858
21.573266983032227,2857
21.573321104049683,2856
21.585954904556274,2855
21.586129903793335,2854
21.58641481399536,2853
21.586983919143677,2852
21.593775987625122,2851
21.601046085357666,2850
21.606437921524048,2849
21.606728076934814,2848
21.60715889930725,2847
21.60721182823181,2846
21.60742211341858,2845
21.607516050338745,2844
21.608664989471436,2843
21.612055778503418,2842
21.612783908843994,2841
21.613651990890503,2840
21.613821029663086,2839
21.61450695991516,2838
21.614787817001343,2837
21.616727828979492,2836
21.61729097366333,2835
21.618279933929443,2834
21.62028694152832,2833
21.622201919555664,2832
21.625983953475952,2831
21.62629795074463,2830
21.626436948776245,2829
21.627800941467285,2828
21.62822675704956,2827
21.64107394218445,2826
21.641650915145874,2825
21.642965078353882,2824
21.644940853118896,2823
21.64628314971924,2822
21.646338939666748,2821
21.64639186859131,2820
21.64663290977478,2819
21.646885871887207,2818
21.64759087562561,2817
21.647912979125977,2816
21.648183822631836,2815
21.64835786819458,2814
21.64852213859558,2813
21.648611783981323,2812
21.651605129241943,2811
21.652897119522095,2810
21.658913135528564,2809
21.66211199760437,2808
21.665616989135742,2807
21.665825843811035,2806
21.666075944900513,2805
21.668399810791016,2804
21.67094087600708,2803
21.672606945037842,2802
21.673001050949097,2801
21.673208951950073,2800
21.674015045166016,2799
21.675118923187256,2798
21.675365924835205,2797
21.675981760025024,2796
21.679736852645874,2795
21.6818368434906,2794
21.68189287185669,2793
21.682106971740723,2792
21.68517303466797,2791
21.686678886413574,2790
21.68709683418274,2789
21.687310934066772,2788
21.687366008758545,2787
21.689043045043945,2786
21.68913698196411,2785
21.689483165740967,2784
21.68965983390808,2783
21.69020915031433,2782
21.690486907958984,2781
21.690813064575195,2780
21.69090485572815,2779
21.69713592529297,2778
21.697235107421875,2777
21.697718858718872,2776
21.69872808456421,2775
21.699405908584595,2774
21.699537992477417,2773
21.700214862823486,2772
21.700706958770752,2771
21.700950860977173,2770
21.703391075134277,2769
21.704110860824585,2768
21.70518684387207,2767
21.705575942993164,2766
21.705853939056396,2765
21.70590901374817,2764
21.708728790283203,2763
21.709624767303467,2762
21.709764003753662,2761
21.7103328704834,2760
21.71065092086792,2759
21.713292837142944,2758
21.713347911834717,2757
21.7137930393219,2756
21.714399099349976,2755
21.716635942459106,2754
21.726879119873047,2753
21.72718095779419,2752
21.73482608795166,2751
21.735265016555786,2750
21.73558211326599,2749
21.736142873764038,2748
21.736350059509277,2747
21.73640513420105,2746
21.736652851104736,2745
21.74045181274414,2744
21.741113901138306,2743
21.741168975830078,2742
21.74142289161682,2741
21.743257999420166,2740
21.74343776702881,2739
21.744175910949707,2738
21.744266986846924,2737
21.74447798728943,2736
21.744529962539673,2735
21.745206832885742,2734
21.745446920394897,2733
21.754098892211914,2732
21.75621485710144,2731
21.757890939712524,2730
21.75806498527527,2729
21.7585711479187,2728
21.768675804138184,2727
21.770344972610474,2726
21.77040195465088,2725
21.776298999786377,2724
21.77686309814453,2723
21.77706289291382,2722
21.777236938476562,2721
21.77729105949402,2720
21.77937889099121,2719
21.7828209400177,2718
21.783035039901733,2717
21.783748865127563,2716
21.785320043563843,2715
21.785887002944946,2714
21.7862811088562,2713
21.78644585609436,2712
21.786657094955444,2711
21.786893844604492,2710
21.78844976425171,2709
21.79279088973999,2708
21.793295860290527,2707
21.793533086776733,2706
21.793998956680298,2705
21.800474882125854,2704
21.801241874694824,2703
21.801554918289185,2702
21.80262589454651,2701
21.80305290222168,2700
21.804844856262207,2699
21.80897283554077,2698
21.830554008483887,2697
21.830819845199585,2696
21.831297874450684,2695
21.831549882888794,2694
21.84493398666382,2693
21.84562587738037,2692
21.846309900283813,2691
21.847980737686157,2690
21.85026216506958,2689
21.850514888763428,2688
21.850862979888916,2687
21.852062940597534,2686
21.852340936660767,2685
21.852587938308716,2684
21.852718830108643,2683
21.85399889945984,2682
21.854712963104248,2681
21.855690002441406,2680
21.856071949005127,2679
21.85856008529663,2678
21.859932899475098,2677
21.860220909118652,2676
21.86218500137329,2675
21.863424062728882,2674
21.8644859790802,2673
21.864625930786133,2672
21.8647940158844,2671
21.865100145339966,2670
21.865888118743896,2669
21.86619806289673,2668
21.86633610725403,2667
21.866660833358765,2666
21.86744499206543,2665
21.869940042495728,2664
21.87054705619812,2663
21.871564865112305,2662
21.885054111480713,2661
21.888104915618896,2660
21.888165950775146,2659
21.88861393928528,2658
21.891947746276855,2657
21.892268896102905,2656
21.892364740371704,2655
21.892421007156372,2654
21.893669843673706,2653
21.8948917388916,2652
21.898113012313843,2651
21.898247957229614,2650
21.90062189102173,2649
21.90186595916748,2648
21.90195894241333,2647
21.903966903686523,2646
21.905242919921875,2645
21.905488967895508,2644
21.905548810958862,2643
21.90610098838806,2642
21.90676784515381,2641
21.908182859420776,2640
21.908488035202026,2639
21.90944004058838,2638
21.911082983016968,2637
21.93049716949463,2636
21.931212902069092,2635
21.93146300315857,2634
21.933409929275513,2633
21.933622121810913,2632
21.933717012405396,2631
21.934163093566895,2630
21.934438943862915,2629
21.935041189193726,2628
21.93516993522644,2627
21.935451984405518,2626
21.937145948410034,2625
21.937537908554077,2624
21.938133001327515,2623
21.94150996208191,2622
21.94167995452881,2621
21.946188926696777,2620
21.949615001678467,2619
21.95171308517456,2618
21.953783750534058,2617
21.954458951950073,2616
21.955745935440063,2615
21.955809116363525,2614
21.95737099647522,2613
21.95823073387146,2612
21.959944009780884,2611
21.960502862930298,2610
21.960937023162842,2609
21.960992097854614,2608
21.961479902267456,2607
21.961899757385254,2606
21.962779998779297,2605
21.96283507347107,2604
21.965593814849854,2603
21.96576690673828,2602
21.966444730758667,2601
21.96962594985962,2600
21.970380783081055,2599
21.97069501876831,2598
21.972046852111816,2597
21.97264003753662,2596
21.972819089889526,2595
21.974284172058105,2594
21.974522829055786,2593
21.97512412071228,2592
21.976725101470947,2591
21.977243900299072,2590
21.97753095626831,2589
21.977698802947998,2588
21.97930884361267,2587
21.979509115219116,2586
21.98025608062744,2585
21.984686851501465,2584
21.984925031661987,2583
21.985496759414673,2582
21.985782861709595,2581
21.98688793182373,2580
21.987175941467285,2579
21.987842798233032,2578
21.988162755966187,2577
21.990360975265503,2576
21.991116046905518,2575
21.992063999176025,2574
21.992423057556152,2573
21.992515802383423,2572
21.99265217781067,2571
21.99294400215149,2570
21.99419403076172,2569
21.995868921279907,2568
21.99592876434326,2567
21.997294902801514,2566
22.01228976249695,2565
22.020344972610474,2564
22.021763801574707,2563
22.02274489402771,2562
22.022845029830933,2561
22.022939920425415,2560
22.024664878845215,2559
22.024983882904053,2558
22.02516007423401,2557
22.025521993637085,2556
22.025869846343994,2555
22.02732491493225,2554
22.02752685546875,2553
22.0461368560791,2552
22.046931982040405,2551
22.047361850738525,2550
22.048826932907104,2549
22.049110889434814,2548
22.049281120300293,2547
22.049565076828003,2546
22.05131697654724,2545
22.055773973464966,2544
22.05626893043518,2543
22.057092905044556,2542
22.06298804283142,2541
22.064241886138916,2540
22.075977087020874,2539
22.076449871063232,2538
22.076766967773438,2537
22.083043813705444,2536
22.083138942718506,2535
22.083838939666748,2534
22.084975004196167,2533
22.088891983032227,2532
22.089277029037476,2531
22.089507818222046,2530
22.089889764785767,2529
22.101941108703613,2528
22.10321593284607,2527
22.11625099182129,2526
22.116312980651855,2525
22.117681980133057,2524
22.120449781417847,2523
22.133211851119995,2522
22.133808851242065,2521
22.13547706604004,2520
22.13712787628174,2519
22.13909101486206,2518
22.13935899734497,2517
22.139803886413574,2516
22.144097805023193,2515
22.14641785621643,2514
22.14760684967041,2513
22.150152921676636,2512
22.151371002197266,2511
22.152485847473145,2510
22.15380597114563,2509
22.157812118530273,2508
22.161574840545654,2507
22.16549801826477,2506
22.165950059890747,2505
22.1787269115448,2504
22.18139100074768,2503
22.181485891342163,2502
22.185527801513672,2501
22.186041831970215,2500
22.187715768814087,2499
22.188022136688232,2498
22.193588972091675,2497
22.195021867752075,2496
22.20180892944336,2495
22.20344877243042,2494
22.206358909606934,2493
22.207510948181152,2492
22.208027839660645,2491
22.20924711227417,2490
22.210731029510498,2489
22.21138596534729,2488
22.213654041290283,2487
22.214674949645996,2486
22.21473002433777,2485
22.215492963790894,2484
22.215900897979736,2483
22.216726064682007,2482
22.21982502937317,2481
22.25002694129944,2480
22.251247882843018,2479
22.25518488883972,2478
22.255318880081177,2477
22.255764961242676,2476
22.256183862686157,2475
22.25673794746399,2474
22.261016845703125,2473
22.261253833770752,2472
22.267421007156372,2471
22.2677960395813,2470
22.268837928771973,2469
22.274423837661743,2468
22.274485111236572,2467
22.27460789680481,2466
22.277989864349365,2465
22.278044939041138,2464
22.278565883636475,2463
22.28673005104065,2462
22.287286043167114,2461
22.288078784942627,2460
22.291115760803223,2459
22.293179988861084,2458
22.294010877609253,2457
22.294315814971924,2456
22.302222967147827,2455
22.303521871566772,2454
22.303866863250732,2453
22.30858874320984,2452
22.308969974517822,2451
22.321439027786255,2450
22.322699069976807,2449
22.33682894706726,2448
22.33766794204712,2447
22.341821908950806,2446
22.344151735305786,2445
22.34639811515808,2444
22.34719181060791,2443
22.34780979156494,2442
22.348365783691406,2441
22.355990886688232,2440
22.35721707344055,2439
22.359993934631348,2438
22.36033582687378,2437
22.36751914024353,2436
22.3684298992157,2435
22.371736764907837,2434
22.37435507774353,2433
22.395967960357666,2432
22.39819097518921,2431
22.400855779647827,2430
22.411893129348755,2429
22.415340900421143,2428
22.41666889190674,2427
22.423649787902832,2426
22.42908811569214,2425
22.443485021591187,2424
22.445307970046997,2423
22.445575952529907,2422
22.44758677482605,2421
22.448664903640747,2420
22.469001054763794,2419
22.469675064086914,2418
22.470680952072144,2417
22.47133994102478,2416
22.471400022506714,2415
22.475180864334106,2414
22.477903842926025,2413
22.48798894882202,2412
22.498672008514404,2411
22.50021195411682,2410
22.500902891159058,2409
22.510080099105835,2408
22.548917055130005,2407
22.54943084716797,2406
22.550097942352295,2405
22.554189920425415,2404
22.55471706390381,2403
22.562915802001953,2402
22.56301498413086,2401
22.580379962921143,2400
22.584805011749268,2399
22.593313932418823,2398
22.593679904937744,2397
22.619570016860962,2396
22.624513149261475,2395
22.626652002334595,2394
22.6316020488739,2393
22.636831045150757,2392
22.6389799118042,2391
22.714409112930298,2390
22.719011783599854,2389
22.726794004440308,2388
22.75867509841919,2387
22.788651704788208,2386
22.78964900970459,2385
22.819873094558716,2384
22.82573914527893,2383
22.89100980758667,2382
22.934462070465088,2381
22.9848690032959,2380
23.017908096313477,2379
23.129066944122314,2378
