0.0038080215454101562,4891
0.007605791091918945,4890
0.01102590560913086,4889
0.014562845230102539,4888
0.01789712905883789,4887
0.021561861038208008,4886
0.024982929229736328,4885
0.0285189151763916,4884
0.03184390068054199,4883
0.03534507751464844,4882
0.03866410255432129,4881
0.04215884208679199,4880
0.045469045639038086,4879
0.04895186424255371,4878
0.05225086212158203,4877
0.05577993392944336,4876
0.05911087989807129,4875
0.06280994415283203,4874
0.06619405746459961,4873
0.0697019100189209,4872
0.07301211357116699,4871
0.07655787467956543,4870
0.08024001121520996,4869
0.08397698402404785,4868
0.08736896514892578,4867
0.0908970832824707,4866
0.09439802169799805,4865
0.09799885749816895,4864
0.10135889053344727,4863
0.10503101348876953,4862
0.1084749698638916,4861
0.11207795143127441,4860
0.11541891098022461,4859
0.11894488334655762,4858
0.12227582931518555,4857
0.12581396102905273,4856
0.12914705276489258,4855
0.13286685943603516,4854
0.1363849639892578,4853
0.13992881774902344,4852
0.14326691627502441,4851
0.14673709869384766,4850
0.1500530242919922,4849
0.15356087684631348,4848
0.15687298774719238,4847
0.160430908203125,4846
0.16379094123840332,4845
0.1672830581665039,4844
0.17061305046081543,4843
0.17410492897033691,4842
0.17744088172912598,4841
0.18097996711730957,4840
0.18728995323181152,4839
0.19091010093688965,4838
0.19450998306274414,4837
0.19786787033081055,4836
0.2013988494873047,4835
0.20472311973571777,4834
0.20823407173156738,4833
0.21157312393188477,4832
0.21507692337036133,4831
0.21840286254882812,4830
0.22188997268676758,4829
0.2252190113067627,4828
0.2287278175354004,4827
0.2320699691772461,4826
0.23555207252502441,4825
0.23887896537780762,4824
0.24257588386535645,4823
0.24611496925354004,4822
0.24968695640563965,4821
0.2529780864715576,4820
0.25646495819091797,4819
0.25976991653442383,4818
0.26328587532043457,4817
0.2666010856628418,4816
0.27025294303894043,4815
0.2736048698425293,4814
0.2771480083465576,4813
0.2804749011993408,4812
0.2839980125427246,4811
0.28730106353759766,4810
0.2908051013946533,4809
0.29410481452941895,4808
0.2976500988006592,4807
0.30123400688171387,4806
0.3048851490020752,4805
0.3082568645477295,4804
0.31177616119384766,4803
0.3151278495788574,4802
0.318601131439209,4801
0.32195377349853516,4800
0.3254280090332031,4799
0.3287649154663086,4798
0.3322567939758301,4797
0.33559417724609375,4796
0.33907198905944824,4795
0.34244203567504883,4794
0.3459291458129883,4793
0.3492708206176758,4792
0.35276198387145996,4791
0.35611701011657715,4790
0.359605073928833,4789
0.3629720211029053,4788
0.3664538860321045,4787
0.36979198455810547,4786
0.37328386306762695,4785
0.3766319751739502,4784
0.3801078796386719,4783
0.3834688663482666,4782
0.3869657516479492,4781
0.3903048038482666,4780
0.39379215240478516,4779
0.39714503288269043,4778
0.4006209373474121,4777
0.40398097038269043,4776
0.4074740409851074,4775
0.41083288192749023,4774
0.4143040180206299,4773
0.41765689849853516,4772
0.42113590240478516,4771
0.42448997497558594,4770
0.42798399925231934,4769
0.4313380718231201,4768
0.43480896949768066,4767
0.43814992904663086,4766
0.44159793853759766,4765
0.4449629783630371,4764
0.4484679698944092,4763
0.4518139362335205,4762
0.45530200004577637,4761
0.4586489200592041,4760
0.46210598945617676,4759
0.4654428958892822,4758
0.4689319133758545,4757
0.4722788333892822,4756
0.4757578372955322,4755
0.47915196418762207,4754
0.48264098167419434,4753
0.48600196838378906,4752
0.48948216438293457,4751
0.49282097816467285,4750
0.49630284309387207,4749
0.4998180866241455,4748
0.5037999153137207,4747
0.5072710514068604,4746
0.5107648372650146,4745
0.5141310691833496,4744
0.5176239013671875,4743
0.5209648609161377,4742
0.5244297981262207,4741
0.5277700424194336,4740
0.5312600135803223,4739
0.5345838069915771,4738
0.5380659103393555,4737
0.5413999557495117,4736
0.5448839664459229,4735
0.5482490062713623,4734
0.5517289638519287,4733
0.5550558567047119,4732
0.5585260391235352,4731
0.5618629455566406,4730
0.5653440952301025,4729
0.5686957836151123,4728
0.5721759796142578,4727
0.5755109786987305,4726
0.5789790153503418,4725
0.582334041595459,4724
0.5858080387115479,4723
0.5891568660736084,4722
0.5926408767700195,4721
0.595991849899292,4720
0.5994777679443359,4719
0.6028251647949219,4718
0.6063179969787598,4717
0.6096642017364502,4716
0.6131329536437988,4715
0.6165027618408203,4714
0.6199929714202881,4713
0.6233298778533936,4712
0.6267948150634766,4711
0.6301589012145996,4710
0.6336488723754883,4709
0.6369860172271729,4708
0.6404790878295898,4707
0.6438238620758057,4706
0.6472868919372559,4705
0.6506319046020508,4704
0.6541199684143066,4703
0.6574418544769287,4702
0.6609249114990234,4701
0.6642770767211914,4700
0.6677651405334473,4699
0.671112060546875,4698
0.6746010780334473,4697
0.6779489517211914,4696
0.6814219951629639,4695
0.6847720146179199,4694
0.688248872756958,4693
0.6916167736053467,4692
0.6951467990875244,4691
0.6985030174255371,4690
0.7019941806793213,4689
0.705348014831543,4688
0.7088301181793213,4687
0.712183952331543,4686
0.7156550884246826,4685
0.7190029621124268,4684
0.7224979400634766,4683
0.7258350849151611,4682
0.729301929473877,4681
0.7326560020446777,4680
0.736138105392456,4679
0.7394797801971436,4678
0.7429530620574951,4677
0.7463021278381348,4676
0.7497811317443848,4675
0.7531399726867676,4674
0.7566189765930176,4673
0.7599577903747559,4672
0.7634410858154297,4671
0.7667920589447021,4670
0.7702670097351074,4669
0.7736160755157471,4668
0.7770907878875732,4667
0.7804350852966309,4666
0.7839210033416748,4665
0.7872560024261475,4664
0.7907149791717529,4663
0.7940719127655029,4662
0.7975599765777588,4661
0.800896167755127,4660
0.8043479919433594,4659
0.8076748847961426,4658
0.8111860752105713,4657
0.814643144607544,4656
0.8181920051574707,4655
0.8215408325195312,4654
0.8251030445098877,4653
0.8284540176391602,4652
0.8319368362426758,4651
0.8353030681610107,4650
0.8388140201568604,4649
0.8421900272369385,4648
0.8456969261169434,4647
0.8490619659423828,4646
0.8525519371032715,4645
0.855903148651123,4644
0.8593969345092773,4643
0.8627569675445557,4642
0.8662490844726562,4641
0.8695991039276123,4640
0.8730688095092773,4639
0.8764140605926514,4638
0.8799169063568115,4637
0.8832647800445557,4636
0.8867390155792236,4635
0.8900840282440186,4634
0.8935608863830566,4633
0.8969078063964844,4632
0.9003989696502686,4631
0.9037489891052246,4630
0.9072399139404297,4629
0.9106359481811523,4628
0.9141199588775635,4627
0.9174759387969971,4626
0.9209659099578857,4625
0.9242980480194092,4624
0.9277698993682861,4623
0.931074857711792,4622
0.9345271587371826,4621
0.9378600120544434,4620
0.9413959980010986,4619
0.9510679244995117,4618
0.9545519351959229,4617
0.9579169750213623,4616
0.9614129066467285,4615
0.9647579193115234,4614
0.9682149887084961,4613
0.9715690612792969,4612
0.9750568866729736,4611
0.9784119129180908,4610
0.9819307327270508,4609
0.985605001449585,4608
0.9894318580627441,4607
0.9931840896606445,4606
0.9969110488891602,4605
1.0005338191986084,4604
1.0042619705200195,4603
1.0079610347747803,4602
1.011704921722412,4601
1.0151989459991455,4600
1.0187017917633057,4599
1.0220630168914795,4598
1.0255210399627686,4597
1.0288889408111572,4596
1.032371997833252,4595
1.035749912261963,4594
1.0392229557037354,4593
1.0425739288330078,4592
1.0460031032562256,4591
1.0493519306182861,4590
1.0528199672698975,4589
1.056182861328125,4588
1.0596508979797363,4587
1.0630109310150146,4586
1.0664668083190918,4585
1.0698308944702148,4584
1.0733017921447754,4583
1.076672077178955,4582
1.08013916015625,4581
1.0834908485412598,4580
1.0869519710540771,4579
1.0903048515319824,4578
1.0937600135803223,4577
1.0970888137817383,4576
1.100555181503296,4575
1.1039319038391113,4574
1.1073839664459229,4573
1.1107521057128906,4572
1.1142098903656006,4571
1.11757493019104,4570
1.1210498809814453,4569
1.1244161128997803,4568
1.1278839111328125,4567
1.1312499046325684,4566
1.1347558498382568,4565
1.138124942779541,4564
1.1415948867797852,4563
1.1449480056762695,4562
1.148414134979248,4561
1.1517610549926758,4560
1.1552248001098633,4559
1.1585760116577148,4558
1.1620471477508545,4557
1.1654059886932373,4556
1.168860912322998,4555
1.1722080707550049,4554
1.1756749153137207,4553
1.1790471076965332,4552
1.182516098022461,4551
1.1858818531036377,4550
1.1893420219421387,4549
1.1926898956298828,4548
1.1961619853973389,4547
1.1997358798980713,4546
1.203463077545166,4545
1.2069158554077148,4544
1.2105250358581543,4543
1.2139217853546143,4542
1.217432975769043,4541
1.2208409309387207,4540
1.2243390083312988,4539
1.2276990413665771,4538
1.2311928272247314,4537
1.2345280647277832,4536
1.2380168437957764,4535
1.2413668632507324,4534
1.2448420524597168,4533
1.2482037544250488,4532
1.2517080307006836,4531
1.2550618648529053,4530
1.2585539817810059,4529
1.2618989944458008,4528
1.2653789520263672,4527
1.2687351703643799,4526
1.2722148895263672,4525
1.275562047958374,4524
1.2790560722351074,4523
1.282392978668213,4522
1.2858619689941406,4521
1.289215087890625,4520
1.2927141189575195,4519
1.296064853668213,4518
1.29954195022583,4517
1.302889108657837,4516
1.3063859939575195,4515
1.3097419738769531,4514
1.3132297992706299,4513
1.3165841102600098,4512
1.3200619220733643,4511
1.3233990669250488,4510
1.3268868923187256,4509
1.3302359580993652,4508
1.3337078094482422,4507
1.3370399475097656,4506
1.3405189514160156,4505
1.3438618183135986,4504
1.3473491668701172,4503
1.350748062133789,4502
1.3542428016662598,4501
1.3575928211212158,4500
1.361083984375,4499
1.3644330501556396,4498
1.3679099082946777,4497
1.3712458610534668,4496
1.3747129440307617,4495
1.3780608177185059,4494
1.3815410137176514,4493
1.384889841079712,4492
1.3883538246154785,4491
1.3917019367218018,4490
1.39518404006958,4489
1.398503065109253,4488
1.4020099639892578,4487
1.4053590297698975,4486
1.4088349342346191,4485
1.412186861038208,4484
1.4156739711761475,4483
1.4190080165863037,4482
1.4224910736083984,4481
1.425839900970459,4480
1.4293200969696045,4479
1.4326679706573486,4478
1.4361310005187988,4477
1.4394268989562988,4476
1.4429168701171875,4475
1.4462921619415283,4474
1.4497811794281006,4473
1.453131914138794,4472
1.4566209316253662,4471
1.4599609375,4470
1.4634509086608887,4469
1.466825008392334,4468
1.4703140258789062,4467
1.4736480712890625,4466
1.4771170616149902,4465
1.4804658889770508,4464
1.48394775390625,4463
1.4872779846191406,4462
1.4907469749450684,4461
1.4940917491912842,4460
1.4975697994232178,4459
1.5009078979492188,4458
1.504370927810669,4457
1.5076968669891357,4456
1.5111889839172363,4455
1.5145440101623535,4454
1.5180370807647705,4453
1.5213909149169922,4452
1.5248780250549316,4451
1.528214931488037,4450
1.5316870212554932,4449
1.5350370407104492,4448
1.5385138988494873,4447
1.5418450832366943,4446
1.5453128814697266,4445
1.548656940460205,4444
1.5521409511566162,4443
1.555478811264038,4442
1.558953046798706,4441
1.562328815460205,4440
1.5658550262451172,4439
1.5692119598388672,4438
1.5727088451385498,4437
1.5760631561279297,4436
1.579554796218872,4435
1.582892894744873,4434
1.586367130279541,4433
1.5897109508514404,4432
1.593209981918335,4431
1.596545934677124,4430
1.6000189781188965,4429
1.6033680438995361,4428
1.6068518161773682,4427
1.6102087497711182,4426
1.6137089729309082,4425
1.617067813873291,4424
1.6205568313598633,4423
1.623917818069458,4422
1.6274240016937256,4421
1.6307668685913086,4420
1.6342389583587646,4419
1.6375908851623535,4418
1.641083002090454,4417
1.6444270610809326,4416
1.6479120254516602,4415
1.6512680053710938,4414
1.6547520160675049,4413
1.6581017971038818,4412
1.6615891456604004,4411
1.6649389266967773,4410
1.6684269905090332,4409
1.671766757965088,4408
1.6752369403839111,4407
1.6785738468170166,4406
1.6820580959320068,4405
1.685410976409912,4404
1.6889088153839111,4403
1.6922640800476074,4402
1.6957530975341797,4401
1.6990938186645508,4400
1.7025718688964844,4399
1.705960988998413,4398
1.709453821182251,4397
1.7128119468688965,4396
1.7163128852844238,4395
1.7196769714355469,4394
1.7231597900390625,4393
1.7265040874481201,4392
1.7299978733062744,4391
1.7333478927612305,4390
1.7368409633636475,4389
1.7401859760284424,4388
1.7436599731445312,4387
1.7470109462738037,4386
1.750493049621582,4385
1.7538390159606934,4384
1.7573180198669434,4383
1.7606711387634277,4382
1.7641549110412598,4381
1.7674949169158936,4380
1.7709667682647705,4379
1.7743167877197266,4378
1.777817964553833,4377
1.7812161445617676,4376
1.7847099304199219,4375
1.7880620956420898,4374
1.7915637493133545,4373
1.7949128150939941,4372
1.7984118461608887,4371
1.801758050918579,4370
1.8052549362182617,4369
1.808609962463379,4368
1.8120920658111572,4367
1.8154408931732178,4366
1.8189258575439453,4365
1.822282075881958,4364
1.8257617950439453,4363
1.8291079998016357,4362
1.8325889110565186,4361
1.8359310626983643,4360
1.8393969535827637,4359
1.842763900756836,4358
1.8462400436401367,4357
1.849581003189087,4356
1.8530609607696533,4355
1.858733892440796,4354
1.8620729446411133,4353
1.8655688762664795,4352
1.8689239025115967,4351
1.8724100589752197,4350
1.87575101852417,4349
1.8792479038238525,4348
1.8825948238372803,4347
1.8860669136047363,4346
1.8894338607788086,4345
1.8929259777069092,4344
1.896270990371704,4343
1.899764060974121,4342
1.903120994567871,4341
1.906599998474121,4340
1.9099390506744385,4339
1.9134399890899658,4338
1.9168038368225098,4337
1.9203050136566162,4336
1.9236540794372559,4335
1.9271368980407715,4334
1.930483102798462,4333
1.9339709281921387,4332
1.9373037815093994,4331
1.9407539367675781,4330
1.9441208839416504,4329
1.947638988494873,4328
1.9509861469268799,4327
1.9544610977172852,4326
1.957808017730713,4325
1.9612970352172852,4324
1.9646408557891846,4323
1.9681260585784912,4322
1.9714770317077637,4321
1.9749431610107422,4320
1.9782931804656982,4319
1.9817969799041748,4318
1.9851558208465576,4317
1.9886350631713867,4316
1.9919991493225098,4315
1.9955050945281982,4314
1.9989049434661865,4313
2.00239896774292,4312
2.005762815475464,4311
2.0092530250549316,4310
2.0126140117645264,4309
2.0160868167877197,4308
2.01943302154541,4307
2.0229249000549316,4306
2.0262558460235596,4305
2.02974796295166,4304
2.0331039428710938,4303
2.036586046218872,4302
2.0399258136749268,4301
2.043416976928711,4300
2.0467679500579834,4299
2.0502400398254395,4298
2.053571939468384,4297
2.0570619106292725,4296
2.0604088306427,4295
2.0638890266418457,4294
2.0672268867492676,4293
2.0707201957702637,4292
2.0740740299224854,4291
2.0775508880615234,4290
2.080894947052002,4289
2.084426164627075,4288
2.0877859592437744,4287
2.0912768840789795,4286
2.0946030616760254,4285
2.0980801582336426,4284
2.101440906524658,4283
2.104928970336914,4282
2.1082708835601807,4281
2.1117498874664307,4280
2.115083932876587,4279
2.1185879707336426,4278
2.1219489574432373,4277
2.1254470348358154,4276
2.1287918090820312,4275
2.132251024246216,4274
2.135601043701172,4273
2.1390790939331055,4272
2.1424219608306885,4271
2.1458687782287598,4270
2.149200916290283,4269
2.1527152061462402,4268
2.156038999557495,4267
2.159548044204712,4266
2.1629128456115723,4265
2.1664888858795166,4264
2.1697781085968018,4263
2.173248767852783,4262
2.1765410900115967,4261
2.180022954940796,4260
2.1832962036132812,4259
2.1867637634277344,4258
2.1900529861450195,4257
2.19353985786438,4256
2.1971349716186523,4255
2.2008490562438965,4254
2.2043018341064453,4253
2.207890033721924,4252
2.2112438678741455,4251
2.2148540019989014,4250
2.218238115310669,4249
2.221790075302124,4248
2.2251439094543457,4247
2.228672742843628,4246
2.232024908065796,4245
2.235753059387207,4244
2.239154100418091,4243
2.2427260875701904,4242
2.246088981628418,4241
2.2495839595794678,4240
2.2529289722442627,4239
2.25646710395813,4238
2.259817123413086,4237
2.26334810256958,4236
2.266709089279175,4235
2.2702407836914062,4234
2.273603916168213,4233
2.2771310806274414,4232
2.280467987060547,4231
2.283989906311035,4230
2.2873260974884033,4229
2.290850877761841,4228
2.294193983078003,4227
2.2977118492126465,4226
2.301054000854492,4225
2.304560899734497,4224
2.307875871658325,4223
2.311389923095703,4222
2.3147218227386475,4221
2.3182270526885986,4220
2.3215858936309814,4219
2.325098752975464,4218
2.3284130096435547,4217
2.3319010734558105,4216
2.335210084915161,4215
2.338719129562378,4214
2.3420398235321045,4213
2.345538854598999,4212
2.34885311126709,4211
2.3523600101470947,4210
2.355682849884033,4209
2.3591649532318115,4208
2.3624768257141113,4207
2.3659842014312744,4206
2.369338035583496,4205
2.372852087020874,4204
2.3761801719665527,4203
2.3796889781951904,4202
2.3830208778381348,4201
2.386530876159668,4200
2.389859914779663,4199
2.3933708667755127,4198
2.396685838699341,4197
2.400183916091919,4196
2.4034998416900635,4195
2.4070069789886475,4194
2.4103269577026367,4193
2.4138269424438477,4192
2.4171559810638428,4191
2.4206409454345703,4190
2.4239630699157715,4189
2.4274730682373047,4188
2.4308559894561768,4187
2.434372901916504,4186
2.43768572807312,4185
2.4411730766296387,4184
2.4445269107818604,4183
2.448032855987549,4182
2.4513509273529053,4181
2.4548609256744385,4180
2.4581878185272217,4179
2.4616920948028564,4178
2.465009927749634,4177
2.4685018062591553,4176
2.4718151092529297,4175
2.4753220081329346,4174
2.478654146194458,4173
2.4821739196777344,4172
2.4855141639709473,4171
2.4890220165252686,4170
2.492353916168213,4169
2.495867967605591,4168
2.49918794631958,4167
2.50268292427063,4166
2.50600004196167,4165
2.5095179080963135,4164
2.512845993041992,4163
2.516340970993042,4162
2.5196588039398193,4161
2.523181915283203,4160
2.52651309967041,4159
2.530014991760254,4158
2.5333337783813477,4157
2.5368459224700928,4156
2.5401718616485596,4155
2.5436739921569824,4154
2.5469839572906494,4153
2.550495147705078,4152
2.553813934326172,4151
2.5573060512542725,4150
2.5606207847595215,4149
2.5641281604766846,4148
2.5674400329589844,4147
2.5709409713745117,4146
2.5742721557617188,4145
2.5777699947357178,4144
2.5810928344726562,4143
2.5845940113067627,4142
2.5879039764404297,4141
2.5914111137390137,4140
2.5947370529174805,4139
2.5982139110565186,4138
2.6015288829803467,4137
2.605027914047241,4136
2.6083548069000244,4135
2.6118550300598145,4134
2.615185022354126,4133
2.6186718940734863,4132
2.621997833251953,4131
2.6255130767822266,4130
2.6288509368896484,4129
2.6323609352111816,4128
2.635680913925171,4127
2.6391708850860596,4126
2.6425130367279053,4125
2.646074056625366,4124
2.649405002593994,4123
2.6529150009155273,4122
2.6562440395355225,4121
2.6597421169281006,4120
2.663058042526245,4119
2.6665680408477783,4118
2.6698970794677734,4117
2.673403024673462,4116
2.6767210960388184,4115
2.680211067199707,4114
2.683527946472168,4113
2.687018871307373,4112
2.6903460025787354,4111
2.6938540935516357,4110
2.6971468925476074,4109
2.7006418704986572,4108
2.703969955444336,4107
2.7074708938598633,4106
2.7107841968536377,4105
2.714280128479004,4104
2.7176079750061035,4103
2.72110915184021,4102
2.7244319915771484,4101
2.7279441356658936,4100
2.7312657833099365,4099
2.7347660064697266,4098
2.738090753555298,4097
2.7415759563446045,4096
2.744875907897949,4095
2.748394727706909,4094
2.7517189979553223,4093
2.755218029022217,4092
2.758544921875,4091
2.762040853500366,4090
2.7653698921203613,4089
2.768872022628784,4088
2.7721848487854004,4087
2.7756829261779785,4086
2.779008150100708,4085
2.7825119495391846,4084
2.7858450412750244,4083
2.7893640995025635,4082
2.7927088737487793,4081
2.7962350845336914,4080
2.7995920181274414,4079
2.8031210899353027,4078
2.806462049484253,4077
2.8099939823150635,4076
2.813326835632324,4075
2.8168060779571533,4074
2.820150852203369,4073
2.823709011077881,4072
2.827073812484741,4071
2.8306078910827637,4070
2.8339688777923584,4069
2.8375120162963867,4068
2.8408570289611816,4067
2.844374895095825,4066
2.8477110862731934,4065
2.8512320518493652,4064
2.854573965072632,4063
2.8580949306488037,4062
2.8614768981933594,4061
2.8649978637695312,4060
2.8683180809020996,4059
2.871799945831299,4058
2.8750948905944824,4057
2.8785879611968994,4056
2.8819401264190674,4055
2.8854501247406006,4054
2.888779878616333,4053
2.892300844192505,4052
2.8956260681152344,4051
2.899142026901245,4050
2.902472972869873,4049
2.9059789180755615,4048
2.9092938899993896,4047
2.912789821624756,4046
2.9161298274993896,4045
2.919628858566284,4044
2.9229557514190674,4043
2.9264750480651855,4042
2.9298038482666016,4041
2.9332969188690186,4040
2.936591863632202,4039
2.9400668144226074,4038
2.9433648586273193,4037
2.9468891620635986,4036
2.950186014175415,4035
2.9536731243133545,4034
2.957021951675415,4033
2.9605698585510254,4032
2.9638800621032715,4031
2.9673619270324707,4030
2.970837116241455,4029
2.974540948867798,4028
2.978090763092041,4027
2.9816951751708984,4026
2.9851391315460205,4025
2.9886040687561035,4024
2.9919440746307373,4023
2.995512008666992,4022
2.999135971069336,4021
3.0027730464935303,4020
3.006316900253296,4019
3.0099329948425293,4018
3.0133588314056396,4017
3.0168850421905518,4016
3.020327091217041,4015
3.02384090423584,4014
3.027229070663452,4013
3.0307328701019287,4012
3.0341238975524902,4011
3.0376200675964355,4010
3.040998935699463,4009
3.0444860458374023,4008
3.047865867614746,4007
3.0513529777526855,4006
3.0547080039978027,4005
3.058187961578369,4004
3.0615477561950684,4003
3.0650110244750977,4002
3.068368911743164,4001
3.0718507766723633,4000
3.0752389430999756,3999
3.0787599086761475,3998
3.082139015197754,3997
3.085624933242798,3996
3.089002847671509,3995
3.092491865158081,3994
3.0958619117736816,3993
3.0993380546569824,3992
3.102720022201538,3991
3.106233835220337,3990
3.10962176322937,3989
3.1131081581115723,3988
3.11649489402771,3987
3.1199698448181152,3986
3.123332977294922,3985
3.1267988681793213,3984
3.130176067352295,3983
3.133653163909912,3982
3.137018918991089,3981
3.1404781341552734,3980
3.1438307762145996,3979
3.1473100185394287,3978
3.150678873062134,3977
3.154146909713745,3976
3.1575069427490234,3975
3.1609818935394287,3974
3.164384126663208,3973
3.1678500175476074,3972
3.171226978302002,3971
3.1746950149536133,3970
3.178062915802002,3969
3.181544065475464,3968
3.184908866882324,3967
3.1883738040924072,3966
3.1917309761047363,3965
3.2135488986968994,3964
3.2172539234161377,3963
3.2207748889923096,3962
3.224159002304077,3961
3.2276549339294434,3960
3.231022834777832,3959
3.234499931335449,3958
3.2378499507904053,3957
3.241318941116333,3956
3.244668960571289,3955
3.2481579780578613,3954
3.251538038253784,3953
3.2571637630462646,3952
3.260648012161255,3951
3.264007091522217,3950
3.267596960067749,3949
3.274263858795166,3948
3.2776260375976562,3947
3.2810888290405273,3946
3.284435987472534,3945
3.2879209518432617,3944
3.291283130645752,3943
3.2947559356689453,3942
3.298102855682373,3941
3.301564931869507,3940
3.3049099445343018,3939
3.3083910942077637,3938
3.311750888824463,3937
3.315217971801758,3936
3.318563938140869,3935
3.3220419883728027,3934
3.325402021408081,3933
3.328868865966797,3932
3.332235813140869,3931
3.335714817047119,3930
3.3390769958496094,3929
3.342540979385376,3928
3.345902919769287,3927
3.349385976791382,3926
3.3527369499206543,3925
3.3562068939208984,3924
3.3595731258392334,3923
3.3630590438842773,3922
3.366426944732666,3921
3.3699090480804443,3920
3.3732590675354004,3919
3.3767309188842773,3918
3.3800840377807617,3917
3.383563756942749,3916
3.3869168758392334,3915
3.390397071838379,3914
3.393765926361084,3913
3.397244930267334,3912
3.4006030559539795,3911
3.404083013534546,3910
3.407460927963257,3909
3.410938024520874,3908
3.414306879043579,3907
3.4177849292755127,3906
3.421142816543579,3905
3.424605131149292,3904
3.427976131439209,3903
3.431457996368408,3902
3.4347968101501465,3901
3.438236951828003,3900
3.4415528774261475,3899
3.4450137615203857,3898
3.4483699798583984,3897
3.4518120288848877,3896
3.4551477432250977,3895
3.4586429595947266,3894
3.4620208740234375,3893
3.465557813644409,3892
3.4690771102905273,3891
3.4726979732513428,3890
3.4763059616088867,3889
3.4800519943237305,3888
3.483665943145752,3887
3.4874939918518066,3886
3.4910519123077393,3885
3.4945921897888184,3884
3.497936964035034,3883
3.501405954360962,3882
3.5047528743743896,3881
3.508248805999756,3880
3.511610984802246,3879
3.5150837898254395,3878
3.5184521675109863,3877
3.5219411849975586,3876
3.5252981185913086,3875
3.5287818908691406,3874
3.532139778137207,3873
3.5356109142303467,3872
3.5389599800109863,3871
3.5424349308013916,3870
3.5457937717437744,3869
3.5492849349975586,3868
3.552647113800049,3867
3.556126117706299,3866
3.5594840049743652,3865
3.562947988510132,3864
3.5662879943847656,3863
3.569766044616699,3862
3.5731139183044434,3861
3.5765888690948486,3860
3.5799529552459717,3859
3.5834269523620605,3858
3.586775779724121,3857
3.5902490615844727,3856
3.593613862991333,3855
3.597104072570801,3854
3.600470781326294,3853
3.6039681434631348,3852
3.60732102394104,3851
3.610801935195923,3850
3.6141750812530518,3849
3.6176559925079346,3848
3.6210110187530518,3847
3.624495029449463,3846
3.627869129180908,3845
3.6313490867614746,3844
3.63470196723938,3843
3.638166904449463,3842
3.6415350437164307,3841
3.645020008087158,3840
3.64837384223938,3839
3.651837110519409,3838
3.6551849842071533,3837
3.658646821975708,3836
3.662000894546509,3835
3.6654770374298096,3834
3.6688427925109863,3833
3.6724319458007812,3832
3.6758170127868652,3831
3.6792960166931152,3830
3.6826589107513428,3829
3.6861419677734375,3828
3.6895010471343994,3827
3.6929659843444824,3826
3.696315050125122,3825
3.6997997760772705,3824
3.7031641006469727,3823
3.70662784576416,3822
3.7099831104278564,3821
3.7134649753570557,3820
3.716830015182495,3819
3.7203097343444824,3818
3.7236618995666504,3817
3.7271220684051514,3816
3.730473041534424,3815
3.7339558601379395,3814
3.737313985824585,3813
3.740773916244507,3812
3.744126081466675,3811
3.747612953186035,3810
3.7509870529174805,3809
3.7544610500335693,3808
3.7578279972076416,3807
3.7613048553466797,3806
3.7646539211273193,3805
3.7681241035461426,3804
3.7714688777923584,3803
3.774951934814453,3802
3.778311014175415,3801
3.7817728519439697,3800
3.7851109504699707,3799
3.7885890007019043,3798
3.7919440269470215,3797
3.795413017272949,3796
3.7987749576568604,3795
3.8022570610046387,3794
3.8056211471557617,3793
3.809088945388794,3792
3.8124449253082275,3791
3.8159210681915283,3790
3.8192710876464844,3789
3.8227601051330566,3788
3.8261289596557617,3787
3.8296048641204834,3786
3.8329591751098633,3785
3.8364272117614746,3784
3.8397929668426514,3783
3.8432857990264893,3782
3.846646785736084,3781
3.8501169681549072,3780
3.8534789085388184,3779
3.8569560050964355,3778
3.8603081703186035,3777
3.863774061203003,3776
3.867116928100586,3775
3.8705968856811523,3774
3.873964786529541,3773
3.8774468898773193,3772
3.880808115005493,3771
3.8843109607696533,3770
3.8876609802246094,3769
3.891098976135254,3768
3.894434928894043,3767
3.8979411125183105,3766
3.90132999420166,3765
3.9048118591308594,3764
3.9081900119781494,3763
3.911684036254883,3762
3.915066957473755,3761
3.918570041656494,3760
3.921962022781372,3759
3.925459146499634,3758
3.928853750228882,3757
3.932356834411621,3756
3.935708999633789,3755
3.9391729831695557,3754
3.9425370693206787,3753
3.945991039276123,3752
3.9493231773376465,3751
3.9527740478515625,3750
3.9560978412628174,3749
3.9595439434051514,3748
3.962852954864502,3747
3.966418981552124,3746
3.970025062561035,3745
3.973806858062744,3744
3.9773168563842773,3743
3.980959177017212,3742
3.9845688343048096,3741
3.9882049560546875,3740
3.991760015487671,3739
3.9952800273895264,3738
3.9986729621887207,3737
4.00223183631897,3736
4.005792140960693,3735
4.009464979171753,3734
4.013092041015625,3733
4.016671180725098,3732
4.020063161849976,3731
4.0236639976501465,3730
4.027253150939941,3729
4.0309789180755615,3728
4.034635066986084,3727
4.038238048553467,3726
4.041654825210571,3725
4.045305967330933,3724
4.048948049545288,3723
4.052704811096191,3722
4.056426048278809,3721
4.060199022293091,3720
4.06372594833374,3719
4.067273139953613,3718
4.070734977722168,3717
4.074477910995483,3716
4.078042030334473,3715
4.081840991973877,3714
4.085330009460449,3713
4.088918924331665,3712
4.092444896697998,3711
4.09621000289917,3710
4.09981894493103,3709
4.103575944900513,3708
4.107151985168457,3707
4.110734939575195,3706
4.114123106002808,3705
4.117698907852173,3704
4.121104001998901,3703
4.124629020690918,3702
4.12799596786499,3701
4.131504058837891,3700
4.134873867034912,3699
4.1384007930755615,3698
4.141753911972046,3697
4.145241022109985,3696
4.148599863052368,3695
4.152102947235107,3694
4.155445098876953,3693
4.158946990966797,3692
4.162282943725586,3691
4.165769100189209,3690
4.169106960296631,3689
4.17261815071106,3688
4.175959825515747,3687
4.179450988769531,3686
4.1827919483184814,3685
4.186294794082642,3684
4.189658880233765,3683
4.1960930824279785,3682
4.199580907821655,3681
4.202901124954224,3680
4.20639705657959,3679
4.209748983383179,3678
4.213249921798706,3677
4.216577768325806,3676
4.2200767993927,3675
4.226585865020752,3674
4.2299230098724365,3673
4.23342490196228,3672
4.236763954162598,3671
4.2449049949646,3670
4.24826717376709,3669
4.25175404548645,3668
4.25798487663269,3667
4.26406192779541,3666
4.267420053482056,3665
4.273066759109497,3664
4.278713941574097,3663
4.29358696937561,3662
4.30446982383728,3661
4.30780291557312,3660
4.311298847198486,3659
4.3177170753479,3658
4.3236167430877686,3657
4.3295369148254395,3656
4.33517599105835,3655
4.3409528732299805,3654
4.3518171310424805,3653
4.3551671504974365,3652
4.358660936355591,3651
4.361994028091431,3650
4.36547589302063,3649
4.368807077407837,3648
4.372386932373047,3647
4.375747919082642,3646
4.38453483581543,3645
4.387839078903198,3644
4.391280889511108,3643
4.3945958614349365,3642
4.4040820598602295,3641
4.407437801361084,3640
4.41092586517334,3639
4.414271116256714,3638
4.419871091842651,3637
4.425655841827393,3636
4.436466932296753,3635
4.439934968948364,3634
4.446563959121704,3633
4.4499030113220215,3632
4.453387975692749,3631
4.462102890014648,3630
4.4655890464782715,3629
4.468944072723389,3628
4.480193853378296,3627
4.485540866851807,3626
4.489041090011597,3625
4.497793912887573,3624
4.501283884048462,3623
4.504626035690308,3622
4.511274099349976,3621
4.522502899169922,3620
4.525989055633545,3619
4.529330015182495,3618
4.53284215927124,3617
4.5382890701293945,3616
4.541643142700195,3615
4.545140981674194,3614
4.548480033874512,3613
4.551980972290039,3612
4.555321931838989,3611
4.558806896209717,3610
4.562146902084351,3609
4.565650939941406,3608
4.569019079208374,3607
4.572489976882935,3606
4.575834035873413,3605
4.579308986663818,3604
4.582650899887085,3603
4.5861499309539795,3602
4.5927488803863525,3601
4.596070051193237,3600
4.599557876586914,3599
4.602910995483398,3598
4.609138011932373,3597
4.612624883651733,3596
4.61824893951416,3595
4.623701810836792,3594
4.627050876617432,3593
4.630553960800171,3592
4.636538982391357,3591
4.63988995552063,3590
4.643385887145996,3589
4.646717071533203,3588
4.650216102600098,3587
4.6535561084747314,3586
4.663741111755371,3585
4.6670849323272705,3584
4.6705968379974365,3583
4.676532030105591,3582
4.68012809753418,3581
4.683727979660034,3580
4.690264940261841,3579
4.693588972091675,3578
4.697080850601196,3577
4.70042610168457,3576
4.703897953033447,3575
4.707221746444702,3574
4.710718154907227,3573
4.714046001434326,3572
4.717525005340576,3571
4.720874071121216,3570
4.724373817443848,3569
4.727694988250732,3568
4.731183052062988,3567
4.7345170974731445,3566
4.738009929656982,3565
4.741353988647461,3564
4.744839906692505,3563
4.7481911182403564,3562
4.751684904098511,3561
4.76159405708313,3560
4.764932870864868,3559
4.770736932754517,3558
4.777541875839233,3557
4.783220052719116,3556
4.79150390625,3555
4.794852018356323,3554
4.798439025878906,3553
4.805233001708984,3552
4.808557987213135,3551
4.812044858932495,3550
4.815388917922974,3549
4.818863868713379,3548
4.8247151374816895,3547
4.828065872192383,3546
4.834126949310303,3545
4.84013295173645,3544
4.843693971633911,3543
4.847056865692139,3542
4.853435039520264,3541
4.857028007507324,3540
4.8603527545928955,3539
4.863954067230225,3538
4.867347955703735,3537
4.8708319664001465,3536
4.874174118041992,3535
4.877677917480469,3534
4.88318395614624,3533
4.890474081039429,3532
4.893951177597046,3531
4.897301912307739,3530
4.900816917419434,3529
4.904155015945435,3528
4.907644987106323,3527
4.910990953445435,3526
4.914487838745117,3525
4.917827844619751,3524
4.92133092880249,3523
4.924726963043213,3522
4.928210020065308,3521
4.931550025939941,3520
4.935029745101929,3519
4.938338994979858,3518
4.941838979721069,3517
4.945195913314819,3516
4.951260089874268,3515
4.954763174057007,3514
4.961112976074219,3513
4.964432001113892,3512
4.96792197227478,3511
4.971281051635742,3510
4.974777936935425,3509
4.978260040283203,3508
4.982005834579468,3507
4.9854888916015625,3506
4.989116907119751,3505
4.992609977722168,3504
4.996248960494995,3503
4.99964714050293,3502
5.005965948104858,3501
5.009541034698486,3500
5.0128889083862305,3499
5.016387939453125,3498
5.019712924957275,3497
5.026198863983154,3496
5.029685735702515,3495
5.033034086227417,3494
5.036516904830933,3493
5.039860010147095,3492
5.0433549880981445,3491
5.052495956420898,3490
5.05600380897522,3489
5.059339761734009,3488
5.062831878662109,3487
5.066155910491943,3486
5.069654941558838,3485
5.073047876358032,3484
5.076547861099243,3483
5.083103179931641,3482
5.090505123138428,3481
5.094004154205322,3480
5.097330093383789,3479
5.100816011428833,3478
5.10739803314209,3477
5.113214015960693,3476
5.116550922393799,3475
5.1200339794158936,3474
5.123353004455566,3473
5.126842975616455,3472
5.130198955535889,3471
5.133692026138306,3470
5.137045860290527,3469
5.140530109405518,3468
5.1438469886779785,3467
5.147320985794067,3466
5.160367012023926,3465
5.163849115371704,3464
5.16719913482666,3463
5.170689821243286,3462
5.174031972885132,3461
5.180160760879517,3460
5.183649778366089,3459
5.1900389194488525,3458
5.193359851837158,3457
5.196851968765259,3456
5.200189113616943,3455
5.206840991973877,3454
5.210319995880127,3453
5.218835115432739,3452
5.222319841384888,3451
5.225646018981934,3450
5.229150056838989,3449
5.232496023178101,3448
5.238023996353149,3447
5.2448649406433105,3446
5.248383045196533,3445
5.251728057861328,3444
5.262325763702393,3443
5.265817880630493,3442
5.269154787063599,3441
5.272669076919556,3440
5.276033878326416,3439
5.2796571254730225,3438
5.283118963241577,3437
5.288745164871216,3436
5.29245400428772,3435
5.295974016189575,3434
5.299647092819214,3433
5.303187131881714,3432
5.306861877441406,3431
5.310373067855835,3430
5.314039945602417,3429
5.317536115646362,3428
5.321203947067261,3427
5.324725151062012,3426
5.328403949737549,3425
5.335337162017822,3424
5.3388330936431885,3423
5.342496156692505,3422
5.34601616859436,3421
5.351916790008545,3420
5.358160972595215,3419
5.361752986907959,3418
5.365152835845947,3417
5.386631011962891,3416
5.392358064651489,3415
5.3957977294921875,3414
5.3993120193481445,3413
5.402601957321167,3412
5.40613317489624,3411
5.409476041793823,3410
5.412981748580933,3409
5.416301965713501,3408
5.419804096221924,3407
5.423126935958862,3406
5.429109811782837,3405
5.432629108428955,3404
5.4359660148620605,3403
5.442471981048584,3402
5.446001052856445,3401
5.451778888702393,3400
5.45511794090271,3399
5.458626985549927,3398
5.461936950683594,3397
5.468369007110596,3396
5.4718780517578125,3395
5.475203990936279,3394
5.4808669090271,3393
5.487083911895752,3392
5.490586042404175,3391
5.493901968002319,3390
5.497651100158691,3389
5.501209020614624,3388
5.50777792930603,3387
5.511285066604614,3386
5.51664400100708,3385
5.519964933395386,3384
5.523483991622925,3383
5.52680778503418,3382
5.530327796936035,3381
5.533653020858765,3380
5.537163019180298,3379
5.542456865310669,3378
5.548680067062378,3377
5.552096843719482,3376
5.558620929718018,3375
5.56213903427124,3374
5.565443992614746,3373
5.568938732147217,3372
5.5722551345825195,3371
5.575769901275635,3370
5.579068899154663,3369
5.586833953857422,3368
5.594752073287964,3367
5.604145050048828,3366
5.6074628829956055,3365
5.610957860946655,3364
5.614262819290161,3363
5.623180866241455,3362
5.626492023468018,3361
5.630006790161133,3360
5.633324861526489,3359
5.6429221630096436,3358
5.6462297439575195,3357
5.649737119674683,3356
5.653050899505615,3355
5.656544923782349,3354
5.6598429679870605,3353
5.663356065750122,3352
5.666667938232422,3351
5.67229700088501,3350
5.677942752838135,3349
5.68145489692688,3348
5.684782028198242,3347
5.690139055252075,3346
5.69368577003479,3345
5.697006940841675,3344
5.702515125274658,3343
5.708383083343506,3342
5.711878061294556,3341
5.715198993682861,3340
5.718708038330078,3339
5.722025156021118,3338
5.727874994277954,3337
5.7374749183654785,3336
5.740787029266357,3335
5.746960878372192,3334
5.750473976135254,3333
5.7567830085754395,3332
5.7629358768463135,3331
5.768268823623657,3330
5.77159309387207,3329
5.776972770690918,3328
5.780484914779663,3327
5.786244869232178,3326
5.789576053619385,3325
5.79308295249939,3324
5.802188873291016,3323
5.811387062072754,3322
5.814709901809692,3321
5.820081949234009,3320
5.823588848114014,3319
5.826917886734009,3318
5.830422878265381,3317
5.837113857269287,3316
5.840439796447754,3315
5.843959808349609,3314
5.8472840785980225,3313
5.850788831710815,3312
5.854079008102417,3311
5.860202789306641,3310
5.873234033584595,3309
5.8791608810424805,3308
5.887531757354736,3307
5.891050815582275,3306
5.897520065307617,3305
5.900835990905762,3304
5.904349088668823,3303
5.907664060592651,3302
5.913036823272705,3301
5.916553020477295,3300
5.926904916763306,3299
5.930227041244507,3298
5.938791990280151,3297
5.947035074234009,3296
5.950546026229858,3295
5.967678070068359,3294
5.970991849899292,3293
5.97641396522522,3292
5.979944944381714,3291
5.983247995376587,3290
5.989326000213623,3289
5.997191905975342,3288
6.014724016189575,3287
6.018049955368042,3286
6.02424693107605,3285
6.027742147445679,3284
6.031061172485352,3283
6.03459906578064,3282
6.037911891937256,3281
6.041428089141846,3280
6.044755935668945,3279
6.048268795013428,3278
6.056020975112915,3277
6.087955951690674,3276
6.094388008117676,3275
6.099648952484131,3274
6.103145122528076,3273
6.10644793510437,3272
6.112390041351318,3271
6.11590313911438,3270
6.122051000595093,3269
6.133074045181274,3268
6.139664888381958,3267
6.142997741699219,3266
6.1465208530426025,3265
6.152314901351929,3264
6.163339138031006,3263
6.171154022216797,3262
6.176393032073975,3261
6.1822099685668945,3260
6.185725927352905,3259
6.191130876541138,3258
6.194458961486816,3257
6.197974920272827,3256
6.201292991638184,3255
6.2101709842681885,3254
6.213590860366821,3253
6.218911170959473,3252
6.222409009933472,3251
6.230906009674072,3250
6.2344090938568115,3249
6.241865158081055,3248
6.245346784591675,3247
6.248683929443359,3246
6.254984140396118,3245
6.263309001922607,3244
6.269438028335571,3243
6.272783994674683,3242
6.276449918746948,3241
6.281911849975586,3240
6.2924439907073975,3239
6.295790910720825,3238
6.301827907562256,3237
6.305335998535156,3236
6.308693170547485,3235
6.31470799446106,3234
6.326086044311523,3233
6.329600811004639,3232
6.338245868682861,3231
6.3495049476623535,3230
6.3529839515686035,3229
6.361194133758545,3228
6.366765975952148,3227
6.372512102127075,3226
6.376035928726196,3225
6.382291078567505,3224
6.385644912719727,3223
6.389127969741821,3222
6.39246392250061,3221
6.401124000549316,3220
6.404486894607544,3219
6.407981872558594,3218
6.413500070571899,3217
6.416851043701172,3216
6.420351982116699,3215
6.429421901702881,3214
6.432916164398193,3213
6.4382569789886475,3212
6.441595077514648,3211
6.445096015930176,3210
6.45191502571106,3209
6.457206964492798,3208
6.460538864135742,3207
6.464033842086792,3206
6.470335006713867,3205
6.47368311882019,3204
6.477173805236816,3203
6.480496883392334,3202
6.483988046646118,3201
6.487339973449707,3200
6.490823984146118,3199
6.494163990020752,3198
6.499717950820923,3197
6.508366823196411,3196
6.51170802116394,3195
6.515190839767456,3194
6.518528938293457,3193
6.525098085403442,3192
6.528601884841919,3191
6.531946182250977,3190
6.535433053970337,3189
6.5483880043029785,3188
6.551878929138184,3187
6.555206060409546,3186
6.558682918548584,3185
6.562036991119385,3184
6.576673984527588,3183
6.582464933395386,3182
6.592804908752441,3181
6.59928297996521,3180
6.602624177932739,3179
6.606117010116577,3178
6.609457969665527,3177
6.6129560470581055,3176
6.6163108348846436,3175
6.6261210441589355,3174
6.629462957382202,3173
6.632957935333252,3172
6.636306047439575,3171
6.642066955566406,3170
6.647356033325195,3169
6.650835990905762,3168
6.657690048217773,3167
6.661034822463989,3166
6.664529085159302,3165
6.667874813079834,3164
6.671360969543457,3163
6.674701929092407,3162
6.6782097816467285,3161
6.684833765029907,3160
6.690983057022095,3159
6.6943418979644775,3158
6.70231294631958,3157
6.707973957061768,3156
6.711305141448975,3155
6.71947717666626,3154
6.722810983657837,3153
6.726297855377197,3152
6.729639053344727,3151
6.733141899108887,3150
6.736491918563843,3149
6.739984035491943,3148
6.748136043548584,3147
6.7516419887542725,3146
6.758461952209473,3145
6.761789083480835,3144
6.765270948410034,3143
6.768618106842041,3142
6.772104978561401,3141
6.775445938110352,3140
6.7789459228515625,3139
6.785354137420654,3138
6.788693189620972,3137
6.792200088500977,3136
6.795550107955933,3135
6.804018974304199,3134
6.807368040084839,3133
6.812800168991089,3132
6.818318843841553,3131
6.821820974349976,3130
6.8275511264801025,3129
6.830905914306641,3128
6.834429025650024,3127
6.837779998779297,3126
6.843524932861328,3125
6.8470330238342285,3124
6.852867841720581,3123
6.863774061203003,3122
6.867127895355225,3121
6.875282049179077,3120
6.878622055053711,3119
6.884533882141113,3118
6.888030052185059,3117
6.897270917892456,3116
6.900768041610718,3115
6.915251970291138,3114
6.921472787857056,3113
6.924975872039795,3112
6.928303003311157,3111
6.931782007217407,3110
6.94321084022522,3109
6.946584939956665,3108
6.95383095741272,3107
6.9571638107299805,3106
6.962474822998047,3105
6.965956926345825,3104
6.969313859939575,3103
6.975205898284912,3102
6.978703022003174,3101
6.984073162078857,3100
6.989425897598267,3099
6.992761850357056,3098
7.003422975540161,3097
7.013868808746338,3096
7.020553112030029,3095
7.0240700244903564,3094
7.027434825897217,3093
7.033519983291626,3092
7.040237903594971,3091
7.043720006942749,3090
7.047045946121216,3089
7.050545930862427,3088
7.053874969482422,3087
7.057355880737305,3086
7.0606911182403564,3085
7.067132949829102,3084
7.073249816894531,3083
7.0767388343811035,3082
7.080086946487427,3081
7.0835490226745605,3080
7.086874961853027,3079
7.092711925506592,3078
7.101449966430664,3077
7.1047749519348145,3076
7.1110758781433105,3075
7.114564895629883,3074
7.117904901504517,3073
7.123883962631226,3072
7.127372980117798,3071
7.134119033813477,3070
7.137468099594116,3069
7.140958070755005,3068
7.144301891326904,3067
7.147810935974121,3066
7.151139974594116,3065
7.1546289920806885,3064
7.15795111656189,3063
7.165312051773071,3062
7.168644905090332,3061
7.172132968902588,3060
7.175490856170654,3059
7.1789960861206055,3058
7.184319019317627,3057
7.187653064727783,3056
7.194358825683594,3055
7.200238943099976,3054
7.206070899963379,3053
7.209557056427002,3052
7.212896108627319,3051
7.2163989543914795,3050
7.219731092453003,3049
7.233248949050903,3048
7.2365851402282715,3047
7.2426698207855225,3046
7.251903057098389,3045
7.255246877670288,3044
7.260782957077026,3043
7.266466856002808,3042
7.2699549198150635,3041
7.280887842178345,3040
7.28422999382019,3039
7.287711143493652,3038
7.291034936904907,3037
7.305652141571045,3036
7.311089038848877,3035
7.314414024353027,3034
7.320104122161865,3033
7.323577880859375,3032
7.326917886734009,3031
7.330467939376831,3030
7.333810091018677,3029
7.337301015853882,3028
7.340641975402832,3027
7.344128847122192,3026
7.347460985183716,3025
7.372498035430908,3024
7.376000165939331,3023
7.379354953765869,3022
7.38285493850708,3021
7.391052961349487,3020
7.397395133972168,3019
7.4034881591796875,3018
7.406973123550415,3017
7.410315036773682,3016
7.420298099517822,3015
7.423621892929077,3014
7.427113056182861,3013
7.430466890335083,3012
7.433959007263184,3011
7.4372618198394775,3010
7.440742015838623,3009
7.444103956222534,3008
7.447617769241333,3007
7.450967788696289,3006
7.454464912414551,3005
7.463269948959351,3004
7.466752052307129,3003
7.470091104507446,3002
7.476313829421997,3001
7.479802846908569,3000
7.4831318855285645,2999
7.486625909805298,2998
7.492388010025024,2997
7.495733022689819,2996
7.499228000640869,2995
7.502550840377808,2994
7.50603985786438,2993
7.511323928833008,2992
7.5146520137786865,2991
7.518152952194214,2990
7.52482008934021,2989
7.530600070953369,2988
7.539082050323486,2987
7.542577028274536,2986
7.5481579303741455,2985
7.55148983001709,2984
7.554996967315674,2983
7.558337926864624,2982
7.566556930541992,2981
7.572597026824951,2980
7.575947046279907,2979
7.5794358253479,2978
7.582781076431274,2977
7.586266994476318,2976
7.589585065841675,2975
7.596338987350464,2974
7.599820852279663,2973
7.603176116943359,2972
7.606686115264893,2971
7.610023021697998,2970
7.616747856140137,2969
7.620246887207031,2968
7.623608827590942,2967
7.627111911773682,2966
7.630447864532471,2965
7.633934020996094,2964
7.637269020080566,2963
7.6407670974731445,2962
7.644123077392578,2961
7.6476287841796875,2960
7.650964975357056,2959
7.654454946517944,2958
7.657793760299683,2957
7.663749933242798,2956
7.667234897613525,2955
7.6705780029296875,2954
7.67407488822937,2953
7.6773998737335205,2952
7.680881023406982,2951
7.6842310428619385,2950
7.689500093460083,2949
7.697878837585449,2948
7.703901052474976,2947
7.707245826721191,2946
7.710716009140015,2945
7.714040994644165,2944
7.717533111572266,2943
7.723870038986206,2942
7.727212905883789,2941
7.730726003646851,2940
7.734062910079956,2939
7.739964008331299,2938
7.743456125259399,2937
7.752672910690308,2936
7.75617790222168,2935
7.761911869049072,2934
7.778808832168579,2933
7.782140016555786,2932
7.790627956390381,2931
7.793982028961182,2930
7.79748272895813,2929
7.806097030639648,2928
7.809597969055176,2927
7.812958002090454,2926
7.816461801528931,2925
7.821727991104126,2924
7.825053930282593,2923
7.828540086746216,2922
7.834050893783569,2921
7.837386131286621,2920
7.840888977050781,2919
7.847092151641846,2918
7.850443124771118,2917
7.858438014984131,2916
7.861771821975708,2915
7.86525297164917,2914
7.874220848083496,2913
7.877710819244385,2912
7.8834779262542725,2911
7.889814853668213,2910
7.895334005355835,2909
7.898659944534302,2908
7.904801845550537,2907
7.908299207687378,2906
7.911655902862549,2905
7.915182828903198,2904
7.918517112731934,2903
7.928870916366577,2902
7.932356834411621,2901
7.9356889724731445,2900
7.9421470165252686,2899
7.945681095123291,2898
7.949045181274414,2897
7.9573588371276855,2896
7.960708856582642,2895
7.967132091522217,2894
7.970630884170532,2893
7.9877989292144775,2892
7.991291046142578,2891
7.994645833969116,2890
7.998140096664429,2889
8.004880905151367,2888
8.008218050003052,2887
8.01170015335083,2886
8.015040159225464,2885
8.018571138381958,2884
8.021949052810669,2883
8.03099775314331,2882
8.034343957901001,2881
8.037841081619263,2880
8.044121980667114,2879
8.058067083358765,2878
8.06157398223877,2877
8.064900875091553,2876
8.0709068775177,2875
8.07439398765564,2874
8.079910039901733,2873
8.087447881698608,2872
8.102500915527344,2871
8.109359979629517,2870
8.112700939178467,2869
8.118344068527222,2868
8.135199069976807,2867
8.140767097473145,2866
8.144267797470093,2865
8.147605180740356,2864
8.151089906692505,2863
8.154414892196655,2862
8.15791392326355,2861
8.161269187927246,2860
8.164762020111084,2859
8.168096780776978,2858
8.171601057052612,2857
8.174930095672607,2856
8.181175947189331,2855
8.184715032577515,2854
8.188040018081665,2853
8.19153380393982,2852
8.194870948791504,2851
8.19838809967041,2850
8.201727151870728,2849
8.205237865447998,2848
8.211250066757202,2847
8.214570760726929,2846
8.220498085021973,2845
8.224011182785034,2844
8.227340936660767,2843
8.232896089553833,2842
8.236394166946411,2841
8.239691972732544,2840
8.243196964263916,2839
8.24653697013855,2838
8.250048875808716,2837
8.253392934799194,2836
8.256901979446411,2835
8.260241031646729,2834
8.263736963272095,2833
8.267063856124878,2832
8.272312879562378,2831
8.27580714225769,2830
8.281880855560303,2829
8.285202026367188,2828
8.288694858551025,2827
8.292011976242065,2826
8.295521974563599,2825
8.303709030151367,2824
8.30721116065979,2823
8.310534954071045,2822
8.316060066223145,2821
8.319552898406982,2820
8.32288908958435,2819
8.328315019607544,2818
8.33182978630066,2817
8.335155963897705,2816
8.33867883682251,2815
8.34201693534851,2814
8.345510959625244,2813
8.351279973983765,2812
8.354598999023438,2811
8.358092784881592,2810
8.361413955688477,2809
8.36491084098816,2808
8.37015986442566,2807
8.373480081558228,2806
8.376996994018555,2805
8.380337953567505,2804
8.383847951889038,2803
8.387176990509033,2802
8.392900943756104,2801
8.396413087844849,2800
8.399754047393799,2799
8.403267860412598,2798
8.406606912612915,2797
8.410112142562866,2796
8.416619777679443,2795
8.419960975646973,2794
8.430896043777466,2793
8.434386014938354,2792
8.437691926956177,2791
8.441158056259155,2790
8.44651985168457,2789
8.449845790863037,2788
8.4563729763031,2787
8.462804079055786,2786
8.46629786491394,2785
8.469618082046509,2784
8.481314897537231,2783
8.484843969345093,2782
8.49152398109436,2781
8.4948570728302,2780
8.504519939422607,2779
8.507875919342041,2778
8.515125751495361,2777
8.52133297920227,2776
8.52485203742981,2775
8.528192043304443,2774
8.531677007675171,2773
8.535022974014282,2772
8.540327072143555,2771
8.543823003768921,2770
8.547164916992188,2769
8.550662994384766,2768
8.554015159606934,2767
8.557504177093506,2766
8.560847997665405,2765
8.564357042312622,2764
8.578326940536499,2763
8.584961891174316,2762
8.5884530544281,2761
8.591793060302734,2760
8.595280885696411,2759
8.600947141647339,2758
8.60655403137207,2757
8.619935989379883,2756
8.623435974121094,2755
8.62678599357605,2754
8.632331848144531,2753
8.643726825714111,2752
8.647232055664062,2751
8.650575876235962,2750
8.654064893722534,2749
8.657397747039795,2748
8.660871982574463,2747
8.66421389579773,2746
8.669580936431885,2745
8.673076152801514,2744
8.67639684677124,2743
8.679877042770386,2742
8.686507940292358,2741
8.689839839935303,2740
8.69333791732788,2739
8.696660041809082,2738
8.709545135498047,2737
8.71287202835083,2736
8.71837306022644,2735
8.721863985061646,2734
8.725207805633545,2733
8.730868101119995,2732
8.734347105026245,2731
8.739758968353271,2730
8.743072748184204,2729
8.746497869491577,2728
8.749802112579346,2727
8.75327181816101,2726
8.75661301612854,2725
8.760103940963745,2724
8.76344108581543,2723
8.769551992416382,2722
8.773047924041748,2721
8.776395082473755,2720
8.779883861541748,2719
8.783226013183594,2718
8.786731958389282,2717
8.790080785751343,2716
8.793597936630249,2715
8.796938180923462,2714
8.800421953201294,2713
8.803761005401611,2712
8.809278011322021,2711
8.812760829925537,2710
8.816093921661377,2709
8.819601058959961,2708
8.825398921966553,2707
8.831866979598999,2706
8.835221767425537,2705
8.838709115982056,2704
8.842048168182373,2703
8.845555067062378,2702
8.848891973495483,2701
8.855332851409912,2700
8.858819961547852,2699
8.862152099609375,2698
8.865653038024902,2697
8.868989944458008,2696
8.888036012649536,2695
8.89475393295288,2694
8.905771970748901,2693
8.909111976623535,2692
8.91261887550354,2691
8.917989015579224,2690
8.923242807388306,2689
8.92658281326294,2688
8.93007493019104,2687
8.933410882949829,2686
8.936885118484497,2685
8.94314980506897,2684
8.949862957000732,2683
8.953180074691772,2682
8.956676959991455,2681
8.967862844467163,2680
8.975818157196045,2679
8.979312896728516,2678
8.98842191696167,2677
8.997618913650513,2676
9.000967979431152,2675
9.004459857940674,2674
9.007806062698364,2673
9.011316061019897,2672
9.014646768569946,2671
9.021368980407715,2670
9.030349969863892,2669
9.036326885223389,2668
9.039680004119873,2667
9.049235105514526,2666
9.055256843566895,2665
9.061173915863037,2664
9.064517974853516,2663
9.068023920059204,2662
9.071349143981934,2661
9.079894781112671,2660
9.083211183547974,2659
9.106152057647705,2658
9.120556831359863,2657
9.127010822296143,2656
9.1335928440094,2655
9.14512586593628,2654
9.156662940979004,2653
9.160027027130127,2652
9.163520812988281,2651
9.166851997375488,2650
9.170355081558228,2649
9.17369294166565,2648
9.177181005477905,2647
9.182795763015747,2646
9.186137914657593,2645
9.189650058746338,2644
9.193014860153198,2643
9.20076298713684,2642
9.206542015075684,2641
9.209873914718628,2640
9.216203212738037,2639
9.226699829101562,2638
9.230209827423096,2637
9.236419916152954,2636
9.239753007888794,2635
9.249722003936768,2634
9.253056049346924,2633
9.262594938278198,2632
9.265935897827148,2631
9.26942491531372,2630
9.2727530002594,2629
9.276263952255249,2628
9.281706094741821,2627
9.290530920028687,2626
9.29399585723877,2625
9.316179037094116,2624
9.32614803314209,2623
9.33163595199585,2622
9.339473962783813,2621
9.34294581413269,2620
9.346283912658691,2619
9.349784851074219,2618
9.353129148483276,2617
9.358837842941284,2616
9.365172147750854,2615
9.370718002319336,2614
9.387762069702148,2613
9.396667957305908,2612
9.439534902572632,2611
9.44289493560791,2610
9.450590133666992,2609
9.462411880493164,2608
9.47006607055664,2607
9.49057388305664,2606
9.498013019561768,2605
9.504043817520142,2604
9.521018028259277,2603
9.533627986907959,2602
9.537131786346436,2601
9.548232078552246,2600
9.562758922576904,2599
9.573323965072632,2598
9.582949876785278,2597
9.586461067199707,2596
9.599833965301514,2595
9.609738111495972,2594
9.613234043121338,2593
9.616569995880127,2592
9.643238067626953,2591
9.680177927017212,2590
9.716931819915771,2589
9.723150968551636,2588
9.726658821105957,2587
9.736087799072266,2586
9.739434719085693,2585
9.742925882339478,2584
9.746257066726685,2583
9.758961915969849,2582
9.765396118164062,2581
9.779873847961426,2580
9.78323483467102,2579
9.789236068725586,2578
9.792750835418701,2577
9.801838874816895,2576
9.815388917922974,2575
9.822399139404297,2574
9.834839820861816,2573
9.841565132141113,2572
9.844912052154541,2571
9.860059022903442,2570
9.872499942779541,2569
9.87779688835144,2568
9.886111974716187,2567
9.889450073242188,2566
9.895723819732666,2565
9.914633989334106,2564
9.917971134185791,2563
9.921467065811157,2562
9.930428981781006,2561
9.93662405014038,2560
9.950973987579346,2559
9.956986904144287,2558
9.960469007492065,2557
9.966688871383667,2556
9.974361896514893,2555
9.98451280593872,2554
9.995584964752197,2553
10.002300024032593,2552
10.005621910095215,2551
10.014023065567017,2550
10.020348072052002,2549
10.026437997817993,2548
10.047362804412842,2547
10.06692385673523,2546
10.08073616027832,2545
10.086915969848633,2544
10.093415975570679,2543
10.096782922744751,2542
10.102152109146118,2541
10.109970092773438,2540
10.121851921081543,2539
10.125226736068726,2538
10.128736972808838,2537
10.136800050735474,2536
10.142280101776123,2535
10.148400068283081,2534
10.166891813278198,2533
10.173118114471436,2532
10.176466941833496,2531
10.17996597290039,2530
10.185653924942017,2529
10.191452026367188,2528
10.19721508026123,2527
10.226202011108398,2526
10.245645999908447,2525
10.254634141921997,2524
10.25806713104248,2523
10.266037940979004,2522
10.269414901733398,2521
10.277860879898071,2520
10.284584999084473,2519
10.298637866973877,2518
10.301993131637573,2517
10.320219993591309,2516
10.340420007705688,2515
10.346445798873901,2514
10.352352142333984,2513
10.360033988952637,2512
10.37138295173645,2511
10.398948907852173,2510
10.416558027267456,2509
10.443464994430542,2508
10.446815967559814,2507
10.458908081054688,2506
10.468136072158813,2505
10.488476991653442,2504
10.514081954956055,2503
10.539273023605347,2502
10.542765855789185,2501
10.548681020736694,2500
10.569179058074951,2499
10.588874101638794,2498
10.592381954193115,2497
10.595733165740967,2496
10.59923005104065,2495
10.612998008728027,2494
10.616497039794922,2493
10.62633204460144,2492
10.634598016738892,2491
10.647308826446533,2490
10.658689975738525,2489
10.668085813522339,2488
10.671427965164185,2487
10.691477060317993,2486
10.711848974227905,2485
10.719505071640015,2484
10.727787971496582,2483
10.7360999584198,2482
10.750629901885986,2481
10.753961086273193,2480
10.757451057434082,2479
10.760790824890137,2478
10.764286994934082,2477
10.772250890731812,2476
10.775738000869751,2475
10.779088020324707,2474
10.797370910644531,2473
10.814203977584839,2472
10.817550897598267,2471
10.8210289478302,2470
10.824368000030518,2469
10.830380916595459,2468
10.833867073059082,2467
10.84382700920105,2466
10.849642753601074,2465
10.85299015045166,2464
10.862278938293457,2463
10.867632865905762,2462
10.874386072158813,2461
10.882603883743286,2460
10.886085033416748,2459
10.893837928771973,2458
10.900039911270142,2457
10.90353798866272,2456
10.914896011352539,2455
10.918205976486206,2454
10.921676874160767,2453
10.924998044967651,2452
10.931571960449219,2451
10.935072898864746,2450
10.965748071670532,2449
10.98097276687622,2448
11.01143479347229,2447
11.023510932922363,2446
11.027115821838379,2445
11.068805932998657,2444
11.081680059432983,2443
11.123358964920044,2442
11.136664867401123,2441
11.140176057815552,2440
11.162602186203003,2439
11.171747922897339,2438
11.18144178390503,2437
11.184937000274658,2436
11.188247919082642,2435
11.196533918380737,2434
11.202301025390625,2433
11.205620050430298,2432
11.20912790298462,2431
11.212476968765259,2430
11.224858045578003,2429
11.236325025558472,2428
11.257349014282227,2427
11.260683059692383,2426
11.264219999313354,2425
11.273005962371826,2424
11.276557922363281,2423
11.283092021942139,2422
11.30132007598877,2421
11.306837797164917,2420
11.313453912734985,2419
11.317023038864136,2418
11.343670845031738,2417
11.353338956832886,2416
11.356757879257202,2415
11.36463189125061,2414
11.368062019348145,2413
11.371669054031372,2412
11.422343015670776,2411
11.425759077072144,2410
11.42934799194336,2409
11.448608160018921,2408
11.452209949493408,2407
11.457687854766846,2406
11.495349168777466,2405
11.527108907699585,2404
11.53071403503418,2403
11.568235874176025,2402
11.574232816696167,2401
11.582896947860718,2400
11.58631682395935,2399
11.603511810302734,2398
11.609501123428345,2397
11.627134084701538,2396
11.65830111503601,2395
11.6684730052948,2394
11.681922912597656,2393
11.693076133728027,2392
11.707783937454224,2391
11.711198091506958,2390
11.732569932937622,2389
11.753044128417969,2388
11.756512880325317,2387
11.762764930725098,2386
11.76638913154602,2385
11.77199387550354,2384
11.784623861312866,2383
11.801782846450806,2382
11.826705932617188,2381
11.83684492111206,2380
11.840449810028076,2379
11.843860149383545,2378
11.847485065460205,2377
11.85092806816101,2376
11.873174905776978,2375
11.884190082550049,2374
11.887635946273804,2373
11.891242027282715,2372
11.89670991897583,2371
11.90453314781189,2370
11.920027017593384,2369
11.934383869171143,2368
11.940790891647339,2367
11.967817068099976,2366
11.971244812011719,2365
11.978998899459839,2364
11.991289854049683,2363
11.997767925262451,2362
12.025063037872314,2361
12.043479919433594,2360
12.05259084701538,2359
12.056063175201416,2358
12.080733060836792,2357
12.104448795318604,2356
12.111103057861328,2355
12.11754298210144,2354
12.13909101486206,2353
12.14489197731018,2352
12.151887893676758,2351
12.15851616859436,2350
12.164561986923218,2349
12.189436912536621,2348
12.201525926589966,2347
12.204981803894043,2346
12.214362859725952,2345
12.250865936279297,2344
12.254361867904663,2343
12.262240171432495,2342
12.284770965576172,2341
12.288216829299927,2340
12.305267095565796,2339
12.333932876586914,2338
12.347066879272461,2337
12.355303049087524,2336
12.38697600364685,2335
12.39255690574646,2334
12.420658111572266,2333
12.480321884155273,2332
12.517740964889526,2331
12.529419183731079,2330
12.5591881275177,2329
12.579564809799194,2328
12.644062995910645,2327
12.708165884017944,2326
12.781280040740967,2325
12.805798053741455,2324
12.816445112228394,2323
12.824445009231567,2322
12.837857961654663,2321
12.841827869415283,2320
12.8609619140625,2319
12.884906768798828,2318
12.932983875274658,2317
12.936521053314209,2316
12.974998950958252,2315
13.018296957015991,2314
13.114228963851929,2313
13.13312292098999,2312
13.14966106414795,2311
13.155271053314209,2310
13.16416597366333,2309
13.174187898635864,2308
13.1860990524292,2307
13.201772928237915,2306
13.249250888824463,2305
13.32776403427124,2304
13.444779872894287,2303
13.459555864334106,2302
13.6404287815094,2301
13.65078592300415,2300
13.670351028442383,2299
13.713042974472046,2298
13.791042804718018,2297
13.79869818687439,2296
13.81480097770691,2295
13.94398808479309,2294
13.947473049163818,2293
14.005026817321777,2292
14.036088943481445,2291
14.148425102233887,2290
14.171093940734863,2289
14.177015781402588,2288
14.18654489517212,2287
14.191959857940674,2286
14.382211923599243,2285
14.453459978103638,2284
14.545428991317749,2283
14.575853824615479,2282
