0.0,65940
20.95302176475525,2981
20.953073740005493,2980
20.953203916549683,2979
20.9532949924469,2978
20.953470945358276,2977
20.953634023666382,2976
20.953872680664062,2975
20.954121828079224,2974
20.95470094680786,2973
20.955039978027344,2972
20.95513391494751,2971
20.955349922180176,2970
20.956134796142578,2969
20.957515001296997,2968
20.972030878067017,2967
20.97236704826355,2966
20.972423791885376,2965
20.972513914108276,2964
20.973932027816772,2963
20.97542977333069,2962
20.975520849227905,2961
20.975696802139282,2960
20.975751876831055,2959
20.97580099105835,2958
20.978872060775757,2957
20.97900104522705,2956
20.97925877571106,2955
20.97983479499817,2954
20.980085849761963,2953
20.980137825012207,2952
20.98054599761963,2951
20.98172688484192,2950
20.982054710388184,2949
20.982332944869995,2948
20.98277497291565,2947
20.98298478126526,2946
20.983153820037842,2945
20.984260082244873,2944
20.988571882247925,2943
20.988817930221558,2942
20.988959789276123,2941
20.989593029022217,2940
20.990095853805542,2939
20.990510940551758,2938
20.990864753723145,2937
20.992486715316772,2936
20.99255394935608,2935
20.992987871170044,2934
20.994622945785522,2933
20.995003700256348,2932
20.995641708374023,2931
20.996550798416138,2930
21.045244932174683,2929
21.045336961746216,2928
21.045885801315308,2927
21.047199964523315,2926
21.047255992889404,2925
21.04766297340393,2924
21.05259680747986,2923
21.052783012390137,2922
21.053268909454346,2921
21.05367684364319,2920
21.05402374267578,2919
21.057838916778564,2918
21.057896852493286,2917
21.057950973510742,2916
21.058432817459106,2915
21.05900001525879,2914
21.059556007385254,2913
21.06501603126526,2912
21.065072774887085,2911
21.065513849258423,2910
21.065606832504272,2909
21.065993785858154,2908
21.06620693206787,2907
21.066390991210938,2906
21.071971893310547,2905
21.072685956954956,2904
21.073144912719727,2903
21.07447910308838,2902
21.086739778518677,2901
21.08725094795227,2900
21.08735680580139,2899
21.08740782737732,2898
21.088021993637085,2897
21.092126846313477,2896
21.094846963882446,2895
21.095437049865723,2894
21.095674753189087,2893
21.096431732177734,2892
21.09674906730652,2891
21.101860761642456,2890
21.102123022079468,2889
21.103187799453735,2888
21.105782985687256,2887
21.106469869613647,2886
21.107374906539917,2885
21.107548713684082,2884
21.108119010925293,2883
21.109444856643677,2882
21.11019492149353,2881
21.110337018966675,2880
21.110825777053833,2879
21.110920906066895,2878
21.112632036209106,2877
21.112685918807983,2876
21.1130108833313,2875
21.1130690574646,2874
21.113158702850342,2873
21.11344289779663,2872
21.113724946975708,2871
21.114048957824707,2870
21.114511013031006,2869
21.11456298828125,2868
21.114736795425415,2867
21.115233898162842,2866
21.115665912628174,2865
21.115980863571167,2864
21.11743474006653,2863
21.12044882774353,2862
21.120848894119263,2861
21.13813591003418,2860
21.138328075408936,2859
21.13849186897278,2858
21.13859486579895,2857
21.139117002487183,2856
21.139211893081665,2855
21.140193939208984,2854
21.140503883361816,2853
21.140918016433716,2852
21.141023874282837,2851
21.14195680618286,2850
21.146188974380493,2849
21.147154808044434,2848
21.147326946258545,2847
21.15632390975952,2846
21.15645694732666,2845
21.15650773048401,2844
21.15727400779724,2843
21.157401084899902,2842
21.159525871276855,2841
21.159766912460327,2840
21.159945964813232,2839
21.160966873168945,2838
21.16399097442627,2837
21.164285898208618,2836
21.16434097290039,2835
21.167437076568604,2834
21.167496919631958,2833
21.16778802871704,2832
21.168747901916504,2831
21.17067575454712,2830
21.171063899993896,2829
21.171118021011353,2828
21.171331882476807,2827
21.17289900779724,2826
21.17371392250061,2825
21.174115896224976,2824
21.174441814422607,2823
21.174787044525146,2822
21.17543911933899,2821
21.175675868988037,2820
21.177335023880005,2819
21.177550077438354,2818
21.186217784881592,2817
21.186938762664795,2816
21.187240839004517,2815
21.187299966812134,2814
21.18826174736023,2813
21.18843173980713,2812
21.18871283531189,2811
21.19106888771057,2810
21.204954862594604,2809
21.20560097694397,2808
21.205656051635742,2807
21.21113395690918,2806
21.21126699447632,2805
21.21144700050354,2804
21.212411880493164,2803
21.2164568901062,2802
21.21662473678589,2801
21.21673011779785,2800
21.216895818710327,2799
21.21727681159973,2798
21.21745491027832,2797
21.217726945877075,2796
21.217830896377563,2795
21.220709800720215,2794
21.22155475616455,2793
21.22176194190979,2792
21.22694182395935,2791
21.23403000831604,2790
21.237842798233032,2789
21.237942934036255,2788
21.238399982452393,2787
21.238712072372437,2786
21.239290714263916,2785
21.239344835281372,2784
21.242676973342896,2783
21.24313998222351,2782
21.25414490699768,2781
21.254204750061035,2780
21.25554084777832,2779
21.256582736968994,2778
21.26170587539673,2777
21.263885974884033,2776
21.269659757614136,2775
21.271814823150635,2774
21.273749828338623,2773
21.27942180633545,2772
21.279643774032593,2771
21.279847860336304,2770
21.280619859695435,2769
21.281136751174927,2768
21.281877994537354,2767
21.282171726226807,2766
21.282716751098633,2765
21.2827787399292,2764
21.28317093849182,2763
21.283260822296143,2762
21.31042504310608,2761
21.31089186668396,2760
21.31142282485962,2759
21.31189489364624,2758
21.313289880752563,2757
21.31354284286499,2756
21.31633186340332,2755
21.31684970855713,2754
21.317017078399658,2753
21.31744408607483,2752
21.319345712661743,2751
21.319435834884644,2750
21.321080923080444,2749
21.3211350440979,2748
21.321186065673828,2747
21.321234941482544,2746
21.32128095626831,2745
21.32238793373108,2744
21.32270097732544,2743
21.323049783706665,2742
21.3243670463562,2741
21.32691979408264,2740
21.327713012695312,2739
21.32937002182007,2738
21.32943105697632,2737
21.34464693069458,2736
21.347315788269043,2735
21.348915815353394,2734
21.349007844924927,2733
21.34958291053772,2732
21.349929809570312,2731
21.35020899772644,2730
21.350339889526367,2729
21.35039186477661,2728
21.350600957870483,2727
21.35403800010681,2726
21.355029821395874,2725
21.355738878250122,2724
21.355951070785522,2723
21.357242822647095,2722
21.35745406150818,2721
21.35758900642395,2720
21.35799288749695,2719
21.358195781707764,2718
21.359120845794678,2717
21.35917901992798,2716
21.36709189414978,2715
21.36797595024109,2714
21.36847686767578,2713
21.368932723999023,2712
21.3691508769989,2711
21.369204998016357,2710
21.370036840438843,2709
21.37009572982788,2708
21.37018585205078,2707
21.370823860168457,2706
21.371453762054443,2705
21.37190866470337,2704
21.389533758163452,2703
21.39018988609314,2702
21.39035987854004,2701
21.391632795333862,2700
21.391908884048462,2699
21.39226269721985,2698
21.393009901046753,2697
21.395190000534058,2696
21.396512985229492,2695
21.399420738220215,2694
21.399698734283447,2693
21.40044903755188,2692
21.400617837905884,2691
21.401498079299927,2690
21.40327501296997,2689
21.40707302093506,2688
21.409430027008057,2687
21.410409927368164,2686
21.41081476211548,2685
21.41101574897766,2684
21.41119384765625,2683
21.41196584701538,2682
21.41227698326111,2681
21.412522792816162,2680
21.413014888763428,2679
21.41365885734558,2678
21.414408922195435,2677
21.41639804840088,2676
21.416566848754883,2675
21.41662096977234,2674
21.419014930725098,2673
21.41919207572937,2672
21.419476985931396,2671
21.421114683151245,2670
21.421324968338013,2669
21.422725677490234,2668
21.423216819763184,2667
21.423276901245117,2666
21.42403292655945,2665
21.425538063049316,2664
21.425930976867676,2663
21.426065921783447,2662
21.42685103416443,2661
21.42716097831726,2660
21.427907943725586,2659
21.42814302444458,2658
21.428611040115356,2657
21.428704977035522,2656
21.43097686767578,2655
21.432146787643433,2654
21.433106899261475,2653
21.435813903808594,2652
21.448542833328247,2651
21.448758840560913,2650
21.450947046279907,2649
21.45130491256714,2648
21.45135998725891,2647
21.45184588432312,2646
21.45369291305542,2645
21.456318855285645,2644
21.478054761886597,2643
21.478209972381592,2642
21.486361026763916,2641
21.48641586303711,2640
21.4872989654541,2639
21.49661374092102,2638
21.501101970672607,2637
21.50145387649536,2636
21.502722024917603,2635
21.504231929779053,2634
21.510194778442383,2633
21.510370016098022,2632
21.511149883270264,2631
21.51149272918701,2630
21.511547803878784,2629
21.51202392578125,2628
21.512614727020264,2627
21.512828826904297,2626
21.515907049179077,2625
21.51608967781067,2624
21.516469955444336,2623
21.517696857452393,2622
21.518553018569946,2621
21.519171953201294,2620
21.520489931106567,2619
21.520688772201538,2618
21.52399206161499,2617
21.52454686164856,2616
21.526206970214844,2615
21.526262998580933,2614
21.52686309814453,2613
21.52720880508423,2612
21.52989387512207,2611
21.530734062194824,2610
21.53087878227234,2609
21.53340482711792,2608
21.533467769622803,2607
21.536356687545776,2606
21.536741733551025,2605
21.538015842437744,2604
21.539469003677368,2603
21.539785861968994,2602
21.54038381576538,2601
21.54160785675049,2600
21.548013925552368,2599
21.550853729248047,2598
21.551268100738525,2597
21.553028106689453,2596
21.553657054901123,2595
21.55635976791382,2594
21.561097860336304,2593
21.561508655548096,2592
21.563658952713013,2591
21.56375288963318,2590
21.56455087661743,2589
21.567787885665894,2588
21.568132877349854,2587
21.569007873535156,2586
21.571757078170776,2585
21.571969032287598,2584
21.572276830673218,2583
21.572519779205322,2582
21.5726478099823,2581
21.572893857955933,2580
21.574081897735596,2579
21.575001001358032,2578
21.575130701065063,2577
21.575373888015747,2576
21.575577974319458,2575
21.57634997367859,2574
21.57743787765503,2573
21.577863931655884,2572
21.57811975479126,2571
21.58504295349121,2570
21.586987018585205,2569
21.587225914001465,2568
21.587856769561768,2567
21.588627815246582,2566
21.59231686592102,2565
21.59262776374817,2564
21.595489978790283,2563
21.595587968826294,2562
21.595643758773804,2561
21.597368001937866,2560
21.59953498840332,2559
21.599990844726562,2558
21.60246181488037,2557
21.61066484451294,2556
21.611048936843872,2555
21.612619876861572,2554
21.614272832870483,2553
21.6145179271698,2552
21.615750789642334,2551
21.61817693710327,2550
21.618501901626587,2549
21.621975898742676,2548
21.623605966567993,2547
21.62440586090088,2546
21.640325784683228,2545
21.643964767456055,2544
21.64414882659912,2543
21.644449949264526,2542
21.645647764205933,2541
21.645962953567505,2540
21.65167999267578,2539
21.65621590614319,2538
21.657124757766724,2537
21.658124923706055,2536
21.65853476524353,2535
21.659033060073853,2534
21.66000199317932,2533
21.660423755645752,2532
21.663078784942627,2531
21.664772748947144,2530
21.66514778137207,2529
21.665438890457153,2528
21.666752815246582,2527
21.668646812438965,2526
21.66898775100708,2525
21.66934299468994,2524
21.674887895584106,2523
21.67594599723816,2522
21.67762565612793,2521
21.679443836212158,2520
21.680782079696655,2519
21.6821768283844,2518
21.684037685394287,2517
21.68523597717285,2516
21.68705987930298,2515
21.690603971481323,2514
21.69305396080017,2513
21.693405866622925,2512
21.693573713302612,2511
21.694551944732666,2510
21.703646898269653,2509
21.711342096328735,2508
21.712783813476562,2507
21.71307110786438,2506
21.718089818954468,2505
21.718270778656006,2504
21.72017192840576,2503
21.723222017288208,2502
21.724703788757324,2501
21.725653886795044,2500
21.732200860977173,2499
21.732932090759277,2498
21.73567295074463,2497
21.738621950149536,2496
21.739158868789673,2495
21.74650478363037,2494
21.7477068901062,2493
21.74994397163391,2492
21.753950834274292,2491
21.75457501411438,2490
21.754631757736206,2489
21.75685977935791,2488
21.75752282142639,2487
21.76034688949585,2486
21.76204800605774,2485
21.763282775878906,2484
21.764461994171143,2483
21.76586079597473,2482
21.76603102684021,2481
21.767367839813232,2480
21.76760697364807,2479
21.77175498008728,2478
21.77195692062378,2477
21.772480010986328,2476
21.775816917419434,2475
21.77662491798401,2474
21.781409978866577,2473
21.783236742019653,2472
21.786548852920532,2471
21.790846824645996,2470
21.79434585571289,2469
21.794991731643677,2468
21.800050735473633,2467
21.80291771888733,2466
21.804846048355103,2465
21.808794021606445,2464
21.80913996696472,2463
21.81026291847229,2462
21.819292783737183,2461
21.831167936325073,2460
21.834616899490356,2459
21.858428716659546,2458
21.860744953155518,2457
21.862713098526,2456
21.864248991012573,2455
21.865060091018677,2454
21.871248722076416,2453
21.877834796905518,2452
21.879089832305908,2451
21.8795108795166,2450
21.879748106002808,2449
21.880522966384888,2448
21.883879899978638,2447
21.885315895080566,2446
21.890971899032593,2445
21.893388032913208,2444
21.894958019256592,2443
21.89649772644043,2442
21.89694309234619,2441
21.901862859725952,2440
21.90199899673462,2439
21.90969491004944,2438
21.911401987075806,2437
21.913641929626465,2436
21.92677092552185,2435
21.9276180267334,2434
21.93672490119934,2433
21.937326908111572,2432
21.94041085243225,2431
21.944146871566772,2430
21.947410821914673,2429
21.94911479949951,2428
21.952003002166748,2427
21.95812702178955,2426
21.959550857543945,2425
21.96419668197632,2424
21.97398281097412,2423
21.97462296485901,2422
21.97566795349121,2421
21.997005939483643,2420
22.000677824020386,2419
22.00877594947815,2418
22.038431882858276,2417
22.048937797546387,2416
22.053452014923096,2415
22.07551383972168,2414
22.092922687530518,2413
22.096505641937256,2412
22.102940797805786,2411
22.104564905166626,2410
22.11390209197998,2409
22.12256669998169,2408
22.12699794769287,2407
22.128326892852783,2406
22.132039785385132,2405
22.13667607307434,2404
22.151346921920776,2403
22.1524498462677,2402
22.154536962509155,2401
22.181318759918213,2400
22.21855092048645,2399
22.223608016967773,2398
22.265832901000977,2397
22.270394802093506,2396
22.30110001564026,2395
22.332701921463013,2394
22.377530813217163,2393
22.37959384918213,2392
22.39259099960327,2391
22.394542932510376,2390
22.470749855041504,2389
22.49353790283203,2388
22.576011896133423,2387
22.610018014907837,2386
22.61230993270874,2385
