0.0,65940
20.303602933883667,3051
20.303925037384033,3050
20.304539918899536,3049
20.30459499359131,3048
20.305946111679077,3047
20.30730104446411,3046
20.307355165481567,3045
20.307948112487793,3044
20.308230876922607,3043
20.30847692489624,3042
20.309718132019043,3041
20.309770107269287,3040
20.30981993675232,3039
20.310070991516113,3038
20.3164222240448,3037
20.31693410873413,3036
20.31698989868164,3035
20.318114042282104,3034
20.318207025527954,3033
20.31829810142517,3032
20.31839108467102,3031
20.32326602935791,3030
20.32363486289978,3029
20.323762893676758,3028
20.32434892654419,3027
20.324442148208618,3026
20.325220108032227,3025
20.325387001037598,3024
20.325439929962158,3023
20.325570106506348,3022
20.362622022628784,3021
20.36453604698181,3020
20.364628076553345,3019
20.364756107330322,3018
20.36488389968872,3017
20.376317977905273,3016
20.37875008583069,3015
20.384140014648438,3014
20.387938022613525,3013
20.391630172729492,3012
20.391845226287842,3011
20.392220973968506,3010
20.39261484146118,3009
20.39429807662964,3008
20.39989924430847,3007
20.400076150894165,3006
20.405283212661743,3005
20.405457973480225,3004
20.406527996063232,3003
20.406906127929688,3002
20.409072160720825,3001
20.4092538356781,3000
20.409308910369873,2999
20.409882068634033,2998
20.409943103790283,2997
20.410165071487427,2996
20.41021704673767,2995
20.410887002944946,2994
20.41118311882019,2993
20.41147208213806,2992
20.41207504272461,2991
20.412280082702637,2990
20.413043975830078,2989
20.414133071899414,2988
20.414278268814087,2987
20.41444993019104,2986
20.42163610458374,2985
20.422490119934082,2984
20.424968957901,2983
20.425307989120483,2982
20.42785406112671,2981
20.430100917816162,2980
20.430161952972412,2979
20.430424213409424,2978
20.430598974227905,2977
20.43128204345703,2976
20.43247699737549,2975
20.43256902694702,2974
20.432898998260498,2973
20.433195114135742,2972
20.4352068901062,2971
20.435394048690796,2970
20.436987161636353,2969
20.44160795211792,2968
20.445142030715942,2967
20.44536304473877,2966
20.445537090301514,2965
20.44709086418152,2964
20.44722604751587,2963
20.447407245635986,2962
20.4480938911438,2961
20.44822907447815,2960
20.44865608215332,2959
20.449059009552002,2958
20.452248096466064,2957
20.453670024871826,2956
20.453891038894653,2955
20.454143047332764,2954
20.454362154006958,2953
20.45511507987976,2952
20.45525813102722,2951
20.455310106277466,2950
20.457618951797485,2949
20.474640130996704,2948
20.475024938583374,2947
20.476715087890625,2946
20.477778911590576,2945
20.477834939956665,2944
20.477978229522705,2943
20.480003118515015,2942
20.48029112815857,2941
20.480703115463257,2940
20.481412172317505,2939
20.483662128448486,2938
20.483871936798096,2937
20.483978986740112,2936
20.497579097747803,2935
20.497934103012085,2934
20.49818706512451,2933
20.49824094772339,2932
20.49928092956543,2931
20.502203941345215,2930
20.511630058288574,2929
20.52881407737732,2928
20.528925895690918,2927
20.529059171676636,2926
20.529149055480957,2925
20.5292489528656,2924
20.529552221298218,2923
20.53036403656006,2922
20.530508995056152,2921
20.530560970306396,2920
20.53073215484619,2919
20.532506227493286,2918
20.538192987442017,2917
20.538249969482422,2916
20.538301944732666,2915
20.53873610496521,2914
20.539185047149658,2913
20.541446924209595,2912
20.541706085205078,2911
20.54179883003235,2910
20.542107105255127,2909
20.542240142822266,2908
20.54257106781006,2907
20.54286003112793,2906
20.546293020248413,2905
20.550215005874634,2904
20.55417490005493,2903
20.55435013771057,2902
20.554759979248047,2901
20.564193964004517,2900
20.564307928085327,2899
20.564362049102783,2898
20.56887698173523,2897
20.56906294822693,2896
20.56916093826294,2895
20.569254875183105,2894
20.56939387321472,2893
20.569490909576416,2892
20.56954002380371,2891
20.57285499572754,2890
20.575562000274658,2889
20.57574701309204,2888
20.57625126838684,2887
20.576356172561646,2886
20.576411247253418,2885
20.576498985290527,2884
20.578423976898193,2883
20.579433917999268,2882
20.57958197593689,2881
20.579714059829712,2880
20.58041501045227,2879
20.582043886184692,2878
20.582138061523438,2877
20.59330725669861,2876
20.59513807296753,2875
20.59555196762085,2874
20.596696138381958,2873
20.610640048980713,2872
20.611043214797974,2871
20.611683130264282,2870
20.61216402053833,2869
20.613157987594604,2868
20.61334204673767,2867
20.613510847091675,2866
20.613616228103638,2865
20.619132041931152,2864
20.619231939315796,2863
20.620228052139282,2862
20.62118101119995,2861
20.622239112854004,2860
20.62251901626587,2859
20.629346132278442,2858
20.641042947769165,2857
20.642093181610107,2856
20.64434790611267,2855
20.64444327354431,2854
20.645068168640137,2853
20.645542860031128,2852
20.646174907684326,2851
20.646306037902832,2850
20.649842977523804,2849
20.649979829788208,2848
20.650238037109375,2847
20.65041208267212,2846
20.65070414543152,2845
20.650954961776733,2844
20.65367603302002,2843
20.654279947280884,2842
20.65491509437561,2841
20.655092000961304,2840
20.658420085906982,2839
20.659066200256348,2838
20.659205198287964,2837
20.65942096710205,2836
20.673650979995728,2835
20.673712253570557,2834
20.675116062164307,2833
20.675178050994873,2832
20.677805185317993,2831
20.678164958953857,2830
20.67915391921997,2829
20.679861068725586,2828
20.684624195098877,2827
20.685285806655884,2826
20.685392141342163,2825
20.685890197753906,2824
20.6860990524292,2823
20.68628191947937,2822
20.68727397918701,2821
20.687562942504883,2820
20.687696933746338,2819
20.68831706047058,2818
20.688610076904297,2817
20.688791036605835,2816
20.691707849502563,2815
20.692206144332886,2814
20.693206071853638,2813
20.70130205154419,2812
20.701860189437866,2811
20.702558994293213,2810
20.70265817642212,2809
20.70287322998047,2808
20.703970193862915,2807
20.70430302619934,2806
20.70450782775879,2805
20.70465111732483,2804
20.704707145690918,2803
20.705592155456543,2802
20.70651912689209,2801
20.706703186035156,2800
20.706757068634033,2799
20.71334195137024,2798
20.71344304084778,2797
20.71496605873108,2796
20.717844009399414,2795
20.718104124069214,2794
20.71830916404724,2793
20.71853017807007,2792
20.71858501434326,2791
20.718806982040405,2790
20.719086170196533,2789
20.720212936401367,2788
20.72056007385254,2787
20.720617055892944,2786
20.74080204963684,2785
20.7409029006958,2784
20.742480278015137,2783
20.74275803565979,2782
20.74316120147705,2781
20.743293046951294,2780
20.743472814559937,2779
20.74441909790039,2778
20.74485993385315,2777
20.74683713912964,2776
20.747314929962158,2775
20.747633934020996,2774
20.74803614616394,2773
20.750000953674316,2772
20.75042414665222,2771
20.750521183013916,2770
20.752782106399536,2769
20.75307011604309,2768
20.753968954086304,2767
20.754066944122314,2766
20.754406929016113,2765
20.75468897819519,2764
20.755014896392822,2763
20.755451202392578,2762
20.75695300102234,2761
20.75727415084839,2760
20.784443855285645,2759
20.786797046661377,2758
20.791161060333252,2757
20.792196035385132,2756
20.792378187179565,2755
20.79941701889038,2754
20.799474000930786,2753
20.79961395263672,2752
20.828474044799805,2751
20.828902006149292,2750
20.828956842422485,2749
20.82934308052063,2748
20.829885959625244,2747
20.830754041671753,2746
20.830888986587524,2745
20.834578037261963,2744
20.834760904312134,2743
20.835556030273438,2742
20.835729837417603,2741
20.83796501159668,2740
20.838429927825928,2739
20.83910822868347,2738
20.839675188064575,2737
20.84050726890564,2736
20.84061312675476,2735
20.84280300140381,2734
20.842864274978638,2733
20.844522953033447,2732
20.84474015235901,2731
20.844836235046387,2730
20.84553813934326,2729
20.846869945526123,2728
20.847052097320557,2727
20.85383915901184,2726
20.854027032852173,2725
20.855756998062134,2724
20.857136249542236,2723
20.85726809501648,2722
20.863234043121338,2721
20.863927125930786,2720
20.865020036697388,2719
20.86809492111206,2718
20.869840145111084,2717
20.870052099227905,2716
20.870978116989136,2715
20.871052026748657,2714
20.871742963790894,2713
20.87425208091736,2712
20.87445092201233,2711
20.875450134277344,2710
20.886514902114868,2709
20.886986017227173,2708
20.888649940490723,2707
20.895036935806274,2706
20.895961046218872,2705
20.89640712738037,2704
20.896857023239136,2703
20.898174047470093,2702
20.898317098617554,2701
20.900463104248047,2700
20.901468992233276,2699
20.902994871139526,2698
20.90406823158264,2697
20.904129028320312,2696
20.904305934906006,2695
20.905205011367798,2694
20.907649040222168,2693
20.908217191696167,2692
20.908389806747437,2691
20.908828020095825,2690
20.90899896621704,2689
20.90913200378418,2688
20.909724950790405,2687
20.91008996963501,2686
20.911422967910767,2685
20.911634922027588,2684
20.91364097595215,2683
20.913722038269043,2682
20.9137921333313,2681
20.91433024406433,2680
20.915609121322632,2679
20.91909909248352,2678
20.919233083724976,2677
20.9207820892334,2676
20.920914888381958,2675
20.922075986862183,2674
20.92237424850464,2673
20.922770977020264,2672
20.92303991317749,2671
20.923094034194946,2670
20.932099103927612,2669
20.934705018997192,2668
20.935024976730347,2667
20.935088872909546,2666
20.938021898269653,2665
20.938079118728638,2664
20.938316106796265,2663
20.938565254211426,2662
20.938831090927124,2661
20.93896198272705,2660
20.939150094985962,2659
20.93932008743286,2658
20.939763069152832,2657
20.941157817840576,2656
20.941551208496094,2655
20.942069053649902,2654
20.94226312637329,2653
20.94358801841736,2652
20.94425916671753,2651
20.9457790851593,2650
20.946183919906616,2649
20.947749137878418,2648
20.94984197616577,2647
20.950008153915405,2646
20.95145297050476,2645
20.95255208015442,2644
20.95265007019043,2643
20.955281972885132,2642
20.9566330909729,2641
20.96107816696167,2640
20.961214065551758,2639
20.963464975357056,2638
20.964686155319214,2637
20.965447902679443,2636
20.96560001373291,2635
20.966297149658203,2634
20.96651816368103,2633
20.967374086380005,2632
20.96747899055481,2631
20.967713117599487,2630
20.970125198364258,2629
20.970510005950928,2628
20.973061084747314,2627
20.973119974136353,2626
20.973556995391846,2625
20.97393298149109,2624
20.97480607032776,2623
20.977083206176758,2622
20.97810411453247,2621
20.978256940841675,2620
20.978437185287476,2619
20.978847980499268,2618
20.981786251068115,2617
20.982887983322144,2616
20.9842848777771,2615
20.984902143478394,2614
20.995084047317505,2613
20.995768070220947,2612
20.996712923049927,2611
20.99828600883484,2610
20.99862813949585,2609
20.998801946640015,2608
20.998980045318604,2607
21.006098985671997,2606
21.00745701789856,2605
21.009403228759766,2604
21.009542226791382,2603
21.009866952896118,2602
21.01197910308838,2601
21.01212501525879,2600
21.013406991958618,2599
21.0137779712677,2598
21.022754192352295,2597
21.022937059402466,2596
21.02454710006714,2595
21.027769088745117,2594
21.02863097190857,2593
21.028993129730225,2592
21.03039002418518,2591
21.031250953674316,2590
21.03374695777893,2589
21.033849000930786,2588
21.03872799873352,2587
21.039196014404297,2586
21.039995193481445,2585
21.04032802581787,2584
21.043482065200806,2583
21.049341917037964,2582
21.050000190734863,2581
21.05017614364624,2580
21.050905227661133,2579
21.05249309539795,2578
21.068052053451538,2577
21.069152116775513,2576
21.0693039894104,2575
21.069860219955444,2574
21.070230960845947,2573
21.070598125457764,2572
21.071379899978638,2571
21.07163906097412,2570
21.071698904037476,2569
21.07230496406555,2568
21.07247519493103,2567
21.073468923568726,2566
21.073523998260498,2565
21.07378888130188,2564
21.074113130569458,2563
21.074257850646973,2562
21.07836103439331,2561
21.078956127166748,2560
21.07929491996765,2559
21.080646991729736,2558
21.08233118057251,2557
21.085761070251465,2556
21.085949897766113,2555
21.090362071990967,2554
21.090764045715332,2553
21.09211492538452,2552
21.092921018600464,2551
21.094765186309814,2550
21.097137928009033,2549
21.097659826278687,2548
21.10180401802063,2547
21.103191137313843,2546
21.104038953781128,2545
21.104969024658203,2544
21.10717010498047,2543
21.11876893043518,2542
21.119547843933105,2541
21.12235999107361,2540
21.12242102622986,2539
21.128273963928223,2538
21.129744052886963,2537
21.130002975463867,2536
21.13039994239807,2535
21.152685165405273,2534
21.157974004745483,2533
21.158320903778076,2532
21.161691188812256,2531
21.161989212036133,2530
21.162049055099487,2529
21.169531106948853,2528
21.17186999320984,2527
21.17332100868225,2526
21.174332857131958,2525
21.176265954971313,2524
21.177637100219727,2523
21.178868055343628,2522
21.183454990386963,2521
21.184200048446655,2520
21.18564200401306,2519
21.187248945236206,2518
21.18855094909668,2517
21.19040608406067,2516
21.190683841705322,2515
21.19193387031555,2514
21.192502975463867,2513
21.19302201271057,2512
21.193372011184692,2511
21.194722175598145,2510
21.19990301132202,2509
21.20187997817993,2508
21.202677011489868,2507
21.20684814453125,2506
21.2194402217865,2505
21.22159695625305,2504
21.225502967834473,2503
21.226572036743164,2502
21.229677200317383,2501
21.231842041015625,2500
21.232354164123535,2499
21.247068881988525,2498
21.247210025787354,2497
21.24968194961548,2496
21.259162187576294,2495
21.259429216384888,2494
21.27376890182495,2493
21.275023221969604,2492
21.275416135787964,2491
21.277027130126953,2490
21.286574125289917,2489
21.29127597808838,2488
21.291851043701172,2487
21.303574085235596,2486
21.3092520236969,2485
21.317397117614746,2484
21.318352937698364,2483
21.31923508644104,2482
21.323456048965454,2481
21.323650121688843,2480
21.324951171875,2479
21.325390100479126,2478
21.33060884475708,2477
21.333165168762207,2476
21.333446264266968,2475
21.334213256835938,2474
21.33642601966858,2473
21.33961796760559,2472
21.34193515777588,2471
21.34885311126709,2470
21.350117921829224,2469
21.35171604156494,2468
21.354464054107666,2467
21.360501050949097,2466
21.372547149658203,2465
21.373425006866455,2464
21.3757381439209,2463
21.376362085342407,2462
21.37649893760681,2461
21.378432035446167,2460
21.378636121749878,2459
21.37986707687378,2458
21.38007402420044,2457
21.380259037017822,2456
21.380571842193604,2455
21.382281064987183,2454
21.38299798965454,2453
21.383435010910034,2452
21.384511947631836,2451
21.385422229766846,2450
21.391224145889282,2449
21.391741037368774,2448
21.395581007003784,2447
21.400017023086548,2446
21.401063919067383,2445
21.401281118392944,2444
21.40170693397522,2443
21.407861948013306,2442
21.40911889076233,2441
21.412889003753662,2440
21.418811082839966,2439
21.432029008865356,2438
21.432247161865234,2437
21.440877199172974,2436
21.441091060638428,2435
21.456355094909668,2434
21.46254801750183,2433
21.46292996406555,2432
21.463573932647705,2431
21.4648859500885,2430
21.47172212600708,2429
21.476796865463257,2428
21.489478826522827,2427
21.491002082824707,2426
21.49374008178711,2425
21.498451948165894,2424
21.499382972717285,2423
21.500585079193115,2422
21.503546237945557,2421
21.504343032836914,2420
21.506137132644653,2419
21.509040117263794,2418
21.51416015625,2417
21.524556159973145,2416
21.526036977767944,2415
21.528330087661743,2414
21.54165816307068,2413
21.544811964035034,2412
21.554853916168213,2411
21.55640196800232,2410
21.55875301361084,2409
21.56002402305603,2408
21.565614223480225,2407
21.56609606742859,2406
21.581398010253906,2405
21.58418607711792,2404
21.617105960845947,2403
21.621045112609863,2402
21.68160104751587,2401
21.690518140792847,2400
21.719077825546265,2399
21.720080852508545,2398
21.739243984222412,2397
21.742630004882812,2396
21.77689504623413,2395
21.790638208389282,2394
21.803909063339233,2393
21.804816961288452,2392
21.83983302116394,2391
21.892120122909546,2390
21.97641396522522,2389
21.991610050201416,2388
22.184665203094482,2387
22.265949964523315,2386
