0.003854036331176758,4891
0.007893085479736328,4890
0.0117340087890625,4889
0.015674829483032227,4888
0.0193479061126709,4887
0.023175954818725586,4886
0.02684497833251953,4885
0.03057098388671875,4884
0.03404808044433594,4883
0.03781723976135254,4882
0.0414128303527832,4881
0.045046091079711914,4880
0.04855513572692871,4879
0.05223202705383301,4878
0.055940866470336914,4877
0.05973196029663086,4876
0.06333398818969727,4875
0.06720304489135742,4874
0.07094311714172363,4873
0.07482004165649414,4872
0.07845711708068848,4871
0.08235597610473633,4870
0.08845400810241699,4869
0.09212803840637207,4868
0.09601402282714844,4867
0.09975504875183105,4866
0.10356998443603516,4865
0.10718607902526855,4864
0.11106514930725098,4863
0.1147451400756836,4862
0.11828804016113281,4861
0.12160110473632812,4860
0.12502312660217285,4859
0.12833690643310547,4858
0.13177919387817383,4857
0.1350688934326172,4856
0.13847899436950684,4855
0.1417391300201416,4854
0.1451411247253418,4853
0.1484391689300537,4852
0.15186095237731934,4851
0.15514397621154785,4850
0.1585538387298584,4849
0.16183996200561523,4848
0.16527104377746582,4847
0.16857600212097168,4846
0.17198705673217773,4845
0.175278902053833,4844
0.17870402336120605,4843
0.18200922012329102,4842
0.18546009063720703,4841
0.18883514404296875,4840
0.19231796264648438,4839
0.1955888271331787,4838
0.1990070343017578,4837
0.20229101181030273,4836
0.20569086074829102,4835
0.20897698402404785,4834
0.21252894401550293,4833
0.21616911888122559,4832
0.22009706497192383,4831
0.2237231731414795,4830
0.22765016555786133,4829
0.23135805130004883,4828
0.2352142333984375,4827
0.2388758659362793,4826
0.24592113494873047,4825
0.2498149871826172,4824
0.25351810455322266,4823
0.25734996795654297,4822
0.26079487800598145,4821
0.26432204246520996,4820
0.2675809860229492,4819
0.2710270881652832,4818
0.2742800712585449,4817
0.27960801124572754,4816
0.28305482864379883,4815
0.28630614280700684,4814
0.2897500991821289,4813
0.29300785064697266,4812
0.2964649200439453,4811
0.2997162342071533,4810
0.30315709114074707,4809
0.3064441680908203,4808
0.3133111000061035,4807
0.3170480728149414,4806
0.3204538822174072,4805
0.32401013374328613,4804
0.32732701301574707,4803
0.3308401107788086,4802
0.33414506912231445,4801
0.33765316009521484,4800
0.3409709930419922,4799
0.34449219703674316,4798
0.347797155380249,4797
0.35126519203186035,4796
0.3545701503753662,4795
0.3580620288848877,4794
0.3613598346710205,4793
0.36486291885375977,4792
0.3681821823120117,4791
0.37166810035705566,4790
0.37495899200439453,4789
0.37846803665161133,4788
0.38178586959838867,4787
0.38529205322265625,4786
0.38857102394104004,4785
0.39207983016967773,4784
0.3954000473022461,4783
0.3989131450653076,4782
0.4022200107574463,4781
0.40572404861450195,4780
0.4090240001678467,4779
0.4125080108642578,4778
0.4157891273498535,4777
0.41930294036865234,4776
0.42261719703674316,4775
0.42611098289489746,4774
0.42938709259033203,4773
0.43288493156433105,4772
0.4361910820007324,4771
0.4397099018096924,4770
0.44303321838378906,4769
0.4465348720550537,4768
0.4498469829559326,4767
0.45334720611572266,4766
0.4566659927368164,4765
0.46017909049987793,4764
0.46347498893737793,4763
0.4669661521911621,4762
0.47026586532592773,4761
0.47376418113708496,4760
0.4770681858062744,4759
0.4805471897125244,4758
0.48383116722106934,4757
0.4873230457305908,4756
0.49071693420410156,4755
0.4943430423736572,4754
0.49768710136413574,4753
0.5011909008026123,4752
0.5046210289001465,4751
0.5081229209899902,4750
0.511646032333374,4749
0.5154099464416504,4748
0.5188360214233398,4747
0.5223071575164795,4746
0.5256059169769287,4745
0.5290582180023193,4744
0.5323569774627686,4743
0.5358121395111084,4742
0.5391340255737305,4741
0.5426089763641357,4740
0.5460391044616699,4739
0.5498299598693848,4738
0.5532710552215576,4737
0.5567760467529297,4736
0.5601050853729248,4735
0.5635831356048584,4734
0.5669100284576416,4733
0.5703728199005127,4732
0.5737600326538086,4731
0.5773870944976807,4730
0.5807249546051025,4729
0.5841968059539795,4728
0.5874850749969482,4727
0.5909819602966309,4726
0.5943071842193604,4725
0.5978398323059082,4724
0.601146936416626,4723
0.6046390533447266,4722
0.6079380512237549,4721
0.6117041110992432,4720
0.6152260303497314,4719
0.6187179088592529,4718
0.6220879554748535,4717
0.6255660057067871,4716
0.6289029121398926,4715
0.6323819160461426,4714
0.635714054107666,4713
0.6391518115997314,4712
0.6424839496612549,4711
0.6459698677062988,4710
0.6493070125579834,4709
0.6527619361877441,4708
0.656074047088623,4707
0.6595520973205566,4706
0.6629011631011963,4705
0.6663661003112793,4704
0.6697001457214355,4703
0.6731929779052734,4702
0.6765179634094238,4701
0.6799910068511963,4700
0.6833090782165527,4699
0.6867630481719971,4698
0.6900770664215088,4697
0.6935539245605469,4696
0.6968891620635986,4695
0.7003772258758545,4694
0.70371413230896,4693
0.70719313621521,4692
0.7105820178985596,4691
0.7140591144561768,4690
0.7173759937286377,4689
0.720836877822876,4688
0.7241611480712891,4687
0.7275881767272949,4686
0.7308909893035889,4685
0.734375,4684
0.737678050994873,4683
0.7411220073699951,4682
0.7444548606872559,4681
0.7479298114776611,4680
0.7512919902801514,4679
0.754770040512085,4678
0.7580909729003906,4677
0.761530876159668,4676
0.7648379802703857,4675
0.7683110237121582,4674
0.7716350555419922,4673
0.7751131057739258,4672
0.778433084487915,4671
0.7819020748138428,4670
0.7852230072021484,4669
0.7886888980865479,4668
0.7920289039611816,4667
0.7955160140991211,4666
0.7988429069519043,4665
0.8023290634155273,4664
0.805678129196167,4663
0.8091390132904053,4662
0.8124580383300781,4661
0.8159098625183105,4660
0.819227933883667,4659
0.8226749897003174,4658
0.8259680271148682,4657
0.8294532299041748,4656
0.832787036895752,4655
0.836230993270874,4654
0.8395431041717529,4653
0.8429901599884033,4652
0.8463339805603027,4651
0.8497660160064697,4650
0.8530921936035156,4649
0.8565709590911865,4648
0.85990309715271,4647
0.8633730411529541,4646
0.8667049407958984,4645
0.8701691627502441,4644
0.873492956161499,4643
0.876943826675415,4642
0.8802680969238281,4641
0.8837521076202393,4640
0.8870799541473389,4639
0.8905410766601562,4638
0.8938381671905518,4637
0.8973121643066406,4636
0.9006490707397461,4635
0.9041211605072021,4634
0.9074492454528809,4633
0.9108848571777344,4632
0.914168119430542,4631
0.9175980091094971,4630
0.9208910465240479,4629
0.9243531227111816,4628
0.9276528358459473,4627
0.9312751293182373,4626
0.9347779750823975,4625
0.9384078979492188,4624
0.9422578811645508,4623
0.9484639167785645,4622
0.953125,4621
0.9573240280151367,4620
0.9611661434173584,4619
0.9650812149047852,4618
0.9690370559692383,4617
0.972898006439209,4616
0.976384162902832,4615
0.9799580574035645,4614
0.9838430881500244,4613
0.9877099990844727,4612
0.9911849498748779,4611
0.9946620464324951,4610
0.9979779720306396,4609
1.0014111995697021,4608
1.004702091217041,4607
1.0081229209899902,4606
1.0114150047302246,4605
1.014836072921753,4604
1.0181188583374023,4603
1.0215198993682861,4602
1.0248022079467773,4601
1.028217077255249,4600
1.031507968902588,4599
1.0349221229553223,4598
1.0381979942321777,4597
1.0416069030761719,4596
1.0449049472808838,4595
1.0483269691467285,4594
1.0516119003295898,4593
1.0550360679626465,4592
1.058319091796875,4591
1.0617339611053467,4590
1.0650272369384766,4589
1.068444013595581,4588
1.071732997894287,4587
1.0751540660858154,4586
1.0784242153167725,4585
1.0818288326263428,4584
1.0851290225982666,4583
1.0885610580444336,4582
1.0918478965759277,4581
1.0952579975128174,4580
1.0985522270202637,4579
1.1019721031188965,4578
1.1052570343017578,4577
1.1086668968200684,4576
1.1119580268859863,4575
1.1153779029846191,4574
1.1186509132385254,4573
1.1220521926879883,4572
1.1253321170806885,4571
1.128753900527954,4570
1.1320409774780273,4569
1.1354520320892334,4568
1.1387410163879395,4567
1.1421692371368408,4566
1.1455051898956299,4565
1.1489338874816895,4564
1.1522161960601807,4563
1.1556329727172852,4562
1.1589069366455078,4561
1.1623151302337646,4560
1.1656200885772705,4559
1.169060230255127,4558
1.1723480224609375,4557
1.1757628917694092,4556
1.1790339946746826,4555
1.1824400424957275,4554
1.185722827911377,4553
1.1891400814056396,4552
1.192439079284668,4551
1.1958589553833008,4550
1.19913911819458,4549
1.2025768756866455,4548
1.2058801651000977,4547
1.2095670700073242,4546
1.2133991718292236,4545
1.216961145401001,4544
1.220276117324829,4543
1.2237141132354736,4542
1.2269959449768066,4541
1.230410099029541,4540
1.2336740493774414,4539
1.237097978591919,4538
1.2403841018676758,4537
1.2438011169433594,4536
1.247070074081421,4535
1.2504780292510986,4534
1.2537569999694824,4533
1.2571961879730225,4532
1.260462999343872,4531
1.26387619972229,4530
1.2671501636505127,4529
1.2705800533294678,4528
1.2738580703735352,4527
1.2772650718688965,4526
1.2805330753326416,4525
1.2839539051055908,4524
1.2872309684753418,4523
1.2906410694122314,4522
1.2939138412475586,4521
1.297347068786621,4520
1.3006210327148438,4519
1.304028034210205,4518
1.3072950839996338,4517
1.310718059539795,4516
1.3139939308166504,4515
1.3174018859863281,4514
1.320667028427124,4513
1.3240718841552734,4512
1.32735013961792,4511
1.3307690620422363,4510
1.334036111831665,4509
1.33744215965271,4508
1.3407199382781982,4507
1.3441431522369385,4506
1.3474178314208984,4505
1.3508269786834717,4504
1.3541090488433838,4503
1.3575680255889893,4502
1.3608551025390625,4501
1.364267110824585,4500
1.367537021636963,4499
1.3709619045257568,4498
1.3742358684539795,4497
1.3776469230651855,4496
1.380924940109253,4495
1.3843441009521484,4494
1.3876190185546875,4493
1.391057014465332,4492
1.3943171501159668,4491
1.3977291584014893,4490
1.401007890701294,4489
1.404433012008667,4488
1.4077060222625732,4487
1.4111299514770508,4486
1.4144048690795898,4485
1.4178199768066406,4484
1.4211010932922363,4483
1.4245288372039795,4482
1.4278149604797363,4481
1.4312419891357422,4480
1.4345312118530273,4479
1.4379470348358154,4478
1.4412119388580322,4477
1.4446220397949219,4476
1.44789719581604,4475
1.4513039588928223,4474
1.4546098709106445,4473
1.4580481052398682,4472
1.461327075958252,4471
1.4647440910339355,4470
1.4680252075195312,4469
1.471459150314331,4468
1.474726915359497,4467
1.478135108947754,4466
1.4813990592956543,4465
1.484821081161499,4464
1.4881000518798828,4463
1.491513967514038,4462
1.4947800636291504,4461
1.498208999633789,4460
1.5014910697937012,4459
1.5049049854278564,4458
1.5081770420074463,4457
1.5116009712219238,4456
1.5148770809173584,4455
1.518287181854248,4454
1.5215811729431152,4453
1.5250072479248047,4452
1.528282880783081,4451
1.5317089557647705,4450
1.5349981784820557,4449
1.538412094116211,4448
1.541693925857544,4447
1.545112133026123,4446
1.5483839511871338,4445
1.5517902374267578,4444
1.5550651550292969,4443
1.5584871768951416,4442
1.561772108078003,4441
1.5651981830596924,4440
1.5685091018676758,4439
1.5719361305236816,4438
1.5752170085906982,4437
1.5786399841308594,4436
1.5819110870361328,4435
1.5853190422058105,4434
1.5885839462280273,4433
1.5920078754425049,4432
1.5952870845794678,4431
1.5987069606781006,4430
1.6019821166992188,4429
1.6054069995880127,4428
1.60868501663208,4427
1.6121079921722412,4426
1.6153919696807861,4425
1.6188201904296875,4424
1.6220910549163818,4423
1.6255218982696533,4422
1.6288042068481445,4421
1.632218837738037,4420
1.635512113571167,4419
1.6389451026916504,4418
1.6422221660614014,4417
1.6456470489501953,4416
1.6489150524139404,4415
1.6523258686065674,4414
1.655592918395996,4413
1.6590220928192139,4412
1.662302017211914,4411
1.6656949520111084,4410
1.6689741611480713,4409
1.672410011291504,4408
1.6756811141967773,4407
1.6790962219238281,4406
1.682365894317627,4405
1.6857900619506836,4404
1.6890718936920166,4403
1.6924889087677002,4402
1.6957571506500244,4401
1.6991889476776123,4400
1.7024719715118408,4399
1.7058889865875244,4398
1.7091760635375977,4397
1.71260404586792,4396
1.7158751487731934,4395
1.7192871570587158,4394
1.7225759029388428,4393
1.7259981632232666,4392
1.7292759418487549,4391
1.7327120304107666,4390
1.735996961593628,4389
1.7394139766693115,4388
1.742732048034668,4387
1.7461650371551514,4386
1.749445915222168,4385
1.7528760433197021,4384
1.7561590671539307,4383
1.7595810890197754,4382
1.7628600597381592,4381
1.7662930488586426,4380
1.769577980041504,4379
1.7729921340942383,4378
1.776271104812622,4377
1.7797539234161377,4376
1.783055067062378,4375
1.7864949703216553,4374
1.7897889614105225,4373
1.7932229042053223,4372
1.7965059280395508,4371
1.7999250888824463,4370
1.8032031059265137,4369
1.8066298961639404,4368
1.8099122047424316,4367
1.8133299350738525,4366
1.8166248798370361,4365
1.8200562000274658,4364
1.8233389854431152,4363
1.8267550468444824,4362
1.8300318717956543,4361
1.833465814590454,4360
1.8367528915405273,4359
1.840174913406372,4358
1.8434650897979736,4357
1.846891164779663,4356
1.8501849174499512,4355
1.8536179065704346,4354
1.8569090366363525,4353
1.8603332042694092,4352
1.8636209964752197,4351
1.8670642375946045,4350
1.8703420162200928,4349
1.87375807762146,4348
1.8770408630371094,4347
1.8804690837860107,4346
1.8837471008300781,4345
1.8871729373931885,4344
1.890456199645996,4343
1.893876075744629,4342
1.8971588611602783,4341
1.9005990028381348,4340
1.9038910865783691,4339
1.907304048538208,4338
1.9126789569854736,4337
1.9159460067749023,4336
1.9193811416625977,4335
1.922672986984253,4334
1.9261009693145752,4333
1.9293889999389648,4332
1.9328091144561768,4331
1.9360792636871338,4330
1.939507007598877,4329
1.9427900314331055,4328
1.946213960647583,4327
1.9494879245758057,4326
1.9529201984405518,4325
1.956205129623413,4324
1.9596259593963623,4323
1.9629020690917969,4322
1.966343879699707,4321
1.9696290493011475,4320
1.9730660915374756,4319
1.9763610363006592,4318
1.9798099994659424,4317
1.9831161499023438,4316
1.98655104637146,4315
1.9899120330810547,4314
1.9934978485107422,4313
1.9969470500946045,4312
2.0005300045013428,4311
2.0039191246032715,4310
2.00736403465271,4309
2.0106818675994873,4308
2.014134168624878,4307
2.017458915710449,4306
2.020932912826538,4305
2.024257183074951,4304
2.0277161598205566,4303
2.031022071838379,4302
2.0344719886779785,4301
2.037783145904541,4300
2.041254997253418,4299
2.0445709228515625,4298
2.048029899597168,4297
2.051321029663086,4296
2.054788112640381,4295
2.058119058609009,4294
2.0615880489349365,4293
2.064892053604126,4292
2.0683789253234863,4291
2.0717101097106934,4290
2.075221061706543,4289
2.078568935394287,4288
2.0820350646972656,4287
2.085376024246216,4286
2.0888588428497314,4285
2.0921969413757324,4284
2.0956830978393555,4283
2.0990002155303955,4282
2.1024980545043945,4281
2.1058640480041504,4280
2.1093661785125732,4279
2.112713098526001,4278
2.1162099838256836,4277
2.1195478439331055,4276
2.1230201721191406,4275
2.1264121532440186,4274
2.1300768852233887,4273
2.1334989070892334,4272
2.1370041370391846,4271
2.1403441429138184,4270
2.1438510417938232,4269
2.1471681594848633,4268
2.1506640911102295,4267
2.1540119647979736,4266
2.157518148422241,4265
2.1608641147613525,4264
2.164386034011841,4263
2.1677350997924805,4262
2.1712429523468018,4261
2.1745669841766357,4260
2.1780500411987305,4259
2.1813900470733643,4258
2.1849050521850586,4257
2.1882541179656982,4256
2.1917598247528076,4255
2.195154905319214,4254
2.1987860202789307,4253
2.202234983444214,4252
2.2057859897613525,4251
2.2092061042785645,4250
2.21272611618042,4249
2.2160682678222656,4248
2.219558000564575,4247
2.222872018814087,4246
2.226379156112671,4245
2.2297229766845703,4244
2.233215093612671,4243
2.2365682125091553,4242
2.2400689125061035,4241
2.2433900833129883,4240
2.248828887939453,4239
2.2523000240325928,4238
2.25565505027771,4237
2.259152889251709,4236
2.262471914291382,4235
2.265965223312378,4234
2.2692959308624268,4233
2.2727859020233154,4232
2.2761359214782715,4231
2.279637098312378,4230
2.282960891723633,4229
2.286452054977417,4228
2.2897770404815674,4227
2.2932779788970947,4226
2.2966020107269287,4225
2.300075054168701,4224
2.3034019470214844,4223
2.306910991668701,4222
2.3102478981018066,4221
2.3138110637664795,4220
2.31715989112854,4219
2.3206570148468018,4218
2.323958158493042,4217
2.3274428844451904,4216
2.330787181854248,4215
2.334290027618408,4214
2.337615966796875,4213
2.3411099910736084,4212
2.3444390296936035,4211
2.3479151725769043,4210
2.3512120246887207,4209
2.354720115661621,4208
2.3580732345581055,4207
2.361553907394409,4206
2.36489200592041,4205
2.368377923965454,4204
2.3716959953308105,4203
2.375196933746338,4202
2.378535032272339,4201
2.382021903991699,4200
2.385364055633545,4199
2.3888609409332275,4198
2.3922510147094727,4197
2.395807981491089,4196
2.399152994155884,4195
2.4026429653167725,4194
2.4059810638427734,4193
2.4094650745391846,4192
2.4128079414367676,4191
2.4162960052490234,4190
2.4196200370788574,4189
2.423099994659424,4188
2.4264891147613525,4187
2.429986000061035,4186
2.433316230773926,4185
2.436800003051758,4184
2.4401469230651855,4183
2.443629026412964,4182
2.4469590187072754,4181
2.4504330158233643,4180
2.453765869140625,4179
2.4572649002075195,4178
2.4606220722198486,4177
2.464109182357788,4176
2.4674439430236816,4175
2.470935106277466,4174
2.4742929935455322,4173
2.4777510166168213,4172
2.4810922145843506,4171
2.4845690727233887,4170
2.4879250526428223,4169
2.491431951522827,4168
2.494781017303467,4167
2.498271942138672,4166
2.501617908477783,4165
2.505120038986206,4164
2.508449077606201,4163
2.5119149684906006,4162
2.5152640342712402,4161
2.51875901222229,4160
2.5220999717712402,4159
2.525581121444702,4158
2.528921127319336,4157
2.532419204711914,4156
2.535776138305664,4155
2.539255142211914,4154
2.5425941944122314,4153
2.5460848808288574,4152
2.549437999725342,4151
2.5529239177703857,4150
2.556267023086548,4149
2.55977201461792,4148
2.563117027282715,4147
2.5665879249572754,4146
2.5699291229248047,4145
2.573430061340332,4144
2.5767838954925537,4143
2.580264091491699,4142
2.5836238861083984,4141
2.587127208709717,4140
2.5904488563537598,4139
2.593954086303711,4138
2.597304105758667,4137
2.6007838249206543,4136
2.6041390895843506,4135
2.6076371669769287,4134
2.6109819412231445,4133
2.6144609451293945,4132
2.6178131103515625,4131
2.6213231086730957,4130
2.62467622756958,4129
2.6281580924987793,4128
2.6314940452575684,4127
2.6349780559539795,4126
2.638329029083252,4125
2.6418728828430176,4124
2.6452369689941406,4123
2.648732900619507,4122
2.6520771980285645,4121
2.6555800437927246,4120
2.658951997756958,4119
2.662451982498169,4118
2.6657888889312744,4117
2.6692750453948975,4116
2.6726138591766357,4115
2.676123857498169,4114
2.6794750690460205,4113
2.6829800605773926,4112
2.6863319873809814,4111
2.6898529529571533,4110
2.693202018737793,4109
2.696687936782837,4108
2.700014114379883,4107
2.7034950256347656,4106
2.7068428993225098,4105
2.7103419303894043,4104
2.716928005218506,4103
2.7202601432800293,4102
2.7237489223480225,4101
2.7270941734313965,4100
2.730563163757324,4099
2.7338812351226807,4098
2.737370014190674,4097
2.7407188415527344,4096
2.7442009449005127,4095
2.747544050216675,4094
2.7510368824005127,4093
2.7543938159942627,4092
2.7578859329223633,4091
2.761228084564209,4090
2.764708995819092,4089
2.768049955368042,4088
2.7715070247650146,4087
2.774868965148926,4086
2.778373956680298,4085
2.781738042831421,4084
2.7852280139923096,4083
2.788577079772949,4082
2.7920870780944824,4081
2.795443058013916,4080
2.7989330291748047,4079
2.802293062210083,4078
2.805803060531616,4077
2.8091788291931152,4076
2.812701940536499,4075
2.8160600662231445,4074
2.819556951522827,4073
2.8228909969329834,4072
2.826378107070923,4071
2.8297369480133057,4070
2.8332290649414062,4069
2.8365681171417236,4068
2.840039014816284,4067
2.8433799743652344,4066
2.8468658924102783,4065
2.8501691818237305,4064
2.8536159992218018,4063
2.8569700717926025,4062
2.860490083694458,4061
2.863813877105713,4060
2.867276191711426,4059
2.870600938796997,4058
2.874053955078125,4057
2.877362012863159,4056
2.8808319568634033,4055
2.884155035018921,4054
2.8876092433929443,4053
2.8909220695495605,4052
2.8943848609924316,4051
2.8977129459381104,4050
2.901149034500122,4049
2.9044649600982666,4048
2.9079320430755615,4047
2.9112510681152344,4046
2.914693832397461,4045
2.917998790740967,4044
2.9214651584625244,4043
2.9247848987579346,4042
2.928231954574585,4041
2.931536912918091,4040
2.935001850128174,4039
2.938323974609375,4038
2.94175386428833,4037
2.945068120956421,4036
2.9485321044921875,4035
2.9518489837646484,4034
2.9552791118621826,4033
2.9585859775543213,4032
2.962052822113037,4031
2.9653589725494385,4030
2.968806028366089,4029
2.9721310138702393,4028
2.975594997406006,4027
2.9789090156555176,4026
2.9823570251464844,4025
2.9856860637664795,4024
2.9891440868377686,4023
2.9924540519714355,4022
2.9959120750427246,4021
2.999229907989502,4020
3.0026819705963135,4019
3.005977153778076,4018
3.009392023086548,4017
3.0126841068267822,4016
3.0161190032958984,4015
3.019395112991333,4014
3.0227999687194824,4013
3.026116132736206,4012
3.0296618938446045,4011
3.033215045928955,4010
3.036936044692993,4009
3.0405290126800537,4008
3.0443761348724365,4007
3.047950029373169,4006
3.0516281127929688,4005
3.0550971031188965,4004
3.0587241649627686,4003
3.0622148513793945,4002
3.065857172012329,4001
3.069378137588501,4000
3.0732879638671875,3999
3.077012062072754,3998
3.080979108810425,3997
3.0847220420837402,3996
3.08860182762146,3995
3.0922629833221436,3994
3.0962109565734863,3993
3.0998332500457764,3992
3.103577136993408,3991
3.1070761680603027,3990
3.1107170581817627,3989
3.1141860485076904,3988
3.1177990436553955,3987
3.1212549209594727,3986
3.124897003173828,3985
3.128382921218872,3984
3.1320369243621826,3983
3.135535955429077,3982
3.139151096343994,3981
3.1425890922546387,3980
3.146225929260254,3979
3.149721145629883,3978
3.1533470153808594,3977
3.1568050384521484,3976
3.1604161262512207,3975
3.163870096206665,3974
3.1675031185150146,3973
3.170983076095581,3972
3.174622058868408,3971
3.1780900955200195,3970
3.181684970855713,3969
3.185137987136841,3968
3.188751220703125,3967
3.192199945449829,3966
3.195827007293701,3965
3.199310064315796,3964
3.2029340267181396,3963
3.206376075744629,3962
3.2099950313568115,3961
3.213444948196411,3960
3.217027187347412,3959
3.220402956008911,3958
3.2240231037139893,3957
3.227504014968872,3956
3.2311580181121826,3955
3.2346408367156982,3954
3.2382311820983887,3953
3.241703987121582,3952
3.245305061340332,3951
3.2487950325012207,3950
3.252397060394287,3949
3.2558679580688477,3948
3.25947904586792,3947
3.262948989868164,3946
3.2665460109710693,3945
3.2700281143188477,3944
3.27365779876709,3943
3.2771029472351074,3942
3.2806880474090576,3941
3.2841601371765137,3940
3.2878029346466064,3939
3.2912521362304688,3938
3.2948081493377686,3937
3.2982258796691895,3936
3.301859140396118,3935
3.305285930633545,3934
3.3088629245758057,3933
3.312222957611084,3932
3.315701961517334,3931
3.3190360069274902,3930
3.322502851486206,3929
3.325822114944458,3928
3.329274892807007,3927
3.332612991333008,3926
3.336097002029419,3925
3.339462995529175,3924
3.342996120452881,3923
3.346346139907837,3922
3.350069046020508,3921
3.3536620140075684,3920
3.357375144958496,3919
3.360944986343384,3918
3.3646411895751953,3917
3.3682188987731934,3916
3.3719770908355713,3915
3.375704050064087,3914
3.3795158863067627,3913
3.383173942565918,3912
3.3869400024414062,3911
3.3905680179595947,3910
3.394306182861328,3909
3.3979358673095703,3908
3.401716947555542,3907
3.4054012298583984,3906
3.4091410636901855,3905
3.4128060340881348,3904
3.4165141582489014,3903
3.4201531410217285,3902
3.42379093170166,3901
3.4274890422821045,3900
3.4311931133270264,3899
3.4345929622650146,3898
3.438070058822632,3897
3.4414100646972656,3896
3.444868803024292,3895
3.448193073272705,3894
3.4516658782958984,3893
3.4549992084503174,3892
3.4584579467773438,3891
3.4617979526519775,3890
3.465284824371338,3889
3.4686291217803955,3888
3.4721128940582275,3887
3.4754600524902344,3886
3.4789178371429443,3885
3.482248067855835,3884
3.4857118129730225,3883
3.489091157913208,3882
3.492645025253296,3881
3.496004104614258,3880
3.4994781017303467,3879
3.5028061866760254,3878
3.506269931793213,3877
3.5096030235290527,3876
3.5130600929260254,3875
3.516378879547119,3874
3.5198490619659424,3873
3.523245096206665,3872
3.5267341136932373,3871
3.5300710201263428,3870
3.5335402488708496,3869
3.5368661880493164,3868
3.5403170585632324,3867
3.543678045272827,3866
3.547152042388916,3865
3.55047607421875,3864
3.5539350509643555,3863
3.557265043258667,3862
3.5607330799102783,3861
3.564069986343384,3860
3.567533016204834,3859
3.5708670616149902,3858
3.574363946914673,3857
3.5776851177215576,3856
3.58113694190979,3855
3.584484815597534,3854
3.587937116622925,3853
3.59126615524292,3852
3.5947232246398926,3851
3.5980560779571533,3850
3.601519823074341,3849
3.6048550605773926,3848
3.608330011367798,3847
3.611671209335327,3846
3.615138053894043,3845
3.618455171585083,3844
3.6219210624694824,3843
3.6252670288085938,3842
3.628732919692993,3841
3.6320550441741943,3840
3.6355020999908447,3839
3.638829231262207,3838
3.642296075820923,3837
3.6456258296966553,3836
3.6490869522094727,3835
3.6524081230163574,3834
3.655893087387085,3833
3.659219980239868,3832
3.6626529693603516,3831
3.6659810543060303,3830
3.6694650650024414,3829
3.6727960109710693,3828
3.6762571334838867,3827
3.6795568466186523,3826
3.6830148696899414,3825
3.686359167098999,3824
3.6898272037506104,3823
3.693166971206665,3822
3.696650981903076,3821
3.699976921081543,3820
3.7034361362457275,3819
3.706766128540039,3818
3.710237979888916,3817
3.713567018508911,3816
3.7170259952545166,3815
3.7203400135040283,3814
3.7238070964813232,3813
3.7303359508514404,3812
3.733668088912964,3811
3.737149953842163,3810
3.740544080734253,3809
3.7440221309661865,3808
3.747368097305298,3807
3.7508418560028076,3806
3.7541770935058594,3805
3.7576379776000977,3804
3.7609570026397705,3803
3.7644240856170654,3802
3.767760992050171,3801
3.771224021911621,3800
3.7745490074157715,3799
3.7780091762542725,3798
3.781329870223999,3797
3.7847869396209717,3796
3.788115978240967,3795
3.7915918827056885,3794
3.7949299812316895,3793
3.7983901500701904,3792
3.801724910736084,3791
3.805206060409546,3790
3.8085498809814453,3789
3.8120009899139404,3788
3.8153321743011475,3787
3.818789005279541,3786
3.8221030235290527,3785
3.8255629539489746,3784
3.8288869857788086,3783
3.832353115081787,3782
3.8356869220733643,3781
3.839172124862671,3780
3.8425159454345703,3779
3.845996141433716,3778
3.849318027496338,3777
3.8527748584747314,3776
3.856255054473877,3775
3.859990119934082,3774
3.8635342121124268,3773
3.8672640323638916,3772
3.8709068298339844,3771
3.874723196029663,3770
3.878276824951172,3769
3.8818838596343994,3768
3.885348081588745,3767
3.888967990875244,3766
3.892390012741089,3765
3.8958899974823,3764
3.89923095703125,3763
3.902695894241333,3762
3.906013011932373,3761
3.9094789028167725,3760
3.9128270149230957,3759
3.9163079261779785,3758
3.91965389251709,3757
3.9231181144714355,3756
3.926419973373413,3755
3.9298720359802246,3754
3.9332029819488525,3753
3.936668872833252,3752
3.9400079250335693,3751
3.9434728622436523,3750
3.946790933609009,3749
3.950263023376465,3748
3.953636884689331,3747
3.9571621417999268,3746
3.960512161254883,3745
3.9639880657196045,3744
3.9673070907592773,3743
3.970762014389038,3742
3.9740920066833496,3741
3.977576971054077,3740
3.9809200763702393,3739
3.9843971729278564,3738
3.9877262115478516,3737
3.9911890029907227,3736
3.994521141052246,3735
3.997981071472168,3734
4.001319885253906,3733
4.004789113998413,3732
4.011522054672241,3731
4.014867067337036,3730
4.01834511756897,3729
4.021682024002075,3728
4.025155067443848,3727
4.028470039367676,3726
4.031917095184326,3725
4.0352489948272705,3724
4.038690090179443,3723
4.0420238971710205,3722
4.045497894287109,3721
4.048813104629517,3720
4.052257061004639,3719
4.055589914321899,3718
4.0590479373931885,3717
4.062373876571655,3716
4.065843105316162,3715
4.0691750049591064,3714
4.072649002075195,3713
4.075987100601196,3712
4.079456090927124,3711
4.082789897918701,3710
4.086271047592163,3709
4.08964991569519,3708
4.093210935592651,3707
4.096591234207153,3706
4.100100040435791,3705
4.103459119796753,3704
4.106952905654907,3703
4.110296010971069,3702
4.113801956176758,3701
4.117179870605469,3700
4.12069296836853,3699
4.1240599155426025,3698
4.1275599002838135,3697
4.130898952484131,3696
4.134363889694214,3695
4.137732982635498,3694
4.141228199005127,3693
4.144575119018555,3692
4.148076057434082,3691
4.151432991027832,3690
4.154908895492554,3689
4.158251047134399,3688
4.161738157272339,3687
4.165085077285767,3686
4.1685471534729,3685
4.171875238418579,3684
4.175390958786011,3683
4.178746938705444,3682
4.182214975357056,3681
4.185541868209839,3680
4.188999891281128,3679
4.192316055297852,3678
4.195780992507935,3677
4.199129104614258,3676
4.202600002288818,3675
4.205939054489136,3674
4.209411144256592,3673
4.21590518951416,3672
4.219238996505737,3671
4.2227020263671875,3670
4.2306718826293945,3669
4.234122037887573,3668
4.240302801132202,3667
4.246362924575806,3666
4.249678134918213,3665
4.255321979522705,3664
4.264189958572388,3663
4.2736430168151855,3662
4.284473180770874,3661
4.290041923522949,3660
4.296453952789307,3659
4.302314043045044,3658
4.30818510055542,3657
4.313806056976318,3656
4.31952691078186,3655
4.330458879470825,3654
4.333935022354126,3653
4.337255001068115,3652
4.340713977813721,3651
4.344059944152832,3650
4.35042405128479,3649
4.353869199752808,3648
4.3593549728393555,3647
4.368033170700073,3646
4.371495008468628,3645
4.374829053878784,3644
4.378305196762085,3643
4.387543201446533,3642
4.391002893447876,3641
4.3943190574646,3640
4.397779941558838,3639
4.401122093200684,3638
4.407727003097534,3637
4.418442010879517,3636
4.4249961376190186,3635
4.428454875946045,3634
4.43178915977478,3633
4.440596103668213,3632
4.443933010101318,3631
4.4474029541015625,3630
4.455681085586548,3629
4.461014032363892,3628
4.464471101760864,3627
4.4731810092926025,3626
4.476657867431641,3625
4.479986906051636,3624
4.486577033996582,3623
4.492784023284912,3622
4.499517917633057,3621
4.503213167190552,3620
4.506781101226807,3619
4.510577917098999,3618
4.51662802696228,3617
4.5220911502838135,3616
4.528850078582764,3615
4.532197952270508,3614
4.5356669425964355,3613
4.53901219367981,3612
4.542474031448364,3611
4.545803070068359,3610
4.549278974533081,3609
4.552623987197876,3608
4.556085109710693,3607
4.559435129165649,3606
4.562922954559326,3605
4.566277980804443,3604
4.569753170013428,3603
4.573096990585327,3602
4.582543134689331,3601
4.585876941680908,3600
4.589354038238525,3599
4.595536947250366,3598
4.598896026611328,3597
4.604514122009277,3596
4.612879276275635,3595
4.616241931915283,3594
4.622212171554565,3593
4.625686168670654,3592
4.628989934921265,3591
4.632446050643921,3590
4.635791063308716,3589
4.639271974563599,3588
4.649310111999512,3587
4.652766942977905,3586
4.65610408782959,3585
4.66199517250061,3584
4.665472984313965,3583
4.668815851211548,3582
4.675343990325928,3581
4.67880916595459,3580
4.682152032852173,3579
4.685626983642578,3578
4.688960075378418,3577
4.69243597984314,3576
4.695786952972412,3575
4.699257850646973,3574
4.702610969543457,3573
4.706089019775391,3572
4.70942497253418,3571
4.7128870487213135,3570
4.716236114501953,3569
4.71970796585083,3568
4.723057985305786,3567
4.726533889770508,3566
4.729875087738037,3565
4.7333362102508545,3564
4.736688852310181,3563
4.746654033660889,3562
4.7501561641693115,3561
4.756057977676392,3560
4.762830018997192,3559
4.768527269363403,3558
4.77678108215332,3557
4.780261039733887,3556
4.783619165420532,3555
4.790400981903076,3554
4.79387903213501,3553
4.797214984893799,3552
4.800665855407715,3551
4.803998947143555,3550
4.809777021408081,3549
4.813249111175537,3548
4.819221019744873,3547
4.825139045715332,3546
4.828482151031494,3545
4.831965923309326,3544
4.838376998901367,3543
4.841706991195679,3542
4.845173120498657,3541
4.848506927490234,3540
4.851963043212891,3539
4.855266094207764,3538
4.858762979507446,3537
4.862122058868408,3536
4.867611885070801,3535
4.875044107437134,3534
4.878386974334717,3533
4.88185715675354,3532
4.885204076766968,3531
4.888669967651367,3530
4.891999006271362,3529
4.895483016967773,3528
4.898823022842407,3527
4.902286052703857,3526
4.905627012252808,3525
4.909106969833374,3524
4.9124369621276855,3523
4.9159018993377686,3522
4.919209957122803,3521
4.922677040100098,3520
4.926009178161621,3519
4.929473161697388,3518
4.935496091842651,3517
4.938836097717285,3516
4.945178031921387,3515
4.948643207550049,3514
4.951979160308838,3513
4.955440044403076,3512
4.958763122558594,3511
4.962228059768677,3510
4.965577125549316,3509
4.969043016433716,3508
4.972393035888672,3507
4.9758641719818115,3506
4.981936931610107,3505
4.9852800369262695,3504
4.988761901855469,3503
4.99506688117981,3502
4.998401165008545,3501
5.0018579959869385,3500
5.005210876464844,3499
5.008684158325195,3498
5.015197992324829,3497
5.018531084060669,3496
5.021994113922119,3495
5.02538800239563,3494
5.028841018676758,3493
5.032157897949219,3492
5.041408061981201,3491
5.0447540283203125,3490
5.048240900039673,3489
5.051558971405029,3488
5.055022954940796,3487
5.058359146118164,3486
5.061824083328247,3485
5.065164089202881,3484
5.068631172180176,3483
5.071976900100708,3482
5.077497959136963,3481
5.080965995788574,3480
5.084302186965942,3479
5.087768077850342,3478
5.0943520069122314,3477
5.100136995315552,3476
5.103482007980347,3475
5.106959104537964,3474
5.110296010971069,3473
5.1137471199035645,3472
5.117081880569458,3471
5.120557069778442,3470
5.123898983001709,3469
5.12739109992981,3468
5.13073992729187,3467
5.134212970733643,3466
5.14503812789917,3465
5.148409128189087,3464
5.151914119720459,3463
5.155274152755737,3462
5.158761978149414,3461
5.162117958068848,3460
5.168298959732056,3459
5.17179012298584,3458
5.178185939788818,3457
5.181547164916992,3456
5.185028076171875,3455
5.188356161117554,3454
5.194980144500732,3453
5.198467016220093,3452
5.207023859024048,3451
5.2104480266571045,3450
5.213750123977661,3449
5.217225074768066,3448
5.220577001571655,3447
5.226051092147827,3446
5.232841968536377,3445
5.236315965652466,3444
5.239677906036377,3443
5.24314022064209,3442
5.251044034957886,3441
5.254502058029175,3440
5.257853031158447,3439
5.261331081390381,3438
5.264681100845337,3437
5.268156051635742,3436
5.271486043930054,3435
5.276759147644043,3434
5.280237197875977,3433
5.283584117889404,3432
5.2871010303497314,3431
5.290455102920532,3430
5.29392409324646,3429
5.297277927398682,3428
5.300735950469971,3427
5.304068088531494,3426
5.307535886764526,3425
5.310899972915649,3424
5.314380168914795,3423
5.320980072021484,3422
5.3243138790130615,3421
5.327787160873413,3420
5.331114053726196,3419
5.336666822433472,3418
5.342472076416016,3417
5.345928907394409,3416
5.349242925643921,3415
5.369798898696899,3414
5.375298023223877,3413
5.37863302230835,3412
5.382097959518433,3411
5.385447978973389,3410
5.3889219760894775,3409
5.392282962799072,3408
5.395769119262695,3407
5.399116039276123,3406
5.402595043182373,3405
5.405955076217651,3404
5.411970138549805,3403
5.41547703742981,3402
5.41883111000061,3401
5.422316074371338,3400
5.428829908370972,3399
5.432186841964722,3398
5.438838005065918,3397
5.442332029342651,3396
5.445668935775757,3395
5.449168920516968,3394
5.455652236938477,3393
5.459010124206543,3392
5.4624950885772705,3391
5.4681479930877686,3390
5.47435188293457,3389
5.47770094871521,3388
5.481189012527466,3387
5.484534025192261,3386
5.488012075424194,3385
5.494483947753906,3384
5.497833013534546,3383
5.503202199935913,3382
5.506677150726318,3381
5.510070085525513,3380
5.513580083847046,3379
5.516946077346802,3378
5.520435094833374,3377
5.523801803588867,3376
5.529139041900635,3375
5.535372018814087,3374
5.538869142532349,3373
5.545399188995361,3372
5.548777103424072,3371
5.552302837371826,3370
5.555686950683594,3369
5.5592429637908936,3368
5.565327882766724,3367
5.572999954223633,3366
5.576516151428223,3365
5.581835985183716,3364
5.585206985473633,3363
5.594651937484741,3362
5.598011016845703,3361
5.601487874984741,3360
5.6048619747161865,3359
5.613790988922119,3358
5.617154121398926,3357
5.620661020278931,3356
5.624032974243164,3355
5.630599021911621,3354
5.634057998657227,3353
5.6374289989471436,3352
5.6409149169921875,3351
5.644274950027466,3350
5.64777398109436,3349
5.651159048080444,3348
5.654648065567017,3347
5.658020257949829,3346
5.663691997528076,3345
5.669380187988281,3344
5.672869920730591,3343
5.676234006881714,3342
5.68158483505249,3341
5.685082912445068,3340
5.688436985015869,3339
5.6943039894104,3338
5.7001988887786865,3337
5.7036659717559814,3336
5.70699405670166,3335
5.710474967956543,3334
5.713817834854126,3333
5.719640016555786,3332
5.729167938232422,3331
5.735319137573242,3330
5.738653898239136,3329
5.744894027709961,3328
5.751008033752441,3327
5.7563111782073975,3326
5.759790897369385,3325
5.765113830566406,3324
5.768445014953613,3323
5.77764105796814,3322
5.7809858322143555,3321
5.790225982666016,3320
5.799257040023804,3319
5.80275297164917,3318
5.808156967163086,3317
5.8115010261535645,3316
5.814968109130859,3315
5.8183019161224365,3314
5.824970960617065,3313
5.828434944152832,3312
5.831791877746582,3311
5.835277080535889,3310
5.838623046875,3309
5.842097997665405,3308
5.848190069198608,3307
5.861243009567261,3306
5.867207050323486,3305
5.875737190246582,3304
5.879065990447998,3303
5.885495185852051,3302
5.888937950134277,3301
5.892277002334595,3300
5.895740985870361,3299
5.901149034500122,3298
5.911588191986084,3297
5.914924144744873,3296
5.923551082611084,3295
5.931849956512451,3294
5.935363054275513,3293
5.952602863311768,3292
5.955963850021362,3291
5.961406946182251,3290
5.964919090270996,3289
5.968287944793701,3288
5.974435091018677,3287
5.982352018356323,3286
5.9921159744262695,3285
6.000826835632324,3284
6.0041890144348145,3283
6.010423183441162,3282
6.013903856277466,3281
6.01724910736084,3280
6.020740270614624,3279
6.02410101890564,3278
6.027586221694946,3277
6.0309388637542725,3276
6.034416913986206,3275
6.04223895072937,3274
6.074296236038208,3273
6.0807812213897705,3272
6.089081048965454,3271
6.092442989349365,3270
6.098390102386475,3269
6.1018970012664795,3268
6.108072996139526,3267
6.119156122207642,3266
6.12573504447937,3265
6.129086017608643,3264
6.132561922073364,3263
6.138404130935669,3262
6.152218818664551,3261
6.1556830406188965,3260
6.1616411209106445,3259
6.1691529750823975,3258
6.1725990772247314,3257
6.177966833114624,3256
6.181294918060303,3255
6.184888124465942,3254
6.188402891159058,3253
6.197388172149658,3252
6.200891971588135,3251
6.2065041065216064,3250
6.2102179527282715,3249
6.21372389793396,3248
6.219851970672607,3247
6.223485946655273,3246
6.231292009353638,3245
6.23491096496582,3244
6.238394021987915,3243
6.245028972625732,3242
6.253605842590332,3241
6.260107040405273,3240
6.263672113418579,3239
6.267323017120361,3238
6.272783994674683,3237
6.2835469245910645,3236
6.286887884140015,3235
6.294807195663452,3234
6.29815411567688,3233
6.304156064987183,3232
6.315460205078125,3231
6.318942070007324,3230
6.327553987503052,3229
6.338771104812622,3228
6.342233896255493,3227
6.350430011749268,3226
6.355961084365845,3225
6.361682891845703,3224
6.365153074264526,3223
6.371350049972534,3222
6.374682903289795,3221
6.378153085708618,3220
6.390321969985962,3219
6.393842935562134,3218
6.397378206253052,3217
6.402836084365845,3216
6.406188011169434,3215
6.409677028656006,3214
6.4187469482421875,3213
6.4222071170806885,3212
6.427582025527954,3211
6.430927276611328,3210
6.437690019607544,3209
6.442950010299683,3208
6.446408987045288,3207
6.449758052825928,3206
6.4559900760650635,3205
6.459457159042358,3204
6.46281099319458,3203
6.4662861824035645,3202
6.469618082046509,3201
6.473080158233643,3200
6.4793689250946045,3199
6.484910249710083,3198
6.493350982666016,3197
6.496809959411621,3196
6.500162124633789,3195
6.503648996353149,3194
6.510195016860962,3193
6.513527154922485,3192
6.516993045806885,3191
6.520332098007202,3190
6.533332109451294,3189
6.53668212890625,3188
6.540148973464966,3187
6.5434958934783936,3186
6.546972036361694,3185
6.561439037322998,3184
6.567203044891357,3183
6.577541828155518,3182
6.583993911743164,3181
6.587468147277832,3180
6.590863943099976,3179
6.594349145889282,3178
6.597689151763916,3177
6.607449054718018,3176
6.610763072967529,3175
6.614252090454102,3174
6.6175971031188965,3173
6.623296022415161,3172
6.628593921661377,3171
6.6320719718933105,3170
6.638873815536499,3169
6.642207145690918,3168
6.645694017410278,3167
6.649046182632446,3166
6.652518033981323,3165
6.6558709144592285,3164
6.659348011016846,3163
6.665923118591309,3162
6.67206883430481,3161
6.6754209995269775,3160
6.683222055435181,3159
6.6887969970703125,3158
6.692118167877197,3157
6.7001869678497314,3156
6.703548908233643,3155
6.707051992416382,3154
6.710402011871338,3153
6.713910102844238,3152
6.717283010482788,3151
6.72078800201416,3150
6.728973150253296,3149
6.732463836669922,3148
6.739304065704346,3147
6.742671966552734,3146
6.746174097061157,3145
6.749546051025391,3144
6.7530481815338135,3143
6.756422996520996,3142
6.7629101276397705,3141
6.7664079666137695,3140
6.769795179367065,3139
6.778249979019165,3138
6.781605005264282,3137
6.787031173706055,3136
6.792575120925903,3135
6.796047925949097,3134
6.801785230636597,3133
6.805094957351685,3132
6.808542013168335,3131
6.811929941177368,3130
6.817626953125,3129
6.821092128753662,3128
6.826894044876099,3127
6.837740182876587,3126
6.841077089309692,3125
6.844558238983154,3124
6.8525261878967285,3123
6.856037855148315,3122
6.861966133117676,3121
6.865303039550781,3120
6.874690055847168,3119
6.878036975860596,3118
6.892218828201294,3117
6.898512840270996,3116
6.9018590450286865,3115
6.905328989028931,3114
6.908671140670776,3113
6.920037031173706,3112
6.923521041870117,3111
6.930617094039917,3110
6.934097051620483,3109
6.939368963241577,3108
6.942724943161011,3107
6.9462080001831055,3106
6.952045202255249,3105
6.955364227294922,3104
6.96071720123291,3103
6.965985059738159,3102
6.969480037689209,3101
6.980759143829346,3100
6.991286993026733,3099
6.997972011566162,3098
7.0013110637664795,3097
7.0047690868377686,3096
7.010833978652954,3095
7.017552852630615,3094
7.020899057388306,3093
7.024370908737183,3092
7.02771520614624,3091
7.031188011169434,3090
7.0345330238342285,3089
7.038017988204956,3088
7.044442892074585,3087
7.0505969524383545,3086
7.053951978683472,3085
7.057429075241089,3084
7.060772895812988,3083
7.064251899719238,3082
7.070073127746582,3081
7.078657150268555,3080
7.082106828689575,3079
7.088420152664185,3078
7.091767072677612,3077
7.095255136489868,3076
7.103382110595703,3075
7.106853008270264,3074
7.1136109828948975,3073
7.116948127746582,3072
7.120409250259399,3071
7.1237640380859375,3070
7.127217054367065,3069
7.130554914474487,3068
7.134037971496582,3067
7.137383937835693,3066
7.144717216491699,3065
7.148071050643921,3064
7.151554107666016,3063
7.154900074005127,3062
7.158372163772583,3061
7.163694858551025,3060
7.167040109634399,3059
7.173742055892944,3058
7.179612874984741,3057
7.183086156845093,3056
7.186440944671631,3055
7.189911127090454,3054
7.193294048309326,3053
7.19676399230957,3052
7.200094938278198,3051
7.213548183441162,3050
7.216913938522339,3049
7.223026990890503,3048
7.2289159297943115,3047
7.232416152954102,3046
7.235788106918335,3045
7.241333961486816,3044
7.247031211853027,3043
7.250521183013916,3042
7.261415958404541,3041
7.2647459506988525,3040
7.268238067626953,3039
7.27160906791687,3038
7.281110048294067,3037
7.287463903427124,3036
7.290831089019775,3035
7.294332981109619,3034
7.300019979476929,3033
7.303385257720947,3032
7.306875944137573,3031
7.310221195220947,3030
7.313677072525024,3029
7.317036151885986,3028
7.32051682472229,3027
7.323852062225342,3026
7.327319145202637,3025
7.330665111541748,3024
7.353572130203247,3023
7.356945037841797,3022
7.360444068908691,3021
7.363784074783325,3020
7.372132062911987,3019
7.378436803817749,3018
7.384500026702881,3017
7.387852191925049,3016
7.39131498336792,3015
7.401309967041016,3014
7.404805898666382,3013
7.40812611579895,3012
7.411609888076782,3011
7.414947032928467,3010
7.418452024459839,3009
7.421806812286377,3008
7.4252941608428955,3007
7.428612232208252,3006
7.432098150253296,3005
7.4354188442230225,3004
7.444334030151367,3003
7.447662115097046,3002
7.451151132583618,3001
7.457360029220581,3000
7.460690021514893,2999
7.464165925979614,2998
7.4674811363220215,2997
7.4732348918914795,2996
7.476697206497192,2995
7.480024099349976,2994
7.483515024185181,2993
7.486841201782227,2992
7.492119073867798,2991
7.495648145675659,2990
7.498977184295654,2989
7.505641937255859,2988
7.511433124542236,2987
7.5200419425964355,2986
7.523358106613159,2985
7.528918981552124,2984
7.5324108600616455,2983
7.535746097564697,2982
7.53922700881958,2981
7.547266006469727,2980
7.553293228149414,2979
7.556796073913574,2978
7.560121059417725,2977
7.5635950565338135,2976
7.566916227340698,2975
7.57040810585022,2974
7.573725938796997,2973
7.577197074890137,2972
7.580505132675171,2971
7.583982229232788,2970
7.587284088134766,2969
7.590764045715332,2968
7.597470998764038,2967
7.6007890701293945,2966
7.604296922683716,2965
7.607628107070923,2964
7.61111307144165,2963
7.6144421100616455,2962
7.617927074432373,2961
7.621249198913574,2960
7.6247382164001465,2959
7.628054141998291,2958
7.631548881530762,2957
7.634876012802124,2956
7.638361215591431,2955
7.644316911697388,2954
7.647659063339233,2953
7.651149034500122,2952
7.654495000839233,2951
7.657989025115967,2950
7.6613240242004395,2949
7.6797850131988525,2948
7.685361862182617,2947
7.69361686706543,2946
7.699878931045532,2945
7.703388929367065,2944
7.706713914871216,2943
7.710202932357788,2942
7.713518142700195,2941
7.719882011413574,2940
7.72337794303894,2939
7.726685047149658,2938
7.730149984359741,2937
7.736056089401245,2936
7.739403009414673,2935
7.748827934265137,2934
7.752156019210815,2933
7.75795316696167,2932
7.775017976760864,2931
7.77852201461792,2930
7.7868969440460205,2929
7.790441036224365,2928
7.793785810470581,2927
7.802626132965088,2926
7.805956840515137,2925
7.809492111206055,2924
7.812826871871948,2923
7.818136215209961,2922
7.82165002822876,2921
7.824980020523071,2920
7.830503940582275,2919
7.834103107452393,2918
7.837445020675659,2917
7.843673944473267,2916
7.847187042236328,2915
7.855204105377197,2914
7.858727931976318,2913
7.862073183059692,2912
7.871252059936523,2911
7.874606132507324,2910
7.880357027053833,2909
7.886692047119141,2908
7.8921799659729,2907
7.895699977874756,2906
7.901862859725952,2905
7.90520715713501,2904
7.908730983734131,2903
7.912068128585815,2902
7.915554046630859,2901
7.92593789100647,2900
7.929266929626465,2899
7.935716152191162,2898
7.939237833023071,2897
7.942586898803711,2896
7.950970888137817,2895
7.9542999267578125,2894
7.960731029510498,2893
7.964241027832031,2892
7.981381893157959,2891
7.984872102737427,2890
7.988210916519165,2889
7.991729021072388,2888
7.998471975326538,2887
8.001800060272217,2886
8.00529408454895,2885
8.008605003356934,2884
8.012115955352783,2883
8.015455961227417,2882
8.024492025375366,2881
8.027813911437988,2880
8.031325101852417,2879
8.037609100341797,2878
8.05154800415039,2877
8.055052042007446,2876
8.058391094207764,2875
8.064379930496216,2874
8.06786584854126,2873
8.07339096069336,2872
8.080931186676025,2871
8.095938205718994,2870
8.10293197631836,2869
8.106273174285889,2868
8.111921072006226,2867
8.128803014755249,2866
8.134344100952148,2865
8.137871980667114,2864
8.141202926635742,2863
8.144708156585693,2862
8.148051977157593,2861
8.15156102180481,2860
8.154893159866333,2859
8.158404111862183,2858
8.161732196807861,2857
8.1652250289917,2856
8.168551921844482,2855
8.174660921096802,2854
8.178164005279541,2853
8.18146014213562,2852
8.184979915618896,2851
8.188301086425781,2850
8.191802978515625,2849
8.195136070251465,2848
8.198664903640747,2847
8.204689979553223,2846
8.208018064498901,2845
8.213917016983032,2844
8.21747899055481,2843
8.22081995010376,2842
8.226419925689697,2841
8.229924201965332,2840
8.233249187469482,2839
8.239453077316284,2838
8.242967128753662,2837
8.246299982070923,2836
8.249799013137817,2835
8.253216028213501,2834
8.256743907928467,2833
8.260090827941895,2832
8.26360297203064,2831
8.266932010650635,2830
8.270458936691284,2829
8.273811101913452,2828
8.279885053634644,2827
8.283353805541992,2826
8.286659240722656,2825
8.290180206298828,2824
8.293521881103516,2823
8.301941156387329,2822
8.305278062820435,2821
8.313103199005127,2820
8.316431045532227,2819
8.319924116134644,2818
8.325298070907593,2817
8.328607082366943,2816
8.33213496208191,2815
8.335494995117188,2814
8.340903043746948,2813
8.346673011779785,2812
8.350179195404053,2811
8.35351300239563,2810
8.357067108154297,2809
8.360437154769897,2808
8.363951921463013,2807
8.369225025177002,2806
8.372559070587158,2805
8.376070022583008,2804
8.379407167434692,2803
8.38291621208191,2802
8.386259078979492,2801
8.391977071762085,2800
8.39546799659729,2799
8.398810863494873,2798
8.402405023574829,2797
8.405725955963135,2796
8.412275075912476,2795
8.41578197479248,2794
8.426744222640991,2793
8.430086851119995,2792
8.433602094650269,2791
8.436941146850586,2790
8.44225001335144,2789
8.44576907157898,2788
8.452319145202637,2787
8.462013006210327,2786
8.465522050857544,2785
8.468837022781372,2784
8.480568170547485,2783
8.484092950820923,2782
8.49079704284668,2781
8.494126796722412,2780
8.503790855407715,2779
8.507133960723877,2778
8.513454914093018,2777
8.51939606666565,2776
8.522911071777344,2775
8.526248931884766,2774
8.529747009277344,2773
8.533071994781494,2772
8.538384914398193,2771
8.541896104812622,2770
8.545233011245728,2769
8.548746109008789,2768
8.552083015441895,2767
8.555577993392944,2766
8.558894872665405,2765
8.562413215637207,2764
8.576371908187866,2763
8.582972049713135,2762
8.5864839553833,2761
8.58982515335083,2760
8.59331202507019,2759
8.598969221115112,2758
8.604619026184082,2757
8.613197088241577,2756
8.61670708656311,2755
8.620034217834473,2754
8.62354588508606,2753
8.62688422203064,2752
8.63241696357727,2751
8.643868923187256,2750
8.647380113601685,2749
8.650700092315674,2748
8.654201984405518,2747
8.657522916793823,2746
8.661021947860718,2745
8.664358854293823,2744
8.669692039489746,2743
8.673195123672485,2742
8.67651104927063,2741
8.680018901824951,2740
8.686628818511963,2739
8.689943075180054,2738
8.693462133407593,2737
8.696813106536865,2736
8.709717988967896,2735
8.713046073913574,2734
8.718565940856934,2733
8.72209095954895,2732
8.725505113601685,2731
8.731180191040039,2730
8.73469591140747,2729
8.740106105804443,2728
8.743428945541382,2727
8.749965190887451,2726
8.75347113609314,2725
8.756825923919678,2724
8.760345935821533,2723
8.763674974441528,2722
8.76979398727417,2721
8.773323059082031,2720
8.77665114402771,2719
8.782846927642822,2718
8.786340951919556,2717
8.78966212272644,2716
8.793143033981323,2715
8.796454906463623,2714
8.79994010925293,2713
8.803225040435791,2712
8.80871295928955,2711
8.81227707862854,2710
8.816017866134644,2709
8.819846868515015,2708
8.825990915298462,2707
8.833106994628906,2706
8.836922883987427,2705
8.840847969055176,2704
8.84466004371643,2703
8.848828077316284,2702
8.852762937545776,2701
8.860484838485718,2700
8.864586114883423,2699
8.86846113204956,2698
8.872634887695312,2697
8.876504182815552,2696
8.880824089050293,2695
8.90347409248352,2694
8.91130805015564,2693
8.920732021331787,2692
8.924588203430176,2691
8.928821086883545,2690
8.93506407737732,2689
8.941190958023071,2688
8.945016145706177,2687
8.949023962020874,2686
8.956164836883545,2685
8.963353872299194,2684
8.970993041992188,2683
8.974799871444702,2682
8.978745937347412,2681
8.991536855697632,2680
9.000690937042236,2679
9.004665851593018,2678
9.015051126480103,2677
9.025522947311401,2676
9.029324054718018,2675
9.033311128616333,2674
9.037315130233765,2673
9.041338920593262,2672
9.045217990875244,2671
9.052856206893921,2670
9.062901973724365,2669
9.068985223770142,2668
9.07233214378357,2667
9.0818030834198,2666
9.08811902999878,2665
9.094213962554932,2664
9.097790956497192,2663
9.10151720046997,2662
9.105007886886597,2661
9.114025115966797,2660
9.11755084991455,2659
9.141607999801636,2658
9.15632700920105,2657
9.162795066833496,2656
9.179221153259277,2655
9.190557956695557,2654
9.193857192993164,2653
9.197326183319092,2652
9.20063304901123,2651
9.204097032546997,2650
9.207401990890503,2649
9.21089506149292,2648
9.216472148895264,2647
9.219779014587402,2646
9.223235130310059,2645
9.226526975631714,2644
9.23419713973999,2643
9.239850997924805,2642
9.24313497543335,2641
9.24937391281128,2640
9.25974988937378,2639
9.263224124908447,2638
9.269392013549805,2637
9.272691011428833,2636
9.282596826553345,2635
9.28592586517334,2634
9.295368909835815,2633
9.298659086227417,2632
9.302113056182861,2631
9.305416107177734,2630
9.308881998062134,2629
9.314259052276611,2628
9.322978019714355,2627
9.326457262039185,2626
9.359498977661133,2625
9.364942073822021,2624
9.368238925933838,2623
9.373677015304565,2622
9.37714695930481,2621
9.380534172058105,2620
9.384344100952148,2619
9.38797402381897,2618
9.393803119659424,2617
9.400191068649292,2616
9.405720233917236,2615
9.422681093215942,2614
9.43149209022522,2613
9.441537141799927,2612
9.47801923751831,2611
9.481462001800537,2610
9.48899507522583,2609
9.500732898712158,2608
9.5087251663208,2607
9.527643918991089,2606
9.535256147384644,2605
9.555908918380737,2604
9.571846008300781,2603
9.583261013031006,2602
9.59077000617981,2601
9.606895923614502,2600
9.616817951202393,2599
9.620386123657227,2598
9.63421106338501,2597
9.64450216293335,2596
9.648089170455933,2595
9.65156888961792,2594
9.6791832447052,2593
9.717273235321045,2592
9.754976034164429,2591
9.761356115341187,2590
9.76493215560913,2589
9.774670124053955,2588
9.778121948242188,2587
9.781702995300293,2586
9.794656991958618,2585
9.801321029663086,2584
9.816290140151978,2583
9.820266962051392,2582
9.826767921447754,2581
9.8303701877594,2580
9.834360122680664,2579
9.844619035720825,2578
9.859741926193237,2577
9.868047952651978,2576
9.883190155029297,2575
9.890904188156128,2574
9.894768953323364,2573
9.911442995071411,2572
9.92451786994934,2571
9.929986000061035,2570
9.938544034957886,2569
9.94196605682373,2568
9.948415994644165,2567
9.95202898979187,2566
9.96816897392273,2565
9.971605062484741,2564
9.975192070007324,2563
9.984365224838257,2562
9.990741968154907,2561
10.00548505783081,2560
10.011628150939941,2559
10.015236139297485,2558
10.021637916564941,2557
10.029486179351807,2556
10.039917230606079,2555
10.051302909851074,2554
10.058136224746704,2553
10.061546087265015,2552
10.070137977600098,2551
10.07355284690857,2550
10.07716679573059,2549
10.083413124084473,2548
10.104827880859375,2547
10.124850034713745,2546
10.138934135437012,2545
10.145249128341675,2544
10.15187692642212,2543
10.155307054519653,2542
10.160771131515503,2541
10.16867208480835,2540
10.180833101272583,2539
10.184259176254272,2538
10.187857866287231,2537
10.195857048034668,2536
10.201357126235962,2535
10.207481861114502,2534
10.2259840965271,2533
10.232228994369507,2532
10.235558032989502,2531
10.239092111587524,2530
10.244782209396362,2529
10.250614166259766,2528
10.256370067596436,2527
10.259716987609863,2526
10.28538203239441,2525
10.304991960525513,2524
10.313745021820068,2523
10.317089080810547,2522
10.325132131576538,2521
10.32846999168396,2520
10.33686089515686,2519
10.343614101409912,2518
10.357572078704834,2517
10.360917091369629,2516
10.379268884658813,2515
10.399472951889038,2514
10.405531883239746,2513
10.411445140838623,2512
10.419112920761108,2511
10.43043303489685,2510
10.46090292930603,2509
10.478510856628418,2508
10.506615161895752,2507
10.510109901428223,2506
10.522217035293579,2505
10.527987957000732,2504
10.548282861709595,2503
10.571197986602783,2502
10.596574068069458,2501
10.599929094314575,2500
10.605829000473022,2499
10.627211093902588,2498
10.646996021270752,2497
10.65034294128418,2496
10.653870820999146,2495
10.657252073287964,2494
10.671265125274658,2493
10.67459511756897,2492
10.684643030166626,2491
10.69281005859375,2490
10.705796241760254,2489
10.717288970947266,2488
10.72658896446228,2487
10.730101108551025,2486
10.749987125396729,2485
10.770393133163452,2484
10.778291940689087,2483
10.786423206329346,2482
10.794969081878662,2481
10.80942702293396,2480
10.812911987304688,2479
10.8162260055542,2478
10.819707870483398,2477
10.82301115989685,2476
10.831096172332764,2475
10.834387063980103,2474
10.837862968444824,2473
10.856251955032349,2472
10.87460207939148,2471
10.878501892089844,2470
10.882136106491089,2469
10.885916948318481,2468
10.892436027526855,2467
10.896100997924805,2466
10.907224178314209,2465
10.913595914840698,2464
10.917448997497559,2463
10.927610874176025,2462
10.933624029159546,2461
10.941236972808838,2460
10.950692892074585,2459
10.954406976699829,2458
10.96343207359314,2457
10.970447063446045,2456
10.974216938018799,2455
10.987037897109985,2454
10.990907907485962,2453
10.99471116065979,2452
10.998651027679443,2451
11.006140947341919,2450
11.010201215744019,2449
11.042773008346558,2448
11.058573007583618,2447
11.090086936950684,2446
11.102604150772095,2445
11.106709957122803,2444
11.151737213134766,2443
11.165060997009277,2442
11.20771312713623,2441
11.221597909927368,2440
11.225012063980103,2439
11.248306035995483,2438
11.257549047470093,2437
11.271559953689575,2436
11.275161981582642,2435
11.278564214706421,2434
11.284938097000122,2433
11.295780181884766,2432
11.299673080444336,2431
11.306596994400024,2430
11.317241907119751,2429
11.33005404472351,2428
11.353522062301636,2427
11.357249021530151,2426
11.360727071762085,2425
11.369906902313232,2424
11.373357057571411,2423
11.380013227462769,2422
11.38825511932373,2421
11.399397850036621,2420
11.404958963394165,2419
11.411425113677979,2418
11.414905071258545,2417
11.446907997131348,2416
11.457473039627075,2415
11.461343050003052,2414
11.469712018966675,2413
11.473583936691284,2412
11.477320909500122,2411
11.532339096069336,2410
11.536383152008057,2409
11.54016900062561,2408
11.56161904335022,2407
11.565299034118652,2406
11.571299076080322,2405
11.616894006729126,2404
11.64850902557373,2403
11.652256965637207,2402
11.693493127822876,2401
11.700183153152466,2400
11.709632158279419,2399
11.713587999343872,2398
11.731712102890015,2397
11.738762140274048,2396
11.758378982543945,2395
11.79180121421814,2394
11.80734395980835,2393
11.817106008529663,2392
11.828916072845459,2391
11.844520092010498,2390
11.848215103149414,2389
11.870753049850464,2388
11.893196105957031,2387
11.897087097167969,2386
11.903985023498535,2385
11.907752990722656,2384
11.913849115371704,2383
11.923742055892944,2382
11.94330096244812,2381
11.97110891342163,2380
11.982656002044678,2379
11.98655390739441,2378
11.99418306350708,2377
11.998162984848022,2376
12.022946119308472,2375
12.035179138183594,2374
12.039069890975952,2373
12.042820930480957,2372
12.04877495765686,2371
12.057528018951416,2370
12.074948072433472,2369
12.091108083724976,2368
12.09825587272644,2367
12.110883235931396,2366
12.129079103469849,2365
12.132911920547485,2364
12.140928030014038,2363
12.154568910598755,2362
12.161023139953613,2361
12.187709093093872,2360
12.20289421081543,2359
12.212175130844116,2358
12.215600967407227,2357
12.24006199836731,2356
12.263508081436157,2355
12.270039081573486,2354
12.276418209075928,2353
12.300799131393433,2352
12.307770013809204,2351
12.314625024795532,2350
12.320839881896973,2349
12.345081806182861,2348
12.356993198394775,2347
12.360538005828857,2346
12.36962890625,2345
12.406291961669922,2344
12.409932136535645,2343
12.417562007904053,2342
12.439709901809692,2341
12.443246841430664,2340
12.459879875183105,2339
12.487181186676025,2338
12.499864101409912,2337
12.507925987243652,2336
12.542275190353394,2335
12.548421859741211,2334
12.581070184707642,2333
12.647627115249634,2332
12.690922021865845,2331
12.702517032623291,2330
12.73302412033081,2329
12.750951051712036,2328
12.804609060287476,2327
12.8608980178833,2326
12.930626153945923,2325
12.953952074050903,2324
12.964453935623169,2323
12.97369909286499,2322
12.988879919052124,2321
12.992881059646606,2320
13.011028051376343,2319
13.032177925109863,2318
13.082005023956299,2317
13.085751056671143,2316
13.120946884155273,2315
13.13211703300476,2314
13.16582703590393,2313
13.26328992843628,2312
13.28226900100708,2311
13.298874855041504,2310
13.304446935653687,2309
13.313197135925293,2308
13.32315707206726,2307
13.335220098495483,2306
13.35170316696167,2305
13.396100044250488,2304
13.45430302619934,2303
13.472729921340942,2302
13.596203088760376,2301
13.613513946533203,2300
13.760310173034668,2299
13.78704309463501,2298
13.797362089157104,2297
13.817004203796387,2296
13.857168912887573,2295
13.905860185623169,2294
13.935063123703003,2293
13.942732095718384,2292
13.96010708808899,2291
14.08778190612793,2290
14.091269969940186,2289
14.151588201522827,2288
14.181488037109375,2287
14.29234790802002,2286
14.314509153366089,2285
14.320410013198853,2284
14.330059051513672,2283
14.335480213165283,2282
14.522799015045166,2281
14.593271017074585,2280
14.689464092254639,2279
14.71975302696228,2278
