0.003535032272338867,4891
0.006864070892333984,4890
0.010316133499145508,4889
0.01360177993774414,4888
0.017045021057128906,4887
0.020328044891357422,4886
0.02375006675720215,4885
0.027025938034057617,4884
0.030462026596069336,4883
0.033738136291503906,4882
0.03716111183166504,4881
0.04048013687133789,4880
0.04412102699279785,4879
0.04751396179199219,4878
0.05096006393432617,4877
0.05428600311279297,4876
0.057775020599365234,4875
0.06105780601501465,4874
0.06449007987976074,4873
0.06776881217956543,4872
0.0711979866027832,4871
0.07448506355285645,4870
0.07792901992797852,4869
0.08120512962341309,4868
0.0846400260925293,4867
0.08792686462402344,4866
0.09135198593139648,4865
0.09462308883666992,4864
0.09810400009155273,4863
0.10155296325683594,4862
0.10502505302429199,4861
0.10830187797546387,4860
0.11172008514404297,4859
0.1150059700012207,4858
0.11844491958618164,4857
0.12170791625976562,4856
0.12514209747314453,4855
0.12842106819152832,4854
0.13184285163879395,4853
0.13510990142822266,4852
0.13854289054870605,4851
0.1418321132659912,4850
0.1452791690826416,4849
0.14857196807861328,4848
0.15201282501220703,4847
0.15531086921691895,4846
0.15898704528808594,4845
0.16256999969482422,4844
0.16606497764587402,4843
0.1694040298461914,4842
0.17283320426940918,4841
0.17645716667175293,4840
0.18024682998657227,4839
0.18385910987854004,4838
0.18772196769714355,4837
0.19130206108093262,4836
0.19500303268432617,4835
0.19852995872497559,4834
0.20224809646606445,4833
0.20570993423461914,4832
0.209197998046875,4831
0.21268486976623535,4830
0.21622419357299805,4829
0.21952486038208008,4828
0.2230370044708252,4827
0.22635412216186523,4826
0.22979998588562012,4825
0.23321795463562012,4824
0.2370929718017578,4823
0.2406020164489746,4822
0.24414706230163574,4821
0.24744606018066406,4820
0.2509009838104248,4819
0.2541940212249756,4818
0.25763797760009766,4817
0.2609281539916992,4816
0.2644009590148926,4815
0.26779890060424805,4814
0.27152490615844727,4813
0.275148868560791,4812
0.2787899971008301,4811
0.28214597702026367,4810
0.28563904762268066,4809
0.28895998001098633,4808
0.2925899028778076,4807
0.29621195793151855,4806
0.29988598823547363,4805
0.30327510833740234,4804
0.3101179599761963,4803
0.31363797187805176,4802
0.3169369697570801,4801
0.32039690017700195,4800
0.3237111568450928,4799
0.3271908760070801,4798
0.33058595657348633,4797
0.3344700336456299,4796
0.33798885345458984,4795
0.34151411056518555,4794
0.3449680805206299,4793
0.34859800338745117,4792
0.35204482078552246,4791
0.355802059173584,4790
0.35933613777160645,4789
0.3629951477050781,4788
0.366657018661499,4787
0.37050890922546387,4786
0.37407708168029785,4785
0.377716064453125,4784
0.38115692138671875,4783
0.38475894927978516,4782
0.3884849548339844,4781
0.39220690727233887,4780
0.39577507972717285,4779
0.39937710762023926,4778
0.40285611152648926,4777
0.40642809867858887,4776
0.4099109172821045,4775
0.4134948253631592,4774
0.41695499420166016,4773
0.42049694061279297,4772
0.42392516136169434,4771
0.42754387855529785,4770
0.43100714683532715,4769
0.43454504013061523,4768
0.4379758834838867,4767
0.44151997566223145,4766
0.4451570510864258,4765
0.448915958404541,4764
0.4523317813873291,4763
0.4559361934661865,4762
0.459306001663208,4761
0.46290111541748047,4760
0.4662909507751465,4759
0.4698829650878906,4758
0.4732639789581299,4757
0.4768640995025635,4756
0.48026204109191895,4755
0.4839189052581787,4754
0.48744797706604004,4753
0.4910099506378174,4752
0.49446988105773926,4751
0.4983808994293213,4750
0.5019538402557373,4749
0.505622148513794,4748
0.5090329647064209,4747
0.5126090049743652,4746
0.5160138607025146,4745
0.5196020603179932,4744
0.5229909420013428,4743
0.5265769958496094,4742
0.5299758911132812,4741
0.5335640907287598,4740
0.536978006362915,4739
0.5405409336090088,4738
0.5439410209655762,4737
0.5475449562072754,4736
0.5509500503540039,4735
0.5545170307159424,4734
0.5579531192779541,4733
0.5615329742431641,4732
0.5648970603942871,4731
0.5684518814086914,4730
0.5718522071838379,4729
0.5753839015960693,4728
0.5787520408630371,4727
0.5823540687561035,4726
0.5857689380645752,4725
0.589378833770752,4724
0.5928411483764648,4723
0.5964870452880859,4722
0.5998470783233643,4721
0.6033780574798584,4720
0.6068408489227295,4719
0.6104769706726074,4718
0.6137769222259521,4717
0.6172430515289307,4716
0.6205370426177979,4715
0.6239969730377197,4714
0.6272919178009033,4713
0.6307637691497803,4712
0.6340508460998535,4711
0.6375110149383545,4710
0.6408038139343262,4709
0.6442499160766602,4708
0.6475279331207275,4707
0.6510059833526611,4706
0.6543149948120117,4705
0.6577680110931396,4704
0.6610620021820068,4703
0.6645138263702393,4702
0.6677689552307129,4701
0.6712210178375244,4700
0.6744987964630127,4699
0.6779539585113525,4698
0.6812551021575928,4697
0.684704065322876,4696
0.6879918575286865,4695
0.691457986831665,4694
0.6947238445281982,4693
0.6981799602508545,4692
0.7015199661254883,4691
0.7049827575683594,4690
0.7082688808441162,4689
0.7117772102355957,4688
0.7153029441833496,4687
0.7188849449157715,4686
0.7222738265991211,4685
0.7257559299468994,4684
0.7290341854095459,4683
0.7324860095977783,4682
0.735774040222168,4681
0.7392289638519287,4680
0.74251389503479,4679
0.7459690570831299,4678
0.7492549419403076,4677
0.7527141571044922,4676
0.7559969425201416,4675
0.7594499588012695,4674
0.7627427577972412,4673
0.7661871910095215,4672
0.7694580554962158,4671
0.7729759216308594,4670
0.7762730121612549,4669
0.7797191143035889,4668
0.7829971313476562,4667
0.786452054977417,4666
0.789729118347168,4665
0.7932050228118896,4664
0.7965037822723389,4663
0.7999579906463623,4662
0.8032419681549072,4661
0.8066809177398682,4660
0.8099620342254639,4659
0.8134360313415527,4658
0.8167309761047363,4657
0.8201937675476074,4656
0.8234899044036865,4655
0.826934814453125,4654
0.8302130699157715,4653
0.833683967590332,4652
0.8369691371917725,4651
0.8404271602630615,4650
0.8437299728393555,4649
0.8471791744232178,4648
0.8504588603973389,4647
0.8541221618652344,4646
0.8575692176818848,4645
0.8612298965454102,4644
0.8647730350494385,4643
0.8684530258178711,4642
0.8739578723907471,4641
0.8774621486663818,4640
0.8811531066894531,4639
0.8846559524536133,4638
0.8883211612701416,4637
0.8917808532714844,4636
0.8954892158508301,4635
0.8990049362182617,4634
0.902703046798706,4633
0.906343936920166,4632
0.9099979400634766,4631
0.9134840965270996,4630
0.9172019958496094,4629
0.9208228588104248,4628
0.9243900775909424,4627
0.9278171062469482,4626
0.9314019680023193,4625
0.9347219467163086,4624
0.9381639957427979,4623
0.941443920135498,4622
0.9448709487915039,4621
0.9481480121612549,4620
0.9515910148620605,4619
0.9548799991607666,4618
0.9583210945129395,4617
0.9616122245788574,4616
0.9650578498840332,4615
0.9683458805084229,4614
0.9717710018157959,4613
0.9750738143920898,4612
0.9786908626556396,4611
0.9823310375213623,4610
0.9860880374908447,4609
0.9896159172058105,4608
0.9933390617370605,4607
0.9970510005950928,4606
1.001025915145874,4605
1.0046989917755127,4604
1.008556842803955,4603
1.0122919082641602,4602
1.0162639617919922,4601
1.019775152206421,4600
1.023313045501709,4599
1.0266039371490479,4598
1.030146837234497,4597
1.0336310863494873,4596
1.037343978881836,4595
1.0407021045684814,4594
1.0441958904266357,4593
1.0474750995635986,4592
1.050955057144165,4591
1.0542302131652832,4590
1.0576977729797363,4589
1.0609619617462158,4588
1.0644450187683105,4587
1.0677289962768555,4586
1.0711939334869385,4585
1.0744600296020508,4584
1.0779390335083008,4583
1.081238031387329,4582
1.0847089290618896,4581
1.0879850387573242,4580
1.0914549827575684,4579
1.094721794128418,4578
1.0981779098510742,4577
1.101456880569458,4576
1.1049399375915527,4575
1.1082069873809814,4574
1.1116728782653809,4573
1.1149539947509766,4572
1.1184179782867432,4571
1.1216819286346436,4570
1.1251599788665771,4569
1.1284518241882324,4568
1.131917953491211,4567
1.1352100372314453,4566
1.1387338638305664,4565
1.142014980316162,4564
1.1454849243164062,4563
1.148758888244629,4562
1.1522209644317627,4561
1.1554780006408691,4560
1.1589431762695312,4559
1.1622228622436523,4558
1.1656949520111084,4557
1.168959140777588,4556
1.172400951385498,4555
1.1756839752197266,4554
1.1791679859161377,4553
1.1824347972869873,4552
1.1859090328216553,4551
1.1891911029815674,4550
1.1926629543304443,4549
1.195924997329712,4548
1.1993811130523682,4547
1.2026410102844238,4546
1.2061131000518799,4545
1.2093889713287354,4544
1.2128469944000244,4543
1.2161180973052979,4542
1.219566822052002,4541
1.2228360176086426,4540
1.226309061050415,4539
1.2295989990234375,4538
1.2355530261993408,4537
1.2390248775482178,4536
1.2422878742218018,4535
1.2457430362701416,4534
1.2490200996398926,4533
1.2524950504302979,4532
1.2557661533355713,4531
1.259225845336914,4530
1.2625160217285156,4529
1.2659940719604492,4528
1.2692601680755615,4527
1.272726058959961,4526
1.2760069370269775,4525
1.2795109748840332,4524
1.2828948497772217,4523
1.2864110469818115,4522
1.2896862030029297,4521
1.293154001235962,4520
1.296415090560913,4519
1.299865961074829,4518
1.3031439781188965,4517
1.3066129684448242,4516
1.3098788261413574,4515
1.3133509159088135,4514
1.31663179397583,4513
1.3201041221618652,4512
1.3233728408813477,4511
1.326815128326416,4510
1.3300790786743164,4509
1.3335530757904053,4508
1.3368258476257324,4507
1.3402869701385498,4506
1.3435370922088623,4505
1.3470070362091064,4504
1.350287914276123,4503
1.3538110256195068,4502
1.3570950031280518,4501
1.3605661392211914,4500
1.3638460636138916,4499
1.367318868637085,4498
1.3705840110778809,4497
1.3740549087524414,4496
1.377335786819458,4495
1.3808081150054932,4494
1.3840789794921875,4493
1.3875999450683594,4492
1.3908817768096924,4491
1.3943440914154053,4490
1.3976070880889893,4489
1.401080846786499,4488
1.4043521881103516,4487
1.4078290462493896,4486
1.4111640453338623,4485
1.4146530628204346,4484
1.4179270267486572,4483
1.4213950634002686,4482
1.4246711730957031,4481
1.4281349182128906,4480
1.4313991069793701,4479
1.4348680973052979,4478
1.4381511211395264,4477
1.4416148662567139,4476
1.444885015487671,4475
1.4483401775360107,4474
1.4516220092773438,4473
1.4551031589508057,4472
1.458371877670288,4471
1.4618360996246338,4470
1.4651129245758057,4469
1.468583106994629,4468
1.4718518257141113,4467
1.4753098487854004,4466
1.4785881042480469,4465
1.4820618629455566,4464
1.485339879989624,4463
1.4888019561767578,4462
1.4920849800109863,4461
1.4955580234527588,4460
1.4988281726837158,4459
1.5023109912872314,4458
1.505591869354248,4457
1.5090570449829102,4456
1.5123279094696045,4455
1.5157849788665771,4454
1.5190610885620117,4453
1.5225450992584229,4452
1.52581787109375,4451
1.529299020767212,4450
1.5325798988342285,4449
1.5360469818115234,4448
1.539337158203125,4447
1.5428218841552734,4446
1.5461130142211914,4445
1.5495808124542236,4444
1.552860975265503,4443
1.5563380718231201,4442
1.559602975845337,4441
1.5630738735198975,4440
1.566399097442627,4439
1.5698909759521484,4438
1.5732550621032715,4437
1.5768930912017822,4436
1.5804131031036377,4435
1.5841009616851807,4434
1.587697982788086,4433
1.5913419723510742,4432
1.5947978496551514,4431
1.5983660221099854,4430
1.6017560958862305,4429
1.6052370071411133,4428
1.608555793762207,4427
1.6120169162750244,4426
1.6153161525726318,4425
1.6187758445739746,4424
1.6220901012420654,4423
1.6255571842193604,4422
1.6288599967956543,4421
1.6322970390319824,4420
1.6355960369110107,4419
1.6390490531921387,4418
1.6423430442810059,4417
1.6457879543304443,4416
1.649075984954834,4415
1.652514934539795,4414
1.6557960510253906,4413
1.659240961074829,4412
1.6624999046325684,4411
1.66593599319458,4410
1.6692209243774414,4409
1.6726670265197754,4408
1.6759541034698486,4407
1.6793920993804932,4406
1.6826820373535156,4405
1.686126947402954,4404
1.689420223236084,4403
1.6928589344024658,4402
1.696141004562378,4401
1.6995658874511719,4400
1.7028608322143555,4399
1.706299066543579,4398
1.7095818519592285,4397
1.712996006011963,4396
1.7162771224975586,4395
1.7197201251983643,4394
1.723008155822754,4393
1.7264420986175537,4392
1.7297208309173584,4391
1.7331647872924805,4390
1.736457109451294,4389
1.739884853363037,4388
1.743161916732788,4387
1.7466089725494385,4386
1.74989914894104,4385
1.7533321380615234,4384
1.7566289901733398,4383
1.760077953338623,4382
1.7633659839630127,4381
1.7668089866638184,4380
1.7701058387756348,4379
1.77354097366333,4378
1.7768337726593018,4377
1.7803270816802979,4376
1.7836408615112305,4375
1.7871220111846924,4374
1.7904210090637207,4373
1.793874979019165,4372
1.7971549034118652,4371
1.8005971908569336,4370
1.8038859367370605,4369
1.807330846786499,4368
1.810610055923462,4367
1.8140370845794678,4366
1.8173329830169678,4365
1.8207790851593018,4364
1.8240652084350586,4363
1.8274991512298584,4362
1.8307790756225586,4361
1.834223985671997,4360
1.837524175643921,4359
1.8409600257873535,4358
1.8442540168762207,4357
1.8476970195770264,4356
1.8509788513183594,4355
1.8544249534606934,4354
1.8577189445495605,4353
1.8611509799957275,4352
1.8644838333129883,4351
1.8681938648223877,4350
1.8716309070587158,4349
1.8751239776611328,4348
1.8784220218658447,4347
1.8818588256835938,4346
1.885138988494873,4345
1.888566017150879,4344
1.8918399810791016,4343
1.8952910900115967,4342
1.8985891342163086,4341
1.9020209312438965,4340
1.9052948951721191,4339
1.9087388515472412,4338
1.9120159149169922,4337
1.9154589176177979,4336
1.9187490940093994,4335
1.9221820831298828,4334
1.9254601001739502,4333
1.9288849830627441,4332
1.9321801662445068,4331
1.9356281757354736,4330
1.938910961151123,4329
1.942337989807129,4328
1.945631980895996,4327
1.9490809440612793,4326
1.9524250030517578,4325
1.9559340476989746,4324
1.9592669010162354,4323
1.9627411365509033,4322
1.9660618305206299,4321
1.9695289134979248,4320
1.97285795211792,4319
1.97633695602417,4318
1.979668140411377,4317
1.9831387996673584,4316
1.986464023590088,4315
1.989945888519287,4314
1.9933221340179443,4313
1.9968039989471436,4312
2.0001370906829834,4311
2.003602981567383,4310
2.0069310665130615,4309
2.010409116744995,4308
2.013715982437134,4307
2.0171620845794678,4306
2.0205137729644775,4305
2.024017095565796,4304
2.027331829071045,4303
2.0307929515838623,4302
2.0341219902038574,4301
2.03759503364563,4300
2.0409159660339355,4299
2.0443990230560303,4298
2.047739028930664,4297
2.0512170791625977,4296
2.0545501708984375,4295
2.058016061782837,4294
2.0613269805908203,4293
2.0648081302642822,4292
2.0681490898132324,4291
2.071627140045166,4290
2.0749661922454834,4289
2.0784380435943604,4288
2.081758975982666,4287
2.085239887237549,4286
2.0885698795318604,4285
2.0920469760894775,4284
2.0953681468963623,4283
2.098828077316284,4282
2.1021430492401123,4281
2.105623960494995,4280
2.1089529991149902,4279
2.1124229431152344,4278
2.1157519817352295,4277
2.1192259788513184,4276
2.122545003890991,4275
2.126020908355713,4274
2.129345178604126,4273
2.1328139305114746,4272
2.1361329555511475,4271
2.139615058898926,4270
2.142936944961548,4269
2.146399974822998,4268
2.1497130393981934,4267
2.1531929969787598,4266
2.1565229892730713,4265
2.15998911857605,4264
2.1633219718933105,4263
2.16679310798645,4262
2.1701130867004395,4261
2.173574924468994,4260
2.1769051551818848,4259
2.180377960205078,4258
2.1836819648742676,4257
2.1871719360351562,4256
2.1905078887939453,4255
2.193972110748291,4254
2.1973040103912354,4253
2.2007880210876465,4252
2.204127073287964,4251
2.2076539993286133,4250
2.2110040187835693,4249
2.2144951820373535,4248
2.2178289890289307,4247
2.221315860748291,4246
2.224648952484131,4245
2.228116035461426,4244
2.231428861618042,4243
2.234893798828125,4242
2.23822021484375,4241
2.241698980331421,4240
2.245023012161255,4239
2.2484891414642334,4238
2.2518208026885986,4237
2.255305051803589,4236
2.2586121559143066,4235
2.2620630264282227,4234
2.2653579711914062,4233
2.268779754638672,4232
2.27211594581604,4231
2.275691032409668,4230
2.279258966445923,4229
2.2829110622406006,4228
2.286267042160034,4227
2.2898120880126953,4226
2.2931439876556396,4225
2.2966859340667725,4224
2.3000221252441406,4223
2.3035600185394287,4222
2.3093669414520264,4221
2.3126749992370605,4220
2.3161959648132324,4219
2.319525957107544,4218
2.323046922683716,4217
2.3263518810272217,4216
2.3298561573028564,4215
2.3331711292266846,4214
2.336683750152588,4213
2.3400001525878906,4212
2.343520164489746,4211
2.3468270301818848,4210
2.350338935852051,4209
2.35365891456604,4208
2.357175827026367,4207
2.360487937927246,4206
2.364009141921997,4205
2.3673198223114014,4204
2.370826005935669,4203
2.3741419315338135,4202
2.3776650428771973,4201
2.3809850215911865,4200
2.38450288772583,4199
2.387831926345825,4198
2.391352891921997,4197
2.394659996032715,4196
2.398167848587036,4195
2.4014840126037598,4194
2.405005931854248,4193
2.4083218574523926,4192
2.4118411540985107,4191
2.415147066116333,4190
2.41865611076355,4189
2.421971082687378,4188
2.4255361557006836,4187
2.4288549423217773,4186
2.432373046875,4185
2.4356801509857178,4184
2.4391989707946777,4183
2.4425230026245117,4182
2.446042060852051,4181
2.449337959289551,4180
2.45284104347229,4179
2.4561638832092285,4178
2.4596800804138184,4177
2.4629859924316406,4176
2.466494083404541,4175
2.4698009490966797,4174
2.473315954208374,4173
2.4766249656677246,4172
2.480126142501831,4171
2.4834070205688477,4170
2.4869089126586914,4169
2.490218162536621,4168
2.4937450885772705,4167
2.497061014175415,4166
2.50056791305542,4165
2.5038750171661377,4164
2.507473945617676,4163
2.514130115509033,4162
2.517439126968384,4161
2.5209500789642334,4160
2.5242919921875,4159
2.527782917022705,4158
2.5311360359191895,4157
2.5345921516418457,4156
2.5379459857940674,4155
2.541463851928711,4154
2.544806957244873,4153
2.548311948776245,4152
2.551670789718628,4151
2.5551838874816895,4150
2.5585858821868896,4149
2.5622780323028564,4148
2.565751791000366,4147
2.569298028945923,4146
2.5726799964904785,4145
2.576204776763916,4144
2.579554796218872,4143
2.5830600261688232,4142
2.5864169597625732,4141
2.5899291038513184,4140
2.5932581424713135,4139
2.5967488288879395,4138
2.60009503364563,4137
2.6035878658294678,4136
2.6069180965423584,4135
2.6104018688201904,4134
2.6168220043182373,4133
2.620151996612549,4132
2.6236608028411865,4131
2.626991033554077,4130
2.630476236343384,4129
2.6337969303131104,4128
2.6372718811035156,4127
2.6405861377716064,4126
2.6440789699554443,4125
2.6474549770355225,4124
2.650942087173462,4123
2.654275894165039,4122
2.657758951187134,4121
2.661072015762329,4120
2.664541006088257,4119
2.6678521633148193,4118
2.6713340282440186,4117
2.6746671199798584,4116
2.6781389713287354,4115
2.681450128555298,4114
2.6849260330200195,4113
2.688246965408325,4112
2.6916940212249756,4111
2.6950039863586426,4110
2.6984899044036865,4109
2.7018179893493652,4108
2.7053000926971436,4107
2.7086129188537598,4106
2.7120888233184814,4105
2.7154059410095215,4104
2.718888998031616,4103
2.722227096557617,4102
2.725705146789551,4101
2.729022979736328,4100
2.7325148582458496,4099
2.7358510494232178,4098
2.7393360137939453,4097
2.7426509857177734,4096
2.7461321353912354,4095
2.749452829360962,4094
2.752929210662842,4093
2.7562639713287354,4092
2.7597639560699463,4091
2.7630910873413086,4090
2.766580104827881,4089
2.7698981761932373,4088
2.7733829021453857,4087
2.7767131328582764,4086
2.7801859378814697,4085
2.783489942550659,4084
2.786997079849243,4083
2.790343999862671,4082
2.7938661575317383,4081
2.7971880435943604,4080
2.8006529808044434,4079
2.8039681911468506,4078
2.8106961250305176,4077
2.81418514251709,4076
2.81752610206604,4075
2.821031093597412,4074
2.8243720531463623,4073
2.827862024307251,4072
2.8311619758605957,4071
2.834646224975586,4070
2.8379769325256348,4069
2.841444969177246,4068
2.844761848449707,4067
2.848252058029175,4066
2.8515779972076416,4065
2.855067014694214,4064
2.858410120010376,4063
2.8619160652160645,4062
2.865312099456787,4061
2.8688249588012695,4060
2.872154951095581,4059
2.8756539821624756,4058
2.8789970874786377,4057
2.88248610496521,4056
2.88580584526062,4055
2.8892910480499268,4054
2.8926219940185547,4053
2.8960988521575928,4052
2.899416923522949,4051
2.9028828144073486,4050
2.9062108993530273,4049
2.909703016281128,4048
2.913038969039917,4047
2.916524887084961,4046
2.9198501110076904,4045
2.9233298301696777,4044
2.926671028137207,4043
2.930176019668579,4042
2.93350887298584,4041
2.936985969543457,4040
2.940333843231201,4039
2.9438328742980957,4038
2.9471518993377686,4037
2.9506351947784424,4036
2.9539530277252197,4035
2.957437038421631,4034
2.960766077041626,4033
2.964279890060425,4032
2.967633008956909,4031
2.9711220264434814,4030
2.9744620323181152,4029
2.9779720306396484,4028
2.9813411235809326,4027
2.98486590385437,4026
2.988229990005493,4025
2.991736888885498,4024
2.9951140880584717,4023
2.998634099960327,4022
3.0019748210906982,4021
3.005481004714966,4020
3.0088319778442383,4019
3.012354850769043,4018
3.0156471729278564,4017
3.0191619396209717,4016
3.0225181579589844,4015
3.0260260105133057,4014
3.029384136199951,4013
3.032902956008911,4012
3.0362250804901123,4011
3.0397369861602783,4010
3.0430941581726074,4009
3.0466020107269287,4008
3.049906015396118,4007
3.0533881187438965,4006
3.056710958480835,4005
3.0634679794311523,4004
3.0669798851013184,4003
3.070349931716919,4002
3.0738861560821533,4001
3.077247142791748,4000
3.080778121948242,3999
3.084191083908081,3998
3.0877139568328857,3997
3.091048002243042,3996
3.094561815261841,3995
3.0979108810424805,3994
3.1014108657836914,3993
3.1047561168670654,3992
3.108267068862915,3991
3.1116061210632324,3990
3.1151068210601807,3989
3.1184568405151367,3988
3.1245861053466797,3987
3.128086805343628,3986
3.1314430236816406,3985
3.134960889816284,3984
3.138308048248291,3983
3.1417970657348633,3982
3.1451449394226074,3981
3.1486470699310303,3980
3.151987075805664,3979
3.15547513961792,3978
3.158849000930786,3977
3.1623518466949463,3976
3.165675163269043,3975
3.169157028198242,3974
3.1724860668182373,3973
3.1759588718414307,3972
3.1792800426483154,3971
3.182755947113037,3970
3.186086893081665,3969
3.189581871032715,3968
3.1929259300231934,3967
3.1964240074157715,3966
3.199759006500244,3965
3.2032370567321777,3964
3.206554889678955,3963
3.210038900375366,3962
3.213366985321045,3961
3.216845989227295,3960
3.2201619148254395,3959
3.2236649990081787,3958
3.226987838745117,3957
3.2304680347442627,3956
3.233804225921631,3955
3.2372958660125732,3954
3.2406229972839355,3953
3.2440850734710693,3952
3.2474021911621094,3951
3.2508718967437744,3950
3.2541909217834473,3949
3.2576851844787598,3948
3.261012077331543,3947
3.264491081237793,3946
3.267808198928833,3945
3.271294116973877,3944
3.274617910385132,3943
3.278095006942749,3942
3.281414031982422,3941
3.284903049468994,3940
3.288226842880249,3939
3.2916879653930664,3938
3.295020818710327,3937
3.300852060317993,3936
3.304378032684326,3935
3.3077070713043213,3934
3.311177968978882,3933
3.314487934112549,3932
3.3179609775543213,3931
3.321281909942627,3930
3.3247718811035156,3929
3.3280868530273438,3928
3.331571102142334,3927
3.3349039554595947,3926
3.3383891582489014,3925
3.34171986579895,3924
3.345207929611206,3923
3.348529100418091,3922
3.3520190715789795,3921
3.355349063873291,3920
3.35882306098938,3919
3.3621230125427246,3918
3.3656139373779297,3917
3.3689188957214355,3916
3.372380018234253,3915
3.375699043273926,3914
3.379171848297119,3913
3.3824799060821533,3912
3.385963201522827,3911
3.389293909072876,3910
3.392772912979126,3909
3.3960940837860107,3908
3.3995890617370605,3907
3.4029200077056885,3906
3.406398057937622,3905
3.409723997116089,3904
3.4132089614868164,3903
3.416527032852173,3902
3.42002010345459,3901
3.4233500957489014,3900
3.4268240928649902,3899
3.4301531314849854,3898
3.433645009994507,3897
3.4369659423828125,3896
3.4404449462890625,3895
3.443773031234741,3894
3.4472501277923584,3893
3.450571060180664,3892
3.4540598392486572,3891
3.457387924194336,3890
3.460862159729004,3889
3.464168071746826,3888
3.4676308631896973,3887
3.4709458351135254,3886
3.474419116973877,3885
3.477739095687866,3884
3.4812188148498535,3883
3.4845330715179443,3882
3.4880001544952393,3881
3.4913330078125,3880
3.494818925857544,3879
3.4981348514556885,3878
3.501617908477783,3877
3.504945993423462,3876
3.508423089981079,3875
3.5117380619049072,3874
3.515204906463623,3873
3.5185658931732178,3872
3.5220959186553955,3871
3.5254390239715576,3870
3.528920888900757,3869
3.532241106033325,3868
3.5357069969177246,3867
3.539016008377075,3866
3.542501926422119,3865
3.545827865600586,3864
3.549309015274048,3863
3.5526280403137207,3862
3.556123971939087,3861
3.5594468116760254,3860
3.5629138946533203,3859
3.5662291049957275,3858
3.5697171688079834,3857
3.5730419158935547,3856
3.576514959335327,3855
3.5798418521881104,3854
3.583322048187256,3853
3.586635112762451,3852
3.590104818344116,3851
3.5934338569641113,3850
3.596918821334839,3849
3.6002449989318848,3848
3.603757858276367,3847
3.607110023498535,3846
3.610583782196045,3845
3.61391019821167,3844
3.617387056350708,3843
3.620702028274536,3842
3.6241748332977295,3841
3.627490997314453,3840
3.630970001220703,3839
3.6342830657958984,3838
3.637765884399414,3837
3.641099214553833,3836
3.6445720195770264,3835
3.6478869915008545,3834
3.6513681411743164,3833
3.6547038555145264,3832
3.6581881046295166,3831
3.6614930629730225,3830
3.664961814880371,3829
3.6682770252227783,3828
3.6717660427093506,3827
3.6750948429107666,3826
3.6785659790039062,3825
3.681881904602051,3824
3.6853699684143066,3823
3.6886980533599854,3822
3.692171096801758,3821
3.6954898834228516,3820
3.6989729404449463,3819
3.7023119926452637,3818
3.7057859897613525,3817
3.7091050148010254,3816
3.7125720977783203,3815
3.715898036956787,3814
3.719370126724243,3813
3.7226881980895996,3812
3.7261760234832764,3811
3.7295219898223877,3810
3.733048915863037,3809
3.7363789081573486,3808
3.739853858947754,3807
3.743170976638794,3806
3.746654987335205,3805
3.749979019165039,3804
3.7534611225128174,3803
3.756787061691284,3802
3.7602651119232178,3801
3.763585090637207,3800
3.767071008682251,3799
3.770395040512085,3798
3.7738661766052246,3797
3.7771759033203125,3796
3.7806529998779297,3795
3.783979892730713,3794
3.7874550819396973,3793
3.7907819747924805,3792
3.7942638397216797,3791
3.797581911087036,3790
3.80106782913208,3789
3.8044090270996094,3788
3.8079068660736084,3787
3.8112411499023438,3786
3.814734935760498,3785
3.818060874938965,3784
3.821547031402588,3783
3.82486891746521,3782
3.828336000442505,3781
3.8316490650177,3780
3.835137128829956,3779
3.8384690284729004,3778
3.841942071914673,3777
3.845259189605713,3776
3.848741054534912,3775
3.8520641326904297,3774
3.855539083480835,3773
3.858854055404663,3772
3.862339973449707,3771
3.8656668663024902,3770
3.86913800239563,3769
3.8724539279937744,3768
3.8759419918060303,3767
3.879265069961548,3766
3.882742166519165,3765
3.8860549926757812,3764
3.889536142349243,3763
3.892889976501465,3762
3.8963730335235596,3761
3.899702787399292,3760
3.9031901359558105,3759
3.9065208435058594,3758
3.910011053085327,3757
3.9133429527282715,3756
3.9168221950531006,3755
3.9201371669769287,3754
3.9236209392547607,3753
3.926935911178589,3752
3.930402994155884,3751
3.933729887008667,3750
3.937208890914917,3749
3.9405269622802734,3748
3.9440181255340576,3747
3.9473800659179688,3746
3.9508700370788574,3745
3.9541971683502197,3744
3.9576830863952637,3743
3.9609949588775635,3742
3.964460849761963,3741
3.9677839279174805,3740
3.971268892288208,3739
3.9745869636535645,3738
3.9780571460723877,3737
3.981387138366699,3736
3.9848721027374268,3735
3.988189935684204,3734
3.9916560649871826,3733
3.994981050491333,3732
3.998460054397583,3731
4.0017759799957275,3730
4.005270004272461,3729
4.011641979217529,3728
4.014974117279053,3727
4.018416881561279,3726
4.021761894226074,3725
4.025271892547607,3724
4.028604984283447,3723
4.03207802772522,3722
4.035388946533203,3721
4.03885817527771,3720
4.042196989059448,3719
4.045681953430176,3718
4.049000024795532,3717
4.052491188049316,3716
4.0558180809021,3715
4.0592780113220215,3714
4.062591075897217,3713
4.066079139709473,3712
4.0694029331207275,3711
4.0728759765625,3710
4.076210975646973,3709
4.079685926437378,3708
4.083004951477051,3707
4.086474180221558,3706
4.089800119400024,3705
4.093289136886597,3704
4.0966150760650635,3703
4.10010290145874,3702
4.103410005569458,3701
4.106884002685547,3700
4.110213041305542,3699
4.113702058792114,3698
4.117021083831787,3697
4.120544195175171,3696
4.124022006988525,3695
4.1275129318237305,3694
4.130913972854614,3693
4.134390115737915,3692
4.13777494430542,3691
4.141245126724243,3690
4.144608020782471,3689
4.1480889320373535,3688
4.151466131210327,3687
4.154932022094727,3686
4.158310890197754,3685
4.161790132522583,3684
4.16520881652832,3683
4.168689012527466,3682
4.17206597328186,3681
4.175542116165161,3680
4.178913116455078,3679
4.182378053665161,3678
4.185740947723389,3677
4.189209938049316,3676
4.192580938339233,3675
4.196043014526367,3674
4.199414014816284,3673
4.202884912490845,3672
4.209417104721069,3671
4.2127909660339355,3670
4.216259956359863,3669
4.219619989395142,3668
4.2277610301971436,3667
4.23112678527832,3666
4.234561920166016,3665
4.240769147872925,3664
4.246886968612671,3663
4.250249147415161,3662
4.255989074707031,3661
4.261674165725708,3660
4.268246173858643,3659
4.277862071990967,3658
4.288832187652588,3657
4.292309045791626,3656
4.295850038528442,3655
4.302341938018799,3654
4.308228969573975,3653
4.314175128936768,3652
4.319858074188232,3651
4.325617074966431,3650
4.3366711139678955,3649
4.339991807937622,3648
4.343513011932373,3647
4.3468239307403564,3646
4.350337982177734,3645
4.356758117675781,3644
4.36008095741272,3643
4.365572929382324,3642
4.374436855316162,3641
4.377744913101196,3640
4.381270170211792,3639
4.3845930099487305,3638
4.3940110206604,3637
4.3973259925842285,3636
4.400851011276245,3635
4.4041759967803955,3634
4.409761190414429,3633
4.416409015655518,3632
4.427220106124878,3631
4.430760145187378,3630
4.437329053878784,3629
4.44064998626709,3628
4.444175958633423,3627
4.452871084213257,3626
4.456398963928223,3625
4.459718942642212,3624
4.470977067947388,3623
4.47632908821106,3622
4.47986912727356,3621
4.4887189865112305,3620
4.492249965667725,3619
4.495575904846191,3618
4.502216100692749,3617
4.5084388256073,3616
4.514474153518677,3615
4.51799201965332,3614
4.521328926086426,3613
4.524864196777344,3612
4.53066086769104,3611
4.536127090454102,3610
4.53944993019104,3609
4.542942047119141,3608
4.546241044998169,3607
4.549771070480347,3606
4.555443048477173,3605
4.560797929763794,3604
4.564109802246094,3603
4.567607879638672,3602
4.5709309577941895,3601
4.574447870254517,3600
4.5777599811553955,3599
4.581255912780762,3598
4.584534168243408,3597
4.588011026382446,3596
4.5912652015686035,3595
4.5947840213775635,3594
4.5981199741363525,3593
4.602029800415039,3592
4.608587026596069,3591
4.611970901489258,3590
4.6176228523254395,3589
4.623077869415283,3588
4.626600027084351,3587
4.6299169063568115,3586
4.635937213897705,3585
4.639471054077148,3584
4.642756938934326,3583
4.6462721824646,3582
4.649595022201538,3581
4.653109073638916,3580
4.663137197494507,3579
4.666671991348267,3578
4.669981002807617,3577
4.675874948501587,3576
4.679404973983765,3575
4.6827170848846436,3574
4.689234018325806,3573
4.692758798599243,3572
4.696084022521973,3571
4.699596881866455,3570
4.702905893325806,3569
4.706434965133667,3568
4.709768056869507,3567
4.713289022445679,3566
4.7165961265563965,3565
4.720103025436401,3564
4.723408937454224,3563
4.726927995681763,3562
4.730252981185913,3561
4.733763933181763,3560
4.737066984176636,3559
4.740620851516724,3558
4.744001865386963,3557
4.74755597114563,3556
4.757919073104858,3555
4.761379957199097,3554
4.767508029937744,3553
4.77439284324646,3552
4.780130863189697,3551
4.788431882858276,3550
4.7918009757995605,3549
4.795303106307983,3548
4.802173137664795,3547
4.805574893951416,3546
4.809085130691528,3545
4.812491178512573,3544
4.816004037857056,3543
4.82183313369751,3542
4.825228214263916,3541
4.831258058547974,3540
4.837251901626587,3539
4.840751886367798,3538
4.844114065170288,3537
4.850557088851929,3536
4.85406494140625,3535
4.8574559688568115,3534
4.864107847213745,3533
4.868126153945923,3532
4.872068881988525,3531
4.876116037368774,3530
4.882226943969727,3529
4.887921094894409,3528
4.891304016113281,3527
4.89480996131897,3526
4.898187160491943,3525
4.901654005050659,3524
4.907099008560181,3523
4.910462141036987,3522
4.913949966430664,3521
4.9173150062561035,3520
4.920776128768921,3519
4.924145936965942,3518
4.927612066268921,3517
4.930966854095459,3516
4.934433937072754,3515
4.937808990478516,3514
4.941281795501709,3513
4.947353839874268,3512
4.950717926025391,3511
4.957099199295044,3510
4.960566759109497,3509
4.963926792144775,3508
4.967401027679443,3507
4.970767974853516,3506
4.97422194480896,3505
4.977589130401611,3504
4.9810709953308105,3503
4.984441041946411,3502
4.992764949798584,3501
4.996138095855713,3500
4.999603033065796,3499
5.005897045135498,3498
5.009251832962036,3497
5.012705087661743,3496
5.01606297492981,3495
5.019543886184692,3494
5.026875972747803,3493
5.030540227890015,3492
5.034394979476929,3491
5.041270971298218,3490
5.044857025146484,3489
5.054378032684326,3488
5.05795693397522,3487
5.061611890792847,3486
5.065217018127441,3485
5.068971157073975,3484
5.072489023208618,3483
5.076133966445923,3482
5.080039978027344,3481
5.083868026733398,3480
5.087517976760864,3479
5.091447830200195,3478
5.097279071807861,3477
5.100854873657227,3476
5.1046411991119385,3475
5.108299016952515,3474
5.115434169769287,3473
5.121621131896973,3472
5.125380992889404,3471
5.1290059089660645,3470
5.132757186889648,3469
5.13936710357666,3468
5.1427929401397705,3467
5.146575927734375,3466
5.150144100189209,3465
5.153948068618774,3464
5.157490015029907,3463
5.171190023422241,3462
5.174531936645508,3461
5.178035020828247,3460
5.181380987167358,3459
5.1848931312561035,3458
5.194032907485962,3457
5.200433015823364,3456
5.203939914703369,3455
5.207268953323364,3454
5.2139410972595215,3453
5.217473983764648,3452
5.226039886474609,3451
5.229555130004883,3450
5.232892990112305,3449
5.236406087875366,3448
5.239763021469116,3447
5.245236158370972,3446
5.252068996429443,3445
5.255559921264648,3444
5.258904933929443,3443
5.262414932250977,3442
5.270406007766724,3441
5.273910760879517,3440
5.277238845825195,3439
5.28075098991394,3438
5.284074068069458,3437
5.289685010910034,3436
5.29517388343811,3435
5.29869818687439,3434
5.3020339012146,3433
5.305567979812622,3432
5.3089540004730225,3431
5.312458038330078,3430
5.3158018589019775,3429
5.319316148757935,3428
5.322649002075195,3427
5.3261590003967285,3426
5.329492092132568,3425
5.332973957061768,3424
5.33964204788208,3423
5.342976093292236,3422
5.346481084823608,3421
5.349814176559448,3420
5.355411052703857,3419
5.3612380027771,3418
5.364757061004639,3417
5.36809515953064,3416
5.385686874389648,3415
5.391211032867432,3414
5.394721984863281,3413
5.398051977157593,3412
5.401576995849609,3411
5.404933929443359,3410
5.408443927764893,3409
5.41178297996521,3408
5.4152867794036865,3407
5.418621063232422,3406
5.422132968902588,3405
5.428140878677368,3404
5.431474924087524,3403
5.434980869293213,3402
5.438308954238892,3401
5.444849967956543,3400
5.448359966278076,3399
5.45502495765686,3398
5.458354949951172,3397
5.461864948272705,3396
5.465210914611816,3395
5.471649885177612,3394
5.475158214569092,3393
5.478507041931152,3392
5.4841461181640625,3391
5.492861986160278,3390
5.496196031570435,3389
5.499717950820923,3388
5.503064870834351,3387
5.509558916091919,3386
5.513062953948975,3385
5.518412113189697,3384
5.5217859745025635,3383
5.525312185287476,3382
5.5286500453948975,3381
5.532145977020264,3380
5.535477161407471,3379
5.538997173309326,3378
5.545090913772583,3377
5.551300048828125,3376
5.55460786819458,3375
5.561105012893677,3374
5.564587116241455,3373
5.567914009094238,3372
5.571399927139282,3371
5.574732780456543,3370
5.578268051147461,3369
5.581682920455933,3368
5.58951997756958,3367
5.5928521156311035,3366
5.598167896270752,3365
5.601685047149658,3364
5.610923767089844,3363
5.614454984664917,3362
5.617794990539551,3361
5.626729965209961,3360
5.630063056945801,3359
5.63357400894165,3358
5.636887788772583,3357
5.6435558795928955,3356
5.647058010101318,3355
5.650382995605469,3354
5.653908014297485,3353
5.657243013381958,3352
5.660745143890381,3351
5.664093017578125,3350
5.6675941944122314,3349
5.670907974243164,3348
5.676601886749268,3347
5.682286024093628,3346
5.6857922077178955,3345
5.689134836196899,3344
5.694485187530518,3343
5.697990894317627,3342
5.70133900642395,3341
5.706866979598999,3340
5.712813854217529,3339
5.716325998306274,3338
5.7196760177612305,3337
5.723174095153809,3336
5.726500034332275,3335
5.73235011100769,3334
5.741933822631836,3333
5.745259046554565,3332
5.751471996307373,3331
5.75498104095459,3330
5.76127815246582,3329
5.767435073852539,3328
5.773771047592163,3327
5.777302980422974,3326
5.7828209400177,3325
5.786586046218872,3324
5.7931389808654785,3323
5.796894073486328,3322
5.809370994567871,3321
5.81899881362915,3320
5.822517156600952,3319
5.828194856643677,3318
5.831830978393555,3317
5.835351943969727,3316
5.839001893997192,3315
5.846063852310181,3314
5.849714040756226,3313
5.853482007980347,3312
5.857073068618774,3311
5.860924005508423,3310
5.864580869674683,3309
5.871352910995483,3308
5.880221128463745,3307
5.883745193481445,3306
5.887510776519775,3305
5.893776893615723,3304
5.9026079177856445,3303
5.906277894973755,3302
5.913074016571045,3301
5.916596174240112,3300
5.920242071151733,3299
5.923720121383667,3298
5.929418087005615,3297
5.9431681632995605,3296
5.946674108505249,3295
5.955667018890381,3294
5.964362144470215,3293
5.9680211544036865,3292
5.985975980758667,3291
5.989452838897705,3290
5.995146989822388,3289
5.998987197875977,3288
6.002495050430298,3287
6.008739948272705,3286
6.01451301574707,3285
6.0244340896606445,3284
6.032918214797974,3283
6.036412000656128,3282
6.044619083404541,3281
6.048121929168701,3280
6.051722049713135,3279
6.055567979812622,3278
6.059203863143921,3277
6.062828779220581,3276
6.06620717048645,3275
6.074141025543213,3274
6.108544111251831,3273
6.115594148635864,3272
6.124403953552246,3271
6.128290891647339,3270
6.134838819503784,3269
6.1385180950164795,3268
6.145242929458618,3267
6.156786918640137,3266
6.164088010787964,3265
6.167926073074341,3264
6.171539068222046,3263
6.177922964096069,3262
6.193306922912598,3261
6.196881055831909,3260
6.2032248973846436,3259
6.20887303352356,3258
6.215072154998779,3257
6.218796968460083,3256
6.224544048309326,3255
6.2281060218811035,3254
6.231858968734741,3253
6.235350131988525,3252
6.244545221328735,3251
6.248140096664429,3250
6.253818035125732,3249
6.260686874389648,3248
6.266772031784058,3247
6.270521879196167,3246
6.278100967407227,3245
6.281633138656616,3244
6.284970998764038,3243
6.296478033065796,3242
6.302695035934448,3241
6.306530952453613,3240
6.310125827789307,3239
6.315623998641968,3238
6.326254844665527,3237
6.330045938491821,3236
6.33653998374939,3235
6.340083122253418,3234
6.343843936920166,3233
6.3504509925842285,3232
6.36286187171936,3231
6.366477966308594,3230
6.376206874847412,3229
6.391278028488159,3228
6.400068044662476,3227
6.403532981872559,3226
6.409362077713013,3225
6.412914991378784,3224
6.419180870056152,3223
6.422495126724243,3222
6.426016092300415,3221
6.42936897277832,3220
6.4381020069122314,3219
6.441457033157349,3218
6.445003032684326,3217
6.450514078140259,3216
6.453845024108887,3215
6.459798097610474,3214
6.463460922241211,3213
6.46691107749939,3212
6.472340106964111,3211
6.4758570194244385,3210
6.479222774505615,3209
6.486093997955322,3208
6.496422052383423,3207
6.502683877944946,3206
6.509177923202515,3205
6.512662172317505,3204
6.515968084335327,3203
6.519459962844849,3202
6.522834062576294,3201
6.526330947875977,3200
6.531893014907837,3199
6.540385961532593,3198
6.543890953063965,3197
6.547230958938599,3196
6.550732851028442,3195
6.557261943817139,3194
6.5605950355529785,3193
6.564084053039551,3192
6.5799760818481445,3191
6.583338022232056,3190
6.586833953857422,3189
6.590166807174683,3188
6.59367299079895,3187
6.5970189571380615,3186
6.600515842437744,3185
6.610311985015869,3184
6.616074085235596,3183
6.626436948776245,3182
6.632941007614136,3181
6.63645601272583,3180
6.639855861663818,3179
6.643354892730713,3178
6.646694898605347,3177
6.650193929672241,3176
6.6598029136657715,3175
6.663305044174194,3174
6.666637897491455,3173
6.670132160186768,3172
6.677639007568359,3171
6.681152105331421,3170
6.687988042831421,3169
6.691324949264526,3168
6.695067882537842,3167
6.69868803024292,3166
6.702609062194824,3165
6.706202030181885,3164
6.710177183151245,3163
6.720921993255615,3162
6.730576038360596,3161
6.734273910522461,3160
6.740699052810669,3159
6.744511127471924,3158
6.753437042236328,3157
6.757367849349976,3156
6.761110782623291,3155
6.765102863311768,3154
6.768823862075806,3153
6.772763967514038,3152
6.776562929153442,3151
6.78596305847168,3150
6.789731979370117,3149
6.797456979751587,3148
6.801522970199585,3147
6.805211067199707,3146
6.809190988540649,3145
6.812873125076294,3144
6.81680703163147,3143
6.820611953735352,3142
6.834308862686157,3141
6.838206052780151,3140
6.847658157348633,3139
6.8517091274261475,3138
6.855463027954102,3137
6.8594970703125,3136
6.865783929824829,3135
6.869439125061035,3134
6.87574315071106,3133
6.879690170288086,3132
6.883225917816162,3131
6.8870909214019775,3130
6.896045923233032,3129
6.902700901031494,3128
6.914917945861816,3127
6.918784141540527,3126
6.922507047653198,3125
6.931672811508179,3124
6.935436010360718,3123
6.942126989364624,3122
6.952692031860352,3121
6.968830108642578,3120
6.975773096084595,3119
6.979633092880249,3118
6.983338117599487,3117
6.987245798110962,3116
6.999960899353027,3115
7.003605127334595,3114
7.0130040645599365,3113
7.018475770950317,3112
7.02207088470459,3111
7.025518894195557,3110
7.0315470695495605,3109
7.035162925720215,3108
7.041036128997803,3107
7.0467588901519775,3106
7.050326108932495,3105
7.061708211898804,3104
7.072467088699341,3103
7.079309940338135,3102
7.08291220664978,3101
7.086349964141846,3100
7.092592000961304,3099
7.09955096244812,3098
7.103198051452637,3097
7.1067421436309814,3096
7.110348224639893,3095
7.113799095153809,3094
7.117400884628296,3093
7.120836973190308,3092
7.1274871826171875,3091
7.1338300704956055,3090
7.137402057647705,3089
7.140841960906982,3088
7.1444480419158936,3087
7.147873163223267,3086
7.153880834579468,3085
7.16290807723999,3084
7.166371822357178,3083
7.172887802124023,3082
7.178466796875,3081
7.186999797821045,3080
7.19041895866394,3079
7.197386026382446,3078
7.200993061065674,3077
7.204428195953369,3076
7.208024978637695,3075
7.211449861526489,3074
7.215034008026123,3073
7.2184898853302,3072
7.222154140472412,3071
7.230072975158691,3070
7.233763933181763,3069
7.2372119426727295,3068
7.240832090377808,3067
7.244349956512451,3066
7.249850034713745,3065
7.253441095352173,3064
7.260390043258667,3063
7.266451120376587,3062
7.26987099647522,3061
7.273471117019653,3060
7.2768988609313965,3059
7.280483961105347,3058
7.283926963806152,3057
7.287530183792114,3056
7.3040690422058105,3055
7.310384035110474,3054
7.316515922546387,3053
7.319958209991455,3052
7.323560953140259,3051
7.329262971878052,3050
7.335094928741455,3049
7.3385350704193115,3048
7.349758148193359,3047
7.353363037109375,3046
7.356796979904175,3045
7.360419988632202,3044
7.370450973510742,3043
7.377010107040405,3042
7.38262414932251,3041
7.386221885681152,3040
7.392101049423218,3039
7.395564794540405,3038
7.3991429805755615,3037
7.402618885040283,3036
7.406182050704956,3035
7.409643173217773,3034
7.413203001022339,3033
7.416662931442261,3032
7.42024302482605,3031
7.4487152099609375,3030
7.452289819717407,3029
7.455768823623657,3028
7.459342002868652,3027
7.467833042144775,3026
7.474216938018799,3025
7.480454921722412,3024
7.484033823013306,3023
7.487498044967651,3022
7.497774839401245,3021
7.501230955123901,3020
7.504812955856323,3019
7.50829291343689,3018
7.511850118637085,3017
7.515309810638428,3016
7.518884897232056,3015
7.5223541259765625,3014
7.525923013687134,3013
7.52938985824585,3012
7.532947063446045,3011
7.541953802108765,3010
7.54551100730896,3009
7.548959016799927,3008
7.555393218994141,3007
7.558950901031494,3006
7.562427043914795,3005
7.566025018692017,3004
7.571981906890869,3003
7.575445175170898,3002
7.5789971351623535,3001
7.582442998886108,3000
7.586014986038208,2999
7.59144401550293,2998
7.594934940338135,2997
7.598494052886963,2996
7.607767820358276,2995
7.619152069091797,2994
7.624891042709351,2993
7.628446102142334,2992
7.631939888000488,2991
7.635564804077148,2990
7.643934965133667,2989
7.650137901306152,2988
7.65370512008667,2987
7.657166004180908,2986
7.66071891784668,2985
7.664169073104858,2984
7.667742013931274,2983
7.6712000370025635,2982
7.674777984619141,2981
7.6782307624816895,2980
7.681825160980225,2979
7.685286998748779,2978
7.688858985900879,2977
7.692317962646484,2976
7.695894956588745,2975
7.69934606552124,2974
7.702923059463501,2973
7.706386089324951,2972
7.709941148757935,2971
7.713386058807373,2970
7.716962814331055,2969
7.720428943634033,2968
7.723984003067017,2967
7.7274489402771,2966
7.731020927429199,2965
7.734479904174805,2964
7.740609884262085,2963
7.744185924530029,2962
7.747668981552124,2961
7.7512359619140625,2960
7.754698038101196,2959
7.758259057998657,2958
7.761709928512573,2957
7.767147779464722,2956
7.775759935379028,2955
7.782142162322998,2954
7.785600185394287,2953
7.789156913757324,2952
7.7926249504089355,2951
7.796194791793823,2950
7.802709102630615,2949
7.806174039840698,2948
7.8097429275512695,2947
7.813193082809448,2946
7.81925892829895,2945
7.822813034057617,2944
7.832345962524414,2943
7.835910081863403,2942
7.841813087463379,2941
7.859241008758545,2940
7.867853879928589,2939
7.871422052383423,2938
7.874855041503906,2937
7.88387393951416,2936
7.8873610496521,2935
7.890939950942993,2934
7.894415855407715,2933
7.899861097335815,2932
7.903432130813599,2931
7.9068920612335205,2930
7.912550926208496,2929
7.916131973266602,2928
7.919628858566284,2927
7.926387071609497,2926
7.929970026016235,2925
7.938417911529541,2924
7.942006826400757,2923
7.945488929748535,2922
7.9548499584198,2921
7.958311080932617,2920
7.964247941970825,2919
7.970602035522461,2918
7.976101875305176,2917
7.979575872421265,2916
7.985720872879028,2915
7.989080905914307,2914
7.992563009262085,2913
7.995929002761841,2912
7.999392032623291,2911
8.009718894958496,2910
8.013068914413452,2909
8.016520023345947,2908
8.022273063659668,2907
8.02564787864685,2906
8.033949136734009,2905
8.037321090698242,2904
8.043761968612671,2903
8.047244787216187,2902
8.064434051513672,2901
8.067905902862549,2900
8.071269989013672,2899
8.074733972549438,2898
8.081490993499756,2897
8.0848548412323,2896
8.088319063186646,2895
8.091692924499512,2894
8.095181941986084,2893
8.098546028137207,2892
8.107578992843628,2891
8.110945224761963,2890
8.114453077316284,2889
8.120739936828613,2888
8.134724855422974,2887
8.138190031051636,2886
8.141571998596191,2885
8.147563934326172,2884
8.15102505683899,2883
8.156553030014038,2882
8.164128065109253,2881
8.170245885848999,2880
8.179408073425293,2879
8.186249017715454,2878
8.191905975341797,2877
8.208770990371704,2876
8.214326858520508,2875
8.217691898345947,2874
8.22115707397461,2873
8.22452998161316,2872
8.228001117706299,2871
8.231364011764526,2870
8.234818935394287,2869
8.23819088935852,2868
8.241665840148926,2867
8.24503207206726,2866
8.248522996902466,2865
8.254752159118652,2864
8.258134126663208,2863
8.261612892150879,2862
8.264979124069214,2861
8.268442869186401,2860
8.271806955337524,2859
8.275284051895142,2858
8.278655052185059,2857
8.284670114517212,2856
8.288146018981934,2855
8.294083833694458,2854
8.297467947006226,2853
8.300940990447998,2852
8.306550979614258,2851
8.309936046600342,2850
8.313420057296753,2849
8.320214986801147,2848
8.323593139648438,2847
8.327080965042114,2846
8.330461978912354,2845
8.333961009979248,2844
8.337362051010132,2843
8.340861082077026,2842
8.344256162643433,2841
8.351166009902954,2840
8.354653120040894,2839
8.360764980316162,2838
8.364135026931763,2837
8.36762809753418,2836
8.371025085449219,2835
8.374518156051636,2834
8.382797002792358,2833
8.38628602027893,2832
8.389661073684692,2831
8.395260095596313,2830
8.398746013641357,2829
8.402125835418701,2828
8.407542943954468,2827
8.411022901535034,2826
8.414392948150635,2825
8.41785717010498,2824
8.421224117279053,2823
8.42470097541809,2822
8.430476903915405,2821
8.433850049972534,2820
8.437323093414307,2819
8.440694808959961,2818
8.444162845611572,2817
8.44753098487854,2816
8.452831983566284,2815
8.456299066543579,2814
8.459672927856445,2813
8.463143110275269,2812
8.466507196426392,2811
8.469985008239746,2810
8.475701093673706,2809
8.479079008102417,2808
8.482560157775879,2807
8.48593282699585,2806
8.489406108856201,2805
8.492777109146118,2804
8.499305009841919,2803
8.502774000167847,2802
8.513864040374756,2801
8.517217874526978,2800
8.520692110061646,2799
8.524091958999634,2798
8.529424905776978,2797
8.532902956008911,2796
8.539438962936401,2795
8.54589295387268,2794
8.549263000488281,2793
8.55273985862732,2792
8.556097984313965,2791
8.567858934402466,2790
8.57132601737976,2789
8.577986001968384,2788
8.58135199546814,2787
8.591010808944702,2786
8.594372987747192,2785
8.600670099258423,2784
8.606665134429932,2783
8.610130071640015,2782
8.613511085510254,2781
8.616997003555298,2780
8.620362043380737,2779
8.62567400932312,2778
8.629145860671997,2777
8.63250994682312,2776
8.635975122451782,2775
8.639355897903442,2774
8.642829895019531,2773
8.646204948425293,2772
8.649676084518433,2771
8.66370701789856,2770
8.670321941375732,2769
8.673796892166138,2768
8.677153825759888,2767
8.680619955062866,2766
8.686296939849854,2765
8.691958904266357,2764
8.700582027435303,2763
8.70405888557434,2762
8.707435846328735,2761
8.710906982421875,2760
8.714277029037476,2759
8.71983289718628,2758
8.731261014938354,2757
8.734718084335327,2756
8.73805284500122,2755
8.741505861282349,2754
8.744865894317627,2753
8.748337984085083,2752
8.751713991165161,2751
8.757078170776367,2750
8.760539054870605,2749
8.763906955718994,2748
8.767379999160767,2747
8.773985147476196,2746
8.77735686302185,2745
8.780830144882202,2744
8.784199953079224,2743
8.798011064529419,2742
8.801369905471802,2741
8.804848909378052,2740
8.812870979309082,2739
8.81639313697815,2738
8.82207703590393,2737
8.825462102890015,2736
8.830859184265137,2735
8.83433723449707,2734
8.837710857391357,2733
8.841190099716187,2732
8.844565153121948,2731
8.84992003440857,2730
8.853409767150879,2729
8.85953402519226,2728
8.862922191619873,2727
8.866409063339233,2726
8.871953010559082,2725
8.875317096710205,2724
8.878787994384766,2723
8.882153987884521,2722
8.885632038116455,2721
8.88900899887085,2720
8.892452955245972,2719
8.897962093353271,2718
8.901347875595093,2717
8.904829978942871,2716
8.908192157745361,2715
8.914000988006592,2714
8.920488119125366,2713
8.923999071121216,2712
8.927397966384888,2711
8.930907011032104,2710
8.93428111076355,2709
8.937782049179077,2708
8.944232940673828,2707
8.950835943222046,2706
8.954214096069336,2705
8.957705020904541,2704
8.96107816696167,2703
8.980371952056885,2702
8.987154960632324,2701
8.998296976089478,2700
9.001672983169556,2699
9.00515103340149,2698
9.010561227798462,2697
9.015841007232666,2696
9.01921796798706,2695
9.022689819335938,2694
9.026091814041138,2693
9.029587984085083,2692
9.035925149917603,2691
9.042630910873413,2690
9.045990943908691,2689
9.049427032470703,2688
9.060585021972656,2687
9.063935041427612,2686
9.0694739818573,2685
9.072937965393066,2684
9.082082986831665,2683
9.09128212928772,2682
9.094648838043213,2681
9.098129987716675,2680
9.101546049118042,2679
9.105153799057007,2678
9.11201286315918,2677
9.120994806289673,2676
9.130337953567505,2675
9.136847972869873,2674
9.142945051193237,2673
9.148921966552734,2672
9.15226411819458,2671
9.155702114105225,2670
9.167448997497559,2669
9.170806884765625,2668
9.19387412071228,2667
9.223500967025757,2666
9.23025393486023,2665
9.236908912658691,2664
9.248545169830322,2663
9.260110855102539,2662
9.263472080230713,2661
9.267029047012329,2660
9.2703697681427,2659
9.273918151855469,2658
9.27725601196289,2657
9.280817031860352,2656
9.286468029022217,2655
9.289802074432373,2654
9.293333053588867,2653
9.29667592048645,2652
9.304670095443726,2651
9.310396909713745,2650
9.313714027404785,2649
9.32002592086792,2648
9.330527067184448,2647
9.33405089378357,2646
9.34028697013855,2645
9.343600034713745,2644
9.353590965270996,2643
9.356892108917236,2642
9.366472959518433,2641
9.369779109954834,2640
9.373321056365967,2639
9.376650094985962,2638
9.380176067352295,2637
9.385634899139404,2636
9.394459962844849,2635
9.397995948791504,2634
9.429302215576172,2633
9.434777975082397,2632
9.438096046447754,2631
9.443596839904785,2630
9.447129964828491,2629
9.45044493675232,2628
9.453969955444336,2627
9.457283973693848,2626
9.463021993637085,2625
9.470632076263428,2624
9.487699031829834,2623
9.496440887451172,2622
9.506563901901245,2621
9.54268193244934,2620
9.545996904373169,2619
9.563934087753296,2618
9.571516036987305,2617
9.591922998428345,2616
9.599239110946655,2615
9.605225086212158,2614
9.62206506729126,2613
9.634637832641602,2612
9.638177871704102,2611
9.649317979812622,2610
9.663883209228516,2609
9.674515962600708,2608
9.684055805206299,2607
9.68759799003601,2606
9.707551002502441,2605
9.710857152938843,2604
9.714369058609009,2603
9.741044044494629,2602
9.777928113937378,2601
9.814471006393433,2600
9.82066297531128,2599
9.823976039886475,2598
9.833441972732544,2597
9.836973905563354,2596
9.8402841091156,2595
9.8438138961792,2594
9.856358051300049,2593
9.859884977340698,2592
9.863181829452515,2591
9.875708103179932,2590
9.879025936126709,2589
9.885010004043579,2588
9.88853406906128,2587
9.891905784606934,2586
9.901148080825806,2585
9.914525032043457,2584
9.921771049499512,2583
9.934077978134155,2582
9.940790891647339,2581
9.9443039894104,2580
9.959293127059937,2579
9.969675064086914,2578
9.974961996078491,2577
9.983264207839966,2576
9.98656177520752,2575
9.992875099182129,2574
9.99642300605774,2573
10.012197971343994,2572
10.015511989593506,2571
10.019020080566406,2570
10.027997970581055,2569
10.034177780151367,2568
10.048589944839478,2567
10.054576873779297,2566
10.05809998512268,2565
10.064465999603271,2564
10.072118759155273,2563
10.08228588104248,2562
10.093384981155396,2561
10.100076913833618,2560
10.103389024734497,2559
10.111828088760376,2558
10.115139961242676,2557
10.118649005889893,2556
10.12471890449524,2555
10.145551919937134,2554
10.165047883987427,2553
10.179198026657104,2552
10.18537712097168,2551
10.191844940185547,2550
10.195164918899536,2549
10.200489044189453,2548
10.208231925964355,2547
10.220072031021118,2546
10.223411083221436,2545
10.226951122283936,2544
10.234941005706787,2543
10.240370035171509,2542
10.246517181396484,2541
10.265049934387207,2540
10.271254777908325,2539
10.274544954299927,2538
10.278059959411621,2537
10.283689975738525,2536
10.289438962936401,2535
10.295137166976929,2534
10.298763036727905,2533
10.326150894165039,2532
10.347035884857178,2531
10.356800079345703,2530
10.360502004623413,2529
10.369395971298218,2528
10.373100996017456,2527
10.382023096084595,2526
10.388987064361572,2525
10.40353798866272,2524
10.407027959823608,2523
10.426109075546265,2522
10.447149991989136,2521
10.450592041015625,2520
10.456721067428589,2519
10.464908123016357,2518
10.477127075195312,2517
10.508667945861816,2516
10.526944160461426,2515
10.556300163269043,2514
10.55981707572937,2513
10.572396993637085,2512
10.582056045532227,2511
10.602487802505493,2510
10.628211975097656,2509
10.65337085723877,2508
10.659337043762207,2507
10.67825698852539,2506
10.700065851211548,2505
10.703908920288086,2504
10.707486152648926,2503
10.711267948150635,2502
10.726293087005615,2501
10.730159044265747,2500
10.740829944610596,2499
10.749336957931519,2498
10.762153148651123,2497
10.773530006408691,2496
10.781810998916626,2495
10.785178899765015,2494
10.805020093917847,2493
10.823298931121826,2492
10.826780080795288,2491
10.837157011032104,2490
10.851481914520264,2489
10.866050958633423,2488
10.869415044784546,2487
10.872918128967285,2486
10.876271963119507,2485
10.879767894744873,2484
10.88792896270752,2483
10.891438007354736,2482
10.894775867462158,2481
10.913102865219116,2480
10.929920196533203,2479
10.933279037475586,2478
10.936771869659424,2477
10.940135955810547,2476
10.94615888595581,2475
10.949658870697021,2474
10.959682941436768,2473
10.96548318862915,2472
10.977482080459595,2471
10.982832908630371,2470
10.989572048187256,2469
10.997808933258057,2468
11.001291036605835,2467
11.009051084518433,2466
11.01525592803955,2465
11.018723011016846,2464
11.030181884765625,2463
11.033523082733154,2462
11.037006855010986,2461
11.040361166000366,2460
11.046972036361694,2459
11.050476789474487,2458
11.079628229141235,2457
11.091265201568604,2456
11.119570970535278,2455
11.130604982376099,2454
11.134068012237549,2453
11.174263954162598,2452
11.186887979507446,2451
11.229411840438843,2450
11.24291706085205,2449
11.246273040771484,2448
11.268959045410156,2447
11.278020858764648,2446
11.286699056625366,2445
11.290045976638794,2444
11.293551921844482,2443
11.29690408706665,2442
11.302845001220703,2441
11.308687925338745,2440
11.312211036682129,2439
11.315582036972046,2438
11.319083213806152,2437
11.331460952758789,2436
11.343034982681274,2435
11.364086866378784,2434
11.36762809753418,2433
11.371015071868896,2432
11.37999701499939,2431
11.383409023284912,2430
11.390033960342407,2429
11.398294925689697,2428
11.40946912765503,2427
11.415070056915283,2426
11.421803951263428,2425
11.42533802986145,2424
11.45239782333374,2423
11.461961030960083,2422
11.46556806564331,2421
11.47329592704773,2420
11.476907968521118,2419
11.48039698600769,2418
11.531538963317871,2417
11.53514289855957,2416
11.53861403465271,2415
11.558042049407959,2414
11.561504125595093,2413
11.566992044448853,2412
11.607798099517822,2411
11.639739990234375,2410
11.643312931060791,2409
11.680639028549194,2408
11.686582088470459,2407
11.695135116577148,2406
11.698590993881226,2405
11.715625047683716,2404
11.721605062484741,2403
11.739113092422485,2402
11.770110130310059,2401
11.796311855316162,2400
11.807427883148193,2399
11.821843147277832,2398
11.825407028198242,2397
11.846544027328491,2396
11.86696195602417,2395
11.870537996292114,2394
11.87680697441101,2393
11.880256175994873,2392
11.885821104049683,2391
11.89837908744812,2390
11.915640830993652,2389
11.937905073165894,2388
11.948019981384277,2387
11.951604127883911,2386
11.958503007888794,2385
11.9619619846344,2384
11.984155893325806,2383
11.995117902755737,2382
11.99855899810791,2381
12.002135992050171,2380
12.007588863372803,2379
12.015401124954224,2378
12.030848026275635,2377
12.045139074325562,2376
12.051531076431274,2375
12.07845687866211,2374
12.081916093826294,2373
12.089595079421997,2372
12.099916934967041,2371
12.105802059173584,2370
12.147787094116211,2369
12.151362895965576,2368
12.160311937332153,2367
12.163880109786987,2366
12.189004898071289,2365
12.21272897720337,2364
12.21923303604126,2363
12.225605964660645,2362
12.247066020965576,2361
12.252847909927368,2360
12.25981092453003,2359
12.26642394065857,2358
12.272426128387451,2357
12.297003984451294,2356
12.309120178222656,2355
12.312683820724487,2354
12.321924924850464,2353
12.358273983001709,2352
12.36185884475708,2351
12.369634866714478,2350
12.392196893692017,2349
12.395758867263794,2348
12.412673950195312,2347
12.439221143722534,2346
12.452201128005981,2345
12.460405111312866,2344
12.491965055465698,2343
12.49750804901123,2342
12.525466918945312,2341
12.584607124328613,2340
12.623969793319702,2339
12.635338068008423,2338
12.664415121078491,2337
12.68198299407959,2336
12.735090017318726,2335
12.791691064834595,2334
12.862796068191528,2333
12.888533115386963,2332
12.8990318775177,2331
12.907574892044067,2330
12.921869993209839,2329
12.925494194030762,2328
12.942782163619995,2327
12.963808059692383,2326
13.013103008270264,2325
13.01643991470337,2324
13.054954051971436,2323
13.066251039505005,2322
13.101602792739868,2321
13.200116157531738,2320
13.219135999679565,2319
13.235992908477783,2318
13.241671085357666,2317
13.250476837158203,2316
13.260598182678223,2315
13.27261996269226,2314
13.286197185516357,2313
13.330554962158203,2312
13.389082908630371,2311
13.409079790115356,2310
13.52587604522705,2309
13.540939092636108,2308
13.715129852294922,2307
13.725810050964355,2306
13.746145009994507,2305
13.788687944412231,2304
13.869602918624878,2303
13.89503002166748,2302
14.028899908065796,2301
14.032299041748047,2300
14.095099925994873,2299
14.12401795387268,2298
14.238903999328613,2297
14.261965990066528,2296
14.268110990524292,2295
14.278196096420288,2294
14.283865928649902,2293
14.477926015853882,2292
14.553905963897705,2291
14.652251958847046,2290
14.683511972427368,2289
