0.0036869049072265625,4891
0.00713801383972168,4890
0.010912895202636719,4889
0.014581918716430664,4888
0.018274784088134766,4887
0.02203083038330078,4886
0.025995969772338867,4885
0.029987812042236328,4884
0.03394675254821777,4883
0.03769803047180176,4882
0.04138493537902832,4881
0.045005083084106445,4880
0.0487518310546875,4879
0.05249190330505371,4878
0.056514739990234375,4877
0.060675859451293945,4876
0.06505084037780762,4875
0.06899571418762207,4874
0.07283592224121094,4873
0.07635998725891113,4872
0.07992291450500488,4871
0.08329391479492188,4870
0.08678603172302246,4869
0.09012889862060547,4868
0.09361481666564941,4867
0.09695577621459961,4866
0.10066413879394531,4865
0.10427594184875488,4864
0.10796189308166504,4863
0.11173772811889648,4862
0.11550378799438477,4861
0.11910605430603027,4860
0.12281298637390137,4859
0.1264650821685791,4858
0.13008689880371094,4857
0.13344693183898926,4856
0.13692593574523926,4855
0.14023089408874512,4854
0.14365077018737793,4853
0.14693880081176758,4852
0.15037894248962402,4851
0.15365982055664062,4850
0.1570758819580078,4849
0.1603529453277588,4848
0.16376709938049316,4847
0.1670536994934082,4846
0.17051386833190918,4845
0.1738297939300537,4844
0.17724394798278809,4843
0.18065690994262695,4842
0.18437671661376953,4841
0.1877918243408203,4840
0.19135284423828125,4839
0.19487476348876953,4838
0.19911694526672363,4837
0.2031240463256836,4836
0.20720291137695312,4835
0.21149492263793945,4834
0.2155778408050537,4833
0.21952271461486816,4832
0.22353887557983398,4831
0.22746801376342773,4830
0.23148083686828613,4829
0.23540186882019043,4828
0.23959088325500488,4827
0.2438199520111084,4826
0.24785304069519043,4825
0.2517688274383545,4824
0.25582289695739746,4823
0.25966906547546387,4822
0.2638521194458008,4821
0.26770687103271484,4820
0.2717709541320801,4819
0.27570676803588867,4818
0.27980685234069824,4817
0.2836117744445801,4816
0.28757786750793457,4815
0.2913339138031006,4814
0.295245885848999,4813
0.29898977279663086,4812
0.30297398567199707,4811
0.3067138195037842,4810
0.31062984466552734,4809
0.3143739700317383,4808
0.3183407783508301,4807
0.32213306427001953,4806
0.32607579231262207,4805
0.32985401153564453,4804
0.33376097679138184,4803
0.33754587173461914,4802
0.34154295921325684,4801
0.34534406661987305,4800
0.34931468963623047,4799
0.35339903831481934,4798
0.35748982429504395,4797
0.36159491539001465,4796
0.3656167984008789,4795
0.3691117763519287,4794
0.37273693084716797,4793
0.3760979175567627,4792
0.3795938491821289,4791
0.3829507827758789,4790
0.3864598274230957,4789
0.38979196548461914,4788
0.3933110237121582,4787
0.39666295051574707,4786
0.4001798629760742,4785
0.4035310745239258,4784
0.4070320129394531,4783
0.41036009788513184,4782
0.41388392448425293,4781
0.4172358512878418,4780
0.42073702812194824,4779
0.42407774925231934,4778
0.42758893966674805,4777
0.43092989921569824,4776
0.43444204330444336,4775
0.43779468536376953,4774
0.441303014755249,4773
0.44463682174682617,4772
0.44812583923339844,4771
0.45147085189819336,4770
0.4549996852874756,4769
0.4583580493927002,4768
0.46187400817871094,4767
0.4651978015899658,4766
0.4686248302459717,4765
0.47188878059387207,4764
0.47533583641052246,4763
0.47861194610595703,4762
0.4820408821105957,4761
0.48529577255249023,4760
0.48873090744018555,4759
0.49199581146240234,4758
0.4954359531402588,4757
0.4987337589263916,4756
0.5021719932556152,4755
0.5054938793182373,4754
0.508936882019043,4753
0.5122051239013672,4752
0.5156369209289551,4751
0.518902063369751,4750
0.5223569869995117,4749
0.5256428718566895,4748
0.5290758609771729,4747
0.5323400497436523,4746
0.5357959270477295,4745
0.5390839576721191,4744
0.5425410270690918,4743
0.5458269119262695,4742
0.5492689609527588,4741
0.552541971206665,4740
0.5559768676757812,4739
0.5593109130859375,4738
0.5632257461547852,4737
0.5669848918914795,4736
0.5709047317504883,4735
0.5746488571166992,4734
0.5785648822784424,4733
0.5822999477386475,4732
0.5862228870391846,4731
0.5899698734283447,4730
0.5938718318939209,4729
0.5975780487060547,4728
0.6014537811279297,4727
0.6053838729858398,4726
0.6091740131378174,4725
0.6125638484954834,4724
0.6161189079284668,4723
0.619661808013916,4722
0.62335205078125,4721
0.6268880367279053,4720
0.6304347515106201,4719
0.6338808536529541,4718
0.637549877166748,4717
0.6410927772521973,4716
0.6447548866271973,4715
0.6482670307159424,4714
0.6518228054046631,4713
0.6551387310028076,4712
0.6585719585418701,4711
0.6618387699127197,4710
0.6652700901031494,4709
0.6685669422149658,4708
0.6749279499053955,4707
0.6783590316772461,4706
0.6816439628601074,4705
0.6850707530975342,4704
0.6883499622344971,4703
0.6917839050292969,4702
0.6950569152832031,4701
0.6984958648681641,4700
0.7017788887023926,4699
0.7051999568939209,4698
0.708467960357666,4697
0.7118940353393555,4696
0.7151608467102051,4695
0.7185730934143066,4694
0.7218339443206787,4693
0.7252829074859619,4692
0.7286007404327393,4691
0.7320477962493896,4690
0.7353308200836182,4689
0.7387688159942627,4688
0.7420408725738525,4687
0.7454648017883301,4686
0.7487280368804932,4685
0.7521438598632812,4684
0.7554199695587158,4683
0.7588539123535156,4682
0.7621378898620605,4681
0.7655789852142334,4680
0.7688639163970947,4679
0.7722907066345215,4678
0.775562047958374,4677
0.7789769172668457,4676
0.7822599411010742,4675
0.7856988906860352,4674
0.788977861404419,4673
0.7924070358276367,4672
0.7956819534301758,4671
0.7991008758544922,4670
0.8023638725280762,4669
0.8057799339294434,4668
0.8090460300445557,4667
0.8124768733978271,4666
0.8157618045806885,4665
0.8191838264465332,4664
0.8224549293518066,4663
0.8258750438690186,4662
0.8291430473327637,4661
0.8325719833374023,4660
0.8358519077301025,4659
0.8392729759216309,4658
0.8425438404083252,4657
0.8459749221801758,4656
0.8492538928985596,4655
0.8526818752288818,4654
0.8559679985046387,4653
0.8594019412994385,4652
0.8626818656921387,4651
0.8661048412322998,4650
0.8693828582763672,4649
0.8728129863739014,4648
0.8760919570922852,4647
0.8795127868652344,4646
0.8827989101409912,4645
0.886246919631958,4644
0.889523983001709,4643
0.8929538726806641,4642
0.8962428569793701,4641
0.8996689319610596,4640
0.9029419422149658,4639
0.9063699245452881,4638
0.909639835357666,4637
0.9130597114562988,4636
0.9163429737091064,4635
0.9197838306427002,4634
0.9230427742004395,4633
0.9264779090881348,4632
0.9297668933868408,4631
0.9331889152526855,4630
0.9364778995513916,4629
0.9399480819702148,4628
0.9432346820831299,4627
0.9466569423675537,4626
0.9499199390411377,4625
0.9533398151397705,4624
0.9566049575805664,4623
0.9600520133972168,4622
0.9633269309997559,4621
0.9667448997497559,4620
0.9700098037719727,4619
0.9734337329864502,4618
0.9767518043518066,4617
0.9801857471466064,4616
0.9835116863250732,4615
0.9872589111328125,4614
0.9909119606018066,4613
0.9946150779724121,4612
0.9982218742370605,4611
1.0020439624786377,4610
1.0056028366088867,4609
1.0093178749084473,4608
1.0128188133239746,4607
1.01633882522583,4606
1.0196619033813477,4605
1.0231049060821533,4604
1.0263879299163818,4603
1.029829978942871,4602
1.0331058502197266,4601
1.0365478992462158,4600
1.0398378372192383,4599
1.04327392578125,4598
1.0465459823608398,4597
1.0499777793884277,4596
1.053264856338501,4595
1.0567209720611572,4594
1.0599958896636963,4593
1.0634229183197021,4592
1.0666849613189697,4591
1.0701308250427246,4590
1.0734100341796875,4589
1.0768499374389648,4588
1.0801191329956055,4587
1.0835578441619873,4586
1.0868470668792725,4585
1.0902700424194336,4584
1.0935699939727783,4583
1.0970189571380615,4582
1.100294828414917,4581
1.1037178039550781,4580
1.106982946395874,4579
1.1104021072387695,4578
1.1136860847473145,4577
1.117135763168335,4576
1.1204149723052979,4575
1.1238529682159424,4574
1.1271560192108154,4573
1.1305878162384033,4572
1.1338670253753662,4571
1.1373419761657715,4570
1.1406209468841553,4569
1.1440520286560059,4568
1.147308111190796,4567
1.1507420539855957,4566
1.154067039489746,4565
1.1575067043304443,4564
1.1607937812805176,4563
1.164226770401001,4562
1.16750168800354,4561
1.1709239482879639,4560
1.1742029190063477,4559
1.177682876586914,4558
1.1812779903411865,4557
1.1851227283477783,4556
1.1888477802276611,4555
1.192746877670288,4554
1.1964600086212158,4553
1.200011968612671,4552
1.2033820152282715,4551
1.2069709300994873,4550
1.2105059623718262,4549
1.2141838073730469,4548
1.2177989482879639,4547
1.2217419147491455,4546
1.2254478931427002,4545
1.2291829586029053,4544
1.2327051162719727,4543
1.236487865447998,4542
1.24019193649292,4541
1.244041919708252,4540
1.2477588653564453,4539
1.2516329288482666,4538
1.2553620338439941,4537
1.259049892425537,4536
1.262592077255249,4535
1.2663278579711914,4534
1.2699320316314697,4533
1.2734439373016357,4532
1.276789903640747,4531
1.2802140712738037,4530
1.2835278511047363,4529
1.2869350910186768,4528
1.2902438640594482,4527
1.2936458587646484,4526
1.2969470024108887,4525
1.3003668785095215,4524
1.303684949874878,4523
1.3070909976959229,4522
1.3103928565979004,4521
1.313797950744629,4520
1.3171188831329346,4519
1.3205387592315674,4518
1.3238520622253418,4517
1.3272769451141357,4516
1.3306198120117188,4515
1.3340380191802979,4514
1.337350845336914,4513
1.3407738208770752,4512
1.3440887928009033,4511
1.3474969863891602,4510
1.3508038520812988,4509
1.3542158603668213,4508
1.3575308322906494,4507
1.3609399795532227,4506
1.3642449378967285,4505
1.3676679134368896,4504
1.370995044708252,4503
1.3744540214538574,4502
1.3777799606323242,4501
1.3812098503112793,4500
1.3845288753509521,4499
1.3879706859588623,4498
1.3912928104400635,4497
1.3947138786315918,4496
1.398026943206787,4495
1.4014348983764648,4494
1.404737949371338,4493
1.4081358909606934,4492
1.411449909210205,4491
1.41485595703125,4490
1.4181671142578125,4489
1.4215810298919678,4488
1.4249038696289062,4487
1.4283199310302734,4486
1.4316370487213135,4485
1.4350409507751465,4484
1.4383597373962402,4483
1.441776990890503,4482
1.4450860023498535,4481
1.4484968185424805,4480
1.451814889907837,4479
1.4552288055419922,4478
1.45853590965271,4477
1.4619429111480713,4476
1.4652438163757324,4475
1.4686620235443115,4474
1.4719789028167725,4473
1.475389003753662,4472
1.478691816329956,4471
1.4821088314056396,4470
1.4854259490966797,4469
1.4888319969177246,4468
1.4921510219573975,4467
1.4955759048461914,4466
1.498871088027954,4465
1.5022778511047363,4464
1.5055890083312988,4463
1.509002923965454,4462
1.512328863143921,4461
1.5157499313354492,4460
1.5190439224243164,4459
1.5224530696868896,4458
1.5257759094238281,4457
1.5291898250579834,4456
1.5325119495391846,4455
1.5359218120574951,4454
1.5392329692840576,4453
1.5426609516143799,4452
1.545983076095581,4451
1.549393892288208,4450
1.552696704864502,4449
1.556114912033081,4448
1.5594277381896973,4447
1.562842845916748,4446
1.5661540031433105,4445
1.5695748329162598,4444
1.5728929042816162,4443
1.5763120651245117,4442
1.579637050628662,4441
1.5830600261688232,4440
1.5864131450653076,4439
1.5898370742797852,4438
1.5931568145751953,4437
1.5965640544891357,4436
1.599853754043579,4435
1.6032719612121582,4434
1.6065869331359863,4433
1.6099929809570312,4432
1.6133098602294922,4431
1.6167387962341309,4430
1.6200568675994873,4429
1.6234607696533203,4428
1.6267778873443604,4427
1.6301970481872559,4426
1.6335067749023438,4425
1.636915922164917,4424
1.6402158737182617,4423
1.6436290740966797,4422
1.646946907043457,4421
1.6503849029541016,4420
1.6536998748779297,4419
1.657109022140503,4418
1.6604139804840088,4417
1.6638317108154297,4416
1.6671249866485596,4415
1.6705329418182373,4414
1.673818826675415,4413
1.6772308349609375,4412
1.6805310249328613,4411
1.6839418411254883,4410
1.687243938446045,4409
1.6906428337097168,4408
1.6940069198608398,4407
1.6977348327636719,4406
1.7013089656829834,4405
1.704822063446045,4404
1.7082009315490723,4403
1.7117359638214111,4402
1.7153480052947998,4401
1.719132900238037,4400
1.7226848602294922,4399
1.7261848449707031,4398
1.7295448780059814,4397
1.7331609725952148,4396
1.7366158962249756,4395
1.7402167320251465,4394
1.7437129020690918,4393
1.7475569248199463,4392
1.7512598037719727,4391
1.7550849914550781,4390
1.758655071258545,4389
1.7624797821044922,4388
1.76627779006958,4387
1.7700319290161133,4386
1.773688793182373,4385
1.7773869037628174,4384
1.780857801437378,4383
1.7844648361206055,4382
1.7879219055175781,4381
1.7915358543395996,4380
1.7950048446655273,4379
1.798624038696289,4378
1.802107810974121,4377
1.8057637214660645,4376
1.8092081546783447,4375
1.812809944152832,4374
1.8162989616394043,4373
1.81996488571167,4372
1.8234198093414307,4371
1.8270158767700195,4370
1.8304760456085205,4369
1.8339970111846924,4368
1.837280035018921,4367
1.8407068252563477,4366
1.8439958095550537,4365
1.847486972808838,4364
1.8509929180145264,4363
1.8546860218048096,4362
1.8581039905548096,4361
1.8615529537200928,4360
1.8648347854614258,4359
1.8682868480682373,4358
1.8716309070587158,4357
1.8750557899475098,4356
1.8783349990844727,4355
1.8817789554595947,4354
1.8850691318511963,4353
1.8885059356689453,4352
1.8917970657348633,4351
1.8952367305755615,4350
1.8985168933868408,4349
1.9019429683685303,4348
1.905229091644287,4347
1.9086647033691406,4346
1.91194486618042,4345
1.915374755859375,4344
1.9186608791351318,4343
1.9221010208129883,4342
1.9253818988800049,4341
1.928802728652954,4340
1.9320929050445557,4339
1.9355347156524658,4338
1.9388179779052734,4337
1.9422578811645508,4336
1.945549726486206,4335
1.9489779472351074,4334
1.9522597789764404,4333
1.9556949138641357,4332
1.958989143371582,4331
1.9624218940734863,4330
1.9676988124847412,4329
1.97098970413208,4328
1.9744179248809814,4327
1.977708101272583,4326
1.9811429977416992,4325
1.9844050407409668,4324
1.9878458976745605,4323
1.9911408424377441,4322
1.9945547580718994,4321
1.9978430271148682,4320
2.0012800693511963,4319
2.0045738220214844,4318
2.0080130100250244,4317
2.011293888092041,4316
2.0147347450256348,4315
2.0180349349975586,4314
2.021514892578125,4313
2.0248119831085205,4312
2.028244972229004,4311
2.0315299034118652,4310
2.034970760345459,4309
2.038249969482422,4308
2.041684865951538,4307
2.0449819564819336,4306
2.048409938812256,4305
2.051689863204956,4304
2.0551228523254395,4303
2.0584089756011963,4302
2.061837911605835,4301
2.0651209354400635,4300
2.068557024002075,4299
2.071854829788208,4298
2.075291872024536,4297
2.0785889625549316,4296
2.08203387260437,4295
2.0853147506713867,4294
2.088859796524048,4293
2.0923728942871094,4292
2.0959880352020264,4291
2.0994250774383545,4290
2.1029980182647705,4289
2.106426954269409,4288
2.1100199222564697,4287
2.1135270595550537,4286
2.1171939373016357,4285
2.1206328868865967,4284
2.1242129802703857,4283
2.127798080444336,4282
2.1314518451690674,4281
2.1349010467529297,4280
2.138535976409912,4279
2.1421780586242676,4278
2.1460118293762207,4277
2.149730682373047,4276
2.15342378616333,4275
2.1569528579711914,4274
2.1606228351593018,4273
2.1642580032348633,4272
2.1679627895355225,4271
2.1714839935302734,4270
2.1751527786254883,4269
2.1787610054016113,4268
2.1827588081359863,4267
2.1863749027252197,4266
2.190119981765747,4265
2.193687677383423,4264
2.19748592376709,4263
2.201256036758423,4262
2.205173969268799,4261
2.209178924560547,4260
2.2132809162139893,4259
2.2173099517822266,4258
2.2213687896728516,4257
2.2252397537231445,4256
2.2291619777679443,4255
2.2329928874969482,4254
2.2369747161865234,4253
2.240783929824829,4252
2.2447638511657715,4251
2.248687744140625,4250
2.2526447772979736,4249
2.2564198970794678,4248
2.2602927684783936,4247
2.2640929222106934,4246
2.2680599689483643,4245
2.271826982498169,4244
2.2757859230041504,4243
2.2795400619506836,4242
2.2834198474884033,4241
2.2871999740600586,4240
2.2910830974578857,4239
2.2948129177093506,4238
2.2986948490142822,4237
2.302461862564087,4236
2.306443929672241,4235
2.3101699352264404,4234
2.3141109943389893,4233
2.3178770542144775,4232
2.32177996635437,4231
2.3255066871643066,4230
2.32938289642334,4229
2.3331868648529053,4228
2.337242841720581,4227
2.341223955154419,4226
2.345115900039673,4225
2.3488569259643555,4224
2.352760076522827,4223
2.3565688133239746,4222
2.3605098724365234,4221
2.364163875579834,4220
2.3679921627044678,4219
2.3717687129974365,4218
2.3755578994750977,4217
2.3792619705200195,4216
2.3852570056915283,4215
2.3891589641571045,4214
2.39294695854187,4213
2.396911859512329,4212
2.400676727294922,4211
2.4045398235321045,4210
2.4081978797912598,4209
2.4120988845825195,4208
2.4158339500427246,4207
2.419827938079834,4206
2.4235599040985107,4205
2.4275248050689697,4204
2.431272029876709,4203
2.435167074203491,4202
2.4388978481292725,4201
2.4427859783172607,4200
2.446342945098877,4199
2.4499309062957764,4198
2.453352928161621,4197
2.4569199085235596,4196
2.460331916809082,4195
2.463884115219116,4194
2.4673118591308594,4193
2.47088885307312,4192
2.4742989540100098,4191
2.477871894836426,4190
2.4813058376312256,4189
2.484879970550537,4188
2.4883430004119873,4187
2.4919228553771973,4186
2.495332956314087,4185
2.4988930225372314,4184
2.5023701190948486,4183
2.506011962890625,4182
2.509422779083252,4181
2.5129919052124023,4180
2.5163989067077637,4179
2.5200388431549072,4178
2.5235300064086914,4177
2.5271120071411133,4176
2.5305306911468506,4175
2.534097909927368,4174
2.5375149250030518,4173
2.541102886199951,4172
2.544529914855957,4171
2.5480940341949463,4170
2.551508903503418,4169
2.5550849437713623,4168
2.558511972427368,4167
2.56207275390625,4166
2.565495014190674,4165
2.569066047668457,4164
2.5725257396698,4163
2.576277017593384,4162
2.579874038696289,4161
2.5834739208221436,4160
2.5871098041534424,4159
2.5907859802246094,4158
2.5942909717559814,4157
2.59785795211792,4156
2.601350784301758,4155
2.604921817779541,4154
2.6083738803863525,4153
2.6119370460510254,4152
2.61539888381958,4151
2.618950843811035,4150
2.622424840927124,4149
2.6259970664978027,4148
2.6294610500335693,4147
2.633013963699341,4146
2.636476993560791,4145
2.6400368213653564,4144
2.643493890762329,4143
2.64705491065979,4142
2.6505279541015625,4141
2.6541309356689453,4140
2.6576759815216064,4139
2.6612699031829834,4138
2.664788007736206,4137
2.6684179306030273,4136
2.6719470024108887,4135
2.675518035888672,4134
2.678982973098755,4133
2.6825428009033203,4132
2.685992956161499,4131
2.689560890197754,4130
2.693026065826416,4129
2.6965818405151367,4128
2.700031042098999,4127
2.703597068786621,4126
2.7070658206939697,4125
2.7106659412384033,4124
2.7141220569610596,4123
2.7176849842071533,4122
2.7212390899658203,4121
2.7248709201812744,4120
2.728456974029541,4119
2.7322378158569336,4118
2.736128091812134,4117
2.740117073059082,4116
2.743795871734619,4115
2.7475478649139404,4114
2.751086711883545,4113
2.7546989917755127,4112
2.758143901824951,4111
2.761749029159546,4110
2.765178918838501,4109
2.7687528133392334,4108
2.7721738815307617,4107
2.7757577896118164,4106
2.779266834259033,4105
2.7829577922821045,4104
2.786367893218994,4103
2.7899930477142334,4102
2.7934019565582275,4101
2.797015905380249,4100
2.8004250526428223,4099
2.8040430545806885,4098
2.8074350357055664,4097
2.8110368251800537,4096
2.814424753189087,4095
2.8180148601531982,4094
2.8214168548583984,4093
2.825026750564575,4092
2.828418731689453,4091
2.832016944885254,4090
2.835418939590454,4089
2.8390238285064697,4088
2.84240984916687,4087
2.846008062362671,4086
2.8494129180908203,4085
2.853015899658203,4084
2.856407880783081,4083
2.860003709793091,4082
2.8633809089660645,4081
2.866990804672241,4080
2.8703958988189697,4079
2.873995065689087,4078
2.877389907836914,4077
2.8809947967529297,4076
2.884377956390381,4075
2.8879780769348145,4074
2.891385793685913,4073
2.89501690864563,4072
2.898432970046997,4071
2.902045965194702,4070
2.9054369926452637,4069
2.909029960632324,4068
2.9123988151550293,4067
2.9159939289093018,4066
2.9217138290405273,4065
2.9251227378845215,4064
2.93103289604187,4063
2.934645891189575,4062
2.9380810260772705,4061
2.941694974899292,4060
2.9451258182525635,4059
2.9487459659576416,4058
2.9521589279174805,4057
2.9557597637176514,4056
2.95916485786438,4055
2.9627768993377686,4054
2.966179847717285,4053
2.969777822494507,4052
2.973175048828125,4051
2.9767849445343018,4050
2.980181932449341,4049
2.983780860900879,4048
2.9871649742126465,4047
2.9907729625701904,4046
2.9941840171813965,4045
2.997802972793579,4044
3.001208782196045,4043
3.004807949066162,4042
3.010852813720703,4041
3.0162599086761475,4040
3.019674777984619,4039
3.0233280658721924,4038
3.0267388820648193,4037
3.0303308963775635,4036
3.0337138175964355,4035
3.0373220443725586,4034
3.0407309532165527,4033
3.044304847717285,4032
3.047692060470581,4031
3.051283836364746,4030
3.05468487739563,4029
3.058375835418701,4028
3.0621068477630615,4027
3.066049098968506,4026
3.0695691108703613,4025
3.073192834854126,4024
3.0765879154205322,4023
3.0801808834075928,4022
3.0835769176483154,4021
3.087186813354492,4020
3.0905957221984863,4019
3.096630096435547,4018
3.1002309322357178,4017
3.1036298274993896,4016
3.1072399616241455,4015
3.1106369495391846,4014
3.1142327785491943,4013
3.1176347732543945,4012
3.121241807937622,4011
3.1246390342712402,4010
3.1282308101654053,4009
3.1316559314727783,4008
3.1352880001068115,4007
3.138697862625122,4006
3.142313003540039,4005
3.1457180976867676,4004
3.149322986602783,4003
3.1527159214019775,4002
3.1563100814819336,4001
3.1597139835357666,4000
3.163322925567627,3999
3.166757822036743,3998
3.1703639030456543,3997
3.173762798309326,3996
3.1773769855499268,3995
3.180781841278076,3994
3.1844308376312256,3993
3.187896728515625,3992
3.191572904586792,3991
3.1950109004974365,3990
3.1986019611358643,3989
3.2020158767700195,3988
3.2056210041046143,3987
3.2090487480163574,3986
3.2126688957214355,3985
3.216140031814575,3984
3.2197377681732178,3983
3.223162889480591,3982
3.226752996444702,3981
3.2301559448242188,3980
3.2337470054626465,3979
3.2371819019317627,3978
3.2408199310302734,3977
3.2443268299102783,3976
3.247957944869995,3975
3.25137996673584,3974
3.2549679279327393,3973
3.2583959102630615,3972
3.261983871459961,3971
3.265403985977173,3970
3.268998861312866,3969
3.2724108695983887,3968
3.276005983352661,3967
3.2794277667999268,3966
3.282996892929077,3965
3.2864058017730713,3964
3.289989948272705,3963
3.2934048175811768,3962
3.2969729900360107,3961
3.300398826599121,3960
3.3039920330047607,3959
3.307407855987549,3958
3.3110079765319824,3957
3.3144450187683105,3956
3.318053960800171,3955
3.321484088897705,3954
3.3250629901885986,3953
3.3284759521484375,3952
3.3320629596710205,3951
3.335474967956543,3950
3.3390729427337646,3949
3.342489719390869,3948
3.346083879470825,3947
3.3495287895202637,3946
3.3531088829040527,3945
3.3565189838409424,3944
3.360119104385376,3943
3.3635268211364746,3942
3.3670918941497803,3941
3.370513916015625,3940
3.374117851257324,3939
3.3776559829711914,3938
3.3813130855560303,3937
3.384748935699463,3936
3.388374090194702,3935
3.3918068408966064,3934
3.3954267501831055,3933
3.398866891860962,3932
3.402496099472046,3931
3.4059348106384277,3930
3.409514904022217,3929
3.4129300117492676,3928
3.4164929389953613,3927
3.419900894165039,3926
3.4234907627105713,3925
3.426907777786255,3924
3.4305007457733154,3923
3.43389892578125,3922
3.4374759197235107,3921
3.4408860206604004,3920
3.4445059299468994,3919
3.447964906692505,3918
3.4515540599823,3917
3.4549760818481445,3916
3.458552122116089,3915
3.461965799331665,3914
3.465578079223633,3913
3.4690051078796387,3912
3.4725828170776367,3911
3.4759368896484375,3910
3.479451894760132,3909
3.4827709197998047,3908
3.4862868785858154,3907
3.4896299839019775,3906
3.493143081665039,3905
3.496480941772461,3904
3.499958038330078,3903
3.5032970905303955,3902
3.506819725036621,3901
3.5101678371429443,3900
3.513653039932251,3899
3.5170087814331055,3898
3.520521879196167,3897
3.52384090423584,3896
3.527366876602173,3895
3.5307247638702393,3894
3.5342228412628174,3893
3.537569999694824,3892
3.54105281829834,3891
3.5443668365478516,3890
3.547867774963379,3889
3.5512149333953857,3888
3.5547358989715576,3887
3.55808687210083,3886
3.5615758895874023,3885
3.5648818016052246,3884
3.568394899368286,3883
3.5717530250549316,3882
3.575277090072632,3881
3.578644037246704,3880
3.582145929336548,3879
3.5854878425598145,3878
3.589003086090088,3877
3.59234881401062,3876
3.59584903717041,3875
3.5991859436035156,3874
3.6026697158813477,3873
3.6060338020324707,3872
3.609570026397705,3871
3.612933874130249,3870
3.6164438724517822,3869
3.619781970977783,3868
3.6232779026031494,3867
3.6265978813171387,3866
3.6301140785217285,3865
3.633453130722046,3864
3.636960029602051,3863
3.64030385017395,3862
3.6438090801239014,3861
3.647138833999634,3860
3.6613118648529053,3859
3.664625883102417,3858
3.6681559085845947,3857
3.6714749336242676,3856
3.6749660968780518,3855
3.678328037261963,3854
3.6818299293518066,3853
3.6851730346679688,3852
3.6886708736419678,3851
3.692004919052124,3850
3.6955080032348633,3849
3.6988439559936523,3848
3.7023539543151855,3847
3.7056689262390137,3846
3.7091808319091797,3845
3.7125298976898193,3844
3.7160420417785645,3843
3.719393014907837,3842
3.7228569984436035,3841
3.7261650562286377,3840
3.7296457290649414,3839
3.732973098754883,3838
3.7364919185638428,3837
3.739837884902954,3836
3.7433359622955322,3835
3.746673822402954,3834
3.750182867050171,3833
3.7535228729248047,3832
3.757018804550171,3831
3.7604758739471436,3830
3.764009952545166,3829
3.767458915710449,3828
3.7709250450134277,3827
3.7743020057678223,3826
3.7777700424194336,3825
3.7811520099639893,3824
3.7846288681030273,3823
3.7880048751831055,3822
3.791490077972412,3821
3.794843912124634,3820
3.7983169555664062,3819
3.8016769886016846,3818
3.8051300048828125,3817
3.8085148334503174,3816
3.8119778633117676,3815
3.8153278827667236,3814
3.8188040256500244,3813
3.8221890926361084,3812
3.825671911239624,3811
3.8290319442749023,3810
3.835127115249634,3809
3.838593006134033,3808
3.841989755630493,3807
3.8454678058624268,3806
3.848834753036499,3805
3.852318048477173,3804
3.8556909561157227,3803
3.859172821044922,3802
3.8625528812408447,3801
3.866015911102295,3800
3.869372844696045,3799
3.872846841812134,3798
3.876210927963257,3797
3.8796679973602295,3796
3.8830819129943848,3795
3.886652946472168,3794
3.8900978565216064,3793
3.8936519622802734,3792
3.8970539569854736,3791
3.900519847869873,3790
3.9038798809051514,3789
3.9073829650878906,3788
3.910768985748291,3787
3.914252996444702,3786
3.9176478385925293,3785
3.921130895614624,3784
3.9302759170532227,3783
3.933738946914673,3782
3.9371278285980225,3781
3.940595865249634,3780
3.943955898284912,3779
3.9474329948425293,3778
3.950793981552124,3777
3.9542529582977295,3776
3.9576148986816406,3775
3.9610908031463623,3774
3.967736005783081,3773
3.9711077213287354,3772
3.974591016769409,3771
3.9779229164123535,3770
3.9813880920410156,3769
3.9847559928894043,3768
3.988205909729004,3767
3.99160099029541,3766
3.9950757026672363,3765
3.9984629154205322,3764
4.001910924911499,3763
4.005291938781738,3762
4.008754014968872,3761
4.012109756469727,3760
4.015599966049194,3759
4.018969774246216,3758
4.022416830062866,3757
4.025796890258789,3756
4.0292580127716064,3755
4.032609939575195,3754
4.036051988601685,3753
4.0393967628479,3752
4.042872905731201,3751
4.0462327003479,3750
4.049698829650879,3749
4.053072929382324,3748
4.056545972824097,3747
4.059946060180664,3746
4.0634167194366455,3745
4.066775798797607,3744
4.070236921310425,3743
4.073610067367554,3742
4.077073812484741,3741
4.080420732498169,3740
4.083884000778198,3739
4.0872509479522705,3738
4.090739011764526,3737
4.097333908081055,3736
4.100680828094482,3735
4.1041529178619385,3734
4.107512712478638,3733
4.110971927642822,3732
4.114342927932739,3731
4.11780571937561,3730
4.121164083480835,3729
4.124622821807861,3728
4.1279778480529785,3727
4.131441831588745,3726
4.134824991226196,3725
4.138293981552124,3724
4.141657829284668,3723
4.145111799240112,3722
4.14847993850708,3721
4.151933908462524,3720
4.15529990196228,3719
4.158771991729736,3718
4.162125110626221,3717
4.165583848953247,3716
4.1689369678497314,3715
4.17242693901062,3714
4.175818920135498,3713
4.179316997528076,3712
4.182703971862793,3711
4.186141014099121,3710
4.189502954483032,3709
4.192957878112793,3708
4.199416875839233,3707
4.202794075012207,3706
4.206288814544678,3705
4.209648847579956,3704
4.213114976882935,3703
4.216487884521484,3702
4.219948053359985,3701
4.223273038864136,3700
4.226723909378052,3699
4.230093002319336,3698
4.233561754226685,3697
4.236921787261963,3696
4.240402936935425,3695
4.24377703666687,3694
4.247232913970947,3693
4.250594854354858,3692
4.254024028778076,3691
4.2573559284210205,3690
4.260783910751343,3689
4.264125823974609,3688
4.267550945281982,3687
4.2708799839019775,3686
4.274309873580933,3685
4.277643918991089,3684
4.281104803085327,3683
4.284436941146851,3682
4.287856817245483,3681
4.291167974472046,3680
4.2976319789886475,3679
4.301048755645752,3678
4.3043529987335205,3677
4.3077781200408936,3676
4.315698862075806,3675
4.319151878356934,3674
4.322481870651245,3673
4.328595876693726,3672
4.334875822067261,3671
4.338360071182251,3670
4.343961954116821,3669
4.349552869796753,3668
4.356059789657593,3667
4.365490913391113,3666
4.376239776611328,3665
4.3796820640563965,3664
4.382980823516846,3663
4.389325857162476,3662
4.395141839981079,3661
4.400974750518799,3660
4.40657377243042,3659
4.412262916564941,3658
4.423119783401489,3657
4.426562070846558,3656
4.429842948913574,3655
4.433272838592529,3654
4.436560869216919,3653
4.442888975143433,3652
4.446332931518555,3651
4.451735734939575,3650
4.460275888442993,3649
4.46379280090332,3648
4.4670798778533936,3647
4.470529079437256,3646
4.479641914367676,3645
4.48309588432312,3644
4.48638391494751,3643
4.489818811416626,3642
4.495311737060547,3641
4.5019049644470215,3640
4.51255202293396,3639
4.515851020812988,3638
4.522333860397339,3637
4.525786876678467,3636
4.529099941253662,3635
4.537837028503418,3634
4.541137933731079,3633
4.544593811035156,3632
4.555657863616943,3631
4.560949087142944,3630
4.564241886138916,3629
4.573035001754761,3628
4.576329946517944,3627
4.5797789096832275,3626
4.586339712142944,3625
4.592482805252075,3624
4.598446846008301,3623
4.601741075515747,3622
4.605207681655884,3621
4.6085450649261475,3620
4.614239931106567,3619
4.619613885879517,3618
4.62305474281311,3617
4.626340866088867,3616
4.629785776138306,3615
4.6330790519714355,3614
4.636508941650391,3613
4.639833927154541,3612
4.643270969390869,3611
4.646556854248047,3610
4.64997673034668,3609
4.653272867202759,3608
4.656714916229248,3607
4.6600000858306885,3606
4.663444995880127,3605
4.6667468547821045,3604
4.673249959945679,3603
4.676695823669434,3602
4.679994821548462,3601
4.683407783508301,3600
4.689529895782471,3599
4.695081949234009,3598
4.700425863265991,3597
4.703706979751587,3596
4.707152843475342,3595
4.713073968887329,3594
4.716359853744507,3593
4.719810724258423,3592
4.723113059997559,3591
4.726548910140991,3590
4.729835033416748,3589
4.739885091781616,3588
4.7431700229644775,3587
4.746614933013916,3586
4.75246000289917,3585
4.755811929702759,3584
4.759263038635254,3583
4.765723943710327,3582
4.7690207958221436,3581
4.772455930709839,3580
4.775756120681763,3579
4.779201030731201,3578
4.782489776611328,3577
4.785923719406128,3576
4.7891929149627686,3575
4.792637825012207,3574
4.795923948287964,3573
4.7993669509887695,3572
4.802656888961792,3571
4.806091070175171,3570
4.80937385559082,3569
4.812823057174683,3568
4.816112995147705,3567
4.819541931152344,3566
4.8228418827056885,3565
4.826256990432739,3564
4.835990905761719,3563
4.839262008666992,3562
4.844995737075806,3561
4.851664781570435,3560
4.8572609424591064,3559
4.865466833114624,3558
4.868813753128052,3557
4.872313737869263,3556
4.879021883010864,3555
4.882321834564209,3554
4.885760068893433,3553
4.889042854309082,3552
4.892498016357422,3551
4.898210048675537,3550
4.9015069007873535,3549
4.90741491317749,3548
4.913242816925049,3547
4.91669774055481,3546
4.919990062713623,3545
4.92628288269043,3544
4.929731845855713,3543
4.9330198764801025,3542
4.936448097229004,3541
4.939785957336426,3540
4.943306922912598,3539
4.946651935577393,3538
4.950163841247559,3537
4.95579195022583,3536
4.963104963302612,3535
4.96660304069519,3534
4.969955921173096,3533
4.973447799682617,3532
4.976737022399902,3531
4.980206727981567,3530
4.983561992645264,3529
4.9870710372924805,3528
4.990423679351807,3527
4.995822906494141,3526
4.9993438720703125,3525
5.0027101039886475,3524
5.0062479972839355,3523
5.009598016738892,3522
5.013092756271362,3521
5.016438961029053,3520
5.022479772567749,3519
5.025969982147217,3518
5.032304763793945,3517
5.035645961761475,3516
5.039170026779175,3515
5.042551040649414,3514
5.046066999435425,3513
5.049424886703491,3512
5.052953720092773,3511
5.056325912475586,3510
5.059823751449585,3509
5.063241004943848,3508
5.069505929946899,3507
5.073041915893555,3506
5.076368808746338,3505
5.082720994949341,3504
5.086264133453369,3503
5.089598894119263,3502
5.09312891960144,3501
5.096482753753662,3500
5.103095054626465,3499
5.106611013412476,3498
5.109903812408447,3497
5.113429069519043,3496
5.11674690246582,3495
5.120329856872559,3494
5.129523992538452,3493
5.133047103881836,3492
5.13636589050293,3491
5.139853000640869,3490
5.143192768096924,3489
5.146727800369263,3488
5.150068044662476,3487
5.153609037399292,3486
5.156970024108887,3485
5.160514831542969,3484
5.163858890533447,3483
5.169524908065796,3482
5.173061847686768,3481
5.176397085189819,3480
5.179931879043579,3479
5.1865668296813965,3478
5.195174932479858,3477
5.198698043823242,3476
5.202033996582031,3475
5.205570697784424,3474
5.208870887756348,3473
5.212383985519409,3472
5.215705871582031,3471
5.219196796417236,3470
5.222481966018677,3469
5.225975036621094,3468
5.23386287689209,3467
5.237390756607056,3466
5.2407448291778564,3465
5.246530771255493,3464
5.250049114227295,3463
5.256171941757202,3462
5.259510040283203,3461
5.265942096710205,3460
5.269474029541016,3459
5.272809028625488,3458
5.279489040374756,3457
5.28302001953125,3456
5.291567802429199,3455
5.295098781585693,3454
5.29841685295105,3453
5.301912784576416,3452
5.305240869522095,3451
5.310754060745239,3450
5.31756591796875,3449
5.321088075637817,3448
5.32440185546875,3447
5.327893972396851,3446
5.3358118534088135,3445
5.3393659591674805,3444
5.342973947525024,3443
5.346757888793945,3442
5.350278854370117,3441
5.353871822357178,3440
5.357248067855835,3439
5.362515926361084,3438
5.365983009338379,3437
5.369337797164917,3436
5.372802734375,3435
5.376147031784058,3434
5.379655838012695,3433
5.3830108642578125,3432
5.3865509033203125,3431
5.389912843704224,3430
5.393416881561279,3429
5.3967790603637695,3428
5.400280714035034,3427
5.406895875930786,3426
5.410239934921265,3425
5.413783073425293,3424
5.417127847671509,3423
5.42269492149353,3422
5.428530931472778,3421
5.432033061981201,3420
5.4353859424591064,3419
5.455997943878174,3418
5.461583852767944,3417
5.464968919754028,3416
5.4684898853302,3415
5.471853733062744,3414
5.475368022918701,3413
5.478748798370361,3412
5.4822468757629395,3411
5.485628843307495,3410
5.489162921905518,3409
5.492512941360474,3408
5.498579025268555,3407
5.502111911773682,3406
5.507842779159546,3405
5.5145039558410645,3404
5.51784086227417,3403
5.524554967880249,3402
5.528105020523071,3401
5.531438827514648,3400
5.534954071044922,3399
5.541411876678467,3398
5.544731855392456,3397
5.548257112503052,3396
5.553937911987305,3395
5.560214996337891,3394
5.5635459423065186,3393
5.567101001739502,3392
5.570459842681885,3391
5.5739829540252686,3390
5.580526828765869,3389
5.583876848220825,3388
5.589287996292114,3387
5.592832088470459,3386
5.596141815185547,3385
5.59965181350708,3384
5.602964878082275,3383
5.606477737426758,3382
5.614521741867065,3381
5.620760917663574,3380
5.62430477142334,3379
5.630807876586914,3378
5.634148836135864,3377
5.637679815292358,3376
5.64101505279541,3375
5.644547939300537,3374
5.647871017456055,3373
5.6513848304748535,3372
5.658971786499023,3371
5.662477016448975,3370
5.667780876159668,3369
5.671133995056152,3368
5.680564880371094,3367
5.683916091918945,3366
5.687460899353027,3365
5.6908159255981445,3364
5.699800729751587,3363
5.703129768371582,3362
5.706662893295288,3361
5.710003852844238,3360
5.716685771942139,3359
5.720209836959839,3358
5.723513841629028,3357
5.727048873901367,3356
5.730407953262329,3355
5.733916997909546,3354
5.737216949462891,3353
5.740728855133057,3352
5.744045734405518,3351
5.7496960163116455,3350
5.755357980728149,3349
5.7588911056518555,3348
5.762243747711182,3347
5.767613887786865,3346
5.7711639404296875,3345
5.774512767791748,3344
5.780050992965698,3343
5.785974025726318,3342
5.789501905441284,3341
5.792821884155273,3340
5.7963128089904785,3339
5.799632787704468,3338
5.805483102798462,3337
5.8150858879089355,3336
5.818404912948608,3335
5.824663877487183,3334
5.82820987701416,3333
5.834572076797485,3332
5.8407628536224365,3331
5.846114873886108,3330
5.849434852600098,3329
5.8547868728637695,3328
5.858308792114258,3327
5.864073991775513,3326
5.869762897491455,3325
5.878968000411987,3324
5.888215780258179,3323
5.891534805297852,3322
5.896950960159302,3321
5.900484800338745,3320
5.903801918029785,3319
5.907344818115234,3318
5.914099931716919,3317
5.917442083358765,3316
5.92098593711853,3315
5.924340009689331,3314
5.927870988845825,3313
5.9312169551849365,3312
5.9373979568481445,3311
5.950676918029785,3310
5.956609010696411,3309
5.965016841888428,3308
5.968535900115967,3307
5.975067853927612,3306
5.978490829467773,3305
5.982032775878906,3304
5.985382795333862,3303
5.990830898284912,3302
5.9943718910217285,3301
6.004731893539429,3300
6.00804591178894,3299
6.016695976257324,3298
6.024961948394775,3297
6.028505802154541,3296
6.045732736587524,3295
6.049052953720093,3294
6.054491996765137,3293
6.058012962341309,3292
6.061314105987549,3291
6.0674309730529785,3290
6.075393915176392,3289
6.085148811340332,3288
6.093934774398804,3287
6.097286939620972,3286
6.103513956069946,3285
6.1070239543914795,3284
6.1103129386901855,3283
6.113811016082764,3282
6.1171019077301025,3281
6.120615005493164,3280
6.123930931091309,3279
6.131947040557861,3278
6.164074897766113,3277
6.170513868331909,3276
6.178654909133911,3275
6.182173013687134,3274
6.185495853424072,3273
6.189034938812256,3272
6.192364931106567,3271
6.198551893234253,3270
6.209658861160278,3269
6.21621298789978,3268
6.2197418212890625,3267
6.223037004470825,3266
6.228798866271973,3265
6.2428319454193115,3264
6.246189832687378,3263
6.252158880233765,3262
6.257434844970703,3261
6.263283014297485,3260
6.266835927963257,3259
6.2723000049591064,3258
6.275653839111328,3257
6.279188871383667,3256
6.282516002655029,3255
6.288786888122559,3254
6.2923219203948975,3253
6.297667741775513,3252
6.301016807556152,3251
6.304556131362915,3250
6.310431957244873,3249
6.313795804977417,3248
6.321408987045288,3247
6.324734926223755,3246
6.328272819519043,3245
6.334625005722046,3244
6.342893123626709,3243
6.349175930023193,3242
6.3527679443359375,3241
6.356113910675049,3240
6.361435890197754,3239
6.371912956237793,3238
6.3754658699035645,3237
6.38152289390564,3236
6.384861946105957,3235
6.388396978378296,3234
6.394468784332275,3233
6.405859708786011,3232
6.4091877937316895,3231
6.418018817901611,3230
6.429299831390381,3229
6.432651042938232,3228
6.441125869750977,3227
6.4489898681640625,3226
6.452540874481201,3225
6.458786725997925,3224
6.462119817733765,3223
6.465615749359131,3222
6.468944787979126,3221
6.477646827697754,3220
6.481000900268555,3219
6.484544038772583,3218
6.49008584022522,3217
6.493413925170898,3216
6.496949911117554,3215
6.506036043167114,3214
6.509570121765137,3213
6.514956951141357,3212
6.518298864364624,3211
6.521828889846802,3210
6.528814792633057,3209
6.534229040145874,3208
6.537571907043457,3207
6.541106939315796,3206
6.5474019050598145,3205
6.550727844238281,3204
6.554247856140137,3203
6.5575690269470215,3202
6.561105966567993,3201
6.564442873001099,3200
6.567971706390381,3199
6.571323871612549,3198
6.576891899108887,3197
6.585671901702881,3196
6.5890209674835205,3195
6.592586994171143,3194
6.595932960510254,3193
6.602529048919678,3192
6.60607385635376,3191
6.6094069480896,3190
6.612950086593628,3189
6.626001834869385,3188
6.629555940628052,3187
6.63291597366333,3186
6.636441946029663,3185
6.639793872833252,3184
6.654530763626099,3183
6.660384893417358,3182
6.670872926712036,3181
6.6774139404296875,3180
6.680788993835449,3179
6.684315919876099,3178
6.68764591217041,3177
6.691170692443848,3176
6.694508075714111,3175
6.704458951950073,3174
6.707824945449829,3173
6.711385726928711,3172
6.7147510051727295,3171
6.720496892929077,3170
6.725801944732666,3169
6.7293360233306885,3168
6.736142873764038,3167
6.7394819259643555,3166
6.74301290512085,3165
6.746307849884033,3164
6.749845027923584,3163
6.753156900405884,3162
6.759781837463379,3161
6.765992879867554,3160
6.769509792327881,3159
6.77728009223938,3158
6.782939910888672,3157
6.786484956741333,3156
6.7945029735565186,3155
6.79805588722229,3154
6.801374912261963,3153
6.804895877838135,3152
6.808230876922607,3151
6.811799049377441,3150
6.8151679039001465,3149
6.823602914810181,3148
6.8269689083099365,3147
6.833854913711548,3146
6.8374106884002686,3145
6.840759992599487,3144
6.844470024108887,3143
6.84781289100647,3142
6.851364850997925,3141
6.8547070026397705,3140
6.861133813858032,3139
6.864670991897583,3138
6.871402978897095,3137
6.879790782928467,3136
6.88333797454834,3135
6.8887879848480225,3134
6.894329786300659,3133
6.897665023803711,3132
6.903455018997192,3131
6.906989097595215,3130
6.910311937332153,3129
6.913846969604492,3128
6.9195098876953125,3127
6.922837972640991,3126
6.926382780075073,3125
6.929718971252441,3124
6.940432786941528,3123
6.943922996520996,3122
6.947239875793457,3121
6.955431938171387,3120
6.958796977996826,3119
6.964809894561768,3118
6.968364953994751,3117
6.977843999862671,3116
6.98140287399292,3115
6.996042013168335,3114
7.002325057983398,3113
7.0065178871154785,3112
7.010123014450073,3111
7.013750076293945,3110
7.025314807891846,3109
7.028687953948975,3108
7.035898923873901,3107
7.0392210483551025,3106
7.044522047042847,3105
7.048008918762207,3104
7.053858041763306,3103
7.057229042053223,3102
7.062619924545288,3101
7.067927837371826,3100
7.071438789367676,3099
7.082233905792236,3098
7.092819929122925,3097
7.099554061889648,3096
7.102919816970825,3095
7.1064348220825195,3094
7.11254096031189,3093
7.119290828704834,3092
7.122643947601318,3091
7.12616491317749,3090
7.129549741744995,3089
7.133089065551758,3088
7.1364617347717285,3087
7.139978885650635,3086
7.1464807987213135,3085
7.1526830196380615,3084
7.1560399532318115,3083
7.159550905227661,3082
7.162913084030151,3081
7.166437864303589,3080
7.172352075576782,3079
7.181029796600342,3078
7.1845738887786865,3077
7.190980911254883,3076
7.194338798522949,3075
7.19783878326416,3074
7.20604395866394,3073
7.209558963775635,3072
7.216393947601318,3071
7.219759941101074,3070
7.223229885101318,3069
7.226577997207642,3068
7.230082750320435,3067
7.233438014984131,3066
7.236956834793091,3065
7.240316867828369,3064
7.247697830200195,3063
7.251068830490112,3062
7.254570960998535,3061
7.257933139801025,3060
7.261465787887573,3059
7.266855001449585,3058
7.270216941833496,3057
7.276956796646118,3056
7.282981872558594,3055
7.286589860916138,3054
7.289980888366699,3053
7.29353404045105,3052
7.296871900558472,3051
7.3004138469696045,3050
7.303748846054077,3049
7.317368030548096,3048
7.320709943771362,3047
7.326900959014893,3046
7.332837820053101,3045
7.338839054107666,3044
7.34441876411438,3043
7.350094795227051,3042
7.353627920150757,3041
7.361891746520996,3040
7.365473031997681,3039
7.368826866149902,3038
7.3723719120025635,3037
7.381803035736084,3036
7.388218879699707,3035
7.393702983856201,3034
7.397227048873901,3033
7.402889966964722,3032
7.406239032745361,3031
7.409787893295288,3030
7.413135766983032,3029
7.416662931442261,3028
7.420021057128906,3027
7.423569917678833,3026
7.4269139766693115,3025
7.430433034896851,3024
7.433772087097168,3023
7.45703387260437,3022
7.460351943969727,3021
7.463840007781982,3020
7.467130899429321,3019
7.4755330085754395,3018
7.481805086135864,3017
7.4882519245147705,3016
7.491841077804565,3015
7.495754957199097,3014
7.506303071975708,3013
7.510022878646851,3012
7.51352596282959,3011
7.517242908477783,3010
7.520725965499878,3009
7.524395942687988,3008
7.527894020080566,3007
7.531590938568115,3006
7.535066843032837,3005
7.538755893707275,3004
7.5478479862213135,3003
7.5515220165252686,3002
7.55498194694519,3001
7.561455965042114,3000
7.565112829208374,2999
7.568579912185669,2998
7.572228908538818,2997
7.5781989097595215,2996
7.5816450119018555,2995
7.585330009460449,2994
7.588810920715332,2993
7.592490911483765,2992
7.597992897033691,2991
7.601467847824097,2990
7.605136871337891,2989
7.6121180057525635,2988
7.618191957473755,2987
7.627038955688477,2986
7.630691766738892,2985
7.6365368366241455,2984
7.639983892440796,2983
7.643656015396118,2982
7.6471381187438965,2981
7.655922889709473,2980
7.662312984466553,2979
7.665808916091919,2978
7.672237873077393,2977
7.675918817520142,2976
7.679424047470093,2975
7.6830809116363525,2974
7.689137935638428,2973
7.692564964294434,2972
7.696196794509888,2971
7.699646949768066,2970
7.706632852554321,2969
7.710296869277954,2968
7.713747978210449,2967
7.717455863952637,2966
7.720906019210815,2965
7.724493741989136,2964
7.727999925613403,2963
7.731644868850708,2962
7.737287998199463,2961
7.740610122680664,2960
7.744142770767212,2959
7.74747896194458,2958
7.7534449100494385,2957
7.756994724273682,2956
7.760318040847778,2955
7.7638328075408936,2954
7.767145872116089,2953
7.7706708908081055,2952
7.774009943008423,2951
7.779347896575928,2950
7.785140037536621,2949
7.788693904876709,2948
7.794996023178101,2947
7.798361778259277,2946
7.801925897598267,2945
7.805262804031372,2944
7.808814764022827,2943
7.81518292427063,2942
7.818481922149658,2941
7.8220038414001465,2940
7.825324058532715,2939
7.828849792480469,2938
7.832190036773682,2937
7.835703134536743,2936
7.845474720001221,2935
7.849077939987183,2934
7.854887008666992,2933
7.871920824050903,2932
7.875272989273071,2931
7.881505012512207,2930
7.885016918182373,2929
7.888377904891968,2928
7.897321939468384,2927
7.900677919387817,2926
7.9042158126831055,2925
7.907578945159912,2924
7.912942886352539,2923
7.916471004486084,2922
7.924709796905518,2921
7.928250789642334,2920
7.9315619468688965,2919
7.937784910202026,2918
7.941300868988037,2917
7.949408054351807,2916
7.9548728466033936,2915
7.964069843292236,2914
7.967420816421509,2913
7.973266839981079,2912
7.979647874832153,2911
7.985165119171143,2910
7.98869776725769,2909
7.997968912124634,2908
8.001514911651611,2907
8.00484585762024,2906
8.008373975753784,2905
8.018840789794922,2904
8.024975776672363,2903
8.031524896621704,2902
8.034892082214355,2901
8.038465023040771,2900
8.0467209815979,2899
8.050241947174072,2898
8.056689977645874,2897
8.060036897659302,2896
8.077666759490967,2895
8.081019878387451,2894
8.084603786468506,2893
8.087983846664429,2892
8.094857931137085,2891
8.098405838012695,2890
8.10175895690918,2889
8.105305910110474,2888
8.108631134033203,2887
8.112181901931763,2886
8.12116003036499,2885
8.124726057052612,2884
8.128093957901001,2883
8.134451866149902,2882
8.148767948150635,2881
8.152120113372803,2880
8.15566897392273,2879
8.161696910858154,2878
8.165055990219116,2877
8.17063593864441,2876
8.178459882736206,2875
8.193408966064453,2874
8.20029592514038,2873
8.208863019943237,2872
8.225879907608032,2871
8.23150110244751,2870
8.234864950180054,2869
8.238423824310303,2868
8.241764783859253,2867
8.245297908782959,2866
8.248640060424805,2865
8.252233982086182,2864
8.255533695220947,2863
8.259056806564331,2862
8.262433052062988,2861
8.266019821166992,2860
8.272215843200684,2859
8.275601863861084,2858
8.279179096221924,2857
8.28253698348999,2856
8.286086797714233,2855
8.289429903030396,2854
8.29295802116394,2853
8.296304941177368,2852
8.302403926849365,2851
8.305973052978516,2850
8.312007904052734,2849
8.315363883972168,2848
8.318918943405151,2847
8.32456088066101,2846
8.327907800674438,2845
8.331458806991577,2844
8.334804058074951,2843
8.338345050811768,2842
8.341689825057983,2841
8.345276832580566,2840
8.348649978637695,2839
8.352190971374512,2838
8.35556674003601,2837
8.35911774635315,2836
8.36245083808899,2835
8.365999937057495,2834
8.369346857070923,2833
8.372891902923584,2832
8.378998041152954,2831
8.382340908050537,2830
8.385881900787354,2829
8.38924789428711,2828
8.392839908599854,2827
8.401195049285889,2826
8.404767990112305,2825
8.408150911331177,2824
8.41376280784607,2823
8.417311906814575,2822
8.420654773712158,2821
8.426098823547363,2820
8.429655075073242,2819
8.433016061782837,2818
8.436608076095581,2817
8.439966917037964,2816
8.443508863449097,2815
8.449325799942017,2814
8.45269513130188,2813
8.456228733062744,2812
8.459566831588745,2811
8.463117122650146,2810
8.46645998954773,2809
8.471759796142578,2808
8.475322961807251,2807
8.478694915771484,2806
8.48225998878479,2805
8.485637903213501,2804
8.489218711853027,2803
8.497166872024536,2802
8.500740766525269,2801
8.50407600402832,2800
8.507600784301758,2799
8.510936737060547,2798
8.517463684082031,2797
8.520953893661499,2796
8.531979084014893,2795
8.53531289100647,2794
8.538850784301758,2793
8.542191743850708,2792
8.54752802848816,2791
8.551074743270874,2790
8.562626123428345,2789
8.56599497795105,2788
8.569552898406982,2787
8.572938919067383,2786
8.584789991378784,2785
8.588331937789917,2784
8.595062971115112,2783
8.598422050476074,2782
8.608226776123047,2781
8.61155104637146,2780
8.617914915084839,2779
8.623950719833374,2778
8.627503871917725,2777
8.630852937698364,2776
8.634392738342285,2775
8.637762069702148,2774
8.643123865127563,2773
8.646682977676392,2772
8.650026082992554,2771
8.65355396270752,2770
8.656920909881592,2769
8.660497903823853,2768
8.663864135742188,2767
8.66742491722107,2766
8.68150782585144,2765
8.688233852386475,2764
8.691834926605225,2763
8.695176839828491,2762
8.698729991912842,2761
8.704453945159912,2760
8.710171937942505,2759
8.718778848648071,2758
8.722257852554321,2757
8.725597858428955,2756
8.729116916656494,2755
8.732438087463379,2754
8.738101959228516,2753
8.749711751937866,2752
8.753222942352295,2751
8.756520986557007,2750
8.760010004043579,2749
8.763298034667969,2748
8.76678204536438,2747
8.770067930221558,2746
8.77540898323059,2745
8.778915882110596,2744
8.78221583366394,2743
8.785730123519897,2742
8.792314767837524,2741
8.79565691947937,2740
8.799226760864258,2739
8.802641868591309,2738
8.816499948501587,2737
8.819849014282227,2736
8.823390007019043,2735
8.82889986038208,2734
8.832235097885132,2733
8.835767984390259,2732
8.841457843780518,2731
8.844790935516357,2730
8.850222826004028,2729
8.853760004043579,2728
8.857156753540039,2727
8.860724925994873,2726
8.864063024520874,2725
8.867588758468628,2724
8.87093186378479,2723
8.8744797706604,2722
8.88065481185913,2721
8.884031057357788,2720
8.887588739395142,2719
8.89096713066101,2718
8.89454174041748,2717
8.897932052612305,2716
8.901486873626709,2715
8.904871940612793,2714
8.908427953720093,2713
8.911771774291992,2712
8.915318012237549,2711
8.920901775360107,2710
8.924259901046753,2709
8.927814960479736,2708
8.931159734725952,2707
8.937018871307373,2706
8.943465948104858,2705
8.947010040283203,2704
8.950360774993896,2703
8.953912734985352,2702
8.957282066345215,2701
8.960829973220825,2700
8.967325925827026,2699
8.970678091049194,2698
8.976378917694092,2697
8.97992491722107,2696
8.983255863189697,2695
9.002599000930786,2694
9.00944209098816,2693
9.02054500579834,2692
9.023873090744019,2691
9.027374744415283,2690
9.03270673751831,2689
9.037948846817017,2688
9.041269063949585,2687
9.044775009155273,2686
9.048105955123901,2685
9.051660060882568,2684
9.057974100112915,2683
9.067591905593872,2682
9.071146965026855,2681
9.08243203163147,2680
9.090442895889282,2679
9.093982934951782,2678
9.103200912475586,2677
9.112594842910767,2676
9.11603307723999,2675
9.119590997695923,2674
9.122966051101685,2673
9.126529932022095,2672
9.129877090454102,2671
9.136663675308228,2670
9.145809888839722,2669
9.151886940002441,2668
9.155277729034424,2667
9.16512393951416,2666
9.171266794204712,2665
9.177252769470215,2664
9.180653095245361,2663
9.184170961380005,2662
9.187602996826172,2661
9.196241855621338,2660
9.199643850326538,2659
9.22277307510376,2658
9.236979007720947,2657
9.243552923202515,2656
9.250204801559448,2655
9.2618727684021,2654
9.273500919342041,2653
9.276922941207886,2652
9.280440092086792,2651
9.283842086791992,2650
9.287328958511353,2649
9.290719032287598,2648
9.294224977493286,2647
9.299905061721802,2646
9.303322792053223,2645
9.306849956512451,2644
9.310268878936768,2643
9.318113088607788,2642
9.32393193244934,2641
9.327323913574219,2640
9.333733797073364,2639
9.344393968582153,2638
9.34791612625122,2637
9.35422682762146,2636
9.357645034790039,2635
9.367715835571289,2634
9.37111496925354,2633
9.380748987197876,2632
9.384132862091064,2631
9.38761591911316,2630
9.391007900238037,2629
9.394503831863403,2628
9.399962902069092,2627
9.408915042877197,2626
9.412418842315674,2625
9.444077730178833,2624
9.449599981307983,2623
9.452984809875488,2622
9.458503007888794,2621
9.461996078491211,2620
9.465392827987671,2619
9.468880891799927,2618
9.472291707992554,2617
9.478069067001343,2616
9.484496831893921,2615
9.49012303352356,2614
9.507365942001343,2613
9.516474962234497,2612
9.526721954345703,2611
9.562838077545166,2610
9.572427988052368,2609
9.584306001663208,2608
9.59217381477356,2607
9.612515926361084,2606
9.62011194229126,2605
9.62615704536438,2604
9.64317011833191,2603
9.65582275390625,2602
9.659219980239868,2601
9.670445919036865,2600
9.685013055801392,2599
9.695647954940796,2598
9.705451965332031,2597
9.708829879760742,2596
9.72234296798706,2595
9.73231291770935,2594
9.735660076141357,2593
9.739176988601685,2592
9.766011953353882,2591
9.80358600616455,2590
9.837323904037476,2589
9.843584060668945,2588
9.856197834014893,2587
9.8595609664917,2586
9.865925788879395,2585
9.873794078826904,2584
9.880064964294434,2583
9.886581897735596,2582
9.901111125946045,2581
9.90444803237915,2580
9.91041374206543,2579
9.913899898529053,2578
9.917233943939209,2577
9.926478862762451,2576
9.93811297416687,2575
9.945226907730103,2574
9.957719802856445,2573
9.96445083618164,2572
9.967781782150269,2571
9.982945919036865,2570
9.99553370475769,2569
10.00085997581482,2568
10.009231805801392,2567
10.012587070465088,2566
10.018861770629883,2565
10.022351741790771,2564
10.03813099861145,2563
10.04149580001831,2562
10.045044898986816,2561
10.054064989089966,2560
10.060260772705078,2559
10.074683904647827,2558
10.080706119537354,2557
10.084167003631592,2556
10.090329885482788,2555
10.097943782806396,2554
10.10801100730896,2553
10.119039058685303,2552
10.12576699256897,2551
10.129141092300415,2550
10.137691974639893,2549
10.141056060791016,2548
10.144598007202148,2547
10.15080189704895,2546
10.1718168258667,2545
10.180747032165527,2544
10.19225287437439,2543
10.206006050109863,2542
10.212198972702026,2541
10.218730926513672,2540
10.2220618724823,2539
10.227386951446533,2538
10.23513388633728,2537
10.247026920318604,2536
10.250388860702515,2535
10.253904819488525,2534
10.259239912033081,2533
10.264755010604858,2532
10.270925045013428,2531
10.287071943283081,2530
10.293361902236938,2529
10.296709775924683,2528
10.300257921218872,2527
10.306049108505249,2526
10.311977863311768,2525
10.317746877670288,2524
10.321096897125244,2523
10.346785068511963,2522
10.366460800170898,2521
10.375247955322266,2520
10.378581047058105,2519
10.386507034301758,2518
10.389868021011353,2517
10.398315906524658,2516
10.405072927474976,2515
10.419021844863892,2514
10.422396898269653,2513
10.440726041793823,2512
10.461154699325562,2511
10.467237949371338,2510
10.473158836364746,2509
10.480867862701416,2508
10.49228286743164,2507
10.522940874099731,2506
10.540683031082153,2505
10.584488868713379,2504
10.588015794754028,2503
10.600178956985474,2502
10.609318971633911,2501
10.629907846450806,2500
10.655380964279175,2499
10.680540800094604,2498
10.683883905410767,2497
10.68979787826538,2496
10.710738897323608,2495
10.730435848236084,2494
10.733776807785034,2493
10.737314701080322,2492
10.751193761825562,2491
10.754711866378784,2490
10.76462697982788,2489
10.772965908050537,2488
10.785738945007324,2487
10.797260999679565,2486
10.809159994125366,2485
10.829381942749023,2484
10.849819898605347,2483
10.857558012008667,2482
10.865968942642212,2481
10.874377965927124,2480
10.888996839523315,2479
10.892368793487549,2478
10.895925998687744,2477
10.899301767349243,2476
10.902845859527588,2475
10.910835981369019,2474
10.9143648147583,2473
10.917698860168457,2472
10.935963869094849,2471
10.95269775390625,2470
10.956049919128418,2469
10.95955777168274,2468
10.962888956069946,2467
10.968945980072021,2466
10.972482681274414,2465
10.982648134231567,2464
10.98850679397583,2463
10.991865873336792,2462
11.001142024993896,2461
11.006859064102173,2460
11.013921976089478,2459
11.022269010543823,2458
11.025796890258789,2457
11.03366494178772,2456
11.039939880371094,2455
11.043421983718872,2454
11.054861783981323,2453
11.05824589729309,2452
11.061748027801514,2451
11.065147876739502,2450
11.071754932403564,2449
11.10375189781189,2448
11.117727041244507,2447
11.146224975585938,2446
11.157015800476074,2445
11.160372018814087,2444
11.200202941894531,2443
11.21213173866272,2442
11.253651857376099,2441
11.26706576347351,2440
11.270575761795044,2439
11.29327392578125,2438
11.302496910095215,2437
11.312307834625244,2436
11.31581997871399,2435
11.319206953048706,2434
11.322709083557129,2433
11.328689813613892,2432
11.3370361328125,2431
11.340548753738403,2430
11.343918800354004,2429
11.356313943862915,2428
11.367810010910034,2427
11.388781070709229,2426
11.3921480178833,2425
11.395659923553467,2424
11.40442705154419,2423
11.4079430103302,2422
11.414390087127686,2421
11.434013843536377,2420
11.440573930740356,2419
11.443951845169067,2418
11.470395803451538,2417
11.47974681854248,2416
11.483252048492432,2415
11.486637115478516,2414
11.492384910583496,2413
11.495866775512695,2412
11.499238967895508,2411
11.546714782714844,2410
11.55007791519165,2409
11.5535409450531,2408
11.570000886917114,2407
11.573357105255127,2406
11.578702926635742,2405
11.587888956069946,2404
11.647212982177734,2403
11.686808824539185,2402
11.692614793777466,2401
11.700865030288696,2400
11.704340934753418,2399
11.72081995010376,2398
11.72660493850708,2397
11.74369478225708,2396
11.773847818374634,2395
11.785624742507935,2394
11.798719882965088,2393
11.809566974639893,2392
11.823709964752197,2391
11.82706594467163,2390
11.847764015197754,2389
11.867638111114502,2388
11.870991945266724,2387
11.877074003219604,2386
11.880542039871216,2385
11.885963916778564,2384
11.8974769115448,2383
11.914114713668823,2382
11.938224792480469,2381
11.948055028915405,2380
11.951535940170288,2379
11.958256959915161,2378
11.96160888671875,2377
11.983120918273926,2376
11.993823051452637,2375
11.997191905975342,2374
12.00067400932312,2373
12.005968809127808,2372
12.040097951889038,2371
12.046334981918335,2370
12.074782848358154,2369
12.09290599822998,2368
12.098637104034424,2367
12.1246337890625,2366
12.140546798706055,2365
12.147141933441162,2364
12.150614976882935,2363
12.17448878288269,2362
12.197575807571411,2361
12.209185123443604,2360
12.230065822601318,2359
12.235712051391602,2358
12.242496967315674,2357
12.248904943466187,2356
12.254703760147095,2355
12.27565598487854,2354
12.287287950515747,2353
12.29062294960022,2352
12.299853801727295,2351
12.336544036865234,2350
12.340487003326416,2349
12.349494934082031,2348
12.374969720840454,2347
12.378798723220825,2346
12.395734071731567,2345
12.42780590057373,2344
12.442209005355835,2343
12.45159387588501,2342
12.519966840744019,2341
12.580157995223999,2340
12.618921995162964,2339
12.630172967910767,2338
12.659000158309937,2337
12.676312923431396,2336
12.728852033615112,2335
12.78711986541748,2334
12.861026763916016,2333
12.884304761886597,2332
12.894551038742065,2331
12.902466058731079,2330
12.918699026107788,2329
12.934973001480103,2328
12.95556092262268,2327
13.002016067504883,2326
13.005475759506226,2325
13.044842958450317,2324
13.053870916366577,2323
13.057492971420288,2322
13.195932865142822,2321
13.214839935302734,2320
13.231974840164185,2319
13.237595796585083,2318
13.246461868286133,2317
13.256557703018188,2316
13.266666889190674,2315
13.282236814498901,2314
13.325807809829712,2313
13.390604972839355,2312
13.41271185874939,2311
13.461282014846802,2310
13.54585599899292,2309
13.600740909576416,2308
13.689925909042358,2307
13.713502883911133,2306
13.716977834701538,2305
13.727220058441162,2304
13.746808767318726,2303
13.832705020904541,2302
13.859947919845581,2301
13.867748737335205,2300
13.883646011352539,2299
13.941679954528809,2298
13.993261098861694,2297
14.0064058303833,2296
14.070533752441406,2295
14.20527696609497,2294
14.225222826004028,2293
14.231115102767944,2292
14.240777969360352,2291
14.246192932128906,2290
14.427860975265503,2289
14.500375032424927,2288
14.597530841827393,2287
14.627676963806152,2286
