0.003590822219848633,4891
0.007035732269287109,4890
0.010526895523071289,4889
0.01384878158569336,4888
0.017273902893066406,4887
0.020540952682495117,4886
0.02394700050354004,4885
0.027206897735595703,4884
0.03063178062438965,4883
0.03390693664550781,4882
0.03733372688293457,4881
0.04061079025268555,4880
0.04401898384094238,4879
0.04729294776916504,4878
0.05080866813659668,4877
0.05419778823852539,4876
0.05760979652404785,4875
0.06090188026428223,4874
0.06429076194763184,4873
0.06757664680480957,4872
0.07095766067504883,4871
0.0742347240447998,4870
0.07761788368225098,4869
0.08089971542358398,4868
0.08427762985229492,4867
0.08756780624389648,4866
0.09095072746276855,4865
0.09424281120300293,4864
0.09767293930053711,4863
0.1010737419128418,4862
0.10948586463928223,4861
0.11280679702758789,4860
0.11620473861694336,4859
0.11959385871887207,4858
0.12329387664794922,4857
0.12673282623291016,4856
0.1304309368133545,4855
0.1340017318725586,4854
0.13759779930114746,4853
0.14133787155151367,4852
0.1450660228729248,4851
0.14862585067749023,4850
0.15207982063293457,4849
0.15538382530212402,4848
0.15878868103027344,4847
0.1621088981628418,4846
0.16553878784179688,4845
0.1688518524169922,4844
0.17226171493530273,4843
0.17557096481323242,4842
0.17899274826049805,4841
0.18233680725097656,4840
0.18576979637145996,4839
0.18907690048217773,4838
0.1924889087677002,4837
0.19578766822814941,4836
0.19919490814208984,4835
0.20251083374023438,4834
0.2059338092803955,4833
0.20923495292663574,4832
0.21262884140014648,4831
0.21592092514038086,4830
0.2193279266357422,4829
0.222625732421875,4828
0.22600293159484863,4827
0.22928786277770996,4826
0.2326946258544922,4825
0.2361617088317871,4824
0.23983478546142578,4823
0.24338269233703613,4822
0.2469959259033203,4821
0.2505028247833252,4820
0.2540416717529297,4819
0.25768566131591797,4818
0.26140284538269043,4817
0.26500988006591797,4816
0.2685568332672119,4815
0.2719707489013672,4814
0.27559494972229004,4813
0.27908778190612793,4812
0.2826688289642334,4811
0.2862868309020996,4810
0.28985595703125,4809
0.293292760848999,4808
0.2968006134033203,4807
0.3000807762145996,4806
0.30349063873291016,4805
0.3067498207092285,4804
0.3101677894592285,4803
0.31342482566833496,4802
0.3168456554412842,4801
0.3201258182525635,4800
0.32353997230529785,4799
0.32680177688598633,4798
0.33020591735839844,4797
0.33347272872924805,4796
0.33687782287597656,4795
0.34014177322387695,4794
0.34354472160339355,4793
0.3468186855316162,4792
0.35025691986083984,4791
0.3535308837890625,4790
0.3569488525390625,4789
0.3602137565612793,4788
0.3636198043823242,4787
0.3668789863586426,4786
0.37027978897094727,4785
0.373532772064209,4784
0.3769347667694092,4783
0.3801908493041992,4782
0.3836097717285156,4781
0.3868837356567383,4780
0.3902909755706787,4779
0.39354777336120605,4778
0.39695072174072266,4777
0.40022778511047363,4776
0.40364789962768555,4775
0.4069187641143799,4774
0.4103367328643799,4773
0.41359591484069824,4772
0.41699790954589844,4771
0.4202566146850586,4770
0.4236726760864258,4769
0.42694664001464844,4768
0.4303557872772217,4767
0.4336128234863281,4766
0.43703198432922363,4765
0.4402937889099121,4764
0.4436988830566406,4763
0.4469566345214844,4762
0.4503817558288574,4761
0.45365285873413086,4760
0.4570586681365967,4759
0.460338830947876,4758
0.4637718200683594,4757
0.46703171730041504,4756
0.4704446792602539,4755
0.4737815856933594,4754
0.4772636890411377,4753
0.4806206226348877,4752
0.4842078685760498,4751
0.4875519275665283,4750
0.491102933883667,4749
0.49443984031677246,4748
0.4979069232940674,4747
0.5011568069458008,4746
0.504586935043335,4745
0.5078368186950684,4744
0.511286735534668,4743
0.5145349502563477,4742
0.5179636478424072,4741
0.5212228298187256,4740
0.5246727466583252,4739
0.5279178619384766,4738
0.5313677787780762,4737
0.5346248149871826,4736
0.5380527973175049,4735
0.5412948131561279,4734
0.54473876953125,4733
0.5479998588562012,4732
0.5514407157897949,4731
0.5546908378601074,4730
0.5581419467926025,4729
0.5613977909088135,4728
0.5648348331451416,4727
0.5680849552154541,4726
0.5715336799621582,4725
0.5747847557067871,4724
0.5782208442687988,4723
0.5814788341522217,4722
0.5849306583404541,4721
0.588181734085083,4720
0.5916388034820557,4719
0.5949037075042725,4718
0.5983428955078125,4717
0.6016838550567627,4716
0.6052889823913574,4715
0.60866379737854,4714
0.612252950668335,4713
0.6156947612762451,4712
0.619330644607544,4711
0.6227636337280273,4710
0.6264169216156006,4709
0.6298527717590332,4708
0.6334748268127441,4707
0.6368896961212158,4706
0.64056396484375,4705
0.6440267562866211,4704
0.6476478576660156,4703
0.6511497497558594,4702
0.6548376083374023,4701
0.658308744430542,4700
0.6619808673858643,4699
0.6654269695281982,4698
0.6690897941589355,4697
0.672534704208374,4696
0.6761748790740967,4695
0.679736852645874,4694
0.6834938526153564,4693
0.6870567798614502,4692
0.6908328533172607,4691
0.6941847801208496,4690
0.6976237297058105,4689
0.7009139060974121,4688
0.7043337821960449,4687
0.7076337337493896,4686
0.7110617160797119,4685
0.714364767074585,4684
0.7177748680114746,4683
0.721052885055542,4682
0.7244789600372314,4681
0.7277827262878418,4680
0.7312047481536865,4679
0.7344856262207031,4678
0.7403609752655029,4677
0.7437708377838135,4676
0.7470767498016357,4675
0.7505617141723633,4674
0.7538478374481201,4673
0.7572648525238037,4672
0.7605738639831543,4671
0.7640058994293213,4670
0.7673418521881104,4669
0.7707867622375488,4668
0.7740848064422607,4667
0.7775046825408936,4666
0.7807817459106445,4665
0.7841815948486328,4664
0.787482738494873,4663
0.7909126281738281,4662
0.7941896915435791,4661
0.7975947856903076,4660
0.8008697032928467,4659
0.804290771484375,4658
0.8075997829437256,4657
0.8110206127166748,4656
0.814307689666748,4655
0.8177378177642822,4654
0.8210146427154541,4653
0.8244149684906006,4652
0.8276998996734619,4651
0.8311128616333008,4650
0.834404706954956,4649
0.837831974029541,4648
0.8411059379577637,4647
0.8445277214050293,4646
0.8478317260742188,4645
0.8512837886810303,4644
0.8545689582824707,4643
0.8580098152160645,4642
0.8613016605377197,4641
0.8647148609161377,4640
0.8680057525634766,4639
0.8714199066162109,4638
0.8747096061706543,4637
0.8781356811523438,4636
0.8814167976379395,4635
0.8848187923431396,4634
0.8881096839904785,4633
0.8915207386016846,4632
0.8948137760162354,4631
0.8982367515563965,4630
0.9015157222747803,4629
0.9049689769744873,4628
0.9082739353179932,4627
0.911707878112793,4626
0.9150006771087646,4625
0.9184210300445557,4624
0.9216949939727783,4623
0.9250786304473877,4622
0.9283766746520996,4621
0.9318137168884277,4620
0.9350936412811279,4619
0.938532829284668,4618
0.941842794418335,4617
0.945260763168335,4616
0.9485509395599365,4615
0.9519670009613037,4614
0.9552607536315918,4613
0.9586958885192871,4612
0.9619808197021484,4611
0.9653987884521484,4610
0.9687209129333496,4609
0.9721457958221436,4608
0.9754328727722168,4607
0.9788658618927002,4606
0.9822337627410889,4605
0.9859907627105713,4604
0.9895889759063721,4603
0.9932618141174316,4602
0.9967718124389648,4601
1.0004258155822754,4600
1.0039258003234863,4599
1.0076777935028076,4598
1.0111517906188965,4597
1.0146088600158691,4596
1.0178959369659424,4595
1.0213236808776855,4594
1.0246198177337646,4593
1.028031826019287,4592
1.0313217639923096,4591
1.0347347259521484,4590
1.03802490234375,4589
1.041461706161499,4588
1.0447568893432617,4587
1.0481789112091064,4586
1.0514707565307617,4585
1.0548858642578125,4584
1.0581629276275635,4583
1.0615696907043457,4582
1.064849853515625,4581
1.068260908126831,4580
1.0715577602386475,4579
1.0749907493591309,4578
1.0782818794250488,4577
1.0817148685455322,4576
1.0850098133087158,4575
1.0884449481964111,4574
1.091763973236084,4573
1.0951998233795166,4572
1.0984818935394287,4571
1.1018989086151123,4570
1.105313777923584,4569
1.1088697910308838,4568
1.1122276782989502,4567
1.1156668663024902,4566
1.1190059185028076,4565
1.1224358081817627,4564
1.1257317066192627,4563
1.1291427612304688,4562
1.1324377059936523,4561
1.1358788013458252,4560
1.1391687393188477,4559
1.1426007747650146,4558
1.1458837985992432,4557
1.149282693862915,4556
1.1525688171386719,4555
1.155998945236206,4554
1.1592886447906494,4553
1.1626996994018555,4552
1.1659736633300781,4551
1.1693918704986572,4550
1.1727087497711182,4549
1.1761279106140137,4548
1.1794078350067139,4547
1.182837724685669,4546
1.1861236095428467,4545
1.18953275680542,4544
1.1928179264068604,4543
1.1962487697601318,4542
1.1995136737823486,4541
1.2029318809509277,4540
1.2062137126922607,4539
1.2096378803253174,4538
1.2129347324371338,4537
1.2163536548614502,4536
1.2196376323699951,4535
1.2257707118988037,4534
1.2291808128356934,4533
1.2324707508087158,4532
1.2358968257904053,4531
1.2391858100891113,4530
1.2425999641418457,4529
1.2458739280700684,4528
1.2492878437042236,4527
1.2525908946990967,4526
1.256009817123413,4525
1.2593019008636475,4524
1.2627367973327637,4523
1.2661418914794922,4522
1.2696897983551025,4521
1.2731618881225586,4520
1.2767438888549805,4519
1.2802066802978516,4518
1.2837677001953125,4517
1.2871549129486084,4516
1.2906527519226074,4515
1.2940349578857422,4514
1.2974977493286133,4513
1.3007895946502686,4512
1.3042030334472656,4511
1.3108618259429932,4510
1.3141446113586426,4509
1.3175618648529053,4508
1.3208346366882324,4507
1.3242559432983398,4506
1.3297688961029053,4505
1.3330607414245605,4504
1.3365168571472168,4503
1.3398616313934326,4502
1.3433070182800293,4501
1.346618890762329,4500
1.350043773651123,4499
1.3533377647399902,4498
1.3567607402801514,4497
1.3600237369537354,4496
1.3634617328643799,4495
1.3667597770690918,4494
1.3730859756469727,4493
1.3765108585357666,4492
1.3797929286956787,4491
1.3832006454467773,4490
1.3864948749542236,4489
1.3899078369140625,4488
1.3932039737701416,4487
1.3966257572174072,4486
1.3999238014221191,4485
1.4033567905426025,4484
1.4066407680511475,4483
1.4100637435913086,4482
1.4133667945861816,4481
1.4167869091033936,4480
1.4200646877288818,4479
1.4234797954559326,4478
1.4267687797546387,4477
1.430222749710083,4476
1.4335496425628662,4475
1.436971664428711,4474
1.4402577877044678,4473
1.443692684173584,4472
1.4469850063323975,4471
1.4504058361053467,4470
1.4539878368377686,4469
1.457669734954834,4468
1.4610209465026855,4467
1.4645497798919678,4466
1.4678897857666016,4465
1.4713687896728516,4464
1.4746859073638916,4463
1.478118896484375,4462
1.4813859462738037,4461
1.4847939014434814,4460
1.488067865371704,4459
1.4914886951446533,4458
1.4947619438171387,4457
1.4982578754425049,4456
1.5016446113586426,4455
1.5051846504211426,4454
1.5085737705230713,4453
1.512110710144043,4452
1.5155107975006104,4451
1.519101858139038,4450
1.5225889682769775,4449
1.5262086391448975,4448
1.529716968536377,4447
1.5333278179168701,4446
1.5367648601531982,4445
1.5403258800506592,4444
1.543752908706665,4443
1.5473196506500244,4442
1.5507299900054932,4441
1.5543076992034912,4440
1.5577898025512695,4439
1.5613667964935303,4438
1.5647797584533691,4437
1.5683488845825195,4436
1.5717577934265137,4435
1.5753118991851807,4434
1.578702688217163,4433
1.5822358131408691,4432
1.5856268405914307,4431
1.5891668796539307,4430
1.5926389694213867,4429
1.5963106155395508,4428
1.5998237133026123,4427
1.6034398078918457,4426
1.6068696975708008,4425
1.6104309558868408,4424
1.6138358116149902,4423
1.6174087524414062,4422
1.6208279132843018,4421
1.624396800994873,4420
1.6278116703033447,4419
1.631392002105713,4418
1.6348109245300293,4417
1.6383757591247559,4416
1.6417968273162842,4415
1.6453540325164795,4414
1.6487538814544678,4413
1.6523017883300781,4412
1.655693769454956,4411
1.6592326164245605,4410
1.6626276969909668,4409
1.6661567687988281,4408
1.669541835784912,4407
1.6730806827545166,4406
1.6764707565307617,4405
1.6799678802490234,4404
1.683302879333496,4403
1.6867988109588623,4402
1.6901378631591797,4401
1.693631887435913,4400
1.6969966888427734,4399
1.7004168033599854,4398
1.7036857604980469,4397
1.7071056365966797,4396
1.7103896141052246,4395
1.7138197422027588,4394
1.7170937061309814,4393
1.7205235958099365,4392
1.723801851272583,4391
1.7272157669067383,4390
1.7304797172546387,4389
1.73390793800354,4388
1.7371819019317627,4387
1.7405948638916016,4386
1.7438828945159912,4385
1.7473018169403076,4384
1.7505600452423096,4383
1.753971815109253,4382
1.7572298049926758,4381
1.7606306076049805,4380
1.7639007568359375,4379
1.7673158645629883,4378
1.7706048488616943,4377
1.7740697860717773,4376
1.7773666381835938,4375
1.7807948589324951,4374
1.7840807437896729,4373
1.7875118255615234,4372
1.7907819747924805,4371
1.7941958904266357,4370
1.7974767684936523,4369
1.8009037971496582,4368
1.8041877746582031,4367
1.8076188564300537,4366
1.8109056949615479,4365
1.8143377304077148,4364
1.8176116943359375,4363
1.8210246562957764,4362
1.824293851852417,4361
1.8277208805084229,4360
1.8310027122497559,4359
1.834418773651123,4358
1.837681770324707,4357
1.842317819595337,4356
1.8458027839660645,4355
1.8493309020996094,4354
1.85263991355896,4353
1.856071949005127,4352
1.859330654144287,4351
1.8627758026123047,4350
1.8660588264465332,4349
1.8695008754730225,4348
1.8727738857269287,4347
1.8762009143829346,4346
1.8794658184051514,4345
1.882917881011963,4344
1.8862037658691406,4343
1.8928656578063965,4342
1.8963088989257812,4341
1.8995919227600098,4340
1.9030377864837646,4339
1.9063177108764648,4338
1.9097657203674316,4337
1.9130539894104004,4336
1.9164879322052002,4335
1.9197337627410889,4334
1.9231696128845215,4333
1.926438808441162,4332
1.9298787117004395,4331
1.9331676959991455,4330
1.9366049766540527,4329
1.939875841140747,4328
1.9433186054229736,4327
1.9466078281402588,4326
1.9500558376312256,4325
1.9533188343048096,4324
1.956749677658081,4323
1.9600307941436768,4322
1.963486909866333,4321
1.9667668342590332,4320
1.970198631286621,4319
1.973489761352539,4318
1.9769387245178223,4317
1.9802145957946777,4316
1.983665943145752,4315
1.9869728088378906,4314
1.9904718399047852,4313
1.9937598705291748,4312
1.9972076416015625,4311
2.0004899501800537,4310
2.003936767578125,4309
2.007215738296509,4308
2.0106558799743652,4307
2.0139408111572266,4306
2.0173838138580322,4305
2.0206589698791504,4304
2.024101734161377,4303
2.0273728370666504,4302
2.0308117866516113,4301
2.0340898036956787,4300
2.0375208854675293,4299
2.0407907962799072,4298
2.044243812561035,4297
2.0475358963012695,4296
2.050976037979126,4295
2.0542538166046143,4294
2.0577096939086914,4293
2.060985803604126,4292
2.064436912536621,4291
2.0677168369293213,4290
2.071162700653076,4289
2.0744528770446777,4288
2.0778989791870117,4287
2.0811688899993896,4286
2.084622859954834,4285
2.087920904159546,4284
2.0914456844329834,4283
2.094801902770996,4282
2.0983047485351562,4281
2.101632595062256,4280
2.1051597595214844,4279
2.1085197925567627,4278
2.11204195022583,4277
2.115400791168213,4276
2.118914842605591,4275
2.1222517490386963,4274
2.1257688999176025,4273
2.1291048526763916,4272
2.132601737976074,4271
2.1359338760375977,4270
2.1394457817077637,4269
2.1427857875823975,4268
2.1462879180908203,4267
2.1496047973632812,4266
2.153122663497925,4265
2.15645694732666,4264
2.159939765930176,4263
2.163268804550171,4262
2.1667819023132324,4261
2.170147657394409,4260
2.173651933670044,4259
2.1770009994506836,4258
2.180515766143799,4257
2.183846950531006,4256
2.1873579025268555,4255
2.1906957626342773,4254
2.194211721420288,4253
2.19757080078125,4252
2.201093912124634,4251
2.204486846923828,4250
2.2080078125,4249
2.211343765258789,4248
2.214855909347534,4247
2.2181949615478516,4246
2.2216877937316895,4245
2.225013017654419,4244
2.2285218238830566,4243
2.2318837642669678,4242
2.2353968620300293,4241
2.238743782043457,4240
2.2422428131103516,4239
2.245551824569702,4238
2.249058723449707,4237
2.252366781234741,4236
2.255833864212036,4235
2.2591769695281982,4234
2.2627038955688477,4233
2.266058921813965,4232
2.269605875015259,4231
2.272972822189331,4230
2.2764837741851807,4229
2.2798190116882324,4228
2.2833077907562256,4227
2.286655902862549,4226
2.2901976108551025,4225
2.2935450077056885,4224
2.2970550060272217,4223
2.300414800643921,4222
2.303931951522827,4221
2.3072776794433594,4220
2.3107919692993164,4219
2.3141398429870605,4218
2.317654609680176,4217
2.321016788482666,4216
2.324525833129883,4215
2.327857732772827,4214
2.3313636779785156,4213
2.3347067832946777,4212
2.338233709335327,4211
2.3416006565093994,4210
2.3451077938079834,4209
2.3484506607055664,4208
2.3519859313964844,4207
2.355311870574951,4206
2.358816623687744,4205
2.362161874771118,4204
2.3656787872314453,4203
2.3690266609191895,4202
2.372527837753296,4201
2.3758797645568848,4200
2.379488706588745,4199
2.3828377723693848,4198
2.386361837387085,4197
2.3897218704223633,4196
2.393244743347168,4195
2.3965766429901123,4194
2.400059938430786,4193
2.4033846855163574,4192
2.40687894821167,4191
2.410212755203247,4190
2.413742780685425,4189
2.4170937538146973,4188
2.4206368923187256,4187
2.4239859580993652,4186
2.427501678466797,4185
2.4308388233184814,4184
2.434345006942749,4183
2.437673807144165,4182
2.4411678314208984,4181
2.4444899559020996,4180
2.4479849338531494,4179
2.4512996673583984,4178
2.454779863357544,4177
2.458082675933838,4176
2.461545944213867,4175
2.4648609161376953,4174
2.468313694000244,4173
2.4716107845306396,4172
2.4750967025756836,4171
2.478419780731201,4170
2.481895923614502,4169
2.485203981399536,4168
2.4886868000030518,4167
2.4919939041137695,4166
2.4954848289489746,4165
2.498807668685913,4164
2.502286672592163,4163
2.5055906772613525,4162
2.509056806564331,4161
2.5123627185821533,4160
2.5158536434173584,4159
2.519160747528076,4158
2.522634983062744,4157
2.5259556770324707,4156
2.529439926147461,4155
2.5327377319335938,4154
2.536226749420166,4153
2.5395548343658447,4152
2.54304575920105,4151
2.5463707447052,4150
2.549858808517456,4149
2.5531630516052246,4148
2.5566437244415283,4147
2.5599679946899414,4146
2.5634639263153076,4145
2.5667877197265625,4144
2.5702757835388184,4143
2.5735878944396973,4142
2.577072858810425,4141
2.580406665802002,4140
2.583895683288574,4139
2.5872256755828857,4138
2.590707778930664,4137
2.5940186977386475,4136
2.597517728805542,4135
2.6008458137512207,4134
2.6043267250061035,4133
2.6076529026031494,4132
2.611135959625244,4131
2.6144368648529053,4130
2.617910623550415,4129
2.621232748031616,4128
2.624713897705078,4127
2.628023624420166,4126
2.6315088272094727,4125
2.6348657608032227,4124
2.638361692428589,4123
2.6416876316070557,4122
2.6451687812805176,4121
2.6484789848327637,4120
2.651944875717163,4119
2.6552488803863525,4118
2.658745765686035,4117
2.6620707511901855,4116
2.665541887283325,4115
2.6688640117645264,4114
2.6723599433898926,4113
2.6756558418273926,4112
2.6791298389434814,4111
2.6824488639831543,4110
2.6859347820281982,4109
2.6892218589782715,4108
2.692692995071411,4107
2.6960079669952393,4106
2.699516773223877,4105
2.702838659286499,4104
2.7063276767730713,4103
2.709648847579956,4102
2.713120698928833,4101
2.716420888900757,4100
2.719918727874756,4099
2.7232508659362793,4098
2.726742744445801,4097
2.7300658226013184,4096
2.7335448265075684,4095
2.736848831176758,4094
2.740330696105957,4093
2.743640661239624,4092
2.7471277713775635,4091
2.750443696975708,4090
2.753887891769409,4089
2.757205009460449,4088
2.7607359886169434,4087
2.7640528678894043,4086
2.7675347328186035,4085
2.7708659172058105,4084
2.7743477821350098,4083
2.7776529788970947,4082
2.7811336517333984,4081
2.784461736679077,4080
2.7879607677459717,4079
2.7912919521331787,4078
2.7947866916656494,4077
2.7980947494506836,4076
2.8015687465667725,4075
2.8048927783966064,4074
2.8083698749542236,4073
2.8116836547851562,4072
2.8151538372039795,4071
2.818455696105957,4070
2.8219518661499023,4069
2.825277805328369,4068
2.828751802444458,4067
2.8320677280426025,4066
2.835549831390381,4065
2.8388657569885254,4064
2.8423547744750977,4063
2.8456766605377197,4062
2.849202871322632,4061
2.852534770965576,4060
2.856019973754883,4059
2.8593406677246094,4058
2.8628296852111816,4057
2.866142988204956,4056
2.8696179389953613,4055
2.8729426860809326,4054
2.8764376640319824,4053
2.8797338008880615,4052
2.883229970932007,4051
2.886540651321411,4050
2.890023946762085,4049
2.8933398723602295,4048
2.8968358039855957,4047
2.900176763534546,4046
2.9036827087402344,4045
2.9070239067077637,4044
2.9105238914489746,4043
2.9138457775115967,4042
2.9173197746276855,4041
2.920625925064087,4040
2.9241087436676025,4039
2.9274377822875977,4038
2.930919885635376,4037
2.9342288970947266,4036
2.937713861465454,4035
2.9410219192504883,4034
2.944521903991699,4033
2.9478600025177,4032
2.951356887817383,4031
2.954681873321533,4030
2.9581708908081055,4029
2.961477756500244,4028
2.964970588684082,4027
2.9682869911193848,4026
2.9717748165130615,4025
2.9750847816467285,4024
2.9785537719726562,4023
2.9818508625030518,4022
2.9853477478027344,4021
2.9886667728424072,4020
2.9921517372131348,4019
2.9954617023468018,4018
2.9989466667175293,4017
3.0022637844085693,4016
3.005753755569458,4015
3.009082794189453,4014
3.012584924697876,4013
3.0159218311309814,4012
3.0194239616394043,4011
3.0227608680725098,4010
3.026277780532837,4009
3.02962589263916,4008
3.0331246852874756,4007
3.036465883255005,4006
3.0399577617645264,4005
3.043301820755005,4004
3.046801805496216,4003
3.052168846130371,4002
3.0554885864257812,4001
3.0589828491210938,4000
3.0623066425323486,3999
3.065863847732544,3998
3.0691957473754883,3997
3.072744846343994,3996
3.0760958194732666,3995
3.079620838165283,3994
3.086416721343994,3993
3.0897626876831055,3992
3.093282699584961,3991
3.0966296195983887,3990
3.1001296043395996,3989
3.1034727096557617,3988
3.1070027351379395,3987
3.1103458404541016,3986
3.1138927936553955,3985
3.117257833480835,3984
3.1207759380340576,3983
3.124105930328369,3982
3.127605676651001,3981
3.130927801132202,3980
3.1343908309936523,3979
3.137730836868286,3978
3.141213893890381,3977
3.1445298194885254,3976
3.148030996322632,3975
3.1513617038726807,3974
3.154866933822632,3973
3.158186674118042,3972
3.16170072555542,3971
3.1650197505950928,3970
3.1685125827789307,3969
3.171841621398926,3968
3.1753478050231934,3967
3.1786818504333496,3966
3.182154893875122,3965
3.1854727268218994,3964
3.1889920234680176,3963
3.1923398971557617,3962
3.1958348751068115,3961
3.1991477012634277,3960
3.2026329040527344,3959
3.2059519290924072,3958
3.2094569206237793,3957
3.212815761566162,3956
3.2163288593292236,3955
3.2196528911590576,3954
3.2231459617614746,3953
3.2264437675476074,3952
3.229937791824341,3951
3.233262777328491,3950
3.2367329597473145,3949
3.240048885345459,3948
3.243518829345703,3947
3.246826648712158,3946
3.2503087520599365,3945
3.2535879611968994,3944
3.2570319175720215,3943
3.260324716567993,3942
3.264021635055542,3941
3.2675557136535645,3940
3.2711827754974365,3939
3.2745578289031982,3938
3.278080701828003,3937
3.281465768814087,3936
3.2850565910339355,3935
3.29099178314209,3934
3.29435396194458,3933
3.2978639602661133,3932
3.3012139797210693,3931
3.3047187328338623,3930
3.308037757873535,3929
3.311527967453003,3928
3.314873695373535,3927
3.318368673324585,3926
3.321694850921631,3925
3.3251845836639404,3924
3.328507900238037,3923
3.3320047855377197,3922
3.335319757461548,3921
3.338843822479248,3920
3.3421788215637207,3919
3.3456647396087646,3918
3.3489816188812256,3917
3.352475881576538,3916
3.3557887077331543,3915
3.3592746257781982,3914
3.3626108169555664,3913
3.366081714630127,3912
3.3693578243255615,3911
3.3728556632995605,3910
3.3761677742004395,3909
3.379650831222534,3908
3.382957696914673,3907
3.3864409923553467,3906
3.389737844467163,3905
3.393239736557007,3904
3.3965609073638916,3903
3.400049924850464,3902
3.403364896774292,3901
3.406848669052124,3900
3.4101717472076416,3899
3.413670778274536,3898
3.416992664337158,3897
3.4204838275909424,3896
3.4237987995147705,3895
3.4272687435150146,3894
3.430574893951416,3893
3.4340696334838867,3892
3.437372922897339,3891
3.440851926803589,3890
3.4441678524017334,3889
3.44766902923584,3888
3.4509928226470947,3887
3.454481840133667,3886
3.4578118324279785,3885
3.461310863494873,3884
3.4646267890930176,3883
3.468106985092163,3882
3.471439838409424,3881
3.4749419689178467,3880
3.4782698154449463,3879
3.4817278385162354,3878
3.485039710998535,3877
3.4885127544403076,3876
3.4918336868286133,3875
3.4953248500823975,3874
3.4986517429351807,3873
3.5021917819976807,3872
3.505525588989258,3871
3.5090136528015137,3870
3.512324810028076,3869
3.515805959701538,3868
3.519115686416626,3867
3.5226056575775146,3866
3.5259268283843994,3865
3.5294039249420166,3864
3.5327138900756836,3863
3.5362136363983154,3862
3.5395398139953613,3861
3.5430238246917725,3860
3.5463438034057617,3859
3.5498228073120117,3858
3.553140878677368,3857
3.556626796722412,3856
3.5599417686462402,3855
3.563413619995117,3854
3.5667200088500977,3853
3.570213794708252,3852
3.5735466480255127,3851
3.5770456790924072,3850
3.5803656578063965,3849
3.5838358402252197,3848
3.5871498584747314,3847
3.5906248092651367,3846
3.593939781188965,3845
3.5975046157836914,3844
3.600902795791626,3843
3.6045849323272705,3842
3.607923984527588,3841
3.6114587783813477,3840
3.6147537231445312,3839
3.618283748626709,3838
3.621598958969116,3837
3.6250967979431152,3836
3.6283888816833496,3835
3.631882905960083,3834
3.6351916790008545,3833
3.6386985778808594,3832
3.6419949531555176,3831
3.6454837322235107,3830
3.6487858295440674,3829
3.652289628982544,3828
3.6555938720703125,3827
3.659097671508789,3826
3.662400722503662,3825
3.6658997535705566,3824
3.6691956520080566,3823
3.6726808547973633,3822
3.6759867668151855,3821
3.679494857788086,3820
3.682783842086792,3819
3.6862778663635254,3818
3.6895759105682373,3817
3.6930758953094482,3816
3.696364641189575,3815
3.6998517513275146,3814
3.703136682510376,3813
3.7066338062286377,3812
3.7099127769470215,3811
3.713423728942871,3810
3.7167749404907227,3809
3.7202796936035156,3808
3.7235918045043945,3807
3.727092981338501,3806
3.7304208278656006,3805
3.7362098693847656,3804
3.7397079467773438,3803
3.743001699447632,3802
3.746504783630371,3801
3.749802589416504,3800
3.7532706260681152,3799
3.7565557956695557,3798
3.760087728500366,3797
3.7633919715881348,3796
3.7668707370758057,3795
3.7701539993286133,3794
3.773650884628296,3793
3.7769618034362793,3792
3.78045392036438,3791
3.7837448120117188,3790
3.7872467041015625,3789
3.7905428409576416,3788
3.7940266132354736,3787
3.797337770462036,3786
3.8008546829223633,3785
3.8041648864746094,3784
3.8076608180999756,3783
3.8109498023986816,3782
3.8144237995147705,3781
3.817725896835327,3780
3.8212239742279053,3779
3.8245158195495605,3778
3.8280067443847656,3777
3.831312894821167,3776
3.8348276615142822,3775
3.838132858276367,3774
3.8416378498077393,3773
3.8449318408966064,3772
3.8484139442443848,3771
3.8517088890075684,3770
3.8551979064941406,3769
3.8585047721862793,3768
3.8620097637176514,3767
3.865313768386841,3766
3.86881160736084,3765
3.872107744216919,3764
3.87559175491333,3763
3.878865957260132,3762
3.882351875305176,3761
3.8856568336486816,3760
3.889157772064209,3759
3.8924527168273926,3758
3.895939826965332,3757
3.8992326259613037,3756
3.9027416706085205,3755
3.906043767929077,3754
3.9095349311828613,3753
3.9128267765045166,3752
3.916327953338623,3751
3.9196298122406006,3750
3.923121929168701,3749
3.926440954208374,3748
3.9299519062042236,3747
3.933311939239502,3746
3.9368319511413574,3745
3.9401378631591797,3744
3.943650722503662,3743
3.9469587802886963,3742
3.950450897216797,3741
3.953756809234619,3740
3.957258939743042,3739
3.960559844970703,3738
3.964050769805908,3737
3.967327833175659,3736
3.9708337783813477,3735
3.9741387367248535,3734
3.9776268005371094,3733
3.980942726135254,3732
3.9844398498535156,3731
3.9877047538757324,3730
3.9911916255950928,3729
3.994494915008545,3728
3.997999906539917,3727
4.001293659210205,3726
4.004785776138306,3725
4.008067846298218,3724
4.01157283782959,3723
4.014865875244141,3722
4.018349647521973,3721
4.021651983261108,3720
4.025144815444946,3719
4.02841591835022,3718
4.031906843185425,3717
4.035215854644775,3716
4.038699626922607,3715
4.042001962661743,3714
4.045501947402954,3713
4.048795938491821,3712
4.05228590965271,3711
4.055577754974365,3710
4.059061765670776,3709
4.062351703643799,3708
4.065857648849487,3707
4.069169759750366,3706
4.072667837142944,3705
4.075970649719238,3704
4.079476833343506,3703
4.082770824432373,3702
4.086267948150635,3701
4.089556932449341,3700
4.093057632446289,3699
4.096360921859741,3698
4.09985876083374,3697
4.103165864944458,3696
4.1066577434539795,3695
4.109941005706787,3694
4.113417863845825,3693
4.116681814193726,3692
4.120149612426758,3691
4.123417854309082,3690
4.126875877380371,3689
4.1301398277282715,3688
4.133606910705566,3687
4.136866807937622,3686
4.14031982421875,3685
4.143587827682495,3684
4.147083759307861,3683
4.150357723236084,3682
4.153822898864746,3681
4.157084941864014,3680
4.161034822463989,3679
4.16494083404541,3678
4.169177770614624,3677
4.1734888553619385,3676
4.177497863769531,3675
4.181530714035034,3674
4.1856818199157715,3673
4.189556837081909,3672
4.193576812744141,3671
4.197496652603149,3670
4.205070734024048,3669
4.209130764007568,3668
4.213015794754028,3667
4.217455863952637,3666
4.227777719497681,3665
4.231760740280151,3664
4.235530853271484,3663
4.2428977489471436,3662
4.249889612197876,3661
4.2564496994018555,3660
4.2629876136779785,3659
4.270641803741455,3658
4.281892776489258,3657
4.294399976730347,3656
4.298307657241821,3655
4.30232572555542,3654
4.3097827434539795,3653
4.316742897033691,3652
4.324949741363525,3651
4.33273983001709,3650
4.340218782424927,3649
4.354461908340454,3648
4.357873916625977,3647
4.361339807510376,3646
4.364689826965332,3645
4.368204832077026,3644
4.3746607303619385,3643
4.37801194190979,3642
4.383518934249878,3641
4.392383813858032,3640
4.395732879638672,3639
4.399244785308838,3638
4.4025678634643555,3637
4.411819696426392,3636
4.4151129722595215,3635
4.418540716171265,3634
4.421818733215332,3633
4.427307605743408,3632
4.433856725692749,3631
4.444454908370972,3630
4.447880983352661,3629
4.454343795776367,3628
4.457637786865234,3627
4.461071729660034,3626
4.4696338176727295,3625
4.473078727722168,3624
4.476370811462402,3623
4.4876790046691895,3622
4.4930267333984375,3621
4.496511936187744,3620
4.5051047801971436,3619
4.508533716201782,3618
4.511804819107056,3617
4.518306732177734,3616
4.524425983428955,3615
4.530375957489014,3614
4.533792018890381,3613
4.537047624588013,3612
4.540483713150024,3611
4.546156644821167,3610
4.551519870758057,3609
4.554807662963867,3608
4.558230638504028,3607
4.561515808105469,3606
4.564950704574585,3605
4.56822395324707,3604
4.571642875671387,3603
4.574938774108887,3602
4.578375816345215,3601
4.581660747528076,3600
4.585085868835449,3599
4.588384628295898,3598
4.591967821121216,3597
4.59552001953125,3596
4.599231004714966,3595
4.602611780166626,3594
4.609148740768433,3593
4.6126158237457275,3592
4.615915775299072,3591
4.619355916976929,3590
4.625447750091553,3589
4.628715753555298,3588
4.634254693984985,3587
4.639590740203857,3586
4.643353700637817,3585
4.647104024887085,3584
4.65354585647583,3583
4.657049894332886,3582
4.66303277015686,3581
4.666584730148315,3580
4.670281887054443,3579
4.680900812149048,3578
4.684602737426758,3577
4.688151836395264,3576
4.694137811660767,3575
4.697657823562622,3574
4.700958967208862,3573
4.707420825958252,3572
4.71087384223938,3571
4.7141828536987305,3570
4.717631816864014,3569
4.720902919769287,3568
4.724350929260254,3567
4.7276458740234375,3566
4.731087684631348,3565
4.734371662139893,3564
4.7378387451171875,3563
4.741106986999512,3562
4.759599685668945,3561
4.763101816177368,3560
4.766602993011475,3559
4.769904851913452,3558
4.773402690887451,3557
4.77669358253479,3556
4.786521673202515,3555
4.790000915527344,3554
4.79575777053833,3553
4.8024818897247314,3552
4.8081066608428955,3551
4.816162824630737,3550
4.819634914398193,3549
4.822924613952637,3548
4.829626798629761,3547
4.833104848861694,3546
4.836383819580078,3545
4.839836835861206,3544
4.843116760253906,3543
4.848821640014648,3542
4.852288722991943,3541
4.858196973800659,3540
4.864080905914307,3539
4.867372751235962,3538
4.870844841003418,3537
4.877157926559448,3536
4.88044285774231,3535
4.883906841278076,3534
4.887192726135254,3533
4.890661716461182,3532
4.893943786621094,3531
4.897419691085815,3530
4.900712966918945,3529
4.9061198234558105,3528
4.913513898849487,3527
4.91679573059082,3526
4.920261859893799,3525
4.923541784286499,3524
4.927119731903076,3523
4.930401802062988,3522
4.933868646621704,3521
4.937161922454834,3520
4.940613746643066,3519
4.943885803222656,3518
4.947361707687378,3517
4.950662851333618,3516
4.95413875579834,3515
4.95745587348938,3514
4.961021900177002,3513
4.964342832565308,3512
4.96781587600708,3511
4.973789930343628,3510
4.977083921432495,3509
4.983367919921875,3508
4.986830711364746,3507
4.990146636962891,3506
4.993611812591553,3505
4.996887683868408,3504
5.000335693359375,3503
5.00361967086792,3502
5.007105827331543,3501
5.010393857955933,3500
5.01385760307312,3499
5.019900798797607,3498
5.023186922073364,3497
5.026666641235352,3496
5.032907009124756,3495
5.036188840866089,3494
5.039658784866333,3493
5.042943954467773,3492
5.046411752700806,3491
5.052908658981323,3490
5.056326866149902,3489
5.059826850891113,3488
5.0631139278411865,3487
5.066592693328857,3486
5.069884777069092,3485
5.079125642776489,3484
5.082392692565918,3483
5.085869789123535,3482
5.089179754257202,3481
5.092644691467285,3480
5.095960855484009,3479
5.1015098094940186,3478
5.104972839355469,3477
5.108284950256348,3476
5.111767768859863,3475
5.1172568798065186,3474
5.12054181098938,3473
5.124021768569946,3472
5.127315998077393,3471
5.133832931518555,3470
5.139551877975464,3469
5.143060922622681,3468
5.146690845489502,3467
5.150624752044678,3466
5.154339790344238,3465
5.158185958862305,3464
5.161837816238403,3463
5.16554594039917,3462
5.168937921524048,3461
5.172693729400635,3460
5.186529636383057,3459
5.1900269985198975,3458
5.193543910980225,3457
5.197255849838257,3456
5.200868844985962,3455
5.207557916641235,3454
5.211366891860962,3453
5.218538761138916,3452
5.222177743911743,3451
5.226025819778442,3450
5.229724884033203,3449
5.239955902099609,3448
5.249489784240723,3447
5.253082752227783,3446
5.2563676834106445,3445
5.259858846664429,3444
5.263139724731445,3443
5.268580675125122,3442
5.275316953659058,3441
5.27878475189209,3440
5.282043933868408,3439
5.285513877868652,3438
5.2933666706085205,3437
5.296855688095093,3436
5.3001086711883545,3435
5.303579807281494,3434
5.3068528175354,3433
5.310333967208862,3432
5.3135926723480225,3431
5.318822860717773,3430
5.32231879234314,3429
5.325577974319458,3428
5.329056739807129,3427
5.332329988479614,3426
5.3358118534088135,3425
5.339181661605835,3424
5.342702865600586,3423
5.345977783203125,3422
5.349449872970581,3421
5.352705717086792,3420
5.356169939041138,3419
5.362713813781738,3418
5.365981817245483,3417
5.36944580078125,3416
5.372699737548828,3415
5.378198623657227,3414
5.383953809738159,3413
5.387445688247681,3412
5.390711784362793,3411
5.411048889160156,3410
5.416472673416138,3409
5.419750928878784,3408
5.4232337474823,3407
5.426496744155884,3406
5.4299657344818115,3405
5.4332497119903564,3404
5.436762809753418,3403
5.440124750137329,3402
5.443630695343018,3401
5.446893692016602,3400
5.452800035476685,3399
5.456284761428833,3398
5.459546804428101,3397
5.463011741638184,3396
5.469444751739502,3395
5.472718715667725,3394
5.479261875152588,3393
5.482743740081787,3392
5.486012935638428,3391
5.489480972290039,3390
5.49585485458374,3389
5.499132871627808,3388
5.502651929855347,3387
5.508255958557129,3386
5.514435768127441,3385
5.517697811126709,3384
5.521158933639526,3383
5.524430751800537,3382
5.527913808822632,3381
5.534313917160034,3380
5.537674903869629,3379
5.542944669723511,3378
5.548694610595703,3377
5.554818630218506,3376
5.558305740356445,3375
5.561583757400513,3374
5.566807746887207,3373
5.5702736377716064,3372
5.5735437870025635,3371
5.579957723617554,3370
5.583424806594849,3369
5.586691856384277,3368
5.590171813964844,3367
5.5934507846832275,3366
5.596948862075806,3365
5.600222826004028,3364
5.607905626296997,3363
5.611186981201172,3362
5.616398811340332,3361
5.619899749755859,3360
5.629012823104858,3359
5.6324827671051025,3358
5.635741949081421,3357
5.639203786849976,3356
5.647812843322754,3355
5.651280879974365,3354
5.6545398235321045,3353
5.658000707626343,3352
5.664553880691528,3351
5.667818784713745,3350
5.671284914016724,3349
5.674538612365723,3348
5.67799973487854,3347
5.681276798248291,3346
5.684751749038696,3345
5.688015699386597,3344
5.691476821899414,3343
5.7022316455841064,3342
5.705490827560425,3341
5.70897364616394,3340
5.71423077583313,3339
5.717474699020386,3338
5.720953702926636,3337
5.726391792297363,3336
5.732219934463501,3335
5.73550271987915,3334
5.738965034484863,3333
5.742241621017456,3332
5.747996807098389,3331
5.757464647293091,3330
5.7607197761535645,3329
5.766801834106445,3328
5.770265817642212,3327
5.7764928340911865,3326
5.7826008796691895,3325
5.787981748580933,3324
5.791274785995483,3323
5.7965638637542725,3322
5.800017833709717,3321
5.805700778961182,3320
5.808992624282837,3319
5.812445878982544,3318
5.818553686141968,3317
5.827448844909668,3316
5.8327648639678955,3315
5.8362135887146,3314
5.839481830596924,3313
5.842913627624512,3312
5.849514007568359,3311
5.852796792984009,3310
5.856234788894653,3309
5.859524726867676,3308
5.862977743148804,3307
5.866267919540405,3306
5.872298717498779,3305
5.885255813598633,3304
5.891083002090454,3303
5.899335861206055,3302
5.902790784835815,3301
5.912210941314697,3300
5.915664911270142,3299
5.919044733047485,3298
5.924378871917725,3297
5.927825927734375,3296
5.93803071975708,3295
5.946329832077026,3294
5.954590797424316,3293
5.957889795303345,3292
5.974767684936523,3291
5.978217840194702,3290
5.983547925949097,3289
5.986836910247803,3288
5.99282169342041,3287
6.000569820404053,3286
6.0101706981658936,3285
6.018752813339233,3284
6.022038698196411,3283
6.0281548500061035,3282
6.033659934997559,3281
6.037089824676514,3280
6.043360710144043,3279
6.046745777130127,3278
6.050283670425415,3277
6.058250904083252,3276
6.082266807556152,3275
6.091019630432129,3274
6.09737491607666,3273
6.105551719665527,3272
6.108823776245117,3271
6.114652872085571,3270
6.118101596832275,3269
6.124181747436523,3268
6.1350178718566895,3267
6.141489744186401,3266
6.144763946533203,3265
6.148220777511597,3264
6.153928995132446,3263
6.167440891265869,3262
6.170869588851929,3261
6.176757574081421,3260
6.181905746459961,3259
6.187621831893921,3258
6.190905809402466,3257
6.196224689483643,3256
6.199657917022705,3255
6.202931880950928,3254
6.206379652023315,3253
6.214667797088623,3252
6.218114852905273,3251
6.223302841186523,3250
6.22658371925354,3249
6.2300286293029785,3248
6.235771894454956,3247
6.239048957824707,3246
6.244311809539795,3245
6.2477498054504395,3244
6.251029014587402,3243
6.257239818572998,3242
6.2654500007629395,3241
6.271468639373779,3240
6.27475380897522,3239
6.278203725814819,3238
6.29285192489624,3237
6.296149730682373,3236
6.3021087646484375,3235
6.305551767349243,3234
6.308837890625,3233
6.314764738082886,3232
6.325925827026367,3231
6.329380750656128,3230
6.3378448486328125,3229
6.348928689956665,3228
6.35237193107605,3227
6.360442876815796,3226
6.365908861160278,3225
6.371534824371338,3224
6.374974966049194,3223
6.381054878234863,3222
6.384318828582764,3221
6.387759685516357,3220
6.391040802001953,3219
6.399525880813599,3218
6.402803897857666,3217
6.406231641769409,3216
6.411605596542358,3215
6.414880752563477,3214
6.418309926986694,3213
6.427234649658203,3212
6.430664777755737,3211
6.435922861099243,3210
6.439199924468994,3209
6.442631959915161,3208
6.449311971664429,3207
6.4545066356658936,3206
6.4577789306640625,3205
6.461223840713501,3204
6.467375755310059,3203
6.470658779144287,3202
6.474106788635254,3201
6.477377653121948,3200
6.480807781219482,3199
6.484074592590332,3198
6.487513780593872,3197
6.490790843963623,3196
6.4962477684021,3195
6.504750728607178,3194
6.508023738861084,3193
6.511467695236206,3192
6.514740943908691,3191
6.521214962005615,3190
6.524672746658325,3189
6.527948617935181,3188
6.531395673751831,3187
6.54409384727478,3186
6.547529935836792,3185
6.5508058071136475,3184
6.554238796234131,3183
6.557521820068359,3182
6.571914911270142,3181
6.577603816986084,3180
6.587792873382568,3179
6.594146728515625,3178
6.597416877746582,3177
6.600867748260498,3176
6.604158878326416,3175
6.607608795166016,3174
6.610894680023193,3173
6.6205198764801025,3172
6.623812675476074,3171
6.627265691757202,3170
6.6305506229400635,3169
6.636195659637451,3168
6.6413938999176025,3167
6.6448447704315186,3166
6.651555776596069,3165
6.654838800430298,3164
6.661237001419067,3163
6.664781808853149,3162
6.668065786361694,3161
6.671504735946655,3160
6.678010702133179,3159
6.684071779251099,3158
6.687363862991333,3157
6.695178031921387,3156
6.700722932815552,3155
6.704015731811523,3154
6.71204686164856,3153
6.715303897857666,3152
6.718735694885254,3151
6.722007751464844,3150
6.725452661514282,3149
6.728733777999878,3148
6.73216986656189,3147
6.740171670913696,3146
6.743629693984985,3145
6.75033974647522,3144
6.753630876541138,3143
6.757069826126099,3142
6.760345697402954,3141
6.763781785964966,3140
6.767071008682251,3139
6.7705206871032715,3138
6.776875734329224,3137
6.780150651931763,3136
6.783613920211792,3135
6.786914825439453,3134
6.795226812362671,3133
6.79851770401001,3132
6.803828001022339,3131
6.809247970581055,3130
6.812701940536499,3129
6.8183417320251465,3128
6.821616888046265,3127
6.8250439167022705,3126
6.828315734863281,3125
6.833842992782593,3124
6.837265968322754,3123
6.842942953109741,3122
6.853601694107056,3121
6.856884002685547,3120
6.860324859619141,3119
6.868191957473755,3118
6.871640682220459,3117
6.877468824386597,3116
6.880748748779297,3115
6.890025854110718,3114
6.904324769973755,3113
6.910432815551758,3112
6.913863897323608,3111
6.917133808135986,3110
6.920579671859741,3109
6.931806802749634,3108
6.935104608535767,3107
6.942213773727417,3106
6.94550085067749,3105
6.95072078704834,3104
6.954164981842041,3103
6.957435846328735,3102
6.963213682174683,3101
6.966646671295166,3100
6.9719250202178955,3099
6.9771599769592285,3098
6.980429649353027,3097
6.990923643112183,3096
7.001309871673584,3095
7.008786916732788,3094
7.012715816497803,3093
7.016438722610474,3092
7.02327299118042,3091
7.030742645263672,3090
7.034578800201416,3089
7.038322925567627,3088
7.042160749435425,3087
7.045828819274902,3086
7.049463748931885,3085
7.05292272567749,3084
7.059532642364502,3083
7.065859794616699,3082
7.0694358348846436,3081
7.072887659072876,3080
7.076439619064331,3079
7.079876899719238,3078
7.085862874984741,3077
7.094812870025635,3076
7.098263740539551,3075
7.104743957519531,3074
7.108307838439941,3073
7.111770868301392,3072
7.120259761810303,3071
7.123690605163574,3070
7.130683898925781,3069
7.134238958358765,3068
7.137688875198364,3067
7.141258955001831,3066
7.144722938537598,3065
7.148277759552002,3064
7.1517157554626465,3063
7.155291795730591,3062
7.162683725357056,3061
7.1662437915802,3060
7.169690847396851,3059
7.173259735107422,3058
7.176685810089111,3057
7.182157754898071,3056
7.185710668563843,3055
7.1926069259643555,3054
7.198627710342407,3053
7.202064752578735,3052
7.205622673034668,3051
7.209065914154053,3050
7.212618827819824,3049
7.216051816940308,3048
7.219613790512085,3047
7.2333056926727295,3046
7.236875772476196,3045
7.243166923522949,3044
7.2492029666900635,3043
7.252638816833496,3042
7.2561867237091064,3041
7.261858701705933,3040
7.26767897605896,3039
7.271129846572876,3038
7.2822699546813965,3037
7.285813808441162,3036
7.28923773765564,3035
7.292805910110474,3034
7.302401781082153,3033
7.31099271774292,3032
7.314450979232788,3031
7.32032585144043,3030
7.323890924453735,3029
7.32733678817749,3028
7.330888986587524,3027
7.334325790405273,3026
7.337879657745361,3025
7.341314792633057,3024
7.344880819320679,3023
7.348330736160278,3022
7.351885795593262,3021
7.374008655548096,3020
7.377582788467407,3019
7.381030797958374,3018
7.389648914337158,3017
7.396091938018799,3016
7.402302980422974,3015
7.405751705169678,3014
7.409304857254028,3013
7.419366836547852,3012
7.422916889190674,3011
7.426357746124268,3010
7.429919004440308,3009
7.433359861373901,3008
7.436903953552246,3007
7.440346717834473,3006
7.443906784057617,3005
7.447353839874268,3004
7.450903654098511,3003
7.454365968704224,3002
7.463451862335205,3001
7.4668848514556885,3000
7.4704530239105225,2999
7.4768147468566895,2998
7.4803078174591064,2997
7.483865737915039,2996
7.487313747406006,2995
7.493187665939331,2994
7.496746778488159,2993
7.500187873840332,2992
7.503735780715942,2991
7.507166862487793,2990
7.512585878372192,2989
7.51613974571228,2988
7.519595623016357,2987
7.526456832885742,2986
7.532378911972046,2985
7.541255950927734,2984
7.5446937084198,2983
7.550398826599121,2982
7.553948879241943,2981
7.55739688873291,2980
7.56096887588501,2979
7.569300889968872,2978
7.57552695274353,2977
7.579082012176514,2976
7.582523822784424,2975
7.5860748291015625,2974
7.589504718780518,2973
7.593045711517334,2972
7.5964837074279785,2971
7.600034713745117,2970
7.603481769561768,2969
7.607045888900757,2968
7.610527992248535,2967
7.6140947341918945,2966
7.620985746383667,2965
7.624421834945679,2964
7.627969741821289,2963
7.631406784057617,2962
7.634961843490601,2961
7.638430833816528,2960
7.642026662826538,2959
7.645495653152466,2958
7.649052858352661,2957
7.652531862258911,2956
7.656107664108276,2955
7.65955376625061,2954
7.663115739822388,2953
7.6692328453063965,2952
7.6726720333099365,2951
7.67623496055603,2950
7.679698944091797,2949
7.683254718780518,2948
7.68669867515564,2947
7.690272808074951,2946
7.6957128047943115,2945
7.704237699508667,2944
7.710662841796875,2943
7.7142369747161865,2942
7.717697620391846,2941
7.721247911453247,2940
7.724688768386841,2939
7.731189012527466,2938
7.734735727310181,2937
7.7381978034973145,2936
7.744247674942017,2935
7.747816801071167,2934
7.757451772689819,2933
7.761067628860474,2932
7.766942977905273,2931
7.784236669540405,2930
7.78764796257019,2929
7.796337842941284,2928
7.79973292350769,2927
7.803508996963501,2926
7.81286883354187,2925
7.8166868686676025,2924
7.820206880569458,2923
7.823800802230835,2922
7.829200744628906,2921
7.832610845565796,2920
7.841397762298584,2919
7.8448169231414795,2918
7.848388910293579,2917
7.854761838912964,2916
7.858174800872803,2915
7.866580963134766,2914
7.869990825653076,2913
7.8735668659210205,2912
7.882707834243774,2911
7.886270999908447,2910
7.892154693603516,2909
7.898617744445801,2908
7.904298782348633,2907
7.907748699188232,2906
7.914096832275391,2905
7.9177069664001465,2904
7.921117782592773,2903
7.924696683883667,2902
7.928095817565918,2901
7.938650846481323,2900
7.942237854003906,2899
7.9516518115997314,2898
7.9552435874938965,2897
7.958651781082153,2896
7.9671549797058105,2895
7.970586776733398,2894
7.977169752120972,2893
7.980747699737549,2892
7.998193740844727,2891
8.001773834228516,2890
8.005184650421143,2889
8.008756875991821,2888
8.015645980834961,2887
8.019049882888794,2886
8.022627830505371,2885
8.026021718978882,2884
8.029600620269775,2883
8.033001899719238,2882
8.042237997055054,2881
8.04564881324768,2880
8.04922866821289,2879
8.055632829666138,2878
8.069859743118286,2877
8.07342791557312,2876
8.076833724975586,2875
8.08294677734375,2874
8.086530685424805,2873
8.092147827148438,2872
8.099816799163818,2871
8.114920854568481,2870
8.121915817260742,2869
8.131489753723145,2868
8.15028190612793,2867
8.156543970108032,2866
8.160374641418457,2865
8.164100885391235,2864
8.167893648147583,2863
8.171634912490845,2862
8.175471782684326,2861
8.179160833358765,2860
8.18978476524353,2859
8.198993921279907,2858
8.20293378829956,2857
8.206741571426392,2856
8.21059274673462,2855
8.214355945587158,2854
8.218276739120483,2853
8.221998691558838,2852
8.226000785827637,2851
8.232731819152832,2850
8.236507892608643,2849
8.243138790130615,2848
8.247058868408203,2847
8.250732660293579,2846
8.257121801376343,2845
8.261120796203613,2844
8.264813661575317,2843
8.268718719482422,2842
8.272515773773193,2841
8.276378870010376,2840
8.280053615570068,2839
8.283922910690308,2838
8.287572860717773,2837
8.291480779647827,2836
8.295069932937622,2835
8.298971891403198,2834
8.302599906921387,2833
8.306468725204468,2832
8.310111999511719,2831
8.316832780838013,2830
8.32278561592102,2829
8.32650876045227,2828
8.33008885383606,2827
8.338754653930664,2826
8.34233283996582,2825
8.346178770065308,2824
8.349788904190063,2823
8.353590726852417,2822
8.35713267326355,2821
8.36305570602417,2820
8.36691689491272,2819
8.373224973678589,2818
8.376860857009888,2817
8.380695819854736,2816
8.387086868286133,2815
8.390694856643677,2814
8.394585847854614,2813
8.401765823364258,2812
8.40546989440918,2811
8.411344766616821,2810
8.415223836898804,2809
8.418906927108765,2808
8.422802925109863,2807
8.426507711410522,2806
8.430155754089355,2805
8.4359769821167,2804
8.439324855804443,2803
8.442813873291016,2802
8.446164846420288,2801
8.449668884277344,2800
8.453027725219727,2799
8.45963978767395,2798
8.463127851486206,2797
8.47406792640686,2796
8.47741174697876,2795
8.480893850326538,2794
8.486207962036133,2793
8.489552736282349,2792
8.496083974838257,2791
8.502529621124268,2790
8.506004810333252,2789
8.509352922439575,2788
8.51285195350647,2787
8.524571895599365,2786
8.527926683425903,2785
8.534579992294312,2784
8.538075923919678,2783
8.547595739364624,2782
8.551086664199829,2781
8.55738377571106,2780
8.56336784362793,2779
8.566748857498169,2778
8.570247888565063,2777
8.573598861694336,2776
8.577088594436646,2775
8.582375764846802,2774
8.585723876953125,2773
8.58920669555664,2772
8.592537879943848,2771
8.596031904220581,2770
8.599370002746582,2769
8.602844953536987,2768
8.606202840805054,2767
8.620340824127197,2766
8.626989841461182,2765
8.63034176826477,2764
8.633842945098877,2763
8.637231826782227,2762
8.643131732940674,2761
8.6490957736969,2760
8.65812087059021,2759
8.661470890045166,2758
8.664950609207153,2757
8.66828179359436,2756
8.671767711639404,2755
8.677329778671265,2754
8.6887788772583,2753
8.692117691040039,2752
8.69559383392334,2751
8.698936700820923,2750
8.70243787765503,2749
8.705776929855347,2748
8.709260702133179,2747
8.714610815048218,2746
8.717972993850708,2745
8.721457958221436,2744
8.724793672561646,2743
8.731409788131714,2742
8.736668825149536,2741
8.740151643753052,2740
8.753740787506104,2739
8.75723385810852,2738
8.760592937469482,2737
8.76610279083252,2736
8.769579648971558,2735
8.77290391921997,2734
8.778576850891113,2733
8.782053709030151,2732
8.787441968917847,2731
8.79078197479248,2730
8.794248819351196,2729
8.797541856765747,2728
8.800997734069824,2727
8.804352760314941,2726
8.807845830917358,2725
8.811200618743896,2724
8.81773066520691,2723
8.821479797363281,2722
8.82497787475586,2721
8.828667879104614,2720
8.832112789154053,2719
8.83568263053894,2718
8.839034795761108,2717
8.842554807662964,2716
8.84594178199768,2715
8.849459886550903,2714
8.852813720703125,2713
8.858343839645386,2712
8.861845016479492,2711
8.865180969238281,2710
8.868669986724854,2709
8.874410629272461,2708
8.88080883026123,2707
8.884138584136963,2706
8.887618780136108,2705
8.890934705734253,2704
8.894433736801147,2703
8.897780895233154,2702
8.904197931289673,2701
8.907696723937988,2700
8.911029577255249,2699
8.91753077507019,2698
8.92100977897644,2697
8.93983268737793,2696
8.946540832519531,2695
8.957605838775635,2694
8.96108865737915,2693
8.964407682418823,2692
8.96972393989563,2691
8.97496485710144,2690
8.978447914123535,2689
8.981756925582886,2688
8.985201835632324,2687
8.988495826721191,2686
8.994719982147217,2685
9.001391887664795,2684
9.004879713058472,2683
9.008201837539673,2682
9.019319772720337,2681
9.027379989624023,2680
9.030698776245117,2679
9.039897680282593,2678
9.048869848251343,2677
9.052337884902954,2676
9.055662870407104,2675
9.059156894683838,2674
9.062490701675415,2673
9.065976858139038,2672
9.072693586349487,2671
9.081530809402466,2670
9.08752179145813,2669
9.091034889221191,2668
9.100444793701172,2667
9.106502771377563,2666
9.112451791763306,2665
9.11595869064331,2664
9.119303941726685,2663
9.122801780700684,2662
9.131191730499268,2661
9.134699821472168,2660
9.157526731491089,2659
9.171417713165283,2658
9.177910804748535,2657
9.18448281288147,2656
9.196054697036743,2655
9.207474946975708,2654
9.21096682548523,2653
9.214326620101929,2652
9.217805862426758,2651
9.221131801605225,2650
9.224613904953003,2649
9.22793173789978,2648
9.233498811721802,2647
9.23696780204773,2646
9.240275859832764,2645
9.24376392364502,2644
9.251298666000366,2643
9.256983757019043,2642
9.260488986968994,2641
9.266817808151245,2640
9.277254819869995,2639
9.280582904815674,2638
9.286776781082153,2637
9.29024887084961,2636
9.300043821334839,2635
9.303525924682617,2634
9.312867879867554,2633
9.31635570526123,2632
9.319687843322754,2631
9.323160648345947,2630
9.326465606689453,2629
9.33188772201538,2628
9.340776920318604,2627
9.344085693359375,2626
9.375581979751587,2625
9.381044864654541,2624
9.384535789489746,2623
9.389969825744629,2622
9.393289804458618,2621
9.396770715713501,2620
9.400099754333496,2619
9.40358567237854,2618
9.409268856048584,2617
9.415587663650513,2616
9.421101808547974,2615
9.43810772895813,2614
9.447006940841675,2613
9.45714783668518,2612
9.491994857788086,2611
9.495323896408081,2610
9.502961874008179,2609
9.514725923538208,2608
9.522307872772217,2607
9.546510696411133,2606
9.552479982376099,2605
9.569256782531738,2604
9.581756830215454,2603
9.58508586883545,2602
9.596140623092651,2601
9.610498666763306,2600
9.620967864990234,2599
9.630814790725708,2598
9.634393692016602,2597
9.648213624954224,2596
9.658118724822998,2595
9.661438941955566,2594
9.664928674697876,2593
9.691490650177002,2592
9.728165864944458,2591
9.762085914611816,2590
9.768308877944946,2589
9.77179479598999,2588
9.781224966049194,2587
9.784539937973022,2586
9.788020849227905,2585
9.791335821151733,2584
9.803971767425537,2583
9.81041693687439,2582
9.824773788452148,2581
9.828109741210938,2580
9.834022760391235,2579
9.837494611740112,2578
9.840804815292358,2577
9.850005626678467,2576
9.863996744155884,2575
9.871188879013062,2574
9.883445739746094,2573
9.890138864517212,2572
9.893631935119629,2571
9.908531904220581,2570
9.921053886413574,2569
9.926331758499146,2568
9.934419870376587,2567
9.93790578842163,2566
9.944163799285889,2565
9.947486877441406,2564
9.963143825531006,2563
9.966633796691895,2562
9.969975709915161,2561
9.97912073135376,2560
9.985355615615845,2559
9.99776577949524,2558
10.004089832305908,2557
10.00773572921753,2556
10.01396894454956,2555
10.02162480354309,2554
10.031702756881714,2553
10.039841651916504,2552
10.046496629714966,2551
10.049975633621216,2550
10.058158874511719,2549
10.061633825302124,2548
10.06496787071228,2547
10.071021795272827,2546
10.089674949645996,2545
10.108972787857056,2544
10.122564792633057,2543
10.12866997718811,2542
10.134820699691772,2541
10.13814091682434,2540
10.143463850021362,2539
10.151227951049805,2538
10.154536962509155,2537
10.16353178024292,2536
10.166861772537231,2535
10.170350790023804,2534
10.178356885910034,2533
10.183753967285156,2532
10.189847707748413,2531
10.205395936965942,2530
10.211602926254272,2529
10.217272758483887,2528
10.220777988433838,2527
10.226953983306885,2526
10.230276823043823,2525
10.233755826950073,2524
10.258717775344849,2523
10.278327703475952,2522
10.28685975074768,2521
10.290340900421143,2520
10.29801869392395,2519
10.301522970199585,2518
10.309724807739258,2517
10.31645679473877,2516
10.330427885055542,2515
10.350392818450928,2514
10.373229742050171,2513
10.37909984588623,2512
10.386740922927856,2511
10.397996664047241,2510
10.427740812301636,2509
10.445158958435059,2508
10.473073959350586,2507
10.476560831069946,2506
10.488558769226074,2505
10.49760365486145,2504
10.518027782440186,2503
10.54331088066101,2502
10.568467855453491,2501
10.571783781051636,2500
10.57766580581665,2499
10.59826374053955,2498
10.617796897888184,2497
10.621116876602173,2496
10.624602794647217,2495
10.627940893173218,2494
10.641824007034302,2493
10.645162582397461,2492
10.65516972541809,2491
10.66323184967041,2490
10.676017761230469,2489
10.687383651733398,2488
10.696536779403687,2487
10.700000047683716,2486
10.719758749008179,2485
10.740003824234009,2484
10.74777865409851,2483
10.75583791732788,2482
10.764285802841187,2481
10.778568983078003,2480
10.782065868377686,2479
10.78538179397583,2478
10.788856744766235,2477
10.792166948318481,2476
10.800238847732544,2475
10.803550958633423,2474
10.807017803192139,2473
10.825039863586426,2472
10.841733932495117,2471
10.845207691192627,2470
10.848546743392944,2469
10.852028846740723,2468
10.85800576210022,2467
10.861325740814209,2466
10.871213674545288,2465
10.876981735229492,2464
10.880497932434082,2463
10.889510869979858,2462
10.894834756851196,2461
10.90154767036438,2460
10.909879684448242,2459
10.913184642791748,2458
10.921048879623413,2457
10.927234649658203,2456
10.930550813674927,2455
10.941859722137451,2454
10.945333003997803,2453
10.948640584945679,2452
10.95212984085083,2451
10.958686828613281,2450
10.962002992630005,2449
10.990739822387695,2448
11.00466275215149,2447
11.032740831375122,2446
11.043688774108887,2445
11.047154903411865,2444
11.08635687828064,2443
11.098100900650024,2442
11.139083623886108,2441
11.152493715286255,2440
11.15580701828003,2439
11.178256750106812,2438
11.187179803848267,2437
11.19697380065918,2436
11.200294733047485,2435
11.203780889511108,2434
11.20707893371582,2433
11.212993621826172,2432
11.218751907348633,2431
11.222229719161987,2430
11.225541830062866,2429
11.229015827178955,2428
11.241244792938232,2427
11.252586603164673,2426
11.273265838623047,2425
11.276755809783936,2424
11.280067682266235,2423
11.288793802261353,2422
11.292078733444214,2421
11.298519849777222,2420
11.306537866592407,2419
11.317501783370972,2418
11.323126792907715,2417
11.329681873321533,2416
11.333022832870483,2415
11.359267711639404,2414
11.368494749069214,2413
11.372008800506592,2412
11.379359006881714,2411
11.38282585144043,2410
11.38613772392273,2409
11.435242652893066,2408
11.438714742660522,2407
11.442036867141724,2406
11.460816860198975,2405
11.464148998260498,2404
11.469436883926392,2403
11.506111860275269,2402
11.537096977233887,2401
11.540445804595947,2400
11.57875370979309,2399
11.587023735046387,2398
11.590340852737427,2397
11.607071876525879,2396
11.612868785858154,2395
11.629795789718628,2394
11.655250787734985,2393
11.66685175895691,2392
11.680064678192139,2391
11.690828800201416,2390
11.704196691513062,2389
11.726687908172607,2388
11.746407747268677,2387
11.749883890151978,2386
11.755951881408691,2385
11.759281873703003,2384
11.764672040939331,2383
11.776827812194824,2382
11.793524980545044,2381
11.814948797225952,2380
11.824686765670776,2379
11.828153848648071,2378
11.834818840026855,2377
11.838137865066528,2376
11.859590768814087,2375
11.868281841278076,2374
11.871765613555908,2373
11.875086784362793,2372
11.880368709564209,2371
11.90144681930542,2370
11.915174961090088,2369
11.921391725540161,2368
11.94753098487854,2367
11.951037883758545,2366
11.958305835723877,2365
11.970325708389282,2364
11.975992679595947,2363
12.001779794692993,2362
12.020371913909912,2361
12.029834032058716,2360
12.033469915390015,2359
12.05807900428772,2358
12.082011938095093,2357
12.088575839996338,2356
12.094936847686768,2355
12.116498947143555,2354
12.122315645217896,2353
12.129288911819458,2352
12.135944843292236,2351
12.141988754272461,2350
12.166753768920898,2349
12.178894758224487,2348
12.182482957839966,2347
12.191770792007446,2346
12.23122262954712,2345
12.238940954208374,2344
12.261372804641724,2343
12.265012979507446,2342
12.28142786026001,2341
12.308815717697144,2340
12.321210861206055,2339
12.35829782485962,2338
12.363712787628174,2337
12.391336917877197,2336
12.44757080078125,2335
12.486401796340942,2334
12.497712850570679,2333
12.526566743850708,2332
12.543828010559082,2331
12.596783876419067,2330
12.653069734573364,2329
12.72373366355896,2328
12.747270822525024,2327
12.75702977180481,2326
12.764870882034302,2325
12.778239965438843,2324
12.781556844711304,2323
12.797966718673706,2322
12.818679809570312,2321
12.865973711013794,2320
12.869288921356201,2319
12.907177925109863,2318
12.918339729309082,2317
12.953308820724487,2316
13.05127763748169,2315
13.070099830627441,2314
13.088854789733887,2313
13.096868753433228,2312
13.116690874099731,2311
13.132354736328125,2310
13.172960758209229,2309
13.22908067703247,2308
13.248686790466309,2307
13.367473840713501,2306
13.381855964660645,2305
13.54726767539978,2304
13.557601690292358,2303
13.577354907989502,2302
13.617053985595703,2301
13.665578603744507,2300
13.694954633712769,2299
13.719707727432251,2298
13.849158763885498,2297
13.911549806594849,2296
13.945602655410767,2295
14.075987815856934,2294
14.101722717285156,2293
14.108556747436523,2292
14.119186878204346,2291
14.124660015106201,2290
14.30854868888855,2289
14.381074905395508,2288
14.480301856994629,2287
14.511518955230713,2286
