9.5367431640625e-07,65940
20.831559896469116,2983
20.847249031066895,2982
20.847739934921265,2981
20.847827911376953,2980
20.84788203239441,2979
20.84833598136902,2978
20.848428964614868,2977
20.848833084106445,2976
20.849902153015137,2975
20.84999394416809,2974
20.850205898284912,2973
20.851843118667603,2972
20.852057933807373,2971
20.85214900970459,2970
20.854140996932983,2969
20.854387998580933,2968
20.854830026626587,2967
20.85488486289978,2966
20.855332851409912,2965
20.855429887771606,2964
20.855987071990967,2963
20.856664180755615,2962
20.87399983406067,2961
20.87474799156189,2960
20.88174295425415,2959
20.882222175598145,2958
20.882938861846924,2957
20.884007930755615,2956
20.884777069091797,2955
20.884914875030518,2954
20.884965896606445,2953
20.885092973709106,2952
20.89123511314392,2951
20.897133111953735,2950
20.898123025894165,2949
20.898251056671143,2948
20.89881920814514,2947
20.899333000183105,2946
20.89946985244751,2945
20.899521112442017,2944
20.90106201171875,2943
20.903669118881226,2942
20.904063940048218,2941
20.904653072357178,2940
20.9047429561615,2939
20.90499997138977,2938
20.90613102912903,2937
20.906743049621582,2936
20.90687108039856,2935
20.90727996826172,2934
20.907335996627808,2933
20.9084050655365,2932
20.908496856689453,2931
20.90866208076477,2930
20.908950090408325,2929
20.909149885177612,2928
20.90970802307129,2927
20.90995502471924,2926
20.910006046295166,2925
20.911362171173096,2924
20.911416053771973,2923
20.915677070617676,2922
20.915995836257935,2921
20.919930934906006,2920
20.920580863952637,2919
20.924638032913208,2918
20.924729824066162,2917
20.924906969070435,2916
20.92624807357788,2915
20.926537036895752,2914
20.92670488357544,2913
20.92764401435852,2912
20.929373025894165,2911
20.94843077659607,2910
20.948780059814453,2909
20.948945999145508,2908
20.94991683959961,2907
20.95259189605713,2906
20.953157901763916,2905
20.953216075897217,2904
20.953410148620605,2903
20.953538179397583,2902
20.954082012176514,2901
20.954554796218872,2900
20.95476007461548,2899
20.955098867416382,2898
20.955848932266235,2897
20.956010103225708,2896
20.956602811813354,2895
20.956784963607788,2894
20.958378076553345,2893
20.958434104919434,2892
20.96052312850952,2891
20.960815906524658,2890
20.96123504638672,2889
20.961679935455322,2888
20.962471961975098,2887
20.9631130695343,2886
20.96353316307068,2885
20.963916063308716,2884
20.964483976364136,2883
20.964545965194702,2882
20.967832803726196,2881
20.967930793762207,2880
20.968300104141235,2879
20.96861696243286,2878
20.970683813095093,2877
20.97202491760254,2876
20.972157955169678,2875
20.9733669757843,2874
20.974733114242554,2873
20.97497296333313,2872
20.97558617591858,2871
20.975638151168823,2870
20.9758038520813,2869
20.977417945861816,2868
20.97766089439392,2867
20.97797393798828,2866
20.97810411453247,2865
20.978158950805664,2864
20.978403091430664,2863
20.978732109069824,2862
20.999416828155518,2861
20.999627113342285,2860
21.000118017196655,2859
21.000207901000977,2858
21.002065896987915,2857
21.002228021621704,2856
21.0036940574646,2855
21.00374698638916,2854
21.004092931747437,2853
21.00425386428833,2852
21.00554609298706,2851
21.00918197631836,2850
21.019232034683228,2849
21.019469738006592,2848
21.019634008407593,2847
21.020128965377808,2846
21.020326852798462,2845
21.020524978637695,2844
21.02068781852722,2843
21.02171301841736,2842
21.02190899848938,2841
21.021998167037964,2840
21.022048950195312,2839
21.02209782600403,2838
21.02432107925415,2837
21.0247859954834,2836
21.024953842163086,2835
21.030151844024658,2834
21.031951904296875,2833
21.032045125961304,2832
21.03501296043396,2831
21.045254945755005,2830
21.045784950256348,2829
21.04612398147583,2828
21.046355962753296,2827
21.046486139297485,2826
21.04653811454773,2825
21.0470290184021,2824
21.047080993652344,2823
21.047319173812866,2822
21.04748010635376,2821
21.047529935836792,2820
21.04819893836975,2819
21.049094915390015,2818
21.05025005340576,2817
21.05194091796875,2816
21.052067041397095,2815
21.052266120910645,2814
21.05231785774231,2813
21.05421495437622,2812
21.054861068725586,2811
21.055614948272705,2810
21.055704832077026,2809
21.05597686767578,2808
21.05638599395752,2807
21.057512998580933,2806
21.062023878097534,2805
21.06278896331787,2804
21.06408715248108,2803
21.065080165863037,2802
21.065351009368896,2801
21.06599187850952,2800
21.06604290008545,2799
21.0679349899292,2798
21.071309089660645,2797
21.07182788848877,2796
21.073988914489746,2795
21.074366092681885,2794
21.07481598854065,2793
21.074941873550415,2792
21.075139045715332,2791
21.07540512084961,2790
21.075457096099854,2789
21.0767719745636,2788
21.077547073364258,2787
21.07763695716858,2786
21.077760934829712,2785
21.077956914901733,2784
21.078763008117676,2783
21.078994035720825,2782
21.079081058502197,2781
21.081953048706055,2780
21.08200716972351,2779
21.08213496208191,2778
21.083754062652588,2777
21.089478015899658,2776
21.09015202522278,2775
21.09118103981018,2774
21.091486930847168,2773
21.092952013015747,2772
21.09350895881653,2771
21.09390377998352,2770
21.0958149433136,2769
21.09608817100525,2768
21.0992751121521,2767
21.106871128082275,2766
21.108454942703247,2765
21.111649990081787,2764
21.111814975738525,2763
21.1160671710968,2762
21.116123914718628,2761
21.116365909576416,2760
21.116529941558838,2759
21.117592096328735,2758
21.117717027664185,2757
21.11953091621399,2756
21.11962389945984,2755
21.119674921035767,2754
21.119875192642212,2753
21.120696783065796,2752
21.120750188827515,2751
21.125293016433716,2750
21.12621808052063,2749
21.12822413444519,2748
21.131412029266357,2747
21.13150382041931,2746
21.133821964263916,2745
21.135377883911133,2744
21.13564896583557,2743
21.135810136795044,2742
21.136005878448486,2741
21.136279106140137,2740
21.13892889022827,2739
21.141563892364502,2738
21.141869068145752,2737
21.141921997070312,2736
21.142881155014038,2735
21.143798112869263,2734
21.144333839416504,2733
21.147323846817017,2732
21.147613048553467,2731
21.14827609062195,2730
21.14836573600769,2729
21.149635791778564,2728
21.149760007858276,2727
21.150166988372803,2726
21.150468826293945,2725
21.15256404876709,2724
21.154040098190308,2723
21.15563702583313,2722
21.156233072280884,2721
21.15696907043457,2720
21.157521963119507,2719
21.15818190574646,2718
21.158448934555054,2717
21.161369800567627,2716
21.16263198852539,2715
21.162723779678345,2714
21.16324210166931,2713
21.16333293914795,2712
21.16345977783203,2711
21.16372799873352,2710
21.163960933685303,2709
21.16459083557129,2708
21.165872812271118,2707
21.169445991516113,2706
21.170607805252075,2705
21.170947790145874,2704
21.17166805267334,2703
21.173219203948975,2702
21.173422813415527,2701
21.18733811378479,2700
21.1874361038208,2699
21.18748903274536,2698
21.187652826309204,2697
21.18806791305542,2696
21.188877820968628,2695
21.188931941986084,2694
21.188984155654907,2693
21.190377950668335,2692
21.190683841705322,2691
21.190957069396973,2690
21.191515922546387,2689
21.191570043563843,2688
21.191813945770264,2687
21.194352865219116,2686
21.195119857788086,2685
21.19549584388733,2684
21.195587158203125,2683
21.195961952209473,2682
21.196088075637817,2681
21.198184967041016,2680
21.198309898376465,2679
21.199149131774902,2678
21.199203968048096,2677
21.199254989624023,2676
21.200141191482544,2675
21.201092958450317,2674
21.201223850250244,2673
21.201496839523315,2672
21.201658964157104,2671
21.20410919189453,2670
21.204418182373047,2669
21.20511794090271,2668
21.205173015594482,2667
21.207926988601685,2666
21.20813012123108,2665
21.208574056625366,2664
21.208845853805542,2663
21.211224794387817,2662
21.211316108703613,2661
21.212050914764404,2660
21.212462902069092,2659
21.215594053268433,2658
21.216010093688965,2657
21.216383934020996,2656
21.21643900871277,2655
21.224568128585815,2654
21.224771976470947,2653
21.225221872329712,2652
21.225492000579834,2651
21.226872205734253,2650
21.22729992866516,2649
21.227388858795166,2648
21.22744083404541,2647
21.23237681388855,2646
21.232504844665527,2645
21.254656076431274,2644
21.260833978652954,2643
21.261463165283203,2642
21.26212191581726,2641
21.263581037521362,2640
21.265233993530273,2639
21.265504121780396,2638
21.26577401161194,2637
21.26586389541626,2636
21.266168117523193,2635
21.266473054885864,2634
21.26677680015564,2633
21.267117023468018,2632
21.268632173538208,2631
21.26914691925049,2630
21.271337032318115,2629
21.27684998512268,2628
21.27726173400879,2627
21.27753496170044,2626
21.287414073944092,2625
21.287512063980103,2624
21.287566900253296,2623
21.288156986236572,2622
21.288460969924927,2621
21.288594007492065,2620
21.290590047836304,2619
21.29135489463806,2618
21.29287099838257,2617
21.293778896331787,2616
21.2955379486084,2615
21.29598116874695,2614
21.29621410369873,2613
21.296340942382812,2612
21.29650092124939,2611
21.296589851379395,2610
21.29703187942505,2609
21.298294067382812,2608
21.298668146133423,2607
21.299038887023926,2606
21.300405979156494,2605
21.300640106201172,2604
21.30182194709778,2603
21.302443981170654,2602
21.30394697189331,2601
21.304002046585083,2600
21.305021047592163,2599
21.30703115463257,2598
21.30858302116394,2597
21.308676958084106,2596
21.309371948242188,2595
21.31020188331604,2594
21.31032705307007,2593
21.316904067993164,2592
21.318766832351685,2591
21.320388793945312,2590
21.32087802886963,2589
21.322504997253418,2588
21.322917938232422,2587
21.32525110244751,2586
21.325304746627808,2585
21.325394868850708,2584
21.32629895210266,2583
21.326529026031494,2582
21.328524112701416,2581
21.346061944961548,2580
21.34619402885437,2579
21.346674919128418,2578
21.347121000289917,2577
21.34728503227234,2576
21.347338914871216,2575
21.347465991973877,2574
21.350451946258545,2573
21.350933074951172,2572
21.35176706314087,2571
21.352419137954712,2570
21.352826833724976,2569
21.353978872299194,2568
21.36057186126709,2567
21.361587047576904,2566
21.39243197441101,2565
21.39266800880432,2564
21.397114992141724,2563
21.4010009765625,2562
21.40113592147827,2561
21.40165090560913,2560
21.403466939926147,2559
21.409724950790405,2558
21.40992498397827,2557
21.41577982902527,2556
21.41700506210327,2555
21.417132139205933,2554
21.418205976486206,2553
21.424978017807007,2552
21.428621768951416,2551
21.433509826660156,2550
21.4340980052948,2549
21.438409090042114,2548
21.442826986312866,2547
21.444514989852905,2546
21.44482111930847,2545
21.445509910583496,2544
21.44626474380493,2543
21.446845054626465,2542
21.447566986083984,2541
21.448008060455322,2540
21.449050903320312,2539
21.44910502433777,2538
21.449304819107056,2537
21.454679012298584,2536
21.457892894744873,2535
21.4583580493927,2534
21.45979595184326,2533
21.460108995437622,2532
21.461332082748413,2531
21.46193790435791,2530
21.46235704421997,2529
21.477070808410645,2528
21.477240800857544,2527
21.477479934692383,2526
21.480801105499268,2525
21.483906030654907,2524
21.48400115966797,2523
21.48472499847412,2522
21.485169887542725,2521
21.485437870025635,2520
21.487807035446167,2519
21.489591121673584,2518
21.489646911621094,2517
21.49027109146118,2516
21.491034984588623,2515
21.491202116012573,2514
21.492347955703735,2513
21.502264738082886,2512
21.502360105514526,2511
21.502777814865112,2510
21.503397941589355,2509
21.504687786102295,2508
21.50622296333313,2507
21.508970022201538,2506
21.512181043624878,2505
21.524497985839844,2504
21.526133060455322,2503
21.52640199661255,2502
21.53110098838806,2501
21.53182601928711,2500
21.538076877593994,2499
21.541008949279785,2498
21.541457891464233,2497
21.5429949760437,2496
21.54312300682068,2495
21.546403169631958,2494
21.546741008758545,2493
21.550013065338135,2492
21.55411410331726,2491
21.55595898628235,2490
21.5591459274292,2489
21.56008815765381,2488
21.560600757598877,2487
21.56160593032837,2486
21.567264080047607,2485
21.570317029953003,2484
21.572551012039185,2483
21.578526973724365,2482
21.57873296737671,2481
21.580522060394287,2480
21.582380056381226,2479
21.583534002304077,2478
21.588860034942627,2477
21.59151601791382,2476
21.591968059539795,2475
21.592905044555664,2474
21.594088077545166,2473
21.596977949142456,2472
21.598248958587646,2471
21.60169291496277,2470
21.608399868011475,2469
21.6088809967041,2468
21.610172986984253,2467
21.61351776123047,2466
21.61403489112854,2465
21.614340782165527,2464
21.61527705192566,2463
21.616739749908447,2462
21.62179207801819,2461
21.626358032226562,2460
21.635015964508057,2459
21.63880705833435,2458
21.639854192733765,2457
21.640264987945557,2456
21.641273975372314,2455
21.64179301261902,2454
21.642866849899292,2453
21.642961978912354,2452
21.64487600326538,2451
21.645462036132812,2450
21.646190881729126,2449
21.653604984283447,2448
21.653915882110596,2447
21.654717922210693,2446
21.655195951461792,2445
21.65528893470764,2444
21.65580177307129,2443
21.665212869644165,2442
21.66562581062317,2441
21.66761803627014,2440
21.669774770736694,2439
21.670010805130005,2438
21.670418977737427,2437
21.671214818954468,2436
21.673341989517212,2435
21.67882800102234,2434
21.67980694770813,2433
21.680850982666016,2432
21.687012910842896,2431
21.689440965652466,2430
21.695822954177856,2429
21.696164846420288,2428
21.699939012527466,2427
21.702905893325806,2426
21.705028772354126,2425
21.705833911895752,2424
21.706662893295288,2423
21.71895980834961,2422
21.72197198867798,2421
21.722770929336548,2420
21.729390859603882,2419
21.73485803604126,2418
21.745807886123657,2417
21.7502920627594,2416
21.753684997558594,2415
21.758129835128784,2414
21.758677005767822,2413
21.76258111000061,2412
21.76868200302124,2411
21.770073890686035,2410
21.772470951080322,2409
21.781569957733154,2408
21.78208899497986,2407
21.787564992904663,2406
21.806657075881958,2405
21.807599782943726,2404
21.817097902297974,2403
21.82134199142456,2402
21.82165002822876,2401
21.850189924240112,2400
21.861654043197632,2399
21.862118005752563,2398
21.864350080490112,2397
21.874787092208862,2396
21.899418830871582,2395
21.89974308013916,2394
21.901829957962036,2393
21.902871131896973,2392
21.909404039382935,2391
21.91249108314514,2390
21.9470431804657,2389
21.97925615310669,2388
21.988905906677246,2387
21.99612808227539,2386
22.03746008872986,2385
22.061259031295776,2384
22.067049026489258,2383
22.07978081703186,2382
22.147135019302368,2381
22.163695812225342,2380
22.369920015335083,2379
22.518009901046753,2378
22.60624599456787,2377
