0.07721281051635742,1
0.08016681671142578,2
0.0830528736114502,3
0.08587789535522461,4
0.0886998176574707,5
0.09151697158813477,6
0.09435176849365234,7
0.09727001190185547,8
0.10013699531555176,9
0.10295987129211426,10
0.10577273368835449,11
0.10858869552612305,12
0.11140894889831543,13
0.11447501182556152,14
0.11731982231140137,15
0.12013983726501465,16
0.12296605110168457,17
0.12580490112304688,18
0.1286928653717041,19
0.13158512115478516,20
0.13441109657287598,21
0.13723492622375488,22
0.14006495475769043,23
0.14289212226867676,24
0.14580988883972168,25
0.14868688583374023,26
0.15150904655456543,27
0.15431571006774902,28
0.15713286399841309,29
0.15994882583618164,30
0.162855863571167,31
0.16571879386901855,32
0.16853785514831543,33
0.17135000228881836,34
0.17415976524353027,35
0.17705488204956055,36
0.18016886711120605,37
0.18333888053894043,38
0.18640589714050293,39
0.1894359588623047,40
0.19244980812072754,41
0.19549179077148438,42
0.1985788345336914,43
0.20161986351013184,44
0.20471596717834473,45
0.2077009677886963,46
0.21052908897399902,47
0.21349000930786133,48
0.21634888648986816,49
0.21915292739868164,50
0.22196292877197266,51
0.2247607707977295,52
0.2275557518005371,53
0.23046088218688965,54
0.23329591751098633,55
0.23609280586242676,56
0.23888587951660156,57
0.2416830062866211,58
0.24456191062927246,59
0.247467041015625,60
0.2502729892730713,61
0.2530648708343506,62
0.25586485862731934,63
0.2586679458618164,64
0.26149582862854004,65
0.2644617557525635,66
0.26727890968322754,67
0.270068883895874,68
0.2728567123413086,69
0.2756478786468506,70
0.2784860134124756,71
0.28145575523376465,72
0.2842719554901123,73
0.2870619297027588,74
0.2898597717285156,75
0.2926459312438965,76
0.2954978942871094,77
0.29845476150512695,78
0.3012568950653076,79
0.3040640354156494,80
0.30684804916381836,81
0.30963683128356934,82
0.3126027584075928,83
0.3155548572540283,84
0.31834983825683594,85
0.3211379051208496,86
0.32391786575317383,87
0.32669901847839355,88
0.3295407295227051,89
0.3323657512664795,90
0.3351597785949707,91
0.33794093132019043,92
0.34083104133605957,93
0.34368276596069336,94
0.3465077877044678,95
0.34929800033569336,96
0.35207295417785645,97
0.35484910011291504,98
0.3576228618621826,99
0.36040186882019043,100
0.36320996284484863,101
0.3659999370574951,102
0.36878085136413574,103
0.37156200408935547,104
0.37433505058288574,105
0.37711381912231445,106
0.379896879196167,107
0.3826718330383301,108
0.38544392585754395,109
0.3882179260253906,110
0.3909878730773926,111
0.39375901222229004,112
0.396528959274292,113
0.3992960453033447,114
0.40207600593566895,115
0.4048728942871094,116
0.4076659679412842,117
0.4104347229003906,118
0.41320300102233887,119
0.4159660339355469,120
0.4187328815460205,121
0.4214930534362793,122
0.4242548942565918,123
0.4270148277282715,124
0.42978882789611816,125
0.4326190948486328,126
0.4354228973388672,127
0.4381880760192871,128
0.4410388469696045,129
0.4440338611602783,130
0.44693684577941895,131
0.4498779773712158,132
0.45294904708862305,133
0.45607566833496094,134
0.4591507911682129,135
0.46215081214904785,136
0.46511292457580566,137
0.46805882453918457,138
0.47087597846984863,139
0.4736330509185791,140
0.4763820171356201,141
0.4791288375854492,142
0.48188185691833496,143
0.48463010787963867,144
0.4873826503753662,145
0.49013781547546387,146
0.4928908348083496,147
0.495635986328125,148
0.4983808994293213,149
0.5011270046234131,150
0.503870964050293,151
0.5066108703613281,152
0.5093538761138916,153
0.5120987892150879,154
0.5148417949676514,155
0.5175859928131104,156
0.5203299522399902,157
0.5230779647827148,158
0.5258228778839111,159
0.5287399291992188,160
0.5317299365997314,161
0.5345308780670166,162
0.5372800827026367,163
0.5400238037109375,164
0.5427877902984619,165
0.5456418991088867,166
0.5485420227050781,167
0.5512969493865967,168
0.5540449619293213,169
0.5567827224731445,170
0.5595200061798096,171
0.5622940063476562,172
0.5650570392608643,173
0.5677969455718994,174
0.5705296993255615,175
0.5732669830322266,176
0.5759999752044678,177
0.5787520408630371,178
0.5814919471740723,179
0.5842299461364746,180
0.5869660377502441,181
0.589702844619751,182
0.5924370288848877,183
0.5951719284057617,184
0.5979049205780029,185
0.6006360054016113,186
0.6033658981323242,187
0.606097936630249,188
0.6088247299194336,189
0.6115729808807373,190
0.6143198013305664,191
0.6170527935028076,192
0.6197807788848877,193
0.6225087642669678,194
0.6252379417419434,195
0.6279759407043457,196
0.6307079792022705,197
0.633436918258667,198
0.6361627578735352,199
0.6388809680938721,200
0.6416018009185791,201
0.6443209648132324,202
0.6470458507537842,203
0.649763822555542,204
0.6524817943572998,205
0.6552028656005859,206
0.6579189300537109,207
0.6606359481811523,208
0.6633527278900146,209
0.666064977645874,210
0.6687769889831543,211
0.6714918613433838,212
0.6742017269134521,213
0.6769139766693115,214
0.6796250343322754,215
0.6823859214782715,216
0.6851410865783691,217
0.6878538131713867,218
0.6905689239501953,219
0.6932837963104248,220
0.6959948539733887,221
0.6987018585205078,222
0.7014069557189941,223
0.704118013381958,224
0.7068278789520264,225
0.7095377445220947,226
0.7122418880462646,227
0.7149450778961182,228
0.7176468372344971,229
0.7203469276428223,230
0.7230527400970459,231
0.7257590293884277,232
0.728461742401123,233
0.73117995262146,234
0.733889102935791,235
0.7365918159484863,236
0.7393050193786621,237
0.7420139312744141,238
0.7447328567504883,239
0.7474377155303955,240
0.7501387596130371,241
0.7528448104858398,242
0.755544900894165,243
0.758249044418335,244
0.7611327171325684,245
0.7639579772949219,246
0.7667326927185059,247
0.7694437503814697,248
0.7721438407897949,249
0.7748379707336426,250
0.7775318622589111,251
0.7802257537841797,252
0.7829220294952393,253
0.7856137752532959,254
0.7883079051971436,255
0.7909986972808838,256
0.793698787689209,257
0.7963898181915283,258
0.7990779876708984,259
0.8017690181732178,260
0.8044538497924805,261
0.8071479797363281,262
0.8098428249359131,263
0.8125429153442383,264
0.8152329921722412,265
0.8179190158843994,266
0.8206028938293457,267
0.8232889175415039,268
0.8259708881378174,269
0.8286547660827637,270
0.8313388824462891,271
0.8340239524841309,272
0.836716890335083,273
0.8393998146057129,274
0.8420898914337158,275
0.8448059558868408,276
0.8474869728088379,277
0.8501687049865723,278
0.8528540134429932,279
0.8555309772491455,280
0.8582108020782471,281
0.8608977794647217,282
0.8635799884796143,283
0.866257905960083,284
0.8689370155334473,285
0.8716130256652832,286
0.87428879737854,287
0.876964807510376,288
0.879645824432373,289
0.8823208808898926,290
0.8849947452545166,291
0.887671709060669,292
0.8903470039367676,293
0.8930208683013916,294
0.8956928253173828,295
0.8983607292175293,296
0.9010319709777832,297
0.9037058353424072,298
0.9063758850097656,299
0.9090478420257568,300
0.9117240905761719,301
0.9143989086151123,302
0.917064905166626,303
0.9197309017181396,304
0.922400951385498,305
0.9251070022583008,306
0.9277997016906738,307
0.930466890335083,308
0.9331419467926025,309
0.9358079433441162,310
0.9384818077087402,311
0.9411520957946777,312
0.943821907043457,313
0.9464919567108154,314
0.9491589069366455,315
0.9518239498138428,316
0.9544878005981445,317
0.9571518898010254,318
0.9598128795623779,319
0.9624710083007812,320
0.9651279449462891,321
0.9677848815917969,322
0.9704430103302002,323
0.9731009006500244,324
0.9757678508758545,325
0.978428840637207,326
0.9810879230499268,327
0.9837477207183838,328
0.986412763595581,329
0.989067792892456,330
0.9917230606079102,331
0.994377851486206,332
0.9970309734344482,333
0.9996857643127441,334
1.0023376941680908,335
1.004992961883545,336
1.0076918601989746,337
1.0103559494018555,338
1.0130078792572021,339
1.0156569480895996,340
1.018305778503418,341
1.0209548473358154,342
1.0236029624938965,343
1.0262527465820312,344
1.0289008617401123,345
1.0316460132598877,346
1.034618854522705,347
1.0373988151550293,348
1.040057897567749,349
1.0427238941192627,350
1.0454719066619873,351
1.0482738018035889,352
1.0509388446807861,353
1.0536017417907715,354
1.0562548637390137,355
1.05889892578125,356
1.061547040939331,357
1.0642147064208984,358
1.0668559074401855,359
1.0695099830627441,360
1.0721700191497803,361
1.0748867988586426,362
1.0775408744812012,363
1.0802147388458252,364
1.0828568935394287,365
1.085500955581665,366
1.0881578922271729,367
1.0908429622650146,368
1.0934820175170898,369
1.096120834350586,370
1.0987567901611328,371
1.1013877391815186,372
1.1040198802947998,373
1.1066539287567139,374
1.1092867851257324,375
1.1119189262390137,376
1.1145501136779785,377
1.117185115814209,378
1.1198179721832275,379
1.1224467754364014,380
1.125087022781372,381
1.1277267932891846,382
1.1303696632385254,383
1.132997989654541,384
1.135627031326294,385
1.1382579803466797,386
1.1408867835998535,387
1.1435117721557617,388
1.146148920059204,389
1.148777961730957,390
1.151413917541504,391
1.1540448665618896,392
1.1566736698150635,393
1.1594209671020508,394
1.1621708869934082,395
1.1648640632629395,396
1.1675028800964355,397
1.1701300144195557,398
1.1729929447174072,399
1.1758747100830078,400
1.1786251068115234,401
1.1813549995422363,402
1.184283971786499,403
1.1872210502624512,404
1.1900360584259033,405
1.1926648616790771,406
1.1955928802490234,407
1.198415756225586,408
1.201097011566162,409
1.2037608623504639,410
1.2063908576965332,411
1.2090120315551758,412
1.211634874343872,413
1.2142579555511475,414
1.216871976852417,415
1.219486951828003,416
1.2221057415008545,417
1.2247178554534912,418
1.2273290157318115,419
1.2299447059631348,420
1.2325608730316162,421
1.2351698875427246,422
1.237778902053833,423
1.2403879165649414,424
1.242999792098999,425
1.245607852935791,426
1.2482130527496338,427
1.2508296966552734,428
1.2534480094909668,429
1.2561390399932861,430
1.2588059902191162,431
1.2614128589630127,432
1.2640159130096436,433
1.2666268348693848,434
1.2692317962646484,435
1.2718358039855957,436
1.2744388580322266,437
1.2770378589630127,438
1.279639720916748,439
1.282242774963379,440
1.284843921661377,441
1.287445068359375,442
1.2900407314300537,443
1.2926409244537354,444
1.2952420711517334,445
1.2978448867797852,446
1.3004589080810547,447
1.3030579090118408,448
1.3056609630584717,449
1.3082587718963623,450
1.3108570575714111,451
1.3134539127349854,452
1.3160510063171387,453
1.31864595413208,454
1.3212409019470215,455
1.323835849761963,456
1.3264257907867432,457
1.32902193069458,458
1.3316118717193604,459
1.3342070579528809,460
1.336798906326294,461
1.339411973953247,462
1.342067003250122,463
1.3447120189666748,464
1.3473637104034424,465
1.3499610424041748,466
1.3525478839874268,467
1.3551340103149414,468
1.3577218055725098,469
1.360304832458496,470
1.362889051437378,471
1.3654747009277344,472
1.3680577278137207,473
1.3706388473510742,474
1.3732218742370605,475
1.3758039474487305,476
1.3783879280090332,477
1.3809678554534912,478
1.3835458755493164,479
1.3861308097839355,480
1.3887088298797607,481
1.3912858963012695,482
1.3938677310943604,483
1.3964459896087646,484
1.399021863937378,485
1.401601791381836,486
1.4041898250579834,487
1.4067630767822266,488
1.4093420505523682,489
1.4119179248809814,490
1.4144949913024902,491
1.4170708656311035,492
1.4197020530700684,493
1.4223299026489258,494
1.4249088764190674,495
1.4274859428405762,496
1.4300527572631836,497
1.4326238632202148,498
1.435194969177246,499
1.4377658367156982,500
1.440335750579834,501
1.4429059028625488,502
1.445476770401001,503
1.448044776916504,504
1.450610876083374,505
1.4531810283660889,506
1.4557509422302246,507
1.4583139419555664,508
1.460880994796753,509
1.4634509086608887,510
1.466019868850708,511
1.4685850143432617,512
1.471160888671875,513
1.4737358093261719,514
1.4763038158416748,515
1.4788689613342285,516
1.4814348220825195,517
1.484001874923706,518
1.4865658283233643,519
1.4891269207000732,520
1.4916880130767822,521
1.4942526817321777,522
1.496840000152588,523
1.499506950378418,524
1.502072811126709,525
1.5046358108520508,526
1.5071947574615479,527
1.5097558498382568,528
1.5123138427734375,529
1.5148727893829346,530
1.5174317359924316,531
1.519986867904663,532
1.5225417613983154,533
1.525101900100708,534
1.5276570320129395,535
1.5303387641906738,536
1.5333938598632812,537
1.5361227989196777,538
1.5386888980865479,539
1.5412418842315674,540
1.543794870376587,541
1.5465610027313232,542
1.5492527484893799,543
1.5518248081207275,544
1.5543797016143799,545
1.556933879852295,546
1.5594868659973145,547
1.5620758533477783,548
1.5646429061889648,549
1.567194938659668,550
1.5697429180145264,551
1.5722918510437012,552
1.5748417377471924,553
1.5773909091949463,554
1.5799880027770996,555
1.5825517177581787,556
1.5850980281829834,557
1.5876448154449463,558
1.5901939868927002,559
1.592742919921875,560
1.5952949523925781,561
1.5978429317474365,562
1.6003868579864502,563
1.6029267311096191,564
1.6054847240447998,565
1.608062982559204,566
1.610611915588379,567
1.613156795501709,568
1.615696907043457,569
1.6182398796081543,570
1.6207849979400635,571
1.6233229637145996,572
1.6258571147918701,573
1.6283929347991943,574
1.630934715270996,575
1.6334848403930664,576
1.6360247135162354,577
1.6385610103607178,578
1.6410996913909912,579
1.6436350345611572,580
1.6461668014526367,581
1.64870285987854,582
1.651237964630127,583
1.653777837753296,584
1.6563057899475098,585
1.6588408946990967,586
1.6613719463348389,587
1.6639049053192139,588
1.6664378643035889,589
1.6689679622650146,590
1.6714980602264404,591
1.674025058746338,592
1.676548957824707,593
1.6790778636932373,594
1.6816058158874512,595
1.684196949005127,596
1.686736822128296,597
1.689262866973877,598
1.6917870044708252,599
1.6943130493164062,600
1.6968319416046143,601
1.6993508338928223,602
1.701874017715454,603
1.7043938636779785,604
1.7069158554077148,605
1.7094368934631348,606
1.7119548320770264,607
1.7144761085510254,608
1.716998815536499,609
1.7195158004760742,610
1.7220280170440674,611
1.7245428562164307,612
1.7270557880401611,613
1.729569673538208,614
1.7320828437805176,615
1.734595775604248,616
1.737104892730713,617
1.7396259307861328,618
1.7421379089355469,619
1.7446558475494385,620
1.7471697330474854,621
1.749695062637329,622
1.752206802368164,623
1.7547190189361572,624
1.7572338581085205,625
1.7597429752349854,626
1.7622528076171875,627
1.7647607326507568,628
1.7672679424285889,629
1.769779920578003,630
1.772289752960205,631
1.7747950553894043,632
1.7773020267486572,633
1.7798080444335938,634
1.7823128700256348,635
1.7848188877105713,636
1.787322759628296,637
1.7898249626159668,638
1.792330026626587,639
1.7948329448699951,640
1.7973339557647705,641
1.799834966659546,642
1.8023359775543213,643
1.8048348426818848,644
1.8073339462280273,645
1.8098349571228027,646
1.8123319149017334,647
1.8148369789123535,648
1.817335844039917,649
1.8198280334472656,650
1.822328805923462,651
1.8248248100280762,652
1.8273217678070068,653
1.829831838607788,654
1.832397699356079,655
1.8348979949951172,656
1.8373949527740479,657
1.839890956878662,658
1.84238600730896,659
1.8448777198791504,660
1.8473689556121826,661
1.8498609066009521,662
1.8523547649383545,663
1.8548469543457031,664
1.8573358058929443,665
1.8598308563232422,666
1.862320899963379,667
1.864818811416626,668
1.8673107624053955,669
1.8698019981384277,670
1.872290849685669,671
1.874776840209961,672
1.8772618770599365,673
1.8797550201416016,674
1.8822479248046875,675
1.884732961654663,676
1.8872199058532715,677
1.8897039890289307,678
1.8921809196472168,679
1.8946588039398193,680
1.897141933441162,681
1.8996219635009766,682
1.902108907699585,683
1.904587745666504,684
1.9070708751678467,685
1.909552812576294,686
1.9120299816131592,687
1.9145069122314453,688
1.916991949081421,689
1.9194698333740234,690
1.9219458103179932,691
1.924421787261963,692
1.9268968105316162,693
1.9293718338012695,694
1.93184494972229,695
1.9343187808990479,696
1.9367928504943848,697
1.939269781112671,698
1.9417459964752197,699
1.9442167282104492,700
1.946687936782837,701
1.949164867401123,702
1.951643943786621,703
1.954115867614746,704
1.95658278465271,705
1.959054946899414,706
1.9615309238433838,707
1.964000940322876,708
1.9664697647094727,709
1.9689390659332275,710
1.9714078903198242,711
1.9738750457763672,712
1.9763426780700684,713
1.9788107872009277,714
1.9812910556793213,715
1.9837558269500732,716
1.9862289428710938,717
1.9887008666992188,718
1.9911596775054932,719
1.9936237335205078,720
1.9960839748382568,721
1.9985437393188477,722
2.0010058879852295,723
2.0034639835357666,724
2.005922794342041,725
2.008384943008423,726
2.010840892791748,727
2.0132977962493896,728
2.0157556533813477,729
2.018213987350464,730
2.0206708908081055,731
2.023124933242798,732
2.025580883026123,733
2.0280346870422363,734
2.030512809753418,735
2.0332627296447754,736
2.0359549522399902,737
2.038423776626587,738
2.040884017944336,739
2.043339729309082,740
2.0459070205688477,741
2.0484507083892822,742
2.0509088039398193,743
2.0533640384674072,744
2.0558149814605713,745
2.058262825012207,746
2.0607588291168213,747
2.0632379055023193,748
2.065690755844116,749
2.0681447982788086,750
2.070596933364868,751
2.073045015335083,752
2.0754880905151367,753
2.077946901321411,754
2.080404043197632,755
2.082850694656372,756
2.0852959156036377,757
2.087740898132324,758
2.0901808738708496,759
2.0926218032836914,760
2.0950679779052734,761
2.097510814666748,762
2.0999560356140137,763
2.1024038791656494,764
2.104846715927124,765
2.1072919368743896,766
2.1097328662872314,767
2.11217999458313,768
2.1146230697631836,769
2.117065906524658,770
2.119503974914551,771
2.1219420433044434,772
2.1243789196014404,773
2.1268138885498047,774
2.1292548179626465,775
2.1317057609558105,776
2.134138822555542,777
2.136575937271118,778
2.1390068531036377,779
2.141439914703369,780
2.143873691558838,781
2.1463067531585693,782
2.148737668991089,783
2.151183843612671,784
2.153618812561035,785
2.1560518741607666,786
2.158486843109131,787
2.1609199047088623,788
2.1633517742156982,789
2.1657826900482178,790
2.1682140827178955,791
2.170642852783203,792
2.173064947128296,793
2.175494909286499,794
2.177924871444702,795
2.1803457736968994,796
2.182774066925049,797
2.185222864151001,798
2.1876869201660156,799
2.190113067626953,800
2.192539930343628,801
2.1949639320373535,802
2.1973838806152344,803
2.1998038291931152,804
2.2022268772125244,805
2.204648017883301,806
2.2070627212524414,807
2.2094829082489014,808
2.2119028568267822,809
2.2143208980560303,810
2.216737747192383,811
2.2191548347473145,812
2.2215828895568848,813
2.2239959239959717,814
2.2264137268066406,815
2.2288289070129395,816
2.231245756149292,817
2.233656883239746,818
2.236071825027466,819
2.2384867668151855,820
2.240902900695801,821
2.2433149814605713,822
2.2457239627838135,823
2.2481558322906494,824
2.250570058822632,825
2.2529759407043457,826
2.255387783050537,827
2.257797956466675,828
2.2602028846740723,829
2.2626168727874756,830
2.2650229930877686,831
2.267425060272217,832
2.2698299884796143,833
2.2722408771514893,834
2.274648904800415,835
2.2770538330078125,836
2.27946400642395,837
2.2818729877471924,838
2.2842748165130615,839
2.2866806983947754,840
2.2890918254852295,841
2.291498899459839,842
2.2939038276672363,843
2.296304941177368,844
2.2987027168273926,845
2.301131010055542,846
2.3035600185394287,847
2.305962085723877,848
2.3083620071411133,849
2.3107619285583496,850
2.313156843185425,851
2.3155579566955566,852
2.3179569244384766,853
2.320354700088501,854
2.3227548599243164,855
2.325150966644287,856
2.3275468349456787,857
2.329943895339966,858
2.3323428630828857,859
2.334739923477173,860
2.337132692337036,861
2.3395328521728516,862
2.3419299125671387,863
2.344320058822632,864
2.3467090129852295,865
2.3490970134735107,866
2.3514938354492188,867
2.3538849353790283,868
2.356271743774414,869
2.3586597442626953,870
2.3610498905181885,871
2.363435983657837,872
2.3658218383789062,873
2.368208885192871,874
2.370591878890991,875
2.372973918914795,876
2.3753600120544434,877
2.3777408599853516,878
2.380121946334839,879
2.382502794265747,880
2.3848838806152344,881
2.387267827987671,882
2.38964581489563,883
2.3920278549194336,884
2.394404888153076,885
2.3967819213867188,886
2.3991549015045166,887
2.4015369415283203,888
2.4039130210876465,889
2.406287908554077,890
2.4086647033691406,891
2.411041021347046,892
2.4134128093719482,893
2.415787935256958,894
2.4181578159332275,895
2.4205288887023926,896
2.4229037761688232,897
2.4252758026123047,898
2.4276468753814697,899
2.430018901824951,900
2.432394027709961,901
2.4347620010375977,902
2.4371299743652344,903
2.4395058155059814,904
2.4418768882751465,905
2.444248914718628,906
2.4466147422790527,907
2.448983907699585,908
2.4513590335845947,909
2.453723907470703,910
2.456089735031128,911
2.4584579467773438,912
2.4608278274536133,913
2.463193893432617,914
2.4655580520629883,915
2.4679207801818848,916
2.4702858924865723,917
2.472648859024048,918
2.4750118255615234,919
2.477375030517578,920
2.479740858078003,921
2.482102870941162,922
2.484467029571533,923
2.486825942993164,924
2.4891819953918457,925
2.491543769836426,926
2.4939069747924805,927
2.496262788772583,928
2.4986279010772705,929
2.50099778175354,930
2.5033648014068604,931
2.5057296752929688,932
2.5080978870391846,933
2.5104639530181885,934
2.512830972671509,935
2.5151939392089844,936
2.5175538063049316,937
2.5199177265167236,938
2.522284746170044,939
2.5246479511260986,940
2.5270068645477295,941
2.5293707847595215,942
2.5318846702575684,943
2.5345988273620605,944
2.53712797164917,945
2.5394959449768066,946
2.5418477058410645,947
2.5441999435424805,948
2.5466907024383545,949
2.549118995666504,950
2.5514798164367676,951
2.5538418292999268,952
2.556190013885498,953
2.5585317611694336,954
2.5608818531036377,955
2.5632529258728027,956
2.5655999183654785,957
2.567941904067993,958
2.570286750793457,959
2.572629928588867,960
2.5749666690826416,961
2.5773119926452637,962
2.5796728134155273,963
2.582016944885254,964
2.5843558311462402,965
2.58669376373291,966
2.5890309810638428,967
2.591387987136841,968
2.5937306880950928,969
2.5960750579833984,970
2.5984127521514893,971
2.6007497310638428,972
2.6030848026275635,973
2.6054201126098633,974
2.6077539920806885,975
2.6100869178771973,976
2.612424850463867,977
2.6147608757019043,978
2.6171047687530518,979
2.6194498538970947,980
2.6217849254608154,981
2.6241159439086914,982
2.6264467239379883,983
2.628777027130127,984
2.6311087608337402,985
2.633436918258667,986
2.635770797729492,987
2.6381049156188965,988
2.640432834625244,989
2.642760992050171,990
2.645087957382202,991
2.6474099159240723,992
2.649732828140259,993
2.6520578861236572,994
2.654376983642578,995
2.6566967964172363,996
2.659018039703369,997
2.6613399982452393,998
2.6636600494384766,999
2.6659767627716064,1000
2.6682939529418945,1001
2.670614719390869,1002
2.6729328632354736,1003
2.675248861312866,1004
2.677564859390259,1005
2.679879903793335,1006
2.682197093963623,1007
2.6845479011535645,1008
2.686896800994873,1009
2.689215898513794,1010
2.69153094291687,1011
2.6938438415527344,1012
2.696154832839966,1013
2.69846773147583,1014
2.7007827758789062,1015
2.7030930519104004,1016
2.7054059505462646,1017
2.7077198028564453,1018
2.7100307941436768,1019
2.7123448848724365,1020
2.7146530151367188,1021
2.7169618606567383,1022
2.7192740440368652,1023
2.7215847969055176,1024
2.723895788192749,1025
2.7261970043182373,1026
2.728492021560669,1027
2.7307868003845215,1028
2.733081817626953,1029
2.7353808879852295,1030
2.737679958343506,1031
2.7399728298187256,1032
2.7422688007354736,1033
2.744562864303589,1034
2.7468578815460205,1035
2.749156951904297,1036
2.751450777053833,1037
2.753751754760742,1038
2.7560489177703857,1039
2.758338689804077,1040
2.7606308460235596,1041
2.7629199028015137,1042
2.765206813812256,1043
2.7674970626831055,1044
2.769786834716797,1045
2.77207612991333,1046
2.7743639945983887,1047
2.776650905609131,1048
2.7789340019226074,1049
2.7812209129333496,1050
2.783505916595459,1051
2.7857909202575684,1052
2.7880730628967285,1053
2.790355920791626,1054
2.792639970779419,1055
2.7949209213256836,1056
2.7972018718719482,1057
2.799482822418213,1058
2.8017637729644775,1059
2.804048776626587,1060
2.8063318729400635,1061
2.8086097240448,1062
2.8108909130096436,1063
2.813166856765747,1064
2.8154449462890625,1065
2.8177239894866943,1066
2.8199989795684814,1067
2.822277784347534,1068
2.8245561122894287,1069
2.8268308639526367,1070
2.829103946685791,1071
2.831378936767578,1072
2.833652973175049,1073
2.835927724838257,1074
2.838202953338623,1075
2.84047269821167,1076
2.842745780944824,1077
2.8450167179107666,1078
2.8472907543182373,1079
2.849565029144287,1080
2.851834774017334,1081
2.8541038036346436,1082
2.8563718795776367,1083
2.858642816543579,1084
2.8609139919281006,1085
2.863182783126831,1086
2.8654510974884033,1087
2.867717981338501,1088
2.8699851036071777,1089
2.8722589015960693,1090
2.874526023864746,1091
2.8767948150634766,1092
2.879060983657837,1093
2.8813347816467285,1094
2.8835978507995605,1095
2.885861873626709,1096
2.888122797012329,1097
2.890388011932373,1098
2.8926520347595215,1099
2.894912004470825,1100
2.8971738815307617,1101
2.8994359970092773,1102
2.901695966720581,1103
2.903956890106201,1104
2.906219959259033,1105
2.908479928970337,1106
2.9107468128204346,1107
2.9130067825317383,1108
2.9152629375457764,1109
2.9175219535827637,1110
2.9197838306427,1111
2.9220449924468994,1112
2.924302816390991,1113
2.9265618324279785,1114
2.9288110733032227,1115
2.9310667514801025,1116
2.9334237575531006,1117
2.935877799987793,1118
2.938215970993042,1119
2.940473794937134,1120
2.9427318572998047,1121
2.9449808597564697,1122
2.947227954864502,1123
2.9494779109954834,1124
2.9517340660095215,1125
2.9539856910705566,1126
2.9562299251556396,1126
2.958479881286621,1127
2.960730791091919,1128
2.9629807472229004,1129
2.9652318954467773,1130
2.9674787521362305,1131
2.96972393989563,1132
2.9719698429107666,1133
2.9742238521575928,1134
2.9764719009399414,1135
2.978714942932129,1136
2.9809648990631104,1137
2.9832100868225098,1138
2.9854698181152344,1139
2.987720012664795,1140
2.9899630546569824,1141
2.9922099113464355,1142
2.9944519996643066,1143
2.996691942214966,1144
2.998931884765625,1145
3.0011720657348633,1146
3.003412961959839,1147
3.0056498050689697,1148
3.0078868865966797,1149
3.010124683380127,1150
3.012366771697998,1151
3.0146377086639404,1152
3.0168819427490234,1153
3.0191187858581543,1154
3.0213561058044434,1155
3.023592948913574,1156
3.0258278846740723,1157
3.028064012527466,1158
3.0302999019622803,1159
3.0327417850494385,1160
3.0351428985595703,1161
3.0374090671539307,1162
3.0396440029144287,1163
3.0418686866760254,1164
3.0441088676452637,1165
3.0465500354766846,1166
3.048919677734375,1167
3.0511727333068848,1168
3.053410768508911,1169
3.0557138919830322,1170
3.057961940765381,1171
3.060196876525879,1172
3.062485933303833,1173
3.0647339820861816,1174
3.0669589042663574,1175
3.069185733795166,1176
3.071413040161133,1177
3.073638916015625,1178
3.075866937637329,1179
3.078105926513672,1180
3.0803449153900146,1181
3.082573890686035,1182
3.084794759750366,1183
3.087019920349121,1184
3.0892438888549805,1185
3.0914688110351562,1186
3.0936899185180664,1187
3.095916748046875,1188
3.09814190864563,1189
3.100360870361328,1190
3.102581024169922,1191
3.104788064956665,1191
3.1070048809051514,1192
3.109219789505005,1193
3.111438751220703,1194
3.1136529445648193,1195
3.1158719062805176,1196
3.1180858612060547,1197
3.1203038692474365,1198
3.1225197315216064,1199
3.1247289180755615,1200
3.126944065093994,1201
3.1291558742523193,1202
3.131373882293701,1203
3.1335837841033936,1204
3.1358089447021484,1205
3.1380250453948975,1206
3.14023494720459,1207
3.142444133758545,1208
3.144690990447998,1209
3.146906852722168,1210
3.1491189002990723,1211
3.151329755783081,1212
3.1535370349884033,1213
3.155756711959839,1214
3.157970905303955,1215
3.1601788997650146,1216
3.162383794784546,1217
3.164592981338501,1218
3.1668078899383545,1219
3.169023036956787,1220
3.171231985092163,1221
3.1734418869018555,1222
3.175642967224121,1223
3.177842855453491,1224
3.1800429821014404,1225
3.1822478771209717,1226
3.1844868659973145,1227
3.1867189407348633,1228
3.188922882080078,1229
3.1911208629608154,1230
3.1933188438415527,1231
3.19551682472229,1232
3.197711944580078,1233
3.1999077796936035,1234
3.2021048069000244,1235
3.2043018341064453,1236
3.2064969539642334,1237
3.208688974380493,1238
3.2108817100524902,1239
3.2130770683288574,1240
3.2152678966522217,1241
3.2174580097198486,1242
3.2196497917175293,1243
3.2218408584594727,1244
3.224033832550049,1245
3.226224899291992,1246
3.2284138202667236,1247
3.230602979660034,1248
3.2327919006347656,1249
3.2349777221679688,1250
3.2371599674224854,1251
3.2393479347229004,1252
3.241529941558838,1253
3.2437169551849365,1254
3.2459027767181396,1255
3.248088836669922,1256
3.2502708435058594,1257
3.252450704574585,1258
3.2546350955963135,1259
3.2568178176879883,1260
3.259002923965454,1261
3.261183977127075,1262
3.2633628845214844,1263
3.265547752380371,1264
3.267727851867676,1265
3.2699038982391357,1266
3.2720839977264404,1267
3.274261951446533,1268
3.276437997817993,1269
3.278620958328247,1270
3.2807939052581787,1271
3.2829668521881104,1272
3.285141944885254,1273
3.2873129844665527,1274
3.289487838745117,1275
3.291658878326416,1276
3.2938339710235596,1277
3.296005964279175,1278
3.2981770038604736,1279
3.3003478050231934,1280
3.3025169372558594,1281
3.304694652557373,1282
3.306863784790039,1283
3.309035062789917,1284
3.311201810836792,1285
3.3133718967437744,1286
3.315541982650757,1287
3.317708730697632,1288
3.3198769092559814,1289
3.3220417499542236,1290
3.324206829071045,1291
3.3263728618621826,1292
3.3285348415374756,1293
3.3306970596313477,1294
3.3328568935394287,1295
3.3350179195404053,1296
3.3371798992156982,1297
3.3393337726593018,1297
3.341496706008911,1298
3.343660831451416,1299
3.3458218574523926,1300
3.3479816913604736,1301
3.3501408100128174,1302
3.352296829223633,1303
3.3544540405273438,1304
3.3566198348999023,1305
3.3587899208068848,1306
3.3609468936920166,1307
3.3631038665771484,1308
3.365262746810913,1309
3.367419958114624,1310
3.3695759773254395,1311
3.3717288970947266,1312
3.37388277053833,1313
3.376037836074829,1314
3.378196954727173,1315
3.3803579807281494,1316
3.3825159072875977,1317
3.3846688270568848,1318
3.3868229389190674,1319
3.3889758586883545,1320
3.3911287784576416,1321
3.393280029296875,1322
3.3954288959503174,1323
3.397578001022339,1324
3.399724006652832,1325
3.401873826980591,1326
3.404024839401245,1327
3.406169891357422,1328
3.4083168506622314,1329
3.410461902618408,1330
3.412604808807373,1331
3.4147510528564453,1332
3.4168970584869385,1333
3.4190399646759033,1334
3.4211788177490234,1335
3.4233238697052,1336
3.425462007522583,1337
3.4276018142700195,1338
3.429743766784668,1339
3.4318830966949463,1340
3.434023857116699,1341
3.436161756515503,1342
3.438302993774414,1343
3.4404428005218506,1344
3.442577838897705,1345
3.4447078704833984,1345
3.4468448162078857,1346
3.448976993560791,1347
3.4511029720306396,1347
3.4532408714294434,1348
3.455375909805298,1349
3.457512855529785,1350
3.459650754928589,1351
3.4617867469787598,1352
3.4639177322387695,1353
3.466064929962158,1354
3.4681990146636963,1355
3.470331907272339,1356
3.4724607467651367,1357
3.4745819568634033,1357
3.476712942123413,1358
3.478847026824951,1359
3.4809768199920654,1360
3.483109951019287,1361
3.4852397441864014,1362
3.4873709678649902,1363
3.4894979000091553,1364
3.491626024246216,1365
3.4937548637390137,1366
3.495882987976074,1367
3.498011827468872,1368
3.5001380443573,1369
3.50226092338562,1370
3.5043857097625732,1371
3.5065107345581055,1372
3.5086379051208496,1373
3.5107619762420654,1374
3.5128860473632812,1375
3.515009880065918,1376
3.5171337127685547,1377
3.519254684448242,1378
3.5213778018951416,1379
3.5234999656677246,1380
3.5256199836730957,1381
3.5277388095855713,1382
3.5298638343811035,1383
3.5321638584136963,1384
3.5344977378845215,1385
3.5366690158843994,1386
3.5387940406799316,1387
3.5409181118011475,1388
3.543041706085205,1389
3.545254945755005,1390
3.547482967376709,1391
3.549622058868408,1392
3.5517449378967285,1393
3.553867816925049,1394
3.5559890270233154,1395
3.5581188201904297,1396
3.560238838195801,1397
3.562422037124634,1398
3.5645599365234375,1399
3.566678762435913,1400
3.568800926208496,1401
3.5709187984466553,1402
3.5730340480804443,1403
3.5751497745513916,1404
3.5772628784179688,1405
3.5793938636779785,1406
3.581515073776245,1407
3.583627700805664,1408
3.5857417583465576,1409
3.5878539085388184,1410
3.5899720191955566,1411
3.5920839309692383,1412
3.5941948890686035,1413
3.596303939819336,1414
3.5984137058258057,1415
3.60052490234375,1416
3.602632999420166,1417
3.6047439575195312,1418
3.606847047805786,1419
3.608947992324829,1420
3.6110498905181885,1421
3.613152027130127,1422
3.6152498722076416,1423
3.6173489093780518,1424
3.6194467544555664,1425
3.6215460300445557,1426
3.6236417293548584,1427
3.6257379055023193,1428
3.627837896347046,1429
3.6299400329589844,1430
3.632040023803711,1431
3.634136915206909,1432
3.636232852935791,1433
3.6383278369903564,1434
3.6404287815093994,1435
3.642533779144287,1436
3.6446280479431152,1437
3.646721124649048,1438
3.648815870285034,1439
3.650913715362549,1440
3.653005838394165,1441
3.6550989151000977,1442
3.657188892364502,1443
3.6592798233032227,1444
3.661369800567627,1445
3.6634607315063477,1446
3.6655497550964355,1447
3.6676387786865234,1448
3.6697280406951904,1449
3.6718127727508545,1450
3.673900842666626,1451
3.675987958908081,1452
3.6780738830566406,1453
3.6801600456237793,1454
3.6822469234466553,1455
3.684329032897949,1456
3.6864519119262695,1457
3.688555955886841,1458
3.690640926361084,1459
3.6927268505096436,1460
3.6948130130767822,1461
3.6968939304351807,1462
3.6989729404449463,1463
3.7010550498962402,1464
3.703136920928955,1465
3.7052178382873535,1466
3.7072958946228027,1467
3.709373950958252,1468
3.7114548683166504,1469
3.7135329246520996,1470
3.7156097888946533,1471
3.717686653137207,1472
3.7197630405426025,1473
3.7218430042266846,1474
3.7239208221435547,1475
3.7259960174560547,1476
3.72806978225708,1477
3.7301430702209473,1478
3.732217788696289,1479
3.7342889308929443,1480
3.7363598346710205,1481
3.738431930541992,1482
3.7405028343200684,1483
3.7425758838653564,1484
3.744649887084961,1485
3.74672269821167,1486
3.7487916946411133,1487
3.7508649826049805,1488
3.752933979034424,1489
3.7550089359283447,1490
3.7570788860321045,1491
3.759155035018921,1492
3.7612240314483643,1493
3.7632899284362793,1494
3.7653560638427734,1495
3.767421007156372,1496
3.769486904144287,1497
3.7715508937835693,1498
3.7736167907714844,1499
3.7756729125976562,1500
3.7777328491210938,1501
3.779794931411743,1502
3.781852960586548,1503
3.7839138507843018,1504
3.785975694656372,1505
3.7880337238311768,1506
3.7900938987731934,1507
3.792151689529419,1508
3.7942097187042236,1509
3.796267032623291,1510
3.798326015472412,1511
3.800384044647217,1512
3.802443742752075,1513
3.8044967651367188,1514
3.806551694869995,1515
3.8086068630218506,1516
3.810666084289551,1517
3.8127198219299316,1518
3.8147730827331543,1519
3.816823720932007,1520
3.8188729286193848,1521
3.820929765701294,1522
3.822981834411621,1523
3.825032949447632,1524
3.8270838260650635,1525
3.829134941101074,1526
3.8311870098114014,1527
3.833237886428833,1528
3.83528995513916,1529
3.8373377323150635,1530
3.839390993118286,1531
3.8414418697357178,1532
3.8434908390045166,1533
3.845538854598999,1534
3.8475899696350098,1535
3.8496367931365967,1536
3.8516857624053955,1537
3.8537328243255615,1538
3.8557798862457275,1539
3.8578388690948486,1540
3.8598856925964355,1541
3.861923933029175,1542
3.8639628887176514,1543
3.866008758544922,1544
3.868060827255249,1545
3.8701047897338867,1546
3.8721506595611572,1547
3.8741986751556396,1548
3.8762450218200684,1549
3.8782899379730225,1550
3.8803348541259766,1551
3.882384777069092,1552
3.884437084197998,1553
3.8865060806274414,1554
3.8885457515716553,1555
3.8905868530273438,1556
3.892630100250244,1557
3.8946728706359863,1558
3.896714925765991,1559
3.8987488746643066,1560
3.9007859230041504,1561
3.9028170108795166,1562
3.9048478603363037,1563
3.906883716583252,1564
3.9089150428771973,1565
3.910949945449829,1566
3.913010835647583,1567
3.915043830871582,1568
3.9170758724212646,1569
3.9191067218780518,1570
3.921144723892212,1571
3.9231770038604736,1572
3.925212860107422,1573
3.9272420406341553,1574
3.9292690753936768,1575
3.9313039779663086,1576
3.93333101272583,1577
3.9353747367858887,1578
3.9374029636383057,1579
3.9394288063049316,1580
3.9414567947387695,1581
3.9434797763824463,1582
3.945504903793335,1583
3.947528839111328,1584
3.949553966522217,1585
3.9515798091888428,1586
3.95361590385437,1587
3.955643892288208,1588
3.957664966583252,1589
3.959704875946045,1590
3.961728096008301,1591
3.9637467861175537,1592
3.965780019760132,1593
3.9677987098693848,1594
3.9698169231414795,1595
3.9718358516693115,1596
3.9738550186157227,1597
3.9758758544921875,1598
3.977890729904175,1599
3.9799118041992188,1600
3.9819400310516357,1601
3.9839587211608887,1602
3.985975742340088,1603
3.987989902496338,1604
3.9900097846984863,1605
3.992025852203369,1606
3.9940388202667236,1607
3.9960508346557617,1608
3.998065948486328,1609
4.000078916549683,1610
4.00209379196167,1611
4.004100799560547,1612
4.006119966506958,1613
4.008127927780151,1614
4.0101330280303955,1615
4.012154817581177,1616
4.014192819595337,1617
4.016206741333008,1618
4.018215894699097,1619
4.020219802856445,1620
4.022221803665161,1621
4.0242228507995605,1622
4.026230096817017,1623
4.028230905532837,1624
4.030272006988525,1625
4.032666921615601,1626
4.034836053848267,1627
4.036860942840576,1628
4.038870811462402,1629
4.0408759117126465,1630
4.042876958847046,1631
4.0449700355529785,1632
4.04706883430481,1633
4.049085855484009,1634
4.051087856292725,1635
4.053090810775757,1636
4.055089950561523,1637
4.057086944580078,1638
4.059077978134155,1639
4.061120986938477,1640
4.0631349086761475,1641
4.065127849578857,1642
4.067121982574463,1643
4.069114923477173,1644
4.071109771728516,1645
4.073102951049805,1646
4.075093030929565,1647
4.077085018157959,1648
4.079092979431152,1649
4.081089735031128,1650
4.083079814910889,1651
4.085066080093384,1652
4.08705997467041,1653
4.0890538692474365,1654
4.091048002243042,1655
4.093036890029907,1656
4.095030069351196,1657
4.097014665603638,1658
4.098998785018921,1659
4.1009838581085205,1660
4.102985858917236,1661
4.104967832565308,1662
4.106950998306274,1663
4.108929872512817,1664
4.1109209060668945,1665
4.1128997802734375,1666
4.114877939224243,1667
4.11685585975647,1668
4.118835926055908,1669
4.120814800262451,1670
4.122792959213257,1671
4.124769687652588,1672
4.1267547607421875,1673
4.128730773925781,1674
4.130708932876587,1675
4.132683753967285,1676
4.134659767150879,1677
4.136634826660156,1678
4.138613939285278,1679
4.1405909061431885,1680
4.142568826675415,1681
4.144545793533325,1682
4.146519899368286,1683
4.148490905761719,1684
4.150462865829468,1685
4.152431964874268,1686
4.154403924942017,1687
4.156375885009766,1688
4.158344030380249,1689
4.160322904586792,1690
4.162294864654541,1691
4.164258718490601,1692
4.166226863861084,1693
4.168197870254517,1694
4.170168876647949,1695
4.172131776809692,1696
4.1740968227386475,1697
4.176058769226074,1698
4.178022861480713,1699
4.179994821548462,1700
4.181993007659912,1701
4.183985948562622,1702
4.185959815979004,1703
4.18792200088501,1704
4.189881801605225,1705
4.19185996055603,1706
4.194303035736084,1707
4.196390867233276,1708
4.198361873626709,1709
4.200326919555664,1710
4.2023608684539795,1711
4.204575061798096,1712
4.2066099643707275,1713
4.208572864532471,1714
4.2105278968811035,1715
4.212488889694214,1716
4.214450836181641,1717
4.216403007507324,1718
4.218352794647217,1719
4.2203028202056885,1720
4.22226095199585,1721
4.224211931228638,1722
4.226166009902954,1723
4.228133916854858,1724
4.230085849761963,1725
4.232039928436279,1726
4.233993053436279,1727
4.235942840576172,1728
4.2378950119018555,1729
4.23983907699585,1730
4.241786956787109,1731
4.243729829788208,1732
4.245673894882202,1733
4.247618913650513,1734
4.2495598793029785,1735
4.251502752304077,1736
4.253443717956543,1737
4.255384922027588,1738
4.2573487758636475,1739
4.2592949867248535,1740
4.261260747909546,1741
4.263425827026367,1742
4.2654008865356445,1743
4.2673468589782715,1744
4.269292116165161,1745
4.271230936050415,1746
4.273169994354248,1747
4.275108814239502,1748
4.277047872543335,1749
4.278982877731323,1750
4.2809247970581055,1751
4.28286075592041,1752
4.2847959995269775,1753
4.2867326736450195,1754
4.2886669635772705,1755
4.290602922439575,1756
4.292536735534668,1757
4.294475793838501,1758
4.296409845352173,1759
4.29833984375,1760
4.300269842147827,1761
4.302200794219971,1762
4.304131746292114,1763
4.306063890457153,1764
4.307992696762085,1765
4.309921026229858,1766
4.3118510246276855,1767
4.313782691955566,1768
4.315709829330444,1769
4.317637920379639,1770
4.319565773010254,1771
4.321491003036499,1772
4.323416709899902,1773
4.325342893600464,1774
4.327269792556763,1775
4.329192876815796,1776
4.331115961074829,1777
4.333040952682495,1778
4.334957838058472,1779
4.336887836456299,1780
4.33880877494812,1781
4.3407299518585205,1782
4.342644929885864,1783
4.344566822052002,1784
4.346489906311035,1785
4.3484108448028564,1786
4.350331783294678,1787
4.352250814437866,1788
4.354170799255371,1789
4.356086015701294,1790
4.358001947402954,1791
4.359919786453247,1792
4.361851930618286,1793
4.363771915435791,1794
4.365687847137451,1795
4.367604970932007,1796
4.369517803192139,1797
4.371429920196533,1798
4.3733439445495605,1799
4.375255823135376,1800
4.3771679401397705,1801
4.379077911376953,1802
4.380990982055664,1803
4.382903814315796,1804
4.384810924530029,1805
4.386724948883057,1806
4.3886308670043945,1807
4.3905417919158936,1808
4.392449855804443,1809
4.39435887336731,1810
4.396265983581543,1811
4.398176908493042,1813
4.400070905685425,1813
4.4019739627838135,1814
4.40388298034668,1815
4.405792951583862,1817
4.407700061798096,1818
4.40960168838501,1819
4.4115049839019775,1821
4.413400888442993,1822
4.415298700332642,1823
4.417203903198242,1825
4.41910195350647,1826
4.421000957489014,1827
4.42290472984314,1829
4.424799919128418,1830
4.426703929901123,1831
4.428596019744873,1832
4.4304938316345215,1833
4.43239688873291,1834
4.434291839599609,1835
4.436192989349365,1837
4.4380810260772705,1838
4.439971923828125,1839
4.441871881484985,1841
4.443766832351685,1842
4.445652008056641,1843
4.447545766830444,1844
4.44944167137146,1846
4.451330900192261,1847
4.453217029571533,1848
4.455106735229492,1849
4.4570019245147705,1851
4.458890914916992,1852
4.4607789516448975,1854
4.462666034698486,1855
4.464555025100708,1856
4.466443777084351,1858
4.468325853347778,1859
4.470207929611206,1860
4.47209095954895,1861
4.473970890045166,1862
4.475857973098755,1863
4.477743864059448,1865
4.479621887207031,1866
4.481627941131592,1868
4.483703851699829,1869
4.485666751861572,1870
4.4876039028167725,1871
4.489504098892212,1873
4.4913859367370605,1874
4.49325966835022,1875
4.495137691497803,1876
4.497031927108765,1877
4.499090909957886,1879
4.501110792160034,1880
4.5031349658966064,1882
4.505143880844116,1883
4.507040977478027,1884
4.508915901184082,1886
4.510807752609253,1887
4.51268196105957,1888
4.514551877975464,1889
4.51643180847168,1890
4.518316745758057,1892
4.520181894302368,1893
4.522050857543945,1894
4.52391791343689,1895
4.525782823562622,1896
4.5276548862457275,1898
4.52955174446106,1899
4.531867980957031,1901
4.5340869426727295,1902
4.536104917526245,1904
4.538031816482544,1905
4.539921998977661,1907
4.541790008544922,1908
4.543661832809448,1910
4.545669794082642,1911
4.547627925872803,1912
4.54951286315918,1913
4.551378011703491,1914
4.55323600769043,1915
4.555100917816162,1916
4.556968927383423,1918
4.5588459968566895,1919
4.560734987258911,1920
4.562657833099365,1922
4.564527750015259,1923
4.566380023956299,1924
4.568250894546509,1926
4.5702080726623535,1927
4.572155952453613,1928
4.574106931686401,1929
4.576042890548706,1931
4.5779290199279785,1932
4.579787731170654,1933
4.581640005111694,1934
4.583549976348877,1935
4.585423946380615,1937
4.587274074554443,1938
4.589119911193848,1939
4.590963840484619,1940
4.592813730239868,1942
4.594666004180908,1943
4.596516847610474,1944
4.598369836807251,1945
4.600224018096924,1947
4.602065801620483,1948
4.6039087772369385,1949
4.605760097503662,1951
4.607629776000977,1953
4.60947585105896,1954
4.611315011978149,1955
4.613152027130127,1956
4.61505389213562,1957
4.616997957229614,1959
4.618898868560791,1960
4.6207497119903564,1961
4.622594833374023,1962
4.624435901641846,1963
4.626277923583984,1964
4.628114938735962,1965
4.629956960678101,1967
4.631793975830078,1968
4.633633852005005,1969
4.6354780197143555,1971
4.637343883514404,1972
4.639212131500244,1973
4.641098976135254,1974
4.642946720123291,1975
4.644779920578003,1977
4.646620988845825,1978
4.648517847061157,1979
4.650409936904907,1980
4.6522908210754395,1982
4.654128789901733,1983
4.655959844589233,1985
4.65778374671936,1986
4.659615993499756,1987
4.66143798828125,1988
4.663259983062744,1989
4.665082931518555,1990
4.66690993309021,1991
4.6687397956848145,1993
4.670561075210571,1994
4.672379970550537,1995
4.674201726913452,1997
4.676019906997681,1998
4.67783784866333,1999
4.679656982421875,2000
4.6815009117126465,2001
4.683337926864624,2003
4.685152053833008,2004
4.686974048614502,2005
4.688793897628784,2007
4.6906139850616455,2009
4.692431926727295,2010
4.6942479610443115,2012
4.696061849594116,2014
4.697875022888184,2016
4.699692726135254,2017
4.7015039920806885,2019
4.703323841094971,2021
4.705136775970459,2023
4.706953048706055,2025
4.708762884140015,2027
4.710575819015503,2029
4.712386846542358,2031
4.7141969203948975,2033
4.716003894805908,2034
4.717808961868286,2036
4.719608783721924,2037
4.72141695022583,2039
4.723222732543945,2041
4.725023031234741,2042
4.726826906204224,2044
4.728622913360596,2045
4.73042893409729,2046
4.73223090171814,2048
4.734050750732422,2049
4.73586368560791,2050
4.737669944763184,2051
4.7394797801971436,2053
4.741278886795044,2054
4.743082046508789,2055
4.7448859214782715,2057
4.746679782867432,2058
4.748477935791016,2059
4.750276803970337,2060
4.752075672149658,2061
4.753870725631714,2062
4.755666017532349,2063
4.757465839385986,2065
4.759268760681152,2067
4.761068105697632,2069
4.7628679275512695,2070
4.7646729946136475,2072
4.766467809677124,2073
4.768261909484863,2074
4.770059823989868,2075
4.77185583114624,2077
4.7736430168151855,2078
4.775432825088501,2079
4.7772228717803955,2081
4.7790069580078125,2082
4.780791759490967,2083
4.782574892044067,2084
4.784368991851807,2086
4.786156892776489,2088
4.787942886352539,2089
4.789732933044434,2091
4.791517972946167,2092
4.793306827545166,2094
4.795085906982422,2095
4.796868801116943,2096
4.7986509799957275,2097
4.80043888092041,2099
4.802215814590454,2100
4.803990840911865,2101
4.805768966674805,2102
4.807559967041016,2104
4.809338808059692,2105
4.811123847961426,2107
4.812903881072998,2108
4.814689874649048,2110
4.816468954086304,2112
4.818248987197876,2113
4.820033073425293,2115
4.821793079376221,2115
4.823564767837524,2116
4.8253397941589355,2118
4.82711386680603,2120
4.82888388633728,2122
4.8306519985198975,2123
4.83241605758667,2124
4.83418607711792,2125
4.835954904556274,2127
4.837725877761841,2128
4.83949089050293,2129
4.841259002685547,2130
4.843031883239746,2132
4.844799995422363,2133
4.8465659618377686,2134
4.848330020904541,2135
4.850097894668579,2137
4.851865768432617,2139
4.85362696647644,2140
4.855392932891846,2142
4.857155799865723,2144
4.858917951583862,2145
4.8606858253479,2147
4.862438917160034,2148
4.864195823669434,2149
4.865952014923096,2150
4.8677098751068115,2151
4.869471073150635,2153
4.871230840682983,2155
4.872990846633911,2157
4.874748945236206,2159
4.876497983932495,2160
4.878252029418945,2161
4.880011081695557,2163
4.881757020950317,2164
4.883511781692505,2166
4.885263919830322,2168
4.887012958526611,2170
4.88876485824585,2172
4.890519857406616,2174
4.892269849777222,2176
4.894019842147827,2178
4.895761966705322,2179
4.897508859634399,2181
4.899256706237793,2183
4.900997877120972,2184
4.902743816375732,2186
4.9044859409332275,2188
4.9062299728393555,2190
4.907973766326904,2192
4.909717082977295,2193
4.911459922790527,2195
4.913192987442017,2196
4.9149329662323,2198
4.916672945022583,2200
4.918411016464233,2201
4.920156002044678,2203
4.921889066696167,2204
4.923621892929077,2205
4.925355911254883,2206
4.927093029022217,2208
4.928828954696655,2210
4.930567979812622,2212
4.932329893112183,2214
4.934068918228149,2215
4.935802936553955,2216
4.937533855438232,2217
4.939265727996826,2219
4.940997838973999,2220
4.942725896835327,2221
4.944451808929443,2222
4.946184873580933,2224
4.947909832000732,2225
4.9496378898620605,2226
4.9513678550720215,2227
4.953094959259033,2229
4.954814910888672,2230
4.956530809402466,2231
4.9582579135894775,2233
4.959980726242065,2234
4.9617040157318115,2235
4.9634318351745605,2237
4.965163946151733,2238
4.9668800830841064,2239
4.968602895736694,2241
4.9703209400177,2242
4.972034692764282,2243
4.973750114440918,2244
4.975467920303345,2246
4.9771788120269775,2247
4.978894948959351,2248
4.980609893798828,2249
4.982332944869995,2251
4.9840428829193115,2252
4.985756874084473,2253
4.987470865249634,2255
4.989185094833374,2256
4.990898847579956,2258
4.992609024047852,2259
4.9943249225616455,2261
4.99603796005249,2263
4.997750759124756,2265
4.999462842941284,2267
5.001166820526123,2268
5.002866983413696,2269
5.004572868347168,2270
5.006277799606323,2271
5.007985830307007,2273
5.009689807891846,2274
5.011391878128052,2275
5.013095855712891,2277
5.014785051345825,2277
5.016481876373291,2278
5.018187761306763,2280
5.019887924194336,2281
5.02158784866333,2282
5.023289918899536,2284
5.024991035461426,2286
5.026692867279053,2288
5.028396129608154,2290
5.030091047286987,2291
5.031967878341675,2292
5.03387975692749,2294
5.035624980926514,2295
5.037326812744141,2296
5.039026975631714,2298
5.040730953216553,2300
5.042425870895386,2302
5.044116973876953,2303
5.045904874801636,2304
5.0476601123809814,2305
5.04935884475708,2306
5.051057815551758,2307
5.052749872207642,2309
5.054436922073364,2310
5.056128025054932,2311
5.057819843292236,2313
5.059507846832275,2315
5.061213970184326,2317
5.062900066375732,2318
5.0645787715911865,2319
5.066261053085327,2320
5.0679450035095215,2321
5.069623708724976,2322
5.071306943893433,2323
5.072990894317627,2325
5.074667930603027,2326
5.076349973678589,2328
5.078045845031738,2330
5.079728841781616,2332
5.0814127922058105,2334
5.083093881607056,2336
5.0847718715667725,2338
5.086450815200806,2340
5.088118076324463,2341
5.089789867401123,2342
5.091460943222046,2343
5.093132734298706,2344
5.09480881690979,2345
5.096484899520874,2347
5.098151922225952,2348
5.099822759628296,2349
5.101494073867798,2351
5.103161811828613,2353
5.104824781417847,2354
5.106496095657349,2356
5.108159065246582,2357
5.109825849533081,2358
5.111490726470947,2359
5.113156795501709,2361
5.114823818206787,2362
5.116488933563232,2364
5.118155002593994,2365
5.1198179721832275,2367
5.1214759349823,2368
5.123132944107056,2369
5.124792814254761,2370
5.1264519691467285,2371
5.128115892410278,2372
5.129775762557983,2374
5.131441831588745,2375
5.13309383392334,2376
5.1347479820251465,2377
5.13640284538269,2378
5.138060808181763,2380
5.139713764190674,2381
5.141369819641113,2383
5.143020868301392,2384
5.1446757316589355,2385
5.146326065063477,2386
5.147979736328125,2388
5.149624824523926,2389
5.151273012161255,2390
5.1529319286346436,2392
5.154576778411865,2393
5.156224012374878,2394
5.157873868942261,2395
5.159521102905273,2396
5.161168813705444,2397
5.162817716598511,2399
5.164460897445679,2400
5.166114807128906,2401
5.167801856994629,2403
5.169589042663574,2404
5.1714067459106445,2406
5.173261880874634,2408
5.175087928771973,2409
5.176849842071533,2410
5.178592920303345,2411
5.18032169342041,2412
5.1820619106292725,2414
5.183810710906982,2415
5.185571908950806,2416
5.187319755554199,2418
5.18905782699585,2419
5.1908040046691895,2420
5.192605018615723,2422
5.194390773773193,2423
5.1962199211120605,2425
5.198055982589722,2427
5.199826955795288,2429
5.201480865478516,2430
5.203115940093994,2431
5.204749822616577,2432
5.206380844116211,2434
5.208005905151367,2435
5.20965576171875,2437
5.2113518714904785,2439
5.213073968887329,2441
5.214792966842651,2442
5.216465950012207,2443
5.218212842941284,2444
5.220034837722778,2446
5.221848726272583,2447
5.223656892776489,2449
5.2254798412323,2451
5.227297067642212,2453
5.229119062423706,2455
5.230904817581177,2456
5.232609748840332,2458
5.234282970428467,2459
5.235944986343384,2460
5.237562894821167,2461
5.239238977432251,2462
5.241069793701172,2463
5.242788791656494,2464
5.244423866271973,2466
5.246168851852417,2468
5.247977018356323,2470
5.249748945236206,2472
5.251449823379517,2474
5.253079891204834,2475
5.254688024520874,2476
5.256300687789917,2477
5.257914781570435,2479
5.259528875350952,2481
5.261137962341309,2483
5.262746810913086,2485
5.264352083206177,2487
5.265958786010742,2489
5.267564058303833,2490
5.269167900085449,2491
5.270768880844116,2492
5.272374868392944,2493
5.273983955383301,2495
5.2755818367004395,2496
5.277185678482056,2497
5.278787851333618,2499
5.280384063720703,2500
5.281989812850952,2502
5.283583879470825,2503
5.285177946090698,2504
5.286778926849365,2506
5.288379907608032,2508
5.289975881576538,2509
5.2915730476379395,2511
5.29317307472229,2513
5.294764041900635,2515
5.296358823776245,2517
5.297947883605957,2518
5.299545764923096,2520
5.301132678985596,2521
5.302725791931152,2522
5.304313898086548,2523
5.305900812149048,2524
5.3074939250946045,2525
5.309081792831421,2527
5.310667037963867,2528
5.312253952026367,2529
5.313838720321655,2530
5.3154377937316895,2531
5.317023038864136,2532
5.318613052368164,2534
5.320192098617554,2535
5.32177472114563,2536
5.323350667953491,2537
5.324928045272827,2538
5.326507091522217,2539
5.328091859817505,2540
5.329675674438477,2542
5.331250905990601,2543
5.33282470703125,2544
5.334401845932007,2545
5.335978984832764,2546
5.337552785873413,2547
5.3391358852386475,2549
5.3407087326049805,2550
5.342286825180054,2552
5.343858003616333,2553
5.345431804656982,2554
5.347005844116211,2556
5.348573923110962,2557
5.350142955780029,2558
5.351714849472046,2559
5.353281736373901,2560
5.354849815368652,2561
5.356419801712036,2562
5.357986688613892,2563
5.359555721282959,2564
5.361124753952026,2565
5.362693786621094,2566
5.3642659187316895,2568
5.365846872329712,2569
5.3674139976501465,2570
5.368978977203369,2572
5.370589017868042,2572
5.3722686767578125,2573
5.373945951461792,2574
5.37560772895813,2576
5.377198934555054,2577
5.378959894180298,2578
5.380598068237305,2579
5.382178783416748,2581
5.383731842041016,2581
5.385289907455444,2582
5.386850833892822,2583
5.3884148597717285,2584
5.389978885650635,2586
5.391535758972168,2587
5.393089771270752,2588
5.394645929336548,2589
5.396199941635132,2590
5.397754907608032,2591
5.399310827255249,2592
5.400869846343994,2594
5.4024269580841064,2596
5.403979063034058,2597
5.40553092956543,2598
5.407091856002808,2600
5.40873384475708,2601
5.4103899002075195,2603
5.412047863006592,2605
5.413701772689819,2606
5.415356874465942,2607
5.417017936706543,2609
5.418642997741699,2611
5.42020583152771,2613
5.4217610359191895,2615
5.423302888870239,2616
5.424848794937134,2617
5.426391839981079,2618
5.427941799163818,2620
5.429484128952026,2622
5.431026935577393,2624
5.432568788528442,2625
5.434130907058716,2626
5.43567681312561,2628
5.437217712402344,2630
5.438769817352295,2632
5.44031286239624,2634
5.441839933395386,2634
5.443374872207642,2635
5.444916009902954,2637
5.446448802947998,2638
5.447984933853149,2639
5.449516773223877,2640
5.4510557651519775,2641
5.4525909423828125,2642
5.454127788543701,2644
5.4556498527526855,2644
5.45717191696167,2644
5.458720922470093,2645
5.460257053375244,2646
5.461787939071655,2647
5.463313817977905,2648
5.464843034744263,2650
5.46636700630188,2651
5.467894077301025,2652
5.4694249629974365,2653
5.470954895019531,2655
5.472470760345459,2655
5.4739978313446045,2656
5.475521802902222,2657
5.477045059204102,2658
5.478575944900513,2659
5.480100870132446,2661
5.481612682342529,2661
5.483134031295776,2662
5.484654903411865,2663
5.486177682876587,2665
5.487718820571899,2666
5.489238739013672,2667
5.490762948989868,2669
5.492282867431641,2671
5.493803024291992,2673
5.4953248500823975,2675
5.4968438148498535,2677
5.498360872268677,2678
5.499881029129028,2680
5.501394987106323,2681
5.502908945083618,2682
5.504426002502441,2684
5.505936861038208,2685
5.50744891166687,2687
5.508965969085693,2689
5.510473012924194,2690
5.511980772018433,2691
5.5134899616241455,2692
5.5149986743927,2693
5.516510963439941,2695
5.518017053604126,2696
5.519524812698364,2698
5.5210278034210205,2699
5.5225348472595215,2701
5.524040937423706,2703
5.525547027587891,2705
5.527051687240601,2707
5.52866792678833,2709
5.530345916748047,2711
5.531907796859741,2713
5.533420085906982,2714
5.534918785095215,2715
5.536419868469238,2716
5.537924766540527,2717
5.539423942565918,2719
5.540925025939941,2721
5.542418956756592,2722
5.543912887573242,2723
5.545498847961426,2724
5.547029972076416,2725
5.548527956008911,2727
5.550031900405884,2729
5.5515289306640625,2730
5.553020000457764,2731
5.554517030715942,2732
5.556014776229858,2734
5.557502031326294,2735
5.558990716934204,2736
5.56048583984375,2738
5.562049865722656,2739
5.563553094863892,2740
5.56510591506958,2742
5.566723823547363,2743
5.568260908126831,2745
5.569752931594849,2747
5.571255683898926,2749
5.572729825973511,2749
5.5742127895355225,2750
5.575693845748901,2751
5.577176809310913,2753
5.5786707401275635,2755
5.580154895782471,2756
5.58164381980896,2758
5.583120822906494,2759
5.584598064422607,2760
5.586075782775879,2761
5.587555885314941,2762
5.589031934738159,2763
5.590510845184326,2764
5.591991901397705,2766
5.593463897705078,2767
5.594943046569824,2768
5.596420764923096,2770
5.597892761230469,2771
5.599370956420898,2773
5.600843667984009,2774
5.602316856384277,2776
5.603776931762695,2776
5.605244874954224,2777
5.6067118644714355,2778
5.608181953430176,2780
5.609647750854492,2781
5.611116886138916,2782
5.612581968307495,2783
5.614049673080444,2785
5.615512847900391,2786
5.616981029510498,2787
5.618448972702026,2789
5.619921922683716,2790
5.621388673782349,2792
5.622842788696289,2792
5.624302864074707,2793
5.6257617473602295,2794
5.627225875854492,2796
5.628684759140015,2797
5.630143880844116,2798
5.6316077709198,2800
5.633068084716797,2802
5.634524822235107,2803
5.635985851287842,2805
5.6374428272247314,2807
5.6389000415802,2809
5.640356779098511,2811
5.641813039779663,2812
5.643267869949341,2814
5.644718885421753,2815
5.646251916885376,2817
5.647840976715088,2819
5.649421691894531,2820
5.650998115539551,2821
5.65256404876709,2822
5.65405797958374,2823
5.655511856079102,2825
5.65696382522583,2826
5.658418893814087,2828
5.65987491607666,2829
5.661325693130493,2831
5.662768840789795,2832
5.664220809936523,2834
5.665664911270142,2835
5.667108774185181,2836
5.668555736541748,2837
5.669999837875366,2838
5.671448707580566,2840
5.672890901565552,2841
5.67433500289917,2842
5.67577600479126,2843
5.6772239208221436,2844
5.678672790527344,2846
5.680111885070801,2847
5.6815807819366455,2848
5.683037996292114,2849
5.684481859207153,2850
5.685932874679565,2851
5.687374830245972,2853
5.688817977905273,2855
5.6902549266815186,2856
5.691690921783447,2857
5.693127870559692,2859
5.694561719894409,2861
5.695988893508911,2861
5.6974217891693115,2862
5.698854923248291,2863
5.700285911560059,2865
5.701720714569092,2867
5.703155040740967,2868
5.704590797424316,2870
5.706013917922974,2871
5.70743989944458,2872
5.708871841430664,2873
5.710307836532593,2874
5.711739778518677,2876
5.71316385269165,2877
5.714589834213257,2878
5.71601676940918,2880
5.717439889907837,2881
5.718865871429443,2882
5.720308065414429,2884
5.72174596786499,2886
5.723167896270752,2887
5.724588871002197,2888
5.726018905639648,2889
5.727508068084717,2890
5.7290120124816895,2892
5.730448961257935,2893
5.731908798217773,2895
5.7333457469940186,2896
5.734771013259888,2897
5.736187934875488,2899
5.737607002258301,2900
5.739017963409424,2901
5.740437030792236,2902
5.741849899291992,2904
5.743263006210327,2905
5.74468207359314,2906
5.7461020946502686,2908
5.747509956359863,2909
5.748918056488037,2909
5.750320911407471,2909
5.751726865768433,2910
5.753139019012451,2911
5.754549026489258,2912
5.755958795547485,2913
5.757367849349976,2914
5.758794069290161,2915
5.760228872299194,2917
5.761635780334473,2917
5.763041734695435,2918
5.764449834823608,2919
5.765858888626099,2921
5.7672529220581055,2921
5.768671989440918,2922
5.770075798034668,2923
5.771477937698364,2925
5.772891998291016,2926
5.774292945861816,2927
5.775691032409668,2928
5.77709174156189,2929
5.778502941131592,2931
5.77990198135376,2932
5.781297922134399,2933
5.782711744308472,2935
5.784117937088013,2936
5.785517692565918,2938
5.786913871765137,2940
5.788310766220093,2942
5.789705991744995,2944
5.791109800338745,2946
5.79249382019043,2946
5.79389500617981,2947
5.79528284072876,2948
5.796673774719238,2950
5.798066854476929,2952
5.799454927444458,2953
5.800843000411987,2955
5.802238941192627,2957
5.80362606048584,2958
5.8050148487091064,2959
5.806419849395752,2960
5.807807922363281,2961
5.809196710586548,2963
5.810571670532227,2963
5.811956882476807,2964
5.813339948654175,2965
5.81472110748291,2967
5.816108703613281,2968
5.817492961883545,2970
5.818878889083862,2972
5.8202598094940186,2974
5.82164192199707,2976
5.823025941848755,2978
5.824400901794434,2979
5.825778961181641,2981
5.827157974243164,2983
5.828534841537476,2985
5.82991886138916,2987
5.831295967102051,2989
5.832666873931885,2990
5.834043979644775,2992
5.835420846939087,2993
5.836817979812622,2994
5.838196039199829,2995
5.839566946029663,2997
5.840935945510864,2999
5.842304944992065,3001
5.843702077865601,3003
5.845068693161011,3005
5.846433877944946,3007
5.8478028774261475,3009
5.849165916442871,3011
5.850528955459595,3012
5.851894855499268,3014
5.853255987167358,3015
5.854628801345825,3017
5.855989933013916,3019
5.857352018356323,3021
5.858717918395996,3023
5.860076665878296,3024
5.861439943313599,3026
5.862795829772949,3027
5.864142894744873,3027
5.865499973297119,3028
5.866854906082153,3029
5.868211984634399,3030
5.86956787109375,3031
5.870923757553101,3033
5.872271776199341,3034
5.873623847961426,3036
5.874975919723511,3038
5.8763298988342285,3040
5.877686023712158,3042
5.87904691696167,3044
5.8803956508636475,3046
5.881741762161255,3048
5.883090019226074,3050
5.884437084197998,3052
5.885784864425659,3054
5.887130975723267,3056
5.888479948043823,3058
5.889823913574219,3060
5.891167879104614,3062
5.892510890960693,3064
5.893850803375244,3066
5.895193815231323,3068
5.896535873413086,3070
5.897878885269165,3072
5.899219036102295,3074
5.90055775642395,3076
5.901893854141235,3076
5.9032227993011475,3076
5.904552936553955,3076
5.905904769897461,3076
5.907238960266113,3077
5.908578872680664,3078
5.909909009933472,3079
5.911244869232178,3081
5.912578821182251,3083
5.913910865783691,3085
5.915259838104248,3087
5.9165918827056885,3089
5.9179298877716064,3091
5.919264078140259,3093
5.920593976974487,3094
5.921921730041504,3095
5.923249959945679,3097
5.924579858779907,3099
5.925907850265503,3099
5.927233695983887,3100
5.928557872772217,3101
5.929877996444702,3102
5.93120002746582,3103
5.932524681091309,3105
5.933846712112427,3107
5.935175895690918,3109
5.936499834060669,3111
5.937814712524414,3111
5.939126014709473,3111
5.9404449462890625,3112
5.941755771636963,3112
5.943067789077759,3112
5.9443840980529785,3113
5.945707082748413,3114
5.947028875350952,3116
5.948347806930542,3118
5.949666738510132,3120
5.95098876953125,3122
5.952307939529419,3124
5.953624725341797,3126
5.954929828643799,3126
5.95624303817749,3126
5.957549810409546,3126
5.958858966827393,3126
5.960168838500977,3127
5.961483001708984,3129
5.962794065475464,3131
5.96410608291626,3133
5.96541690826416,3135
5.966723918914795,3137
5.968035936355591,3139
5.969348907470703,3141
5.970651865005493,3143
5.971960783004761,3145
5.9733147621154785,3147
5.9747209548950195,3149
5.976079940795898,3150
5.977414846420288,3150
5.9787437915802,3150
5.98005485534668,3151
5.981405973434448,3152
5.982771873474121,3153
5.98407769203186,3154
5.985378742218018,3156
5.9866859912872314,3158
5.987998008728027,3158
5.9892919063568115,3158
5.990583896636963,3158
5.9919068813323975,3158
5.9932239055633545,3158
5.994540691375732,3158
5.99584174156189,3158
5.997131824493408,3158
5.9984400272369385,3158
5.999740839004517,3158
6.00104284286499,3158
6.0023438930511475,3158
6.003628730773926,3158
6.004914999008179,3158
6.006202936172485,3158
6.007488012313843,3158
6.008779764175415,3158
6.010067939758301,3158
6.01141095161438,3159
6.012728929519653,3159
6.014024972915649,3160
6.015317916870117,3161
6.016611814498901,3163
6.017911911010742,3165
6.01920485496521,3167
6.020497798919678,3169
6.021798849105835,3171
6.023100852966309,3173
6.024389982223511,3175
6.02567982673645,3177
6.026969909667969,3179
6.028306007385254,3181
6.0296149253845215,3184
6.03092885017395,3187
6.032229900360107,3190
6.0335118770599365,3193
6.0347959995269775,3196
6.0360798835754395,3198
6.037356853485107,3201
6.038635015487671,3204
6.039915084838867,3207
6.041187763214111,3210
6.042466878890991,3213
6.043745040893555,3216
6.0450849533081055,3218
6.046504020690918,3221
6.047837972640991,3224
6.049111843109131,3226
6.050389051437378,3228
6.051681756973267,3231
6.0529868602752686,3234
6.054265737533569,3236
6.055548906326294,3239
6.056818962097168,3241
6.058081865310669,3244
6.059352874755859,3246
6.060630798339844,3249
6.06191086769104,3252
6.0631749629974365,3254
6.064449787139893,3257
6.065710783004761,3260
6.066978693008423,3263
6.06823992729187,3265
6.06950306892395,3268
6.070764064788818,3270
6.072021007537842,3273
6.073276996612549,3276
6.074533939361572,3278
6.075788736343384,3280
6.077042818069458,3283
6.078308820724487,3286
6.079558849334717,3289
6.080811023712158,3292
6.082060813903809,3295
6.083310842514038,3297
6.084560871124268,3300
6.085807800292969,3303
6.087078809738159,3305
6.088334798812866,3308
6.089634895324707,3311
6.090906858444214,3313
6.09215784072876,3316
6.093400716781616,3319
6.094653844833374,3322
6.095892906188965,3325
6.097128868103027,3327
6.098366975784302,3330
6.099609851837158,3333
6.100848913192749,3336
6.102081775665283,3338
6.103309869766235,3340
6.10453987121582,3343
6.105771064758301,3346
6.106998682022095,3347
6.108228921890259,3349
6.109456777572632,3352
6.110689878463745,3355
6.111916780471802,3358
6.113141059875488,3361
6.114357948303223,3362
6.115579843521118,3365
6.116796970367432,3368
6.118029832839966,3371
6.119248867034912,3373
6.120471715927124,3376
6.121686697006226,3378
6.122903823852539,3381
6.124115943908691,3384
6.125329971313477,3386
6.12654185295105,3389
6.127755641937256,3392
6.128968000411987,3394
6.1301798820495605,3397
6.131388902664185,3399
6.132598876953125,3402
6.133808851242065,3405
6.135016918182373,3408
6.136217832565308,3410
6.137422800064087,3413
6.138623952865601,3416
6.139831781387329,3418
6.141039848327637,3420
6.142251968383789,3422
6.143449783325195,3423
6.144651651382446,3426
6.145849943161011,3429
6.147051095962524,3432
6.148244857788086,3434
6.149455785751343,3436
6.150661945343018,3439
6.151855945587158,3441
6.153048753738403,3442
6.154238939285278,3445
6.155430793762207,3448
6.15662693977356,3451
6.15781569480896,3454
6.1590070724487305,3456
6.160199880599976,3459
6.161387920379639,3462
6.162614107131958,3465
6.16379976272583,3468
6.164987802505493,3470
6.1661858558654785,3473
6.167366981506348,3476
6.1685497760772705,3479
6.169742822647095,3482
6.170926809310913,3485
6.172109842300415,3488
6.173293828964233,3491
6.174484968185425,3494
6.175663948059082,3497
6.176841974258423,3500
6.178018808364868,3502
6.179193735122681,3505
6.18037486076355,3508
6.181548118591309,3510
6.182719945907593,3513
6.183887958526611,3516
6.185057878494263,3519
6.186229944229126,3522
6.1873979568481445,3525
6.188565015792847,3527
6.189734935760498,3530
6.190905809402466,3531
6.19207501411438,3534
6.193238019943237,3537
6.194411039352417,3540
6.195585012435913,3543
6.196744918823242,3545
6.1979079246521,3548
6.199067831039429,3551
6.200232982635498,3554
6.20138692855835,3556
6.202544927597046,3559
6.2036988735198975,3562
6.2048540115356445,3565
6.206010818481445,3568
6.207165002822876,3570
6.208316802978516,3573
6.209466934204102,3575
6.210620880126953,3578
6.211773872375488,3581
6.212924957275391,3584
6.214071750640869,3587
6.215219020843506,3590
6.216362953186035,3592
6.2175068855285645,3595
6.218650817871094,3597
6.2197959423065186,3600
6.220934867858887,3602
6.222076892852783,3605
6.223216772079468,3607
6.2243568897247314,3610
6.225491046905518,3612
6.226686000823975,3614
6.2279438972473145,3617
6.229209899902344,3620
6.230360746383667,3623
6.231494903564453,3626
6.232625961303711,3629
6.233757019042969,3631
6.234884738922119,3634
6.236015796661377,3637
6.2371437549591064,3640
6.238281965255737,3643
6.2394068241119385,3646
6.240535736083984,3649
6.241658926010132,3652
6.2427778244018555,3654
6.243898868560791,3657
6.245019912719727,3660
6.24613881111145,3663
6.247257947921753,3666
6.248373985290527,3669
6.249488830566406,3672
6.250603914260864,3674
6.2517218589782715,3677
6.252834796905518,3680
6.253947973251343,3683
6.255059003829956,3685
6.256171941757202,3687
6.257282733917236,3690
6.258390665054321,3693
6.2594990730285645,3696
6.260608911514282,3699
6.261717081069946,3701
6.262822866439819,3704
6.2639288902282715,3707
6.265031814575195,3710
6.266134738922119,3711
6.26724100112915,3714
6.268344879150391,3717
6.26944375038147,3719
6.270546913146973,3722
6.271646976470947,3725
6.272748708724976,3728
6.273846864700317,3730
6.274942874908447,3733
6.276038885116577,3736
6.277134895324707,3739
6.278225898742676,3742
6.27931809425354,3744
6.280412912368774,3746
6.281505107879639,3749
6.282593011856079,3752
6.283683776855469,3755
6.284769773483276,3757
6.28586483001709,3759
6.286952018737793,3762
6.288035869598389,3765
6.289121866226196,3768
6.29021692276001,3771
6.291301965713501,3774
6.2923829555511475,3777
6.29346489906311,3780
6.2945427894592285,3783
6.295622825622559,3786
6.2967000007629395,3787
6.297774791717529,3790
6.298850774765015,3793
6.299927711486816,3795
6.301003694534302,3797
6.302078008651733,3799
6.30315089225769,3800
6.304219961166382,3802
6.305291652679443,3805
6.30636191368103,3807
6.307431936264038,3809
6.308502674102783,3812
6.309570789337158,3815
6.3106529712677,3817
6.31171989440918,3820
6.312785863876343,3823
6.313846826553345,3825
6.314913034439087,3828
6.315974950790405,3831
6.317036867141724,3834
6.318094730377197,3836
6.319153785705566,3838
6.320219993591309,3841
6.321275949478149,3844
6.322330951690674,3846
6.323390007019043,3849
6.324452877044678,3850
6.325507879257202,3853
6.326561689376831,3856
6.327610969543457,3857
6.328664779663086,3860
6.329720735549927,3863
6.330770969390869,3866
6.3318190574646,3869
6.332866907119751,3872
6.333920001983643,3875
6.334967851638794,3877
6.336014747619629,3879
6.337057828903198,3882
6.338102102279663,3885
6.339141845703125,3887
6.340188980102539,3889
6.341228008270264,3892
6.342267990112305,3895
6.343303918838501,3897
6.344343900680542,3899
6.345379829406738,3902
6.346418857574463,3905
6.347455978393555,3908
6.348491668701172,3911
6.34952187538147,3912
6.350560903549194,3915
6.351590871810913,3917
6.352622747421265,3920
6.3536529541015625,3923
6.354681730270386,3926
6.355710983276367,3928
6.356736898422241,3931
6.357763767242432,3934
6.35880184173584,3937
6.359829902648926,3940
6.360852956771851,3943
6.361876964569092,3945
6.362896919250488,3948
6.363917827606201,3949
6.364938020706177,3952
6.36595892906189,3954
6.366976022720337,3957
6.367994785308838,3959
6.369010925292969,3961
6.3700339794158936,3964
6.371046781539917,3966
6.372062921524048,3968
6.373075008392334,3971
6.374085903167725,3974
6.375113010406494,3977
6.376122951507568,3979
6.377135753631592,3982
6.378145694732666,3984
6.379157066345215,3987
6.380168914794922,3990
6.381174802780151,3993
6.382190942764282,3995
6.383194923400879,3997
6.384199857711792,4000
6.385201930999756,4002
6.386204957962036,4004
6.3872058391571045,4007
6.388207912445068,4010
6.38920783996582,4013
6.390209674835205,4016
6.391204833984375,4018
6.3922038078308105,4021
6.393200874328613,4024
6.394198656082153,4027
6.395192861557007,4030
6.396184921264648,4033
6.3971757888793945,4036
6.398164987564087,4039
6.399158716201782,4042
6.40015172958374,4045
6.401137828826904,4047
6.402125835418701,4050
6.403112888336182,4052
6.404094934463501,4054
6.4050798416137695,4057
6.406076908111572,4060
6.407058000564575,4063
6.408037900924683,4065
6.40901780128479,4068
6.410001993179321,4070
6.410980939865112,4072
6.411959886550903,4074
6.4129369258880615,4077
6.4139158725738525,4080
6.414891958236694,4083
6.415864706039429,4086
6.416841983795166,4089
6.417840957641602,4092
6.418810844421387,4095
6.419785022735596,4098
6.420762777328491,4101
6.421734809875488,4103
6.422708988189697,4105
6.423680067062378,4108
6.424652814865112,4111
6.425628900527954,4114
6.4266040325164795,4117
6.4275758266448975,4120
6.428541898727417,4122
6.429512023925781,4125
6.430498838424683,4128
6.431461811065674,4130
6.432429790496826,4133
6.433397054672241,4136
6.434363842010498,4139
6.435328960418701,4142
6.4362897872924805,4144
6.437250852584839,4147
6.438209056854248,4150
6.4391679763793945,4152
6.440131902694702,4155
6.441088914871216,4157
6.442043781280518,4160
6.443001747131348,4162
6.443953990936279,4165
6.444907903671265,4168
6.445858716964722,4171
6.446808815002441,4173
6.447767734527588,4176
6.448720932006836,4179
6.449671983718872,4182
6.4506189823150635,4185
6.4515697956085205,4188
6.452512979507446,4191
6.453459024429321,4193
6.4544148445129395,4195
6.455358982086182,4198
6.456299066543579,4200
6.457237005233765,4202
6.458178758621216,4205
6.459117889404297,4208
6.460059881210327,4210
6.461007833480835,4213
6.461943864822388,4216
6.462881803512573,4219
6.4638190269470215,4221
6.464751958847046,4224
6.4656877517700195,4227
6.466619968414307,4229
6.467550039291382,4232
6.468483924865723,4235
6.469413757324219,4238
6.470348834991455,4241
6.471276044845581,4244
6.472203731536865,4247
6.473132133483887,4250
6.474053859710693,4253
6.474977731704712,4256
6.47589898109436,4258
6.476823806762695,4261
6.477742910385132,4264
6.47867488861084,4267
6.4795918464660645,4268
6.480515718460083,4271
6.481432914733887,4274
6.482351779937744,4277
6.483264923095703,4279
6.484181880950928,4282
6.4850969314575195,4285
6.4860076904296875,4288
6.4869208335876465,4291
6.487828969955444,4292
6.4887378215789795,4293
6.489648818969727,4293
6.490557909011841,4296
6.491464853286743,4299
6.492373943328857,4302
6.4932780265808105,4305
6.494185924530029,4308
6.495085716247559,4310
6.495989084243774,4313
6.49689507484436,4316
6.49779200553894,4319
6.4986889362335205,4321
6.499583959579468,4323
6.500486850738525,4325
6.501382827758789,4328
6.502278804779053,4331
6.503171920776367,4334
6.504065752029419,4337
6.504957914352417,4340
6.5058488845825195,4343
6.506737947463989,4345
6.507627010345459,4347
6.508514881134033,4350
6.509399890899658,4352
6.510287761688232,4355
6.511172771453857,4358
6.512056827545166,4361
6.512943744659424,4365
6.513827800750732,4369
6.514713764190674,4373
6.515596866607666,4377
6.516477823257446,4381
6.517355918884277,4385
6.518235921859741,4389
6.519112825393677,4392
6.519991874694824,4396
6.5208728313446045,4400
6.521749973297119,4404
6.5226287841796875,4408
6.523502826690674,4411
6.524375677108765,4415
6.5252509117126465,4418
6.526131868362427,4421
6.526998043060303,4423
6.5278708934783936,4427
6.528761863708496,4431
6.529685974121094,4434
6.530637741088867,4437
6.531553745269775,4440
6.532425880432129,4443
6.5332958698272705,4446
6.534152984619141,4449
6.53502082824707,4452
6.535881042480469,4454
6.536746978759766,4457
6.537603855133057,4460
6.53846287727356,4462
6.539318084716797,4465
6.540172815322876,4467
6.541023015975952,4469
6.54187798500061,4473
6.542731046676636,4477
6.543581962585449,4481
6.54445481300354,4485
6.545348882675171,4488
6.546200752258301,4492
6.547061920166016,4495
6.547921895980835,4499
6.5487658977508545,4503
6.54961371421814,4506
6.55047082901001,4510
6.55131196975708,4513
6.552160024642944,4516
6.552999973297119,4520
6.553834915161133,4524
6.554670810699463,4527
6.55550479888916,4530
6.556341886520386,4534
6.557178974151611,4538
6.558010816574097,4541
6.558840751647949,4544
6.55967903137207,4547
6.560504913330078,4551
6.561349868774414,4554
6.562172889709473,4557
6.563008069992065,4561
6.563828945159912,4565
6.564657926559448,4568
6.565480947494507,4571
6.566299915313721,4574
6.567118883132935,4577
6.567945957183838,4580
6.568763971328735,4584
6.569576978683472,4587
6.570392847061157,4591
6.571211099624634,4595
6.572021961212158,4598
6.572837829589844,4602
6.573645830154419,4606
6.574465751647949,4610
6.5752787590026855,4615
6.576099872589111,4620
6.57690691947937,4625
6.577711820602417,4628
6.578526973724365,4631
6.579325914382935,4634
6.580127954483032,4637
6.580922842025757,4640
6.581719875335693,4643
6.582518100738525,4647
6.583324909210205,4651
6.584118843078613,4655
6.584910869598389,4659
6.585705041885376,4663
6.586498737335205,4668
6.587293863296509,4673
6.588077783584595,4676
6.588866710662842,4681
6.589653968811035,4684
6.590440034866333,4688
6.591222763061523,4692
6.592012882232666,4696
6.592796802520752,4700
6.593573808670044,4703
6.594360828399658,4707
6.595137119293213,4711
6.5959107875823975,4714
6.5966877937316895,4717
6.5974578857421875,4720
6.598233938217163,4722
6.5990049839019775,4724
6.599776983261108,4728
6.600547790527344,4731
6.6013147830963135,4735
6.6020827293396,4739
6.602850914001465,4742
6.603612899780273,4746
6.604376792907715,4749
6.6051390171051025,4753
6.605899810791016,4757
6.606659889221191,4761
6.607420921325684,4765
6.6081788539886475,4769
6.60893702507019,4772
6.609694957733154,4776
6.610447883605957,4779
6.611201763153076,4782
6.611954927444458,4786
6.612704038619995,4789
6.613452672958374,4792
6.614202976226807,4796
6.614949941635132,4800
6.615693807601929,4803
6.616442918777466,4808
6.617196083068848,4813
6.6179358959198,4817
6.618675947189331,4820
6.619412899017334,4822
6.62015175819397,4825
6.620889902114868,4828
6.621623754501343,4831
6.622354984283447,4833
6.6230878829956055,4835
6.623822927474976,4838
6.624562978744507,4841
6.625293731689453,4844
6.626021862030029,4847
6.626745939254761,4847
6.627473831176758,4850
6.628198862075806,4852
6.628927946090698,4857
6.629655838012695,4860
6.630379915237427,4864
6.63110876083374,4868
6.631831884384155,4871
6.632552862167358,4875
6.633272886276245,4879
6.633991956710815,4882
6.634708881378174,4885
6.635423898696899,4886
6.636137962341309,4888
6.636852979660034,4890
6.637565851211548,4892
6.638278961181641,4895
6.6389899253845215,4898
6.639702081680298,4901
6.640411853790283,4904
6.641119956970215,4907
6.641828775405884,4910
6.642534971237183,4912
6.643241882324219,4915
6.643946886062622,4918
6.644646883010864,4918
6.645351886749268,4923
6.646065950393677,4928
6.646790981292725,4932
6.647515773773193,4935
6.648239850997925,4938
6.648965835571289,4941
6.649690866470337,4945
6.650420904159546,4948
6.651142835617065,4951
6.651864767074585,4956
6.652583837509155,4960
6.653301000595093,4963
6.654016971588135,4966
6.6547300815582275,4968
6.655442953109741,4971
6.6561548709869385,4973
6.656868934631348,4976
6.657588005065918,4979
6.6583030223846436,4981
6.659019708633423,4984
6.659731864929199,4987
6.66044807434082,4991
6.661157846450806,4995
6.661857843399048,4998
6.662556886672974,5002
6.663256883621216,5005
6.663955926895142,5009
6.664653778076172,5012
6.665350914001465,5017
6.6660449504852295,5020
6.666735887527466,5023
6.667428731918335,5026
6.6681249141693115,5029
6.668823719024658,5034
6.669513940811157,5037
6.670215845108032,5040
6.670904874801636,5044
6.671596050262451,5047
6.672287940979004,5051
6.672976970672607,5053
6.673675060272217,5056
6.6743738651275635,5060
6.675060033798218,5064
6.675741910934448,5067
6.676424980163574,5071
6.677103757858276,5075
6.677778959274292,5078
6.6784539222717285,5081
6.679128885269165,5085
6.67980694770813,5088
6.680480003356934,5091
6.681174039840698,5095
6.6818459033966064,5098
6.682518005371094,5102
6.683187961578369,5105
6.6838538646698,5107
6.68452000617981,5109
6.685183048248291,5111
6.6858508586883545,5115
6.686517000198364,5118
6.687177896499634,5120
6.687841892242432,5123
6.688504934310913,5125
6.689172029495239,5128
6.689847707748413,5131
6.690509796142578,5134
6.691170692443848,5137
6.69183087348938,5140
6.692487955093384,5142
6.693140983581543,5146
6.693789958953857,5149
6.694486856460571,5152
6.695141792297363,5156
6.695785999298096,5158
6.696432828903198,5161
6.697077989578247,5165
6.6977198123931885,5168
6.698361873626709,5171
6.6990039348602295,5174
6.69965386390686,5177
6.700295925140381,5181
6.7009217739105225,5185
6.701538801193237,5188
6.7021589279174805,5192
6.702776908874512,5195
6.703391075134277,5199
6.704004764556885,5202
6.704620122909546,5205
6.705229759216309,5208
6.705842018127441,5211
6.706454753875732,5215
6.707064867019653,5219
6.707671880722046,5223
6.708277940750122,5227
6.708884000778198,5230
6.7094879150390625,5233
6.710092782974243,5236
6.71069598197937,5239
6.71129298210144,5240
6.7118918895721436,5243
6.712493896484375,5246
6.71308970451355,5249
6.713685989379883,5252
6.714282035827637,5254
6.714874982833862,5257
6.715470790863037,5260
6.71606183052063,5264
6.7166547775268555,5266
6.717243909835815,5270
6.7178428173065186,5273
6.718434810638428,5277
6.719022750854492,5281
6.719608783721924,5284
6.7202019691467285,5288
6.720783948898315,5292
6.721364974975586,5295
6.721947908401489,5299
6.722531795501709,5303
6.723111867904663,5306
6.723688840866089,5309
6.724268674850464,5312
6.724845886230469,5316
6.7254228591918945,5319
6.725996017456055,5322
6.726565837860107,5324
6.727139711380005,5328
6.727711915969849,5332
6.728286027908325,5337
6.728850841522217,5339
6.729416847229004,5342
6.729986906051636,5345
6.730553865432739,5349
6.731113910675049,5350
6.7316789627075195,5353
6.73224401473999,5356
6.732803821563721,5359
6.733365058898926,5360
6.73392391204834,5364
6.734486103057861,5367
6.73504376411438,5370
6.735599756240845,5373
6.736156940460205,5375
6.736710786819458,5378
6.73726487159729,5381
6.7378199100494385,5385
6.738373756408691,5389
6.738924741744995,5393
6.739482879638672,5397
6.740041971206665,5402
6.740586042404175,5405
6.741131782531738,5408
6.741677761077881,5412
6.742232799530029,5416
6.74277400970459,5419
6.743312835693359,5423
6.743851900100708,5427
6.744394063949585,5431
6.744929075241089,5434
6.74546480178833,5437
6.74600076675415,5441
6.746534824371338,5445
6.747065782546997,5448
6.74759578704834,5451
6.7481279373168945,5454
6.748655796051025,5457
6.749185085296631,5461
6.7497169971466064,5464
6.750245809555054,5468
6.7507710456848145,5471
6.75129771232605,5475
6.7518229484558105,5479
6.7523438930511475,5483
6.752863883972168,5487
6.753382921218872,5491
6.753902912139893,5495
6.754417896270752,5498
6.754928827285767,5499
6.755441904067993,5501
6.755955934524536,5504
6.756469011306763,5508
6.756983757019043,5512
6.757493019104004,5515
6.758002996444702,5517
6.758513927459717,5521
6.759020805358887,5525
6.759526968002319,5528
6.760035753250122,5531
6.760539770126343,5535
6.761041879653931,5537
6.761541843414307,5540
6.7620439529418945,5544
6.762542724609375,5547
6.763041019439697,5550
6.76354193687439,5554
6.764039993286133,5557
6.764533042907715,5559
6.765036106109619,5562
6.76552677154541,5564
6.766036033630371,5567
6.76652979850769,5570
6.767019987106323,5573
6.767509937286377,5577
6.767999887466431,5581
6.768486976623535,5585
6.7689738273620605,5589
6.769455909729004,5592
6.769943714141846,5595
6.7704267501831055,5597
6.770906925201416,5600
6.771389007568359,5604
6.771868944168091,5607
6.772352933883667,5610
6.772830009460449,5613
6.773306846618652,5617
6.7737836837768555,5620
6.7742578983306885,5622
6.77472996711731,5625
6.775203704833984,5628
6.775678873062134,5631
6.776147842407227,5634
6.776619911193848,5637
6.77710485458374,5641
6.777574777603149,5645
6.778040885925293,5648
6.778508901596069,5652
6.778972864151001,5655
6.7794349193573,5658
6.779899835586548,5660
6.780358791351318,5662
6.7808167934417725,5663
6.781278848648071,5667
6.781739950180054,5670
6.782196998596191,5673
6.782651901245117,5677
6.783105850219727,5680
6.783563852310181,5683
6.78401780128479,5687
6.784472703933716,5690
6.784929037094116,5695
6.785382986068726,5699
6.785830974578857,5703
6.786278963088989,5707
6.786728858947754,5712
6.787172794342041,5716
6.787615060806274,5716
6.788059949874878,5721
6.788500070571899,5723
6.788938999176025,5725
6.789379835128784,5727
6.789834976196289,5732
6.790273666381836,5734
6.790711879730225,5737
6.791146993637085,5740
6.791584014892578,5744
6.792016983032227,5747
6.792448043823242,5750
6.792878866195679,5753
6.793308973312378,5756
6.7937397956848145,5761
6.794168710708618,5765
6.794594764709473,5769
6.795018911361694,5771
6.795444011688232,5772
6.795865774154663,5774
6.7962870597839355,5777
6.796710968017578,5782
6.797131776809692,5785
6.797552824020386,5788
6.797969818115234,5790
6.798389911651611,5795
6.798804998397827,5799
6.7992188930511475,5799
6.799639701843262,5804
6.80005407333374,5808
6.80047082901001,5811
6.8008809089660645,5814
6.801294803619385,5818
6.801701784133911,5821
6.802109956741333,5824
6.802526950836182,5827
6.802932977676392,5829
6.803339719772339,5833
6.803745746612549,5837
6.804147958755493,5840
6.8045477867126465,5842
6.8049468994140625,5844
6.8053576946258545,5849
6.805758953094482,5853
6.806157827377319,5857
6.806556940078735,5861
6.806956052780151,5864
6.807361125946045,5867
6.807762861251831,5871
6.808156967163086,5875
6.808546781539917,5878
6.808938980102539,5883
6.809327840805054,5886
6.8097169399261475,5889
6.8101067543029785,5893
6.8104918003082275,5896
6.810874938964844,5899
6.811265707015991,5902
6.811647891998291,5905
6.8120269775390625,5907
6.812406063079834,5910
6.81278395652771,5913
6.813163995742798,5916
6.813539743423462,5918
6.813922882080078,5920
6.814302921295166,5923
6.814677953720093,5926
6.81505274772644,5929
6.815423965454102,5931
6.8157958984375,5934
6.816166877746582,5937
6.816535711288452,5939
6.816903829574585,5942
6.817271709442139,5943
6.817641019821167,5945
6.8180060386657715,5947
6.8183698654174805,5949
6.818735837936401,5953
6.819103002548218,5956
6.819463014602661,5958
6.819828987121582,5960
6.820189952850342,5961
6.820547819137573,5963
6.820908069610596,5966
6.821264982223511,5968
6.821617841720581,5968
6.821976900100708,5972
6.822335958480835,5976
6.822696924209595,5981
6.823055744171143,5985
6.823407888412476,5988
6.823758840560913,5990
6.824110746383667,5994
6.824464797973633,5998
6.824812889099121,6001
6.825162887573242,6004
6.8255109786987305,6009
6.82585883140564,6014
6.826201915740967,6017
6.82654595375061,6020
6.82689094543457,6023
6.827230930328369,6025
6.827569961547852,6028
6.827908754348755,6032
6.828246116638184,6035
6.828581809997559,6038
6.828917026519775,6042
6.829249858856201,6045
6.829584836959839,6047
6.829921722412109,6049
6.830254793167114,6052
6.830584764480591,6054
6.830914735794067,6056
6.8312437534332275,6059
6.83157205581665,6063
6.831897735595703,6066
6.832222938537598,6069
6.832545757293701,6071
6.832870960235596,6073
6.833192825317383,6076
6.833516836166382,6081
6.833840847015381,6085
6.8341639041900635,6089
6.834481954574585,6092
6.834805011749268,6097
6.8351240158081055,6102
6.83544397354126,6106
6.835757732391357,6110
6.836097002029419,6113
6.836410760879517,6117
6.836720943450928,6120
6.8370349407196045,6124
6.837342977523804,6127
6.837649822235107,6130
6.837968826293945,6134
6.838277816772461,6138
6.8385820388793945,6141
6.838886976242065,6144
6.839189052581787,6147
6.83949089050293,6150
6.839800834655762,6154
6.840101957321167,6159
6.840399742126465,6162
6.84070086479187,6165
6.841002941131592,6168
6.841296911239624,6171
6.841590881347656,6174
6.841882944107056,6177
6.842172861099243,6180
6.842460870742798,6183
6.8427488803863525,6187
6.843036890029907,6190
6.843324899673462,6193
6.8436119556427,6197
6.843894720077515,6199
6.844177961349487,6202
6.844462871551514,6206
6.844747066497803,6210
6.845027923583984,6213
6.845305919647217,6215
6.845583915710449,6218
6.845860958099365,6221
6.846137762069702,6225
6.846414804458618,6228
6.846689701080322,6231
6.846961975097656,6234
6.847235918045044,6238
6.847508907318115,6240
6.847777843475342,6242
6.848046779632568,6245
6.84831690788269,6249
6.848583936691284,6252
6.848850965499878,6255
6.849113941192627,6257
6.84937596321106,6258
6.849636793136597,6260
6.849901914596558,6261
6.850161790847778,6263
6.850419044494629,6263
6.850677967071533,6263
6.8509368896484375,6266
6.851197004318237,6268
6.851454973220825,6271
6.85171365737915,6274
6.851971864700317,6277
6.852228879928589,6279
6.852482795715332,6282
6.8527398109436035,6285
6.852993726730347,6288
6.853245973587036,6291
6.853495836257935,6293
6.853744983673096,6296
6.853992938995361,6298
6.854241847991943,6300
6.854488849639893,6303
6.85473895072937,6306
6.854984998703003,6309
6.855228900909424,6311
6.855470895767212,6313
6.855712890625,6315
6.855954885482788,6318
6.856197834014893,6321
6.8564369678497314,6323
6.856679916381836,6326
6.8569159507751465,6328
6.85715389251709,6331
6.857388734817505,6333
6.857625722885132,6334
6.85785984992981,6337
6.858092784881592,6339
6.858325958251953,6342
6.858558893203735,6345
6.858790874481201,6348
6.859019756317139,6351
6.859249830245972,6354
6.859477996826172,6357
6.859709024429321,6359
6.85993766784668,6362
6.8601648807525635,6365
6.86038875579834,6368
6.860615968704224,6371
6.860838890075684,6374
6.861063003540039,6378
6.8612847328186035,6382
6.8615028858184814,6384
6.86172080039978,6387
6.861944913864136,6391
6.86215877532959,6392
6.862372875213623,6394
6.862592935562134,6398
6.862802982330322,6399
6.86301589012146,6403
6.863227844238281,6406
6.8634397983551025,6410
6.863650798797607,6413
6.863861083984375,6417
6.864070892333984,6422
6.864276885986328,6425
6.864482879638672,6427
6.864684820175171,6428
6.864887714385986,6431
6.865088939666748,6433
6.865299940109253,6438
6.865498781204224,6441
6.865697860717773,6443
6.865900754928589,6446
6.8660969734191895,6448
6.866293907165527,6451
6.866492986679077,6454
6.866687059402466,6457
6.866880893707275,6459
6.867074728012085,6463
6.867266893386841,6466
6.867459774017334,6470
6.867660760879517,6474
6.867848873138428,6477
6.868037939071655,6481
6.868222951889038,6483
6.868407726287842,6486
6.868595838546753,6490
6.8687827587127686,6493
6.8689658641815186,6497
6.869144916534424,6499
6.869324684143066,6502
6.869503974914551,6505
6.869684934616089,6507
6.869861841201782,6510
6.870041847229004,6514
6.870214939117432,6516
6.870388984680176,6519
6.870559930801392,6521
6.870733737945557,6525
6.87090277671814,6527
6.871073007583618,6529
6.871243715286255,6534
6.871410846710205,6536
6.871577739715576,6539
6.8717451095581055,6542
6.871910810470581,6545
6.872075796127319,6547
6.872239828109741,6550
6.872406721115112,6554
6.872565984725952,6555
6.872726678848267,6559
6.87288498878479,6562
6.873044967651367,6566
6.873201847076416,6570
6.87335991859436,6574
6.873516798019409,6578
6.873672962188721,6582
6.873826742172241,6586
6.873978853225708,6589
6.874131917953491,6594
6.874281883239746,6597
6.87443208694458,6600
6.874582052230835,6603
6.874727964401245,6606
6.874872922897339,6610
6.875016927719116,6613
6.875159740447998,6617
6.87529993057251,6620
6.875438928604126,6623
6.875577926635742,6626
6.875717878341675,6630
6.875854730606079,6633
6.8759918212890625,6638
6.876128911972046,6642
6.876261949539185,6646
6.876396894454956,6651
6.876529932022095,6656
6.876657962799072,6659
6.876784801483154,6661
6.8769097328186035,6664
6.877037763595581,6667
6.877162933349609,6670
6.877286911010742,6673
6.877410888671875,6676
6.877532005310059,6679
6.877654790878296,6683
6.877772808074951,6686
6.87788987159729,6687
6.87800669670105,6691
6.878125905990601,6696
6.878243923187256,6701
6.8783628940582275,6705
6.8784778118133545,6710
6.878591060638428,6714
6.8787007331848145,6718
6.878809928894043,6721
6.878919839859009,6725
6.879029035568237,6730
6.879136085510254,6735
6.879238843917847,6738
6.879340887069702,6741
6.879440784454346,6744
6.879542827606201,6749
6.879642963409424,6752
6.879745721817017,6755
6.879839897155762,6756
6.879935026168823,6759
6.880032062530518,6762
6.880126953125,6765
6.880218982696533,6768
6.880314826965332,6771
6.880404949188232,6774
6.880494832992554,6777
6.880581855773926,6779
6.880669832229614,6782
6.880757093429565,6785
6.880842924118042,6785
6.880931854248047,6790
6.8810179233551025,6794
6.881101846694946,6797
6.881185054779053,6800
6.8812689781188965,6804
6.881350994110107,6808
6.881432771682739,6813
6.881508827209473,6815
6.881584882736206,6818
6.8816609382629395,6821
6.881738901138306,6824
6.88181471824646,6829
6.881887912750244,6832
6.881959915161133,6836
6.882030725479126,6840
6.882099866867065,6843
6.882167816162109,6847
6.882236957550049,6852
6.8823020458221436,6855
6.882368087768555,6860
6.882433891296387,6865
6.882495880126953,6869
6.8825578689575195,6872
6.882644891738892,6875
6.882700681686401,6875
6.882761001586914,6880
6.88281774520874,6883
6.882873773574829,6886
6.882927894592285,6889
6.882983922958374,6893
6.88303804397583,6897
6.883090019226074,6901
6.883140802383423,6905
6.883189916610718,6910
6.883238792419434,6913
6.883285045623779,6917
6.883330821990967,6921
6.883375883102417,6925
6.8834168910980225,6927
6.883455991744995,6927
6.883498907089233,6932
6.883539915084839,6937
6.883577823638916,6940
6.883615016937256,6943
6.8836469650268555,6943
