0.026677846908569336,10912
0.06001687049865723,10911
0.09384775161743164,10910
0.1313638687133789,10909
0.1640338897705078,10908
0.20023488998413086,10907
0.23305892944335938,10906
0.2659158706665039,10905
0.29265284538269043,10904
0.3190469741821289,10903
0.3454148769378662,10902
0.3718569278717041,10901
0.39873385429382324,10900
0.4251258373260498,10899
0.45163488388061523,10898
0.47815775871276855,10897
0.504619836807251,10896
0.5312027931213379,10895
0.5831129550933838,10894
0.6094889640808105,10893
0.6358799934387207,10892
0.6644818782806396,10891
0.6929380893707275,10890
0.7194509506225586,10889
0.7463588714599609,10888
0.7731289863586426,10887
0.7996129989624023,10886
0.8260378837585449,10885
0.8529839515686035,10884
0.8799738883972168,10883
0.9065508842468262,10882
0.9339690208435059,10881
0.963552713394165,10880
0.9904830455780029,10879
1.0172250270843506,10878
1.0443778038024902,10877
1.0733110904693604,10876
1.1033549308776855,10875
1.1306309700012207,10874
1.1575438976287842,10873
1.18440580368042,10872
1.2113358974456787,10871
1.2380449771881104,10870
1.265016794204712,10869
1.2923669815063477,10868
1.319673776626587,10867
1.347965955734253,10866
1.3747749328613281,10865
1.4010980129241943,10864
1.4277119636535645,10863
1.4541549682617188,10862
1.4807980060577393,10861
1.5072479248046875,10860
1.5336029529571533,10859
1.5599188804626465,10858
1.5862400531768799,10857
1.6124019622802734,10856
1.6386618614196777,10855
1.6650331020355225,10854
1.6913480758666992,10853
1.7174768447875977,10852
1.7439770698547363,10851
1.7709410190582275,10850
1.7975969314575195,10849
1.8240408897399902,10848
1.8503649234771729,10847
1.877922773361206,10846
1.905426025390625,10845
1.9322829246520996,10844
1.960033893585205,10843
1.9871571063995361,10842
2.0141730308532715,10841
2.040992021560669,10840
2.067878007888794,10839
2.0950889587402344,10838
2.122053861618042,10837
2.1489009857177734,10836
2.175816059112549,10835
2.2026350498199463,10834
2.229501962661743,10833
2.256173849105835,10832
2.28275203704834,10831
2.30975604057312,10830
2.336587905883789,10829
2.3633928298950195,10828
2.390272855758667,10827
2.4171829223632812,10826
2.4441161155700684,10825
2.4709529876708984,10824
2.4977900981903076,10823
2.524686813354492,10822
2.551440954208374,10821
2.5783958435058594,10820
2.605001926422119,10819
2.6318600177764893,10818
2.6590678691864014,10817
2.6857779026031494,10816
2.7130019664764404,10815
2.739851713180542,10814
2.7667129039764404,10813
2.7936320304870605,10812
2.820327043533325,10811
2.847254753112793,10810
2.8744730949401855,10809
2.9013259410858154,10808
2.928485870361328,10807
2.9554009437561035,10806
2.9830029010772705,10805
3.0118610858917236,10804
3.0401809215545654,10803
3.0685248374938965,10802
3.0968127250671387,10801
3.1252708435058594,10800
3.1534008979797363,10799
3.1816978454589844,10798
3.209688901901245,10797
3.2376468181610107,10796
3.26478910446167,10795
3.291562080383301,10794
3.3188178539276123,10793
3.3461568355560303,10792
3.3732969760894775,10791
3.400434970855713,10790
3.4274518489837646,10789
3.4542458057403564,10788
3.4817209243774414,10787
3.5087549686431885,10786
3.53568172454834,10785
3.562793016433716,10784
3.589402914047241,10783
3.6161067485809326,10782
3.6428849697113037,10781
3.6693809032440186,10780
3.6966140270233154,10779
3.7233948707580566,10778
3.7502248287200928,10777
3.7771480083465576,10776
3.8039989471435547,10775
3.8309528827667236,10774
3.857959032058716,10773
3.884652853012085,10772
3.911550998687744,10771
3.938368082046509,10770
3.9654948711395264,10769
3.992650032043457,10768
4.0204079151153564,10767
4.0481789112091064,10766
4.07543683052063,10765
4.102234840393066,10764
4.129179954528809,10763
4.15665078163147,10762
4.183698892593384,10761
4.210577011108398,10760
4.237322092056274,10759
4.264121770858765,10758
4.290608882904053,10757
4.317674875259399,10756
4.344725847244263,10755
4.3714988231658936,10754
4.398745775222778,10753
4.425537824630737,10752
4.452477931976318,10751
4.479528903961182,10750
4.50633978843689,10749
4.53319787979126,10748
4.560348033905029,10747
4.58719277381897,10746
4.614228010177612,10745
4.640728950500488,10744
4.667689085006714,10743
4.694568872451782,10742
4.721315860748291,10741
4.748323917388916,10740
4.7753307819366455,10739
4.802124738693237,10738
4.828981876373291,10737
4.855777740478516,10736
4.882666110992432,10735
4.9097747802734375,10734
4.936629772186279,10733
4.963488817214966,10732
4.990314722061157,10731
5.017186880111694,10730
5.046328783035278,10729
5.073615789413452,10728
5.1005377769470215,10727
5.127475023269653,10726
5.154174089431763,10725
5.181632041931152,10724
5.208823919296265,10723
5.235507011413574,10722
5.262261867523193,10721
5.28879189491272,10720
5.315918922424316,10719
5.343414783477783,10718
5.370337724685669,10717
5.39821195602417,10716
5.425800085067749,10715
5.452554941177368,10714
5.479371070861816,10713
5.506137847900391,10712
5.532806873321533,10711
5.560478925704956,10710
5.59018611907959,10709
5.6287970542907715,10708
5.670451879501343,10707
5.710677862167358,10706
5.743443965911865,10705
5.7717978954315186,10704
5.79889702796936,10703
5.825760841369629,10702
5.852541923522949,10701
5.879434108734131,10700
5.906141996383667,10699
5.9329328536987305,10698
5.9595489501953125,10697
5.986209869384766,10696
6.013113975524902,10695
6.039804935455322,10694
6.066555023193359,10693
6.094306945800781,10692
6.123077869415283,10691
6.151735782623291,10690
6.180692911148071,10689
6.207985877990723,10688
6.2346508502960205,10687
6.261696815490723,10686
6.288277864456177,10685
6.315035820007324,10684
6.341975927352905,10683
6.368769884109497,10682
6.395705938339233,10681
6.42258095741272,10680
6.4494788646698,10679
6.476353883743286,10678
6.50383186340332,10677
6.531028985977173,10676
6.557842016220093,10675
6.584859848022461,10674
6.614398956298828,10673
6.643993854522705,10672
6.672907829284668,10671
6.699971914291382,10670
6.726845979690552,10669
6.753642797470093,10668
6.780572891235352,10667
6.807420969009399,10666
6.834207057952881,10665
6.861080884933472,10664
6.887930870056152,10663
6.914941072463989,10662
6.942255973815918,10661
6.969043970108032,10660
6.996002912521362,10659
7.022721767425537,10658
7.049727916717529,10657
7.0766777992248535,10656
7.103522777557373,10655
7.130467891693115,10654
7.1571879386901855,10653
7.185346841812134,10652
7.212882041931152,10651
7.239682912826538,10650
7.266369819641113,10649
7.292953968048096,10648
7.320182800292969,10647
7.347587823867798,10646
7.374675989151001,10645
7.4015538692474365,10644
7.428344964981079,10643
7.454856872558594,10642
7.481727123260498,10641
7.508439779281616,10640
7.535051107406616,10639
7.56195592880249,10638
7.588732957839966,10637
7.615435838699341,10636
7.6423797607421875,10635
7.669643878936768,10634
7.696671962738037,10633
7.723423004150391,10632
7.750234842300415,10631
7.77705979347229,10630
7.803842782974243,10629
7.830668926239014,10628
7.857287883758545,10627
7.884090900421143,10626
7.910921096801758,10625
7.937520980834961,10624
7.964385747909546,10623
8.015367984771729,10622
8.042303085327148,10621
8.069102764129639,10620
8.095980882644653,10619
8.122761011123657,10618
8.149560928344727,10617
8.176246881484985,10616
8.202982902526855,10615
8.229771852493286,10614
8.256600856781006,10613
8.283426761627197,10612
8.310219049453735,10611
8.336890935897827,10610
8.36396598815918,10609
8.390800952911377,10608
8.417649984359741,10607
8.444469690322876,10606
8.471272945404053,10605
8.498042821884155,10604
8.524773836135864,10603
8.551447868347168,10602
8.578171014785767,10601
8.605454921722412,10600
8.632953882217407,10599
8.66054105758667,10598
8.690842866897583,10597
8.718523979187012,10596
8.745506763458252,10595
8.772225856781006,10594
8.799179792404175,10593
8.825897932052612,10592
8.852449893951416,10591
8.87929081916809,10590
8.905856132507324,10589
8.932744026184082,10588
8.959700107574463,10587
8.98655891418457,10586
9.013431787490845,10585
9.04005479812622,10584
9.06681203842163,10583
9.093604803085327,10582
9.12028193473816,10581
9.14704179763794,10580
9.173592805862427,10579
9.200525760650635,10578
9.227057933807373,10577
9.253813743591309,10576
9.280678987503052,10575
9.31416392326355,10574
9.357402801513672,10573
9.399157762527466,10572
9.433693885803223,10571
9.465038776397705,10570
9.492641925811768,10569
9.519829034805298,10568
9.546819925308228,10567
9.57346487045288,10566
9.600286960601807,10565
9.628437042236328,10564
9.656214714050293,10563
9.684361934661865,10562
9.711603879928589,10561
9.73840594291687,10560
9.76602292060852,10559
9.795356035232544,10558
9.822528839111328,10557
9.849303722381592,10556
9.876003980636597,10555
9.903541803359985,10554
9.931564807891846,10553
9.958639860153198,10552
9.985483884811401,10551
10.01249098777771,10550
10.039552688598633,10549
10.066439867019653,10548
10.094012022018433,10547
10.121116876602173,10546
10.148033857345581,10545
10.174967765808105,10544
10.201849937438965,10543
10.229059934616089,10542
10.255600929260254,10541
10.282498836517334,10540
10.31270980834961,10539
10.343135118484497,10538
10.371104001998901,10537
10.400707960128784,10536
10.42897891998291,10535
10.456441879272461,10534
10.483551025390625,10533
10.510510921478271,10532
10.537203073501587,10531
10.564032793045044,10530
10.590532779693604,10529
10.6176118850708,10528
10.644866943359375,10527
10.671616077423096,10526
10.698636770248413,10525
10.725439071655273,10524
10.753004789352417,10523
10.782038927078247,10522
10.811202764511108,10521
10.840435981750488,10520
10.869561910629272,10519
10.898813009262085,10518
10.927526950836182,10517
10.956992864608765,10516
10.985975742340088,10515
11.015302896499634,10514
11.044765949249268,10513
11.073206901550293,10512
11.100162744522095,10511
11.127031803131104,10510
11.153762817382812,10509
11.183132886886597,10508
11.210143089294434,10507
11.236845970153809,10506
11.265211820602417,10505
11.29190993309021,10504
11.318685054779053,10503
11.345704078674316,10502
11.372771978378296,10501
11.399890899658203,10500
11.427517890930176,10499
11.454418897628784,10498
11.481266975402832,10497
11.507869958877563,10496
11.534679889678955,10495
11.561513900756836,10494
11.588128805160522,10493
11.615047931671143,10492
11.642184972763062,10491
11.669790983200073,10490
11.696853876113892,10489
11.723459959030151,10488
11.75035285949707,10487
11.78089690208435,10486
11.807923078536987,10485
11.834683895111084,10484
11.861760139465332,10483
11.888569831848145,10482
11.915403842926025,10481
11.942283153533936,10480
11.969237804412842,10479
11.996173858642578,10478
12.022902727127075,10477
12.04962682723999,10476
12.077102899551392,10475
12.103944063186646,10474
12.130741119384766,10473
12.157931804656982,10472
12.184783935546875,10471
12.211686849594116,10470
12.238241910934448,10469
12.265218734741211,10468
12.292475938796997,10467
12.32248306274414,10466
12.349600791931152,10465
12.37729001045227,10464
12.404402017593384,10463
12.43161392211914,10462
12.458550930023193,10461
12.485560894012451,10460
12.512269735336304,10459
12.538830995559692,10458
12.565386056900024,10457
12.592187881469727,10456
12.619083881378174,10455
12.64615511894226,10454
12.673001050949097,10453
12.700236797332764,10452
12.727065801620483,10451
12.755037069320679,10450
12.783334016799927,10449
12.811256885528564,10448
12.838127851486206,10447
12.865192890167236,10446
12.891949892044067,10445
12.91893196105957,10444
12.946451902389526,10443
12.973602771759033,10442
13.002585887908936,10441
13.029587984085083,10440
13.056583881378174,10439
13.083434104919434,10438
13.110529899597168,10437
13.13735580444336,10436
13.164287090301514,10435
13.191098928451538,10434
13.21769404411316,10433
13.247483015060425,10432
13.27886176109314,10431
13.306742906570435,10430
13.335877895355225,10429
13.365230798721313,10428
13.39533805847168,10427
13.4266357421875,10426
13.455352783203125,10425
13.482680797576904,10424
13.509635925292969,10423
13.538572788238525,10422
13.565738677978516,10421
13.592768907546997,10420
13.619617938995361,10419
13.646610021591187,10418
13.674463987350464,10417
13.702555894851685,10416
13.729568719863892,10415
13.756618976593018,10414
13.783405780792236,10413
13.81013298034668,10412
13.836704730987549,10411
13.863669872283936,10410
13.890773057937622,10409
13.917772769927979,10408
13.944621801376343,10407
13.971329927444458,10406
13.99895191192627,10405
14.02857780456543,10404
14.08106780052185,10403
14.108104944229126,10402
14.134943962097168,10401
14.161731958389282,10400
14.188408851623535,10399
14.215012788772583,10398
14.241728067398071,10397
14.268710851669312,10396
14.29682183265686,10395
14.32391881942749,10394
14.350882768630981,10393
14.378134727478027,10392
14.405002117156982,10391
14.432088851928711,10390
14.461617946624756,10389
14.491541862487793,10388
14.518635749816895,10387
14.54544997215271,10386
14.574697971343994,10385
14.601647853851318,10384
14.628726720809937,10383
14.655627727508545,10382
14.682638883590698,10381
14.709556102752686,10380
14.736317873001099,10379
14.763263940811157,10378
14.789788961410522,10377
14.81718897819519,10376
14.844408750534058,10375
14.871211767196655,10374
14.898709774017334,10373
14.92588496208191,10372
14.95329999923706,10371
14.98065185546875,10370
15.02857780456543,10369
15.055649757385254,10368
15.082643985748291,10367
15.10985779762268,10366
15.136920928955078,10365
15.16390585899353,10364
15.191491842269897,10363
15.2188138961792,10362
15.24644684791565,10361
15.273691892623901,10360
15.30075979232788,10359
15.329584836959839,10358
15.358560800552368,10357
15.385756969451904,10356
15.413026809692383,10355
15.439918994903564,10354
15.466994047164917,10353
15.493980884552002,10352
15.520898818969727,10351
15.548473834991455,10350
15.57734203338623,10349
15.603975057601929,10348
15.630980968475342,10347
15.6580970287323,10346
15.68447995185852,10345
15.71074104309082,10344
15.73693585395813,10343
15.763081073760986,10342
15.789378881454468,10341
15.815486907958984,10340
15.841540813446045,10339
15.868361949920654,10338
15.89488172531128,10337
15.92123293876648,10336
15.947565793991089,10335
15.973994731903076,10334
16.00030279159546,10333
16.026535987854004,10332
16.052750825881958,10331
16.07907795906067,10330
16.105167865753174,10329
16.131926774978638,10328
16.15826988220215,10327
16.18455410003662,10326
16.21107006072998,10325
16.23729395866394,10324
16.263540983200073,10323
16.28984308242798,10322
16.31619381904602,10321
16.343168020248413,10320
16.3697407245636,10319
16.402519941329956,10318
16.431596755981445,10317
16.458743810653687,10316
16.485633850097656,10315
16.51327395439148,10314
16.54096293449402,10313
16.569886922836304,10312
16.59953784942627,10311
16.62960171699524,10310
16.658735990524292,10309
16.685701847076416,10308
16.712629795074463,10307
16.73914885520935,10306
16.765453815460205,10305
16.791558980941772,10304
16.817431926727295,10303
16.843756914138794,10302
16.870060920715332,10301
16.896553993225098,10300
16.92273783683777,10299
16.94908881187439,10298
16.975214958190918,10297
17.001612901687622,10296
17.027845859527588,10295
17.053920030593872,10294
17.080151796340942,10293
17.106424808502197,10292
17.132458686828613,10291
17.158965826034546,10290
17.18595290184021,10289
17.21406602859497,10288
17.241123914718628,10287
17.267964839935303,10286
17.294490814208984,10285
17.321117877960205,10284
17.348451852798462,10283
17.37631392478943,10282
17.402946949005127,10281
17.429522037506104,10280
17.45581293106079,10279
17.482374906539917,10278
17.508654832839966,10277
17.535058975219727,10276
17.561619997024536,10275
17.5884051322937,10274
17.614961862564087,10273
17.641562938690186,10272
17.668092966079712,10271
17.69476580619812,10270
17.721805810928345,10269
17.748969078063965,10268
17.775811910629272,10267
17.80247402191162,10266
17.829463720321655,10265
17.85591411590576,10264
17.882909059524536,10263
17.912116050720215,10262
17.939969778060913,10261
17.967289924621582,10260
17.99523687362671,10259
18.022289991378784,10258
18.04921793937683,10257
18.076860904693604,10256
18.1041738986969,10255
18.13168692588806,10254
18.159174919128418,10253
18.186712980270386,10252
18.214295864105225,10251
18.24169397354126,10250
18.269945859909058,10249
18.297988891601562,10248
18.325451850891113,10247
18.35194993019104,10246
18.378439903259277,10245
18.404863119125366,10244
18.43153190612793,10243
18.458165884017944,10242
18.48476791381836,10241
18.511559009552002,10240
18.538198709487915,10239
18.5647029876709,10238
18.59125304222107,10237
18.61764097213745,10236
18.644109964370728,10235
18.670451879501343,10234
18.69678807258606,10233
18.723054885864258,10232
18.749335765838623,10231
18.776160717010498,10230
18.802870750427246,10229
18.83142900466919,10228
18.859226942062378,10227
18.886433839797974,10226
18.913991928100586,10225
18.94145703315735,10224
18.969071865081787,10223
18.996659994125366,10222
19.023884773254395,10221
19.052209854125977,10220
19.07976508140564,10219
19.107176065444946,10218
19.13453698158264,10217
19.162174940109253,10216
19.1895010471344,10215
19.21688985824585,10214
19.2441668510437,10213
19.273426055908203,10212
19.30077075958252,10211
19.328726768493652,10210
19.356210947036743,10209
19.383951902389526,10208
19.411679983139038,10207
19.43892788887024,10206
19.466298818588257,10205
19.493923902511597,10204
19.521408081054688,10203
19.549014806747437,10202
19.576311826705933,10201
19.603457927703857,10200
19.630972862243652,10199
19.658201932907104,10198
19.685243844985962,10197
19.713241815567017,10196
19.740509033203125,10195
19.767918825149536,10194
19.79566788673401,10193
19.823137760162354,10192
19.850465774536133,10191
19.8778178691864,10190
19.905110836029053,10189
19.93244194984436,10188
19.95969796180725,10187
19.98677897453308,10186
20.013995885849,10185
20.041194677352905,10184
20.0682430267334,10183
20.095672845840454,10182
20.122907876968384,10181
20.15106701850891,10180
20.178549766540527,10179
20.2061767578125,10178
20.23369288444519,10177
20.261107921600342,10176
20.288763999938965,10175
20.318300008773804,10174
20.34759783744812,10173
20.37604594230652,10172
20.40458083152771,10171
20.43668007850647,10170
20.466356992721558,10169
20.494724988937378,10168
20.52226495742798,10167
20.550267934799194,10166
20.579360008239746,10165
20.6063449382782,10164
20.632869958877563,10163
20.659323930740356,10162
20.685781717300415,10161
20.712429761886597,10160
20.738862991333008,10159
20.765622854232788,10158
20.792895078659058,10157
20.819610834121704,10156
20.84637975692749,10155
20.872788906097412,10154
20.899513959884644,10153
20.92605495452881,10152
20.954927921295166,10151
20.98469376564026,10150
21.012298107147217,10149
21.03956890106201,10148
21.06673789024353,10147
21.09528875350952,10146
21.122269868850708,10145
21.149224996566772,10144
21.17579197883606,10143
21.202409029006958,10142
21.233126878738403,10141
21.260926008224487,10140
21.28751802444458,10139
21.314136743545532,10138
21.34056568145752,10137
21.36690902709961,10136
21.39327073097229,10135
21.421082973480225,10134
21.448364734649658,10133
21.47660493850708,10132
21.506630897521973,10131
21.535765886306763,10130
21.564768075942993,10129
21.593434810638428,10128
21.622668743133545,10127
21.651651859283447,10126
21.681113958358765,10125
21.711018085479736,10124
21.738585948944092,10123
21.79254984855652,10122
21.81957983970642,10121
21.846237897872925,10120
21.87283205986023,10119
21.899592876434326,10118
21.926193952560425,10117
21.95265793800354,10116
21.97930407524109,10115
22.00568675994873,10114
22.032296895980835,10113
22.058770895004272,10112
22.085217714309692,10111
22.11180090904236,10110
22.138933897018433,10109
22.166493892669678,10108
22.193281888961792,10107
22.22104573249817,10106
22.248049020767212,10105
22.27496576309204,10104
22.31308889389038,10103
22.33964705467224,10102
22.36685585975647,10101
22.393546104431152,10100
22.42016291618347,10099
22.44692087173462,10098
22.473464965820312,10097
22.50001072883606,10096
22.526530742645264,10095
22.55436873435974,10094
22.58302903175354,10093
22.61571192741394,10092
22.64506769180298,10091
22.67237901687622,10090
22.702638864517212,10089
22.73314905166626,10088
22.763481855392456,10087
22.79391384124756,10086
22.824084997177124,10085
22.857390880584717,10084
22.88632082939148,10083
22.91415786743164,10082
22.94130277633667,10081
22.968990087509155,10080
22.996428728103638,10079
23.02367377281189,10078
23.050931930541992,10077
23.077666759490967,10076
23.10479497909546,10075
23.132071018218994,10074
23.15911889076233,10073
23.186097860336304,10072
23.213456869125366,10071
23.260519981384277,10070
23.287445068359375,10069
23.314379692077637,10068
23.341100931167603,10067
23.36979389190674,10066
23.39659595489502,10065
23.42343783378601,10064
23.4502170085907,10063
23.47757077217102,10062
23.504344940185547,10061
23.531403064727783,10060
23.558518886566162,10059
23.588326930999756,10058
23.617156982421875,10057
23.64557981491089,10056
23.672339916229248,10055
23.698853969573975,10054
23.72535467147827,10053
23.752119779586792,10052
23.77990984916687,10051
23.80748200416565,10050
23.834613800048828,10049
23.86139488220215,10048
23.88813090324402,10047
23.91515874862671,10046
23.942929983139038,10045
23.970537900924683,10044
23.99845576286316,10043
24.025466918945312,10042
24.052971839904785,10041
24.080914974212646,10040
24.108267784118652,10039
24.13611078262329,10038
24.16499090194702,10037
24.192311763763428,10036
24.21938395500183,10035
24.24660587310791,10034
24.27397894859314,10033
24.301580905914307,10032
24.330445766448975,10031
24.362902879714966,10030
24.396965980529785,10029
24.46037983894348,10028
24.51533603668213,10027
24.570730686187744,10026
24.599384784698486,10025
24.632016897201538,10024
24.663222789764404,10023
24.69239091873169,10022
24.729127883911133,10021
24.760995864868164,10020
24.791651964187622,10019
24.822176694869995,10018
24.86824893951416,10017
24.89828586578369,10016
24.92803692817688,10015
24.96337580680847,10014
24.99361801147461,10013
25.02284812927246,10012
25.053754806518555,10011
25.0853488445282,10010
25.117352962493896,10009
25.14776301383972,10008
25.177310943603516,10007
25.209837913513184,10006
25.24322009086609,10005
25.278997898101807,10004
25.312764883041382,10003
25.34108281135559,10002
25.37197971343994,10001
25.404496908187866,10000
25.43969702720642,9999
25.473755836486816,9998
25.508866786956787,9997
25.550593852996826,9996
25.583636045455933,9995
25.624788999557495,9994
25.65559983253479,9993
25.690505027770996,9992
25.72198987007141,9991
25.75608777999878,9990
25.786781072616577,9989
25.814037799835205,9988
25.841460943222046,9987
25.868531942367554,9986
25.896785020828247,9985
25.92517590522766,9984
25.95533585548401,9983
25.986252784729004,9982
26.017355918884277,9981
26.04913592338562,9980
26.08337903022766,9979
26.119385957717896,9978
26.149821996688843,9977
26.179874897003174,9976
26.211068868637085,9975
26.24145483970642,9974
26.272472858428955,9973
26.30023980140686,9972
26.328032732009888,9971
26.356009006500244,9970
26.38414978981018,9969
26.415032863616943,9968
26.44471001625061,9967
26.47318196296692,9966
26.501152753829956,9965
26.529286861419678,9964
26.557131052017212,9963
26.586208820343018,9962
26.614057064056396,9961
26.641820907592773,9960
26.669700860977173,9959
26.69767999649048,9958
26.72587299346924,9957
26.753912925720215,9956
26.78220295906067,9955
26.810000896453857,9954
26.83753991127014,9953
26.86526894569397,9952
26.89458179473877,9951
26.9234299659729,9950
26.952095985412598,9949
26.97941303253174,9948
27.00634789466858,9947
27.033296823501587,9946
27.061360836029053,9945
27.088855743408203,9944
27.11609673500061,9943
27.14339590072632,9942
27.170099020004272,9941
27.196992874145508,9940
27.22346305847168,9939
27.249841928482056,9938
27.27658200263977,9937
27.30304789543152,9936
27.329368829727173,9935
27.355599880218506,9934
27.382040977478027,9933
27.408814907073975,9932
27.435394763946533,9931
27.461845874786377,9930
27.48815083503723,9929
27.514600038528442,9928
27.540912866592407,9927
27.567383766174316,9926
27.593963861465454,9925
27.620385885238647,9924
27.646996021270752,9923
27.673285961151123,9922
27.699715852737427,9921
27.72622585296631,9920
27.75261688232422,9919
27.779090881347656,9918
27.80546283721924,9917
27.831729888916016,9916
27.85808801651001,9915
27.884410858154297,9914
27.91071581840515,9913
27.937018871307373,9912
27.96329092979431,9911
27.98948383331299,9910
28.015825033187866,9909
28.04223895072937,9908
28.06860589981079,9907
28.095107793807983,9906
28.122291088104248,9905
28.148889780044556,9904
28.17536497116089,9903
28.2016658782959,9902
28.227969884872437,9901
28.277731895446777,9900
28.30391788482666,9899
28.330286979675293,9898
28.356867790222168,9897
28.384368896484375,9896
28.411985874176025,9895
28.43885588645935,9894
28.46566414833069,9893
28.492268800735474,9892
28.518842935562134,9891
28.54560375213623,9890
28.572232961654663,9889
28.59907579421997,9888
28.626768827438354,9887
28.65428376197815,9886
28.68117594718933,9885
28.707993984222412,9884
28.734719038009644,9883
28.761602878570557,9882
28.788393020629883,9881
28.815229892730713,9880
28.84199094772339,9879
28.868578910827637,9878
28.89574885368347,9877
28.922389030456543,9876
28.948901891708374,9875
28.975674867630005,9874
29.002609968185425,9873
29.029347896575928,9872
29.055927753448486,9871
29.08261799812317,9870
29.10938596725464,9869
29.136126041412354,9868
29.166412830352783,9867
29.19493579864502,9866
29.221735954284668,9865
29.248591899871826,9864
29.27515983581543,9863
29.30200505256653,9862
29.32947278022766,9861
29.356945991516113,9860
29.384209871292114,9859
29.411235809326172,9858
29.437878847122192,9857
29.464526891708374,9856
29.49107789993286,9855
29.53028893470764,9854
29.556864023208618,9853
29.58340287208557,9852
29.610379695892334,9851
29.637303829193115,9850
29.664323806762695,9849
29.693482875823975,9848
29.72037386894226,9847
29.74747085571289,9846
29.774390697479248,9845
29.801234006881714,9844
29.828014850616455,9843
29.855203866958618,9842
29.882166862487793,9841
29.908989906311035,9840
29.93582797050476,9839
29.962750911712646,9838
29.98953676223755,9837
30.01644802093506,9836
30.043169736862183,9835
30.06998896598816,9834
30.096672773361206,9833
30.1233811378479,9832
30.150038719177246,9831
30.176835775375366,9830
30.20517086982727,9829
30.234397888183594,9828
30.26342797279358,9827
30.291897773742676,9826
30.319339752197266,9825
30.34776782989502,9824
30.379267930984497,9823
30.407867908477783,9822
30.436344861984253,9821
30.463514804840088,9820
30.49001979827881,9819
30.516829013824463,9818
30.543535947799683,9817
30.570197105407715,9816
30.59753394126892,9815
30.625011920928955,9814
30.653056859970093,9813
30.68170404434204,9812
30.70871877670288,9811
30.736449718475342,9810
30.763458728790283,9809
30.790188789367676,9808
30.81694984436035,9807
30.84372091293335,9806
30.870479822158813,9805
30.897358894348145,9804
30.923954010009766,9803
30.950801849365234,9802
30.97766900062561,9801
31.00440502166748,9800
31.0312819480896,9799
31.058207035064697,9798
31.084956884384155,9797
31.112009048461914,9796
31.138765811920166,9795
31.16569185256958,9794
31.19288992881775,9793
31.22001075744629,9792
31.2477867603302,9791
31.280321836471558,9790
31.30764603614807,9789
31.335152864456177,9788
31.36265778541565,9787
31.391140937805176,9786
31.418484926223755,9785
31.44589400291443,9784
31.472314834594727,9783
31.498516082763672,9782
31.524636030197144,9781
31.550742864608765,9780
31.57779097557068,9779
31.604455947875977,9778
31.630797863006592,9777
31.657174825668335,9776
31.683729887008667,9775
31.71001386642456,9774
31.736421823501587,9773
31.76267981529236,9772
31.78919291496277,9771
31.8156099319458,9770
31.841763973236084,9769
31.86790895462036,9768
31.89441990852356,9767
31.92065191268921,9766
31.947110891342163,9765
31.973536014556885,9764
31.999868869781494,9763
32.02630400657654,9762
32.05262279510498,9761
32.07895469665527,9760
32.105366706848145,9759
32.131474018096924,9758
32.15780591964722,9757
32.184098958969116,9756
32.21042990684509,9755
32.23685693740845,9754
32.26336908340454,9753
32.2897207736969,9752
32.31623291969299,9751
32.34257698059082,9750
32.3687698841095,9749
32.39509987831116,9748
32.42343497276306,9747
32.450855016708374,9746
32.47790789604187,9745
32.50470781326294,9744
32.532272815704346,9743
32.55961084365845,9742
32.586774826049805,9741
32.61410903930664,9740
32.64140486717224,9739
32.668537855148315,9738
32.69602584838867,9737
32.72312569618225,9736
32.750223875045776,9735
32.777374029159546,9734
32.82904577255249,9733
32.8563449382782,9732
32.883902072906494,9731
32.91141104698181,9730
32.938902854919434,9729
32.96628475189209,9728
32.993661880493164,9727
33.02082395553589,9726
33.04835891723633,9725
33.07553291320801,9724
33.10284090042114,9723
33.130297899246216,9722
33.157346963882446,9721
33.18468475341797,9720
33.212220907211304,9719
33.23975205421448,9718
33.26745390892029,9717
33.2957808971405,9716
33.323445081710815,9715
33.35097599029541,9714
33.378397941589355,9713
33.40587878227234,9712
33.433379888534546,9711
33.46061301231384,9710
33.487592935562134,9709
33.515182971954346,9708
33.542973041534424,9707
33.569692850112915,9706
33.596144914627075,9705
33.622575998306274,9704
33.64891290664673,9703
33.675232887268066,9702
33.70141792297363,9701
33.727784872055054,9700
33.754119873046875,9699
33.78022885322571,9698
33.80632495880127,9697
33.832704067230225,9696
33.859065771102905,9695
33.88553786277771,9694
33.9119827747345,9693
33.938602685928345,9692
33.9650239944458,9691
33.99136996269226,9690
34.01771879196167,9689
34.04408288002014,9688
34.070215940475464,9687
34.096513748168945,9686
34.12254810333252,9685
34.1490478515625,9684
34.17550086975098,9683
34.20175790786743,9682
34.24338102340698,9681
34.2697811126709,9680
34.29612398147583,9679
34.32262086868286,9678
34.34917998313904,9677
34.37531590461731,9676
34.401500940322876,9675
34.427956104278564,9674
34.45429587364197,9673
34.48074769973755,9672
34.507083892822266,9671
34.53349471092224,9670
34.55976390838623,9669
34.58630895614624,9668
34.6126708984375,9667
34.63887071609497,9666
34.664992809295654,9665
34.6913480758667,9664
34.71743583679199,9663
34.74355101585388,9662
34.76996684074402,9661
34.7961859703064,9660
34.82245492935181,9659
34.84877300262451,9658
34.875022888183594,9657
34.90133190155029,9656
34.92753887176514,9655
34.9539589881897,9654
34.98094177246094,9653
35.0075159072876,9652
35.03376793861389,9651
35.059746742248535,9650
35.086081743240356,9649
35.11241888999939,9648
35.13872480392456,9647
35.16491770744324,9646
35.19116806983948,9645
35.217357873916626,9644
35.243659019470215,9643
35.26990079879761,9642
35.297565937042236,9641
35.32538080215454,9640
35.353232860565186,9639
35.38044500350952,9638
35.40851283073425,9637
35.43582487106323,9636
35.46313500404358,9635
35.4902868270874,9634
35.51762580871582,9633
35.54473686218262,9632
35.57195711135864,9631
35.601685762405396,9630
35.632807970047,9629
35.665117025375366,9628
35.69671297073364,9627
35.728594064712524,9626
35.76411771774292,9625
35.79993772506714,9624
35.83143997192383,9623
35.85938596725464,9622
35.88830494880676,9621
35.91732478141785,9620
35.94430589675903,9619
35.97100281715393,9618
35.997962951660156,9617
36.024681091308594,9616
36.05133080482483,9615
36.07810091972351,9614
36.104920864105225,9613
36.131834983825684,9612
36.15868878364563,9611
36.18558073043823,9610
36.21252369880676,9609
36.239309787750244,9608
36.26657485961914,9607
36.29357290267944,9606
36.32069206237793,9605
36.347702741622925,9604
36.37445783615112,9603
36.401268005371094,9602
36.428277015686035,9601
36.455008029937744,9600
36.48202991485596,9599
36.51247191429138,9598
36.54204082489014,9597
36.57117795944214,9596
36.598774909973145,9595
36.630784034729004,9594
36.66261696815491,9593
36.69146394729614,9592
36.72040390968323,9591
36.750006914138794,9590
36.779364824295044,9589
36.80845499038696,9588
36.83756971359253,9587
36.86697196960449,9586
36.89617681503296,9585
36.92562174797058,9584
36.953078746795654,9583
36.98018789291382,9582
37.007039070129395,9581
37.037128925323486,9580
37.068795919418335,9579
37.09771990776062,9578
37.12642478942871,9577
37.15337610244751,9576
37.18042874336243,9575
37.2072319984436,9574
37.236735105514526,9573
37.26391887664795,9572
37.29071092605591,9571
37.31772184371948,9570
37.345268964767456,9569
37.37247180938721,9568
37.39949297904968,9567
37.440917015075684,9566
37.467822790145874,9565
37.49472498893738,9564
37.52172589302063,9563
37.54889512062073,9562
37.57563495635986,9561
37.60325384140015,9560
37.63072395324707,9559
37.6574649810791,9558
37.68434381484985,9557
37.711118936538696,9556
37.750993967056274,9555
37.7780818939209,9554
37.804991006851196,9553
37.85482597351074,9552
37.88336396217346,9551
37.910741090774536,9550
37.93763995170593,9549
37.96461892127991,9548
37.99125099182129,9547
38.017998933792114,9546
38.0446298122406,9545
38.07145404815674,9544
38.09843683242798,9543
38.125195026397705,9542
38.15199589729309,9541
38.17893195152283,9540
38.20562291145325,9539
38.232661724090576,9538
38.279786109924316,9537
38.30683493614197,9536
38.3337197303772,9535
38.36058497428894,9534
38.38785791397095,9533
38.41619372367859,9532
38.443195819854736,9531
38.46998882293701,9530
38.496947050094604,9529
38.52376580238342,9528
38.55120277404785,9527
38.57837390899658,9526
38.60518193244934,9525
38.63229703903198,9524
38.65907883644104,9523
38.685734033584595,9522
38.71291995048523,9521
38.73977184295654,9520
38.766623973846436,9519
38.79351091384888,9518
38.82030391693115,9517
38.847378969192505,9516
38.87425374984741,9515
38.90105891227722,9514
38.92965006828308,9513
38.956358909606934,9512
38.983283042907715,9511
39.00999999046326,9510
39.036864042282104,9509
39.06591486930847,9508
39.09457278251648,9507
39.12167501449585,9506
39.148642778396606,9505
39.17562699317932,9504
39.20415687561035,9503
39.241965770721436,9502
39.28161287307739,9501
39.32883381843567,9500
39.36487889289856,9499
39.39674401283264,9498
39.424240827560425,9497
39.452287912368774,9496
39.47960877418518,9495
39.50646901130676,9494
39.53342080116272,9493
39.56020784378052,9492
39.586989879608154,9491
39.61384391784668,9490
39.641862869262695,9489
39.66890597343445,9488
39.6958749294281,9487
39.72321176528931,9486
39.75413680076599,9485
39.78301811218262,9484
39.81193780899048,9483
39.84016799926758,9482
39.86730885505676,9481
39.89441108703613,9480
39.92125391960144,9479
39.94835090637207,9478
39.97502279281616,9477
40.00175070762634,9476
40.028767108917236,9475
40.05540895462036,9474
40.08248996734619,9473
40.109493017196655,9472
40.13653206825256,9471
40.1642210483551,9470
40.19139003753662,9469
40.2187180519104,9468
40.24917387962341,9467
40.27874493598938,9466
40.305776834487915,9465
40.333377838134766,9464
40.36052680015564,9463
40.387239933013916,9462
40.41410684585571,9461
40.44175481796265,9460
40.46873092651367,9459
40.49560499191284,9458
40.522310972213745,9457
40.549225091934204,9456
40.57600498199463,9455
40.60293793678284,9454
40.629961013793945,9453
40.656858921051025,9452
40.68363094329834,9451
40.7103009223938,9450
40.737048864364624,9449
40.763995885849,9448
40.79201102256775,9447
40.81896781921387,9446
40.84579110145569,9445
40.87257409095764,9444
40.89945197105408,9443
40.92629384994507,9442
40.952964782714844,9441
40.97975397109985,9440
41.006255865097046,9439
41.03303098678589,9438
41.05989384651184,9437
41.08677005767822,9436
41.114442110061646,9435
41.14138603210449,9434
41.1680908203125,9433
41.194983959198,9432
41.22168493270874,9431
41.2485568523407,9430
41.27525997161865,9429
41.30199408531189,9428
41.32904505729675,9427
41.35572004318237,9426
41.38265299797058,9425
41.409605979919434,9424
41.4362907409668,9423
41.46317911148071,9422
41.489778995513916,9421
41.516704082489014,9420
41.54518985748291,9419
41.57239103317261,9418
41.59908199310303,9417
41.62589073181152,9416
41.65263891220093,9415
41.67942786216736,9414
41.706315755844116,9413
41.733312129974365,9412
41.76075601577759,9411
41.78758692741394,9410
41.81508994102478,9409
41.84194278717041,9408
41.87026381492615,9407
41.89748477935791,9406
41.92448902130127,9405
41.951350927352905,9404
41.978266954422,9403
42.00481104850769,9402
42.032264947891235,9401
42.059499740600586,9400
42.08665204048157,9399
42.113675117492676,9398
42.14074087142944,9397
42.167593002319336,9396
42.19458484649658,9395
42.22165298461914,9394
42.24856781959534,9393
42.27577996253967,9392
42.30260682106018,9391
42.32945990562439,9390
42.35653591156006,9389
42.38495588302612,9388
42.412423849105835,9387
42.439433097839355,9386
42.46661591529846,9385
42.49424695968628,9384
42.521190881729126,9383
42.54811882972717,9382
42.57506990432739,9381
42.60239291191101,9380
42.63035202026367,9379
42.66164207458496,9378
42.69798302650452,9377
42.729432821273804,9376
42.76131892204285,9375
42.79327583312988,9374
42.822168827056885,9373
42.849615812301636,9372
42.87723088264465,9371
42.90428876876831,9370
42.93198299407959,9369
42.960288763046265,9368
42.98965001106262,9367
43.0173499584198,9366
43.044463872909546,9365
43.071280002593994,9364
43.09818387031555,9363
43.12516379356384,9362
43.1520459651947,9361
43.17891597747803,9360
43.205491065979004,9359
43.23217797279358,9358
43.259273052215576,9357
43.28633093833923,9356
43.3140869140625,9355
43.34125804901123,9354
43.368212938308716,9353
43.39525103569031,9352
43.42225003242493,9351
43.44924879074097,9350
43.47619271278381,9349
43.50308680534363,9348
43.529953718185425,9347
43.5566668510437,9346
43.583712100982666,9345
43.61052083969116,9344
43.638176679611206,9343
43.66697978973389,9342
43.69626712799072,9341
43.72485899925232,9340
43.75283193588257,9339
43.78119206428528,9338
43.808207988739014,9337
43.835005044937134,9336
43.8617889881134,9335
43.88880705833435,9334
43.9157178401947,9333
43.942747831344604,9332
43.96959900856018,9331
43.99643301963806,9330
44.023282051086426,9329
44.05015587806702,9328
44.07716989517212,9327
44.10403275489807,9326
44.130841970443726,9325
44.157569885253906,9324
44.18441677093506,9323
44.211358070373535,9322
44.238011837005615,9321
44.26501107215881,9320
44.29184174537659,9319
44.318758964538574,9318
44.34585690498352,9317
44.37266182899475,9316
44.39956212043762,9315
44.42648196220398,9314
44.453184843063354,9313
44.480106830596924,9312
44.50706386566162,9311
44.5338819026947,9310
44.56068992614746,9309
44.58745193481445,9308
44.61432671546936,9307
44.641152143478394,9306
44.66817593574524,9305
44.698195934295654,9304
44.727004051208496,9303
44.75399899482727,9302
44.781014919281006,9301
44.80783796310425,9300
44.8347909450531,9299
44.861769914627075,9298
44.88854479789734,9297
44.91548490524292,9296
44.94237399101257,9295
44.96965003013611,9294
44.99698781967163,9293
45.02391791343689,9292
45.050885915756226,9291
45.07778787612915,9290
45.10463070869446,9289
45.13159775733948,9288
45.15827488899231,9287
45.18513083457947,9286
45.21247911453247,9285
45.241065979003906,9284
45.26785588264465,9283
45.2947940826416,9282
45.321730852127075,9281
45.34945797920227,9280
45.376715898513794,9279
45.4047749042511,9278
45.43279790878296,9277
45.45965075492859,9276
45.486987829208374,9275
45.51405191421509,9274
45.54074501991272,9273
45.56738090515137,9272
45.594197034835815,9271
45.62076807022095,9270
45.647862911224365,9269
45.67473888397217,9268
45.70178484916687,9267
45.728671073913574,9266
45.75926208496094,9265
45.78628492355347,9264
45.813148021698,9263
45.83977389335632,9262
45.866647720336914,9261
45.89371871948242,9260
45.92048692703247,9259
45.94725203514099,9258
45.974254846572876,9257
46.00121998786926,9256
46.02837586402893,9255
46.05545091629028,9254
46.08246994018555,9253
46.11071586608887,9252
46.13826894760132,9251
46.16530799865723,9250
46.19228386878967,9249
46.21900296211243,9248
46.24603986740112,9247
46.27330994606018,9246
46.300341844558716,9245
46.32744884490967,9244
46.35450601577759,9243
46.38239908218384,9242
46.40953612327576,9241
46.436317920684814,9240
46.46318292617798,9239
46.4898247718811,9238
46.537285804748535,9237
46.56428289413452,9236
46.59100294113159,9235
46.61787986755371,9234
46.64479088783264,9233
46.67154788970947,9232
46.69871282577515,9231
46.72551202774048,9230
46.752328872680664,9229
46.77942395210266,9228
46.806304693222046,9227
46.833003759384155,9226
46.859633922576904,9225
46.88647794723511,9224
46.91356086730957,9223
46.94044876098633,9222
46.96756315231323,9221
46.99463510513306,9220
47.04523181915283,9219
47.07210183143616,9218
47.099249839782715,9217
47.126144886016846,9216
47.15310502052307,9215
47.180017948150635,9214
47.20665502548218,9213
47.23405694961548,9212
47.263794898986816,9211
47.29313373565674,9210
47.3225839138031,9209
47.352837800979614,9208
47.38394594192505,9207
47.415191888809204,9206
47.4488787651062,9205
47.47860312461853,9204
47.51864290237427,9203
47.596675872802734,9202
47.631834983825684,9201
47.66120672225952,9200
47.69019889831543,9199
47.718868017196655,9198
47.75004696846008,9197
47.78164315223694,9196
47.81292200088501,9195
47.84585499763489,9194
47.87612199783325,9193
47.90548491477966,9192
47.93367791175842,9191
47.96188807487488,9190
47.989956855773926,9189
48.01813101768494,9188
48.04711198806763,9187
48.078083753585815,9186
48.10919404029846,9185
48.140737771987915,9184
48.17223787307739,9183
48.20261192321777,9182
48.23310589790344,9181
48.264731884002686,9180
48.29512095451355,9179
48.32397699356079,9178
48.351868867874146,9177
48.37968897819519,9176
48.40759468078613,9175
48.43504190444946,9174
48.46245098114014,9173
48.48969292640686,9172
48.51692986488342,9171
48.54421377182007,9170
48.57123780250549,9169
48.59826993942261,9168
48.62522506713867,9167
48.652204751968384,9166
48.67917799949646,9165
48.7059109210968,9164
48.732929706573486,9163
48.75971007347107,9162
48.787261962890625,9161
48.81440091133118,9160
48.84123992919922,9159
48.868239879608154,9158
48.895994901657104,9157
48.923945903778076,9156
48.95110297203064,9155
48.978288888931274,9154
49.005369901657104,9153
49.032965898513794,9152
49.060184955596924,9151
49.087810754776,9150
49.116668939590454,9149
49.14431071281433,9148
49.17149591445923,9147
49.19889998435974,9146
49.22605800628662,9145
49.253140926361084,9144
49.280362129211426,9143
49.308456897735596,9142
49.33656692504883,9141
49.36367082595825,9140
49.391258001327515,9139
49.418482065200806,9138
49.445637941360474,9137
49.472532987594604,9136
49.499876976013184,9135
49.52695679664612,9134
49.554197788238525,9133
49.58153772354126,9132
49.60878586769104,9131
49.63591194152832,9130
49.663190841674805,9129
49.69011092185974,9128
49.71745681762695,9127
49.745752811431885,9126
49.773263931274414,9125
49.80053091049194,9124
49.82798981666565,9123
49.85611605644226,9122
49.8835608959198,9121
49.91098880767822,9120
49.938405990600586,9119
49.965790033340454,9118
49.99312376976013,9117
50.020089864730835,9116
50.04731297492981,9115
50.074315786361694,9114
50.10270094871521,9113
50.13004183769226,9112
50.15743279457092,9111
50.184659004211426,9110
50.211997985839844,9109
50.23939275741577,9108
50.2666277885437,9107
50.29360294342041,9106
50.32068204879761,9105
50.34789490699768,9104
50.376991987228394,9103
50.404215812683105,9102
50.43179774284363,9101
50.47871994972229,9100
50.505687952041626,9099
50.53276991844177,9098
50.56020212173462,9097
50.587146043777466,9096
50.61434507369995,9095
50.6416699886322,9094
50.66899108886719,9093
50.69698905944824,9092
50.7245728969574,9091
50.75174403190613,9090
50.77909302711487,9089
50.805948972702026,9088
50.83369493484497,9087
50.86147093772888,9086
50.88852000236511,9085
50.91562509536743,9084
50.942670822143555,9083
50.969679832458496,9082
50.99678897857666,9081
51.0239520072937,9080
51.05125594139099,9079
51.0788140296936,9078
51.10592603683472,9077
51.133102893829346,9076
51.16035485267639,9075
51.187702894210815,9074
51.21486496925354,9073
51.242116928100586,9072
51.26923394203186,9071
51.29648184776306,9070
51.32681083679199,9069
51.35698699951172,9068
51.38468885421753,9067
51.41240191459656,9066
51.4396858215332,9065
51.46700191497803,9064
51.49418091773987,9063
51.521244049072266,9062
51.548481941223145,9061
51.5755090713501,9060
51.602510929107666,9059
51.62984085083008,9058
51.6568808555603,9057
51.683984994888306,9056
51.71135902404785,9055
51.73867702484131,9054
51.765899896621704,9053
51.79442000389099,9052
51.82178997993469,9051
51.85011100769043,9050
51.87808084487915,9049
51.90537190437317,9048
51.952412843704224,9047
51.97977304458618,9046
52.00723195075989,9045
52.03476691246033,9044
52.06208395957947,9043
52.089388847351074,9042
52.11651587486267,9041
52.14362692832947,9040
52.170745849609375,9039
52.19834494590759,9038
52.225409746170044,9037
52.252614974975586,9036
52.279762983322144,9035
52.30781888961792,9034
52.33535075187683,9033
52.36268973350525,9032
52.39476299285889,9031
52.42234182357788,9030
52.44969892501831,9029
52.476881980895996,9028
52.50391888618469,9027
52.531373739242554,9026
52.55909299850464,9025
52.58618402481079,9024
52.61389493942261,9023
52.64137601852417,9022
52.668694734573364,9021
52.69598984718323,9020
52.7232768535614,9019
52.751051902770996,9018
52.77831506729126,9017
52.80548286437988,9016
52.83261704444885,9015
52.85989594459534,9014
52.887184858322144,9013
52.91657876968384,9012
52.944376945495605,9011
52.97193789482117,9010
52.99858593940735,9009
53.02510690689087,9008
53.05187106132507,9007
53.07831692695618,9006
53.1047797203064,9005
53.131311893463135,9004
53.15774583816528,9003
53.184101819992065,9002
53.21048879623413,9001
53.23708391189575,9000
53.26351070404053,8999
53.28961992263794,8998
53.31623291969299,8997
53.34276270866394,8996
53.36907696723938,8995
53.3976788520813,8994
53.427414894104004,8993
53.45482301712036,8992
53.482085943222046,8991
53.509092807769775,8990
53.53617072105408,8989
53.56553792953491,8988
53.624191999435425,8987
53.65180706977844,8986
53.67910981178284,8985
53.70614290237427,8984
53.733333110809326,8983
53.760616064071655,8982
53.78762888908386,8981
53.816099882125854,8980
53.84542798995972,8979
53.87272500991821,8978
53.90043091773987,8977
53.92752385139465,8976
53.95544505119324,8975
53.98417377471924,8974
54.01211500167847,8973
54.03952193260193,8972
54.06691002845764,8971
54.09438180923462,8970
54.124088764190674,8969
54.153302907943726,8968
54.18287491798401,8967
54.21229600906372,8966
54.24052691459656,8965
54.267756938934326,8964
54.29502296447754,8963
54.32245898246765,8962
54.34992694854736,8961
54.37799882888794,8960
54.40528702735901,8959
54.43277597427368,8958
54.46026873588562,8957
54.48807978630066,8956
54.51561784744263,8955
54.54275679588318,8954
54.56997299194336,8953
54.59718990325928,8952
54.62413191795349,8951
54.65140390396118,8950
54.67872905731201,8949
54.70591378211975,8948
54.73320508003235,8947
54.76041293144226,8946
54.78771901130676,8945
54.81523275375366,8944
54.84278988838196,8943
54.875149965286255,8942
54.90439295768738,8941
54.93306303024292,8940
54.96121406555176,8939
54.988028049468994,8938
55.01617693901062,8937
55.04513478279114,8936
55.07187581062317,8935
55.0981719493866,8934
55.12454414367676,8933
55.15094995498657,8932
55.17716574668884,8931
55.20340895652771,8930
55.229653120040894,8929
55.255863904953,8928
55.28207087516785,8927
55.30843710899353,8926
55.33481979370117,8925
55.361472845077515,8924
55.391971826553345,8923
55.42106509208679,8922
55.45362687110901,8921
55.48323392868042,8920
55.5119047164917,8919
55.53928303718567,8918
55.56640076637268,8917
55.593611001968384,8916
55.620479106903076,8915
55.64799189567566,8914
55.67550492286682,8913
55.702812910079956,8912
55.730408906936646,8911
55.75776696205139,8910
55.784976959228516,8909
55.812363147735596,8908
55.839285135269165,8907
55.86642599105835,8906
55.92098689079285,8905
55.94897794723511,8904
55.97647285461426,8903
56.003633975982666,8902
56.03122901916504,8901
56.05859994888306,8900
56.08572793006897,8899
56.11294603347778,8898
56.14060091972351,8897
56.16787576675415,8896
56.195157051086426,8895
56.222219705581665,8894
56.249326944351196,8893
56.27663993835449,8892
56.3038170337677,8891
56.331212759017944,8890
56.3586688041687,8889
56.38583779335022,8888
56.41339302062988,8887
56.44370174407959,8886
56.47089385986328,8885
56.49816679954529,8884
56.52516198158264,8883
56.55251479148865,8882
56.57977604866028,8881
56.6066358089447,8880
56.6339647769928,8879
56.66122889518738,8878
56.6884708404541,8877
56.71605086326599,8876
56.743345975875854,8875
56.77044105529785,8874
56.79772090911865,8873
56.824832916259766,8872
56.851993799209595,8871
56.87893986701965,8870
56.9060218334198,8869
56.933189868927,8868
56.96292209625244,8867
56.99013590812683,8866
57.01752185821533,8865
57.04468584060669,8864
57.07179498672485,8863
57.09916281700134,8862
57.14693593978882,8861
57.17401099205017,8860
57.201154947280884,8859
57.2284939289093,8858
57.25543189048767,8857
57.282713890075684,8856
57.310046911239624,8855
57.337332010269165,8854
57.36473202705383,8853
57.392350912094116,8852
57.4196879863739,8851
57.44900369644165,8850
57.48011088371277,8849
57.50959277153015,8848
57.539124965667725,8847
57.568690061569214,8846
57.59797477722168,8845
57.62718176841736,8844
57.65548396110535,8843
57.682332038879395,8842
57.709476947784424,8841
57.73616290092468,8840
57.7626678943634,8839
57.789067029953,8838
57.81558680534363,8837
57.8418550491333,8836
57.868268728256226,8835
57.89638900756836,8834
57.92439579963684,8833
57.95160675048828,8832
57.97914981842041,8831
58.01118183135986,8830
58.04201674461365,8829
58.07085704803467,8828
58.09828209877014,8827
58.12569880485535,8826
58.15281271934509,8825
58.18002796173096,8824
58.206660985946655,8823
58.252442836761475,8822
58.27981090545654,8821
58.307108879089355,8820
58.334070920944214,8819
58.36132192611694,8818
58.38843393325806,8817
58.41578388214111,8816
58.44264101982117,8815
58.46959686279297,8814
58.496678829193115,8813
58.52556610107422,8812
58.553120136260986,8811
58.58050179481506,8810
58.60747981071472,8809
58.635225772857666,8808
58.66276788711548,8807
58.68971872329712,8806
58.71692991256714,8805
58.74418783187866,8804
58.77137589454651,8803
58.798720836639404,8802
58.825870990753174,8801
58.85287404060364,8800
58.88017797470093,8799
58.907532930374146,8798
58.93458580970764,8797
58.9618239402771,8796
58.98887777328491,8795
59.016313791275024,8794
59.044914960861206,8793
59.072364807128906,8792
59.09956097602844,8791
59.15365290641785,8790
59.18080496788025,8789
59.20802903175354,8788
59.23487591743469,8787
59.26198887825012,8786
59.289066791534424,8785
59.31597185134888,8784
59.34428596496582,8783
59.371315002441406,8782
59.39836287498474,8781
59.425965785980225,8780
59.45317578315735,8779
59.480193853378296,8778
59.507020711898804,8777
59.534271001815796,8776
59.56202292442322,8775
59.59078001976013,8774
59.61904191970825,8773
59.64814805984497,8772
59.67628288269043,8771
59.70374393463135,8770
59.735705852508545,8769
59.76528596878052,8768
59.794325828552246,8767
59.82207798957825,8766
59.849177837371826,8765
59.87625288963318,8764
59.903825998306274,8763
59.930874824523926,8762
59.95798468589783,8761
59.98517298698425,8760
60.01304793357849,8759
60.0417160987854,8758
60.06898784637451,8757
60.09741973876953,8756
60.12501382827759,8755
60.15225887298584,8754
60.179306745529175,8753
60.2077898979187,8752
60.23784303665161,8751
60.2683527469635,8750
60.29996085166931,8749
60.33013367652893,8748
60.357800006866455,8747
60.38524293899536,8746
60.4134578704834,8745
60.44077801704407,8744
60.4679319858551,8743
60.49522590637207,8742
60.522435903549194,8741
60.54965591430664,8740
60.57692289352417,8739
60.61468982696533,8738
60.67077302932739,8737
60.703925132751465,8736
60.7350218296051,8735
60.76600885391235,8734
60.79660701751709,8733
60.82609701156616,8732
60.85453796386719,8731
60.88300800323486,8730
60.911783933639526,8729
60.93971371650696,8728
60.967689037323,8727
61.00845909118652,8726
61.036579847335815,8725
61.06482291221619,8724
61.09288573265076,8723
61.12074398994446,8722
61.14955711364746,8721
61.178608894348145,8720
61.206859827041626,8719
61.23484492301941,8718
61.2633957862854,8717
61.291281938552856,8716
61.31943678855896,8715
61.347232818603516,8714
61.389336824417114,8713
61.41575574874878,8712
61.44310474395752,8711
61.47028589248657,8710
61.497071981430054,8709
61.523908853530884,8708
61.5504629611969,8707
61.57688307762146,8706
61.60324001312256,8705
61.629448890686035,8704
61.65606880187988,8703
61.6828088760376,8702
61.70929169654846,8701
61.73591995239258,8700
61.76302695274353,8699
61.78970193862915,8698
61.816352128982544,8697
61.84398794174194,8696
61.870765924453735,8695
61.89772701263428,8694
61.92390298843384,8693
61.950199842453,8692
61.97690987586975,8691
62.00357484817505,8690
62.02999401092529,8689
62.056421995162964,8688
62.082605838775635,8687
62.10901474952698,8686
62.135286808013916,8685
62.161813735961914,8684
62.18865180015564,8683
62.21738290786743,8682
62.246407985687256,8681
62.27503490447998,8680
62.30354690551758,8679
62.331298828125,8678
62.3583779335022,8677
62.38491773605347,8676
62.412373781204224,8675
62.440385818481445,8674
62.46754169464111,8673
62.494828939437866,8672
62.52187705039978,8671
62.549057722091675,8670
62.57630491256714,8669
62.6033570766449,8668
62.63090109825134,8667
62.658530950546265,8666
62.685791969299316,8665
62.71447467803955,8664
62.74311399459839,8663
62.769922733306885,8662
62.798295736312866,8661
62.82600402832031,8660
62.85465669631958,8659
62.907469749450684,8658
62.93825006484985,8657
62.96686291694641,8656
62.99424386024475,8655
63.02138590812683,8654
63.049025774002075,8653
63.07726788520813,8652
63.1047739982605,8651
63.13250184059143,8650
63.159873723983765,8649
63.186903953552246,8648
63.21412110328674,8647
63.24223184585571,8646
63.26999306678772,8645
63.297656774520874,8644
63.3254029750824,8643
63.352356910705566,8642
63.37937784194946,8641
63.40802788734436,8640
63.4353609085083,8639
63.462738037109375,8638
63.48998475074768,8637
63.51709485054016,8636
63.544267892837524,8635
63.571473836898804,8634
63.59873580932617,8633
63.64299201965332,8632
63.67015099525452,8631
63.69744896888733,8630
63.724833726882935,8629
63.75202178955078,8628
63.77927899360657,8627
63.8064398765564,8626
63.83433389663696,8625
63.86203980445862,8624
63.889455795288086,8623
63.91674304008484,8622
63.94429278373718,8621
63.97252678871155,8620
63.9994797706604,8619
64.02595090866089,8618
64.0522518157959,8617
64.07862997055054,8616
64.10507702827454,8615
64.13138580322266,8614
64.15779209136963,8613
64.18404197692871,8612
64.21024990081787,8611
64.23656296730042,8610
64.26306796073914,8609
64.28935408592224,8608
64.31596183776855,8607
64.34259104728699,8606
64.36905097961426,8605
64.39714884757996,8604
64.42487001419067,8603
64.45200896263123,8602
64.47920894622803,8601
64.50653982162476,8600
64.53377389907837,8599
64.56111693382263,8598
64.58870196342468,8597
64.61629700660706,8596
64.64390206336975,8595
64.67126798629761,8594
64.69860577583313,8593
64.72650980949402,8592
64.75374794006348,8591
64.78153204917908,8590
64.81079196929932,8589
64.84326004981995,8588
64.87075209617615,8587
64.89800691604614,8586
64.92581295967102,8585
64.9535539150238,8584
64.98127794265747,8583
65.00928378105164,8582
65.03672790527344,8581
65.06428980827332,8580
65.09166502952576,8579
65.11896777153015,8578
65.1462709903717,8577
65.17332100868225,8576
65.20047807693481,8575
65.24305176734924,8574
65.2703230381012,8573
65.29753613471985,8572
65.3246500492096,8571
65.35422396659851,8570
65.38219285011292,8569
65.40953087806702,8568
65.43674612045288,8567
65.46424794197083,8566
65.49142098426819,8565
65.51848196983337,8564
65.54561996459961,8563
65.57275772094727,8562
65.5999608039856,8561
65.62728571891785,8560
65.65432500839233,8559
65.68172192573547,8558
65.70896601676941,8557
65.73614072799683,8556
65.76334190368652,8555
65.79051780700684,8554
65.81763696670532,8553
65.8448269367218,8552
65.8717188835144,8551
65.89951395988464,8550
65.92856097221375,8549
65.95602798461914,8548
66.00126194953918,8547
66.02861976623535,8546
66.07390284538269,8545
66.10149693489075,8544
66.12887406349182,8543
66.1559329032898,8542
66.18309473991394,8541
66.21046590805054,8540
66.23770594596863,8539
66.26538300514221,8538
66.29286479949951,8537
66.31995391845703,8536
66.34706902503967,8535
66.3940360546112,8534
66.44360685348511,8533
66.47068977355957,8532
66.4979338645935,8531
66.52532577514648,8530
66.55280685424805,8529
66.58058786392212,8528
66.60777187347412,8527
66.63499593734741,8526
66.66330099105835,8525
66.69081687927246,8524
66.71801996231079,8523
66.74507188796997,8522
66.7721209526062,8521
66.79951500892639,8520
66.82714605331421,8519
66.8545789718628,8518
66.88206696510315,8517
66.91025280952454,8516
66.93756294250488,8515
66.9649338722229,8514
67.01849293708801,8513
67.0458550453186,8512
67.07282590866089,8511
67.09958791732788,8510
67.12930798530579,8509
67.16386795043945,8508
67.19534587860107,8507
67.2268078327179,8506
67.25863575935364,8505
67.2934217453003,8504
67.32127285003662,8503
67.34902691841125,8502
67.37618589401245,8501
67.40332794189453,8500
67.43030786514282,8499
67.45702409744263,8498
67.48430895805359,8497
67.52046084403992,8496
67.5518798828125,8495
67.58130097389221,8494
67.60932278633118,8493
67.63628387451172,8492
67.66355204582214,8491
67.69053387641907,8490
67.71736574172974,8489
70.94211483001709,8488
70.96916484832764,8487
70.99606680870056,8486
71.02279591560364,8485
71.04965209960938,8484
71.07671189308167,8483
71.10457611083984,8482
71.13275599479675,8481
71.16092491149902,8480
71.19096398353577,8479
71.21914505958557,8478
71.24632287025452,8477
71.27331590652466,8476
71.30026292800903,8475
71.3274610042572,8474
71.35453391075134,8473
71.38184881210327,8472
71.40908193588257,8471
71.43585109710693,8470
71.47882771492004,8469
71.505362033844,8468
71.72282791137695,8467
72.73368573188782,8466
72.76072096824646,8465
72.78768682479858,8464
74.06622910499573,8463
74.62677478790283,8462
74.653813123703,8461
74.68098497390747,8460
74.7085509300232,8459
74.73545408248901,8458
74.76263785362244,8457
74.78995203971863,8456
74.83501386642456,8455
74.90419268608093,8454
74.94356799125671,8453
74.98725485801697,8452
75.03793787956238,8451
75.13173484802246,8450
75.15852975845337,8449
75.22072410583496,8448
75.24785494804382,8447
75.31510782241821,8446
75.41408085823059,8445
75.44095492362976,8444
75.48534679412842,8443
75.51246905326843,8442
75.53931403160095,8441
75.61797189712524,8440
75.64784073829651,8439
75.70524096488953,8438
75.73246908187866,8437
75.79837393760681,8436
75.82544898986816,8435
75.88749194145203,8434
75.91468286514282,8433
75.97987103462219,8432
76.03078985214233,8431
76.05755090713501,8430
76.1153769493103,8429
76.14236092567444,8428
76.20312309265137,8427
76.23016691207886,8426
76.30005884170532,8425
76.35378003120422,8424
76.39578771591187,8423
76.43923783302307,8422
76.46636605262756,8421
76.5426778793335,8420
76.56972599029541,8419
76.59681701660156,8418
76.62378883361816,8417
76.65070295333862,8416
76.7413489818573,8415
76.77847290039062,8414
76.83211874961853,8413
76.86594581604004,8412
76.95223689079285,8411
76.98039102554321,8410
77.0294599533081,8409
77.0563108921051,8408
77.1212260723114,8407
77.15019178390503,8406
77.20099687576294,8405
77.22790884971619,8404
77.28384590148926,8403
77.31106901168823,8402
77.35508298873901,8401
77.38226795196533,8400
77.45761895179749,8399
77.49785494804382,8398
77.52468299865723,8397
77.56887984275818,8396
77.61090183258057,8395
77.63792014122009,8394
77.69056487083435,8393
77.71763372421265,8392
77.78386378288269,8391
77.81376695632935,8390
77.88444805145264,8389
77.98304796218872,8388
78.00998187065125,8387
78.08401012420654,8386
78.11081981658936,8385
78.17968702316284,8384
78.25369787216187,8383
78.30428504943848,8382
78.35703682899475,8381
78.3864369392395,8380
78.44779396057129,8379
78.47663283348083,8378
78.5059118270874,8377
78.53507089614868,8376
78.56416082382202,8375
78.5915379524231,8374
78.61848998069763,8373
78.6876928806305,8372
78.71466875076294,8371
78.75927090644836,8370
78.80277585983276,8369
78.8679039478302,8368
78.89493370056152,8367
78.9481098651886,8366
79.01310086250305,8365
79.04177689552307,8364
79.10489773750305,8363
79.13185000419617,8362
79.19806385040283,8361
79.22482800483704,8360
79.27966976165771,8359
79.33180689811707,8358
79.35895204544067,8357
79.43653297424316,8356
79.46346592903137,8355
79.53537487983704,8354
79.56427502632141,8353
79.6128180027008,8352
79.6395537853241,8351
79.66645383834839,8350
79.69327282905579,8349
79.76027607917786,8348
79.78704190254211,8347
79.8633279800415,8346
79.89258885383606,8345
79.97240090370178,8344
80.00222492218018,8343
80.11799192428589,8342
80.14610290527344,8341
80.21242189407349,8340
80.2393548488617,8339
80.3018639087677,8338
80.32934308052063,8337
80.37691283226013,8336
80.40385699272156,8335
80.46622085571289,8334
80.49342489242554,8333
80.55125594139099,8332
80.5966489315033,8331
80.62411785125732,8330
80.70324492454529,8329
80.73029780387878,8328
80.80997204780579,8327
80.83688998222351,8326
80.90670895576477,8325
80.93373584747314,8324
80.99514079093933,8323
81.02206087112427,8322
81.07903480529785,8321
81.10602498054504,8320
81.16957974433899,8319
81.1970100402832,8318
81.2722818851471,8317
81.29902195930481,8316
81.37521076202393,8315
81.40233492851257,8314
81.47717475891113,8313
81.50414085388184,8312
81.5640709400177,8311
81.59104013442993,8310
81.64287281036377,8309
81.66980004310608,8308
81.70894384384155,8307
81.73595881462097,8306
81.80375409126282,8305
81.8767158985138,8304
81.90390586853027,8303
81.96774673461914,8302
81.99486804008484,8301
82.07214498519897,8300
82.11906695365906,8299
82.17018294334412,8298
82.2116470336914,8297
84.59878587722778,8296
86.90953779220581,8295
87.71382784843445,8294
101.2953748703003,8293
101.32256007194519,8292
101.38716697692871,8291
101.41811490058899,8290
101.4478018283844,8289
101.50575590133667,8288
101.58049893379211,8287
102.084645986557,8286
102.12663578987122,8285
102.22423982620239,8284
102.28311586380005,8283
102.33590579032898,8282
102.37672090530396,8281
102.44256806373596,8280
102.4700140953064,8279
104.32738900184631,8278
105.77686405181885,8277
105.81980872154236,8276
105.86337685585022,8275
105.91168594360352,8274
105.95478677749634,8273
106.00233507156372,8272
106.04445505142212,8271
106.16043710708618,8270
106.21180605888367,8269
106.23858690261841,8268
106.2935299873352,8267
106.33400893211365,8266
106.38268971443176,8265
106.4096667766571,8264
106.54333090782166,8263
106.58305287361145,8262
106.62825775146484,8261
106.67059373855591,8260
106.71815395355225,8259
106.77188372612,8258
106.82256293296814,8257
106.88459181785583,8256
106.91346096992493,8255
107.02661991119385,8254
107.06603193283081,8253
107.20236873626709,8252
107.24363088607788,8251
107.28802180290222,8250
107.31492900848389,8249
107.35390496253967,8248
107.40174603462219,8247
107.45381879806519,8246
107.50617980957031,8245
107.54727792739868,8244
107.59479188919067,8243
107.64385795593262,8242
107.68539881706238,8241
107.72873091697693,8240
108.02968287467957,8239
108.07395482063293,8238
108.12016487121582,8237
108.1703839302063,8236
108.37221384048462,8235
108.40073084831238,8234
108.4411678314209,8233
108.48994183540344,8232
108.75335001945496,8231
108.79362392425537,8230
108.83656978607178,8229
108.88290476799011,8228
109.08636808395386,8227
109.11379384994507,8226
109.15477204322815,8225
109.19825387001038,8224
109.39591789245605,8223
109.50049495697021,8222
109.69362378120422,8221
109.79516792297363,8220
109.84995794296265,8219
109.93463778495789,8218
110.08918476104736,8217
110.17978596687317,8216
110.22632503509521,8215
110.33326387405396,8214
110.46035099029541,8213
110.54701399803162,8212
110.5934648513794,8211
110.72044706344604,8210
110.85153388977051,8209
110.93703293800354,8208
111.01537013053894,8207
111.19504594802856,8206
111.26777601242065,8205
111.49990487098694,8204
111.54901790618896,8203
111.59957003593445,8202
111.65062403678894,8201
111.86865496635437,8200
111.8950560092926,8199
111.9407799243927,8198
112.00903797149658,8197
112.19526791572571,8196
112.23620271682739,8195
112.29753613471985,8194
112.4075779914856,8193
112.50267291069031,8192
112.5291359424591,8191
112.6385338306427,8190
112.73288679122925,8189
112.93090987205505,8188
113.01553797721863,8187
113.06991195678711,8186
113.11272406578064,8185
113.16116690635681,8184
113.27253890037537,8183
113.34280586242676,8182
113.40417385101318,8181
113.47374176979065,8180
113.59322190284729,8179
113.6658148765564,8178
113.72820210456848,8177
113.79532074928284,8176
113.93634009361267,8175
113.99541091918945,8174
114.04370594024658,8173
114.11780190467834,8172
114.30571293830872,8171
114.34815788269043,8170
114.39409494400024,8169
114.56125402450562,8168
114.60476088523865,8167
114.64571189880371,8166
114.83852696418762,8165
114.8977837562561,8164
114.94718980789185,8163
114.97680807113647,8162
115.14250874519348,8161
115.21207404136658,8160
115.25298595428467,8159
115.2806921005249,8158
115.46357583999634,8157
115.53293704986572,8156
115.58033180236816,8155
115.60782289505005,8154
115.79869866371155,8153
115.84608292579651,8152
115.89557576179504,8151
115.92298293113708,8150
116.08454775810242,8149
116.15614700317383,8148
116.1837100982666,8147
116.32337498664856,8146
116.41938900947571,8145
116.48704075813293,8144
116.58889198303223,8143
116.70548796653748,8142
116.78356885910034,8141
116.827712059021,8140
116.89971899986267,8139
116.9894208908081,8138
117.05099487304688,8137
117.0954258441925,8136
117.19341897964478,8135
117.33280491828918,8134
117.41122388839722,8133
117.43867301940918,8132
117.55277991294861,8131
117.69809484481812,8130
117.76639795303345,8129
117.80895400047302,8128
117.8925678730011,8127
118.10622978210449,8126
118.1546368598938,8125
118.24957871437073,8124
118.30280995368958,8123
118.49028277397156,8122
118.5196681022644,8121
118.56872081756592,8120
118.77371883392334,8119
118.80082392692566,8118
118.8625979423523,8117
118.97090172767639,8116
119.06795883178711,8115
119.10797190666199,8114
119.29303693771362,8113
119.37238001823425,8112
119.4149489402771,8111
119.60579109191895,8110
119.66307210922241,8109
119.7135100364685,8108
119.82312893867493,8107
119.9496238231659,8106
120.05822396278381,8105
120.10837197303772,8104
120.18739581108093,8103
120.46872305870056,8102
120.5206778049469,8101
120.56734085083008,8100
120.64018702507019,8099
120.68209600448608,8098
120.70930695533752,8097
120.73672795295715,8096
120.87691593170166,8095
120.92081689834595,8094
120.97497296333313,8093
121.05688786506653,8092
121.1591408252716,8091
121.27842903137207,8090
121.31853985786438,8089
121.37121796607971,8088
121.41735196113586,8087
121.46911382675171,8086
121.49663996696472,8085
121.52393794059753,8084
121.5776720046997,8083
121.60495591163635,8082
121.64728569984436,8081
121.69983291625977,8080
121.83914494514465,8079
121.90940880775452,8078
121.96074390411377,8077
122.01303577423096,8076
122.0525369644165,8075
122.09873580932617,8074
122.14677095413208,8073
122.1979808807373,8072
122.25115776062012,8071
122.29121112823486,8070
122.33467292785645,8069
122.36229085922241,8068
122.44915103912354,8067
122.50029969215393,8066
122.72911286354065,8065
122.77468705177307,8064
122.82376885414124,8063
122.85126090049744,8062
123.08472299575806,8061
123.1294207572937,8060
123.17571592330933,8059
123.22574400901794,8058
123.41070985794067,8057
123.46431589126587,8056
123.51133871078491,8055
123.56063795089722,8054
123.77504587173462,8053
123.82413697242737,8052
123.8772189617157,8051
123.92352390289307,8050
124.16709089279175,8049
124.19488382339478,8048
124.22240281105042,8047
124.26678895950317,8046
124.464674949646,8045
124.50987982749939,8044
124.55671095848083,8043
124.60915207862854,8042
124.65329694747925,8041
124.8392767906189,8040
124.88310408592224,8039
124.93340301513672,8038
124.98745894432068,8037
125.22193002700806,8036
125.26268196105957,8035
125.30649495124817,8034
125.35272979736328,8033
125.58120679855347,8032
125.63596487045288,8031
125.67779278755188,8030
125.91086602210999,8029
125.99567079544067,8028
126.12298679351807,8027
126.20889687538147,8026
126.26769995689392,8025
126.41933608055115,8024
126.50091981887817,8023
126.72206401824951,8022
126.77385783195496,8021
126.85433197021484,8020
127.06973600387573,8019
127.1101279258728,8018
127.16161394119263,8017
127.2080180644989,8016
127.40235710144043,8015
127.4519476890564,8014
127.54934883117676,8013
127.7266960144043,8012
127.81227993965149,8011
127.9438259601593,8010
127.97460389137268,8009
128.0835998058319,8008
128.22728896141052,8007
128.2551031112671,8006
128.30380487442017,8005
128.50290489196777,8004
128.55241084098816,8003
128.57974290847778,8002
128.77121901512146,8001
128.82146906852722,8000
128.86494898796082,7999
129.04673099517822,7998
129.0933928489685,7997
129.14972400665283,7996
129.36967086791992,7995
129.41548085212708,7994
129.47635793685913,7993
129.63810801506042,7992
129.6918649673462,7991
129.73875212669373,7990
129.90993475914001,7989
129.9645059108734,7988
130.15771198272705,7987
130.20647501945496,7986
130.3448851108551,7985
130.40772485733032,7984
130.45546293258667,7983
130.48285603523254,7982
130.68098092079163,7981
130.7508807182312,7980
130.7929768562317,7979
130.82033896446228,7978
130.9883930683136,7977
131.06968092918396,7976
131.1196608543396,7975
131.22909498214722,7974
131.29636788368225,7973
131.36493182182312,7972
131.42647194862366,7971
131.5464940071106,7970
131.61477994918823,7969
131.6908619403839,7968
131.80692315101624,7967
131.8553228378296,7966
131.91840386390686,7965
132.05688977241516,7964
132.1403946876526,7963
132.21011090278625,7962
132.2789797782898,7961
132.41091203689575,7960
132.45970106124878,7959
132.53406071662903,7958
132.5613877773285,7957
132.74222588539124,7956
132.78248405456543,7955
132.87697076797485,7954
133.04788374900818,7953
133.10205793380737,7952
133.14302706718445,7951
133.19569087028503,7950
133.44954776763916,7949
133.47764372825623,7948
133.52102899551392,7947
133.58558177947998,7946
133.78821897506714,7945
133.8304877281189,7944
134.09681701660156,7943
134.12368893623352,7942
134.17584705352783,7941
134.4078507423401,7940
134.4778048992157,7939
134.65458798408508,7938
134.7306478023529,7937
135.44595003128052,7936
135.5102219581604,7935
135.6404778957367,7934
135.69219207763672,7933
135.77011680603027,7932
135.80946373939514,7931
135.91951394081116,7930
135.9674949645996,7929
136.06916284561157,7928
136.0960967540741,7927
136.21884083747864,7926
136.27934503555298,7925
136.3321077823639,7924
136.43941688537598,7923
136.49278593063354,7922
136.61492109298706,7921
136.65619373321533,7920
136.77628707885742,7919
136.80332493782043,7918
136.9316849708557,7917
136.97166967391968,7916
137.04114699363708,7915
137.09461379051208,7914
137.18265986442566,7913
137.20959281921387,7912
137.30669903755188,7911
137.46015191078186,7910
137.55279278755188,7909
137.61230182647705,7908
137.6984429359436,7907
137.7601318359375,7906
137.82938194274902,7905
137.9227409362793,7904
138.01314902305603,7903
138.23948097229004,7902
138.32597303390503,7901
138.3954529762268,7900
138.47754883766174,7899
138.50652980804443,7898
138.5816400051117,7897
138.6253628730774,7896
138.69236302375793,7895
138.79861879348755,7894
138.89304089546204,7893
138.986811876297,7892
139.03605890274048,7891
139.102796792984,7890
139.16429090499878,7889
139.25655102729797,7888
139.56205487251282,7887
139.6272258758545,7886
139.73325490951538,7885
139.7759928703308,7884
139.886944770813,7883
139.9327781200409,7882
140.0607807636261,7881
140.10872793197632,7880
140.2211537361145,7879
140.32843399047852,7878
140.35524201393127,7877
140.4332149028778,7876
140.47642397880554,7875
140.56047582626343,7874
140.60595679283142,7873
140.713054895401,7872
140.7398238182068,7871
140.85915303230286,7870
140.91055703163147,7869
141.0236039161682,7868
141.14363980293274,7867
141.2119538784027,7866
141.26534295082092,7865
141.31795692443848,7864
141.50058507919312,7863
141.56934881210327,7862
141.76155710220337,7861
141.80310583114624,7860
141.86725783348083,7859
141.94146394729614,7858
142.03241682052612,7857
142.10656595230103,7856
142.1776897907257,7855
142.2676498889923,7854
142.35596704483032,7853
142.43046474456787,7852
142.51230192184448,7851
142.5735158920288,7850
142.64221692085266,7849
142.77494096755981,7848
142.84825086593628,7847
142.95124101638794,7846
143.02254390716553,7845
143.06988096237183,7844
143.21467781066895,7843
143.27475214004517,7842
143.3639099597931,7841
144.5042929649353,7840
147.1721658706665,7839
147.19944405555725,7838
147.22634887695312,7837
147.25327587127686,7836
147.30479907989502,7835
147.33193492889404,7834
147.35897397994995,7833
147.41592979431152,7832
147.46308088302612,7831
147.48990178108215,7830
147.51673293113708,7829
147.54511189460754,7828
147.58584308624268,7827
147.6133668422699,7826
147.64039087295532,7825
147.667329788208,7824
147.69428992271423,7823
147.72118878364563,7822
147.7481710910797,7821
147.77494096755981,7820
147.801677942276,7819
147.82848286628723,7818
147.85513186454773,7817
147.88218092918396,7816
147.90903687477112,7815
147.93602991104126,7814
147.96332097053528,7813
147.99031782150269,7812
148.0171537399292,7811
148.04405188560486,7810
148.07077479362488,7809
148.1234610080719,7808
148.15009689331055,7807
148.17700481414795,7806
148.20399069786072,7805
148.2309558391571,7804
148.25773978233337,7803
148.28468203544617,7802
148.3115427494049,7801
148.33821296691895,7800
148.3650279045105,7799
148.39196491241455,7798
148.4187400341034,7797
148.4456467628479,7796
148.4723207950592,7795
148.49916982650757,7794
148.52586889266968,7793
148.5525939464569,7792
148.57953691482544,7791
148.60648584365845,7790
148.63338994979858,7789
148.66019105911255,7788
148.6869249343872,7787
148.7155840396881,7786
148.74259495735168,7785
148.76946687698364,7784
148.79636573791504,7783
148.82329392433167,7782
148.8502070903778,7781
148.87709093093872,7780
148.9041359424591,7779
148.931147813797,7778
148.9726529121399,7777
148.99955677986145,7776
149.02639484405518,7775
149.07593297958374,7774
149.10260391235352,7773
149.1293978691101,7772
149.15606880187988,7771
149.18280291557312,7770
149.2097008228302,7769
149.23740601539612,7768
149.26443886756897,7767
149.29113292694092,7766
149.3184778690338,7765
149.34553980827332,7764
149.37340807914734,7763
149.40069198608398,7762
149.428484916687,7761
151.30899477005005,7760
151.33585596084595,7759
151.38236689567566,7758
151.40920400619507,7757
151.43606305122375,7756
151.46330404281616,7755
151.4900758266449,7754
151.51709294319153,7753
151.54393601417542,7752
151.57081198692322,7751
151.5979199409485,7750
151.62461709976196,7749
151.65138292312622,7748
151.67866611480713,7747
151.70537686347961,7746
151.73237109184265,7745
151.7592008113861,7744
151.78606700897217,7743
151.81300377845764,7742
151.85448575019836,7741
151.9028697013855,7740
151.92990398406982,7739
151.9565658569336,7738
151.98335599899292,7737
152.01004886627197,7736
152.03698801994324,7735
152.06396389007568,7734
152.09598803520203,7733
152.45233988761902,7732
152.50451493263245,7731
152.5628218650818,7730
152.60407876968384,7729
152.6715829372406,7728
152.71136379241943,7727
152.8072748184204,7726
152.9919719696045,7725
153.2126898765564,7724
153.30440998077393,7723
153.40139770507812,7722
153.44862699508667,7721
153.50187993049622,7720
154.4157679080963,7719
155.63677096366882,7718
155.71308088302612,7717
155.86310291290283,7716
155.92809772491455,7715
156.0179479122162,7714
156.05720782279968,7713
156.16189885139465,7712
156.2138888835907,7711
156.3346347808838,7710
156.43740487098694,7709
156.52674007415771,7708
156.57148385047913,7707
156.61692690849304,7706
156.70701789855957,7705
156.83088088035583,7704
156.93881392478943,7703
157.04843592643738,7702
157.0955879688263,7701
157.14942288398743,7700
157.21963500976562,7699
159.14508390426636,7698
159.69623398780823,7697
159.72351789474487,7696
159.77452301979065,7695
160.6045389175415,7694
160.71368408203125,7693
160.8037269115448,7692
160.87961506843567,7691
160.96173191070557,7690
161.07143688201904,7689
161.1394579410553,7688
161.21568894386292,7687
161.30252814292908,7686
161.36931371688843,7685
161.46454691886902,7684
161.63320398330688,7683
161.7070050239563,7682
161.7746787071228,7681
161.8377959728241,7680
161.98735809326172,7679
162.07071995735168,7678
162.1367359161377,7677
162.2110869884491,7676
162.3115940093994,7675
162.3930048942566,7674
162.49757385253906,7673
162.57333898544312,7672
162.6518099308014,7671
162.73956274986267,7670
162.8432137966156,7669
162.91584181785583,7668
162.9801869392395,7667
163.1489999294281,7666
163.23050689697266,7665
163.30174493789673,7664
163.37932872772217,7663
163.4788429737091,7662
163.55539107322693,7661
163.6270968914032,7660
163.6847128868103,7659
163.91741704940796,7658
163.96431398391724,7657
164.27865290641785,7656
164.3627429008484,7655
164.43593287467957,7654
164.5247929096222,7653
164.5957808494568,7652
164.7438108921051,7651
164.81259083747864,7650
164.86805200576782,7649
165.01476287841797,7648
165.1796998977661,7647
165.25428986549377,7646
165.28136682510376,7645
165.46057200431824,7644
165.58075499534607,7643
165.6452898979187,7642
165.78166103363037,7641
165.8084318637848,7640
165.9343159198761,7639
166.06574177742004,7638
166.113018989563,7637
166.17167282104492,7636
166.25158786773682,7635
166.43019080162048,7634
166.5073847770691,7633
166.59748482704163,7632
166.68862295150757,7631
166.76474714279175,7630
166.91921377182007,7629
167.07843494415283,7628
167.18221974372864,7627
167.2404670715332,7626
167.26708579063416,7625
167.33917093276978,7624
167.56252193450928,7623
167.64340376853943,7622
167.7113218307495,7621
167.78234100341797,7620
167.83644604682922,7619
167.93736100196838,7618
167.98236989974976,7617
168.05828285217285,7616
168.13028287887573,7615
168.2041528224945,7614
168.2811930179596,7613
168.44394493103027,7612
168.4853048324585,7611
168.588063955307,7610
168.70011281967163,7609
168.77320981025696,7608
168.86389684677124,7607
168.98632287979126,7606
169.08175992965698,7605
169.15160298347473,7604
169.2150638103485,7603
169.2725908756256,7602
169.39593887329102,7601
169.45789980888367,7600
169.6610209941864,7599
169.72128796577454,7598
169.79054188728333,7597
169.8313548564911,7596
169.92310881614685,7595
169.9985249042511,7594
170.16718912124634,7593
170.27422094345093,7592
170.35593605041504,7591
170.39791798591614,7590
170.48818182945251,7589
170.56645679473877,7588
170.6469268798828,7587
170.766783952713,7586
170.94585990905762,7585
171.01189470291138,7584
171.09674787521362,7583
171.2880778312683,7582
171.35128688812256,7581
171.46856880187988,7580
171.5242509841919,7579
171.58333802223206,7578
171.63315200805664,7577
171.84362983703613,7576
171.94074773788452,7575
171.9939489364624,7574
172.13558411598206,7573
172.26324677467346,7572
172.41286993026733,7571
172.639221906662,7570
173.00821685791016,7569
173.06335186958313,7568
173.14099884033203,7567
173.2919819355011,7566
173.6691038608551,7565
173.7801549434662,7564
173.86952781677246,7563
174.01181483268738,7562
174.09428095817566,7561
174.20639181137085,7560
174.26368069648743,7559
174.34979701042175,7558
174.45515084266663,7557
174.5296447277069,7556
174.64257287979126,7555
174.87241387367249,7554
175.01805591583252,7553
175.07162404060364,7552
175.29770874977112,7551
175.3671419620514,7550
175.44508981704712,7549
175.56320071220398,7548
175.72619199752808,7547
175.94095182418823,7546
175.9955358505249,7545
176.23137092590332,7544
176.39557194709778,7543
176.470862865448,7542
176.55613708496094,7541
176.71731781959534,7540
177.00926971435547,7539
177.07621788978577,7538
177.15130496025085,7537
177.28920888900757,7536
177.34889674186707,7535
177.570485830307,7534
177.6269290447235,7533
177.67105174064636,7532
178.1102180480957,7531
178.19481086730957,7530
178.25356888771057,7529
178.31881189346313,7528
178.43818879127502,7527
178.55137395858765,7526
178.63106989860535,7525
178.71280694007874,7524
178.739483833313,7523
178.81217694282532,7522
178.8688259124756,7521
178.98726296424866,7520
179.07281589508057,7519
179.1463418006897,7518
179.17362594604492,7517
179.2663550376892,7516
179.38067197799683,7515
179.43144583702087,7514
179.5188660621643,7513
179.65962982177734,7512
179.7373330593109,7511
179.81413578987122,7510
179.95456171035767,7509
180.038409948349,7508
180.1536169052124,7507
180.2147409915924,7506
180.38057684898376,7505
180.46427488327026,7504
180.63182497024536,7503
180.71134686470032,7502
180.77711081504822,7501
180.86945700645447,7500
181.06358003616333,7499
181.20800590515137,7498
181.36676692962646,7497
181.4435179233551,7496
181.51100301742554,7495
181.60445189476013,7494
181.76058983802795,7493
181.85778093338013,7492
181.96605491638184,7491
182.1457188129425,7490
182.25516986846924,7489
182.33747577667236,7488
182.45388388633728,7487
182.5495309829712,7486
182.62558603286743,7485
182.70581197738647,7484
182.75276494026184,7483
182.8197889328003,7482
182.9077389240265,7481
183.0313789844513,7480
183.07442092895508,7479
183.15599584579468,7478
183.2333619594574,7477
183.31972575187683,7476
183.3933608531952,7475
183.45763993263245,7474
183.5376489162445,7473
183.63277792930603,7472
183.71389198303223,7471
183.89470195770264,7470
183.99536085128784,7469
184.1876528263092,7468
184.24015283584595,7467
184.3069188594818,7466
184.5583198070526,7465
184.65031099319458,7464
184.7824001312256,7463
184.8661229610443,7462
184.9592001438141,7461
185.02568101882935,7460
185.0850760936737,7459
185.2564549446106,7458
185.32961583137512,7457
185.3781759738922,7456
185.46181797981262,7455
185.60632491111755,7454
185.67038297653198,7453
185.73387098312378,7452
185.85966181755066,7451
185.92197799682617,7450
186.0448179244995,7449
186.16719889640808,7448
186.3823959827423,7447
186.52802109718323,7446
186.6066608428955,7445
186.68713188171387,7444
186.74173283576965,7443
186.89255094528198,7442
186.97461986541748,7441
187.08785009384155,7440
187.1690399646759,7439
187.22732281684875,7438
187.36928009986877,7437
187.4716727733612,7436
187.54957604408264,7435
187.63806796073914,7434
187.69542694091797,7433
187.80544185638428,7432
187.84814977645874,7431
187.9341938495636,7430
188.08024787902832,7429
188.12286186218262,7428
188.19996809959412,7427
188.26674485206604,7426
188.34231877326965,7425
188.45983386039734,7424
188.52637600898743,7423
188.58709383010864,7422
188.6755769252777,7421
188.84573984146118,7420
188.9294629096985,7419
189.01480388641357,7418
189.10272479057312,7417
189.17217588424683,7416
189.22917675971985,7415
189.34722590446472,7414
189.43508005142212,7413
189.50997376441956,7412
189.61800980567932,7411
189.7218918800354,7410
189.82999300956726,7409
189.910089969635,7408
189.98089408874512,7407
190.0620539188385,7406
190.14009976387024,7405
190.22607398033142,7404
190.36073875427246,7403
190.4325909614563,7402
190.48632502555847,7401
190.7091829776764,7400
190.75695490837097,7399
190.91556882858276,7398
190.9565839767456,7397
191.0132486820221,7396
191.2471890449524,7395
191.33506393432617,7394
191.4137568473816,7393
191.57406091690063,7392
191.64956498146057,7391
191.77537488937378,7390
191.88937306404114,7389
191.9532277584076,7388
192.01557898521423,7387
192.13239789009094,7386
192.1891589164734,7385
192.3743839263916,7384
192.49231481552124,7383
192.51875495910645,7382
192.6703748703003,7381
192.70992493629456,7380
192.77084875106812,7379
192.87836694717407,7378
193.19483709335327,7377
193.3911738395691,7376
193.4794728755951,7375
193.54520511627197,7374
193.63123893737793,7373
193.75305891036987,7372
193.81921696662903,7371
193.89576888084412,7370
194.1349380016327,7369
194.33311295509338,7368
194.40629291534424,7367
194.4840919971466,7366
194.56226587295532,7365
194.64575695991516,7364
194.7127068042755,7363
194.85274386405945,7362
194.97405791282654,7361
195.04804682731628,7360
195.1940197944641,7359
195.35087394714355,7358
195.67175197601318,7357
195.80237698554993,7356
195.87134981155396,7355
196.0076460838318,7354
196.2120590209961,7353
196.38999199867249,7352
196.44540882110596,7351
196.5188159942627,7350
196.7056851387024,7349
196.83441281318665,7348
196.9048888683319,7347
196.98308491706848,7346
197.20318603515625,7345
197.28052592277527,7344
197.41020488739014,7343
197.6206500530243,7342
197.72724795341492,7341
197.79145979881287,7340
198.0575749874115,7339
198.21571493148804,7338
198.35994386672974,7337
198.54981899261475,7336
198.70100903511047,7335
198.79551696777344,7334
199.2580268383026,7333
199.33656573295593,7332
199.39828991889954,7331
199.483562707901,7330
199.5594618320465,7329
199.88909697532654,7328
200.0194981098175,7327
200.08723282814026,7326
200.22401094436646,7325
200.31469702720642,7324
200.37914180755615,7323
200.46492290496826,7322
200.5426468849182,7321
200.59792184829712,7320
200.68135786056519,7319
200.83600497245789,7318
200.87953686714172,7317
201.0269787311554,7316
201.0944938659668,7315
201.16211199760437,7314
201.25223994255066,7313
201.32293796539307,7312
201.46582293510437,7311
201.52551412582397,7310
201.57889485359192,7309
201.70062494277954,7308
201.7758207321167,7307
201.88543796539307,7306
202.00249195098877,7305
202.13975310325623,7304
202.2966821193695,7303
202.43140268325806,7302
202.50427889823914,7301
202.609445810318,7300
202.8564968109131,7299
202.93328380584717,7298
202.97982597351074,7297
203.08156871795654,7296
203.16882491111755,7295
203.31463193893433,7294
203.37528681755066,7293
203.41722702980042,7292
203.50914597511292,7291
203.57762098312378,7290
203.70973992347717,7289
203.77985286712646,7288
203.82723593711853,7287
203.8880558013916,7286
203.9513828754425,7285
204.09055089950562,7284
204.1627128124237,7283
204.4838318824768,7282
204.61823081970215,7281
204.7156617641449,7280
204.74275374412537,7279
204.76966190338135,7278
204.7967278957367,7277
204.84112906455994,7276
204.8696038722992,7275
204.89787077903748,7274
204.94448280334473,7273
204.9967279434204,7272
205.02346873283386,7271
205.05037689208984,7270
205.0772087574005,7269
205.1258099079132,7268
205.15254187583923,7267
205.1794798374176,7266
205.20907402038574,7265
205.23603796958923,7264
205.26304388046265,7263
205.290020942688,7262
205.31706881523132,7261
205.34426403045654,7260
205.37224197387695,7259
205.40008187294006,7258
205.4269678592682,7257
205.46969294548035,7256
205.49648785591125,7255
205.5231168270111,7254
205.550066947937,7253
205.5766637325287,7252
205.6035647392273,7251
205.63056898117065,7250
205.6574468612671,7249
205.68435287475586,7248
205.73240995407104,7247
205.75950694084167,7246
205.78644371032715,7245
205.8134639263153,7244
205.84026408195496,7243
205.86712670326233,7242
205.89399790763855,7241
205.92126297950745,7240
205.94840002059937,7239
205.97515082359314,7238
206.0020387172699,7237
206.04392790794373,7236
206.0707528591156,7235
206.0976710319519,7234
206.1374170780182,7233
206.1664628982544,7232
206.19535398483276,7231
206.22584581375122,7230
206.25512504577637,7229
206.28271174430847,7228
206.3097059726715,7227
206.33659076690674,7226
206.3636598587036,7225
206.39056491851807,7224
206.42178010940552,7223
206.45209980010986,7222
206.48136401176453,7221
206.51107692718506,7220
206.53871178627014,7219
206.5900638103485,7218
206.61716890335083,7217
206.64413189888,7216
206.6951858997345,7215
206.72198104858398,7214
206.74891877174377,7213
206.77558207511902,7212
206.80232787132263,7211
206.82914900779724,7210
206.85570693016052,7209
206.89669799804688,7208
206.9248058795929,7207
206.95252895355225,7206
206.9795401096344,7205
207.00632691383362,7204
207.03332090377808,7203
207.06014394760132,7202
207.36697673797607,7201
208.95135688781738,7200
208.99559879302979,7199
209.02236700057983,7198
209.04940485954285,7197
209.07868695259094,7196
209.10603880882263,7195
209.13303589820862,7194
209.15962386131287,7193
209.18632292747498,7192
209.21302485466003,7191
209.23992776870728,7190
209.26686072349548,7189
209.29388093948364,7188
209.3215308189392,7187
209.34955883026123,7186
209.39546704292297,7185
209.42216205596924,7184
209.44906187057495,7183
209.49774193763733,7182
209.52497005462646,7181
209.5554919242859,7180
209.59875679016113,7179
211.78569293022156,7178
211.8643078804016,7177
212.27312183380127,7176
213.25755786895752,7175
215.52031588554382,7174
215.54755091667175,7173
215.5746738910675,7172
215.60174989700317,7171
216.40004205703735,7170
220.60484099388123,7169
232.42340779304504,7168
232.4503059387207,7167
232.4770429134369,7166
232.5256950855255,7165
232.57861304283142,7164
232.6059091091156,7163
232.6330418586731,7162
232.68263578414917,7161
232.7095959186554,7160
232.73632073402405,7159
232.7632348537445,7158
232.78986406326294,7157
232.81661176681519,7156
232.8666489124298,7155
232.8934338092804,7154
232.9444739818573,7153
232.9975278377533,7152
233.0244779586792,7151
233.05306100845337,7150
233.08016085624695,7149
233.1068377494812,7148
233.1815149784088,7147
233.26566195487976,7146
233.31380581855774,7145
233.4045639038086,7144
233.46633505821228,7143
