4.124641418457031e-05,11023
0.02847123146057129,11022
0.05487322807312012,11021
0.08181500434875488,11020
0.10947132110595703,11019
0.1376640796661377,11018
0.16469025611877441,11017
0.1918482780456543,11016
0.21837210655212402,11015
0.2458512783050537,11014
0.2736351490020752,11013
0.3007941246032715,11012
0.32706618309020996,11011
0.3541831970214844,11010
0.3811943531036377,11009
0.4088711738586426,11008
0.4369010925292969,11007
0.4634690284729004,11006
0.4902052879333496,11005
0.5166683197021484,11004
0.54323410987854,11003
0.5696361064910889,11002
0.5961253643035889,11001
0.6224009990692139,11000
0.648982048034668,10999
0.6754343509674072,10998
0.7018013000488281,10997
0.7285161018371582,10996
0.7551271915435791,10995
0.7820243835449219,10994
0.8087522983551025,10993
0.8380472660064697,10992
0.865929365158081,10991
0.892571210861206,10990
0.9187722206115723,10989
0.9451770782470703,10988
0.9719431400299072,10987
0.9988553524017334,10986
1.025496244430542,10985
1.0522313117980957,10984
1.0791521072387695,10983
1.105910062789917,10982
1.1322722434997559,10981
1.1590142250061035,10980
1.185448169708252,10979
1.2116830348968506,10978
1.2383651733398438,10977
1.2656493186950684,10976
1.2921311855316162,10975
1.3188652992248535,10974
1.3453211784362793,10973
1.3718960285186768,10972
1.3982772827148438,10971
1.4249310493469238,10970
1.4515933990478516,10969
1.4779822826385498,10968
1.5042753219604492,10967
1.5306541919708252,10966
1.557021141052246,10965
1.5835871696472168,10964
1.6102120876312256,10963
1.6366970539093018,10962
1.663074016571045,10961
1.6896922588348389,10960
1.7161281108856201,10959
1.7424633502960205,10958
1.768829345703125,10957
1.7954013347625732,10956
1.8222122192382812,10955
1.8487842082977295,10954
1.8753032684326172,10953
1.9020962715148926,10952
1.9284181594848633,10951
1.954735279083252,10950
1.98130202293396,10949
2.0095791816711426,10948
2.0389580726623535,10947
2.065852165222168,10946
2.092597007751465,10945
2.1190812587738037,10944
2.1457509994506836,10943
2.1725642681121826,10942
2.1989212036132812,10941
2.22526216506958,10940
2.2516562938690186,10939
2.2779581546783447,10938
2.3043630123138428,10937
2.330881118774414,10936
2.357347249984741,10935
2.3838860988616943,10934
2.4109880924224854,10933
2.4375252723693848,10932
2.4638421535491943,10931
2.4901974201202393,10930
2.516566038131714,10929
2.5431742668151855,10928
2.569477081298828,10927
2.5957460403442383,10926
2.621821165084839,10925
2.6484572887420654,10924
2.675340175628662,10923
2.7018260955810547,10922
2.728647232055664,10921
2.75541615486145,10920
2.7816832065582275,10919
2.80792498588562,10918
2.8343722820281982,10917
2.8608992099761963,10916
2.887094020843506,10915
2.9135282039642334,10914
2.9398300647735596,10913
2.9665112495422363,10912
2.993014097213745,10911
3.019606113433838,10910
3.0463132858276367,10909
3.073045253753662,10908
3.099332094192505,10907
3.125760078430176,10906
3.1521501541137695,10905
3.1784262657165527,10904
3.204738140106201,10903
3.2309162616729736,10902
3.2571420669555664,10901
3.283750295639038,10900
3.3101632595062256,10899
3.336494207382202,10898
3.363248109817505,10897
3.3896842002868652,10896
3.4161031246185303,10895
3.4427073001861572,10894
3.4695122241973877,10893
3.495842218399048,10892
3.5221621990203857,10891
3.548339366912842,10890
3.5744423866271973,10889
3.600792169570923,10888
3.6270432472229004,10887
3.654161214828491,10886
3.681906223297119,10885
3.708510398864746,10884
3.735384225845337,10883
3.7617993354797363,10882
3.7883262634277344,10881
3.814629077911377,10880
3.8409242630004883,10879
3.867246150970459,10878
3.893486261367798,10877
3.9200801849365234,10876
3.9466333389282227,10875
3.9732131958007812,10874
4.000028133392334,10873
4.026607275009155,10872
4.053099155426025,10871
4.079803228378296,10870
4.107076168060303,10869
4.133863210678101,10868
4.160202980041504,10867
4.186492204666138,10866
4.212707042694092,10865
4.239400148391724,10864
4.2661292552948,10863
4.29248309135437,10862
4.319311141967773,10861
4.3457090854644775,10860
4.372127294540405,10859
4.398513317108154,10858
4.424759149551392,10857
4.451093435287476,10856
4.477471351623535,10855
4.503774166107178,10854
4.530537366867065,10853
4.5572474002838135,10852
4.584006309509277,10851
4.610743045806885,10850
4.637587308883667,10849
4.664091110229492,10848
4.6907432079315186,10847
4.717358112335205,10846
4.743903398513794,10845
4.770226240158081,10844
4.796788215637207,10843
4.823389291763306,10842
4.849951982498169,10841
4.876617193222046,10840
4.903099298477173,10839
4.929778337478638,10838
4.95635199546814,10837
4.9828832149505615,10836
5.009716272354126,10835
5.03615927696228,10834
5.062589168548584,10833
5.089107275009155,10832
5.116035223007202,10831
5.142707347869873,10830
5.168842315673828,10829
5.1952502727508545,10828
5.22160530090332,10827
5.248019218444824,10826
5.2746241092681885,10825
5.302020072937012,10824
5.329830169677734,10823
5.356382369995117,10822
5.382678031921387,10821
5.40892219543457,10820
5.435126066207886,10819
5.461551189422607,10818
5.48778223991394,10817
5.514260292053223,10816
5.541009187698364,10815
5.567763328552246,10814
5.595328092575073,10813
5.622326135635376,10812
5.6489012241363525,10811
5.675443172454834,10810
5.7021613121032715,10809
5.728646278381348,10808
5.755071401596069,10807
5.78179931640625,10806
5.8080291748046875,10805
5.840386152267456,10804
5.868864059448242,10803
5.896005153656006,10802
5.922738313674927,10801
5.949111223220825,10800
5.975834131240845,10799
6.0027101039886475,10798
6.029309272766113,10797
6.055731296539307,10796
6.082812309265137,10795
6.111560344696045,10794
6.139780282974243,10793
6.168833017349243,10792
6.198644399642944,10791
6.22856330871582,10790
6.258876323699951,10789
6.288860321044922,10788
6.318580389022827,10787
6.348800182342529,10786
6.3796563148498535,10785
6.407508373260498,10784
6.4348461627960205,10783
6.464275360107422,10782
6.493764162063599,10781
6.523709297180176,10780
6.553701162338257,10779
6.583410263061523,10778
6.6127402782440186,10777
6.642892122268677,10776
6.672607421875,10775
6.700005292892456,10774
6.726830244064331,10773
6.753197193145752,10772
6.780045032501221,10771
6.806382179260254,10770
6.832712173461914,10769
6.85981822013855,10768
6.886224269866943,10767
6.9133172035217285,10766
6.940299034118652,10765
6.966769218444824,10764
6.9933412075042725,10763
7.020527124404907,10762
7.048456192016602,10761
7.076178312301636,10760
7.102559328079224,10759
7.129226207733154,10758
7.155634164810181,10757
7.182460308074951,10756
7.208981275558472,10755
7.235700368881226,10754
7.262343168258667,10753
7.288999319076538,10752
7.315546274185181,10751
7.342235326766968,10750
7.368906259536743,10749
7.3955771923065186,10748
7.422064304351807,10747
7.448620080947876,10746
7.475102186203003,10745
7.50203537940979,10744
7.528857231140137,10743
7.555289268493652,10742
7.581620216369629,10741
7.608398199081421,10740
7.636141061782837,10739
7.662806034088135,10738
7.689300298690796,10737
7.716562271118164,10736
7.744373083114624,10735
7.77092719078064,10734
7.797648191452026,10733
7.824583292007446,10732
7.852447271347046,10731
7.880275249481201,10730
7.907149076461792,10729
7.93362021446228,10728
7.9604332447052,10727
7.986772298812866,10726
8.014571189880371,10725
8.041237354278564,10724
8.068308353424072,10723
8.09550929069519,10722
8.122140169143677,10721
8.148771047592163,10720
8.175614356994629,10719
8.202410221099854,10718
8.22927212715149,10717
8.256431102752686,10716
8.284346103668213,10715
8.311636209487915,10714
8.338421106338501,10713
8.364956140518188,10712
8.391650199890137,10711
8.418268203735352,10710
8.444513082504272,10709
8.470927238464355,10708
8.49911618232727,10707
8.526656150817871,10706
8.55343222618103,10705
8.579995155334473,10704
8.606280326843262,10703
8.632943153381348,10702
8.659425020217896,10701
8.685973405838013,10700
8.71254014968872,10699
8.73901629447937,10698
8.765169143676758,10697
8.792013168334961,10696
8.8184072971344,10695
8.844910144805908,10694
8.871255159378052,10693
8.897806167602539,10692
8.924187183380127,10691
8.950500249862671,10690
8.976864099502563,10689
9.003527164459229,10688
9.0298171043396,10687
9.05608320236206,10686
9.08255934715271,10685
9.109520196914673,10684
9.136108160018921,10683
9.16258716583252,10682
9.188974142074585,10681
9.215545177459717,10680
9.242000102996826,10679
9.268457174301147,10678
9.29526400566101,10677
9.32167911529541,10676
9.348186254501343,10675
9.374399423599243,10674
9.400606393814087,10673
9.427002191543579,10672
9.453575134277344,10671
9.480854034423828,10670
9.508848190307617,10669
9.535465240478516,10668
9.562087297439575,10667
9.588738203048706,10666
9.615280151367188,10665
9.641738414764404,10664
9.66805624961853,10663
9.694396257400513,10662
9.720653057098389,10661
9.747259140014648,10660
9.77371621131897,10659
9.800215005874634,10658
9.827011108398438,10657
9.853511333465576,10656
9.880074977874756,10655
9.907116174697876,10654
9.933638334274292,10653
9.959903240203857,10652
9.986354351043701,10651
10.013006210327148,10650
10.039284229278564,10649
10.06567907333374,10648
10.092149019241333,10647
10.118649244308472,10646
10.145050287246704,10645
10.171719312667847,10644
10.198171138763428,10643
10.224634170532227,10642
10.250982284545898,10641
10.277239084243774,10640
10.303709268569946,10639
10.330315113067627,10638
10.356817245483398,10637
10.38325023651123,10636
10.409716367721558,10635
10.436179161071777,10634
10.462571144104004,10633
10.48905324935913,10632
10.515714168548584,10631
10.542277097702026,10630
10.568656206130981,10629
10.595097064971924,10628
10.621655225753784,10627
10.648088216781616,10626
10.674410343170166,10625
10.701126098632812,10624
10.727533102035522,10623
10.754186391830444,10622
10.78084421157837,10621
10.80758810043335,10620
10.83566427230835,10619
10.863997220993042,10618
10.8910813331604,10617
10.918002367019653,10616
10.944489240646362,10615
10.97104001045227,10614
10.997551202774048,10613
11.024200201034546,10612
11.05086636543274,10611
11.07809829711914,10610
11.104711294174194,10609
11.131883144378662,10608
11.15976333618164,10607
11.186309099197388,10606
11.212613105773926,10605
11.23900818824768,10604
11.266539096832275,10603
11.293971300125122,10602
11.320549249649048,10601
11.347001075744629,10600
11.37369418144226,10599
11.400313138961792,10598
11.427042007446289,10597
11.453808307647705,10596
11.48035717010498,10595
11.506870031356812,10594
11.533132076263428,10593
11.55939507484436,10592
11.585775136947632,10591
11.612236022949219,10590
11.63881230354309,10589
11.665309190750122,10588
11.691830158233643,10587
11.718736171722412,10586
11.745306253433228,10585
11.771696090698242,10584
11.798064231872559,10583
11.824496269226074,10582
11.851012229919434,10581
11.877403259277344,10580
11.904107093811035,10579
11.930398225784302,10578
11.956550121307373,10577
11.983060359954834,10576
12.010409355163574,10575
12.036989212036133,10574
12.063635349273682,10573
12.090173244476318,10572
12.11660623550415,10571
12.142991065979004,10570
12.169308185577393,10569
12.195659160614014,10568
12.222033262252808,10567
12.248462200164795,10566
12.27496337890625,10565
12.301502227783203,10564
12.328200340270996,10563
12.354690074920654,10562
12.381141424179077,10561
12.407666206359863,10560
12.434405088424683,10559
12.461064338684082,10558
12.48784613609314,10557
12.514357089996338,10556
12.540962219238281,10555
12.567516326904297,10554
12.593855381011963,10553
12.620483160018921,10552
12.647255182266235,10551
12.673895359039307,10550
12.700286388397217,10549
12.726685285568237,10548
12.753121137619019,10547
12.779872179031372,10546
12.807485342025757,10545
12.835183143615723,10544
12.861613035202026,10543
12.888166189193726,10542
12.914703130722046,10541
12.941509246826172,10540
12.968427181243896,10539
12.994978189468384,10538
13.021631956100464,10537
13.048075199127197,10536
13.074923038482666,10535
13.101458311080933,10534
13.128159999847412,10533
13.154799222946167,10532
13.181089162826538,10531
13.207730293273926,10530
13.234093189239502,10529
13.260677099227905,10528
13.287205219268799,10527
13.313764095306396,10526
13.340415954589844,10525
13.36694622039795,10524
13.393604278564453,10523
13.420408248901367,10522
13.447060346603394,10521
13.47382926940918,10520
13.500291109085083,10519
13.526705265045166,10518
13.55289912223816,10517
13.579654216766357,10516
13.605999231338501,10515
13.63270115852356,10514
13.65926718711853,10513
13.685678243637085,10512
13.712297201156616,10511
13.738883256912231,10510
13.765327215194702,10509
13.7918062210083,10508
13.818254232406616,10507
13.844861268997192,10506
13.871026277542114,10505
13.897843360900879,10504
13.924622058868408,10503
13.95114016532898,10502
13.977983236312866,10501
14.005021333694458,10500
14.031715154647827,10499
14.05811619758606,10498
14.084988117218018,10497
14.111578226089478,10496
14.139024257659912,10495
14.165747165679932,10494
14.191918134689331,10493
14.218618154525757,10492
14.245461225509644,10491
14.272202253341675,10490
14.298742055892944,10489
14.32528829574585,10488
14.351659059524536,10487
14.378411054611206,10486
14.405059099197388,10485
14.431378364562988,10484
14.458452224731445,10483
14.486013174057007,10482
14.512304306030273,10481
14.539039373397827,10480
14.56569528579712,10479
14.592357158660889,10478
14.61906099319458,10477
14.645849227905273,10476
14.672550201416016,10475
14.699210405349731,10474
14.726052284240723,10473
14.752429246902466,10472
14.780553340911865,10471
14.807733058929443,10470
14.835568189620972,10469
14.865706205368042,10468
14.892654180526733,10467
14.920005083084106,10466
14.946575164794922,10465
14.973152160644531,10464
14.999752283096313,10463
15.026596069335938,10462
15.053081274032593,10461
15.079562425613403,10460
15.105919361114502,10459
15.132646322250366,10458
15.159882307052612,10457
15.18770718574524,10456
15.214445114135742,10455
15.241583108901978,10454
15.269330263137817,10453
15.297011375427246,10452
15.323558330535889,10451
15.34999132156372,10450
15.376634120941162,10449
15.403064250946045,10448
15.429662227630615,10447
15.459752321243286,10446
15.489960193634033,10445
15.518583059310913,10444
15.550183296203613,10443
15.577197074890137,10442
15.603660106658936,10441
15.630091190338135,10440
15.656509160995483,10439
15.683187246322632,10438
15.709804058074951,10437
15.737017154693604,10436
15.763412237167358,10435
15.789866209030151,10434
15.816567182540894,10433
15.84543514251709,10432
15.873194217681885,10431
15.90023922920227,10430
15.927297115325928,10429
15.954317092895508,10428
15.980927228927612,10427
16.007771253585815,10426
16.034464120864868,10425
16.060866117477417,10424
16.087298154830933,10423
16.11365032196045,10422
16.14274311065674,10421
16.16984510421753,10420
16.199379205703735,10419
16.22868299484253,10418
16.256044149398804,10417
16.284433126449585,10416
16.311594247817993,10415
16.33814239501953,10414
16.36514711380005,10413
16.391767024993896,10412
16.41822624206543,10411
16.44447612762451,10410
16.470689058303833,10409
16.497106313705444,10408
16.52391505241394,10407
16.550711154937744,10406
16.57741117477417,10405
16.603978395462036,10404
16.630707263946533,10403
16.657756328582764,10402
16.684401273727417,10401
16.710714101791382,10400
16.737248182296753,10399
16.76359510421753,10398
16.789818286895752,10397
16.8163640499115,10396
16.84313702583313,10395
16.870135068893433,10394
16.896587133407593,10393
16.923399209976196,10392
16.950348138809204,10391
16.97829508781433,10390
17.004677295684814,10389
17.031119108200073,10388
17.057802200317383,10387
17.08425211906433,10386
17.110477209091187,10385
17.13715410232544,10384
17.1637020111084,10383
17.190230131149292,10382
17.21664309501648,10381
17.243356227874756,10380
17.27017903327942,10379
17.29666304588318,10378
17.32314109802246,10377
17.34980821609497,10376
17.376466274261475,10375
17.402920246124268,10374
17.429113149642944,10373
17.455589294433594,10372
17.482048988342285,10371
17.508646249771118,10370
17.535104990005493,10369
17.561573266983032,10368
17.58802819252014,10367
17.61447024345398,10366
17.641083240509033,10365
17.667667388916016,10364
17.694101333618164,10363
17.72052025794983,10362
17.746840238571167,10361
17.773311376571655,10360
17.79975128173828,10359
17.826240062713623,10358
17.853041172027588,10357
17.88122820854187,10356
17.90860414505005,10355
17.935147047042847,10354
17.961801290512085,10353
17.98833918571472,10352
18.01512598991394,10351
18.04158115386963,10350
18.07258629798889,10349
18.099525213241577,10348
18.126230001449585,10347
18.153086185455322,10346
18.179883003234863,10345
18.206382036209106,10344
18.232885122299194,10343
18.25992703437805,10342
18.28649115562439,10341
18.31324815750122,10340
18.34004020690918,10339
18.367701292037964,10338
18.394219160079956,10337
18.421059131622314,10336
18.447715044021606,10335
18.47443723678589,10334
18.501057147979736,10333
18.527788162231445,10332
18.554262161254883,10331
18.580769062042236,10330
18.607580184936523,10329
18.63459038734436,10328
18.662139177322388,10327
18.68851923942566,10326
18.71487307548523,10325
18.74165916442871,10324
18.768375158309937,10323
18.794904232025146,10322
18.821380138397217,10321
18.84777021408081,10320
18.874195337295532,10319
18.90055823326111,10318
18.92708134651184,10317
18.953829288482666,10316
18.98048210144043,10315
19.008268117904663,10314
19.035141229629517,10313
19.06168508529663,10312
19.08830213546753,10311
19.114790201187134,10310
19.14127016067505,10309
19.167758226394653,10308
19.194488048553467,10307
19.220853090286255,10306
19.247279167175293,10305
19.27345108985901,10304
19.29994535446167,10303
19.326341152191162,10302
19.35270619392395,10301
19.37917423248291,10300
19.405855417251587,10299
19.432422161102295,10298
19.458973169326782,10297
19.485368251800537,10296
19.512006282806396,10295
19.538471221923828,10294
19.56501817703247,10293
19.591326236724854,10292
19.61818027496338,10291
19.64478635787964,10290
19.67128324508667,10289
19.697837114334106,10288
19.724319219589233,10287
19.75083899497986,10286
19.77760934829712,10285
19.804262161254883,10284
19.830732107162476,10283
19.857073307037354,10282
19.883730173110962,10281
19.91033124923706,10280
19.93657922744751,10279
19.962984323501587,10278
19.989643096923828,10277
20.01821732521057,10276
20.04672408103943,10275
20.073612213134766,10274
20.100603103637695,10273
20.127519369125366,10272
20.15408205986023,10271
20.180853128433228,10270
20.207715034484863,10269
20.234270334243774,10268
20.260629415512085,10267
20.287312269210815,10266
20.314205169677734,10265
20.34186315536499,10264
20.36864733695984,10263
20.39561128616333,10262
20.422117233276367,10261
20.448504209518433,10260
20.474905252456665,10259
20.501651287078857,10258
20.528220176696777,10257
20.556971073150635,10256
20.58469033241272,10255
20.611409187316895,10254
20.637668132781982,10253
20.664316177368164,10252
20.690807104110718,10251
20.71780037879944,10250
20.74437928199768,10249
20.771061182022095,10248
20.79769229888916,10247
20.82441020011902,10246
20.854005098342896,10245
20.88114619255066,10244
20.907653093338013,10243
20.934068202972412,10242
20.9607892036438,10241
20.987409114837646,10240
21.014214277267456,10239
21.041860103607178,10238
21.068706035614014,10237
21.095515251159668,10236
21.122295141220093,10235
21.148800134658813,10234
21.175212144851685,10233
21.201926231384277,10232
21.22857117652893,10231
21.255097150802612,10230
21.281347036361694,10229
21.308173179626465,10228
21.33475422859192,10227
21.36158514022827,10226
21.388017177581787,10225
21.414414167404175,10224
21.44108533859253,10223
21.467632293701172,10222
21.493982315063477,10221
21.520612239837646,10220
21.54697012901306,10219
21.573575258255005,10218
21.600075006484985,10217
21.62648320198059,10216
21.65290331840515,10215
21.6793851852417,10214
21.70600914955139,10213
21.732722282409668,10212
21.759209394454956,10211
21.78567600250244,10210
21.812109231948853,10209
21.83881115913391,10208
21.865453243255615,10207
21.891972064971924,10206
21.918532133102417,10205
21.945202350616455,10204
21.9726243019104,10203
22.001135110855103,10202
22.029101133346558,10201
22.05577802658081,10200
22.082537174224854,10199
22.109037160873413,10198
22.1356942653656,10197
22.16224217414856,10196
22.18887233734131,10195
22.215453147888184,10194
22.241859197616577,10193
22.268535137176514,10192
22.295453310012817,10191
22.321999073028564,10190
22.348615169525146,10189
22.375314235687256,10188
22.401844263076782,10187
22.429205417633057,10186
22.4556782245636,10185
22.482388257980347,10184
22.509114265441895,10183
22.53577709197998,10182
22.56225037574768,10181
22.588969230651855,10180
22.615493297576904,10179
22.64201331138611,10178
22.668992042541504,10177
22.695491075515747,10176
22.721941232681274,10175
22.748354196548462,10174
22.77494502067566,10173
22.80139923095703,10172
22.828078269958496,10171
22.854841232299805,10170
22.881364345550537,10169
22.9080650806427,10168
22.934736251831055,10167
22.961679220199585,10166
22.989076375961304,10165
23.016502141952515,10164
23.04320526123047,10163
23.069948196411133,10162
23.096557140350342,10161
23.122887134552002,10160
23.14930820465088,10159
23.175765991210938,10158
23.202117204666138,10157
23.228941202163696,10156
23.255715131759644,10155
23.28242301940918,10154
23.308990240097046,10153
23.336588144302368,10152
23.36344814300537,10151
23.38992428779602,10150
23.416404247283936,10149
23.44278907775879,10148
23.469202280044556,10147
23.495439291000366,10146
23.52195715904236,10145
23.548489332199097,10144
23.574982166290283,10143
23.601617336273193,10142
23.628331184387207,10141
23.655288219451904,10140
23.68237328529358,10139
23.710063219070435,10138
23.736448049545288,10137
23.762794256210327,10136
23.78935718536377,10135
23.816457271575928,10134
23.84566330909729,10133
23.873924255371094,10132
23.903271198272705,10131
23.932526111602783,10130
23.96084237098694,10129
23.989930391311646,10128
24.020106315612793,10127
24.04808521270752,10126
24.07579731941223,10125
24.103421211242676,10124
24.131290197372437,10123
24.158966064453125,10122
24.187225103378296,10121
24.215275049209595,10120
24.242985248565674,10119
24.270885229110718,10118
24.299675226211548,10117
24.32917022705078,10116
24.358022212982178,10115
24.386019229888916,10114
24.41390633583069,10113
24.44170331954956,10112
24.46917724609375,10111
24.49654722213745,10110
24.523978233337402,10109
24.551794290542603,10108
24.579365253448486,10107
24.60703420639038,10106
24.634714126586914,10105
24.662482261657715,10104
24.69024920463562,10103
24.717960357666016,10102
24.745802402496338,10101
24.77342915534973,10100
24.801006078720093,10099
24.828540325164795,10098
24.8575222492218,10097
24.887399196624756,10096
24.91563630104065,10095
24.943236112594604,10094
24.97119116783142,10093
24.999142169952393,10092
25.028183221817017,10091
25.05685520172119,10090
25.084745407104492,10089
25.112279176712036,10088
25.13982629776001,10087
25.16784930229187,10086
25.195333242416382,10085
25.223411321640015,10084
25.251148223876953,10083
25.279165267944336,10082
25.30706214904785,10081
25.33477020263672,10080
25.36297607421875,10079
25.3908212184906,10078
25.418729305267334,10077
25.44690728187561,10076
25.475739240646362,10075
25.503231287002563,10074
25.530545234680176,10073
25.558106184005737,10072
25.5857572555542,10071
25.613782167434692,10070
25.641720056533813,10069
25.669332265853882,10068
25.69683814048767,10067
25.724255323410034,10066
25.751784324645996,10065
25.77921724319458,10064
25.807756185531616,10063
25.83703923225403,10062
25.866234302520752,10061
25.894541025161743,10060
25.922654390335083,10059
25.950477123260498,10058
25.978080987930298,10057
26.006256103515625,10056
26.034115076065063,10055
26.061926126480103,10054
26.089930295944214,10053
26.117757320404053,10052
26.145294189453125,10051
26.17279839515686,10050
26.20051121711731,10049
26.228394985198975,10048
26.255959033966064,10047
26.283384084701538,10046
26.31102204322815,10045
26.338572025299072,10044
26.36749529838562,10043
26.396173238754272,10042
26.423750162124634,10041
26.451202154159546,10040
26.478612184524536,10039
26.506418228149414,10038
26.5338191986084,10037
26.561596155166626,10036
26.589315176010132,10035
26.617234230041504,10034
26.645113229751587,10033
26.672953128814697,10032
26.7005832195282,10031
26.72823715209961,10030
26.75615429878235,10029
26.784215211868286,10028
26.81187605857849,10027
26.83958911895752,10026
26.86725616455078,10025
26.89472723007202,10024
26.92277717590332,10023
26.950679063796997,10022
26.978748321533203,10021
27.006728172302246,10020
27.034765243530273,10019
27.062453985214233,10018
27.090456247329712,10017
27.11802911758423,10016
27.145819187164307,10015
27.174106121063232,10014
27.20317006111145,10013
27.23080325126648,10012
27.25827407836914,10011
27.285844326019287,10010
27.313486099243164,10009
27.341196060180664,10008
27.36864423751831,10007
27.396408081054688,10006
27.423951148986816,10005
27.45161008834839,10004
27.478975296020508,10003
27.50662398338318,10002
27.534221172332764,10001
27.561827182769775,10000
27.589486122131348,9999
27.61703324317932,9998
27.644801139831543,9997
27.67246103286743,9996
27.700191259384155,9995
27.72761607170105,9994
27.75534415245056,9993
27.782745122909546,9992
27.81010413169861,9991
27.837764263153076,9990
27.865496158599854,9989
27.893230199813843,9988
27.922221183776855,9987
27.950773000717163,9986
27.978822231292725,9985
28.00667119026184,9984
28.03581428527832,9983
28.064220190048218,9982
28.0921573638916,9981
28.119643211364746,9980
28.14719009399414,9979
28.174848079681396,9978
28.202437162399292,9977
28.230037212371826,9976
28.257570028305054,9975
28.285349130630493,9974
28.312998294830322,9973
28.34051203727722,9972
28.36833119392395,9971
28.396019220352173,9970
28.423762321472168,9969
28.45146632194519,9968
28.479169130325317,9967
28.506781339645386,9966
28.53425407409668,9965
28.561899185180664,9964
28.589693307876587,9963
28.617510318756104,9962
28.645079135894775,9961
28.672545194625854,9960
28.700074195861816,9959
28.727607011795044,9958
28.755064249038696,9957
28.782538414001465,9956
28.810420274734497,9955
28.837624073028564,9954
28.86490821838379,9953
28.892802238464355,9952
28.9208881855011,9951
28.949623107910156,9950
28.97756314277649,9949
29.005181312561035,9948
29.03301239013672,9947
29.0612154006958,9946
29.08930516242981,9945
29.11722707748413,9944
29.145418405532837,9943
29.172789096832275,9942
29.200104236602783,9941
29.228013038635254,9940
29.25571608543396,9939
29.28336000442505,9938
29.311183214187622,9937
29.338667154312134,9936
29.366324186325073,9935
29.39406728744507,9934
29.421717405319214,9933
29.449408054351807,9932
29.47687816619873,9931
29.504271268844604,9930
29.531625270843506,9929
29.559365272521973,9928
29.59084415435791,9927
29.619235038757324,9926
29.646733045578003,9925
29.674323320388794,9924
29.702041149139404,9923
29.72987723350525,9922
29.75768804550171,9921
29.785130977630615,9920
29.812551259994507,9919
29.841387033462524,9918
29.869861125946045,9917
29.897109985351562,9916
29.923739194869995,9915
29.950223207473755,9914
29.976635217666626,9913
30.00354814529419,9912
30.03016710281372,9911
30.05655598640442,9910
30.082950115203857,9909
30.109945058822632,9908
30.136614322662354,9907
30.163036346435547,9906
30.1893470287323,9905
30.216008186340332,9904
30.24260926246643,9903
30.269442081451416,9902
30.296094179153442,9901
30.322949171066284,9900
30.34934115409851,9899
30.376001119613647,9898
30.402403116226196,9897
30.428874969482422,9896
30.455170154571533,9895
30.481444120407104,9894
30.507681131362915,9893
30.53411030769348,9892
30.560532331466675,9891
30.586926221847534,9890
30.613831281661987,9889
30.64089822769165,9888
30.66852617263794,9887
30.69486927986145,9886
30.721241235733032,9885
30.747597217559814,9884
30.774165391921997,9883
30.800684213638306,9882
30.827494144439697,9881
30.856718063354492,9880
30.883965253829956,9879
30.910447120666504,9878
30.93724536895752,9877
30.963897228240967,9876
30.990613222122192,9875
31.0177001953125,9874
31.044448137283325,9873
31.07091212272644,9872
31.097593069076538,9871
31.12406611442566,9870
31.150543212890625,9869
31.177019119262695,9868
31.203481197357178,9867
31.22997522354126,9866
31.256470203399658,9865
31.282913208007812,9864
31.30935025215149,9863
31.336109161376953,9862
31.362993240356445,9861
31.389381170272827,9860
31.41589617729187,9859
31.44226312637329,9858
31.4690580368042,9857
31.495501041412354,9856
31.521996021270752,9855
31.548668146133423,9854
31.57529926300049,9853
31.601762056350708,9852
31.62833833694458,9851
31.654715299606323,9850
31.68118715286255,9849
31.707502126693726,9848
31.733866214752197,9847
31.76019525527954,9846
31.78685998916626,9845
31.813478231430054,9844
31.840002059936523,9843
31.86688208580017,9842
31.893782138824463,9841
31.920685052871704,9840
31.94826626777649,9839
31.974874258041382,9838
32.00143218040466,9837
32.02822017669678,9836
32.05500626564026,9835
32.08142614364624,9834
32.10786318778992,9833
32.13479924201965,9832
32.16148614883423,9831
32.188109159469604,9830
32.21467423439026,9829
32.24130129814148,9828
32.26775503158569,9827
32.296775341033936,9826
32.324666261672974,9825
32.352264165878296,9824
32.37864542007446,9823
32.40543007850647,9822
32.432345151901245,9821
32.459455251693726,9820
32.48620009422302,9819
32.51294016838074,9818
32.53935933113098,9817
32.56613826751709,9816
32.5926992893219,9815
32.619184255599976,9814
32.64590525627136,9813
32.67233109474182,9812
32.69903016090393,9811
32.72576117515564,9810
32.75217628479004,9809
32.778804302215576,9808
32.805418968200684,9807
32.83232831954956,9806
32.858774185180664,9805
32.885202169418335,9804
32.91171932220459,9803
32.938122272491455,9802
32.964428186416626,9801
32.99104928970337,9800
33.017685413360596,9799
33.0442271232605,9798
33.07051110267639,9797
33.097140312194824,9796
33.123629093170166,9795
33.15016317367554,9794
33.17661118507385,9793
33.20308709144592,9792
33.22962021827698,9791
33.256134271621704,9790
33.28250026702881,9789
33.309858083724976,9788
33.336313247680664,9787
33.36308407783508,9786
33.38940906524658,9785
33.41639709472656,9784
33.44320011138916,9783
33.469892263412476,9782
33.496387243270874,9781
33.523250341415405,9780
33.55013132095337,9779
33.576735973358154,9778
33.60340619087219,9777
33.62993311882019,9776
33.656352043151855,9775
33.68278217315674,9774
33.70899200439453,9773
33.73563623428345,9772
33.762439250946045,9771
33.78918409347534,9770
33.81571817398071,9769
33.84236431121826,9768
33.868813037872314,9767
33.89559030532837,9766
33.92228317260742,9765
33.94883728027344,9764
33.97591233253479,9763
34.00411915779114,9762
34.032212257385254,9761
34.05916619300842,9760
34.08629608154297,9759
34.11314415931702,9758
34.140053272247314,9757
34.166683197021484,9756
34.19329833984375,9755
34.220362424850464,9754
34.247602224349976,9753
34.27437734603882,9752
34.30108022689819,9751
34.32757019996643,9750
34.35395312309265,9749
34.38045835494995,9748
34.407326221466064,9747
34.434043169021606,9746
34.46062731742859,9745
34.48734998703003,9744
34.51398324966431,9743
34.54051613807678,9742
34.56695508956909,9741
34.59335231781006,9740
34.62000632286072,9739
34.64662504196167,9738
34.673171281814575,9737
34.69975233078003,9736
34.726757287979126,9735
34.753573179244995,9734
34.78016924858093,9733
34.80653119087219,9732
34.83308434486389,9731
34.85952425003052,9730
34.88586711883545,9729
34.912413358688354,9728
34.93921422958374,9727
34.96551704406738,9726
34.991849184036255,9725
35.018487215042114,9724
35.04527926445007,9723
35.072057247161865,9722
35.09877419471741,9721
35.12561106681824,9720
35.152428150177,9719
35.17911911010742,9718
35.205692291259766,9717
35.23216009140015,9716
35.25865817070007,9715
35.28524899482727,9714
35.311782121658325,9713
35.33826518058777,9712
35.36530303955078,9711
35.391972064971924,9710
35.41847229003906,9709
35.44504714012146,9708
35.471779108047485,9707
35.498547315597534,9706
35.52525329589844,9705
35.55180215835571,9704
35.578261375427246,9703
35.60458517074585,9702
35.630847215652466,9701
35.65784025192261,9700
35.68507528305054,9699
35.7127571105957,9698
35.73926115036011,9697
35.765727281570435,9696
35.7921781539917,9695
35.81856918334961,9694
35.84659504890442,9693
35.874534130096436,9692
35.90138912200928,9691
35.927852153778076,9690
35.954607248306274,9689
35.98128318786621,9688
36.00815510749817,9687
36.03495907783508,9686
36.06156921386719,9685
36.08810520172119,9684
36.11490821838379,9683
36.14145827293396,9682
36.16788411140442,9681
36.19441628456116,9680
36.221243143081665,9679
36.24775218963623,9678
36.274012327194214,9677
36.30054807662964,9676
36.32702016830444,9675
36.35373616218567,9674
36.38032627105713,9673
36.40690732002258,9672
36.43352913856506,9671
36.46013307571411,9670
36.48661136627197,9669
36.51296925544739,9668
36.53962802886963,9667
36.56636905670166,9666
36.592764139175415,9665
36.619338274002075,9664
36.64592933654785,9663
36.67269229888916,9662
36.69930911064148,9661
36.725802421569824,9660
36.75232219696045,9659
36.77877116203308,9658
36.805482387542725,9657
36.83190131187439,9656
36.858339071273804,9655
36.8847553730011,9654
36.91115641593933,9653
36.93778204917908,9652
36.964290142059326,9651
36.99078822135925,9650
37.01741433143616,9649
37.04407715797424,9648
37.07054829597473,9647
37.09699726104736,9646
37.123555183410645,9645
37.14998412132263,9644
37.17635917663574,9643
37.202797174453735,9642
37.22905230522156,9641
37.25569725036621,9640
37.28225111961365,9639
37.3087842464447,9638
37.33569097518921,9637
37.36277914047241,9636
37.3904972076416,9635
37.4170401096344,9634
37.44348120689392,9633
37.46988010406494,9632
37.49620604515076,9631
37.522560119628906,9630
37.54889917373657,9629
37.57538628578186,9628
37.601890087127686,9627
37.62833213806152,9626
37.654985189437866,9625
37.6814603805542,9624
37.70795226097107,9623
37.734413146972656,9622
37.76089525222778,9621
37.78761434555054,9620
37.81398820877075,9619
37.84030318260193,9618
37.866631269454956,9617
37.89325428009033,9616
37.919952154159546,9615
37.946415185928345,9614
37.972933292388916,9613
37.99961709976196,9612
38.026639223098755,9611
38.05325627326965,9610
38.08010911941528,9609
38.10701632499695,9608
38.13356113433838,9607
38.15991711616516,9606
38.186527252197266,9605
38.21336317062378,9604
38.240137338638306,9603
38.26672005653381,9602
38.293333292007446,9601
38.31980919837952,9600
38.350919246673584,9599
38.3780472278595,9598
38.404646158218384,9597
38.431331157684326,9596
38.45785427093506,9595
38.484196186065674,9594
38.51052117347717,9593
38.536941051483154,9592
38.56375598907471,9591
38.59030604362488,9590
38.616836071014404,9589
38.64361906051636,9588
38.67024326324463,9587
38.697264194488525,9586
38.72386026382446,9585
38.750187158584595,9584
38.77653622627258,9583
38.80282807350159,9582
38.8291072845459,9581
38.85560131072998,9580
38.88207006454468,9579
38.908462047576904,9578
38.93528604507446,9577
38.96214818954468,9576
38.98872113227844,9575
39.01569199562073,9574
39.06499409675598,9573
39.09269118309021,9572
39.11917424201965,9571
39.145567417144775,9570
39.17178225517273,9569
39.19829511642456,9568
39.22474718093872,9567
39.25134205818176,9566
39.278125047683716,9565
39.30466628074646,9564
39.331061124801636,9563
39.35752534866333,9562
39.38397431373596,9561
39.41057109832764,9560
39.437169313430786,9559
39.46400833129883,9558
39.49043917655945,9557
39.517070055007935,9556
39.543989181518555,9555
39.57068228721619,9554
39.59743618965149,9553
39.62391710281372,9552
39.65032124519348,9551
39.676812171936035,9550
39.703253984451294,9549
39.729820251464844,9548
39.75678730010986,9547
39.78408336639404,9546
39.8118200302124,9545
39.83862805366516,9544
39.865413188934326,9543
39.89221405982971,9542
39.91898536682129,9541
39.945932149887085,9540
39.972570180892944,9539
39.99945330619812,9538
40.02591633796692,9537
40.052278995513916,9536
40.07863807678223,9535
40.10507321357727,9534
40.131598234176636,9533
40.15823721885681,9532
40.18477010726929,9531
40.211358308792114,9530
40.237831354141235,9529
40.2643461227417,9528
40.29159498214722,9527
40.31950306892395,9526
40.34679436683655,9525
40.373696088790894,9524
40.40051198005676,9523
40.42723035812378,9522
40.45369029045105,9521
40.48027229309082,9520
40.50681233406067,9519
40.53367614746094,9518
40.56036829948425,9517
40.587045192718506,9516
40.61352324485779,9515
40.64004921913147,9514
40.66657519340515,9513
40.693026065826416,9512
40.719823122024536,9511
40.74689030647278,9510
40.7743821144104,9509
40.80106520652771,9508
40.82806706428528,9507
40.857173204422,9506
40.88422417640686,9505
40.91070222854614,9504
40.93714714050293,9503
40.9635751247406,9502
40.99026608467102,9501
41.01680111885071,9500
41.04360222816467,9499
41.070292234420776,9498
41.09672713279724,9497
41.12352013587952,9496
41.15018916130066,9495
41.17685127258301,9494
41.20337510108948,9493
41.23018431663513,9492
41.25694513320923,9491
41.28361535072327,9490
41.31011199951172,9489
41.33671236038208,9488
41.3631911277771,9487
41.38981294631958,9486
41.41625905036926,9485
41.4428391456604,9484
41.469412088394165,9483
41.49587321281433,9482
41.52294611930847,9481
41.54953122138977,9480
41.57604932785034,9479
41.60261034965515,9478
41.62911105155945,9477
41.65548920631409,9476
41.68250012397766,9475
41.7092502117157,9474
41.73603129386902,9473
41.76276516914368,9472
41.789637088775635,9471
41.81625533103943,9470
41.84282422065735,9469
41.86978030204773,9468
41.896881341934204,9467
41.92348909378052,9466
41.95034623146057,9465
41.97704720497131,9464
42.00397729873657,9463
42.03046011924744,9462
42.05702519416809,9461
42.08367109298706,9460
42.11024713516235,9459
42.136744260787964,9458
42.16351509094238,9457
42.190021276474,9456
42.21663212776184,9455
42.243091344833374,9454
42.26956534385681,9453
42.29589128494263,9452
42.32257032394409,9451
42.34955906867981,9450
42.37588310241699,9449
42.40291118621826,9448
42.43064498901367,9447
42.45883011817932,9446
42.48575019836426,9445
42.51234412193298,9444
42.538817167282104,9443
42.56527304649353,9442
42.592101097106934,9441
42.6186900138855,9440
42.64538526535034,9439
42.6720073223114,9438
42.69843316078186,9437
42.72508525848389,9436
42.75186038017273,9435
42.77865028381348,9434
42.80546522140503,9433
42.83213210105896,9432
42.85892415046692,9431
42.88561820983887,9430
42.9121253490448,9429
42.93881416320801,9428
42.9654061794281,9427
42.991899251937866,9426
43.01876401901245,9425
43.04567217826843,9424
43.07223701477051,9423
43.0988552570343,9422
43.12542009353638,9421
43.15240526199341,9420
43.17914700508118,9419
43.205764055252075,9418
43.23226022720337,9417
43.25898027420044,9416
43.28575825691223,9415
43.31228733062744,9414
43.33889412879944,9413
43.36581826210022,9412
43.39234519004822,9411
43.418864250183105,9410
43.44531321525574,9409
43.47204399108887,9408
43.49861812591553,9407
43.525052309036255,9406
43.55142331123352,9405
43.57783913612366,9404
43.60442018508911,9403
43.63110017776489,9402
43.657570123672485,9401
43.68443536758423,9400
43.710973262786865,9399
43.73769521713257,9398
43.76423907279968,9397
43.791051149368286,9396
43.81768822669983,9395
43.84409427642822,9394
43.870471239089966,9393
43.89744305610657,9392
43.924092292785645,9391
43.95052528381348,9390
43.97692012786865,9389
44.00414729118347,9388
44.03187036514282,9387
44.058714151382446,9386
44.08603119850159,9385
44.11338210105896,9384
44.14147138595581,9383
44.1681592464447,9382
44.194706201553345,9381
44.22144412994385,9380
44.24796414375305,9379
44.27518916130066,9378
44.30196928977966,9377
44.3284432888031,9376
44.35489201545715,9375
44.38136124610901,9374
44.407926082611084,9373
44.43452429771423,9372
44.46136116981506,9371
44.48798203468323,9370
44.51452016830444,9369
44.54094934463501,9368
44.56735324859619,9367
44.59417009353638,9366
44.62123227119446,9365
44.64862418174744,9364
44.67572236061096,9363
44.70231509208679,9362
44.72883319854736,9361
44.755287170410156,9360
44.781758308410645,9359
44.808186292648315,9358
44.83467221260071,9357
44.860987186431885,9356
44.88740134239197,9355
44.91397023200989,9354
44.94053602218628,9353
44.967347383499146,9352
44.99409103393555,9351
45.02074313163757,9350
45.04738926887512,9349
45.07397413253784,9348
45.100635290145874,9347
45.12791323661804,9346
45.15466523170471,9345
45.18109631538391,9344
45.20749831199646,9343
45.23388314247131,9342
45.26031827926636,9341
45.28713130950928,9340
45.31403923034668,9339
45.341060161590576,9338
45.36778020858765,9337
45.39428234100342,9336
45.420796155929565,9335
45.44744420051575,9334
45.47405004501343,9333
45.50055122375488,9332
45.527289152145386,9331
45.55371713638306,9330
45.58009123802185,9329
45.60661220550537,9328
45.633443117141724,9327
45.66003608703613,9326
45.686745166778564,9325
45.713306188583374,9324
45.739718198776245,9323
45.76651120185852,9322
45.79423213005066,9321
45.82247018814087,9320
45.85090208053589,9319
45.87897324562073,9318
45.905986070632935,9317
45.93318033218384,9316
45.96045422554016,9315
45.98721098899841,9314
46.01414132118225,9313
46.041128158569336,9312
46.067872047424316,9311
46.09451222419739,9310
46.12110114097595,9309
46.1476263999939,9308
46.1744282245636,9307
46.201064348220825,9306
46.2273473739624,9305
46.25390410423279,9304
46.28048014640808,9303
46.307098150253296,9302
46.33357000350952,9301
46.36010813713074,9300
46.386760234832764,9299
46.413652181625366,9298
46.44012427330017,9297
46.46650815010071,9296
46.493102073669434,9295
46.519795179367065,9294
46.546164989471436,9293
46.573031187057495,9292
46.59983015060425,9291
46.626665353775024,9290
46.653499126434326,9289
46.68015122413635,9288
46.70677328109741,9287
46.73332405090332,9286
46.759833097457886,9285
46.78632426261902,9284
46.81289315223694,9283
46.839351177215576,9282
46.866146087646484,9281
46.892728090286255,9280
46.91966533660889,9279
46.94660019874573,9278
46.973480224609375,9277
47.00010919570923,9276
47.026862144470215,9275
47.053457260131836,9274
47.080010414123535,9273
47.10663318634033,9272
47.13324332237244,9271
47.160046100616455,9270
47.186498165130615,9269
47.2132031917572,9268
47.24014616012573,9267
47.266717195510864,9266
47.29354810714722,9265
47.32009434700012,9264
47.346572160720825,9263
47.37338709831238,9262
47.400362968444824,9261
47.42719626426697,9260
47.454039096832275,9259
47.481131076812744,9258
47.50873017311096,9257
47.535391330718994,9256
47.56192922592163,9255
47.5884222984314,9254
47.614909172058105,9253
47.641369104385376,9252
47.66788125038147,9251
47.694515228271484,9250
47.721400022506714,9249
47.747923374176025,9248
47.77446508407593,9247
47.80099034309387,9246
47.82741403579712,9245
47.854119300842285,9244
47.88078737258911,9243
47.90773916244507,9242
47.93470001220703,9241
47.96151518821716,9240
47.98824620246887,9239
48.01484537124634,9238
48.041404247283936,9237
48.06783938407898,9236
48.09489631652832,9235
48.12153220176697,9234
48.14815020561218,9233
48.175039291381836,9232
48.2017982006073,9231
48.228352069854736,9230
48.25491404533386,9229
48.28141903877258,9228
48.30948519706726,9227
48.33745312690735,9226
48.364474296569824,9225
48.39120531082153,9224
48.418052196502686,9223
48.44459319114685,9222
48.471121311187744,9221
48.497780323028564,9220
48.52512526512146,9219
48.55169320106506,9218
48.5784273147583,9217
48.605250120162964,9216
48.632084369659424,9215
48.658693075180054,9214
48.68523120880127,9213
48.7116961479187,9212
48.73820900917053,9211
48.7646541595459,9210
48.79129719734192,9209
48.818172216415405,9208
48.844916343688965,9207
48.87149429321289,9206
48.89812231063843,9205
48.92480421066284,9204
48.95144820213318,9203
48.97826027870178,9202
49.00496530532837,9201
49.03191328048706,9200
49.058579206466675,9199
49.085108280181885,9198
49.11157822608948,9197
49.13870716094971,9196
49.166046380996704,9195
49.19423532485962,9194
49.221158266067505,9193
49.248093366622925,9192
49.27478337287903,9191
49.30143618583679,9190
49.32825708389282,9189
49.354881048202515,9188
49.38140630722046,9187
49.40785813331604,9186
49.434216260910034,9185
49.46112322807312,9184
49.48788022994995,9183
49.51477408409119,9182
49.54152011871338,9181
49.568201303482056,9180
49.59482717514038,9179
49.62146019935608,9178
49.64807438850403,9177
49.67472004890442,9176
49.7014901638031,9175
49.72820711135864,9174
49.75966000556946,9173
49.78689527511597,9172
49.813960313797,9171
49.84074330329895,9170
49.86735415458679,9169
49.894442319869995,9168
49.92132830619812,9167
49.9477972984314,9166
49.974329233169556,9165
50.00116419792175,9164
50.027979135513306,9163
50.05467915534973,9162
50.08130621910095,9161
50.10804224014282,9160
50.134841203689575,9159
50.1614191532135,9158
50.188061237335205,9157
50.21469736099243,9156
50.24130606651306,9155
50.26783633232117,9154
50.29458212852478,9153
50.321516036987305,9152
50.348159313201904,9151
50.37495708465576,9150
50.401469230651855,9149
50.42832827568054,9148
50.45554709434509,9147
50.48289513587952,9146
50.5097291469574,9145
50.53692007064819,9144
50.563498973846436,9143
50.59012317657471,9142
50.61665630340576,9141
50.64319634437561,9140
50.66972637176514,9139
50.696386098861694,9138
50.72280716896057,9137
50.74948239326477,9136
50.77613830566406,9135
50.802733182907104,9134
50.83022928237915,9133
50.86015725135803,9132
50.88898515701294,9131
50.915653228759766,9130
50.94229340553284,9129
50.96877121925354,9128
50.99572515487671,9127
51.02263617515564,9126
51.04951333999634,9125
51.076417207717896,9124
51.10332226753235,9123
51.130468130111694,9122
51.157220125198364,9121
51.18382000923157,9120
51.210411071777344,9119
51.2369122505188,9118
51.2639102935791,9117
51.29033708572388,9116
51.31686520576477,9115
51.34332728385925,9114
51.369773149490356,9113
51.396584272384644,9112
51.423614263534546,9111
51.45032334327698,9110
51.477142095565796,9109
51.50375032424927,9108
51.53055214881897,9107
51.55710220336914,9106
51.58374810218811,9105
51.61053228378296,9104
51.63750600814819,9103
51.66395425796509,9102
51.69047713279724,9101
51.717103242874146,9100
51.7438702583313,9099
51.770724058151245,9098
51.79799723625183,9097
51.82485914230347,9096
51.85169315338135,9095
51.87860822677612,9094
51.905285120010376,9093
51.93198823928833,9092
51.958914041519165,9091
51.985467195510864,9090
52.01228737831116,9089
52.038918256759644,9088
52.066036224365234,9087
52.09266924858093,9086
52.119638204574585,9085
52.146320104599,9084
52.172914266586304,9083
52.199581146240234,9082
52.226452350616455,9081
52.25303339958191,9080
52.27964425086975,9079
52.3061261177063,9078
52.33262515068054,9077
52.35935616493225,9076
52.38604521751404,9075
52.41267132759094,9074
52.43989419937134,9073
52.46685528755188,9072
52.49392223358154,9071
52.521003007888794,9070
52.54834723472595,9069
52.5760931968689,9068
52.60265111923218,9067
52.629324197769165,9066
52.655760288238525,9065
52.682504177093506,9064
52.70917296409607,9063
52.73583722114563,9062
52.76281809806824,9061
52.78967618942261,9060
52.816707134246826,9059
52.843629121780396,9058
52.87033438682556,9057
52.89688515663147,9056
52.92348909378052,9055
52.95027828216553,9054
52.97676110267639,9053
53.003536224365234,9052
53.03030514717102,9051
53.056979179382324,9050
53.08407807350159,9049
53.1107861995697,9048
53.13743734359741,9047
53.16403913497925,9046
53.19065618515015,9045
53.21750807762146,9044
53.2440721988678,9043
53.27057719230652,9042
53.296921253204346,9041
53.323578119277954,9040
53.35025405883789,9039
53.37703824043274,9038
53.403640031814575,9037
53.4303412437439,9036
53.456953048706055,9035
53.48344922065735,9034
53.50998616218567,9033
53.53653621673584,9032
53.56311011314392,9031
53.58958101272583,9030
53.61592125892639,9029
53.64320421218872,9028
53.669886350631714,9027
53.69668626785278,9026
53.72376608848572,9025
53.75053310394287,9024
53.777135133743286,9023
53.80375123023987,9022
53.830371141433716,9021
53.85699725151062,9020
53.88388729095459,9019
53.91106128692627,9018
53.93758416175842,9017
53.96460723876953,9016
53.99126124382019,9015
54.01827526092529,9014
54.04511523246765,9013
54.07206320762634,9012
54.09912610054016,9011
54.12588810920715,9010
54.152905225753784,9009
54.1798882484436,9008
54.20691514015198,9007
54.23444223403931,9006
54.26207995414734,9005
54.288793087005615,9004
54.316346168518066,9003
54.34335923194885,9002
54.370078325271606,9001
54.39672017097473,9000
54.42372512817383,8999
54.45038414001465,8998
54.47722125053406,8997
54.50391435623169,8996
54.530827045440674,8995
54.55744218826294,8994
54.58410334587097,8993
54.61091709136963,8992
54.63799500465393,8991
54.66464924812317,8990
54.69160223007202,8989
54.71838116645813,8988
54.74529027938843,8987
54.7722282409668,8986
54.79883623123169,8985
54.82557725906372,8984
54.85221815109253,8983
54.879008054733276,8982
54.90570020675659,8981
54.93259310722351,8980
54.959397077560425,8979
54.986024379730225,8978
55.01274108886719,8977
55.03979516029358,8976
55.06667900085449,8975
55.093268394470215,8974
55.11989235877991,8973
55.14642095565796,8972
55.173070192337036,8971
55.19952416419983,8970
55.22595405578613,8969
55.25261616706848,8968
55.27932810783386,8967
55.30623936653137,8966
55.332985162734985,8965
55.35964632034302,8964
55.386359214782715,8963
55.41293120384216,8962
55.439789056777954,8961
55.466631174087524,8960
55.49334406852722,8959
55.519875049591064,8958
55.546518087387085,8957
55.57342529296875,8956
55.600168228149414,8955
55.62681221961975,8954
55.65369915962219,8953
55.68034815788269,8952
55.706990242004395,8951
55.73353719711304,8950
55.760122299194336,8949
55.78675723075867,8948
55.813632011413574,8947
55.840824127197266,8946
55.86992526054382,8945
55.89740514755249,8944
55.92502498626709,8943
55.95288014411926,8942
55.979902267456055,8941
56.00804615020752,8940
56.03483319282532,8939
56.061798334121704,8938
56.08875322341919,8937
56.11541724205017,8936
56.14203119277954,8935
56.16864204406738,8934
56.19515323638916,8933
56.22185921669006,8932
56.24857020378113,8931
56.27556920051575,8930
56.30232810974121,8929
56.33107829093933,8928
56.358081102371216,8927
56.38516402244568,8926
56.41194224357605,8925
56.43898320198059,8924
56.46547722816467,8923
56.49204421043396,8922
56.51848030090332,8921
56.54513216018677,8920
56.57190012931824,8919
56.59852910041809,8918
56.625290393829346,8917
56.651857137680054,8916
56.67840003967285,8915
56.70518398284912,8914
56.732537269592285,8913
56.75912022590637,8912
56.785654067993164,8911
56.81241536140442,8910
56.839139223098755,8909
56.86596131324768,8908
56.89289331436157,8907
56.91967415809631,8906
56.94635009765625,8905
56.97313117980957,8904
56.99978232383728,8903
57.02672004699707,8902
57.05334115028381,8901
57.0798442363739,8900
57.10626816749573,8899
57.13291811943054,8898
57.15977716445923,8897
57.186798095703125,8896
57.21363615989685,8895
57.24030327796936,8894
57.267205238342285,8893
57.293994426727295,8892
57.32075119018555,8891
57.34728813171387,8890
57.37390112876892,8889
57.40053606033325,8888
57.42704200744629,8887
57.45350909233093,8886
57.47991609573364,8885
57.506598234176636,8884
57.53369426727295,8883
57.5605833530426,8882
57.58761811256409,8881
57.61477708816528,8880
57.64250111579895,8879
57.66899919509888,8878
57.69550943374634,8877
57.72194719314575,8876
57.748396158218384,8875
57.77487826347351,8874
57.80129098892212,8873
57.82825803756714,8872
57.85511922836304,8871
57.88179302215576,8870
57.908921241760254,8869
57.935479164123535,8868
57.9623441696167,8867
57.989235162734985,8866
58.01634621620178,8865
58.04333734512329,8864
58.07003903388977,8863
58.096782207489014,8862
58.12350416183472,8861
58.150474309921265,8860
58.17768216133118,8859
58.204328298568726,8858
58.23093128204346,8857
58.25744318962097,8856
58.284027099609375,8855
58.31078600883484,8854
58.33790421485901,8853
58.3644700050354,8852
58.391207218170166,8851
58.41769027709961,8850
58.44408321380615,8849
58.470646142959595,8848
58.4975643157959,8847
58.52428317070007,8846
58.55126333236694,8845
58.57829236984253,8844
58.60522532463074,8843
58.63181519508362,8842
58.65836811065674,8841
58.684845209121704,8840
58.711562395095825,8839
58.73832321166992,8838
58.764912128448486,8837
58.79187512397766,8836
58.81888818740845,8835
58.84559512138367,8834
58.87232303619385,8833
58.89893817901611,8832
58.92561721801758,8831
58.952436208724976,8830
58.97915315628052,8829
59.005643129348755,8828
59.032512187957764,8827
59.059386253356934,8826
59.08626413345337,8825
59.11341834068298,8824
59.140199184417725,8823
59.16709303855896,8822
59.194212198257446,8821
59.221105337142944,8820
59.24776911735535,8819
59.27489614486694,8818
59.30298113822937,8817
59.331048250198364,8816
59.357763051986694,8815
59.38434314727783,8814
59.41084313392639,8813
59.43754696846008,8812
59.464213371276855,8811
59.49088001251221,8810
59.51750612258911,8809
59.54416108131409,8808
59.57109808921814,8807
59.598034143447876,8806
59.62472438812256,8805
59.651161193847656,8804
59.67767906188965,8803
59.70417308807373,8802
59.73076128959656,8801
59.757615089416504,8800
59.78434419631958,8799
59.811042070388794,8798
59.83769917488098,8797
59.864522218704224,8796
59.89162802696228,8795
59.918601274490356,8794
59.94524908065796,8793
59.971742391586304,8792
59.99875521659851,8791
60.025466203689575,8790
60.05198526382446,8789
60.07856726646423,8788
60.10530924797058,8787
60.132291078567505,8786
60.159043073654175,8785
60.18582320213318,8784
60.212809324264526,8783
60.239543199539185,8782
60.26615619659424,8781
60.29288601875305,8780
60.31952619552612,8779
60.345999240875244,8778
60.37246108055115,8777
60.39928436279297,8776
60.42621207237244,8775
60.453304052352905,8774
60.48013615608215,8773
60.50685739517212,8772
60.533573150634766,8771
60.56043529510498,8770
60.587504148483276,8769
60.61410212516785,8768
60.64066219329834,8767
60.667418241500854,8766
60.6939651966095,8765
60.720601081848145,8764
60.74728536605835,8763
60.77438306808472,8762
60.80125308036804,8761
60.82788825035095,8760
60.856356143951416,8759
60.8842670917511,8758
60.911229372024536,8757
60.93777918815613,8756
60.96473526954651,8755
60.99198627471924,8754
61.01986312866211,8753
61.047126054763794,8752
61.07394504547119,8751
61.100892305374146,8750
61.128103256225586,8749
61.155434370040894,8748
61.182345390319824,8747
61.21025323867798,8746
61.23733615875244,8745
61.26385426521301,8744
61.29085326194763,8743
61.317381143569946,8742
61.34400010108948,8741
61.37078619003296,8740
61.398094177246094,8739
61.42478013038635,8738
61.451773166656494,8737
61.478392124176025,8736
61.50500416755676,8735
61.531482219696045,8734
61.55847215652466,8733
61.58508324623108,8732
61.611918210983276,8731
61.6385440826416,8730
61.665152072906494,8729
61.6917941570282,8728
61.71851325035095,8727
61.74542021751404,8726
61.772186279296875,8725
61.798864126205444,8724
61.825571060180664,8723
61.85212016105652,8722
61.87893033027649,8721
61.905802965164185,8720
61.93238711357117,8719
61.95901322364807,8718
61.98546624183655,8717
62.0126531124115,8716
62.03976130485535,8715
62.06647515296936,8714
62.093263149261475,8713
62.12017631530762,8712
62.1470410823822,8711
62.17363524436951,8710
62.20030736923218,8709
62.227256059646606,8708
62.253846168518066,8707
62.28032422065735,8706
62.30679440498352,8705
62.33334922790527,8704
62.360233306884766,8703
62.38689422607422,8702
62.413673400878906,8701
62.44087338447571,8700
62.47270131111145,8699
62.49964618682861,8698
62.526421308517456,8697
62.5533812046051,8696
62.580016136169434,8695
62.60687327384949,8694
62.633639335632324,8693
62.66100239753723,8692
62.688520193099976,8691
62.716689109802246,8690
62.743847131729126,8689
62.770496129989624,8688
62.797309160232544,8687
62.82400631904602,8686
62.85107207298279,8685
62.87821412086487,8684
62.90536713600159,8683
62.93263006210327,8682
62.959662199020386,8681
62.986913204193115,8680
63.01373314857483,8679
63.04037928581238,8678
63.066996335983276,8677
63.09373998641968,8676
63.12043809890747,8675
63.14703726768494,8674
63.17356634140015,8673
63.20009803771973,8672
63.226566314697266,8671
63.25318908691406,8670
63.28065323829651,8669
63.3084442615509,8668
63.335328102111816,8667
63.36190414428711,8666
63.38850212097168,8665
63.4151291847229,8664
63.44201326370239,8663
63.46886706352234,8662
63.49573612213135,8661
63.52231431007385,8660
63.548784255981445,8659
63.575557231903076,8658
63.60231328010559,8657
63.629059076309204,8656
63.65566110610962,8655
63.68242931365967,8654
63.709532260894775,8653
63.73635816574097,8652
63.76304626464844,8651
63.78967237472534,8650
63.81663107872009,8649
63.8432092666626,8648
63.86963725090027,8647
63.896353006362915,8646
63.92316126823425,8645
63.950112104415894,8644
63.977052211761475,8643
64.00401020050049,8642
64.03079319000244,8641
64.05746507644653,8640
64.08407616615295,8639
64.1108672618866,8638
64.13751029968262,8637
64.16439318656921,8636
64.19094395637512,8635
64.21753025054932,8634
64.24422717094421,8633
64.27130007743835,8632
64.29828929901123,8631
64.32629132270813,8630
64.35550832748413,8629
64.38336610794067,8628
64.41133522987366,8627
64.43795728683472,8626
64.46459317207336,8625
64.49156618118286,8624
64.51832699775696,8623
64.54494309425354,8622
64.57143497467041,8621
64.59810209274292,8620
64.62492418289185,8619
64.6518771648407,8618
64.67863917350769,8617
64.70521020889282,8616
64.73178625106812,8615
64.75836634635925,8614
64.7849793434143,8613
64.8118212223053,8612
64.83875036239624,8611
64.8652892112732,8610
64.89172220230103,8609
64.91852116584778,8608
64.94537425041199,8607
64.97215509414673,8606
64.99890613555908,8605
65.02579402923584,8604
65.05248308181763,8603
65.07938814163208,8602
65.1060631275177,8601
65.13264632225037,8600
65.15919613838196,8599
65.1860842704773,8598
65.21275210380554,8597
65.23948621749878,8596
65.26614809036255,8595
65.2934741973877,8594
65.32034206390381,8593
65.34736633300781,8592
65.37449598312378,8591
65.40122532844543,8590
65.42824602127075,8589
65.4550712108612,8588
65.48176097869873,8587
65.50822234153748,8586
65.53467631340027,8585
65.56126618385315,8584
65.58785820007324,8583
65.61462712287903,8582
65.6416482925415,8581
65.6686840057373,8580
65.69531631469727,8579
65.72185325622559,8578
65.74840712547302,8577
65.77491211891174,8576
65.80141615867615,8575
65.82824611663818,8574
65.85635709762573,8573
65.88444805145264,8572
65.91149520874023,8571
65.93838930130005,8570
65.96527624130249,8569
65.99239921569824,8568
66.01937508583069,8567
66.04638314247131,8566
66.07441926002502,8565
66.10373306274414,8564
66.13206505775452,8563
66.16073703765869,8562
66.19014620780945,8561
66.22047519683838,8560
66.25036025047302,8559
66.28074908256531,8558
66.31063437461853,8557
66.34099626541138,8556
66.37133717536926,8555
66.40187120437622,8554
66.4330222606659,8553
66.46413826942444,8552
66.49644017219543,8551
66.52663826942444,8550
66.55652809143066,8549
66.58626508712769,8548
66.61589026451111,8547
66.6458261013031,8546
66.67646312713623,8545
66.70659303665161,8544
66.73412227630615,8543
66.76126527786255,8542
69.95262122154236,8541
69.97914719581604,8540
70.00639510154724,8539
70.03333520889282,8538
70.0600733757019,8537
70.08663511276245,8536
70.1132161617279,8535
70.14006233215332,8534
70.16677236557007,8533
70.19377112388611,8532
70.22067141532898,8531
70.24752521514893,8530
70.274245262146,8529
70.30090117454529,8528
70.32755613327026,8527
70.35424518585205,8526
70.38092732429504,8525
70.40749311447144,8524
70.43405318260193,8523
70.46082210540771,8522
70.4872841835022,8521
70.5145092010498,8520
71.72397422790527,8519
71.75072312355042,8518
71.77742123603821,8517
73.59275531768799,8516
73.61981916427612,8515
73.64685726165771,8514
73.6736524105072,8513
73.70042109489441,8512
73.72705030441284,8511
73.75368618965149,8510
73.78060913085938,8509
73.80736517906189,8508
73.87602305412292,8507
73.91575121879578,8506
73.9587230682373,8505
74.00921821594238,8504
74.10368418693542,8503
74.13113713264465,8502
74.19523119926453,8501
74.22193312644958,8500
74.26841425895691,8499
74.29520320892334,8498
74.35703825950623,8497
74.38428211212158,8496
74.4425961971283,8495
74.46947622299194,8494
74.49634623527527,8493
74.57436418533325,8492
74.60101318359375,8491
74.65281510353088,8490
74.67963218688965,8489
74.74510717391968,8488
74.77182412147522,8487
74.83545708656311,8486
74.8656952381134,8485
74.93288803100586,8484
74.98367714881897,8483
75.010498046875,8482
75.06859803199768,8481
75.09545612335205,8480
75.15316414833069,8479
75.17996025085449,8478
75.27235913276672,8477
75.32573318481445,8476
75.3663432598114,8475
75.40921521186829,8474
75.4360020160675,8473
75.52021408081055,8472
75.55201935768127,8471
75.58141899108887,8470
75.60897517204285,8469
75.63609433174133,8468
75.663081407547,8467
75.72939324378967,8466
75.75633525848389,8465
75.79709219932556,8464
75.82457423210144,8463
75.89690232276917,8462
75.924387216568,8461
75.973961353302,8460
76.00100517272949,8459
76.06106901168823,8458
76.08784508705139,8457
76.13578629493713,8456
76.16347432136536,8455
76.224454164505,8454
76.2539393901825,8453
76.29836225509644,8452
76.32534503936768,8451
76.39860224723816,8450
76.43853425979614,8449
76.46527934074402,8448
76.50977826118469,8447
76.55199217796326,8446
76.5787000656128,8445
76.62956309318542,8444
76.65611529350281,8443
76.71881008148193,8442
76.74563312530518,8441
76.78506422042847,8440
76.81252813339233,8439
76.88559627532959,8438
76.91226124763489,8437
76.97926712036133,8436
77.00603723526001,8435
77.06931519508362,8434
77.09621238708496,8433
77.16813516616821,8432
77.21422624588013,8431
77.26181125640869,8430
77.28825807571411,8429
77.3426103591919,8428
77.36924123764038,8427
77.39589810371399,8426
77.4228310585022,8425
77.4496603012085,8424
77.47631311416626,8423
77.5029821395874,8422
77.57161712646484,8421
77.59834623336792,8420
77.64291214942932,8419
77.68904113769531,8418
77.75459623336792,8417
77.78131318092346,8416
77.84269118309021,8415
77.87054514884949,8414
77.93756532669067,8413
77.96446013450623,8412
78.02727127075195,8411
78.05394411087036,8410
78.12021398544312,8409
78.14738512039185,8408
78.201895236969,8407
78.25365018844604,8406
78.28055906295776,8405
78.35663104057312,8404
78.38333535194397,8403
78.45471715927124,8402
78.4814031124115,8401
78.52968430519104,8400
78.55637621879578,8399
78.58329439163208,8398
78.60991835594177,8397
78.67641234397888,8396
78.70307922363281,8395
78.7782793045044,8394
78.8049373626709,8393
78.87630534172058,8392
78.90294814109802,8391
78.9474720954895,8390
78.98937702178955,8389
79.01618027687073,8388
79.08895206451416,8387
79.11563229560852,8386
79.19234204292297,8385
79.21901726722717,8384
79.28185606002808,8383
79.328604221344,8382
79.35533905029297,8381
79.4174530506134,8380
79.44423222541809,8379
79.50106620788574,8378
79.54858112335205,8377
79.57614016532898,8376
79.65682315826416,8375
79.6837751865387,8374
79.76255202293396,8373
79.78907537460327,8372
79.85793209075928,8371
79.8851101398468,8370
79.94660830497742,8369
79.9734263420105,8368
80.03133535385132,8367
80.058030128479,8366
80.12102341651917,8365
80.14805030822754,8364
80.22365021705627,8363
80.25055718421936,8362
80.32554221153259,8361
80.35378408432007,8360
80.42642211914062,8359
80.45351433753967,8358
80.5129702091217,8357
80.53990411758423,8356
80.59188508987427,8355
80.61860227584839,8354
80.65735912322998,8353
80.6840991973877,8352
80.7349271774292,8351
80.76184320449829,8350
80.82344818115234,8349
80.85097217559814,8348
80.91740417480469,8347
80.94417405128479,8346
81.02112102508545,8345
81.06830430030823,8344
81.1185610294342,8343
81.15958619117737,8342
100.11944031715393,8341
100.14610934257507,8340
100.19790315628052,8339
100.2248203754425,8338
100.25192713737488,8337
100.30502414703369,8336
100.34467315673828,8335
100.38842701911926,8334
100.89336133003235,8333
100.93519616127014,8332
101.03242921829224,8331
101.0592954158783,8330
101.10797023773193,8329
101.16121029853821,8328
101.20154523849487,8327
101.26720714569092,8326
101.29429340362549,8325
104.62036418914795,8324
104.66178035736084,8323
104.705078125,8322
104.75306820869446,8321
104.79570627212524,8320
104.84292316436768,8319
104.88483214378357,8318
105.00115132331848,8317
105.0522141456604,8316
105.07923626899719,8315
105.13324904441833,8314
105.17320013046265,8313
105.22225522994995,8312
105.25059509277344,8311
105.38838601112366,8310
105.42784929275513,8309
105.4731662273407,8308
105.51491713523865,8307
105.56218910217285,8306
105.61421918869019,8305
105.6634533405304,8304
105.71607708930969,8303
105.74300527572632,8302
105.862877368927,8301
105.9047691822052,8300
105.93226432800293,8299
106.0654571056366,8298
106.10664319992065,8297
106.15098524093628,8296
106.17783427238464,8295
106.2167112827301,8294
106.26367831230164,8293
106.31397724151611,8292
106.36674523353577,8291
106.40793132781982,8290
106.4549572467804,8289
106.50362420082092,8288
106.54516506195068,8287
106.58877325057983,8286
106.63660025596619,8285
106.89844131469727,8284
106.94294714927673,8283
106.98917722702026,8282
107.03909397125244,8281
107.24066615104675,8280
107.2679762840271,8279
107.30739617347717,8278
107.35690522193909,8277
107.60217213630676,8276
107.65298819541931,8275
107.7057592868805,8274
107.74737620353699,8273
107.98020315170288,8272
108.02873802185059,8271
108.06958413124084,8270
108.11302328109741,8269
108.30764627456665,8268
108.35317707061768,8267
108.40235638618469,8266
108.42926526069641,8265
108.62831115722656,8264
108.67218613624573,8263
108.7184522151947,8262
108.76605224609375,8261
108.9934720993042,8260
109.03668117523193,8259
109.08177208900452,8258
109.1294162273407,8257
109.34462308883667,8256
109.39373326301575,8255
109.43560338020325,8254
109.4810700416565,8253
109.72343325614929,8252
109.75052213668823,8251
109.79169631004333,8250
109.83437728881836,8249
110.03796625137329,8248
110.08738040924072,8247
110.1406352519989,8246
110.17967939376831,8245
110.39505100250244,8244
110.43849325180054,8243
110.48330211639404,8242
110.5303201675415,8241
110.78650522232056,8240
110.82710027694702,8239
110.85431718826294,8238
110.90378713607788,8237
111.1300721168518,8236
111.15702414512634,8235
111.19793629646301,8234
111.36245131492615,8233
111.42053318023682,8232
111.46812725067139,8231
111.495037317276,8230
111.67952013015747,8229
111.75713920593262,8228
111.87753534317017,8227
111.95995330810547,8226
112.01326513290405,8225
112.05533528327942,8224
112.10275721549988,8223
112.21123933792114,8222
112.2785952091217,8221
112.33730411529541,8220
112.40151715278625,8219
112.51430821418762,8218
112.5857481956482,8217
112.64529919624329,8216
112.70897626876831,8215
112.84632611274719,8214
112.90439701080322,8213
112.95134425163269,8212
113.02456498146057,8211
113.16110324859619,8210
113.20900225639343,8209
113.30581521987915,8208
113.38089609146118,8207
113.42088437080383,8206
113.4902982711792,8205
113.56635808944702,8204
113.65359616279602,8203
113.70227217674255,8202
113.7596263885498,8201
113.86730027198792,8200
113.91419434547424,8199
113.96349906921387,8198
114.02876329421997,8197
114.15054821968079,8196
114.24903130531311,8195
114.27638602256775,8194
114.35140228271484,8193
114.46661305427551,8192
114.56180238723755,8191
114.58863830566406,8190
114.65029501914978,8189
114.75484418869019,8188
114.84999823570251,8187
114.90392231941223,8186
114.9472303390503,8185
115.03070211410522,8184
115.13291525840759,8183
115.1802122592926,8182
115.25059723854065,8181
115.35501623153687,8180
115.41722536087036,8179
115.4638102054596,8178
115.53169417381287,8177
115.65996527671814,8176
115.74751210212708,8175
115.9241201877594,8174
115.96731209754944,8173
116.03422737121582,8172
116.0801043510437,8171
116.28067517280579,8170
116.30741238594055,8169
116.38104701042175,8168
116.42483305931091,8167
116.63927340507507,8166
116.67847919464111,8165
116.73605036735535,8164
116.78641724586487,8163
116.9652271270752,8162
117.01312112808228,8161
117.10429739952087,8160
117.15403532981873,8159
117.32882404327393,8158
117.35581016540527,8157
117.40379118919373,8156
117.60955214500427,8155
117.63638114929199,8154
117.6981041431427,8153
117.80614018440247,8152
117.90442109107971,8151
117.94413423538208,8150
118.06744503974915,8149
118.16119337081909,8148
118.25851321220398,8147
118.39128923416138,8146
118.47487616539001,8145
118.56315326690674,8144
118.67025828361511,8143
118.73611211776733,8142
118.8064911365509,8141
118.95144820213318,8140
119.02983617782593,8139
119.30642628669739,8138
119.35768699645996,8137
119.40377902984619,8136
119.45724105834961,8135
119.50524616241455,8134
119.5466103553772,8133
119.57348299026489,8132
119.60025525093079,8131
119.73849701881409,8130
119.7804811000824,8129
119.83232617378235,8128
119.85913920402527,8127
119.89868116378784,8126
119.94854021072388,8125
119.99300622940063,8124
120.04630398750305,8123
120.16521215438843,8122
120.20480632781982,8121
120.25806736946106,8120
120.30447316169739,8119
120.35260534286499,8118
120.38057017326355,8117
120.40977311134338,8116
120.46323919296265,8115
120.49017715454102,8114
120.53209114074707,8113
120.58482313156128,8112
120.66011905670166,8111
120.70219230651855,8110
120.7525544166565,8109
120.79908418655396,8108
120.84765839576721,8107
120.90157103538513,8106
120.94366908073425,8105
120.988685131073,8104
121.03671431541443,8103
121.08779716491699,8102
121.1405291557312,8101
121.18052315711975,8100
121.22355198860168,8099
121.2504723072052,8098
121.29068803787231,8097
121.33088731765747,8096
121.37846398353577,8095
121.63047218322754,8094
121.67578625679016,8093
121.72476124763489,8092
121.75171422958374,8091
121.97985625267029,8090
122.02381205558777,8089
122.0700511932373,8088
122.11939525604248,8087
122.30200600624084,8086
122.35333919525146,8085
122.3975191116333,8084
122.44424319267273,8083
122.65589499473572,8082
122.70415735244751,8081
122.75590324401855,8080
122.80077624320984,8079
123.0404920578003,8078
123.06757807731628,8077
123.09507727622986,8076
123.1393301486969,8075
123.33364820480347,8074
123.37848711013794,8073
123.42480516433716,8072
123.47444415092468,8071
123.51724123954773,8070
123.7008171081543,8069
123.74388408660889,8068
123.7931342124939,8067
123.84567022323608,8066
124.07672905921936,8065
124.11724805831909,8064
124.1607882976532,8063
124.20730113983154,8062
124.44321417808533,8061
124.49668407440186,8060
124.5379741191864,8059
124.58406925201416,8058
124.80178213119507,8057
124.85316228866577,8056
124.90625834465027,8055
125.03770804405212,8054
125.11724424362183,8053
125.159752368927,8052
125.32670307159424,8051
125.37068009376526,8050
125.43070316314697,8049
125.64521908760071,8048
125.69353699684143,8047
125.76729536056519,8046
125.9869933128357,8045
126.02723217010498,8044
126.07677006721497,8043
126.12134408950806,8042
126.3131582736969,8041
126.36164712905884,8040
126.44951915740967,8039
126.61902618408203,8038
126.70832419395447,8037
126.83371710777283,8036
126.86058020591736,8035
126.93933415412903,8034
127.08262324333191,8033
127.10945725440979,8032
127.15745115280151,8031
127.34161114692688,8030
127.39032316207886,8029
127.41715502738953,8028
127.60461020469666,8027
127.65397238731384,8026
127.68055129051208,8025
127.8753981590271,8024
127.91812419891357,8023
127.94513821601868,8022
127.98895931243896,8021
128.17918515205383,8020
128.22423219680786,8019
128.25123620033264,8018
128.30347800254822,8017
128.4830310344696,8016
128.53636407852173,8015
128.56344437599182,8014
128.75055408477783,8013
128.80406618118286,8012
128.83120203018188,8011
128.87709021568298,8010
129.04147720336914,8009
129.08894109725952,8008
129.11612105369568,8007
129.28701424598694,8006
129.33383131027222,8005
129.36060118675232,8004
129.40201807022095,8003
129.61228013038635,8002
129.65388226509094,8001
129.68097043037415,8000
129.72982716560364,7999
129.88520431518555,7998
129.93470525741577,7997
129.98580312728882,7996
130.06768012046814,7995
130.18883728981018,7994
130.24635434150696,7993
130.2878713607788,7992
130.37326526641846,7991
130.504789352417,7990
130.5496780872345,7989
130.63042616844177,7988
130.67624616622925,7987
130.85723638534546,7986
130.8869481086731,7985
130.95919513702393,7984
131.09456205368042,7983
131.14426231384277,7982
131.17161417007446,7981
131.3530821800232,7980
131.37998414039612,7979
131.4236102104187,7978
131.4725501537323,7977
131.69649815559387,7976
131.74821615219116,7975
131.79683136940002,7974
131.88774132728577,7973
132.01626706123352,7972
132.1308090686798,7971
132.17620515823364,7970
132.28343605995178,7969
132.40490913391113,7968
132.48951816558838,7967
132.5413682460785,7966
132.63698625564575,7965
132.7713611125946,7964
132.85686326026917,7963
132.90703225135803,7962
133.18170714378357,7961
133.23396134376526,7960
133.28662395477295,7959
133.32806015014648,7958
133.5757031440735,7957
133.62519025802612,7956
133.67674016952515,7955
133.73027420043945,7954
134.4853732585907,7953
134.55296325683594,7952
134.68569803237915,7951
134.73784923553467,7950
134.81782722473145,7949
134.8619441986084,7948
134.97296714782715,7947
135.02131509780884,7946
135.1244511604309,7945
135.15150833129883,7944
135.27352118492126,7943
135.3331573009491,7942
135.38415622711182,7941
135.49060606956482,7940
135.54455018043518,7939
135.66639924049377,7938
135.70770716667175,7937
135.82405018806458,7936
135.85271620750427,7935
135.98845410346985,7934
136.02857422828674,7933
136.09548902511597,7932
136.1420600414276,7931
136.22776317596436,7930
136.25532007217407,7929
136.35398721694946,7928
136.5121111869812,7927
136.6051652431488,7926
136.6653711795807,7925
136.75172019004822,7924
136.81390118598938,7923
136.88386416435242,7922
136.976793050766,7921
137.06612300872803,7920
137.29805827140808,7919
137.38539814949036,7918
137.45371007919312,7917
137.53355431556702,7916
137.56054401397705,7915
137.6320743560791,7914
137.67608499526978,7913
137.743182182312,7912
137.84959411621094,7911
137.9459581375122,7910
138.0393693447113,7909
138.08739614486694,7908
138.14909839630127,7907
138.27179217338562,7906
138.36026811599731,7905
138.4426531791687,7904
138.6542420387268,7903
138.72020030021667,7902
138.82704424858093,7901
138.8700351715088,7900
138.98115730285645,7899
139.02726030349731,7898
139.1565501689911,7897
139.20477414131165,7896
139.29819631576538,7895
139.32499718666077,7894
139.4345920085907,7893
139.47610330581665,7892
139.50305819511414,7891
139.5954623222351,7890
139.62299799919128,7889
139.73600316047668,7888
139.76286721229553,7887
139.85713624954224,7886
139.90950226783752,7885
140.01804900169373,7884
140.05753421783447,7883
140.13565731048584,7882
140.20501232147217,7881
140.29463028907776,7880
140.35225820541382,7879
140.40740036964417,7878
140.5466833114624,7877
140.6175663471222,7876
140.70686411857605,7875
140.7932801246643,7874
140.88531827926636,7873
140.92837500572205,7872
140.9941701889038,7871
141.06905317306519,7870
141.2713131904602,7869
141.34268617630005,7868
141.43317031860352,7867
141.52272725105286,7866
141.59694838523865,7865
141.6790063381195,7864
141.7408790588379,7863
141.8104350566864,7862
141.94406127929688,7861
141.98989820480347,7860
142.07577228546143,7859
142.13835906982422,7858
142.18229508399963,7857
142.32681822776794,7856
142.38729906082153,7855
142.4776210784912,7854
146.2976472377777,7853
146.32489919662476,7852
146.35166120529175,7851
146.37849807739258,7850
146.40584540367126,7849
146.4327142238617,7848
146.45970606803894,7847
146.4870183467865,7846
146.5143690109253,7845
146.54158425331116,7844
146.56878924369812,7843
146.5958662033081,7842
146.62307405471802,7841
146.65029311180115,7840
146.67715620994568,7839
146.7042212486267,7838
146.73126220703125,7837
146.75805020332336,7836
146.78502416610718,7835
146.81208515167236,7834
146.8393611907959,7833
146.86636114120483,7832
146.89342999458313,7831
146.9207260608673,7830
146.94810914993286,7829
146.97500920295715,7828
147.00207209587097,7827
147.0294041633606,7826
147.0562481880188,7825
147.08307027816772,7824
147.1102921962738,7823
147.13776922225952,7822
147.16500616073608,7821
147.19205808639526,7820
147.21923422813416,7819
147.2464461326599,7818
147.27350616455078,7817
147.30049109458923,7816
147.32772517204285,7815
147.3550362586975,7814
147.3819341659546,7813
147.40895104408264,7812
147.43639826774597,7811
147.46377110481262,7810
147.49179124832153,7809
147.51982426643372,7808
147.5467541217804,7807
147.57358932495117,7806
147.60046124458313,7805
147.62736010551453,7804
147.65469002723694,7803
147.68219804763794,7802
147.71003317832947,7801
147.73688435554504,7800
147.76379537582397,7799
147.79106831550598,7798
147.81831431388855,7797
147.84547019004822,7796
147.87255716323853,7795
147.9001681804657,7794
147.927508354187,7793
147.95458507537842,7792
147.98152923583984,7791
148.00901126861572,7790
148.0361452102661,7789
148.06305027008057,7788
148.09034538269043,7787
148.1175892353058,7786
148.14476227760315,7785
148.17184209823608,7784
148.19933533668518,7783
148.22678136825562,7782
148.25378727912903,7781
148.28063941001892,7780
148.30749011039734,7779
148.33471202850342,7778
148.36186122894287,7777
148.38883209228516,7776
148.41588139533997,7775
148.44332909584045,7774
148.47031807899475,7773
148.49747037887573,7772
148.52463626861572,7771
148.5516951084137,7770
148.5786852836609,7769
148.60566401481628,7768
148.63273119926453,7767
148.65977215766907,7766
150.5203151702881,7765
150.54727721214294,7764
150.57409930229187,7763
150.60131812095642,7762
150.62862730026245,7761
150.6560571193695,7760
150.68304824829102,7759
150.7102451324463,7758
150.73760724067688,7757
150.76481413841248,7756
150.7920970916748,7755
150.81916117668152,7754
150.8460841178894,7753
150.87433314323425,7752
150.90276408195496,7751
150.93013501167297,7750
150.95723128318787,7749
150.9844081401825,7748
151.0120120048523,7747
151.04028725624084,7746
151.06862211227417,7745
151.09570717811584,7744
151.1228380203247,7743
151.14988803863525,7742
151.17721438407898,7741
151.20416522026062,7740
151.2313301563263,7739
151.25835919380188,7738
151.28553533554077,7737
151.31263327598572,7736
151.3402590751648,7735
151.36754202842712,7734
151.7229392528534,7733
151.80595707893372,7732
151.87240600585938,7731
151.97657823562622,7730
152.0261251926422,7729
152.1342122554779,7728
152.26798105239868,7727
152.34535717964172,7726
152.4526960849762,7725
152.5697042942047,7724
152.6618812084198,7723
152.76400518417358,7722
152.81196117401123,7721
152.86591625213623,7720
153.7860312461853,7719
155.0149953365326,7718
155.1153383255005,7717
155.2527313232422,7716
155.31819128990173,7715
155.41536927223206,7714
155.47650933265686,7713
155.5946991443634,7712
155.6493752002716,7711
155.79062223434448,7710
155.86205625534058,7709
155.91083526611328,7708
156.00078511238098,7707
156.04613614082336,7706
156.09218215942383,7705
156.18387413024902,7704
156.30895829200745,7703
156.41823935508728,7702
156.52966809272766,7701
156.5773003101349,7700
156.6294162273407,7699
156.68223428726196,7698
158.66250324249268,7697
159.13709831237793,7696
159.1641263961792,7695
159.19098806381226,7694
159.21824526786804,7693
159.24526929855347,7692
160.0506091117859,7691
160.16113829612732,7690
160.25168824195862,7689
160.32786417007446,7688
160.41018533706665,7687
160.52461218833923,7686
160.59281730651855,7685
160.6712954044342,7684
160.76039218902588,7683
160.81935930252075,7682
160.91184735298157,7681
161.08439230918884,7680
161.15884113311768,7679
161.22764229774475,7678
161.29097604751587,7677
161.44312620162964,7676
161.5275959968567,7675
161.59502530097961,7674
161.6698350906372,7673
161.77096700668335,7672
161.84826231002808,7671
161.95561027526855,7670
162.0319700241089,7669
162.11115717887878,7668
162.19973301887512,7667
162.30456614494324,7666
162.40084719657898,7665
162.46736931800842,7664
162.63836431503296,7663
162.72053503990173,7662
162.79197216033936,7661
162.8709681034088,7660
162.97220516204834,7659
163.04832816123962,7658
163.11991500854492,7657
163.17915415763855,7656
163.3438642024994,7655
163.41287112236023,7654
163.47926807403564,7653
163.5551221370697,7652
163.65232729911804,7651
163.72372031211853,7650
163.86817026138306,7649
163.94970321655273,7648
164.04294228553772,7647
164.10304927825928,7646
164.17651414871216,7645
164.2502760887146,7644
164.37983512878418,7643
164.46296334266663,7642
164.5349521636963,7641
164.63421630859375,7640
164.71604132652283,7639
164.79457211494446,7638
164.8373761177063,7637
164.9593710899353,7636
165.0374791622162,7635
165.14201426506042,7634
165.2459101676941,7633
165.31589317321777,7632
165.36462020874023,7631
165.43927025794983,7630
165.54523229599,7629
165.64101028442383,7628
165.70086121559143,7627
165.77514123916626,7626
165.81645011901855,7625
165.90345120429993,7624
166.05929327011108,7623
166.2496852874756,7622
166.33666610717773,7621
166.37828612327576,7620
166.47335124015808,7619
166.5459110736847,7618
166.67366337776184,7617
166.75593519210815,7616
166.82023334503174,7615
166.86192631721497,7614
166.93541026115417,7613
167.01215529441833,7612
167.05320715904236,7611
167.159743309021,7610
167.24379324913025,7609
167.3301272392273,7608
167.3750400543213,7607
167.4323251247406,7606
167.46050930023193,7605
167.52698016166687,7604
167.58948016166687,7603
167.6688461303711,7602
167.74663424491882,7601
167.80708122253418,7600
167.88617324829102,7599
167.96798729896545,7598
168.04264521598816,7597
168.1038191318512,7596
168.21985721588135,7595
168.27969026565552,7594
168.35335230827332,7593
168.47414708137512,7592
168.5766441822052,7591
168.69431114196777,7590
168.76562929153442,7589
168.83108830451965,7588
168.88990306854248,7587
169.01420211791992,7586
169.07721519470215,7585
169.1861550807953,7584
169.31493401527405,7583
169.3756263256073,7582
169.4441032409668,7581
169.48532128334045,7580
169.57978415489197,7579
169.65656232833862,7578
169.71352910995483,7577
169.85316228866577,7576
169.9610471725464,7575
170.04483199119568,7574
170.0866560935974,7573
170.16941833496094,7572
170.24216604232788,7571
170.3173213005066,7570
170.4270043373108,7569
170.60497522354126,7568
170.67239713668823,7567
170.7588312625885,7566
170.9561583995819,7565
171.01994228363037,7564
171.1374011039734,7563
171.19384503364563,7562
171.2522633075714,7561
171.3015820980072,7560
171.5146942138672,7559
171.61447429656982,7558
171.669527053833,7557
171.81445717811584,7556
171.9450123310089,7555
172.0508451461792,7554
172.12057518959045,7553
172.16069507598877,7552
172.31668400764465,7551
172.3788652420044,7550
172.45657420158386,7549
172.60911631584167,7548
172.78384613990784,7547
172.86761617660522,7546
172.92032313346863,7545
173.01404428482056,7544
173.09465909004211,7543
173.1762101650238,7542
173.3067111968994,7541
173.4158341884613,7540
173.47433018684387,7539
173.53359723091125,7538
173.6777970790863,7537
173.7625081539154,7536
173.93692803382874,7535
174.00461220741272,7534
174.07068514823914,7533
174.15105509757996,7532
174.20459628105164,7531
174.30698418617249,7530
174.36283111572266,7529
174.51302337646484,7528
174.63003635406494,7527
174.7038471698761,7526
174.7745862007141,7525
174.9075791835785,7524
175.05501914024353,7523
175.12963032722473,7522
175.19487833976746,7521
175.26280522346497,7520
175.54367923736572,7519
175.63453912734985,7518
175.7011640071869,7517
175.87924313545227,7516
175.9909691810608,7515
176.18329906463623,7514
176.29131627082825,7513
176.443124294281,7512
176.52852129936218,7511
176.67510724067688,7510
176.92900609970093,7509
176.98637628555298,7508
177.05917119979858,7507
177.19710206985474,7506
177.2578580379486,7505
177.40789031982422,7504
177.50818920135498,7503
177.56424522399902,7502
177.60857820510864,7501
178.04924416542053,7500
178.13433599472046,7499
178.19390225410461,7498
178.26325821876526,7497
178.29039001464844,7496
178.4111931324005,7495
178.53312826156616,7494
178.61545705795288,7493
178.69941806793213,7492
178.7909700870514,7491
178.84736514091492,7490
178.9780671596527,7489
179.06417107582092,7488
179.1378071308136,7487
179.25577902793884,7486
179.3542652130127,7485
179.42904424667358,7484
179.51754212379456,7483
179.54480624198914,7482
179.66411423683167,7481
179.7524390220642,7480
179.8458571434021,7479
179.9184422492981,7478
180.05256915092468,7477
180.16419196128845,7476
180.31492710113525,7475
180.35841727256775,7474
180.45089411735535,7473
180.51634526252747,7472
180.61320328712463,7471
180.74890112876892,7470
180.82474422454834,7469
180.9032711982727,7468
180.98200821876526,7467
181.13854122161865,7466
181.1999580860138,7465
181.28438234329224,7464
181.36156225204468,7463
181.4211230278015,7462
181.50246810913086,7461
181.58223724365234,7460
181.64113521575928,7459
181.7179913520813,7458
181.77266931533813,7457
181.8407280445099,7456
181.8870813846588,7455
181.9624321460724,7454
182.15815496444702,7453
182.23190331459045,7452
182.31447434425354,7451
182.3938012123108,7450
182.48953437805176,7449
182.56599617004395,7448
182.6471631526947,7447
182.69413304328918,7446
182.75961542129517,7445
182.84738206863403,7444
182.96987915039062,7443
183.01288533210754,7442
183.09445714950562,7441
183.17282629013062,7440
183.25746417045593,7439
183.33101534843445,7438
183.39550828933716,7437
183.47546315193176,7436
183.644540309906,7435
183.8387851715088,7434
183.90370726585388,7433
184.0908682346344,7432
184.14305019378662,7431
184.27683019638062,7430
184.46895217895508,7429
184.51796913146973,7428
184.7382252216339,7427
184.81358528137207,7426
184.90965127944946,7425
185.08544921875,7424
185.16707301139832,7423
185.2565631866455,7422
185.33037328720093,7421
185.448144197464,7420
185.52558636665344,7419
185.60372710227966,7418
185.7679271697998,7417
185.82014918327332,7416
185.99288129806519,7415
186.07796025276184,7414
186.17046809196472,7413
186.4544403553009,7412
186.5200912952423,7411
186.60971331596375,7410
186.8382911682129,7409
186.90534615516663,7408
186.97864532470703,7407
187.05733704566956,7406
187.15156412124634,7405
187.30556631088257,7404
187.40714621543884,7403
187.47055315971375,7402
187.57113909721375,7401
187.7304871082306,7400
187.83071208000183,7399
187.858056306839,7398
188.00755715370178,7397
188.1170313358307,7396
188.22900819778442,7395
188.31078505516052,7394
188.39378309249878,7393
188.4992492198944,7392
188.53977417945862,7391
188.68412518501282,7390
188.80490517616272,7389
188.86491918563843,7388
188.97119307518005,7387
189.05625319480896,7386
189.16064715385437,7385
189.30643320083618,7384
189.41625905036926,7383
189.48635625839233,7382
189.566251039505,7381
189.67812132835388,7380
189.81365132331848,7379
189.87566828727722,7378
189.95629906654358,7377
190.01703214645386,7376
190.07993531227112,7375
190.15579533576965,7374
190.36206722259521,7373
190.42014122009277,7372
190.49130630493164,7371
190.53710412979126,7370
190.60661220550537,7369
190.6845760345459,7368
191.07579922676086,7367
191.26345014572144,7366
191.3257291316986,7365
191.404714345932,7364
191.4816062450409,7363
191.54177117347717,7362
191.73679423332214,7361
191.8060221672058,7360
191.86992621421814,7359
191.95328617095947,7358
192.03004002571106,7357
192.09243535995483,7356
192.14924907684326,7355
192.21426033973694,7354
192.32646417617798,7353
192.44800925254822,7352
192.5279631614685,7351
192.60026621818542,7350
192.6981863975525,7349
192.85609006881714,7348
192.919673204422,7347
193.0010051727295,7346
193.06173729896545,7345
193.1481122970581,7344
193.20566415786743,7343
193.2771372795105,7342
193.40142107009888,7341
193.46173906326294,7340
193.54843425750732,7339
193.58959221839905,7338
193.68015217781067,7337
193.7425992488861,7336
193.93574500083923,7335
194.0114233493805,7334
194.07299304008484,7333
194.12138438224792,7332
194.21297216415405,7331
194.40610814094543,7330
194.47940707206726,7329
194.5320429801941,7328
194.6021282672882,7327
194.78938913345337,7326
194.8557071685791,7325
194.94183826446533,7324
195.01691317558289,7323
195.0818772315979,7322
195.12473917007446,7321
195.18481922149658,7320
195.25172924995422,7319
195.3280770778656,7318
195.51925826072693,7317
195.5947082042694,7316
195.64925909042358,7315
195.72178411483765,7314
195.80948519706726,7313
195.94580721855164,7312
196.02415204048157,7311
196.18053317070007,7310
196.31183218955994,7309
196.39605927467346,7308
196.48890709877014,7307
196.60611605644226,7306
196.76700735092163,7305
196.91705226898193,7304
196.98344016075134,7303
197.07936120033264,7302
197.13381123542786,7301
197.21153020858765,7300
197.2513473033905,7299
197.34760236740112,7298
197.4226291179657,7297
197.46858525276184,7296
197.61867427825928,7295
197.6914381980896,7294
197.85214114189148,7293
197.92043209075928,7292
198.05069208145142,7291
198.1293933391571,7290
198.21771621704102,7289
198.29364228248596,7288
198.3672742843628,7287
198.66098618507385,7286
198.79533004760742,7285
198.97309517860413,7284
199.10329127311707,7283
199.27774715423584,7282
199.4263253211975,7281
199.4991853237152,7280
199.61067533493042,7279
199.66801524162292,7278
199.74840235710144,7277
199.82390022277832,7276
199.90474128723145,7275
200.151789188385,7274
200.21386623382568,7273
200.2771861553192,7272
200.34587121009827,7271
200.4839563369751,7270
200.5803382396698,7269
200.64647340774536,7268
200.72667741775513,7267
200.7537043094635,7266
200.81410026550293,7265
200.87136006355286,7264
200.98779726028442,7263
201.1039752960205,7262
201.13109135627747,7261
201.1874213218689,7260
201.25302505493164,7259
201.36451721191406,7258
201.4718210697174,7257
201.4991352558136,7256
201.5726182460785,7255
201.66961312294006,7254
201.7463800907135,7253
201.80416107177734,7252
201.8613941669464,7251
201.93691730499268,7250
202.00780630111694,7249
202.15228915214539,7248
202.23106813430786,7247
202.30964422225952,7246
202.41327929496765,7245
202.4906542301178,7244
202.5507414340973,7243
202.6796591281891,7242
202.77544236183167,7241
202.86148309707642,7240
203.11412715911865,7239
203.19118309020996,7238
203.28689098358154,7237
203.4322910308838,7236
203.5663800239563,7235
203.62705516815186,7234
203.7096562385559,7233
203.85431027412415,7232
203.9247522354126,7231
204.00198340415955,7230
204.09773516654968,7229
204.16663432121277,7228
204.22574019432068,7227
204.33221817016602,7226
204.41134929656982,7225
204.4945032596588,7224
204.84873914718628,7223
204.97419810295105,7222
205.04860019683838,7221
205.07574033737183,7220
205.1030731201172,7219
205.1305022239685,7218
205.15774631500244,7217
205.1849672794342,7216
205.2125222682953,7215
205.2397222518921,7214
205.26680612564087,7213
205.2942934036255,7212
205.32153916358948,7211
205.3486442565918,7210
205.37568926811218,7209
205.40297436714172,7208
205.4303982257843,7207
205.4577920436859,7206
205.48486709594727,7205
205.51240420341492,7204
205.5398530960083,7203
205.56711506843567,7202
205.59452533721924,7201
205.62168216705322,7200
205.64886236190796,7199
205.67599511146545,7198
205.70316529273987,7197
205.7303922176361,7196
205.75790214538574,7195
205.78518414497375,7194
205.81221318244934,7193
205.83954405784607,7192
205.8668773174286,7191
205.8958671092987,7190
205.92494225502014,7189
205.95288610458374,7188
205.98039603233337,7187
206.0078682899475,7186
206.03505206108093,7185
206.06243920326233,7184
206.08966612815857,7183
206.1167962551117,7182
206.14376521110535,7181
206.17135000228882,7180
206.19928336143494,7179
206.2280251979828,7178
206.25561428070068,7177
206.28296613693237,7176
206.310533285141,7175
206.33800721168518,7174
206.36513113975525,7173
206.3921992778778,7172
206.41924619674683,7171
206.44631719589233,7170
206.47359824180603,7169
206.501314163208,7168
206.52878308296204,7167
206.555979013443,7166
206.58316898345947,7165
206.6103711128235,7164
206.63752722740173,7163
206.66468930244446,7162
206.6918032169342,7161
206.7188732624054,7160
206.74626207351685,7159
206.77353429794312,7158
206.80048322677612,7157
206.8278841972351,7156
206.85530924797058,7155
206.88254618644714,7154
206.90981817245483,7153
206.93739414215088,7152
206.964848279953,7151
206.99215936660767,7150
207.0194592475891,7149
207.0467231273651,7148
207.07392930984497,7147
207.1014473438263,7146
207.12852025032043,7145
207.15574622154236,7144
207.1828453540802,7143
207.2102131843567,7142
207.23774409294128,7141
207.26523518562317,7140
207.292396068573,7139
207.31958031654358,7138
207.34688520431519,7137
207.3740372657776,7136
207.40099120140076,7135
207.4281620979309,7134
207.45557403564453,7133
207.48295426368713,7132
207.51035523414612,7131
207.5375542640686,7130
209.48113107681274,7129
209.50873613357544,7128
209.53596806526184,7127
209.56332635879517,7126
209.59079217910767,7125
209.61825823783875,7124
209.645690202713,7123
209.67285823822021,7122
209.6999590396881,7121
209.72750115394592,7120
209.75487518310547,7119
209.78210616111755,7118
209.80964922904968,7117
209.83790516853333,7116
209.86615228652954,7115
209.89386010169983,7114
209.9213330745697,7113
209.9486072063446,7112
209.97617506980896,7111
210.00399112701416,7110
210.03137612342834,7109
210.05880618095398,7108
210.0861132144928,7107
210.11394929885864,7106
210.14181303977966,7105
210.1689841747284,7104
210.92231702804565,7103
212.37177228927612,7102
212.45101618766785,7101
212.84942531585693,7100
214.49107933044434,7099
215.4523949623108,7098
215.90147829055786,7097
216.13117122650146,7096
216.15836024284363,7095
216.1855800151825,7094
216.21262001991272,7093
216.23985934257507,7092
216.5299813747406,7091
217.0642580986023,7090
221.29557824134827,7089
232.9637222290039,7088
232.9910111427307,7087
233.01857614517212,7086
233.04587626457214,7085
233.07298517227173,7084
233.10000824928284,7083
233.12720203399658,7082
233.1542613506317,7081
233.18158531188965,7080
233.20897316932678,7079
233.23636507987976,7078
233.26372623443604,7077
233.29126024246216,7076
233.31843614578247,7075
233.34589409828186,7074
233.37341213226318,7073
233.40096926689148,7072
233.4282910823822,7071
233.4557340145111,7070
233.48273038864136,7069
233.50994300842285,7068
233.53724122047424,7067
233.5646152496338,7066
233.59198307991028,7065
233.61947917938232,7064
233.65932631492615,7063
233.68637108802795,7062
233.71350026130676,7061
233.74059224128723,7060
233.76788926124573,7059
233.79485321044922,7058
233.82206511497498,7057
233.84956812858582,7056
233.87718605995178,7055
233.9046561717987,7054
233.9325942993164,7053
233.95995116233826,7052
233.9876492023468,7051
234.01544332504272,7050
234.04320311546326,7049
234.07037115097046,7048
234.09764409065247,7047
234.12486338615417,7046
234.15223026275635,7045
234.1794822216034,7044
234.20689725875854,7043
234.23451113700867,7042
234.26210522651672,7041
234.28945302963257,7040
234.3166000843048,7039
234.34399318695068,7038
234.37152099609375,7037
234.39867115020752,7036
234.42611026763916,7035
234.45345211029053,7034
234.48197507858276,7033
234.51042199134827,7032
234.53896808624268,7031
234.5676290988922,7030
234.59668517112732,7029
234.62554025650024,7028
234.65433526039124,7027
234.6831772327423,7026
234.71193528175354,7025
234.74054718017578,7024
234.76907801628113,7023
234.79764413833618,7022
234.8265483379364,7021
234.855464220047,7020
234.88452219963074,7019
234.91384434700012,7018
234.94254636764526,7017
