0.0269467830657959,10912
0.05406475067138672,10911
0.08089876174926758,10910
0.10790681838989258,10909
0.13735389709472656,10908
0.16593694686889648,10907
0.19450807571411133,10906
0.22240471839904785,10905
0.2532069683074951,10904
0.2823507785797119,10903
0.3103749752044678,10902
0.33813977241516113,10901
0.36545372009277344,10900
0.39311790466308594,10899
0.42079901695251465,10898
0.4479386806488037,10897
0.47644972801208496,10896
0.5036518573760986,10895
0.530526876449585,10894
0.5580029487609863,10893
0.5855066776275635,10892
0.6125309467315674,10891
0.6401290893554688,10890
0.6674299240112305,10889
0.6944897174835205,10888
0.721463680267334,10887
0.7488329410552979,10886
0.7756757736206055,10885
0.8028490543365479,10884
0.8300607204437256,10883
0.8809678554534912,10882
0.9388978481292725,10881
0.9661087989807129,10880
0.9950199127197266,10879
1.0231480598449707,10878
1.0507216453552246,10877
1.077908992767334,10876
1.105602741241455,10875
1.1328468322753906,10874
1.1598238945007324,10873
1.1869549751281738,10872
1.2137467861175537,10871
1.2408866882324219,10870
1.2681357860565186,10869
1.294994831085205,10868
1.3223097324371338,10867
1.3497438430786133,10866
1.3767948150634766,10865
1.4042129516601562,10864
1.4317729473114014,10863
1.4589478969573975,10862
1.4861907958984375,10861
1.5152440071105957,10860
1.5449748039245605,10859
1.572251796722412,10858
1.5994188785552979,10857
1.6262447834014893,10856
1.6536777019500732,10855
1.6817188262939453,10854
1.7089827060699463,10853
1.7355427742004395,10852
1.7619578838348389,10851
1.7886788845062256,10850
1.8156957626342773,10849
1.8421707153320312,10848
1.868440866470337,10847
1.894683837890625,10846
1.9209887981414795,10845
1.947218894958496,10844
1.9741089344024658,10843
2.000777006149292,10842
2.0272817611694336,10841
2.054661750793457,10840
2.081138849258423,10839
2.107557773590088,10838
2.1373660564422607,10837
2.164371967315674,10836
2.1915488243103027,10835
2.2187438011169434,10834
2.2459006309509277,10833
2.2738869190216064,10832
2.3014657497406006,10831
2.3283069133758545,10830
2.3548669815063477,10829
2.3812878131866455,10828
2.4077937602996826,10827
2.4342708587646484,10826
2.4607527256011963,10825
2.4871177673339844,10824
2.513417959213257,10823
2.540034770965576,10822
2.5671749114990234,10821
2.593533992767334,10820
2.6202187538146973,10819
2.646864891052246,10818
2.6735448837280273,10817
2.715993881225586,10816
2.742684841156006,10815
2.769584894180298,10814
2.796128988265991,10813
2.822333812713623,10812
2.8483479022979736,10811
2.874417781829834,10810
2.9004178047180176,10809
2.926778793334961,10808
2.9532618522644043,10807
2.9813807010650635,10806
3.009199857711792,10805
3.036402940750122,10804
3.0634560585021973,10803
3.0906779766082764,10802
3.1192848682403564,10801
3.147089958190918,10800
3.1742520332336426,10799
3.202136754989624,10798
3.2290608882904053,10797
3.28128981590271,10796
3.3085827827453613,10795
3.3355767726898193,10794
3.362823963165283,10793
3.390042781829834,10792
3.417592763900757,10791
3.444751739501953,10790
3.472146987915039,10789
3.499668836593628,10788
3.5275678634643555,10787
3.5559728145599365,10786
3.5845887660980225,10785
3.6143808364868164,10784
3.6435108184814453,10783
3.6709177494049072,10782
3.6992287635803223,10781
3.7264819145202637,10780
3.7535109519958496,10779
3.7802786827087402,10778
3.807365894317627,10777
3.8342199325561523,10776
3.8608057498931885,10775
3.8877627849578857,10774
3.9152698516845703,10773
3.942444086074829,10772
3.9698429107666016,10771
3.996757984161377,10770
4.023672819137573,10769
4.050743818283081,10768
4.077575922012329,10767
4.104805946350098,10766
4.1319029331207275,10765
4.159108877182007,10764
4.186604738235474,10763
4.214879035949707,10762
4.242142915725708,10761
4.269723892211914,10760
4.296985864639282,10759
4.324322700500488,10758
4.351447820663452,10757
4.378609895706177,10756
4.406069040298462,10755
4.433330774307251,10754
4.460491895675659,10753
4.487736701965332,10752
4.514803886413574,10751
4.541773796081543,10750
4.569069862365723,10749
4.596218824386597,10748
4.6235809326171875,10747
4.650672912597656,10746
4.677868843078613,10745
4.705009937286377,10744
4.734001874923706,10743
4.761052846908569,10742
4.7896928787231445,10741
4.8177490234375,10740
4.845845937728882,10739
4.87418794631958,10738
4.903199911117554,10737
4.931801795959473,10736
4.960316896438599,10735
4.988807916641235,10734
5.016312837600708,10733
5.043468713760376,10732
5.071372032165527,10731
5.099566698074341,10730
5.127788782119751,10729
5.155850887298584,10728
5.18393874168396,10727
5.213712930679321,10726
5.242098808288574,10725
5.270867824554443,10724
5.298964023590088,10723
5.327377796173096,10722
5.355397939682007,10721
5.38338303565979,10720
5.4122068881988525,10719
5.440717697143555,10718
5.4686737060546875,10717
5.496943712234497,10716
5.525134801864624,10715
5.553314685821533,10714
5.581981897354126,10713
5.6099278926849365,10712
5.637720823287964,10711
5.665203809738159,10710
5.6926188468933105,10709
5.720031976699829,10708
5.748861789703369,10707
5.776942729949951,10706
5.805149793624878,10705
5.832677841186523,10704
5.860224962234497,10703
5.887898921966553,10702
5.916514873504639,10701
5.944548845291138,10700
5.975001811981201,10699
6.002802848815918,10698
6.029976844787598,10697
6.057275772094727,10696
6.084938049316406,10695
6.1127097606658936,10694
6.140550851821899,10693
6.167067766189575,10692
6.193373918533325,10691
6.219592809677124,10690
6.24596095085144,10689
6.272453784942627,10688
6.298722743988037,10687
6.325061798095703,10686
6.351414680480957,10685
6.378751993179321,10684
6.405314683914185,10683
6.431781768798828,10682
6.458081007003784,10681
6.48441481590271,10680
6.510603904724121,10679
6.536765813827515,10678
6.56319785118103,10677
6.58959174156189,10676
6.6161789894104,10675
6.6569578647613525,10674
6.683204889297485,10673
6.709565877914429,10672
6.736064910888672,10671
6.762598752975464,10670
6.792909860610962,10669
6.820332765579224,10668
6.847372770309448,10667
6.875204801559448,10666
6.90303373336792,10665
6.931180000305176,10664
6.958341836929321,10663
6.985622882843018,10662
7.013056039810181,10661
7.0406317710876465,10660
7.067811727523804,10659
7.094857931137085,10658
7.12254786491394,10657
7.14969277381897,10656
7.176866769790649,10655
7.20411491394043,10654
7.23140287399292,10653
7.259183883666992,10652
7.286534786224365,10651
7.314512729644775,10650
7.343191862106323,10649
7.370281934738159,10648
7.397274732589722,10647
7.4249279499053955,10646
7.452499866485596,10645
7.479688882827759,10644
7.506948709487915,10643
7.534204959869385,10642
7.56138277053833,10641
7.588939905166626,10640
7.616153717041016,10639
7.643192768096924,10638
7.670329809188843,10637
7.698271989822388,10636
7.727667808532715,10635
7.756982803344727,10634
7.815876722335815,10633
7.846782922744751,10632
7.8779988288879395,10631
7.908823728561401,10630
7.9376609325408936,10629
7.9649317264556885,10628
7.991782903671265,10627
8.018401622772217,10626
8.044842004776001,10625
8.07138466835022,10624
8.097670793533325,10623
8.124153852462769,10622
8.150418996810913,10621
8.176770687103271,10620
8.203220844268799,10619
8.22956395149231,10618
8.25591778755188,10617
8.28229570388794,10616
8.309806823730469,10615
8.337832927703857,10614
8.365166902542114,10613
8.39405083656311,10612
8.422163009643555,10611
8.451207876205444,10610
8.478452920913696,10609
8.50571870803833,10608
8.53301191329956,10607
8.560318946838379,10606
8.587543725967407,10605
8.614575862884521,10604
8.655608892440796,10603
8.682739973068237,10602
8.709890842437744,10601
8.73692274093628,10600
8.764026880264282,10599
8.791281938552856,10598
8.817514896392822,10597
8.843922853469849,10596
8.870305061340332,10595
8.89648175239563,10594
8.92468786239624,10593
8.952456951141357,10592
8.98025393486023,10591
9.007627010345459,10590
9.034698963165283,10589
9.062093734741211,10588
9.089102745056152,10587
9.116358757019043,10586
9.143275022506714,10585
9.17050290107727,10584
9.197597980499268,10583
9.224892854690552,10582
9.252202987670898,10581
9.279644966125488,10580
9.307056903839111,10579
9.334544897079468,10578
9.36163878440857,10577
9.38877272605896,10576
9.416224002838135,10575
9.445051908493042,10574
9.472180843353271,10573
9.49936580657959,10572
9.52672004699707,10571
9.5672128200531,10570
9.594324827194214,10569
9.62134575843811,10568
9.64842176437378,10567
9.67542290687561,10566
9.702575922012329,10565
9.729447841644287,10564
9.756451845169067,10563
9.783310890197754,10562
9.81006383895874,10561
9.837377786636353,10560
9.864532947540283,10559
9.89150071144104,10558
9.918874740600586,10557
9.945787906646729,10556
9.974624872207642,10555
10.001555919647217,10554
10.028798818588257,10553
10.05592679977417,10552
10.083175897598267,10551
10.111458778381348,10550
10.140735864639282,10549
10.169693946838379,10548
10.196820974349976,10547
10.224162817001343,10546
10.251536846160889,10545
10.27858281135559,10544
10.305484771728516,10543
10.332631826400757,10542
10.359635829925537,10541
10.386906862258911,10540
10.414553880691528,10539
10.441735982894897,10538
10.468929767608643,10537
10.497861862182617,10536
10.525176763534546,10535
10.552467823028564,10534
10.57887578010559,10533
10.60529375076294,10532
10.631726741790771,10531
10.658078908920288,10530
10.684316873550415,10529
10.710644006729126,10528
10.73706865310669,10527
10.763438701629639,10526
10.790075778961182,10525
10.816454887390137,10524
10.842756748199463,10523
10.868993759155273,10522
10.895233631134033,10521
10.921563863754272,10520
10.947871923446655,10519
10.974235773086548,10518
11.000485897064209,10517
11.027585744857788,10516
11.057996034622192,10515
11.085141897201538,10514
11.113135814666748,10513
11.139858961105347,10512
11.166241645812988,10511
11.192715883255005,10510
11.219181776046753,10509
11.24533987045288,10508
11.272218942642212,10507
11.298565864562988,10506
11.324946880340576,10505
11.351350784301758,10504
11.378077983856201,10503
11.404240846633911,10502
11.430750846862793,10501
11.45732307434082,10500
11.48384690284729,10499
11.510244846343994,10498
11.53669786453247,10497
11.563929796218872,10496
11.590609788894653,10495
11.616983652114868,10494
11.643219947814941,10493
11.669344902038574,10492
11.695636987686157,10491
11.721872806549072,10490
11.748286008834839,10489
11.774604797363281,10488
11.802453994750977,10487
11.829956769943237,10486
11.85739278793335,10485
11.884893894195557,10484
11.912315845489502,10483
11.939729928970337,10482
11.966696977615356,10481
11.993361949920654,10480
12.020583868026733,10479
12.047624826431274,10478
12.075576782226562,10477
12.104740858078003,10476
12.131471872329712,10475
12.157956838607788,10474
12.185978889465332,10473
12.214046001434326,10472
12.24130892753601,10471
12.269122838973999,10470
12.296022891998291,10469
12.323127746582031,10468
12.35052490234375,10467
12.377328872680664,10466
12.404749870300293,10465
12.431934833526611,10464
12.459269762039185,10463
12.486535787582397,10462
12.513612031936646,10461
12.540666818618774,10460
12.567623853683472,10459
12.594647645950317,10458
12.622774839401245,10457
12.649971008300781,10456
12.676926851272583,10455
12.703865766525269,10454
12.730961799621582,10453
12.75858187675476,10452
12.785721778869629,10451
12.812574863433838,10450
12.839609861373901,10449
12.866850852966309,10448
12.893722772598267,10447
12.921539783477783,10446
12.948444843292236,10445
12.975388765335083,10444
13.002343893051147,10443
13.029128789901733,10442
13.05637788772583,10441
13.083728790283203,10440
13.110767841339111,10439
13.13808798789978,10438
13.165178775787354,10437
13.192356824874878,10436
13.219546794891357,10435
13.246598958969116,10434
13.27359390258789,10433
13.300662755966187,10432
13.327590942382812,10431
13.354878902435303,10430
13.382176876068115,10429
13.4095139503479,10428
13.437047719955444,10427
13.463905811309814,10426
13.49091362953186,10425
13.518273830413818,10424
13.545118808746338,10423
13.572094917297363,10422
13.599321842193604,10421
13.62739896774292,10420
13.6545569896698,10419
13.682018756866455,10418
13.709113836288452,10417
13.736538887023926,10416
13.763548851013184,10415
13.790494918823242,10414
13.817863941192627,10413
13.845099925994873,10412
13.872159004211426,10411
13.89950180053711,10410
13.927203893661499,10409
13.954822778701782,10408
13.981836795806885,10407
14.008695840835571,10406
14.03597378730774,10405
14.063208818435669,10404
14.090467691421509,10403
14.118185997009277,10402
14.1454017162323,10401
14.172908782958984,10400
14.200120687484741,10399
14.227436065673828,10398
14.25461196899414,10397
14.281523942947388,10396
14.308452844619751,10395
14.33542776107788,10394
14.362509727478027,10393
14.389808893203735,10392
14.417666673660278,10391
14.444997787475586,10390
14.472282886505127,10389
14.499505758285522,10388
14.526856899261475,10387
14.55423903465271,10386
14.581177711486816,10385
14.608216762542725,10384
14.635047912597656,10383
14.663617849349976,10382
14.693121671676636,10381
14.722065925598145,10380
14.749507904052734,10379
14.776774883270264,10378
14.804130792617798,10377
14.831111907958984,10376
14.858092784881592,10375
14.885079860687256,10374
14.912227869033813,10373
14.93942666053772,10372
14.966464042663574,10371
14.993186712265015,10370
15.02030086517334,10369
15.047232866287231,10368
15.074477672576904,10367
15.101629972457886,10366
15.12870979309082,10365
15.155732870101929,10364
15.182762861251831,10363
15.209715843200684,10362
15.23694372177124,10361
15.263868808746338,10360
15.290966987609863,10359
15.318038940429688,10358
15.345088958740234,10357
15.371565818786621,10356
15.397901773452759,10355
15.424413919448853,10354
15.451009035110474,10353
15.477365970611572,10352
15.503666877746582,10351
15.529947757720947,10350
15.556323766708374,10349
15.58240270614624,10348
15.608625888824463,10347
15.635337829589844,10346
15.661871910095215,10345
15.688257694244385,10344
15.714631795883179,10343
15.741113901138306,10342
15.767369985580444,10341
15.795105695724487,10340
15.822216987609863,10339
15.849687099456787,10338
15.877004861831665,10337
15.90480899810791,10336
15.932908773422241,10335
15.96146273612976,10334
15.990050792694092,10333
16.01848292350769,10332
16.046465635299683,10331
16.075108766555786,10330
16.103558778762817,10329
16.131614923477173,10328
16.159470796585083,10327
16.1873779296875,10326
16.215336799621582,10325
16.242703914642334,10324
16.270121812820435,10323
16.297160863876343,10322
16.32462787628174,10321
16.352080821990967,10320
16.379206895828247,10319
16.40829586982727,10318
16.43652081489563,10317
16.463884830474854,10316
16.490734815597534,10315
16.51717185974121,10314
16.543548822402954,10313
16.569792985916138,10312
16.59608292579651,10311
16.622440814971924,10310
16.64887285232544,10309
16.675245761871338,10308
16.701847076416016,10307
16.728734970092773,10306
16.759531021118164,10305
16.78903079032898,10304
16.818031787872314,10303
16.846537828445435,10302
16.880645751953125,10301
16.90888500213623,10300
16.9361789226532,10299
16.96330690383911,10298
16.99138379096985,10297
17.018903017044067,10296
17.04630994796753,10295
17.073688745498657,10294
17.101016759872437,10293
17.128190994262695,10292
17.15534281730652,10291
17.182612895965576,10290
17.210155963897705,10289
17.237443685531616,10288
17.264365673065186,10287
17.29147982597351,10286
17.318785667419434,10285
17.345932722091675,10284
17.374464988708496,10283
17.40350890159607,10282
17.4316349029541,10281
17.45877194404602,10280
17.485944747924805,10279
17.513089656829834,10278
17.540406703948975,10277
17.56738781929016,10276
17.59451699256897,10275
17.6215717792511,10274
17.649011850357056,10273
17.676127910614014,10272
17.703317880630493,10271
17.730430841445923,10270
17.77008891105652,10269
17.797433853149414,10268
17.824712991714478,10267
17.85191774368286,10266
17.87893295288086,10265
17.906329870224,10264
17.93507194519043,10263
17.989368677139282,10262
18.01639986038208,10261
18.043393850326538,10260
18.070870876312256,10259
18.098165035247803,10258
18.12593984603882,10257
18.153151988983154,10256
18.18011975288391,10255
18.207214832305908,10254
18.234418869018555,10253
18.261440992355347,10252
18.28861904144287,10251
18.315727710723877,10250
18.342803955078125,10249
18.368993043899536,10248
18.395416736602783,10247
18.4219388961792,10246
18.448280811309814,10245
18.47452187538147,10244
18.500691890716553,10243
18.526872873306274,10242
18.55665373802185,10241
18.584547758102417,10240
18.611727714538574,10239
18.638985872268677,10238
18.66594099998474,10237
18.69301199913025,10236
18.720555067062378,10235
18.74816107749939,10234
18.77649474143982,10233
18.803709983825684,10232
18.83064603805542,10231
18.85754084587097,10230
18.88531184196472,10229
18.912409782409668,10228
18.939992666244507,10227
18.967326879501343,10226
18.994791984558105,10225
19.022852897644043,10224
19.050302982330322,10223
19.07740068435669,10222
19.104740858078003,10221
19.132267951965332,10220
19.159666776657104,10219
19.186935663223267,10218
19.21383786201477,10217
19.2410728931427,10216
19.26864266395569,10215
19.295313835144043,10214
19.321770906448364,10213
19.348273754119873,10212
19.37457275390625,10211
19.40089178085327,10210
19.427364826202393,10209
19.453829765319824,10208
19.480133771896362,10207
19.50630784034729,10206
19.53263282775879,10205
19.558836936950684,10204
19.585202932357788,10203
19.611690044403076,10202
19.638177633285522,10201
19.664698839187622,10200
19.69205403327942,10199
19.71875786781311,10198
19.745134830474854,10197
19.771360874176025,10196
19.797687768936157,10195
19.82415795326233,10194
19.850401639938354,10193
19.87637186050415,10192
19.902639865875244,10191
19.92910885810852,10190
19.9554660320282,10189
19.98166298866272,10188
20.00788688659668,10187
20.034047842025757,10186
20.060252904891968,10185
20.08664298057556,10184
20.112945795059204,10183
20.13900089263916,10182
20.16507887840271,10181
20.192065000534058,10180
20.2186918258667,10179
20.244924783706665,10178
20.271209001541138,10177
20.29744267463684,10176
20.323671102523804,10175
20.34990882873535,10174
20.376110792160034,10173
20.40242576599121,10172
20.428626775741577,10171
20.454999685287476,10170
20.481106996536255,10169
20.50713086128235,10168
20.533292055130005,10167
20.559494972229004,10166
20.585903882980347,10165
20.612331867218018,10164
20.6384859085083,10163
20.664724826812744,10162
20.69094681739807,10161
20.71890377998352,10160
20.745271682739258,10159
20.771519899368286,10158
20.798264741897583,10157
20.824729919433594,10156
20.85111665725708,10155
20.877341985702515,10154
20.903655767440796,10153
20.930115699768066,10152
20.95655608177185,10151
20.982829809188843,10150
21.009102821350098,10149
21.03538990020752,10148
21.06164288520813,10147
21.087856769561768,10146
21.114101886749268,10145
21.140204668045044,10144
21.166608810424805,10143
21.19286584854126,10142
21.219359874725342,10141
21.24565577507019,10140
21.272064924240112,10139
21.299213886260986,10138
21.3289737701416,10137
21.356509923934937,10136
21.383851051330566,10135
21.41185188293457,10134
21.43853187561035,10133
21.464733839035034,10132
21.491127729415894,10131
21.517496824264526,10130
21.54401683807373,10129
21.5705349445343,10128
21.59691286087036,10127
21.623262882232666,10126
21.64968991279602,10125
21.675919771194458,10124
21.70224690437317,10123
21.728575944900513,10122
21.754928827285767,10121
21.78230571746826,10120
21.8088538646698,10119
21.835295915603638,10118
21.861755847930908,10117
21.887968063354492,10116
21.914323806762695,10115
21.940656900405884,10114
21.967094659805298,10113
21.99359369277954,10112
22.020023822784424,10111
22.046342849731445,10110
22.07285189628601,10109
22.099103927612305,10108
22.12561273574829,10107
22.15213680267334,10106
22.178688049316406,10105
22.205244779586792,10104
22.231689929962158,10103
22.258036851882935,10102
22.28453779220581,10101
22.31187677383423,10100
22.338325023651123,10099
22.364620685577393,10098
22.390992879867554,10097
22.417300939559937,10096
22.444289684295654,10095
22.47161078453064,10094
22.49845790863037,10093
22.524892807006836,10092
22.551316022872925,10091
22.57793879508972,10090
22.60434889793396,10089
22.630815029144287,10088
22.657153844833374,10087
22.683533668518066,10086
22.709825038909912,10085
22.736521005630493,10084
22.762995958328247,10083
22.789427995681763,10082
22.815788745880127,10081
22.84472680091858,10080
22.87247109413147,10079
22.89997386932373,10078
22.92714500427246,10077
22.954312801361084,10076
22.981154680252075,10075
23.008405923843384,10074
23.03550887107849,10073
23.06203293800354,10072
23.089342832565308,10071
23.116386651992798,10070
23.143256664276123,10069
23.170954942703247,10068
23.1980197429657,10067
23.225058794021606,10066
23.25215983390808,10065
23.290921926498413,10064
23.318244695663452,10063
23.345192909240723,10062
23.372073888778687,10061
23.399430751800537,10060
23.4266140460968,10059
23.453937768936157,10058
23.485225915908813,10057
23.512380838394165,10056
23.53944969177246,10055
23.566688060760498,10054
23.593674898147583,10053
23.620973825454712,10052
23.663935899734497,10051
23.690825939178467,10050
23.717817783355713,10049
23.74471879005432,10048
23.771986961364746,10047
23.799607753753662,10046
23.826792001724243,10045
23.854012966156006,10044
23.88148784637451,10043
23.90995192527771,10042
23.9374418258667,10041
23.964919805526733,10040
23.991949796676636,10039
24.019418716430664,10038
24.046435832977295,10037
24.073630809783936,10036
24.100798845291138,10035
24.12801694869995,10034
24.155765056610107,10033
24.18247389793396,10032
24.209277868270874,10031
24.2358820438385,10030
24.262313842773438,10029
24.28866481781006,10028
24.315000772476196,10027
24.341115951538086,10026
24.36752676963806,10025
24.394443035125732,10024
24.421396017074585,10023
24.44811177253723,10022
24.47459578514099,10021
24.500858783721924,10020
24.527262926101685,10019
24.574355840682983,10018
24.60056972503662,10017
24.626803874969482,10016
24.652997732162476,10015
24.679414749145508,10014
24.70570707321167,10013
24.73222780227661,10012
24.7586088180542,10011
24.78489398956299,10010
24.81223487854004,10009
24.84016990661621,10008
24.86708688735962,10007
24.894092798233032,10006
24.922491788864136,10005
24.950974941253662,10004
24.97889280319214,10003
25.006069898605347,10002
25.033373832702637,10001
25.060260772705078,10000
25.08667802810669,9999
25.11309790611267,9998
25.142009735107422,9997
25.16951298713684,9996
25.196681022644043,9995
25.223740816116333,9994
25.251067876815796,9993
25.27800178527832,9992
25.30519199371338,9991
25.332401752471924,9990
25.359505891799927,9989
25.386881828308105,9988
25.41444683074951,9987
25.441649913787842,9986
25.469069719314575,9985
25.496049880981445,9984
25.523277759552002,9983
25.550460815429688,9982
25.577550888061523,9981
25.604718685150146,9980
25.631728887557983,9979
25.65896487236023,9978
25.686197996139526,9977
25.714749813079834,9976
25.742069959640503,9975
25.768443822860718,9974
25.794721841812134,9973
25.820997953414917,9972
25.847447872161865,9971
25.873562812805176,9970
25.899674892425537,9969
25.926479816436768,9968
25.95284390449524,9967
25.9792959690094,9966
26.00596570968628,9965
26.03247880935669,9964
26.058774948120117,9963
26.0852108001709,9962
26.11146378517151,9961
26.13787293434143,9960
26.16413688659668,9959
26.190356016159058,9958
26.216578722000122,9957
26.246335983276367,9956
26.27342987060547,9955
26.300761699676514,9954
26.3279926776886,9953
26.355352878570557,9952
26.38256001472473,9951
26.409871816635132,9950
26.43755865097046,9949
26.464053869247437,9948
26.490312814712524,9947
26.516573905944824,9946
26.54295301437378,9945
26.569859743118286,9944
26.596049785614014,9943
26.622400999069214,9942
26.648788928985596,9941
26.675191640853882,9940
26.701597929000854,9939
26.72809886932373,9938
26.75744104385376,9937
26.785109043121338,9936
26.812265872955322,9935
26.839531898498535,9934
26.86646294593811,9933
26.8933687210083,9932
26.920738697052002,9931
26.947903871536255,9930
26.975015878677368,9929
27.002394914627075,9928
27.029844999313354,9927
27.0570707321167,9926
27.08422565460205,9925
27.111449718475342,9924
27.138587951660156,9923
27.16588282585144,9922
27.192882776260376,9921
27.219895839691162,9920
27.248337984085083,9919
27.27563500404358,9918
27.30261778831482,9917
27.329649925231934,9916
27.35769772529602,9915
27.385205030441284,9914
27.412428855895996,9913
27.43997883796692,9912
27.467123985290527,9911
27.49400281906128,9910
27.52111792564392,9909
27.566359758377075,9908
27.594559907913208,9907
27.621861934661865,9906
27.649260759353638,9905
27.676491022109985,9904
27.703699827194214,9903
27.730929851531982,9902
27.758631944656372,9901
27.786840677261353,9900
27.813840866088867,9899
27.84123396873474,9898
27.868412971496582,9897
27.895461797714233,9896
27.92334485054016,9895
27.953040838241577,9894
27.980591773986816,9893
28.008079767227173,9892
28.03547978401184,9891
28.06274676322937,9890
28.09024167060852,9889
28.117575883865356,9888
28.144747018814087,9887
28.17193293571472,9886
28.19931983947754,9885
28.226520776748657,9884
28.254058837890625,9883
28.282054901123047,9882
28.310418844223022,9881
28.338008880615234,9880
28.3655948638916,9879
28.392998933792114,9878
28.420929670333862,9877
28.44818091392517,9876
28.475311756134033,9875
28.502777814865112,9874
28.529900074005127,9873
28.557244777679443,9872
28.584908723831177,9871
28.612083911895752,9870
28.6399507522583,9869
28.667295932769775,9868
28.694446802139282,9867
28.721701860427856,9866
28.748902797698975,9865
28.776022911071777,9864
28.802470922470093,9863
28.828678846359253,9862
28.855373859405518,9861
28.88186502456665,9860
28.90900683403015,9859
28.935577869415283,9858
28.962140798568726,9857
28.98865795135498,9856
29.015219926834106,9855
29.041730880737305,9854
29.068156957626343,9853
29.094604015350342,9852
29.12093997001648,9851
29.147287845611572,9850
29.173696041107178,9849
29.199923992156982,9848
29.226464986801147,9847
29.253135919570923,9846
29.27964496612549,9845
29.33328104019165,9844
29.360606908798218,9843
29.388347864151,9842
29.417963981628418,9841
29.44512677192688,9840
29.47228693962097,9839
29.499329805374146,9838
29.526099920272827,9837
29.553441762924194,9836
29.580294847488403,9835
29.6075336933136,9834
29.634530782699585,9833
29.66187286376953,9832
29.68890690803528,9831
29.715977907180786,9830
29.743002891540527,9829
29.77023482322693,9828
29.797061920166016,9827
29.823880910873413,9826
29.850913047790527,9825
29.877897024154663,9824
29.905391931533813,9823
29.935450792312622,9822
29.963366746902466,9821
30.00502872467041,9820
30.032073974609375,9819
30.05931806564331,9818
30.086631774902344,9817
30.11374282836914,9816
30.140792846679688,9815
30.16787886619568,9814
30.194962978363037,9813
30.222331762313843,9812
30.249419927597046,9811
30.276257038116455,9810
30.303630828857422,9809
30.33075189590454,9808
30.357927799224854,9807
30.38582491874695,9806
30.41491675376892,9805
30.44423198699951,9804
30.471365928649902,9803
30.498754739761353,9802
30.526169776916504,9801
30.553466796875,9800
30.581787824630737,9799
30.60899782180786,9798
30.636282920837402,9797
30.663493871688843,9796
30.690945625305176,9795
30.718061685562134,9794
30.74617075920105,9793
30.774998903274536,9792
30.803459882736206,9791
30.829976797103882,9790
30.85646390914917,9789
30.883014917373657,9788
30.909516096115112,9787
30.937036752700806,9786
30.963472843170166,9785
30.989791870117188,9784
31.01600694656372,9783
31.042406797409058,9782
31.068745851516724,9781
31.095107793807983,9780
31.12182092666626,9779
31.148078680038452,9778
31.174312829971313,9777
31.21621584892273,9776
31.242451906204224,9775
31.268685817718506,9774
31.294928789138794,9773
31.321130990982056,9772
31.347382068634033,9771
31.37368083000183,9770
31.399980783462524,9769
31.426288843154907,9768
31.45259690284729,9767
31.478900909423828,9766
31.50529193878174,9765
31.53166174888611,9764
31.558664798736572,9763
31.585121631622314,9762
31.611517906188965,9761
31.637905836105347,9760
31.664572954177856,9759
31.690849781036377,9758
31.71712899208069,9757
31.743143796920776,9756
31.76926589012146,9755
31.796098709106445,9754
31.824010848999023,9753
31.851244688034058,9752
31.878458738327026,9751
31.905727863311768,9750
31.932735919952393,9749
31.959714651107788,9748
31.98685073852539,9747
32.01383090019226,9746
32.04097104072571,9745
32.07035493850708,9744
32.09900379180908,9743
32.1263906955719,9742
32.15365791320801,9741
32.1807918548584,9740
32.2081778049469,9739
32.2354838848114,9738
32.262831926345825,9737
32.29002594947815,9736
32.31725072860718,9735
32.34419775009155,9734
32.37165284156799,9733
32.39890384674072,9732
32.42615604400635,9731
32.45343589782715,9730
32.48054575920105,9729
32.508211851119995,9728
32.53556203842163,9727
32.564167976379395,9726
32.59132981300354,9725
32.618687868118286,9724
32.64565300941467,9723
32.672926902770996,9722
32.70002102851868,9721
32.72736382484436,9720
32.754414796829224,9719
32.78165888786316,9718
32.80880284309387,9717
32.83689498901367,9716
32.8641836643219,9715
32.891106843948364,9714
32.91861891746521,9713
32.94584679603577,9712
32.973143100738525,9711
33.000308990478516,9710
33.0272798538208,9709
33.0543417930603,9708
33.08251976966858,9707
33.11010694503784,9706
33.13710594177246,9705
33.16420102119446,9704
33.19182372093201,9703
33.21916580200195,9702
33.24631667137146,9701
33.27353596687317,9700
33.30056595802307,9699
33.32755470275879,9698
33.35483694076538,9697
33.38227200508118,9696
33.40957069396973,9695
33.4377338886261,9694
33.46501183509827,9693
33.49303603172302,9692
33.519690990448,9691
33.54614281654358,9690
33.57245182991028,9689
33.60135293006897,9688
33.62904596328735,9687
33.65682673454285,9686
33.6841139793396,9685
33.71161699295044,9684
33.73901987075806,9683
33.76622986793518,9682
33.79326581954956,9681
33.82055592536926,9680
33.847479820251465,9679
33.875154972076416,9678
33.902868032455444,9677
33.93012285232544,9676
33.957401752471924,9675
33.98463797569275,9674
34.01182699203491,9673
34.039470911026,9672
34.06654167175293,9671
34.0937180519104,9670
34.12204074859619,9669
34.149587869644165,9668
34.18110370635986,9667
34.20913004875183,9666
34.241013050079346,9665
34.268582820892334,9664
34.29599595069885,9663
34.32323980331421,9662
34.35055375099182,9661
34.37751483917236,9660
34.405067920684814,9659
34.43280482292175,9658
34.46273374557495,9657
34.490946769714355,9656
34.518298864364624,9655
34.54603862762451,9654
34.575841665267944,9653
34.60322880744934,9652
34.630666971206665,9651
34.68076491355896,9650
34.70804405212402,9649
34.735355854034424,9648
34.76373887062073,9647
34.79248595237732,9646
34.820143938064575,9645
34.84747076034546,9644
34.8748197555542,9643
34.90274786949158,9642
34.9299418926239,9641
34.95744585990906,9640
34.98492074012756,9639
35.01188397407532,9638
35.03899693489075,9637
35.06575679779053,9636
35.09299683570862,9635
35.120356798172,9634
35.14736580848694,9633
35.17460083961487,9632
35.20418095588684,9631
35.231658935546875,9630
35.26036190986633,9629
35.28770089149475,9628
35.31507897377014,9627
35.34255385398865,9626
35.36984086036682,9625
35.39686989784241,9624
35.424663066864014,9623
35.45231103897095,9622
35.479649782180786,9621
35.50684070587158,9620
35.535552978515625,9619
35.562689781188965,9618
35.58998084068298,9617
35.61710071563721,9616
35.645957946777344,9615
35.67448592185974,9614
35.701979875564575,9613
35.72846698760986,9612
35.7550368309021,9611
35.80342197418213,9610
35.83101272583008,9609
35.85911989212036,9608
35.88645792007446,9607
35.91415596008301,9606
35.94156289100647,9605
35.968963861465454,9604
35.996094942092896,9603
36.02335166931152,9602
36.05111384391785,9601
36.07841992378235,9600
36.105774879455566,9599
36.1335768699646,9598
36.160913944244385,9597
36.18827295303345,9596
36.21573996543884,9595
36.24337673187256,9594
36.27074980735779,9593
36.297958850860596,9592
36.326825857162476,9591
36.35518288612366,9590
36.38254475593567,9589
36.40998673439026,9588
36.437591791152954,9587
36.46533203125,9586
36.492854833602905,9585
36.520129680633545,9584
36.54727602005005,9583
36.574913024902344,9582
36.60212182998657,9581
36.64689373970032,9580
36.6744167804718,9579
36.70183491706848,9578
36.72892498970032,9577
36.756629943847656,9576
36.78418779373169,9575
36.81182789802551,9574
36.840497970581055,9573
36.868228912353516,9572
36.89619469642639,9571
36.92393398284912,9570
36.95126295089722,9569
36.97832775115967,9568
37.00581669807434,9567
37.033246994018555,9566
37.06022882461548,9565
37.08766794204712,9564
37.11496090888977,9563
37.142154932022095,9562
37.16959285736084,9561
37.19691872596741,9560
37.2241747379303,9559
37.25169587135315,9558
37.278745889663696,9557
37.306209087371826,9556
37.33356976509094,9555
37.362478733062744,9554
37.389708042144775,9553
37.41747999191284,9552
37.4447968006134,9551
37.47302293777466,9550
37.5003457069397,9549
37.52758502960205,9548
37.5550799369812,9547
37.58238697052002,9546
37.60983991622925,9545
37.63739085197449,9544
37.66446495056152,9543
37.69158983230591,9542
37.71844673156738,9541
37.745813846588135,9540
37.77345275878906,9539
37.80241775512695,9538
37.830981731414795,9537
37.85810995101929,9536
37.88642883300781,9535
37.915674924850464,9534
37.94287586212158,9533
37.9701566696167,9532
37.997018814086914,9531
38.024478912353516,9530
38.05159592628479,9529
38.07866597175598,9528
38.106637716293335,9527
38.13421177864075,9526
38.161274909973145,9525
38.18862175941467,9524
38.21588468551636,9523
38.24283981323242,9522
38.269895792007446,9521
38.29681587219238,9520
38.324121713638306,9519
38.35119271278381,9518
38.378145694732666,9517
38.40577483177185,9516
38.43623876571655,9515
38.46482992172241,9514
38.49210500717163,9513
38.51940894126892,9512
38.54655385017395,9511
38.57407069206238,9510
38.60129380226135,9509
38.62832164764404,9508
38.65551996231079,9507
38.68295884132385,9506
38.70991373062134,9505
38.737215995788574,9504
38.76448678970337,9503
38.79157304763794,9502
38.81903576850891,9501
38.846104860305786,9500
38.87364888191223,9499
38.901268005371094,9498
38.92852568626404,9497
38.95630168914795,9496
38.98489189147949,9495
39.01217484474182,9494
39.03939199447632,9493
39.0666229724884,9492
39.09379482269287,9491
39.121065855026245,9490
39.14841079711914,9489
39.17575287818909,9488
39.20297384262085,9487
39.22995567321777,9486
39.25717496871948,9485
39.284294843673706,9484
39.31175184249878,9483
39.339051961898804,9482
39.366227865219116,9481
39.3934428691864,9480
39.421188831329346,9479
39.44838881492615,9478
39.47570204734802,9477
39.50314283370972,9476
39.530131816864014,9475
39.55844783782959,9474
39.58567667007446,9473
39.61269783973694,9472
39.63991975784302,9471
39.666996002197266,9470
39.7110059261322,9469
39.7383348941803,9468
39.76596689224243,9467
39.793118953704834,9466
39.8201699256897,9465
39.84806180000305,9464
39.876038789749146,9463
39.90382695198059,9462
39.93106985092163,9461
39.95831084251404,9460
39.98537874221802,9459
40.01218891143799,9458
40.03965997695923,9457
40.06696081161499,9456
40.094027042388916,9455
40.121370792388916,9454
40.1494619846344,9453
40.17721080780029,9452
40.20441389083862,9451
40.231438875198364,9450
40.25843095779419,9449
40.28569173812866,9448
40.31276893615723,9447
40.33984589576721,9446
40.3669228553772,9445
40.39532971382141,9444
40.42449879646301,9443
40.453181982040405,9442
40.4799108505249,9441
40.506749868392944,9440
40.53405284881592,9439
40.56228470802307,9438
40.58964991569519,9437
40.616917848587036,9436
40.6438946723938,9435
40.672735929489136,9434
40.70036292076111,9433
40.728232860565186,9432
40.75573682785034,9431
40.78295183181763,9430
40.81053376197815,9429
40.83779692649841,9428
40.865092754364014,9427
40.892138957977295,9426
40.91949987411499,9425
40.94638276100159,9424
40.97354602813721,9423
41.000483751297,9422
41.02769684791565,9421
41.0551118850708,9420
41.08200192451477,9419
41.10912370681763,9418
41.13616490364075,9417
41.16364789009094,9416
41.191213846206665,9415
41.2201828956604,9414
41.24739670753479,9413
41.29893684387207,9412
41.32633876800537,9411
41.35377788543701,9410
41.380719900131226,9409
41.408180952072144,9408
41.43578386306763,9407
41.46310782432556,9406
41.490418910980225,9405
41.517751693725586,9404
41.544769048690796,9403
41.57198476791382,9402
41.59967494010925,9401
41.62702488899231,9400
41.65425086021423,9399
41.68156290054321,9398
41.70881676673889,9397
41.74008870124817,9396
41.77126502990723,9395
41.79837489128113,9394
41.8520987033844,9393
41.8792200088501,9392
41.90652275085449,9391
41.93407893180847,9390
41.961392879486084,9389
41.98826789855957,9388
42.01555371284485,9387
42.04287075996399,9386
42.070560932159424,9385
42.09782385826111,9384
42.125051736831665,9383
42.15237283706665,9382
42.17950177192688,9381
42.206543922424316,9380
42.23386883735657,9379
42.26190185546875,9378
42.28997182846069,9377
42.31726002693176,9376
42.34454870223999,9375
42.3721489906311,9374
42.39982581138611,9373
42.42721891403198,9372
42.454622983932495,9371
42.481849908828735,9370
42.509665727615356,9369
42.537306785583496,9368
42.59108567237854,9367
42.618268966674805,9366
42.64518189430237,9365
42.672832012176514,9364
42.700273752212524,9363
42.72756791114807,9362
42.75506591796875,9361
42.78227686882019,9360
42.81025195121765,9359
42.83831596374512,9358
42.865718841552734,9357
42.89290809631348,9356
42.92075800895691,9355
42.947757720947266,9354
42.97493577003479,9353
43.00242280960083,9352
43.029512882232666,9351
43.05669975280762,9350
43.083993911743164,9349
43.11116600036621,9348
43.13862180709839,9347
43.16586184501648,9346
43.19305968284607,9345
43.220438957214355,9344
43.24771475791931,9343
43.27475380897522,9342
43.30215668678284,9341
43.329519748687744,9340
43.35688877105713,9339
43.384596824645996,9338
43.41219782829285,9337
43.43975591659546,9336
43.46739673614502,9335
43.494611978530884,9334
43.52194094657898,9333
43.54915690422058,9332
43.57609701156616,9331
43.60355567932129,9330
43.63045787811279,9329
43.657673835754395,9328
43.68498468399048,9327
43.712310791015625,9326
43.739484786987305,9325
43.76689267158508,9324
43.79377484321594,9323
43.82087779045105,9322
43.847768783569336,9321
43.87472105026245,9320
43.90220785140991,9319
43.92953395843506,9318
43.95658802986145,9317
43.98383903503418,9316
44.01120901107788,9315
44.038893699645996,9314
44.06626892089844,9313
44.09341478347778,9312
44.12078595161438,9311
44.14790391921997,9310
44.17521786689758,9309
44.20263981819153,9308
44.22980570793152,9307
44.25700306892395,9306
44.2840838432312,9305
44.31137990951538,9304
44.33859086036682,9303
44.36581563949585,9302
44.392945766448975,9301
44.42066478729248,9300
44.447975873947144,9299
44.475231885910034,9298
44.5024037361145,9297
44.529428005218506,9296
44.55656599998474,9295
44.58373188972473,9294
44.61222505569458,9293
44.63952898979187,9292
44.667757749557495,9291
44.69458270072937,9290
44.721139907836914,9289
44.74776601791382,9288
44.774083852767944,9287
44.80171871185303,9286
44.829309940338135,9285
44.85740280151367,9284
44.88477373123169,9283
44.912004709243774,9282
44.939154863357544,9281
44.96648597717285,9280
44.99350571632385,9279
45.02103877067566,9278
45.048213958740234,9277
45.07520580291748,9276
45.102704763412476,9275
45.12991786003113,9274
45.15714693069458,9273
45.188316822052,9272
45.2155966758728,9271
45.242764711380005,9270
45.26969075202942,9269
45.29742693901062,9268
45.32461190223694,9267
45.35156202316284,9266
45.37855386734009,9265
45.4061119556427,9264
45.4335298538208,9263
45.46060085296631,9262
45.48779082298279,9261
45.51452970504761,9260
45.54149293899536,9259
45.56866478919983,9258
45.59544491767883,9257
45.623046875,9256
45.650516986846924,9255
45.6790189743042,9254
45.70642590522766,9253
45.73347568511963,9252
45.761703968048096,9251
45.79021072387695,9250
45.818527936935425,9249
45.84552597999573,9248
45.87267470359802,9247
45.90022087097168,9246
45.928662061691284,9245
45.95538878440857,9244
45.982022762298584,9243
46.008397817611694,9242
46.03496193885803,9241
46.06144690513611,9240
46.08794283866882,9239
46.114449977874756,9238
46.14101195335388,9237
46.167598724365234,9236
46.19477581977844,9235
46.221975803375244,9234
46.248334884643555,9233
46.27489376068115,9232
46.30294871330261,9231
46.33131384849548,9230
46.358285665512085,9229
46.38549995422363,9228
46.41362380981445,9227
46.440961837768555,9226
46.468122720718384,9225
46.49505090713501,9224
46.52234697341919,9223
46.54936599731445,9222
46.576374769210815,9221
46.603673696517944,9220
46.63074469566345,9219
46.65787601470947,9218
46.68522596359253,9217
46.712876081466675,9216
46.7409029006958,9215
46.76839089393616,9214
46.79531383514404,9213
46.822866916656494,9212
46.85026001930237,9211
46.877370834350586,9210
46.904645919799805,9209
46.93207597732544,9208
46.959399938583374,9207
46.986692905426025,9206
47.01418399810791,9205
47.04146981239319,9204
47.06871771812439,9203
47.09596490859985,9202
47.123106718063354,9201
47.15029287338257,9200
47.17757797241211,9199
47.20495390892029,9198
47.23188304901123,9197
47.25912594795227,9196
47.286473989486694,9195
47.31415677070618,9194
47.3432137966156,9193
47.37076783180237,9192
47.397836685180664,9191
47.42528581619263,9190
47.45252466201782,9189
47.479692697525024,9188
47.5069477558136,9187
47.53438591957092,9186
47.5612690448761,9185
47.58869671821594,9184
47.616272926330566,9183
47.64343190193176,9182
47.67070984840393,9181
47.69793105125427,9180
47.72511386871338,9179
47.75228476524353,9178
47.783118724823,9177
47.810651779174805,9176
47.838040828704834,9175
47.86514687538147,9174
47.89212703704834,9173
47.92024874687195,9172
47.94752287864685,9171
47.97540783882141,9170
48.00296497344971,9169
48.0301787853241,9168
48.058286905288696,9167
48.08504772186279,9166
48.11155366897583,9165
48.1381356716156,9164
48.16437292098999,9163
48.19067192077637,9162
48.21688485145569,9161
48.243483781814575,9160
48.26979994773865,9159
48.29622197151184,9158
48.322635889053345,9157
48.35003590583801,9156
48.37775683403015,9155
48.40429902076721,9154
48.430877923965454,9153
48.45740294456482,9152
48.48385190963745,9151
48.510225772857666,9150
48.53719782829285,9149
48.563716888427734,9148
48.590293884277344,9147
48.616785764694214,9146
48.64332699775696,9145
48.669806718826294,9144
48.69622993469238,9143
48.72283887863159,9142
48.74938178062439,9141
48.77557873725891,9140
48.80204391479492,9139
48.82857298851013,9138
48.8555109500885,9137
48.885390758514404,9136
48.911961793899536,9135
48.938480854034424,9134
48.96501874923706,9133
48.991440773010254,9132
49.017876863479614,9131
49.044238805770874,9130
49.07079601287842,9129
49.09721279144287,9128
49.123480796813965,9127
49.150022745132446,9126
49.1764600276947,9125
49.20298981666565,9124
49.229496717453,9123
49.25594973564148,9122
49.28243088722229,9121
49.308857917785645,9120
49.335317850112915,9119
49.37795376777649,9118
49.40714192390442,9117
49.43452477455139,9116
49.461993932724,9115
49.48935389518738,9114
49.51683688163757,9113
49.5440788269043,9112
49.5714807510376,9111
49.59884977340698,9110
49.62680768966675,9109
49.65417981147766,9108
49.68166184425354,9107
49.70910167694092,9106
49.737645864486694,9105
49.76603174209595,9104
49.79344892501831,9103
49.82056283950806,9102
49.84841775894165,9101
49.87565994262695,9100
49.90356469154358,9099
49.933374881744385,9098
49.9609649181366,9097
49.98825693130493,9096
50.01554775238037,9095
50.04272484779358,9094
50.0699520111084,9093
50.097357749938965,9092
50.12423777580261,9091
50.15044283866882,9090
50.17704701423645,9089
50.20365595817566,9088
50.23008990287781,9087
50.25706696510315,9086
50.283700942993164,9085
50.310192823410034,9084
50.336644887924194,9083
50.36309790611267,9082
50.389601707458496,9081
50.41606402397156,9080
50.467206954956055,9079
50.493894815444946,9078
50.52032995223999,9077
50.55017971992493,9076
50.57823061943054,9075
50.60586977005005,9074
50.633224964141846,9073
50.660581827163696,9072
50.68800091743469,9071
50.71546792984009,9070
50.74290680885315,9069
50.77018880844116,9068
50.796966791152954,9067
50.82419776916504,9066
50.851258754730225,9065
50.87920784950256,9064
50.90695667266846,9063
50.93464398384094,9062
50.96180295944214,9061
50.99107384681702,9060
51.01833176612854,9059
51.04555583000183,9058
51.07274794578552,9057
51.099884033203125,9056
51.12689208984375,9055
51.154510736465454,9054
51.182230949401855,9053
51.209518909454346,9052
51.2369339466095,9051
51.2642707824707,9050
51.29135990142822,9049
51.31902074813843,9048
51.34563183784485,9047
51.37233376502991,9046
51.398701667785645,9045
51.42528581619263,9044
51.451735734939575,9043
51.478545904159546,9042
51.50593376159668,9041
51.53261685371399,9040
51.55909585952759,9039
51.58581495285034,9038
51.6124370098114,9037
51.63913583755493,9036
51.665531873703,9035
51.692179918289185,9034
51.71865773200989,9033
51.744974851608276,9032
51.77164077758789,9031
51.799968004226685,9030
51.82782793045044,9029
51.85523080825806,9028
51.882603883743286,9027
51.910236835479736,9026
51.93810796737671,9025
51.96535086631775,9024
51.993021965026855,9023
52.020971059799194,9022
52.04958391189575,9021
52.076934814453125,9020
52.104421854019165,9019
52.1318359375,9018
52.159485816955566,9017
52.187012910842896,9016
52.21433186531067,9015
52.24186086654663,9014
52.26924681663513,9013
52.298351764678955,9012
52.337915897369385,9011
52.364999771118164,9010
52.41823172569275,9009
52.44548201560974,9008
52.47299885749817,9007
52.50027585029602,9006
52.528066873550415,9005
52.5561318397522,9004
52.585131883621216,9003
52.61241698265076,9002
52.63977766036987,9001
52.667003870010376,9000
52.694401025772095,8999
52.72176480293274,8998
52.74867486953735,8997
52.77643704414368,8996
52.80448389053345,8995
52.83362293243408,8994
52.86087393760681,8993
52.88852882385254,8992
52.916844844818115,8991
52.94413900375366,8990
52.97156286239624,8989
52.99885892868042,8988
53.02583885192871,8987
53.05293273925781,8986
53.08009481430054,8985
53.11069178581238,8984
53.13840389251709,8983
53.166260957717896,8982
53.193697690963745,8981
53.221088886260986,8980
53.248270750045776,8979
53.27550005912781,8978
53.30288004875183,8977
53.330073833465576,8976
53.35882496833801,8975
53.38644289970398,8974
53.413739919662476,8973
53.44110584259033,8972
53.469045877456665,8971
53.49615168571472,8970
53.52358078956604,8969
53.55114698410034,8968
53.57833290100098,8967
53.60578203201294,8966
53.634843826293945,8965
53.66322088241577,8964
53.69119477272034,8963
53.71868681907654,8962
53.74669599533081,8961
53.774823904037476,8960
53.80256390571594,8959
53.82978796958923,8958
53.85757803916931,8957
53.88526678085327,8956
53.91288089752197,8955
53.94064283370972,8954
53.9679229259491,8953
53.99527597427368,8952
54.02244472503662,8951
54.04988980293274,8950
54.07712483406067,8949
54.10480284690857,8948
54.132184743881226,8947
54.159568786621094,8946
54.18726086616516,8945
54.214497804641724,8944
54.241721868515015,8943
54.26915097236633,8942
54.297473669052124,8941
54.32476806640625,8940
54.351966857910156,8939
54.379047870635986,8938
54.406338691711426,8937
54.433958768844604,8936
54.46119284629822,8935
54.48841881752014,8934
54.5155189037323,8933
54.54278564453125,8932
54.57032489776611,8931
54.59737277030945,8930
54.624398708343506,8929
54.651564836502075,8928
54.67842197418213,8927
54.705857038497925,8926
54.73339581489563,8925
54.76118993759155,8924
54.788429737091064,8923
54.81743788719177,8922
54.84463596343994,8921
54.872031927108765,8920
54.89936900138855,8919
54.92673087120056,8918
54.95405387878418,8917
54.981316804885864,8916
55.008280754089355,8915
55.03479599952698,8914
55.060826778411865,8913
55.087342739105225,8912
55.11621975898743,8911
55.1436128616333,8910
55.17118692398071,8909
55.19843792915344,8908
55.225576877593994,8907
55.25289988517761,8906
55.27990674972534,8905
55.307379961013794,8904
55.33472275733948,8903
55.361761808395386,8902
55.38879990577698,8901
55.41650581359863,8900
55.44384574890137,8899
55.471773862838745,8898
55.50101399421692,8897
55.52894377708435,8896
55.5562949180603,8895
55.58335280418396,8894
55.61048674583435,8893
55.637659788131714,8892
55.664538860321045,8891
55.69162178039551,8890
55.71870183944702,8889
55.74582290649414,8888
55.77330684661865,8887
55.80043697357178,8886
55.82771301269531,8885
55.855225801467896,8884
55.88240170478821,8883
55.90980792045593,8882
55.93815588951111,8881
55.96533203125,8880
55.992416858673096,8879
56.02004671096802,8878
56.04717493057251,8877
56.07472777366638,8876
56.10232973098755,8875
56.12991380691528,8874
56.15737295150757,8873
56.18500089645386,8872
56.21206498146057,8871
56.23940181732178,8870
56.28032469749451,8869
56.30751180648804,8868
56.33496975898743,8867
56.36193370819092,8866
56.389434814453125,8865
56.41708183288574,8864
56.44434881210327,8863
56.4716899394989,8862
56.49892568588257,8861
56.52603077888489,8860
56.55342888832092,8859
56.580463886260986,8858
56.60768795013428,8857
56.63577699661255,8856
56.66299295425415,8855
56.69009280204773,8854
56.71778678894043,8853
56.7724187374115,8852
56.799513816833496,8851
56.82760977745056,8850
56.85528087615967,8849
56.882572650909424,8848
56.90981578826904,8847
56.93722701072693,8846
56.964324712753296,8845
56.99138689041138,8844
57.018778800964355,8843
57.046236991882324,8842
57.07357168197632,8841
57.10055088996887,8840
57.128886699676514,8839
57.15651488304138,8838
57.183521032333374,8837
57.23262596130371,8836
57.25970387458801,8835
57.2874219417572,8834
57.31489682197571,8833
57.341914892196655,8832
57.36919093132019,8831
57.39636778831482,8830
57.423935890197754,8829
57.451515913009644,8828
57.478723764419556,8827
57.50607180595398,8826
57.53311800956726,8825
57.56022882461548,8824
57.58734393119812,8823
57.614664793014526,8822
57.641660928726196,8821
57.66907596588135,8820
57.69673776626587,8819
57.72398376464844,8818
57.75113868713379,8817
57.7784788608551,8816
57.80608105659485,8815
57.83339285850525,8814
57.86021399497986,8813
57.88651967048645,8812
57.91291379928589,8811
57.93933701515198,8810
57.96574687957764,8809
57.99199676513672,8808
58.01838183403015,8807
58.04487085342407,8806
58.07125496864319,8805
58.09765887260437,8804
58.12397789955139,8803
58.15022897720337,8802
58.17675185203552,8801
58.20336580276489,8800
58.22962474822998,8799
58.25594687461853,8798
58.284143924713135,8797
58.31126880645752,8796
58.338690757751465,8795
58.36590790748596,8794
58.393197774887085,8793
58.421143770217896,8792
58.4484338760376,8791
58.47558403015137,8790
58.50287985801697,8789
58.529831886291504,8788
58.55708694458008,8787
58.58601975440979,8786
58.61334300041199,8785
58.64039182662964,8784
58.66771483421326,8783
58.69488000869751,8782
58.72260403633118,8781
58.750372886657715,8780
58.77790904045105,8779
58.805136919021606,8778
58.83272194862366,8777
58.860832929611206,8776
58.888120889663696,8775
58.91548681259155,8774
58.94274377822876,8773
58.97019290924072,8772
58.998048067092896,8771
59.02562689781189,8770
59.053080797195435,8769
59.080195903778076,8768
59.1074697971344,8767
59.134787797927856,8766
59.1620569229126,8765
59.1893208026886,8764
59.21645903587341,8763
59.243507862091064,8762
59.27090787887573,8761
59.297691822052,8760
59.32516670227051,8759
59.3526337146759,8758
59.3799307346344,8757
59.40785002708435,8756
59.43558669090271,8755
59.46281599998474,8754
59.49039697647095,8753
59.517470836639404,8752
59.54465198516846,8751
59.5718629360199,8750
59.612316846847534,8749
59.64053678512573,8748
59.66916584968567,8747
59.69643974304199,8746
59.72519087791443,8745
59.75265383720398,8744
59.78019881248474,8743
59.80733680725098,8742
59.834547996520996,8741
59.86174392700195,8740
59.8888578414917,8739
59.916425943374634,8738
59.94367790222168,8737
59.97104001045227,8736
59.998286724090576,8735
60.02542281150818,8734
60.05299377441406,8733
60.0801637172699,8732
60.10743498802185,8731
60.134580850601196,8730
60.161826848983765,8729
60.18874382972717,8728
60.21592092514038,8727
60.243454933166504,8726
60.26999878883362,8725
60.29651188850403,8724
60.323091983795166,8723
60.3522367477417,8722
60.37975287437439,8721
60.407482862472534,8720
60.43514585494995,8719
60.4624707698822,8718
60.48974275588989,8717
60.51709699630737,8716
60.54427480697632,8715
60.571950912475586,8714
60.5991587638855,8713
60.62623381614685,8712
60.65349078178406,8711
60.68040871620178,8710
60.70773506164551,8709
60.735584020614624,8708
60.763777017593384,8707
60.79178190231323,8706
60.82016372680664,8705
60.84686779975891,8704
60.87315583229065,8703
60.899388790130615,8702
60.925719022750854,8701
60.95233201980591,8700
60.978678703308105,8699
61.005146741867065,8698
61.03156566619873,8697
61.07738494873047,8696
61.10380482673645,8695
61.12993884086609,8694
61.15613794326782,8693
61.18241000175476,8692
61.20866894721985,8691
61.234721660614014,8690
61.26131582260132,8689
61.28777194023132,8688
61.31425189971924,8687
61.340648889541626,8686
61.36826491355896,8685
61.39520788192749,8684
61.42184090614319,8683
61.44876790046692,8682
61.47650384902954,8681
61.50365591049194,8680
61.530515909194946,8679
61.55755805969238,8678
61.58467364311218,8677
61.61202383041382,8676
61.639829874038696,8675
61.667194843292236,8674
61.694196939468384,8673
61.721476793289185,8672
61.749186754226685,8671
61.776474714279175,8670
61.80369997024536,8669
61.83208990097046,8668
61.85935378074646,8667
61.88679504394531,8666
61.91464185714722,8665
61.94209265708923,8664
61.97031879425049,8663
61.99779677391052,8662
62.024863958358765,8661
62.05216693878174,8660
62.07923483848572,8659
62.10650873184204,8658
62.13362979888916,8657
62.16059899330139,8656
62.18797993659973,8655
62.21493983268738,8654
62.242124795913696,8653
62.26959991455078,8652
62.296791076660156,8651
62.3242130279541,8650
62.35150074958801,8649
62.37880277633667,8648
62.40621900558472,8647
62.433526039123535,8646
62.46147584915161,8645
62.488860845565796,8644
62.518271923065186,8643
62.545363903045654,8642
62.57306885719299,8641
62.600626945495605,8640
62.627962827682495,8639
62.65547704696655,8638
62.69857692718506,8637
62.72644877433777,8636
62.75431776046753,8635
62.78151488304138,8634
62.80931305885315,8633
62.83686876296997,8632
62.86416268348694,8631
62.8914680480957,8630
62.919230937957764,8629
62.94648194313049,8628
62.97388792037964,8627
63.00128889083862,8626
63.02853465080261,8625
63.055882930755615,8624
63.08351683616638,8623
63.112326860427856,8622
63.13983082771301,8621
63.16731595993042,8620
63.194363832473755,8619
63.22171378135681,8618
63.249016761779785,8617
63.27629065513611,8616
63.30345869064331,8615
63.330962896347046,8614
63.35804486274719,8613
63.385228633880615,8612
63.41252088546753,8611
63.439674854278564,8610
63.467068910598755,8609
63.494181871414185,8608
63.53910183906555,8607
63.566356897354126,8606
63.593652963638306,8605
63.622591972351074,8604
63.64998769760132,8603
63.67719602584839,8602
63.70462083816528,8601
63.731451749801636,8600
63.758347034454346,8599
63.78546476364136,8598
63.81239986419678,8597
63.83963179588318,8596
63.867148637771606,8595
63.8944878578186,8594
63.92260408401489,8593
63.95007681846619,8592
63.97726798057556,8591
64.00465273857117,8590
64.0318808555603,8589
64.05908203125,8588
64.08633589744568,8587
64.11456894874573,8586
64.14177894592285,8585
64.16940689086914,8584
64.19698786735535,8583
64.224782705307,8582
64.25244903564453,8581
64.2795398235321,8580
64.32354998588562,8579
64.35107469558716,8578
64.37817287445068,8577
64.42619800567627,8576
64.45332098007202,8575
64.48021388053894,8574
64.50775504112244,8573
64.53509569168091,8572
64.56227087974548,8571
64.58979892730713,8570
64.61716079711914,8569
64.64457869529724,8568
64.67207980155945,8567
64.69922685623169,8566
64.72624588012695,8565
64.75329208374023,8564
64.78017687797546,8563
64.80724668502808,8562
64.83468794822693,8561
64.86176085472107,8560
64.88886499404907,8559
64.91617369651794,8558
64.9443027973175,8557
64.97196888923645,8556
64.99923992156982,8555
65.02627897262573,8554
65.05269885063171,8553
65.09548902511597,8552
65.12177586555481,8551
65.14837884902954,8550
65.17486691474915,8549
65.20152401924133,8548
65.22797679901123,8547
65.25453996658325,8546
65.28095889091492,8545
65.3073296546936,8544
65.33374691009521,8543
65.36025071144104,8542
65.38663291931152,8541
65.41303992271423,8540
65.43940472602844,8539
65.4676558971405,8538
65.49424386024475,8537
65.52280402183533,8536
65.55054783821106,8535
65.57781386375427,8534
65.60497379302979,8533
65.63222193717957,8532
65.65970373153687,8531
65.68705487251282,8530
65.71417284011841,8529
65.74134492874146,8528
65.768483877182,8527
65.79589462280273,8526
65.82343292236328,8525
65.85102081298828,8524
65.8782467842102,8523
65.90583300590515,8522
65.93359780311584,8521
65.96193480491638,8520
65.98976373672485,8519
66.01714372634888,8518
66.04413080215454,8517
66.07119178771973,8516
66.09831881523132,8515
66.12544679641724,8514
66.15276789665222,8513
66.18078994750977,8512
66.20797085762024,8511
66.2355089187622,8510
66.26265072822571,8509
66.2899239063263,8508
66.31736278533936,8507
66.34444785118103,8506
66.39573097229004,8505
66.42291378974915,8504
66.44953179359436,8503
66.4759910106659,8502
68.00895595550537,8501
69.66249704360962,8500
69.68990588188171,8499
69.71712899208069,8498
69.74398374557495,8497
69.77175283432007,8496
69.79940295219421,8495
69.82794380187988,8494
69.85540986061096,8493
69.88255286216736,8492
69.91009092330933,8491
69.937570810318,8490
69.96451187133789,8489
69.99159502983093,8488
70.01857590675354,8487
70.04556894302368,8486
70.07275795936584,8485
70.10007190704346,8484
70.12727785110474,8483
70.15594601631165,8482
70.18349075317383,8481
70.21073889732361,8480
71.42768001556396,8479
71.45426487922668,8478
73.28080177307129,8477
73.30816888809204,8476
73.33739686012268,8475
73.36586880683899,8474
73.39313888549805,8473
73.42090797424316,8472
73.44828963279724,8471
73.4754388332367,8470
73.50272679328918,8469
73.57359385490417,8468
73.6144950389862,8467
73.66048383712769,8466
73.71166896820068,8465
73.78154873847961,8464
73.80800271034241,8463
73.89129495620728,8462
73.94011688232422,8461
73.96868205070496,8460
74.03237199783325,8459
74.05953884124756,8458
74.11885690689087,8457
74.14649176597595,8456
74.17433977127075,8455
74.25461769104004,8454
74.28185987472534,8453
74.33510780334473,8452
74.36224269866943,8451
74.42934489250183,8450
74.4577169418335,8449
74.52082467079163,8448
74.54813885688782,8447
74.61496496200562,8446
74.66944169998169,8445
74.6979238986969,8444
74.75779366493225,8443
74.78473591804504,8442
74.84198188781738,8441
74.86828804016113,8440
74.93664479255676,8439
74.98970174789429,8438
75.0295979976654,8437
75.07235670089722,8436
75.09899067878723,8435
75.17331576347351,8434
75.19953894615173,8433
75.22617769241333,8432
75.2528886795044,8431
75.2794418334961,8430
75.30784583091736,8429
75.37471270561218,8428
75.40264773368835,8427
75.44377088546753,8426
75.47109484672546,8425
75.54069304466248,8424
75.56858801841736,8423
75.61821579933167,8422
75.64559984207153,8421
75.70570707321167,8420
75.73338079452515,8419
75.78200078010559,8418
75.80937767028809,8417
75.86712193489075,8416
75.8944137096405,8415
75.9393699169159,8414
75.96732974052429,8413
76.04735994338989,8412
76.09268569946289,8411
76.12217879295349,8410
76.17118692398071,8409
76.21940398216248,8408
76.24893188476562,8407
76.30869889259338,8406
76.34004473686218,8405
76.41441679000854,8404
76.44812178611755,8403
76.50131297111511,8402
76.53494572639465,8401
76.61555480957031,8400
76.64547681808472,8399
76.71700668334961,8398
76.74649691581726,8397
76.81067276000977,8396
76.83747887611389,8395
76.90894174575806,8394
76.95778298377991,8393
77.00725674629211,8392
77.0345528125763,8391
77.08990168571472,8390
77.11740374565125,8389
77.14465475082397,8388
77.19062280654907,8387
77.21752095222473,8386
77.24451470375061,8385
77.31338381767273,8384
77.34056496620178,8383
77.38559889793396,8382
77.42967200279236,8381
77.4957959651947,8380
77.522873878479,8379
77.58477067947388,8378
77.6116738319397,8377
77.67749977111816,8376
77.70463800430298,8375
77.7675359249115,8374
77.79450488090515,8373
77.86084771156311,8372
77.88832998275757,8371
77.9436628818512,8370
77.9958610534668,8369
78.02312397956848,8368
78.09927177429199,8367
78.12600779533386,8366
78.19911193847656,8365
78.22594380378723,8364
78.29242086410522,8363
78.33604288101196,8362
78.36289095878601,8361
78.40731906890869,8360
78.43449401855469,8359
78.51091384887695,8358
78.53827691078186,8357
78.61129593849182,8356
78.63848876953125,8355
78.68351006507874,8354
78.7292628288269,8353
78.75646591186523,8352
78.83049297332764,8351
78.85741376876831,8350
78.9355537891388,8349
78.96221899986267,8348
79.02571082115173,8347
79.07281279563904,8346
79.09974384307861,8345
79.16182565689087,8344
79.18906283378601,8343
79.24760293960571,8342
79.29218673706055,8341
79.31936478614807,8340
79.40203285217285,8339
79.43111681938171,8338
79.51454281806946,8337
79.54210591316223,8336
79.61326789855957,8335
79.69476675987244,8334
79.76251888275146,8333
79.78966879844666,8332
79.85395383834839,8331
79.88180088996887,8330
79.95902895927429,8329
79.98612189292908,8328
80.06212568283081,8327
80.08906078338623,8326
80.16056394577026,8325
80.19014096260071,8324
80.25250887870789,8323
80.27943301200867,8322
80.33109974861145,8321
80.35786986351013,8320
80.39653396606445,8319
80.42377185821533,8318
80.47491574287415,8317
80.50194096565247,8316
80.56323790550232,8315
80.59021186828613,8314
80.65371799468994,8313
80.68088388442993,8312
80.75791692733765,8311
80.80475187301636,8310
80.854820728302,8309
80.89583492279053,8308
82.41313791275024,8307
90.89846301078796,8306
92.42352890968323,8305
99.84614562988281,8304
99.91020083427429,8303
99.95899486541748,8302
99.98678088188171,8301
100.0417537689209,8300
100.08333802223206,8299
100.1286108493805,8298
100.652596950531,8297
100.76884484291077,8296
100.79568791389465,8295
100.84504985809326,8294
100.91205191612244,8293
100.97955298423767,8292
101.00678777694702,8291
104.31314778327942,8290
104.36523485183716,8289
104.39164900779724,8288
104.43947863578796,8287
104.4820077419281,8286
104.52886295318604,8285
104.57056593894958,8284
104.6848247051239,8283
104.7404088973999,8282
104.77355861663818,8281
104.84247779846191,8280
104.89535593986511,8279
104.9218807220459,8278
105.06003999710083,8277
105.09897494316101,8276
105.1438159942627,8275
105.18439388275146,8274
105.23088693618774,8273
105.2823417186737,8272
105.33109188079834,8271
105.38303899765015,8270
105.40964198112488,8269
105.52447390556335,8268
105.56409072875977,8267
105.59083795547485,8266
105.72130584716797,8265
105.7612087726593,8264
105.80508375167847,8263
105.83171081542969,8262
105.87029194831848,8261
105.95393490791321,8260
106.0056529045105,8259
106.04611897468567,8258
106.12788677215576,8257
106.16909289360046,8256
106.21201491355896,8255
106.25828099250793,8254
106.50864696502686,8253
106.55267977714539,8252
106.59849071502686,8251
106.64813899993896,8250
106.84036183357239,8249
106.87912178039551,8248
106.92731785774231,8247
107.18198299407959,8246
107.23191666603088,8245
107.28373193740845,8244
107.32469391822815,8243
107.55322289466858,8242
107.60055780410767,8241
107.64055180549622,8240
107.6824676990509,8239
107.87303590774536,8238
107.9175808429718,8237
107.96548986434937,8236
107.99212074279785,8235
108.18833780288696,8234
108.23179292678833,8233
108.31268572807312,8232
108.52976584434509,8231
108.5720009803772,8230
108.65308976173401,8229
108.87423896789551,8228
108.92228102684021,8227
108.98002195358276,8226
109.21911191940308,8225
109.24559903144836,8224
109.28573489189148,8223
109.32743501663208,8222
109.52395176887512,8221
109.57177686691284,8220
109.62293672561646,8219
109.66166567802429,8218
109.87009382247925,8217
109.91294074058533,8216
109.96086287498474,8215
110.0101387500763,8214
110.27157282829285,8213
110.31267189979553,8212
110.33953475952148,8211
110.3852469921112,8210
110.6075279712677,8209
110.6352608203888,8208
110.67624688148499,8207
110.83842992782593,8206
110.89613699913025,8205
110.94449996948242,8204
110.97118067741394,8203
111.15286087989807,8202
111.22940587997437,8201
111.35223197937012,8200
111.43614792823792,8199
111.48971796035767,8198
111.5320508480072,8197
111.68762278556824,8196
111.72925996780396,8195
111.80155086517334,8194
111.9728729724884,8193
112.00031065940857,8192
112.0449538230896,8191
112.10623693466187,8190
112.29609990119934,8189
112.32348895072937,8188
112.36527991294861,8187
112.41338396072388,8186
112.61189889907837,8185
112.6392970085144,8184
112.84381580352783,8183
112.8852927684784,8182
112.91279578208923,8181
112.96144890785217,8180
113.11388373374939,8179
113.16320991516113,8178
113.19036078453064,8177
113.23947191238403,8176
113.39291906356812,8175
113.44307374954224,8174
113.47051692008972,8173
113.51276683807373,8172
113.72715282440186,8171
113.75402188301086,8170
113.78097581863403,8169
113.83134889602661,8168
114.03867173194885,8167
114.06623792648315,8166
114.0949649810791,8165
114.14837193489075,8164
114.351322889328,8163
114.40516686439514,8162
114.43439483642578,8161
114.46165990829468,8160
114.6492748260498,8159
114.69602680206299,8158
114.724045753479,8157
114.77240681648254,8156
114.93507671356201,8155
114.98210000991821,8154
115.00925374031067,8153
115.06211304664612,8152
115.2714958190918,8151
115.43917798995972,8150
115.54109787940979,8149
115.58705878257751,8148
115.65744686126709,8147
115.81581592559814,8146
115.9131269454956,8145
115.95862579345703,8144
116.04667973518372,8143
116.1994948387146,8142
116.31067705154419,8141
116.36189389228821,8140
116.42882990837097,8139
116.55047678947449,8138
116.67015600204468,8137
116.72065377235413,8136
116.79824471473694,8135
116.95819973945618,8134
116.99804902076721,8133
117.04724884033203,8132
117.23598384857178,8131
117.28686594963074,8130
117.31380987167358,8129
117.35715794563293,8128
117.5963888168335,8127
117.64297986030579,8126
117.69577383995056,8125
117.73855471611023,8124
117.94915294647217,8123
117.99284291267395,8122
118.04042482376099,8121
118.2257788181305,8120
118.29164695739746,8119
118.33439493179321,8118
118.38288688659668,8117
118.60338377952576,8116
118.87825274467468,8115
118.93067193031311,8114
118.97730994224548,8113
119.03205394744873,8112
119.08111381530762,8111
119.12307000160217,8110
119.15037679672241,8109
119.17751669883728,8108
119.31967377662659,8107
119.36209678649902,8106
119.41521573066711,8105
119.44275379180908,8104
119.48262977600098,8103
119.53233790397644,8102
119.5762927532196,8101
119.63052582740784,8100
119.75513982772827,8099
119.79509282112122,8098
119.85053992271423,8097
119.89706873893738,8096
119.94597482681274,8095
119.97358274459839,8094
120.00095987319946,8093
120.05449295043945,8092
120.08192491531372,8091
120.12352776527405,8090
120.17662072181702,8089
120.25350666046143,8088
120.29752588272095,8087
120.34842801094055,8086
120.39557671546936,8085
120.4455087184906,8084
120.49653577804565,8083
120.53517174720764,8082
120.58001780509949,8081
120.62658190727234,8080
120.68010687828064,8079
120.7348690032959,8078
120.77466869354248,8077
120.81793284416199,8076
120.8462438583374,8075
120.88783001899719,8074
120.92879271507263,8073
120.97732186317444,8072
121.23363590240479,8071
121.30135297775269,8070
121.32886505126953,8069
121.56234788894653,8068
121.60684180259705,8067
121.65364193916321,8066
121.70284700393677,8065
121.8834228515625,8064
121.93445181846619,8063
121.97834873199463,8062
122.02401471138,8061
122.23286581039429,8060
122.28372573852539,8059
122.33718395233154,8058
122.3827919960022,8057
122.6282548904419,8056
122.65646886825562,8055
122.68415379524231,8054
122.72982883453369,8053
122.92819476127625,8052
122.97311186790466,8051
123.02153086662292,8050
123.07269883155823,8049
123.11512589454651,8048
123.29662990570068,8047
123.33922481536865,8046
123.38774180412292,8045
123.43985676765442,8044
123.66735100746155,8043
123.70726585388184,8042
123.75088381767273,8041
123.79661393165588,8040
124.01811194419861,8039
124.0701367855072,8038
124.11044096946716,8037
124.15913701057434,8036
124.38421583175659,8035
124.4365599155426,8034
124.49036598205566,8033
124.6255087852478,8032
124.71515703201294,8031
124.75780987739563,8030
124.93884801864624,8029
124.9842119216919,8028
125.04457879066467,8027
125.26466202735901,8026
125.31466794013977,8025
125.38931584358215,8024
125.62775874137878,8023
125.66864681243896,8022
125.71890091896057,8021
125.76368474960327,8020
125.95924305915833,8019
126.00861287117004,8018
126.0990858078003,8017
126.266521692276,8016
126.45798563957214,8015
126.48538494110107,8014
126.56573700904846,8013
126.70878887176514,8012
126.75326585769653,8011
126.98087096214294,8010
127.02992272377014,8009
127.05718398094177,8008
127.24694180488586,8007
127.29883980751038,8006
127.32607793807983,8005
127.52405667304993,8004
127.56732392311096,8003
127.59453082084656,8002
127.63921093940735,8001
127.83178496360779,8000
127.87678289413452,7999
127.92304182052612,7998
128.12886500358582,7997
128.18237376213074,7996
128.20959377288818,7995
128.3994586467743,7994
128.45427894592285,7993
128.48134875297546,7992
128.52817487716675,7991
128.69411993026733,7990
128.7426917552948,7989
128.76980304718018,7988
128.94509482383728,7987
128.99376487731934,7986
129.020977973938,7985
129.06347489356995,7984
129.26337385177612,7983
129.47916984558105,7982
129.54172682762146,7981
129.6365339756012,7980
129.75922274589539,7979
129.81570887565613,7978
129.85810375213623,7977
129.94252800941467,7976
130.07874584197998,7975
130.12439608573914,7974
130.20692586898804,7973
130.2536346912384,7972
130.42522978782654,7971
130.4964418411255,7970
130.63137888908386,7969
130.69294691085815,7968
130.88159799575806,7967
130.9091398715973,7966
130.95380473136902,7965
131.00382685661316,7964
131.23209071159363,7963
131.28471398353577,7962
131.33306288719177,7961
131.42502975463867,7960
131.55404806137085,7959
131.67029404640198,7958
131.71656489372253,7957
131.82582569122314,7956
131.9493248462677,7955
132.03439688682556,7954
132.0871298313141,7953
132.18726992607117,7952
132.32767391204834,7951
132.41136264801025,7950
132.4612307548523,7949
132.7331247329712,7948
132.78489708900452,7947
132.83688282966614,7946
132.87715792655945,7945
133.12156796455383,7944
133.1701397895813,7943
133.22069787979126,7942
133.27368593215942,7941
133.96751284599304,7940
134.03134083747864,7939
134.14711594581604,7938
134.23972392082214,7937
134.28690791130066,7936
134.40966486930847,7935
134.4369809627533,7934
134.55497884750366,7933
134.66509079933167,7932
134.7137417793274,7931
134.77335596084595,7930
134.82511186599731,7929
134.9361548423767,7928
134.993558883667,7927
135.11744785308838,7926
135.1592788696289,7925
135.2737898826599,7924
135.30105781555176,7923
135.4329788684845,7922
135.47248005867004,7921
135.53889679908752,7920
135.58601188659668,7919
135.67253994941711,7918
135.70028281211853,7917
135.80051183700562,7916
135.9594099521637,7915
136.0549819469452,7914
136.11543083190918,7913
136.20259189605713,7912
136.2651767730713,7911
136.33597588539124,7910
136.4299488067627,7909
136.52220797538757,7908
136.75537490844727,7907
136.843092918396,7906
136.91263484954834,7905
136.99420189857483,7904
137.0213499069214,7903
137.09196186065674,7902
137.13494563102722,7901
137.2008888721466,7900
137.3058979511261,7899
137.39761590957642,7898
137.48946571350098,7897
137.53674983978271,7896
137.5967538356781,7895
137.72224593162537,7894
137.8108229637146,7893
137.89504384994507,7892
138.14113187789917,7891
138.24896478652954,7890
138.29307389259338,7889
138.40583181381226,7888
138.56358981132507,7887
138.6831979751587,7886
138.7109408378601,7885
138.8214008808136,7884
138.8629138469696,7883
138.8899667263031,7882
138.98414182662964,7881
139.01122379302979,7880
139.12424874305725,7879
139.15173292160034,7878
139.24926376342773,7877
139.30124688148499,7876
139.41250896453857,7875
139.4526400566101,7874
139.53206300735474,7873
139.60212397575378,7872
139.6923110485077,7871
139.75044202804565,7870
139.80884194374084,7869
139.9480278491974,7868
140.0173099040985,7867
140.1047718524933,7866
140.19001078605652,7865
140.27648377418518,7864
140.32210898399353,7863
140.38762497901917,7862
140.46451568603516,7861
140.66750597953796,7860
140.73950004577637,7859
140.83231592178345,7858
140.92361688613892,7857
140.9984929561615,7856
141.08083987236023,7855
141.14265871047974,7854
141.24851298332214,7853
141.3250880241394,7852
141.37106466293335,7851
141.45771598815918,7850
141.52027583122253,7849
141.56420469284058,7848
141.70911288261414,7847
141.77073788642883,7846
141.86315488815308,7845
145.62241983413696,7844
145.64924788475037,7843
145.67603206634521,7842
145.70272994041443,7841
145.72963094711304,7840
145.75632786750793,7839
145.78296780586243,7838
145.80959582328796,7837
145.85314893722534,7836
145.90496373176575,7835
145.93144297599792,7834
145.95816707611084,7833
146.0086169242859,7832
146.03528594970703,7831
146.06187295913696,7830
146.08846592903137,7829
146.13371968269348,7828
146.16014695167542,7827
146.1877477169037,7826
146.2150137424469,7825
146.2415177822113,7824
146.26815581321716,7823
146.2948386669159,7822
146.3214499950409,7821
146.34812378883362,7820
146.3908658027649,7819
146.4175398349762,7818
146.4441237449646,7817
146.4707489013672,7816
146.49719285964966,7815
146.52366495132446,7814
146.5501687526703,7813
146.57672691345215,7812
146.60343384742737,7811
146.63007283210754,7810
146.65701985359192,7809
146.68418288230896,7808
146.71089482307434,7807
146.73783493041992,7806
146.7654857635498,7805
146.81312799453735,7804
146.87208700180054,7803
146.8986897468567,7802
146.9254457950592,7801
146.95209765434265,7800
147.002947807312,7799
147.02952194213867,7798
147.056156873703,7797
147.09714579582214,7796
147.12363481521606,7795
147.15007781982422,7794
147.17666888237,7793
147.20330691337585,7792
147.22989892959595,7791
147.25791883468628,7790
147.289785861969,7789
147.3170828819275,7788
147.34390783309937,7787
147.37163186073303,7786
147.42275094985962,7785
147.44999980926514,7784
147.47703194618225,7783
147.50450086593628,7782
147.53162789344788,7781
147.55877876281738,7780
147.63493180274963,7779
147.6837968826294,7778
147.71093583106995,7777
147.7383427619934,7776
147.76544284820557,7775
147.7923309803009,7774
147.8207769393921,7773
147.84799003601074,7772
147.87519884109497,7771
149.75109195709229,7770
149.77759385108948,7769
149.80423188209534,7768
149.8307328224182,7767
149.8574719429016,7766
149.88424968719482,7765
149.9110426902771,7764
149.9385097026825,7763
149.9652237892151,7762
149.99202489852905,7761
150.01858377456665,7760
150.0459599494934,7759
150.07269477844238,7758
150.09935593605042,7757
150.14391779899597,7756
150.17143177986145,7755
150.19908785820007,7754
150.2263638973236,7753
150.2536027431488,7752
150.28077292442322,7751
150.3080539703369,7750
150.37522101402283,7749
150.4029688835144,7748
150.43049502372742,7747
150.45793795585632,7746
150.48546195030212,7745
150.51264882087708,7744
150.5412700176239,7743
150.8582158088684,7742
150.92556595802307,7741
150.95221877098083,7740
151.0083668231964,7739
151.10501885414124,7738
151.1442790031433,7737
151.24323773384094,7736
151.36533403396606,7735
151.57291173934937,7734
151.67163705825806,7733
151.7508647441864,7732
151.8606469631195,7731
151.94186973571777,7730
152.84554290771484,7729
154.08724093437195,7728
154.185852766037,7727
154.28620386123657,7726
154.35379791259766,7725
154.45093083381653,7724
154.51174974441528,7723
154.63069701194763,7722
154.69287872314453,7721
154.81270670890808,7720
154.91969680786133,7719
155.0112750530243,7718
155.05624175071716,7717
155.1023428440094,7716
155.19591403007507,7715
155.31540083885193,7714
155.40962886810303,7713
155.5248749256134,7712
155.57339692115784,7711
155.6260097026825,7710
155.6810166835785,7709
157.6579189300537,7708
158.16461896896362,7707
158.19214487075806,7706
158.21964168548584,7705
158.24711179733276,7704
159.04628586769104,7703
159.15867495536804,7702
159.25106477737427,7701
159.33195090293884,7700
159.41669297218323,7699
159.5274796485901,7698
159.64648294448853,7697
159.78082084655762,7696
159.87072277069092,7695
160.04608988761902,7694
160.18100476264954,7693
160.24566197395325,7692
160.4031150341034,7691
160.54473781585693,7690
160.6197419166565,7689
160.72225785255432,7688
160.80139803886414,7687
160.90878677368164,7686
160.9857988357544,7685
161.0664210319519,7684
161.15599370002747,7683
161.26379084587097,7682
161.33809280395508,7681
161.40309500694275,7680
161.57981991767883,7679
161.66292572021484,7678
161.7354030609131,7677
161.8147668838501,7676
161.91772985458374,7675
161.99436378479004,7674
162.066636800766,7673
162.12600183486938,7672
162.2921600341797,7671
162.36194682121277,7670
162.42972087860107,7669
162.50632882118225,7668
162.6089107990265,7667
162.68102097511292,7666
162.80514097213745,7665
162.88825702667236,7664
163.01250982284546,7663
163.0868170261383,7662
163.16158175468445,7661
163.29051280021667,7660
163.37479662895203,7659
163.44710302352905,7658
163.54530692100525,7657
163.6272337436676,7656
163.74401688575745,7655
163.86781072616577,7654
163.94621086120605,7653
164.06249284744263,7652
164.16741180419922,7651
164.23821592330933,7650
164.2879159450531,7649
164.36454677581787,7648
164.47169375419617,7647
164.56906175613403,7646
164.6291468143463,7645
164.7038300037384,7644
164.74474596977234,7643
164.82940483093262,7642
164.98460698127747,7641
165.1780469417572,7640
165.26487278938293,7639
165.30594897270203,7638
165.40309405326843,7637
165.47645688056946,7636
165.60395693778992,7635
165.68685698509216,7634
165.75183582305908,7633
165.79378271102905,7632
165.86841702461243,7631
165.94545888900757,7630
165.98763799667358,7629
166.09530186653137,7628
166.17946696281433,7627
166.26546573638916,7626
166.30592274665833,7625
166.36183977127075,7624
166.38937401771545,7623
166.45479083061218,7622
166.51784873008728,7621
166.596843957901,7620
166.67334580421448,7619
166.7346978187561,7618
166.81783390045166,7617
166.89965271949768,7616
166.97423696517944,7615
167.03610277175903,7614
167.1535370349884,7613
167.21502685546875,7612
167.28990077972412,7611
167.3989098072052,7610
167.49715995788574,7609
167.61572790145874,7608
167.68839502334595,7607
167.7576298713684,7606
167.81917905807495,7605
167.95203685760498,7604
168.02088689804077,7603
168.13045573234558,7602
168.26086688041687,7601
168.38913679122925,7600
168.48501586914062,7599
168.56250882148743,7598
168.74366998672485,7597
168.93333506584167,7596
169.01426482200623,7595
169.08473086357117,7594
169.1582179069519,7593
169.2658839225769,7592
169.34349584579468,7591
169.40287494659424,7590
169.51152181625366,7589
169.59586191177368,7588
169.78511786460876,7587
169.85492396354675,7586
169.9115228652954,7585
170.01458263397217,7584
170.07231998443604,7583
170.12124967575073,7582
170.23388075828552,7581
170.30763864517212,7580
170.3806688785553,7579
170.48996305465698,7578
170.6310830116272,7577
170.73010087013245,7576
170.77429509162903,7575
170.81787180900574,7574
170.93449187278748,7573
170.9739966392517,7572
171.11331582069397,7571
171.41128969192505,7570
171.48521089553833,7569
171.55303502082825,7568
171.68084573745728,7567
171.8261387348175,7566
172.08458280563354,7565
172.16130995750427,7564
172.25803589820862,7563
172.2858908176422,7562
172.32866191864014,7561
172.48184776306152,7560
172.5612108707428,7559
172.7231800556183,7558
172.88478183746338,7557
172.94159269332886,7556
173.13408780097961,7555
173.2082817554474,7554
173.39424896240234,7553
173.4697139263153,7552
173.69476985931396,7551
173.80706882476807,7550
173.90446782112122,7549
174.00828385353088,7548
174.18175077438354,7547
174.2549409866333,7546
174.40233182907104,7545
174.54865384101868,7544
174.62455987930298,7543
174.77180290222168,7542
174.85728096961975,7541
174.9420177936554,7540
175.0956039428711,7539
175.24077892303467,7538
175.33566689491272,7537
175.46589589118958,7536
175.7071647644043,7535
175.77838277816772,7534
175.91461181640625,7533
175.97599697113037,7532
176.1245448589325,7531
176.2251148223877,7530
176.2808759212494,7529
176.32487988471985,7528
176.76309180259705,7527
176.84330868721008,7526
176.90330982208252,7525
176.97197699546814,7524
177.1168839931488,7523
177.21704983711243,7522
177.30658984184265,7521
177.38943886756897,7520
177.5283739566803,7519
177.65571475028992,7518
177.9926619529724,7517
178.10848999023438,7516
178.14931201934814,7515
178.34917879104614,7514
178.48934769630432,7513
178.52889490127563,7512
178.60660886764526,7511
178.71574878692627,7510
178.7948658466339,7509
178.85479092597961,7508
178.9801800251007,7507
179.06284189224243,7506
179.14801788330078,7505
179.24668288230896,7504
179.33358788490295,7503
179.37273287773132,7502
179.46577787399292,7501
179.60853505134583,7500
179.66997504234314,7499
179.76253271102905,7498
179.84761381149292,7497
179.9509687423706,7496
180.00620985031128,7495
180.06684184074402,7494
180.17691898345947,7493
180.241534948349,7492
180.29956793785095,7491
180.44098591804504,7490
180.5081877708435,7489
180.55360579490662,7488
180.627121925354,7487
180.8216667175293,7486
180.89401078224182,7485
180.97550082206726,7484
181.053062915802,7483
181.14770984649658,7482
181.22500467300415,7481
181.30682706832886,7480
181.35349082946777,7479
181.41937685012817,7478
181.5083258152008,7477
181.67535996437073,7476
181.8174228668213,7475
182.23308801651,7474
182.31200575828552,7473
182.429780960083,7472
182.53760695457458,7471
182.65647387504578,7470
182.73467898368835,7469
183.03507685661316,7468
183.15752291679382,7467
183.2104320526123,7466
183.34228587150574,7465
183.4105007648468,7464
183.5069398880005,7463
183.68374300003052,7462
183.8308608531952,7461
183.85829877853394,7460
184.01498293876648,7459
184.15011191368103,7458
184.19680881500244,7457
184.41653680801392,7456
184.593359708786,7455
184.71900963783264,7454
184.7464509010315,7453
184.82618808746338,7452
184.86922883987427,7451
184.9617269039154,7450
185.03697681427002,7449
185.14223384857178,7448
185.197922706604,7447
185.25712895393372,7446
185.3393349647522,7445
185.4652979373932,7444
185.53906893730164,7443
185.69633889198303,7442
185.7687177658081,7441
185.9816677570343,7440
186.0590398311615,7439
186.1253719329834,7438
186.21518683433533,7437
186.3275909423828,7436
186.52227568626404,7435
186.59143781661987,7434
186.72158002853394,7433
186.80103302001953,7432
186.84577584266663,7431
186.92570686340332,7430
186.99320673942566,7429
187.03425693511963,7428
187.1387677192688,7427
187.27579498291016,7426
187.33633995056152,7425
187.40982389450073,7424
187.5064058303833,7423
187.74529194831848,7422
187.91676688194275,7421
187.99752402305603,7420
188.12672185897827,7419
188.2043740749359,7418
188.354572057724,7417
188.42981481552124,7416
188.5012228488922,7415
188.6045548915863,7414
188.681795835495,7413
188.91101169586182,7412
188.96932101249695,7411
189.0190417766571,7410
189.108140707016,7409
189.3296778202057,7408
189.54596090316772,7407
189.6090099811554,7406
189.68857598304749,7405
189.75165271759033,7404
189.83453583717346,7403
190.0171446800232,7402
190.18428802490234,7401
190.28107976913452,7400
190.36358976364136,7399
190.44373297691345,7398
190.59898400306702,7397
190.7987048625946,7396
190.87043976783752,7395
190.9463348388672,7394
191.01762199401855,7393
191.09625387191772,7392
191.17900276184082,7391
191.3820459842682,7390
191.47361207008362,7389
191.53765678405762,7388
191.6325340270996,7387
191.7147409915924,7386
191.8651478290558,7385
191.97441983222961,7384
192.06681871414185,7383
192.11078786849976,7382
192.2087779045105,7381
192.4231607913971,7380
192.5518798828125,7379
192.61607599258423,7378
192.67018294334412,7377
192.77442479133606,7376
192.95209193229675,7375
193.07674884796143,7374
193.13247799873352,7373
193.20210886001587,7372
193.28840589523315,7371
193.38036584854126,7370
193.4728000164032,7369
193.55575394630432,7368
193.62901496887207,7367
193.74092888832092,7366
193.84330487251282,7365
193.9237277507782,7364
193.99917888641357,7363
194.16167092323303,7362
194.26371479034424,7361
194.34127593040466,7360
194.44778966903687,7359
194.57499980926514,7358
194.69737076759338,7357
194.88252806663513,7356
194.9726619720459,7355
195.1134479045868,7354
195.20591378211975,7353
195.28847789764404,7352
195.3682906627655,7351
195.48418307304382,7350
195.6481227874756,7349
195.70451378822327,7348
195.7878646850586,7347
195.90471076965332,7346
196.14682984352112,7345
196.25491786003113,7344
196.54468083381653,7343
196.60896682739258,7342
196.76011085510254,7341
196.84530377388,7340
196.94159579277039,7339
197.0338089466095,7338
197.11039900779724,7337
197.41293287277222,7336
197.5426230430603,7335
197.71636080741882,7334
197.84385085105896,7333
198.01735281944275,7332
198.1689190864563,7331
198.2471959590912,7330
198.36463689804077,7329
198.4271388053894,7328
198.5107889175415,7327
198.58890795707703,7326
198.67414569854736,7325
198.93413305282593,7324
199.00130987167358,7323
199.06889081001282,7322
199.14426803588867,7321
199.33718299865723,7320
199.4030568599701,7319
199.48885083198547,7318
199.51604080200195,7317
199.57637405395508,7316
199.63857984542847,7315
199.75485491752625,7314
199.8753638267517,7313
199.9028868675232,7312
199.96423292160034,7311
200.03221583366394,7310
200.1465139389038,7309
200.25883984565735,7308
200.286114692688,7307
200.36307382583618,7306
200.46146297454834,7305
200.54013681411743,7304
200.60124897956848,7303
200.66063594818115,7302
200.73967266082764,7301
200.81510400772095,7300
200.97302389144897,7299
201.0606188774109,7298
201.1471438407898,7297
201.25946879386902,7296
201.34016680717468,7295
201.40264987945557,7294
201.54139375686646,7293
201.641432762146,7292
201.74574780464172,7291
201.99322175979614,7290
202.0713517665863,7289
202.1654007434845,7288
202.32559895515442,7287
202.46274304389954,7286
202.52519488334656,7285
202.6128749847412,7284
202.75760579109192,7283
202.82986497879028,7282
202.9068877696991,7281
203.00204396247864,7280
203.07098484039307,7279
203.12953186035156,7278
203.23639178276062,7277
203.31809782981873,7276
203.40293407440186,7275
203.77896881103516,7274
203.9134337902069,7273
203.9946780204773,7272
204.0243420600891,7271
204.0546476840973,7270
204.08497190475464,7269
204.11503267288208,7268
204.14489698410034,7267
204.1748547554016,7266
204.20464897155762,7265
204.26122069358826,7264
204.30861282348633,7263
204.3370168209076,7262
204.3665509223938,7261
204.3964159488678,7260
204.42662405967712,7259
204.45677185058594,7258
204.4866018295288,7257
204.51426577568054,7256
204.54387187957764,7255
204.57350397109985,7254
204.6029827594757,7253
204.63232469558716,7252
204.66154074668884,7251
204.68963885307312,7250
204.71671676635742,7249
204.74389100074768,7248
204.77120089530945,7247
204.79823184013367,7246
204.83867478370667,7245
204.86558485031128,7244
204.89264583587646,7243
204.92000102996826,7242
204.94677877426147,7241
204.97364568710327,7240
205.00078082084656,7239
205.02774667739868,7238
205.05501890182495,7237
205.08214497566223,7236
205.10911178588867,7235
205.1362109184265,7234
205.16308975219727,7233
205.18994784355164,7232
205.21722865104675,7231
205.24414801597595,7230
205.27097392082214,7229
205.2978048324585,7228
205.32459378242493,7227
205.36424493789673,7226
205.39117884635925,7225
205.41876101493835,7224
205.44589185714722,7223
205.47288489341736,7222
205.4998619556427,7221
205.56191778182983,7220
205.58905482292175,7219
205.63835906982422,7218
205.6656618118286,7217
205.69259977340698,7216
205.74512481689453,7215
205.77225708961487,7214
205.79946279525757,7213
205.8264389038086,7212
205.85365295410156,7211
205.88044691085815,7210
205.90739464759827,7209
205.93435072898865,7208
205.9771068096161,7207
206.00463390350342,7206
206.03159976005554,7205
206.0792577266693,7204
206.1062138080597,7203
206.1331877708435,7202
206.16002082824707,7201
206.1868278980255,7200
206.21418976783752,7199
206.24120593070984,7198
206.26839184761047,7197
206.31989789009094,7196
206.34794187545776,7195
206.3761248588562,7194
206.40364694595337,7193
206.43078303337097,7192
206.457701921463,7191
208.33242869377136,7190
208.36048674583435,7189
208.3882176876068,7188
208.41623973846436,7187
208.49170207977295,7186
208.5191879272461,7185
208.54647874832153,7184
208.57388377189636,7183
208.60104489326477,7182
208.62848901748657,7181
208.65648484230042,7180
208.70846390724182,7179
208.7357738018036,7178
208.76284074783325,7177
208.79007387161255,7176
208.8173258304596,7175
208.84424781799316,7174
208.87153267860413,7173
208.91257691383362,7172
208.93942499160767,7171
208.966317653656,7170
208.99337697029114,7169
209.739413022995,7168
210.95591592788696,7167
211.04186177253723,7166
211.20508074760437,7165
211.28148078918457,7164
212.94538974761963,7163
214.28511476516724,7162
214.725656747818,7161
214.95269680023193,7160
214.97956681251526,7159
215.00654792785645,7158
215.0547058582306,7157
215.87863492965698,7156
220.17524790763855,7155
232.2450249195099,7154
232.2731068134308,7153
232.30058598518372,7152
232.3416929244995,7151
232.38789296150208,7150
232.41550278663635,7149
232.44279384613037,7148
232.47009205818176,7147
232.49734497070312,7146
232.5246388912201,7145
232.5519208908081,7144
232.65451073646545,7143
232.6852068901062,7142
232.75286674499512,7141
232.78173899650574,7140
232.809565782547,7139
232.8381109237671,7138
232.86801099777222,7137
232.89821696281433,7136
232.92626690864563,7135
232.99597907066345,7134
233.03060793876648,7133
233.06418371200562,7132
233.12254786491394,7131
233.1565659046173,7130
233.19052982330322,7129
233.2237048149109,7128
233.32851481437683,7127
233.35691380500793,7126
233.5144238471985,7125
