0.0,621840
151.57403373718262,7817
151.57485699653625,7816
151.57777500152588,7815
151.58673787117004,7814
151.5875289440155,7813
151.58871483802795,7812
151.5892300605774,7811
151.58974885940552,7810
151.59616208076477,7809
151.59630680084229,7808
151.59964990615845,7807
151.60138392448425,7806
151.61599683761597,7805
151.61617302894592,7804
151.62176990509033,7803
151.6273009777069,7802
151.63405680656433,7801
151.63668704032898,7800
151.63737893104553,7799
151.64735293388367,7798
151.64830207824707,7797
151.65116596221924,7796
151.65417790412903,7795
151.65661478042603,7794
151.65887308120728,7793
151.6605727672577,7792
151.66198992729187,7791
151.66372084617615,7790
151.6643669605255,7789
151.66575574874878,7788
151.68077993392944,7787
151.6875147819519,7786
151.70144987106323,7785
151.7049949169159,7784
151.7098319530487,7783
151.71146702766418,7782
151.71268892288208,7781
151.71388578414917,7780
151.71615290641785,7779
151.72128677368164,7778
151.72423386573792,7777
151.724369764328,7776
151.72513580322266,7775
151.7285177707672,7774
151.73070001602173,7773
151.7330038547516,7772
151.7334268093109,7771
151.73434114456177,7770
151.76789498329163,7769
151.78970789909363,7768
151.79106092453003,7767
151.79490780830383,7766
151.7972719669342,7765
151.80095982551575,7764
151.80171585083008,7763
151.8021318912506,7762
151.80227088928223,7761
151.80251169204712,7760
151.8084237575531,7759
151.81113386154175,7758
151.81338691711426,7757
151.81928086280823,7756
151.82143211364746,7755
151.8221619129181,7754
151.8252830505371,7753
151.83293986320496,7752
151.8341827392578,7751
151.8365979194641,7750
151.83674693107605,7749
151.8422498703003,7748
151.84391498565674,7747
151.85613489151,7746
151.85712099075317,7745
151.89068269729614,7744
151.8941297531128,7743
151.89520692825317,7742
151.93824791908264,7741
151.93949580192566,7740
151.94367480278015,7739
151.94409894943237,7738
151.9540228843689,7737
151.96118092536926,7736
151.96264791488647,7735
151.97142910957336,7734
151.9722158908844,7733
151.97341990470886,7732
151.9765911102295,7731
151.98608684539795,7730
151.98625779151917,7729
151.98796701431274,7728
151.99376392364502,7727
152.00304985046387,7726
152.0067629814148,7725
152.01533889770508,7724
152.02412796020508,7723
152.02590799331665,7722
152.03011393547058,7721
152.03064894676208,7720
152.0307960510254,7719
152.031977891922,7718
152.0322208404541,7717
152.0600790977478,7716
152.0671579837799,7715
152.0742290019989,7714
152.0745289325714,7713
152.07764792442322,7712
152.07791781425476,7711
152.081120967865,7710
152.08491206169128,7709
152.0888249874115,7708
152.0899670124054,7707
152.1213128566742,7706
152.13320183753967,7705
152.14631485939026,7704
152.14691710472107,7703
152.15079402923584,7702
152.15550899505615,7701
152.156800031662,7700
152.16159677505493,7699
152.16660594940186,7698
152.16795992851257,7697
152.20060896873474,7696
152.2177028656006,7695
152.22225999832153,7694
152.22242188453674,7693
152.22791695594788,7692
152.23237991333008,7691
152.2332317829132,7690
152.2449951171875,7689
152.24904894828796,7688
152.2505989074707,7687
152.25228595733643,7686
152.25482392311096,7685
152.26016187667847,7684
152.26742506027222,7683
152.27579379081726,7682
152.30863404273987,7681
152.36416888237,7680
152.36975407600403,7679
152.37507390975952,7678
152.3879199028015,7677
152.3930149078369,7676
152.3952260017395,7675
152.39881706237793,7674
152.40318489074707,7673
152.42246913909912,7672
152.42596292495728,7671
152.43001699447632,7670
152.4362440109253,7669
152.45427775382996,7668
152.46753978729248,7667
152.47238492965698,7666
152.4731330871582,7665
152.47785091400146,7664
152.48197388648987,7663
152.48419880867004,7662
152.4860908985138,7661
152.48847675323486,7660
152.49658489227295,7659
152.49769806861877,7658
152.51562094688416,7657
152.51807188987732,7656
152.5196180343628,7655
152.5227439403534,7654
152.52748799324036,7653
152.52929186820984,7652
152.5357689857483,7651
152.5380721092224,7650
152.57580280303955,7649
152.5765678882599,7648
152.5832498073578,7647
152.58676195144653,7646
152.59011697769165,7645
152.59179592132568,7644
152.61991596221924,7643
152.63729310035706,7642
152.64230298995972,7641
152.64266109466553,7640
152.64521479606628,7639
152.65235495567322,7638
152.68640685081482,7637
152.72141480445862,7636
152.73293209075928,7635
152.73509097099304,7634
152.7361137866974,7633
152.743989944458,7632
152.7488088607788,7631
152.7569079399109,7630
152.76835894584656,7629
152.77741312980652,7628
152.79271793365479,7627
152.80148696899414,7626
152.8097529411316,7625
152.81083273887634,7624
152.8150999546051,7623
152.81749892234802,7622
152.83250403404236,7621
152.8399841785431,7620
152.8507010936737,7619
152.86548495292664,7618
152.8763461112976,7617
152.87977480888367,7616
152.8943648338318,7615
152.90008997917175,7614
152.90179300308228,7613
152.9182608127594,7612
152.92632603645325,7611
152.9431369304657,7610
152.94485092163086,7609
152.94963192939758,7608
152.953843832016,7607
152.96670579910278,7606
152.9912497997284,7605
152.99251079559326,7604
152.99941873550415,7603
153.00365376472473,7602
153.00671291351318,7601
153.0153079032898,7600
153.0375349521637,7599
153.05561089515686,7598
153.0640571117401,7597
153.06885981559753,7596
153.0717339515686,7595
153.09842896461487,7594
153.1254529953003,7593
153.14018893241882,7592
153.15677213668823,7591
153.18276977539062,7590
153.18367099761963,7589
153.19986200332642,7588
153.2106490135193,7587
153.21309685707092,7586
153.21613192558289,7585
153.21702694892883,7584
153.25440096855164,7583
153.2660310268402,7582
153.29024004936218,7581
153.3315188884735,7580
153.3556787967682,7579
153.35687494277954,7578
153.4308841228485,7577
153.43447089195251,7576
153.44763112068176,7575
153.4545488357544,7574
153.45756578445435,7573
153.46937084197998,7572
153.4695599079132,7571
153.50247287750244,7570
153.5049867630005,7569
153.5179488658905,7568
153.5271270275116,7567
153.56973099708557,7566
153.6011917591095,7565
153.60824012756348,7564
153.6475749015808,7563
153.71655893325806,7562
153.7640528678894,7561
153.8335518836975,7560
153.85654497146606,7559
153.89609789848328,7558
153.9016261100769,7557
153.92457699775696,7556
154.10032677650452,7555
154.2165288925171,7554
154.32453870773315,7553
154.39107203483582,7552
154.45106506347656,7551
154.7866611480713,7550
154.88816690444946,7549
154.92511296272278,7548
154.94723200798035,7547
155.25067377090454,7546
155.38374495506287,7545
155.69316387176514,7544
157.43034887313843,7543
