0.0,982240
223.00306105613708,5792
223.00440907478333,5791
223.00508427619934,5790
223.0059311389923,5789
223.00792503356934,5788
223.0081799030304,5787
223.01570200920105,5786
223.01835012435913,5785
223.02022504806519,5784
223.0217080116272,5783
223.02287220954895,5782
223.02404808998108,5781
223.0264482498169,5780
223.02680110931396,5779
223.03276801109314,5778
223.03393721580505,5777
223.03521609306335,5776
223.03814125061035,5775
223.0412402153015,5774
223.04159426689148,5773
223.0427529811859,5772
223.04342603683472,5771
223.04999804496765,5770
223.05147004127502,5769
223.05201625823975,5768
223.05257511138916,5767
223.05293107032776,5766
223.05429124832153,5765
223.0588641166687,5764
223.059308052063,5763
223.0600781440735,5762
223.0641131401062,5761
223.0666241645813,5760
223.06901717185974,5759
223.07049417495728,5758
223.07206010818481,5757
223.075679063797,5756
223.08156418800354,5755
223.08201813697815,5754
223.08235597610474,5753
223.0866003036499,5752
223.08952617645264,5751
223.09027099609375,5750
223.09104013442993,5749
223.0914821624756,5748
223.09347820281982,5747
223.0940101146698,5746
223.09498023986816,5745
223.0951271057129,5744
223.09837913513184,5743
223.09863924980164,5742
223.10228514671326,5741
223.10254526138306,5740
223.10319304466248,5739
223.10376501083374,5738
223.10624623298645,5737
223.1072072982788,5736
223.10836601257324,5735
223.10972905158997,5734
223.11190915107727,5733
223.11205911636353,5732
223.11279201507568,5731
223.1144733428955,5730
223.11856198310852,5729
223.12053418159485,5728
223.12170004844666,5727
223.12429523468018,5726
223.1286871433258,5725
223.13107919692993,5724
223.13192129135132,5723
223.13279628753662,5722
223.13547611236572,5721
223.14131927490234,5720
223.14175629615784,5719
223.14990305900574,5718
223.15179109573364,5717
223.15567421913147,5716
223.15815019607544,5715
223.15862131118774,5714
223.15967893600464,5713
223.1627902984619,5712
223.16363215446472,5711
223.16532826423645,5710
223.17145609855652,5709
223.17313408851624,5708
223.1742811203003,5707
223.1760551929474,5706
223.17675805091858,5705
223.17712831497192,5704
223.17838525772095,5703
223.178542137146,5702
223.1826832294464,5701
223.1838710308075,5700
223.18676090240479,5699
223.19545602798462,5698
223.19652605056763,5697
223.19831705093384,5696
223.19936728477478,5695
223.1999249458313,5694
223.20554423332214,5693
223.2078251838684,5692
223.20828008651733,5691
223.21297526359558,5690
223.21444821357727,5689
223.21562314033508,5688
223.22163724899292,5687
223.22289729118347,5686
223.22334718704224,5685
223.22632908821106,5684
223.2291362285614,5683
223.22938418388367,5682
223.23151302337646,5681
223.23289322853088,5680
223.23363614082336,5679
223.23408722877502,5678
223.23432326316833,5677
223.23527216911316,5676
223.23797821998596,5675
223.2398521900177,5674
223.24101614952087,5673
223.24219417572021,5672
223.24481010437012,5671
223.24688935279846,5670
223.2480592727661,5669
223.25002026557922,5668
223.25067710876465,5667
223.25244617462158,5666
223.2552251815796,5665
223.2558741569519,5664
223.2576403617859,5663
223.25838613510132,5662
223.27271604537964,5661
223.27419519424438,5660
223.27454733848572,5659
223.27600932121277,5658
223.27668023109436,5657
223.2784321308136,5656
223.28521609306335,5655
223.2860610485077,5654
223.28742027282715,5653
223.29027104377747,5652
223.29233932495117,5651
223.29641437530518,5650
223.29966807365417,5649
223.3001081943512,5648
223.3008840084076,5647
223.30193209648132,5646
223.30701327323914,5645
223.30805706977844,5644
223.3084032535553,5643
223.30964517593384,5642
223.32046103477478,5641
223.32162523269653,5640
223.32396912574768,5639
223.3248200416565,5638
223.3249671459198,5637
223.32520413398743,5636
223.32535123825073,5635
223.33275413513184,5634
223.33439993858337,5633
223.33938717842102,5632
223.3443603515625,5631
223.35632014274597,5630
223.36067032814026,5629
223.36112928390503,5628
223.36257004737854,5627
223.36602592468262,5626
223.36656403541565,5625
223.3726363182068,5624
223.37518310546875,5623
223.37543606758118,5622
223.3765561580658,5621
223.3829071521759,5620
223.3843641281128,5619
223.38753628730774,5618
223.3881800174713,5617
223.39103412628174,5616
223.39466905593872,5615
223.3987171649933,5614
223.40234804153442,5613
223.40310406684875,5612
223.40405130386353,5611
223.40419912338257,5610
223.40443801879883,5609
223.40538716316223,5608
223.4056372642517,5607
223.40617418289185,5606
223.41000699996948,5605
223.41285395622253,5604
223.41340327262878,5603
223.4147400856018,5602
223.41638112068176,5601
223.4204981327057,5600
223.42813420295715,5599
223.43268704414368,5598
223.43373012542725,5597
223.43477034568787,5596
223.43620705604553,5595
223.43773794174194,5594
223.44517397880554,5593
223.446631193161,5592
223.44727611541748,5591
223.44771194458008,5590
223.45336818695068,5589
223.4543101787567,5588
223.45455408096313,5587
223.4547882080078,5586
223.4563992023468,5585
223.45787119865417,5584
223.4581160545349,5583
223.46051025390625,5582
223.46228098869324,5581
223.46251320838928,5580
223.4688413143158,5579
223.47059035301208,5578
223.47173309326172,5577
223.47925925254822,5576
223.48237705230713,5575
223.4832592010498,5574
223.48469614982605,5573
223.4853401184082,5572
223.48657822608948,5571
223.49160313606262,5570
223.49502897262573,5569
223.49734234809875,5568
223.49799299240112,5567
223.5014181137085,5566
223.50165915489197,5565
223.51227712631226,5564
223.5135371685028,5563
223.5154001712799,5562
223.51575231552124,5561
223.51628518104553,5560
223.52037811279297,5559
223.52182507514954,5558
223.52318120002747,5557
223.5243091583252,5556
223.52654790878296,5555
223.52669525146484,5554
223.5294063091278,5553
223.5307641029358,5552
223.54168820381165,5551
223.5505871772766,5550
223.56147933006287,5549
223.56242108345032,5548
223.56555223464966,5547
223.56571316719055,5546
223.5667450428009,5545
223.5673930644989,5544
223.57295632362366,5543
223.57685017585754,5542
223.58783221244812,5541
223.5917820930481,5540
223.5937101840973,5539
223.59416127204895,5538
223.59489011764526,5537
223.6018102169037,5536
223.60422706604004,5535
223.60478734970093,5534
223.60898613929749,5533
223.61251521110535,5532
223.61835527420044,5531
223.61890625953674,5530
223.61973404884338,5529
223.6244671344757,5528
223.62540912628174,5527
223.6306381225586,5526
223.637038230896,5525
223.64398217201233,5524
223.64501190185547,5523
223.6485743522644,5522
223.65602827072144,5521
223.6567780971527,5520
223.658105134964,5519
223.65886116027832,5518
223.66038513183594,5517
223.66083931922913,5516
223.66461896896362,5515
223.66812801361084,5514
223.66983604431152,5513
223.67268133163452,5512
223.67360424995422,5511
223.67456316947937,5510
223.67648720741272,5509
223.6770350933075,5508
223.67849326133728,5507
223.6788432598114,5506
223.68017721176147,5505
223.68135023117065,5504
223.68207836151123,5503
223.69286918640137,5502
223.69341111183167,5501
223.6978280544281,5500
223.69905614852905,5499
223.70031309127808,5498
223.7016372680664,5497
223.7059290409088,5496
223.70665502548218,5495
223.70739817619324,5494
223.71091604232788,5493
223.71276021003723,5492
223.7145721912384,5491
223.71907925605774,5490
223.7195062637329,5489
223.7241232395172,5488
223.72674918174744,5487
223.7300763130188,5486
223.73330092430115,5485
223.73556208610535,5484
223.73728108406067,5483
223.74695014953613,5482
223.7500650882721,5481
223.75823998451233,5480
223.75878310203552,5479
223.75893712043762,5478
223.76543831825256,5477
223.7660973072052,5476
223.77087998390198,5475
223.77706599235535,5474
223.7804811000824,5473
223.78093314170837,5472
223.78146815299988,5471
223.7824101448059,5470
223.78580522537231,5469
223.78792905807495,5468
223.7893521785736,5467
223.7935390472412,5466
223.7940752506256,5465
223.79658317565918,5464
223.8000943660736,5463
223.8068790435791,5462
223.81201100349426,5461
223.81621408462524,5460
223.8251690864563,5459
223.8269031047821,5458
223.8322160243988,5457
223.83394622802734,5456
223.83674216270447,5455
223.83767700195312,5454
223.83910393714905,5453
223.84033513069153,5452
223.8431191444397,5451
223.84642505645752,5450
223.85188817977905,5449
223.8528413772583,5448
223.85693526268005,5447
223.85787224769592,5446
223.86047101020813,5445
223.86543011665344,5444
223.86980605125427,5443
223.8728063106537,5442
223.87491607666016,5441
223.87696933746338,5440
223.8791811466217,5439
223.87932801246643,5438
223.8798611164093,5437
223.88209009170532,5436
223.8828248977661,5435
223.88555598258972,5434
223.8961660861969,5433
223.89631819725037,5432
223.90104913711548,5431
223.9017951488495,5430
223.90643310546875,5429
223.9129831790924,5428
223.91480493545532,5427
223.91584825515747,5426
223.92048525810242,5425
223.92606902122498,5424
223.93454718589783,5423
223.95089101791382,5422
223.95193123817444,5421
223.95298719406128,5420
223.95626020431519,5419
223.95915913581848,5418
223.96155428886414,5417
223.96719002723694,5416
223.9696969985962,5415
223.974454164505,5414
223.97804522514343,5413
223.97849702835083,5412
223.98449516296387,5411
223.98505425453186,5410
223.98725605010986,5409
224.0009069442749,5408
224.014475107193,5407
224.01472997665405,5406
224.02459907531738,5405
224.0267310142517,5404
224.0277659893036,5403
224.02940011024475,5402
224.0325891971588,5401
224.03671503067017,5400
224.04167819023132,5399
224.04704117774963,5398
224.05432319641113,5397
224.05447602272034,5396
224.0550410747528,5395
224.05538821220398,5394
224.0618119239807,5393
224.0646641254425,5392
224.0689241886139,5391
224.07166719436646,5390
224.07725429534912,5389
224.07837915420532,5388
224.08159732818604,5387
224.0874421596527,5386
224.0882670879364,5385
224.09497594833374,5384
224.09843826293945,5383
224.09985995292664,5382
224.10128927230835,5381
224.10397624969482,5380
224.10735726356506,5379
224.10809016227722,5378
224.11517000198364,5377
224.1265332698822,5376
224.14003920555115,5375
224.14695024490356,5374
224.156503200531,5373
224.16459226608276,5372
224.1698522567749,5371
224.1904492378235,5370
224.19181203842163,5369
224.19715404510498,5368
224.19749808311462,5367
224.20247220993042,5366
224.20843815803528,5365
224.21162819862366,5364
224.2142391204834,5363
224.2178990840912,5362
224.22138500213623,5361
224.22474217414856,5360
224.22518706321716,5359
224.22728395462036,5358
224.22861695289612,5357
224.22885918617249,5356
224.23568511009216,5355
224.2383999824524,5354
224.2393352985382,5353
224.24231219291687,5352
224.2439341545105,5351
224.25328421592712,5350
224.25545120239258,5349
224.25590229034424,5348
224.25897216796875,5347
224.2651491165161,5346
224.26908206939697,5345
224.2937731742859,5344
224.3022952079773,5343
224.30244517326355,5342
224.3161599636078,5341
224.3172001838684,5340
224.32220125198364,5339
224.32469511032104,5338
224.32579922676086,5337
224.32732224464417,5336
224.33154320716858,5335
224.33433508872986,5334
224.33779096603394,5333
224.33930110931396,5332
224.34196710586548,5331
224.34559726715088,5330
224.34631824493408,5329
224.34695291519165,5328
224.34775924682617,5327
224.34985423088074,5326
224.35532999038696,5325
224.36245822906494,5324
224.37200212478638,5323
224.37245917320251,5322
224.37629628181458,5321
224.38390922546387,5320
224.38482308387756,5319
224.39079117774963,5318
224.392094373703,5317
224.40646815299988,5316
224.41318702697754,5315
224.42436122894287,5314
224.43821001052856,5313
224.44022130966187,5312
224.45650506019592,5311
224.4570550918579,5310
224.467844247818,5309
224.46829628944397,5308
224.47008895874023,5307
224.4785192012787,5306
224.49171113967896,5305
224.50774812698364,5304
224.5115990638733,5303
224.5132131576538,5302
224.5138339996338,5301
224.51565527915955,5300
224.52084112167358,5299
224.52664399147034,5298
224.53027415275574,5297
224.53565216064453,5296
224.53851532936096,5295
224.54090213775635,5294
224.5463421344757,5293
224.54688906669617,5292
224.54799008369446,5291
224.5540542602539,5290
224.55496215820312,5289
224.55773210525513,5288
224.5597951412201,5287
224.56543898582458,5286
224.5690779685974,5285
224.56982111930847,5284
224.57053899765015,5283
224.57322311401367,5282
224.58384823799133,5281
224.59398818016052,5280
224.59668612480164,5279
224.60013103485107,5278
224.6003770828247,5277
224.60628724098206,5276
224.6150062084198,5275
224.6222152709961,5274
224.6323640346527,5273
224.64103507995605,5272
224.64872407913208,5271
224.65647101402283,5270
224.66100311279297,5269
224.66261315345764,5268
224.6637260913849,5267
224.68824315071106,5266
224.68906426429749,5265
224.7026710510254,5264
224.70349526405334,5263
224.70878529548645,5262
224.71301913261414,5261
224.72190523147583,5260
224.72214818000793,5259
224.73223495483398,5258
224.73595905303955,5257
224.73697924613953,5256
224.74371194839478,5255
224.74617218971252,5254
224.7484359741211,5253
224.7518491744995,5252
224.75449013710022,5251
224.7665820121765,5250
224.7817142009735,5249
224.78496313095093,5248
224.79436421394348,5247
224.79769325256348,5246
224.80237913131714,5245
224.80456113815308,5244
224.80576610565186,5243
224.80696821212769,5242
224.81685304641724,5241
224.8171923160553,5240
224.81886529922485,5239
224.8269031047821,5238
224.8291792869568,5237
224.83540511131287,5236
224.84949707984924,5235
224.85052704811096,5234
224.85734605789185,5233
224.8591480255127,5232
224.8742551803589,5231
224.8750901222229,5230
224.87754321098328,5229
224.87913703918457,5228
224.89398503303528,5227
224.89463114738464,5226
224.8972771167755,5225
224.90409421920776,5224
224.9043309688568,5223
224.90861010551453,5222
224.91339325904846,5221
224.91527009010315,5220
224.92309617996216,5219
224.92556619644165,5218
224.92610096931458,5217
224.93181896209717,5216
224.93245315551758,5215
224.93288111686707,5214
224.9366912841797,5213
224.9432761669159,5212
224.95166730880737,5211
224.96090817451477,5210
224.96383619308472,5209
224.9660882949829,5208
224.97171711921692,5207
224.98136115074158,5206
224.99111008644104,5205
225.01039719581604,5204
225.01819229125977,5203
225.01882600784302,5202
225.02377128601074,5201
225.03090715408325,5200
225.0359239578247,5199
225.0537941455841,5198
225.0655722618103,5197
225.0721399784088,5196
225.07402515411377,5195
225.07590413093567,5194
225.07963013648987,5193
225.08236122131348,5192
225.08403420448303,5191
225.0855312347412,5190
225.08740210533142,5189
225.09185409545898,5188
225.09228110313416,5187
225.09387111663818,5186
225.09516429901123,5185
225.09654808044434,5184
225.1227171421051,5183
225.12813806533813,5182
225.14018607139587,5181
225.15430307388306,5180
225.16222310066223,5179
225.171884059906,5178
225.17433428764343,5177
225.17535305023193,5176
225.17983317375183,5175
225.18074917793274,5174
225.1827199459076,5173
225.182950258255,5172
225.18602013587952,5171
225.1926372051239,5170
225.20672821998596,5169
225.20787024497986,5168
225.21307110786438,5167
225.214093208313,5166
225.21433210372925,5165
225.22154712677002,5164
225.22266507148743,5163
225.22687101364136,5162
225.23438000679016,5161
225.24113607406616,5160
225.248526096344,5159
225.25404620170593,5158
225.2622709274292,5157
225.28105807304382,5156
225.36212921142578,5155
225.36798119544983,5154
225.36910724639893,5153
225.3752760887146,5152
225.38575625419617,5151
225.3989372253418,5150
225.40470123291016,5149
225.40612602233887,5148
225.4236831665039,5147
225.4332001209259,5146
225.44413423538208,5145
225.451425075531,5144
225.46020603179932,5143
225.48215126991272,5142
225.49365305900574,5141
225.49815225601196,5140
225.5094609260559,5139
225.5124270915985,5138
225.51594519615173,5137
225.53369116783142,5136
225.5345160961151,5135
225.5369951725006,5134
225.54951119422913,5133
225.5500521659851,5132
225.56334733963013,5131
225.5651502609253,5130
225.56817412376404,5129
225.58292603492737,5128
225.6195740699768,5127
225.62446999549866,5126
225.66280698776245,5125
225.67232203483582,5124
225.67689609527588,5123
225.68874526023865,5122
225.6963291168213,5121
225.69716095924377,5120
225.70333623886108,5119
225.73292422294617,5118
225.73912024497986,5117
225.7445890903473,5116
225.75716924667358,5115
225.77495336532593,5114
225.7784881591797,5113
225.7837631702423,5112
225.7904622554779,5111
225.7980260848999,5110
225.79961323738098,5109
225.80839824676514,5108
225.8397901058197,5107
225.8489179611206,5106
225.85643815994263,5105
225.86315536499023,5104
225.86474227905273,5103
225.88209629058838,5102
225.89377522468567,5101
225.8980679512024,5100
225.92821311950684,5099
225.9408860206604,5098
225.94344329833984,5097
225.9490213394165,5096
225.95457100868225,5095
225.96628403663635,5094
225.98886609077454,5093
225.99239015579224,5092
225.99899220466614,5091
226.00683903694153,5090
226.0159420967102,5089
226.05753326416016,5088
226.05768394470215,5087
226.05842924118042,5086
226.09033012390137,5085
226.09213733673096,5084
226.10323214530945,5083
226.10558414459229,5082
226.10717511177063,5081
226.13851714134216,5080
226.14195203781128,5079
226.1934871673584,5078
226.19843912124634,5077
226.20957803726196,5076
226.22323036193848,5075
226.2275230884552,5074
226.22921919822693,5073
226.2300260066986,5072
226.26089596748352,5071
226.2653031349182,5070
226.2725522518158,5069
226.29141807556152,5068
226.3165431022644,5067
226.35781621932983,5066
226.36104226112366,5065
226.36825227737427,5064
226.3807671070099,5063
226.38403034210205,5062
226.3845613002777,5061
226.3938660621643,5060
226.39478015899658,5059
226.41009402275085,5058
226.4106261730194,5057
226.49636507034302,5056
226.5502371788025,5055
226.55903315544128,5054
226.58473706245422,5053
226.6703622341156,5052
226.67670512199402,5051
226.68085312843323,5050
226.7071030139923,5049
226.79636931419373,5048
226.8170690536499,5047
226.8429582118988,5046
226.86508703231812,5045
226.86687994003296,5044
226.89797806739807,5043
226.97682309150696,5042
226.9782190322876,5041
226.98792600631714,5040
227.13945126533508,5039
227.2298560142517,5038
227.25593495368958,5037
227.32301902770996,5036
227.33104515075684,5035
227.35275220870972,5034
227.3698229789734,5033
227.37730813026428,5032
227.44496512413025,5031
227.4577600955963,5030
227.4645881652832,5029
227.48768711090088,5028
227.50724506378174,5027
227.5204360485077,5026
227.52783203125,5025
227.54111409187317,5024
227.5841190814972,5023
227.60768103599548,5022
227.73405814170837,5021
227.74451398849487,5020
227.75847220420837,5019
227.76406121253967,5018
227.76832008361816,5017
227.7749502658844,5016
227.81401801109314,5015
227.8313992023468,5014
228.1412432193756,5013
228.17327213287354,5012
228.34017610549927,5011
228.34400510787964,5010
228.4239661693573,5009
228.5567111968994,5008
228.76026511192322,5007
229.32582235336304,5006
229.59205198287964,5005
229.6387791633606,5004
229.6715931892395,5003
229.7016031742096,5002
229.90046429634094,5001
230.02857112884521,5000
230.55286502838135,4999
230.77572298049927,4998
230.8736641407013,4997
