0.0,982240
222.24391722679138,6483
222.24605107307434,6482
222.24729299545288,6481
222.24876427650452,6480
222.2499189376831,6479
222.2522361278534,6478
222.25262212753296,6477
222.2537591457367,6476
222.25446724891663,6475
222.25612592697144,6474
222.25795817375183,6473
222.26007413864136,6472
222.2605631351471,6471
222.26221919059753,6470
222.26282334327698,6469
222.2652611732483,6468
222.26553297042847,6467
222.2659032344818,6466
222.26617217063904,6465
222.26633310317993,6464
222.26659202575684,6463
222.26675510406494,6462
222.27162909507751,6461
222.2722110748291,6460
222.2724871635437,6459
222.27286314964294,6458
222.27601623535156,6457
222.27629113197327,6456
222.27711415290833,6455
222.27738904953003,6454
222.28105807304382,6453
222.28231716156006,6452
222.28267908096313,6451
222.2847752571106,6450
222.2863643169403,6449
222.28868103027344,6448
222.29024720191956,6447
222.29095602035522,6446
222.2915530204773,6445
222.2920331954956,6444
222.2930293083191,6443
222.2938621044159,6442
222.29587507247925,6441
222.2966022491455,6440
222.2970952987671,6439
222.2982132434845,6438
222.29936909675598,6437
222.29962015151978,6436
222.30107021331787,6435
222.30300498008728,6434
222.30547094345093,6433
222.30948519706726,6432
222.30996417999268,6431
222.31105732917786,6430
222.31154823303223,6429
222.31247806549072,6428
222.31273913383484,6427
222.31449222564697,6426
222.31574511528015,6425
222.3163251876831,6424
222.3171682357788,6423
222.31732726097107,6422
222.31779503822327,6421
222.31915593147278,6420
222.3196370601654,6419
222.32024812698364,6418
222.32242012023926,6417
222.32280921936035,6416
222.32328128814697,6415
222.32365798950195,6414
222.32627820968628,6413
222.32655310630798,6412
222.32702708244324,6411
222.32872605323792,6410
222.32920217514038,6409
222.33153629302979,6408
222.3329951763153,6407
222.3340139389038,6406
222.3375313282013,6405
222.33802008628845,6404
222.3409242630005,6403
222.3417191505432,6402
222.3420271873474,6401
222.34375715255737,6400
222.34474802017212,6399
222.34497809410095,6398
222.3463010787964,6397
222.34648513793945,6396
222.34694409370422,6395
222.34792804718018,6394
222.35173106193542,6393
222.3519082069397,6392
222.3531711101532,6391
222.35404324531555,6390
222.35495400428772,6389
222.35525727272034,6388
222.3567349910736,6387
222.35691809654236,6386
222.35709595680237,6385
222.35755014419556,6384
222.36037015914917,6383
222.3615119457245,6382
222.36444330215454,6381
222.36512899398804,6380
222.36564826965332,6379
222.36668610572815,6378
222.36743211746216,6377
222.36789417266846,6376
222.36842799186707,6375
222.36888599395752,6374
222.37107610702515,6373
222.37695002555847,6372
222.37743997573853,6371
222.37861704826355,6370
222.38017106056213,6369
222.38576102256775,6368
222.3883762359619,6367
222.39037799835205,6366
222.3916449546814,6365
222.39268922805786,6364
222.3934290409088,6363
222.39455699920654,6362
222.40021514892578,6361
222.40112733840942,6360
222.4040870666504,6359
222.40437197685242,6358
222.40597414970398,6357
222.41021513938904,6356
222.41144514083862,6355
222.4117193222046,6354
222.41261911392212,6353
222.41278219223022,6352
222.41427612304688,6351
222.41646909713745,6350
222.41710805892944,6349
222.41780400276184,6348
222.41832494735718,6347
222.41880702972412,6346
222.419331073761,6345
222.42245721817017,6344
222.42287015914917,6343
222.42366909980774,6342
222.4247350692749,6341
222.4254331588745,6340
222.42569303512573,6339
222.42584705352783,6338
222.42664313316345,6337
222.43763828277588,6336
222.44049715995789,6335
222.44150710105896,6334
222.4428732395172,6333
222.44814801216125,6332
222.4485640525818,6331
222.44905400276184,6330
222.4493260383606,6329
222.4559440612793,6328
222.46047711372375,6327
222.46259713172913,6326
222.46499729156494,6325
222.46658897399902,6324
222.46728515625,6323
222.46769833564758,6322
222.46796703338623,6321
222.47005605697632,6320
222.47021913528442,6319
222.47095704078674,6318
222.47112131118774,6317
222.47378826141357,6316
222.47544813156128,6315
222.4767119884491,6314
222.47750806808472,6313
222.47792625427246,6312
222.4784061908722,6311
222.4791328907013,6310
222.47940516471863,6309
222.48050618171692,6308
222.48267912864685,6307
222.4832022190094,6306
222.48612928390503,6305
222.4864501953125,6304
222.48682022094727,6303
222.48770904541016,6302
222.4902970790863,6301
222.49087619781494,6300
222.49169421195984,6299
222.49260210990906,6298
222.49405527114868,6297
222.49442505836487,6296
222.49574089050293,6295
222.50035095214844,6294
222.5007221698761,6293
222.50220227241516,6292
222.5024631023407,6291
222.50277829170227,6290
222.50552606582642,6289
222.50591206550598,6288
222.5062291622162,6287
222.50782012939453,6286
222.50798106193542,6285
222.50914216041565,6284
222.51028609275818,6283
222.5104410648346,6282
222.512109041214,6281
222.51259231567383,6280
222.5158829689026,6279
222.51637411117554,6278
222.51689291000366,6277
222.51759004592896,6276
222.51875519752502,6275
222.5191261768341,6274
222.52201128005981,6273
222.52356910705566,6272
222.5258800983429,6271
222.52788710594177,6270
222.52986025810242,6269
222.53633904457092,6268
222.5376079082489,6267
222.5386312007904,6266
222.53878712654114,6265
222.5400562286377,6264
222.54129219055176,6263
222.54351806640625,6262
222.54422307014465,6261
222.54537916183472,6260
222.5461802482605,6259
222.548091173172,6258
222.5502781867981,6257
222.55334401130676,6256
222.55469608306885,6255
222.55484795570374,6254
222.55515599250793,6253
222.55682110786438,6252
222.55776405334473,6251
222.56025505065918,6250
222.56042218208313,6249
222.56190013885498,6248
222.5632209777832,6247
222.56397795677185,6246
222.56434726715088,6245
222.5655071735382,6244
222.5677740573883,6243
222.574627161026,6242
222.5767822265625,6241
222.5823061466217,6240
222.58446216583252,6239
222.58520603179932,6238
222.5860092639923,6237
222.5865342617035,6236
222.5894341468811,6235
222.5933482646942,6234
222.59361624717712,6233
222.59462928771973,6232
222.59866333007812,6231
222.5998411178589,6230
222.60452008247375,6229
222.60648703575134,6228
222.60697293281555,6227
222.60866618156433,6226
222.6089301109314,6225
222.60957217216492,6224
222.60973000526428,6223
222.61015820503235,6222
222.61381912231445,6221
222.61403703689575,6220
222.61441898345947,6219
222.61457109451294,6218
222.61791324615479,6217
222.61893510818481,6216
222.6195719242096,6215
222.61993598937988,6214
222.6201422214508,6213
222.62545609474182,6212
222.6278531551361,6211
222.62943315505981,6210
222.6297001838684,6209
222.63023018836975,6208
222.63303112983704,6207
222.63642716407776,6206
222.63784909248352,6205
222.6381630897522,6204
222.63889718055725,6203
222.639906167984,6202
222.64128518104553,6201
222.64261102676392,6200
222.64449524879456,6199
222.64518213272095,6198
222.64655900001526,6197
222.6472511291504,6196
222.64935302734375,6195
222.65109515190125,6194
222.6543800830841,6193
222.65665411949158,6192
222.65759420394897,6191
222.65786719322205,6190
222.659912109375,6189
222.66050100326538,6188
222.66091513633728,6187
222.66714334487915,6186
222.66797590255737,6185
222.67263793945312,6184
222.67316317558289,6183
222.67447113990784,6182
222.67541193962097,6181
222.67556524276733,6180
222.67577028274536,6179
222.6762351989746,6178
222.67872214317322,6177
222.6793520450592,6176
222.67960906028748,6175
222.68839502334595,6174
222.68877530097961,6173
222.6890470981598,6172
222.69130396842957,6171
222.6924171447754,6170
222.69324803352356,6169
222.69508719444275,6168
222.69524717330933,6167
222.69843411445618,6166
222.69955110549927,6165
222.70113801956177,6164
222.7051122188568,6163
222.70551824569702,6162
222.70600700378418,6161
222.7069592475891,6160
222.70713710784912,6159
222.70739316940308,6158
222.70780420303345,6157
222.70817732810974,6156
222.70943427085876,6155
222.71064925193787,6154
222.71631908416748,6153
222.71868419647217,6152
222.72107124328613,6151
222.721449136734,6150
222.7218623161316,6149
222.72764611244202,6148
222.72827124595642,6147
222.72918605804443,6146
222.7293360233307,6145
222.730544090271,6144
222.73270416259766,6143
222.73520612716675,6142
222.7358000278473,6141
222.73600912094116,6140
222.7368540763855,6139
222.73775100708008,6138
222.73826909065247,6137
222.74031114578247,6136
222.7408299446106,6135
222.74298214912415,6134
222.74339723587036,6133
222.74376821517944,6132
222.7460811138153,6131
222.74707007408142,6130
222.7507791519165,6129
222.75348830223083,6128
222.75868797302246,6127
222.7591631412506,6126
222.7598900794983,6125
222.7600440979004,6124
222.76268315315247,6123
222.76328110694885,6122
222.766615152359,6121
222.76876711845398,6120
222.76970410346985,6119
222.77258801460266,6118
222.7734191417694,6117
222.77479600906372,6116
222.77624607086182,6115
222.7768270969391,6114
222.77930402755737,6113
222.7836720943451,6112
222.78450417518616,6111
222.78550100326538,6110
222.78565406799316,6109
222.78580808639526,6108
222.7863781452179,6107
222.78669428825378,6106
222.78753519058228,6105
222.7877960205078,6104
222.78880405426025,6103
222.78928112983704,6102
222.79454517364502,6101
222.79516696929932,6100
222.79605102539062,6099
222.7997272014618,6098
222.80056309700012,6097
222.80115008354187,6096
222.80208730697632,6095
222.80255007743835,6094
222.8030710220337,6093
222.80604219436646,6092
222.8069770336151,6091
222.80754709243774,6090
222.80827116966248,6089
222.8088400363922,6088
222.80937123298645,6087
222.81015825271606,6086
222.81366205215454,6085
222.8151831626892,6084
222.81695222854614,6083
222.8180410861969,6082
222.81824898719788,6081
222.8194661140442,6080
222.82078313827515,6079
222.82160997390747,6078
222.82333326339722,6077
222.82716488838196,6076
222.830961227417,6075
222.83263206481934,6074
222.83279013633728,6073
222.83330821990967,6072
222.83524417877197,6071
222.83550810813904,6070
222.83735132217407,6069
222.8399212360382,6068
222.8405420780182,6067
222.84121918678284,6066
222.84262418746948,6065
222.84288811683655,6064
222.84623408317566,6063
222.84787821769714,6062
222.8492271900177,6061
222.8503291606903,6060
222.85126519203186,6059
222.85354924201965,6058
222.85460114479065,6057
222.8553762435913,6056
222.8564112186432,6055
222.86064791679382,6054
222.86137127876282,6053
222.86235404014587,6052
222.86338305473328,6051
222.8641562461853,6050
222.8689353466034,6049
222.86982822418213,6048
222.8709990978241,6047
222.8729212284088,6046
222.88149499893188,6045
222.88232517242432,6044
222.88685607910156,6043
222.88953804969788,6042
222.89062809944153,6041
222.89165806770325,6040
222.8929579257965,6039
222.8965802192688,6038
222.89684414863586,6037
222.89959502220154,6036
222.89986515045166,6035
222.90695023536682,6034
222.91021609306335,6033
222.91165590286255,6032
222.9127631187439,6031
222.91410517692566,6030
222.91509199142456,6029
222.91612696647644,6028
222.92085313796997,6027
222.9212610721588,6026
222.92593717575073,6025
222.92695927619934,6024
222.92722725868225,6023
222.930251121521,6022
222.9335160255432,6021
222.93506813049316,6020
222.93522095680237,6019
222.9365861415863,6018
222.93778109550476,6017
222.94004917144775,6016
222.9410262107849,6015
222.94309401512146,6014
222.94355607032776,6013
222.94467401504517,6012
222.946387052536,6011
222.94659423828125,6010
222.94825220108032,6009
222.9495542049408,6008
222.9527711868286,6007
222.95436811447144,6006
222.95467615127563,6005
222.95514011383057,6004
222.95570516586304,6003
222.95622205734253,6002
222.95729303359985,6001
222.95790815353394,6000
222.96079325675964,5999
222.96387934684753,5998
222.9658761024475,5997
222.966215133667,5996
222.96636700630188,5995
222.9690420627594,5994
222.97521114349365,5993
222.9758279323578,5992
222.97804427146912,5991
222.97990107536316,5990
222.98241209983826,5989
222.98354816436768,5988
222.9841091632843,5987
222.98535299301147,5986
222.98665308952332,5985
222.98686122894287,5984
222.98815417289734,5983
222.99110412597656,5982
222.99234008789062,5981
222.99290227890015,5980
222.99331712722778,5979
222.99347114562988,5978
222.99414610862732,5977
222.99512720108032,5976
222.99686408042908,5975
223.00280618667603,5974
223.00352907180786,5973
223.00430917739868,5972
223.00903916358948,5971
223.01136207580566,5970
223.0146381855011,5969
223.02062511444092,5968
223.02318120002747,5967
223.02333998680115,5966
223.02524423599243,5965
223.0255150794983,5964
223.0266501903534,5963
223.02680611610413,5962
223.02742409706116,5961
223.02757930755615,5960
223.0340061187744,5959
223.03656196594238,5958
223.03946614265442,5957
223.04128313064575,5956
223.0477192401886,5955
223.05045413970947,5954
223.05067110061646,5953
223.05333828926086,5952
223.0544171333313,5951
223.0559470653534,5950
223.06202602386475,5949
223.0650041103363,5948
223.06863117218018,5947
223.06976103782654,5946
223.07788228988647,5945
223.0781970024109,5944
223.07834815979004,5943
223.0807421207428,5942
223.08152508735657,5941
223.08389401435852,5940
223.0841579437256,5939
223.08570313453674,5938
223.0873100757599,5937
223.08825516700745,5936
223.08933925628662,5935
223.08995008468628,5934
223.09206295013428,5933
223.0924789905548,5932
223.0941891670227,5931
223.100506067276,5930
223.10180616378784,5929
223.10211825370789,5928
223.10526704788208,5927
223.1054332256317,5926
223.10951709747314,5925
223.1099841594696,5924
223.1140332221985,5923
223.11500906944275,5922
223.11593222618103,5921
223.11774516105652,5920
223.1182541847229,5919
223.11860918998718,5918
223.1189091205597,5917
223.11928296089172,5916
223.11953616142273,5915
223.1208770275116,5914
223.12185215950012,5913
223.12330603599548,5912
223.12510704994202,5911
223.12677097320557,5910
223.12754607200623,5909
223.13290810585022,5908
223.13450407981873,5907
223.13746905326843,5906
223.14191007614136,5905
223.14303517341614,5904
223.1431860923767,5903
223.1436049938202,5902
223.1450092792511,5901
223.146968126297,5900
223.14774203300476,5899
223.14856028556824,5898
223.149019241333,5897
223.15005111694336,5896
223.15310311317444,5895
223.156316280365,5894
223.15865015983582,5893
223.16270518302917,5892
223.16399908065796,5891
223.1721260547638,5890
223.17836213111877,5889
223.18021416664124,5888
223.18139910697937,5887
223.1850790977478,5886
223.18747901916504,5885
223.18941593170166,5884
223.1930329799652,5883
223.19374895095825,5882
223.19612431526184,5881
223.19932007789612,5880
223.19998908042908,5879
223.2003960609436,5878
223.2041358947754,5877
223.2056691646576,5876
223.20593118667603,5875
223.20662093162537,5874
223.21771025657654,5873
223.21913719177246,5872
223.22052931785583,5871
223.22316908836365,5870
223.2271990776062,5869
223.2276029586792,5868
223.22995710372925,5867
223.2323021888733,5866
223.2336781024933,5865
223.234295129776,5864
223.2364900112152,5863
223.237694978714,5862
223.23805594444275,5861
223.23958826065063,5860
223.23974418640137,5859
223.24027228355408,5858
223.2405230998993,5857
223.24383902549744,5856
223.24605703353882,5855
223.24832320213318,5854
223.25021815299988,5853
223.25042414665222,5852
223.25113701820374,5851
223.25343012809753,5850
223.25455117225647,5849
223.25491309165955,5848
223.25653505325317,5847
223.26009821891785,5846
223.2617301940918,5845
223.2670931816101,5844
223.26800513267517,5843
223.26918816566467,5842
223.26989221572876,5841
223.272301197052,5840
223.27450609207153,5839
223.27642130851746,5838
223.27693009376526,5837
223.27770018577576,5836
223.27841520309448,5835
223.28000807762146,5834
223.28040719032288,5833
223.28139114379883,5832
223.2838351726532,5831
223.28480625152588,5830
223.2871401309967,5829
223.28749918937683,5828
223.28775119781494,5827
223.2880461215973,5826
223.28911304473877,5825
223.2905352115631,5824
223.2978320121765,5823
223.29834604263306,5822
223.29901695251465,5821
223.30633306503296,5820
223.30649709701538,5819
223.30691003799438,5818
223.30911326408386,5817
223.3139681816101,5816
223.31483507156372,5815
223.31585788726807,5814
223.3164300918579,5813
223.31668305397034,5812
223.3209731578827,5811
223.32236123085022,5810
223.32448530197144,5809
223.32514309883118,5808
223.32748126983643,5807
223.32914423942566,5806
223.3302662372589,5805
223.33102107048035,5804
223.33183002471924,5803
223.3322832584381,5802
223.3345069885254,5801
223.33507013320923,5800
223.3368000984192,5799
223.33816599845886,5798
223.33867120742798,5797
223.34368109703064,5796
223.34428715705872,5795
223.34443593025208,5794
223.34805607795715,5793
223.35109400749207,5792
223.3523190021515,5791
223.3545982837677,5790
223.3552062511444,5789
223.3587052822113,5788
223.3607532978058,5787
223.36121010780334,5786
223.36141324043274,5785
223.36417722702026,5784
223.36485028266907,5783
223.3722231388092,5782
223.37299513816833,5781
223.3745322227478,5780
223.37488794326782,5779
223.37550711631775,5778
223.38393306732178,5777
223.38464212417603,5776
223.38539505004883,5775
223.38691401481628,5774
223.3875710964203,5773
223.38838815689087,5772
223.39257907867432,5771
223.39721822738647,5770
223.39878106117249,5769
223.4019331932068,5768
223.40461707115173,5767
223.40673899650574,5766
223.40780210494995,5765
223.40840816497803,5764
223.410884141922,5763
223.41391801834106,5762
223.41749215126038,5761
223.4176959991455,5760
223.4198169708252,5759
223.42320108413696,5758
223.42360615730286,5757
223.4245800971985,5756
223.4247272014618,5755
223.42704892158508,5754
223.430358171463,5753
223.43065810203552,5752
223.43254399299622,5751
223.43433117866516,5750
223.43556714057922,5749
223.43642807006836,5748
223.4370412826538,5747
223.43729424476624,5746
223.43928503990173,5745
223.43954610824585,5744
223.4402060508728,5743
223.44370198249817,5742
223.44960117340088,5741
223.4558300971985,5740
223.46213507652283,5739
223.4674470424652,5738
223.468759059906,5737
223.47263312339783,5736
223.47303414344788,5735
223.47569108009338,5734
223.4769811630249,5733
223.4774420261383,5732
223.4804561138153,5731
223.4828131198883,5730
223.4835081100464,5729
223.48456192016602,5728
223.485258102417,5727
223.48691320419312,5726
223.4871859550476,5725
223.48906707763672,5724
223.49044609069824,5723
223.49409198760986,5722
223.49524927139282,5721
223.49607133865356,5720
223.50551199913025,5719
223.50798511505127,5718
223.50964999198914,5717
223.50995516777039,5716
223.51040720939636,5715
223.5107662677765,5714
223.51411819458008,5713
223.51892518997192,5712
223.52165818214417,5711
223.52393698692322,5710
223.5246410369873,5709
223.52589535713196,5708
223.53134107589722,5707
223.53199005126953,5706
223.53753399848938,5705
223.5382001399994,5704
223.53932309150696,5703
223.5409049987793,5702
223.5413110256195,5701
223.54176306724548,5700
223.5422830581665,5699
223.54667615890503,5698
223.54778718948364,5697
223.54833912849426,5696
223.5488440990448,5695
223.54970407485962,5694
223.55103015899658,5693
223.55190014839172,5692
223.55371713638306,5691
223.55711102485657,5690
223.56256413459778,5689
223.5644280910492,5688
223.57080125808716,5687
223.57450819015503,5686
223.57822108268738,5685
223.5790820121765,5684
223.5824911594391,5683
223.58367013931274,5682
223.58869910240173,5681
223.58884811401367,5680
223.5962769985199,5679
223.59893202781677,5678
223.60161304473877,5677
223.60389113426208,5676
223.6063129901886,5675
223.60955119132996,5674
223.61076617240906,5673
223.61262226104736,5672
223.61302828788757,5671
223.61497902870178,5670
223.617182970047,5669
223.6191382408142,5668
223.6208381652832,5667
223.6211860179901,5666
223.6230809688568,5665
223.62702107429504,5664
223.6278212070465,5663
223.62846517562866,5662
223.6286642551422,5661
223.62881016731262,5660
223.63355016708374,5659
223.63497114181519,5658
223.63683414459229,5657
223.63752818107605,5656
223.64120507240295,5655
223.64199709892273,5654
223.64355421066284,5653
223.64455032348633,5652
223.6463029384613,5651
223.64679312705994,5650
223.6471450328827,5649
223.64954614639282,5648
223.65482020378113,5647
223.65522408485413,5646
223.65817713737488,5645
223.65843105316162,5644
223.66074228286743,5643
223.66421008110046,5642
223.66590905189514,5641
223.67024612426758,5640
223.67235922813416,5639
223.67321109771729,5638
223.67372703552246,5637
223.67717504501343,5636
223.68057918548584,5635
223.68154215812683,5634
223.68594527244568,5633
223.68610215187073,5632
223.68731808662415,5631
223.68879628181458,5630
223.6903989315033,5629
223.6922571659088,5628
223.69825911521912,5627
223.7043261528015,5626
223.7054362297058,5625
223.7234170436859,5624
223.72441911697388,5623
223.72537398338318,5622
223.7257752418518,5621
223.72801208496094,5620
223.73219919204712,5619
223.7346761226654,5618
223.73949122428894,5617
223.7441370487213,5616
223.7494421005249,5615
223.75250816345215,5614
223.75958514213562,5613
223.76452207565308,5612
223.7653090953827,5611
223.76855206489563,5610
223.76975798606873,5609
223.7739200592041,5608
223.7770082950592,5607
223.78004002571106,5606
223.78464794158936,5605
223.7861089706421,5604
223.78740620613098,5603
223.78776025772095,5602
223.7919340133667,5601
223.79438018798828,5600
223.79735207557678,5599
223.80079793930054,5598
223.80105113983154,5597
223.8054120540619,5596
223.80586409568787,5595
223.8062641620636,5594
223.80731320381165,5593
223.80745816230774,5592
223.80884623527527,5591
223.8119912147522,5590
223.81371808052063,5589
223.81416201591492,5588
223.81656217575073,5587
223.8174033164978,5586
223.81789708137512,5585
223.81804013252258,5584
223.8229513168335,5583
223.8252980709076,5582
223.82600617408752,5581
223.82628107070923,5580
223.8268780708313,5579
223.82762503623962,5578
223.83162212371826,5577
223.8353452682495,5576
223.83814096450806,5575
223.8384861946106,5574
223.8388810157776,5573
223.83902621269226,5572
223.84516716003418,5571
223.84542512893677,5570
223.86092114448547,5569
223.8666832447052,5568
223.87107515335083,5567
223.87251996994019,5566
223.87599802017212,5565
223.8780701160431,5564
223.8862862586975,5563
223.88753819465637,5562
223.88768219947815,5561
223.8878252506256,5560
223.8880672454834,5559
223.88915824890137,5558
223.88951134681702,5557
223.89517211914062,5556
223.89841198921204,5555
223.90189814567566,5554
223.90245819091797,5553
223.90345120429993,5552
223.90429425239563,5551
223.9052872657776,5550
223.9161741733551,5549
223.91746306419373,5548
223.91999220848083,5547
223.9209909439087,5546
223.92470502853394,5545
223.92530012130737,5544
223.93093299865723,5543
223.93918108940125,5542
223.94263315200806,5541
223.94520926475525,5540
223.94624614715576,5539
223.95219111442566,5538
223.95422911643982,5537
223.96613717079163,5536
223.9673731327057,5535
223.96816730499268,5534
223.9684112071991,5533
223.96980929374695,5532
223.97328519821167,5531
223.97498512268066,5530
223.97523093223572,5529
223.9800362586975,5528
223.9810791015625,5527
223.98156714439392,5526
223.98537802696228,5525
223.99116015434265,5524
223.995911359787,5523
223.99900317192078,5522
223.99945712089539,5521
224.0028359889984,5520
224.0032880306244,5519
224.00416898727417,5518
224.01175808906555,5517
224.01471519470215,5516
224.0182101726532,5515
224.0201780796051,5514
224.0206241607666,5513
224.02712512016296,5512
224.02747797966003,5511
224.02772307395935,5510
224.03481030464172,5509
224.03873205184937,5508
224.04031324386597,5507
224.04242992401123,5506
224.04313230514526,5505
224.04625725746155,5504
224.04793500900269,5503
224.04886722564697,5502
224.04926800727844,5501
224.0512890815735,5500
224.05158305168152,5499
224.05452799797058,5498
224.05467820167542,5497
224.05597114562988,5496
224.05642318725586,5495
224.06114625930786,5494
224.06328010559082,5493
224.06342816352844,5492
224.06436920166016,5491
224.0710892677307,5490
224.07496309280396,5489
224.08208799362183,5488
224.08709406852722,5487
224.08976531028748,5486
224.09271717071533,5485
224.09416723251343,5484
224.09436511993408,5483
224.09515500068665,5482
224.0975742340088,5481
224.0994429588318,5480
224.10213828086853,5479
224.1045162677765,5478
224.10534930229187,5477
224.1125349998474,5476
224.11652421951294,5475
224.12029123306274,5474
224.1227011680603,5473
224.1260449886322,5472
224.1283540725708,5471
224.12974309921265,5470
224.14031219482422,5469
224.14220023155212,5468
224.14234232902527,5467
224.14309310913086,5466
224.14373517036438,5465
224.14912724494934,5464
224.14987111091614,5463
224.15270614624023,5462
224.16805505752563,5461
224.171382188797,5460
224.17518424987793,5459
224.17577600479126,5458
224.18929624557495,5457
224.19009804725647,5456
224.19428515434265,5455
224.19956827163696,5454
224.20051622390747,5453
224.20248913764954,5452
224.20431327819824,5451
224.20928525924683,5450
224.21121215820312,5449
224.21337223052979,5448
224.2137212753296,5447
224.2148139476776,5446
224.22241616249084,5445
224.2256371974945,5444
224.22951912879944,5443
224.23498606681824,5442
224.23889207839966,5441
224.24115109443665,5440
224.24530816078186,5439
224.2458062171936,5438
224.24871301651,5437
224.25234198570251,5436
224.255939245224,5435
224.2609269618988,5434
224.26645612716675,5433
224.27155923843384,5432
224.27570819854736,5431
224.28019833564758,5430
224.28327822685242,5429
224.29452919960022,5428
224.29479026794434,5427
224.2967119216919,5426
224.29921221733093,5425
224.29941511154175,5424
224.3067820072174,5423
224.30850100517273,5422
224.31499314308167,5421
224.31523990631104,5420
224.31910514831543,5419
224.32287216186523,5418
224.3234622478485,5417
224.32546710968018,5416
224.33806705474854,5415
224.3493230342865,5414
224.35641288757324,5413
224.36166501045227,5412
224.36255621910095,5411
224.36687803268433,5410
224.36835408210754,5409
224.37075304985046,5408
224.37318921089172,5407
224.37819004058838,5406
224.3796579837799,5405
224.38039803504944,5404
224.38249802589417,5403
224.38683915138245,5402
224.39374589920044,5401
224.39920616149902,5400
224.40715909004211,5399
224.41508412361145,5398
224.42273116111755,5397
224.42527794837952,5396
224.42963409423828,5395
224.4354600906372,5394
224.4364092350006,5393
224.43980312347412,5392
224.44046711921692,5391
224.4444751739502,5390
224.4562201499939,5389
224.45718026161194,5388
224.46846628189087,5387
224.46882820129395,5386
224.46988224983215,5385
224.47914028167725,5384
224.48020005226135,5383
224.4803593158722,5382
224.49103617668152,5381
224.49418020248413,5380
224.5021812915802,5379
224.50630497932434,5378
224.50950026512146,5377
224.51172709465027,5376
224.51818227767944,5375
224.52807807922363,5374
224.5301010608673,5373
224.5343632698059,5372
224.5345160961151,5371
224.5405740737915,5370
224.54270815849304,5369
224.54765796661377,5368
224.55125212669373,5367
224.55462312698364,5366
224.5550720691681,5365
224.56398105621338,5364
224.56816792488098,5363
224.58134198188782,5362
224.58716416358948,5361
224.59160614013672,5360
224.59573197364807,5359
224.59608125686646,5358
224.60963106155396,5357
224.6104860305786,5356
224.61299514770508,5355
224.61503219604492,5354
224.6159610748291,5353
224.6167130470276,5352
224.62553310394287,5351
224.62923216819763,5350
224.6296670436859,5349
224.63354396820068,5348
224.64269590377808,5347
224.64295291900635,5346
224.65096402168274,5345
224.65534710884094,5344
224.65628004074097,5343
224.65984725952148,5342
224.66666913032532,5341
224.67095518112183,5340
224.68499112129211,5339
224.68652319908142,5338
224.69047927856445,5337
224.69499921798706,5336
224.6977071762085,5335
224.70151019096375,5334
224.70459389686584,5333
224.70543694496155,5332
224.7056770324707,5331
224.71603989601135,5330
224.7161991596222,5329
224.72339510917664,5328
224.72483205795288,5327
224.72879004478455,5326
224.74863696098328,5325
224.75413918495178,5324
224.75755906105042,5323
224.75976014137268,5322
224.76050305366516,5321
224.76800799369812,5320
224.76924014091492,5319
224.7754261493683,5318
224.78173208236694,5317
224.78831005096436,5316
224.8057131767273,5315
224.81512188911438,5314
224.82230925559998,5313
224.83770608901978,5312
224.84287524223328,5311
224.84449219703674,5310
224.8469271659851,5309
224.85047912597656,5308
224.85373330116272,5307
224.85682606697083,5306
224.86596727371216,5305
224.867014169693,5304
224.87314629554749,5303
224.87387919425964,5302
224.8814480304718,5301
224.8915741443634,5300
224.89688396453857,5299
224.90545201301575,5298
224.90561199188232,5297
224.90585613250732,5296
224.90688514709473,5295
224.9128839969635,5294
224.91449809074402,5293
224.91827607154846,5292
224.92107129096985,5291
224.9304802417755,5290
224.9332571029663,5289
224.93478417396545,5288
224.93842220306396,5287
224.94500708580017,5286
224.94595098495483,5285
224.9497652053833,5284
224.95196509361267,5283
224.95221304893494,5282
224.95628309249878,5281
224.95760798454285,5280
224.97231101989746,5279
224.97948694229126,5278
224.9805130958557,5277
224.9819531440735,5276
224.99452590942383,5275
224.9957571029663,5274
224.99640130996704,5273
225.0011351108551,5272
225.02388715744019,5271
225.0293960571289,5270
225.03071308135986,5269
225.03922510147095,5268
225.0435471534729,5267
225.04487705230713,5266
225.04512214660645,5265
225.04828596115112,5264
225.05157709121704,5263
225.05211210250854,5262
225.07952427864075,5261
225.0809371471405,5260
225.08442902565002,5259
225.09314012527466,5258
225.09552526474,5257
225.0999219417572,5256
225.10233211517334,5255
225.10452818870544,5254
225.10671424865723,5253
225.10978817939758,5252
225.12272810935974,5251
225.1281771659851,5250
225.12910914421082,5249
225.1298370361328,5248
225.13009119033813,5247
225.13033413887024,5246
225.1347291469574,5245
225.1354639530182,5244
225.13947224617004,5243
225.1441810131073,5242
225.15745425224304,5241
225.15876626968384,5240
225.16130900382996,5239
225.16165828704834,5238
225.16813898086548,5237
225.17286610603333,5236
225.1780641078949,5235
225.18033528327942,5234
225.18221712112427,5233
225.18257308006287,5232
225.18717217445374,5231
225.20621609687805,5230
225.21550226211548,5229
225.2306580543518,5228
225.241051197052,5227
225.24498009681702,5226
225.25181102752686,5225
225.25302815437317,5224
225.25665307044983,5223
225.2568941116333,5222
225.25781297683716,5221
225.26337718963623,5220
225.29769611358643,5219
225.3042311668396,5218
225.31323218345642,5217
225.31358003616333,5216
225.32303619384766,5215
225.33362889289856,5214
225.33404803276062,5213
225.3617069721222,5212
225.37161111831665,5211
225.3801872730255,5210
225.38556504249573,5209
225.40379405021667,5208
225.41420006752014,5207
225.42644715309143,5206
225.45163106918335,5205
225.45246696472168,5204
225.46239614486694,5203
225.46818828582764,5202
225.4907820224762,5201
225.4949231147766,5200
225.49826622009277,5199
225.50074315071106,5198
225.51473832130432,5197
225.51642513275146,5196
225.5263512134552,5195
225.54017305374146,5194
225.5782573223114,5193
225.58841228485107,5192
225.61808800697327,5191
225.61923623085022,5190
225.6384620666504,5189
225.6521031856537,5188
225.65439629554749,5187
225.66403317451477,5186
225.6720461845398,5185
225.68165397644043,5184
225.68825602531433,5183
225.70237016677856,5182
225.7049491405487,5181
225.72226405143738,5180
225.7229082584381,5179
225.725839138031,5178
225.74399709701538,5177
225.74823927879333,5176
225.75812101364136,5175
225.7638201713562,5174
225.76435923576355,5173
225.78866815567017,5172
225.7901771068573,5171
225.82400631904602,5170
225.82658624649048,5169
225.82951307296753,5168
225.83437323570251,5167
225.85973620414734,5166
225.86277318000793,5165
225.87059617042542,5164
225.87583017349243,5163
225.90190315246582,5162
225.90686225891113,5161
225.9132101535797,5160
225.92099833488464,5159
225.92239999771118,5158
225.93770718574524,5157
225.95301508903503,5156
225.95746302604675,5155
225.9867660999298,5154
226.0005292892456,5153
226.0239381790161,5152
226.0263991355896,5151
226.02731323242188,5150
226.0477991104126,5149
226.06764006614685,5148
226.07451391220093,5147
226.08082723617554,5146
226.0821270942688,5145
226.0981912612915,5144
226.15126299858093,5143
226.15328311920166,5142
226.17824530601501,5141
226.18282389640808,5140
226.1908049583435,5139
226.2009150981903,5138
226.2119700908661,5137
226.22186017036438,5136
226.23906898498535,5135
226.2414300441742,5134
226.25542092323303,5133
226.31880927085876,5132
226.32656121253967,5131
226.3287229537964,5130
226.37371397018433,5129
226.40853309631348,5128
226.41346716880798,5127
226.4192759990692,5126
226.44440817832947,5125
226.44763493537903,5124
226.45378613471985,5123
226.4755482673645,5122
226.49196004867554,5121
226.49563121795654,5120
226.50781917572021,5119
226.5271601676941,5118
226.53147912025452,5117
226.53173518180847,5116
226.5421540737152,5115
226.5531461238861,5114
226.55721497535706,5113
226.56230211257935,5112
226.58242201805115,5111
226.58580613136292,5110
226.59396195411682,5109
226.59590816497803,5108
226.60771203041077,5107
226.6134181022644,5106
226.617192029953,5105
226.63608026504517,5104
226.64993000030518,5103
226.66564202308655,5102
226.66599416732788,5101
226.6700222492218,5100
226.67484211921692,5099
226.68085932731628,5098
226.71112298965454,5097
226.71428608894348,5096
226.71717309951782,5095
226.7430021762848,5094
226.7481551170349,5093
226.7751111984253,5092
226.77764916419983,5091
226.81023812294006,5090
226.83307003974915,5089
226.84440398216248,5088
226.87152791023254,5087
226.87723422050476,5086
226.87805604934692,5085
226.88900113105774,5084
226.90351223945618,5083
226.90929627418518,5082
226.9114282131195,5081
226.92394399642944,5080
226.94538402557373,5079
226.9620122909546,5078
226.98485112190247,5077
227.02222323417664,5076
227.03237414360046,5075
227.12806510925293,5074
227.14587497711182,5073
227.16513419151306,5072
227.21833109855652,5071
227.26577615737915,5070
227.28553915023804,5069
227.30002617835999,5068
227.30403923988342,5067
227.40313720703125,5066
227.42514896392822,5065
227.47097396850586,5064
227.47381711006165,5063
227.5077931880951,5062
227.54351115226746,5061
227.55692219734192,5060
227.6111650466919,5059
227.61670207977295,5058
227.62559509277344,5057
227.6385142803192,5056
227.6576509475708,5055
227.7077932357788,5054
227.7251100540161,5053
227.763277053833,5052
227.87086606025696,5051
227.92626214027405,5050
227.99731516838074,5049
228.07622909545898,5048
228.0833432674408,5047
228.08847904205322,5046
228.10052919387817,5045
228.17302107810974,5044
228.17948698997498,5043
228.242329120636,5042
228.30473804473877,5041
228.36027598381042,5040
228.3817322254181,5039
228.43682622909546,5038
228.46938800811768,5037
228.64906406402588,5036
228.65297412872314,5035
228.68304419517517,5034
228.72643518447876,5033
228.76356410980225,5032
228.76382422447205,5031
229.18564105033875,5030
229.22587323188782,5029
229.39437317848206,5028
229.42804718017578,5027
229.4750781059265,5026
229.52542805671692,5025
229.9451720714569,5024
230.06625723838806,5023
231.3126049041748,5022
