0.0,621840
153.49651789665222,7598
153.5204291343689,7597
153.52919602394104,7596
153.58795309066772,7595
153.59702396392822,7594
153.6010160446167,7593
153.63714694976807,7592
153.64900827407837,7591
153.6728708744049,7590
153.68416213989258,7589
153.698655128479,7588
153.73784518241882,7587
153.744637966156,7586
153.7537431716919,7585
153.79581308364868,7584
153.80669498443604,7583
153.8421061038971,7582
153.88388299942017,7581
153.8870861530304,7580
153.89744305610657,7579
153.89792585372925,7578
153.93166208267212,7577
154.15299725532532,7576
154.1994969844818,7575
154.24514198303223,7574
154.2488751411438,7573
154.30416107177734,7572
154.337060213089,7571
154.71363520622253,7570
154.858491897583,7569
154.9067840576172,7568
154.92680096626282,7567
155.04969191551208,7566
155.13431811332703,7565
155.27507901191711,7564
155.30580306053162,7563
155.3804521560669,7562
155.90209412574768,7561
156.155424118042,7560
156.61695218086243,7559
156.84778714179993,7558
157.04160594940186,7557
157.1489269733429,7556
157.1991310119629,7555
