1.1920928955078125e-06,621840
153.68375897407532,7674
153.68539905548096,7673
153.68554615974426,7672
153.6881082057953,7671
153.69010400772095,7670
153.69962882995605,7669
153.7030770778656,7668
153.70657587051392,7667
153.71519494056702,7666
153.7184760570526,7665
153.71890211105347,7664
153.72129607200623,7663
153.72310996055603,7662
153.72488403320312,7661
153.72670006752014,7660
153.73412704467773,7659
153.73668789863586,7658
153.73863887786865,7657
153.73981404304504,7656
153.74007987976074,7655
153.74072313308716,7654
153.74269104003906,7653
153.74412202835083,7652
153.7508111000061,7651
153.7574439048767,7650
153.75888109207153,7649
153.82419204711914,7648
153.8279869556427,7647
153.84380507469177,7646
153.84432697296143,7645
153.85511994361877,7644
153.85925006866455,7643
153.86390900611877,7642
153.86760210990906,7641
153.87238311767578,7640
153.88189506530762,7639
153.88961791992188,7638
153.91439390182495,7637
153.91527199745178,7636
153.9307460784912,7635
153.94009518623352,7634
153.9494490623474,7633
153.96755003929138,7632
153.97564721107483,7631
153.97836804389954,7630
153.979572057724,7629
153.9872851371765,7628
153.98850202560425,7627
154.03051710128784,7626
154.04474401474,7625
154.07045006752014,7624
154.07321500778198,7623
154.08253407478333,7622
154.0873942375183,7621
154.09734892845154,7620
154.10544395446777,7619
154.13125705718994,7618
154.14623498916626,7617
154.15155696868896,7616
154.1580491065979,7615
154.1611111164093,7614
154.16534209251404,7613
154.16591906547546,7612
154.17797303199768,7611
154.20421600341797,7610
154.20554518699646,7609
154.2098479270935,7608
154.2110779285431,7607
154.21722412109375,7606
154.21836614608765,7605
154.22043991088867,7604
154.253741979599,7603
154.2567319869995,7602
154.25910115242004,7601
154.26500701904297,7600
154.29029417037964,7599
154.32592701911926,7598
154.33478689193726,7597
154.38507604599,7596
154.39076495170593,7595
154.41501712799072,7594
154.44256281852722,7593
154.4533441066742,7592
154.4647581577301,7591
154.46575021743774,7590
154.470605134964,7589
154.47242999076843,7588
154.48956823349,7587
154.4949049949646,7586
154.4961428642273,7585
154.5311360359192,7584
154.5500419139862,7583
154.57047200202942,7582
154.61390614509583,7581
154.67282223701477,7580
154.6857750415802,7579
154.69204592704773,7578
154.71334409713745,7577
154.74268198013306,7576
154.75851702690125,7575
154.78918623924255,7574
154.79063606262207,7573
154.82585406303406,7572
154.8487389087677,7571
154.8625729084015,7570
154.87185502052307,7569
154.88376998901367,7568
154.91046905517578,7567
154.93469309806824,7566
154.95142197608948,7565
155.0192470550537,7564
155.02636289596558,7563
155.04455614089966,7562
155.0613250732422,7561
155.1147940158844,7560
155.1267831325531,7559
155.179918050766,7558
155.23362493515015,7557
155.24841499328613,7556
155.28284907341003,7555
155.43887591362,7554
155.55173516273499,7553
155.5659921169281,7552
155.7657549381256,7551
155.80099320411682,7550
155.81025314331055,7549
155.82202410697937,7548
155.93703413009644,7547
155.97892904281616,7546
155.99026608467102,7545
156.04683303833008,7544
156.15269899368286,7543
156.2571439743042,7542
156.2687828540802,7541
156.27871799468994,7540
156.68133306503296,7539
156.79576516151428,7538
156.87093687057495,7537
157.2411470413208,7536
157.39588499069214,7535
158.05838918685913,7534
