0.0,982240
224.59757280349731,6171
224.5984570980072,6170
224.6002049446106,6169
224.60069298744202,6168
224.6008517742157,6167
224.6023359298706,6166
224.603022813797,6165
224.6034779548645,6164
224.60437393188477,6163
224.60472583770752,6162
224.60509204864502,6161
224.60545682907104,6160
224.6170699596405,6159
224.61979699134827,6158
224.62225580215454,6157
224.62241673469543,6156
224.6265208721161,6155
224.62836384773254,6154
224.6294388771057,6153
224.6305708885193,6152
224.6339566707611,6151
224.63506293296814,6150
224.63991284370422,6149
224.64112091064453,6148
224.6439847946167,6147
224.64540004730225,6146
224.64565777778625,6145
224.64661598205566,6144
224.64719581604004,6143
224.64754986763,6142
224.64894270896912,6141
224.65027976036072,6140
224.6510488986969,6139
224.6514129638672,6138
224.65196990966797,6137
224.65474486351013,6136
224.65614795684814,6135
224.65704083442688,6134
224.65855193138123,6133
224.65914177894592,6132
224.65949201583862,6131
224.66429209709167,6130
224.66466283798218,6129
224.66542887687683,6128
224.66778087615967,6127
224.6702220439911,6126
224.67173385620117,6125
224.67556500434875,6124
224.67697477340698,6123
224.67784905433655,6122
224.68133401870728,6121
224.68412470817566,6120
224.68585395812988,6119
224.68631076812744,6118
224.6865668296814,6117
224.6874270439148,6116
224.68759083747864,6115
224.6878468990326,6114
224.69022679328918,6113
224.69038891792297,6112
224.69325184822083,6111
224.6979079246521,6110
224.6983778476715,6109
224.69937467575073,6108
224.701406955719,6107
224.70251274108887,6106
224.7035939693451,6105
224.70657682418823,6104
224.70673775672913,6103
224.70782995224,6102
224.70841479301453,6101
224.71014499664307,6100
224.7112488746643,6099
224.7122437953949,6098
224.71313881874084,6097
224.71475887298584,6096
224.71586179733276,6095
224.71718192100525,6094
224.71786785125732,6093
224.71885180473328,6092
224.7190010547638,6091
224.7202649116516,6090
224.72108006477356,6089
224.7223699092865,6088
224.72336983680725,6087
224.72509264945984,6086
224.7278938293457,6085
224.72888088226318,6084
224.72988486289978,6083
224.7311909198761,6082
224.7345359325409,6081
224.735200881958,6080
224.73663187026978,6079
224.73729181289673,6078
224.73986673355103,6077
224.74160480499268,6076
224.74842166900635,6075
224.7491009235382,6074
224.74937176704407,6073
224.75224804878235,6072
224.7541627883911,6071
224.75443387031555,6070
224.75520086288452,6069
224.757563829422,6068
224.75874304771423,6067
224.75890564918518,6066
224.76221370697021,6065
224.7639627456665,6064
224.7644248008728,6063
224.76499581336975,6062
224.76545095443726,6061
224.76677083969116,6060
224.7772479057312,6059
224.77740788459778,6058
224.7784788608551,6057
224.77874493598938,6056
224.77992391586304,6055
224.78656792640686,6054
224.78809690475464,6053
224.79568791389465,6052
224.79728484153748,6051
224.80063581466675,6050
224.80129480361938,6049
224.8017909526825,6048
224.80308890342712,6047
224.80335187911987,6046
224.80544877052307,6045
224.80698490142822,6044
224.80723190307617,6043
224.8102788925171,6042
224.81282877922058,6041
224.81413078308105,6040
224.81439590454102,6039
224.815762758255,6038
224.81859874725342,6037
224.82538080215454,6036
224.82732391357422,6035
224.8278830051422,6034
224.8312849998474,6033
224.83485388755798,6032
224.84044575691223,6031
224.8406000137329,6030
224.84558987617493,6029
224.84720587730408,6028
224.8491129875183,6027
224.85031485557556,6026
224.8505618572235,6025
224.85143494606018,6024
224.8515968322754,6023
224.85309100151062,6022
224.855694770813,6021
224.85605692863464,6020
224.85754084587097,6019
224.8589527606964,6018
224.8640627861023,6017
224.8645498752594,6016
224.866468667984,6015
224.86817979812622,6014
224.86966705322266,6013
224.87162590026855,6012
224.87342882156372,6011
224.87743306159973,6010
224.8776786327362,6009
224.8790488243103,6008
224.8801589012146,6007
224.8812358379364,6006
224.88284277915955,6005
224.88828778266907,6004
224.89085268974304,6003
224.89255499839783,6002
224.8930139541626,6001
224.89793181419373,6000
224.8996479511261,5999
224.90080785751343,5998
224.90222883224487,5997
224.9063138961792,5996
224.90678596496582,5995
224.90756487846375,5994
224.90928673744202,5993
224.9116039276123,5992
224.9120738506317,5991
224.9131519794464,5990
224.91704893112183,5989
224.91749501228333,5988
224.91796398162842,5987
224.91902780532837,5986
224.9192898273468,5985
224.9194438457489,5984
224.92336583137512,5983
224.92728972434998,5982
224.92838501930237,5981
224.9293737411499,5980
224.9318127632141,5979
224.93195986747742,5978
224.93728876113892,5977
224.93993067741394,5976
224.9410228729248,5975
224.9445948600769,5974
224.94484400749207,5973
224.9451026916504,5972
224.9458727836609,5971
224.94652676582336,5970
224.94741868972778,5969
224.9490008354187,5968
224.9515256881714,5967
224.95383381843567,5966
224.95466494560242,5965
224.95543599128723,5964
224.95641493797302,5963
224.95728588104248,5962
224.95743894577026,5961
224.95839309692383,5960
224.96158576011658,5959
224.9620349407196,5958
224.9627058506012,5957
224.96398282051086,5956
224.96413373947144,5955
224.96670269966125,5954
224.96761178970337,5953
224.96806597709656,5952
224.96821689605713,5951
224.96896481513977,5950
224.96974682807922,5949
224.97134590148926,5948
224.9731478691101,5947
224.97361993789673,5946
224.97730684280396,5945
224.98007798194885,5944
224.98052883148193,5943
224.98110795021057,5942
224.98279881477356,5941
224.9831657409668,5940
224.98497200012207,5939
224.98544096946716,5938
224.98569178581238,5937
224.987557888031,5936
224.98803186416626,5935
224.9934687614441,5934
224.99535298347473,5933
224.99551367759705,5932
225.00159287452698,5931
225.00539898872375,5930
225.00584292411804,5929
225.00651383399963,5928
225.00695276260376,5927
225.00721287727356,5926
225.00746989250183,5925
225.01238489151,5924
225.01326775550842,5923
225.01732993125916,5922
225.01864075660706,5921
225.02001094818115,5920
225.0221450328827,5919
225.02465081214905,5918
225.03072881698608,5917
225.0313799381256,5916
225.03411388397217,5915
225.03663301467896,5914
225.03782486915588,5913
225.03919291496277,5912
225.04070782661438,5911
225.0415599346161,5910
225.04589176177979,5909
225.0464367866516,5908
225.04711604118347,5907
225.04798102378845,5906
225.05250096321106,5905
225.05337285995483,5904
225.05900478363037,5903
225.06047368049622,5902
225.06309175491333,5901
225.06775498390198,5900
225.0682327747345,5899
225.06838297843933,5898
225.06923174858093,5897
225.07041573524475,5896
225.0727779865265,5895
225.0732569694519,5894
225.0766839981079,5893
225.07725381851196,5892
225.0777018070221,5891
225.07797384262085,5890
225.07882380485535,5889
225.08022284507751,5888
225.08127689361572,5887
225.08194994926453,5886
225.08240389823914,5885
225.08255290985107,5884
225.084618806839,5883
225.08549690246582,5882
225.08770990371704,5881
225.0889949798584,5880
225.08923172950745,5879
225.08998489379883,5878
225.0902488231659,5877
225.090500831604,5876
225.09648895263672,5875
225.09841084480286,5874
225.09948182106018,5873
225.09973978996277,5872
225.1031186580658,5871
225.105694770813,5870
225.10594487190247,5869
225.10729384422302,5868
225.10870695114136,5867
225.10885190963745,5866
225.11058974266052,5865
225.11086106300354,5864
225.11275172233582,5863
225.11413073539734,5862
225.1162359714508,5861
225.11773085594177,5860
225.11920285224915,5859
225.12457585334778,5858
225.12727189064026,5857
225.12804079055786,5856
225.13618874549866,5855
225.13644886016846,5854
225.13812279701233,5853
225.1404299736023,5852
225.14119791984558,5851
225.14431476593018,5850
225.14455485343933,5849
225.14491391181946,5848
225.14843082427979,5847
225.14968705177307,5846
225.15086102485657,5845
225.15255069732666,5844
225.15351796150208,5843
225.1538589000702,5842
225.15400791168213,5841
225.15625190734863,5840
225.15722799301147,5839
225.16013884544373,5838
225.1623318195343,5837
225.16643404960632,5836
225.16741180419922,5835
225.16938281059265,5834
225.1708688735962,5833
225.171217918396,5832
225.17535376548767,5831
225.17603588104248,5830
225.17618584632874,5829
225.1776397228241,5828
225.17779397964478,5827
225.18169903755188,5826
225.18521904945374,5825
225.1885359287262,5824
225.18950295448303,5823
225.19505786895752,5822
225.19905304908752,5821
225.19929885864258,5820
225.2009449005127,5819
225.20110487937927,5818
225.20155382156372,5817
225.20690989494324,5816
225.2071659564972,5815
225.21109080314636,5814
225.21552085876465,5813
225.21638870239258,5812
225.22192978858948,5811
225.22319293022156,5810
225.22405195236206,5809
225.224604845047,5808
225.22739505767822,5807
225.23387575149536,5806
225.2388038635254,5805
225.24098777770996,5804
225.24286580085754,5803
225.25044298171997,5802
225.25300073623657,5801
225.25341987609863,5800
225.2552466392517,5799
225.26064586639404,5798
225.2612919807434,5797
225.26318192481995,5796
225.26370882987976,5795
225.2641909122467,5794
225.26513385772705,5793
225.2655098438263,5792
225.26577305793762,5791
225.26677298545837,5790
225.2669370174408,5789
225.2685718536377,5788
225.2692608833313,5787
225.2706217765808,5786
225.2757318019867,5785
225.27678990364075,5784
225.2783238887787,5783
225.27958178520203,5782
225.2844877243042,5781
225.2852168083191,5780
225.28569793701172,5779
225.2888629436493,5778
225.28945875167847,5777
225.29134106636047,5776
225.2921426296234,5775
225.29352688789368,5774
225.29379606246948,5773
225.30843782424927,5772
225.30986905097961,5771
225.31293487548828,5770
225.31309390068054,5769
225.31782865524292,5768
225.31861090660095,5767
225.32269382476807,5766
225.32317471504211,5765
225.32379579544067,5764
225.32394790649414,5763
225.32657980918884,5762
225.327064037323,5761
225.32860684394836,5760
225.332181930542,5759
225.33499693870544,5758
225.337641954422,5757
225.33779191970825,5756
225.34263586997986,5755
225.3440239429474,5754
225.34495091438293,5753
225.34909987449646,5752
225.35055088996887,5751
225.35306906700134,5750
225.35327100753784,5749
225.3565158843994,5748
225.36276483535767,5747
225.3638939857483,5746
225.36542987823486,5745
225.36853694915771,5744
225.3699209690094,5743
225.37478590011597,5742
225.37565779685974,5741
225.37667298316956,5740
225.38006281852722,5739
225.38078999519348,5738
225.38470768928528,5737
225.38502287864685,5736
225.38564491271973,5735
225.38909888267517,5734
225.3892469406128,5733
225.39412093162537,5732
225.39509987831116,5731
225.39950370788574,5730
225.40275192260742,5729
225.40582871437073,5728
225.40629982948303,5727
225.40886187553406,5726
225.40933179855347,5725
225.41230487823486,5724
225.41287803649902,5723
225.41451287269592,5722
225.4169647693634,5721
225.42324686050415,5720
225.42460584640503,5719
225.4258418083191,5718
225.42990279197693,5717
225.43235301971436,5716
225.4326138496399,5715
225.43495178222656,5714
225.4360330104828,5713
225.43817496299744,5712
225.43936896324158,5711
225.4398787021637,5710
225.4414768218994,5709
225.44534873962402,5708
225.44571685791016,5707
225.44703793525696,5706
225.45117473602295,5705
225.45700192451477,5704
225.45830988883972,5703
225.4602427482605,5702
225.4605050086975,5701
225.46126103401184,5700
225.46224570274353,5699
225.46239471435547,5698
225.46407389640808,5697
225.4653627872467,5696
225.466570854187,5695
225.46807074546814,5694
225.47224497795105,5693
225.4727029800415,5692
225.47534584999084,5691
225.47858572006226,5690
225.4788339138031,5689
225.48133492469788,5688
225.4826238155365,5687
225.48434567451477,5686
225.48450565338135,5685
225.48631501197815,5684
225.48823976516724,5683
225.49169993400574,5682
225.49267196655273,5681
225.49368381500244,5680
225.49649572372437,5679
225.5010769367218,5678
225.50215077400208,5677
225.5025520324707,5676
225.5044300556183,5675
225.50503087043762,5674
225.5057897567749,5673
225.508318901062,5672
225.50939083099365,5671
225.5110228061676,5670
225.51372170448303,5669
225.51512789726257,5668
225.5154857635498,5667
225.51628589630127,5666
225.51694893836975,5665
225.5174436569214,5664
225.51831483840942,5663
225.5215618610382,5662
225.52356386184692,5661
225.5251817703247,5660
225.52991580963135,5659
225.53063297271729,5658
225.54461097717285,5657
225.55067896842957,5656
225.55517578125,5655
225.55543398857117,5654
225.5579388141632,5653
225.56053280830383,5652
225.561842918396,5651
225.5638267993927,5650
225.56397366523743,5649
225.5705919265747,5648
225.57945680618286,5647
225.5842638015747,5646
225.58627605438232,5645
225.58678793907166,5644
225.58725500106812,5643
225.59053897857666,5642
225.59303498268127,5641
225.5932810306549,5640
225.59378576278687,5639
225.6001057624817,5638
225.6012258529663,5637
225.6018888950348,5636
225.60361886024475,5635
225.60651993751526,5634
225.61049699783325,5633
225.61147379875183,5632
225.61188077926636,5631
225.61234879493713,5630
225.61398077011108,5629
225.61453676223755,5628
225.6255488395691,5627
225.62600684165955,5626
225.62651371955872,5625
225.62809586524963,5624
225.62871599197388,5623
225.62886595726013,5622
225.6292736530304,5621
225.6326940059662,5620
225.6332128047943,5619
225.63531494140625,5618
225.63551688194275,5617
225.64201068878174,5616
225.6459219455719,5615
225.64622688293457,5614
225.64683890342712,5613
225.6490397453308,5612
225.66223192214966,5611
225.66819667816162,5610
225.67062091827393,5609
225.6732108592987,5608
225.6736147403717,5607
225.6749927997589,5606
225.6755919456482,5605
225.67574381828308,5604
225.6793646812439,5603
225.68106698989868,5602
225.68328070640564,5601
225.6839280128479,5600
225.68920397758484,5599
225.69522881507874,5598
225.69926762580872,5597
225.69962906837463,5596
225.70012998580933,5595
225.70098781585693,5594
225.70168590545654,5593
225.70225477218628,5592
225.70469093322754,5591
225.70575881004333,5590
225.70696806907654,5589
225.70732283592224,5588
225.70933985710144,5587
225.70990586280823,5586
225.71313190460205,5585
225.7148039340973,5584
225.7210817337036,5583
225.72338199615479,5582
225.72398281097412,5581
225.7250518798828,5580
225.7266788482666,5579
225.72775387763977,5578
225.72800183296204,5577
225.729416847229,5576
225.73775577545166,5575
225.73816967010498,5574
225.73892784118652,5573
225.7431139945984,5572
225.7501208782196,5571
225.75144290924072,5570
225.75292897224426,5569
225.75545597076416,5568
225.75712370872498,5567
225.75944089889526,5566
225.76140594482422,5565
225.7618067264557,5564
225.7712118625641,5563
225.77213096618652,5562
225.77895879745483,5561
225.78299474716187,5560
225.78731679916382,5559
225.79024577140808,5558
225.79079484939575,5557
225.7936189174652,5556
225.79417896270752,5555
225.794579744339,5554
225.79685187339783,5553
225.79725170135498,5552
225.7980079650879,5551
225.79830694198608,5550
225.80012798309326,5549
225.8005018234253,5548
225.80446195602417,5547
225.805832862854,5546
225.80845165252686,5545
225.8159999847412,5544
225.816401720047,5543
225.81951093673706,5542
225.82314372062683,5541
225.83348774909973,5540
225.84213399887085,5539
225.85034680366516,5538
225.85136103630066,5537
225.85294270515442,5536
225.8533329963684,5535
225.86464381217957,5534
225.86606788635254,5533
225.8674418926239,5532
225.8693790435791,5531
225.8774037361145,5530
225.88073086738586,5529
225.88682794570923,5528
225.89197373390198,5527
225.8945436477661,5526
225.8990797996521,5525
225.89995169639587,5524
225.90434980392456,5523
225.90733575820923,5522
225.9083378314972,5521
225.91070985794067,5520
225.91465187072754,5519
225.91603994369507,5518
225.91785287857056,5517
225.92174887657166,5516
225.92345595359802,5515
225.92442274093628,5514
225.92662692070007,5513
225.92830276489258,5512
225.9285569190979,5511
225.92940998077393,5510
225.9344129562378,5509
225.93501377105713,5508
225.94019889831543,5507
225.94090175628662,5506
225.94185066223145,5505
225.945467710495,5504
225.95387482643127,5503
225.9564127922058,5502
225.95655965805054,5501
225.95766973495483,5500
225.96204376220703,5499
225.96394181251526,5498
225.96658778190613,5497
225.96673464775085,5496
225.96702790260315,5495
225.96758794784546,5494
225.96869087219238,5493
225.97334599494934,5492
225.97695875167847,5491
225.97731494903564,5490
225.9802029132843,5489
225.98088192939758,5488
225.98870491981506,5487
225.98936796188354,5486
225.99115681648254,5485
225.99352478981018,5484
226.00086188316345,5483
226.00621366500854,5482
226.01337599754333,5481
226.0169198513031,5480
226.01732301712036,5479
226.0214238166809,5478
226.0243148803711,5477
226.0244698524475,5476
226.0304718017578,5475
226.04293870925903,5474
226.04517889022827,5473
226.04792189598083,5472
226.04822707176208,5471
226.0533287525177,5470
226.0547788143158,5469
226.05656480789185,5468
226.06169891357422,5467
226.06370186805725,5466
226.0699520111084,5465
226.07572603225708,5464
226.0771770477295,5463
226.07986497879028,5462
226.0804159641266,5461
226.08619904518127,5460
226.0882649421692,5459
226.08876585960388,5458
226.09150099754333,5457
226.0923888683319,5456
226.09880089759827,5455
226.0999059677124,5454
226.10464477539062,5453
226.10814094543457,5452
226.11339783668518,5451
226.11430764198303,5450
226.114661693573,5449
226.11986994743347,5448
226.1206328868866,5447
226.12272477149963,5446
226.1255669593811,5445
226.1328318119049,5444
226.1331877708435,5443
226.13378190994263,5442
226.13463282585144,5441
226.13664293289185,5440
226.14405703544617,5439
226.1557219028473,5438
226.15767073631287,5437
226.15876078605652,5436
226.1617968082428,5435
226.16921281814575,5434
226.16936683654785,5433
226.17215371131897,5432
226.17672681808472,5431
226.18128776550293,5430
226.184809923172,5429
226.1905448436737,5428
226.19391584396362,5427
226.19501161575317,5426
226.20115566253662,5425
226.20129990577698,5424
226.20194292068481,5423
226.20461106300354,5422
226.20788884162903,5421
226.20874285697937,5420
226.20963096618652,5419
226.21157598495483,5418
226.2191207408905,5417
226.21938180923462,5416
226.22257471084595,5415
226.22402667999268,5414
226.22550988197327,5413
226.22972178459167,5412
226.231999874115,5411
226.23916482925415,5410
226.24187183380127,5409
226.24320197105408,5408
226.24835181236267,5407
226.24918603897095,5406
226.25828671455383,5405
226.25953102111816,5404
226.26525592803955,5403
226.26855182647705,5402
226.27308797836304,5401
226.28640794754028,5400
226.28741979599,5399
226.28767204284668,5398
226.2936818599701,5397
226.29383492469788,5396
226.29413390159607,5395
226.29745197296143,5394
226.29839372634888,5393
226.30587697029114,5392
226.30949592590332,5391
226.31680464744568,5390
226.31695103645325,5389
226.3189480304718,5388
226.32088375091553,5387
226.3235478401184,5386
226.32715272903442,5385
226.33818578720093,5384
226.33973383903503,5383
226.34190893173218,5382
226.3458149433136,5381
226.34670090675354,5380
226.3484468460083,5379
226.35534191131592,5378
226.35678577423096,5377
226.3575689792633,5376
226.36056685447693,5375
226.3641209602356,5374
226.36535692214966,5373
226.37303185462952,5372
226.37774276733398,5371
226.38728594779968,5370
226.3878448009491,5369
226.39030480384827,5368
226.39262676239014,5367
226.40975189208984,5366
226.4115970134735,5365
226.41238975524902,5364
226.41690373420715,5363
226.41809678077698,5362
226.4260537624359,5361
226.42723608016968,5360
226.42797899246216,5359
226.42885494232178,5358
226.43999981880188,5357
226.44325280189514,5356
226.44469785690308,5355
226.4453899860382,5354
226.44781374931335,5353
226.45144963264465,5352
226.45160388946533,5351
226.45845484733582,5350
226.4591007232666,5349
226.47051882743835,5348
226.4837188720703,5347
226.48471808433533,5346
226.49114894866943,5345
226.49252080917358,5344
226.49425196647644,5343
226.4943928718567,5342
226.49846696853638,5341
226.50031304359436,5340
226.50160884857178,5339
226.50303888320923,5338
226.51561188697815,5337
226.52277874946594,5336
226.5239667892456,5335
226.53162169456482,5334
226.5359559059143,5333
226.53768968582153,5332
226.5396647453308,5331
226.54839706420898,5330
226.5542299747467,5329
226.55980277061462,5328
226.5599946975708,5327
226.5654740333557,5326
226.56851196289062,5325
226.57363486289978,5324
226.5764148235321,5323
226.58926367759705,5322
226.59845876693726,5321
226.6014199256897,5320
226.60205388069153,5319
226.60245490074158,5318
226.61225175857544,5317
226.63073682785034,5316
226.63099002838135,5315
226.64304876327515,5314
226.64923787117004,5313
226.65209794044495,5312
226.65823674201965,5311
226.67180490493774,5310
226.67509984970093,5309
226.68239188194275,5308
226.68341970443726,5307
226.68891072273254,5306
226.68925786018372,5305
226.69763684272766,5304
226.70346689224243,5303
226.70456171035767,5302
226.70588183403015,5301
226.70896792411804,5300
226.71070098876953,5299
226.71587777137756,5298
226.71721291542053,5297
226.72506594657898,5296
226.72902488708496,5295
226.7313768863678,5294
226.73476886749268,5293
226.73986196517944,5292
226.74216294288635,5291
226.75293684005737,5290
226.7563099861145,5289
226.76998496055603,5288
226.7706229686737,5287
226.77152371406555,5286
226.7716658115387,5285
226.7726047039032,5284
226.78167581558228,5283
226.78459000587463,5282
226.78878378868103,5281
226.78947496414185,5280
226.7909917831421,5279
226.79474782943726,5278
226.80303478240967,5277
226.81037998199463,5276
226.8132619857788,5275
226.814435005188,5274
226.81832909584045,5273
226.82263684272766,5272
226.82307291030884,5271
226.83793687820435,5270
226.84627389907837,5269
226.84677386283875,5268
226.8469157218933,5267
226.8679027557373,5266
226.8735489845276,5265
226.87998580932617,5264
226.89487671852112,5263
226.8982057571411,5262
226.8984477519989,5261
226.90971493721008,5260
226.92166876792908,5259
226.92354202270508,5258
226.92721891403198,5257
226.93004989624023,5256
226.9342818260193,5255
226.93740272521973,5254
226.94153690338135,5253
226.95018887519836,5252
226.9519338607788,5251
226.95773887634277,5250
226.96093583106995,5249
226.97752594947815,5248
226.97778391838074,5247
226.98163890838623,5246
226.9840350151062,5245
226.99032282829285,5244
226.9916479587555,5243
226.9929118156433,5242
226.9944350719452,5241
226.99843502044678,5240
227.00620007514954,5239
227.00914096832275,5238
227.0114507675171,5237
227.02688574790955,5236
227.02890491485596,5235
227.0361888408661,5234
227.0469949245453,5233
227.04904294013977,5232
227.05104184150696,5231
227.05761671066284,5230
227.06256794929504,5229
227.06281685829163,5228
227.0658700466156,5227
227.06748986244202,5226
227.06836986541748,5225
227.07283091545105,5224
227.07616996765137,5223
227.08868503570557,5222
227.09133887290955,5221
227.1007227897644,5220
227.11143684387207,5219
227.11430978775024,5218
227.1283278465271,5217
227.12887978553772,5216
227.13858890533447,5215
227.16681599617004,5214
227.17012786865234,5213
227.17192387580872,5212
227.17795395851135,5211
227.19822192192078,5210
227.2020399570465,5209
227.2026767730713,5208
227.2052059173584,5207
227.21185994148254,5206
227.2154517173767,5205
227.21960186958313,5204
227.24430990219116,5203
227.2489049434662,5202
227.25603604316711,5201
227.26261281967163,5200
227.2686676979065,5199
227.27618885040283,5198
227.28686475753784,5197
227.2877938747406,5196
227.29988384246826,5195
227.30275177955627,5194
227.31741571426392,5193
227.32906579971313,5192
227.32957792282104,5191
227.33040285110474,5190
227.33437371253967,5189
227.34005689620972,5188
227.34300994873047,5187
227.34804677963257,5186
227.3518466949463,5185
227.35549473762512,5184
227.35705375671387,5183
227.36350989341736,5182
227.3742446899414,5181
227.37906670570374,5180
227.38344192504883,5179
227.38880372047424,5178
227.4103479385376,5177
227.41611003875732,5176
227.4212908744812,5175
227.42308592796326,5174
227.42386674880981,5173
227.4333040714264,5172
227.4545419216156,5171
227.45779490470886,5170
227.4588737487793,5169
227.46509790420532,5168
227.4771978855133,5167
227.47754168510437,5166
227.48755288124084,5165
227.4892508983612,5164
227.4945149421692,5163
227.49591588974,5162
227.49738478660583,5161
227.5195598602295,5160
227.53377294540405,5159
227.55485486984253,5158
227.5576949119568,5157
227.5709900856018,5156
227.57612490653992,5155
227.5827567577362,5154
227.5852677822113,5153
227.59858083724976,5152
227.59898495674133,5151
227.60033893585205,5150
227.6074628829956,5149
227.61711382865906,5148
227.6225368976593,5147
227.62336373329163,5146
227.65537881851196,5145
227.65795874595642,5144
227.68903803825378,5143
227.70240998268127,5142
227.70310878753662,5141
227.7036488056183,5140
227.7082028388977,5139
227.71878480911255,5138
227.72324299812317,5137
227.73258686065674,5136
227.74085974693298,5135
227.7441167831421,5134
227.74673986434937,5133
227.74929475784302,5132
227.76530575752258,5131
227.77718687057495,5130
227.79863786697388,5129
227.8111128807068,5128
227.814208984375,5127
227.81512689590454,5126
227.8304738998413,5125
227.8380298614502,5124
227.84189200401306,5123
227.84368586540222,5122
227.85432076454163,5121
227.87223601341248,5120
227.87448978424072,5119
227.8752179145813,5118
227.88307881355286,5117
227.8837947845459,5116
227.88582491874695,5115
227.89660096168518,5114
227.903892993927,5113
227.91227889060974,5112
227.91626167297363,5111
227.92959475517273,5110
227.95652770996094,5109
227.96635389328003,5108
227.97686386108398,5107
227.98503279685974,5106
227.99036478996277,5105
227.9998698234558,5104
228.01310992240906,5103
228.03642797470093,5102
228.0443639755249,5101
228.055401802063,5100
228.05886578559875,5099
228.06535601615906,5098
228.06747484207153,5097
228.08603382110596,5096
228.0942177772522,5095
228.10948181152344,5094
228.16886281967163,5093
228.1778507232666,5092
228.18359398841858,5091
228.2096266746521,5090
228.21768069267273,5089
228.22251272201538,5088
228.2283639907837,5087
228.23501086235046,5086
228.23625802993774,5085
228.2524769306183,5084
228.2597680091858,5083
228.26593399047852,5082
228.27713990211487,5081
228.28187680244446,5080
228.2865698337555,5079
228.30055499076843,5078
228.3120880126953,5077
228.3152208328247,5076
228.33007884025574,5075
228.35934281349182,5074
228.37135672569275,5073
228.37928700447083,5072
228.39764094352722,5071
228.4066517353058,5070
228.4420289993286,5069
228.50042080879211,5068
228.52644085884094,5067
228.5420708656311,5066
228.55619978904724,5065
228.62842392921448,5064
228.65451073646545,5063
228.6633427143097,5062
228.8944218158722,5061
228.91939187049866,5060
228.9222228527069,5059
228.99205493927002,5058
229.02396893501282,5057
229.02555680274963,5056
229.03248190879822,5055
229.04159379005432,5054
229.08562397956848,5053
229.0925407409668,5052
229.11064386367798,5051
229.17708373069763,5050
229.21852684020996,5049
229.23206973075867,5048
229.23796772956848,5047
229.27841305732727,5046
229.27858996391296,5045
229.29782700538635,5044
229.3102309703827,5043
229.4031937122345,5042
229.41441202163696,5041
229.44058084487915,5040
229.4668688774109,5039
229.47181272506714,5038
229.54051399230957,5037
229.55562281608582,5036
229.62398266792297,5035
229.69704580307007,5034
229.71189785003662,5033
229.8026978969574,5032
229.90942788124084,5031
229.9808156490326,5030
230.01947689056396,5029
230.0344250202179,5028
230.0684049129486,5027
230.15228271484375,5026
230.38953375816345,5025
230.40258407592773,5024
230.42591309547424,5023
230.47233080863953,5022
230.53522491455078,5021
230.54873895645142,5020
230.59041094779968,5019
230.63651299476624,5018
230.7899477481842,5017
230.90431880950928,5016
231.27925395965576,5015
231.50574469566345,5014
231.78754091262817,5013
232.00909686088562,5012
232.09491682052612,5011
232.11897897720337,5010
232.18055868148804,5009
232.2297646999359,5008
232.2900218963623,5007
232.65433287620544,5006
