0.0,621840
138.74086213111877,7606
138.7507860660553,7605
138.75434017181396,7604
138.75702810287476,7603
138.76021313667297,7602
138.76444816589355,7601
138.784921169281,7600
138.8185830116272,7599
138.82238221168518,7598
138.83611392974854,7597
138.89292693138123,7596
138.9353060722351,7595
138.99091410636902,7594
139.01054692268372,7593
139.02145099639893,7592
139.0457420349121,7591
139.07674288749695,7590
139.0958170890808,7589
139.10861897468567,7588
139.1576919555664,7587
139.16131806373596,7586
139.16520619392395,7585
139.22951817512512,7584
139.25717401504517,7583
139.27017498016357,7582
139.27432298660278,7581
139.27959203720093,7580
139.33157300949097,7579
139.34151101112366,7578
139.36265087127686,7577
139.38337111473083,7576
139.43737602233887,7575
139.45102906227112,7574
139.45532298088074,7573
139.48207211494446,7572
139.48859190940857,7571
139.56045699119568,7570
139.58716201782227,7569
139.62289905548096,7568
139.6374900341034,7567
139.655522108078,7566
139.67187404632568,7565
139.84059286117554,7564
139.87766003608704,7563
139.91872811317444,7562
139.98486804962158,7561
140.0417959690094,7560
140.2430260181427,7559
140.24544310569763,7558
140.31209301948547,7557
140.39679312705994,7556
140.87388110160828,7555
140.89352202415466,7554
141.03286814689636,7553
141.19854712486267,7552
141.435693025589,7551
141.44918513298035,7550
141.81534385681152,7549
