0.026935815811157227,10912
0.05372786521911621,10911
0.08116579055786133,10910
0.10806989669799805,10909
0.135819673538208,10908
0.16202974319458008,10907
0.18808388710021973,10906
0.21442484855651855,10905
0.24149203300476074,10904
0.2725868225097656,10903
0.300365686416626,10902
0.32753896713256836,10901
0.3541226387023926,10900
0.380328893661499,10899
0.40635085105895996,10898
0.43224573135375977,10897
0.45824289321899414,10896
0.4841489791870117,10895
0.5103588104248047,10894
0.5382168292999268,10893
0.5651509761810303,10892
0.5933246612548828,10891
0.6198368072509766,10890
0.6463658809661865,10889
0.6724586486816406,10888
0.6986079216003418,10887
0.7259988784790039,10886
0.75506591796875,10885
0.781240701675415,10884
0.8072688579559326,10883
0.8351778984069824,10882
0.8627078533172607,10881
0.8895149230957031,10880
0.9160819053649902,10879
0.9435107707977295,10878
0.9702258110046387,10877
0.997128963470459,10876
1.0250258445739746,10875
1.0519649982452393,10874
1.0786988735198975,10873
1.1052937507629395,10872
1.1321039199829102,10871
1.1584978103637695,10870
1.1852459907531738,10869
1.2119040489196777,10868
1.2386388778686523,10867
1.2655267715454102,10866
1.2922518253326416,10865
1.3190147876739502,10864
1.345768928527832,10863
1.3721468448638916,10862
1.4012999534606934,10861
1.4278290271759033,10860
1.4545726776123047,10859
1.4806489944458008,10858
1.5074429512023926,10857
1.5338959693908691,10856
1.560647964477539,10855
1.5871460437774658,10854
1.6147468090057373,10853
1.641638994216919,10852
1.668379783630371,10851
1.6955416202545166,10850
1.7222847938537598,10849
1.748835802078247,10848
1.7751638889312744,10847
1.8016536235809326,10846
1.828845739364624,10845
1.8560898303985596,10844
1.8830349445343018,10843
1.9097380638122559,10842
1.9370338916778564,10841
1.9638316631317139,10840
1.9902498722076416,10839
2.017406940460205,10838
2.044362783432007,10837
2.0713188648223877,10836
2.0978147983551025,10835
2.1242568492889404,10834
2.150815010070801,10833
2.1776866912841797,10832
2.2045466899871826,10831
2.2315428256988525,10830
2.2588469982147217,10829
2.2856898307800293,10828
2.312938928604126,10827
2.3404009342193604,10826
2.3668627738952637,10825
2.394073724746704,10824
2.4216647148132324,10823
2.4486820697784424,10822
2.4754128456115723,10821
2.50203275680542,10820
2.5291848182678223,10819
2.556957960128784,10818
2.5838699340820312,10817
2.6105198860168457,10816
2.637054920196533,10815
2.6634669303894043,10814
2.689844846725464,10813
2.7162399291992188,10812
2.74265193939209,10811
2.76908278465271,10810
2.7958428859710693,10809
2.822417974472046,10808
2.8490488529205322,10807
2.8754849433898926,10806
2.904965877532959,10805
2.9318888187408447,10804
2.958261728286743,10803
2.9884657859802246,10802
3.015683889389038,10801
3.0437707901000977,10800
3.0711469650268555,10799
3.0980050563812256,10798
3.124725818634033,10797
3.1535608768463135,10796
3.1805078983306885,10795
3.2080209255218506,10794
3.234762668609619,10793
3.2616326808929443,10792
3.2881948947906494,10791
3.314849853515625,10790
3.3414227962493896,10789
3.3678736686706543,10788
3.3948307037353516,10787
3.421427011489868,10786
3.4487109184265137,10785
3.4756669998168945,10784
3.5024819374084473,10783
3.5290517807006836,10782
3.5565319061279297,10781
3.5839598178863525,10780
3.6108558177948,10779
3.6376960277557373,10778
3.6642158031463623,10777
3.6906397342681885,10776
3.717249870300293,10775
3.7435948848724365,10774
3.7702198028564453,10773
3.796877861022949,10772
3.8236148357391357,10771
3.8504679203033447,10770
3.8769989013671875,10769
3.903453826904297,10768
3.930922031402588,10767
3.9586517810821533,10766
3.985424757003784,10765
4.012352705001831,10764
4.039860010147095,10763
4.066463947296143,10762
4.092959880828857,10761
4.1194047927856445,10760
4.145895957946777,10759
4.172338962554932,10758
4.211361646652222,10757
4.237868785858154,10756
4.2641777992248535,10755
4.290515899658203,10754
4.316870927810669,10753
4.343137741088867,10752
4.369434833526611,10751
4.395891904830933,10750
4.422310829162598,10749
4.448863983154297,10748
4.475231885910034,10747
4.501672983169556,10746
4.552613973617554,10745
4.579145908355713,10744
4.605921745300293,10743
4.632339954376221,10742
4.658908843994141,10741
4.685103893280029,10740
4.711818695068359,10739
4.738375902175903,10738
4.764877796173096,10737
4.791616678237915,10736
4.818170785903931,10735
4.8447020053863525,10734
4.871336936950684,10733
4.898164987564087,10732
4.925213813781738,10731
4.951706886291504,10730
4.978010892868042,10729
5.00404691696167,10728
5.051754951477051,10727
5.078897953033447,10726
5.106303930282593,10725
5.133728742599487,10724
5.1606316566467285,10723
5.190037727355957,10722
5.216909885406494,10721
5.24328875541687,10720
5.27095890045166,10719
5.299193859100342,10718
5.327010869979858,10717
5.355226755142212,10716
5.383468866348267,10715
5.411617755889893,10714
5.439802885055542,10713
5.467810869216919,10712
5.495038986206055,10711
5.521934747695923,10710
5.549456834793091,10709
5.576648950576782,10708
5.603860855102539,10707
5.630685806274414,10706
5.657307863235474,10705
5.684359788894653,10704
5.711342811584473,10703
5.737958908081055,10702
5.765281677246094,10701
5.79246187210083,10700
5.819265842437744,10699
5.846041917800903,10698
5.872780799865723,10697
5.899621963500977,10696
5.9263999462127686,10695
5.9532248973846436,10694
5.980005741119385,10693
6.007055759429932,10692
6.033869743347168,10691
6.060793876647949,10690
6.087273836135864,10689
6.113559722900391,10688
6.139585733413696,10687
6.165538787841797,10686
6.191406726837158,10685
6.217497825622559,10684
6.243496894836426,10683
6.269622802734375,10682
6.295552730560303,10681
6.3216400146484375,10680
6.3478007316589355,10679
6.3863208293914795,10678
6.412299633026123,10677
6.438278913497925,10676
6.466245889663696,10675
6.493368864059448,10674
6.519769906997681,10673
6.546606779098511,10672
6.57328987121582,10671
6.599771976470947,10670
6.626375913619995,10669
6.653334856033325,10668
6.67996072769165,10667
6.7065489292144775,10666
6.733088731765747,10665
6.759952783584595,10664
6.786414861679077,10663
6.8129589557647705,10662
6.8401038646698,10661
6.86682391166687,10660
6.893411874771118,10659
6.9200828075408936,10658
6.949696779251099,10657
6.978571653366089,10656
7.007583856582642,10655
7.035018682479858,10654
7.0753607749938965,10653
7.1017327308654785,10652
7.128093004226685,10651
7.1543660163879395,10650
7.1808247566223145,10649
7.207260847091675,10648
7.2336106300354,10647
7.260190010070801,10646
7.286664962768555,10645
7.313076019287109,10644
7.339475870132446,10643
7.36583399772644,10642
7.392412900924683,10641
7.418997764587402,10640
7.445427894592285,10639
7.471730947494507,10638
7.498060703277588,10637
7.52430272102356,10636
7.5520288944244385,10635
7.579222679138184,10634
7.606143951416016,10633
7.632978916168213,10632
7.659747838973999,10631
7.686584711074829,10630
7.713287830352783,10629
7.739823818206787,10628
7.766340732574463,10627
7.792574882507324,10626
7.8189709186553955,10625
7.8452417850494385,10624
7.87139105796814,10623
7.897859811782837,10622
7.9244606494903564,10621
7.951237916946411,10620
7.9776389598846436,10619
8.00399374961853,10618
8.030389070510864,10617
8.057322025299072,10616
8.083553791046143,10615
8.110649824142456,10614
8.137310028076172,10613
8.1806058883667,10612
8.209389686584473,10611
8.239187002182007,10610
8.267461776733398,10609
8.294051885604858,10608
8.32024097442627,10607
8.346436738967896,10606
8.372615814208984,10605
8.39867091178894,10604
8.424803733825684,10603
8.451004981994629,10602
8.477408647537231,10601
8.50353479385376,10600
8.529847860336304,10599
8.558016777038574,10598
8.585470914840698,10597
8.611915826797485,10596
8.638455867767334,10595
8.664942741394043,10594
8.691293001174927,10593
8.717766761779785,10592
8.744617938995361,10591
8.77151083946228,10590
8.798129796981812,10589
8.826809883117676,10588
8.853964805603027,10587
8.881367683410645,10586
8.908681869506836,10585
8.937258005142212,10584
8.964346885681152,10583
8.991995811462402,10582
9.019006967544556,10581
9.045775890350342,10580
9.072516918182373,10579
9.099403858184814,10578
9.138698816299438,10577
9.165242910385132,10576
9.19483494758606,10575
9.223327875137329,10574
9.251068830490112,10573
9.279921770095825,10572
9.308871984481812,10571
9.34126591682434,10570
9.370758771896362,10569
9.398529767990112,10568
9.425567865371704,10567
9.452341794967651,10566
9.479048013687134,10565
9.506611824035645,10564
9.534400701522827,10563
9.561890840530396,10562
9.588623762130737,10561
9.615306615829468,10560
9.663697957992554,10559
9.690147876739502,10558
9.716196775436401,10557
9.742332935333252,10556
9.768548727035522,10555
9.794546842575073,10554
9.820658922195435,10553
9.846887826919556,10552
9.872938871383667,10551
9.899141788482666,10550
9.925205707550049,10549
9.951421976089478,10548
9.977496862411499,10547
10.00375771522522,10546
10.029569864273071,10545
10.057132720947266,10544
10.084138870239258,10543
10.110768795013428,10542
10.137512922286987,10541
10.16402268409729,10540
10.190579891204834,10539
10.218337774276733,10538
10.247302770614624,10537
10.276680946350098,10536
10.3051118850708,10535
10.33266282081604,10534
10.359951734542847,10533
10.386611938476562,10532
10.41319990158081,10531
10.439658880233765,10530
10.467837810516357,10529
10.494556903839111,10528
10.521373987197876,10527
10.548421859741211,10526
10.575255870819092,10525
10.601973056793213,10524
10.628490686416626,10523
10.655430793762207,10522
10.682438850402832,10521
10.708772897720337,10520
10.736341714859009,10519
10.763267755508423,10518
10.79007887840271,10517
10.816669940948486,10516
10.843289852142334,10515
10.869727849960327,10514
10.896373748779297,10513
10.923020839691162,10512
10.949947834014893,10511
10.976334810256958,10510
11.00335168838501,10509
11.033240795135498,10508
11.060514688491821,10507
11.086918830871582,10506
11.11358904838562,10505
11.140216827392578,10504
11.166913747787476,10503
11.193567037582397,10502
11.220122814178467,10501
11.24690580368042,10500
11.273920059204102,10499
11.301085948944092,10498
11.328110933303833,10497
11.354525804519653,10496
11.38109278678894,10495
11.40723991394043,10494
11.433758974075317,10493
11.460331678390503,10492
11.486722707748413,10491
11.513161897659302,10490
11.53987193107605,10489
11.566566944122314,10488
11.593066930770874,10487
11.619728803634644,10486
11.646200895309448,10485
11.672599792480469,10484
11.69884181022644,10483
11.725060939788818,10482
11.751723051071167,10481
11.778113842010498,10480
11.827468872070312,10479
11.85397481918335,10478
11.880650758743286,10477
11.90704083442688,10476
11.934506893157959,10475
11.962027788162231,10474
11.988640069961548,10473
12.015638828277588,10472
12.04237985610962,10471
12.069519758224487,10470
12.09623384475708,10469
12.122607946395874,10468
12.149058818817139,10467
12.175526857376099,10466
12.201819896697998,10465
12.228120803833008,10464
12.254677772521973,10463
12.281392812728882,10462
12.307716846466064,10461
12.334370851516724,10460
12.36095905303955,10459
12.387406826019287,10458
12.414147853851318,10457
12.44150996208191,10456
12.46919870376587,10455
12.49748682975769,10454
12.52576494216919,10453
12.553900718688965,10452
12.580357789993286,10451
12.60651969909668,10450
12.632571935653687,10449
12.658573865890503,10448
12.688050985336304,10447
12.715687990188599,10446
12.74225378036499,10445
12.768810987472534,10444
12.79514765739441,10443
12.821609020233154,10442
12.848059892654419,10441
12.874560832977295,10440
12.900917053222656,10439
12.927307844161987,10438
12.954180717468262,10437
12.980831861495972,10436
13.0071439743042,10435
13.033874988555908,10434
13.061837673187256,10433
13.088773965835571,10432
13.115173816680908,10431
13.141815662384033,10430
13.16823673248291,10429
13.19472885131836,10428
13.221222877502441,10427
13.247562646865845,10426
13.273900747299194,10425
13.300376892089844,10424
13.326497793197632,10423
13.353294849395752,10422
13.379833936691284,10421
13.406355857849121,10420
13.434102773666382,10419
13.460640668869019,10418
13.48702073097229,10417
13.51357388496399,10416
13.540189981460571,10415
13.566897869110107,10414
13.593313694000244,10413
13.619515895843506,10412
13.645917892456055,10411
13.67243766784668,10410
13.699295997619629,10409
13.743292808532715,10408
13.795224905014038,10407
13.83716082572937,10406
13.869643688201904,10405
13.90298867225647,10404
13.934156656265259,10403
13.961899042129517,10402
13.989120721817017,10401
14.01606297492981,10400
14.04285478591919,10399
14.069995641708374,10398
14.10939073562622,10397
14.136061906814575,10396
14.162810802459717,10395
14.211431980133057,10394
14.238682746887207,10393
14.265453815460205,10392
14.29193663597107,10391
14.318201780319214,10390
14.344416618347168,10389
14.37093186378479,10388
14.3972806930542,10387
14.423571825027466,10386
14.450584888458252,10385
14.478017807006836,10384
14.505043029785156,10383
14.532070875167847,10382
14.559205770492554,10381
14.586181879043579,10380
14.613263845443726,10379
14.640249729156494,10378
14.666972875595093,10377
14.693994045257568,10376
14.7237548828125,10375
14.768486976623535,10374
14.7947998046875,10373
14.821084976196289,10372
14.847564697265625,10371
14.873734951019287,10370
14.899734735488892,10369
14.92564582824707,10368
14.952452898025513,10367
15.002809762954712,10366
15.028939723968506,10365
15.055062770843506,10364
15.081410884857178,10363
15.107448816299438,10362
15.133433818817139,10361
15.159536838531494,10360
15.185541868209839,10359
15.211530685424805,10358
15.237644672393799,10357
15.263555765151978,10356
15.289521932601929,10355
15.31549072265625,10354
15.34165096282959,10353
15.36772084236145,10352
15.393743753433228,10351
15.419619798660278,10350
15.44580888748169,10349
15.471896886825562,10348
15.497795820236206,10347
15.525359869003296,10346
15.555102825164795,10345
15.584435939788818,10344
15.612759828567505,10343
15.64047884941101,10342
15.668516874313354,10341
15.696422815322876,10340
15.72425389289856,10339
15.752782821655273,10338
15.780594825744629,10337
15.807374715805054,10336
15.835842847824097,10335
15.862442970275879,10334
15.88917875289917,10333
15.915527820587158,10332
15.943275690078735,10331
15.970674991607666,10330
15.997874975204468,10329
16.024853706359863,10328
16.05237889289856,10327
16.0798819065094,10326
16.10650086402893,10325
16.13321089744568,10324
16.159597873687744,10323
16.186645030975342,10322
16.21339702606201,10321
16.240023851394653,10320
16.266379833221436,10319
16.29297184944153,10318
16.31973099708557,10317
16.346890687942505,10316
16.373547792434692,10315
16.400428771972656,10314
16.4269278049469,10313
16.45382785797119,10312
16.480352640151978,10311
16.507056951522827,10310
16.53349471092224,10309
16.560548782348633,10308
16.5870578289032,10307
16.61373281478882,10306
16.64035987854004,10305
16.666865825653076,10304
16.693389892578125,10303
16.719741821289062,10302
16.7461998462677,10301
16.773090839385986,10300
16.818214893341064,10299
16.844651699066162,10298
16.87247896194458,10297
16.899415731430054,10296
16.927074670791626,10295
16.954168796539307,10294
16.981066703796387,10293
17.023627758026123,10292
17.05627965927124,10291
17.086225986480713,10290
17.118584871292114,10289
17.15397000312805,10288
17.18779492378235,10287
17.220386743545532,10286
17.249146938323975,10285
17.27771496772766,10284
17.30456280708313,10283
17.33086895942688,10282
17.3568217754364,10281
17.382763624191284,10280
17.409446954727173,10279
17.435638666152954,10278
17.461577892303467,10277
17.487465858459473,10276
17.513904809951782,10275
17.540159940719604,10274
17.566202878952026,10273
17.59209179878235,10272
17.618227005004883,10271
17.644174814224243,10270
17.67025589942932,10269
17.69615888595581,10268
17.722240686416626,10267
17.748315811157227,10266
17.79562282562256,10265
17.821411848068237,10264
17.84742569923401,10263
17.873297929763794,10262
17.899012804031372,10261
17.92512083053589,10260
17.951483964920044,10259
17.977430820465088,10258
18.003553867340088,10257
18.029424905776978,10256
18.056537866592407,10255
18.083808660507202,10254
18.11039900779724,10253
18.136860847473145,10252
18.163781881332397,10251
18.190157890319824,10250
18.217769861221313,10249
18.244648933410645,10248
18.27131700515747,10247
18.297966718673706,10246
18.324808835983276,10245
18.35136389732361,10244
18.394998788833618,10243
18.42218279838562,10242
18.44911789894104,10241
18.475724697113037,10240
18.502208709716797,10239
18.528389930725098,10238
18.555421829223633,10237
18.58223271369934,10236
18.60890293121338,10235
18.635320901870728,10234
18.66189169883728,10233
18.68817687034607,10232
18.715184926986694,10231
18.74160075187683,10230
18.768224000930786,10229
18.79462480545044,10228
18.821210861206055,10227
18.847421884536743,10226
18.874064922332764,10225
18.900399923324585,10224
18.927327871322632,10223
18.95398783683777,10222
18.980639934539795,10221
19.007462978363037,10220
19.034048795700073,10219
19.060840845108032,10218
19.087321758270264,10217
19.113687753677368,10216
19.139959812164307,10215
19.166045904159546,10214
19.192441940307617,10213
19.219382762908936,10212
19.245959997177124,10211
19.272567749023438,10210
19.299229860305786,10209
19.325751781463623,10208
19.35214900970459,10207
19.3787579536438,10206
19.404980897903442,10205
19.431558847427368,10204
19.457979917526245,10203
19.48411774635315,10202
19.510924816131592,10201
19.538118839263916,10200
19.56561589241028,10199
19.59236979484558,10198
19.61867594718933,10197
19.6451678276062,10196
19.67165970802307,10195
19.698025941848755,10194
19.724331855773926,10193
19.75072479248047,10192
19.776947021484375,10191
19.80338168144226,10190
19.829983949661255,10189
19.856567859649658,10188
19.883052825927734,10187
19.90955686569214,10186
19.936163902282715,10185
19.965746879577637,10184
19.992450714111328,10183
20.018657684326172,10182
20.0534508228302,10181
20.080103874206543,10180
20.106982946395874,10179
20.134400844573975,10178
20.161062955856323,10177
20.187397956848145,10176
20.21349573135376,10175
20.239612817764282,10174
20.268664836883545,10173
20.295243740081787,10172
20.321277856826782,10171
20.34736180305481,10170
20.377335786819458,10169
20.40665292739868,10168
20.435235738754272,10167
20.462801933288574,10166
20.490105867385864,10165
20.517314672470093,10164
20.544360876083374,10163
20.571532726287842,10162
20.598715782165527,10161
20.62590789794922,10160
20.652881860733032,10159
20.679861783981323,10158
20.708213806152344,10157
20.73558473587036,10156
20.763515949249268,10155
20.792656898498535,10154
20.8207688331604,10153
20.848131895065308,10152
20.87539792060852,10151
20.902474641799927,10150
20.93090581893921,10149
20.960875749588013,10148
20.988805770874023,10147
21.016405820846558,10146
21.0436909198761,10145
21.0708270072937,10144
21.097941637039185,10143
21.12518882751465,10142
21.152500867843628,10141
21.179736852645874,10140
21.206825971603394,10139
21.23442792892456,10138
21.26351284980774,10137
21.28976273536682,10136
21.315940856933594,10135
21.35077977180481,10134
21.379461765289307,10133
21.409384965896606,10132
21.437758922576904,10131
21.465046644210815,10130
21.495832681655884,10129
21.5224347114563,10128
21.5488338470459,10127
21.575488805770874,10126
21.60461688041687,10125
21.632874011993408,10124
21.661532878875732,10123
21.68895697593689,10122
21.716227769851685,10121
21.744454860687256,10120
21.773605823516846,10119
21.803021907806396,10118
21.831981897354126,10117
21.859948873519897,10116
21.88738775253296,10115
21.91486382484436,10114
21.94349694252014,10113
21.971065759658813,10112
21.99835705757141,10111
22.02564787864685,10110
22.05285382270813,10109
22.08003282546997,10108
22.106953859329224,10107
22.133920669555664,10106
22.161030769348145,10105
22.189092874526978,10104
22.218840837478638,10103
22.24646306037903,10102
22.273661851882935,10101
22.300755977630615,10100
22.328046798706055,10099
22.355221033096313,10098
22.383161783218384,10097
22.41248083114624,10096
22.440111875534058,10095
22.467973947525024,10094
22.49580979347229,10093
22.522908926010132,10092
22.549954891204834,10091
22.577215909957886,10090
22.60506296157837,10089
22.631470918655396,10088
22.65762996673584,10087
22.683620929718018,10086
22.709824800491333,10085
22.7358820438385,10084
22.762139797210693,10083
22.789668798446655,10082
22.815924882888794,10081
22.84191083908081,10080
22.867929935455322,10079
22.894035816192627,10078
22.92032289505005,10077
22.946481943130493,10076
22.97237467765808,10075
22.998297929763794,10074
23.024104833602905,10073
23.0518798828125,10072
23.079096794128418,10071
23.106752634048462,10070
23.134760856628418,10069
23.161756992340088,10068
23.188457012176514,10067
23.21504783630371,10066
23.24165987968445,10065
23.268244981765747,10064
23.295260906219482,10063
23.323086738586426,10062
23.34990692138672,10061
23.376279830932617,10060
23.402732849121094,10059
23.42909288406372,10058
23.456015825271606,10057
23.48232674598694,10056
23.508949756622314,10055
23.535604000091553,10054
23.562277793884277,10053
23.58880591392517,10052
23.61537003517151,10051
23.641661882400513,10050
23.66820979118347,10049
23.69448494911194,10048
23.721293687820435,10047
23.747716903686523,10046
23.774309873580933,10045
23.80105495452881,10044
23.827696800231934,10043
23.853973627090454,10042
23.881049871444702,10041
23.91019868850708,10040
23.936977863311768,10039
23.96387267112732,10038
23.990235805511475,10037
24.01659393310547,10036
24.04297399520874,10035
24.070093870162964,10034
24.096617937088013,10033
24.122917890548706,10032
24.149863958358765,10031
24.176471710205078,10030
24.2028968334198,10029
24.229376077651978,10028
24.255676984786987,10027
24.282121896743774,10026
24.3086097240448,10025
24.33514094352722,10024
24.361567974090576,10023
24.388829946517944,10022
24.416406869888306,10021
24.443867921829224,10020
24.47053074836731,10019
24.496956825256348,10018
24.523565769195557,10017
24.550389766693115,10016
24.57682991027832,10015
24.60349178314209,10014
24.629719734191895,10013
24.656014919281006,10012
24.68288779258728,10011
24.709819793701172,10010
24.736435890197754,10009
24.762871742248535,10008
24.78919768333435,10007
24.815797805786133,10006
24.842549800872803,10005
24.86914086341858,10004
24.8972008228302,10003
24.923948764801025,10002
24.95049285888672,10001
24.97689175605774,10000
25.003392696380615,9999
25.031594038009644,9998
25.058642864227295,9997
25.085328817367554,9996
25.111697912216187,9995
25.138092756271362,9994
25.165079832077026,9993
25.19164276123047,9992
25.21829891204834,9991
25.24470090866089,9990
25.27112078666687,9989
25.297451734542847,9988
25.32397699356079,9987
25.3501877784729,9986
25.376720905303955,9985
25.403316020965576,9984
25.430006742477417,9983
25.457541942596436,9982
25.48512887954712,9981
25.51175284385681,9980
25.538516998291016,9979
25.56498098373413,9978
25.591667890548706,9977
25.618053913116455,9976
25.644372940063477,9975
25.670758962631226,9974
25.6972439289093,9973
25.724454879760742,9972
25.751205921173096,9971
25.777469873428345,9970
25.80403780937195,9969
25.831384897232056,9968
25.858290910720825,9967
25.884817838668823,9966
25.930808782577515,9965
25.957560777664185,9964
25.98378086090088,9963
26.011491775512695,9962
26.038530826568604,9961
26.065072774887085,9960
26.091364860534668,9959
26.117690801620483,9958
26.143911838531494,9957
26.170153856277466,9956
26.196380853652954,9955
26.222816705703735,9954
26.24903678894043,9953
26.275267839431763,9952
26.30147099494934,9951
26.32785177230835,9950
26.354338884353638,9949
26.380807876586914,9948
26.428627967834473,9947
26.455503940582275,9946
26.481847763061523,9945
26.50840187072754,9944
26.53498673439026,9943
26.561706066131592,9942
26.58816695213318,9941
26.614474058151245,9940
26.640909910202026,9939
26.667743921279907,9938
26.694440841674805,9937
26.721073865890503,9936
26.74757480621338,9935
26.774014949798584,9934
26.80058765411377,9933
26.82708477973938,9932
26.8535897731781,9931
26.880045890808105,9930
26.906288862228394,9929
26.932910919189453,9928
26.959228992462158,9927
26.985646724700928,9926
27.012098789215088,9925
27.0385799407959,9924
27.065501928329468,9923
27.09222674369812,9922
27.11873984336853,9921
27.145024061203003,9920
27.171366930007935,9919
27.19763469696045,9918
27.224079847335815,9917
27.250467777252197,9916
27.276707887649536,9915
27.303183794021606,9914
27.330041885375977,9913
27.35670304298401,9912
27.38318967819214,9911
27.409565925598145,9910
27.436216831207275,9909
27.46289372444153,9908
27.48963475227356,9907
27.516918659210205,9906
27.54423499107361,9905
27.570997714996338,9904
27.597323656082153,9903
27.62383484840393,9902
27.650430917739868,9901
27.67722177505493,9900
27.703937768936157,9899
27.730825901031494,9898
27.757376670837402,9897
27.783731937408447,9896
27.81008005142212,9895
27.836500883102417,9894
27.86281394958496,9893
27.889139890670776,9892
27.915451765060425,9891
27.942059755325317,9890
27.968658924102783,9889
27.997033834457397,9888
28.024568796157837,9887
28.051275730133057,9886
28.077724933624268,9885
28.10398578643799,9884
28.13028383255005,9883
28.156433820724487,9882
28.182718992233276,9881
28.2092387676239,9880
28.23732590675354,9879
28.267242908477783,9878
28.294169902801514,9877
28.320581912994385,9876
28.3472158908844,9875
28.373634815216064,9874
28.400218963623047,9873
28.42702579498291,9872
28.453539848327637,9871
28.479899883270264,9870
28.506375789642334,9869
28.5325608253479,9868
28.55891990661621,9867
28.58536672592163,9866
28.611832857131958,9865
28.638450860977173,9864
28.664875745773315,9863
28.691232681274414,9862
28.717792749404907,9861
28.744142770767212,9860
28.770699739456177,9859
28.797119855880737,9858
28.823444843292236,9857
28.849897861480713,9856
28.876200914382935,9855
28.902588844299316,9854
28.929253816604614,9853
28.955776691436768,9852
28.982131004333496,9851
29.008429765701294,9850
29.03496289253235,9849
29.061924934387207,9848
29.08851385116577,9847
29.11498188972473,9846
29.141429662704468,9845
29.167873859405518,9844
29.194145679473877,9843
29.221190929412842,9842
29.248048782348633,9841
29.27452278137207,9840
29.30104684829712,9839
29.3277907371521,9838
29.369637966156006,9837
29.396050930023193,9836
29.42253589630127,9835
29.449338912963867,9834
29.475671768188477,9833
29.50288677215576,9832
29.529974699020386,9831
29.55942392349243,9830
29.58714771270752,9829
29.613856077194214,9828
29.640217781066895,9827
29.66671586036682,9826
29.693010807037354,9825
29.719258785247803,9824
29.74559187889099,9823
29.771867752075195,9822
29.798062801361084,9821
29.824378728866577,9820
29.8506498336792,9819
29.87745475769043,9818
29.903929710388184,9817
29.93039894104004,9816
29.956970930099487,9815
29.983282804489136,9814
30.009512901306152,9813
30.03578281402588,9812
30.062054872512817,9811
30.088342666625977,9810
30.114476680755615,9809
30.141206741333008,9808
30.16781973838806,9807
30.194217920303345,9806
30.22063183784485,9805
30.24722695350647,9804
30.273499965667725,9803
30.299980878829956,9802
30.3266818523407,9801
30.35326886177063,9800
30.379541635513306,9799
30.405760049819946,9798
30.43264079093933,9797
30.460582971572876,9796
30.48727774620056,9795
30.513795852661133,9794
30.54069685935974,9793
30.56743097305298,9792
30.593856811523438,9791
30.620215892791748,9790
30.64679789543152,9789
30.673402786254883,9788
30.699601888656616,9787
30.726021766662598,9786
30.752393007278442,9785
30.778530836105347,9784
30.805022954940796,9783
30.83226990699768,9782
30.85872983932495,9781
30.885414838790894,9780
30.912790775299072,9779
30.94000267982483,9778
30.982327699661255,9777
31.00919771194458,9776
31.058831930160522,9775
31.085362911224365,9774
31.11190891265869,9773
31.13814687728882,9772
31.16447377204895,9771
31.190756797790527,9770
31.217275857925415,9769
31.243631839752197,9768
31.26994276046753,9767
31.296332836151123,9766
31.32253074645996,9765
31.349010944366455,9764
31.37553095817566,9763
31.401588916778564,9762
31.42805790901184,9761
31.45462989807129,9760
31.481008768081665,9759
31.50745391845703,9758
31.53381896018982,9757
31.561453819274902,9756
31.588904857635498,9755
31.615503787994385,9754
31.64208698272705,9753
31.668665885925293,9752
31.694987773895264,9751
31.721417903900146,9750
31.74801778793335,9749
31.774463891983032,9748
31.80115580558777,9747
31.827719926834106,9746
31.854203939437866,9745
31.880820989608765,9744
31.90742778778076,9743
31.93415665626526,9742
31.960792779922485,9741
31.987164974212646,9740
32.025131702423096,9739
32.05248999595642,9738
32.07954168319702,9737
32.10612082481384,9736
32.13329005241394,9735
32.1597797870636,9734
32.18651080131531,9733
32.212973833084106,9732
32.23964500427246,9731
32.265989780426025,9730
32.292582988739014,9729
32.318747758865356,9728
32.34544897079468,9727
32.37201380729675,9726
32.39859366416931,9725
32.425108909606934,9724
32.45250678062439,9723
32.4916718006134,9722
32.5179967880249,9721
32.545044898986816,9720
32.57173776626587,9719
32.59818482398987,9718
32.62461590766907,9717
32.651381731033325,9716
32.67831301689148,9715
32.70492601394653,9714
32.731281995773315,9713
32.75791072845459,9712
32.784300804138184,9711
32.81067490577698,9710
32.83722686767578,9709
32.863834857940674,9708
32.89146661758423,9707
32.91801190376282,9706
32.94460964202881,9705
32.970855951309204,9704
32.9973247051239,9703
33.02382969856262,9702
33.050214767456055,9701
33.07671403884888,9700
33.10334277153015,9699
33.130544900894165,9698
33.15715193748474,9697
33.183491706848145,9696
33.2098708152771,9695
33.23617076873779,9694
33.264408826828,9693
33.291101932525635,9692
33.317569732666016,9691
33.34426975250244,9690
33.3936288356781,9689
33.42021298408508,9688
33.44675898551941,9687
33.47321176528931,9686
33.49960494041443,9685
33.5258686542511,9684
33.55229592323303,9683
33.57872176170349,9682
33.60481572151184,9681
33.631542682647705,9680
33.65808081626892,9679
33.684441804885864,9678
33.710866928100586,9677
33.73719668388367,9676
33.76439881324768,9675
33.79183268547058,9674
33.819684743881226,9673
33.846323013305664,9672
33.87276291847229,9671
33.89899969100952,9670
33.925215005874634,9669
33.95256185531616,9668
33.97942304611206,9667
34.00592279434204,9666
34.032195806503296,9665
34.05987191200256,9664
34.08648180961609,9663
34.11312699317932,9662
34.13950276374817,9661
34.16609787940979,9660
34.192487955093384,9659
34.21887803077698,9658
34.24515986442566,9657
34.27181696891785,9656
34.298314809799194,9655
34.324941873550415,9654
34.35394477844238,9653
34.38115477561951,9652
34.40776777267456,9651
34.43418598175049,9650
34.46081900596619,9649
34.48721265792847,9648
34.51343393325806,9647
34.5403528213501,9646
34.56708478927612,9645
34.59374475479126,9644
34.62028193473816,9643
34.647536754608154,9642
34.67584490776062,9641
34.70400071144104,9640
34.73540377616882,9639
34.763073682785034,9638
34.79207181930542,9637
34.820828914642334,9636
34.84921884536743,9635
34.87955188751221,9634
34.90748977661133,9633
34.93437385559082,9632
34.96108794212341,9631
34.987732887268066,9630
35.01468801498413,9629
35.042680740356445,9628
35.07155084609985,9627
35.098235845565796,9626
35.12478494644165,9625
35.150972843170166,9624
35.17717099189758,9623
35.20347189903259,9622
35.247676849365234,9621
35.27425694465637,9620
35.301549673080444,9619
35.328309059143066,9618
35.354820728302,9617
35.3813579082489,9616
35.40849590301514,9615
35.436569929122925,9614
35.46366596221924,9613
35.490227937698364,9612
35.51754379272461,9611
35.54444980621338,9610
35.57139468193054,9609
35.598005056381226,9608
35.62486672401428,9607
35.65140891075134,9606
35.678104877471924,9605
35.704683780670166,9604
35.73104691505432,9603
35.758466720581055,9602
35.78521776199341,9601
35.81157875061035,9600
35.83808493614197,9599
35.86441683769226,9598
35.89099597930908,9597
35.91775894165039,9596
35.94622492790222,9595
35.97565293312073,9594
36.00289583206177,9593
36.02990794181824,9592
36.05666470527649,9591
36.08370280265808,9590
36.11035490036011,9589
36.13664484024048,9588
36.163065910339355,9587
36.18955707550049,9586
36.215951919555664,9585
36.242464780807495,9584
36.26899981498718,9583
36.29535794258118,9582
36.32192587852478,9581
36.34831380844116,9580
36.37462401390076,9579
36.40113282203674,9578
36.4273579120636,9577
36.45396089553833,9576
36.4802770614624,9575
36.50878071784973,9574
36.535932779312134,9573
36.562835931777954,9572
36.58934473991394,9571
36.61597967147827,9570
36.64242100715637,9569
36.6700439453125,9568
36.6966278553009,9567
36.72308588027954,9566
36.749995708465576,9565
36.77656292915344,9564
36.802937746047974,9563
36.829312801361084,9562
36.85599684715271,9561
36.88250660896301,9560
36.90909290313721,9559
36.93595886230469,9558
36.96260094642639,9557
36.98917365074158,9556
37.01718282699585,9555
37.04520869255066,9554
37.07275176048279,9553
37.09937000274658,9552
37.125507831573486,9551
37.1520357131958,9550
37.17863392829895,9549
37.20520782470703,9548
37.231478691101074,9547
37.25804805755615,9546
37.28449988365173,9545
37.3109667301178,9544
37.33793067932129,9543
37.36453080177307,9542
37.39082980155945,9541
37.417237758636475,9540
37.443851709365845,9539
37.47031497955322,9538
37.49736189842224,9537
37.524497985839844,9536
37.55244970321655,9535
37.58014965057373,9534
37.60773682594299,9533
37.634605884552,9532
37.66110277175903,9531
37.68749380111694,9530
37.714048624038696,9529
37.74051880836487,9528
37.767338037490845,9527
37.793920040130615,9526
37.820342779159546,9525
37.84677791595459,9524
37.873370885849,9523
37.89972996711731,9522
37.926315784454346,9521
37.95298480987549,9520
37.97962689399719,9519
38.0060088634491,9518
38.03218102455139,9517
38.058939933776855,9516
38.08547878265381,9515
38.11252474784851,9514
38.139612913131714,9513
38.16609287261963,9512
38.192522048950195,9511
38.21895670890808,9510
38.2453248500824,9509
38.27182698249817,9508
38.298425912857056,9507
38.32499098777771,9506
38.35142993927002,9505
38.37774181365967,9504
38.40406394004822,9503
38.43055486679077,9502
38.45733380317688,9501
38.48408579826355,9500
38.51075792312622,9499
38.53749895095825,9498
38.56422305107117,9497
38.590749979019165,9496
38.61724495887756,9495
38.64378881454468,9494
38.67010164260864,9493
38.69652795791626,9492
38.72301483154297,9491
38.749263763427734,9490
38.775845766067505,9489
38.80241107940674,9488
38.82894802093506,9487
38.85564684867859,9486
38.88230872154236,9485
38.908750772476196,9484
38.93564581871033,9483
38.96231985092163,9482
38.988661766052246,9481
39.014983892440796,9480
39.04158282279968,9479
39.06793785095215,9478
39.09437966346741,9477
39.120850801467896,9476
39.14730763435364,9475
39.174017667770386,9474
39.20053291320801,9473
39.22691369056702,9472
39.25349998474121,9471
39.27997279167175,9470
39.30638599395752,9469
39.33300471305847,9468
39.35939979553223,9467
39.3860228061676,9466
39.41278290748596,9465
39.44012689590454,9464
39.46759581565857,9463
39.49441385269165,9462
39.52092385292053,9461
39.54814577102661,9460
39.575294971466064,9459
39.6017427444458,9458
39.62818789482117,9457
39.65480279922485,9456
39.68137764930725,9455
39.707732915878296,9454
39.73401594161987,9453
39.76067090034485,9452
39.787168741226196,9451
39.81361985206604,9450
39.840104818344116,9449
39.8665087223053,9448
39.89298367500305,9447
39.91954588890076,9446
39.94602704048157,9445
39.972635984420776,9444
39.99901485443115,9443
40.02514171600342,9442
40.06391501426697,9441
40.09046292304993,9440
40.11689591407776,9439
40.14331078529358,9438
40.1696457862854,9437
40.196199893951416,9436
40.22273588180542,9435
40.249141693115234,9434
40.27561402320862,9433
40.30220699310303,9432
40.32851266860962,9431
40.355188846588135,9430
40.38166403770447,9429
40.40822100639343,9428
40.43491792678833,9427
40.46148467063904,9426
40.488022804260254,9425
40.51472997665405,9424
40.54116773605347,9423
40.56776404380798,9422
40.59419775009155,9421
40.62054395675659,9420
40.64689373970032,9419
40.67356491088867,9418
40.700079917907715,9417
40.72677183151245,9416
40.75315475463867,9415
40.77972364425659,9414
40.806354999542236,9413
40.83281183242798,9412
40.859317779541016,9411
40.88709878921509,9410
40.914148807525635,9409
40.9409339427948,9408
40.96743679046631,9407
40.99388384819031,9406
41.02055096626282,9405
41.04734683036804,9404
41.07407784461975,9403
41.10091781616211,9402
41.12785577774048,9401
41.15455484390259,9400
41.180980920791626,9399
41.207417726516724,9398
41.23441171646118,9397
41.26097798347473,9396
41.28803992271423,9395
41.31774377822876,9394
41.344557762145996,9393
41.370993852615356,9392
41.39740872383118,9391
41.423840045928955,9390
41.45064568519592,9389
41.47693872451782,9388
41.50344681739807,9387
41.52967405319214,9386
41.556145906448364,9385
41.5825469493866,9384
41.60870885848999,9383
41.63546180725098,9382
41.662346601486206,9381
41.68871879577637,9380
41.71527576446533,9379
41.741681814193726,9378
41.7680459022522,9377
41.794479846954346,9376
41.82082986831665,9375
41.84746289253235,9374
41.874074935913086,9373
41.900495767593384,9372
41.926546812057495,9371
41.953091859817505,9370
41.97957992553711,9369
42.00599980354309,9368
42.0324387550354,9367
42.05893087387085,9366
42.08547782897949,9365
42.11179780960083,9364
42.13816785812378,9363
42.16438388824463,9362
42.19071173667908,9361
42.21781873703003,9360
42.2443368434906,9359
42.271222829818726,9358
42.29794692993164,9357
42.32474875450134,9356
42.35155367851257,9355
42.37805962562561,9354
42.40459489822388,9353
42.43116068840027,9352
42.45774984359741,9351
42.48398804664612,9350
42.51066970825195,9349
42.53725790977478,9348
42.56387281417847,9347
42.59057688713074,9346
42.61786079406738,9345
42.644492864608765,9344
42.685526847839355,9343
42.712124824523926,9342
42.73849868774414,9341
42.76529383659363,9340
42.79177665710449,9339
42.81887888908386,9338
42.84556698799133,9337
42.87185788154602,9336
42.89843988418579,9335
42.9252347946167,9334
42.95220994949341,9333
42.980448722839355,9332
43.00709891319275,9331
43.03393793106079,9330
43.06061387062073,9329
43.08714175224304,9328
43.11364483833313,9327
43.1401150226593,9326
43.16729784011841,9325
43.19391489028931,9324
43.220468044281006,9323
43.2505738735199,9322
43.27916479110718,9321
43.306766748428345,9320
43.334847927093506,9319
43.36345076560974,9318
43.39355707168579,9317
43.42215585708618,9316
43.44892597198486,9315
43.476624965667725,9314
43.50550580024719,9313
43.53222465515137,9312
43.55920481681824,9311
43.585898876190186,9310
43.61229395866394,9309
43.64084792137146,9308
43.668824911117554,9307
43.69576978683472,9306
43.72230291366577,9305
43.748814821243286,9304
43.775230884552,9303
43.80180382728577,9302
43.828208923339844,9301
43.85436964035034,9300
43.8810818195343,9299
43.90779495239258,9298
43.93432569503784,9297
43.96107864379883,9296
43.9874529838562,9295
44.01443672180176,9294
44.041502952575684,9293
44.068312883377075,9292
44.09472894668579,9291
44.12105989456177,9290
44.14752793312073,9289
44.17384886741638,9288
44.200427770614624,9287
44.227033853530884,9286
44.25362682342529,9285
44.28019881248474,9284
44.30695462226868,9283
44.333503007888794,9282
44.36025595664978,9281
44.38674783706665,9280
44.4131498336792,9279
44.43980383872986,9278
44.46660590171814,9277
44.49284791946411,9276
44.520293951034546,9275
44.54712200164795,9274
44.57390475273132,9273
44.600377798080444,9272
44.62694978713989,9271
44.65349578857422,9270
44.68017101287842,9269
44.70642161369324,9268
44.73312592506409,9267
44.75945281982422,9266
44.78589487075806,9265
44.81213974952698,9264
44.83889389038086,9263
44.86527991294861,9262
44.89214372634888,9261
44.91852593421936,9260
44.94559597969055,9259
44.97210764884949,9258
44.99876379966736,9257
45.02517294883728,9256
45.0516517162323,9255
45.0782368183136,9254
45.104986906051636,9253
45.1312997341156,9252
45.158817768096924,9251
45.18589377403259,9250
45.21253681182861,9249
45.23895287513733,9248
45.265515089035034,9247
45.292052030563354,9246
45.31866979598999,9245
45.34533190727234,9244
45.371747732162476,9243
45.39814877510071,9242
45.42464280128479,9241
45.450927734375,9240
45.47766470909119,9239
45.50601768493652,9238
45.53281378746033,9237
45.559717893600464,9236
45.58652877807617,9235
45.61301589012146,9234
45.639617681503296,9233
45.666080713272095,9232
45.692524671554565,9231
45.71903896331787,9230
45.745346784591675,9229
45.771575689315796,9228
45.79821586608887,9227
45.82605600357056,9226
45.854042768478394,9225
45.88129997253418,9224
45.917818784713745,9223
45.94719386100769,9222
45.97621297836304,9221
46.004565715789795,9220
46.03442692756653,9219
46.06200289726257,9218
46.089503049850464,9217
46.120046854019165,9216
46.146352767944336,9215
46.17255401611328,9214
46.19888377189636,9213
46.23193597793579,9212
46.259745836257935,9211
46.286782026290894,9210
46.3141188621521,9209
46.3411078453064,9208
46.36716175079346,9207
46.393547773361206,9206
46.419816970825195,9205
46.4462788105011,9204
46.472967863082886,9203
46.49961972236633,9202
46.525991916656494,9201
46.552942752838135,9200
46.579415798187256,9199
46.60604286193848,9198
46.632290840148926,9197
46.65833878517151,9196
46.68435788154602,9195
46.71043276786804,9194
46.736318826675415,9193
46.762261629104614,9192
46.78833985328674,9191
46.8144257068634,9190
46.84079170227051,9189
46.86684966087341,9188
46.89307689666748,9187
46.91941475868225,9186
46.94573974609375,9185
46.97208786010742,9184
46.998294830322266,9183
47.02451777458191,9182
47.05079197883606,9181
47.076979875564575,9180
47.10329866409302,9179
47.129626750946045,9178
47.15558671951294,9177
47.18198776245117,9176
47.20793175697327,9175
47.2350537776947,9174
47.26189088821411,9173
47.28823184967041,9172
47.314586877822876,9171
47.3410758972168,9170
47.36726403236389,9169
47.393409729003906,9168
47.4197518825531,9167
47.44700479507446,9166
47.47345781326294,9165
47.50047183036804,9164
47.52723264694214,9163
47.55434489250183,9162
47.580952882766724,9161
47.607502698898315,9160
47.63422083854675,9159
47.660666942596436,9158
47.68683385848999,9157
47.71308970451355,9156
47.739821672439575,9155
47.76719903945923,9154
47.79524087905884,9153
47.82228994369507,9152
47.848904848098755,9151
47.8752326965332,9150
47.902036905288696,9149
47.928725719451904,9148
47.955692768096924,9147
47.98346972465515,9146
48.010748863220215,9145
48.03744173049927,9144
48.064523696899414,9143
48.10370469093323,9142
48.13075876235962,9141
48.157859802246094,9140
48.185736894607544,9139
48.21246290206909,9138
48.239338874816895,9137
48.26590585708618,9136
48.29246282577515,9135
48.318723917007446,9134
48.34587073326111,9133
48.37334394454956,9132
48.40006685256958,9131
48.42631196975708,9130
48.4525728225708,9129
48.47865390777588,9128
48.50496006011963,9127
48.53093481063843,9126
48.56056571006775,9125
48.58740472793579,9124
48.61367988586426,9123
48.64008283615112,9122
48.66744780540466,9121
48.69434189796448,9120
48.72207283973694,9119
48.748445987701416,9118
48.774648904800415,9117
48.80511283874512,9116
48.831427812576294,9115
48.86208987236023,9114
48.88877868652344,9113
48.915668964385986,9112
48.94220280647278,9111
48.968689918518066,9110
48.99513077735901,9109
49.02165102958679,9108
49.048091888427734,9107
49.074331760406494,9106
49.10508966445923,9105
49.13276481628418,9104
49.16003370285034,9103
49.18806576728821,9102
49.21917176246643,9101
49.24768376350403,9100
49.2761869430542,9099
49.30509686470032,9098
49.33350872993469,9097
49.3610577583313,9096
49.388826847076416,9095
49.415886878967285,9094
49.44338274002075,9093
49.47047400474548,9092
49.4978768825531,9091
49.52537178993225,9090
49.55331587791443,9089
49.593777894973755,9088
49.6211097240448,9087
49.648382902145386,9086
49.67520475387573,9085
49.70181894302368,9084
49.72822403907776,9083
49.75468873977661,9082
49.78113889694214,9081
49.80755591392517,9080
49.83393883705139,9079
49.86060690879822,9078
49.886913776397705,9077
49.913387060165405,9076
49.940202951431274,9075
49.96657109260559,9074
49.99321389198303,9073
50.019927740097046,9072
50.04672169685364,9071
50.07347273826599,9070
50.09984064102173,9069
50.12706780433655,9068
50.15447783470154,9067
50.18169093132019,9066
50.20855188369751,9065
50.23502969741821,9064
50.26149368286133,9063
50.287797689437866,9062
50.31437873840332,9061
50.34125089645386,9060
50.368183851242065,9059
50.39577674865723,9058
50.42337989807129,9057
50.450522899627686,9056
50.47737503051758,9055
50.50384187698364,9054
50.53026485443115,9053
50.55716300010681,9052
50.58352780342102,9051
50.60976481437683,9050
50.63625979423523,9049
50.66259980201721,9048
50.689311027526855,9047
50.716081857681274,9046
50.74274277687073,9045
50.76922678947449,9044
50.79561400413513,9043
50.8219428062439,9042
50.848392963409424,9041
50.87469291687012,9040
50.90092587471008,9039
50.92748188972473,9038
50.95432686805725,9037
50.980790853500366,9036
51.007351875305176,9035
51.03376078605652,9034
51.06079387664795,9033
51.087636947631836,9032
51.114051818847656,9031
51.140533685684204,9030
51.16688084602356,9029
51.193198919296265,9028
51.240861892700195,9027
51.26742887496948,9026
51.294036865234375,9025
51.34053587913513,9024
51.36773681640625,9023
51.394330739974976,9022
51.44268870353699,9021
51.46921682357788,9020
51.495749950408936,9019
51.52229976654053,9018
51.54898476600647,9017
51.57597899436951,9016
51.60264778137207,9015
51.62933588027954,9014
51.65600895881653,9013
51.683106899261475,9012
51.709659814834595,9011
51.73597073554993,9010
51.762446880340576,9009
51.788795948028564,9008
51.81505799293518,9007
51.841458797454834,9006
51.86780500411987,9005
51.89423680305481,9004
51.92091965675354,9003
51.94776773452759,9002
51.97442388534546,9001
52.00089979171753,9000
52.05079507827759,8999
52.07752299308777,8998
52.10406303405762,8997
52.13027000427246,8996
52.15683674812317,8995
52.183164834976196,8994
52.2097008228302,8993
52.23622465133667,8992
52.26301598548889,8991
52.28950476646423,8990
52.31619691848755,8989
52.342851877212524,8988
52.36954593658447,8987
52.396509885787964,8986
52.4246768951416,8985
52.45120286941528,8984
52.477794885635376,8983
52.50405192375183,8982
52.53065490722656,8981
52.55745482444763,8980
52.58405780792236,8979
52.61066174507141,8978
52.637420654296875,8977
52.66378593444824,8976
52.690418004989624,8975
52.71684384346008,8974
52.743162870407104,8973
52.76968574523926,8972
52.79612493515015,8971
52.822412729263306,8970
52.84910273551941,8969
52.875515937805176,8968
52.90226483345032,8967
52.92899489402771,8966
52.955824851989746,8965
52.98381805419922,8964
53.01045083999634,8963
53.03793382644653,8962
53.06484365463257,8961
53.09180808067322,8960
53.118525981903076,8959
53.14491391181946,8958
53.17161178588867,8957
53.199201822280884,8956
53.22634983062744,8955
53.253039836883545,8954
53.27956795692444,8953
53.30596303939819,8952
53.33264684677124,8951
53.36015796661377,8950
53.3878128528595,8949
53.416202783584595,8948
53.447381019592285,8947
53.480674743652344,8946
53.50737690925598,8945
53.536951780319214,8944
53.56473183631897,8943
53.59268379211426,8942
53.621134757995605,8941
53.66454577445984,8940
53.69053792953491,8939
53.7320556640625,8938
53.757988929748535,8937
53.789392948150635,8936
53.81708788871765,8935
53.84478688240051,8934
53.87652587890625,8933
53.90308880805969,8932
53.929611682891846,8931
53.956074953079224,8930
53.98215198516846,8929
54.008480072021484,8928
54.034897804260254,8927
54.06117081642151,8926
54.08717584609985,8925
54.1130428314209,8924
54.13906168937683,8923
54.165475845336914,8922
54.19179701805115,8921
54.21784281730652,8920
54.243955850601196,8919
54.27010989189148,8918
54.295997858047485,8917
54.32211375236511,8916
54.34822082519531,8915
54.374247789382935,8914
54.40067195892334,8913
54.426785707473755,8912
54.4710738658905,8911
54.497304916381836,8910
54.52359676361084,8909
54.54988479614258,8908
54.576233863830566,8907
54.60236477851868,8906
54.628315925598145,8905
54.65440487861633,8904
54.680378913879395,8903
54.706265926361084,8902
54.73224496841431,8901
54.75826168060303,8900
54.784422874450684,8899
54.81084871292114,8898
54.83764386177063,8897
54.86399579048157,8896
54.905237674713135,8895
54.93155884742737,8894
54.9578058719635,8893
54.98387575149536,8892
55.00986075401306,8891
55.03627586364746,8890
55.06433176994324,8889
55.09169101715088,8888
55.118335008621216,8887
55.144967794418335,8886
55.17171883583069,8885
55.19847297668457,8884
55.22500681877136,8883
55.25171685218811,8882
55.27810096740723,8881
55.30523705482483,8880
55.33207392692566,8879
55.35855793952942,8878
55.38549876213074,8877
55.412489891052246,8876
55.43905687332153,8875
55.467444896698,8874
55.49571204185486,8873
55.52399277687073,8872
55.55221772193909,8871
55.58068585395813,8870
55.60868573188782,8869
55.636998891830444,8868
55.66514778137207,8867
55.6935088634491,8866
55.72193789482117,8865
55.75026988983154,8864
55.77842879295349,8863
55.80664682388306,8862
55.83494782447815,8861
55.86306095123291,8860
55.89136266708374,8859
55.92059874534607,8858
55.95047879219055,8857
55.979225873947144,8856
56.008410930633545,8855
56.03823494911194,8854
56.06680989265442,8853
56.09506368637085,8852
56.12435793876648,8851
56.15313982963562,8850
56.1818528175354,8849
56.2101776599884,8848
56.23841881752014,8847
56.26672172546387,8846
56.29511284828186,8845
56.3514838218689,8844
56.380178928375244,8843
56.408952713012695,8842
56.43752980232239,8841
56.4661226272583,8840
56.494879961013794,8839
56.523836851119995,8838
56.55250382423401,8837
56.580944776535034,8836
56.60929274559021,8835
56.63782477378845,8834
56.66594576835632,8833
56.69387078285217,8832
56.722065925598145,8831
56.75094676017761,8830
56.7795889377594,8829
56.807814836502075,8828
56.83704876899719,8827
56.86710786819458,8826
56.899186849594116,8825
56.93022584915161,8824
56.95910406112671,8823
57.00030279159546,8822
57.03101086616516,8821
57.06095290184021,8820
57.09449291229248,8819
57.12408185005188,8818
57.152846813201904,8817
57.18233585357666,8816
57.21150279045105,8815
57.240309715270996,8814
57.268754959106445,8813
57.30137395858765,8812
57.33033490180969,8811
57.35734677314758,8810
57.383979082107544,8809
57.4108350276947,8808
57.438931941986084,8807
57.465691804885864,8806
57.49221086502075,8805
57.523029804229736,8804
57.55100083351135,8803
57.57968997955322,8802
57.608266830444336,8801
57.63663578033447,8800
57.66503405570984,8799
57.69916796684265,8798
57.73234987258911,8797
57.761066913604736,8796
57.79002666473389,8795
57.81884980201721,8794
57.84747886657715,8793
57.87589478492737,8792
57.91576290130615,8791
57.96409296989441,8790
57.997697830200195,8789
58.02807569503784,8788
58.0568368434906,8787
58.08516478538513,8786
58.11364984512329,8785
58.14185190200806,8784
58.17106890678406,8783
58.19852805137634,8782
58.22690176963806,8781
58.25412368774414,8780
58.284647941589355,8779
58.31644797325134,8778
58.34279775619507,8777
58.36913585662842,8776
58.395344972610474,8775
58.42234683036804,8774
58.44999670982361,8773
58.48073983192444,8772
58.54079270362854,8771
58.58212471008301,8770
58.60967183113098,8769
58.637717723846436,8768
58.6768217086792,8767
58.72310400009155,8766
58.75999999046326,8765
58.79811096191406,8764
58.83492183685303,8763
58.86905598640442,8762
58.89732885360718,8761
58.92474389076233,8760
58.963176012039185,8759
58.995396852493286,8758
59.0237557888031,8757
59.050877809524536,8756
59.078070640563965,8755
59.10478186607361,8754
59.13157677650452,8753
59.158275842666626,8752
59.1879448890686,8751
59.22038984298706,8750
59.2534499168396,8749
59.290427923202515,8748
59.324925899505615,8747
59.35725975036621,8746
59.3890118598938,8745
59.42461681365967,8744
59.46205687522888,8743
59.493767976760864,8742
59.52258086204529,8741
59.55114388465881,8740
59.580769777297974,8739
59.60897779464722,8738
59.63647699356079,8737
59.663567781448364,8736
59.69043779373169,8735
59.71779274940491,8734
59.744749784469604,8733
59.77140474319458,8732
59.79836392402649,8731
59.825226068496704,8730
59.85189986228943,8729
59.878822803497314,8728
59.90551972389221,8727
59.932883977890015,8726
59.959716796875,8725
59.986806869506836,8724
60.01396203041077,8723
60.040780782699585,8722
60.067883014678955,8721
60.09485483169556,8720
60.122002840042114,8719
60.14919185638428,8718
60.17594075202942,8717
60.202666997909546,8716
60.22965979576111,8715
60.25635385513306,8714
60.283352851867676,8713
60.31007695198059,8712
60.337021827697754,8711
60.363985776901245,8710
60.39132499694824,8709
60.42237591743469,8708
60.451627016067505,8707
60.48549294471741,8706
60.51442885398865,8705
60.54611778259277,8704
60.57593083381653,8703
60.60449171066284,8702
60.632948875427246,8701
60.66038203239441,8700
60.68655800819397,8699
60.71257281303406,8698
60.738510847091675,8697
60.76471281051636,8696
60.790709018707275,8695
60.81659388542175,8694
60.84258270263672,8693
60.87097764015198,8692
60.900813817977905,8691
60.928940773010254,8690
60.955901861190796,8689
60.982794761657715,8688
61.010586738586426,8687
61.039615869522095,8686
61.06678295135498,8685
61.09380793571472,8684
61.1204788684845,8683
61.14677095413208,8682
61.17297983169556,8681
61.19953274726868,8680
61.22564888000488,8679
61.25230383872986,8678
61.27876305580139,8677
61.30524969100952,8676
61.33179497718811,8675
61.35825490951538,8674
61.384724855422974,8673
61.41134691238403,8672
61.437591791152954,8671
61.46401786804199,8670
61.49049663543701,8669
61.51692581176758,8668
61.54358792304993,8667
61.57075476646423,8666
61.59772086143494,8665
61.62466263771057,8664
61.651291847229004,8663
61.67809987068176,8662
61.70479083061218,8661
61.731438875198364,8660
61.75820970535278,8659
61.785239696502686,8658
61.81344389915466,8657
61.84065270423889,8656
61.87097978591919,8655
61.8981819152832,8654
61.947221755981445,8653
61.973819971084595,8652
62.0002818107605,8651
62.026702880859375,8650
62.0529248714447,8649
62.07921886444092,8648
62.10532784461975,8647
62.131449937820435,8646
62.17194867134094,8645
62.19796371459961,8644
62.22420001029968,8643
62.250579833984375,8642
62.276962757110596,8641
62.30330681800842,8640
62.32973861694336,8639
62.355979681015015,8638
62.38224792480469,8637
62.40833377838135,8636
62.434484004974365,8635
62.46064376831055,8634
62.48687171936035,8633
62.51305603981018,8632
62.53955578804016,8631
62.565807819366455,8630
62.59218788146973,8629
62.61830687522888,8628
62.644437074661255,8627
62.670602798461914,8626
62.696709871292114,8625
62.72282600402832,8624
62.74882793426514,8623
62.77477192878723,8622
62.800861835479736,8621
62.82667589187622,8620
62.85289192199707,8619
62.879095792770386,8618
62.90518569946289,8617
62.93173789978027,8616
62.958101749420166,8615
62.98431181907654,8614
63.01086974143982,8613
63.038031816482544,8612
63.066272020339966,8611
63.09359788894653,8610
63.120142698287964,8609
63.14775776863098,8608
63.17517971992493,8607
63.20233178138733,8606
63.229100704193115,8605
63.25613069534302,8604
63.282853841781616,8603
63.30944085121155,8602
63.33625078201294,8601
63.36287593841553,8600
63.40856385231018,8599
63.43513774871826,8598
63.46200180053711,8597
63.4889657497406,8596
63.51612687110901,8595
63.5440788269043,8594
63.57134389877319,8593
63.59818768501282,8592
63.62616777420044,8591
63.65389585494995,8590
63.6817569732666,8589
63.710005044937134,8588
63.736997842788696,8587
63.763813972473145,8586
63.790493965148926,8585
63.82064080238342,8584
63.84743881225586,8583
63.874369859695435,8582
63.90924072265625,8581
63.93595767021179,8580
63.96235394477844,8579
63.98916792869568,8578
64.01543879508972,8577
64.04165363311768,8576
64.06799578666687,8575
64.09400296211243,8574
64.12012076377869,8573
64.14655065536499,8572
64.17285299301147,8571
64.19901084899902,8570
64.22545003890991,8569
64.25191473960876,8568
64.278639793396,8567
64.30531191825867,8566
64.33184790611267,8565
64.35840892791748,8564
64.38479280471802,8563
64.4114887714386,8562
64.43836688995361,8561
64.46518683433533,8560
64.49194884300232,8559
64.518798828125,8558
64.54565095901489,8557
64.57216000556946,8556
64.59831190109253,8555
64.62462782859802,8554
64.65127778053284,8553
64.67768502235413,8552
64.70425391197205,8551
64.73090887069702,8550
64.7572009563446,8549
64.78382897377014,8548
64.81050395965576,8547
64.840402841568,8546
64.86813497543335,8545
64.89566087722778,8544
64.92668795585632,8543
64.95488786697388,8542
64.98219776153564,8541
65.01100397109985,8540
65.03880286216736,8539
65.06630086898804,8538
65.09351778030396,8537
65.12122988700867,8536
65.15029573440552,8535
65.17816090583801,8534
65.20546674728394,8533
65.23282480239868,8532
65.26021885871887,8531
65.2874219417572,8530
65.31472277641296,8529
65.34183979034424,8528
65.36877965927124,8527
65.3958728313446,8526
65.42302799224854,8525
65.4504189491272,8524
65.47774386405945,8523
65.50513696670532,8522
65.53249788284302,8521
65.56214475631714,8520
65.59168481826782,8519
65.62065577507019,8518
65.64917993545532,8517
65.67815780639648,8516
65.70863580703735,8515
65.7405457496643,8514
65.77121472358704,8513
65.79902982711792,8512
65.8266088962555,8511
65.85397100448608,8510
65.8963840007782,8509
65.92422485351562,8508
65.95192384719849,8507
65.97945785522461,8506
66.00691270828247,8505
66.03584575653076,8504
66.06461071968079,8503
66.09456896781921,8502
66.1245768070221,8501
66.15304780006409,8500
66.18154978752136,8499
66.20952677726746,8498
66.23660182952881,8497
68.96266984939575,8496
69.36190176010132,8495
69.3885760307312,8494
69.41511297225952,8493
69.4416298866272,8492
69.4683108329773,8491
69.4948308467865,8490
69.5215859413147,8489
69.54848170280457,8488
69.5758626461029,8487
69.60258674621582,8486
69.62907695770264,8485
69.65548801422119,8484
69.68180680274963,8483
69.70851373672485,8482
69.73510670661926,8481
69.76172590255737,8480
69.78828597068787,8479
69.81470966339111,8478
69.84144186973572,8477
69.88910484313965,8476
69.91567182540894,8475
71.10974168777466,8474
71.13558077812195,8473
71.16209578514099,8472
72.96408200263977,8471
72.9921989440918,8470
73.01948189735413,8469
73.04665398597717,8468
73.09898591041565,8467
73.12544894218445,8466
73.15181803703308,8465
73.17825078964233,8464
73.24533772468567,8463
73.28431272506714,8462
73.32668805122375,8461
73.37594079971313,8460
73.47036290168762,8459
73.49667477607727,8458
73.55963587760925,8457
73.58669686317444,8456
73.63327169418335,8455
73.6597888469696,8454
73.7220869064331,8453
73.74848079681396,8452
73.80521869659424,8451
73.8555588722229,8450
73.925372838974,8449
73.97760677337646,8448
74.00417470932007,8447
74.07040882110596,8446
74.09717464447021,8445
74.1573429107666,8444
74.18380880355835,8443
74.24713277816772,8442
74.3107647895813,8441
74.37842798233032,8440
74.4047338962555,8439
74.46149778366089,8438
74.48798489570618,8437
74.55147194862366,8436
74.57973194122314,8435
74.6197440624237,8434
74.66200685501099,8433
74.68878078460693,8432
74.76319479942322,8431
74.78959798812866,8430
74.81614899635315,8429
74.86946892738342,8428
74.93120574951172,8427
74.9577968120575,8426
75.01056480407715,8425
75.03722763061523,8424
75.10566473007202,8423
75.13372087478638,8422
75.18245673179626,8421
75.20983290672302,8420
75.26997184753418,8419
75.29652690887451,8418
75.34419274330139,8417
75.37063980102539,8416
75.42564296722412,8415
75.45196485519409,8414
75.49458479881287,8413
75.52125597000122,8412
75.59487795829773,8411
75.63522386550903,8410
75.66575884819031,8409
75.71017980575562,8408
75.75136590003967,8407
75.77777576446533,8406
75.82791686058044,8405
75.85447573661804,8404
75.91747093200684,8403
75.94414591789246,8402
75.98272681236267,8401
76.00923871994019,8400
76.0800347328186,8399
76.10668587684631,8398
76.17280006408691,8397
76.19950699806213,8396
76.2637357711792,8395
76.29026985168457,8394
76.36236071586609,8393
76.40850472450256,8392
76.45621371269226,8391
76.4831759929657,8390
76.53630495071411,8389
76.56336164474487,8388
76.59019780158997,8387
76.61697793006897,8386
76.64386367797852,8385
76.67062187194824,8384
76.69731569290161,8383
76.76679182052612,8382
76.79354977607727,8381
76.83812880516052,8380
76.88094687461853,8379
76.94652485847473,8378
76.97345900535583,8377
77.03916072845459,8376
77.08236074447632,8375
77.1562659740448,8374
77.18388199806213,8373
77.24783492088318,8372
77.2746148109436,8371
77.34010767936707,8370
77.36706900596619,8369
77.42040300369263,8368
77.4715347290039,8367
77.49813771247864,8366
77.57699370384216,8365
77.60449576377869,8364
77.67729473114014,8363
77.70427179336548,8362
77.75301790237427,8361
77.78086566925049,8360
77.80720901489258,8359
77.83365082740784,8358
77.89919590950012,8357
77.92531085014343,8356
77.99906182289124,8355
78.02680563926697,8354
78.09722185134888,8353
78.12382078170776,8352
78.16850900650024,8351
78.21101593971252,8350
78.23776888847351,8349
78.30924701690674,8348
78.38759565353394,8347
78.41381573677063,8346
78.47540783882141,8345
78.52043867111206,8344
78.54635286331177,8343
78.60613894462585,8342
78.6321017742157,8341
78.6875069141388,8340
78.73045468330383,8339
78.75650000572205,8338
78.83366775512695,8337
78.86006689071655,8336
78.94073390960693,8335
78.96757888793945,8334
79.03898191452026,8333
79.06585884094238,8332
79.12656688690186,8331
79.15359377861023,8330
79.20999479293823,8329
79.2367889881134,8328
79.29986476898193,8327
79.32657885551453,8326
79.40351271629333,8325
79.43201184272766,8324
79.50898170471191,8323
79.5355589389801,8322
79.60485982894897,8321
79.63077569007874,8320
79.68786573410034,8319
79.71371483802795,8318
79.7630968093872,8317
79.7890419960022,8316
79.8295087814331,8315
79.85643696784973,8314
79.90733289718628,8313
79.93394899368286,8312
79.99362897872925,8311
80.019770860672,8310
80.08583283424377,8309
80.11340975761414,8308
80.19153594970703,8307
80.23700475692749,8306
80.2857449054718,8305
87.82267761230469,8304
94.81975674629211,8303
97.2453818321228,8302
98.94814586639404,8301
98.97441983222961,8300
99.02493906021118,8299
99.0523328781128,8298
99.08076786994934,8297
99.13470578193665,8296
99.17409777641296,8295
99.7023057937622,8294
99.74274778366089,8293
99.83755278587341,8292
99.86375880241394,8291
99.91150784492493,8290
99.96328973770142,8289
100.06116199493408,8288
100.08851265907288,8287
101.6737790107727,8286
103.2475757598877,8285
103.28826665878296,8284
103.33121490478516,8283
103.37915182113647,8282
103.4230968952179,8281
103.47008085250854,8280
103.51169681549072,8279
103.62735891342163,8278
103.67747378349304,8277
103.70419263839722,8276
103.75691485404968,8275
103.79560399055481,8274
103.84379386901855,8273
103.87045788764954,8272
103.98820996284485,8271
104.04422092437744,8270
104.09013891220093,8269
104.14146590232849,8268
104.18801379203796,8267
104.23839998245239,8266
104.26500296592712,8265
104.31961679458618,8264
104.34999680519104,8263
104.47026896476746,8262
104.5088620185852,8261
104.53518962860107,8260
104.66632199287415,8259
104.70681500434875,8258
104.75029468536377,8257
104.77698683738708,8256
104.81559681892395,8255
104.86196374893188,8254
104.91180276870728,8253
104.9648027420044,8252
105.00543594360352,8251
105.0520007610321,8250
105.1008358001709,8249
105.14168977737427,8248
105.18469476699829,8247
105.23124098777771,8246
105.48869776725769,8245
105.53191781044006,8244
105.57802486419678,8243
105.62745785713196,8242
105.84535503387451,8241
105.88430070877075,8240
106.15599083900452,8239
106.2080647945404,8238
106.24936580657959,8237
106.31836581230164,8236
106.53024077415466,8235
106.57216000556946,8234
106.61420965194702,8233
106.6581027507782,8232
106.85563778877258,8231
106.90390181541443,8230
106.9306046962738,8229
107.15685200691223,8228
107.20247507095337,8227
107.24973583221436,8226
107.52864003181458,8225
107.57187366485596,8224
107.62244200706482,8223
107.87521171569824,8222
107.91397094726562,8221
107.95721197128296,8220
108.02282977104187,8219
108.20829391479492,8218
108.2481780052185,8217
108.32592487335205,8216
108.49363088607788,8215
108.53972363471985,8214
108.73661088943481,8213
108.82179284095764,8212
108.86421203613281,8211
108.90884375572205,8210
108.99130392074585,8209
109.12899780273438,8208
109.2064037322998,8207
109.24625277519226,8206
109.27263283729553,8205
109.477698802948,8204
109.55332589149475,8203
109.57990193367004,8202
109.77240085601807,8201
109.79893779754639,8200
109.85476589202881,8199
110.02904295921326,8198
110.06907296180725,8197
110.13809990882874,8196
110.25740599632263,8195
110.33371686935425,8194
110.38625478744507,8193
110.42719268798828,8192
110.47369503974915,8191
110.58308792114258,8190
110.64907193183899,8189
110.7059006690979,8188
110.76506495475769,8187
110.8721387386322,8186
110.94144082069397,8185
111.00052094459534,8184
111.06470084190369,8183
111.20690989494324,8182
111.26334190368652,8181
111.37832498550415,8180
111.47128391265869,8179
111.54022979736328,8178
111.63818502426147,8177
111.71147584915161,8176
111.80803894996643,8175
111.88928985595703,8174
111.97599697113037,8173
112.06871676445007,8172
112.1614887714386,8171
112.18778586387634,8170
112.23317790031433,8169
112.32940864562988,8168
112.43453478813171,8167
112.46103191375732,8166
112.55892896652222,8165
112.6458649635315,8164
112.74276089668274,8163
112.86652684211731,8162
112.93497776985168,8161
113.03867864608765,8160
113.16382789611816,8159
113.22527885437012,8158
113.25198698043823,8157
113.42878794670105,8156
113.4747200012207,8155
113.50153875350952,8154
113.54688382148743,8153
113.70427966117859,8152
113.75018286705017,8151
113.77745485305786,8150
113.83130383491516,8149
114.02254271507263,8148
114.06379294395447,8147
114.29523372650146,8146
114.34001469612122,8145
114.37860202789307,8144
114.42670178413391,8143
114.65620875358582,8142
114.70145678520203,8141
114.74728083610535,8140
114.79512786865234,8139
115.03125286102295,8138
115.08131265640259,8137
115.10802483558655,8136
115.148521900177,8135
115.37867593765259,8134
115.42771673202515,8133
115.47613596916199,8132
115.5286967754364,8131
115.68534088134766,8130
115.72693300247192,8129
115.77849888801575,8128
115.96749377250671,8127
116.0176248550415,8126
116.08138871192932,8125
116.309161901474,8124
116.35556983947754,8123
116.45519995689392,8122
116.57233095169067,8121
116.67716193199158,8120
116.87828874588013,8119
116.92283487319946,8118
116.98760676383972,8117
117.16925692558289,8116
117.22106671333313,8115
117.26034283638,8114
117.52930283546448,8113
117.5804398059845,8112
117.62594795227051,8111
117.67980980873108,8110
117.72925806045532,8109
117.77098178863525,8108
117.79819989204407,8107
117.82518887519836,8106
117.9623498916626,8105
118.0041606426239,8104
118.05560493469238,8103
118.08212280273438,8102
118.12091279029846,8101
118.16884589195251,8100
118.2121160030365,8099
118.26337790489197,8098
118.3222086429596,8097
118.39079284667969,8096
118.42978882789612,8095
118.48101377487183,8094
118.52672076225281,8093
118.5738787651062,8092
118.61512398719788,8091
118.66673994064331,8090
118.69366669654846,8089
118.73497486114502,8088
118.78686380386353,8087
118.86102080345154,8086
118.90241074562073,8085
118.95183372497559,8084
118.9978539943695,8083
119.04614472389221,8082
119.09659075737,8081
119.13492894172668,8080
119.17916965484619,8079
119.22607803344727,8078
119.27641606330872,8077
119.32891488075256,8076
119.36779499053955,8075
119.41039896011353,8074
119.43689393997192,8073
119.47591185569763,8072
119.5150637626648,8071
119.56257390975952,8070
119.80987501144409,8069
119.85403180122375,8068
119.90194892883301,8067
120.12615299224854,8066
120.16925382614136,8065
120.21392369270325,8064
120.26206374168396,8063
120.44099998474121,8062
120.49150896072388,8061
120.53512573242188,8060
120.58081269264221,8059
120.78874278068542,8058
120.88565468788147,8057
120.92785882949829,8056
121.14747071266174,8055
121.17404580116272,8054
121.20038199424744,8053
121.24372100830078,8052
121.43369197845459,8051
121.47726893424988,8050
121.52278780937195,8049
121.57188773155212,8048
121.6139018535614,8047
121.79404187202454,8046
121.83636260032654,8045
121.88444375991821,8044
121.93624877929688,8043
122.16147375106812,8042
122.20101976394653,8041
122.24412178993225,8040
122.28955602645874,8039
122.51466870307922,8038
122.56709790229797,8037
122.60708999633789,8036
122.65039587020874,8035
122.86129689216614,8034
122.9136610031128,8033
122.96711874008179,8032
123.09526181221008,8031
123.17426776885986,8030
123.2156937122345,8029
123.38024973869324,8028
123.42450094223022,8027
123.48326468467712,8026
123.69580793380737,8025
123.74400067329407,8024
123.81685781478882,8023
124.02671480178833,8022
124.06602764129639,8021
124.1144757270813,8020
124.15764689445496,8019
124.34502673149109,8018
124.39254784584045,8017
124.4791009426117,8016
124.64734387397766,8015
124.73714280128479,8014
124.86012291908264,8013
124.88699769973755,8012
124.96688580513,8011
125.10641479492188,8010
125.13298892974854,8009
125.18014478683472,8008
125.36666178703308,8007
125.41454792022705,8006
125.44103789329529,8005
125.62879180908203,8004
125.67911076545715,8003
125.70567393302917,8002
125.89497661590576,8001
125.93652200698853,8000
125.96286797523499,7999
126.00610375404358,7998
126.19198894500732,7997
126.23479080200195,7996
126.26072096824646,7995
126.31127882003784,7994
126.4813346862793,7993
126.53295683860779,7992
126.55992579460144,7991
126.7417049407959,7990
126.7932858467102,7989
126.81938099861145,7988
126.86582565307617,7987
127.0274109840393,7986
127.07501864433289,7985
127.1021728515625,7984
127.28365874290466,7983
127.31012678146362,7982
127.35053181648254,7981
127.5590648651123,7980
127.60198283195496,7979
127.62879276275635,7978
127.67583179473877,7977
127.82784795761108,7976
127.87548089027405,7975
127.92541480064392,7974
128.01000785827637,7973
128.12790894508362,7972
128.182945728302,7971
128.22408294677734,7970
128.31297278404236,7969
128.44048166275024,7968
128.4849967956543,7967
128.56867265701294,7966
128.61346578598022,7965
128.7896556854248,7964
128.81697988510132,7963
128.8879578113556,7962
129.02856183052063,7961
129.07654190063477,7960
129.10272574424744,7959
129.27731204032898,7958
129.3032398223877,7957
129.34493374824524,7956
129.39196801185608,7955
129.61335682868958,7954
129.663920879364,7953
129.7133538722992,7952
129.8021388053894,7951
129.92840886116028,7950
130.0431067943573,7949
130.0878279209137,7948
130.19681787490845,7947
130.3171248435974,7946
130.3994266986847,7945
130.45039582252502,7944
130.5466456413269,7943
130.67861485481262,7942
130.76214981079102,7941
130.81181383132935,7940
131.1117808818817,7939
131.15437865257263,7938
131.20056581497192,7937
131.393296957016,7936
131.44173288345337,7935
131.4921817779541,7934
131.54494190216064,7933
131.7515618801117,7932
132.24541068077087,7931
132.31212973594666,7930
132.44465589523315,7929
132.4953076839447,7928
132.57129883766174,7927
132.60977697372437,7926
132.7211310863495,7925
132.76920199394226,7924
132.86917185783386,7923
132.89672565460205,7922
133.02151679992676,7921
133.08001470565796,7920
133.1337926387787,7919
133.23957300186157,7918
133.2922809123993,7917
133.419047832489,7916
133.46024179458618,7915
133.57335567474365,7914
133.599515914917,7913
133.72519397735596,7912
133.76634764671326,7911
133.90538382530212,7910
133.95631170272827,7909
134.05130195617676,7908
134.19898867607117,7907
134.2880458831787,7906
134.3490288257599,7905
134.43287301063538,7904
134.49319767951965,7903
134.5611698627472,7902
134.65213704109192,7901
134.7514088153839,7900
134.95746994018555,7899
135.0428078174591,7898
135.11144495010376,7897
135.18982791900635,7896
135.21621894836426,7895
135.28572583198547,7894
135.32803773880005,7893
135.39478182792664,7892
135.50268864631653,7891
135.59445977210999,7890
135.68741989135742,7889
135.73481678962708,7888
135.7942168712616,7887
135.9172248840332,7886
136.00449585914612,7885
136.08600568771362,7884
136.29565596580505,7883
136.36144995689392,7882
136.47763681411743,7881
136.51994395256042,7880
136.62991166114807,7879
136.67527985572815,7878
136.80551886558533,7877
136.8533136844635,7876
136.95059204101562,7875
136.9774467945099,7874
137.08926796913147,7873
137.1296899318695,7872
137.1560218334198,7871
137.2484917640686,7870
137.2759449481964,7869
137.40839982032776,7868
137.44120383262634,7867
137.53757071495056,7866
137.58963203430176,7865
137.6951549053192,7864
137.73392581939697,7863
137.81056380271912,7862
137.87838697433472,7861
137.96885466575623,7860
138.02689695358276,7859
138.08294463157654,7858
138.22223496437073,7857
138.29213690757751,7856
138.378919839859,7855
138.4638500213623,7854
138.55325889587402,7853
138.59441471099854,7852
138.65750789642334,7851
138.7543637752533,7850
138.94090700149536,7849
139.0112509727478,7848
139.10034370422363,7847
139.18699884414673,7846
139.28606176376343,7845
139.36705684661865,7844
139.4194188117981,7843
139.48701786994934,7842
139.61861371994019,7841
139.6636779308319,7840
139.7472848892212,7839
139.8074769973755,7838
139.85057377815247,7837
139.99356698989868,7836
140.11458373069763,7835
143.83108687400818,7834
143.85763263702393,7833
143.88449573516846,7832
143.93602180480957,7831
143.96320486068726,7830
143.99015402793884,7829
144.01714777946472,7828
144.04407286643982,7827
144.0714807510376,7826
144.09792280197144,7825
144.1243028640747,7824
144.15068292617798,7823
144.17726492881775,7822
144.20372772216797,7821
144.23046398162842,7820
144.25699377059937,7819
144.28388285636902,7818
144.310528755188,7817
144.33702993392944,7816
144.36364078521729,7815
144.39058780670166,7814
144.41747999191284,7813
144.44407892227173,7812
144.47050976753235,7811
144.5227768421173,7810
144.55027270317078,7809
144.57662272453308,7808
144.60284185409546,7807
144.62901306152344,7806
144.65512871742249,7805
144.6812288761139,7804
144.7070758342743,7803
144.768168926239,7802
144.8358919620514,7801
144.86213374137878,7800
144.88831782341003,7799
144.9145348072052,7798
144.95293068885803,7797
144.97909879684448,7796
145.00508379936218,7795
145.03159880638123,7794
145.05937695503235,7793
145.13121271133423,7792
145.15764093399048,7791
145.18434286117554,7790
145.2337818145752,7789
145.26033473014832,7788
145.3011918067932,7787
145.32772183418274,7786
145.35420393943787,7785
145.38063788414001,7784
145.40715193748474,7783
145.4336748123169,7782
145.4810528755188,7781
145.50846481323242,7780
145.5352337360382,7779
145.57416486740112,7778
145.6008758544922,7777
145.62739205360413,7776
145.6541976928711,7775
145.6809117794037,7774
145.7204020023346,7773
145.7470417022705,7772
145.77366399765015,7771
145.80039978027344,7770
145.8269488811493,7769
145.85375380516052,7768
145.9215338230133,7767
145.94841885566711,7766
145.97480487823486,7765
146.001455783844,7764
146.02907586097717,7763
147.87589287757874,7762
147.90374088287354,7761
147.93192982673645,7760
147.95899486541748,7759
147.98557686805725,7758
148.01209664344788,7757
148.0387089252472,7756
148.06549882888794,7755
148.09223675727844,7754
148.11903166770935,7753
148.1634509563446,7752
148.20624375343323,7751
148.23296999931335,7750
148.28082370758057,7749
148.3074917793274,7748
148.33447885513306,7747
148.3612916469574,7746
148.38784289360046,7745
148.41428184509277,7744
148.4410228729248,7743
148.46766066551208,7742
148.52854681015015,7741
148.5726616382599,7740
148.59966373443604,7739
148.62620878219604,7738
148.652982711792,7737
148.99635100364685,7736
149.03722381591797,7735
149.07599997520447,7734
149.13429284095764,7733
149.23616886138916,7732
149.28542065620422,7731
149.49935388565063,7730
149.57252883911133,7729
149.7074019908905,7728
149.82393884658813,7727
149.89909982681274,7726
150.00146985054016,7725
150.0472707748413,7724
150.0991518497467,7723
150.99041175842285,7722
152.19005584716797,7721
152.28770279884338,7720
152.41991782188416,7719
152.48405194282532,7718
152.6309666633606,7717
152.74833488464355,7716
152.80126976966858,7715
152.9433867931366,7714
153.00696682929993,7713
153.05226492881775,7712
153.1393437385559,7711
153.18361973762512,7710
153.22825980186462,7709
153.31755876541138,7708
153.43953490257263,7707
153.5455780029297,7706
153.65534687042236,7705
153.70214891433716,7704
153.75374960899353,7703
153.80558967590332,7702
155.74405884742737,7701
156.2394449710846,7700
156.2667417526245,7699
156.315575838089,7698
156.34355568885803,7697
156.42842769622803,7696
157.15991687774658,7695
157.26756882667542,7694
157.35743474960327,7693
157.43297696113586,7692
157.51422786712646,7691
157.623144865036,7690
157.689062833786,7689
157.7640037536621,7688
157.8480348587036,7687
157.9035198688507,7686
157.9917938709259,7685
158.15904474258423,7684
158.23180174827576,7683
158.29868984222412,7682
158.3604507446289,7681
158.50837182998657,7680
158.59080386161804,7679
158.65604877471924,7678
158.7279758453369,7677
158.82670974731445,7676
158.90207695960999,7675
159.0049488544464,7674
159.07913088798523,7673
159.15644788742065,7672
159.2427179813385,7671
159.34641695022583,7670
159.4178228378296,7669
159.48014283180237,7668
159.6483359336853,7667
159.72764801979065,7666
159.79764103889465,7665
159.8755247592926,7664
160.09726476669312,7663
160.32424664497375,7662
160.37966895103455,7661
160.4258849620819,7660
160.49761271476746,7659
160.75849771499634,7658
160.8422417640686,7657
160.91440081596375,7656
161.00226378440857,7655
161.0798180103302,7654
161.23667883872986,7653
161.3080608844757,7652
161.36640787124634,7651
161.4395787715912,7650
161.52147793769836,7649
161.70579981803894,7648
161.77965688705444,7647
161.80635285377502,7646
161.87809371948242,7645
161.9908926486969,7644
162.1059126853943,7643
162.19212865829468,7642
162.30461072921753,7641
162.3310956954956,7640
162.46391892433167,7639
162.65124988555908,7638
162.75094771385193,7637
162.8648099899292,7636
163.08250665664673,7635
163.17496299743652,7634
163.23846673965454,7633
163.36020278930664,7632
163.46981191635132,7631
163.537291765213,7630
163.65784287452698,7629
163.71148872375488,7628
163.78407406806946,7627
163.89179873466492,7626
164.0142617225647,7625
164.09582781791687,7624
164.1878080368042,7623
164.2143039703369,7622
164.26793670654297,7621
164.29480075836182,7620
164.42524981498718,7619
164.50742387771606,7618
164.59019589424133,7617
164.6707637310028,7616
164.7506387233734,7615
164.83102583885193,7614
164.90241169929504,7613
164.96175575256348,7612
165.1438488960266,7611
165.2152168750763,7610
165.31895685195923,7609
165.50398969650269,7608
165.57555103302002,7607
165.63839268684387,7606
165.6946258544922,7605
165.81659984588623,7604
165.8791139125824,7603
165.98707580566406,7602
166.11381101608276,7601
166.1732428073883,7600
166.24039578437805,7599
166.28108072280884,7598
166.373064994812,7597
166.44875288009644,7596
166.62266492843628,7595
166.72766971588135,7594
166.80882287025452,7593
166.8493766784668,7592
166.93073797225952,7591
167.00332069396973,7590
167.1617569923401,7589
167.3815758228302,7588
167.46719598770142,7587
167.692804813385,7586
167.84026074409485,7585
167.89736080169678,7584
167.94627475738525,7583
168.21010088920593,7582
168.32029175758362,7581
168.45772171020508,7580
168.61283993721008,7579
168.65410375595093,7578
168.76385068893433,7577
168.80428385734558,7576
169.0496118068695,7575
169.2266719341278,7574
169.29058384895325,7573
169.33628582954407,7572
169.45357584953308,7571
169.5080850124359,7570
169.7421009540558,7569
169.8115918636322,7568
169.88749170303345,7567
170.0296049118042,7566
170.2254400253296,7565
170.33588671684265,7564
170.40709376335144,7563
170.53166389465332,7562
170.5957236289978,7561
170.69426107406616,7560
170.81040287017822,7559
170.86499881744385,7558
170.98698091506958,7557
171.14484190940857,7556
171.2159628868103,7555
171.33444380760193,7554
171.4181866645813,7553
171.46879076957703,7552
171.63511490821838,7551
171.6992347240448,7550
171.76624274253845,7549
171.9428858757019,7548
172.11125087738037,7547
172.2136619091034,7546
172.2731318473816,7545
172.49557781219482,7544
172.79461288452148,7543
172.92613577842712,7542
173.09683895111084,7541
173.43323588371277,7540
173.49013090133667,7539
173.56172585487366,7538
173.69726085662842,7537
173.76033902168274,7536
173.96409606933594,7535
174.01794981956482,7534
174.06175589561462,7533
174.50371193885803,7532
174.5962188243866,7531
174.6578528881073,7530
174.72753477096558,7529
174.75576090812683,7528
174.88388466835022,7527
175.00475072860718,7526
175.0917649269104,7525
175.15807485580444,7524
175.23296475410461,7523
175.28721284866333,7522
175.40028285980225,7521
175.48431277275085,7520
175.55514669418335,7519
175.5815727710724,7518
175.67244863510132,7517
175.7908637523651,7516
175.84669184684753,7515
175.93266987800598,7514
176.0674638748169,7513
176.16760683059692,7512
176.2604877948761,7511
176.47020292282104,7510
176.55523085594177,7509
176.59594702720642,7508
176.71744799613953,7507
176.86244893074036,7506
176.98448991775513,7505
177.11534595489502,7504
177.21608185768127,7503
177.42176580429077,7502
177.51266884803772,7501
177.562326669693,7500
177.6722538471222,7499
177.71678972244263,7498
177.85923981666565,7497
177.93592405319214,7496
178.01376390457153,7495
178.14518570899963,7494
178.21911573410034,7493
178.28888082504272,7492
178.34897780418396,7491
178.40395283699036,7490
178.61034989356995,7489
178.68081283569336,7488
178.75917291641235,7487
178.83737778663635,7486
178.9306869506836,7485
179.0047619342804,7484
179.08233189582825,7483
179.12710189819336,7482
179.18959784507751,7481
179.2995159626007,7480
179.4379599094391,7479
179.48566889762878,7478
179.59276795387268,7477
179.66901993751526,7476
179.76646995544434,7475
179.87697100639343,7474
180.00190687179565,7473
180.1314058303833,7472
180.35917592048645,7471
180.5969557762146,7470
180.68234276771545,7469
180.88304686546326,7468
181.24232983589172,7467
181.32635879516602,7466
181.40163469314575,7465
181.58953285217285,7464
181.67373967170715,7463
181.79074478149414,7462
182.02395701408386,7461
182.1394338607788,7460
182.3985948562622,7459
182.4965877532959,7458
182.54203295707703,7457
182.71158289909363,7456
182.76284074783325,7455
182.92811703681946,7454
183.01879978179932,7453
183.12532377243042,7452
183.43804788589478,7451
183.50214099884033,7450
183.59290885925293,7449
183.8546278476715,7448
183.99946880340576,7447
184.0898928642273,7446
184.16553497314453,7445
184.27490091323853,7444
184.34478068351746,7443
184.55048179626465,7442
184.62425875663757,7441
184.6898787021637,7440
184.77776074409485,7439
184.8908839225769,7438
185.03794980049133,7437
185.16583585739136,7436
185.32456398010254,7435
185.40434169769287,7434
185.45495676994324,7433
185.53702783584595,7432
185.60121870040894,7431
185.6401219367981,7430
185.74332189559937,7429
185.89707779884338,7428
185.9566297531128,7427
186.0268590450287,7426
186.09158301353455,7425
186.1572606563568,7424
186.25773978233337,7423
186.38512182235718,7422
186.49145770072937,7421
186.56161284446716,7420
186.6387300491333,7419
186.84044289588928,7418
186.8998007774353,7417
186.9793517589569,7416
187.05901288986206,7415
187.09887385368347,7414
187.17445468902588,7413
187.24888396263123,7412
187.36725306510925,7411
187.42331385612488,7410
187.49192571640015,7409
187.5592749118805,7408
187.60131192207336,7407
187.67594981193542,7406
187.7515618801117,7405
188.0789759159088,7404
188.1394329071045,7403
188.21657299995422,7402
188.28035688400269,7401
188.35605883598328,7400
188.42911386489868,7399
188.48656797409058,7398
188.70024180412292,7397
188.79323863983154,7396
188.8725929260254,7395
188.945574760437,7394
189.00504875183105,7393
189.06020092964172,7392
189.12343192100525,7391
189.26889181137085,7390
189.33755493164062,7389
189.41036295890808,7388
189.47994875907898,7387
189.5745759010315,7386
189.81199598312378,7385
189.89236283302307,7384
189.95203590393066,7383
190.03069281578064,7382
190.08610796928406,7381
190.15642666816711,7380
190.2383108139038,7379
190.3356056213379,7378
190.41168594360352,7377
190.51458382606506,7376
190.57410883903503,7375
190.7110779285431,7374
190.85841488838196,7373
190.905268907547,7372
190.9936819076538,7371
191.1396508216858,7370
191.24791502952576,7369
191.36706376075745,7368
191.52547693252563,7367
191.7357897758484,7366
191.79808282852173,7365
191.8506498336792,7364
192.00563979148865,7363
192.26239800453186,7362
192.33313488960266,7361
192.3958718776703,7360
192.4603579044342,7359
192.70998191833496,7358
192.87181282043457,7357
192.94612789154053,7356
193.0174469947815,7355
193.09663271903992,7354
193.26743507385254,7353
193.3386368751526,7352
193.39869594573975,7351
193.47280168533325,7350
193.57015681266785,7349
193.62495183944702,7348
193.69165968894958,7347
193.75954794883728,7346
193.83374285697937,7345
193.8720977306366,7344
193.92555594444275,7343
193.9665927886963,7342
194.03899693489075,7341
194.08328676223755,7340
194.49718689918518,7339
194.81404089927673,7338
194.89464497566223,7337
194.97835397720337,7336
195.29770708084106,7335
195.4425699710846,7334
195.62010073661804,7333
195.74685192108154,7332
195.91457271575928,7331
196.05945992469788,7330
196.13038086891174,7329
196.24081778526306,7328
196.29661583900452,7327
196.37544989585876,7326
196.7327527999878,7325
197.01645493507385,7324
197.10830903053284,7323
197.17416381835938,7322
197.25475192070007,7321
197.28196477890015,7320
197.34121680259705,7319
197.4943778514862,7318
197.61325693130493,7317
197.66798973083496,7316
197.77858591079712,7315
197.85106086730957,7314
197.91532588005066,7313
197.97472476959229,7312
198.04561185836792,7311
198.17446303367615,7310
198.2203290462494,7309
198.28008890151978,7308
198.340402841568,7307
198.4134488105774,7306
198.4826328754425,7305
198.62252593040466,7304
198.69854283332825,7303
198.77635979652405,7302
198.87611174583435,7301
198.9505386352539,7300
199.0683627128601,7299
199.14762783050537,7298
199.23849606513977,7297
199.33672189712524,7296
199.4853949546814,7295
199.59585285186768,7294
199.75154376029968,7293
199.8734848499298,7292
200.03853797912598,7291
200.099604845047,7290
200.18903493881226,7289
200.29131865501404,7288
200.37908792495728,7287
200.5135097503662,7286
200.63794684410095,7285
200.72303581237793,7284
200.82300281524658,7283
201.06618094444275,7282
201.21231079101562,7281
201.3313717842102,7280
201.40414476394653,7279
201.43119883537292,7278
201.4578869342804,7277
201.48465490341187,7276
201.51116394996643,7275
201.53768491744995,7274
201.56429982185364,7273
201.59069275856018,7272
201.61695170402527,7271
201.6431999206543,7270
201.66959691047668,7269
201.69631695747375,7268
201.72287678718567,7267
201.74979877471924,7266
201.79811477661133,7265
201.84501361846924,7264
201.8714566230774,7263
201.89784383773804,7262
201.9241738319397,7261
201.9509608745575,7260
201.99631690979004,7259
202.0230007171631,7258
202.04988980293274,7257
202.07644295692444,7256
202.1028916835785,7255
202.12963199615479,7254
202.15638303756714,7253
202.18272471427917,7252
202.21024680137634,7251
202.23710894584656,7250
202.26497077941895,7249
202.29514384269714,7248
202.3223638534546,7247
202.34878087043762,7246
202.41282105445862,7245
202.43953800201416,7244
202.48811388015747,7243
202.53772592544556,7242
202.56458497047424,7241
202.6050009727478,7240
202.63191509246826,7239
202.6592378616333,7238
202.69840168952942,7237
202.72576785087585,7236
202.75344491004944,7235
202.7804307937622,7234
202.80777597427368,7233
202.84702968597412,7232
202.87353086471558,7231
202.90002584457397,7230
202.92644786834717,7229
202.95345091819763,7228
202.98015475273132,7227
203.00666975975037,7226
203.0332067012787,7225
203.06048583984375,7224
203.08755588531494,7223
203.11428308486938,7222
203.16121673583984,7221
203.18821573257446,7220
203.2804718017578,7219
203.30695986747742,7218
203.3760528564453,7217
203.44423294067383,7216
203.49349880218506,7215
203.520437002182,7214
203.5478699207306,7213
203.57439589500427,7212
203.60056686401367,7211
203.62672901153564,7210
205.487854719162,7209
205.53245902061462,7208
205.5592257976532,7207
205.58602786064148,7206
205.6126537322998,7205
205.6392629146576,7204
205.66605973243713,7203
205.7103717327118,7202
205.7370057106018,7201
205.77792596817017,7200
205.83751392364502,7199
205.88116884231567,7198
205.90786004066467,7197
205.9357807636261,7196
205.96305584907532,7195
205.99113988876343,7194
206.01898288726807,7193
206.04725289344788,7192
206.0752739906311,7191
208.2895576953888,7190
208.3650529384613,7189
208.75394368171692,7188
209.1490397453308,7187
209.6637408733368,7186
211.27072072029114,7185
211.89705777168274,7184
211.92336177825928,7183
211.9498109817505,7182
211.97600388526917,7181
212.00204873085022,7180
212.27075791358948,7179
212.6297948360443,7178
212.79349875450134,7177
213.5300097465515,7176
228.77185988426208,7175
228.79834604263306,7174
228.82478594779968,7173
228.87645387649536,7172
228.90286087989807,7171
228.92962884902954,7170
228.9561789035797,7169
228.99595594406128,7168
229.1185348033905,7167
229.14520978927612,7166
229.1720118522644,7165
229.19891571998596,7164
229.22745490074158,7163
229.25569581985474,7162
229.28540873527527,7161
229.3156716823578,7160
229.34487390518188,7159
229.40105772018433,7158
229.4462718963623,7157
229.47283267974854,7156
229.5506980419159,7155
229.57745003700256,7154
229.6776897907257,7153
229.70469093322754,7152
229.73138165473938,7151
229.75803184509277,7150
229.7846758365631,7149
229.95784187316895,7148
