0.0,982240
227.58346891403198,5632
227.58475995063782,5631
227.5889551639557,5630
227.58972692489624,5629
227.59118795394897,5628
227.59165596961975,5627
227.59372091293335,5626
227.59481382369995,5625
227.59669399261475,5624
227.60184597969055,5623
227.60361003875732,5622
227.60569787025452,5621
227.60614800453186,5620
227.60640692710876,5619
227.6094720363617,5618
227.60963082313538,5617
227.61771702766418,5616
227.6195728778839,5615
227.62025380134583,5614
227.6218240261078,5613
227.622300863266,5612
227.62490272521973,5611
227.62537479400635,5610
227.62623405456543,5609
227.6328570842743,5608
227.63311290740967,5607
227.63835215568542,5606
227.6389079093933,5605
227.63937187194824,5604
227.6420431137085,5603
227.64682579040527,5602
227.64939785003662,5601
227.6524920463562,5600
227.65545105934143,5599
227.65887093544006,5598
227.6614408493042,5597
227.66180396080017,5596
227.66225409507751,5595
227.6680669784546,5594
227.6704649925232,5593
227.67272806167603,5592
227.67370581626892,5591
227.67589402198792,5590
227.67980790138245,5589
227.68025588989258,5588
227.68094086647034,5587
227.68627405166626,5586
227.69273805618286,5585
227.69533491134644,5584
227.69610691070557,5583
227.69880175590515,5582
227.7005889415741,5581
227.70144605636597,5580
227.70243406295776,5579
227.70798897743225,5578
227.70856380462646,5577
227.7103259563446,5576
227.71230506896973,5575
227.71285486221313,5574
227.71382594108582,5573
227.7160928249359,5572
227.72310709953308,5571
227.72366786003113,5570
227.72695803642273,5569
227.72972583770752,5568
227.73572897911072,5567
227.74345993995667,5566
227.746750831604,5565
227.7481029033661,5564
227.75325989723206,5563
227.75746989250183,5562
227.76054191589355,5561
227.76851511001587,5560
227.76980185508728,5559
227.77205085754395,5558
227.77500987052917,5557
227.78592896461487,5556
227.78620314598083,5555
227.7875108718872,5554
227.78948402404785,5553
227.79164481163025,5552
227.7942008972168,5551
227.79765391349792,5550
227.80120396614075,5549
227.8023579120636,5548
227.8058259487152,5547
227.80667901039124,5546
227.8124029636383,5545
227.8147509098053,5544
227.8156189918518,5543
227.820476770401,5542
227.823637008667,5541
227.82680010795593,5540
227.82984685897827,5539
227.8303029537201,5538
227.83085584640503,5537
227.83706903457642,5536
227.8373408317566,5535
227.83822584152222,5534
227.84617376327515,5533
227.8488519191742,5532
227.85032486915588,5531
227.8520109653473,5530
227.85355377197266,5529
227.8542239665985,5528
227.85488104820251,5527
227.85716795921326,5526
227.85903000831604,5525
227.8595838546753,5524
227.870423078537,5523
227.8723828792572,5522
227.8739378452301,5521
227.87548685073853,5520
227.87584400177002,5519
227.8813648223877,5518
227.89196801185608,5517
227.89393997192383,5516
227.89648413658142,5515
227.90134000778198,5514
227.90189409255981,5513
227.90483713150024,5512
227.90498876571655,5511
227.91605591773987,5510
227.91812992095947,5509
227.91930484771729,5508
227.92135190963745,5507
227.92361688613892,5506
227.92516088485718,5505
227.92622900009155,5504
227.9325020313263,5503
227.9368999004364,5502
227.93763709068298,5501
227.9549958705902,5500
227.96034979820251,5499
227.96096992492676,5498
227.96317315101624,5497
227.96742486953735,5496
227.9729347229004,5495
227.97767186164856,5494
227.98182702064514,5493
227.98429107666016,5492
227.9845380783081,5491
227.9887957572937,5490
227.99044179916382,5489
227.9915919303894,5488
227.99193596839905,5487
227.9926929473877,5486
227.9928388595581,5485
227.9932017326355,5484
227.99424195289612,5483
227.99707007408142,5482
227.99802374839783,5481
228.00036907196045,5480
228.00152397155762,5479
228.0021629333496,5478
228.00688982009888,5477
228.00734090805054,5476
228.0086989402771,5475
228.0176739692688,5474
228.02043390274048,5473
228.02302503585815,5472
228.02339100837708,5471
228.02629280090332,5470
228.03141808509827,5469
228.0323760509491,5468
228.0362889766693,5467
228.03963208198547,5466
228.04057097434998,5465
228.04082989692688,5464
228.04283094406128,5463
228.0441861152649,5462
228.0503499507904,5461
228.05447697639465,5460
228.05643796920776,5459
228.06747579574585,5458
228.07360672950745,5457
228.07407093048096,5456
228.07563495635986,5455
228.08810114860535,5454
228.08856105804443,5453
228.08910298347473,5452
228.09526085853577,5451
228.09810709953308,5450
228.10187005996704,5449
228.10702514648438,5448
228.12294793128967,5447
228.13483786582947,5446
228.1368911266327,5445
228.1441628932953,5444
228.1463179588318,5443
228.14775705337524,5442
228.1496958732605,5441
228.14983892440796,5440
228.15039777755737,5439
228.15500211715698,5438
228.15716695785522,5437
228.15881490707397,5436
228.15938806533813,5435
228.16023015975952,5434
228.16435599327087,5433
228.18142986297607,5432
228.19100785255432,5431
228.20136380195618,5430
228.20474290847778,5429
228.20845985412598,5428
228.20990896224976,5427
228.2170798778534,5426
228.22010803222656,5425
228.22183895111084,5424
228.22699999809265,5423
228.23199200630188,5422
228.2332468032837,5421
228.23645687103271,5420
228.24068188667297,5419
228.24467492103577,5418
228.24661898612976,5417
228.24854016304016,5416
228.25117301940918,5415
228.25398182868958,5414
228.2571029663086,5413
228.25914001464844,5412
228.25951194763184,5411
228.2673020362854,5410
228.27562284469604,5409
228.27814078330994,5408
228.2784960269928,5407
228.28239607810974,5406
228.28373098373413,5405
228.28447890281677,5404
228.28786778450012,5403
228.28959679603577,5402
228.3002028465271,5401
228.30145001411438,5400
228.30761098861694,5399
228.30785202980042,5398
228.31449174880981,5397
228.3151421546936,5396
228.31570100784302,5395
228.3221480846405,5394
228.3229959011078,5393
228.32662796974182,5392
228.33140993118286,5391
228.33940196037292,5390
228.33966207504272,5389
228.34010004997253,5388
228.34184193611145,5387
228.3485140800476,5386
228.35415077209473,5385
228.3559799194336,5384
228.35662007331848,5383
228.3655858039856,5382
228.36661505699158,5381
228.36846208572388,5380
228.37048482894897,5379
228.37840509414673,5378
228.3804099559784,5377
228.38447880744934,5376
228.3912968635559,5375
228.39156198501587,5374
228.39693212509155,5373
228.40248703956604,5372
228.4059989452362,5371
228.40744185447693,5370
228.40867805480957,5369
228.41021394729614,5368
228.41243386268616,5367
228.41317486763,5366
228.41470098495483,5365
228.4149489402771,5364
228.4164137840271,5363
228.42186784744263,5362
228.42358803749084,5361
228.4278781414032,5360
228.43000173568726,5359
228.4304497241974,5358
228.43266201019287,5357
228.4339039325714,5356
228.4348440170288,5355
228.4369661808014,5354
228.44094586372375,5353
228.44346690177917,5352
228.45062899589539,5351
228.45099091529846,5350
228.46041798591614,5349
228.46097087860107,5348
228.47104787826538,5347
228.47532987594604,5346
228.47646594047546,5345
228.4774148464203,5344
228.47825407981873,5343
228.49070692062378,5342
228.49490404129028,5341
228.49673008918762,5340
228.50247383117676,5339
228.5029308795929,5338
228.5036768913269,5337
228.50422286987305,5336
228.51183199882507,5335
228.51658272743225,5334
228.51999878883362,5333
228.5219120979309,5332
228.52850770950317,5331
228.52974796295166,5330
228.53275108337402,5329
228.54306197166443,5328
228.5438210964203,5327
228.5474169254303,5326
228.55006194114685,5325
228.55826711654663,5324
228.5629529953003,5323
228.5673909187317,5322
228.5690519809723,5321
228.5708668231964,5320
228.5719039440155,5319
228.57880187034607,5318
228.5868878364563,5317
228.5950620174408,5316
228.5977818965912,5315
228.60285592079163,5314
228.60583996772766,5313
228.60707592964172,5312
228.60870599746704,5311
228.6094560623169,5310
228.61244893074036,5309
228.61279797554016,5308
228.61753010749817,5307
228.6299250125885,5306
228.64329290390015,5305
228.64365315437317,5304
228.6533019542694,5303
228.66090273857117,5302
228.66104698181152,5301
228.6646158695221,5300
228.66896295547485,5299
228.67019891738892,5298
228.67326307296753,5297
228.68150281906128,5296
228.68733596801758,5295
228.69246697425842,5294
228.69881296157837,5293
228.705570936203,5292
228.70805287361145,5291
228.70997595787048,5290
228.7175259590149,5289
228.71905493736267,5288
228.7243459224701,5287
228.72890281677246,5286
228.73870301246643,5285
228.75373005867004,5284
228.76741695404053,5283
228.7716679573059,5282
228.77658700942993,5281
228.784038066864,5280
228.79210114479065,5279
228.79373407363892,5278
228.7948567867279,5277
228.7956998348236,5276
228.79788494110107,5275
228.80362010002136,5274
228.80858898162842,5273
228.8116970062256,5272
228.81214308738708,5271
228.81298303604126,5270
228.81361198425293,5269
228.81493592262268,5268
228.8160490989685,5267
228.82021284103394,5266
228.82223391532898,5265
228.82250094413757,5264
228.83206915855408,5263
228.83280992507935,5262
228.83531594276428,5261
228.8377079963684,5260
228.84252405166626,5259
228.84628295898438,5258
228.84654593467712,5257
228.84884595870972,5256
228.8527069091797,5255
228.86456179618835,5254
228.86599016189575,5253
228.87664890289307,5252
228.88866186141968,5251
228.89125895500183,5250
228.89647793769836,5249
228.90208983421326,5248
228.90643501281738,5247
228.92668294906616,5246
228.93364691734314,5245
228.9354829788208,5244
228.93563199043274,5243
228.9507360458374,5242
228.9575638771057,5241
228.96323990821838,5240
228.9642789363861,5239
228.96988677978516,5238
228.9756200313568,5237
228.97820210456848,5236
228.987398147583,5235
228.98786187171936,5234
228.9882140159607,5233
228.9913809299469,5232
228.99439311027527,5231
229.00634908676147,5230
229.00739693641663,5229
229.01586198806763,5228
229.01670598983765,5227
229.01929903030396,5226
229.01945281028748,5225
229.02562189102173,5224
229.02704501152039,5223
229.02875685691833,5222
229.0316309928894,5221
229.0638129711151,5220
229.0660059452057,5219
229.07162380218506,5218
229.07652401924133,5217
229.09215593338013,5216
229.11243391036987,5215
229.11581802368164,5214
229.11625218391418,5213
229.12136793136597,5212
229.16150093078613,5211
229.16323399543762,5210
229.17026710510254,5209
229.1773738861084,5208
229.18986010551453,5207
229.190899848938,5206
229.19114112854004,5205
229.19219303131104,5204
229.19535088539124,5203
229.2181589603424,5202
229.21869492530823,5201
229.22652792930603,5200
229.23413491249084,5199
229.2441508769989,5198
229.2472949028015,5197
229.25712394714355,5196
229.26478099822998,5195
229.26681184768677,5194
229.279953956604,5193
229.29324316978455,5192
229.30710291862488,5191
229.33480095863342,5190
229.34700798988342,5189
229.34922099113464,5188
229.35296201705933,5187
229.3579819202423,5186
229.37387990951538,5185
229.39447808265686,5184
229.39491510391235,5183
229.41303181648254,5182
229.4258427619934,5181
229.4284541606903,5180
229.4309389591217,5179
229.4347608089447,5178
229.45682406425476,5177
229.46465611457825,5176
229.47456002235413,5175
229.48422813415527,5174
229.4930558204651,5173
229.49756598472595,5172
229.50172996520996,5171
229.5024700164795,5170
229.511234998703,5169
229.5245440006256,5168
229.52758502960205,5167
229.5469949245453,5166
229.5479109287262,5165
229.55888509750366,5164
229.5745689868927,5163
229.58405590057373,5162
229.59644985198975,5161
229.59991073608398,5160
229.6579749584198,5159
229.66562390327454,5158
229.67176294326782,5157
229.68489003181458,5156
229.68637895584106,5155
229.6926188468933,5154
229.69601893424988,5153
229.7016499042511,5152
229.71493077278137,5151
229.7200779914856,5150
229.73461484909058,5149
229.7489137649536,5148
229.75310397148132,5147
229.7618899345398,5146
229.78459906578064,5145
229.78565192222595,5144
229.8005440235138,5143
229.8039619922638,5142
229.804584980011,5141
229.8167929649353,5140
229.84250903129578,5139
229.86166381835938,5138
229.8841950893402,5137
229.89243578910828,5136
229.89748692512512,5135
229.9127390384674,5134
229.91633772850037,5133
229.9194769859314,5132
229.9384560585022,5131
229.94895005226135,5130
229.95905089378357,5129
229.96278285980225,5128
229.96321892738342,5127
229.96950793266296,5126
230.01664090156555,5125
230.0191469192505,5124
230.0619900226593,5123
230.08830499649048,5122
230.09305381774902,5121
230.0968029499054,5120
230.10998797416687,5119
230.12305879592896,5118
230.12685298919678,5117
230.12759590148926,5116
230.13433289527893,5115
230.1350839138031,5114
230.14711093902588,5113
230.1475760936737,5112
230.17106771469116,5111
230.18425583839417,5110
230.21583604812622,5109
230.2228388786316,5108
230.2315571308136,5107
230.24889588356018,5106
230.25361609458923,5105
230.26936793327332,5104
230.26990294456482,5103
230.2819628715515,5102
230.2852668762207,5101
230.29473876953125,5100
230.30909299850464,5099
230.35373401641846,5098
230.37710404396057,5097
230.38418698310852,5096
230.38979291915894,5095
230.3987329006195,5094
230.39952397346497,5093
230.4175899028778,5092
230.42318105697632,5091
230.42776489257812,5090
230.42887687683105,5089
230.4403760433197,5088
230.46315789222717,5087
230.47141194343567,5086
230.4845049381256,5085
230.53389310836792,5084
230.55021691322327,5083
230.5659260749817,5082
230.57719492912292,5081
230.5891718864441,5080
230.59322905540466,5079
230.63723492622375,5078
230.6511640548706,5077
230.66351413726807,5076
230.67041301727295,5075
230.67914199829102,5074
230.7268488407135,5073
230.77711296081543,5072
230.7935299873352,5071
230.80152583122253,5070
230.8452970981598,5069
230.85464191436768,5068
230.858225107193,5067
230.88618803024292,5066
230.89006781578064,5065
230.9537069797516,5064
230.95483374595642,5063
230.98817205429077,5062
230.9890878200531,5061
231.03106594085693,5060
231.04676699638367,5059
231.0971040725708,5058
231.10797786712646,5057
231.1191930770874,5056
231.11946892738342,5055
231.2152078151703,5054
231.24571585655212,5053
231.27550506591797,5052
231.28264117240906,5051
231.2979860305786,5050
231.32538199424744,5049
231.38594388961792,5048
231.39891505241394,5047
231.48161101341248,5046
231.48397207260132,5045
231.57968401908875,5044
231.62117910385132,5043
231.69602704048157,5042
231.7422239780426,5041
231.76511311531067,5040
231.7691330909729,5039
231.77755784988403,5038
231.90736198425293,5037
232.07573699951172,5036
232.11172795295715,5035
232.1124620437622,5034
232.14962697029114,5033
232.17154812812805,5032
232.1758098602295,5031
232.21469402313232,5030
232.26899814605713,5029
232.3242199420929,5028
232.5232629776001,5027
232.57489895820618,5026
232.59198093414307,5025
232.61856412887573,5024
232.63035988807678,5023
232.80296397209167,5022
232.86638498306274,5021
232.90114188194275,5020
232.97177481651306,5019
232.98267483711243,5018
233.01332187652588,5017
233.02650690078735,5016
233.1040380001068,5015
233.19288277626038,5014
233.25733494758606,5013
233.52805709838867,5012
234.09272599220276,5011
234.0993459224701,5010
234.47634887695312,5009
234.86249899864197,5008
234.89446091651917,5007
234.90415406227112,5006
