0.026291370391845703,10912
0.0530390739440918,10911
0.07967424392700195,10910
0.10628199577331543,10909
0.13308429718017578,10908
0.15990924835205078,10907
0.1868600845336914,10906
0.2137300968170166,10905
0.2413952350616455,10904
0.2679872512817383,10903
0.29473304748535156,10902
0.32122111320495605,10901
0.347553014755249,10900
0.3740081787109375,10899
0.4004981517791748,10898
0.42690014839172363,10897
0.45608019828796387,10896
0.4863312244415283,10895
0.5184440612792969,10894
0.5555191040039062,10893
0.5907692909240723,10892
0.6297543048858643,10891
0.6704740524291992,10890
0.7035372257232666,10889
0.7310850620269775,10888
0.7590572834014893,10887
0.7893362045288086,10886
0.816413164138794,10885
0.8430609703063965,10884
0.8695521354675293,10883
0.8960199356079102,10882
0.9225380420684814,10881
0.9489290714263916,10880
0.9756221771240234,10879
1.002183198928833,10878
1.028588056564331,10877
1.0551092624664307,10876
1.0815272331237793,10875
1.1079561710357666,10874
1.1343753337860107,10873
1.1610760688781738,10872
1.187610149383545,10871
1.214137077331543,10870
1.2411231994628906,10869
1.2710320949554443,10868
1.2995052337646484,10867
1.3270189762115479,10866
1.3539881706237793,10865
1.3809490203857422,10864
1.407898187637329,10863
1.4359140396118164,10862
1.4650962352752686,10861
1.4970111846923828,10860
1.5276579856872559,10859
1.5588841438293457,10858
1.590245246887207,10857
1.6206881999969482,10856
1.6493821144104004,10855
1.678300142288208,10854
1.7070353031158447,10853
1.7348341941833496,10852
1.7624592781066895,10851
1.791412115097046,10850
1.8223321437835693,10849
1.8538203239440918,10848
1.8829901218414307,10847
1.911668062210083,10846
1.9388673305511475,10845
1.9658093452453613,10844
1.9929590225219727,10843
2.0222930908203125,10842
2.0503852367401123,10841
2.0775341987609863,10840
2.10416316986084,10839
2.1313352584838867,10838
2.158510208129883,10837
2.1853692531585693,10836
2.2122952938079834,10835
2.2390851974487305,10834
2.26601505279541,10833
2.293222188949585,10832
2.320164203643799,10831
2.3494720458984375,10830
2.395634174346924,10829
2.4221861362457275,10828
2.448852062225342,10827
2.475123405456543,10826
2.5016331672668457,10825
2.528221368789673,10824
2.554659128189087,10823
2.5812323093414307,10822
2.607992172241211,10821
2.6344501972198486,10820
2.660851240158081,10819
2.687209129333496,10818
2.7135653495788574,10817
2.740009069442749,10816
2.76639723777771,10815
2.792656183242798,10814
2.8191051483154297,10813
2.8455591201782227,10812
2.8725321292877197,10811
2.8989832401275635,10810
2.925374984741211,10809
2.9519753456115723,10808
2.9786171913146973,10807
3.0051510334014893,10806
3.0315163135528564,10805
3.0585100650787354,10804
3.0851032733917236,10803
3.1114072799682617,10802
3.1381030082702637,10801
3.1712520122528076,10800
3.2063963413238525,10799
3.233673334121704,10798
3.260545015335083,10797
3.2870850563049316,10796
3.314237356185913,10795
3.3410980701446533,10794
3.36800217628479,10793
3.3954501152038574,10792
3.422166109085083,10791
3.4488542079925537,10790
3.4758942127227783,10789
3.503472328186035,10788
3.5308432579040527,10787
3.5580532550811768,10786
3.5883593559265137,10785
3.620021104812622,10784
3.651614189147949,10783
3.683425188064575,10782
3.714933156967163,10781
3.743056297302246,10780
3.7700233459472656,10779
3.796598196029663,10778
3.8237671852111816,10777
3.8507792949676514,10776
3.8778302669525146,10775
3.904773235321045,10774
3.9331352710723877,10773
3.961031198501587,10772
3.987650156021118,10771
4.014345407485962,10770
4.041081190109253,10769
4.0679521560668945,10768
4.094930171966553,10767
4.122162342071533,10766
4.149365186691284,10765
4.1764302253723145,10764
4.203128099441528,10763
4.23013710975647,10762
4.257277250289917,10761
4.284234046936035,10760
4.3111512660980225,10759
4.3379552364349365,10758
4.365516185760498,10757
4.392491102218628,10756
4.419432163238525,10755
4.447120189666748,10754
4.474876165390015,10753
4.502173185348511,10752
4.5291972160339355,10751
4.556207180023193,10750
4.584490060806274,10749
4.613170146942139,10748
4.642452001571655,10747
4.670783996582031,10746
4.698048114776611,10745
4.725298166275024,10744
4.75224232673645,10743
4.778959274291992,10742
4.806035995483398,10741
4.833025217056274,10740
4.860105276107788,10739
4.8874781131744385,10738
4.914466142654419,10737
4.941656112670898,10736
4.968666315078735,10735
4.996391296386719,10734
5.024258136749268,10733
5.0510289669036865,10732
5.077700138092041,10731
5.10422420501709,10730
5.132014274597168,10729
5.159311294555664,10728
5.186038017272949,10727
5.2128071784973145,10726
5.239680051803589,10725
5.266645193099976,10724
5.29347825050354,10723
5.320109128952026,10722
5.3469743728637695,10721
5.373892068862915,10720
5.400668144226074,10719
5.427624225616455,10718
5.454611301422119,10717
5.481574296951294,10716
5.509631156921387,10715
5.536344051361084,10714
5.563557147979736,10713
5.590622186660767,10712
5.6178271770477295,10711
5.64521336555481,10710
5.672641038894653,10709
5.699571371078491,10708
5.7266411781311035,10707
5.75337815284729,10706
5.8015031814575195,10705
5.828615188598633,10704
5.855389356613159,10703
5.882436275482178,10702
5.909790992736816,10701
5.93749213218689,10700
5.964295148849487,10699
5.991154193878174,10698
6.017894268035889,10697
6.044885158538818,10696
6.0723371505737305,10695
6.100630044937134,10694
6.128180027008057,10693
6.155222177505493,10692
6.1823811531066895,10691
6.209396123886108,10690
6.236194133758545,10689
6.262923002243042,10688
6.289758205413818,10687
6.316502094268799,10686
6.343611240386963,10685
6.370246171951294,10684
6.396895170211792,10683
6.424101114273071,10682
6.451127052307129,10681
6.478429317474365,10680
6.505702257156372,10679
6.532691240310669,10678
6.560389280319214,10677
6.588731288909912,10676
6.617561101913452,10675
6.64535117149353,10674
6.67219614982605,10673
6.698889255523682,10672
6.725542306900024,10671
6.752403259277344,10670
6.779985189437866,10669
6.807263135910034,10668
6.833994150161743,10667
6.86080002784729,10666
6.8875463008880615,10665
6.914151191711426,10664
6.94098424911499,10663
6.967787027359009,10662
6.994630336761475,10661
7.0214152336120605,10660
7.047914028167725,10659
7.074807167053223,10658
7.101675033569336,10657
7.13011622428894,10656
7.157284259796143,10655
7.184298038482666,10654
7.211226224899292,10653
7.237866163253784,10652
7.264665126800537,10651
7.291694164276123,10650
7.318545341491699,10649
7.345523357391357,10648
7.372581243515015,10647
7.400190353393555,10646
7.4273521900177,10645
7.454252004623413,10644
7.481515169143677,10643
7.508658170700073,10642
7.53540825843811,10641
7.562385320663452,10640
7.589649200439453,10639
7.616712331771851,10638
7.643623352050781,10637
7.6708033084869385,10636
7.697450160980225,10635
7.724689245223999,10634
7.75151515007019,10633
7.7784130573272705,10632
7.805292129516602,10631
7.832211256027222,10630
7.859157085418701,10629
7.886057138442993,10628
7.913499116897583,10627
7.940390348434448,10626
7.96704626083374,10625
7.994028091430664,10624
8.021034002304077,10623
8.04795527458191,10622
8.075768232345581,10621
8.104046106338501,10620
8.131647109985352,10619
8.158748149871826,10618
8.185614109039307,10617
8.212356090545654,10616
8.239336252212524,10615
8.267319202423096,10614
8.294632196426392,10613
8.321410179138184,10612
8.348039150238037,10611
8.375086069107056,10610
8.401974201202393,10609
8.42922329902649,10608
8.456347227096558,10607
8.483249187469482,10606
8.510197162628174,10605
8.537127256393433,10604
8.565354108810425,10603
8.592817306518555,10602
8.620070219039917,10601
8.648280143737793,10600
8.675299167633057,10599
8.702469110488892,10598
8.730281114578247,10597
8.757291078567505,10596
8.784263372421265,10595
8.811578273773193,10594
8.83853530883789,10593
8.865386009216309,10592
8.892348289489746,10591
8.918882131576538,10590
8.945651292800903,10589
8.972204208374023,10588
8.99882698059082,10587
9.026215314865112,10586
9.05301809310913,10585
9.080316305160522,10584
9.108086109161377,10583
9.134729385375977,10582
9.161554336547852,10581
9.188476324081421,10580
9.215248107910156,10579
9.241987228393555,10578
9.268625259399414,10577
9.295383214950562,10576
9.322161197662354,10575
9.349031209945679,10574
9.400009393692017,10573
9.427021026611328,10572
9.454089403152466,10571
9.481027126312256,10570
9.508324146270752,10569
9.535442352294922,10568
9.56306004524231,10567
9.590803384780884,10566
9.618189096450806,10565
9.64655613899231,10564
9.677647113800049,10563
9.770832300186157,10562
9.810522079467773,10561
9.842739343643188,10560
9.870108127593994,10559
9.897319316864014,10558
9.925265312194824,10557
9.953035116195679,10556
9.980079174041748,10555
10.007065057754517,10554
10.036258220672607,10553
10.078384160995483,10552
10.106189250946045,10551
10.133599042892456,10550
10.161916255950928,10549
10.188785314559937,10548
10.2152681350708,10547
10.241554260253906,10546
10.267795324325562,10545
10.2941312789917,10544
10.320356130599976,10543
10.34684419631958,10542
10.373168230056763,10541
10.39958119392395,10540
10.426188230514526,10539
10.452486276626587,10538
10.478969097137451,10537
10.539501190185547,10536
10.565943241119385,10535
10.592287063598633,10534
10.618650197982788,10533
10.645416975021362,10532
10.673891067504883,10531
10.703522205352783,10530
10.7329421043396,10529
10.76196813583374,10528
10.789268970489502,10527
10.816446304321289,10526
10.843667268753052,10525
10.870505094528198,10524
10.897461175918579,10523
10.92462420463562,10522
10.951294183731079,10521
10.978592157363892,10520
11.005821228027344,10519
11.034046411514282,10518
11.062448263168335,10517
11.090909242630005,10516
11.118911981582642,10515
11.146687030792236,10514
11.174779176712036,10513
11.201592206954956,10512
11.228776931762695,10511
11.255523204803467,10510
11.28222107887268,10509
11.309069156646729,10508
11.335572004318237,10507
11.362458229064941,10506
11.389716148376465,10505
11.416742324829102,10504
11.443785190582275,10503
11.470757246017456,10502
11.49768614768982,10501
11.524602174758911,10500
11.55164122581482,10499
11.57840895652771,10498
11.605518102645874,10497
11.632942199707031,10496
11.66093635559082,10495
11.690991163253784,10494
11.720831155776978,10493
11.750150203704834,10492
11.779771327972412,10491
11.80915117263794,10490
11.838688135147095,10489
11.867160081863403,10488
11.896328210830688,10487
11.925950288772583,10486
11.955185174942017,10485
11.983862161636353,10484
12.01107406616211,10483
12.038007020950317,10482
12.065025091171265,10481
12.09228801727295,10480
12.119744062423706,10479
12.146944999694824,10478
12.174670219421387,10477
12.201723337173462,10476
12.228886127471924,10475
12.255659103393555,10474
12.282356977462769,10473
12.309453248977661,10472
12.336119174957275,10471
12.363499164581299,10470
12.390734195709229,10469
12.417647123336792,10468
12.4446542263031,10467
12.471826314926147,10466
12.499250173568726,10465
12.52648115158081,10464
12.553382158279419,10463
12.580260276794434,10462
12.607375144958496,10461
12.634437322616577,10460
12.661309242248535,10459
12.68854308128357,10458
12.715418100357056,10457
12.742431163787842,10456
12.769422054290771,10455
12.796570301055908,10454
12.824642181396484,10453
12.85299301147461,10452
12.879897117614746,10451
12.906679153442383,10450
12.934171199798584,10449
12.961774110794067,10448
12.988608121871948,10447
13.016794204711914,10446
13.04495120048523,10445
13.072031021118164,10444
13.09915018081665,10443
13.126967191696167,10442
13.154004096984863,10441
13.181116342544556,10440
13.208162069320679,10439
13.234986066818237,10438
13.262087345123291,10437
13.289071083068848,10436
13.315823078155518,10435
13.342934131622314,10434
13.369922161102295,10433
13.396862268447876,10432
13.425525188446045,10431
13.45270824432373,10430
13.47976803779602,10429
13.506623029708862,10428
13.533818244934082,10427
13.562215328216553,10426
13.589129209518433,10425
13.616273164749146,10424
13.64346718788147,10423
13.670422077178955,10422
13.697806119918823,10421
13.72511100769043,10420
13.751978158950806,10419
13.778960227966309,10418
13.80593729019165,10417
13.83304500579834,10416
13.860254287719727,10415
13.887115001678467,10414
13.913949251174927,10413
13.940974235534668,10412
13.967574119567871,10411
13.994670152664185,10410
14.022501230239868,10409
14.04967713356018,10408
14.076635122299194,10407
14.103762149810791,10406
14.13109827041626,10405
14.158037185668945,10404
14.185044050216675,10403
14.211796998977661,10402
14.238653182983398,10401
14.265473127365112,10400
14.292214155197144,10399
14.320372104644775,10398
14.34745717048645,10397
14.374436140060425,10396
14.401417970657349,10395
14.428613185882568,10394
14.455680131912231,10393
14.482738256454468,10392
14.533350229263306,10391
14.560189247131348,10390
14.587075233459473,10389
14.614011287689209,10388
14.641204118728638,10387
14.668018341064453,10386
14.69511342048645,10385
14.722044229507446,10384
14.748942136764526,10383
14.776127099990845,10382
14.803027391433716,10381
14.830023288726807,10380
14.85890507698059,10379
14.885735273361206,10378
14.912827253341675,10377
14.940558195114136,10376
14.96770715713501,10375
14.994850158691406,10374
15.021806240081787,10373
15.048828363418579,10372
15.076152086257935,10371
15.103156089782715,10370
15.130588293075562,10369
15.157581090927124,10368
15.184508323669434,10367
15.211772203445435,10366
15.238651275634766,10365
15.265444278717041,10364
15.292498350143433,10363
15.319338083267212,10362
15.346392154693604,10361
15.376941204071045,10360
15.404123306274414,10359
15.431119203567505,10358
15.458111047744751,10357
15.485023975372314,10356
15.512537240982056,10355
15.539454221725464,10354
15.566164016723633,10353
15.593031167984009,10352
15.620192050933838,10351
15.647303342819214,10350
15.674782276153564,10349
15.70162320137024,10348
15.728836297988892,10347
15.756686210632324,10346
15.78376317024231,10345
15.810842275619507,10344
15.837924242019653,10343
15.864866018295288,10342
15.892766952514648,10341
15.919615983963013,10340
15.966488122940063,10339
15.99380612373352,10338
16.02060627937317,10337
16.047593116760254,10336
16.074631214141846,10335
16.101449251174927,10334
16.12916135787964,10333
16.15614628791809,10332
16.182794094085693,10331
16.20974898338318,10330
16.236231327056885,10329
16.263261318206787,10328
16.29041624069214,10327
16.317286252975464,10326
16.34442925453186,10325
16.371263027191162,10324
16.398179054260254,10323
16.426770210266113,10322
16.453587293624878,10321
16.480499982833862,10320
16.510226249694824,10319
16.53744101524353,10318
16.564382314682007,10317
16.591626167297363,10316
16.618850231170654,10315
16.64741826057434,10314
16.67453908920288,10313
16.701285123825073,10312
16.728332042694092,10311
16.75530505180359,10310
16.78222918510437,10309
16.809346199035645,10308
16.837491273880005,10307
16.864481210708618,10306
16.891492128372192,10305
16.91856622695923,10304
16.946669101715088,10303
16.97464609146118,10302
17.00186014175415,10301
17.029219150543213,10300
17.05629801750183,10299
17.08321523666382,10298
17.110573053359985,10297
17.1378071308136,10296
17.164781093597412,10295
17.19192600250244,10294
17.218789100646973,10293
17.246185064315796,10292
17.274522304534912,10291
17.301595211029053,10290
17.328596115112305,10289
17.35553002357483,10288
17.38253116607666,10287
17.409722089767456,10286
17.436942100524902,10285
17.46510124206543,10284
17.493669271469116,10283
17.521594285964966,10282
17.54873514175415,10281
17.575812101364136,10280
17.60296607017517,10279
17.630993127822876,10278
17.658406257629395,10277
17.685615301132202,10276
17.712525129318237,10275
17.73944330215454,10274
17.766364336013794,10273
17.7936429977417,10272
17.820911169052124,10271
17.84779119491577,10270
17.874714136123657,10269
17.901885271072388,10268
17.92931032180786,10267
17.956315279006958,10266
17.984801054000854,10265
18.01213526725769,10264
18.03915810585022,10263
18.066200256347656,10262
18.09356713294983,10261
18.120858192443848,10260
18.147878170013428,10259
18.174861192703247,10258
18.20172119140625,10257
18.229027271270752,10256
18.256155252456665,10255
18.283303260803223,10254
18.31113600730896,10253
18.33897113800049,10252
18.368104219436646,10251
18.39737820625305,10250
18.424540281295776,10249
18.45132803916931,10248
18.47844624519348,10247
18.506256103515625,10246
18.533419132232666,10245
18.56043529510498,10244
18.58737325668335,10243
18.61464810371399,10242
18.641828298568726,10241
18.668877124786377,10240
18.69622015953064,10239
18.723170042037964,10238
18.750189065933228,10237
18.77715301513672,10236
18.8040611743927,10235
18.83109402656555,10234
18.85827612876892,10233
18.885101079940796,10232
18.912229299545288,10231
18.939229249954224,10230
18.966292142868042,10229
18.993251085281372,10228
19.02011799812317,10227
19.046895265579224,10226
19.073923110961914,10225
19.1007022857666,10224
19.12811017036438,10223
19.155050039291382,10222
19.182055234909058,10221
19.210127115249634,10220
19.23729109764099,10219
19.264409065246582,10218
19.291725158691406,10217
19.318705320358276,10216
19.345722198486328,10215
19.372676134109497,10214
19.399497270584106,10213
19.426786184310913,10212
19.45354700088501,10211
19.480347156524658,10210
19.507479190826416,10209
19.534447193145752,10208
19.561645030975342,10207
19.588757038116455,10206
19.615942239761353,10205
19.64330816268921,10204
19.67019820213318,10203
19.697233200073242,10202
19.724610090255737,10201
19.75167417526245,10200
19.77885627746582,10199
19.805787324905396,10198
19.832463264465332,10197
19.859885215759277,10196
19.88697123527527,10195
19.91480326652527,10194
19.94217824935913,10193
19.969696044921875,10192
19.99682307243347,10191
20.024015188217163,10190
20.051016330718994,10189
20.077958345413208,10188
20.105095148086548,10187
20.132280111312866,10186
20.159404039382935,10185
20.186726331710815,10184
20.213754177093506,10183
20.240740299224854,10182
20.26760506629944,10181
20.295454263687134,10180
20.323344230651855,10179
20.35035014152527,10178
20.377406358718872,10177
20.404203176498413,10176
20.431018114089966,10175
20.458049058914185,10174
20.484920263290405,10173
20.512295246124268,10172
20.53922200202942,10171
20.566126108169556,10170
20.593103170394897,10169
20.6202392578125,10168
20.647608041763306,10167
20.67457938194275,10166
20.7012882232666,10165
20.72812533378601,10164
20.754844188690186,10163
20.78199028968811,10162
20.809020280838013,10161
20.83594012260437,10160
20.86315608024597,10159
20.890175104141235,10158
20.91765308380127,10157
20.94517707824707,10156
20.972231149673462,10155
20.99933123588562,10154
21.02651333808899,10153
21.0532443523407,10152
21.080255031585693,10151
21.107696294784546,10150
21.134690046310425,10149
21.161702156066895,10148
21.18881320953369,10147
21.2156982421875,10146
21.243043184280396,10145
21.27002215385437,10144
21.297085285186768,10143
21.324539184570312,10142
21.351693153381348,10141
21.378647089004517,10140
21.40575122833252,10139
21.43275022506714,10138
21.459657192230225,10137
21.486576318740845,10136
21.513587951660156,10135
21.540537118911743,10134
21.567427158355713,10133
21.59446620941162,10132
21.621777296066284,10131
21.64875817298889,10130
21.67570734024048,10129
21.70245623588562,10128
21.729697227478027,10127
21.756704092025757,10126
21.783632278442383,10125
21.8106951713562,10124
21.837754249572754,10123
21.864846229553223,10122
21.89198637008667,10121
21.919201135635376,10120
21.946568250656128,10119
21.973525047302246,10118
22.000407218933105,10117
22.02736735343933,10116
22.054121017456055,10115
22.08104133605957,10114
22.1082820892334,10113
22.135322093963623,10112
22.162445068359375,10111
22.18952226638794,10110
22.216612100601196,10109
22.24385118484497,10108
22.27076506614685,10107
22.297701120376587,10106
22.324827194213867,10105
22.351741313934326,10104
22.3791081905365,10103
22.40596628189087,10102
22.432679176330566,10101
22.45998740196228,10100
22.487451314926147,10099
22.51509714126587,10098
22.542490243911743,10097
22.569478273391724,10096
22.596595287322998,10095
22.62463617324829,10094
22.651846170425415,10093
22.67896604537964,10092
22.705749988555908,10091
22.732778072357178,10090
22.75967526435852,10089
22.786600351333618,10088
22.813727140426636,10087
22.84092903137207,10086
22.86807918548584,10085
22.895470142364502,10084
22.922398328781128,10083
22.94943618774414,10082
22.976405143737793,10081
23.003215074539185,10080
23.053990125656128,10079
23.08075523376465,10078
23.108182191848755,10077
23.135382175445557,10076
23.162278175354004,10075
23.189295291900635,10074
23.21622133255005,10073
23.243298053741455,10072
23.27033019065857,10071
23.29749298095703,10070
23.3244731426239,10069
23.351569175720215,10068
23.37877917289734,10067
23.40574812889099,10066
23.43299102783203,10065
23.460350275039673,10064
23.487382173538208,10063
23.514506101608276,10062
23.541619300842285,10061
23.568726062774658,10060
23.595903158187866,10059
23.623371124267578,10058
23.650129318237305,10057
23.67711901664734,10056
23.703811168670654,10055
23.73083209991455,10054
23.75793719291687,10053
23.784820079803467,10052
23.811963319778442,10051
23.83892035484314,10050
23.865936279296875,10049
23.89317512512207,10048
23.919867277145386,10047
23.954477071762085,10046
23.995143175125122,10045
24.040364027023315,10044
24.07221817970276,10043
24.104067087173462,10042
24.131781101226807,10041
24.158769130706787,10040
24.185383319854736,10039
24.2119140625,10038
24.238340139389038,10037
24.268102169036865,10036
24.29991340637207,10035
24.32707715034485,10034
24.354313373565674,10033
24.38129210472107,10032
24.408947229385376,10031
24.435986280441284,10030
24.463211059570312,10029
24.4918692111969,10028
24.519999027252197,10027
24.54699420928955,10026
24.574193239212036,10025
24.602094173431396,10024
24.6303391456604,10023
24.65886902809143,10022
24.68599510192871,10021
24.713000297546387,10020
24.73992133140564,10019
24.766722202301025,10018
24.79381513595581,10017
24.820646286010742,10016
24.849892139434814,10015
24.87876605987549,10014
24.906437158584595,10013
24.934871196746826,10012
24.96299695968628,10011
24.993744134902954,10010
25.023635387420654,10009
25.050523281097412,10008
25.07765507698059,10007
25.10455012321472,10006
25.13205313682556,10005
25.159343242645264,10004
25.18841028213501,10003
25.216753244400024,10002
25.264499187469482,10001
25.29423213005066,10000
25.321914196014404,9999
25.348685026168823,9998
25.375900268554688,9997
25.40278124809265,9996
25.430768251419067,9995
25.45809817314148,9994
25.485751152038574,9993
25.51287603378296,9992
25.5402193069458,9991
25.567172288894653,9990
25.59455108642578,9989
25.62172818183899,9988
25.64887499809265,9987
25.67591619491577,9986
25.70273995399475,9985
25.729915142059326,9984
25.757100105285645,9983
25.784062385559082,9982
25.81113600730896,9981
25.838000297546387,9980
25.865543365478516,9979
25.892816305160522,9978
25.919771194458008,9977
25.946768283843994,9976
25.974600315093994,9975
26.00582218170166,9974
26.037224292755127,9973
26.06789207458496,9972
26.097241163253784,9971
26.126244068145752,9970
26.1531503200531,9969
26.181162118911743,9968
26.208542346954346,9967
26.235464334487915,9966
26.262348175048828,9965
26.28921914100647,9964
26.316190242767334,9963
26.343194246292114,9962
26.370073080062866,9961
26.397029161453247,9960
26.423811197280884,9959
26.45069718360901,9958
26.47783398628235,9957
26.504815101623535,9956
26.532342195510864,9955
26.55942130088806,9954
26.58630609512329,9953
26.613441228866577,9952
26.64217495918274,9951
26.669007301330566,9950
26.695847272872925,9949
26.722722053527832,9948
26.749474048614502,9947
26.776931047439575,9946
26.803783178329468,9945
26.830854177474976,9944
26.857956171035767,9943
26.884863138198853,9942
26.911985158920288,9941
26.93913722038269,9940
26.965984106063843,9939
26.992953062057495,9938
27.019676208496094,9937
27.046585083007812,9936
27.07370114326477,9935
27.117831230163574,9934
27.14502239227295,9933
27.172057151794434,9932
27.19904613494873,9931
27.226283073425293,9930
27.25311827659607,9929
27.280308961868286,9928
27.3072030544281,9927
27.334134101867676,9926
27.361201286315918,9925
27.38826012611389,9924
27.41531229019165,9923
27.443555116653442,9922
27.47082495689392,9921
27.49799919128418,9920
27.5252742767334,9919
27.552187204360962,9918
27.57908320426941,9917
27.606281995773315,9916
27.634189128875732,9915
27.661964178085327,9914
27.68925905227661,9913
27.716002225875854,9912
27.743150234222412,9911
27.77022910118103,9910
27.797267198562622,9909
27.824713230133057,9908
27.85173511505127,9907
27.878693103790283,9906
27.906150341033936,9905
27.933455228805542,9904
27.96060013771057,9903
27.987596035003662,9902
28.014568328857422,9901
28.041478157043457,9900
28.06844210624695,9899
28.09535527229309,9898
28.122742176055908,9897
28.149861097335815,9896
28.17708706855774,9895
28.205244302749634,9894
28.232263326644897,9893
28.259445190429688,9892
28.286529064178467,9891
28.31345510482788,9890
28.340420246124268,9889
28.367268085479736,9888
28.394476175308228,9887
28.421807289123535,9886
28.44890522956848,9885
28.475993156433105,9884
28.503404140472412,9883
28.53026819229126,9882
28.55711007118225,9881
28.583983182907104,9880
28.61189031600952,9879
28.638917207717896,9878
28.66569709777832,9877
28.69248104095459,9876
28.719634294509888,9875
28.74747610092163,9874
28.774622201919556,9873
28.801538228988647,9872
28.828594207763672,9871
28.855534076690674,9870
28.882626056671143,9869
28.909794092178345,9868
28.936535120010376,9867
28.96331810951233,9866
28.990639209747314,9865
29.017422199249268,9864
29.044692993164062,9863
29.071693181991577,9862
29.098604202270508,9861
29.126121044158936,9860
29.15299105644226,9859
29.179943323135376,9858
29.20714807510376,9857
29.23416018486023,9856
29.261351346969604,9855
29.28802514076233,9854
29.314762115478516,9853
29.341796159744263,9852
29.36868405342102,9851
29.396676063537598,9850
29.42374300956726,9849
29.45063805580139,9848
29.47796130180359,9847
29.505529165267944,9846
29.532838344573975,9845
29.55990505218506,9844
29.58670735359192,9843
29.614537239074707,9842
29.64205527305603,9841
29.668800115585327,9840
29.695553064346313,9839
29.72252321243286,9838
29.749240159988403,9837
29.776384115219116,9836
29.80336904525757,9835
29.831236124038696,9834
29.85850429534912,9833
29.88529920578003,9832
29.91249418258667,9831
29.939779043197632,9830
29.966495990753174,9829
29.993264198303223,9828
30.020098209381104,9827
30.047287225723267,9826
30.07435917854309,9825
30.10144305229187,9824
30.129130125045776,9823
30.156225204467773,9822
30.183163166046143,9821
30.21022319793701,9820
30.236924171447754,9819
30.26390814781189,9818
30.290834188461304,9817
30.317525148391724,9816
30.344688177108765,9815
30.371779203414917,9814
30.39874505996704,9813
30.425976037979126,9812
30.45296621322632,9811
30.480339288711548,9810
30.507620096206665,9809
30.534411191940308,9808
30.561365127563477,9807
30.588317155838013,9806
30.61606240272522,9805
30.643352031707764,9804
30.670335054397583,9803
30.69756531715393,9802
30.725061178207397,9801
30.752007246017456,9800
30.779463291168213,9799
30.80691409111023,9798
30.836915969848633,9797
30.86653709411621,9796
30.894448280334473,9795
30.921792030334473,9794
30.949012994766235,9793
30.975924015045166,9792
31.002869129180908,9791
31.03040838241577,9790
31.057576179504395,9789
31.084535121917725,9788
31.112016201019287,9787
31.13920307159424,9786
31.16617226600647,9785
31.193581104278564,9784
31.22059416770935,9783
31.24755620956421,9782
31.274575233459473,9781
31.301356077194214,9780
31.329442024230957,9779
31.356892347335815,9778
31.383891344070435,9777
31.41106104850769,9776
31.438055276870728,9775
31.46495532989502,9774
31.493338108062744,9773
31.520272254943848,9772
31.547174215316772,9771
31.573995113372803,9770
31.601158142089844,9769
31.62860107421875,9768
31.655875205993652,9767
31.68304204940796,9766
31.710285186767578,9765
31.73779821395874,9764
31.764928102493286,9763
31.792091131210327,9762
31.81894612312317,9761
31.84607219696045,9760
31.873038053512573,9759
31.899928092956543,9758
31.927279233932495,9757
31.953920125961304,9756
31.98191738128662,9755
32.00903606414795,9754
32.03603219985962,9753
32.06331920623779,9752
32.09070420265198,9751
32.11787819862366,9750
32.14577627182007,9749
32.17277216911316,9748
32.19961333274841,9747
32.22724199295044,9746
32.25416016578674,9745
32.28087019920349,9744
32.30815124511719,9743
32.33515024185181,9742
32.362147092819214,9741
32.389591217041016,9740
32.416563272476196,9739
32.44372606277466,9738
32.470893144607544,9737
32.49827218055725,9736
32.52569913864136,9735
32.55659818649292,9734
32.583569288253784,9733
32.616403341293335,9732
32.66059422492981,9731
32.69526815414429,9730
32.732749223709106,9729
32.776103258132935,9728
32.80429816246033,9727
32.83164620399475,9726
32.88461422920227,9725
32.91167616844177,9724
32.93860912322998,9723
32.96536707878113,9722
32.99270033836365,9721
33.01996636390686,9720
33.047014236450195,9719
33.07414412498474,9718
33.1011061668396,9717
33.131460189819336,9716
33.16259813308716,9715
33.19280004501343,9714
33.22134518623352,9713
33.24852132797241,9712
33.27548623085022,9711
33.30242204666138,9710
33.32935333251953,9709
33.35651731491089,9708
33.38353514671326,9707
33.4107551574707,9706
33.43806004524231,9705
33.46517610549927,9704
33.49270415306091,9703
33.51951217651367,9702
33.54647517204285,9701
33.574172258377075,9700
33.60165810585022,9699
33.632336139678955,9698
33.66222524642944,9697
33.68961834907532,9696
33.716607093811035,9695
33.74387216567993,9694
33.77096128463745,9693
33.798091173172,9692
33.82567501068115,9691
33.8542001247406,9690
33.88205814361572,9689
33.911134243011475,9688
33.93835520744324,9687
33.96527409553528,9686
33.99215912818909,9685
34.01932716369629,9684
34.04646015167236,9683
34.073793172836304,9682
34.100733280181885,9681
34.12846899032593,9680
34.15546417236328,9679
34.18235921859741,9678
34.2096734046936,9677
34.23655414581299,9676
34.26348114013672,9675
34.29041624069214,9674
34.31715106964111,9673
34.345240116119385,9672
34.372615337371826,9671
34.39960813522339,9670
34.42759919166565,9669
34.454883098602295,9668
34.482017040252686,9667
34.50937008857727,9666
34.53632116317749,9665
34.5631890296936,9664
34.59009003639221,9663
34.617093324661255,9662
34.644283294677734,9661
34.67174410820007,9660
34.69880509376526,9659
34.72600817680359,9658
34.75306510925293,9657
34.780431270599365,9656
34.8077392578125,9655
34.83486223220825,9654
34.86239719390869,9653
34.88946008682251,9652
34.91648721694946,9651
34.943432331085205,9650
34.97256016731262,9649
34.99983620643616,9648
35.027000188827515,9647
35.053948163986206,9646
35.081032276153564,9645
35.10840916633606,9644
35.13626432418823,9643
35.16313028335571,9642
35.18971109390259,9641
35.21609330177307,9640
35.24248814582825,9639
35.26882219314575,9638
35.29528331756592,9637
35.321765184402466,9636
35.34828424453735,9635
35.374972343444824,9634
35.40160942077637,9633
35.428136348724365,9632
35.45474314689636,9631
35.48119115829468,9630
35.50787425041199,9629
35.53423619270325,9628
35.56145215034485,9627
35.5879590511322,9626
35.61431908607483,9625
35.64106607437134,9624
35.66754102706909,9623
35.69420003890991,9622
35.72081995010376,9621
35.74723410606384,9620
35.773789167404175,9619
35.80018615722656,9618
35.82666015625,9617
35.853026151657104,9616
35.87941122055054,9615
35.90588712692261,9614
35.93226432800293,9613
35.95883321762085,9612
35.98546528816223,9611
36.014808177948,9610
36.043641090393066,9609
36.07086730003357,9608
36.09800124168396,9607
36.12554430961609,9606
36.15256333351135,9605
36.179805278778076,9604
36.20681619644165,9603
36.23382616043091,9602
36.26094317436218,9601
36.28804111480713,9600
36.31521511077881,9599
36.344120264053345,9598
36.37161612510681,9597
36.39878296852112,9596
36.42604899406433,9595
36.45293617248535,9594
36.481356143951416,9593
36.50862431526184,9592
36.535550355911255,9591
36.56359815597534,9590
36.59268927574158,9589
36.62239408493042,9588
36.651650190353394,9587
36.68092226982117,9586
36.710376262664795,9585
36.73910713195801,9584
36.76615810394287,9583
36.79315423965454,9582
36.8209011554718,9581
36.85052800178528,9580
36.880157232284546,9579
36.90895318984985,9578
36.95226216316223,9577
36.97958016395569,9576
37.006808042526245,9575
37.03387713432312,9574
37.06120324134827,9573
37.08875107765198,9572
37.11606812477112,9571
37.14355111122131,9570
37.1705060005188,9569
37.1974401473999,9568
37.224841356277466,9567
37.25171613693237,9566
37.278767108917236,9565
37.305859088897705,9564
37.332826137542725,9563
37.36014223098755,9562
37.38740825653076,9561
37.41557812690735,9560
37.44303512573242,9559
37.47033333778381,9558
37.49752402305603,9557
37.52485918998718,9556
37.551748275756836,9555
37.57862830162048,9554
37.60611414909363,9553
37.63342905044556,9552
37.66066932678223,9551
37.68808126449585,9550
37.71518015861511,9549
37.74232339859009,9548
37.76933407783508,9547
37.79656219482422,9546
37.82368612289429,9545
37.85079908370972,9544
37.87804627418518,9543
37.9065101146698,9542
37.93375897407532,9541
37.96096110343933,9540
37.98837208747864,9539
38.01564431190491,9538
38.04287528991699,9537
38.069905281066895,9536
38.0969762802124,9535
38.124502182006836,9534
38.151578187942505,9533
38.17866802215576,9532
38.206207036972046,9531
38.233179330825806,9530
38.26066732406616,9529
38.28777599334717,9528
38.31550431251526,9527
38.342886209487915,9526
38.37016320228577,9525
38.397356033325195,9524
38.425082206726074,9523
38.45355534553528,9522
38.480725049972534,9521
38.50835037231445,9520
38.53546595573425,9519
38.56254315376282,9518
38.59007120132446,9517
38.61746525764465,9516
38.64496207237244,9515
38.67196798324585,9514
38.72106432914734,9513
38.74815225601196,9512
38.77555203437805,9511
38.80236220359802,9510
38.82934236526489,9509
38.8562490940094,9508
38.8831832408905,9507
38.910574197769165,9506
38.93791103363037,9505
38.968321084976196,9504
38.99694633483887,9503
39.02406620979309,9502
39.05092525482178,9501
39.078492164611816,9500
39.10625720024109,9499
39.1333281993866,9498
39.161020278930664,9497
39.18791222572327,9496
39.214988231658936,9495
39.242393255233765,9494
39.26936221122742,9493
39.29647898674011,9492
39.3238000869751,9491
39.35081124305725,9490
39.37831401824951,9489
39.40540313720703,9488
39.43255925178528,9487
39.459670066833496,9486
39.48851823806763,9485
39.51573133468628,9484
39.543121337890625,9483
39.57023215293884,9482
39.59891724586487,9481
39.62751531600952,9480
39.65571618080139,9479
39.683518409729004,9478
39.71181535720825,9477
39.73941135406494,9476
39.767598152160645,9475
39.795698165893555,9474
39.82374930381775,9473
39.851572036743164,9472
39.87960720062256,9471
39.90806603431702,9470
39.93605613708496,9469
39.96426320075989,9468
39.992711305618286,9467
40.021456241607666,9466
40.04976224899292,9465
40.07831025123596,9464
40.10672903060913,9463
40.13479399681091,9462
40.16288208961487,9461
40.19098711013794,9460
40.217801332473755,9459
40.245079040527344,9458
40.272114276885986,9457
40.299501180648804,9456
40.32677626609802,9455
40.35376214981079,9454
40.38075017929077,9453
40.40824604034424,9452
40.43544125556946,9451
40.462762117385864,9450
40.49164128303528,9449
40.52036929130554,9448
40.55134320259094,9447
40.581364154815674,9446
40.61061215400696,9445
40.63847517967224,9444
40.665974140167236,9443
40.693257331848145,9442
40.721166133880615,9441
40.748520374298096,9440
40.77576398849487,9439
40.802571058273315,9438
40.829517126083374,9437
40.85652828216553,9436
40.883416175842285,9435
40.91081619262695,9434
40.93796515464783,9433
40.96521806716919,9432
40.99241614341736,9431
41.01966905593872,9430
41.04691219329834,9429
41.07559609413147,9428
41.10270118713379,9427
41.13030505180359,9426
41.15785813331604,9425
41.18486928939819,9424
41.21176218986511,9423
41.238935232162476,9422
41.26613926887512,9421
41.29354500770569,9420
41.32051730155945,9419
41.347596168518066,9418
41.374603033065796,9417
41.40182614326477,9416
41.429141998291016,9415
41.45625019073486,9414
41.48330116271973,9413
41.51121926307678,9412
41.540019273757935,9411
41.568183183670044,9410
41.59574818611145,9409
41.62349224090576,9408
41.65052819252014,9407
41.67778515815735,9406
41.70478105545044,9405
41.73216104507446,9404
41.759836196899414,9403
41.78679013252258,9402
41.814677000045776,9401
41.84195923805237,9400
41.86903619766235,9399
41.89639329910278,9398
41.92373609542847,9397
41.95083427429199,9396
41.978071212768555,9395
42.00506925582886,9394
42.03236103057861,9393
42.059614181518555,9392
42.08642816543579,9391
42.113699197769165,9390
42.141112089157104,9389
42.168002128601074,9388
42.19512224197388,9387
42.222164154052734,9386
42.249234199523926,9385
42.27631115913391,9384
42.30447006225586,9383
42.33147120475769,9382
42.35862612724304,9381
42.38559412956238,9380
42.41269826889038,9379
42.43966722488403,9378
42.46686410903931,9377
42.4942090511322,9376
42.52241516113281,9375
42.54962205886841,9374
42.57705020904541,9373
42.604427099227905,9372
42.63170003890991,9371
42.6588921546936,9370
42.685925245285034,9369
42.71295738220215,9368
42.74019527435303,9367
42.767741203308105,9366
42.79461121559143,9365
42.821272134780884,9364
42.847736120224,9363
42.874298095703125,9362
42.90110111236572,9361
42.92879915237427,9360
42.95657420158386,9359
42.983649015426636,9358
43.01124620437622,9357
43.03826832771301,9356
43.06540632247925,9355
43.092602252960205,9354
43.11997628211975,9353
43.14751410484314,9352
43.174469232559204,9351
43.20164513587952,9350
43.22965621948242,9349
43.25706505775452,9348
43.284157276153564,9347
43.3291802406311,9346
43.35636925697327,9345
43.38366413116455,9344
43.41103410720825,9343
43.439231157302856,9342
43.4668653011322,9341
43.495705127716064,9340
43.52373814582825,9339
43.55153512954712,9338
43.57922315597534,9337
43.60647511482239,9336
43.63362216949463,9335
43.66139817237854,9334
43.688594341278076,9333
43.71583104133606,9332
43.74292612075806,9331
43.77000617980957,9330
43.796945333480835,9329
43.824167251586914,9328
43.85129714012146,9327
43.878456115722656,9326
43.905511140823364,9325
43.93253135681152,9324
43.96073126792908,9323
43.98795700073242,9322
44.01491713523865,9321
44.04191827774048,9320
44.06879425048828,9319
44.096251249313354,9318
44.12380313873291,9317
44.15078926086426,9316
44.17797303199768,9315
44.20521807670593,9314
44.23252606391907,9313
44.259982109069824,9312
44.287389278411865,9311
44.31476306915283,9310
44.342284202575684,9309
44.36949014663696,9308
44.39649319648743,9307
44.42458534240723,9306
44.451647996902466,9305
44.47882127761841,9304
44.50603532791138,9303
44.53342413902283,9302
44.560734272003174,9301
44.587770223617554,9300
44.61497926712036,9299
44.642462968826294,9298
44.66938614845276,9297
44.69693422317505,9296
44.72406721115112,9295
44.750959157943726,9294
44.778156042099,9293
44.8049840927124,9292
44.83196210861206,9291
44.859615087509155,9290
44.886911153793335,9289
44.91431403160095,9288
44.94163417816162,9287
44.970659255981445,9286
44.99776220321655,9285
45.02484607696533,9284
45.0517361164093,9283
45.07920527458191,9282
45.1065092086792,9281
45.13359618186951,9280
45.16085195541382,9279
45.18797326087952,9278
45.21514129638672,9277
45.242478132247925,9276
45.271589279174805,9275
45.30018210411072,9274
45.32822513580322,9273
45.35622501373291,9272
45.38384222984314,9271
45.41176128387451,9270
45.44013428688049,9269
45.467727184295654,9268
45.495917081832886,9267
45.524588108062744,9266
45.552465200424194,9265
45.58056926727295,9264
45.628233194351196,9263
45.65534329414368,9262
45.68247723579407,9261
45.709630250930786,9260
45.73674011230469,9259
45.763851165771484,9258
45.79076933860779,9257
45.81787705421448,9256
45.8455171585083,9255
45.87284708023071,9254
45.90005421638489,9253
45.92733907699585,9252
45.95456099510193,9251
45.98162221908569,9250
46.00910019874573,9249
46.03592324256897,9248
46.06296920776367,9247
46.089959144592285,9246
46.116995096206665,9245
46.14523005485535,9244
46.17594528198242,9243
46.20354104042053,9242
46.231306076049805,9241
46.258527994155884,9240
46.28580021858215,9239
46.314247369766235,9238
46.34188532829285,9237
46.368821144104004,9236
46.39581537246704,9235
46.42294931411743,9234
46.44984817504883,9233
46.47713112831116,9232
46.50420141220093,9231
46.53113603591919,9230
46.55859041213989,9229
46.60369825363159,9228
46.6310601234436,9227
46.658268213272095,9226
46.68521213531494,9225
46.71238303184509,9224
46.73978805541992,9223
46.76676106452942,9222
46.793867111206055,9221
46.82101035118103,9220
46.84842610359192,9219
46.87565803527832,9218
46.90297222137451,9217
46.92992925643921,9216
46.95691418647766,9215
46.9840931892395,9214
47.011627197265625,9213
47.03965616226196,9212
47.06689524650574,9211
47.09404635429382,9210
47.1218900680542,9209
47.149566411972046,9208
47.17776894569397,9207
47.205639362335205,9206
47.23307704925537,9205
47.26054120063782,9204
47.287678956985474,9203
47.31492304801941,9202
47.34261727333069,9201
47.37046813964844,9200
47.398033142089844,9199
47.42571806907654,9198
47.45361924171448,9197
47.481091260910034,9196
47.508976221084595,9195
47.5359890460968,9194
47.56298494338989,9193
47.59006428718567,9192
47.617276191711426,9191
47.644659996032715,9190
47.671746015548706,9189
47.698692083358765,9188
47.72571921348572,9187
47.752549171447754,9186
47.77959418296814,9185
47.806764125823975,9184
47.83379411697388,9183
47.86095309257507,9182
47.887999057769775,9181
47.91510605812073,9180
47.94229316711426,9179
47.96945118904114,9178
47.99662637710571,9177
48.02440810203552,9176
48.05140137672424,9175
48.07834529876709,9174
48.105608224868774,9173
48.13299512863159,9172
48.1604061126709,9171
48.187655210494995,9170
48.21477508544922,9169
48.24196100234985,9168
48.2691011428833,9167
48.296478271484375,9166
48.32365798950195,9165
48.35056114196777,9164
48.37766623497009,9163
48.404725074768066,9162
48.43166899681091,9161
48.45879411697388,9160
48.48576736450195,9159
48.51283097267151,9158
48.53993010520935,9157
48.56704306602478,9156
48.59426212310791,9155
48.621798276901245,9154
48.64893913269043,9153
48.67605137825012,9152
48.70306611061096,9151
48.73209810256958,9150
48.76012110710144,9149
48.78789830207825,9148
48.815290212631226,9147
48.84275412559509,9146
48.87040305137634,9145
48.89776611328125,9144
48.92510628700256,9143
48.952179193496704,9142
48.9792902469635,9141
49.0061821937561,9140
49.0333251953125,9139
49.060216188430786,9138
49.08697509765625,9137
49.11458206176758,9136
49.14250111579895,9135
49.17045712471008,9134
49.19818615913391,9133
49.22581624984741,9132
49.253127336502075,9131
49.28032732009888,9130
49.30685901641846,9129
49.33772015571594,9128
49.370779275894165,9127
49.40339112281799,9126
49.43898820877075,9125
49.47702622413635,9124
49.51209807395935,9123
49.539873123168945,9122
49.566904067993164,9121
49.5939462184906,9120
49.62152123451233,9119
49.64844536781311,9118
49.675554037094116,9117
49.70228815078735,9116
49.729331970214844,9115
49.75835919380188,9114
49.789913177490234,9113
49.81819128990173,9112
49.84744620323181,9111
49.87566113471985,9110
49.90272521972656,9109
49.930291175842285,9108
49.95797419548035,9107
49.98486518859863,9106
50.01210331916809,9105
50.03912615776062,9104
50.06588912010193,9103
50.0936222076416,9102
50.12090015411377,9101
50.14789605140686,9100
50.175177335739136,9099
50.2022430896759,9098
50.229475259780884,9097
50.25682711601257,9096
50.28429317474365,9095
50.311859369277954,9094
50.34141516685486,9093
50.37116312980652,9092
50.398404121398926,9091
50.42718315124512,9090
50.454259395599365,9089
50.481550216674805,9088
50.508936166763306,9087
50.53690218925476,9086
50.564404010772705,9085
50.591559171676636,9084
50.61884427070618,9083
50.64614129066467,9082
50.6731641292572,9081
50.700080156326294,9080
50.72719216346741,9079
50.75402617454529,9078
50.78073024749756,9077
50.80796694755554,9076
50.834989070892334,9075
50.86235523223877,9074
50.88953495025635,9073
50.91650629043579,9072
50.958802223205566,9071
50.985960245132446,9070
51.013087034225464,9069
51.04012632369995,9068
51.067002296447754,9067
51.094234228134155,9066
51.12164926528931,9065
51.149049282073975,9064
51.176275968551636,9063
51.20328497886658,9062
51.230281352996826,9061
51.25756025314331,9060
51.28494119644165,9059
51.31228804588318,9058
51.33941626548767,9057
51.366358041763306,9056
51.393495082855225,9055
51.420600175857544,9054
51.44758915901184,9053
51.48867726325989,9052
51.516157388687134,9051
51.544177293777466,9050
51.572638273239136,9049
51.600481033325195,9048
51.62994933128357,9047
51.659486293792725,9046
51.68788719177246,9045
51.71626114845276,9044
51.74612212181091,9043
51.77567219734192,9042
51.80526900291443,9041
51.83263421058655,9040
51.860196113586426,9039
51.887309074401855,9038
51.91424822807312,9037
51.942323207855225,9036
51.970484018325806,9035
51.998130321502686,9034
52.026562213897705,9033
52.05364203453064,9032
52.08100509643555,9031
52.10982918739319,9030
52.13705015182495,9029
52.16441321372986,9028
52.19214224815369,9027
52.2200083732605,9026
52.24778437614441,9025
52.275731325149536,9024
52.30437707901001,9023
52.331942319869995,9022
52.35991406440735,9021
52.387038230895996,9020
52.414496183395386,9019
52.4420690536499,9018
52.46879315376282,9017
52.49533009529114,9016
52.522274017333984,9015
52.54931616783142,9014
52.57638931274414,9013
52.603267192840576,9012
52.63024020195007,9011
52.657018184661865,9010
52.68364906311035,9009
52.718661308288574,9008
52.74930214881897,9007
52.77836799621582,9006
52.806969165802,9005
52.8341281414032,9004
52.8617160320282,9003
52.88888716697693,9002
52.91645908355713,9001
52.94566512107849,9000
52.975027322769165,8999
53.003228187561035,8998
53.03076410293579,8997
53.05770802497864,8996
53.08510732650757,8995
53.11210513114929,8994
53.13877511024475,8993
53.165416955947876,8992
53.1921112537384,8991
53.21876120567322,8990
53.24530816078186,8989
53.27180814743042,8988
53.29843211174011,8987
53.32526516914368,8986
53.351877212524414,8985
53.37864923477173,8984
53.40527319908142,8983
53.43207502365112,8982
53.45886421203613,8981
53.48568916320801,8980
53.512444257736206,8979
53.541359186172485,8978
53.57193422317505,8977
53.60067105293274,8976
53.628602266311646,8975
53.669007301330566,8974
53.69706916809082,8973
53.72632598876953,8972
53.755258083343506,8971
53.78476905822754,8970
53.81350827217102,8969
53.84090232849121,8968
53.86800217628479,8967
53.89508318901062,8966
53.92215132713318,8965
53.94943833351135,8964
53.976728200912476,8963
54.00366735458374,8962
54.03084707260132,8961
54.058778285980225,8960
54.08613610267639,8959
54.11357021331787,8958
54.14098930358887,8957
54.16838026046753,8956
54.196720123291016,8955
54.225688219070435,8954
54.254178047180176,8953
54.283186197280884,8952
54.310171127319336,8951
54.336804151535034,8950
54.36331129074097,8949
54.3896861076355,8948
54.41627025604248,8947
54.44305419921875,8946
54.469635248184204,8945
54.49624824523926,8944
54.522661209106445,8943
54.549100160598755,8942
54.57558298110962,8941
54.6021523475647,8940
54.628634214401245,8939
54.655184268951416,8938
54.68158221244812,8937
54.7080340385437,8936
54.73460507392883,8935
54.76124811172485,8934
54.78783917427063,8933
54.81440997123718,8932
54.840986251831055,8931
54.8675491809845,8930
54.8940691947937,8929
54.920703172683716,8928
54.94705939292908,8927
54.97347712516785,8926
54.99991822242737,8925
55.02639412879944,8924
55.053030252456665,8923
55.07968735694885,8922
55.106237173080444,8921
55.13291597366333,8920
55.15948534011841,8919
55.18606901168823,8918
55.21273112297058,8917
55.23937916755676,8916
55.265844106674194,8915
55.29260325431824,8914
55.31935906410217,8913
55.34592628479004,8912
55.37277913093567,8911
55.39965796470642,8910
55.426454067230225,8909
55.45346927642822,8908
55.4804961681366,8907
55.507238149642944,8906
55.53379726409912,8905
55.560463190078735,8904
55.58696126937866,8903
55.613479137420654,8902
55.6400260925293,8901
55.66642928123474,8900
55.692909240722656,8899
55.71934628486633,8898
55.74632024765015,8897
55.77293109893799,8896
55.79922938346863,8895
55.82553505897522,8894
55.85178232192993,8893
55.87806010246277,8892
55.90438914299011,8891
55.930713176727295,8890
55.957168102264404,8889
55.98345327377319,8888
56.01011514663696,8887
56.03655028343201,8886
56.06295132637024,8885
56.089317321777344,8884
56.115679025650024,8883
56.14230012893677,8882
56.168755292892456,8881
56.19506096839905,8880
56.22141909599304,8879
56.247714042663574,8878
56.27404522895813,8877
56.30008506774902,8876
56.326550006866455,8875
56.35295224189758,8874
56.37952518463135,8873
56.40642213821411,8872
56.45788216590881,8871
56.484530210494995,8870
56.5111141204834,8869
56.5376341342926,8868
56.56398916244507,8867
56.590145111083984,8866
56.616520166397095,8865
56.64322519302368,8864
56.669666051864624,8863
56.69624710083008,8862
56.72293019294739,8861
56.77551817893982,8860
56.80262303352356,8859
56.85031223297119,8858
56.87760019302368,8857
56.90492224693298,8856
56.93197536468506,8855
56.96054124832153,8854
56.992589235305786,8853
57.03152632713318,8852
57.071423053741455,8851
57.107314348220825,8850
57.14127206802368,8849
57.17239022254944,8848
57.205090045928955,8847
57.23988628387451,8846
57.275004148483276,8845
57.30300331115723,8844
57.331825256347656,8843
57.36013412475586,8842
57.387492179870605,8841
57.41569113731384,8840
57.44735527038574,8839
57.47855520248413,8838
57.50672626495361,8837
57.53390717506409,8836
57.56102132797241,8835
57.58912014961243,8834
57.61658525466919,8833
57.64476537704468,8832
57.67492723464966,8831
57.703084230422974,8830
57.73118615150452,8829
57.75960326194763,8828
57.787737131118774,8827
57.816057205200195,8826
57.84565305709839,8825
57.893296241760254,8824
57.9199800491333,8823
57.94681119918823,8822
57.97375416755676,8821
58.03162717819214,8820
58.062140226364136,8819
58.09176325798035,8818
58.118709087371826,8817
58.147064208984375,8816
58.17440319061279,8815
58.20214295387268,8814
58.22973012924194,8813
58.25714302062988,8812
58.28518295288086,8811
58.31852316856384,8810
58.348552227020264,8809
58.37693524360657,8808
58.40563106536865,8807
58.43382120132446,8806
58.46187210083008,8805
58.4893000125885,8804
58.516112327575684,8803
58.54382014274597,8802
58.5724151134491,8801
58.59951210021973,8800
58.62654733657837,8799
58.653799295425415,8798
58.680641174316406,8797
58.70790719985962,8796
58.736218214035034,8795
58.76569223403931,8794
58.79600524902344,8793
58.826059103012085,8792
58.85577702522278,8791
58.88820719718933,8790
58.9172842502594,8789
58.94490909576416,8788
58.97364616394043,8787
59.006805181503296,8786
59.03979802131653,8785
59.071892976760864,8784
59.10151124000549,8783
59.13047909736633,8782
59.15873098373413,8781
59.18674302101135,8780
59.21585512161255,8779
59.24409604072571,8778
59.27362108230591,8777
59.3006432056427,8776
59.32749629020691,8775
59.35416126251221,8774
59.38073515892029,8773
59.40842604637146,8772
59.43972039222717,8771
59.46690011024475,8770
59.49522304534912,8769
59.52355623245239,8768
59.55146026611328,8767
59.57908511161804,8766
59.6084463596344,8765
59.63738703727722,8764
59.6668541431427,8763
59.69983410835266,8762
59.73004126548767,8761
59.76039409637451,8760
59.78884816169739,8759
59.817625284194946,8758
59.84536123275757,8757
59.87417221069336,8756
59.90325117111206,8755
59.931042194366455,8754
59.95949912071228,8753
59.98853302001953,8752
60.01886796951294,8751
60.04712224006653,8750
60.078015089035034,8749
60.10718011856079,8748
60.1365602016449,8747
60.165295124053955,8746
60.19515323638916,8745
60.22473216056824,8744
60.25735330581665,8743
60.28730130195618,8742
60.316328287124634,8741
60.34465837478638,8740
60.37991118431091,8739
60.41291427612305,8738
60.44161009788513,8737
60.470680236816406,8736
60.499595165252686,8735
60.528948068618774,8734
60.557141065597534,8733
60.58570909500122,8732
60.61355710029602,8731
60.64155125617981,8730
60.669917345047,8729
60.6976420879364,8728
60.72601509094238,8727
60.754130363464355,8726
60.78235220909119,8725
60.81200313568115,8724
60.84078526496887,8723
60.86923432350159,8722
60.89894914627075,8721
60.92779517173767,8720
60.962270975112915,8719
60.994694232940674,8718
61.02496933937073,8717
61.05200529098511,8716
61.0793821811676,8715
61.10628318786621,8714
61.13277220726013,8713
61.15959310531616,8712
61.18636417388916,8711
61.21293520927429,8710
61.23957920074463,8709
61.26690411567688,8708
61.29401612281799,8707
61.32081413269043,8706
61.348042011260986,8705
61.375049352645874,8704
61.40178608894348,8703
61.43026614189148,8702
61.45820426940918,8701
61.485992193222046,8700
61.51429510116577,8699
61.54159998893738,8698
61.56858015060425,8697
61.596601247787476,8696
61.624667167663574,8695
61.65162110328674,8694
61.678725242614746,8693
61.705751180648804,8692
61.73262119293213,8691
61.76059436798096,8690
61.788846254348755,8689
61.817644119262695,8688
61.84708619117737,8687
61.87521409988403,8686
61.90251016616821,8685
61.929856061935425,8684
61.957093238830566,8683
61.984009981155396,8682
62.012115240097046,8681
62.03874731063843,8680
62.065011978149414,8679
62.09139609336853,8678
62.11767315864563,8677
62.14433717727661,8676
62.171205282211304,8675
62.19818925857544,8674
62.22471237182617,8673
62.251280307769775,8672
62.27780103683472,8671
62.30429220199585,8670
62.33113431930542,8669
62.358067989349365,8668
62.384929180145264,8667
62.41150522232056,8666
62.4380521774292,8665
62.46550226211548,8664
62.49218010902405,8663
62.518742084503174,8662
62.54510426521301,8661
62.57181215286255,8660
62.59828519821167,8659
62.62505316734314,8658
62.65160322189331,8657
62.67822527885437,8656
62.70479726791382,8655
62.731359004974365,8654
62.75810623168945,8653
62.785224199295044,8652
62.812243938446045,8651
62.839386224746704,8650
62.8660032749176,8649
62.89249920845032,8648
62.91939306259155,8647
62.94655203819275,8646
62.974406242370605,8645
63.00142526626587,8644
63.028430223464966,8643
63.05517816543579,8642
63.081865310668945,8641
63.10888338088989,8640
63.135897159576416,8639
63.16276025772095,8638
63.189696073532104,8637
63.21655821800232,8636
63.243558168411255,8635
63.27036213874817,8634
63.29694628715515,8633
63.32382416725159,8632
63.350383281707764,8631
63.377246379852295,8630
63.40406513214111,8629
63.430851221084595,8628
63.457847118377686,8627
63.48436522483826,8626
63.51102900505066,8625
63.53762221336365,8624
63.564542293548584,8623
63.59144711494446,8622
63.61839723587036,8621
63.64518117904663,8620
63.67211318016052,8619
63.69880127906799,8618
63.72560524940491,8617
63.75231719017029,8616
63.77932524681091,8615
63.80610013008118,8614
63.8326621055603,8613
63.85920715332031,8612
63.88594722747803,8611
63.912543058395386,8610
63.93958234786987,8609
63.983333110809326,8608
64.01026725769043,8607
64.03703308105469,8606
64.06414914131165,8605
64.09117126464844,8604
64.11783623695374,8603
64.14438819885254,8602
64.17112398147583,8601
64.19760823249817,8600
64.22426915168762,8599
64.25072121620178,8598
64.27713012695312,8597
64.30358719825745,8596
64.32997298240662,8595
64.35692524909973,8594
64.3841142654419,8593
64.41127133369446,8592
64.43808722496033,8591
64.4647569656372,8590
64.49177813529968,8589
64.51901125907898,8588
64.54587125778198,8587
64.57275819778442,8586
64.59934735298157,8585
64.62568712234497,8584
64.65199422836304,8583
64.67883539199829,8582
64.7056770324707,8581
64.73258805274963,8580
64.75980520248413,8579
64.7865731716156,8578
64.81344628334045,8577
64.8401472568512,8576
64.86673521995544,8575
64.89339113235474,8574
64.92033529281616,8573
64.94760513305664,8572
64.97422313690186,8571
65.00085926055908,8570
65.02799320220947,8569
65.05485725402832,8568
65.08143830299377,8567
65.10851216316223,8566
65.13554525375366,8565
65.16246294975281,8564
65.1896231174469,8563
65.21679210662842,8562
65.2437093257904,8561
65.27077198028564,8560
65.29744839668274,8559
65.32393598556519,8558
65.35050916671753,8557
65.37729120254517,8556
65.40441608428955,8555
65.43182420730591,8554
65.45911407470703,8553
65.48592734336853,8552
65.51269817352295,8551
65.53949809074402,8550
65.56615233421326,8549
65.59288334846497,8548
65.61932229995728,8547
65.64562511444092,8546
65.67222714424133,8545
65.69887018203735,8544
65.7254810333252,8543
65.75217318534851,8542
65.77897620201111,8541
65.8059573173523,8540
65.83321905136108,8539
65.86009502410889,8538
65.8867609500885,8537
65.91343998908997,8536
65.94003319740295,8535
65.96660614013672,8534
65.99351239204407,8533
66.02039813995361,8532
66.04708099365234,8531
66.07400417327881,8530
66.10072326660156,8529
66.12741208076477,8528
66.15407204627991,8527
66.18089604377747,8526
66.20754933357239,8525
66.23443102836609,8524
66.26104712486267,8523
66.28981709480286,8522
66.3182442188263,8521
66.34628415107727,8520
66.37514424324036,8519
66.40330815315247,8518
66.43096613883972,8517
66.4600419998169,8516
66.48825335502625,8515
66.51647114753723,8514
66.5435061454773,8513
66.57000231742859,8512
66.59661626815796,8511
66.6231050491333,8510
66.64975309371948,8509
66.67649626731873,8508
66.7031261920929,8507
66.7299063205719,8506
66.75662112236023,8505
66.78320002555847,8504
66.80999517440796,8503
66.83662223815918,8502
66.86326026916504,8501
66.88987922668457,8500
66.91649627685547,8499
66.94283699989319,8498
66.96931028366089,8497
66.99594497680664,8496
67.02283525466919,8495
67.04943513870239,8494
67.07598328590393,8493
67.1027262210846,8492
67.12959122657776,8491
67.1561861038208,8490
67.18261408805847,8489
67.20911526679993,8488
67.23567414283752,8487
67.26191735267639,8486
67.28854513168335,8485
67.31514716148376,8484
67.34213304519653,8483
67.36883306503296,8482
67.3955283164978,8481
67.42218804359436,8480
67.44901609420776,8479
67.47549629211426,8478
67.98540425300598,8477
70.60898208618164,8476
70.65925931930542,8475
70.6871132850647,8474
70.71463918685913,8473
70.74212718009949,8472
70.76947712898254,8471
70.7967963218689,8470
70.82431221008301,8469
70.85212516784668,8468
70.87984418869019,8467
70.90765023231506,8466
70.9355902671814,8465
70.96283602714539,8464
70.9895670413971,8463
71.01616215705872,8462
71.0653760433197,8461
71.09198427200317,8460
71.11864805221558,8459
71.14518928527832,8458
71.17173409461975,8457
71.26736998558044,8456
72.44974637031555,8455
72.47700214385986,8454
72.50426435470581,8453
74.2894070148468,8452
74.31603813171387,8451
74.34263229370117,8450
74.36937427520752,8449
74.39612913131714,8448
74.42294406890869,8447
74.4499020576477,8446
74.47673010826111,8445
74.50388622283936,8444
74.57431221008301,8443
74.62964916229248,8442
74.68196821212769,8441
74.73796105384827,8440
74.8148021697998,8439
74.89878511428833,8438
74.92666220664978,8437
74.97492504119873,8436
75.00191116333008,8435
75.07487416267395,8434
75.10224914550781,8433
75.16821312904358,8432
75.23180317878723,8431
75.25940203666687,8430
75.34328508377075,8429
75.40652322769165,8428
75.43850708007812,8427
75.51654314994812,8426
75.5475902557373,8425
75.61673331260681,8424
75.64660310745239,8423
75.7310242652893,8422
75.79225015640259,8421
75.81907320022583,8420
75.8757381439209,8419
75.90204429626465,8418
75.95874214172363,8417
75.98680925369263,8416
76.05654621124268,8415
76.1430892944336,8414
76.1709680557251,8413
76.22016716003418,8412
76.25080823898315,8411
76.3299720287323,8410
76.35715508460999,8409
76.38423824310303,8408
76.41246795654297,8407
76.51422214508057,8406
76.63148331642151,8405
76.66183114051819,8404
76.7295343875885,8403
76.80704116821289,8402
76.83417439460754,8401
76.86163210868835,8400
76.92235231399536,8399
76.94939231872559,8398
76.99794411659241,8397
77.02688002586365,8396
77.08544611930847,8395
77.1128420829773,8394
77.15830826759338,8393
77.18576622009277,8392
77.2626702785492,8391
77.32960104942322,8390
77.37492609024048,8389
77.41728615760803,8388
77.44539904594421,8387
77.49762010574341,8386
77.52573418617249,8385
77.59159016609192,8384
77.61907505989075,8383
77.6587073802948,8382
77.68557119369507,8381
77.7569100856781,8380
77.78379702568054,8379
77.86138319969177,8378
77.89378213882446,8377
77.95933532714844,8376
77.98842906951904,8375
78.06825113296509,8374
78.12303018569946,8373
78.18091225624084,8372
78.21341633796692,8371
78.27700614929199,8370
78.30666327476501,8369
78.33424615859985,8368
78.38776135444641,8367
78.45888304710388,8366
78.53592824935913,8365
78.59345316886902,8364
78.67404532432556,8363
78.70274424552917,8362
78.83345103263855,8361
78.86065316200256,8360
78.91514921188354,8359
78.94281029701233,8358
79.0012481212616,8357
79.02787923812866,8356
79.07105112075806,8355
79.09781813621521,8354
79.16398620605469,8353
79.19024729728699,8352
79.24423408508301,8351
79.29515027999878,8350
79.32146716117859,8349
79.39689922332764,8348
79.42358303070068,8347
79.49442625045776,8346
79.52105712890625,8345
79.56876230239868,8344
79.59518218040466,8343
79.62145113945007,8342
79.64796328544617,8341
79.71375513076782,8340
79.74039816856384,8339
79.82646226882935,8338
79.89581322669983,8337
79.92240905761719,8336
79.98691511154175,8335
80.02881526947021,8334
80.05507206916809,8333
80.12680912017822,8332
80.15319013595581,8331
80.23234009742737,8330
80.25930714607239,8329
80.32248497009277,8328
80.36856603622437,8327
80.39531016349792,8326
80.45703339576721,8325
80.48345613479614,8324
80.5399842262268,8323
80.58423709869385,8322
80.61110615730286,8321
80.6877954006195,8320
80.71418905258179,8319
80.7952172756195,8318
80.82253122329712,8317
80.89203095436096,8316
80.9199891090393,8315
80.98170232772827,8314
81.05778622627258,8313
81.08491802215576,8312
81.1483063697815,8311
81.17530131340027,8310
81.2516462802887,8309
81.27880811691284,8308
81.35359311103821,8307
81.38062119483948,8306
81.44397020339966,8305
81.50328922271729,8304
81.52997612953186,8303
81.58148097991943,8302
81.60819721221924,8301
81.64674711227417,8300
81.67337012290955,8299
81.72447204589844,8298
81.75191712379456,8297
81.81346821784973,8296
81.84044432640076,8295
81.90329217910767,8294
81.93059206008911,8293
82.00806021690369,8292
82.05479216575623,8291
82.10496997833252,8290
82.14622020721436,8289
101.18959212303162,8288
101.2168960571289,8287
101.2689962387085,8286
101.29594540596008,8285
101.32280135154724,8284
101.37558221817017,8283
101.41540622711182,8282
101.46015429496765,8281
101.9885413646698,8280
102.03464221954346,8279
102.13402533531189,8278
102.18067216873169,8277
102.23794722557068,8276
102.26687002182007,8275
102.30736327171326,8274
102.37686014175415,8273
102.40363025665283,8272
104.45854210853577,8271
105.77237200737,8270
105.8311140537262,8269
105.87876510620117,8268
105.92152118682861,8267
105.96849918365479,8266
106.0105390548706,8265
106.13238501548767,8264
106.18597030639648,8263
106.21262717247009,8262
106.26516318321228,8261
106.30539011955261,8260
106.35365605354309,8259
106.38013696670532,8258
106.53564023971558,8257
106.63318705558777,8256
106.67969632148743,8255
106.7310163974762,8254
106.80706715583801,8253
106.83521938323975,8252
106.95277214050293,8251
106.99132704734802,8250
107.01849222183228,8249
107.156423330307,8248
107.20047616958618,8247
107.24568128585815,8246
107.27211594581604,8245
107.31026935577393,8244
107.35752320289612,8243
107.40878415107727,8242
107.4627730846405,8241
107.50388026237488,8240
107.55038905143738,8239
107.59835600852966,8238
107.63937735557556,8237
107.68225526809692,8236
107.72884202003479,8235
107.98867201805115,8234
108.03271222114563,8233
108.07803320884705,8232
108.12740921974182,8231
108.32959914207458,8230
108.35797715187073,8229
108.39936113357544,8228
108.45089936256409,8227
108.6898512840271,8226
108.74018001556396,8225
108.79231429100037,8224
108.83306121826172,8223
109.06426429748535,8222
109.1132972240448,8221
109.15363621711731,8220
109.19601726531982,8219
109.4146842956543,8218
109.45884227752686,8217
109.51099610328674,8216
109.73129510879517,8215
109.77300310134888,8214
109.81791305541992,8213
109.8711953163147,8212
110.06855511665344,8211
110.11092710494995,8210
110.1979250907898,8209
110.38676309585571,8208
110.43794322013855,8207
110.50799107551575,8206
110.56289005279541,8205
110.84265232086182,8204
110.869558095932,8203
110.9097831249237,8202
110.9518301486969,8201
111.15226435661316,8200
111.24203705787659,8199
111.28309726715088,8198
111.48542737960815,8197
111.60552501678467,8196
111.67802119255066,8195
111.80185127258301,8194
111.94327926635742,8193
112.01380205154419,8192
112.06592726707458,8191
112.18670630455017,8190
112.31593012809753,8189
112.35960817337036,8188
112.40488123893738,8187
112.48287725448608,8186
112.600182056427,8185
112.69432926177979,8184
112.78918814659119,8183
112.95442318916321,8182
113.10442805290222,8181
113.13601303100586,8180
113.19781827926636,8179
113.350013256073,8178
113.37733030319214,8177
113.42210936546326,8176
113.47962212562561,8175
113.64206528663635,8174
113.66867923736572,8173
113.71207237243652,8172
113.77111315727234,8171
113.95427417755127,8170
113.98078513145447,8169
114.01981806755066,8168
114.07091021537781,8167
114.28396010398865,8166
114.31052327156067,8165
114.49292421340942,8164
114.53421330451965,8163
114.5612301826477,8162
114.7141342163086,8161
114.7524061203003,8160
114.80006718635559,8159
114.82641100883484,8158
114.99767708778381,8157
115.02665328979492,8156
115.0894820690155,8155
115.25270509719849,8154
115.32695412635803,8153
115.36991310119629,8152
115.50975513458252,8151
115.58205127716064,8150
115.65592813491821,8149
115.71237134933472,8148
115.86368417739868,8147
115.9389181137085,8146
116.00288724899292,8145
116.06557416915894,8144
116.20966410636902,8143
116.26973414421082,8142
116.31590723991394,8141
116.50515627861023,8140
116.54608726501465,8139
116.59440326690674,8138
116.77813506126404,8137
116.82083320617676,8136
116.87604832649231,8135
117.04642820358276,8134
117.09020638465881,8133
117.15573716163635,8132
117.2014741897583,8131
117.4101083278656,8130
117.4379551410675,8129
117.4873902797699,8128
117.53191328048706,8127
117.7386782169342,8126
117.77963924407959,8125
117.8366551399231,8124
117.88789200782776,8123
118.06675314903259,8122
118.11385440826416,8121
118.20429801940918,8120
118.41705417633057,8119
118.4442892074585,8118
118.62260723114014,8117
118.66769099235535,8116
118.71266508102417,8115
118.86901307106018,8114
118.94139432907104,8113
118.98143219947815,8112
119.02236223220825,8111
119.22817516326904,8110
119.31791305541992,8109
119.36019730567932,8108
119.55513715744019,8107
119.61206912994385,8106
119.66300106048584,8105
119.77041721343994,8104
119.89763712882996,8103
120.01299023628235,8102
120.06259512901306,8101
120.14014410972595,8100
120.40803408622742,8099
120.4593243598938,8098
120.50527119636536,8097
120.55901432037354,8096
120.60761499404907,8095
120.65040016174316,8094
120.67885732650757,8093
120.7069833278656,8092
120.84542322158813,8091
120.887864112854,8090
120.93985104560852,8089
121.04301118850708,8088
121.08636522293091,8087
121.13827204704285,8086
121.2563271522522,8085
121.29632520675659,8084
121.34912109375,8083
121.44696617126465,8082
121.47453427314758,8081
121.52831530570984,8080
121.55595421791077,8079
121.59817123413086,8078
121.65219712257385,8077
121.72923111915588,8076
121.77128601074219,8075
121.82197713851929,8074
121.86827111244202,8073
121.91679906845093,8072
121.96747708320618,8071
122.00662231445312,8070
122.05272126197815,8069
122.09971714019775,8068
122.14973616600037,8067
122.20234823226929,8066
122.2419662475586,8065
122.28523921966553,8064
122.31222033500671,8063
122.35171031951904,8062
122.39107203483582,8061
122.43886113166809,8060
122.58944010734558,8059
122.6805031299591,8058
122.725337266922,8057
122.88243412971497,8056
122.92627620697021,8055
123.01645636558533,8054
123.06106233596802,8053
123.24280023574829,8052
123.28735113143921,8051
123.34000420570374,8050
123.53492712974548,8049
123.57365202903748,8048
123.6338050365448,8047
123.68315124511719,8046
123.92580819129944,8045
123.97735118865967,8044
124.03565216064453,8043
124.0626790523529,8042
124.25890731811523,8041
124.32482314109802,8040
124.3685040473938,8039
124.41476511955261,8038
124.63631010055542,8037
124.73496222496033,8036
124.94801926612854,8035
124.9917471408844,8034
125.09645318984985,8033
125.22363424301147,8032
125.30070304870605,8031
125.34403824806213,8030
125.4513521194458,8029
125.58791399002075,8028
125.67395210266113,8027
125.70146322250366,8026
125.78847002983093,8025
125.9104950428009,8024
125.96216702461243,8023
126.01076817512512,8022
126.11217713356018,8021
126.2825973033905,8020
126.32695412635803,8019
126.38587021827698,8018
126.59995532035828,8017
126.6486701965332,8016
126.71884799003601,8015
126.9098801612854,8014
126.95006227493286,8013
127.13473510742188,8012
127.20311117172241,8011
127.39773416519165,8010
127.47679734230042,8009
127.63111519813538,8008
127.68318915367126,8007
127.73693323135376,8006
127.89493918418884,8005
127.92233419418335,8004
127.98340201377869,8003
128.01064324378967,8002
128.16975021362305,8001
128.2216441631317,8000
128.27691531181335,7999
128.32524919509888,7998
128.47504901885986,7997
128.5026571750641,7996
128.553875207901,7995
128.60343503952026,7994
128.7554543018341,7993
128.81400609016418,7992
128.85766506195068,7991
129.10870718955994,7990
129.15422010421753,7989
129.30254316329956,7988
129.34224820137024,7987
129.4071171283722,7986
129.46092319488525,7985
129.58758521080017,7984
129.66724038124084,7983
129.720064163208,7982
129.84808135032654,7981
129.93200826644897,7980
130.00115728378296,7979
130.169664144516,7978
130.21607398986816,7977
130.24265718460083,7976
130.2832281589508,7975
130.49277901649475,7974
130.53480339050293,7973
130.56174111366272,7972
130.7341959476471,7971
130.78214502334595,7970
130.83226537704468,7969
130.91276621818542,7968
131.0320692062378,7967
131.08827233314514,7966
131.13058519363403,7965
131.21805620193481,7964
131.34893798828125,7963
131.3938021659851,7962
131.47440910339355,7961
131.52023911476135,7960
131.69969725608826,7959
131.7266082763672,7958
131.79620814323425,7957
131.93377828598022,7956
131.9835991859436,7955
132.01106214523315,7954
132.19250416755676,7953
132.22004628181458,7952
132.26364707946777,7951
132.31380915641785,7950
132.56803607940674,7949
132.6161069869995,7948
132.70575308799744,7947
132.83185005187988,7946
132.94730424880981,7945
132.99469113349915,7944
133.1047511100769,7943
133.224769115448,7942
133.30755424499512,7941
133.35980916023254,7940
133.45693707466125,7939
133.59086227416992,7938
133.6752531528473,7937
133.7268853187561,7936
134.01790738105774,7935
134.07007908821106,7934
134.12234115600586,7933
134.16357517242432,7932
134.40915513038635,7931
134.4586842060089,7930
134.51038813591003,7929
134.56412529945374,7928
135.2609601020813,7927
135.32561326026917,7926
135.4545590877533,7925
135.5062551498413,7924
135.5851182937622,7923
135.62432312965393,7922
135.73355436325073,7921
135.78200507164001,7920
135.88487815856934,7919
135.91181325912476,7918
136.03253197669983,7917
136.0910770893097,7916
136.1418650150299,7915
136.24693417549133,7914
136.300439119339,7913
136.42179322242737,7912
136.4628722667694,7911
136.57555198669434,7910
136.6024010181427,7909
136.79683017730713,7908
136.85435819625854,7907
136.90765738487244,7906
136.99499416351318,7905
137.02302527427673,7904
137.12625312805176,7903
137.2843940258026,7902
137.38013315200806,7901
137.45226335525513,7900
137.54114317893982,7899
137.60435032844543,7898
137.67464017868042,7897
137.76643204689026,7896
137.85497117042542,7895
138.0893120765686,7894
138.17717123031616,7893
138.24551606178284,7892
138.32416009902954,7891
138.350759267807,7890
138.4223780632019,7889
138.46574425697327,7888
138.53229022026062,7887
138.63726329803467,7886
138.72969031333923,7885
138.8215250968933,7884
138.86889600753784,7883
138.92888402938843,7882
139.050151348114,7881
139.13688397407532,7880
139.21853113174438,7879
139.42540907859802,7878
139.4902422428131,7877
139.59525299072266,7876
139.63740420341492,7875
139.74724626541138,7874
139.88545203208923,7873
139.97622299194336,7872
140.02168917655945,7871
140.1589870452881,7870
140.22134399414062,7869
140.34483408927917,7868
140.3957381248474,7867
140.48843598365784,7866
140.52786207199097,7865
140.62840509414673,7864
140.67011833190918,7863
140.7955253124237,7862
140.83947014808655,7861
140.88792395591736,7860
140.95599913597107,7859
141.04495120048523,7858
141.10183119773865,7857
141.155846118927,7856
141.2934410572052,7855
141.36324524879456,7854
141.45144605636597,7853
141.53763914108276,7852
141.62500524520874,7851
141.71314311027527,7850
141.77889728546143,7849
141.84438014030457,7848
142.00352001190186,7847
142.07625436782837,7846
142.16682028770447,7845
142.25585007667542,7844
142.32954907417297,7843
142.4130401611328,7842
142.4773952960968,7841
142.5491042137146,7840
142.68031525611877,7839
142.72586822509766,7838
142.8111710548401,7837
142.87346816062927,7836
142.91836023330688,7835
143.06872010231018,7834
143.12903928756714,7833
144.811270236969,7832
146.962473154068,7831
146.98942518234253,7830
147.01653623580933,7829
147.04327821731567,7828
147.0701780319214,7827
147.0974521636963,7826
147.1244022846222,7825
147.15145921707153,7824
147.17852210998535,7823
147.20563197135925,7822
147.23288702964783,7821
147.2597770690918,7820
147.30881309509277,7819
147.3354833126068,7818
147.36231923103333,7817
147.38923025131226,7816
147.4347882270813,7815
147.4617919921875,7814
147.48874425888062,7813
147.51619219779968,7812
147.5430552959442,7811
147.56983399391174,7810
147.5968542098999,7809
147.68360924720764,7808
147.71042108535767,7807
147.73728919029236,7806
147.78101134300232,7805
147.8078441619873,7804
147.834645986557,7803
147.86176109313965,7802
147.88871335983276,7801
147.91571712493896,7800
147.94264221191406,7799
147.9694950580597,7798
147.99632620811462,7797
148.0232572555542,7796
148.04990124702454,7795
148.07668924331665,7794
148.10359716415405,7793
148.13033437728882,7792
148.15694522857666,7791
148.18381905555725,7790
148.21068620681763,7789
148.2374861240387,7788
148.26430320739746,7787
148.30921912193298,7786
148.3365650177002,7785
148.36366415023804,7784
148.39073824882507,7783
148.4175670146942,7782
148.4443862438202,7781
148.47122406959534,7780
148.49793219566345,7779
148.5253701210022,7778
148.55210423469543,7777
148.57892417907715,7776
148.60572218894958,7775
148.63250017166138,7774
148.65987825393677,7773
148.6869032382965,7772
148.71382236480713,7771
148.7412543296814,7770
148.7682590484619,7769
148.79511618614197,7768
148.82176327705383,7767
148.84879326820374,7766
148.87557721138,7765
148.90290522575378,7764
148.9309742450714,7763
148.9581093788147,7762
148.98520708084106,7761
149.01243209838867,7760
149.03952312469482,7759
149.06635427474976,7758
149.09308218955994,7757
149.1199722290039,7756
149.1467251777649,7755
149.1736192703247,7754
151.08811330795288,7753
151.11447024345398,7752
151.14082622528076,7751
151.16695404052734,7750
151.19331622123718,7749
151.2194423675537,7748
151.24573707580566,7747
151.27203726768494,7746
151.2980921268463,7745
151.324303150177,7744
151.36744809150696,7743
151.39389634132385,7742
151.42012333869934,7741
151.44658422470093,7740
151.48671317100525,7739
151.51500797271729,7738
151.54274201393127,7737
151.5695459842682,7736
151.59624338150024,7735
151.62280821800232,7734
151.64960527420044,7733
151.6763141155243,7732
151.7032232284546,7731
151.7301743030548,7730
151.75680208206177,7729
151.78372311592102,7728
151.8107509613037,7727
151.8378460407257,7726
151.8648121356964,7725
151.89150524139404,7724
152.22153615951538,7723
152.28936409950256,7722
152.31638407707214,7721
152.37289905548096,7720
152.47344613075256,7719
152.51347422599792,7718
152.6125111579895,7717
152.72803211212158,7716
152.90708708763123,7715
153.03149795532227,7714
153.10611510276794,7713
153.1975302696228,7712
153.24447107315063,7711
153.29734706878662,7710
154.21297121047974,7709
155.39748620986938,7708
155.64722108840942,7707
155.74746537208557,7706
155.8050980567932,7705
155.910964012146,7704
155.94959425926208,7703
155.97601413726807,7702
156.10075211524963,7701
156.20473909378052,7700
156.28193831443787,7699
156.3305902481079,7698
156.37794613838196,7697
156.58450317382812,7696
156.69735717773438,7695
156.81200003623962,7694
156.8604872226715,7693
156.91162014007568,7692
156.96290922164917,7691
158.89169001579285,7690
159.36697125434875,7689
159.39455914497375,7688
159.42179036140442,7687
159.44894218444824,7686
159.47614812850952,7685
160.2740752696991,7684
160.38321113586426,7683
160.47307705879211,7682
160.5519139766693,7681
160.63897323608398,7680
160.76567220687866,7679
160.84411215782166,7678
160.930917263031,7677
161.02884721755981,7676
161.09150624275208,7675
161.18286418914795,7674
161.3518352508545,7673
161.42584919929504,7672
161.49379920959473,7671
161.76070928573608,7670
161.88197135925293,7669
162.1591820716858,7668
162.24580216407776,7667
162.32367730140686,7666
162.41101002693176,7665
162.51553320884705,7664
162.58858799934387,7663
162.65240812301636,7662
162.82237911224365,7661
162.90369200706482,7660
162.9745271205902,7659
163.0519461631775,7658
163.15088820457458,7657
163.22542524337769,7656
163.2999141216278,7655
163.35743021965027,7654
163.57196712493896,7653
163.78499507904053,7652
163.92264604568481,7651
163.99804019927979,7650
164.08238816261292,7649
164.15894722938538,7648
164.23265409469604,7647
164.30540704727173,7646
164.4640519618988,7645
164.52009510993958,7644
164.60203433036804,7643
164.6561632156372,7642
164.7526671886444,7641
164.93450021743774,7640
164.96122026443481,7639
165.0826060771942,7638
165.2652611732483,7637
165.37163615226746,7636
165.53769612312317,7635
165.64156699180603,7634
165.73312735557556,7633
165.86487221717834,7632
165.92274713516235,7631
166.03408217430115,7630
166.11375737190247,7629
166.22673201560974,7628
166.31585121154785,7627
166.37631726264954,7626
166.4376540184021,7625
166.55915117263794,7624
166.63872408866882,7623
166.70823621749878,7622
166.83117723464966,7621
166.89716935157776,7620
166.94921612739563,7619
167.0770239830017,7618
167.21774315834045,7617
167.3368101119995,7616
167.42043232917786,7615
167.50900626182556,7614
167.64348912239075,7613
167.76542615890503,7612
167.83942914009094,7611
167.94979214668274,7610
168.18472337722778,7609
168.27365016937256,7608
168.3274323940277,7607
168.44466829299927,7606
168.61407828330994,7605
168.74000525474548,7604
168.93591237068176,7603
169.00940108299255,7602
169.08067321777344,7601
169.1398322582245,7600
169.20798802375793,7599
169.48955416679382,7598
169.556654214859,7597
169.67593502998352,7596
169.96233916282654,7595
170.06000208854675,7594
170.13178539276123,7593
170.22184324264526,7592
170.30942010879517,7591
170.52849006652832,7590
170.65847611427307,7589
170.8602533340454,7588
170.90394806861877,7587
171.06122708320618,7586
171.26384735107422,7585
171.32883024215698,7584
171.3711233139038,7583
171.49778199195862,7582
171.5672481060028,7581
171.76256728172302,7580
171.83641719818115,7579
172.04187321662903,7578
172.11150217056274,7577
172.1742081642151,7576
172.23504209518433,7575
172.35146021842957,7574
172.55512118339539,7573
172.63202714920044,7572
172.73623299598694,7571
173.0322802066803,7570
173.17517018318176,7569
173.23336124420166,7568
173.40090417861938,7567
173.6079432964325,7566
173.69038796424866,7565
173.7828061580658,7564
173.8644983768463,7563
174.05098509788513,7562
174.1083550453186,7561
174.17102909088135,7560
174.3109633922577,7559
174.3902142047882,7558
174.4699683189392,7557
174.6085262298584,7556
174.69018125534058,7555
174.76495623588562,7554
174.84373927116394,7553
174.94226098060608,7552
174.99570107460022,7551
175.12881731987,7550
175.2265911102295,7549
175.3703272342682,7548
175.4424750804901,7547
175.57438206672668,7546
175.71135020256042,7545
175.78358912467957,7544
175.91474628448486,7543
176.07017612457275,7542
176.19557523727417,7541
176.4386203289032,7540
176.6124231815338,7539
176.84402513504028,7538
176.90605521202087,7537
176.98055219650269,7536
177.1230709552765,7535
177.18456506729126,7534
177.3377251625061,7533
177.44099402427673,7532
177.49937415122986,7531
177.54969429969788,7530
178.01901721954346,7529
178.11463236808777,7528
178.17787313461304,7527
178.24931931495667,7526
178.2769012451172,7525
178.40188813209534,7524
178.5188901424408,7523
178.5991690158844,7522
178.7099142074585,7521
178.78457117080688,7520
178.96783423423767,7519
179.0555591583252,7518
179.30218815803528,7517
179.3516809940338,7516
179.44310927391052,7515
179.52445697784424,7514
179.60341215133667,7513
179.68552017211914,7512
179.7462122440338,7511
179.83299732208252,7510
179.910964012146,7509
180.0039141178131,7508
180.1010422706604,7507
180.16040921211243,7506
180.22802424430847,7505
180.28556323051453,7504
180.36617231369019,7503
180.4458281993866,7502
180.5407531261444,7501
180.63133811950684,7500
180.67218923568726,7499
180.77584528923035,7498
180.98839235305786,7497
181.07101225852966,7496
181.1116111278534,7495
181.22827315330505,7494
181.36330437660217,7493
181.4354910850525,7492
181.50156116485596,7491
181.6364562511444,7490
181.76874423027039,7489
181.8325550556183,7488
181.87343621253967,7487
182.12917923927307,7486
182.20516514778137,7485
182.2879512310028,7484
182.36694025993347,7483
182.46321415901184,7482
182.54434418678284,7481
182.62928104400635,7480
182.6840922832489,7479
182.76258301734924,7478
182.8698091506958,7477
182.99651622772217,7476
183.04097723960876,7475
183.12366008758545,7474
183.1971950531006,7473
183.27971625328064,7472
183.40530514717102,7471
183.48318719863892,7470
183.6428291797638,7469
183.82315921783447,7468
183.88198018074036,7467
184.052392244339,7466
184.10185599327087,7465
184.22300124168396,7464
184.41560912132263,7463
184.57520413398743,7462
184.67267036437988,7461
184.845769405365,7460
184.92639899253845,7459
185.03506112098694,7458
185.18808817863464,7457
185.27022910118103,7456
185.3308663368225,7455
185.39211010932922,7454
185.5286509990692,7453
185.68378806114197,7452
185.88789296150208,7451
185.97463822364807,7450
186.0586862564087,7449
186.3416121006012,7448
186.40542721748352,7447
186.49259614944458,7446
186.73887634277344,7445
186.80530619621277,7444
186.8778281211853,7443
186.956157207489,7442
187.04911518096924,7441
187.1978931427002,7440
187.29881811141968,7439
187.36120700836182,7438
187.46200823783875,7437
187.6209011077881,7436
187.7275002002716,7435
187.82900404930115,7434
187.94242215156555,7433
188.0447633266449,7432
188.14467930793762,7431
188.28892517089844,7430
188.39011311531067,7429
188.41706109046936,7428
188.49491024017334,7427
188.57724332809448,7426
188.72885727882385,7425
188.80580306053162,7424
188.8805103302002,7423
188.94810438156128,7422
189.0149531364441,7421
189.2099311351776,7420
189.27908730506897,7419
189.3439061641693,7418
189.42724609375,7417
189.51734828948975,7416
189.66386938095093,7415
189.78635430335999,7414
189.84137439727783,7413
190.13303136825562,7412
190.20693016052246,7411
190.2721972465515,7410
190.32867312431335,7409
190.43114018440247,7408
190.61697101593018,7407
190.66455817222595,7406
190.69259119033813,7405
190.76061534881592,7404
190.9210021495819,7403
190.97327518463135,7402
191.06415724754333,7401
191.2043981552124,7400
191.2892050743103,7399
191.37103915214539,7398
191.55231523513794,7397
191.6040802001953,7396
191.68615913391113,7395
191.75914812088013,7394
191.84123539924622,7393
191.90448427200317,7392
192.00873613357544,7391
192.17985010147095,7390
192.25554823875427,7389
192.3279731273651,7388
192.4012930393219,7387
192.4279282093048,7386
192.61038327217102,7385
192.69478297233582,7384
192.7670500278473,7383
192.83181738853455,7382
192.96598505973816,7381
193.26117706298828,7380
193.3815290927887,7379
193.4523801803589,7378
193.732901096344,7377
193.83851718902588,7376
193.90879917144775,7375
194.09048914909363,7374
194.20522332191467,7373
194.3408670425415,7372
194.4102783203125,7371
194.51867604255676,7370
194.6475121974945,7369
194.74472498893738,7368
194.82270431518555,7367
194.93557620048523,7366
195.01034498214722,7365
195.14346432685852,7364
195.1982581615448,7363
195.28576517105103,7362
195.33886432647705,7361
195.40946626663208,7360
195.60874319076538,7359
195.68399310112,7358
195.83838415145874,7357
195.96715426445007,7356
196.05303311347961,7355
196.1459321975708,7354
196.1850471496582,7353
196.2665572166443,7352
196.54025435447693,7351
196.60459232330322,7350
196.72668433189392,7349
196.80277824401855,7348
196.84164214134216,7347
196.9504110813141,7346
197.02520322799683,7345
197.07081818580627,7344
197.21778011322021,7343
197.28774404525757,7342
197.44394493103027,7341
197.50520515441895,7340
197.63323616981506,7339
197.7103762626648,7338
197.79722809791565,7337
197.87107515335083,7336
197.94286227226257,7335
198.2329351902008,7334
198.36508226394653,7333
198.54461812973022,7332
198.67455315589905,7331
198.84505224227905,7330
198.9916672706604,7329
199.06334900856018,7328
199.17269706726074,7327
199.38974523544312,7326
199.47299313545227,7325
199.8445291519165,7324
199.98005414009094,7323
200.07217526435852,7322
200.1370711326599,7321
200.21636509895325,7320
200.2433032989502,7319
200.30283117294312,7318
200.3583800792694,7317
200.46807718276978,7316
200.5825662612915,7315
200.60961818695068,7314
200.66592621803284,7313
200.73173809051514,7312
200.84202122688293,7311
200.94894909858704,7310
200.97574019432068,7309
201.18251013755798,7308
201.28343510627747,7307
201.3102421760559,7306
201.38325119018555,7305
201.48956322669983,7304
201.60937213897705,7303
201.8730010986328,7302
201.96139430999756,7301
202.0204381942749,7300
202.14528512954712,7299
202.23839616775513,7298
202.32191729545593,7297
202.47406005859375,7296
202.5572862625122,7295
202.63241338729858,7294
202.73869109153748,7293
202.86910724639893,7292
202.99660110473633,7291
203.082200050354,7290
203.1238341331482,7289
203.26337718963623,7288
203.38581132888794,7287
203.48527908325195,7286
203.6076431274414,7285
203.72666597366333,7284
203.79437017440796,7283
203.87602615356445,7282
204.11520624160767,7281
204.25912499427795,7280
204.4442811012268,7279
204.471586227417,7278
204.4989151954651,7277
204.5258433818817,7276
204.55258011817932,7275
204.57900023460388,7274
204.60588717460632,7273
204.63265824317932,7272
204.6592833995819,7271
204.68617916107178,7270
204.71280908584595,7269
204.73954319953918,7268
204.76634907722473,7267
204.80730319023132,7266
204.83380508422852,7265
204.86038303375244,7264
204.88699221611023,7263
204.93873000144958,7262
204.9655830860138,7261
204.99211812019348,7260
205.01979231834412,7259
205.04683423042297,7258
205.0734143257141,7257
205.1001431941986,7256
205.12670636177063,7255
205.1532061100006,7254
205.17983722686768,7253
205.20626831054688,7252
205.2331132888794,7251
205.25989198684692,7250
205.28647017478943,7249
205.31322813034058,7248
205.34000325202942,7247
205.36672115325928,7246
205.3934941291809,7245
205.4200451374054,7244
205.44673609733582,7243
205.47342205047607,7242
205.49999737739563,7241
205.52671003341675,7240
205.55364203453064,7239
205.58027601242065,7238
205.6072862148285,7237
205.63399720191956,7236
205.6823480129242,7235
205.70896005630493,7234
205.73567414283752,7233
205.76235818862915,7232
205.7889952659607,7231
205.81576013565063,7230
205.84238409996033,7229
205.86899518966675,7228
205.89588928222656,7227
205.92258405685425,7226
205.94922614097595,7225
205.9759542942047,7224
206.00297331809998,7223
206.03004908561707,7222
206.0572211742401,7221
206.08423924446106,7220
206.11129021644592,7219
206.13862824440002,7218
206.16630601882935,7217
206.19593334197998,7216
206.22432613372803,7215
206.2515971660614,7214
206.27917313575745,7213
206.3064923286438,7212
206.33351016044617,7211
206.3603551387787,7210
206.38714599609375,7209
206.41379022598267,7208
206.44082403182983,7207
206.46769618988037,7206
206.51248121261597,7205
206.53928327560425,7204
206.566171169281,7203
206.59303498268127,7202
206.61975717544556,7201
206.64656734466553,7200
206.67334508895874,7199
206.69993424415588,7198
206.72666811943054,7197
206.77130436897278,7196
208.69972729682922,7195
208.72658109664917,7194
208.7531702518463,7193
208.77984309196472,7192
208.8068311214447,7191
208.83339023590088,7190
208.8981213569641,7189
208.9263780117035,7188
208.95343208312988,7187
208.98034405708313,7186
209.03235721588135,7185
209.05949425697327,7184
209.08654308319092,7183
209.11318397521973,7182
209.1397922039032,7181
209.16656517982483,7180
209.19350624084473,7179
209.22047328948975,7178
209.24716329574585,7177
209.27406811714172,7176
209.3008623123169,7175
209.3274621963501,7174
210.5639123916626,7173
210.6041190624237,7172
211.51534628868103,7171
211.60470509529114,7170
213.7502043247223,7169
214.60533213615417,7168
215.2935402393341,7167
215.32102131843567,7166
215.36127829551697,7165
215.38894414901733,7164
215.68018102645874,7163
216.2140281200409,7162
220.51397609710693,7161
232.7162103652954,7160
232.74551224708557,7159
232.7783350944519,7158
232.80709505081177,7157
232.83656120300293,7156
232.86549139022827,7155
232.92524003982544,7154
232.95312428474426,7153
232.98217010498047,7152
233.00945615768433,7151
233.068500995636,7150
233.0957202911377,7149
233.122985124588,7148
233.15022730827332,7147
233.17747020721436,7146
233.20462918281555,7145
233.23197221755981,7144
233.2591700553894,7143
233.28625917434692,7142
233.37436413764954,7141
233.42518520355225,7140
233.45244431495667,7139
233.47947907447815,7138
233.50670528411865,7137
233.5343029499054,7136
233.561537027359,7135
233.60794234275818,7134
233.6624550819397,7133
233.74049997329712,7132
233.76767826080322,7131
233.87124609947205,7130
233.92130303382874,7129
233.97573924064636,7128
