0.0,621840
146.68361401557922,7817
146.68480014801025,7816
146.69050121307373,7815
146.69135808944702,7814
146.693017244339,7813
146.70541334152222,7812
146.7070369720459,7811
146.71832919120789,7810
146.72566723823547,7809
146.72874116897583,7808
146.73717832565308,7807
146.74562311172485,7806
146.7475802898407,7805
146.7503843307495,7804
146.75099325180054,7803
146.75420022010803,7802
146.75641417503357,7801
146.7597451210022,7800
146.761292219162,7799
146.76634216308594,7798
146.77254104614258,7797
146.77577924728394,7796
146.77689599990845,7795
146.77724504470825,7794
146.7799711227417,7793
146.78149032592773,7792
146.78184032440186,7791
146.7820770740509,7790
146.78421211242676,7789
146.79644012451172,7788
146.79682517051697,7787
146.79715609550476,7786
146.79786229133606,7785
146.7982861995697,7784
146.8026351928711,7783
146.81043815612793,7782
146.81729316711426,7781
146.818115234375,7780
146.81935214996338,7779
146.82024812698364,7778
146.8209092617035,7777
146.82138013839722,7776
146.82541012763977,7775
146.8257782459259,7774
146.83270025253296,7773
146.83876419067383,7772
146.84078526496887,7771
146.84138011932373,7770
146.84208011627197,7769
146.85857009887695,7768
146.86342024803162,7767
146.87120723724365,7766
146.87774229049683,7765
146.88461017608643,7764
146.89388918876648,7763
146.9044952392578,7762
146.90636610984802,7761
146.9104609489441,7760
146.91071009635925,7759
146.916273355484,7758
146.92164731025696,7757
146.9224510192871,7756
146.92290830612183,7755
146.92351531982422,7754
146.9256911277771,7753
146.9319770336151,7752
146.9329800605774,7751
146.93355512619019,7750
146.94001412391663,7749
146.9405393600464,7748
146.94218611717224,7747
146.94684505462646,7746
146.948224067688,7745
146.9671881198883,7744
146.97264409065247,7743
146.9806261062622,7742
146.98175430297852,7741
146.98554134368896,7740
146.99619221687317,7739
146.99968218803406,7738
147.00373816490173,7737
147.00808930397034,7736
147.01233100891113,7735
147.01277422904968,7734
147.01337313652039,7733
147.01832818984985,7732
147.0259702205658,7731
147.02735018730164,7730
147.0294110774994,7729
147.03075408935547,7728
147.03142404556274,7727
147.03278803825378,7726
147.04035115242004,7725
147.0763442516327,7724
147.07991909980774,7723
147.089693069458,7722
147.11167907714844,7721
147.11322116851807,7720
147.1147940158844,7719
147.11635732650757,7718
147.11704516410828,7717
147.12705612182617,7716
147.13204216957092,7715
147.1361789703369,7714
147.13633513450623,7713
147.13780307769775,7712
147.13857793807983,7711
147.1392002105713,7710
147.14906334877014,7709
147.16093111038208,7708
147.1662151813507,7707
147.16651129722595,7706
147.17717623710632,7705
147.18867921829224,7704
147.19351410865784,7703
147.1989402770996,7702
147.2066330909729,7701
147.20932507514954,7700
147.2146933078766,7699
147.24038195610046,7698
147.24534106254578,7697
147.25504207611084,7696
147.26229405403137,7695
147.26243925094604,7694
147.26994109153748,7693
147.27463603019714,7692
147.27543210983276,7691
147.27586221694946,7690
147.286030292511,7689
147.28627514839172,7688
147.2996232509613,7687
147.3409070968628,7686
147.34109020233154,7685
147.3425600528717,7684
147.34327125549316,7683
147.34439420700073,7682
147.34723830223083,7681
147.3576681613922,7680
147.35899019241333,7679
147.36640119552612,7678
147.3669240474701,7677
147.36727213859558,7676
147.37486696243286,7675
147.4154770374298,7674
147.42101311683655,7673
147.42215704917908,7672
147.42426919937134,7671
147.42791414260864,7670
147.42986011505127,7669
147.4317271709442,7668
147.4454231262207,7667
147.44859504699707,7666
147.45686101913452,7665
147.4607491493225,7664
147.47483325004578,7663
147.50040411949158,7662
147.50528526306152,7661
147.51084327697754,7660
147.51374435424805,7659
147.51449131965637,7658
147.5172402858734,7657
147.5471911430359,7656
147.55029201507568,7655
147.56087923049927,7654
147.5989670753479,7653
147.60141921043396,7652
147.60767817497253,7651
147.61475110054016,7650
147.61651921272278,7649
147.61851024627686,7648
147.6197383403778,7647
147.63728308677673,7646
147.66082000732422,7645
147.66348910331726,7644
147.66882419586182,7643
147.69239139556885,7642
147.69272708892822,7641
147.69379425048828,7640
147.69684219360352,7639
147.70108008384705,7638
147.7110412120819,7637
147.7210602760315,7636
147.7324070930481,7635
147.76156425476074,7634
147.76326417922974,7633
147.77574110031128,7632
147.79058623313904,7631
147.79394721984863,7630
147.80511116981506,7629
147.80990314483643,7628
147.81212902069092,7627
147.81688237190247,7626
147.82062697410583,7625
147.82715916633606,7624
147.8307752609253,7623
147.83213806152344,7622
147.83557605743408,7621
147.84393310546875,7620
147.8478012084961,7619
147.85278010368347,7618
147.85995507240295,7617
147.8713641166687,7616
147.88393712043762,7615
147.8982572555542,7614
147.95438599586487,7613
147.9935941696167,7612
148.0261173248291,7611
148.04426336288452,7610
148.05968737602234,7609
148.0645980834961,7608
148.06768918037415,7607
148.07532215118408,7606
148.0920171737671,7605
148.12607312202454,7604
148.13228607177734,7603
148.18373918533325,7602
148.1870310306549,7601
148.21938633918762,7600
148.25255417823792,7599
148.25642323493958,7598
148.2590720653534,7597
148.26210522651672,7596
148.2727792263031,7595
148.30315017700195,7594
148.3534290790558,7593
148.3725142478943,7592
148.38132095336914,7591
148.41616106033325,7590
148.44461226463318,7589
148.47043323516846,7588
148.4886929988861,7587
148.52041816711426,7586
148.55059099197388,7585
148.63153910636902,7584
148.6383171081543,7583
148.653058052063,7582
148.65672516822815,7581
148.6978633403778,7580
148.7052652835846,7579
148.71933126449585,7578
148.7797441482544,7577
148.78198719024658,7576
148.78755712509155,7575
148.83620929718018,7574
148.87672019004822,7573
148.91993236541748,7572
148.93238401412964,7571
148.9902322292328,7570
149.00072622299194,7569
149.08243918418884,7568
149.12342619895935,7567
149.33822536468506,7566
149.3870701789856,7565
149.4198522567749,7564
149.45607209205627,7563
149.4682161808014,7562
149.6769871711731,7561
149.9442880153656,7560
150.06549215316772,7559
150.26096105575562,7558
150.53940725326538,7557
150.5972821712494,7556
150.8785901069641,7555
151.10847902297974,7554
151.7933452129364,7553
152.48583817481995,7552
