9.5367431640625e-07,982240
226.20697593688965,5933
226.20834517478943,5932
226.20894503593445,5931
226.20983505249023,5930
226.20999598503113,5929
226.2115502357483,5928
226.21326208114624,5927
226.21569299697876,5926
226.21709322929382,5925
226.22106528282166,5924
226.22195601463318,5923
226.22252798080444,5922
226.2236132621765,5921
226.2250111103058,5920
226.22622299194336,5919
226.2312581539154,5918
226.23224592208862,5917
226.23447918891907,5916
226.2359721660614,5915
226.2370641231537,5914
226.23742723464966,5913
226.23989295959473,5912
226.24014520645142,5911
226.24273920059204,5910
226.24289917945862,5909
226.24704003334045,5908
226.2494921684265,5907
226.2496418952942,5906
226.25227427482605,5905
226.25274109840393,5904
226.25353813171387,5903
226.25420212745667,5902
226.25446820259094,5901
226.25600624084473,5900
226.25868105888367,5899
226.26009225845337,5898
226.26275825500488,5897
226.2631380558014,5896
226.26511001586914,5895
226.26650428771973,5894
226.2667739391327,5893
226.26830410957336,5892
226.26991820335388,5891
226.27018427848816,5890
226.273108959198,5889
226.27793502807617,5888
226.2796289920807,5887
226.28055500984192,5886
226.28232312202454,5885
226.28870820999146,5884
226.28980231285095,5883
226.29070401191711,5882
226.29250407218933,5881
226.29297614097595,5880
226.30000925064087,5879
226.30705213546753,5878
226.3080539703369,5877
226.31067895889282,5876
226.31483697891235,5875
226.31612610816956,5874
226.31660318374634,5873
226.31862711906433,5872
226.32645392417908,5871
226.32774710655212,5870
226.32842206954956,5869
226.3299162387848,5868
226.33223223686218,5867
226.33269810676575,5866
226.33644723892212,5865
226.33660912513733,5864
226.33784413337708,5863
226.3402922153473,5862
226.34274411201477,5861
226.34320402145386,5860
226.34440898895264,5859
226.34507513046265,5858
226.34647798538208,5857
226.34879207611084,5856
226.3498899936676,5855
226.35302805900574,5854
226.35785913467407,5853
226.36048007011414,5852
226.3609540462494,5851
226.36130928993225,5850
226.3639452457428,5849
226.36617708206177,5848
226.3681972026825,5847
226.36959624290466,5846
226.36986207962036,5845
226.37213516235352,5844
226.3733160495758,5843
226.37356519699097,5842
226.37670707702637,5841
226.377583026886,5840
226.38113403320312,5839
226.38427019119263,5838
226.38556218147278,5837
226.38829898834229,5836
226.38918614387512,5835
226.39069890975952,5834
226.39097023010254,5833
226.39596509933472,5832
226.3977870941162,5831
226.39918613433838,5830
226.4017231464386,5829
226.40291714668274,5828
226.4047269821167,5827
226.4056031703949,5826
226.40814900398254,5825
226.40924620628357,5824
226.41209316253662,5823
226.41526913642883,5822
226.4155240058899,5821
226.42248010635376,5820
226.4290280342102,5819
226.4301311969757,5818
226.4309003353119,5817
226.43187499046326,5816
226.4333941936493,5815
226.4377520084381,5814
226.43977999687195,5813
226.44103693962097,5812
226.4417281150818,5811
226.4425241947174,5810
226.44370818138123,5809
226.44489526748657,5808
226.45039010047913,5807
226.45421814918518,5806
226.4543972015381,5805
226.45553302764893,5804
226.45601606369019,5803
226.45649003982544,5802
226.4568681716919,5801
226.45755100250244,5800
226.45844912528992,5799
226.46070909500122,5798
226.46362018585205,5797
226.4653480052948,5796
226.46708607673645,5795
226.4675612449646,5794
226.469083070755,5793
226.47068524360657,5792
226.47116613388062,5791
226.47132205963135,5790
226.4782361984253,5789
226.4801471233368,5788
226.4814419746399,5787
226.4817991256714,5786
226.48441815376282,5785
226.4879400730133,5784
226.48851823806763,5783
226.4918200969696,5782
226.49361109733582,5781
226.49619913101196,5780
226.5010542869568,5779
226.50447511672974,5778
226.505136013031,5777
226.50529313087463,5776
226.50690913200378,5775
226.5078730583191,5774
226.5094451904297,5773
226.5106222629547,5772
226.5118010044098,5771
226.51390624046326,5770
226.51487827301025,5769
226.51626324653625,5768
226.51784420013428,5767
226.51862335205078,5766
226.52465724945068,5765
226.5254189968109,5764
226.5259780883789,5763
226.53210616111755,5762
226.53538823127747,5761
226.53836798667908,5760
226.5404462814331,5759
226.54070329666138,5758
226.54521918296814,5757
226.5503032207489,5756
226.5531141757965,5755
226.55368208885193,5754
226.5550582408905,5753
226.55948209762573,5752
226.56177306175232,5751
226.56546926498413,5750
226.56561923027039,5749
226.5670189857483,5748
226.56960010528564,5747
226.574960231781,5746
226.5783360004425,5745
226.5809199810028,5744
226.5829360485077,5743
226.584712266922,5742
226.58517217636108,5741
226.58774709701538,5740
226.58888411521912,5739
226.5896270275116,5738
226.59262609481812,5737
226.59439516067505,5736
226.5949580669403,5735
226.5962851047516,5734
226.59877705574036,5733
226.59944605827332,5732
226.60000920295715,5731
226.60335993766785,5730
226.60483598709106,5729
226.60560011863708,5728
226.6067750453949,5727
226.6089162826538,5726
226.61267924308777,5725
226.61663627624512,5724
226.61931705474854,5723
226.61977910995483,5722
226.6211371421814,5721
226.6221911907196,5720
226.62384510040283,5719
226.62861108779907,5718
226.62937307357788,5717
226.6312391757965,5716
226.63449597358704,5715
226.63935208320618,5714
226.64517617225647,5713
226.64542508125305,5712
226.64793801307678,5711
226.65856099128723,5710
226.65882802009583,5709
226.66011214256287,5708
226.66046619415283,5707
226.6651062965393,5706
226.66628193855286,5705
226.66674613952637,5704
226.66835713386536,5703
226.66983008384705,5702
226.67077803611755,5701
226.67253708839417,5700
226.67477917671204,5699
226.67564511299133,5698
226.6763880252838,5697
226.6779601573944,5696
226.67909908294678,5695
226.68105220794678,5694
226.68159413337708,5693
226.68255305290222,5692
226.68727231025696,5691
226.6951379776001,5690
226.69638395309448,5689
226.6971492767334,5688
226.697594165802,5687
226.6990451812744,5686
226.69929599761963,5685
226.70027804374695,5684
226.70093607902527,5683
226.70238995552063,5682
226.703839302063,5681
226.70439505577087,5680
226.70905709266663,5679
226.716411113739,5678
226.7166702747345,5677
226.71713519096375,5676
226.71889400482178,5675
226.72117114067078,5674
226.7248501777649,5673
226.7260160446167,5672
226.7265682220459,5671
226.72733306884766,5670
226.72778511047363,5669
226.73216009140015,5668
226.73261904716492,5667
226.73366808891296,5666
226.73452305793762,5665
226.73588705062866,5664
226.73633813858032,5663
226.74258518218994,5662
226.74394416809082,5661
226.74450516700745,5660
226.7467622756958,5659
226.74741125106812,5658
226.75285291671753,5657
226.75310111045837,5656
226.75629830360413,5655
226.75975918769836,5654
226.76053500175476,5653
226.7661612033844,5652
226.76713514328003,5651
226.76968002319336,5650
226.7710461616516,5649
226.77328515052795,5648
226.77495217323303,5647
226.7763900756836,5646
226.77715611457825,5645
226.77832007408142,5644
226.78007817268372,5643
226.78202104568481,5642
226.78386616706848,5641
226.78581500053406,5640
226.78975820541382,5639
226.7899031639099,5638
226.79016590118408,5637
226.796147108078,5636
226.7975881099701,5635
226.79785799980164,5634
226.801176071167,5633
226.80202913284302,5632
226.8026831150055,5631
226.80303406715393,5630
226.80606412887573,5629
226.81048917770386,5628
226.8110601902008,5627
226.81549310684204,5626
226.8177399635315,5625
226.81859397888184,5624
226.82257199287415,5623
226.82313227653503,5622
226.82795119285583,5621
226.83148527145386,5620
226.83173298835754,5619
226.83608508110046,5618
226.8362443447113,5617
226.8366961479187,5616
226.83725118637085,5615
226.83820104599,5614
226.840341091156,5613
226.84545922279358,5612
226.84752011299133,5611
226.84807920455933,5610
226.85023832321167,5609
226.85557413101196,5608
226.859610080719,5607
226.8609561920166,5606
226.86399102210999,5605
226.86752200126648,5604
226.86996722221375,5603
226.8775200843811,5602
226.87838006019592,5601
226.88201308250427,5600
226.88315510749817,5599
226.88560104370117,5598
226.88935494422913,5597
226.8903181552887,5596
226.89127707481384,5595
226.89403629302979,5594
226.89500212669373,5593
226.89565420150757,5592
226.89809703826904,5591
226.89884209632874,5590
226.90097618103027,5589
226.9012279510498,5588
226.902606010437,5587
226.91131901741028,5586
226.91156911849976,5585
226.92064929008484,5584
226.92458701133728,5583
226.92821407318115,5582
226.9317512512207,5581
226.93521404266357,5580
226.93755912780762,5579
226.93900632858276,5578
226.9394552707672,5577
226.94009709358215,5576
226.94361114501953,5575
226.94594407081604,5574
226.95207118988037,5573
226.95490908622742,5572
226.95526218414307,5571
226.95739221572876,5570
226.95832920074463,5569
226.95897793769836,5568
226.96082210540771,5567
226.96621894836426,5566
226.9689540863037,5565
226.9701910018921,5564
226.97322702407837,5563
226.9756441116333,5562
226.9758939743042,5561
226.97827291488647,5560
226.97961521148682,5559
226.98154592514038,5558
226.9819939136505,5557
226.98367404937744,5556
226.98471903800964,5555
226.98547506332397,5554
226.98762226104736,5553
226.9891471862793,5552
226.99070620536804,5551
226.99175906181335,5550
226.99409008026123,5549
227.001234292984,5548
227.0033802986145,5547
227.0043261051178,5546
227.008935213089,5545
227.01283192634583,5544
227.01406621932983,5543
227.02350997924805,5542
227.02425694465637,5541
227.02439904212952,5540
227.028959274292,5539
227.03365802764893,5538
227.03551316261292,5537
227.04174208641052,5536
227.04543828964233,5535
227.0529341697693,5534
227.05377507209778,5533
227.05413818359375,5532
227.05567407608032,5531
227.05612421035767,5530
227.06051921844482,5529
227.06412625312805,5528
227.07374000549316,5527
227.0765721797943,5526
227.0796992778778,5525
227.0853669643402,5524
227.0886731147766,5523
227.09217500686646,5522
227.0961091518402,5521
227.09705805778503,5520
227.10078406333923,5519
227.10132908821106,5518
227.10612225532532,5517
227.1064682006836,5516
227.1073122024536,5515
227.11003804206848,5514
227.110680103302,5513
227.11445808410645,5512
227.11640310287476,5511
227.117840051651,5510
227.12232899665833,5509
227.12258100509644,5508
227.12444424629211,5507
227.1308732032776,5506
227.13447332382202,5505
227.14775323867798,5504
227.149747133255,5503
227.15170812606812,5502
227.1550042629242,5501
227.15525698661804,5500
227.15718603134155,5499
227.15825009346008,5498
227.16388201713562,5497
227.16413521766663,5496
227.16469502449036,5495
227.16595125198364,5494
227.1700279712677,5493
227.17373323440552,5492
227.1786983013153,5491
227.17964220046997,5490
227.18032312393188,5489
227.18303728103638,5488
227.19279217720032,5487
227.19998002052307,5486
227.20034623146057,5485
227.2030611038208,5484
227.20390224456787,5483
227.20465302467346,5482
227.20569896697998,5481
227.20892000198364,5480
227.20917296409607,5479
227.21085000038147,5478
227.2113950252533,5477
227.21353316307068,5476
227.21575117111206,5475
227.21700024604797,5474
227.21970510482788,5473
227.220458984375,5472
227.2230441570282,5471
227.2233180999756,5470
227.22418093681335,5469
227.2249300479889,5468
227.2254900932312,5467
227.2257330417633,5466
227.2261941432953,5465
227.23328828811646,5464
227.23483800888062,5463
227.2373502254486,5462
227.23781609535217,5461
227.2393400669098,5460
227.23970103263855,5459
227.23994326591492,5458
227.24047708511353,5457
227.24426221847534,5456
227.24972319602966,5455
227.25942707061768,5454
227.26045107841492,5453
227.28505420684814,5452
227.2861909866333,5451
227.29324913024902,5450
227.29566526412964,5449
227.3002791404724,5448
227.3083300590515,5447
227.30899620056152,5446
227.3214030265808,5445
227.32776713371277,5444
227.3287000656128,5443
227.32986521720886,5442
227.3312931060791,5441
227.33391308784485,5440
227.33474612236023,5439
227.33560228347778,5438
227.33886408805847,5437
227.3397240638733,5436
227.34240412712097,5435
227.34462094306946,5434
227.34743809700012,5433
227.3503589630127,5432
227.3544020652771,5431
227.35467410087585,5430
227.35502004623413,5429
227.35565423965454,5428
227.35591435432434,5427
227.3614821434021,5426
227.36330318450928,5425
227.36482620239258,5424
227.3733732700348,5423
227.3767900466919,5422
227.38261222839355,5421
227.38474416732788,5420
227.38713431358337,5419
227.3876941204071,5418
227.39076805114746,5417
227.39464211463928,5416
227.39780926704407,5415
227.3989531993866,5414
227.40597701072693,5413
227.40634202957153,5412
227.40648412704468,5411
227.40827417373657,5410
227.41302919387817,5409
227.41496014595032,5408
227.41938710212708,5407
227.42541098594666,5406
227.4272072315216,5405
227.430016040802,5404
227.43384909629822,5403
227.43705224990845,5402
227.44040608406067,5401
227.4428210258484,5400
227.4454939365387,5399
227.44993925094604,5398
227.45136213302612,5397
227.45339703559875,5396
227.45452213287354,5395
227.45930004119873,5394
227.46473121643066,5393
227.46803188323975,5392
227.4809911251068,5391
227.48828530311584,5390
227.49098324775696,5389
227.49849224090576,5388
227.50146102905273,5387
227.50221419334412,5386
227.50449204444885,5385
227.5147681236267,5384
227.51694512367249,5383
227.51837301254272,5382
227.52068614959717,5381
227.52183318138123,5380
227.5359570980072,5379
227.539146900177,5378
227.5461769104004,5377
227.5466332435608,5376
227.54726314544678,5375
227.55679416656494,5374
227.5578351020813,5373
227.5591721534729,5372
227.5653111934662,5371
227.57873725891113,5370
227.58373498916626,5369
227.5842990875244,5368
227.5856020450592,5367
227.59730505943298,5366
227.61332392692566,5365
227.61496424674988,5364
227.6243860721588,5363
227.62640929222107,5362
227.62763214111328,5361
227.63738632202148,5360
227.639582157135,5359
227.65384221076965,5358
227.65972304344177,5357
227.66010308265686,5356
227.66340613365173,5355
227.66580605506897,5354
227.66907691955566,5353
227.67019319534302,5352
227.68160009384155,5351
227.68292713165283,5350
227.68377423286438,5349
227.6895580291748,5348
227.69098711013794,5347
227.69627904891968,5346
227.7065920829773,5345
227.7109091281891,5344
227.71145606040955,5343
227.7124741077423,5342
227.71359205245972,5341
227.71693515777588,5340
227.71923208236694,5339
227.72111821174622,5338
227.721764087677,5337
227.7291750907898,5336
227.7380940914154,5335
227.7386350631714,5334
227.74093627929688,5333
227.74301314353943,5332
227.74481010437012,5331
227.74901819229126,5330
227.7514932155609,5329
227.75311827659607,5328
227.75597834587097,5327
227.76001501083374,5326
227.7671480178833,5325
227.77971506118774,5324
227.7862491607666,5323
227.78871607780457,5322
227.79099893569946,5321
227.79357314109802,5320
227.8086802959442,5319
227.8156442642212,5318
227.8158860206604,5317
227.81695914268494,5316
227.817302942276,5315
227.82447624206543,5314
227.82654213905334,5313
227.8276731967926,5312
227.84628915786743,5311
227.85322999954224,5310
227.85530805587769,5309
227.8563482761383,5308
227.85843300819397,5307
227.8694362640381,5306
227.8791961669922,5305
227.87984609603882,5304
227.88096404075623,5303
227.88356018066406,5302
227.89017534255981,5301
227.89738512039185,5300
227.90172624588013,5299
227.90324926376343,5298
227.906268119812,5297
227.906729221344,5296
227.91198992729187,5295
227.92140913009644,5294
227.9262661933899,5293
227.92683625221252,5292
227.92862510681152,5291
227.93023920059204,5290
227.9333610534668,5289
227.93500518798828,5288
227.93997812271118,5287
227.9429681301117,5286
227.94378900527954,5285
227.94443798065186,5284
227.9446792602539,5283
227.9585509300232,5282
227.96044611930847,5281
227.96109104156494,5280
227.96346807479858,5279
227.96788215637207,5278
227.9781789779663,5277
227.98162293434143,5276
227.9833161830902,5275
227.9864580631256,5274
227.9879550933838,5273
227.98978209495544,5272
227.99302697181702,5271
227.9945421218872,5270
228.00735306739807,5269
228.02039122581482,5268
228.02410531044006,5267
228.02434301376343,5266
228.03123116493225,5265
228.0317780971527,5264
228.03329515457153,5263
228.03904104232788,5262
228.0477602481842,5261
228.05387687683105,5260
228.05914211273193,5259
228.06342220306396,5258
228.0679202079773,5257
228.06913924217224,5256
228.08375120162964,5255
228.08602118492126,5254
228.08617210388184,5253
228.09080123901367,5252
228.0949182510376,5251
228.09780502319336,5250
228.09852409362793,5249
228.10761713981628,5248
228.11260509490967,5247
228.12087607383728,5246
228.12793588638306,5245
228.13615202903748,5244
228.13735818862915,5243
228.14549112319946,5242
228.15081310272217,5241
228.16030406951904,5240
228.16728115081787,5239
228.18143510818481,5238
228.18369507789612,5237
228.18646121025085,5236
228.18688821792603,5235
228.19557309150696,5234
228.20366621017456,5233
228.20874118804932,5232
228.21108031272888,5231
228.22847819328308,5230
228.25720310211182,5229
228.26314902305603,5228
228.26513504981995,5227
228.26539707183838,5226
228.2701690196991,5225
228.27261996269226,5224
228.27702116966248,5223
228.3063850402832,5222
228.30653715133667,5221
228.30751514434814,5220
228.32511925697327,5219
228.32732009887695,5218
228.33065795898438,5217
228.33092188835144,5216
228.33267498016357,5215
228.34564113616943,5214
228.34647607803345,5213
228.34720826148987,5212
228.37115001678467,5211
228.37322807312012,5210
228.37664914131165,5209
228.3805480003357,5208
228.38215708732605,5207
228.38488698005676,5206
228.39871311187744,5205
228.40127420425415,5204
228.40690207481384,5203
228.4236500263214,5202
228.4298312664032,5201
228.44430828094482,5200
228.4571270942688,5199
228.4680712223053,5198
228.47310519218445,5197
228.4775369167328,5196
228.48105001449585,5195
228.49646520614624,5194
228.4993929862976,5193
228.5049810409546,5192
228.52454900741577,5191
228.53729915618896,5190
228.5779891014099,5189
228.57977318763733,5188
228.5866551399231,5187
228.6088502407074,5186
228.61513113975525,5185
228.61819696426392,5184
228.62239503860474,5183
228.63604712486267,5182
228.637943983078,5181
228.64029097557068,5180
228.64445805549622,5179
228.65745615959167,5178
228.66049098968506,5177
228.66638827323914,5176
228.67236304283142,5175
228.6802520751953,5174
228.68879199028015,5173
228.69200706481934,5172
228.6961431503296,5171
228.70636415481567,5170
228.70758509635925,5169
228.71308422088623,5168
228.71353602409363,5167
228.7177140712738,5166
228.7197642326355,5165
228.72680592536926,5164
228.7280511856079,5163
228.75452208518982,5162
228.77106618881226,5161
228.7734251022339,5160
228.78054118156433,5159
228.82116198539734,5158
228.82394218444824,5157
228.833012342453,5156
228.83346724510193,5155
228.8373191356659,5154
228.83913803100586,5153
228.8562469482422,5152
228.89118003845215,5151
228.8938491344452,5150
228.91878604888916,5149
228.92154812812805,5148
228.9293282032013,5147
228.94701099395752,5146
228.9529321193695,5145
228.96851921081543,5144
228.9833071231842,5143
228.99511003494263,5142
229.01668310165405,5141
229.02057600021362,5140
229.02671718597412,5139
229.03541111946106,5138
229.04240822792053,5137
229.0482349395752,5136
229.04927110671997,5135
229.06083130836487,5134
229.06716203689575,5133
229.09053897857666,5132
229.0928292274475,5131
229.1040780544281,5130
229.10645413398743,5129
229.11199402809143,5128
229.1153290271759,5127
229.1228699684143,5126
229.1288800239563,5125
229.13334703445435,5124
229.13348817825317,5123
229.13730812072754,5122
229.14698600769043,5121
229.15035319328308,5120
229.1704330444336,5119
229.176931142807,5118
229.17756509780884,5117
229.18109893798828,5116
229.19088315963745,5115
229.1962571144104,5114
229.2051351070404,5113
229.21268010139465,5112
229.2251193523407,5111
229.24233222007751,5110
229.24848318099976,5109
229.24912309646606,5108
229.27543592453003,5107
229.28368091583252,5106
229.30982613563538,5105
229.32203793525696,5104
229.34051823616028,5103
229.35700702667236,5102
229.37053322792053,5101
229.37588596343994,5100
229.3894760608673,5099
229.40729999542236,5098
229.41358828544617,5097
229.4364070892334,5096
229.438579082489,5095
229.48528933525085,5094
229.5032980442047,5093
229.52421307563782,5092
229.57180619239807,5091
229.57279515266418,5090
229.5763440132141,5089
229.57862401008606,5088
229.5805082321167,5087
229.62486124038696,5086
229.62933111190796,5085
229.64765906333923,5084
229.65087604522705,5083
229.66372203826904,5082
229.67548513412476,5081
229.69077014923096,5080
229.70270991325378,5079
229.72253513336182,5078
229.78889918327332,5077
229.82841515541077,5076
229.84788131713867,5075
229.85861611366272,5074
229.92348527908325,5073
229.94605898857117,5072
229.94907689094543,5071
229.9569640159607,5070
229.97364616394043,5069
230.04389214515686,5068
230.08938598632812,5067
230.10736417770386,5066
230.18892097473145,5065
230.19478130340576,5064
230.19502902030945,5063
230.1999921798706,5062
230.24141001701355,5061
230.3056161403656,5060
230.30750727653503,5059
230.30911827087402,5058
230.32093214988708,5057
230.336021900177,5056
230.37490820884705,5055
230.41423201560974,5054
230.45332217216492,5053
230.54652214050293,5052
230.6161060333252,5051
230.6224319934845,5050
230.70137524604797,5049
230.7684609889984,5048
230.79438710212708,5047
230.82616019248962,5046
230.92127418518066,5045
230.9313862323761,5044
230.9394290447235,5043
230.94405817985535,5042
230.9583191871643,5041
231.0195541381836,5040
231.07155203819275,5039
231.21283602714539,5038
231.2512731552124,5037
231.3326711654663,5036
231.4102382659912,5035
231.45038509368896,5034
231.4533760547638,5033
231.51785516738892,5032
231.52725219726562,5031
231.6460771560669,5030
231.83966994285583,5029
231.928081035614,5028
231.969624042511,5027
231.98347997665405,5026
232.1147780418396,5025
232.11642694473267,5024
232.1410391330719,5023
232.16470408439636,5022
232.1840319633484,5021
232.23878121376038,5020
232.38420128822327,5019
232.77532720565796,5018
232.96845626831055,5017
232.9704191684723,5016
233.00671815872192,5015
233.02020502090454,5014
233.03966212272644,5013
233.1869113445282,5012
233.27668118476868,5011
233.55543112754822,5010
234.03330206871033,5009
234.09020519256592,5008
