0.0,982240
224.9414348602295,5446
224.9437439441681,5445
224.94653582572937,5444
224.94839811325073,5443
224.9487588405609,5442
224.94901609420776,5441
224.95047092437744,5440
224.95308899879456,5439
224.95453786849976,5438
224.95576691627502,5437
224.956120967865,5436
224.95951294898987,5435
224.96015787124634,5434
224.96102905273438,5433
224.9653160572052,5432
224.96826004981995,5431
224.96970582008362,5430
224.97162175178528,5429
224.9732630252838,5428
224.9741189479828,5427
224.97507190704346,5426
224.97553205490112,5425
224.976069688797,5424
224.97870779037476,5423
224.9806308746338,5422
224.98199081420898,5421
224.9851188659668,5420
224.98636198043823,5419
224.98650789260864,5418
225.00918698310852,5417
225.01356291770935,5416
225.01617193222046,5415
225.0172119140625,5414
225.02248072624207,5413
225.02744388580322,5412
225.02948594093323,5411
225.03841614723206,5410
225.04191398620605,5409
225.0437297821045,5408
225.04457902908325,5407
225.0452320575714,5406
225.04874897003174,5405
225.05703687667847,5404
225.05925393104553,5403
225.06029987335205,5402
225.06104183197021,5401
225.06119298934937,5400
225.06174206733704,5399
225.0660059452057,5398
225.07060289382935,5397
225.07222485542297,5396
225.07532691955566,5395
225.0853989124298,5394
225.08831477165222,5393
225.08846998214722,5392
225.08902192115784,5391
225.08986806869507,5390
225.09257698059082,5389
225.0947949886322,5388
225.09593391418457,5387
225.10476899147034,5386
225.1057209968567,5385
225.10950088500977,5384
225.1145887374878,5383
225.11532592773438,5382
225.11546683311462,5381
225.1159107685089,5380
225.12005186080933,5379
225.12544083595276,5378
225.13767194747925,5377
225.13921785354614,5376
225.14084601402283,5375
225.1412079334259,5374
225.1428508758545,5373
225.14680004119873,5372
225.16217184066772,5371
225.1636118888855,5370
225.1696228981018,5369
225.17133212089539,5368
225.1750750541687,5367
225.18006587028503,5366
225.18470978736877,5365
225.18760800361633,5364
225.19080090522766,5363
225.19212889671326,5362
225.19490599632263,5361
225.19956874847412,5360
225.20002102851868,5359
225.2021460533142,5358
225.2082438468933,5357
225.20899081230164,5356
225.21090507507324,5355
225.21585202217102,5354
225.21599292755127,5353
225.2277548313141,5352
225.22832202911377,5351
225.2333528995514,5350
225.24101281166077,5349
225.24576592445374,5348
225.24991106987,5347
225.25510907173157,5346
225.26430201530457,5345
225.2669837474823,5344
225.26732110977173,5343
225.26952695846558,5342
225.2817897796631,5341
225.28294587135315,5340
225.28446102142334,5339
225.2883927822113,5338
225.29308891296387,5337
225.293842792511,5336
225.30581903457642,5335
225.30784392356873,5334
225.30996799468994,5333
225.31255078315735,5332
225.3160800933838,5331
225.3178949356079,5330
225.32501077651978,5329
225.33099699020386,5328
225.331237077713,5327
225.34639692306519,5326
225.36091113090515,5325
225.36409902572632,5324
225.36775088310242,5323
225.3707320690155,5322
225.38171792030334,5321
225.38419604301453,5320
225.38541388511658,5319
225.38837599754333,5318
225.39145398139954,5317
225.39364886283875,5316
225.39506888389587,5315
225.39671277999878,5314
225.40085291862488,5313
225.40489292144775,5312
225.41097283363342,5311
225.41693210601807,5310
225.4258737564087,5309
225.4278688430786,5308
225.42881989479065,5307
225.43430185317993,5306
225.43454694747925,5305
225.43568396568298,5304
225.43583583831787,5303
225.43637990951538,5302
225.43739008903503,5301
225.4512379169464,5300
225.4611268043518,5299
225.4665870666504,5298
225.46672987937927,5297
225.47355198860168,5296
225.47458505630493,5295
225.4769868850708,5294
225.47860288619995,5293
225.47925400733948,5292
225.48085498809814,5291
225.50911474227905,5290
225.51150798797607,5289
225.51206588745117,5288
225.51944398880005,5287
225.52057075500488,5286
225.52257299423218,5285
225.52849793434143,5284
225.53001499176025,5283
225.53826713562012,5282
225.54639983177185,5281
225.55188870429993,5280
225.55242681503296,5279
225.56823182106018,5278
225.57207489013672,5277
225.57370591163635,5276
225.57521605491638,5275
225.57951402664185,5274
225.5896599292755,5273
225.59087991714478,5272
225.59913396835327,5271
225.60305404663086,5270
225.60320782661438,5269
225.60538005828857,5268
225.61345791816711,5267
225.61371278762817,5266
225.62343788146973,5265
225.63236713409424,5264
225.63991379737854,5263
225.64238691329956,5262
225.6425290107727,5261
225.64327907562256,5260
225.64500975608826,5259
225.65001893043518,5258
225.6613929271698,5257
225.66775488853455,5256
225.67634296417236,5255
225.679762840271,5254
225.68145394325256,5253
225.6894679069519,5252
225.693932056427,5251
225.69839787483215,5250
225.7133150100708,5249
225.71868109703064,5248
225.71979904174805,5247
225.72024083137512,5246
225.72302985191345,5245
225.72370195388794,5244
225.73277378082275,5243
225.73323488235474,5242
225.7336769104004,5241
225.7339150905609,5240
225.74253487586975,5239
225.74684596061707,5238
225.7517318725586,5237
225.75283694267273,5236
225.7546308040619,5235
225.75713992118835,5234
225.75961589813232,5233
225.7628779411316,5232
225.77189707756042,5231
225.78704571723938,5230
225.78780102729797,5229
225.79084277153015,5228
225.82155895233154,5227
225.82257986068726,5226
225.8266899585724,5225
225.82712697982788,5224
225.8428828716278,5223
225.85713601112366,5222
225.86434507369995,5221
225.8680260181427,5220
225.87646198272705,5219
225.88129496574402,5218
225.88175296783447,5217
225.88227891921997,5216
225.88503789901733,5215
225.89170598983765,5214
225.89292287826538,5213
225.8931589126587,5212
225.89521884918213,5211
225.90158200263977,5210
225.90280294418335,5209
225.9035210609436,5208
225.9119098186493,5207
225.91370105743408,5206
225.91406106948853,5205
225.91439986228943,5204
225.9304120540619,5203
225.93239998817444,5202
225.95497274398804,5201
225.95554876327515,5200
225.96175980567932,5199
225.96977996826172,5198
225.97550582885742,5197
225.9896538257599,5196
225.9941921234131,5195
226.00127983093262,5194
226.00553011894226,5193
226.0181028842926,5192
226.02639293670654,5191
226.03057289123535,5190
226.0363450050354,5189
226.04032588005066,5188
226.04529190063477,5187
226.04795002937317,5186
226.05443692207336,5185
226.0568287372589,5184
226.0704309940338,5183
226.08042907714844,5182
226.083340883255,5181
226.08799982070923,5180
226.09522604942322,5179
226.0954930782318,5178
226.10165810585022,5177
226.10882592201233,5176
226.11895394325256,5175
226.12025904655457,5174
226.13227891921997,5173
226.13653802871704,5172
226.1370780467987,5171
226.13751912117004,5170
226.1401960849762,5169
226.1550257205963,5168
226.155287027359,5167
226.16560888290405,5166
226.1757800579071,5165
226.2015039920807,5164
226.21755385398865,5163
226.22105383872986,5162
226.22889494895935,5161
226.22925305366516,5160
226.24550914764404,5159
226.26104092597961,5158
226.26532793045044,5157
226.27156591415405,5156
226.28912091255188,5155
226.3119170665741,5154
226.3129620552063,5153
226.32407593727112,5152
226.32813692092896,5151
226.3295419216156,5150
226.34208583831787,5149
226.39243698120117,5148
226.39659690856934,5147
226.40899991989136,5146
226.41194105148315,5145
226.4137761592865,5144
226.43191194534302,5143
226.4450170993805,5142
226.44586491584778,5141
226.4636869430542,5140
226.47213888168335,5139
226.48022484779358,5138
226.4814829826355,5137
226.5033619403839,5136
226.50430583953857,5135
226.5047309398651,5134
226.51174688339233,5133
226.51616883277893,5132
226.52251386642456,5131
226.5266399383545,5130
226.52938294410706,5129
226.54568696022034,5128
226.5464289188385,5127
226.5547478199005,5126
226.55983304977417,5125
226.56396007537842,5124
226.56450605392456,5123
226.57289695739746,5122
226.5803599357605,5121
226.58589482307434,5120
226.59834599494934,5119
226.61159086227417,5118
226.6192708015442,5117
226.62074279785156,5116
226.63089084625244,5115
226.6326687335968,5114
226.67127895355225,5113
226.69058394432068,5112
226.71652793884277,5111
226.72298288345337,5110
226.7274510860443,5109
226.73247289657593,5108
226.7336869239807,5107
226.7340190410614,5106
226.73532891273499,5105
226.75486779212952,5104
226.79226994514465,5103
226.82351779937744,5102
226.82760190963745,5101
226.82918691635132,5100
226.83692288398743,5099
226.83981800079346,5098
226.85921001434326,5097
226.86905598640442,5096
226.88219594955444,5095
226.89899492263794,5094
226.92075991630554,5093
226.92372798919678,5092
226.9313018321991,5091
226.94368886947632,5090
226.94905996322632,5089
227.01077604293823,5088
227.02048206329346,5087
227.03432893753052,5086
227.03729891777039,5085
227.04138898849487,5084
227.0470449924469,5083
227.0578098297119,5082
227.0584568977356,5081
227.08251905441284,5080
227.0942358970642,5079
227.10966086387634,5078
227.12039184570312,5077
227.13770699501038,5076
227.14803791046143,5075
227.1534457206726,5074
227.1567578315735,5073
227.17055487632751,5072
227.17398691177368,5071
227.1833930015564,5070
227.2713029384613,5069
227.28376603126526,5068
227.28694605827332,5067
227.32720398902893,5066
227.33487796783447,5065
227.3556478023529,5064
227.3745629787445,5063
227.37500381469727,5062
227.3904139995575,5061
227.4247190952301,5060
227.43283081054688,5059
227.4611530303955,5058
227.4866030216217,5057
227.50810289382935,5056
227.5501229763031,5055
227.59412693977356,5054
227.6075940132141,5053
227.62763214111328,5052
227.63474893569946,5051
227.6643979549408,5050
227.67728877067566,5049
227.7023389339447,5048
227.71505308151245,5047
227.74110889434814,5046
227.78738284111023,5045
227.792160987854,5044
227.80233478546143,5043
227.83675384521484,5042
227.85575795173645,5041
227.87364077568054,5040
228.0079848766327,5039
228.0098648071289,5038
228.05262303352356,5037
228.06721782684326,5036
228.1423659324646,5035
228.1821837425232,5034
228.195130109787,5033
228.2210419178009,5032
228.35847687721252,5031
228.42187905311584,5030
228.47417187690735,5029
228.57849287986755,5028
228.59270596504211,5027
228.60528779029846,5026
228.7222797870636,5025
228.89705896377563,5024
228.91410994529724,5023
228.96104502677917,5022
228.99432015419006,5021
229.00132870674133,5020
229.02735090255737,5019
229.19735074043274,5018
229.20225977897644,5017
229.38788294792175,5016
229.46569395065308,5015
229.56729006767273,5014
229.68847680091858,5013
229.73715996742249,5012
229.78855800628662,5011
229.84847402572632,5010
229.98078203201294,5009
230.00902915000916,5008
230.01202607154846,5007
230.01485109329224,5006
230.0277979373932,5005
230.06121492385864,5004
230.35381293296814,5003
230.3539719581604,5002
230.4064130783081,5001
230.53164100646973,5000
230.54647088050842,4999
230.67875695228577,4998
230.70174312591553,4997
230.83449292182922,4996
230.84181189537048,4995
231.4335458278656,4994
