0.0,621840
143.66227984428406,7621
143.67865586280823,7620
143.68599390983582,7619
143.69412875175476,7618
143.74010491371155,7617
143.757967710495,7616
143.76682686805725,7615
143.77427291870117,7614
143.77757787704468,7613
143.7830650806427,7612
143.7896008491516,7611
143.80966973304749,7610
143.81480193138123,7609
143.83470487594604,7608
143.83488202095032,7607
143.84267687797546,7606
143.86460900306702,7605
143.920551776886,7604
143.92607283592224,7603
143.92661380767822,7602
143.95949268341064,7601
143.96507787704468,7600
143.9926278591156,7599
144.0033438205719,7598
144.01354885101318,7597
144.05474090576172,7596
144.0854308605194,7595
144.1042778491974,7594
144.1337718963623,7593
144.1397340297699,7592
144.14870882034302,7591
144.19121980667114,7590
144.1977300643921,7589
144.21103191375732,7588
144.24148869514465,7587
144.26609468460083,7586
144.27868103981018,7585
144.28262782096863,7584
144.29001379013062,7583
144.3245837688446,7582
144.3412218093872,7581
144.37169289588928,7580
144.42333889007568,7579
144.4457037448883,7578
144.44846200942993,7577
144.45186305046082,7576
144.46520280838013,7575
144.51762580871582,7574
144.5306248664856,7573
144.54716992378235,7572
144.54828000068665,7571
144.69349670410156,7570
144.7644579410553,7569
144.79514598846436,7568
144.84590482711792,7567
144.8545207977295,7566
144.9232189655304,7565
144.94989109039307,7564
145.08640885353088,7563
145.16515493392944,7562
145.2058229446411,7561
145.3805868625641,7560
145.4241909980774,7559
145.4771077632904,7558
145.50398778915405,7557
145.56635999679565,7556
145.62109899520874,7555
145.6812288761139,7554
146.52203273773193,7553
146.84742879867554,7552
146.8741717338562,7551
146.95201873779297,7550
147.3280529975891,7549
147.45891094207764,7548
148.9871380329132,7547
