0.0,982240
228.46537494659424,5529
228.4665138721466,5528
228.46666979789734,5527
228.46919775009155,5526
228.4763627052307,5525
228.47661805152893,5524
228.4816188812256,5523
228.4825828075409,5522
228.48456978797913,5521
228.4859447479248,5520
228.48874402046204,5519
228.49264478683472,5518
228.49371886253357,5517
228.4942638874054,5516
228.49461197853088,5515
228.49754190444946,5514
228.4979989528656,5513
228.49935483932495,5512
228.50152492523193,5511
228.50288796424866,5510
228.51401686668396,5509
228.51528787612915,5508
228.517639875412,5507
228.52137565612793,5506
228.53232598304749,5505
228.53909587860107,5504
228.54187488555908,5503
228.54373478889465,5502
228.5439817905426,5501
228.54423785209656,5500
228.54499983787537,5499
228.55141377449036,5498
228.5530776977539,5497
228.55964183807373,5496
228.56847977638245,5495
228.56981587409973,5494
228.57488179206848,5493
228.57992506027222,5492
228.58619284629822,5491
228.58902096748352,5490
228.58957982063293,5489
228.59863996505737,5488
228.60360097885132,5487
228.60374689102173,5486
228.60670804977417,5485
228.6068570613861,5484
228.60955500602722,5483
228.61041593551636,5482
228.6106698513031,5481
228.61435866355896,5480
228.61956191062927,5479
228.62062907218933,5478
228.62199997901917,5477
228.62284970283508,5476
228.63270783424377,5475
228.6349756717682,5474
228.63593673706055,5473
228.6377809047699,5472
228.6436140537262,5471
228.6456868648529,5470
228.65053391456604,5469
228.65379095077515,5468
228.65747380256653,5467
228.66510796546936,5466
228.66656064987183,5465
228.6674108505249,5464
228.66796970367432,5463
228.67020797729492,5462
228.67285895347595,5461
228.67330479621887,5460
228.67345595359802,5459
228.674418926239,5458
228.6857328414917,5457
228.6874668598175,5456
228.68949484825134,5455
228.69043898582458,5454
228.69428777694702,5453
228.6953480243683,5452
228.69861364364624,5451
228.70046591758728,5450
228.70142602920532,5449
228.71230387687683,5448
228.71287083625793,5447
228.71581172943115,5446
228.72318291664124,5445
228.72364687919617,5444
228.73126888275146,5443
228.7315158843994,5442
228.7324869632721,5441
228.7331359386444,5440
228.73519587516785,5439
228.73774695396423,5438
228.73960304260254,5437
228.74005579948425,5436
228.74071407318115,5435
228.7413547039032,5434
228.74282884597778,5433
228.74387884140015,5432
228.74662685394287,5431
228.74686980247498,5430
228.75036764144897,5429
228.75142288208008,5428
228.75385975837708,5427
228.7561058998108,5426
228.7577600479126,5425
228.76339983940125,5424
228.76582980155945,5423
228.77064990997314,5422
228.77138471603394,5421
228.7759509086609,5420
228.78020191192627,5419
228.78084778785706,5418
228.78411197662354,5417
228.7844648361206,5416
228.78715872764587,5415
228.7876980304718,5414
228.79186391830444,5413
228.79593682289124,5412
228.7965807914734,5411
228.7968409061432,5410
228.8015570640564,5409
228.8042848110199,5408
228.8089108467102,5407
228.81203198432922,5406
228.81258869171143,5405
228.81790685653687,5404
228.81885480880737,5403
228.82224678993225,5402
228.82260370254517,5401
228.828941822052,5400
228.82980680465698,5399
228.8299548625946,5398
228.83151388168335,5397
228.83851885795593,5396
228.8390908241272,5395
228.84231686592102,5394
228.84450888633728,5393
228.84675097465515,5392
228.8486979007721,5391
228.85353183746338,5390
228.85607290267944,5389
228.85720992088318,5388
228.85834980010986,5387
228.85998272895813,5386
228.86043286323547,5385
228.86333179473877,5384
228.86564898490906,5383
228.86738801002502,5382
228.8728940486908,5381
228.8749167919159,5380
228.87556886672974,5379
228.8813178539276,5378
228.88553881645203,5377
228.88798594474792,5376
228.89002084732056,5375
228.89503169059753,5374
228.89687204360962,5373
228.90036487579346,5372
228.9030978679657,5371
228.90481781959534,5370
228.90686798095703,5369
228.91500186920166,5368
228.9197998046875,5367
228.92015171051025,5366
228.92317867279053,5365
228.93478298187256,5364
228.9429988861084,5363
228.94491505622864,5362
228.94655799865723,5361
228.94887685775757,5360
228.95074105262756,5359
228.95345997810364,5358
228.95381784439087,5357
228.95820498466492,5356
228.95935583114624,5355
228.96010494232178,5354
228.9627468585968,5353
228.9684407711029,5352
228.97056889533997,5351
228.973397731781,5350
228.98555779457092,5349
228.99034094810486,5348
228.9916799068451,5347
228.99213075637817,5346
228.9926679134369,5345
229.00267696380615,5344
229.0075647830963,5343
229.00853085517883,5342
229.01547288894653,5341
229.0179147720337,5340
229.02212572097778,5339
229.02927088737488,5338
229.03679084777832,5337
229.04421877861023,5336
229.05279088020325,5335
229.05403971672058,5334
229.05793380737305,5333
229.05867981910706,5332
229.0591287612915,5331
229.0626027584076,5330
229.06492972373962,5329
229.06983304023743,5328
229.0725498199463,5327
229.07754397392273,5326
229.07849192619324,5325
229.07934498786926,5324
229.08019995689392,5323
229.08958387374878,5322
229.09004497528076,5321
229.09298181533813,5320
229.09511399269104,5319
229.09537482261658,5318
229.10476183891296,5317
229.1077709197998,5316
229.1119577884674,5315
229.12151885032654,5314
229.12305998802185,5313
229.12763285636902,5312
229.13355708122253,5311
229.14532089233398,5310
229.1458818912506,5309
229.14603185653687,5308
229.14832186698914,5307
229.15309190750122,5306
229.15551900863647,5305
229.1605739593506,5304
229.16424894332886,5303
229.16626167297363,5302
229.1671040058136,5301
229.1686248779297,5300
229.16946005821228,5299
229.17088389396667,5298
229.18442177772522,5297
229.18841981887817,5296
229.19150376319885,5295
229.19185781478882,5294
229.19240283966064,5293
229.19599080085754,5292
229.1979148387909,5291
229.2021667957306,5290
229.20459175109863,5289
229.20642685890198,5288
229.2095329761505,5287
229.21066403388977,5286
229.21080875396729,5285
229.21843481063843,5284
229.22897291183472,5283
229.23169589042664,5282
229.23443269729614,5281
229.23913192749023,5280
229.24056386947632,5279
229.24141693115234,5278
229.24844980239868,5277
229.24958395957947,5276
229.25226879119873,5275
229.25262904167175,5274
229.25277185440063,5273
229.25453090667725,5272
229.25859785079956,5271
229.26081585884094,5270
229.26134586334229,5269
229.26727485656738,5268
229.2693898677826,5267
229.27918791770935,5266
229.28412985801697,5265
229.28781867027283,5264
229.28954672813416,5263
229.29324793815613,5262
229.30918192863464,5261
229.3101499080658,5260
229.31805086135864,5259
229.31860375404358,5258
229.33304405212402,5257
229.33380794525146,5256
229.33406496047974,5255
229.33701992034912,5254
229.33962869644165,5253
229.34473180770874,5252
229.35432291030884,5251
229.3578667640686,5250
229.36734890937805,5249
229.36951684951782,5248
229.369854927063,5247
229.3724057674408,5246
229.37576985359192,5245
229.38541793823242,5244
229.3914167881012,5243
229.3923659324646,5242
229.3925178050995,5241
229.4021599292755,5240
229.413391828537,5239
229.41442799568176,5238
229.42681789398193,5237
229.42745971679688,5236
229.42790293693542,5235
229.4297170639038,5234
229.4317169189453,5233
229.4430537223816,5232
229.44568586349487,5231
229.44925689697266,5230
229.4495120048523,5229
229.44996190071106,5228
229.4521927833557,5227
229.45823907852173,5226
229.4723777770996,5225
229.47487378120422,5224
229.48040771484375,5223
229.48299598693848,5222
229.4848928451538,5221
229.5158178806305,5220
229.51617074012756,5219
229.52245688438416,5218
229.52474403381348,5217
229.52585077285767,5216
229.5392928123474,5215
229.54548263549805,5214
229.55314183235168,5213
229.55711388587952,5212
229.55988574028015,5211
229.5601348876953,5210
229.57369875907898,5209
229.57877588272095,5208
229.58195209503174,5207
229.58219504356384,5206
229.59323072433472,5205
229.59484696388245,5204
229.59838795661926,5203
229.6008529663086,5202
229.60360503196716,5201
229.61616683006287,5200
229.61787486076355,5199
229.62015581130981,5198
229.62126970291138,5197
229.62502098083496,5196
229.63165283203125,5195
229.6385259628296,5194
229.64101576805115,5193
229.6503119468689,5192
229.65166687965393,5191
229.65609788894653,5190
229.65745997428894,5189
229.66627168655396,5188
229.6721749305725,5187
229.67874097824097,5186
229.69241285324097,5185
229.6951198577881,5184
229.7012219429016,5183
229.70487093925476,5182
229.72452187538147,5181
229.7246799468994,5180
229.74231672286987,5179
229.75117802619934,5178
229.7568278312683,5177
229.76037979125977,5176
229.7651720046997,5175
229.77214694023132,5174
229.7726879119873,5173
229.78362488746643,5172
229.7837677001953,5171
229.7846119403839,5170
229.8028039932251,5169
229.80414485931396,5168
229.80723094940186,5167
229.8090419769287,5166
229.81181383132935,5165
229.8160400390625,5164
229.82296991348267,5163
229.8444049358368,5162
229.84842681884766,5161
229.8715627193451,5160
229.87210178375244,5159
229.88810300827026,5158
229.89991092681885,5157
229.9067418575287,5156
229.91776990890503,5155
229.93053483963013,5154
229.93464303016663,5153
229.9406659603119,5152
229.94227576255798,5151
229.95522379875183,5150
229.9612739086151,5149
229.97201895713806,5148
229.9816288948059,5147
229.9963128566742,5146
229.99695491790771,5145
230.0012629032135,5144
230.00488996505737,5143
230.0163698196411,5142
230.0170087814331,5141
230.02054572105408,5140
230.0246298313141,5139
230.02623581886292,5138
230.02763867378235,5137
230.03461003303528,5136
230.04434370994568,5135
230.05396485328674,5134
230.05459880828857,5133
230.05737781524658,5132
230.0809679031372,5131
230.09161186218262,5130
230.09522676467896,5129
230.09662580490112,5128
230.1293888092041,5127
230.13013887405396,5126
230.14083003997803,5125
230.14647102355957,5124
230.1498167514801,5123
230.1576099395752,5122
230.16382479667664,5121
230.17707085609436,5120
230.19031476974487,5119
230.194748878479,5118
230.19800400733948,5117
230.2084538936615,5116
230.21551394462585,5115
230.21856904029846,5114
230.22238397598267,5113
230.24818992614746,5112
230.25038290023804,5111
230.26481008529663,5110
230.2849998474121,5109
230.32472681999207,5108
230.33000993728638,5107
230.33632898330688,5106
230.34034371376038,5105
230.34822392463684,5104
230.35861682891846,5103
230.3603208065033,5102
230.3709168434143,5101
230.37761187553406,5100
230.3882839679718,5099
230.40786480903625,5098
230.41171097755432,5097
230.41506576538086,5096
230.41655588150024,5095
230.45507097244263,5094
230.47585582733154,5093
230.4810860157013,5092
230.49801993370056,5091
230.5158360004425,5090
230.5232059955597,5089
230.52776885032654,5088
230.54713606834412,5087
230.5975639820099,5086
230.59967494010925,5085
230.61561608314514,5084
230.62214303016663,5083
230.63262701034546,5082
230.63568496704102,5081
230.65109992027283,5080
230.66264581680298,5079
230.67611384391785,5078
230.68341779708862,5077
230.6885120868683,5076
230.68933367729187,5075
230.70593786239624,5074
230.70898270606995,5073
230.70981192588806,5072
230.71915483474731,5071
230.7219409942627,5070
230.7290198802948,5069
230.7416226863861,5068
230.7535707950592,5067
230.75760793685913,5066
230.77869486808777,5065
230.7822709083557,5064
230.80731391906738,5063
230.84461879730225,5062
230.86145067214966,5061
230.86860489845276,5060
230.86971497535706,5059
230.89559197425842,5058
230.91072487831116,5057
230.91831994056702,5056
230.9268388748169,5055
230.93311190605164,5054
230.9452497959137,5053
230.95498991012573,5052
230.95777583122253,5051
230.97408890724182,5050
230.9909839630127,5049
231.01810789108276,5048
231.02384495735168,5047
231.04938769340515,5046
231.06739902496338,5045
231.09758281707764,5044
231.10158491134644,5043
231.1035418510437,5042
231.1128797531128,5041
231.12967586517334,5040
231.13702583312988,5039
231.1620008945465,5038
231.17720675468445,5037
231.18966674804688,5036
231.2256999015808,5035
231.2996187210083,5034
231.30111384391785,5033
231.32482266426086,5032
231.34048891067505,5031
231.36215782165527,5030
231.38728499412537,5029
231.4073588848114,5028
231.49565076828003,5027
231.5200798511505,5026
231.52341485023499,5025
231.55517601966858,5024
231.5581510066986,5023
231.583153963089,5022
231.661052942276,5021
231.671288728714,5020
231.7017936706543,5019
231.7132008075714,5018
231.7446846961975,5017
231.75884079933167,5016
231.7646198272705,5015
231.76976895332336,5014
231.77631282806396,5013
231.88444685935974,5012
231.89181876182556,5011
231.9728488922119,5010
231.97723197937012,5009
231.99828791618347,5008
232.0340859889984,5007
232.12398600578308,5006
232.1744658946991,5005
232.2185559272766,5004
232.22013807296753,5003
232.24017786979675,5002
232.26644206047058,5001
232.27460980415344,5000
232.29789686203003,4999
232.30952191352844,4998
232.3203637599945,4997
232.3989336490631,4996
232.39948296546936,4995
232.4404706954956,4994
232.4467318058014,4993
232.47198796272278,4992
232.50052094459534,4991
232.50147104263306,4990
232.60336065292358,4989
232.62966299057007,4988
232.6577868461609,4987
232.69471907615662,4986
232.70395708084106,4985
232.72246479988098,4984
232.8040909767151,4983
232.8474519252777,4982
232.95904684066772,4981
233.1365258693695,4980
233.1516308784485,4979
233.20957398414612,4978
233.29462575912476,4977
233.45465683937073,4976
233.47146773338318,4975
233.49284100532532,4974
233.54251384735107,4973
233.57931971549988,4972
233.66303396224976,4971
233.676029920578,4970
233.89834094047546,4969
233.91520071029663,4968
233.9278109073639,4967
233.98894596099854,4966
234.05460000038147,4965
234.05844378471375,4964
234.1138367652893,4963
234.18454098701477,4962
234.42525386810303,4961
234.83200478553772,4960
234.89272785186768,4959
235.156014919281,4958
235.2454137802124,4957
235.31795001029968,4956
