0.0,621840
140.32686591148376,7876
140.32789492607117,7875
140.32987999916077,7874
140.3303098678589,7873
140.33192491531372,7872
140.33505082130432,7871
140.35272002220154,7870
140.35387587547302,7869
140.35496377944946,7868
140.35583782196045,7867
140.35596895217896,7866
140.36630392074585,7865
140.3685748577118,7864
140.3744978904724,7863
140.37540078163147,7862
140.37986993789673,7861
140.38772988319397,7860
140.3884449005127,7859
140.3953788280487,7858
140.39551186561584,7857
140.39795589447021,7856
140.39818596839905,7855
140.4012107849121,7854
140.40408396720886,7853
140.40909004211426,7852
140.40950798988342,7851
140.41019201278687,7850
140.41289377212524,7849
140.4141869544983,7848
140.41753482818604,7847
140.4225640296936,7846
140.42436289787292,7845
140.42858695983887,7844
140.4298610687256,7843
140.4326786994934,7842
140.43334794044495,7841
140.43589973449707,7840
140.44585275650024,7839
140.45272397994995,7838
140.45294094085693,7837
140.4538071155548,7836
140.4539577960968,7835
140.45568084716797,7834
140.4576051235199,7833
140.46628594398499,7832
140.46651697158813,7831
140.46755385398865,7830
140.47189903259277,7829
140.47486472129822,7828
140.4751799106598,7827
140.4753110408783,7826
140.47950196266174,7825
140.48773980140686,7824
140.49165892601013,7823
140.49239587783813,7822
140.49265599250793,7821
140.49565887451172,7820
140.4969139099121,7819
140.5006968975067,7818
140.51258182525635,7817
140.51413083076477,7816
140.51453590393066,7815
140.51650404930115,7814
140.51829504966736,7813
140.51880598068237,7812
140.5236620903015,7811
140.5275046825409,7810
140.52773809432983,7809
140.53136205673218,7808
140.53349709510803,7807
140.53751397132874,7806
140.53781914710999,7805
140.53824400901794,7804
140.54461884498596,7803
140.54657673835754,7802
140.5520749092102,7801
140.5552270412445,7800
140.55607080459595,7799
140.56195497512817,7798
140.56488180160522,7797
140.56531500816345,7796
140.56673502922058,7795
140.56694793701172,7794
140.57369375228882,7793
140.57494974136353,7792
140.57516288757324,7791
140.57570791244507,7790
140.5770399570465,7789
140.57831501960754,7788
140.5892300605774,7787
140.59156489372253,7786
140.60077786445618,7785
140.60557794570923,7784
140.60858178138733,7783
140.61354279518127,7782
140.61385893821716,7781
140.61436796188354,7780
140.61651182174683,7779
140.61918997764587,7778
140.62011003494263,7777
140.62638688087463,7776
140.63215494155884,7775
140.6332769393921,7774
140.6334137916565,7773
140.63746786117554,7772
140.65297675132751,7771
140.65674996376038,7770
140.68124985694885,7769
140.70230388641357,7768
140.70687890052795,7767
140.7072880268097,7766
140.709157705307,7765
140.71243381500244,7764
140.71407794952393,7763
140.7165789604187,7762
140.72564697265625,7761
140.7331428527832,7760
140.73327207565308,7759
140.7370719909668,7758
140.73904490470886,7757
140.74625086784363,7756
140.74931693077087,7755
140.75800585746765,7754
140.75992488861084,7753
140.76299595832825,7752
140.76483178138733,7751
140.771390914917,7750
140.77304601669312,7749
140.7749059200287,7748
140.77512073516846,7747
140.7786889076233,7746
140.77986693382263,7745
140.78112196922302,7744
140.7824559211731,7743
140.78371286392212,7742
140.78474283218384,7741
140.78496670722961,7740
140.7970757484436,7739
140.80008792877197,7738
140.80444383621216,7737
140.81347703933716,7736
140.8175699710846,7735
140.81978583335876,7734
140.83180379867554,7733
140.83751392364502,7732
140.83786487579346,7731
140.84104990959167,7730
140.84804797172546,7729
140.8482699394226,7728
140.85839891433716,7727
140.85923886299133,7726
140.8605329990387,7725
140.87449479103088,7724
140.8783299922943,7723
140.8868420124054,7722
140.88710379600525,7721
140.89419198036194,7720
140.8963429927826,7719
140.8976538181305,7718
140.9003438949585,7717
140.90056586265564,7716
140.90235376358032,7715
140.9073498249054,7714
140.9079520702362,7713
140.91267609596252,7712
140.91736793518066,7711
140.91933798789978,7710
140.9327688217163,7709
140.93591809272766,7708
140.9376118183136,7707
140.93947887420654,7706
140.9405927658081,7705
140.95011281967163,7704
140.95098996162415,7703
140.96800303459167,7702
140.96886491775513,7701
140.96942782402039,7700
140.97078895568848,7699
140.9715256690979,7698
140.98028898239136,7697
140.98161673545837,7696
141.0020411014557,7695
141.0060658454895,7694
141.00813579559326,7693
141.0106987953186,7692
141.0121729373932,7691
141.0163209438324,7690
141.02016305923462,7689
141.02418494224548,7688
141.0245339870453,7687
141.02645707130432,7686
141.03234887123108,7685
141.04001092910767,7684
141.06417393684387,7683
141.07127499580383,7682
141.07442092895508,7681
141.07777786254883,7680
141.0799379348755,7679
141.08669996261597,7678
141.08696579933167,7677
141.09730982780457,7676
141.10414695739746,7675
141.10639572143555,7674
141.10774397850037,7673
141.10903787612915,7672
141.11022186279297,7671
141.11265397071838,7670
141.12824010849,7669
141.134516954422,7668
141.1395959854126,7667
141.15089893341064,7666
141.15189599990845,7665
141.16321182250977,7664
141.1803970336914,7663
141.18651485443115,7662
141.190288066864,7661
141.1908619403839,7660
141.1914427280426,7659
141.19852781295776,7658
141.2020149230957,7657
141.20399689674377,7656
141.24124383926392,7655
141.2559380531311,7654
141.26450610160828,7653
141.26732683181763,7652
141.27456092834473,7651
141.27469778060913,7650
141.2883219718933,7649
141.2900369167328,7648
141.30476212501526,7647
141.30847191810608,7646
141.3144359588623,7645
141.31621289253235,7644
141.34209990501404,7643
141.35285592079163,7642
141.36404085159302,7641
141.3865978717804,7640
141.39342403411865,7639
141.4000527858734,7638
141.40259885787964,7637
141.4033329486847,7636
141.40483784675598,7635
141.40523195266724,7634
141.41069102287292,7633
141.41730785369873,7632
141.42684388160706,7631
141.42785501480103,7630
141.42861580848694,7629
141.44123482704163,7628
141.4427649974823,7627
141.4650318622589,7626
141.479562997818,7625
141.4949758052826,7624
141.4980058670044,7623
141.4991009235382,7622
141.51115679740906,7621
141.515615940094,7620
141.51860880851746,7619
141.53684496879578,7618
141.53824090957642,7617
141.54440593719482,7616
141.54589581489563,7615
141.54862093925476,7614
141.55838894844055,7613
141.5716438293457,7612
141.5749077796936,7611
141.58967900276184,7610
141.59426093101501,7609
141.59518694877625,7608
141.59778881072998,7607
141.60139203071594,7606
141.61188387870789,7605
141.61280989646912,7604
141.63870406150818,7603
141.6705949306488,7602
141.6898317337036,7601
141.70095205307007,7600
141.73578095436096,7599
141.73829293251038,7598
141.75958704948425,7597
141.76993894577026,7596
141.77116107940674,7595
141.79231691360474,7594
141.79318499565125,7593
141.82816982269287,7592
141.83700394630432,7591
141.8576910495758,7590
141.8708839416504,7589
141.91194987297058,7588
141.93353700637817,7587
141.95302295684814,7586
141.95398497581482,7585
141.99225783348083,7584
142.00428795814514,7583
142.0208249092102,7582
142.02723598480225,7581
142.03467202186584,7580
142.05054473876953,7579
142.07851004600525,7578
142.08145189285278,7577
142.09136986732483,7576
142.09841775894165,7575
142.10594081878662,7574
142.11149787902832,7573
142.13664984703064,7572
142.14515590667725,7571
142.14968490600586,7570
142.21693778038025,7569
142.22030472755432,7568
142.2482237815857,7567
142.30513095855713,7566
142.32301092147827,7565
142.3277678489685,7564
142.39905667304993,7563
142.39942288398743,7562
142.46648907661438,7561
142.7279179096222,7560
142.82307505607605,7559
142.99916887283325,7558
143.07943391799927,7557
143.1731607913971,7556
143.3988049030304,7555
143.57450795173645,7554
143.78686475753784,7553
143.84859585762024,7552
143.88775181770325,7551
143.94018292427063,7550
144.48467087745667,7549
145.17493796348572,7548
