0.040022850036621094,10912
0.068511962890625,10911
0.09554266929626465,10910
0.12229204177856445,10909
0.14898180961608887,10908
0.17577075958251953,10907
0.2024989128112793,10906
0.2290177345275879,10905
0.2556629180908203,10904
0.28247880935668945,10903
0.30899691581726074,10902
0.3359067440032959,10901
0.36304688453674316,10900
0.3895268440246582,10899
0.41579389572143555,10898
0.4421236515045166,10897
0.46846485137939453,10896
0.49491190910339355,10895
0.5211899280548096,10894
0.5474457740783691,10893
0.573645830154419,10892
0.5998117923736572,10891
0.625878095626831,10890
0.6522009372711182,10889
0.6786937713623047,10888
0.7051138877868652,10887
0.7313859462738037,10886
0.7579829692840576,10885
0.7842879295349121,10884
0.8105480670928955,10883
0.8368237018585205,10882
0.8629839420318604,10881
0.8907017707824707,10880
0.9185559749603271,10879
0.9463717937469482,10878
0.9747309684753418,10877
1.0053257942199707,10876
1.0355799198150635,10875
1.0644910335540771,10874
1.0919158458709717,10873
1.119744062423706,10872
1.1467618942260742,10871
1.1731877326965332,10870
1.1994047164916992,10869
1.2255098819732666,10868
1.2517869472503662,10867
1.2779629230499268,10866
1.3044800758361816,10865
1.3309168815612793,10864
1.3571138381958008,10863
1.3834788799285889,10862
1.4098389148712158,10861
1.4367470741271973,10860
1.4642038345336914,10859
1.490668773651123,10858
1.517021894454956,10857
1.543393850326538,10856
1.569483757019043,10855
1.595578908920288,10854
1.6220707893371582,10853
1.6483409404754639,10852
1.674712896347046,10851
1.701650857925415,10850
1.7280960083007812,10849
1.7578277587890625,10848
1.7860438823699951,10847
1.8136558532714844,10846
1.8416447639465332,10845
1.8687329292297363,10844
1.8956890106201172,10843
1.9228379726409912,10842
1.9499619007110596,10841
1.9770798683166504,10840
2.0041086673736572,10839
2.0310468673706055,10838
2.059232711791992,10837
2.08648681640625,10836
2.1138577461242676,10835
2.1408438682556152,10834
2.167893886566162,10833
2.194819927215576,10832
2.2216856479644775,10831
2.2488808631896973,10830
2.276618003845215,10829
2.303792953491211,10828
2.3309128284454346,10827
2.357996702194214,10826
2.385140895843506,10825
2.412156820297241,10824
2.439056873321533,10823
2.466027021408081,10822
2.4931068420410156,10821
2.5201499462127686,10820
2.547116756439209,10819
2.573955774307251,10818
2.6010518074035645,10817
2.6283416748046875,10816
2.655352830886841,10815
2.6824820041656494,10814
2.709601879119873,10813
2.73681378364563,10812
2.7639577388763428,10811
2.7911288738250732,10810
2.8181498050689697,10809
2.845132827758789,10808
2.8720619678497314,10807
2.8985490798950195,10806
2.925520896911621,10805
2.952126979827881,10804
2.980029821395874,10803
3.00711989402771,10802
3.03379487991333,10801
3.060417890548706,10800
3.0870718955993652,10799
3.1136817932128906,10798
3.1407558917999268,10797
3.1676056385040283,10796
3.1940088272094727,10795
3.2207648754119873,10794
3.2478830814361572,10793
3.2750070095062256,10792
3.3019979000091553,10791
3.328826904296875,10790
3.35555100440979,10789
3.3823587894439697,10788
3.409388780593872,10787
3.4360368251800537,10786
3.462575912475586,10785
3.4888856410980225,10784
3.5154998302459717,10783
3.5419631004333496,10782
3.5683789253234863,10781
3.595197916030884,10780
3.6218650341033936,10779
3.6483068466186523,10778
3.6749660968780518,10777
3.701482057571411,10776
3.7280938625335693,10775
3.7551870346069336,10774
3.7818257808685303,10773
3.8084559440612793,10772
3.8350868225097656,10771
3.861477851867676,10770
3.888157844543457,10769
3.9148149490356445,10768
3.9413928985595703,10767
3.969517707824707,10766
3.996246099472046,10765
4.0226356983184814,10764
4.049280643463135,10763
4.075640916824341,10762
4.102191925048828,10761
4.128756999969482,10760
4.155366897583008,10759
4.182029724121094,10758
4.208760738372803,10757
4.2355568408966064,10756
4.262617826461792,10755
4.289500951766968,10754
4.316318988800049,10753
4.342980861663818,10752
4.369556903839111,10751
4.3960089683532715,10750
4.4225170612335205,10749
4.448815822601318,10748
4.4752819538116455,10747
4.502238035202026,10746
4.52921199798584,10745
4.556013822555542,10744
4.582732677459717,10743
4.6094748973846436,10742
4.636137962341309,10741
4.663074731826782,10740
4.689871788024902,10739
4.71654486656189,10738
4.743040084838867,10737
4.7697858810424805,10736
4.796445846557617,10735
4.822721719741821,10734
4.8492817878723145,10733
4.875953912734985,10732
4.902439832687378,10731
4.929141044616699,10730
4.956024885177612,10729
4.982728004455566,10728
5.009484767913818,10727
5.035897731781006,10726
5.062720060348511,10725
5.090022802352905,10724
5.116983890533447,10723
5.144347906112671,10722
5.172826766967773,10721
5.202808856964111,10720
5.233122825622559,10719
5.259992837905884,10718
5.28667688369751,10717
5.313843011856079,10716
5.3408708572387695,10715
5.370337724685669,10714
5.406687021255493,10713
5.449078798294067,10712
5.4904608726501465,10711
5.5264599323272705,10710
5.57543683052063,10709
5.6293230056762695,10708
5.6585657596588135,10707
5.689238786697388,10706
5.717466831207275,10705
5.747346878051758,10704
5.774593830108643,10703
5.801238059997559,10702
5.8277997970581055,10701
5.861921787261963,10700
5.8885979652404785,10699
5.914874792098999,10698
5.941404819488525,10697
5.967912912368774,10696
5.994441032409668,10695
6.020956993103027,10694
6.047436714172363,10693
6.073867082595825,10692
6.12493896484375,10691
6.151453018188477,10690
6.1779468059539795,10689
6.204676866531372,10688
6.2313148975372314,10687
6.258655071258545,10686
6.285901784896851,10685
6.312698841094971,10684
6.339317798614502,10683
6.36589789390564,10682
6.392437696456909,10681
6.418851852416992,10680
6.445120096206665,10679
6.471357822418213,10678
6.497257947921753,10677
6.523371696472168,10676
6.549307823181152,10675
6.575839996337891,10674
6.602175951004028,10673
6.62870979309082,10672
6.655089855194092,10671
6.681403875350952,10670
6.708589792251587,10669
6.737163066864014,10668
6.766794919967651,10667
6.79547381401062,10666
6.823807001113892,10665
6.853996753692627,10664
6.883604049682617,10663
6.915428876876831,10662
6.947141885757446,10661
6.9771318435668945,10660
7.005297899246216,10659
7.033682823181152,10658
7.060352802276611,10657
7.086698055267334,10656
7.113395929336548,10655
7.139858961105347,10654
7.166360855102539,10653
7.192750930786133,10652
7.219351768493652,10651
7.246811866760254,10650
7.275428771972656,10649
7.302393913269043,10648
7.3292460441589355,10647
7.355902910232544,10646
7.382641792297363,10645
7.409394979476929,10644
7.435851097106934,10643
7.4628050327301025,10642
7.489728689193726,10641
7.516288757324219,10640
7.542816638946533,10639
7.56967568397522,10638
7.596415996551514,10637
7.623157739639282,10636
7.649870872497559,10635
7.676842927932739,10634
7.703754901885986,10633
7.7306108474731445,10632
7.758923053741455,10631
7.785965919494629,10630
7.8124518394470215,10629
7.839095830917358,10628
7.865424871444702,10627
7.891891956329346,10626
7.918511867523193,10625
7.945266962051392,10624
7.971843719482422,10623
7.998473882675171,10622
8.024960041046143,10621
8.051691055297852,10620
8.078476667404175,10619
8.104959964752197,10618
8.13162088394165,10617
8.15864086151123,10616
8.185145854949951,10615
8.211829662322998,10614
8.238923788070679,10613
8.266235828399658,10612
8.292979955673218,10611
8.319713830947876,10610
8.346559047698975,10609
8.373297929763794,10608
8.39989185333252,10607
8.426503896713257,10606
8.453175783157349,10605
8.481053829193115,10604
8.50933289527893,10603
8.537345886230469,10602
8.564304828643799,10601
8.591669797897339,10600
8.61893081665039,10599
8.646353960037231,10598
8.673244953155518,10597
8.700232028961182,10596
8.729481935501099,10595
8.761271715164185,10594
8.789687871932983,10593
8.816292762756348,10592
8.845595836639404,10591
8.8728609085083,10590
8.89985990524292,10589
8.931590795516968,10588
8.959424018859863,10587
8.986932039260864,10586
9.014465808868408,10585
9.041141033172607,10584
9.067670822143555,10583
9.095205783843994,10582
9.123634815216064,10581
9.152361869812012,10580
9.180538892745972,10579
9.207911968231201,10578
9.235851049423218,10577
9.263469696044922,10576
9.290360927581787,10575
9.317031860351562,10574
9.343909978866577,10573
9.370616912841797,10572
9.39712905883789,10571
9.424031019210815,10570
9.450695991516113,10569
9.477377891540527,10568
9.504009008407593,10567
9.530682802200317,10566
9.557668924331665,10565
9.584427833557129,10564
9.611077785491943,10563
9.63766884803772,10562
9.664245843887329,10561
9.691182851791382,10560
9.718059062957764,10559
9.745092868804932,10558
9.771915674209595,10557
9.798595905303955,10556
9.825063943862915,10555
9.851796865463257,10554
9.878536939620972,10553
9.904939651489258,10552
9.931884765625,10551
9.959397792816162,10550
9.986279010772705,10549
10.013428926467896,10548
10.04055666923523,10547
10.067497968673706,10546
10.094368696212769,10545
10.122777938842773,10544
10.151794910430908,10543
10.180748701095581,10542
10.212831974029541,10541
10.2442147731781,10540
10.271658897399902,10539
10.298779964447021,10538
10.325927972793579,10537
10.352521896362305,10536
10.380943775177002,10535
10.412964820861816,10534
10.44012188911438,10533
10.466673851013184,10532
10.493700742721558,10531
10.520406007766724,10530
10.547203779220581,10529
10.573954820632935,10528
10.60062289237976,10527
10.627548933029175,10526
10.654095888137817,10525
10.680662870407104,10524
10.708558797836304,10523
10.793392896652222,10522
10.868064641952515,10521
10.934308767318726,10520
10.974703788757324,10519
11.005294799804688,10518
11.034318923950195,10517
11.062846899032593,10516
11.092123985290527,10515
11.11900806427002,10514
11.14660096168518,10513
11.173227787017822,10512
11.199702024459839,10511
11.226845026016235,10510
11.255143880844116,10509
11.281676769256592,10508
11.308045864105225,10507
11.33446192741394,10506
11.360756874084473,10505
11.386944770812988,10504
11.413070917129517,10503
11.43917965888977,10502
11.465366840362549,10501
11.49137282371521,10500
11.517684936523438,10499
11.543880939483643,10498
11.570380687713623,10497
11.596829891204834,10496
11.623227834701538,10495
11.64988398551941,10494
11.676653861999512,10493
11.703124046325684,10492
11.729784727096558,10491
11.759062767028809,10490
11.788348913192749,10489
11.816319942474365,10488
11.843514919281006,10487
11.870246887207031,10486
11.896862983703613,10485
11.923126697540283,10484
11.94976282119751,10483
11.976362943649292,10482
12.002843856811523,10481
12.041961908340454,10480
12.068764925003052,10479
12.09542465209961,10478
12.122050762176514,10477
12.149369955062866,10476
12.176658868789673,10475
12.204277038574219,10474
12.23208498954773,10473
12.26072096824646,10472
12.288870811462402,10471
12.316865682601929,10470
12.344213962554932,10469
12.371426820755005,10468
12.398470878601074,10467
12.425840854644775,10466
12.4530348777771,10465
12.48020887374878,10464
12.507109880447388,10463
12.533989906311035,10462
12.561653852462769,10461
12.588259935379028,10460
12.614908933639526,10459
12.641828775405884,10458
12.668529987335205,10457
12.695497989654541,10456
12.72241473197937,10455
12.74926495552063,10454
12.776237726211548,10453
12.802788734436035,10452
12.829347848892212,10451
12.855840682983398,10450
12.882406949996948,10449
12.908936023712158,10448
12.935733795166016,10447
12.962350845336914,10446
12.989068746566772,10445
13.015713691711426,10444
13.04271388053894,10443
13.069568634033203,10442
13.09647798538208,10441
13.123188018798828,10440
13.150132894515991,10439
13.176621913909912,10438
13.203086853027344,10437
13.229529857635498,10436
13.256267786026001,10435
13.283201694488525,10434
13.31034779548645,10433
13.337193965911865,10432
13.364016771316528,10431
13.39049506187439,10430
13.417099714279175,10429
13.443699836730957,10428
13.470706939697266,10427
13.49733304977417,10426
13.523820877075195,10425
13.550122022628784,10424
13.577179908752441,10423
13.604026794433594,10422
13.630728960037231,10421
13.657830953598022,10420
13.684506893157959,10419
13.710973024368286,10418
13.739152908325195,10417
13.769070863723755,10416
13.79842472076416,10415
13.825299978256226,10414
13.851726770401001,10413
13.878121852874756,10412
13.905174732208252,10411
13.931829690933228,10410
13.958808898925781,10409
13.985602855682373,10408
14.014928817749023,10407
14.043176889419556,10406
14.07133173942566,10405
14.099105834960938,10404
14.127858877182007,10403
14.158316850662231,10402
14.188299655914307,10401
14.218084812164307,10400
14.245248079299927,10399
14.272064685821533,10398
14.298731088638306,10397
14.325637817382812,10396
14.352848768234253,10395
14.380034685134888,10394
14.408705711364746,10393
14.438392877578735,10392
14.465245962142944,10391
14.491972923278809,10390
14.520730972290039,10389
14.548165798187256,10388
14.576000690460205,10387
14.60325574874878,10386
14.63070273399353,10385
14.658614873886108,10384
14.685911893844604,10383
14.713420867919922,10382
14.740832090377808,10381
14.768970966339111,10380
14.799118757247925,10379
14.82797384262085,10378
14.85707974433899,10377
14.88529109954834,10376
14.91336989402771,10375
14.941350936889648,10374
14.969746828079224,10373
14.999943971633911,10372
15.027521848678589,10371
15.054971933364868,10370
15.082152843475342,10369
15.109389781951904,10368
15.135999917984009,10367
15.162747859954834,10366
15.18948483467102,10365
15.21572470664978,10364
15.242804050445557,10363
15.269706964492798,10362
15.296182870864868,10361
15.322855949401855,10360
15.349222898483276,10359
15.375691652297974,10358
15.402501821517944,10357
15.429542779922485,10356
15.456293821334839,10355
15.482847929000854,10354
15.509115934371948,10353
15.53673768043518,10352
15.56356692314148,10351
15.589953660964966,10350
15.61669373512268,10349
15.643260955810547,10348
15.670215845108032,10347
15.698129892349243,10346
15.725092887878418,10345
15.75243878364563,10344
15.780041933059692,10343
15.806776762008667,10342
15.833386898040771,10341
15.859992742538452,10340
15.886841773986816,10339
15.913918018341064,10338
15.9407057762146,10337
15.986118793487549,10336
16.012382984161377,10335
16.038870811462402,10334
16.06529688835144,10333
16.091758728027344,10332
16.11837077140808,10331
16.14486289024353,10330
16.171320915222168,10329
16.198065996170044,10328
16.224544048309326,10327
16.25149893760681,10326
16.278103828430176,10325
16.304852962493896,10324
16.33139204978943,10323
16.357964754104614,10322
16.38434100151062,10321
16.4107768535614,10320
16.43717670440674,10319
16.463451862335205,10318
16.489744901657104,10317
16.516283988952637,10316
16.542847871780396,10315
16.569868803024292,10314
16.596555709838867,10313
16.623677968978882,10312
16.650774717330933,10311
16.677995681762695,10310
16.704907655715942,10309
16.731539011001587,10308
16.758333921432495,10307
16.785238027572632,10306
16.81160283088684,10305
16.838210821151733,10304
16.864885807037354,10303
16.891361713409424,10302
16.917884826660156,10301
16.945409774780273,10300
16.972160816192627,10299
16.998923778533936,10298
17.02689480781555,10297
17.056053638458252,10296
17.08399987220764,10295
17.113496780395508,10294
17.140256643295288,10293
17.167059898376465,10292
17.1937358379364,10291
17.220313787460327,10290
17.24846386909485,10289
17.27593994140625,10288
17.303860902786255,10287
17.330836057662964,10286
17.35712695121765,10285
17.3832950592041,10284
17.409942865371704,10283
17.436317920684814,10282
17.462551832199097,10281
17.488810062408447,10280
17.515355825424194,10279
17.541701793670654,10278
17.568057775497437,10277
17.594392776489258,10276
17.62059783935547,10275
17.646957874298096,10274
17.673345804214478,10273
17.6995108127594,10272
17.72588086128235,10271
17.753557920455933,10270
17.781012058258057,10269
17.807958841323853,10268
17.83480191230774,10267
17.861438989639282,10266
17.88838291168213,10265
17.914703845977783,10264
17.941308975219727,10263
17.967819690704346,10262
17.994264841079712,10261
18.020697832107544,10260
18.047196865081787,10259
18.073493003845215,10258
18.099843740463257,10257
18.12640905380249,10256
18.15348982810974,10255
18.18048906326294,10254
18.207488775253296,10253
18.234383821487427,10252
18.261526823043823,10251
18.28807306289673,10250
18.31482195854187,10249
18.341418027877808,10248
18.367812871932983,10247
18.39445996284485,10246
18.420727729797363,10245
18.44728183746338,10244
18.47396683692932,10243
18.500476837158203,10242
18.5274178981781,10241
18.554438829421997,10240
18.580907821655273,10239
18.607532739639282,10238
18.634144067764282,10237
18.660424947738647,10236
18.687036991119385,10235
18.713467836380005,10234
18.739933013916016,10233
18.786876916885376,10232
18.814048767089844,10231
18.84114098548889,10230
18.867640733718872,10229
18.894155025482178,10228
18.920569896697998,10227
18.94691777229309,10226
18.97348380088806,10225
18.99982786178589,10224
19.026543855667114,10223
19.054184913635254,10222
19.08074688911438,10221
19.107882976531982,10220
19.134800910949707,10219
19.161497831344604,10218
19.188288688659668,10217
19.21495509147644,10216
19.2417209148407,10215
19.268784999847412,10214
19.29556894302368,10213
19.322033882141113,10212
19.348582983016968,10211
19.37498188018799,10210
19.401488780975342,10209
19.428282976150513,10208
19.454832792282104,10207
19.48152995109558,10206
19.508198976516724,10205
19.534791946411133,10204
19.561760663986206,10203
19.58912181854248,10202
19.615585803985596,10201
19.642717838287354,10200
19.671509981155396,10199
19.699389934539795,10198
19.72685980796814,10197
19.754709005355835,10196
19.78249502182007,10195
19.810288906097412,10194
19.838051795959473,10193
19.8660249710083,10192
19.89367985725403,10191
19.922548055648804,10190
19.949172973632812,10189
19.975499868392944,10188
20.00219988822937,10187
20.02897882461548,10186
20.05517888069153,10185
20.081470012664795,10184
20.107656002044678,10183
20.134037971496582,10182
20.16015887260437,10181
20.18634295463562,10180
20.212528944015503,10179
20.238778829574585,10178
20.264891862869263,10177
20.291043758392334,10176
20.317181825637817,10175
20.343199014663696,10174
20.36911177635193,10173
20.395282983779907,10172
20.421347856521606,10171
20.447423934936523,10170
20.47349977493286,10169
20.499698877334595,10168
20.525846004486084,10167
20.551862716674805,10166
20.5778968334198,10165
20.604082822799683,10164
20.630183935165405,10163
20.656166791915894,10162
20.705313682556152,10161
20.731446743011475,10160
20.758493900299072,10159
20.7863450050354,10158
20.813625812530518,10157
20.840345859527588,10156
20.866886854171753,10155
20.893208742141724,10154
20.919625997543335,10153
20.94585394859314,10152
20.972171783447266,10151
20.99840784072876,10150
21.024960041046143,10149
21.05135488510132,10148
21.077791929244995,10147
21.104123830795288,10146
21.130679845809937,10145
21.157418966293335,10144
21.18416690826416,10143
21.210699796676636,10142
21.237032890319824,10141
21.264004945755005,10140
21.29143190383911,10139
21.317652940750122,10138
21.344146966934204,10137
21.370550870895386,10136
21.3970148563385,10135
21.42339777946472,10134
21.449795722961426,10133
21.476369857788086,10132
21.50314688682556,10131
21.53041386604309,10130
21.55730104446411,10129
21.583966970443726,10128
21.610511779785156,10127
21.636868953704834,10126
21.663541078567505,10125
21.690152883529663,10124
21.716922760009766,10123
21.743818044662476,10122
21.77194881439209,10121
21.798646688461304,10120
21.825407028198242,10119
21.85208296775818,10118
21.878690719604492,10117
21.905208826065063,10116
21.93188190460205,10115
21.958308935165405,10114
21.98507595062256,10113
22.011822938919067,10112
22.03853178024292,10111
22.06512188911438,10110
22.091821908950806,10109
22.118488788604736,10108
22.145115852355957,10107
22.171674966812134,10106
22.198271989822388,10105
22.22486686706543,10104
22.251880884170532,10103
22.278417825698853,10102
22.305341958999634,10101
22.33204197883606,10100
22.358726978302002,10099
22.38623595237732,10098
22.416209936141968,10097
22.44489097595215,10096
22.472015857696533,10095
22.516831874847412,10094
22.544153928756714,10093
22.5707950592041,10092
22.597193002700806,10091
22.62611484527588,10090
22.655443906784058,10089
22.683076858520508,10088
22.709972858428955,10087
22.736705780029297,10086
22.76341485977173,10085
22.790014028549194,10084
22.81663489341736,10083
22.84325671195984,10082
22.869736909866333,10081
22.896286964416504,10080
22.923662900924683,10079
22.95109987258911,10078
22.977765798568726,10077
23.004425048828125,10076
23.031247854232788,10075
23.057910680770874,10074
23.084537744522095,10073
23.11114501953125,10072
23.137632846832275,10071
23.164508819580078,10070
23.191213846206665,10069
23.218129873275757,10068
23.24500298500061,10067
23.27206301689148,10066
23.29877996444702,10065
23.325413942337036,10064
23.35205578804016,10063
23.378678798675537,10062
23.405234813690186,10061
23.431849002838135,10060
23.458523988723755,10059
23.48532795906067,10058
23.512139797210693,10057
23.539585828781128,10056
23.566248893737793,10055
23.59314489364624,10054
23.620259761810303,10053
23.647369861602783,10052
23.674633979797363,10051
23.701892852783203,10050
23.728649854660034,10049
23.756033658981323,10048
23.782939910888672,10047
23.809449911117554,10046
23.835986852645874,10045
23.862435817718506,10044
23.888712882995605,10043
23.915270805358887,10042
23.941983938217163,10041
23.968742847442627,10040
23.996136903762817,10039
24.045022010803223,10038
24.07709288597107,10037
24.107979774475098,10036
24.140686750411987,10035
24.173824071884155,10034
24.204155921936035,10033
24.231199979782104,10032
24.259124040603638,10031
24.287535905838013,10030
24.319947004318237,10029
24.352455854415894,10028
24.3848557472229,10027
24.416582822799683,10026
24.447027921676636,10025
24.47587275505066,10024
24.504421949386597,10023
24.53333568572998,10022
24.561758041381836,10021
24.5899658203125,10020
24.61909294128418,10019
24.650091648101807,10018
24.68098473548889,10017
24.710397005081177,10016
24.738940000534058,10015
24.76758098602295,10014
24.795853853225708,10013
24.823696851730347,10012
24.850679874420166,10011
24.877063989639282,10010
24.903319835662842,10009
24.929762840270996,10008
24.955941915512085,10007
24.982707023620605,10006
25.009480953216553,10005
25.035834789276123,10004
25.062294721603394,10003
25.088738918304443,10002
25.115145921707153,10001
25.142606735229492,10000
25.17142677307129,9999
25.19999384880066,9998
25.2276828289032,9997
25.255568981170654,9996
25.283042907714844,9995
25.310223817825317,9994
25.338217973709106,9993
25.36737370491028,9992
25.396527767181396,9991
25.42455792427063,9990
25.451120853424072,9989
25.47761106491089,9988
25.504085063934326,9987
25.530361890792847,9986
25.55673384666443,9985
25.583043813705444,9984
25.61172103881836,9983
25.639343738555908,9982
25.666451930999756,9981
25.693235874176025,9980
25.71973204612732,9979
25.746196031570435,9978
25.774325847625732,9977
25.801431894302368,9976
25.828337907791138,9975
25.855045795440674,9974
25.881639003753662,9973
25.90809392929077,9972
25.934619903564453,9971
25.961699724197388,9970
25.99007487297058,9969
26.018537044525146,9968
26.046340942382812,9967
26.073401927947998,9966
26.100702047348022,9965
26.127691745758057,9964
26.15432596206665,9963
26.180733919143677,9962
26.20700979232788,9961
26.233366012573242,9960
26.260157823562622,9959
26.286995887756348,9958
26.313562870025635,9957
26.340024709701538,9956
26.366606950759888,9955
26.39318084716797,9954
26.41951584815979,9953
26.44594383239746,9952
26.47232484817505,9951
26.500102996826172,9950
26.52782893180847,9949
26.554703950881958,9948
26.58121609687805,9947
26.607955932617188,9946
26.63507103919983,9945
26.674266815185547,9944
26.700958013534546,9943
26.727755069732666,9942
26.75467586517334,9941
26.781630039215088,9940
26.80824089050293,9939
26.83538794517517,9938
26.86244487762451,9937
26.889039754867554,9936
26.915549993515015,9935
26.94198989868164,9934
26.968379974365234,9933
26.994938850402832,9932
27.02175283432007,9931
27.04963779449463,9930
27.077228784561157,9929
27.104187965393066,9928
27.130652904510498,9927
27.15714383125305,9926
27.183525800704956,9925
27.20994210243225,9924
27.236485958099365,9923
27.263507843017578,9922
27.290008783340454,9921
27.316629886627197,9920
27.343405723571777,9919
27.37037181854248,9918
27.39770197868347,9917
27.425575971603394,9916
27.453001976013184,9915
27.48011875152588,9914
27.50766682624817,9913
27.53564977645874,9912
27.562476873397827,9911
27.589112758636475,9910
27.61558985710144,9909
27.641921758651733,9908
27.66820001602173,9907
27.694474935531616,9906
27.721280097961426,9905
27.747779846191406,9904
27.79862689971924,9903
27.824736833572388,9902
27.85129189491272,9901
27.877803087234497,9900
27.90422296524048,9899
27.930537939071655,9898
27.95696187019348,9897
27.983328104019165,9896
28.009610891342163,9895
28.035809755325317,9894
28.06200671195984,9893
28.088048934936523,9892
28.11409091949463,9891
28.140076875686646,9890
28.166136741638184,9889
28.19223976135254,9888
28.218315839767456,9887
28.245182037353516,9886
28.272608041763306,9885
28.299235820770264,9884
28.32561683654785,9883
28.35194492340088,9882
28.378355026245117,9881
28.408272981643677,9880
28.43661069869995,9879
28.46371102333069,9878
28.490574836730957,9877
28.517192840576172,9876
28.543823957443237,9875
28.570268869400024,9874
28.596792697906494,9873
28.6231849193573,9872
28.650436878204346,9871
28.678531885147095,9870
28.70577383041382,9869
28.732513666152954,9868
28.759296655654907,9867
28.785948991775513,9866
28.8122136592865,9865
28.838655948638916,9864
28.86509895324707,9863
28.89150905609131,9862
28.917956829071045,9861
28.944811820983887,9860
28.971893787384033,9859
28.99868869781494,9858
29.025243997573853,9857
29.051819801330566,9856
29.078361749649048,9855
29.10537886619568,9854
29.132316827774048,9853
29.158901691436768,9852
29.18536877632141,9851
29.21177887916565,9850
29.238341808319092,9849
29.265134811401367,9848
29.29169988632202,9847
29.31883692741394,9846
29.345821857452393,9845
29.372716903686523,9844
29.39924383163452,9843
29.426142930984497,9842
29.45268678665161,9841
29.479190826416016,9840
29.505884885787964,9839
29.532512664794922,9838
29.55896782875061,9837
29.585327863693237,9836
29.611676931381226,9835
29.638068914413452,9834
29.664753913879395,9833
29.691619873046875,9832
29.718326807022095,9831
29.7449369430542,9830
29.77299189567566,9829
29.79980182647705,9828
29.8263738155365,9827
29.85307502746582,9826
29.879684925079346,9825
29.906336784362793,9824
29.93516707420349,9823
29.96737790107727,9822
29.999743938446045,9821
30.03006887435913,9820
30.060608863830566,9819
30.08854579925537,9818
30.117124795913696,9817
30.14557385444641,9816
30.173804759979248,9815
30.201774835586548,9814
30.229573965072632,9813
30.25782084465027,9812
30.28555178642273,9811
30.313382863998413,9810
30.341096878051758,9809
30.36868190765381,9808
30.39635682106018,9807
30.424136877059937,9806
30.45167088508606,9805
30.479532718658447,9804
30.507556915283203,9803
30.53532385826111,9802
30.564592838287354,9801
30.59668207168579,9800
30.623608827590942,9799
30.650373935699463,9798
30.67706871032715,9797
30.729429006576538,9796
30.75611686706543,9795
30.782688856124878,9794
30.809446811676025,9793
30.836249828338623,9792
30.863056898117065,9791
30.893662929534912,9790
30.923659801483154,9789
30.956223011016846,9788
30.990527868270874,9787
31.023783922195435,9786
31.051820755004883,9785
31.07845187187195,9784
31.10513687133789,9783
31.132585048675537,9782
31.159573078155518,9781
31.1889488697052,9780
31.219740867614746,9779
31.254093885421753,9778
31.293612718582153,9777
31.327772855758667,9776
31.358887910842896,9775
31.389025688171387,9774
31.416133880615234,9773
31.442465782165527,9772
31.469169855117798,9771
31.49578285217285,9770
31.522425889968872,9769
31.549272775650024,9768
31.575865745544434,9767
31.602620840072632,9766
31.629254817962646,9765
31.655752897262573,9764
31.682591915130615,9763
31.70992374420166,9762
31.765345811843872,9761
31.797409772872925,9760
31.832618951797485,9759
31.86721897125244,9758
31.89970374107361,9757
31.932554006576538,9756
31.96042490005493,9755
31.989468812942505,9754
32.01840281486511,9753
32.04721784591675,9752
32.07786703109741,9751
32.11054491996765,9750
32.14117383956909,9749
32.16797089576721,9748
32.195289850234985,9747
32.2240629196167,9746
32.2537579536438,9745
32.281885862350464,9744
32.30897092819214,9743
32.335936069488525,9742
32.362767934799194,9741
32.3890597820282,9740
32.415130853652954,9739
32.44125294685364,9738
32.4672327041626,9737
32.49387192726135,9736
32.52287173271179,9735
32.551283836364746,9734
32.579834938049316,9733
32.6079797744751,9732
32.63540291786194,9731
32.66232681274414,9730
32.69006896018982,9729
32.7167329788208,9728
32.7433648109436,9727
32.7733850479126,9726
32.79994988441467,9725
32.826196908950806,9724
32.855695962905884,9723
32.885331869125366,9722
32.91409993171692,9721
32.940682888031006,9720
32.96929883956909,9719
32.99987578392029,9718
33.02977800369263,9717
33.05886888504028,9716
33.08871579170227,9715
33.11793375015259,9714
33.145949840545654,9713
33.17566180229187,9712
33.204318046569824,9711
33.23241186141968,9710
33.260092973709106,9709
33.28906178474426,9708
33.318806886672974,9707
33.34900188446045,9706
33.37696695327759,9705
33.40587878227234,9704
33.43502688407898,9703
33.465195655822754,9702
33.501002073287964,9701
33.53251266479492,9700
33.563129901885986,9699
33.59355187416077,9698
33.623729944229126,9697
33.65741801261902,9696
33.69434976577759,9695
33.72681188583374,9694
33.76551294326782,9693
33.79780673980713,9692
33.828413009643555,9691
33.85645079612732,9690
33.884400844573975,9689
33.911454916000366,9688
33.939199924468994,9687
33.967190742492676,9686
33.99504494667053,9685
34.023648738861084,9684
34.05142784118652,9683
34.07860994338989,9682
34.10541081428528,9681
34.13250279426575,9680
34.15916180610657,9679
34.186123847961426,9678
34.22705698013306,9677
34.262584924697876,9676
34.29142093658447,9675
34.323227882385254,9674
34.35499978065491,9673
34.38186979293823,9672
34.41028690338135,9671
34.43871998786926,9670
34.46886396408081,9669
34.49775171279907,9668
34.526630878448486,9667
34.55535697937012,9666
34.584068775177,9665
34.612200021743774,9664
34.65633678436279,9663
34.68268799781799,9662
34.70944285392761,9661
34.736493825912476,9660
34.76319479942322,9659
34.78967571258545,9658
34.81588792800903,9657
34.84207010269165,9656
34.868321895599365,9655
34.89462876319885,9654
34.921504735946655,9653
34.94788479804993,9652
34.97409105300903,9651
35.00047993659973,9650
35.026917934417725,9649
35.053337812423706,9648
35.079739809036255,9647
35.1062867641449,9646
35.13294291496277,9645
35.15939688682556,9644
35.18579387664795,9643
35.212015867233276,9642
35.238343954086304,9641
35.26582098007202,9640
35.29213190078735,9639
35.318564891815186,9638
35.34496188163757,9637
35.37147378921509,9636
35.39793372154236,9635
35.42432475090027,9634
35.45082879066467,9633
35.47719979286194,9632
35.50349187850952,9631
35.52964782714844,9630
35.5559287071228,9629
35.582165002822876,9628
35.60809874534607,9627
35.63444995880127,9626
35.660728931427,9625
35.687010765075684,9624
35.71336388587952,9623
35.739489793777466,9622
35.76594376564026,9621
35.79225397109985,9620
35.818278789520264,9619
35.84449577331543,9618
35.87090277671814,9617
35.897095918655396,9616
35.92329668998718,9615
35.949718713760376,9614
35.9761757850647,9613
36.00261569023132,9612
36.028907775878906,9611
36.055187940597534,9610
36.081515073776245,9609
36.10768795013428,9608
36.13407588005066,9607
36.16034197807312,9606
36.18650770187378,9605
36.212432861328125,9604
36.23829102516174,9603
36.26442503929138,9602
36.2907509803772,9601
36.317097902297974,9600
36.34327578544617,9599
36.36950182914734,9598
36.39562773704529,9597
36.42193007469177,9596
36.44801378250122,9595
36.47416687011719,9594
36.501731872558594,9593
36.52950096130371,9592
36.5560998916626,9591
36.584768772125244,9590
36.61509990692139,9589
36.64527893066406,9588
36.672297954559326,9587
36.699357986450195,9586
36.72650980949402,9585
36.754469871520996,9584
36.782524824142456,9583
36.81030297279358,9582
36.83745884895325,9581
36.8649480342865,9580
36.89222192764282,9579
36.919960737228394,9578
36.94756293296814,9577
36.97492289543152,9576
37.0023980140686,9575
37.029664754867554,9574
37.05685877799988,9573
37.08416271209717,9572
37.11155986785889,9571
37.13851499557495,9570
37.165289878845215,9569
37.19183802604675,9568
37.21806788444519,9567
37.244895935058594,9566
37.27233695983887,9565
37.299099922180176,9564
37.325570821762085,9563
37.352184772491455,9562
37.37857007980347,9561
37.40860390663147,9560
37.440284967422485,9559
37.46911597251892,9558
37.498822927474976,9557
37.52703285217285,9556
37.55695581436157,9555
37.592947006225586,9554
37.63577389717102,9553
37.67086482048035,9552
37.7030668258667,9551
37.73702573776245,9550
37.77275490760803,9549
37.80379295349121,9548
37.834691762924194,9547
37.864569902420044,9546
37.90412187576294,9545
37.93797302246094,9544
37.96844792366028,9543
38.00098204612732,9542
38.03385591506958,9541
38.06828689575195,9540
38.09714674949646,9539
38.127617835998535,9538
38.15630483627319,9537
38.18396806716919,9536
38.211742877960205,9535
38.239908933639526,9534
38.26771783828735,9533
38.29501700401306,9532
38.32575488090515,9531
38.35810470581055,9530
38.38986587524414,9529
38.42201280593872,9528
38.44988489151001,9527
38.47738194465637,9526
38.50423288345337,9525
38.53107571601868,9524
38.5579137802124,9523
38.584481716156006,9522
38.61145782470703,9521
38.638203859329224,9520
38.664620876312256,9519
38.69179177284241,9518
38.719066858291626,9517
38.746741771698,9516
38.77392387390137,9515
38.80161690711975,9514
38.830201864242554,9513
38.85870599746704,9512
38.89125299453735,9511
38.91999387741089,9510
38.948378801345825,9509
38.97936391830444,9508
39.00952672958374,9507
39.03767681121826,9506
39.065730810165405,9505
39.09442210197449,9504
39.12267088890076,9503
39.1514937877655,9502
39.1827609539032,9501
39.21295785903931,9500
39.24134397506714,9499
39.271525859832764,9498
39.2997100353241,9497
39.32781171798706,9496
39.35610389709473,9495
39.38426876068115,9494
39.412829875946045,9493
39.44124174118042,9492
39.46916103363037,9491
39.497050762176514,9490
39.52499198913574,9489
39.55264687538147,9488
39.58068370819092,9487
39.608396768569946,9486
39.637303829193115,9485
39.66523194313049,9484
39.69217586517334,9483
39.71916079521179,9482
39.74631094932556,9481
39.773300886154175,9480
39.8002507686615,9479
39.82685399055481,9478
39.853646755218506,9477
39.883851766586304,9476
39.911547899246216,9475
39.93901181221008,9474
39.966378927230835,9473
39.99323606491089,9472
40.02030682563782,9471
40.04732799530029,9470
40.07515287399292,9469
40.102542877197266,9468
40.129788875579834,9467
40.15721869468689,9466
40.18807792663574,9465
40.2227840423584,9464
40.2521858215332,9463
40.27961087226868,9462
40.30722379684448,9461
40.335235834121704,9460
40.36220383644104,9459
40.39035487174988,9458
40.41802096366882,9457
40.44513487815857,9456
40.472858905792236,9455
40.500715017318726,9454
40.52837300300598,9453
40.556721925735474,9452
40.58530282974243,9451
40.6128568649292,9450
40.64039993286133,9449
40.66818189620972,9448
40.70533466339111,9447
40.74367904663086,9446
40.77388787269592,9445
40.80549693107605,9444
40.84190893173218,9443
40.87472987174988,9442
40.90286183357239,9441
40.93090200424194,9440
40.95912289619446,9439
40.98733377456665,9438
41.014808893203735,9437
41.04221487045288,9436
41.07062888145447,9435
41.098097801208496,9434
41.12564206123352,9433
41.15336775779724,9432
41.182652950286865,9431
41.22563195228577,9430
41.25491690635681,9429
41.284321784973145,9428
41.31248068809509,9427
41.34054684638977,9426
41.36880898475647,9425
41.39689087867737,9424
41.425132751464844,9423
41.453635931015015,9422
41.48199200630188,9421
41.51021385192871,9420
41.53849196434021,9419
41.567264795303345,9418
41.59525990486145,9417
41.62349581718445,9416
41.652010917663574,9415
41.6801700592041,9414
41.708287954330444,9413
41.73689389228821,9412
41.765568017959595,9411
41.793959856033325,9410
41.822258949279785,9409
41.85061693191528,9408
41.8793580532074,9407
41.907734870910645,9406
41.93591785430908,9405
41.963988065719604,9404
41.992106914520264,9403
42.02046799659729,9402
42.04928183555603,9401
42.07788586616516,9400
42.10722279548645,9399
42.13638401031494,9398
42.16421580314636,9397
42.19252371788025,9396
42.22176170349121,9395
42.250300884246826,9394
42.278197050094604,9393
42.30672883987427,9392
42.3350567817688,9391
42.362377882003784,9390
42.39141893386841,9389
42.41999006271362,9388
42.44740676879883,9387
42.4749538898468,9386
42.50257682800293,9385
42.52978992462158,9384
42.55698108673096,9383
42.59923481941223,9382
42.6461877822876,9381
42.6796658039093,9380
42.71444892883301,9379
42.74467992782593,9378
42.77199578285217,9377
42.79864978790283,9376
42.825111865997314,9375
42.852516889572144,9374
42.879638671875,9373
42.9063138961792,9372
42.93349885940552,9371
42.960771799087524,9370
42.987873792648315,9369
43.014540672302246,9368
43.06550669670105,9367
43.09205484390259,9366
43.119062662124634,9365
43.14669895172119,9364
43.17366409301758,9363
43.20055389404297,9362
43.22741389274597,9361
43.25425577163696,9360
43.281408071517944,9359
43.30822205543518,9358
43.3353967666626,9357
43.3621609210968,9356
43.38882780075073,9355
43.41547083854675,9354
43.44252276420593,9353
43.46926999092102,9352
43.49611687660217,9351
43.522870779037476,9350
43.54969096183777,9349
43.57642197608948,9348
43.61882185935974,9347
43.64563488960266,9346
43.67237567901611,9345
43.699787855148315,9344
43.72683596611023,9343
43.754154920578,9342
43.780879974365234,9341
43.80738377571106,9340
43.8336877822876,9339
43.86070990562439,9338
43.887417793273926,9337
43.91357970237732,9336
43.94017696380615,9335
43.966485023498535,9334
43.99268102645874,9333
44.019481897354126,9332
44.04583668708801,9331
44.07278084754944,9330
44.09975290298462,9329
44.12677478790283,9328
44.15353298187256,9327
44.18011498451233,9326
44.20671796798706,9325
44.23327898979187,9324
44.259947061538696,9323
44.28656077384949,9322
44.31295394897461,9321
44.33963871002197,9320
44.366084814071655,9319
44.392950773239136,9318
44.41984272003174,9317
44.446210861206055,9316
44.47252297401428,9315
44.498934745788574,9314
44.5249879360199,9313
44.5514349937439,9312
44.57786774635315,9311
44.604036808013916,9310
44.6303129196167,9309
44.65712904930115,9308
44.683478116989136,9307
44.71004867553711,9306
44.73669195175171,9305
44.76342296600342,9304
44.79009008407593,9303
44.81707692146301,9302
44.844034910202026,9301
44.87106490135193,9300
44.897806882858276,9299
44.924861907958984,9298
44.95137095451355,9297
44.97788691520691,9296
45.004477977752686,9295
45.03193783760071,9294
45.058597803115845,9293
45.0853488445282,9292
45.11205983161926,9291
45.13921284675598,9290
45.166616916656494,9289
45.193490982055664,9288
45.22030282020569,9287
45.24706697463989,9286
45.273807764053345,9285
45.30040097236633,9284
45.3269100189209,9283
45.353625774383545,9282
45.38029909133911,9281
45.40719175338745,9280
45.43407487869263,9279
45.460896730422974,9278
45.48775672912598,9277
45.51478672027588,9276
45.54286479949951,9275
45.570146799087524,9274
45.59728169441223,9273
45.623886823654175,9272
45.65063285827637,9271
45.677602767944336,9270
45.70451474189758,9269
45.731523752212524,9268
45.75837969779968,9267
45.78552198410034,9266
45.811994791030884,9265
45.83816194534302,9264
45.864550828933716,9263
45.89089584350586,9262
45.917133808135986,9261
45.94356298446655,9260
45.96995186805725,9259
45.996346950531006,9258
46.02284073829651,9257
46.04934477806091,9256
46.076495885849,9255
46.103492736816406,9254
46.129843950271606,9253
46.156731843948364,9252
46.183218002319336,9251
46.20950794219971,9250
46.23579502105713,9249
46.26277995109558,9248
46.28915286064148,9247
46.315829038619995,9246
46.342702865600586,9245
46.36942172050476,9244
46.39640498161316,9243
46.42336392402649,9242
46.45031666755676,9241
46.47717308998108,9240
46.503957986831665,9239
46.530821800231934,9238
46.55767774581909,9237
46.584433794021606,9236
46.611212730407715,9235
46.638216972351074,9234
46.66539192199707,9233
46.69199991226196,9232
46.71895670890808,9231
46.74546575546265,9230
46.772061824798584,9229
46.79863667488098,9228
46.82555389404297,9227
46.85238289833069,9226
46.879026889801025,9225
46.90578269958496,9224
46.93250370025635,9223
46.959152936935425,9222
46.985641956329346,9221
47.01202368736267,9220
47.03844690322876,9219
47.06509590148926,9218
47.091596841812134,9217
47.11800670623779,9216
47.14461088180542,9215
47.17119479179382,9214
47.197606801986694,9213
47.2245876789093,9212
47.25127291679382,9211
47.277774810791016,9210
47.304112911224365,9209
47.33050870895386,9208
47.356595039367676,9207
47.38289999961853,9206
47.40938401222229,9205
47.43636679649353,9204
47.46273684501648,9203
47.48933792114258,9202
47.51566171646118,9201
47.56339693069458,9200
47.58982467651367,9199
47.61630392074585,9198
47.642730951309204,9197
47.66899585723877,9196
47.69545292854309,9195
47.7219820022583,9194
47.748445987701416,9193
47.775131940841675,9192
47.80139970779419,9191
47.8276207447052,9190
47.855124950408936,9189
47.88303995132446,9188
47.91030478477478,9187
47.937373876571655,9186
47.96416997909546,9185
47.991129875183105,9184
48.018059730529785,9183
48.04470467567444,9182
48.07151699066162,9181
48.09840178489685,9180
48.12494683265686,9179
48.15203285217285,9178
48.178730964660645,9177
48.20533990859985,9176
48.232101917266846,9175
48.25886583328247,9174
48.285977840423584,9173
48.312832832336426,9172
48.33978605270386,9171
48.36649990081787,9170
48.393227100372314,9169
48.42030906677246,9168
48.44688582420349,9167
48.473644733428955,9166
48.500412940979004,9165
48.52750086784363,9164
48.55428194999695,9163
48.58264780044556,9162
48.61030578613281,9161
48.63693380355835,9160
48.690775871276855,9159
48.718660831451416,9158
48.746277809143066,9157
48.77421975135803,9156
48.80166983604431,9155
48.829036712646484,9154
48.856003761291504,9153
48.88358187675476,9152
48.910998821258545,9151
48.93842887878418,9150
48.966651916503906,9149
48.994401693344116,9148
49.02169394493103,9147
49.049087047576904,9146
49.07631993293762,9145
49.103646993637085,9144
49.131263971328735,9143
49.15931296348572,9142
49.18733787536621,9141
49.21501088142395,9140
49.242960929870605,9139
49.27075982093811,9138
49.298338890075684,9137
49.3255980014801,9136
49.352927923202515,9135
49.380117893218994,9134
49.40774393081665,9133
49.43522882461548,9132
49.46250295639038,9131
49.48985505104065,9130
49.51738786697388,9129
49.545047760009766,9128
49.57277798652649,9127
49.60025382041931,9126
49.62760877609253,9125
49.65511775016785,9124
49.682671785354614,9123
49.71000385284424,9122
49.73790693283081,9121
49.76738882064819,9120
49.796432971954346,9119
49.82479286193848,9118
49.85246968269348,9117
49.880178928375244,9116
49.90792393684387,9115
49.93565893173218,9114
49.96405482292175,9113
49.99284291267395,9112
50.02125287055969,9111
50.049219846725464,9110
50.077218770980835,9109
50.10466480255127,9108
50.13237977027893,9107
50.161197900772095,9106
50.18954396247864,9105
50.217742919921875,9104
50.24630093574524,9103
50.27498698234558,9102
50.303483963012695,9101
50.331655979156494,9100
50.35982584953308,9099
50.38758182525635,9098
50.4154257774353,9097
50.456443786621094,9096
50.483762979507446,9095
50.5111038684845,9094
50.5385479927063,9093
50.56620788574219,9092
50.594348669052124,9091
50.621910095214844,9090
50.64941906929016,9089
50.7023138999939,9088
50.729737997055054,9087
50.758413791656494,9086
50.78702187538147,9085
50.81485891342163,9084
50.84218978881836,9083
50.87067174911499,9082
50.89992880821228,9081
50.92896389961243,9080
50.95846891403198,9079
50.986475706100464,9078
51.01307487487793,9077
51.03953576087952,9076
51.06566572189331,9075
51.09204888343811,9074
51.11815404891968,9073
51.14457392692566,9072
51.171066761016846,9071
51.197651863098145,9070
51.249048709869385,9069
51.27554893493652,9068
51.30197787284851,9067
51.328553915023804,9066
51.3549268245697,9065
51.38144278526306,9064
51.40783190727234,9063
51.43411207199097,9062
51.460516929626465,9061
51.48672008514404,9060
51.513142824172974,9059
51.53973579406738,9058
51.56593179702759,9057
51.59243083000183,9056
51.618982791900635,9055
51.645434856414795,9054
51.67193388938904,9053
51.698455810546875,9052
51.72468686103821,9051
51.75131392478943,9050
51.77782988548279,9049
51.80434989929199,9048
51.83083701133728,9047
51.85705280303955,9046
51.883435010910034,9045
51.90984487533569,9044
51.935951948165894,9043
51.962432861328125,9042
51.988786935806274,9041
52.015055894851685,9040
52.04134678840637,9039
52.06752276420593,9038
52.09392166137695,9037
52.12022089958191,9036
52.14667081832886,9035
52.173261880874634,9034
52.199466943740845,9033
52.22564482688904,9032
52.252110719680786,9031
52.278568983078,9030
52.3049259185791,9029
52.331104040145874,9028
52.35718393325806,9027
52.38356876373291,9026
52.40981197357178,9025
52.43610095977783,9024
52.463106870651245,9023
52.48962211608887,9022
52.516028881073,9021
52.54219603538513,9020
52.59282374382019,9019
52.62042188644409,9018
52.648207902908325,9017
52.67587995529175,9016
52.70322799682617,9015
52.730790853500366,9014
52.76061701774597,9013
52.78795766830444,9012
52.81507205963135,9011
52.84205484390259,9010
52.86877489089966,9009
52.89567184448242,9008
52.92254185676575,9007
52.949275970458984,9006
52.97631597518921,9005
53.020986795425415,9004
53.04778289794922,9003
53.07463574409485,9002
53.10163879394531,9001
53.128525733947754,9000
53.15591096878052,8999
53.18279671669006,8998
53.20941376686096,8997
53.236100912094116,8996
53.263103008270264,8995
53.2898907661438,8994
53.31641983985901,8993
53.34319281578064,8992
53.369783878326416,8991
53.396453857421875,8990
53.42342185974121,8989
53.45020866394043,8988
53.47722601890564,8987
53.5041069984436,8986
53.53081774711609,8985
53.55765199661255,8984
53.58431386947632,8983
53.61099982261658,8982
53.63772487640381,8981
53.66433000564575,8980
53.69113779067993,8979
53.717487812042236,8978
53.74391198158264,8977
53.771080017089844,8976
53.798600912094116,8975
53.82565188407898,8974
53.85255670547485,8973
53.87910079956055,8972
53.90573072433472,8971
53.9325749874115,8970
53.958932876586914,8969
53.98520565032959,8968
54.01207399368286,8967
54.038177728652954,8966
54.06460690498352,8965
54.09103488922119,8964
54.117228746414185,8963
54.14391875267029,8962
54.17079186439514,8961
54.19802784919739,8960
54.22501587867737,8959
54.25196981430054,8958
54.27842378616333,8957
54.304972887039185,8956
54.33180499076843,8955
54.35828375816345,8954
54.38517999649048,8953
54.41212296485901,8952
54.438915729522705,8951
54.46580672264099,8950
54.4925320148468,8949
54.51932978630066,8948
54.546217918395996,8947
54.57298183441162,8946
54.59982895851135,8945
54.626667737960815,8944
54.653390884399414,8943
54.68018984794617,8942
54.707337856292725,8941
54.7342848777771,8940
54.76118302345276,8939
54.787972927093506,8938
54.814236879348755,8937
54.840744972229004,8936
54.867419958114624,8935
54.89415407180786,8934
54.92096781730652,8933
54.94775199890137,8932
54.99922180175781,8931
55.02556872367859,8930
55.052135944366455,8929
55.07886075973511,8928
55.105286836624146,8927
55.13188886642456,8926
55.1588077545166,8925
55.185513973236084,8924
55.21180582046509,8923
55.238160848617554,8922
55.264514684677124,8921
55.29097294807434,8920
55.31759071350098,8919
55.34434199333191,8918
55.371320724487305,8917
55.39821791648865,8916
55.424968957901,8915
55.45193290710449,8914
55.478609800338745,8913
55.5055627822876,8912
55.53244400024414,8911
55.559056997299194,8910
55.58593487739563,8909
55.61271405220032,8908
55.63930702209473,8907
55.66610288619995,8906
55.69295597076416,8905
55.71983003616333,8904
55.7467520236969,8903
55.773764848709106,8902
55.800682067871094,8901
55.827706813812256,8900
55.854498863220215,8899
55.88141179084778,8898
55.90881371498108,8897
55.93571996688843,8896
55.962624073028564,8895
55.98940396308899,8894
56.0163037776947,8893
56.04337692260742,8892
56.07048201560974,8891
56.097349882125854,8890
56.12440872192383,8889
56.15151071548462,8888
56.17838788032532,8887
56.20507073402405,8886
56.23175883293152,8885
56.25868487358093,8884
56.28539180755615,8883
56.312134981155396,8882
56.33898186683655,8881
56.36565399169922,8880
56.392528772354126,8879
56.419564723968506,8878
56.4464967250824,8877
56.47350478172302,8876
56.50050091743469,8875
56.52728295326233,8874
56.55420970916748,8873
56.58104991912842,8872
56.6077299118042,8871
56.634588956832886,8870
56.66194796562195,8869
56.689045906066895,8868
56.716025829315186,8867
56.74295783042908,8866
56.77003765106201,8865
56.79710292816162,8864
56.82402205467224,8863
56.850539684295654,8862
56.876811027526855,8861
56.90292310714722,8860
56.92915487289429,8859
56.955564737319946,8858
56.98228478431702,8857
57.008747816085815,8856
57.0352098941803,8855
57.062028884887695,8854
57.088788986206055,8853
57.11558294296265,8852
57.142531871795654,8851
57.16945266723633,8850
57.196112871170044,8849
57.22280287742615,8848
57.249533891677856,8847
57.27633595466614,8846
57.302926778793335,8845
57.329734802246094,8844
57.356982707977295,8843
57.3837628364563,8842
57.41049385070801,8841
57.43823599815369,8840
57.46563005447388,8839
57.493403911590576,8838
57.520745038986206,8837
57.547804832458496,8836
57.574673891067505,8835
57.601938009262085,8834
57.628886699676514,8833
57.68355369567871,8832
57.710211753845215,8831
57.73718476295471,8830
57.764410972595215,8829
57.79134392738342,8828
57.81826686859131,8827
57.84483575820923,8826
57.87105584144592,8825
57.89770483970642,8824
57.92442297935486,8823
57.951050996780396,8822
57.97747278213501,8821
58.00357484817505,8820
58.030237913131714,8819
58.05681371688843,8818
58.083109855651855,8817
58.10960578918457,8816
58.13661074638367,8815
58.163625955581665,8814
58.19049787521362,8813
58.217129945755005,8812
58.243980884552,8811
58.2712037563324,8810
58.29833507537842,8809
58.32544493675232,8808
58.35234594345093,8807
58.37938690185547,8806
58.40615391731262,8805
58.43303894996643,8804
58.45985984802246,8803
58.50681185722351,8802
58.53347373008728,8801
58.56043887138367,8800
58.58750796318054,8799
58.614415884017944,8798
58.64128494262695,8797
58.66817903518677,8796
58.694971799850464,8795
58.72193002700806,8794
58.74855089187622,8793
58.77533173561096,8792
58.80172395706177,8791
58.828959941864014,8790
58.85553574562073,8789
58.882128953933716,8788
58.90869688987732,8787
58.93819975852966,8786
58.96615386009216,8785
58.99480390548706,8784
59.02360486984253,8783
59.05139470100403,8782
59.078969955444336,8781
59.11004590988159,8780
59.14207077026367,8779
59.173786878585815,8778
59.2018768787384,8777
59.229974031448364,8776
59.25831389427185,8775
59.28676104545593,8774
59.31480097770691,8773
59.34218692779541,8772
59.37055277824402,8771
59.39846992492676,8770
59.42601776123047,8769
59.454638719558716,8768
59.48486089706421,8767
59.51617789268494,8766
59.54587388038635,8765
59.57640504837036,8764
59.608561992645264,8763
59.6409170627594,8762
59.674720764160156,8761
59.709887981414795,8760
59.74422883987427,8759
59.78105974197388,8758
59.816603899002075,8757
59.851271867752075,8756
59.88487386703491,8755
59.91630482673645,8754
59.951793909072876,8753
59.988356828689575,8752
60.023563861846924,8751
60.057809829711914,8750
60.09088587760925,8749
60.12293195724487,8748
60.15680003166199,8747
60.190353870391846,8746
60.222670793533325,8745
60.255937814712524,8744
60.287328004837036,8743
60.318713903427124,8742
60.350382804870605,8741
60.38171696662903,8740
60.41250681877136,8739
60.4429988861084,8738
60.47287392616272,8737
60.50536608695984,8736
60.537128925323486,8735
60.565430879592896,8734
60.59316682815552,8733
60.621710777282715,8732
60.648897886276245,8731
60.676013708114624,8730
60.703691720962524,8729
60.75264000892639,8728
60.7819619178772,8727
60.80965185165405,8726
60.83673286437988,8725
60.863481760025024,8724
60.890458822250366,8723
60.917412757873535,8722
60.94438982009888,8721
60.971301794052124,8720
60.998496770858765,8719
61.025314807891846,8718
61.05249285697937,8717
61.079569816589355,8716
61.106250047683716,8715
61.132800817489624,8714
61.159846782684326,8713
61.18652296066284,8712
61.21288776397705,8711
61.23910474777222,8710
61.265625953674316,8709
61.29256772994995,8708
61.319380044937134,8707
61.34575581550598,8706
61.372448682785034,8705
61.399598836898804,8704
61.426403760910034,8703
61.45270586013794,8702
61.47937488555908,8701
61.50617504119873,8700
61.53272581100464,8699
61.55975675582886,8698
61.58685493469238,8697
61.63020586967468,8696
61.66497278213501,8695
61.6970419883728,8694
61.72733497619629,8693
61.76070284843445,8692
61.79346585273743,8691
61.825398683547974,8690
61.853004693984985,8689
61.88020086288452,8688
61.907492876052856,8687
61.93604373931885,8686
61.98423790931702,8685
62.01361584663391,8684
62.044333696365356,8683
62.07778191566467,8682
62.11133599281311,8681
62.143664836883545,8680
62.17518186569214,8679
62.20629000663757,8678
62.23758292198181,8677
62.26889491081238,8676
62.29927182197571,8675
62.32964086532593,8674
62.358497858047485,8673
62.38812589645386,8672
62.41743588447571,8671
62.44645690917969,8670
62.47648000717163,8669
62.506738901138306,8668
62.53677582740784,8667
62.56671595573425,8666
62.59638786315918,8665
62.62632489204407,8664
62.656232833862305,8663
62.68612098693848,8662
62.71592593193054,8661
62.74565577507019,8660
62.77646589279175,8659
62.806288957595825,8658
62.83489990234375,8657
62.86330699920654,8656
62.89189672470093,8655
62.920554876327515,8654
62.94907808303833,8653
62.977478981018066,8652
63.00557804107666,8651
63.033194065093994,8650
63.06085681915283,8649
63.08839297294617,8648
63.116262912750244,8647
63.14506983757019,8646
63.174460887908936,8645
63.203125,8644
63.23168897628784,8643
63.26069092750549,8642
63.289384841918945,8641
63.317739725112915,8640
63.346208810806274,8639
63.374783992767334,8638
63.40275263786316,8637
63.43025088310242,8636
63.4575879573822,8635
63.48595571517944,8634
63.513952016830444,8633
63.54166293144226,8632
63.571462869644165,8631
63.59973883628845,8630
63.62837791442871,8629
63.65717887878418,8628
63.68579387664795,8627
63.71476984024048,8626
63.74251389503479,8625
63.76942181587219,8624
63.795926094055176,8623
63.822786808013916,8622
63.849857807159424,8621
63.876544713974,8620
63.903040647506714,8619
63.92949199676514,8618
63.956074953079224,8617
63.98260188102722,8616
64.00920295715332,8615
64.0355818271637,8614
64.06230688095093,8613
64.0891547203064,8612
64.11567497253418,8611
64.15453600883484,8610
64.18169283866882,8609
64.20877289772034,8608
64.23568892478943,8607
64.26243472099304,8606
64.2891628742218,8605
64.31562876701355,8604
64.34248304367065,8603
64.37527894973755,8602
64.40310668945312,8601
64.4306697845459,8600
64.46761989593506,8599
64.4983549118042,8598
64.5329258441925,8597
64.56579089164734,8596
64.59690976142883,8595
64.62641882896423,8594
64.65586471557617,8593
64.6848247051239,8592
64.71366095542908,8591
64.74227690696716,8590
64.77169680595398,8589
64.80029392242432,8588
64.82897686958313,8587
64.8568217754364,8586
64.8853759765625,8585
64.91441988945007,8584
64.94316482543945,8583
64.97176671028137,8582
64.99943685531616,8581
65.02781581878662,8580
65.05563592910767,8579
65.08815598487854,8578
65.11884093284607,8577
65.16487288475037,8576
65.19242787361145,8575
65.22022771835327,8574
65.24792385101318,8573
65.27489686012268,8572
65.30171298980713,8571
65.32841300964355,8570
65.35502171516418,8569
65.38144278526306,8568
65.42140865325928,8567
65.44777607917786,8566
65.47452688217163,8565
65.50138592720032,8564
65.52794075012207,8563
65.554603099823,8562
65.58113479614258,8561
65.60762095451355,8560
65.63405966758728,8559
65.66062688827515,8558
65.68766379356384,8557
65.7149908542633,8556
65.74232292175293,8555
65.77014994621277,8554
65.79715490341187,8553
65.8238537311554,8552
65.85051703453064,8551
65.87719082832336,8550
65.90385270118713,8549
65.9307279586792,8548
65.95876479148865,8547
65.98580002784729,8546
66.01236295700073,8545
66.03883194923401,8544
66.06524968147278,8543
66.09165787696838,8542
66.11821985244751,8541
66.14545679092407,8540
66.17228698730469,8539
66.19958472251892,8538
66.22695302963257,8537
66.2540717124939,8536
66.28090500831604,8535
66.30780172348022,8534
66.33427882194519,8533
66.36070680618286,8532
66.38712191581726,8531
66.41368889808655,8530
66.44033694267273,8529
66.46704268455505,8528
66.49373388290405,8527
66.52120995521545,8526
66.5481288433075,8525
66.57494783401489,8524
66.60153603553772,8523
66.62831497192383,8522
66.65490889549255,8521
66.68160796165466,8520
66.70939087867737,8519
66.73730373382568,8518
66.76822400093079,8517
66.803307056427,8516
66.83650779724121,8515
66.88951086997986,8514
66.91992783546448,8513
66.94933891296387,8512
67.00129985809326,8511
67.03014302253723,8510
67.05987191200256,8509
67.09019708633423,8508
67.12019491195679,8507
67.14885687828064,8506
67.17836499214172,8505
67.20759296417236,8504
67.23809885978699,8503
67.28893804550171,8502
67.32705998420715,8501
67.36312580108643,8500
67.39818787574768,8499
67.43171691894531,8498
67.46212387084961,8497
67.51916790008545,8496
67.54852199554443,8495
67.57933282852173,8494
67.60971975326538,8493
71.01670408248901,8492
71.04329490661621,8491
71.06994891166687,8490
71.09663081169128,8489
71.12345385551453,8488
71.15052485466003,8487
71.17759585380554,8486
71.20454978942871,8485
71.24747490882874,8484
71.27447390556335,8483
71.30129170417786,8482
71.32815480232239,8481
71.35482978820801,8480
71.38179469108582,8479
71.40866899490356,8478
71.43533682823181,8477
71.46208596229553,8476
71.50272488594055,8475
71.5294759273529,8474
71.55625295639038,8473
72.64334177970886,8472
72.75240778923035,8471
72.77889585494995,8470
72.80554485321045,8469
73.85204100608826,8468
74.21496200561523,8467
74.70600390434265,8466
74.73513197898865,8465
74.763995885849,8464
74.79313492774963,8463
74.82233595848083,8462
74.85144877433777,8461
74.8810408115387,8460
74.9118299484253,8459
74.94251084327698,8458
75.01741290092468,8457
75.05865788459778,8456
75.10399580001831,8455
75.15617680549622,8454
75.25267267227173,8453
75.28028798103333,8452
75.34428691864014,8451
75.37268304824829,8450
75.42205500602722,8449
75.44963192939758,8448
75.51419806480408,8447
75.54215574264526,8446
75.60416889190674,8445
75.63174080848694,8444
75.65928506851196,8443
75.7404580116272,8442
75.76801180839539,8441
75.8231418132782,8440
75.85052704811096,8439
75.91737604141235,8438
75.94461584091187,8437
76.00720071792603,8436
76.03442692756653,8435
76.1032190322876,8434
76.15603685379028,8433
76.18370270729065,8432
76.2435736656189,8431
76.27209496498108,8430
76.33169174194336,8429
76.40415167808533,8428
76.45933699607849,8427
76.5009880065918,8426
76.54537773132324,8425
76.5739049911499,8424
76.655935049057,8423
76.6834487915039,8422
76.71117687225342,8421
76.73889684677124,8420
76.76660585403442,8419
76.79467177391052,8418
76.86414909362793,8417
76.89171695709229,8416
76.95986580848694,8415
77.0507128238678,8414
77.07798409461975,8413
77.10642170906067,8412
77.1335928440094,8411
77.19435381889343,8410
77.22204399108887,8409
77.27057480812073,8408
77.29731893539429,8407
77.35486388206482,8406
77.38191890716553,8405
77.42600870132446,8404
77.45322775840759,8403
77.52760982513428,8402
77.56859087944031,8401
77.59570384025574,8400
77.64074182510376,8399
77.68307590484619,8398
77.71070075035095,8397
77.76231098175049,8396
77.78984594345093,8395
77.85574388504028,8394
77.8839807510376,8393
77.9246118068695,8392
77.95198082923889,8391
78.02417492866516,8390
78.05130982398987,8389
78.11952900886536,8388
78.1467809677124,8387
78.21076083183289,8386
78.23810696601868,8385
78.3111298084259,8384
78.35822701454163,8383
78.4112708568573,8382
78.43895673751831,8381
78.4943687915802,8380
78.52272701263428,8379
78.55018973350525,8378
78.57743072509766,8377
78.60498476028442,8376
78.6322660446167,8375
78.65966272354126,8374
78.730712890625,8373
78.75795197486877,8372
78.80333375930786,8371
78.84759879112244,8370
78.91389894485474,8369
78.94130492210388,8368
79.00590682029724,8367
79.03319787979126,8366
79.09991574287415,8365
79.12740898132324,8364
79.19195485115051,8363
79.27098488807678,8362
79.32556080818176,8361
79.35282778739929,8360
79.40646195411682,8359
79.4332160949707,8358
79.51286292076111,8357
79.54102087020874,8356
79.61479687690735,8355
79.64221382141113,8354
79.69136476516724,8353
79.71853971481323,8352
79.7467257976532,8351
79.77421808242798,8350
79.84299874305725,8349
79.87059283256531,8348
79.94854784011841,8347
79.97622394561768,8346
80.066401720047,8345
80.09589791297913,8344
80.14448380470276,8343
80.19385075569153,8342
80.2255129814148,8341
80.30472683906555,8340
80.33208179473877,8339
80.41062688827515,8338
80.43843102455139,8337
80.5051999092102,8336
80.55378890037537,8335
80.58178782463074,8334
80.65160179138184,8333
80.67936182022095,8332
80.73966479301453,8331
80.78710770606995,8330
80.81474471092224,8329
80.8957257270813,8328
80.92314076423645,8327
81.00352692604065,8326
81.03087186813354,8325
81.10101795196533,8324
81.19861388206482,8323
81.22579002380371,8322
81.28282284736633,8321
81.30955767631531,8320
81.3737428188324,8319
81.40118670463562,8318
81.47816300392151,8317
81.50568294525146,8316
81.58170700073242,8315
81.61004090309143,8314
81.68266177177429,8313
81.71041584014893,8312
81.77104067802429,8311
81.7980408668518,8310
81.85009169578552,8309
81.87713384628296,8308
81.91676497459412,8307
81.94404792785645,8306
81.9959568977356,8305
82.02342677116394,8304
82.0857617855072,8303
82.11298489570618,8302
82.17787384986877,8301
82.20532774925232,8300
82.34438681602478,8299
82.37187886238098,8298
82.41332983970642,8297
84.59601593017578,8296
96.73797583580017,8295
97.18870306015015,8294
101.81306076049805,8293
101.8401427268982,8292
101.89334893226624,8291
101.92015886306763,8290
101.94679188728333,8289
101.9996428489685,8288
102.03927564620972,8287
102.08615303039551,8286
102.61929988861084,8285
102.66286993026733,8284
102.7627227306366,8283
102.79167175292969,8282
102.84062170982361,8281
102.89318299293518,8280
102.93284583091736,8279
102.99750995635986,8278
103.02443075180054,8277
106.36099791526794,8276
106.40312504768372,8275
106.44701790809631,8274
106.49552178382874,8273
106.55940890312195,8272
106.60317492485046,8271
106.72445702552795,8270
106.77701473236084,8269
106.80515480041504,8268
106.86109972000122,8267
106.90225100517273,8266
106.94693684577942,8265
106.97530198097229,8264
107.11190891265869,8263
107.15556573867798,8262
107.20527005195618,8261
107.25047397613525,8260
107.29986381530762,8259
107.35469174385071,8258
107.40464067459106,8257
107.45761895179749,8256
107.48646569252014,8255
107.60560274124146,8254
107.64500570297241,8253
107.77737283706665,8252
107.81809186935425,8251
107.91141366958618,8250
107.95727801322937,8249
108.00593686103821,8248
108.055979013443,8247
108.1076910495758,8246
108.13522005081177,8245
108.18425607681274,8244
108.23654198646545,8243
108.31161785125732,8242
108.61560893058777,8241
108.66187191009521,8240
108.70995688438416,8239
108.76161789894104,8238
108.96959066390991,8237
108.9971718788147,8236
109.03778004646301,8235
109.08849287033081,8234
109.34241676330566,8233
109.39555883407593,8232
109.45006704330444,8231
109.49294805526733,8230
109.73935389518738,8229
109.79039692878723,8228
109.83369588851929,8227
109.87779784202576,8226
110.14802885055542,8225
110.20423197746277,8224
110.48032069206238,8223
110.53001093864441,8222
110.58876276016235,8221
110.63141584396362,8220
110.8718957901001,8219
110.92006993293762,8218
110.96705269813538,8217
111.06197571754456,8216
111.23649597167969,8215
111.32873606681824,8214
111.42006778717041,8213
111.60658693313599,8212
111.69443798065186,8211
111.73866486549377,8210
111.81582069396973,8209
111.95905780792236,8208
112.0410487651825,8207
112.16525387763977,8206
112.2821888923645,8205
112.33204889297485,8204
112.43279600143433,8203
112.60578799247742,8202
112.73953676223755,8201
112.78600788116455,8200
112.9921817779541,8199
113.11196279525757,8198
113.29523992538452,8197
113.34150886535645,8196
113.39151287078857,8195
113.45857286453247,8194
113.64521980285645,8193
113.67250180244446,8192
113.7132568359375,8191
113.78269696235657,8190
113.9231686592102,8189
114.01166081428528,8188
114.06787371635437,8187
114.1095507144928,8186
114.15709805488586,8185
114.26827692985535,8184
114.33682680130005,8183
114.39527297019958,8182
114.45710587501526,8181
114.57062983512878,8180
114.63792991638184,8179
114.69845581054688,8178
114.90378594398499,8177
114.94868683815002,8176
115.0214958190918,8175
115.23253989219666,8174
115.26147675514221,8173
115.47423791885376,8172
115.5156717300415,8171
115.54344201087952,8170
115.59256982803345,8169
115.75226402282715,8168
115.80343294143677,8167
115.8316957950592,8166
116.03604888916016,8165
116.08677673339844,8164
116.305184841156,8163
116.37840700149536,8162
116.41157984733582,8161
116.44220185279846,8160
116.6557719707489,8159
116.72596096992493,8158
116.75532698631287,8157
116.78366184234619,8156
116.98868775367737,8155
117.05972290039062,8154
117.11470580101013,8153
117.14319276809692,8152
117.30402207374573,8151
117.36760878562927,8150
117.41599702835083,8149
117.44363498687744,8148
117.64710879325867,8147
117.69402885437012,8146
117.74938178062439,8145
117.96609377861023,8144
118.02224802970886,8143
118.15607571601868,8142
118.26270174980164,8141
118.31336402893066,8140
118.38692378997803,8139
118.54574489593506,8138
118.65971684455872,8137
118.747243642807,8136
118.89884400367737,8135
118.99244379997253,8134
119.04370284080505,8133
119.11098289489746,8132
119.22977375984192,8131
119.35200476646423,8130
119.40559887886047,8129
119.48784065246582,8128
119.65177392959595,8127
119.69235682487488,8126
119.7427008152008,8125
119.9397439956665,8124
119.99291586875916,8123
120.0209538936615,8122
120.06576180458069,8121
120.30937671661377,8120
120.35706877708435,8119
120.41077184677124,8118
120.45498085021973,8117
120.67273879051208,8116
120.71707487106323,8115
120.76648688316345,8114
120.95896577835083,8113
121.03082394599915,8112
121.09672093391418,8111
121.3192629814148,8110
121.64898777008057,8109
121.70322275161743,8108
121.75293803215027,8107
121.8100209236145,8106
121.85987377166748,8105
121.90191006660461,8104
121.92890095710754,8103
121.95621371269226,8102
122.09641194343567,8101
122.14307188987732,8100
122.19507884979248,8099
122.22199892997742,8098
122.31060791015625,8097
122.35542392730713,8096
122.40918588638306,8095
122.53477573394775,8094
122.63067603111267,8093
122.67057371139526,8092
122.71657490730286,8091
122.74329972267151,8090
122.7981789112091,8089
122.82508182525635,8088
122.91170692443848,8087
122.98926591873169,8086
123.03323483467102,8085
123.08674192428589,8084
123.13623404502869,8083
123.18775987625122,8082
123.24080181121826,8081
123.28049278259277,8080
123.3261468410492,8079
123.3799979686737,8078
123.44556593894958,8077
123.50496888160706,8076
123.5500009059906,8075
123.59413480758667,8074
123.63470888137817,8073
123.67583894729614,8072
123.72446393966675,8071
123.99712085723877,8070
124.04971385002136,8069
124.10541296005249,8068
124.13302779197693,8067
124.3709146976471,8066
124.41608786582947,8065
124.46282196044922,8064
124.5137038230896,8063
124.70398902893066,8062
124.75918078422546,8061
124.80675196647644,8060
124.85710906982422,8059
125.08156085014343,8058
125.13157892227173,8057
125.19133186340332,8056
125.24172592163086,8055
125.541494846344,8054
125.58781790733337,8053
125.8075578212738,8052
125.8526999950409,8051
125.90089392662048,8050
125.9512357711792,8049
126.19345688819885,8048
126.23723196983337,8047
126.28711771965027,8046
126.35710787773132,8045
126.66389989852905,8044
126.71448683738708,8043
126.76435995101929,8042
126.81644487380981,8041
127.05124378204346,8040
127.10357880592346,8039
127.14774298667908,8038
127.19687509536743,8037
127.43617272377014,8036
127.49124789237976,8035
127.5452606678009,8034
127.67767572402954,8033
127.75610876083374,8032
127.79864287376404,8031
127.966139793396,8030
128.010018825531,8029
128.06834387779236,8028
128.27997279167175,8027
128.32847595214844,8026
128.40130281448364,8025
128.61163687705994,8024
128.65289402008057,8023
128.710373878479,8022
128.75833177566528,8021
128.97312188148499,8020
129.0225899219513,8019
129.1115279197693,8018
129.34307980537415,8017
129.47339606285095,8016
129.50423884391785,8015
129.6107337474823,8014
129.7692198753357,8013
129.8004219532013,8012
129.85493397712708,8011
130.05931782722473,8010
130.11203479766846,8009
130.14053678512573,8008
130.35297989845276,8007
130.43403697013855,8006
130.61924290657043,8005
130.66261887550354,8004
130.69055891036987,8003
130.87105894088745,8002
130.9280948638916,8001
130.97335290908813,8000
131.00034999847412,7999
131.17616176605225,7998
131.2397119998932,7997
131.29325795173645,7996
131.422602891922,7995
131.50359773635864,7994
131.56108593940735,7993
131.63141679763794,7992
131.7205777168274,7991
131.81483602523804,7990
131.88889598846436,7989
132.06443977355957,7988
132.11302876472473,7987
132.14140701293945,7986
132.376366853714,7985
132.4225389957428,7984
132.45643782615662,7983
132.51199889183044,7982
132.672465801239,7981
132.7223937511444,7980
132.7732880115509,7979
132.86309480667114,7978
132.99434399604797,7977
133.05631184577942,7976
133.10130286216736,7975
133.20179796218872,7974
133.3529748916626,7973
133.40161800384521,7972
133.49296188354492,7971
133.54431986808777,7970
133.72959685325623,7969
133.75701689720154,7968
133.82941794395447,7967
133.9724690914154,7966
134.0243399143219,7965
134.05186986923218,7964
134.23403978347778,7963
134.30200505256653,7962
134.35331273078918,7961
134.5441858768463,7960
134.59922790527344,7959
134.64774203300476,7958
134.73904991149902,7957
134.86953592300415,7956
134.98858189582825,7955
135.0347638130188,7954
135.2588517665863,7953
135.3549828529358,7952
135.40467476844788,7951
135.48787689208984,7950
135.61946392059326,7949
135.7045876979828,7948
135.75540471076965,7947
136.02405285835266,7946
136.07518792152405,7945
136.1269829273224,7944
136.16803693771362,7943
136.47567987442017,7942
136.51676177978516,7941
136.5442008972168,7940
137.25393104553223,7939
137.30896496772766,7938
137.4656777381897,7937
137.49311184883118,7936
137.58478498458862,7935
137.62404203414917,7934
137.7334418296814,7933
137.78121089935303,7932
137.8862738609314,7931
137.91533970832825,7930
138.03897285461426,7929
138.09707975387573,7928
138.14803981781006,7927
138.25437188148499,7926
138.30797386169434,7925
138.42930269241333,7924
138.47075200080872,7923
138.58612084388733,7922
138.61507487297058,7921
138.74753594398499,7920
138.78868889808655,7919
138.85824489593506,7918
139.06105279922485,7917
139.22051692008972,7916
139.31594586372375,7915
139.37615394592285,7914
139.46374893188477,7913
139.52791285514832,7912
139.60008788108826,7911
139.69489789009094,7910
139.7871057987213,7909
140.0149667263031,7908
140.097562789917,7907
140.166512966156,7906
140.2451310157776,7905
140.2720546722412,7904
140.34241795539856,7903
140.42501091957092,7902
140.53072476387024,7901
140.62502789497375,7900
140.74243879318237,7899
140.80332803726196,7898
140.9291217327118,7897
141.02123880386353,7896
141.10711979866028,7895
141.34575700759888,7894
141.4140338897705,7893
141.52350974082947,7892
141.56787776947021,7891
141.6921637058258,7890
141.7448399066925,7889
141.8806369304657,7888
141.93560194969177,7887
142.03556370735168,7886
142.06253790855408,7885
142.1720929145813,7884
142.21492886543274,7883
142.24261569976807,7882
142.34205985069275,7881
142.37056589126587,7880
142.51264595985413,7879
142.54180192947388,7878
142.66036987304688,7877
142.78258180618286,7876
142.82239890098572,7875
142.9000687599182,7874
142.9687156677246,7873
143.05896878242493,7872
143.11551690101624,7871
143.16998672485352,7870
143.3013677597046,7869
143.37098383903503,7868
143.4588348865509,7867
143.543301820755,7866
143.63026475906372,7865
143.67145490646362,7864
143.7355968952179,7863
143.81056380271912,7862
144.00858402252197,7861
144.07915878295898,7860
144.1689338684082,7859
144.25792789459229,7858
144.33184170722961,7857
144.41324281692505,7856
144.47570180892944,7855
144.54456090927124,7854
144.67571592330933,7853
144.72249603271484,7852
144.8071789741516,7851
144.86941599845886,7850
145.0303659439087,7849
145.0900068283081,7848
145.17856788635254,7847
145.5928919315338,7846
145.82250380516052,7845
147.5107238292694,7844
148.91131591796875,7843
148.93792271614075,7842
148.965402841568,7841
148.99235367774963,7840
149.01908206939697,7839
149.0462830066681,7838
149.0860939025879,7837
149.1132607460022,7836
149.14011192321777,7835
149.16731071472168,7834
149.19450283050537,7833
149.22156071662903,7832
149.24870991706848,7831
149.27549481391907,7830
149.30198979377747,7829
149.32926487922668,7828
149.35609889030457,7827
149.38306283950806,7826
149.4096429347992,7825
149.43606996536255,7824
149.46264672279358,7823
149.48938608169556,7822
149.51592183113098,7821
149.54307579994202,7820
149.5698540210724,7819
149.5964469909668,7818
149.62312984466553,7817
149.64970779418945,7816
149.67629480361938,7815
149.70296788215637,7814
149.7531988620758,7813
149.78048086166382,7812
149.80798292160034,7811
149.8350248336792,7810
149.86162900924683,7809
149.88811874389648,7808
149.9166247844696,7807
149.94337797164917,7806
149.9699158668518,7805
149.99663066864014,7804
150.02304792404175,7803
150.04964590072632,7802
150.07630681991577,7801
150.10267186164856,7800
150.12933468818665,7799
150.17741084098816,7798
150.20398688316345,7797
150.23075485229492,7796
150.25807285308838,7795
150.28513097763062,7794
150.3341817855835,7793
150.36126589775085,7792
150.38765692710876,7791
150.41420602798462,7790
150.44099187850952,7789
150.46767497062683,7788
150.49436378479004,7787
150.52134776115417,7786
150.54784178733826,7785
150.5745108127594,7784
150.60109090805054,7783
150.6276638507843,7782
150.6545889377594,7781
150.681049823761,7780
150.72300601005554,7779
150.76394867897034,7778
150.79067397117615,7777
150.83413672447205,7776
150.88651490211487,7775
150.9131190776825,7774
150.93974089622498,7773
150.96618604660034,7772
151.0105390548706,7771
151.03748989105225,7770
151.06458687782288,7769
151.09127187728882,7768
151.11794471740723,7767
152.98200297355652,7766
153.00845789909363,7765
153.05267000198364,7764
153.0796627998352,7763
153.10673999786377,7762
153.13367891311646,7761
153.1602897644043,7760
153.18713402748108,7759
153.2134428024292,7758
153.25335097312927,7757
153.28052592277527,7756
153.30722093582153,7755
153.3559067249298,7754
153.38258385658264,7753
153.40993690490723,7752
153.46078968048096,7751
153.48746705055237,7750
153.51398301124573,7749
153.54059076309204,7748
153.56735491752625,7747
153.59386086463928,7746
153.62050676345825,7745
153.6475968360901,7744
153.67426896095276,7743
153.700918674469,7742
153.7276418209076,7741
153.75439381599426,7740
154.05284190177917,7739
154.07971382141113,7738
154.14920687675476,7737
154.20518589019775,7736
154.3033618927002,7735
154.34341287612915,7734
154.5571060180664,7733
154.63619685173035,7732
154.74766182899475,7731
154.8572187423706,7730
154.9333279132843,7729
155.03948593139648,7728
155.08642101287842,7727
155.13940572738647,7726
157.25569486618042,7725
157.35055804252625,7724
157.4865779876709,7723
157.5511918067932,7722
157.62233591079712,7721
157.67475581169128,7720
157.8045220375061,7719
157.85775995254517,7718
157.9957447052002,7717
158.1029348373413,7716
158.18096899986267,7715
158.2255458831787,7714
158.27084875106812,7713
158.45575284957886,7712
158.569757938385,7711
158.68195271492004,7710
158.73137187957764,7709
158.78370189666748,7708
158.8414568901062,7707
161.0108859539032,7706
161.4957959651947,7705
161.52361869812012,7704
161.55229806900024,7703
161.6075918674469,7702
162.5730619430542,7701
162.6348729133606,7700
162.94254183769226,7699
163.03442883491516,7698
163.1218707561493,7697
163.2163589000702,7696
163.27743792533875,7695
163.36973595619202,7694
163.55543303489685,7693
163.63933277130127,7692
163.7178258895874,7691
163.7938220500946,7690
163.9738528728485,7689
164.07448196411133,7688
164.14614987373352,7687
164.22445487976074,7686
164.33148789405823,7685
164.4136438369751,7684
164.52843189239502,7683
164.6105489730835,7682
164.69967079162598,7681
164.7915699481964,7680
164.90251398086548,7679
164.97572469711304,7678
165.0388150215149,7677
165.20640087127686,7676
165.2861578464508,7675
165.35690879821777,7674
165.44113683700562,7673
165.5456359386444,7672
165.6277618408203,7671
165.70627784729004,7670
165.76907181739807,7669
165.9421157836914,7668
166.01122283935547,7667
166.08060598373413,7666
166.17635488510132,7665
166.2791588306427,7664
166.35214805603027,7663
166.49847507476807,7662
166.58366584777832,7661
166.69796466827393,7660
166.76427292823792,7659
166.85187888145447,7658
166.93842101097107,7657
167.08224391937256,7656
167.1749939918518,7655
167.2515709400177,7654
167.4347116947174,7653
167.51093578338623,7652
167.5555820465088,7651
167.72473096847534,7650
167.82775974273682,7649
167.91809797286987,7648
168.02011394500732,7647
168.06910586357117,7646
168.1447377204895,7645
168.32591891288757,7644
168.48184084892273,7643
168.56537294387817,7642
168.67923378944397,7641
168.77466487884521,7640
168.96627378463745,7639
169.0453860759735,7638
169.14017486572266,7637
169.24994683265686,7636
169.36891865730286,7635
169.5116639137268,7634
169.5390317440033,7633
169.61282682418823,7632
169.7085518836975,7631
169.871994972229,7630
169.96023893356323,7629
170.0474009513855,7628
170.09173679351807,7627
170.15364789962769,7626
170.18691682815552,7625
170.25977492332458,7624
170.32329773902893,7623
170.4115128517151,7622
170.50821685791016,7621
170.57299995422363,7620
170.65461683273315,7619
170.7408938407898,7618
170.81605577468872,7617
170.88282179832458,7616
170.99640679359436,7615
171.05974674224854,7614
171.1182940006256,7613
171.22896075248718,7612
171.33210968971252,7611
171.45195484161377,7610
171.5230107307434,7609
171.58814907073975,7608
171.64654684066772,7607
171.77106285095215,7606
171.835932970047,7605
171.94557785987854,7604
172.07634282112122,7603
172.13788866996765,7602
172.21243977546692,7601
172.25619101524353,7600
172.35496187210083,7599
172.43257975578308,7598
172.48948192596436,7597
172.62831377983093,7596
172.74424386024475,7595
172.8338189125061,7594
172.8770670890808,7593
172.95913672447205,7592
173.09522986412048,7591
173.20278191566467,7590
173.39347577095032,7589
173.46160006523132,7588
173.73938369750977,7587
173.80565476417542,7586
173.92508387565613,7585
173.98598980903625,7584
174.07937693595886,7583
174.29767298698425,7582
174.40248489379883,7581
174.592041015625,7580
174.66932797431946,7579
174.71677088737488,7578
174.82220792770386,7577
174.92787384986877,7576
175.07506108283997,7575
175.14075803756714,7574
175.22289276123047,7573
175.31379103660583,7572
175.3866560459137,7571
175.5591368675232,7570
175.69937801361084,7569
175.7942500114441,7568
175.87808895111084,7567
175.96043181419373,7566
176.0427758693695,7565
176.1025218963623,7564
176.22173380851746,7563
176.33686685562134,7562
176.4879469871521,7561
176.5757577419281,7560
176.69378685951233,7559
176.7823040485382,7558
176.85240387916565,7557
176.9173128604889,7556
177.03982281684875,7555
177.14413905143738,7554
177.20096492767334,7553
177.29679584503174,7552
177.3599729537964,7551
177.48164892196655,7550
177.61798977851868,7549
177.75053071975708,7548
177.8158040046692,7547
177.89139676094055,7546
177.96509075164795,7545
178.08541798591614,7544
178.23218178749084,7543
178.365886926651,7542
178.45362997055054,7541
178.5309178829193,7540
178.6110599040985,7539
178.83583068847656,7538
179.0048520565033,7537
179.1307520866394,7536
179.2890179157257,7535
179.44962787628174,7534
179.81986784934998,7533
179.87914180755615,7532
179.95471167564392,7531
180.09218382835388,7530
180.15314388275146,7529
180.30052995681763,7528
180.42462396621704,7527
180.46845293045044,7526
180.8957269191742,7525
180.98085474967957,7524
181.04449796676636,7523
181.13525891304016,7522
181.25651097297668,7521
181.37991404533386,7520
181.4665539264679,7519
181.55659866333008,7518
181.65062403678894,7517
181.7105176448822,7516
181.8437557220459,7515
181.9288740158081,7514
182.00797700881958,7513
182.1283757686615,7512
182.2275710105896,7511
182.30235600471497,7510
182.38865184783936,7509
182.41577672958374,7508
182.5345208644867,7507
182.62035584449768,7506
182.71186900138855,7505
182.92684864997864,7504
183.0039439201355,7503
183.0684769153595,7502
183.19387197494507,7501
183.2750449180603,7500
183.49691796302795,7499
183.57451176643372,7498
183.63765406608582,7497
183.7268078327179,7496
183.91569590568542,7495
184.04200673103333,7494
184.18081784248352,7493
184.29514503479004,7492
184.54944801330566,7491
184.66438484191895,7490
184.74375081062317,7489
184.82847595214844,7488
185.0357530117035,7487
185.1107656955719,7486
185.19420075416565,7485
185.2733497619629,7484
185.37565279006958,7483
185.464124917984,7482
185.55218982696533,7481
185.5988748073578,7480
185.66834378242493,7479
185.7607057094574,7478
185.8820219039917,7477
185.92575693130493,7476
186.00751185417175,7475
186.0846529006958,7474
186.17045998573303,7473
186.24598789215088,7472
186.31242299079895,7471
186.39557194709778,7470
186.56366896629333,7469
186.7554087638855,7468
186.8185317516327,7467
186.99932980537415,7466
187.05208086967468,7465
187.18641996383667,7464
187.37625765800476,7463
187.42875504493713,7462
187.68865990638733,7461
187.76255083084106,7460
187.8637456893921,7459
188.04118585586548,7458
188.1238820552826,7457
188.20946288108826,7456
188.28481698036194,7455
188.4063138961792,7454
188.48601078987122,7453
188.56128072738647,7452
188.72784900665283,7451
188.78521394729614,7450
188.9676058292389,7449
189.0612690448761,7448
189.16255688667297,7447
189.46511793136597,7446
189.5326268672943,7445
189.62126088142395,7444
189.85231184959412,7443
189.92178106307983,7442
189.9962067604065,7441
190.07278394699097,7440
190.1676368713379,7439
190.31947088241577,7438
190.41956877708435,7437
190.48184490203857,7436
190.58055567741394,7435
190.73416090011597,7434
190.8304877281189,7433
190.85688400268555,7432
190.99798679351807,7431
191.10272598266602,7430
191.20994687080383,7429
191.29277086257935,7428
191.37282800674438,7427
191.47443985939026,7426
191.51406073570251,7425
191.6581220626831,7424
191.77677583694458,7423
191.83550691604614,7422
191.93855595588684,7421
192.0213167667389,7420
192.12284874916077,7419
192.26547265052795,7418
192.372731924057,7417
192.4413468837738,7416
192.52794289588928,7415
192.64819192886353,7414
192.79135990142822,7413
192.8515248298645,7412
192.92987489700317,7411
192.98876190185547,7410
193.0504858493805,7409
193.1241798400879,7408
193.32625269889832,7407
193.6838526725769,7406
193.75262784957886,7405
193.993989944458,7404
194.1762878894806,7403
194.24182295799255,7402
194.32010984420776,7401
194.39533972740173,7400
194.4588029384613,7399
194.65271091461182,7398
194.72335696220398,7397
194.78761672973633,7396
194.87671875953674,7395
194.95361280441284,7394
195.01595091819763,7393
195.07584476470947,7392
195.13933491706848,7391
195.36924290657043,7390
195.44562482833862,7389
195.51568698883057,7388
195.63163495063782,7387
195.91577291488647,7386
195.97646689414978,7385
196.06124687194824,7384
196.1169307231903,7383
196.18653392791748,7382
196.44104981422424,7381
196.4811248779297,7380
196.57048678398132,7379
196.63117790222168,7378
196.78177785873413,7377
196.86453795433044,7376
196.9655408859253,7375
197.01330995559692,7374
197.10652494430542,7373
197.25326585769653,7372
197.3216278553009,7371
197.41695284843445,7370
197.51658177375793,7369
197.62284183502197,7368
197.70904302597046,7367
197.76750683784485,7366
197.8798086643219,7365
197.95929288864136,7364
198.07374691963196,7363
198.15216994285583,7362
198.2450749874115,7361
198.31897497177124,7360
198.4776909351349,7359
198.56774187088013,7358
198.64141583442688,7357
198.7218828201294,7356
198.82952785491943,7355
198.9542098045349,7354
199.15086698532104,7353
199.35376477241516,7352
199.443767786026,7351
199.52733492851257,7350
199.7105360031128,7349
199.87274980545044,7348
199.91456079483032,7347
200.01069974899292,7346
200.15758275985718,7345
200.26200079917908,7344
200.33474373817444,7343
200.3788459300995,7342
200.52687907218933,7341
200.5960566997528,7340
200.7530698776245,7339
200.8129117488861,7338
200.93692874908447,7337
201.01265168190002,7336
201.09828305244446,7335
201.1714780330658,7334
201.24187874794006,7333
201.52850794792175,7332
201.65700888633728,7331
201.82917380332947,7330
201.9541358947754,7329
202.12010765075684,7328
202.26329588890076,7327
202.3338840007782,7326
202.44156289100647,7325
202.49712085723877,7324
202.57435989379883,7323
202.64890599250793,7322
202.7274467945099,7321
202.9628460407257,7320
203.15542674064636,7319
203.30148792266846,7318
203.39628076553345,7317
203.45999479293823,7316
203.5386607646942,7315
203.5657148361206,7314
203.67579174041748,7313
203.8651647567749,7312
203.89318776130676,7311
204.00999402999878,7310
204.1685230731964,7309
204.23945093154907,7308
204.29457902908325,7307
204.36481285095215,7306
204.60716485977173,7305
204.6620488166809,7304
204.81658506393433,7303
204.974134683609,7302
205.2450828552246,7301
205.38178372383118,7300
205.48390674591064,7299
205.52321004867554,7298
205.65355706214905,7297
205.80806183815002,7296
205.91550183296204,7295
206.06953287124634,7294
206.19230484962463,7293
206.27571201324463,7292
206.3389229774475,7291
206.51196384429932,7290
206.58374094963074,7289
206.67144083976746,7288
206.78081369400024,7287
206.85284090042114,7286
206.90208077430725,7285
206.97704076766968,7284
207.10979890823364,7283
207.30564999580383,7282
207.549302816391,7281
207.67101073265076,7280
207.74230980873108,7279
207.76901984214783,7278
207.79541206359863,7277
207.82181978225708,7276
207.8481249809265,7275
207.87453293800354,7274
207.90102672576904,7273
207.94771003723145,7272
207.97420692443848,7271
208.00073981285095,7270
208.02720069885254,7269
208.0535478591919,7268
208.07993078231812,7267
208.10648584365845,7266
208.13301301002502,7265
208.1595687866211,7264
208.1856336593628,7263
208.21226596832275,7262
208.23852586746216,7261
208.26502776145935,7260
208.2923629283905,7259
208.31917071342468,7258
208.34548783302307,7257
208.37155270576477,7256
208.39855694770813,7255
208.4261178970337,7254
208.45367574691772,7253
208.50742483139038,7252
208.53520679473877,7251
208.56288886070251,7250
208.59063291549683,7249
208.61926579475403,7248
208.66457772254944,7247
208.6915738582611,7246
208.71808385849,7245
208.74421000480652,7244
208.77087497711182,7243
208.79773807525635,7242
208.82398390769958,7241
208.8504137992859,7240
208.87708187103271,7239
208.90355896949768,7238
208.93010473251343,7237
208.95663189888,7236
208.98308777809143,7235
209.0095250606537,7234
209.0361568927765,7233
209.0626199245453,7232
209.08903884887695,7231
209.11537170410156,7230
209.14180088043213,7229
209.1850860118866,7228
209.21176195144653,7227
209.2383906841278,7226
209.26507592201233,7225
209.29141092300415,7224
209.3178038597107,7223
209.34418106079102,7222
209.37051796913147,7221
209.3968117237091,7220
209.42307472229004,7219
209.4491720199585,7218
209.4756338596344,7217
209.52138495445251,7216
209.5482108592987,7215
209.57476592063904,7214
209.60117411613464,7213
209.62751388549805,7212
209.6539168357849,7211
209.70445084571838,7210
209.7308738231659,7209
209.75757598876953,7208
209.78451085090637,7207
209.81107378005981,7206
209.85027885437012,7205
209.87687301635742,7204
209.90337109565735,7203
209.92978692054749,7202
209.95626878738403,7201
209.98257994651794,7200
210.00966787338257,7199
211.9465458393097,7198
212.07436275482178,7197
212.1045639514923,7196
212.13209199905396,7195
212.15845465660095,7194
212.18517780303955,7193
212.21435499191284,7192
212.24772882461548,7191
212.2797336578369,7190
212.33742690086365,7189
212.39908003807068,7188
212.42540383338928,7187
212.45168280601501,7186
212.47771382331848,7185
212.5043227672577,7184
212.53204584121704,7183
212.55852484703064,7182
212.58507871627808,7181
213.2884407043457,7180
214.78889989852905,7179
214.8728756904602,7178
215.26185870170593,7177
217.7746078968048,7176
218.42088198661804,7175
218.4474229812622,7174
218.47387075424194,7173
218.50103878974915,7172
218.52924966812134,7171
218.80759286880493,7170
223.40041589736938,7169
235.0607008934021,7168
235.08727192878723,7167
235.11398577690125,7166
235.15867400169373,7165
235.185537815094,7164
235.21210074424744,7163
235.23885893821716,7162
235.2891149520874,7161
235.33872175216675,7160
235.38900899887085,7159
235.41584181785583,7158
235.45989298820496,7157
235.48688006401062,7156
235.51812195777893,7155
235.54915189743042,7154
235.57605981826782,7153
235.60364079475403,7152
235.6433608531952,7151
235.68708086013794,7150
235.75136590003967,7149
235.79736995697021,7148
235.83980989456177,7147
235.86636185646057,7146
235.90785574913025,7145
235.96226382255554,7144
236.0458459854126,7143
236.17076992988586,7142
