0.0,982240
219.99971628189087,5911
219.9998641014099,5910
220.00002527236938,5909
220.0029652118683,5908
220.00694298744202,5907
220.0080382823944,5906
220.00921607017517,5905
220.01031827926636,5904
220.011812210083,5903
220.0121762752533,5902
220.01336312294006,5901
220.016104221344,5900
220.01668524742126,5899
220.01767230033875,5898
220.01865339279175,5897
220.01984119415283,5896
220.0216772556305,5895
220.0220432281494,5894
220.02363419532776,5893
220.02509903907776,5892
220.02990221977234,5891
220.03078603744507,5890
220.03546905517578,5889
220.03964233398438,5888
220.04308032989502,5887
220.04397010803223,5886
220.05141401290894,5885
220.05260014533997,5884
220.05356907844543,5883
220.05871629714966,5882
220.05888319015503,5881
220.05996799468994,5880
220.0640242099762,5879
220.06510019302368,5878
220.06628727912903,5877
220.0672492980957,5876
220.0676121711731,5875
220.07303619384766,5874
220.07413411140442,5873
220.07510828971863,5872
220.07567739486694,5871
220.07646322250366,5870
220.07803225517273,5869
220.08013129234314,5868
220.08068823814392,5867
220.08185601234436,5866
220.0847601890564,5865
220.085223197937,5864
220.0856671333313,5863
220.08858513832092,5862
220.09096217155457,5861
220.09333610534668,5860
220.09918808937073,5859
220.10006713867188,5858
220.1057231426239,5857
220.10639429092407,5856
220.1098051071167,5855
220.1121060848236,5854
220.11256408691406,5853
220.11423206329346,5852
220.11662817001343,5851
220.11731004714966,5850
220.1190950870514,5849
220.12171125411987,5848
220.12267017364502,5847
220.12669920921326,5846
220.1292281150818,5845
220.12960624694824,5844
220.13261318206787,5843
220.13359212875366,5842
220.13404607772827,5841
220.13471221923828,5840
220.13486123085022,5839
220.13662433624268,5838
220.13820910453796,5837
220.14140224456787,5836
220.1426911354065,5835
220.14387321472168,5834
220.1458661556244,5833
220.1477701663971,5832
220.14802837371826,5831
220.14858436584473,5830
220.14955711364746,5829
220.14980506896973,5828
220.15066719055176,5827
220.1516511440277,5826
220.15496516227722,5825
220.15715622901917,5824
220.16158533096313,5823
220.16631722450256,5822
220.17111921310425,5821
220.17530512809753,5820
220.17748928070068,5819
220.17826008796692,5818
220.17987322807312,5817
220.180673122406,5816
220.18110918998718,5815
220.18253326416016,5814
220.18396019935608,5813
220.1850402355194,5812
220.18606638908386,5811
220.18636918067932,5810
220.19154715538025,5809
220.19202995300293,5808
220.19431829452515,5807
220.19588041305542,5806
220.19716930389404,5805
220.19819021224976,5804
220.1989130973816,5803
220.19928312301636,5802
220.20128631591797,5801
220.20179629325867,5800
220.20643305778503,5799
220.20784306526184,5798
220.2095251083374,5797
220.2100601196289,5796
220.21106719970703,5795
220.21421694755554,5794
220.21740317344666,5793
220.21790528297424,5792
220.21869111061096,5791
220.22104024887085,5790
220.22205018997192,5789
220.2225353717804,5788
220.22441816329956,5787
220.2292501926422,5786
220.23371505737305,5785
220.2345232963562,5784
220.23556923866272,5783
220.23704600334167,5782
220.2374701499939,5781
220.24385714530945,5780
220.24531507492065,5779
220.24588918685913,5778
220.24743223190308,5777
220.24780011177063,5776
220.250586271286,5775
220.25126028060913,5774
220.25228905677795,5773
220.25966906547546,5772
220.26080417633057,5771
220.2618923187256,5770
220.26373720169067,5769
220.26564812660217,5768
220.26678729057312,5767
220.26871132850647,5766
220.27479815483093,5765
220.27538013458252,5764
220.27662014961243,5763
220.2767779827118,5762
220.27719116210938,5761
220.27755427360535,5760
220.27836799621582,5759
220.2813220024109,5758
220.28193306922913,5757
220.28250336647034,5756
220.28352737426758,5755
220.28409910202026,5754
220.28677415847778,5753
220.28725624084473,5752
220.29593515396118,5751
220.29650735855103,5750
220.29753518104553,5749
220.2981140613556,5748
220.30059719085693,5747
220.3137171268463,5746
220.31661319732666,5745
220.32305121421814,5744
220.32582211494446,5743
220.327632188797,5742
220.32978630065918,5741
220.3316991329193,5740
220.33354926109314,5739
220.3341302871704,5738
220.33465814590454,5737
220.33594703674316,5736
220.33716821670532,5735
220.3403081893921,5734
220.34082221984863,5733
220.34159207344055,5732
220.3419930934906,5731
220.34287524223328,5730
220.34303212165833,5729
220.343435049057,5728
220.3435924053192,5727
220.34452033042908,5726
220.34520030021667,5725
220.34562516212463,5724
220.34608221054077,5723
220.3479301929474,5722
220.3543701171875,5721
220.3556091785431,5720
220.35857915878296,5719
220.35879230499268,5718
220.35894513130188,5717
220.36139822006226,5716
220.3667242527008,5715
220.36852717399597,5714
220.3729212284088,5713
220.38202023506165,5712
220.3824441432953,5711
220.38485717773438,5710
220.3883101940155,5709
220.389306306839,5708
220.390958070755,5707
220.3924469947815,5706
220.39407634735107,5705
220.39567112922668,5704
220.3962869644165,5703
220.39746928215027,5702
220.39807629585266,5701
220.39979028701782,5700
220.40173316001892,5699
220.4019923210144,5698
220.40434098243713,5697
220.40838313102722,5696
220.40900826454163,5695
220.40997624397278,5694
220.41507005691528,5693
220.41715931892395,5692
220.41849398612976,5691
220.41925811767578,5690
220.42496514320374,5689
220.4289960861206,5688
220.43216824531555,5687
220.43305015563965,5686
220.43550515174866,5685
220.43718194961548,5684
220.43944931030273,5683
220.44001626968384,5682
220.44205713272095,5681
220.44293308258057,5680
220.44754815101624,5679
220.44841814041138,5678
220.4512860774994,5677
220.45868015289307,5676
220.45992016792297,5675
220.4643862247467,5674
220.46490025520325,5673
220.46649026870728,5672
220.46699810028076,5671
220.4688801765442,5670
220.47294807434082,5669
220.47946429252625,5668
220.48381114006042,5667
220.48396110534668,5666
220.48416829109192,5665
220.4857621192932,5664
220.48896837234497,5663
220.48947405815125,5662
220.49218201637268,5661
220.49330306053162,5660
220.49447298049927,5659
220.4951810836792,5658
220.4988522529602,5657
220.50333905220032,5656
220.50430417060852,5655
220.5052251815796,5654
220.5099971294403,5653
220.51092314720154,5652
220.51168727874756,5651
220.52304005622864,5650
220.5249321460724,5649
220.52584409713745,5648
220.52865314483643,5647
220.52917218208313,5646
220.533194065094,5645
220.53573608398438,5644
220.53782200813293,5643
220.54228925704956,5642
220.54743909835815,5641
220.54836511611938,5640
220.55175614356995,5639
220.55256724357605,5638
220.55292916297913,5637
220.55721616744995,5636
220.55919003486633,5635
220.5635483264923,5634
220.5637981891632,5633
220.56558322906494,5632
220.56919240951538,5631
220.569589138031,5630
220.57229328155518,5629
220.57370710372925,5628
220.57467007637024,5627
220.5750651359558,5626
220.57623314857483,5625
220.58664917945862,5624
220.58976006507874,5623
220.59108209609985,5622
220.59276700019836,5621
220.59301710128784,5620
220.59716415405273,5619
220.60217118263245,5618
220.61122512817383,5617
220.61513113975525,5616
220.61826515197754,5615
220.62034106254578,5614
220.62937927246094,5613
220.6344211101532,5612
220.63734197616577,5611
220.64601397514343,5610
220.65075612068176,5609
220.65092825889587,5608
220.6532781124115,5607
220.65684413909912,5606
220.659264087677,5605
220.66258001327515,5604
220.66496419906616,5603
220.66601014137268,5602
220.66699504852295,5601
220.67890524864197,5600
220.67908716201782,5599
220.68117141723633,5598
220.68443703651428,5597
220.68500423431396,5596
220.68613624572754,5595
220.68721628189087,5594
220.69806432724,5593
220.6985251903534,5592
220.70745706558228,5591
220.71094036102295,5590
220.71150517463684,5589
220.71346616744995,5588
220.72367906570435,5587
220.72942733764648,5586
220.7342553138733,5585
220.73480916023254,5584
220.73818016052246,5583
220.7395372390747,5582
220.74160408973694,5581
220.7431652545929,5580
220.74704313278198,5579
220.76319432258606,5578
220.76912117004395,5577
220.77067112922668,5576
220.7711250782013,5575
220.77377939224243,5574
220.77847719192505,5573
220.78133511543274,5572
220.78259420394897,5571
220.7855532169342,5570
220.78622221946716,5569
220.78746819496155,5568
220.7893421649933,5567
220.78958797454834,5566
220.79413628578186,5565
220.80058336257935,5564
220.80104517936707,5563
220.8012900352478,5562
220.81213808059692,5561
220.81569838523865,5560
220.8172481060028,5559
220.82039618492126,5558
220.82460594177246,5557
220.82923913002014,5556
220.8295931816101,5555
220.83084225654602,5554
220.83169317245483,5553
220.84059119224548,5552
220.84133505821228,5551
220.84425115585327,5550
220.8491063117981,5549
220.84924912452698,5548
220.85596704483032,5547
220.85909819602966,5546
220.85924410820007,5545
220.8605751991272,5544
220.86270809173584,5543
220.86344623565674,5542
220.86755919456482,5541
220.8696813583374,5540
220.8721022605896,5539
220.873526096344,5538
220.8736801147461,5537
220.87392020225525,5536
220.87632822990417,5535
220.88225317001343,5534
220.88377809524536,5533
220.89212226867676,5532
220.89308214187622,5531
220.89342522621155,5530
220.8936641216278,5529
220.895005941391,5528
220.89683723449707,5527
220.90163731575012,5526
220.91741108894348,5525
220.9178502559662,5524
220.92388033866882,5523
220.92551922798157,5522
220.92705726623535,5521
220.93237018585205,5520
220.93313312530518,5519
220.93995118141174,5518
220.94555521011353,5517
220.94708824157715,5516
220.95029139518738,5515
220.9518222808838,5514
220.9577841758728,5513
220.95911026000977,5512
220.96076321601868,5511
220.96278023719788,5510
220.96481323242188,5509
220.965350151062,5508
220.9724292755127,5507
220.98039317131042,5506
220.98527908325195,5505
220.98631930351257,5504
220.98666906356812,5503
220.9906361103058,5502
220.9911961555481,5501
220.99203205108643,5500
220.9928650856018,5499
221.01205921173096,5498
221.01920104026794,5497
221.0300531387329,5496
221.0306031703949,5495
221.0364773273468,5494
221.0368320941925,5493
221.03736519813538,5492
221.04406309127808,5491
221.0494692325592,5490
221.05054020881653,5489
221.0538341999054,5488
221.05478024482727,5487
221.05768418312073,5486
221.06081628799438,5485
221.0739872455597,5484
221.07671809196472,5483
221.07863926887512,5482
221.08164834976196,5481
221.09057998657227,5480
221.09143614768982,5479
221.09296917915344,5478
221.09439325332642,5477
221.09601521492004,5476
221.0962631702423,5475
221.1055932044983,5474
221.10691714286804,5473
221.11397218704224,5472
221.11571407318115,5471
221.11726808547974,5470
221.11820912361145,5469
221.12002325057983,5468
221.12204813957214,5467
221.12563610076904,5466
221.12737011909485,5465
221.1307499408722,5464
221.14040231704712,5463
221.1417269706726,5462
221.14207911491394,5461
221.1423201560974,5460
221.1460621356964,5459
221.14759826660156,5458
221.14981627464294,5457
221.14997029304504,5456
221.15325331687927,5455
221.15379929542542,5454
221.161963224411,5453
221.16612315177917,5452
221.16765022277832,5451
221.1679072380066,5450
221.17030715942383,5449
221.17319226264954,5448
221.17520213127136,5447
221.17584204673767,5446
221.18096733093262,5445
221.18172121047974,5444
221.1839771270752,5443
221.18669533729553,5442
221.18816113471985,5441
221.18945717811584,5440
221.19745016098022,5439
221.2018220424652,5438
221.20511722564697,5437
221.2063512802124,5436
221.2064971923828,5435
221.20945000648499,5434
221.2106020450592,5433
221.21222519874573,5432
221.21308016777039,5431
221.21926403045654,5430
221.2194221019745,5429
221.22303223609924,5428
221.22636604309082,5427
221.22768831253052,5426
221.23720717430115,5425
221.23982214927673,5424
221.24282336235046,5423
221.24462223052979,5422
221.24808025360107,5421
221.25276517868042,5420
221.25529408454895,5419
221.2558352947235,5418
221.26022505760193,5417
221.2646143436432,5416
221.2662422657013,5415
221.26814126968384,5414
221.27102899551392,5413
221.27850127220154,5412
221.2841522693634,5411
221.28586435317993,5410
221.28953909873962,5409
221.29076218605042,5408
221.29385018348694,5407
221.2946753501892,5406
221.298828125,5405
221.3045094013214,5404
221.30554699897766,5403
221.3057930469513,5402
221.30779719352722,5401
221.3202621936798,5400
221.3271770477295,5399
221.3330900669098,5398
221.33748412132263,5397
221.33782720565796,5396
221.34109807014465,5395
221.3450312614441,5394
221.34615516662598,5393
221.3473973274231,5392
221.34783816337585,5391
221.3516001701355,5390
221.35477304458618,5389
221.36420607566833,5388
221.36848998069763,5387
221.37016224861145,5386
221.37323212623596,5385
221.3746771812439,5384
221.3752362728119,5383
221.38367414474487,5382
221.38528728485107,5381
221.38777112960815,5380
221.38966608047485,5379
221.39127826690674,5378
221.39239311218262,5377
221.39744901657104,5376
221.40005707740784,5375
221.4065773487091,5374
221.40936017036438,5373
221.4108772277832,5372
221.4141402244568,5371
221.41459107398987,5370
221.4203851222992,5369
221.421213388443,5368
221.42457914352417,5367
221.42754220962524,5366
221.4277822971344,5365
221.42878699302673,5364
221.4303822517395,5363
221.43936204910278,5362
221.43980717658997,5361
221.44033122062683,5360
221.44205331802368,5359
221.4441363811493,5358
221.45461201667786,5357
221.46208429336548,5356
221.46292114257812,5355
221.4689061641693,5354
221.47079706192017,5353
221.47200512886047,5352
221.48008513450623,5351
221.48062229156494,5350
221.4846589565277,5349
221.4900360107422,5348
221.49183320999146,5347
221.49702405929565,5346
221.51191020011902,5345
221.51974296569824,5344
221.52405214309692,5343
221.5245041847229,5342
221.53056526184082,5341
221.53129410743713,5340
221.53337717056274,5339
221.55876302719116,5338
221.55951309204102,5337
221.56841325759888,5336
221.5692412853241,5335
221.58341217041016,5334
221.59605622291565,5333
221.60485315322876,5332
221.6076102256775,5331
221.61690497398376,5330
221.62150716781616,5329
221.632728099823,5328
221.63678216934204,5327
221.64085507392883,5326
221.6415810585022,5325
221.6493740081787,5324
221.6495270729065,5323
221.6546220779419,5322
221.6566231250763,5321
221.6587212085724,5320
221.66071820259094,5319
221.66200828552246,5318
221.6682002544403,5317
221.67524814605713,5316
221.6868863105774,5315
221.69147419929504,5314
221.69988822937012,5313
221.71657395362854,5312
221.72765803337097,5311
221.74027705192566,5310
221.74778819084167,5309
221.75015020370483,5308
221.75476622581482,5307
221.76097512245178,5306
221.7619912624359,5305
221.76456332206726,5304
221.76858925819397,5303
221.7690212726593,5302
221.7711203098297,5301
221.78325510025024,5300
221.79755020141602,5299
221.81004428863525,5298
221.8142762184143,5297
221.81893038749695,5296
221.82397317886353,5295
221.82481122016907,5294
221.8310582637787,5293
221.8370623588562,5292
221.84364438056946,5291
221.85324335098267,5290
221.85713911056519,5289
221.85835814476013,5288
221.86140322685242,5287
221.86232709884644,5286
221.86765813827515,5285
221.87047815322876,5284
221.872554063797,5283
221.8727900981903,5282
221.88073015213013,5281
221.88437724113464,5280
221.89108109474182,5279
221.8958351612091,5278
221.90844225883484,5277
221.90898823738098,5276
221.91394519805908,5275
221.91639137268066,5274
221.91886639595032,5273
221.9196891784668,5272
221.9288251399994,5271
221.93987917900085,5270
221.9407081604004,5269
221.94220113754272,5268
221.94320011138916,5267
221.96055912971497,5266
221.98067116737366,5265
221.98177528381348,5264
221.98974227905273,5263
221.99122524261475,5262
221.9923210144043,5261
221.99582695960999,5260
221.9962522983551,5259
221.99926710128784,5258
222.0090093612671,5257
222.01225113868713,5256
222.01422214508057,5255
222.01999020576477,5254
222.02206230163574,5253
222.03275227546692,5252
222.03968715667725,5251
222.0447301864624,5250
222.04601502418518,5249
222.05895709991455,5248
222.065776348114,5247
222.07234716415405,5246
222.07936716079712,5245
222.08000016212463,5244
222.0964801311493,5243
222.0971212387085,5242
222.10911107063293,5241
222.11167907714844,5240
222.11289024353027,5239
222.11781525611877,5238
222.11959624290466,5237
222.12108612060547,5236
222.12803101539612,5235
222.12904715538025,5234
222.13808822631836,5233
222.1431851387024,5232
222.14734435081482,5231
222.15657496452332,5230
222.16274118423462,5229
222.1670651435852,5228
222.17086696624756,5227
222.174072265625,5226
222.17583918571472,5225
222.17761731147766,5224
222.19781112670898,5223
222.20007014274597,5222
222.2074670791626,5221
222.21618103981018,5220
222.23181700706482,5219
222.24409127235413,5218
222.24549508094788,5217
222.25510215759277,5216
222.25564312934875,5215
222.2601442337036,5214
222.2633671760559,5213
222.26761722564697,5212
222.27373123168945,5211
222.2758982181549,5210
222.2942442893982,5209
222.31444311141968,5208
222.31595015525818,5207
222.32776808738708,5206
222.34162521362305,5205
222.36415910720825,5204
222.36954426765442,5203
222.38185119628906,5202
222.38576102256775,5201
222.39135122299194,5200
222.39322805404663,5199
222.40862107276917,5198
222.4184262752533,5197
222.43226718902588,5196
222.43482613563538,5195
222.44532108306885,5194
222.4505500793457,5193
222.45594024658203,5192
222.46111631393433,5191
222.47108936309814,5190
222.4750053882599,5189
222.48839807510376,5188
222.49765515327454,5187
222.5114963054657,5186
222.51205611228943,5185
222.52410221099854,5184
222.52720999717712,5183
222.53001022338867,5182
222.53409838676453,5181
222.53595519065857,5180
222.53836607933044,5179
222.5457751750946,5178
222.58161616325378,5177
222.59316205978394,5176
222.60424828529358,5175
222.60767817497253,5174
222.61420702934265,5173
222.62959122657776,5172
222.65675115585327,5171
222.664409160614,5170
222.66465520858765,5169
222.66823720932007,5168
222.68531203269958,5167
222.68838930130005,5166
222.69340109825134,5165
222.72174525260925,5164
222.75470519065857,5163
222.7549750804901,5162
222.75781917572021,5161
222.75958132743835,5160
222.76299023628235,5159
222.76371312141418,5158
222.78597831726074,5157
222.79306316375732,5156
222.796777009964,5155
222.80146837234497,5154
222.81593704223633,5153
222.820570230484,5152
222.84327721595764,5151
222.85595321655273,5150
222.85629320144653,5149
222.87828826904297,5148
222.91033220291138,5147
222.92919301986694,5146
222.93296217918396,5145
222.93921422958374,5144
222.9449462890625,5143
222.9734501838684,5142
222.978342294693,5141
222.99921417236328,5140
222.9994661808014,5139
223.011488199234,5138
223.0128812789917,5137
223.01774525642395,5136
223.0252182483673,5135
223.03263330459595,5134
223.0392451286316,5133
223.04938435554504,5132
223.05038809776306,5131
223.06011533737183,5130
223.06701803207397,5129
223.08903121948242,5128
223.08918118476868,5127
223.10227823257446,5126
223.10498714447021,5125
223.13147616386414,5124
223.13210821151733,5123
223.1399211883545,5122
223.14224410057068,5121
223.1712851524353,5120
223.19545030593872,5119
223.1987681388855,5118
223.22556805610657,5117
223.24375820159912,5116
223.24496841430664,5115
223.27143120765686,5114
223.28435730934143,5113
223.28955698013306,5112
223.2996542453766,5111
223.34029006958008,5110
223.3465211391449,5109
223.37373638153076,5108
223.39621210098267,5107
223.39896416664124,5106
223.40570712089539,5105
223.45170831680298,5104
223.46487617492676,5103
223.52319312095642,5102
223.53384518623352,5101
223.56794428825378,5100
223.57897329330444,5099
223.59430503845215,5098
223.59494304656982,5097
223.60288834571838,5096
223.66510224342346,5095
223.73884320259094,5094
223.76002836227417,5093
223.82190108299255,5092
223.83031606674194,5091
223.85236024856567,5090
223.89075303077698,5089
223.910089969635,5088
223.91062712669373,5087
223.95067024230957,5086
223.95338916778564,5085
223.95907306671143,5084
223.98365116119385,5083
223.98581719398499,5082
224.14720630645752,5081
224.16171503067017,5080
224.1621561050415,5079
224.20315527915955,5078
224.23667407035828,5077
224.24983310699463,5076
224.2693281173706,5075
224.2774441242218,5074
224.35448122024536,5073
224.36960005760193,5072
224.37359309196472,5071
224.3897683620453,5070
224.39679217338562,5069
224.3991961479187,5068
224.45770907402039,5067
224.47722911834717,5066
224.5005602836609,5065
224.50102400779724,5064
224.52025604248047,5063
224.52678203582764,5062
224.54307007789612,5061
224.6429522037506,5060
224.64948415756226,5059
224.65434336662292,5058
224.68578219413757,5057
224.70902132987976,5056
224.80358719825745,5055
224.8618311882019,5054
224.86283016204834,5053
224.8651430606842,5052
224.91030716896057,5051
224.91804122924805,5050
224.93441820144653,5049
224.94423413276672,5048
224.95971608161926,5047
224.96044325828552,5046
225.01175713539124,5045
225.04623913764954,5044
225.08340525627136,5043
225.0899441242218,5042
225.13699507713318,5041
225.1527931690216,5040
225.23355317115784,5039
225.4957902431488,5038
225.5229151248932,5037
225.5298969745636,5036
225.58902406692505,5035
225.628427028656,5034
225.66708040237427,5033
225.72418117523193,5032
225.73680114746094,5031
225.7508511543274,5030
225.81166434288025,5029
225.90169715881348,5028
226.00528621673584,5027
226.1018030643463,5026
226.12002420425415,5025
226.14107704162598,5024
226.16648125648499,5023
226.34762024879456,5022
226.45656418800354,5021
226.4879732131958,5020
226.6218659877777,5019
226.69358730316162,5018
226.8088731765747,5017
226.8711941242218,5016
226.87297010421753,5015
226.89164113998413,5014
226.9530692100525,5013
226.9876410961151,5012
227.02131819725037,5011
227.02740097045898,5010
227.03107929229736,5009
227.07251524925232,5008
227.24557328224182,5007
227.41346526145935,5006
227.42531824111938,5005
227.47382521629333,5004
227.54427433013916,5003
