0.0,621840
155.54353499412537,7622
155.5719699859619,7621
155.58046102523804,7620
155.5939199924469,7619
155.6030731201172,7618
155.60383009910583,7617
155.61045217514038,7616
155.6140730381012,7615
155.61995697021484,7614
155.66038703918457,7613
155.7042679786682,7612
155.71748232841492,7611
155.72346997261047,7610
155.75076007843018,7609
155.76691198349,7608
155.77899408340454,7607
155.80421900749207,7606
155.81248927116394,7605
155.8267650604248,7604
155.85683608055115,7603
155.85903000831604,7602
155.88568592071533,7601
155.91025924682617,7600
155.9440360069275,7599
155.95038318634033,7598
156.00644707679749,7597
156.0470471382141,7596
156.0580461025238,7595
156.0632848739624,7594
156.07305121421814,7593
156.08914923667908,7592
156.1331582069397,7591
156.13672804832458,7590
156.16929721832275,7589
156.22620511054993,7588
156.26034307479858,7587
156.27965903282166,7586
156.32592105865479,7585
156.34674096107483,7584
156.38992500305176,7583
156.40342497825623,7582
156.45005202293396,7581
156.45060515403748,7580
156.46688604354858,7579
156.57505917549133,7578
156.63652801513672,7577
156.64950013160706,7576
156.66312217712402,7575
156.68421125411987,7574
156.6910171508789,7573
156.73772525787354,7572
156.76312112808228,7571
156.78461003303528,7570
156.8002610206604,7569
156.82753205299377,7568
156.83768486976624,7567
157.01633095741272,7566
157.02086329460144,7565
157.133385181427,7564
157.6259880065918,7563
157.63007402420044,7562
157.65348029136658,7561
157.6546311378479,7560
157.68436908721924,7559
157.83617305755615,7558
158.18166494369507,7557
158.45284509658813,7556
158.6581768989563,7555
159.57948112487793,7554
