0.0,621840
157.79213571548462,7908
157.80681371688843,7907
157.80866479873657,7906
157.82999968528748,7905
157.84082770347595,7904
157.84328079223633,7903
157.84606790542603,7902
157.8565969467163,7901
157.8611876964569,7900
157.86341285705566,7899
157.86698961257935,7898
157.8951108455658,7897
157.89532589912415,7896
157.90038871765137,7895
157.90065670013428,7894
157.90763974189758,7893
157.90954494476318,7892
157.9098665714264,7891
157.91002583503723,7890
157.91233587265015,7889
157.9145097732544,7888
157.9151427745819,7887
157.9208357334137,7886
157.92160177230835,7885
157.93121886253357,7884
157.9330587387085,7883
157.9402208328247,7882
157.9405918121338,7881
157.9432737827301,7880
157.94379472732544,7879
157.94410490989685,7878
157.95240569114685,7877
157.954185962677,7876
157.9545259475708,7875
157.96026873588562,7874
157.96184659004211,7873
157.96278882026672,7872
157.9648299217224,7871
157.9672167301178,7870
157.96780276298523,7869
157.96854782104492,7868
157.98085570335388,7867
157.9834907054901,7866
157.98444962501526,7865
157.9895098209381,7864
157.99013781547546,7863
157.99234080314636,7862
158.00234079360962,7861
158.00574278831482,7860
158.01034283638,7859
158.0104959011078,7858
158.01216673851013,7857
158.01267981529236,7856
158.01301765441895,7855
158.01834869384766,7854
158.02273082733154,7853
158.02305579185486,7852
158.02374076843262,7851
158.05346369743347,7850
158.05739855766296,7849
158.06833791732788,7848
158.07351970672607,7847
158.07589864730835,7846
158.0771095752716,7845
158.08208465576172,7844
158.0837697982788,7843
158.0841886997223,7842
158.0942976474762,7841
158.0957236289978,7840
158.10022473335266,7839
158.13974475860596,7838
158.14561891555786,7837
158.16614770889282,7836
158.16846466064453,7835
158.17008471488953,7834
158.17236280441284,7833
158.17337656021118,7832
158.17355680465698,7831
158.18178462982178,7830
158.18654489517212,7829
158.1959707736969,7828
158.20067477226257,7827
158.20153069496155,7826
158.20234775543213,7825
158.2232608795166,7824
158.23096776008606,7823
158.232825756073,7822
158.2368676662445,7821
158.2370297908783,7820
158.2632098197937,7819
158.26703786849976,7818
158.28881788253784,7817
158.29424476623535,7816
158.2953758239746,7815
158.2957046031952,7814
158.29643964767456,7813
158.29686665534973,7812
158.2974877357483,7811
158.30299878120422,7810
158.3134868144989,7809
158.313818693161,7808
158.31484389305115,7807
158.31498980522156,7806
158.3167998790741,7805
158.31954979896545,7804
158.32093477249146,7803
158.3234076499939,7802
158.3241307735443,7801
158.32490372657776,7800
158.32650589942932,7799
158.33746767044067,7798
158.33926463127136,7797
158.34007668495178,7796
158.34187173843384,7795
158.3476037979126,7794
158.35574865341187,7793
158.35653352737427,7792
158.35722661018372,7791
158.3682587146759,7790
158.37052869796753,7789
158.37146067619324,7788
158.37454891204834,7787
158.3763666152954,7786
158.3902268409729,7785
158.39637088775635,7784
158.40038871765137,7783
158.40285468101501,7782
158.40327668190002,7781
158.4037230014801,7780
158.40904760360718,7779
158.4099006652832,7778
158.4120478630066,7777
158.41554880142212,7776
158.42217588424683,7775
158.43290758132935,7774
158.47860765457153,7773
158.48599863052368,7772
158.48631978034973,7771
158.49137377738953,7770
158.4925446510315,7769
158.4950487613678,7768
158.4956238269806,7767
158.5027117729187,7766
158.50755882263184,7765
158.51369285583496,7764
158.51382875442505,7763
158.52380061149597,7762
158.53315377235413,7761
158.53569173812866,7760
158.53772163391113,7759
158.53929591178894,7758
158.5494737625122,7757
158.5501298904419,7756
158.55854678153992,7755
158.5696246623993,7754
158.57130765914917,7753
158.57197165489197,7752
158.57452178001404,7751
158.57763481140137,7750
158.57997965812683,7749
158.5811116695404,7748
158.5860595703125,7747
158.58621168136597,7746
158.58717274665833,7745
158.59044766426086,7744
158.59696054458618,7743
158.60650277137756,7742
158.60717272758484,7741
158.60778880119324,7740
158.61024260520935,7739
158.61702966690063,7738
158.61907196044922,7737
158.62005186080933,7736
158.621435880661,7735
158.62377858161926,7734
158.63903260231018,7733
158.6414656639099,7732
158.64214658737183,7731
158.64283275604248,7730
158.6474118232727,7729
158.65514063835144,7728
158.65664076805115,7727
158.6649558544159,7726
158.6673777103424,7725
158.6694107055664,7724
158.6779797077179,7723
158.67895555496216,7722
158.68050479888916,7721
158.68283581733704,7720
158.69540357589722,7719
158.69830560684204,7718
158.70011472702026,7717
158.70177674293518,7716
158.7059247493744,7715
158.7098467350006,7714
158.72331595420837,7713
158.7274477481842,7712
158.73159074783325,7711
158.73333287239075,7710
158.73486971855164,7709
158.73721766471863,7708
158.74174785614014,7707
158.74251770973206,7706
158.74358987808228,7705
158.74381971359253,7704
158.74434161186218,7703
158.74719166755676,7702
158.74823570251465,7701
158.75486373901367,7700
158.76576161384583,7699
158.76697659492493,7698
158.78691267967224,7697
158.7904965877533,7696
158.79808259010315,7695
158.80330872535706,7694
158.80436182022095,7693
158.81118059158325,7692
158.81635975837708,7691
158.81774282455444,7690
158.8509886264801,7689
158.85516691207886,7688
158.85656666755676,7687
158.86061882972717,7686
158.86076068878174,7685
158.86089968681335,7684
158.866468667984,7683
158.8721468448639,7682
158.872487783432,7681
158.87572360038757,7680
158.8778576850891,7679
158.88417768478394,7678
158.88662767410278,7677
158.9168996810913,7676
158.919047832489,7675
158.91927075386047,7674
158.9205527305603,7673
158.9267017841339,7672
158.93935990333557,7671
158.95847487449646,7670
158.96326971054077,7669
158.96521878242493,7668
158.9702126979828,7667
158.99160861968994,7666
159.03797578811646,7665
159.06106972694397,7664
159.06140971183777,7663
159.072598695755,7662
159.073716878891,7661
159.0779628753662,7660
159.09481763839722,7659
159.10253071784973,7658
159.10454082489014,7657
159.10566473007202,7656
159.10672783851624,7655
159.1204056739807,7654
159.12185859680176,7653
159.12486171722412,7652
159.13256072998047,7651
159.15518283843994,7650
159.15659856796265,7649
159.16384983062744,7648
159.18883085250854,7647
159.20304679870605,7646
159.20485472679138,7645
159.20881986618042,7644
159.21175575256348,7643
159.22530269622803,7642
159.2325656414032,7641
159.23946475982666,7640
159.24090766906738,7639
159.24973893165588,7638
159.25323271751404,7637
159.26073169708252,7636
159.2616467475891,7635
159.2689516544342,7634
159.27675580978394,7633
159.28111577033997,7632
159.28391480445862,7631
159.2901337146759,7630
159.30373072624207,7629
159.30722880363464,7628
159.31160974502563,7627
159.3360996246338,7626
159.33758163452148,7625
159.35775780677795,7624
159.38329982757568,7623
159.3923819065094,7622
159.39704489707947,7621
159.40157175064087,7620
159.46272468566895,7619
159.46504282951355,7618
159.46803784370422,7617
159.5015926361084,7616
159.50424981117249,7615
159.60058879852295,7614
159.6076307296753,7613
159.6166615486145,7612
159.6363627910614,7611
159.68054294586182,7610
159.68834781646729,7609
159.69494080543518,7608
159.7109317779541,7607
159.73522877693176,7606
159.74971675872803,7605
159.77942276000977,7604
159.78103470802307,7603
159.78169083595276,7602
159.78383588790894,7601
159.78813791275024,7600
159.79615569114685,7599
159.79780197143555,7598
159.80380487442017,7597
159.8193347454071,7596
159.84114170074463,7595
159.84963989257812,7594
159.85450863838196,7593
159.8625967502594,7592
159.8940668106079,7591
159.91515684127808,7590
159.92467188835144,7589
159.94684076309204,7588
160.02123284339905,7587
160.03893089294434,7586
160.0459966659546,7585
160.04917454719543,7584
160.05948972702026,7583
160.07431554794312,7582
160.15728163719177,7581
160.16120386123657,7580
160.2310447692871,7579
160.2889757156372,7578
160.35158562660217,7577
160.37821793556213,7576
160.40328764915466,7575
160.53507375717163,7574
160.5392837524414,7573
160.5884027481079,7572
160.5973837375641,7571
160.63129663467407,7570
160.78091168403625,7569
161.0209937095642,7568
161.02351474761963,7567
161.08462262153625,7566
161.2560098171234,7565
161.53958082199097,7564
161.5902647972107,7563
161.682532787323,7562
161.82012176513672,7561
161.93282270431519,7560
162.10491585731506,7559
162.48287057876587,7558
162.638840675354,7557
162.64524388313293,7556
162.98632860183716,7555
163.1259298324585,7554
