0.026540040969848633,10912
0.05308794975280762,10911
0.07937216758728027,10910
0.10617709159851074,10909
0.1331768035888672,10908
0.16000103950500488,10907
0.1867201328277588,10906
0.2131059169769287,10905
0.23953890800476074,10904
0.2659730911254883,10903
0.2922670841217041,10902
0.3185558319091797,10901
0.34477806091308594,10900
0.37184691429138184,10899
0.39968013763427734,10898
0.426347017288208,10897
0.45314598083496094,10896
0.47997593879699707,10895
0.5063707828521729,10894
0.5330328941345215,10893
0.5600688457489014,10892
0.5865170955657959,10891
0.6130409240722656,10890
0.6393358707427979,10889
0.6659531593322754,10888
0.6922428607940674,10887
0.7193360328674316,10886
0.7458398342132568,10885
0.7724580764770508,10884
0.7989039421081543,10883
0.8256011009216309,10882
0.8520138263702393,10881
0.8787510395050049,10880
0.9054820537567139,10879
0.9319748878479004,10878
0.9584999084472656,10877
0.9864499568939209,10876
1.0131490230560303,10875
1.0409197807312012,10874
1.06827712059021,10873
1.0949389934539795,10872
1.1218681335449219,10871
1.1486940383911133,10870
1.1751539707183838,10869
1.201551914215088,10868
1.2278201580047607,10867
1.256516933441162,10866
1.2881348133087158,10865
1.318734884262085,10864
1.3460078239440918,10863
1.372771978378296,10862
1.3993659019470215,10861
1.4262869358062744,10860
1.4530980587005615,10859
1.4795079231262207,10858
1.505929946899414,10857
1.532938003540039,10856
1.5600619316101074,10855
1.5880579948425293,10854
1.6158709526062012,10853
1.6432619094848633,10852
1.6702070236206055,10851
1.6977410316467285,10850
1.7244470119476318,10849
1.751734972000122,10848
1.7785711288452148,10847
1.8050827980041504,10846
1.8317148685455322,10845
1.8582649230957031,10844
1.884749174118042,10843
1.9114398956298828,10842
1.9379589557647705,10841
1.9643328189849854,10840
1.9907479286193848,10839
2.017209768295288,10838
2.0460028648376465,10837
2.0740599632263184,10836
2.1012039184570312,10835
2.1278958320617676,10834
2.154529094696045,10833
2.1808557510375977,10832
2.2072839736938477,10831
2.2337098121643066,10830
2.2599618434906006,10829
2.286406993865967,10828
2.3127169609069824,10827
2.3392579555511475,10826
2.3659589290618896,10825
2.3924009799957275,10824
2.4190521240234375,10823
2.445697069168091,10822
2.4720749855041504,10821
2.49836802482605,10820
2.5251338481903076,10819
2.552258014678955,10818
2.5797510147094727,10817
2.6075758934020996,10816
2.6341030597686768,10815
2.6608898639678955,10814
2.6874759197235107,10813
2.714198112487793,10812
2.7553539276123047,10811
2.7818198204040527,10810
2.8083598613739014,10809
2.8347110748291016,10808
2.861250162124634,10807
2.8874318599700928,10806
2.914005994796753,10805
2.940354108810425,10804
2.9683358669281006,10803
2.9967849254608154,10802
3.024014949798584,10801
3.0511460304260254,10800
3.0778698921203613,10799
3.104823112487793,10798
3.131359100341797,10797
3.1584818363189697,10796
3.1849489212036133,10795
3.2117159366607666,10794
3.238276958465576,10793
3.265172004699707,10792
3.292376756668091,10791
3.319058895111084,10790
3.3459889888763428,10789
3.372708797454834,10788
3.3996129035949707,10787
3.426241159439087,10786
3.4532077312469482,10785
3.4796648025512695,10784
3.5064027309417725,10783
3.5332250595092773,10782
3.559825897216797,10781
3.5863900184631348,10780
3.6128787994384766,10779
3.6392457485198975,10778
3.6658599376678467,10777
3.6923320293426514,10776
3.7187819480895996,10775
3.7454299926757812,10774
3.7723209857940674,10773
3.800200939178467,10772
3.8268470764160156,10771
3.8552749156951904,10770
3.8821468353271484,10769
3.9086899757385254,10768
3.9351799488067627,10767
3.962002992630005,10766
3.9884729385375977,10765
4.014941930770874,10764
4.041851997375488,10763
4.068514108657837,10762
4.094963073730469,10761
4.1214759349823,10760
4.147674798965454,10759
4.174071788787842,10758
4.200549840927124,10757
4.226926803588867,10756
4.25351881980896,10755
4.279978036880493,10754
4.306487083435059,10753
4.33290696144104,10752
4.360779047012329,10751
4.3903419971466064,10750
4.418819904327393,10749
4.446988105773926,10748
4.474854946136475,10747
4.502794981002808,10746
4.531122922897339,10745
4.559072971343994,10744
4.585937976837158,10743
4.6127729415893555,10742
4.639639139175415,10741
4.666156768798828,10740
4.692783832550049,10739
4.7192230224609375,10738
4.745743989944458,10737
4.772341966629028,10736
4.798755884170532,10735
4.825307846069336,10734
4.851653814315796,10733
4.877892971038818,10732
4.904528856277466,10731
4.931490182876587,10730
4.958185911178589,10729
4.984929084777832,10728
5.011641979217529,10727
5.038433074951172,10726
5.06510591506958,10725
5.091566801071167,10724
5.119431972503662,10723
5.146176099777222,10722
5.17270302772522,10721
5.1991729736328125,10720
5.226018905639648,10719
5.252553939819336,10718
5.279422998428345,10717
5.305852890014648,10716
5.33259916305542,10715
5.3594970703125,10714
5.386135101318359,10713
5.412916898727417,10712
5.44015097618103,10711
5.467746734619141,10710
5.494767904281616,10709
5.521613121032715,10708
5.548816919326782,10707
5.602781057357788,10706
5.629832029342651,10705
5.656161069869995,10704
5.685913801193237,10703
5.712724924087524,10702
5.742217063903809,10701
5.794991970062256,10700
5.8232948780059814,10699
5.851820707321167,10698
5.881521940231323,10697
5.911510944366455,10696
5.941025018692017,10695
5.9685139656066895,10694
5.996403932571411,10693
6.024029970169067,10692
6.051532983779907,10691
6.078434944152832,10690
6.105113983154297,10689
6.131603956222534,10688
6.158039808273315,10687
6.186017990112305,10686
6.214545965194702,10685
6.241441011428833,10684
6.2679359912872314,10683
6.294589996337891,10682
6.321262836456299,10681
6.347872018814087,10680
6.374270915985107,10679
6.401129961013794,10678
6.428699970245361,10677
6.457129955291748,10676
6.484800100326538,10675
6.511396884918213,10674
6.538856029510498,10673
6.566776752471924,10672
6.594020843505859,10671
6.621342897415161,10670
6.6477367877960205,10669
6.673959016799927,10668
6.700124979019165,10667
6.726423740386963,10666
6.75308084487915,10665
6.779696941375732,10664
6.806498050689697,10663
6.833590984344482,10662
6.860512018203735,10661
6.8874077796936035,10660
6.913881778717041,10659
6.940958023071289,10658
6.967878818511963,10657
6.9947850704193115,10656
7.021774768829346,10655
7.048803806304932,10654
7.075307130813599,10653
7.1271398067474365,10652
7.153707981109619,10651
7.18168306350708,10650
7.208154916763306,10649
7.234767913818359,10648
7.261220932006836,10647
7.287667989730835,10646
7.314476728439331,10645
7.341103792190552,10644
7.367591857910156,10643
7.394463062286377,10642
7.420809030532837,10641
7.447113037109375,10640
7.473288059234619,10639
7.499721050262451,10638
7.526373863220215,10637
7.553118944168091,10636
7.58040714263916,10635
7.607181072235107,10634
7.633884906768799,10633
7.6604180335998535,10632
7.686916828155518,10631
7.713650941848755,10630
7.740328073501587,10629
7.766992807388306,10628
7.793399095535278,10627
7.819884777069092,10626
7.84653902053833,10625
7.873047828674316,10624
7.899532079696655,10623
7.926316738128662,10622
7.9533350467681885,10621
7.97988486289978,10620
8.006664991378784,10619
8.033177852630615,10618
8.059842824935913,10617
8.086392879486084,10616
8.112673044204712,10615
8.13981008529663,10614
8.166569948196411,10613
8.193175792694092,10612
8.219865798950195,10611
8.246339797973633,10610
8.272881984710693,10609
8.299581050872803,10608
8.326035976409912,10607
8.352411985397339,10606
8.37894892692566,10605
8.405252933502197,10604
8.431842803955078,10603
8.458340883255005,10602
8.484664916992188,10601
8.511076927185059,10600
8.53787899017334,10599
8.564465999603271,10598
8.591707944869995,10597
8.618247032165527,10596
8.64490795135498,10595
8.671298742294312,10594
8.698017120361328,10593
8.727085828781128,10592
8.755204916000366,10591
8.782665014266968,10590
8.80968976020813,10589
8.836541891098022,10588
8.864068984985352,10587
8.891044855117798,10586
8.917762756347656,10585
8.944740772247314,10584
8.971564054489136,10583
8.998982906341553,10582
9.026113986968994,10581
9.052719831466675,10580
9.079272985458374,10579
9.105907917022705,10578
9.132463932037354,10577
9.159038066864014,10576
9.185474157333374,10575
9.212013959884644,10574
9.23859691619873,10573
9.265004873275757,10572
9.291427850723267,10571
9.317869901657104,10570
9.344165802001953,10569
9.370620965957642,10568
9.39692997932434,10567
9.423910856246948,10566
9.450416803359985,10565
9.476889848709106,10564
9.503360033035278,10563
9.530258893966675,10562
9.556855916976929,10561
9.583436012268066,10560
9.610038042068481,10559
9.638296842575073,10558
9.664725065231323,10557
9.691286087036133,10556
9.717666149139404,10555
9.744365930557251,10554
9.771029949188232,10553
9.797528743743896,10552
9.824183940887451,10551
9.850815057754517,10550
9.87732982635498,10549
9.90388798713684,10548
9.930388927459717,10547
9.956722974777222,10546
9.983470916748047,10545
10.009925842285156,10544
10.036427021026611,10543
10.063133955001831,10542
10.089607954025269,10541
10.116370916366577,10540
10.143020153045654,10539
10.169475793838501,10538
10.1961190700531,10537
10.222599029541016,10536
10.249837875366211,10535
10.27643609046936,10534
10.302856922149658,10533
10.329291105270386,10532
10.356279134750366,10531
10.383070945739746,10530
10.409780979156494,10529
10.43670392036438,10528
10.46371579170227,10527
10.491703748703003,10526
10.519548892974854,10525
10.54634976387024,10524
10.573966979980469,10523
10.600567817687988,10522
10.627290964126587,10521
10.653772115707397,10520
10.680016994476318,10519
10.706554889678955,10518
10.73395586013794,10517
10.762248039245605,10516
10.79050874710083,10515
10.817287921905518,10514
10.843759775161743,10513
10.870712757110596,10512
10.89715576171875,10511
10.923640966415405,10510
10.950813055038452,10509
10.977114915847778,10508
11.003419876098633,10507
11.029911041259766,10506
11.056434869766235,10505
11.083216905593872,10504
11.10978388786316,10503
11.136474847793579,10502
11.163228034973145,10501
11.18957805633545,10500
11.216147899627686,10499
11.242584943771362,10498
11.268894910812378,10497
11.295301914215088,10496
11.321530818939209,10495
11.348174810409546,10494
11.396106958389282,10493
11.422919988632202,10492
11.449352979660034,10491
11.475639820098877,10490
11.50194787979126,10489
11.528471946716309,10488
11.555073022842407,10487
11.5815269947052,10486
11.607969999313354,10485
11.634008884429932,10484
11.660579919815063,10483
11.687113046646118,10482
11.713428020477295,10481
11.739950895309448,10480
11.766453981399536,10479
11.79266095161438,10478
11.819154024124146,10477
11.84533405303955,10476
11.871596097946167,10475
11.897963047027588,10474
11.924084901809692,10473
11.950869083404541,10472
11.977500915527344,10471
12.003917932510376,10470
12.03076982498169,10469
12.057446956634521,10468
12.083877801895142,10467
12.110468864440918,10466
12.136898756027222,10465
12.163313865661621,10464
12.189821004867554,10463
12.216354846954346,10462
12.242809772491455,10461
12.28235387802124,10460
12.308944940567017,10459
12.335396766662598,10458
12.361918926239014,10457
12.388397932052612,10456
12.415092945098877,10455
12.441849946975708,10454
12.46855092048645,10453
12.495362758636475,10452
12.522114038467407,10451
12.549055099487305,10450
12.57548189163208,10449
12.60299301147461,10448
12.630797863006592,10447
12.65785813331604,10446
12.684309005737305,10445
12.71097993850708,10444
12.737501859664917,10443
12.764076709747314,10442
12.790693998336792,10441
12.817158937454224,10440
12.843668937683105,10439
12.870307922363281,10438
12.89645004272461,10437
12.923150777816772,10436
12.949779987335205,10435
12.97648286819458,10434
13.003082990646362,10433
13.029698133468628,10432
13.05631685256958,10431
13.082998991012573,10430
13.10936713218689,10429
13.135835886001587,10428
13.164114952087402,10427
13.192289113998413,10426
13.220868825912476,10425
13.248677968978882,10424
13.278323888778687,10423
13.30876088142395,10422
13.337673902511597,10421
13.365192890167236,10420
13.392590761184692,10419
13.419441938400269,10418
13.445634841918945,10417
13.471681118011475,10416
13.497757911682129,10415
13.52500581741333,10414
13.552997827529907,10413
13.582085847854614,10412
13.609271049499512,10411
13.635831832885742,10410
13.662787914276123,10409
13.689558982849121,10408
13.715857982635498,10407
13.742199897766113,10406
13.768640041351318,10405
13.794816017150879,10404
13.821126937866211,10403
13.847317934036255,10402
13.87349796295166,10401
13.900413036346436,10400
13.926965951919556,10399
13.953443765640259,10398
13.980045795440674,10397
14.006393909454346,10396
14.03307294845581,10395
14.059579849243164,10394
14.085891962051392,10393
14.135977029800415,10392
14.162285804748535,10391
14.188553094863892,10390
14.215019941329956,10389
14.241595983505249,10388
14.268109798431396,10387
14.294458866119385,10386
14.321047067642212,10385
14.347478151321411,10384
14.373837947845459,10383
14.400293827056885,10382
14.427021741867065,10381
14.453698873519897,10380
14.480107069015503,10379
14.50623106956482,10378
14.533101797103882,10377
14.559767007827759,10376
14.586211919784546,10375
14.612557172775269,10374
14.639026880264282,10373
14.665549755096436,10372
14.691918849945068,10371
14.71835994720459,10370
14.744807004928589,10369
14.771024942398071,10368
14.797590970993042,10367
14.823936939239502,10366
14.850353956222534,10365
14.876945972442627,10364
14.903337955474854,10363
14.929707050323486,10362
14.956302881240845,10361
14.98264193534851,10360
15.009244918823242,10359
15.035882949829102,10358
15.062272071838379,10357
15.088742971420288,10356
15.115033864974976,10355
15.141196012496948,10354
15.167815923690796,10353
15.194172859191895,10352
15.220542907714844,10351
15.247046947479248,10350
15.273417949676514,10349
15.29994797706604,10348
15.32636284828186,10347
15.353255033493042,10346
15.379900932312012,10345
15.406360864639282,10344
15.432939052581787,10343
15.459176063537598,10342
15.485602140426636,10341
15.512017011642456,10340
15.538774013519287,10339
15.565847873687744,10338
15.592440843582153,10337
15.618811845779419,10336
15.645283937454224,10335
15.671512842178345,10334
15.697869062423706,10333
15.724147081375122,10332
15.750295877456665,10331
15.776623964309692,10330
15.802947759628296,10329
15.829298973083496,10328
15.855756998062134,10327
15.882112979888916,10326
15.908567905426025,10325
15.93522310256958,10324
15.96176791191101,10323
15.988589763641357,10322
16.015403032302856,10321
16.041968822479248,10320
16.068307876586914,10319
16.094449996948242,10318
16.121095895767212,10317
16.147724151611328,10316
16.173983097076416,10315
16.200572967529297,10314
16.227353811264038,10313
16.253875017166138,10312
16.28022789955139,10311
16.306574821472168,10310
16.33270502090454,10309
16.359148740768433,10308
16.385751008987427,10307
16.412206888198853,10306
16.439531087875366,10305
16.466356992721558,10304
16.492841958999634,10303
16.519243955612183,10302
16.545772790908813,10301
16.572271823883057,10300
16.598658084869385,10299
16.625252962112427,10298
16.651692152023315,10297
16.67816185951233,10296
16.70479393005371,10295
16.731085777282715,10294
16.757715940475464,10293
16.78432583808899,10292
16.810882806777954,10291
16.83755397796631,10290
16.86405301094055,10289
16.89048981666565,10288
16.917004108428955,10287
16.943542957305908,10286
16.969956874847412,10285
16.996551990509033,10284
17.02359390258789,10283
17.05039381980896,10282
17.07718777656555,10281
17.103720903396606,10280
17.130457878112793,10279
17.157177925109863,10278
17.183840036392212,10277
17.210449934005737,10276
17.237118005752563,10275
17.263972997665405,10274
17.29069495201111,10273
17.317169904708862,10272
17.34375786781311,10271
17.37033700942993,10270
17.396901845932007,10269
17.423975944519043,10268
17.45073699951172,10267
17.47735095024109,10266
17.50389575958252,10265
17.530372858047485,10264
17.557120084762573,10263
17.583873987197876,10262
17.6104679107666,10261
17.63813304901123,10260
17.66500210762024,10259
17.713336944580078,10258
17.74024772644043,10257
17.7668879032135,10256
17.793701887130737,10255
17.82048273086548,10254
17.84734296798706,10253
17.873785972595215,10252
17.9005708694458,10251
17.9270977973938,10250
17.953869104385376,10249
17.98036003112793,10248
18.006905794143677,10247
18.033638954162598,10246
18.06065011024475,10245
18.087182760238647,10244
18.114006996154785,10243
18.140984773635864,10242
18.168020963668823,10241
18.19467806816101,10240
18.221288919448853,10239
18.247966051101685,10238
18.274672985076904,10237
18.301143884658813,10236
18.32763910293579,10235
18.35449504852295,10234
18.381389141082764,10233
18.408267974853516,10232
18.435533046722412,10231
18.462342977523804,10230
18.488890886306763,10229
18.51538586616516,10228
18.542009830474854,10227
18.568549871444702,10226
18.594988107681274,10225
18.621410846710205,10224
18.647788763046265,10223
18.67443585395813,10222
18.701058864593506,10221
18.72821593284607,10220
18.754904747009277,10219
18.781780004501343,10218
18.808472871780396,10217
18.83501386642456,10216
18.861647844314575,10215
18.888328075408936,10214
18.914803981781006,10213
18.941586017608643,10212
18.968206882476807,10211
18.994920015335083,10210
19.02167510986328,10209
19.0486159324646,10208
19.075288772583008,10207
19.102108001708984,10206
19.128659963607788,10205
19.155303955078125,10204
19.182050943374634,10203
19.208577156066895,10202
19.23516082763672,10201
19.26186990737915,10200
19.288438081741333,10199
19.315279960632324,10198
19.341975927352905,10197
19.368672132492065,10196
19.395546913146973,10195
19.422330856323242,10194
19.448897123336792,10193
19.475444078445435,10192
19.50214672088623,10191
19.52917790412903,10190
19.555853843688965,10189
19.58259105682373,10188
19.609113931655884,10187
19.635910987854004,10186
19.662531852722168,10185
19.689332008361816,10184
19.715994834899902,10183
19.74264883995056,10182
19.769278049468994,10181
19.79580283164978,10180
19.82243299484253,10179
19.849081993103027,10178
19.875463008880615,10177
19.90205192565918,10176
19.928696870803833,10175
19.95531392097473,10174
19.98203706741333,10173
20.008786916732788,10172
20.03541398048401,10171
20.06238293647766,10170
20.088993072509766,10169
20.11559295654297,10168
20.142279863357544,10167
20.16879105567932,10166
20.195234060287476,10165
20.2218599319458,10164
20.248258113861084,10163
20.27506113052368,10162
20.301717042922974,10161
20.32831597328186,10160
20.355085134506226,10159
20.381782054901123,10158
20.409024000167847,10157
20.436078786849976,10156
20.462729930877686,10155
20.4890718460083,10154
20.515426874160767,10153
20.5418438911438,10152
20.56805992126465,10151
20.59448504447937,10150
20.621217012405396,10149
20.647743940353394,10148
20.67445993423462,10147
20.700923919677734,10146
20.727481842041016,10145
20.75416874885559,10144
20.780630111694336,10143
20.807060956954956,10142
20.833701848983765,10141
20.860228776931763,10140
20.886780977249146,10139
20.913272857666016,10138
20.939719915390015,10137
20.966283082962036,10136
20.99270510673523,10135
21.019003868103027,10134
21.046035051345825,10133
21.072375774383545,10132
21.09872007369995,10131
21.12505078315735,10130
21.1512188911438,10129
21.177682876586914,10128
21.203870058059692,10127
21.230130910873413,10126
21.256752967834473,10125
21.2830548286438,10124
21.30940079689026,10123
21.335853815078735,10122
21.36214780807495,10121
21.388563871383667,10120
21.415149927139282,10119
21.44158911705017,10118
21.468089818954468,10117
21.494268894195557,10116
21.52046012878418,10115
21.547544956207275,10114
21.574347019195557,10113
21.60105299949646,10112
21.627495050430298,10111
21.654234886169434,10110
21.68073081970215,10109
21.70736789703369,10108
21.734055042266846,10107
21.760624885559082,10106
21.787123918533325,10105
21.81371283531189,10104
21.839988946914673,10103
21.866891145706177,10102
21.89339280128479,10101
21.919906854629517,10100
21.946877002716064,10099
21.9735050201416,10098
21.999958992004395,10097
22.027021884918213,10096
22.053631067276,10095
22.080880880355835,10094
22.107489109039307,10093
22.13416290283203,10092
22.160578727722168,10091
22.187371969223022,10090
22.213753938674927,10089
22.240604877471924,10088
22.267050981521606,10087
22.293848752975464,10086
22.32039999961853,10085
22.346976041793823,10084
22.373421907424927,10083
22.400238752365112,10082
22.42691206932068,10081
22.453507900238037,10080
22.479665994644165,10079
22.506314992904663,10078
22.532975912094116,10077
22.56101393699646,10076
22.589011907577515,10075
22.615787982940674,10074
22.643143892288208,10073
22.67013192176819,10072
22.696592807769775,10071
22.723089933395386,10070
22.749384880065918,10069
22.77602195739746,10068
22.8020658493042,10067
22.82895278930664,10066
22.855810165405273,10065
22.882362842559814,10064
22.908894062042236,10063
22.935407876968384,10062
22.961644887924194,10061
22.988054037094116,10060
23.01419973373413,10059
23.04099988937378,10058
23.0675950050354,10057
23.09382200241089,10056
23.120087146759033,10055
23.146656036376953,10054
23.173231840133667,10053
23.199771881103516,10052
23.226117849349976,10051
23.25246286392212,10050
23.279020071029663,10049
23.30542278289795,10048
23.332277059555054,10047
23.358931064605713,10046
23.38515305519104,10045
23.41180396080017,10044
23.438348054885864,10043
23.46485209465027,10042
23.491450786590576,10041
23.517693996429443,10040
23.544466018676758,10039
23.571045875549316,10038
23.597416877746582,10037
23.62362289428711,10036
23.64974594116211,10035
23.676011085510254,10034
23.7022967338562,10033
23.728456020355225,10032
23.755226850509644,10031
23.781888008117676,10030
23.808185815811157,10029
23.834589958190918,10028
23.860997915267944,10027
23.887259006500244,10026
23.9137020111084,10025
23.939927101135254,10024
23.966372966766357,10023
23.99282479286194,10022
24.0194308757782,10021
24.046029090881348,10020
24.072473764419556,10019
24.098872900009155,10018
24.125464916229248,10017
24.151859998703003,10016
24.178389072418213,10015
24.204894065856934,10014
24.23126792907715,10013
24.257641077041626,10012
24.284249782562256,10011
24.31050181388855,10010
24.336999893188477,10009
24.363312005996704,10008
24.389509916305542,10007
24.416419744491577,10006
24.44305396080017,10005
24.469429969787598,10004
24.496039867401123,10003
24.522713899612427,10002
24.54947781562805,10001
24.575878858566284,10000
24.6021671295166,9999
24.62828803062439,9998
24.654499769210815,9997
24.680690050125122,9996
24.70688486099243,9995
24.73320984840393,9994
24.759663820266724,9993
24.785900831222534,9992
24.812299013137817,9991
24.83868384361267,9990
24.86493492126465,9989
24.89134192466736,9988
24.917715072631836,9987
24.943899869918823,9986
24.970179796218872,9985
24.99640703201294,9984
25.02257204055786,9983
25.0492160320282,9982
25.07560896873474,9981
25.102136850357056,9980
25.128642082214355,9979
25.15485906600952,9978
25.18131399154663,9977
25.207600831985474,9976
25.233933925628662,9975
25.26025891304016,9974
25.286612033843994,9973
25.312835931777954,9972
25.33915090560913,9971
25.36549401283264,9970
25.392131805419922,9969
25.41964602470398,9968
25.446663856506348,9967
25.473448038101196,9966
25.50023889541626,9965
25.526842832565308,9964
25.553472995758057,9963
25.579946994781494,9962
25.606053829193115,9961
25.633409023284912,9960
25.660233974456787,9959
25.68696403503418,9958
25.71361207962036,9957
25.74021887779236,9956
25.76691699028015,9955
25.793447017669678,9954
25.820158004760742,9953
25.846816062927246,9952
25.87356400489807,9951
25.900118112564087,9950
25.92665386199951,9949
25.95320701599121,9948
25.979788064956665,9947
26.006775856018066,9946
26.03349781036377,9945
26.06041407585144,9944
26.086931943893433,9943
26.113559007644653,9942
26.140026807785034,9941
26.166523933410645,9940
26.1931049823761,9939
26.219727993011475,9938
26.246129989624023,9937
26.272692918777466,9936
26.298882007598877,9935
26.325511932373047,9934
26.35206890106201,9933
26.37853693962097,9932
26.405238151550293,9931
26.431922912597656,9930
26.45855689048767,9929
26.485047101974487,9928
26.511406898498535,9927
26.537725925445557,9926
26.56409502029419,9925
26.59047293663025,9924
26.61665105819702,9923
26.643368005752563,9922
26.669836044311523,9921
26.69640612602234,9920
26.72278881072998,9919
26.749156951904297,9918
26.775601863861084,9917
26.802117824554443,9916
26.82849907875061,9915
26.854883909225464,9914
26.881164073944092,9913
26.907596111297607,9912
26.9337317943573,9911
26.96021795272827,9910
26.98661780357361,9909
27.013218879699707,9908
27.039917945861816,9907
27.066354036331177,9906
27.09356999397278,9905
27.12033200263977,9904
27.146702766418457,9903
27.173178911209106,9902
27.199594974517822,9901
27.225892782211304,9900
27.252352952957153,9899
27.278797149658203,9898
27.30535888671875,9897
27.332276105880737,9896
27.358888864517212,9895
27.38562297821045,9894
27.412364959716797,9893
27.439198970794678,9892
27.465564012527466,9891
27.492033004760742,9890
27.518221855163574,9889
27.54477286338806,9888
27.571336030960083,9887
27.598166942596436,9886
27.6246337890625,9885
27.6514630317688,9884
27.677865982055664,9883
27.704653024673462,9882
27.731273889541626,9881
27.75780987739563,9880
27.78430485725403,9879
27.810924768447876,9878
27.837275981903076,9877
27.863924980163574,9876
27.890329837799072,9875
27.917073011398315,9874
27.943804025650024,9873
27.970489978790283,9872
27.997030019760132,9871
28.024131774902344,9870
28.05074906349182,9869
28.077467918395996,9868
28.10408878326416,9867
28.13055396080017,9866
28.157602787017822,9865
28.184401035308838,9864
28.210603952407837,9863
28.237437963485718,9862
28.263959884643555,9861
28.290667057037354,9860
28.317321062088013,9859
28.34392786026001,9858
28.370500802993774,9857
28.397250175476074,9856
28.42407512664795,9855
28.4509220123291,9854
28.47741174697876,9853
28.50398278236389,9852
28.53050398826599,9851
28.55731987953186,9850
28.583861112594604,9849
28.610502004623413,9848
28.636938095092773,9847
28.663681983947754,9846
28.690060138702393,9845
28.716781854629517,9844
28.743305921554565,9843
28.770306825637817,9842
28.79689884185791,9841
28.823445081710815,9840
28.849580764770508,9839
28.876399993896484,9838
28.902902126312256,9837
28.929814100265503,9836
28.956387758255005,9835
28.98303484916687,9834
29.00971293449402,9833
29.03672695159912,9832
29.063178062438965,9831
29.089725017547607,9830
29.116098880767822,9829
29.14249086380005,9828
29.16875386238098,9827
29.195244789123535,9826
29.221693992614746,9825
29.248308897018433,9824
29.274619817733765,9823
29.301220893859863,9822
29.32766079902649,9821
29.35408592224121,9820
29.380504846572876,9819
29.406999111175537,9818
29.433654069900513,9817
29.459934949874878,9816
29.486554861068726,9815
29.51345992088318,9814
29.540168046951294,9813
29.566962957382202,9812
29.59354281425476,9811
29.620054006576538,9810
29.64648985862732,9809
29.6727077960968,9808
29.69907307624817,9807
29.725492000579834,9806
29.751620769500732,9805
29.77794098854065,9804
29.80404496192932,9803
29.8304500579834,9802
29.85696792602539,9801
29.883288860321045,9800
29.909746885299683,9799
29.936306953430176,9798
29.962509155273438,9797
29.988914966583252,9796
30.015156030654907,9795
30.041598081588745,9794
30.06801199913025,9793
30.094221115112305,9792
30.120476961135864,9791
30.14718008041382,9790
30.173473119735718,9789
30.21256995201111,9788
30.238934993743896,9787
30.265303134918213,9786
30.29155206680298,9785
30.31802487373352,9784
30.344175815582275,9783
30.370478868484497,9782
30.396862983703613,9781
30.42348289489746,9780
30.450931072235107,9779
30.477920055389404,9778
30.504308938980103,9777
30.53054189682007,9776
30.556927919387817,9775
30.583241939544678,9774
30.609454870224,9773
30.635633945465088,9772
30.661881923675537,9771
30.68815279006958,9770
30.71461296081543,9769
30.740745067596436,9768
30.767872095108032,9767
30.79436182975769,9766
30.820834159851074,9765
30.847264051437378,9764
30.87380313873291,9763
30.900507926940918,9762
30.927260875701904,9761
30.967773914337158,9760
30.99407696723938,9759
31.020628929138184,9758
31.046952962875366,9757
31.07363986968994,9756
31.10031294822693,9755
31.12694001197815,9754
31.153424978256226,9753
31.180135011672974,9752
31.206499814987183,9751
31.233211994171143,9750
31.25983691215515,9749
31.28632879257202,9748
31.31286311149597,9747
31.339406967163086,9746
31.365692853927612,9745
31.39251399040222,9744
31.419344902038574,9743
31.446184873580933,9742
31.473050832748413,9741
31.499908924102783,9740
31.52656579017639,9739
31.553131103515625,9738
31.579758882522583,9737
31.605968952178955,9736
31.632229804992676,9735
31.658520936965942,9734
31.684813737869263,9733
31.71121096611023,9732
31.73781394958496,9731
31.764280796051025,9730
31.790639877319336,9729
31.817281007766724,9728
31.843667030334473,9727
31.870079040527344,9726
31.90831995010376,9725
31.93491005897522,9724
31.961208820343018,9723
31.9875431060791,9722
32.01399612426758,9721
32.040602922439575,9720
32.0672709941864,9719
32.09398889541626,9718
32.120765924453735,9717
32.14794611930847,9716
32.174516916275024,9715
32.20152306556702,9714
32.22863698005676,9713
32.25491690635681,9712
32.28155708312988,9711
32.30784273147583,9710
32.334470987319946,9709
32.36115312576294,9708
32.38807201385498,9707
32.41466808319092,9706
32.44156193733215,9705
32.46795392036438,9704
32.49447512626648,9703
32.52085304260254,9702
32.54785203933716,9701
32.57474493980408,9700
32.60124182701111,9699
32.6275269985199,9698
32.654021978378296,9697
32.681583881378174,9696
32.70816898345947,9695
32.73463678359985,9694
32.76121497154236,9693
32.78775691986084,9692
32.81415510177612,9691
32.841022968292236,9690
32.867785930633545,9689
32.894152879714966,9688
32.92112684249878,9687
32.94798278808594,9686
32.9747850894928,9685
33.001769065856934,9684
33.028963804244995,9683
33.05627083778381,9682
33.08291482925415,9681
33.10977101325989,9680
33.136314868927,9679
33.163025856018066,9678
33.189452171325684,9677
33.21631908416748,9676
33.24367690086365,9675
33.27144408226013,9674
33.299099922180176,9673
33.32641792297363,9672
33.35310697555542,9671
33.37999892234802,9670
33.40664100646973,9669
33.433363914489746,9668
33.459851026535034,9667
33.486307859420776,9666
33.51257872581482,9665
33.5390248298645,9664
33.56617593765259,9663
33.59490489959717,9662
33.622337102890015,9661
33.65110898017883,9660
33.67833089828491,9659
33.70502781867981,9658
33.73168396949768,9657
33.75815200805664,9656
33.78463172912598,9655
33.811115026474,9654
33.85052299499512,9653
33.877058029174805,9652
33.92165398597717,9651
33.9483118057251,9650
33.97500801086426,9649
34.00152397155762,9648
34.02856183052063,9647
34.05652189254761,9646
34.084275007247925,9645
34.112277030944824,9644
34.13912296295166,9643
34.165432929992676,9642
34.19195485115051,9641
34.21805000305176,9640
34.244027853012085,9639
34.27024292945862,9638
34.29636478424072,9637
34.32261300086975,9636
34.348816871643066,9635
34.37482190132141,9634
34.4010488986969,9633
34.42729878425598,9632
34.45359492301941,9631
34.47952485084534,9630
34.505544900894165,9629
34.53184485435486,9628
34.55832600593567,9627
34.58497095108032,9626
34.61171102523804,9625
34.6381139755249,9624
34.66422200202942,9623
34.6902379989624,9622
34.71624493598938,9621
34.7422239780426,9620
34.76825499534607,9619
34.79433989524841,9618
34.82037591934204,9617
34.846441984176636,9616
34.872421979904175,9615
34.8984899520874,9614
34.92480111122131,9613
34.95098805427551,9612
34.9770929813385,9611
35.00345706939697,9610
35.029640913009644,9609
35.055912017822266,9608
35.08216714859009,9607
35.108120918273926,9606
35.13435196876526,9605
35.16052198410034,9604
35.186668157577515,9603
35.21304202079773,9602
35.239295959472656,9601
35.265547037124634,9600
35.29181504249573,9599
35.31790590286255,9598
35.34426975250244,9597
35.370500802993774,9596
35.39658188819885,9595
35.42278695106506,9594
35.4491868019104,9593
35.475435972213745,9592
35.501425981521606,9591
35.52969408035278,9590
35.55721187591553,9589
35.58401894569397,9588
35.61058473587036,9587
35.63705492019653,9586
35.66363501548767,9585
35.69001817703247,9584
35.71698307991028,9583
35.743977069854736,9582
35.77047777175903,9581
35.823997020721436,9580
35.85082197189331,9579
35.87830305099487,9578
35.90563201904297,9577
35.93257403373718,9576
35.95950388908386,9575
35.98635196685791,9574
36.03496193885803,9573
36.06181788444519,9572
36.088995933532715,9571
36.11578392982483,9570
36.14222002029419,9569
36.168919801712036,9568
36.196139097213745,9567
36.22287893295288,9566
36.24970293045044,9565
36.27667784690857,9564
36.30356502532959,9563
36.330275774002075,9562
36.35692286491394,9561
36.38343405723572,9560
36.410738945007324,9559
36.439899921417236,9558
36.466391801834106,9557
36.49278497695923,9556
36.518948793411255,9555
36.54788684844971,9554
36.57421278953552,9553
36.6003258228302,9552
36.626364946365356,9551
36.65265393257141,9550
36.678775787353516,9549
36.70483207702637,9548
36.730989933013916,9547
36.75712585449219,9546
36.78315091133118,9545
36.80957794189453,9544
36.83575510978699,9543
36.862223863601685,9542
36.88846707344055,9541
36.91449499130249,9540
36.94060492515564,9539
36.96673893928528,9538
36.99283194541931,9537
37.01901912689209,9536
37.04695677757263,9535
37.07384490966797,9534
37.10059189796448,9533
37.12725591659546,9532
37.154096841812134,9531
37.18073391914368,9530
37.20744490623474,9529
37.23396897315979,9528
37.2613000869751,9527
37.288158893585205,9526
37.31487488746643,9525
37.341334104537964,9524
37.36787986755371,9523
37.394505977630615,9522
37.42111897468567,9521
37.44759202003479,9520
37.4748260974884,9519
37.50169801712036,9518
37.52859711647034,9517
37.55682992935181,9516
37.58366012573242,9515
37.61000895500183,9514
37.63631796836853,9513
37.66260099411011,9512
37.68899989128113,9511
37.715243101119995,9510
37.74143695831299,9509
37.76776099205017,9508
37.79406499862671,9507
37.820348024368286,9506
37.84660005569458,9505
37.87265992164612,9504
37.89899492263794,9503
37.92531991004944,9502
37.951674938201904,9501
37.977962017059326,9500
38.00430488586426,9499
38.03058481216431,9498
38.056782960891724,9497
38.08311891555786,9496
38.10965585708618,9495
38.13613700866699,9494
38.162524938583374,9493
38.189276933670044,9492
38.21575593948364,9491
38.24205279350281,9490
38.26828694343567,9489
38.29432702064514,9488
38.32055687904358,9487
38.34679198265076,9486
38.37275815010071,9485
38.39910292625427,9484
38.42560791969299,9483
38.45191979408264,9482
38.47813582420349,9481
38.504287004470825,9480
38.532198905944824,9479
38.55952787399292,9478
38.58589482307434,9477
38.61211085319519,9476
38.63844680786133,9475
38.66464376449585,9474
38.69116282463074,9473
38.717782974243164,9472
38.7444281578064,9471
38.7710599899292,9470
38.79851984977722,9469
38.8256630897522,9468
38.852545976638794,9467
38.87947392463684,9466
38.92835998535156,9465
38.95549011230469,9464
38.98274493217468,9463
39.01018810272217,9462
39.03733587265015,9461
39.06402587890625,9460
39.090473890304565,9459
39.11700677871704,9458
39.14354991912842,9457
39.16999101638794,9456
39.19641399383545,9455
39.22282385826111,9454
39.24932789802551,9453
39.275813817977905,9452
39.30215501785278,9451
39.32824492454529,9450
39.35483908653259,9449
39.38128900527954,9448
39.40777611732483,9447
39.43441104888916,9446
39.46074295043945,9445
39.487263917922974,9444
39.51367783546448,9443
39.54056406021118,9442
39.56723475456238,9441
39.59374380111694,9440
39.6201958656311,9439
39.646568059921265,9438
39.67310118675232,9437
39.69970393180847,9436
39.72625279426575,9435
39.752681016922,9434
39.77916383743286,9433
39.80575180053711,9432
39.832194805145264,9431
39.858736991882324,9430
39.884933948516846,9429
39.91137385368347,9428
39.93773698806763,9427
39.96390676498413,9426
39.99040699005127,9425
40.016818046569824,9424
40.04351806640625,9423
40.070029735565186,9422
40.096505880355835,9421
40.12367105484009,9420
40.15039277076721,9419
40.17703700065613,9418
40.20344090461731,9417
40.22991895675659,9416
40.25819492340088,9415
40.28559684753418,9414
40.31234312057495,9413
40.339426040649414,9412
40.36615705490112,9411
40.39278173446655,9410
40.41932392120361,9409
40.44584894180298,9408
40.47215390205383,9407
40.49838185310364,9406
40.524779081344604,9405
40.55135107040405,9404
40.577651023864746,9403
40.603890895843506,9402
40.63087296485901,9401
40.657893896102905,9400
40.68444800376892,9399
40.71100091934204,9398
40.737581729888916,9397
40.764095067977905,9396
40.7927188873291,9395
40.82069683074951,9394
40.84825801849365,9393
40.87617588043213,9392
40.90313100814819,9391
40.92989492416382,9390
40.956871032714844,9389
40.98377799987793,9388
41.01084089279175,9387
41.037935972213745,9386
41.06453084945679,9385
41.091171741485596,9384
41.11779308319092,9383
41.14416694641113,9382
41.17084288597107,9381
41.19732093811035,9380
41.22376084327698,9379
41.250216007232666,9378
41.27676177024841,9377
41.304457902908325,9376
41.33313488960266,9375
41.36017680168152,9374
41.387073040008545,9373
41.414307832717896,9372
41.441174030303955,9371
41.46799278259277,9370
41.49456214904785,9369
41.523491859436035,9368
41.55031394958496,9367
41.576812744140625,9366
41.60356593132019,9365
41.63028693199158,9364
41.65856695175171,9363
41.686179876327515,9362
41.71333694458008,9361
41.740169048309326,9360
41.766814947128296,9359
41.79337191581726,9358
41.82006788253784,9357
41.846527099609375,9356
41.873218059539795,9355
41.899619817733765,9354
41.927305936813354,9353
41.95434880256653,9352
41.98139500617981,9351
42.00812602043152,9350
42.03506374359131,9349
42.062071800231934,9348
42.08886194229126,9347
42.115402936935425,9346
42.1418399810791,9345
42.168477058410645,9344
42.194989919662476,9343
42.22115206718445,9342
42.2479031085968,9341
42.27455687522888,9340
42.30128788948059,9339
42.3284649848938,9338
42.35519480705261,9337
42.38166785240173,9336
42.40900778770447,9335
42.4398558139801,9334
42.46992588043213,9333
42.49653196334839,9332
42.52369689941406,9331
42.55021810531616,9330
42.57676696777344,9329
42.603150844573975,9328
42.62960195541382,9327
42.65626907348633,9326
42.68273377418518,9325
42.709203004837036,9324
42.73573899269104,9323
42.762221813201904,9322
42.78840494155884,9321
42.81450891494751,9320
42.84059691429138,9319
42.866687059402466,9318
42.893126010894775,9317
42.92334699630737,9316
42.95034980773926,9315
42.977648973464966,9314
43.00458812713623,9313
43.03161406517029,9312
43.0585720539093,9311
43.085593938827515,9310
43.11250591278076,9309
43.13918900489807,9308
43.165812969207764,9307
43.19232702255249,9306
43.21881079673767,9305
43.2460618019104,9304
43.27363300323486,9303
43.30100107192993,9302
43.32773303985596,9301
43.35470008850098,9300
43.38180994987488,9299
43.40882992744446,9298
43.43706488609314,9297
43.464069843292236,9296
43.49377489089966,9295
43.52081108093262,9294
43.54777407646179,9293
43.57448983192444,9292
43.60122084617615,9291
43.62774395942688,9290
43.65437388420105,9289
43.681037187576294,9288
43.70771884918213,9287
43.73462891578674,9286
43.76167297363281,9285
43.78867316246033,9284
43.81554889678955,9283
43.86418294906616,9282
43.89089584350586,9281
43.9174919128418,9280
43.944212913513184,9279
43.97395300865173,9278
44.00250601768494,9277
44.03070282936096,9276
44.058111906051636,9275
44.084741830825806,9274
44.11113500595093,9273
44.13752508163452,9272
44.16378974914551,9271
44.19027781486511,9270
44.21674871444702,9269
44.24316906929016,9268
44.2697229385376,9267
44.296082973480225,9266
44.32256102561951,9265
44.34905815124512,9264
44.3757209777832,9263
44.40212798118591,9262
44.42865204811096,9261
44.45489287376404,9260
44.482441902160645,9259
44.511420011520386,9258
44.538877964019775,9257
44.56633710861206,9256
44.593416929244995,9255
44.62000584602356,9254
44.64676594734192,9253
44.673242807388306,9252
44.69988799095154,9251
44.726665019989014,9250
44.754403829574585,9249
44.78096294403076,9248
44.80763792991638,9247
44.83486294746399,9246
44.86192798614502,9245
44.88869571685791,9244
44.91552495956421,9243
44.94250297546387,9242
44.97002077102661,9241
44.99720096588135,9240
45.025651931762695,9239
45.05234885215759,9238
45.07913613319397,9237
45.10575485229492,9236
45.132513999938965,9235
45.15998911857605,9234
45.18744993209839,9233
45.21596813201904,9232
45.24464702606201,9231
45.2714319229126,9230
45.2979199886322,9229
45.32434296607971,9228
45.35075783729553,9227
45.377081871032715,9226
45.403533935546875,9225
45.430325984954834,9224
45.456599712371826,9223
45.483160734176636,9222
45.50968599319458,9221
45.536441802978516,9220
45.56466484069824,9219
45.591586112976074,9218
45.61778378486633,9217
45.643999099731445,9216
45.67028880119324,9215
45.69656777381897,9214
45.7228889465332,9213
45.74972915649414,9212
45.77610993385315,9211
45.80269503593445,9210
45.829232931137085,9209
45.85572695732117,9208
45.88216495513916,9207
45.90870189666748,9206
45.935184955596924,9205
45.96172285079956,9204
45.98821496963501,9203
46.014458894729614,9202
46.042701959609985,9201
46.069916009902954,9200
46.09754705429077,9199
46.12465286254883,9198
46.15232586860657,9197
46.18052411079407,9196
46.20899796485901,9195
46.236340045928955,9194
46.263020753860474,9193
46.28971076011658,9192
46.31631112098694,9191
46.342817068099976,9190
46.369224071502686,9189
46.39569902420044,9188
46.422303915023804,9187
46.44899106025696,9186
46.47564077377319,9185
46.50228309631348,9184
46.52917981147766,9183
46.55588698387146,9182
46.58230686187744,9181
46.609792947769165,9180
46.637762784957886,9179
46.66467475891113,9178
46.69107699394226,9177
46.71741700172424,9176
46.74380087852478,9175
46.770719051361084,9174
46.79727005958557,9173
46.823845863342285,9172
46.85046410560608,9171
46.87700295448303,9170
46.9034698009491,9169
46.92984700202942,9168
46.95637512207031,9167
46.98267197608948,9166
47.008882999420166,9165
47.03667402267456,9164
47.06412696838379,9163
47.09112095832825,9162
47.11840200424194,9161
47.14924502372742,9160
47.176279067993164,9159
47.2032368183136,9158
47.230530738830566,9157
47.258460998535156,9156
47.28704380989075,9155
47.31539988517761,9154
47.343157052993774,9153
47.37095594406128,9152
47.397533893585205,9151
47.4243950843811,9150
47.451334953308105,9149
47.47815299034119,9148
47.50493788719177,9147
47.53140997886658,9146
47.55790996551514,9145
47.584333181381226,9144
47.61070108413696,9143
47.63693380355835,9142
47.664839029312134,9141
47.692410945892334,9140
47.71896409988403,9139
47.74559497833252,9138
47.77214193344116,9137
47.79844093322754,9136
47.82493281364441,9135
47.85179400444031,9134
47.87839698791504,9133
47.90473294258118,9132
47.93106484413147,9131
47.95713782310486,9130
47.983417987823486,9129
48.00965189933777,9128
48.0378360748291,9127
48.06539487838745,9126
48.09203100204468,9125
48.11873197555542,9124
48.145559787750244,9123
48.17301106452942,9122
48.20022678375244,9121
48.22678208351135,9120
48.253095865249634,9119
48.27971696853638,9118
48.30614876747131,9117
48.332561016082764,9116
48.359155893325806,9115
48.38576889038086,9114
48.41253685951233,9113
48.44048094749451,9112
48.46941804885864,9111
48.49817180633545,9110
48.52560377120972,9109
48.55234694480896,9108
48.57875680923462,9107
48.60494589805603,9106
48.631113052368164,9105
48.6578471660614,9104
48.684211015701294,9103
48.710731983184814,9102
48.737329959869385,9101
48.76395916938782,9100
48.79050087928772,9099
48.8169150352478,9098
48.84343194961548,9097
48.86986303329468,9096
48.89624094963074,9095
48.92257380485535,9094
48.949053049087524,9093
48.97528791427612,9092
49.00163984298706,9091
49.02980995178223,9090
49.05778694152832,9089
49.08535885810852,9088
49.111871004104614,9087
49.13878297805786,9086
49.165388107299805,9085
49.19161295890808,9084
49.21786713600159,9083
49.24418091773987,9082
49.27024579048157,9081
49.29651212692261,9080
49.322563886642456,9079
49.34893012046814,9078
49.37829303741455,9077
49.407309770584106,9076
49.43422889709473,9075
49.46084189414978,9074
49.487411975860596,9073
49.514702796936035,9072
49.54213786125183,9071
49.56905198097229,9070
49.59635782241821,9069
49.6238579750061,9068
49.651435136795044,9067
49.67975878715515,9066
49.70645594596863,9065
49.73292088508606,9064
49.759284019470215,9063
49.7857768535614,9062
49.812254905700684,9061
49.838603019714355,9060
49.86500000953674,9059
49.892252922058105,9058
49.918670892715454,9057
49.945045948028564,9056
49.971219062805176,9055
49.99765992164612,9054
50.02435493469238,9053
50.05109095573425,9052
50.077451944351196,9051
50.103858947753906,9050
50.13023495674133,9049
50.15652298927307,9048
50.18291902542114,9047
50.20918083190918,9046
50.23545694351196,9045
50.261666774749756,9044
50.28778696060181,9043
50.314247846603394,9042
50.34228992462158,9041
50.3705689907074,9040
50.39715003967285,9039
50.423949003219604,9038
50.45034098625183,9037
50.476704120635986,9036
50.50614881515503,9035
50.533674001693726,9034
50.56079292297363,9033
50.58797287940979,9032
50.61520195007324,9031
50.64208483695984,9030
50.668699979782104,9029
50.69606900215149,9028
50.722646951675415,9027
50.74938607215881,9026
50.77728009223938,9025
50.805538177490234,9024
50.83447980880737,9023
50.863255739212036,9022
50.91676187515259,9021
50.950401067733765,9020
50.97910499572754,9019
51.00618290901184,9018
51.033787965774536,9017
51.061455965042114,9016
51.089393854141235,9015
51.11724591255188,9014
51.14546298980713,9013
51.17421197891235,9012
51.20134687423706,9011
51.22797703742981,9010
51.25449299812317,9009
51.28061079978943,9008
51.30696392059326,9007
51.33341383934021,9006
51.35996699333191,9005
51.386340856552124,9004
51.413065910339355,9003
51.43982911109924,9002
51.46621489524841,9001
51.492438077926636,9000
51.519349098205566,8999
51.54829287528992,8998
51.57571482658386,8997
51.60297703742981,8996
51.62974286079407,8995
51.65643811225891,8994
51.68359708786011,8993
51.71041989326477,8992
51.7369921207428,8991
51.76343894004822,8990
51.79004383087158,8989
51.81649208068848,8988
51.843005895614624,8987
51.86951303482056,8986
51.89582180976868,8985
51.92225885391235,8984
51.94884204864502,8983
51.975542068481445,8982
52.00271701812744,8981
52.02978205680847,8980
52.05708289146423,8979
52.08391499519348,8978
52.11044478416443,8977
52.13701581954956,8976
52.16379499435425,8975
52.19052791595459,8974
52.21800708770752,8973
52.24486994743347,8972
52.27219104766846,8971
52.29936218261719,8970
52.32654285430908,8969
52.353261947631836,8968
52.38024401664734,8967
52.40730285644531,8966
52.43431615829468,8965
52.46118688583374,8964
52.48831582069397,8963
52.51553297042847,8962
52.543622970581055,8961
52.57113814353943,8960
52.59830093383789,8959
52.62524914741516,8958
52.653026819229126,8957
52.6799750328064,8956
52.7070107460022,8955
52.735323905944824,8954
52.76239895820618,8953
52.7933030128479,8952
52.820467948913574,8951
52.848170042037964,8950
52.87516403198242,8949
52.90176010131836,8948
52.9285991191864,8947
52.955389976501465,8946
52.98211193084717,8945
53.00887894630432,8944
53.03595590591431,8943
53.06292414665222,8942
53.08984994888306,8941
53.11666202545166,8940
53.14455604553223,8939
53.17251491546631,8938
53.201173067092896,8937
53.22785687446594,8936
53.25457286834717,8935
53.28128790855408,8934
53.30795907974243,8933
53.3344988822937,8932
53.36105704307556,8931
53.38770890235901,8930
53.41432595252991,8929
53.44084572792053,8928
53.467299938201904,8927
53.49380302429199,8926
53.520161151885986,8925
53.54654288291931,8924
53.57329487800598,8923
53.59986996650696,8922
53.62638282775879,8921
53.652920961380005,8920
53.67988586425781,8919
53.70662307739258,8918
53.733031034469604,8917
53.75962710380554,8916
53.78619909286499,8915
53.812926054000854,8914
53.83965492248535,8913
53.866069078445435,8912
53.89252996444702,8911
53.91895294189453,8910
53.945425033569336,8909
53.971827030181885,8908
53.998188734054565,8907
54.02574014663696,8906
54.05319309234619,8905
54.08016109466553,8904
54.10725688934326,8903
54.13465404510498,8902
54.16158080101013,8901
54.18844795227051,8900
54.21538686752319,8899
54.24255394935608,8898
54.269646883010864,8897
54.29673886299133,8896
54.32360792160034,8895
54.35042476654053,8894
54.37711501121521,8893
54.40471410751343,8892
54.43278908729553,8891
54.46125078201294,8890
54.48921489715576,8889
54.51543188095093,8888
54.54427981376648,8887
54.571367025375366,8886
54.598193883895874,8885
54.6249418258667,8884
54.65256094932556,8883
54.6796338558197,8882
54.70701193809509,8881
54.73412799835205,8880
54.760849952697754,8879
54.78765797615051,8878
54.81413674354553,8877
54.84163475036621,8876
54.86942005157471,8875
54.89734411239624,8874
54.92439889907837,8873
54.9508900642395,8872
54.97715473175049,8871
55.00353789329529,8870
55.03191089630127,8869
55.059592962265015,8868
55.08633875846863,8867
55.112874031066895,8866
55.13989496231079,8865
55.1667799949646,8864
55.19393801689148,8863
55.22108697891235,8862
55.248241901397705,8861
55.27532505989075,8860
55.30239009857178,8859
55.329187870025635,8858
55.35576391220093,8857
55.38259482383728,8856
55.40953493118286,8855
55.43651580810547,8854
55.46351909637451,8853
55.49033713340759,8852
55.51754188537598,8851
55.54479098320007,8850
55.57178807258606,8849
55.59852385520935,8848
55.62508702278137,8847
55.652034759521484,8846
55.67886185646057,8845
55.70544481277466,8844
55.732343912124634,8843
55.75929880142212,8842
55.7861750125885,8841
55.81264686584473,8840
55.83930993080139,8839
55.86593008041382,8838
55.89260387420654,8837
55.91897892951965,8836
55.945881843566895,8835
55.973090171813965,8834
56.00005793571472,8833
56.027055978775024,8832
56.05393695831299,8831
56.08148503303528,8830
56.1083128452301,8829
56.13501691818237,8828
56.161444902420044,8827
56.18836688995361,8826
56.214967012405396,8825
56.24210214614868,8824
56.27072787284851,8823
56.29820799827576,8822
56.32539200782776,8821
56.35237789154053,8820
56.37903094291687,8819
56.40565586090088,8818
56.43233299255371,8817
56.45873689651489,8816
56.48528790473938,8815
56.51176714897156,8814
56.53926682472229,8813
56.56633186340332,8812
56.592905044555664,8811
56.620014905929565,8810
56.6476628780365,8809
56.67472195625305,8808
56.70146107673645,8807
56.727936029434204,8806
56.75575876235962,8805
56.783652782440186,8804
56.81061100959778,8803
56.837822914123535,8802
56.86484098434448,8801
56.89164900779724,8800
56.918402910232544,8799
56.94535994529724,8798
56.9726128578186,8797
57.00018382072449,8796
57.02726674079895,8795
57.05448508262634,8794
57.08151984214783,8793
57.1086311340332,8792
57.135504961013794,8791
57.16245794296265,8790
57.189209938049316,8789
57.216537952423096,8788
57.24387311935425,8787
57.271296977996826,8786
57.30034589767456,8785
57.332895040512085,8784
57.361456871032715,8783
57.389408111572266,8782
57.41967296600342,8781
57.45024275779724,8780
57.477437019348145,8779
57.503917932510376,8778
57.53028416633606,8777
57.55673289299011,8776
57.58310508728027,8775
57.60945391654968,8774
57.63561701774597,8773
57.661760091781616,8772
57.69146990776062,8771
57.71959090232849,8770
57.74827194213867,8769
57.77481389045715,8768
57.802178144454956,8767
57.82907199859619,8766
57.857622146606445,8765
57.8842089176178,8764
57.911972999572754,8763
57.940593957901,8762
57.96766400337219,8761
57.99448895454407,8760
58.021031856536865,8759
58.048184871673584,8758
58.07550382614136,8757
58.102757930755615,8756
58.1311149597168,8755
58.15915083885193,8754
58.18586707115173,8753
58.21222686767578,8752
58.23873996734619,8751
58.26507091522217,8750
58.29140591621399,8749
58.31771802902222,8748
58.34426403045654,8747
58.37201285362244,8746
58.39893984794617,8745
58.42524290084839,8744
58.45184803009033,8743
58.47825598716736,8742
58.50472712516785,8741
58.53312277793884,8740
58.559916734695435,8739
58.5862557888031,8738
58.61250686645508,8737
58.63873100280762,8736
58.66500782966614,8735
58.691152811050415,8734
58.71731901168823,8733
58.74334192276001,8732
58.769593954086304,8731
58.79583501815796,8730
58.822051763534546,8729
58.8482141494751,8728
58.87460780143738,8727
58.90087389945984,8726
58.927934885025024,8725
58.95428490638733,8724
58.999228954315186,8723
59.02730989456177,8722
59.054786920547485,8721
59.081944942474365,8720
59.10878801345825,8719
59.13549494743347,8718
59.16232395172119,8717
59.1892249584198,8716
59.21581196784973,8715
59.24315094947815,8714
59.2703959941864,8713
59.29863977432251,8712
59.32647776603699,8711
59.35426306724548,8710
59.38096904754639,8709
59.40810704231262,8708
59.460232973098755,8707
59.49029302597046,8706
59.519042015075684,8705
59.54576587677002,8704
59.57209491729736,8703
59.598252058029175,8702
59.624232053756714,8701
59.650259017944336,8700
59.676440954208374,8699
59.70267605781555,8698
59.72920608520508,8697
59.75554585456848,8696
59.78199791908264,8695
59.80840611457825,8694
59.83464789390564,8693
59.861193895339966,8692
59.88753271102905,8691
59.91381573677063,8690
59.94013690948486,8689
59.96763801574707,8688
59.994300842285156,8687
60.02140188217163,8686
60.04878115653992,8685
60.07582092285156,8684
60.10269093513489,8683
60.12965512275696,8682
60.15646290779114,8681
60.183117151260376,8680
60.20976376533508,8679
60.236379861831665,8678
60.263548851013184,8677
60.29192781448364,8676
60.319255113601685,8675
60.345813035964966,8674
60.37278175354004,8673
60.39992594718933,8672
60.42733287811279,8671
60.45420813560486,8670
60.481743812561035,8669
60.50929093360901,8668
60.53643298149109,8667
60.56323575973511,8666
60.589903831481934,8665
60.61671304702759,8664
60.643718004226685,8663
60.67045307159424,8662
60.69739389419556,8661
60.724546909332275,8660
60.75160789489746,8659
60.778318881988525,8658
60.80507183074951,8657
60.83276605606079,8656
60.86058807373047,8655
60.88908791542053,8654
60.91646385192871,8653
60.96118783950806,8652
60.98742890357971,8651
61.01491594314575,8650
61.043195962905884,8649
61.07080602645874,8648
61.09820604324341,8647
61.12544393539429,8646
61.15305304527283,8645
61.18074989318848,8644
61.20875096321106,8643
61.23533892631531,8642
61.261698722839355,8641
61.28800582885742,8640
61.31415796279907,8639
61.34064793586731,8638
61.367271900177,8637
61.39349102973938,8636
61.42014193534851,8635
61.446470975875854,8634
61.47274875640869,8633
61.4988968372345,8632
61.52513003349304,8631
61.5532009601593,8630
61.579617977142334,8629
61.60796904563904,8628
61.65087294578552,8627
61.67786693572998,8626
61.70479106903076,8625
61.73158884048462,8624
61.75807785987854,8623
61.784765005111694,8622
61.81161093711853,8621
61.83813190460205,8620
61.86481213569641,8619
61.892574071884155,8618
61.919732093811035,8617
61.94651389122009,8616
61.97322082519531,8615
61.99944996833801,8614
62.02722382545471,8613
62.054489850997925,8612
62.08157706260681,8611
62.10877799987793,8610
62.13746094703674,8609
62.16475200653076,8608
62.19172692298889,8607
62.21824383735657,8606
62.24478483200073,8605
62.27145504951477,8604
62.29865598678589,8603
62.32561993598938,8602
62.352614879608154,8601
62.37944197654724,8600
62.40624284744263,8599
62.433103799819946,8598
62.45990777015686,8597
62.486428022384644,8596
62.51609992980957,8595
62.54292893409729,8594
62.57022500038147,8593
62.59696102142334,8592
62.62382483482361,8591
62.651668071746826,8590
62.67942404747009,8589
62.706899881362915,8588
62.73389792442322,8587
62.760599851608276,8586
62.78755593299866,8585
62.814401149749756,8584
62.84180784225464,8583
62.86915588378906,8582
62.89626979827881,8581
62.92289209365845,8580
62.949931144714355,8579
62.97762680053711,8578
63.005460023880005,8577
63.033056020736694,8576
63.06019401550293,8575
63.087188959121704,8574
63.11392283439636,8573
63.14065194129944,8572
63.167474031448364,8571
63.19551181793213,8570
63.22298502922058,8569
63.25024199485779,8568
63.2767608165741,8567
63.30324196815491,8566
63.329540967941284,8565
63.35597801208496,8564
63.382312059402466,8563
63.408665895462036,8562
63.43510413169861,8561
63.461453914642334,8560
63.48745393753052,8559
63.513559103012085,8558
63.53964900970459,8557
63.56568884849548,8556
63.59191298484802,8555
63.618091106414795,8554
63.645975828170776,8553
63.67330312728882,8552
63.7181179523468,8551
63.7451868057251,8550
63.77185010910034,8549
63.798510789871216,8548
63.825397968292236,8547
63.85332107543945,8546
63.87977600097656,8545
63.90667986869812,8544
63.93331694602966,8543
63.9598548412323,8542
63.986186027526855,8541
64.01268982887268,8540
64.03915810585022,8539
64.0656259059906,8538
64.09201216697693,8537
64.11821293830872,8536
64.14450788497925,8535
64.1710638999939,8534
64.19736289978027,8533
64.22394490242004,8532
64.25042009353638,8531
64.29404807090759,8530
64.32037591934204,8529
64.34677290916443,8528
64.39157795906067,8527
64.418212890625,8526
64.44460391998291,8525
64.47094297409058,8524
64.49702501296997,8523
64.52334690093994,8522
64.5497658252716,8521
64.60200500488281,8520
64.62907600402832,8519
64.65565586090088,8518
64.68190598487854,8517
64.7082588672638,8516
64.7346088886261,8515
64.76087784767151,8514
64.78722786903381,8513
64.81368780136108,8512
64.84035682678223,8511
64.86723494529724,8510
64.89398884773254,8509
64.92037415504456,8508
64.96575999259949,8507
64.9921669960022,8506
65.01840114593506,8505
65.04720902442932,8504
65.0745038986206,8503
65.10154604911804,8502
65.12904191017151,8501
65.15680003166199,8500
65.18460488319397,8499
65.21185493469238,8498
65.23861193656921,8497
65.26538610458374,8496
65.29219484329224,8495
65.31932997703552,8494
65.34616994857788,8493
65.37284684181213,8492
65.39966297149658,8491
65.42672491073608,8490
65.4533760547638,8489
65.48025488853455,8488
65.50703501701355,8487
65.53396797180176,8486
65.56130576133728,8485
65.58812999725342,8484
65.61491680145264,8483
68.8483829498291,8482
68.8748049736023,8481
68.92192697525024,8480
68.94836401939392,8479
68.97472381591797,8478
69.00112104415894,8477
69.02889800071716,8476
69.05628180503845,8475
69.08290386199951,8474
69.10991787910461,8473
69.13690900802612,8472
69.16520977020264,8471
69.19329786300659,8470
69.21994996070862,8469
69.24630403518677,8468
69.27278280258179,8467
69.29913187026978,8466
69.32540607452393,8465
69.35158777236938,8464
70.55584597587585,8463
70.58321285247803,8462
70.610023021698,8461
72.41599106788635,8460
72.44452095031738,8459
72.47440886497498,8458
72.5054018497467,8457
72.53563284873962,8456
72.58918786048889,8455
72.61632704734802,8454
72.64452886581421,8453
72.7143828868866,8452
72.75674796104431,8451
72.80336785316467,8450
72.8551619052887,8449
72.94969987869263,8448
72.97641086578369,8447
73.0377128124237,8446
73.06438493728638,8445
73.11110186576843,8444
73.20217394828796,8443
73.2286229133606,8442
73.2876570224762,8441
73.31508684158325,8440
73.3423490524292,8439
73.42186403274536,8438
73.44916796684265,8437
73.50210094451904,8436
73.52929592132568,8435
73.59562087059021,8434
73.62221598625183,8433
73.6834728717804,8432
73.71175503730774,8431
73.77621579170227,8430
73.82690215110779,8429
73.85368204116821,8428
73.91208600997925,8427
73.93971395492554,8426
74.01774907112122,8425
74.08127498626709,8424
74.10753798484802,8423
74.14686703681946,8422
74.18928790092468,8421
74.21565699577332,8420
74.28958296775818,8419
74.31595301628113,8418
74.34222483634949,8417
74.36850786209106,8416
74.39496397972107,8415
74.42147088050842,8414
74.48572707176208,8413
74.51209092140198,8412
74.55488276481628,8411
74.58323884010315,8410
74.65155410766602,8409
74.677983045578,8408
74.72560596466064,8407
74.75209593772888,8406
74.8103129863739,8405
74.83668518066406,8404
74.88387107849121,8403
74.91015601158142,8402
74.96473693847656,8401
74.9913239479065,8400
75.03496193885803,8399
75.06169605255127,8398
75.16788983345032,8397
75.2149031162262,8396
75.24124503135681,8395
75.28231978416443,8394
75.3092110157013,8393
75.36010193824768,8392
75.38662886619568,8391
75.44916677474976,8390
75.47539782524109,8389
75.51336789131165,8388
75.53939580917358,8387
75.60936307907104,8386
75.6358118057251,8385
75.7015118598938,8384
75.78507494926453,8383
75.85747790336609,8382
75.94921708106995,8381
75.97627401351929,8380
76.03141188621521,8379
76.05904006958008,8378
76.10778975486755,8377
76.13518905639648,8376
76.16312098503113,8375
76.18990397453308,8374
76.25807595252991,8373
76.2844398021698,8372
76.32837891578674,8371
76.37055802345276,8370
76.43498706817627,8369
76.46142482757568,8368
76.52192687988281,8367
76.5483009815216,8366
76.61189413070679,8365
76.63810205459595,8364
76.69977974891663,8363
76.72615790367126,8362
76.79133892059326,8361
76.81804704666138,8360
76.87182807922363,8359
76.92284798622131,8358
76.94936394691467,8357
77.02428388595581,8356
77.05079197883606,8355
77.12166690826416,8354
77.14812707901001,8353
77.19526791572571,8352
77.2218849658966,8351
77.24855875968933,8350
77.27521586418152,8349
77.34111380577087,8348
77.36761283874512,8347
77.44339108467102,8346
77.46972608566284,8345
77.53996586799622,8344
77.56643676757812,8343
77.61079692840576,8342
77.65257406234741,8341
77.67880511283875,8340
77.7500958442688,8339
77.77623987197876,8338
77.85241389274597,8337
77.8788709640503,8336
77.9413230419159,8335
77.98717904090881,8334
78.01355981826782,8333
78.07493495941162,8332
78.10145306587219,8331
78.15845513343811,8330
78.2023298740387,8329
78.22863292694092,8328
78.30498003959656,8327
78.33118176460266,8326
78.40940499305725,8325
78.43597912788391,8324
78.50485897064209,8323
78.5331199169159,8322
78.59477400779724,8321
78.62176275253296,8320
78.68004894256592,8319
78.70680093765259,8318
78.76919674873352,8317
78.84309887886047,8316
78.86940288543701,8315
78.94377398490906,8314
78.97029900550842,8313
79.04067993164062,8312
79.06717705726624,8311
79.12559795379639,8310
79.15201497077942,8309
79.20254015922546,8308
79.22909498214722,8307
79.26727986335754,8306
79.29375696182251,8305
79.37776374816895,8304
79.4072380065918,8303
79.47173500061035,8302
79.49813890457153,8301
79.5808629989624,8300
79.62755107879639,8299
79.67757606506348,8298
79.718346118927,8297
91.64071607589722,8296
98.95405793190002,8295
98.98057699203491,8294
99.03178691864014,8293
99.05849194526672,8292
99.08519697189331,8291
99.13786816596985,8290
99.17717409133911,8289
99.22090291976929,8288
99.6963758468628,8287
99.73742699623108,8286
99.83422183990479,8285
99.86108899116516,8284
99.90957283973694,8283
99.96305894851685,8282
100.00322985649109,8281
100.03057098388672,8280
100.07924795150757,8279
100.10718297958374,8278
103.02785205841064,8277
103.42279601097107,8276
103.46411800384521,8275
103.51103115081787,8274
103.5624430179596,8273
103.60631895065308,8272
103.65529203414917,8271
103.69886493682861,8270
103.81739807128906,8269
103.87015700340271,8268
103.89826393127441,8267
103.95634698867798,8266
103.99770903587341,8265
104.04687595367432,8264
104.07389688491821,8263
104.21062898635864,8262
104.24992990493774,8261
104.29533004760742,8260
104.33700799942017,8259
104.38447594642639,8258
104.43677186965942,8257
104.48633408546448,8256
104.5392677783966,8255
104.56627798080444,8254
104.71716403961182,8253
104.9191370010376,8252
104.94614505767822,8251
104.97298192977905,8250
105.01163792610168,8249
105.05917286872864,8248
105.11257100105286,8247
105.16747975349426,8246
105.21194815635681,8245
105.26109790802002,8244
105.31200385093689,8243
105.38812804222107,8242
105.6944088935852,8241
105.74248695373535,8240
105.78970098495483,8239
105.84017896652222,8238
106.04845809936523,8237
106.0762870311737,8236
106.12144899368286,8235
106.17347192764282,8234
106.41894674301147,8233
106.47088289260864,8232
106.5240969657898,8231
106.76300096511841,8230
106.81214594841003,8229
107.04233598709106,8228
107.08392405509949,8227
107.13069176673889,8226
107.32004308700562,8225
107.40307211875916,8224
107.44742774963379,8223
107.49365401268005,8222
107.69648790359497,8221
107.76360511779785,8220
107.80681872367859,8219
107.85177993774414,8218
108.06679081916809,8217
108.15184378623962,8216
108.19746685028076,8215
108.42506885528564,8214
108.49903702735901,8213
108.52723097801208,8212
108.57012677192688,8211
108.75207710266113,8210
108.81407284736633,8209
108.86488080024719,8208
109.07976984977722,8207
109.12546491622925,8206
109.18719172477722,8205
109.23129200935364,8204
109.46181511878967,8203
109.49269676208496,8202
109.58490085601807,8201
109.62610387802124,8200
109.82894110679626,8199
109.89280104637146,8198
109.98797702789307,8197
110.17259907722473,8196
110.21334409713745,8195
110.26155090332031,8194
110.33308291435242,8193
110.52304697036743,8192
110.55079293251038,8191
110.66064381599426,8190
110.76890087127686,8189
110.84770584106445,8188
110.90178894996643,8187
110.99138379096985,8186
111.0763750076294,8185
111.14413094520569,8184
111.25820803642273,8183
111.33175611495972,8182
111.38529992103577,8181
111.45847201347351,8180
111.65052914619446,8179
111.6952178478241,8178
111.93193507194519,8177
111.98600506782532,8176
112.01287293434143,8175
112.21608781814575,8174
112.25608205795288,8173
112.29946303367615,8172
112.47621297836304,8171
112.5247130393982,8170
112.55142402648926,8169
112.59952807426453,8168
112.7491557598114,8167
112.79768991470337,8166
112.82426190376282,8165
112.86572074890137,8164
113.08425402641296,8163
113.11179399490356,8162
113.13939476013184,8161
113.18941593170166,8160
113.40372586250305,8159
113.43187594413757,8158
113.45917797088623,8157
113.51099801063538,8156
113.70918893814087,8155
113.76279616355896,8154
113.78948307037354,8153
113.8162488937378,8152
113.9949541091919,8151
114.04042291641235,8150
114.06723475456238,8149
114.11381101608276,8148
114.29237198829651,8147
114.3387610912323,8146
114.40284705162048,8145
114.59978604316711,8144
114.76034212112427,8143
114.8034439086914,8142
114.86534404754639,8141
115.07051587104797,8140
115.12379908561707,8139
115.1982250213623,8138
115.43572902679443,8137
115.46285891532898,8136
115.5027768611908,8135
115.5604920387268,8134
115.79377388954163,8133
115.84659004211426,8132
115.9006040096283,8131
116.1050717830658,8130
116.13223791122437,8129
116.1802110671997,8128
116.36257696151733,8127
116.38930892944336,8126
116.53047513961792,8125
116.63033699989319,8124
116.67022180557251,8123
116.79551696777344,8122
116.89197278022766,8121
116.98952794075012,8120
117.1214189529419,8119
117.20431280136108,8118
117.29192996025085,8117
117.4001829624176,8116
117.46904182434082,8115
117.53956484794617,8114
117.74999403953552,8113
118.07904291152954,8112
118.12057185173035,8111
118.16991806030273,8110
118.21473693847656,8109
118.25408887863159,8108
118.28074193000793,8107
118.43374705314636,8106
118.47381591796875,8105
118.52231192588806,8104
118.56114482879639,8103
118.6093168258667,8102
118.65215587615967,8101
118.70285177230835,8100
118.81982183456421,8099
118.85894513130188,8098
118.91006588935852,8097
118.95504593849182,8096
119.00210905075073,8095
119.02883100509644,8094
119.05557203292847,8093
119.10793995857239,8092
119.1348078250885,8091
119.17752289772034,8090
119.28894591331482,8089
119.33544993400574,8088
119.38952398300171,8087
119.45895600318909,8086
119.50924301147461,8085
119.56176996231079,8084
119.60283589363098,8083
119.64933395385742,8082
119.6978189945221,8081
119.74920392036438,8080
119.80145382881165,8079
119.8413598537445,8078
119.88477396965027,8077
119.9115309715271,8076
119.95105004310608,8075
119.99053502082825,8074
120.03862690925598,8073
120.28853988647461,8072
120.33725905418396,8071
120.38834691047668,8070
120.4159209728241,8069
120.64129304885864,8068
120.72081208229065,8067
120.76956295967102,8066
120.934978723526,8065
121.02561688423157,8064
121.07125782966614,8063
121.17962384223938,8062
121.29594087600708,8061
121.38254690170288,8060
121.42851400375366,8059
121.54867005348206,8058
121.66852903366089,8057
121.72076606750488,8056
121.76573014259338,8055
121.86580514907837,8054
121.96448111534119,8053
122.04675579071045,8052
122.09659194946289,8051
122.13920283317566,8050
122.21026110649109,8049
122.3330078125,8048
122.4001898765564,8047
122.44714188575745,8046
122.57681584358215,8045
122.71490097045898,8044
122.8016037940979,8043
122.84760785102844,8042
122.94976997375488,8041
123.1010308265686,8040
123.18420886993408,8039
123.22824501991272,8038
123.3384358882904,8037
123.4514799118042,8036
123.53654885292053,8035
123.6697428226471,8034
123.74931192398071,8033
123.79162693023682,8032
123.95780491828918,8031
124.00161600112915,8030
124.05990791320801,8029
124.2724859714508,8028
124.32091403007507,8027
124.3941559791565,8026
124.60508489608765,8025
124.6468517780304,8024
124.69690489768982,8023
124.74183082580566,8022
124.93345379829407,8021
124.98152184486389,8020
125.07028198242188,8019
125.23908305168152,8018
125.46726894378662,8017
125.67396783828735,8016
125.70169496536255,8015
125.72895193099976,8014
125.77834892272949,8013
125.96410298347473,8012
126.01373600959778,8011
126.040855884552,8010
126.22713875770569,8009
126.27855801582336,8008
126.30678510665894,8007
126.49428987503052,8006
126.55707693099976,8005
126.7409439086914,8004
126.80367588996887,8003
126.84919595718384,8002
126.87639689445496,8001
127.05094194412231,8000
127.11613178253174,7999
127.1712257862091,7998
127.30675482749939,7997
127.39200377464294,7996
127.44580793380737,7995
127.5121591091156,7994
127.60077381134033,7993
127.6843011379242,7992
127.75363397598267,7991
127.92406892776489,7990
127.97044396400452,7989
127.99737977981567,7988
128.0405788421631,7987
128.25962591171265,7986
128.3027400970459,7985
128.33043789863586,7984
128.51170992851257,7983
128.5624761581421,7982
128.67317986488342,7981
128.7403028011322,7980
128.80447101593018,7979
128.85967183113098,7978
129.02027797698975,7977
129.09926509857178,7976
129.21319794654846,7975
129.2595090866089,7974
129.3165898323059,7973
129.4393060207367,7972
129.5264368057251,7971
129.6609878540039,7970
129.71298599243164,7969
129.9042420387268,7968
129.93108987808228,7967
129.97477984428406,7966
130.0249888896942,7965
130.25489282608032,7964
130.30685591697693,7963
130.35518288612366,7962
130.44561386108398,7961
130.57324194908142,7960
130.68787097930908,7959
130.73357391357422,7958
130.8432478904724,7957
130.96558690071106,7956
131.05055689811707,7955
131.10183882713318,7954
131.20283913612366,7953
131.33800196647644,7952
131.42546200752258,7951
131.481871843338,7950
131.75501894950867,7949
131.80762386322021,7948
131.86052680015564,7947
131.90286111831665,7946
132.2050929069519,7945
132.2463297843933,7944
132.2731490135193,7943
132.98890805244446,7942
133.05691599845886,7941
133.19242691993713,7940
133.24400687217712,7939
133.32213187217712,7938
133.36139392852783,7937
133.47444987297058,7936
133.52644395828247,7935
133.6352949142456,7934
133.66282486915588,7933
133.78674793243408,7932
133.84689593315125,7931
133.89848613739014,7930
134.00638699531555,7929
134.06142592430115,7928
134.18525505065918,7927
134.22748494148254,7926
134.34301018714905,7925
134.37051796913147,7924
134.50674891471863,7923
134.54809713363647,7922
134.61505484580994,7921
134.66201400756836,7920
134.7493441104889,7919
134.7767927646637,7918
134.8652811050415,7917
135.02855396270752,7916
135.12597393989563,7915
135.1873049736023,7914
135.27594089508057,7913
135.33957195281982,7912
135.4120011329651,7911
135.5120620727539,7910
135.80570602416992,7909
135.89262104034424,7908
135.9662730693817,7907
136.05099987983704,7906
136.0797679424286,7905
136.1555368900299,7904
136.20328402519226,7903
136.28718400001526,7902
136.41230297088623,7901
136.51342010498047,7900
136.61294603347778,7899
136.6638150215149,7898
136.72885990142822,7897
136.8489260673523,7896
136.93858313560486,7895
137.02944207191467,7894
137.24552512168884,7893
137.31043004989624,7892
137.41496396064758,7891
137.45719408988953,7890
137.57170009613037,7889
137.61769795417786,7888
137.7463481426239,7887
137.79760098457336,7886
137.89562797546387,7885
137.92363810539246,7884
138.04108595848083,7883
138.08526492118835,7882
138.11468696594238,7881
138.21073293685913,7880
138.23800778388977,7879
138.35022687911987,7878
138.37729001045227,7877
138.47320079803467,7876
138.61994099617004,7875
138.64683079719543,7874
138.7655429840088,7873
138.88925004005432,7872
138.96137881278992,7871
139.01670789718628,7870
139.07273817062378,7869
139.21224188804626,7868
139.28368210792542,7867
139.37398982048035,7866
139.46039390563965,7865
139.55037379264832,7864
139.59337306022644,7863
139.66217303276062,7862
139.7393500804901,7861
139.94188594818115,7860
140.01276898384094,7859
140.10259890556335,7858
140.1921899318695,7857
140.26610493659973,7856
140.34769487380981,7855
140.40967988967896,7854
140.4789698123932,7853
140.61535906791687,7852
140.71504592895508,7851
140.7648048400879,7850
140.82099986076355,7849
140.86772990226746,7848
141.02257108688354,7847
141.08644676208496,7846
141.17736291885376,7845
145.0739779472351,7844
145.10170602798462,7843
145.12966394424438,7842
145.1574969291687,7841
145.18502187728882,7840
145.21255707740784,7839
145.24257588386536,7838
145.26990294456482,7837
145.2977809906006,7836
145.324866771698,7835
145.3516297340393,7834
145.37943601608276,7833
145.40703010559082,7832
145.4344630241394,7831
145.48167085647583,7830
145.5090901851654,7829
145.5358898639679,7828
145.56368207931519,7827
145.59382605552673,7826
145.62247776985168,7825
145.65001797676086,7824
145.67766690254211,7823
145.70544600486755,7822
145.73285675048828,7821
145.78833198547363,7820
145.81743597984314,7819
145.84695887565613,7818
145.8753559589386,7817
145.9528467655182,7816
145.982403755188,7815
146.01241183280945,7814
146.0409300327301,7813
146.0681710243225,7812
146.09579300880432,7811
146.12368893623352,7810
146.15080189704895,7809
146.177720785141,7808
146.20452404022217,7807
146.23138785362244,7806
146.2592258453369,7805
146.28582882881165,7804
146.31207299232483,7803
146.33830499649048,7802
146.3664357662201,7801
146.39395999908447,7800
146.4368498325348,7799
146.46446895599365,7798
146.49224877357483,7797
146.5209128856659,7796
146.56559991836548,7795
146.59417605400085,7794
146.62185406684875,7793
146.6503040790558,7792
146.6795210838318,7791
146.70820212364197,7790
146.7355227470398,7789
146.76248288154602,7788
146.78931593894958,7787
146.8161427974701,7786
146.84311890602112,7785
146.86991596221924,7784
146.89910507202148,7783
146.9285430908203,7782
146.95716786384583,7781
146.9854679107666,7780
147.01270198822021,7779
147.0396728515625,7778
147.06652808189392,7777
147.0946638584137,7776
147.1230390071869,7775
147.15506386756897,7774
147.1849308013916,7773
147.21358394622803,7772
147.26758408546448,7771
147.2970769405365,7770
147.32551789283752,7769
147.35336089134216,7768
147.40340209007263,7767
147.4350769519806,7766
147.46585202217102,7765
149.37947916984558,7764
149.40840983390808,7763
149.47180604934692,7762
149.49924206733704,7761
149.52920198440552,7760
149.55757808685303,7759
149.58484983444214,7758
149.61272287368774,7757
149.6402928829193,7756
149.66778993606567,7755
149.6953308582306,7754
149.72296786308289,7753
149.7502019405365,7752
149.82089185714722,7751
149.8483259677887,7750
149.89626097679138,7749
149.9239161014557,7748
149.9514398574829,7747
149.97921895980835,7746
150.0065701007843,7745
150.03526496887207,7744
150.0630350112915,7743
150.09071111679077,7742
150.11824584007263,7741
150.14573907852173,7740
150.1729757785797,7739
150.20024299621582,7738
150.27995800971985,7737
150.62917399406433,7736
150.70677995681763,7735
150.79150485992432,7734
150.83255100250244,7733
150.9356827735901,7732
151.06588196754456,7731
151.15117001533508,7730
151.26517415046692,7729
151.37638092041016,7728
151.47100400924683,7727
151.59031200408936,7726
151.64616990089417,7725
151.70075297355652,7724
152.63959002494812,7723
153.54707312583923,7722
153.82472395896912,7721
153.92707896232605,7720
154.0414547920227,7719
154.13253092765808,7718
154.22510480880737,7717
154.28033208847046,7716
154.37090802192688,7715
154.42332792282104,7714
154.56266593933105,7713
154.65660500526428,7712
154.73373794555664,7711
154.779611825943,7710
154.84090399742126,7709
155.04614686965942,7708
155.15405297279358,7707
155.26645302772522,7706
155.31350684165955,7705
155.36665987968445,7704
155.4205288887024,7703
157.437255859375,7702
157.99562096595764,7701
158.02373504638672,7700
158.05119109153748,7699
158.87004399299622,7698
158.9770040512085,7697
159.13370180130005,7696
159.29447388648987,7695
159.44131588935852,7694
159.48032593727112,7693
159.58663988113403,7692
159.85080981254578,7691
159.93457889556885,7690
160.00386214256287,7689
160.06835198402405,7688
160.2223198413849,7687
160.30975484848022,7686
160.3828947544098,7685
160.45834589004517,7684
160.56072998046875,7683
160.63618993759155,7682
160.7402708530426,7681
160.81428408622742,7680
160.89157676696777,7679
160.97763681411743,7678
161.08242797851562,7677
161.1567850112915,7676
161.22095108032227,7675
161.38755893707275,7674
161.47145891189575,7673
161.54354596138,7672
161.62206602096558,7671
161.72411179542542,7670
161.80186796188354,7669
161.87350511550903,7668
161.93301582336426,7667
162.1075839996338,7666
162.17885899543762,7665
162.24632787704468,7664
162.32431292533875,7663
162.42769598960876,7662
162.50036096572876,7661
162.64472603797913,7660
162.72462582588196,7659
162.81545186042786,7658
162.8740198612213,7657
162.9450249671936,7656
163.016450881958,7655
163.1470170021057,7654
163.23041486740112,7653
163.30240392684937,7652
163.4123179912567,7651
163.49781894683838,7650
163.58154296875,7649
163.62419295310974,7648
163.74876809120178,7647
163.82313203811646,7646
163.92521286010742,7645
164.0548858642578,7644
164.0999789237976,7643
164.17233109474182,7642
164.2758469581604,7641
164.368714094162,7640
164.42693495750427,7639
164.49851179122925,7638
164.54022002220154,7637
164.62502884864807,7636
164.7759177684784,7635
164.9659059047699,7634
165.0504870414734,7633
165.08995294570923,7632
165.18132090568542,7631
165.2507939338684,7630
165.3715159893036,7629
165.45167183876038,7628
165.51392483711243,7627
165.62596106529236,7626
165.70367693901062,7625
165.7447030544281,7624
165.78612518310547,7623
165.92952489852905,7622
166.0143780708313,7621
166.0995740890503,7620
166.1546950340271,7619
166.21980381011963,7618
166.29508209228516,7617
166.42651987075806,7616
166.48669505119324,7615
166.64134788513184,7614
166.743488073349,7613
166.81452703475952,7612
166.8962230682373,7611
167.06755900382996,7610
167.16030502319336,7609
167.28535890579224,7608
167.40139508247375,7607
167.47161889076233,7606
167.53580498695374,7605
167.66587710380554,7604
167.7535481452942,7603
167.87324285507202,7602
168.00251388549805,7601
168.0642728805542,7600
168.13310480117798,7599
168.2203540802002,7598
168.30140089988708,7597
168.48815393447876,7596
168.5961878299713,7595
168.67996096611023,7594
168.72196578979492,7593
168.85126185417175,7592
168.94550895690918,7591
169.10021901130676,7590
169.27582693099976,7589
169.34100985527039,7588
169.46219301223755,7587
169.63642191886902,7586
169.69833087921143,7585
169.8139569759369,7584
169.8713459968567,7583
169.9683437347412,7582
170.17823910713196,7581
170.27641606330872,7580
170.33087587356567,7579
170.43145203590393,7578
170.48606705665588,7577
170.61697793006897,7576
170.71978402137756,7575
170.83260703086853,7574
170.98481702804565,7573
171.04552102088928,7572
171.1203420162201,7571
171.2036328315735,7570
171.27636575698853,7569
171.56930375099182,7568
171.6606478691101,7567
171.83669996261597,7566
171.93882489204407,7565
172.07600378990173,7564
172.10372304916382,7563
172.16567993164062,7562
172.32994103431702,7561
172.40580415725708,7560
172.47742176055908,7559
172.7275788784027,7558
172.7848038673401,7557
172.84691882133484,7556
172.97858595848083,7555
173.06001591682434,7554
173.14080381393433,7553
173.27830410003662,7552
173.3570110797882,7551
173.42874813079834,7550
173.50649404525757,7549
173.6038498878479,7548
173.65653896331787,7547
173.78899478912354,7546
173.88545203208923,7545
173.9544939994812,7544
174.04418802261353,7543
174.1210789680481,7542
174.27263188362122,7541
174.41299676895142,7540
174.48416113853455,7539
174.62379598617554,7538
174.77790689468384,7537
174.90276193618774,7536
175.04939603805542,7535
175.13309597969055,7534
175.49311184883118,7533
175.55196595191956,7532
175.624440908432,7531
175.76449298858643,7530
175.82582092285156,7529
175.88916301727295,7528
175.97562098503113,7527
176.0770559310913,7526
176.13314485549927,7525
176.17864775657654,7524
176.64668488502502,7523
176.7330780029297,7522
176.79350185394287,7521
176.86366891860962,7520
176.89118695259094,7519
177.0125708580017,7518
177.12896394729614,7517
177.21051597595215,7516
177.29443883895874,7515
177.38355994224548,7514
177.44065308570862,7513
177.57197189331055,7512
177.66038298606873,7511
177.9215428829193,7510
177.96576690673828,7509
178.1224341392517,7508
178.1990978717804,7507
178.28065991401672,7506
178.33848881721497,7505
178.42623901367188,7504
178.50408387184143,7503
178.59803915023804,7502
178.69886708259583,7501
178.75948905944824,7500
178.82844591140747,7499
178.88659477233887,7498
178.9690408706665,7497
179.04854202270508,7496
179.25648498535156,7495
179.47758102416992,7494
179.56229782104492,7493
179.62588500976562,7492
179.71037006378174,7491
179.8744421005249,7490
179.9339678287506,7489
179.99938488006592,7488
180.10763692855835,7487
180.26323795318604,7486
180.30447483062744,7485
180.37071990966797,7484
180.49315881729126,7483
180.75879883766174,7482
180.91087102890015,7481
181.00359082221985,7480
181.08195090293884,7479
181.163311958313,7478
181.21023178100586,7477
181.275808095932,7476
181.36433792114258,7475
181.48714303970337,7474
181.53055381774902,7473
181.61176705360413,7472
181.6901249885559,7471
181.77520394325256,7470
181.8481469154358,7469
181.91274094581604,7468
182.22815704345703,7467
182.3466670513153,7466
182.41469597816467,7465
182.47923684120178,7464
182.5390748977661,7463
182.58803296089172,7462
182.71712684631348,7461
182.90609908103943,7460
182.95335984230042,7459
183.17411589622498,7458
183.25028204917908,7457
183.3463819026947,7456
183.5238699913025,7455
183.6063838005066,7454
183.77099990844727,7453
183.9357340335846,7452
184.04014897346497,7451
184.13781571388245,7450
184.19126510620117,7449
184.28016591072083,7448
184.36055088043213,7447
184.59058475494385,7446
184.67653512954712,7445
184.71793293952942,7444
184.82894802093506,7443
184.90113997459412,7442
185.00054788589478,7441
185.0565938949585,7440
185.1154079437256,7439
185.19796800613403,7438
185.25135588645935,7437
185.41733503341675,7436
185.53369283676147,7435
185.73135900497437,7434
185.86761593818665,7433
185.93663096427917,7432
186.00241208076477,7431
186.07039785385132,7430
186.17110085487366,7429
186.27736711502075,7428
186.36900687217712,7427
186.51856803894043,7426
186.56308794021606,7425
186.64412689208984,7424
186.71465706825256,7423
186.79376697540283,7422
186.97343683242798,7421
187.03546690940857,7420
187.12758612632751,7419
187.16952896118164,7418
187.3094301223755,7417
187.48010087013245,7416
187.56795382499695,7415
187.63905906677246,7414
187.70436310768127,7413
187.80364298820496,7412
187.87145495414734,7411
187.94100785255432,7410
188.0418119430542,7409
188.11820077896118,7408
188.17339992523193,7407
188.2740240097046,7406
188.35281491279602,7405
188.42128491401672,7404
188.50165510177612,7403
188.57803606987,7402
188.66108179092407,7401
188.7876968383789,7400
188.8578929901123,7399
188.91098499298096,7398
189.06312894821167,7397
189.13058996200562,7396
189.35368704795837,7395
189.39412879943848,7394
189.45021605491638,7393
189.52257204055786,7392
189.6746518611908,7391
189.75368285179138,7390
189.81994700431824,7389
189.8888828754425,7388
189.9743309020996,7387
190.1501030921936,7386
190.2182319164276,7385
190.303719997406,7384
190.36870193481445,7383
190.43250679969788,7382
190.55308294296265,7381
190.90634489059448,7380
190.9337329864502,7379
191.20631670951843,7378
191.42417788505554,7377
191.57368874549866,7376
191.70071983337402,7375
191.77674508094788,7374
191.82912492752075,7373
191.89575099945068,7372
192.02100586891174,7371
192.1065318584442,7370
192.2050440311432,7369
192.26586389541626,7368
192.41972589492798,7367
192.5677649974823,7366
192.69818091392517,7365
192.75823593139648,7364
192.83437085151672,7363
192.99076104164124,7362
193.22218799591064,7361
193.33390998840332,7360
193.41255402565002,7359
193.47014617919922,7358
193.5811951160431,7357
193.74144196510315,7356
193.88255190849304,7355
193.9947111606598,7354
194.08671379089355,7353
194.1839680671692,7352
194.2555799484253,7351
194.39845991134644,7350
194.47942876815796,7349
194.55744194984436,7348
194.63472485542297,7347
194.80299186706543,7346
194.85765504837036,7345
194.93037700653076,7344
195.08935499191284,7343
195.24196696281433,7342
195.3565468788147,7341
195.47414302825928,7340
195.5265941619873,7339
195.59966015815735,7338
195.84279894828796,7337
195.9427888393402,7336
195.9835720062256,7335
196.06934785842896,7334
196.2839548587799,7333
196.4082670211792,7332
196.53265380859375,7331
196.71455597877502,7330
196.79480981826782,7329
196.97971200942993,7328
197.12361979484558,7327
197.21654391288757,7326
197.37861514091492,7325
197.6053991317749,7324
197.718346118927,7323
197.77674293518066,7322
197.85693383216858,7321
197.9324460029602,7320
198.01228189468384,7319
198.2501780986786,7318
198.31078100204468,7317
198.3724889755249,7316
198.4390218257904,7315
198.57719683647156,7314
198.78541707992554,7313
198.8828489780426,7312
198.94496273994446,7311
199.13257598876953,7310
199.18797993659973,7309
199.25275897979736,7308
199.36791682243347,7307
199.4727077484131,7306
199.56330800056458,7305
199.72137713432312,7304
199.78025603294373,7303
199.88603591918945,7302
200.153568983078,7301
200.21751403808594,7300
200.30075597763062,7299
200.66611409187317,7298
200.7549159526825,7297
200.9986970424652,7296
201.06092596054077,7295
201.1452600955963,7294
201.34558081626892,7293
201.41774106025696,7292
201.47845578193665,7291
201.5525929927826,7290
201.62722492218018,7289
201.7806978225708,7288
201.85679697990417,7287
201.93219995498657,7286
201.95960307121277,7285
201.99877095222473,7284
202.05608701705933,7283
202.15719604492188,7282
202.23698091506958,7281
202.4822108745575,7280
202.6289939880371,7279
202.75359582901,7278
202.82778906822205,7277
202.8550899028778,7276
202.8821759223938,7275
202.90957498550415,7274
202.93671774864197,7273
202.96418595314026,7272
202.99156403541565,7271
203.01872897148132,7270
203.04640698432922,7269
203.07372093200684,7268
203.10074591636658,7267
203.15508890151978,7266
203.18261575698853,7265
203.22248792648315,7264
203.2495219707489,7263
203.27730798721313,7262
203.30484986305237,7261
203.33265495300293,7260
203.36118984222412,7259
203.38880491256714,7258
203.41623306274414,7257
203.44365000724792,7256
203.471088886261,7255
203.49832773208618,7254
203.52630496025085,7253
203.5534999370575,7252
203.5972728729248,7251
203.6713149547577,7250
203.6982238292694,7249
203.72485399246216,7248
203.75147700309753,7247
203.7780909538269,7246
203.80462098121643,7245
203.8310170173645,7244
203.85756492614746,7243
203.88409399986267,7242
203.91074204444885,7241
203.9373209476471,7240
203.96384286880493,7239
203.99062395095825,7238
204.03068089485168,7237
204.05722284317017,7236
204.0836079120636,7235
204.11010885238647,7234
204.1365029811859,7233
204.18084573745728,7232
204.20755791664124,7231
204.2341718673706,7230
204.2607660293579,7229
204.3294620513916,7228
204.35613179206848,7227
204.38244485855103,7226
204.4102327823639,7225
204.4510519504547,7224
204.47858595848083,7223
204.50612902641296,7222
204.53349089622498,7221
204.56092810630798,7220
204.5882158279419,7219
204.61528086662292,7218
204.64280891418457,7217
204.67067909240723,7216
204.69792890548706,7215
204.72532892227173,7214
204.7657859325409,7213
204.8075499534607,7212
204.83493494987488,7211
204.8624551296234,7210
204.8897669315338,7209
204.91697001457214,7208
204.94463396072388,7207
204.97213077545166,7206
205.0256290435791,7205
205.05209398269653,7204
205.07852697372437,7203
205.26063179969788,7202
206.9980218410492,7201
207.02444195747375,7200
207.0712969303131,7199
207.09767603874207,7198
207.12393403053284,7197
207.15151190757751,7196
207.17864298820496,7195
207.2052710056305,7194
207.2318148612976,7193
207.25841999053955,7192
207.28496599197388,7191
207.31161093711853,7190
207.33811211585999,7189
207.38490200042725,7188
207.41150903701782,7187
207.4380748271942,7186
207.46477603912354,7185
207.49145197868347,7184
207.51807379722595,7183
207.5447278022766,7182
207.57143998146057,7181
207.5980429649353,7180
207.62468886375427,7179
207.65135598182678,7178
208.38211679458618,7177
209.6603720188141,7176
209.83003187179565,7175
209.90960097312927,7174
211.53659081459045,7173
212.83386492729187,7172
213.46129202842712,7171
213.5014238357544,7170
213.52917790412903,7169
213.5572109222412,7168
213.58531785011292,7167
213.61226201057434,7166
213.89499187469482,7165
214.40475296974182,7164
218.53910207748413,7163
222.21355080604553,7162
230.32815098762512,7161
230.3557369709015,7160
230.38309693336487,7159
230.41078782081604,7158
230.43811416625977,7157
230.51087379455566,7156
230.5609049797058,7155
230.58812594413757,7154
230.71309185028076,7153
230.74003791809082,7152
230.76679611206055,7151
230.8127839565277,7150
230.83957195281982,7149
230.86624908447266,7148
230.89295387268066,7147
230.91973686218262,7146
230.98697876930237,7145
231.01515197753906,7144
231.06204795837402,7143
231.0896668434143,7142
231.1313660144806,7141
231.17515182495117,7140
231.2793517112732,7139
231.3067228794098,7138
231.36061000823975,7137
231.4496488571167,7136
231.5176157951355,7135
