0.0,982240
224.36600708961487,6803
224.36735820770264,6802
224.3686933517456,6801
224.36931920051575,6800
224.36949706077576,6799
224.369784116745,6798
224.37042617797852,6797
224.37327527999878,6796
224.3802411556244,6795
224.38570022583008,6794
224.38598608970642,6793
224.38648533821106,6792
224.388245344162,6791
224.388991355896,6790
224.38915729522705,6789
224.38966012001038,6788
224.3903033733368,6787
224.3908121585846,6786
224.39222621917725,6785
224.39570307731628,6784
224.39677906036377,6783
224.39706230163574,6782
224.40185713768005,6781
224.40352201461792,6780
224.4040219783783,6779
224.4064633846283,6778
224.40719628334045,6777
224.40737509727478,6776
224.40754318237305,6775
224.40827012062073,6774
224.40867137908936,6773
224.40917134284973,6772
224.40991735458374,6771
224.41041612625122,6770
224.41070222854614,6769
224.4120101928711,6768
224.41278719902039,6767
224.41352224349976,6766
224.41574215888977,6765
224.4172751903534,6764
224.41767716407776,6763
224.41897535324097,6762
224.42201328277588,6761
224.42672109603882,6760
224.4287211894989,6759
224.42922806739807,6758
224.4327871799469,6757
224.43295526504517,6756
224.43312215805054,6755
224.4350881576538,6754
224.43673706054688,6753
224.43713116645813,6752
224.438645362854,6751
224.439519405365,6750
224.43991231918335,6749
224.44405508041382,6748
224.4444601535797,6747
224.44474530220032,6746
224.44491314888,6745
224.44530034065247,6744
224.44750213623047,6743
224.45024919509888,6742
224.45075821876526,6741
224.4509241580963,6740
224.4515302181244,6739
224.45170831680298,6738
224.45221138000488,6737
224.45237612724304,6736
224.4528751373291,6735
224.4533760547638,6734
224.4536612033844,6733
224.45645904541016,6732
224.45674419403076,6731
224.45735812187195,6730
224.45763301849365,6729
224.45859241485596,6728
224.45900011062622,6727
224.46087217330933,6726
224.46140313148499,6725
224.4615662097931,6724
224.4621810913086,6723
224.46541905403137,6722
224.46660017967224,6721
224.46677827835083,6720
224.4682240486145,6719
224.46839714050293,6718
224.4699342250824,6717
224.47089505195618,6716
224.4715142250061,6715
224.47190237045288,6714
224.47444415092468,6713
224.4746060371399,6712
224.4754581451416,6711
224.47563314437866,6710
224.47888731956482,6709
224.47916913032532,6708
224.47978019714355,6707
224.48029899597168,6706
224.48057317733765,6705
224.48084926605225,6704
224.48311233520508,6703
224.48407435417175,6702
224.48538637161255,6701
224.4867970943451,6700
224.48697233200073,6699
224.48770213127136,6698
224.4895522594452,6697
224.4902892112732,6696
224.4946072101593,6695
224.49502205848694,6694
224.49552822113037,6693
224.49671602249146,6692
224.4985682964325,6691
224.49884915351868,6690
224.50049114227295,6689
224.50066828727722,6688
224.50083422660828,6687
224.50178217887878,6686
224.50545930862427,6685
224.50575733184814,6684
224.50615334510803,6683
224.50699019432068,6682
224.51046919822693,6681
224.5108630657196,6680
224.51159119606018,6679
224.5123209953308,6678
224.51563024520874,6677
224.51602935791016,6676
224.5163083076477,6675
224.51714611053467,6674
224.5176522731781,6673
224.51804113388062,6672
224.51887726783752,6671
224.5203821659088,6670
224.5214502811432,6669
224.52195119857788,6668
224.52234530448914,6667
224.5236542224884,6666
224.52596521377563,6665
224.53016424179077,6664
224.53056001663208,6663
224.53124928474426,6662
224.5314211845398,6661
224.53287434577942,6660
224.53315925598145,6659
224.53472018241882,6658
224.53579115867615,6657
224.53673815727234,6656
224.53725409507751,6655
224.53808116912842,6654
224.5422933101654,6653
224.5445990562439,6652
224.54534602165222,6651
224.5467450618744,6650
224.54896926879883,6649
224.54914212226868,6648
224.55127716064453,6647
224.55333924293518,6646
224.55473518371582,6645
224.55501103401184,6644
224.55540418624878,6643
224.55567932128906,6642
224.55700516700745,6641
224.5585253238678,6640
224.55974507331848,6639
224.5599081516266,6638
224.5604043006897,6637
224.56282114982605,6636
224.56310319900513,6635
224.56657218933105,6634
224.56821513175964,6633
224.5707540512085,6632
224.5741560459137,6631
224.57545709609985,6630
224.5768723487854,6629
224.57760524749756,6628
224.5783233642578,6627
224.57861232757568,6626
224.5788872241974,6625
224.57927703857422,6624
224.57956218719482,6623
224.58097100257874,6622
224.58191013336182,6621
224.58241510391235,6620
224.58280324935913,6619
224.5846552848816,6618
224.58687114715576,6617
224.5872802734375,6616
224.5894491672516,6615
224.5902862548828,6614
224.59080028533936,6613
224.59108018875122,6612
224.59862804412842,6611
224.59902119636536,6610
224.59964728355408,6609
224.599924325943,6608
224.600200176239,6607
224.60047817230225,6606
224.6008644104004,6605
224.6012532711029,6604
224.6019732952118,6603
224.6023690700531,6602
224.60253310203552,6601
224.60302734375,6600
224.6064522266388,6599
224.60806822776794,6598
224.6088991165161,6597
224.61104917526245,6596
224.6137421131134,6595
224.61402225494385,6594
224.62875318527222,6593
224.62926721572876,6592
224.6319682598114,6591
224.63292837142944,6590
224.63398814201355,6589
224.63538932800293,6588
224.63611316680908,6587
224.63707900047302,6586
224.63814234733582,6585
224.63996624946594,6584
224.64201641082764,6583
224.64229917526245,6582
224.6432523727417,6581
224.64486813545227,6580
224.64647603034973,6579
224.65326118469238,6578
224.65342116355896,6577
224.65358209609985,6576
224.65407633781433,6575
224.65435433387756,6574
224.6547372341156,6573
224.65525817871094,6572
224.6617021560669,6571
224.661874294281,6570
224.66271209716797,6569
224.66443514823914,6568
224.6650412082672,6567
224.66521525382996,6566
224.6662940979004,6565
224.669349193573,6564
224.6703941822052,6563
224.67056107521057,6562
224.67261719703674,6561
224.6733570098877,6560
224.6744213104248,6559
224.6755862236023,6558
224.67587018013,6557
224.67750120162964,6556
224.67767214775085,6555
224.68364024162292,6554
224.6858172416687,6553
224.68709015846252,6552
224.68780326843262,6551
224.68831729888916,6550
224.6884891986847,6549
224.68965601921082,6548
224.69060015678406,6547
224.6914222240448,6546
224.69269514083862,6545
224.6932921409607,6544
224.6954801082611,6543
224.69575428962708,6542
224.6980402469635,6541
224.6993112564087,6540
224.70003032684326,6539
224.70020604133606,6538
224.7019431591034,6537
224.70512318611145,6536
224.70684623718262,6535
224.70725321769714,6534
224.70798015594482,6533
224.71024918556213,6532
224.71052432060242,6531
224.71124124526978,6530
224.71175599098206,6529
224.7134871482849,6528
224.71420311927795,6527
224.7152602672577,6526
224.71664834022522,6525
224.71881127357483,6524
224.71909022331238,6523
224.72004222869873,6522
224.72076535224915,6521
224.7213671207428,6520
224.7220892906189,6519
224.7238073348999,6518
224.7292091846466,6517
224.73026132583618,6516
224.73043417930603,6515
224.73071002960205,6514
224.73130917549133,6513
224.73358416557312,6512
224.73463129997253,6511
224.7354612350464,6510
224.73617720603943,6509
224.7378852367401,6508
224.74102020263672,6507
224.74140906333923,6506
224.74211406707764,6505
224.74273037910461,6504
224.74289321899414,6503
224.744056224823,6502
224.7472813129425,6501
224.74867510795593,6500
224.74993419647217,6499
224.75151824951172,6498
224.75244522094727,6497
224.75799918174744,6496
224.76035809516907,6495
224.76238632202148,6494
224.76267528533936,6493
224.76583123207092,6492
224.76600337028503,6491
224.76894521713257,6490
224.7695541381836,6489
224.77092504501343,6488
224.77319717407227,6487
224.77402639389038,6486
224.77529120445251,6485
224.77688217163086,6484
224.77781510353088,6483
224.778644323349,6482
224.7790231704712,6481
224.7813801765442,6480
224.78209924697876,6479
224.78612518310547,6478
224.79058408737183,6477
224.79074931144714,6476
224.79233932495117,6475
224.7926173210144,6474
224.79550313949585,6473
224.79577708244324,6472
224.79977822303772,6471
224.80017733573914,6470
224.80045223236084,6469
224.8008360862732,6468
224.80111622810364,6467
224.80171012878418,6466
224.8077051639557,6465
224.80917620658875,6464
224.80956411361694,6463
224.8098349571228,6462
224.81130719184875,6461
224.81148314476013,6460
224.81321620941162,6459
224.81360507011414,6458
224.81442022323608,6457
224.82066822052002,6456
224.82094836235046,6455
224.82308316230774,6454
224.82422924041748,6453
224.82602334022522,6452
224.82640314102173,6451
224.8267912864685,6450
224.8269543647766,6449
224.82953023910522,6448
224.82983803749084,6447
224.83013224601746,6446
224.83096027374268,6445
224.8312382698059,6444
224.83321595191956,6443
224.83384013175964,6442
224.83532214164734,6441
224.83569931983948,6440
224.83596897125244,6439
224.8361291885376,6438
224.837500333786,6437
224.8405601978302,6436
224.84106707572937,6435
224.84168910980225,6434
224.84197330474854,6433
224.84719729423523,6432
224.84803223609924,6431
224.8482060432434,6430
224.849139213562,6429
224.85114526748657,6428
224.85401821136475,6427
224.85506510734558,6426
224.85632514953613,6425
224.85693216323853,6424
224.85774517059326,6423
224.8587760925293,6422
224.86112928390503,6421
224.86706829071045,6420
224.86835932731628,6419
224.86865425109863,6418
224.86914920806885,6417
224.86930918693542,6416
224.87101316452026,6415
224.87720823287964,6414
224.87857937812805,6413
224.8793911933899,6412
224.8797721862793,6411
224.88276720046997,6410
224.88467502593994,6409
224.8855950832367,6408
224.88588619232178,6407
224.8869240283966,6406
224.88720631599426,6405
224.8885691165924,6404
224.88993215560913,6403
224.8904230594635,6402
224.89058709144592,6401
224.89166927337646,6400
224.89283299446106,6399
224.8931052684784,6398
224.89326119422913,6397
224.89495420455933,6396
224.89558029174805,6395
224.8957440853119,6394
224.89657425880432,6393
224.89695525169373,6392
224.8979992866516,6391
224.8984980583191,6390
224.89943432807922,6389
224.90035915374756,6388
224.90062737464905,6387
224.90100502967834,6386
224.9021623134613,6385
224.90386033058167,6384
224.90412425994873,6383
224.90821409225464,6382
224.91253519058228,6381
224.91280817985535,6380
224.91711735725403,6379
224.9175260066986,6378
224.91802334785461,6377
224.92027807235718,6376
224.92054724693298,6375
224.92070603370667,6374
224.92142009735107,6373
224.92158722877502,6372
224.92207837104797,6371
224.92246508598328,6370
224.92517137527466,6369
224.92588114738464,6368
224.92799925804138,6367
224.92827320098877,6366
224.92877006530762,6365
224.93177437782288,6364
224.93238019943237,6363
224.9328761100769,6362
224.93521404266357,6361
224.93636298179626,6360
224.9393813610077,6359
224.93987131118774,6358
224.94310927391052,6357
224.94425225257874,6356
224.94710326194763,6355
224.94945311546326,6354
224.95027422904968,6353
224.95109033584595,6352
224.9537332057953,6351
224.95389223098755,6350
224.9544792175293,6349
224.95571517944336,6348
224.9562213420868,6347
224.95681524276733,6346
224.95741534233093,6345
224.9582221508026,6344
224.95892810821533,6343
224.95908617973328,6342
224.9599211215973,6341
224.96404027938843,6340
224.96464037895203,6339
224.9687032699585,6338
224.9698350429535,6337
224.97252416610718,6336
224.97365713119507,6335
224.97655820846558,6334
224.9819791316986,6333
224.9827902317047,6332
224.9887502193451,6331
224.9890172481537,6330
224.98929119110107,6329
224.99119114875793,6328
224.99167823791504,6327
224.99195528030396,6326
224.99287509918213,6325
224.99368619918823,6324
224.99506306648254,6323
224.9980390071869,6322
224.99831318855286,6321
224.99912333488464,6320
225.00016021728516,6319
225.00321102142334,6318
225.00553226470947,6317
225.00784420967102,6316
225.00907802581787,6315
225.00936007499695,6314
225.00986433029175,6313
225.0103542804718,6312
225.01128029823303,6311
225.01193714141846,6310
225.0180721282959,6309
225.0197513103485,6308
225.0201382637024,6307
225.02040910720825,6306
225.02163934707642,6305
225.02191424369812,6304
225.02789521217346,6303
225.03495121002197,6302
225.03554320335388,6301
225.03699707984924,6300
225.04764008522034,6299
225.04781007766724,6298
225.04862308502197,6297
225.04900312423706,6296
225.05355739593506,6295
225.05517315864563,6294
225.05557131767273,6293
225.05693125724792,6292
225.05817008018494,6291
225.05843710899353,6290
225.0590283870697,6289
225.05972814559937,6288
225.06032419204712,6287
225.06049728393555,6286
225.06231021881104,6285
225.06259202957153,6284
225.06469821929932,6283
225.06953811645508,6282
225.069815158844,6281
225.07062339782715,6280
225.072181224823,6279
225.0733072757721,6278
225.07453632354736,6277
225.07480597496033,6276
225.07517838478088,6275
225.0776171684265,6274
225.07788801193237,6273
225.07858729362488,6272
225.07875037193298,6271
225.07923126220703,6270
225.07981634140015,6269
225.08106637001038,6268
225.08240413665771,6267
225.082777261734,6266
225.08734321594238,6265
225.08761596679688,6264
225.08887338638306,6263
225.09322810173035,6262
225.09511423110962,6261
225.09643125534058,6260
225.09801316261292,6259
225.10474705696106,6258
225.10556530952454,6257
225.10689520835876,6256
225.1107063293457,6255
225.11130619049072,6254
225.1199243068695,6253
225.1210412979126,6252
225.1221890449524,6251
225.1293182373047,6250
225.13045620918274,6249
225.13094019889832,6248
225.13195729255676,6247
225.13274908065796,6246
225.13441824913025,6245
225.13576912879944,6244
225.13635230064392,6243
225.1369411945343,6242
225.13863229751587,6241
225.14126324653625,6240
225.14249324798584,6239
225.14352416992188,6238
225.14496517181396,6237
225.1471643447876,6236
225.14946031570435,6235
225.14972829818726,6234
225.1498851776123,6233
225.15271615982056,6232
225.15287709236145,6231
225.1540231704712,6230
225.15528440475464,6229
225.1567521095276,6228
225.15756916999817,6227
225.15943431854248,6226
225.1617431640625,6225
225.16512322425842,6224
225.1712760925293,6223
225.17186617851257,6222
225.18048524856567,6221
225.18192625045776,6220
225.1826102733612,6219
225.1893081665039,6218
225.19113111495972,6217
225.19153022766113,6216
225.19191598892212,6215
225.1953582763672,6214
225.1969289779663,6213
225.20101714134216,6212
225.20191526412964,6211
225.20260500907898,6210
225.20339822769165,6209
225.20377111434937,6208
225.20490622520447,6207
225.20559930801392,6206
225.20577025413513,6205
225.2063672542572,6204
225.20706725120544,6203
225.2105462551117,6202
225.21285820007324,6201
225.21311736106873,6200
225.21415328979492,6199
225.2152750492096,6198
225.2168312072754,6197
225.21720218658447,6196
225.2176911830902,6195
225.21805906295776,6194
225.21854734420776,6193
225.22002816200256,6192
225.2221450805664,6191
225.22381114959717,6190
225.22397017478943,6189
225.22412633895874,6188
225.2247233390808,6187
225.22509837150574,6186
225.22601437568665,6185
225.22747802734375,6184
225.22785019874573,6183
225.230140209198,6182
225.23277735710144,6181
225.23293900489807,6180
225.23569917678833,6179
225.23681712150574,6178
225.23788022994995,6177
225.23805022239685,6176
225.2402741909027,6175
225.24364733695984,6174
225.24508619308472,6173
225.2456760406494,6172
225.24637722969055,6171
225.24739718437195,6170
225.24787139892578,6169
225.24942326545715,6168
225.25374722480774,6167
225.25551009178162,6166
225.25738215446472,6165
225.257648229599,6164
225.2601752281189,6163
225.26110100746155,6162
225.26168537139893,6161
225.2618453502655,6160
225.2623291015625,6159
225.2635622024536,6158
225.26627922058105,6157
225.26665115356445,6156
225.27053904533386,6155
225.27166938781738,6154
225.27331399917603,6153
225.27656817436218,6152
225.27949905395508,6151
225.2799892425537,6150
225.28164410591125,6149
225.28319120407104,6148
225.28334212303162,6147
225.28500127792358,6146
225.28624629974365,6145
225.28737115859985,6144
225.29040718078613,6143
225.2906723022461,6142
225.29440307617188,6141
225.29748034477234,6140
225.2987082004547,6139
225.29885721206665,6138
225.300231218338,6137
225.30315732955933,6136
225.30480027198792,6135
225.30506110191345,6134
225.30521607398987,6133
225.30989837646484,6132
225.31071424484253,6131
225.31182837486267,6130
225.31198930740356,6129
225.31257820129395,6128
225.31657528877258,6127
225.31986021995544,6126
225.32044315338135,6125
225.3212389945984,6124
225.32181406021118,6123
225.32288527488708,6122
225.32400727272034,6121
225.32438707351685,6120
225.32466197013855,6119
225.3257691860199,6118
225.32635521888733,6117
225.3267252445221,6116
225.33090615272522,6115
225.33276104927063,6114
225.3351390361786,6113
225.3355062007904,6112
225.3359842300415,6111
225.33614110946655,6110
225.3370442390442,6109
225.33784317970276,6108
225.3398950099945,6107
225.3408980369568,6106
225.3410542011261,6105
225.34354519844055,6104
225.34475898742676,6103
225.34534811973572,6102
225.34942626953125,6101
225.35233426094055,6100
225.35333919525146,6099
225.35359621047974,6098
225.3552441596985,6097
225.3579592704773,6096
225.3640010356903,6095
225.36532711982727,6094
225.36737418174744,6093
225.36776423454285,6092
225.36836218833923,6091
225.37083220481873,6090
225.37122201919556,6089
225.37611532211304,6088
225.37690329551697,6087
225.37740206718445,6086
225.37998414039612,6085
225.3840000629425,6084
225.38646507263184,6083
225.38747811317444,6082
225.39120507240295,6081
225.3918981552124,6080
225.39216303825378,6079
225.39391827583313,6078
225.3947262763977,6077
225.39730405807495,6076
225.39808630943298,6075
225.3986701965332,6074
225.40018320083618,6073
225.40454411506653,6072
225.40599513053894,6071
225.4066822528839,6070
225.40716433525085,6069
225.41193222999573,6068
225.4123191833496,6067
225.41633915901184,6066
225.41776514053345,6065
225.41834115982056,6064
225.41872930526733,6063
225.4192111492157,6062
225.42232537269592,6061
225.42436933517456,6060
225.42453026771545,6059
225.4263892173767,6058
225.4272861480713,6057
225.4281861782074,6056
225.42917919158936,6055
225.43007612228394,6054
225.4305431842804,6053
225.43091297149658,6052
225.43384718894958,6051
225.43516206741333,6050
225.43711924552917,6049
225.43759322166443,6048
225.4396412372589,6047
225.4419982433319,6046
225.44374227523804,6045
225.44852924346924,6044
225.44892621040344,6043
225.4504623413086,6042
225.45115327835083,6041
225.45194816589355,6040
225.4537751674652,6039
225.45540118217468,6038
225.45576810836792,6037
225.4565613269806,6036
225.4569320678711,6035
225.45846509933472,6034
225.46050143241882,6033
225.46076917648315,6032
225.46145510673523,6031
225.4616162776947,6030
225.46481823921204,6029
225.4670741558075,6028
225.46733832359314,6027
225.46823024749756,6026
225.47048020362854,6025
225.47189116477966,6024
225.47621321678162,6023
225.47743010520935,6022
225.47759103775024,6021
225.47774410247803,6020
225.47970509529114,6019
225.48071908950806,6018
225.48119115829468,6017
225.4822132587433,6016
225.4868311882019,6015
225.49150109291077,6014
225.49508929252625,6013
225.49557614326477,6012
225.4984471797943,6011
225.4986071586609,6010
225.50067400932312,6009
225.50223112106323,6008
225.50376534461975,6007
225.50434517860413,6006
225.5051281452179,6005
225.50962615013123,6004
225.51501417160034,6003
225.51518511772156,6002
225.52640509605408,6001
225.52677607536316,6000
225.52799105644226,5999
225.53144121170044,5998
225.53275728225708,5997
225.53387331962585,5996
225.5355942249298,5995
225.53639030456543,5994
225.5399522781372,5993
225.54250621795654,5992
225.54298639297485,5991
225.54387831687927,5990
225.54508519172668,5989
225.54723811149597,5988
225.55329823493958,5987
225.55356311798096,5986
225.5539412498474,5985
225.55420017242432,5984
225.55622124671936,5983
225.55660796165466,5982
225.55783915519714,5981
225.5610511302948,5980
225.56183123588562,5979
225.56757712364197,5978
225.56974935531616,5977
225.57158136367798,5976
225.5743453502655,5975
225.576806306839,5974
225.57739210128784,5973
225.5779721736908,5972
225.58167433738708,5971
225.582688331604,5970
225.58368825912476,5969
225.59033226966858,5968
225.59278225898743,5967
225.59356427192688,5966
225.59662628173828,5965
225.5970973968506,5964
225.59798121452332,5963
225.59876418113708,5962
225.602863073349,5961
225.608549118042,5960
225.60964512825012,5959
225.61140727996826,5958
225.61208820343018,5957
225.61267709732056,5956
225.61366319656372,5955
225.61382341384888,5954
225.61535215377808,5953
225.61703324317932,5952
225.61751508712769,5951
225.61830401420593,5950
225.62178206443787,5949
225.6226623058319,5948
225.62946033477783,5947
225.6335563659668,5946
225.6342432498932,5945
225.63594913482666,5944
225.6372582912445,5943
225.64390516281128,5942
225.64438223838806,5941
225.64587330818176,5940
225.64780735969543,5939
225.64991736412048,5938
225.65049600601196,5937
225.65096020698547,5936
225.65173721313477,5935
225.6555860042572,5934
225.65739798545837,5933
225.667316198349,5932
225.66841912269592,5931
225.66878008842468,5930
225.6692521572113,5929
225.67207717895508,5928
225.67265510559082,5927
225.6733250617981,5926
225.67410612106323,5925
225.6742582321167,5924
225.67529129981995,5923
225.67576026916504,5922
225.6763310432434,5921
225.6768922805786,5920
225.67921829223633,5919
225.6794731616974,5918
225.67973399162292,5917
225.68166708946228,5916
225.6841163635254,5915
225.68521523475647,5914
225.68681526184082,5913
225.69099521636963,5912
225.69136214256287,5911
225.69707918167114,5910
225.69826316833496,5909
225.69853329658508,5908
225.69868803024292,5907
225.7005491256714,5906
225.70511102676392,5905
225.70827221870422,5904
225.7085361480713,5903
225.7100532054901,5902
225.71219205856323,5901
225.71520519256592,5900
225.7155692577362,5899
225.71594619750977,5898
225.71736216545105,5897
225.7190761566162,5896
225.71945214271545,5895
225.72268104553223,5894
225.72547030448914,5893
225.72595310211182,5892
225.72651720046997,5891
225.73161435127258,5890
225.73177313804626,5889
225.73389220237732,5888
225.7372043132782,5887
225.7401053905487,5886
225.7412190437317,5885
225.74453234672546,5884
225.74969029426575,5883
225.753160238266,5882
225.75363302230835,5881
225.7554543018341,5880
225.75591325759888,5879
225.7591574192047,5878
225.76435136795044,5877
225.76626920700073,5876
225.76910209655762,5875
225.7695791721344,5874
225.7702431678772,5873
225.77204823493958,5872
225.7756862640381,5871
225.77783131599426,5870
225.7789123058319,5869
225.7800030708313,5868
225.78098511695862,5867
225.78124904632568,5866
225.7859492301941,5865
225.7868402004242,5864
225.79133915901184,5863
225.79160523414612,5862
225.7947211265564,5861
225.79520511627197,5860
225.79546213150024,5859
225.79603028297424,5858
225.79691433906555,5857
225.79759216308594,5856
225.7988851070404,5855
225.79935312271118,5854
225.79970717430115,5853
225.79996919631958,5852
225.80024123191833,5851
225.8033902645111,5850
225.80376315116882,5849
225.80573725700378,5848
225.8058910369873,5847
225.80635738372803,5846
225.8084762096405,5845
225.81293725967407,5844
225.8233892917633,5843
225.82529830932617,5842
225.82565116882324,5841
225.82601809501648,5840
225.827002286911,5839
225.8296320438385,5838
225.8302173614502,5837
225.83541822433472,5836
225.8360891342163,5835
225.83747506141663,5834
225.83888816833496,5833
225.84028005599976,5832
225.84178709983826,5831
225.8437843322754,5830
225.84684228897095,5829
225.84844517707825,5828
225.84974837303162,5827
225.8533911705017,5826
225.85604405403137,5825
225.85733914375305,5824
225.86028122901917,5823
225.86104822158813,5822
225.8613121509552,5821
225.86317825317383,5820
225.86396527290344,5819
225.86546516418457,5818
225.86705923080444,5817
225.86939311027527,5816
225.86986017227173,5815
225.8711462020874,5814
225.87551999092102,5813
225.8768231868744,5812
225.88272309303284,5811
225.88340520858765,5810
225.88356828689575,5809
225.88371920585632,5808
225.88663816452026,5807
225.8882281780243,5806
225.8898470401764,5805
225.89145016670227,5804
225.89211320877075,5803
225.89537525177002,5802
225.89686608314514,5801
225.89962005615234,5800
225.89976596832275,5799
225.90602111816406,5798
225.91108512878418,5797
225.91564416885376,5796
225.91858506202698,5795
225.92581605911255,5794
225.92999124526978,5793
225.93066430091858,5792
225.93780303001404,5791
225.93806409835815,5790
225.94167113304138,5789
225.94379329681396,5788
225.94508719444275,5787
225.9496512413025,5786
225.9515733718872,5785
225.95265221595764,5784
225.95343208312988,5783
225.95572924613953,5782
225.95631408691406,5781
225.95697402954102,5780
225.95877408981323,5779
225.96037125587463,5778
225.9607343673706,5777
225.96275305747986,5776
225.9668242931366,5775
225.96883511543274,5774
225.96981811523438,5773
225.97223114967346,5772
225.97237920761108,5771
225.97369718551636,5770
225.97581219673157,5769
225.97678112983704,5768
225.9801390171051,5767
225.98059725761414,5766
225.9814841747284,5765
225.98267221450806,5764
225.9846761226654,5763
225.98482728004456,5762
225.98519229888916,5761
225.98534226417542,5760
225.98648619651794,5759
225.98801612854004,5758
225.98830008506775,5757
225.9913272857666,5756
225.99189925193787,5755
225.9935851097107,5754
225.99466109275818,5753
225.99725532531738,5752
225.99884009361267,5751
226.00225019454956,5750
226.00485134124756,5749
226.005921125412,5748
226.0064890384674,5747
226.00694704055786,5746
226.00731110572815,5745
226.00858330726624,5744
226.009446144104,5743
226.01186609268188,5742
226.0123472213745,5741
226.0131552219391,5740
226.0156261920929,5739
226.01709818840027,5738
226.01769018173218,5737
226.01986718177795,5736
226.02517914772034,5735
226.0333423614502,5734
226.03579020500183,5733
226.03605222702026,5732
226.03754901885986,5731
226.0382080078125,5730
226.04272413253784,5729
226.04381108283997,5728
226.04562401771545,5727
226.04588317871094,5726
226.04781913757324,5725
226.05258226394653,5724
226.0536870956421,5723
226.06366729736328,5722
226.0639181137085,5721
226.06649923324585,5720
226.06727027893066,5719
226.07029509544373,5718
226.07229113578796,5717
226.0730721950531,5716
226.07416009902954,5715
226.07484006881714,5714
226.0755000114441,5713
226.07858514785767,5712
226.07894611358643,5711
226.08043217658997,5710
226.08161425590515,5709
226.08297109603882,5708
226.0839512348175,5707
226.08483242988586,5706
226.0850841999054,5705
226.08668518066406,5704
226.08737516403198,5703
226.08956909179688,5702
226.0906322002411,5701
226.09130024909973,5700
226.091548204422,5699
226.09690523147583,5698
226.1001172065735,5697
226.1005871295929,5696
226.10093903541565,5695
226.10140323638916,5694
226.10468316078186,5693
226.11051726341248,5692
226.11066699028015,5691
226.11175322532654,5690
226.1204731464386,5689
226.12135219573975,5688
226.1221091747284,5687
226.12611317634583,5686
226.12717533111572,5685
226.12957525253296,5684
226.13357734680176,5683
226.13484811782837,5682
226.13612723350525,5681
226.13832235336304,5680
226.13908219337463,5679
226.13964915275574,5678
226.14000725746155,5677
226.1410973072052,5676
226.14185523986816,5675
226.14394903182983,5674
226.1493902206421,5673
226.15159130096436,5672
226.15224528312683,5671
226.1542251110077,5670
226.1625599861145,5669
226.16516518592834,5668
226.16552329063416,5667
226.16904020309448,5666
226.1693890094757,5665
226.17152309417725,5664
226.17278838157654,5663
226.17567324638367,5662
226.17603421211243,5661
226.17690801620483,5660
226.17847323417664,5659
226.18954920768738,5658
226.19071531295776,5657
226.19140315055847,5656
226.19356632232666,5655
226.19505715370178,5654
226.19530534744263,5653
226.1956672668457,5652
226.19622921943665,5651
226.19658422470093,5650
226.19683623313904,5649
226.20203018188477,5648
226.20710134506226,5647
226.20817732810974,5646
226.21885895729065,5645
226.22252416610718,5644
226.22298312187195,5643
226.22385621070862,5642
226.22843217849731,5641
226.2295982837677,5640
226.23004841804504,5639
226.23192024230957,5638
226.23238134384155,5637
226.23295211791992,5636
226.23319911956787,5635
226.23811030387878,5634
226.24045419692993,5633
226.24345922470093,5632
226.24701833724976,5631
226.25079441070557,5630
226.25717329978943,5629
226.25775003433228,5628
226.25821828842163,5627
226.2586853504181,5626
226.2591381072998,5625
226.2597050666809,5624
226.2633032798767,5623
226.2657012939453,5622
226.26767110824585,5621
226.2734830379486,5620
226.27372813224792,5619
226.27419638633728,5618
226.27454924583435,5617
226.27615118026733,5616
226.27670621871948,5615
226.2808072566986,5614
226.2888171672821,5613
226.29224228858948,5612
226.29419898986816,5611
226.2984812259674,5610
226.30037331581116,5609
226.30457711219788,5608
226.30604720115662,5607
226.30752515792847,5606
226.3092052936554,5605
226.3136854171753,5604
226.3143343925476,5603
226.31479501724243,5602
226.32029223442078,5601
226.32325911521912,5600
226.32360529899597,5599
226.32418298721313,5598
226.3266670703888,5597
226.3293581008911,5596
226.33031821250916,5595
226.33380031585693,5594
226.33756828308105,5593
226.33884620666504,5592
226.3414011001587,5591
226.34476900100708,5590
226.34892320632935,5589
226.35229015350342,5588
226.3549361228943,5587
226.35743832588196,5586
226.3623023033142,5585
226.3656952381134,5584
226.36775517463684,5583
226.36953210830688,5582
226.36978197097778,5581
226.37178921699524,5580
226.37246417999268,5579
226.38218903541565,5578
226.38275122642517,5577
226.38612723350525,5576
226.38921332359314,5575
226.3937952518463,5574
226.39564514160156,5573
226.3974051475525,5572
226.40045309066772,5571
226.40170216560364,5570
226.40637636184692,5569
226.41245317459106,5568
226.41281819343567,5567
226.41418719291687,5566
226.41514706611633,5565
226.42277026176453,5564
226.42631220817566,5563
226.42707920074463,5562
226.4275450706482,5561
226.4326901435852,5560
226.43473505973816,5559
226.43707728385925,5558
226.43934512138367,5557
226.43959426879883,5556
226.44015216827393,5555
226.44031834602356,5554
226.4435272216797,5553
226.4438831806183,5552
226.44677329063416,5551
226.44703006744385,5550
226.4513931274414,5549
226.45367121696472,5548
226.45565819740295,5547
226.4566102027893,5546
226.45877623558044,5545
226.4590232372284,5544
226.4595811367035,5543
226.46439599990845,5542
226.46864318847656,5541
226.46930027008057,5540
226.47145819664001,5539
226.47450923919678,5538
226.47637605667114,5537
226.47713422775269,5536
226.47759413719177,5535
226.4784471988678,5534
226.48020124435425,5533
226.4818663597107,5532
226.48242020606995,5531
226.48614621162415,5530
226.48751616477966,5529
226.48815631866455,5528
226.48980116844177,5527
226.49014329910278,5526
226.49100518226624,5525
226.49145007133484,5524
226.49447441101074,5523
226.49492931365967,5522
226.4975621700287,5521
226.49791407585144,5520
226.5003640651703,5519
226.50171518325806,5518
226.50920128822327,5517
226.51035737991333,5516
226.5133183002472,5515
226.51476407051086,5514
226.51541924476624,5513
226.51715230941772,5512
226.52204728126526,5511
226.52508521080017,5510
226.5279471874237,5509
226.53048706054688,5508
226.53085207939148,5507
226.53516626358032,5506
226.53763508796692,5505
226.54227209091187,5504
226.54879522323608,5503
226.54994416236877,5502
226.5515022277832,5501
226.5527422428131,5500
226.55329203605652,5499
226.56049919128418,5498
226.56135821342468,5497
226.56723928451538,5496
226.5683901309967,5495
226.57055115699768,5494
226.57110238075256,5493
226.57255029678345,5492
226.57330322265625,5491
226.5770139694214,5490
226.58024907112122,5489
226.5847852230072,5488
226.5861313343048,5487
226.58739709854126,5486
226.5877501964569,5485
226.5886950492859,5484
226.59477019309998,5483
226.60206937789917,5482
226.60312604904175,5481
226.60477209091187,5480
226.60492324829102,5479
226.61328101158142,5478
226.61441826820374,5477
226.61578106880188,5476
226.61723113059998,5475
226.62284207344055,5474
226.62347435951233,5473
226.62495613098145,5472
226.62898135185242,5471
226.6300323009491,5470
226.63047218322754,5469
226.6329882144928,5468
226.63493132591248,5467
226.6368691921234,5466
226.63830709457397,5465
226.6398651599884,5464
226.64357018470764,5463
226.64650225639343,5462
226.64913630485535,5461
226.6505012512207,5460
226.65360713005066,5459
226.65407514572144,5458
226.65471720695496,5457
226.6550750732422,5456
226.65623927116394,5455
226.6568911075592,5454
226.6619131565094,5453
226.66324710845947,5452
226.66429209709167,5451
226.66918325424194,5450
226.69484734535217,5449
226.69500017166138,5448
226.6986072063446,5447
226.70132398605347,5446
226.70523810386658,5445
226.7072412967682,5444
226.7168562412262,5443
226.71720910072327,5442
226.71835017204285,5441
226.7236032485962,5440
226.7241621017456,5439
226.7283582687378,5438
226.72850513458252,5437
226.7329421043396,5436
226.73329305648804,5435
226.7399182319641,5434
226.74255633354187,5433
226.74350309371948,5432
226.75076508522034,5431
226.75269508361816,5430
226.7561812400818,5429
226.76479411125183,5428
226.76887321472168,5427
226.77586317062378,5426
226.77642703056335,5425
226.77895617485046,5424
226.78089904785156,5423
226.78232717514038,5422
226.78308415412903,5421
226.78696131706238,5420
226.7872130870819,5419
226.7949721813202,5418
226.79983019828796,5417
226.80118227005005,5416
226.80319929122925,5415
226.80844736099243,5414
226.80869722366333,5413
226.8091561794281,5412
226.81539130210876,5411
226.81595730781555,5410
226.82173109054565,5409
226.83476400375366,5408
226.83521103858948,5407
226.83637118339539,5406
226.8388831615448,5405
226.84238004684448,5404
226.84685897827148,5403
226.85175919532776,5402
226.85229635238647,5401
226.85306525230408,5400
226.85330724716187,5399
226.85721707344055,5398
226.85815715789795,5397
226.85840106010437,5396
226.8602831363678,5395
226.86854600906372,5394
226.86879515647888,5393
226.87686324119568,5392
226.88311219215393,5391
226.89292001724243,5390
226.89641427993774,5389
226.90185809135437,5388
226.90698218345642,5387
226.90982127189636,5386
226.91066122055054,5385
226.912091255188,5384
226.91500425338745,5383
226.91584420204163,5382
226.91650128364563,5381
226.92555117607117,5380
226.92679500579834,5379
226.9279510974884,5378
226.93300032615662,5377
226.93540406227112,5376
226.9386932849884,5375
226.94179224967957,5374
226.94690918922424,5373
226.94932222366333,5372
226.95112919807434,5371
226.95169520378113,5370
226.95342016220093,5369
226.95711421966553,5368
226.95776319503784,5367
226.96273040771484,5366
226.9635660648346,5365
226.96442532539368,5364
226.9647831916809,5363
226.96652221679688,5362
226.96726608276367,5361
226.96849513053894,5360
226.97088837623596,5359
226.97103309631348,5358
226.97190928459167,5357
226.97463011741638,5356
226.9750862121582,5355
226.97664308547974,5354
226.98443722724915,5353
226.98488426208496,5352
226.9857461452484,5351
226.98599433898926,5350
226.99092316627502,5349
226.99107718467712,5348
226.99387431144714,5347
227.00172638893127,5346
227.00590634346008,5345
227.02645826339722,5344
227.02750825881958,5343
227.0309031009674,5342
227.03498530387878,5341
227.04674625396729,5340
227.05041813850403,5339
227.05649209022522,5338
227.05968308448792,5337
227.06354403495789,5336
227.06848001480103,5335
227.06892919540405,5334
227.06907725334167,5333
227.06943321228027,5332
227.0747001171112,5331
227.07554507255554,5330
227.07982516288757,5329
227.08056330680847,5328
227.08308911323547,5327
227.08884501457214,5326
227.09396028518677,5325
227.10890913009644,5324
227.11101531982422,5323
227.11294221878052,5322
227.11785316467285,5321
227.12345433235168,5320
227.12507128715515,5319
227.12853336334229,5318
227.13013911247253,5317
227.14956617355347,5316
227.15061926841736,5315
227.15117716789246,5314
227.15250515937805,5313
227.1566321849823,5312
227.1606891155243,5311
227.16386127471924,5310
227.1743221282959,5309
227.17827033996582,5308
227.18259716033936,5307
227.1878321170807,5306
227.18984532356262,5305
227.19098806381226,5304
227.1946370601654,5303
227.20161032676697,5302
227.20595932006836,5301
227.22005128860474,5300
227.22069811820984,5299
227.22133922576904,5298
227.22501230239868,5297
227.23302221298218,5296
227.24179315567017,5295
227.2429301738739,5294
227.25961017608643,5293
227.26161098480225,5292
227.2655701637268,5291
227.26872539520264,5290
227.27361917495728,5289
227.28332805633545,5288
227.28531408309937,5287
227.2893271446228,5286
227.30011010169983,5285
227.30318307876587,5284
227.3065221309662,5283
227.30842113494873,5282
227.31596422195435,5281
227.3170943260193,5280
227.32917499542236,5279
227.33116841316223,5278
227.33885717391968,5277
227.34748125076294,5276
227.35083317756653,5275
227.35215425491333,5274
227.3611922264099,5273
227.3730983734131,5272
227.37354707717896,5271
227.37947797775269,5270
227.40136909484863,5269
227.41201615333557,5268
227.41793608665466,5267
227.4203703403473,5266
227.4294090270996,5265
227.43005514144897,5264
227.4312722682953,5263
227.43615221977234,5262
227.4363031387329,5261
227.44846940040588,5260
227.4502830505371,5259
227.48176407814026,5258
227.484943151474,5257
227.48685121536255,5256
227.48903012275696,5255
227.48967719078064,5254
227.49127912521362,5253
227.50098609924316,5252
227.50201535224915,5251
227.52228021621704,5250
227.53975224494934,5249
227.54474329948425,5248
227.54884505271912,5247
227.55111718177795,5246
227.55827927589417,5245
227.56692218780518,5244
227.58079528808594,5243
227.59171605110168,5242
227.59362125396729,5241
227.600328207016,5240
227.60930514335632,5239
227.61159014701843,5238
227.61329412460327,5237
227.61489510536194,5236
227.61765718460083,5235
227.6292963027954,5234
227.6294493675232,5233
227.6349401473999,5232
227.6395502090454,5231
227.64975309371948,5230
227.65445828437805,5229
227.65789413452148,5228
227.66335320472717,5227
227.67735719680786,5226
227.67751812934875,5225
227.68914818763733,5224
227.69481420516968,5223
227.70207929611206,5222
227.70886516571045,5221
227.73331212997437,5220
227.73988819122314,5219
227.74660301208496,5218
227.75083208084106,5217
227.75671124458313,5216
227.7635042667389,5215
227.76375222206116,5214
227.80117416381836,5213
227.8061764240265,5212
227.81840109825134,5211
227.82673406600952,5210
227.82814931869507,5209
227.8393132686615,5208
227.8436143398285,5207
227.84703731536865,5206
227.8485403060913,5205
227.8646740913391,5204
227.86482214927673,5203
227.89327216148376,5202
227.89450216293335,5201
227.8962972164154,5200
227.92371034622192,5199
227.92501616477966,5198
227.95317912101746,5197
227.96488332748413,5196
227.96609020233154,5195
227.98141527175903,5194
228.00034713745117,5193
228.0059723854065,5192
228.00850129127502,5191
228.01448702812195,5190
228.01520037651062,5189
228.0205900669098,5188
228.0216031074524,5187
228.0252013206482,5186
228.05649828910828,5185
228.0568540096283,5184
228.05786418914795,5183
228.0670042037964,5182
228.07541227340698,5181
228.07584714889526,5180
228.07715225219727,5179
228.08392906188965,5178
228.08840012550354,5177
228.10150814056396,5176
228.10244035720825,5175
228.11923933029175,5174
228.13070225715637,5173
228.1352391242981,5172
228.1425383090973,5171
228.15582418441772,5170
228.15732312202454,5169
228.16802310943604,5168
228.18838810920715,5167
228.19739532470703,5166
228.20116925239563,5165
228.2016942501068,5164
228.20396518707275,5163
228.20648908615112,5162
228.2316563129425,5161
228.23640418052673,5160
228.23715138435364,5159
228.23989033699036,5158
228.2408092021942,5157
228.24514508247375,5156
228.24644827842712,5155
228.2612762451172,5154
228.266948223114,5153
228.2674741744995,5152
228.2736120223999,5151
228.27613830566406,5150
228.3108992576599,5149
228.32441520690918,5148
228.3259472846985,5147
228.33189415931702,5146
228.3404541015625,5145
228.37918210029602,5144
228.3895411491394,5143
228.40680527687073,5142
228.4129033088684,5141
228.42437028884888,5140
228.45116019248962,5139
228.4838891029358,5138
228.49476504325867,5137
228.49893021583557,5136
228.50072026252747,5135
228.5599982738495,5134
228.56074619293213,5133
228.56553530693054,5132
228.58742809295654,5131
228.58757400512695,5130
228.5965611934662,5129
228.6409912109375,5128
228.65585613250732,5127
228.65713620185852,5126
228.67810201644897,5125
228.67940402030945,5124
228.70222210884094,5123
228.71219730377197,5122
228.7444610595703,5121
228.74799919128418,5120
228.76588010787964,5119
228.7715163230896,5118
228.7781753540039,5117
228.79595112800598,5116
228.79707431793213,5115
228.8200170993805,5114
228.82525324821472,5113
228.82748126983643,5112
228.85361099243164,5111
228.88325119018555,5110
228.96136021614075,5109
228.9810140132904,5108
228.98215126991272,5107
229.02547812461853,5106
229.045508146286,5105
229.04594826698303,5104
229.07151007652283,5103
229.09213519096375,5102
229.13239431381226,5101
229.1583342552185,5100
229.1669352054596,5099
229.17002129554749,5098
229.1871931552887,5097
229.190199136734,5096
229.20342326164246,5095
229.20975923538208,5094
229.22491025924683,5093
229.24329805374146,5092
229.26773500442505,5091
229.28210711479187,5090
229.28771018981934,5089
229.3059320449829,5088
229.31853532791138,5087
229.3362853527069,5086
229.35290122032166,5085
229.35662317276,5084
229.3850872516632,5083
229.3911852836609,5082
229.40044617652893,5081
229.4082601070404,5080
229.41553711891174,5079
229.4605963230133,5078
229.48800206184387,5077
229.5023422241211,5076
229.5313482284546,5075
229.542072057724,5074
229.6049201488495,5073
229.64969539642334,5072
229.66074228286743,5071
229.6980164051056,5070
229.72974014282227,5069
229.73681712150574,5068
229.75844311714172,5067
229.79198718070984,5066
229.79406428337097,5065
229.80080723762512,5064
229.80677223205566,5063
229.8245551586151,5062
229.8291893005371,5061
229.88918232917786,5060
229.91076922416687,5059
229.91206908226013,5058
229.930278301239,5057
229.95411038398743,5056
229.98279118537903,5055
229.9829502105713,5054
230.0146882534027,5053
230.02230501174927,5052
230.02485132217407,5051
230.03634023666382,5050
230.05901527404785,5049
230.05985307693481,5048
230.07934737205505,5047
230.08349323272705,5046
230.1441080570221,5045
230.3124532699585,5044
230.34041595458984,5043
230.38380813598633,5042
230.38653206825256,5041
230.61050820350647,5040
230.62334942817688,5039
230.6567451953888,5038
230.7453532218933,5037
230.7970311641693,5036
230.82431411743164,5035
230.98849415779114,5034
231.0144979953766,5033
231.01513028144836,5032
231.09684133529663,5031
231.11349415779114,5030
231.33845019340515,5029
231.4945511817932,5028
231.78166127204895,5027
231.8172731399536,5026
231.87637329101562,5025
231.97300505638123,5024
232.03870820999146,5023
232.1500391960144,5022
232.19959020614624,5021
232.25722908973694,5020
232.25888013839722,5019
232.48937010765076,5018
232.62616539001465,5017
232.70302629470825,5016
232.7246012687683,5015
232.8357560634613,5014
