0,.,0, ,1,1,0,2,3
0,.,0, ,1,1,0,2,2
0,.,0, ,1,1,0,2,1
0,.,0, ,1,1,0,2,0
0,.,0, ,1,1,0,1,9
0,.,0,1, ,1,1,0,1,8
0,.,0,1, ,1,1,0,1,7
0,.,0,1, ,1,1,0,1,6
0,.,0,1, ,1,1,0,1,5
0,.,0,1, ,1,1,0,1,4
0,.,0,1, ,1,1,0,1,3
0,.,0,1, ,1,1,0,1,2
0,.,0,1, ,1,1,0,1,1
0,.,0,1, ,1,1,0,1,0
0,.,0,1, ,1,1,0,0,9
0,.,0,1, ,1,1,0,0,8
0,.,0,1, ,1,1,0,0,7
0,.,0,1, ,1,1,0,0,6
0,.,0,1, ,1,1,0,0,5
0,.,0,1, ,1,1,0,0,4
0,.,0,1, ,1,1,0,0,3
0,.,0,1, ,1,1,0,0,2
0,.,0,1, ,1,1,0,0,1
0,.,0,1, ,1,1,0,0,0
0,.,0,1, ,1,0,9,9,9
0,.,0,1, ,1,0,9,9,8
0,.,0,1, ,1,0,9,9,7
0,.,0,1, ,1,0,9,9,6
0,.,0,1, ,1,0,9,9,5
0,.,0,1, ,1,0,9,9,4
0,.,0,1, ,1,0,9,9,3
3,.,1,8, ,7,7,1,0
3,.,1,8, ,7,7,0,9
8,.,1,3, ,7,5,9,1
1,2,.,1,6, ,7,5,8,7
1,7,.,1,5, ,7,5,5,9
2,1,.,9,6, ,7,5,5,4
4,7,.,5,4, ,7,5,4,6
5,4,.,9,1, ,7,5,3,4
5,9,.,4, ,7,5,2,7
6,6,.,8,8, ,7,5,1,9
7,5,.,6,3, ,7,5,0,9
8,1,.,0,1, ,7,5,0,8
8,8,.,1,1, ,7,5,0,6
1,9,4,.,0, ,7,5,0,3
5,2,8,.,6,8, ,7,4,9,7
5,3,4,.,1,9, ,7,4,9,3
