0.026380062103271484,10912
0.052716970443725586,10911
0.07925772666931152,10910
0.10576891899108887,10909
0.1320629119873047,10908
0.15848708152770996,10907
0.18496203422546387,10906
0.21132493019104004,10905
0.23762106895446777,10904
0.2642338275909424,10903
0.29164600372314453,10902
0.3206148147583008,10901
0.34886980056762695,10900
0.3756439685821533,10899
0.40306782722473145,10898
0.4302971363067627,10897
0.45679473876953125,10896
0.4833238124847412,10895
0.5097568035125732,10894
0.5362169742584229,10893
0.5625107288360596,10892
0.5889179706573486,10891
0.615311861038208,10890
0.6416478157043457,10889
0.6679160594940186,10888
0.6942169666290283,10887
0.7207479476928711,10886
0.747481107711792,10885
0.7739887237548828,10884
0.8003981113433838,10883
0.8268060684204102,10882
0.8531899452209473,10881
0.8794617652893066,10880
0.9058859348297119,10879
0.9320008754730225,10878
0.9581689834594727,10877
0.9843237400054932,10876
1.0103528499603271,10875
1.0368068218231201,10874
1.06333589553833,10873
1.0897958278656006,10872
1.1162209510803223,10871
1.1427457332611084,10870
1.169100046157837,10869
1.1954140663146973,10868
1.2217168807983398,10867
1.247879981994629,10866
1.274491786956787,10865
1.3021628856658936,10864
1.3294179439544678,10863
1.3564989566802979,10862
1.3836939334869385,10861
1.4106900691986084,10860
1.4379677772521973,10859
1.4649930000305176,10858
1.492832899093628,10857
1.5205581188201904,10856
1.548633098602295,10855
1.5759077072143555,10854
1.6031429767608643,10853
1.630265712738037,10852
1.6581220626831055,10851
1.6866159439086914,10850
1.7159407138824463,10849
1.7433748245239258,10848
1.770641803741455,10847
1.798367977142334,10846
1.825596809387207,10845
1.8528449535369873,10844
1.8798730373382568,10843
1.9068589210510254,10842
1.9340178966522217,10841
1.9611139297485352,10840
2.00734281539917,10839
2.0345919132232666,10838
2.0619049072265625,10837
2.088894844055176,10836
2.116395950317383,10835
2.1436500549316406,10834
2.171020030975342,10833
2.1988401412963867,10832
2.2260191440582275,10831
2.2527689933776855,10830
2.281224012374878,10829
2.308123826980591,10828
2.3350110054016113,10827
2.3612568378448486,10826
2.3874869346618652,10825
2.413727045059204,10824
2.440189838409424,10823
2.466538906097412,10822
2.4928088188171387,10821
2.5190651416778564,10820
2.5610077381134033,10819
2.5871927738189697,10818
2.6133968830108643,10817
2.639770746231079,10816
2.6660239696502686,10815
2.692389965057373,10814
2.718620777130127,10813
2.745041847229004,10812
2.7714900970458984,10811
2.8001530170440674,10810
2.82773494720459,10809
2.8553199768066406,10808
2.8820669651031494,10807
2.908323049545288,10806
2.9360568523406982,10805
2.9629108905792236,10804
2.9892988204956055,10803
3.0156657695770264,10802
3.0419058799743652,10801
3.068234920501709,10800
3.094681739807129,10799
3.1210598945617676,10798
3.1474990844726562,10797
3.1738498210906982,10796
3.200093984603882,10795
3.2261359691619873,10794
3.252039909362793,10793
3.278251886367798,10792
3.3045430183410645,10791
3.3309900760650635,10790
3.357233762741089,10789
3.3834228515625,10788
3.4097819328308105,10787
3.43601393699646,10786
3.462127923965454,10785
3.488250732421875,10784
3.518038034439087,10783
3.545374870300293,10782
3.572190999984741,10781
3.599661111831665,10780
3.6267378330230713,10779
3.653977155685425,10778
3.6811509132385254,10777
3.7081358432769775,10776
3.735046863555908,10775
3.762162923812866,10774
3.789362907409668,10773
3.817384958267212,10772
3.844592809677124,10771
3.871476888656616,10770
3.89870285987854,10769
3.9259650707244873,10768
3.9531331062316895,10767
3.9805948734283447,10766
4.00750994682312,10765
4.035896062850952,10764
4.063317060470581,10763
4.090940952301025,10762
4.118199110031128,10761
4.145202875137329,10760
4.172200918197632,10759
4.199445962905884,10758
4.226521730422974,10757
4.253644943237305,10756
4.2810680866241455,10755
4.308161020278931,10754
4.335336923599243,10753
4.36290979385376,10752
4.390033960342407,10751
4.417008876800537,10750
4.444417953491211,10749
4.471487998962402,10748
4.49846887588501,10747
4.525471925735474,10746
4.552564859390259,10745
4.580002069473267,10744
4.607163906097412,10743
4.63431978225708,10742
4.66143798828125,10741
4.688575983047485,10740
4.716032028198242,10739
4.743294954299927,10738
4.770483016967773,10737
4.798073768615723,10736
4.825315713882446,10735
4.85221791267395,10734
4.879580974578857,10733
4.906746864318848,10732
4.934213876724243,10731
4.9613120555877686,10730
4.988434791564941,10729
5.0156919956207275,10728
5.0432798862457275,10727
5.070472002029419,10726
5.097847938537598,10725
5.124772787094116,10724
5.151887893676758,10723
5.17940092086792,10722
5.20662784576416,10721
5.2341790199279785,10720
5.261750936508179,10719
5.28889799118042,10718
5.316183090209961,10717
5.343800067901611,10716
5.370872735977173,10715
5.3981709480285645,10714
5.425288915634155,10713
5.452654838562012,10712
5.479888916015625,10711
5.5074028968811035,10710
5.53503680229187,10709
5.5624167919158936,10708
5.589403867721558,10707
5.616728067398071,10706
5.644236087799072,10705
5.671237945556641,10704
5.698755741119385,10703
5.725998878479004,10702
5.753338813781738,10701
5.78084397315979,10700
5.808276891708374,10699
5.83617091178894,10698
5.86293888092041,10697
5.889358043670654,10696
5.915812730789185,10695
5.942333936691284,10694
5.9686877727508545,10693
5.995126962661743,10692
6.021461009979248,10691
6.047832012176514,10690
6.074138879776001,10689
6.100364923477173,10688
6.126538038253784,10687
6.152957916259766,10686
6.199633836746216,10685
6.226094722747803,10684
6.252617835998535,10683
6.280655860900879,10682
6.309460878372192,10681
6.33774209022522,10680
6.366175889968872,10679
6.392974138259888,10678
6.4194629192352295,10677
6.445802927017212,10676
6.472010850906372,10675
6.4997780323028564,10674
6.53339695930481,10673
6.5633368492126465,10672
6.593063831329346,10671
6.623775959014893,10670
6.65275502204895,10669
6.681252717971802,10668
6.7095947265625,10667
6.740492105484009,10666
6.769283771514893,10665
6.798391103744507,10664
6.827563047409058,10663
6.856575012207031,10662
6.886029958724976,10661
6.9147748947143555,10660
6.941580057144165,10659
6.968321084976196,10658
6.994994878768921,10657
7.021359920501709,10656
7.047619819641113,10655
7.073843955993652,10654
7.100210905075073,10653
7.1264989376068115,10652
7.152769088745117,10651
7.179144859313965,10650
7.20544695854187,10649
7.231742858886719,10648
7.2599098682403564,10647
7.288420915603638,10646
7.316087961196899,10645
7.343297004699707,10644
7.370534896850586,10643
7.3978869915008545,10642
7.4250030517578125,10641
7.452127933502197,10640
7.479639053344727,10639
7.507004976272583,10638
7.535076856613159,10637
7.562726974487305,10636
7.590289831161499,10635
7.617881774902344,10634
7.645349740982056,10633
7.672607898712158,10632
7.700092792510986,10631
7.727600812911987,10630
7.754982948303223,10629
7.782339096069336,10628
7.809859037399292,10627
7.836878776550293,10626
7.865672826766968,10625
7.893134117126465,10624
7.920271873474121,10623
7.947674751281738,10622
7.9746599197387695,10621
8.001595973968506,10620
8.029247999191284,10619
8.056590795516968,10618
8.08358097076416,10617
8.110560894012451,10616
8.138245820999146,10615
8.166146039962769,10614
8.19367504119873,10613
8.220788955688477,10612
8.24814486503601,10611
8.275434017181396,10610
8.30284070968628,10609
8.329816102981567,10608
8.357120990753174,10607
8.407464981079102,10606
8.434361934661865,10605
8.462007999420166,10604
8.489468812942505,10603
8.51680588722229,10602
8.544005870819092,10601
8.571010112762451,10600
8.598392724990845,10599
8.62544584274292,10598
8.652490854263306,10597
8.67989182472229,10596
8.706878900527954,10595
8.734112024307251,10594
8.761250972747803,10593
8.806318044662476,10592
8.834216833114624,10591
8.885347127914429,10590
8.91245174407959,10589
8.939292907714844,10588
8.96715497970581,10587
8.994648933410645,10586
9.021561861038208,10585
9.049169778823853,10584
9.076867818832397,10583
9.103823900222778,10582
9.130942821502686,10581
9.158321857452393,10580
9.185867071151733,10579
9.213231801986694,10578
9.24124002456665,10577
9.268712997436523,10576
9.296294927597046,10575
9.323891878128052,10574
9.351160049438477,10573
9.378190040588379,10572
9.405208110809326,10571
9.432062864303589,10570
9.458918809890747,10569
9.485933065414429,10568
9.513236999511719,10567
9.540533065795898,10566
9.567920923233032,10565
9.595047950744629,10564
9.62199592590332,10563
9.648993968963623,10562
9.676100730895996,10561
9.702987909317017,10560
9.730106830596924,10559
9.770870923995972,10558
9.798780918121338,10557
9.826446771621704,10556
9.853699684143066,10555
9.881026029586792,10554
9.908092975616455,10553
9.935246706008911,10552
9.962585926055908,10551
9.989804029464722,10550
10.017184019088745,10549
10.044575929641724,10548
10.071845769882202,10547
10.09892988204956,10546
10.126156091690063,10545
10.153498888015747,10544
10.18100094795227,10543
10.20824384689331,10542
10.235262870788574,10541
10.262532711029053,10540
10.28963589668274,10539
10.316972970962524,10538
10.34385895729065,10537
10.370836973190308,10536
10.39817500114441,10535
10.425388097763062,10534
10.452636957168579,10533
10.479966878890991,10532
10.507097005844116,10531
10.534357070922852,10530
10.56147575378418,10529
10.588818788528442,10528
10.616147994995117,10527
10.643256902694702,10526
10.670232057571411,10525
10.697508811950684,10524
10.724906921386719,10523
10.752348899841309,10522
10.781585931777954,10521
10.810158729553223,10520
10.837338924407959,10519
10.864742755889893,10518
10.892210960388184,10517
10.91937780380249,10516
10.946499824523926,10515
10.973491907119751,10514
11.000603914260864,10513
11.028007984161377,10512
11.055150032043457,10511
11.082390069961548,10510
11.109638929367065,10509
11.136867046356201,10508
11.1647789478302,10507
11.191345930099487,10506
11.21756887435913,10505
11.24383282661438,10504
11.269912004470825,10503
11.296142101287842,10502
11.322252988815308,10501
11.348570823669434,10500
11.374582052230835,10499
11.400758981704712,10498
11.427015781402588,10497
11.453444719314575,10496
11.479875087738037,10495
11.506045818328857,10494
11.532413959503174,10493
11.558713912963867,10492
11.58502197265625,10491
11.611323833465576,10490
11.637510776519775,10489
11.663837909698486,10488
11.690013885498047,10487
11.716067790985107,10486
11.742582082748413,10485
11.7690110206604,10484
11.796867847442627,10483
11.8248450756073,10482
11.851987838745117,10481
11.879273891448975,10480
11.906409978866577,10479
11.93359899520874,10478
11.960768938064575,10477
11.987847805023193,10476
12.014883041381836,10475
12.041823863983154,10474
12.068981885910034,10473
12.096301078796387,10472
12.12358283996582,10471
12.151067972183228,10470
12.178439855575562,10469
12.206833839416504,10468
12.23414397239685,10467
12.262897968292236,10466
12.289668798446655,10465
12.316087007522583,10464
12.3423490524292,10463
12.36847472190857,10462
12.395164966583252,10461
12.421724796295166,10460
12.448726892471313,10459
12.475848913192749,10458
12.50299072265625,10457
12.529371976852417,10456
12.5556800365448,10455
12.58205795288086,10454
12.608430862426758,10453
12.634594917297363,10452
12.660883903503418,10451
12.687112808227539,10450
12.713552951812744,10449
12.739961862564087,10448
12.766490936279297,10447
12.7929048538208,10446
12.819294929504395,10445
12.845514059066772,10444
12.87170672416687,10443
12.89800500869751,10442
12.92419981956482,10441
12.950425863265991,10440
12.97664189338684,10439
13.002923011779785,10438
13.029584884643555,10437
13.056084871292114,10436
13.082382917404175,10435
13.10891079902649,10434
13.1351637840271,10433
13.161731004714966,10432
13.188082933425903,10431
13.214545965194702,10430
13.240786790847778,10429
13.266917943954468,10428
13.29310393333435,10427
13.319391012191772,10426
13.347141742706299,10425
13.373746871948242,10424
13.400032997131348,10423
13.426419019699097,10422
13.45278787612915,10421
13.479201078414917,10420
13.505348920822144,10419
13.531823873519897,10418
13.558198928833008,10417
13.584341049194336,10416
13.611860990524292,10415
13.639652729034424,10414
13.667111873626709,10413
13.696581840515137,10412
13.725382804870605,10411
13.754071950912476,10410
13.782614946365356,10409
13.81470799446106,10408
13.844963788986206,10407
13.875277996063232,10406
13.904260873794556,10405
13.931668043136597,10404
13.958838939666748,10403
13.986315965652466,10402
14.01406192779541,10401
14.040597915649414,10400
14.066931009292603,10399
14.093523979187012,10398
14.119980096817017,10397
14.14634895324707,10396
14.173059701919556,10395
14.200375080108643,10394
14.226696968078613,10393
14.252830028533936,10392
14.280282735824585,10391
14.30797004699707,10390
14.335195779800415,10389
14.362254858016968,10388
14.389733791351318,10387
14.41694688796997,10386
14.44425082206726,10385
14.472629070281982,10384
14.500334024429321,10383
14.527667999267578,10382
14.554723024368286,10381
14.581793069839478,10380
14.60884690284729,10379
14.635674953460693,10378
14.662945985794067,10377
14.717111110687256,10376
14.744302749633789,10375
14.771727800369263,10374
14.79958701133728,10373
14.826283931732178,10372
14.852596998214722,10371
14.878762006759644,10370
14.905070066452026,10369
14.931307077407837,10368
14.95736289024353,10367
14.983929872512817,10366
15.010342836380005,10365
15.036638975143433,10364
15.065407991409302,10363
15.09312105178833,10362
15.120157957077026,10361
15.147319078445435,10360
15.17470383644104,10359
15.201664924621582,10358
15.228745937347412,10357
15.255621910095215,10356
15.28262186050415,10355
15.309887886047363,10354
15.337027788162231,10353
15.364163875579834,10352
15.391148090362549,10351
15.418246984481812,10350
15.44545578956604,10349
15.472360849380493,10348
15.499510049819946,10347
15.526670694351196,10346
15.553760051727295,10345
15.58091688156128,10344
15.607858896255493,10343
15.635478973388672,10342
15.66300106048584,10341
15.68980598449707,10340
15.716214895248413,10339
15.742679119110107,10338
15.769009828567505,10337
15.795253992080688,10336
15.821656942367554,10335
15.862914085388184,10334
15.889490842819214,10333
15.916229963302612,10332
15.94341492652893,10331
15.969749927520752,10330
15.996488809585571,10329
16.02315092086792,10328
16.04958987236023,10327
16.07590079307556,10326
16.102231979370117,10325
16.12854790687561,10324
16.15515685081482,10323
16.18159794807434,10322
16.208000898361206,10321
16.234161853790283,10320
16.26059079170227,10319
16.288032054901123,10318
16.31617784500122,10317
16.34328293800354,10316
16.37058997154236,10315
16.397664070129395,10314
16.424667835235596,10313
16.451987981796265,10312
16.479102849960327,10311
16.506165981292725,10310
16.53334403038025,10309
16.56037402153015,10308
16.587629079818726,10307
16.61504292488098,10306
16.642143964767456,10305
16.669620037078857,10304
16.697001934051514,10303
16.72479271888733,10302
16.753250122070312,10301
16.781296968460083,10300
16.809224843978882,10299
16.83667492866516,10298
16.864109992980957,10297
16.89150595664978,10296
16.918490886688232,10295
16.944962978363037,10294
16.97126078605652,10293
16.997753858566284,10292
17.024194955825806,10291
17.050531148910522,10290
17.07685399055481,10289
17.103184938430786,10288
17.12958598136902,10287
17.155956029891968,10286
17.18214988708496,10285
17.20825982093811,10284
17.236158847808838,10283
17.264307975769043,10282
17.291324853897095,10281
17.322317123413086,10280
17.350056886672974,10279
17.409042835235596,10278
17.436431884765625,10277
17.463826894760132,10276
17.491106033325195,10275
17.51830506324768,10274
17.545464038848877,10273
17.572518825531006,10272
17.600218772888184,10271
17.627667903900146,10270
17.655182123184204,10269
17.682808876037598,10268
17.71015691757202,10267
17.738314867019653,10266
17.767669916152954,10265
17.795490980148315,10264
17.822731018066406,10263
17.850040674209595,10262
17.891819953918457,10261
17.91915488243103,10260
17.94657301902771,10259
17.97413992881775,10258
18.001531839370728,10257
18.029123067855835,10256
18.05610179901123,10255
18.082896947860718,10254
18.11065983772278,10253
18.137155055999756,10252
18.163697957992554,10251
18.190086841583252,10250
18.216192960739136,10249
18.2427020072937,10248
18.27082085609436,10247
18.299798011779785,10246
18.327297925949097,10245
18.354125022888184,10244
18.38076901435852,10243
18.407312870025635,10242
18.460145950317383,10241
18.486503839492798,10240
18.512959957122803,10239
18.53925395011902,10238
18.565622091293335,10237
18.592117071151733,10236
18.618618726730347,10235
18.64493489265442,10234
18.671453952789307,10233
18.698094129562378,10232
18.724513053894043,10231
18.75448989868164,10230
18.783272981643677,10229
18.8109130859375,10228
18.8382887840271,10227
18.865720748901367,10226
18.893481969833374,10225
18.92050290107727,10224
18.94731378555298,10223
18.973900079727173,10222
19.000574827194214,10221
19.026983976364136,10220
19.053565979003906,10219
19.080342054367065,10218
19.132704973220825,10217
19.159395694732666,10216
19.185722827911377,10215
19.212224006652832,10214
19.2387478351593,10213
19.265259981155396,10212
19.292837858200073,10211
19.320957899093628,10210
19.349140882492065,10209
19.378037929534912,10208
19.405459880828857,10207
19.43386483192444,10206
19.46061396598816,10205
19.48706579208374,10204
19.513383865356445,10203
19.53999376296997,10202
19.56664490699768,10201
19.59321689605713,10200
19.619815826416016,10199
19.64678692817688,10198
19.67441201210022,10197
19.701027870178223,10196
19.727569818496704,10195
19.753885984420776,10194
19.781651973724365,10193
19.81010103225708,10192
19.839454889297485,10191
19.867424964904785,10190
19.89494490623474,10189
19.922173976898193,10188
19.949512004852295,10187
19.9770450592041,10186
20.00422501564026,10185
20.03223490715027,10184
20.059648990631104,10183
20.08667802810669,10182
20.114048957824707,10181
20.141393899917603,10180
20.168487787246704,10179
20.196393966674805,10178
20.22374701499939,10177
20.250942945480347,10176
20.278454065322876,10175
20.30570077896118,10174
20.332952976226807,10173
20.360605001449585,10172
20.38767385482788,10171
20.41497802734375,10170
20.442333936691284,10169
20.469432830810547,10168
20.49656081199646,10167
20.52402400970459,10166
20.551238775253296,10165
20.57909607887268,10164
20.606380939483643,10163
20.633694887161255,10162
20.661329984664917,10161
20.688188791275024,10160
20.71456480026245,10159
20.74140691757202,10158
20.76914691925049,10157
20.796878814697266,10156
20.82376980781555,10155
20.851621866226196,10154
20.880419731140137,10153
20.911412954330444,10152
20.938769817352295,10151
20.966245889663696,10150
20.99354386329651,10149
21.020864963531494,10148
21.048396110534668,10147
21.07555890083313,10146
21.102734088897705,10145
21.129976749420166,10144
21.157161951065063,10143
21.184770107269287,10142
21.212154865264893,10141
21.23925495147705,10140
21.26664900779724,10139
21.29405188560486,10138
21.321465730667114,10137
21.34909701347351,10136
21.376219749450684,10135
21.403079986572266,10134
21.430774927139282,10133
21.457733869552612,10132
21.484776973724365,10131
21.512043952941895,10130
21.54144310951233,10129
21.569261074066162,10128
21.596696138381958,10127
21.624077081680298,10126
21.65157985687256,10125
21.678815841674805,10124
21.705854892730713,10123
21.733230113983154,10122
21.76041603088379,10121
21.7874538898468,10120
21.814737796783447,10119
21.841864824295044,10118
21.86951994895935,10117
21.898056983947754,10116
21.925278902053833,10115
21.952634811401367,10114
21.980062007904053,10113
22.007083892822266,10112
22.035461902618408,10111
22.064201831817627,10110
22.091620922088623,10109
22.119234085083008,10108
22.14656686782837,10107
22.173779010772705,10106
22.201178789138794,10105
22.22844386100769,10104
22.25640082359314,10103
22.28387188911438,10102
22.311316967010498,10101
22.338495016098022,10100
22.365813970565796,10099
22.392929077148438,10098
22.420000076293945,10097
22.447954893112183,10096
22.47647476196289,10095
22.506297826766968,10094
22.538683891296387,10093
22.5677387714386,10092
22.599213123321533,10091
22.62957787513733,10090
22.657413959503174,10089
22.684956789016724,10088
22.712385892868042,10087
22.739535808563232,10086
22.766974925994873,10085
22.79452395439148,10084
22.822654008865356,10083
22.85219407081604,10082
22.8798508644104,10081
22.90718388557434,10080
22.93464970588684,10079
22.962073802947998,10078
22.989385843276978,10077
23.016899824142456,10076
23.04445171356201,10075
23.07293391227722,10074
23.100385904312134,10073
23.12795376777649,10072
23.155083894729614,10071
23.182458877563477,10070
23.209759950637817,10069
23.236927032470703,10068
23.264647960662842,10067
23.29222083091736,10066
23.32025980949402,10065
23.34837770462036,10064
23.375897884368896,10063
23.402851104736328,10062
23.430071115493774,10061
23.45746397972107,10060
23.48485779762268,10059
23.51214289665222,10058
23.539559841156006,10057
23.567129850387573,10056
23.596917867660522,10055
23.625348806381226,10054
23.652600049972534,10053
23.67996907234192,10052
23.707079887390137,10051
23.734617710113525,10050
23.762089014053345,10049
23.789363861083984,10048
23.81653594970703,10047
23.843842029571533,10046
23.871139764785767,10045
23.89958691596985,10044
23.92707896232605,10043
23.95463490486145,10042
23.98186707496643,10041
24.009039878845215,10040
24.036306858062744,10039
24.063687801361084,10038
24.09260582923889,10037
24.11993980407715,10036
24.147264003753662,10035
24.174555778503418,10034
24.20268702507019,10033
24.22940492630005,10032
24.255865812301636,10031
24.28267478942871,10030
24.309258937835693,10029
24.33569574356079,10028
24.362016916275024,10027
24.389225959777832,10026
24.419548988342285,10025
24.446300983428955,10024
24.472614765167236,10023
24.49913191795349,10022
24.525558948516846,10021
24.552077054977417,10020
24.578595876693726,10019
24.604891777038574,10018
24.632599115371704,10017
24.65919780731201,10016
24.68555998802185,10015
24.71190881729126,10014
24.73819899559021,10013
24.764600038528442,10012
24.79096794128418,10011
24.817781925201416,10010
24.844366788864136,10009
24.870844841003418,10008
24.897369146347046,10007
24.9239559173584,10006
24.950389862060547,10005
24.976696014404297,10004
25.003363847732544,10003
25.02973175048828,10002
25.056744813919067,10001
25.08323574066162,10000
25.110316038131714,9999
25.13909602165222,9998
25.16811990737915,9997
25.196040868759155,9996
25.22354793548584,9995
25.251289129257202,9994
25.278470754623413,9993
25.32567811012268,9992
25.355079889297485,9991
25.383023738861084,9990
25.41032910346985,9989
25.437933921813965,9988
25.46574091911316,9987
25.493273735046387,9986
25.52046489715576,9985
25.54783582687378,9984
25.574951887130737,9983
25.602531909942627,9982
25.630279779434204,9981
25.657704830169678,9980
25.685457944869995,9979
25.71314311027527,9978
25.74185585975647,9977
25.77035689353943,9976
25.79816699028015,9975
25.825407028198242,9974
25.853004932403564,9973
25.880286931991577,9972
25.907591819763184,9971
25.93494987487793,9970
25.96227192878723,9969
25.989328861236572,9968
26.016427993774414,9967
26.043575048446655,9966
26.07068395614624,9965
26.097757816314697,9964
26.125234842300415,9963
26.153270959854126,9962
26.181248903274536,9961
26.209038734436035,9960
26.23620295524597,9959
26.263940811157227,9958
26.293027877807617,9957
26.320823907852173,9956
26.34864377975464,9955
26.3780038356781,9954
26.406003952026367,9953
26.433193922042847,9952
26.460712909698486,9951
26.488013982772827,9950
26.51541304588318,9949
26.542836904525757,9948
26.57059407234192,9947
26.59839677810669,9946
26.62571692466736,9945
26.652878761291504,9944
26.68038773536682,9943
26.707931756973267,9942
26.735766887664795,9941
26.762840032577515,9940
26.79043197631836,9939
26.817948818206787,9938
26.845297813415527,9937
26.87259006500244,9936
26.900119066238403,9935
26.92728090286255,9934
26.9776771068573,9933
27.004812002182007,9932
27.031998872756958,9931
27.059022903442383,9930
27.086304903030396,9929
27.113940954208374,9928
27.141403913497925,9927
27.168937921524048,9926
27.196019887924194,9925
27.222437858581543,9924
27.24899411201477,9923
27.27532172203064,9922
27.301814079284668,9921
27.328430891036987,9920
27.354839086532593,9919
27.381552934646606,9918
27.40775990486145,9917
27.434629917144775,9916
27.46117091178894,9915
27.48770308494568,9914
27.514168739318848,9913
27.540615797042847,9912
27.56718373298645,9911
27.593565940856934,9910
27.620126008987427,9909
27.646705865859985,9908
27.672921895980835,9907
27.699354887008667,9906
27.725687980651855,9905
27.752291917800903,9904
27.7809317111969,9903
27.80882477760315,9902
27.835927963256836,9901
27.863199949264526,9900
27.890704870224,9899
27.91792893409729,9898
27.94527268409729,9897
27.972457885742188,9896
27.999801874160767,9895
28.027162790298462,9894
28.054059982299805,9893
28.081387996673584,9892
28.108603954315186,9891
28.135844707489014,9890
28.163327932357788,9889
28.190859079360962,9888
28.218005895614624,9887
28.245309829711914,9886
28.27248191833496,9885
28.300273895263672,9884
28.327810049057007,9883
28.355047941207886,9882
28.38219904899597,9881
28.409608840942383,9880
28.43768882751465,9879
28.465081930160522,9878
28.492339849472046,9877
28.519593000411987,9876
28.546777725219727,9875
28.576145887374878,9874
28.60396385192871,9873
28.631687879562378,9872
28.65861678123474,9871
28.68561887741089,9870
28.71268081665039,9869
28.739675760269165,9868
28.767022132873535,9867
28.79447603225708,9866
28.821714878082275,9865
28.849451065063477,9864
28.876797914505005,9863
28.903907775878906,9862
28.931363821029663,9861
28.959844827651978,9860
28.98705291748047,9859
29.014518976211548,9858
29.041425943374634,9857
29.068774938583374,9856
29.096125841140747,9855
29.124022960662842,9854
29.15339183807373,9853
29.181742906570435,9852
29.210213899612427,9851
29.2379047870636,9850
29.265400886535645,9849
29.292747974395752,9848
29.32056498527527,9847
29.347956895828247,9846
29.37481379508972,9845
29.402167081832886,9844
29.431808948516846,9843
29.46007800102234,9842
29.486989974975586,9841
29.513617992401123,9840
29.54034996032715,9839
29.56703495979309,9838
29.593497037887573,9837
29.619928121566772,9836
29.646358966827393,9835
29.672643899917603,9834
29.69891095161438,9833
29.72562885284424,9832
29.75212597846985,9831
29.779549837112427,9830
29.807294845581055,9829
29.834224939346313,9828
29.861020803451538,9827
29.8873610496521,9826
29.914057970046997,9825
29.94043803215027,9824
29.986888885498047,9823
30.013251066207886,9822
30.042484045028687,9821
30.069915771484375,9820
30.097259998321533,9819
30.124835729599,9818
30.15310001373291,9817
30.181412935256958,9816
30.20950698852539,9815
30.2362380027771,9814
30.263299703598022,9813
30.290693759918213,9812
30.319801807403564,9811
30.34768295288086,9810
30.375325918197632,9809
30.407986879348755,9808
30.439577102661133,9807
30.467082023620605,9806
30.493824005126953,9805
30.523944854736328,9804
30.551553964614868,9803
30.579864025115967,9802
30.607107877731323,9801
30.634467840194702,9800
30.66214609146118,9799
30.69025993347168,9798
30.730124950408936,9797
30.7571439743042,9796
30.785459995269775,9795
30.813305854797363,9794
30.840436935424805,9793
30.86795687675476,9792
30.895423889160156,9791
30.92255473136902,9790
30.95004105567932,9789
30.97752594947815,9788
31.004700899124146,9787
31.032510995864868,9786
31.059884071350098,9785
31.087146997451782,9784
31.11453890800476,9783
31.141618967056274,9782
31.170439958572388,9781
31.197875022888184,9780
31.225000858306885,9779
31.252113819122314,9778
31.27963089942932,9777
31.307085037231445,9776
31.334497928619385,9775
31.361901998519897,9774
31.388962030410767,9773
31.416171073913574,9772
31.443546772003174,9771
31.47078776359558,9770
31.498329877853394,9769
31.525604724884033,9768
31.552825927734375,9767
31.580085039138794,9766
31.6072678565979,9765
31.634315013885498,9764
31.66144371032715,9763
31.688842058181763,9762
31.716389894485474,9761
31.743885040283203,9760
31.771116971969604,9759
31.798467874526978,9758
31.825974941253662,9757
31.853219032287598,9756
31.89756989479065,9755
31.925315141677856,9754
31.95382785797119,9753
31.981082916259766,9752
32.00836777687073,9751
32.035762786865234,9750
32.06331491470337,9749
32.09041786193848,9748
32.11796689033508,9747
32.14564609527588,9746
32.173274755477905,9745
32.20093393325806,9744
32.2287700176239,9743
32.25593709945679,9742
32.28414487838745,9741
32.31322693824768,9740
32.34144997596741,9739
32.36869406700134,9738
32.39644169807434,9737
32.423906087875366,9736
32.45114994049072,9735
32.47844099998474,9734
32.50551795959473,9733
32.53275012969971,9732
32.55997896194458,9731
32.5869460105896,9730
32.614222049713135,9729
32.641582012176514,9728
32.67000889778137,9727
32.697444915771484,9726
32.72439098358154,9725
32.75169587135315,9724
32.77913975715637,9723
32.80747079849243,9722
32.83477711677551,9721
32.86417579650879,9720
32.89147686958313,9719
32.91854286193848,9718
32.94572997093201,9717
32.97363877296448,9716
33.001136779785156,9715
33.028456926345825,9714
33.055481910705566,9713
33.08298707008362,9712
33.110286712646484,9711
33.13746190071106,9710
33.16483187675476,9709
33.192232847213745,9708
33.219517946243286,9707
33.247040033340454,9706
33.29052996635437,9705
33.31792593002319,9704
33.34546208381653,9703
33.374276876449585,9702
33.40460681915283,9701
33.43212294578552,9700
33.459311723709106,9699
33.48656678199768,9698
33.51397395133972,9697
33.541024923324585,9696
33.56812286376953,9695
33.59543180465698,9694
33.62231993675232,9693
33.67331409454346,9692
33.70097899436951,9691
33.72754788398743,9690
33.753875970840454,9689
33.7815580368042,9688
33.809751987457275,9687
33.83687496185303,9686
33.86401295661926,9685
33.89115905761719,9684
33.91955590248108,9683
33.95024299621582,9682
33.977776765823364,9681
34.00501084327698,9680
34.032376766204834,9679
34.05956196784973,9678
34.087334871292114,9677
34.11527991294861,9676
34.14261198043823,9675
34.17015075683594,9674
34.21540880203247,9673
34.24283790588379,9672
34.2713987827301,9671
34.30020880699158,9670
34.3277108669281,9669
34.35482597351074,9668
34.382192850112915,9667
34.409642934799194,9666
34.43830609321594,9665
34.466086864471436,9664
34.493345975875854,9663
34.520423889160156,9662
34.54751896858215,9661
34.57455110549927,9660
34.62677502632141,9659
34.65412998199463,9658
34.68145298957825,9657
34.7087287902832,9656
34.73605394363403,9655
34.76331686973572,9654
34.793006896972656,9653
34.82048487663269,9652
34.84765386581421,9651
34.87571692466736,9650
34.90298795700073,9649
34.93010592460632,9648
34.957387924194336,9647
34.98647403717041,9646
35.014033794403076,9645
35.04129481315613,9644
35.068511962890625,9643
35.096794843673706,9642
35.12407088279724,9641
35.15135478973389,9640
35.17918801307678,9639
35.20632982254028,9638
35.233776807785034,9637
35.261573791503906,9636
35.28916096687317,9635
35.31849503517151,9634
35.34745979309082,9633
35.37536883354187,9632
35.40265393257141,9631
35.430179834365845,9630
35.45755696296692,9629
35.48490285873413,9628
35.51637291908264,9627
35.54380798339844,9626
35.57084274291992,9625
35.597944021224976,9624
35.62523174285889,9623
35.65246272087097,9622
35.67957782745361,9621
35.70691680908203,9620
35.734190702438354,9619
35.76131892204285,9618
35.788646936416626,9617
35.84070873260498,9616
35.868569135665894,9615
35.89635896682739,9614
35.92372512817383,9613
35.95114493370056,9612
35.978598833084106,9611
36.005687952041626,9610
36.03428792953491,9609
36.06188702583313,9608
36.089000940322876,9607
36.11630201339722,9606
36.143547773361206,9605
36.17065906524658,9604
36.19808292388916,9603
36.225170850753784,9602
36.252410888671875,9601
36.28053092956543,9600
36.30794906616211,9599
36.33548593521118,9598
36.36310887336731,9597
36.39084792137146,9596
36.41903305053711,9595
36.446666955947876,9594
36.47378897666931,9593
36.500900745391846,9592
36.528279066085815,9591
36.55738806724548,9590
36.58572697639465,9589
36.613811016082764,9588
36.64061999320984,9587
36.66878271102905,9586
36.69687795639038,9585
36.72417092323303,9584
36.75139570236206,9583
36.7788348197937,9582
36.80606198310852,9581
36.83331084251404,9580
36.860530853271484,9579
36.88765788078308,9578
36.91470193862915,9577
36.942919969558716,9576
36.97105574607849,9575
36.998411893844604,9574
37.0257568359375,9573
37.053688049316406,9572
37.0824248790741,9571
37.11010193824768,9570
37.137311935424805,9569
37.16495895385742,9568
37.192102909088135,9567
37.22034406661987,9566
37.24767208099365,9565
37.275163888931274,9564
37.30279493331909,9563
37.330199003219604,9562
37.3575439453125,9561
37.38483500480652,9560
37.412384033203125,9559
37.439663887023926,9558
37.46706581115723,9557
37.495035886764526,9556
37.524008989334106,9555
37.55125880241394,9554
37.57890200614929,9553
37.607067823410034,9552
37.63456201553345,9551
37.661969900131226,9550
37.69011187553406,9549
37.71727204322815,9548
37.74469184875488,9547
37.771812915802,9546
37.799378871917725,9545
37.82591199874878,9544
37.85230207443237,9543
37.87868785858154,9542
37.90502715110779,9541
37.931499004364014,9540
37.95805287361145,9539
37.98464798927307,9538
38.0132360458374,9537
38.04152703285217,9536
38.06882405281067,9535
38.09646391868591,9534
38.12488293647766,9533
38.152681827545166,9532
38.17953586578369,9531
38.20611882209778,9530
38.23223400115967,9529
38.25872206687927,9528
38.2861168384552,9527
38.313188791275024,9526
38.34015107154846,9525
38.36670899391174,9524
38.39311695098877,9523
38.4211950302124,9522
38.449058055877686,9521
38.47639989852905,9520
38.50359487533569,9519
38.531733989715576,9518
38.559303998947144,9517
38.58612680435181,9516
38.61296200752258,9515
38.639495849609375,9514
38.66594576835632,9513
38.6929657459259,9512
38.741652965545654,9511
38.78857183456421,9510
38.81633687019348,9509
38.86261701583862,9508
38.88980197906494,9507
38.91700887680054,9506
38.94484090805054,9505
38.972227811813354,9504
38.999645948410034,9503
39.027002811431885,9502
39.054336071014404,9501
39.08154296875,9500
39.10883569717407,9499
39.13680100440979,9498
39.16561985015869,9497
39.19298982620239,9496
39.22053599357605,9495
39.24781107902527,9494
39.27523899078369,9493
39.30254888534546,9492
39.32979989051819,9491
39.35675501823425,9490
39.383970975875854,9489
39.411396741867065,9488
39.438387870788574,9487
39.46562576293945,9486
39.49327993392944,9485
39.52051591873169,9484
39.54803395271301,9483
39.575427770614624,9482
39.603787899017334,9481
39.63188099861145,9480
39.65876603126526,9479
39.685359716415405,9478
39.71197175979614,9477
39.73837494850159,9476
39.764760971069336,9475
39.79252290725708,9474
39.82079005241394,9473
39.84792876243591,9472
39.87530279159546,9471
39.9035210609436,9470
39.93106484413147,9469
39.9582839012146,9468
39.98561692237854,9467
40.01290798187256,9466
40.03986477851868,9465
40.068304777145386,9464
40.09624981880188,9463
40.12583589553833,9462
40.15313792228699,9461
40.18031096458435,9460
40.21022582054138,9459
40.24205803871155,9458
40.271074056625366,9457
40.29996585845947,9456
40.33116173744202,9455
40.360568046569824,9454
40.38965392112732,9453
40.41861605644226,9452
40.44617986679077,9451
40.473413944244385,9450
40.50065207481384,9449
40.52784991264343,9448
40.55496692657471,9447
40.58252000808716,9446
40.60984492301941,9445
40.637786865234375,9444
40.66699695587158,9443
40.697526931762695,9442
40.72507905960083,9441
40.75300192832947,9440
40.78174591064453,9439
40.809369802474976,9438
40.837002992630005,9437
40.86446475982666,9436
40.891988039016724,9435
40.919373989105225,9434
40.94686698913574,9433
40.97417593002319,9432
41.001598834991455,9431
41.02923393249512,9430
41.05640387535095,9429
41.083905935287476,9428
41.11121678352356,9427
41.13829779624939,9426
41.16592478752136,9425
41.195557832717896,9424
41.22304582595825,9423
41.25044775009155,9422
41.278379917144775,9421
41.3063428401947,9420
41.33437395095825,9419
41.36175298690796,9418
41.3888578414917,9417
41.41657590866089,9416
41.44428896903992,9415
41.471657037734985,9414
41.49884581565857,9413
41.52598714828491,9412
41.5533709526062,9411
41.580763816833496,9410
41.60788297653198,9409
41.63511610031128,9408
41.6623899936676,9407
41.68956804275513,9406
41.719630002975464,9405
41.746381998062134,9404
41.7728488445282,9403
41.80112099647522,9402
41.82962393760681,9401
41.85697793960571,9400
41.88439083099365,9399
41.91167998313904,9398
41.938846826553345,9397
41.96653890609741,9396
41.993775844573975,9395
42.021589040756226,9394
42.04926800727844,9393
42.07651495933533,9392
42.12238883972168,9391
42.14996600151062,9390
42.177459955215454,9389
42.2060489654541,9388
42.234665870666504,9387
42.26300597190857,9386
42.29054284095764,9385
42.319591999053955,9384
42.34791874885559,9383
42.37504696846008,9382
42.4160430431366,9381
42.44336485862732,9380
42.47054481506348,9379
42.49778985977173,9378
42.52576684951782,9377
42.55245804786682,9376
42.578964948654175,9375
42.605445861816406,9374
42.6319899559021,9373
42.65852093696594,9372
42.685011863708496,9371
42.71148490905762,9370
42.737805128097534,9369
42.76562571525574,9368
42.79239869117737,9367
42.81871485710144,9366
42.84532690048218,9365
42.87180995941162,9364
42.898327112197876,9363
42.92472982406616,9362
42.951164960861206,9361
42.97768688201904,9360
43.004124879837036,9359
43.03047800064087,9358
43.05692005157471,9357
43.083165884017944,9356
43.10954809188843,9355
43.13656282424927,9354
43.163650035858154,9353
43.190207958221436,9352
43.21689796447754,9351
43.243945837020874,9350
43.27099800109863,9349
43.3008599281311,9348
43.32894802093506,9347
43.356152057647705,9346
43.383405923843384,9345
43.41146397590637,9344
43.43867588043213,9343
43.46609401702881,9342
43.49365782737732,9341
43.52106809616089,9340
43.54853081703186,9339
43.57643795013428,9338
43.60391974449158,9337
43.63128185272217,9336
43.65873312950134,9335
43.68694710731506,9334
43.71434283256531,9333
43.74145483970642,9332
43.768893003463745,9331
43.79643893241882,9330
43.82493495941162,9329
43.85424089431763,9328
43.881937980651855,9327
43.90946674346924,9326
43.937158823013306,9325
43.96477007865906,9324
43.99183201789856,9323
44.019006967544556,9322
44.046164989471436,9321
44.07330083847046,9320
44.100467920303345,9319
44.127508878707886,9318
44.15463399887085,9317
44.182498931884766,9316
44.209770917892456,9315
44.23789596557617,9314
44.266072034835815,9313
44.29368185997009,9312
44.32078289985657,9311
44.348410844802856,9310
44.37856197357178,9309
44.408015727996826,9308
44.43522572517395,9307
44.46234178543091,9306
44.489444732666016,9305
44.5173077583313,9304
44.54470872879028,9303
44.571937084198,9302
44.59932899475098,9301
44.62656378746033,9300
44.65371584892273,9299
44.68106293678284,9298
44.708069801330566,9297
44.73526883125305,9296
44.762298822402954,9295
44.7893168926239,9294
44.816720962524414,9293
44.84401488304138,9292
44.87108874320984,9291
44.8984158039093,9290
44.92540383338928,9289
44.95268201828003,9288
44.98239588737488,9287
45.010544776916504,9286
45.03779578208923,9285
45.06519293785095,9284
45.09228992462158,9283
45.119179010391235,9282
45.14688682556152,9281
45.17384696006775,9280
45.20055890083313,9279
45.227128744125366,9278
45.253479957580566,9277
45.2798867225647,9276
45.30760383605957,9275
45.33440589904785,9274
45.36073708534241,9273
45.38704299926758,9272
45.41350507736206,9271
45.43983197212219,9270
45.466304063797,9269
45.49345779418945,9268
45.52068495750427,9267
45.54728388786316,9266
45.573824882507324,9265
45.60042190551758,9264
45.62698483467102,9263
45.65356802940369,9262
45.68127107620239,9261
45.708991050720215,9260
45.73723793029785,9259
45.765384912490845,9258
45.7939248085022,9257
45.82620191574097,9256
45.85750389099121,9255
45.887518882751465,9254
45.91690182685852,9253
45.94556379318237,9252
45.97505784034729,9251
46.002827882766724,9250
46.03015494346619,9249
46.057222843170166,9248
46.084420919418335,9247
46.113301038742065,9246
46.14132881164551,9245
46.16868185997009,9244
46.19668197631836,9243
46.22570276260376,9242
46.25308012962341,9241
46.28101396560669,9240
46.32612490653992,9239
46.35345482826233,9238
46.38067293167114,9237
46.407833099365234,9236
46.43502998352051,9235
46.4623920917511,9234
46.49155879020691,9233
46.520270109176636,9232
46.548359870910645,9231
46.57582211494446,9230
46.602977991104126,9229
46.6304349899292,9228
46.657768964767456,9227
46.685327768325806,9226
46.71259808540344,9225
46.73971390724182,9224
46.766873836517334,9223
46.794777154922485,9222
46.82274103164673,9221
46.84962201118469,9220
46.876253843307495,9219
46.9027898311615,9218
46.9293909072876,9217
46.97003889083862,9216
46.997241735458374,9215
47.02402305603027,9214
47.050851821899414,9213
47.07782196998596,9212
47.10481572151184,9211
47.1313910484314,9210
47.158365964889526,9209
47.18505811691284,9208
47.211689949035645,9207
47.23814296722412,9206
47.26530885696411,9205
47.294182777404785,9204
47.322574853897095,9203
47.35003995895386,9202
47.37713694572449,9201
47.4041850566864,9200
47.43167686462402,9199
47.45897603034973,9198
47.48651075363159,9197
47.51423096656799,9196
47.54358386993408,9195
47.570950984954834,9194
47.59829092025757,9193
47.62561297416687,9192
47.65338087081909,9191
47.680737018585205,9190
47.7078320980072,9189
47.75159978866577,9188
47.7792489528656,9187
47.80655574798584,9186
47.83389091491699,9185
47.86131691932678,9184
47.88840079307556,9183
47.91645002365112,9182
47.944095849990845,9181
47.9713830947876,9180
47.998692750930786,9179
48.02578783035278,9178
48.0543007850647,9177
48.08223271369934,9176
48.10960102081299,9175
48.136979818344116,9174
48.1644721031189,9173
48.1917929649353,9172
48.21917700767517,9171
48.24665379524231,9170
48.2736120223999,9169
48.30138087272644,9168
48.32863783836365,9167
48.35622191429138,9166
48.38341403007507,9165
48.41075778007507,9164
48.43811392784119,9163
48.46631979942322,9162
48.49305486679077,9161
48.51962900161743,9160
48.54619002342224,9159
48.57259798049927,9158
48.59907102584839,9157
48.62549304962158,9156
48.65200591087341,9155
48.67955303192139,9154
48.70604586601257,9153
48.73268103599548,9152
48.759193897247314,9151
48.78574275970459,9150
48.81290602684021,9149
48.83959603309631,9148
48.86612677574158,9147
48.89286780357361,9146
48.919363021850586,9145
48.94560790061951,9144
48.972002029418945,9143
48.9983286857605,9142
49.02462577819824,9141
49.05123782157898,9140
49.07774090766907,9139
49.12928485870361,9138
49.15574288368225,9137
49.18235898017883,9136
49.20916390419006,9135
49.23561501502991,9134
49.26200604438782,9133
49.289751052856445,9132
49.317532777786255,9131
49.34473180770874,9130
49.371938943862915,9129
49.39935374259949,9128
49.42652177810669,9127
49.453728914260864,9126
49.48120093345642,9125
49.50830388069153,9124
49.535502910614014,9123
49.58252286911011,9122
49.60979890823364,9121
49.63705396652222,9120
49.66443490982056,9119
49.69182586669922,9118
49.71937394142151,9117
49.747010946273804,9116
49.7743878364563,9115
49.80198407173157,9114
49.829654932022095,9113
49.85842990875244,9112
49.88580513000488,9111
49.91303300857544,9110
49.940144777297974,9109
49.96739411354065,9108
49.99459671974182,9107
50.02206802368164,9106
50.049606800079346,9105
50.07721281051636,9104
50.10471796989441,9103
50.13223075866699,9102
50.15997886657715,9101
50.18696904182434,9100
50.21349596977234,9099
50.239798069000244,9098
50.26614785194397,9097
50.29367184638977,9096
50.32271885871887,9095
50.349982023239136,9094
50.37851071357727,9093
50.405956745147705,9092
50.43329310417175,9091
50.46102714538574,9090
50.489102840423584,9089
50.51603889465332,9088
50.54259514808655,9087
50.56951189041138,9086
50.59616780281067,9085
50.62254476547241,9084
50.64872694015503,9083
50.67533993721008,9082
50.70191693305969,9081
50.728487968444824,9080
50.75495195388794,9079
50.7827410697937,9078
50.81164002418518,9077
50.838955879211426,9076
50.866684913635254,9075
50.894343852996826,9074
50.920949935913086,9073
50.94760704040527,9072
50.97400498390198,9071
51.000688791275024,9070
51.027172803878784,9069
51.0538387298584,9068
51.08041501045227,9067
51.106910943984985,9066
51.1336669921875,9065
51.160362005233765,9064
51.18693399429321,9063
51.21329593658447,9062
51.23962593078613,9061
51.265920877456665,9060
51.29293179512024,9059
51.32137989997864,9058
51.348958015441895,9057
51.37760782241821,9056
51.40642786026001,9055
51.43644905090332,9054
51.46780800819397,9053
51.49695897102356,9052
51.52732491493225,9051
51.556586027145386,9050
51.5842719078064,9049
51.61169695854187,9048
51.63876295089722,9047
51.666175842285156,9046
51.69382095336914,9045
51.722007036209106,9044
51.750324964523315,9043
51.77975606918335,9042
51.80721187591553,9041
51.83662700653076,9040
51.86456084251404,9039
51.892005920410156,9038
51.91918683052063,9037
51.9473090171814,9036
51.976195096969604,9035
52.003580808639526,9034
52.03098797798157,9033
52.058281898498535,9032
52.085721015930176,9031
52.11324691772461,9030
52.14081001281738,9029
52.168139934539795,9028
52.19565272331238,9027
52.22283697128296,9026
52.25059676170349,9025
52.278027057647705,9024
52.30571484565735,9023
52.3335018157959,9022
52.3621928691864,9021
52.38960313796997,9020
52.41712999343872,9019
52.44530391693115,9018
52.47432494163513,9017
52.50224590301514,9016
52.53054594993591,9015
52.55792307853699,9014
52.585564851760864,9013
52.61198687553406,9012
52.63830494880676,9011
52.66483688354492,9010
52.691609144210815,9009
52.71816897392273,9008
52.74464678764343,9007
52.771278858184814,9006
52.7979679107666,9005
52.82422709465027,9004
52.850714921951294,9003
52.87726092338562,9002
52.905268907547,9001
52.93207597732544,9000
52.95872783660889,8999
52.985909938812256,8998
53.0130569934845,8997
53.05757689476013,8996
53.08558893203735,8995
53.11308002471924,8994
53.140291690826416,8993
53.1677508354187,8992
53.195143938064575,8991
53.22220802307129,8990
53.24952507019043,8989
53.27742290496826,8988
53.3048529624939,8987
53.332940101623535,8986
53.36111092567444,8985
53.40853190422058,8984
53.43637776374817,8983
53.4640748500824,8982
53.49190092086792,8981
53.519723892211914,8980
53.547263860702515,8979
53.5744047164917,8978
53.60156583786011,8977
53.6286358833313,8976
53.65595078468323,8975
53.68328905105591,8974
53.710668087005615,8973
53.73780608177185,8972
53.76517677307129,8971
53.792786836624146,8970
53.820141077041626,8969
53.84730291366577,8968
53.874350786209106,8967
53.928436040878296,8966
53.95535111427307,8965
53.982677936553955,8964
54.00997495651245,8963
54.037187814712524,8962
54.06455183029175,8961
54.092236042022705,8960
54.119600772857666,8959
54.14692401885986,8958
54.1740038394928,8957
54.20130896568298,8956
54.22844386100769,8955
54.255553007125854,8954
54.282824993133545,8953
54.310219049453735,8952
54.33743095397949,8951
54.36479997634888,8950
54.39290380477905,8949
54.42203378677368,8948
54.44969296455383,8947
54.477132081985474,8946
54.50438404083252,8945
54.53162693977356,8944
54.55872583389282,8943
54.58582091331482,8942
54.61292791366577,8941
54.64036989212036,8940
54.667624950408936,8939
54.69516396522522,8938
54.722450971603394,8937
54.7498779296875,8936
54.7772319316864,8935
54.80457901954651,8934
54.83229899406433,8933
54.86008977890015,8932
54.88726282119751,8931
54.914751052856445,8930
54.94243884086609,8929
54.97005891799927,8928
54.99758696556091,8927
55.028626918792725,8926
55.055728912353516,8925
55.08339190483093,8924
55.11068105697632,8923
55.13784885406494,8922
55.1654269695282,8921
55.19278001785278,8920
55.220024824142456,8919
55.247478008270264,8918
55.27442002296448,8917
55.30220890045166,8916
55.32958388328552,8915
55.35699796676636,8914
55.3848659992218,8913
55.412137031555176,8912
55.44054293632507,8911
55.4679958820343,8910
55.495299100875854,8909
55.52231502532959,8908
55.5504629611969,8907
55.577767848968506,8906
55.60515880584717,8905
55.63266086578369,8904
55.65984582901001,8903
55.686970949172974,8902
55.71424102783203,8901
55.74151873588562,8900
55.76859378814697,8899
55.795748710632324,8898
55.823301792144775,8897
55.85077881813049,8896
55.87789797782898,8895
55.90485095977783,8894
55.93296003341675,8893
55.9599609375,8892
55.98642587661743,8891
56.01286292076111,8890
56.039294958114624,8889
56.06578207015991,8888
56.09217691421509,8887
56.11847972869873,8886
56.14499306678772,8885
56.17170786857605,8884
56.19834589958191,8883
56.224936962127686,8882
56.25128793716431,8881
56.2789261341095,8880
56.30696487426758,8879
56.3342547416687,8878
56.36171007156372,8877
56.38889193534851,8876
56.41665291786194,8875
56.44351267814636,8874
56.469995975494385,8873
56.49646782875061,8872
56.522809743881226,8871
56.57390093803406,8870
56.60036301612854,8869
56.62690091133118,8868
56.65339183807373,8867
56.67992091178894,8866
56.706448793411255,8865
56.733043909072876,8864
56.75954794883728,8863
56.78768992424011,8862
56.81564116477966,8861
56.84286689758301,8860
56.87020182609558,8859
56.8973069190979,8858
56.92467784881592,8857
56.95196485519409,8856
56.979267835617065,8855
57.006428956985474,8854
57.03389286994934,8853
57.061198711395264,8852
57.08842396736145,8851
57.115768909454346,8850
57.14295697212219,8849
57.17039108276367,8848
57.197675943374634,8847
57.22455811500549,8846
57.252028942108154,8845
57.27965998649597,8844
57.30701184272766,8843
57.335521936416626,8842
57.36405611038208,8841
57.3915638923645,8840
57.42098093032837,8839
57.450186014175415,8838
57.48130512237549,8837
57.51032495498657,8836
57.53769397735596,8835
57.56588792800903,8834
57.59340786933899,8833
57.62059283256531,8832
57.672526121139526,8831
57.69999575614929,8830
57.72721982002258,8829
57.754323959350586,8828
57.781938791275024,8827
57.81134796142578,8826
57.83853578567505,8825
57.86592483520508,8824
57.89292597770691,8823
57.92021894454956,8822
57.947608947753906,8821
57.97497892379761,8820
58.00219702720642,8819
58.029646158218384,8818
58.05677795410156,8817
58.08427691459656,8816
58.13030982017517,8815
58.157490968704224,8814
58.185056924819946,8813
58.212404012680054,8812
58.239542961120605,8811
58.26683688163757,8810
58.294878005981445,8809
58.32247805595398,8808
58.34988188743591,8807
58.37713313102722,8806
58.40510010719299,8805
58.43254494667053,8804
58.45991086959839,8803
58.4872350692749,8802
58.514577865600586,8801
58.54171800613403,8800
58.56942701339722,8799
58.5973219871521,8798
58.625497817993164,8797
58.65259003639221,8796
58.679203033447266,8795
58.70600914955139,8794
58.732499837875366,8793
58.759055852890015,8792
58.78542685508728,8791
58.8118839263916,8790
58.83850383758545,8789
58.864875078201294,8788
58.89141774177551,8787
58.91798186302185,8786
58.94457387924194,8785
58.97109603881836,8784
58.99774479866028,8783
59.02416372299194,8782
59.05056691169739,8781
59.077226877212524,8780
59.10352087020874,8779
59.12992310523987,8778
59.15623712539673,8777
59.18273210525513,8776
59.20916390419006,8775
59.235657930374146,8774
59.26204800605774,8773
59.29023194313049,8772
59.31875395774841,8771
59.346346855163574,8770
59.37334489822388,8769
59.400553941726685,8768
59.427780866622925,8767
59.4547917842865,8766
59.48209095001221,8765
59.509246826171875,8764
59.53659176826477,8763
59.563984870910645,8762
59.59105205535889,8761
59.61826992034912,8760
59.64569592475891,8759
59.67303705215454,8758
59.7003448009491,8757
59.72764587402344,8756
59.754723072052,8755
59.78209686279297,8754
59.8100528717041,8753
59.83718299865723,8752
59.86461114883423,8751
59.89178490638733,8750
59.91906690597534,8749
59.946446895599365,8748
59.97354793548584,8747
60.001667737960815,8746
60.02911686897278,8745
60.05638384819031,8744
60.083821058273315,8743
60.11109685897827,8742
60.13849091529846,8741
60.16581892967224,8740
60.193145751953125,8739
60.220234870910645,8738
60.24784302711487,8737
60.27516794204712,8736
60.30252003669739,8735
60.3299720287323,8734
60.35675001144409,8733
60.38399291038513,8732
60.411160945892334,8731
60.43833088874817,8730
60.46554493904114,8729
60.49276804924011,8728
60.52009892463684,8727
60.54758405685425,8726
60.57485890388489,8725
60.60196399688721,8724
60.62927293777466,8723
60.656329870224,8722
60.68379092216492,8721
60.7110960483551,8720
60.738455057144165,8719
60.76566696166992,8718
60.79330778121948,8717
60.82035493850708,8716
60.84777808189392,8715
60.8751380443573,8714
60.90257692337036,8713
60.93006205558777,8712
60.95730686187744,8711
60.98461580276489,8710
61.01191592216492,8709
61.0610089302063,8708
61.088324785232544,8707
61.11562180519104,8706
61.14272379875183,8705
61.171801805496216,8704
61.19959282875061,8703
61.22693181037903,8702
61.254080057144165,8701
61.28147292137146,8700
61.30957794189453,8699
61.33700489997864,8698
61.364383935928345,8697
61.39149498939514,8696
61.441977739334106,8695
61.469021797180176,8694
61.49658489227295,8693
61.52397274971008,8692
61.55137395858765,8691
61.57880187034607,8690
61.606061935424805,8689
61.63342595100403,8688
61.661006927490234,8687
61.689236879348755,8686
61.71653079986572,8685
61.74399495124817,8684
61.771119832992554,8683
61.79838585853577,8682
61.825915813446045,8681
61.853294134140015,8680
61.880841970443726,8679
61.90819501876831,8678
61.93551683425903,8677
61.962838888168335,8676
61.99000287055969,8675
62.01720190048218,8674
62.0453360080719,8673
62.072614908218384,8672
62.09980893135071,8671
62.12678503990173,8670
62.154791831970215,8669
62.18265986442566,8668
62.21021270751953,8667
62.23739004135132,8666
62.26481103897095,8665
62.292222023010254,8664
62.31946396827698,8663
62.34688901901245,8662
62.37391901016235,8661
62.401065826416016,8660
62.428327798843384,8659
62.4553108215332,8658
62.48268485069275,8657
62.51014184951782,8656
62.53768801689148,8655
62.565223932266235,8654
62.59358787536621,8653
62.621957778930664,8652
62.65022683143616,8651
62.67821788787842,8650
62.70838284492493,8649
62.739500999450684,8648
62.768298864364624,8647
62.795695781707764,8646
62.82398700714111,8645
62.85173988342285,8644
62.87919306755066,8643
62.90629291534424,8642
62.93392205238342,8641
62.9612500667572,8640
62.98838710784912,8639
63.01611590385437,8638
63.04515981674194,8637
63.07237982749939,8636
63.10027599334717,8635
63.12782883644104,8634
63.155996799468994,8633
63.18287205696106,8632
63.209287881851196,8631
63.23568677902222,8630
63.27682399749756,8629
63.30416202545166,8628
63.331748723983765,8627
63.35898685455322,8626
63.38634181022644,8625
63.413625717163086,8624
63.44059181213379,8623
63.46783995628357,8622
63.49539589881897,8621
63.5234580039978,8620
63.55102896690369,8619
63.57849073410034,8618
63.605790853500366,8617
63.6329448223114,8616
63.66026186943054,8615
63.68767786026001,8614
63.7151780128479,8613
63.74243187904358,8612
63.769654989242554,8611
63.797353982925415,8610
63.82517600059509,8609
63.852518796920776,8608
63.879997968673706,8607
63.90726184844971,8606
63.936075925827026,8605
63.96364688873291,8604
63.99080300331116,8603
64.01918292045593,8602
64.04770302772522,8601
64.0755820274353,8600
64.10292100906372,8599
64.13028597831726,8598
64.15779089927673,8597
64.18554282188416,8596
64.2130229473114,8595
64.24021601676941,8594
64.26948595046997,8593
64.30014109611511,8592
64.32761073112488,8591
64.35668683052063,8590
64.38340187072754,8589
64.40976786613464,8588
64.4361400604248,8587
64.46275687217712,8586
64.48928594589233,8585
64.51608991622925,8584
64.54569697380066,8583
64.57356595993042,8582
64.60105085372925,8581
64.62847781181335,8580
64.65556979179382,8579
64.6829879283905,8578
64.73068284988403,8577
64.75782084465027,8576
64.78530097007751,8575
64.8129529953003,8574
64.84027481079102,8573
64.8676929473877,8572
64.89530491828918,8571
64.92262196540833,8570
64.96851587295532,8569
64.99570298194885,8568
65.02275776863098,8567
65.0501697063446,8566
65.07709288597107,8565
65.10436773300171,8564
65.13184189796448,8563
65.16075897216797,8562
65.18826699256897,8561
65.21607995033264,8560
65.24367904663086,8559
65.27087688446045,8558
65.29844093322754,8557
65.32570791244507,8556
65.35273385047913,8555
65.37992691993713,8554
65.40688681602478,8553
65.4342520236969,8552
65.46180081367493,8551
65.48916792869568,8550
65.5167019367218,8549
65.54428172111511,8548
65.57154393196106,8547
65.60039973258972,8546
65.62848591804504,8545
65.65559506416321,8544
65.68270993232727,8543
65.71046304702759,8542
65.73772287368774,8541
65.76518607139587,8540
65.79272389411926,8539
65.82045578956604,8538
65.84805488586426,8537
65.87538194656372,8536
65.90265703201294,8535
65.93015384674072,8534
65.95732188224792,8533
65.98459005355835,8532
66.01179075241089,8531
66.03900098800659,8530
66.06624794006348,8529
66.09368085861206,8528
66.12092995643616,8527
66.14858078956604,8526
66.17879295349121,8525
66.20978474617004,8524
66.23713684082031,8523
66.26481676101685,8522
66.29226803779602,8521
66.3191270828247,8520
66.34645295143127,8519
66.37303280830383,8518
66.41875410079956,8517
66.44517397880554,8516
66.47165179252625,8515
66.49819087982178,8514
66.52465200424194,8513
66.55107879638672,8512
66.5775978565216,8511
66.60389184951782,8510
66.63036394119263,8509
66.65676379203796,8508
66.6832230091095,8507
66.70965695381165,8506
66.7362289428711,8505
66.76276183128357,8504
66.78946495056152,8503
66.81596493721008,8502
66.84253478050232,8501
66.8690938949585,8500
66.8956208229065,8499
66.92226791381836,8498
66.94884777069092,8497
68.58054876327515,8496
70.20874381065369,8495
70.23599195480347,8494
70.26348376274109,8493
70.29087376594543,8492
70.3181791305542,8491
70.34569072723389,8490
70.37297892570496,8489
70.40035200119019,8488
70.42801189422607,8487
70.45579695701599,8486
70.48337888717651,8485
70.51091980934143,8484
70.53825783729553,8483
70.56582975387573,8482
70.5934579372406,8481
70.62064790725708,8480
70.64789605140686,8479
70.67500281333923,8478
70.70203900337219,8477
70.72940182685852,8476
70.75743985176086,8475
70.78591680526733,8474
72.00029182434082,8473
72.02803206443787,8472
72.05525493621826,8471
73.89123582839966,8470
73.91906094551086,8469
73.94723391532898,8468
73.97464299201965,8467
74.00202178955078,8466
74.02952194213867,8465
74.05659079551697,8464
74.08396077156067,8463
74.11117386817932,8462
74.18084192276001,8461
74.22083497047424,8460
74.26660680770874,8459
74.31815385818481,8458
74.41284084320068,8457
74.44067406654358,8456
74.50554490089417,8455
74.5535397529602,8454
74.5811128616333,8453
74.64466691017151,8452
74.67173409461975,8451
74.73131895065308,8450
74.759840965271,8449
74.78749799728394,8448
74.86843705177307,8447
74.89595603942871,8446
74.94990110397339,8445
74.97739911079407,8444
75.0446138381958,8443
75.07184195518494,8442
75.13469171524048,8441
75.16247200965881,8440
75.22847390174866,8439
75.28042912483215,8438
75.30907487869263,8437
75.36668395996094,8436
75.42384099960327,8435
75.45039105415344,8434
75.51889777183533,8433
75.5715057849884,8432
75.64840984344482,8431
75.674959897995,8430
75.74931693077087,8429
75.77585887908936,8428
75.8046190738678,8427
75.83190083503723,8426
75.85928606987,8425
75.88642573356628,8424
75.95303797721863,8423
75.98044800758362,8422
76.02136492729187,8421
76.04801487922668,8420
76.11482501029968,8419
76.14137983322144,8418
76.18979287147522,8417
76.21646285057068,8416
76.29528498649597,8415
76.34483194351196,8414
76.37190771102905,8413
76.4288969039917,8412
76.4562029838562,8411
76.50048494338989,8410
76.52781796455383,8409
76.60292506217957,8408
76.64383006095886,8407
76.6714198589325,8406
76.71593499183655,8405
76.75862193107605,8404
76.78582978248596,8403
76.83783984184265,8402
76.86518788337708,8401
76.92915201187134,8400
76.95616698265076,8399
76.99599194526672,8398
77.02319002151489,8397
77.09612989425659,8396
77.12367677688599,8395
77.194011926651,8394
77.2217447757721,8393
77.28636908531189,8392
77.31393480300903,8391
77.38713788986206,8390
77.43426084518433,8389
77.48296189308167,8388
77.51002073287964,8387
77.56473588943481,8386
77.59220886230469,8385
77.6195809841156,8384
77.64821600914001,8383
77.67587780952454,8382
77.70324873924255,8381
77.73040390014648,8380
77.80049991607666,8379
77.82770085334778,8378
77.87273812294006,8377
77.91665887832642,8376
77.98315691947937,8375
78.0104649066925,8374
78.07310581207275,8373
78.10024285316467,8372
78.16728401184082,8371
78.195307970047,8370
78.25911593437195,8369
78.28629493713379,8368
78.35392689704895,8367
78.38124799728394,8366
78.43660378456116,8365
78.48931407928467,8364
78.51721906661987,8363
78.59461402893066,8362
78.62184977531433,8361
78.69468116760254,8360
78.72187185287476,8359
78.77174592018127,8358
78.79938197135925,8357
78.82682085037231,8356
78.85406494140625,8355
78.92195105552673,8354
78.9493796825409,8353
79.02610397338867,8352
79.05347990989685,8351
79.11414098739624,8350
79.16011190414429,8349
79.20273780822754,8348
79.22921395301819,8347
79.30083513259888,8346
79.32762789726257,8345
79.40647292137146,8344
79.43889999389648,8343
79.51043796539307,8342
79.56184887886047,8341
79.58843493461609,8340
79.64966893196106,8339
79.67619895935059,8338
79.73306703567505,8337
79.77710890769958,8336
79.80358695983887,8335
79.88105177879333,8334
79.9078278541565,8333
79.9901819229126,8332
80.0174548625946,8331
80.0887439250946,8330
80.11632895469666,8329
80.17799496650696,8328
80.20583701133728,8327
80.26368594169617,8326
80.29208278656006,8325
80.35768294334412,8324
80.38504791259766,8323
80.46188998222351,8322
80.48917984962463,8321
80.56710696220398,8320
80.59533381462097,8319
80.66781687736511,8318
80.69527792930603,8317
80.75576877593994,8316
80.78364109992981,8315
80.83660697937012,8314
80.86431574821472,8313
80.90404200553894,8312
80.93126702308655,8311
80.9831280708313,8310
81.0103828907013,8309
81.07272386550903,8308
81.10003089904785,8307
81.16474390029907,8306
81.19233989715576,8305
81.26993799209595,8304
81.31715083122253,8303
81.36831283569336,8302
81.41021990776062,8301
97.68447089195251,8300
100.22517895698547,8299
100.27634572982788,8298
100.30272102355957,8297
100.32911205291748,8296
100.38276982307434,8295
100.42775869369507,8294
100.9901487827301,8293
101.03233098983765,8292
101.13129186630249,8291
101.1590588092804,8290
101.20884084701538,8289
101.26269698143005,8288
101.30297708511353,8287
101.36919403076172,8286
101.39658904075623,8285
102.23768281936646,8284
104.67288970947266,8283
104.71397495269775,8282
104.75772500038147,8281
104.8055169582367,8280
104.8477509021759,8279
104.89455890655518,8278
104.93601298332214,8277
105.05105686187744,8276
105.1010890007019,8275
105.12764477729797,8274
105.18047785758972,8273
105.21904683113098,8272
105.26712489128113,8271
105.40263986587524,8270
105.44161987304688,8269
105.486732006073,8268
105.52823090553284,8267
105.57534098625183,8266
105.62687277793884,8265
105.67540979385376,8264
105.72752785682678,8263
105.7539119720459,8262
105.86922073364258,8261
105.90791606903076,8260
105.93470001220703,8259
106.06566596031189,8258
106.10617804527283,8257
106.15003490447998,8256
106.17658996582031,8255
106.21462774276733,8254
106.2609658241272,8253
106.31090784072876,8252
106.36280083656311,8251
106.4031810760498,8250
106.44955277442932,8249
106.49799180030823,8248
106.53937888145447,8247
106.58236289024353,8246
106.62936282157898,8245
106.89230489730835,8244
106.9376449584961,8243
106.98467683792114,8242
107.03511881828308,8241
107.23897290229797,8240
107.26659893989563,8239
107.30662393569946,8238
107.35643911361694,8237
107.60711812973022,8236
107.66040587425232,8235
107.71427774429321,8234
107.75670599937439,8233
107.99305891990662,8232
108.04208993911743,8231
108.08376812934875,8230
108.12735986709595,8229
108.3195469379425,8228
108.36422991752625,8227
108.41236996650696,8226
108.43875408172607,8225
108.65543508529663,8224
108.70059180259705,8223
108.74735689163208,8222
108.79663801193237,8221
109.03207874298096,8220
109.0756778717041,8219
109.12155795097351,8218
109.1694438457489,8217
109.38416004180908,8216
109.43223690986633,8215
109.47314190864563,8214
109.51800489425659,8213
109.75629687309265,8212
109.78455185890198,8211
109.82732892036438,8210
109.87053275108337,8209
110.07338070869446,8208
110.12333393096924,8207
110.17693376541138,8206
110.21661186218262,8205
110.43835091590881,8204
110.48316478729248,8203
110.52967095375061,8202
110.57830786705017,8201
110.83996105194092,8200
110.8815188407898,8199
110.90911197662354,8198
110.95614790916443,8197
111.20037889480591,8196
111.25899386405945,8195
111.33861875534058,8194
111.46053791046143,8193
111.5431580543518,8192
111.5953118801117,8191
111.7960958480835,8190
111.83792901039124,8189
111.99488091468811,8188
112.02228093147278,8187
112.0644280910492,8186
112.21725487709045,8185
112.24494004249573,8184
112.29079294204712,8183
112.34957003593445,8182
112.5151858329773,8181
112.5698869228363,8180
112.63062500953674,8179
112.80985283851624,8178
112.86845803260803,8177
112.91632986068726,8176
112.99019598960876,8175
113.12863373756409,8174
113.17823696136475,8173
113.27330684661865,8172
113.35065698623657,8171
113.39253306388855,8170
113.46305394172668,8169
113.53957676887512,8168
113.62855696678162,8167
113.67750978469849,8166
113.7355809211731,8165
113.84546780586243,8164
113.89339399337769,8163
113.99611806869507,8162
114.1302809715271,8161
114.23209285736084,8160
114.25980281829834,8159
114.33715105056763,8158
114.45420598983765,8157
114.56820774078369,8156
114.63112592697144,8155
114.7210578918457,8154
114.83038687705994,8153
114.89385294914246,8152
114.98180603981018,8151
115.0828800201416,8150
115.12928891181946,8149
115.1989438533783,8148
115.30348682403564,8147
115.36922287940979,8146
115.41621398925781,8145
115.4893901348114,8144
115.61964702606201,8143
115.70773100852966,8142
115.88501405715942,8141
115.92877793312073,8140
115.99918794631958,8139
116.04523587226868,8138
116.24974203109741,8137
116.27737808227539,8136
116.35271096229553,8135
116.39744091033936,8134
116.61277794837952,8133
116.6517288684845,8132
116.70849585533142,8131
116.75912189483643,8130
116.94118595123291,8129
116.98950386047363,8128
117.08131194114685,8127
117.13623595237732,8126
117.3184289932251,8125
117.34595203399658,8124
117.3948438167572,8123
117.60278391838074,8122
117.6301519870758,8121
117.69396877288818,8120
117.80378890037537,8119
117.90207481384277,8118
117.9434449672699,8117
118.06805181503296,8116
118.16670107841492,8115
118.27008390426636,8114
118.40137076377869,8113
118.48346900939941,8112
118.57014298439026,8111
118.67613887786865,8110
118.74081301689148,8109
118.8103289604187,8108
118.95053601264954,8107
119.03147077560425,8106
119.3195230960846,8105
119.37236881256104,8104
119.41773176193237,8103
119.47084379196167,8102
119.51885485649109,8101
119.56091380119324,8100
119.58753299713135,8099
119.61409783363342,8098
119.75343680381775,8097
119.79602885246277,8096
119.84892797470093,8095
119.91661596298218,8094
119.9668710231781,8093
120.15409994125366,8092
120.1944088935852,8091
120.24643683433533,8090
120.2933440208435,8089
120.34069991111755,8088
120.36754298210144,8087
120.39433693885803,8086
120.44642186164856,8085
120.47273087501526,8084
120.51353597640991,8083
120.5650429725647,8082
120.64091181755066,8081
120.68501996994019,8080
120.7346580028534,8079
120.78208780288696,8078
120.83077788352966,8077
120.88113689422607,8076
120.91989398002625,8075
120.96443390846252,8074
121.01079392433167,8073
121.06112480163574,8072
121.11322283744812,8071
121.1529290676117,8070
121.19573402404785,8069
121.2221097946167,8068
121.26103186607361,8067
121.30238699913025,8066
121.35160183906555,8065
121.6073899269104,8064
121.65300607681274,8063
121.70252585411072,8062
121.72994303703308,8061
121.96057176589966,8060
122.00479388237,8059
122.05085182189941,8058
122.10073280334473,8057
122.28464579582214,8056
122.33684206008911,8055
122.38196778297424,8054
122.42908787727356,8053
122.6420407295227,8052
122.6910719871521,8051
122.74468302726746,8050
122.79377484321594,8049
123.03467798233032,8048
123.06125903129578,8047
123.08796000480652,8046
123.13128399848938,8045
123.32892990112305,8044
123.3743040561676,8043
123.42172479629517,8042
123.47260904312134,8041
123.51657485961914,8040
123.69794511795044,8039
123.74018502235413,8038
123.78829383850098,8037
123.84141182899475,8036
124.07551789283752,8035
124.11656498908997,8034
124.16120290756226,8033
124.20769309997559,8032
124.45691800117493,8031
124.51053380966187,8030
124.55209493637085,8029
124.59761571884155,8028
124.81250309944153,8027
124.86466002464294,8026
124.918301820755,8025
125.05528807640076,8024
125.13525295257568,8023
125.17834186553955,8022
125.34766697883606,8021
125.39475393295288,8020
125.4557900428772,8019
125.67541098594666,8018
125.72527003288269,8017
125.80009198188782,8016
126.02168607711792,8015
126.0622730255127,8014
126.11291599273682,8013
126.15757703781128,8012
126.35340070724487,8011
126.40267276763916,8010
126.49471998214722,8009
126.6670970916748,8008
126.75853896141052,8007
126.88667583465576,8006
126.91446089744568,8005
126.99434494972229,8004
127.13911700248718,8003
127.16681694984436,8002
127.21565294265747,8001
127.39187788963318,8000
127.4415910243988,7999
127.62471795082092,7998
127.67498993873596,7997
127.86257004737854,7996
127.90559196472168,7995
127.93281483650208,7994
127.97728681564331,7993
128.17106413841248,7992
128.21665692329407,7991
128.24569988250732,7990
128.29894709587097,7989
128.47732615470886,7988
128.53097701072693,7987
128.5582971572876,7986
128.7473268508911,7985
128.8019618988037,7984
128.82950282096863,7983
128.8759298324585,7982
129.04320192337036,7981
129.09163069725037,7980
129.11900997161865,7979
129.29895401000977,7978
129.34883880615234,7977
129.37825393676758,7976
129.42611694335938,7975
129.6403887271881,7974
129.68307399749756,7973
129.71211194992065,7972
129.76130986213684,7971
129.91687488555908,7970
129.96597290039062,7969
130.01647901535034,7968
130.09848189353943,7967
130.21900272369385,7966
130.27669286727905,7965
130.31889486312866,7964
130.40575885772705,7963
130.5391149520874,7962
130.58516097068787,7961
130.66852593421936,7960
130.71473002433777,7959
130.89970993995667,7958
130.92716073989868,7957
130.99771690368652,7956
131.13014602661133,7955
131.17972874641418,7954
131.363853931427,7953
131.39172887802124,7952
131.435968875885,7951
131.48658204078674,7950
131.71538472175598,7949
131.76784992218018,7948
131.81728386878967,7947
131.90883684158325,7946
132.03704977035522,7945
132.15456891059875,7944
132.20118188858032,7943
132.31066179275513,7942
132.43400192260742,7941
132.5181918144226,7940
132.57031083106995,7939
132.6712749004364,7938
132.80730390548706,7937
132.89338397979736,7936
132.94433403015137,7935
133.22201991081238,7934
133.27495288848877,7933
133.32921290397644,7932
133.37144804000854,7931
133.62236380577087,7930
133.67399501800537,7929
133.7260479927063,7928
133.78054881095886,7927
134.40690994262695,7926
134.5044448375702,7925
134.69854092597961,7924
134.78866410255432,7923
134.90489077568054,7922
134.9539189338684,7921
135.05749988555908,7920
135.08492803573608,7919
135.20832109451294,7918
135.26749801635742,7917
135.3230390548706,7916
135.43205976486206,7915
135.48749804496765,7914
135.6106297969818,7913
135.65254592895508,7912
135.76767206192017,7911
135.7963409423828,7910
135.92411279678345,7909
135.9628129005432,7908
136.02753591537476,7907
136.07279801368713,7906
136.15805387496948,7905
136.1847789287567,7904
136.2805140018463,7903
136.43853378295898,7902
136.60801577568054,7901
136.70499897003174,7900
136.74879097938538,7899
136.84008288383484,7898
136.9245309829712,7897
136.9856779575348,7896
137.18823099136353,7895
137.273423910141,7894
137.33371996879578,7893
137.41318607330322,7892
137.50018095970154,7891
137.54701495170593,7890
137.69724893569946,7889
137.79245495796204,7888
137.8866229057312,7887
137.95177912712097,7886
138.11309099197388,7885
138.20284795761108,7884
138.28605794906616,7883
138.36173272132874,7882
138.4881808757782,7881
138.55678987503052,7880
138.68216586112976,7879
138.72590279579163,7878
138.8383617401123,7877
138.88444185256958,7876
139.0155279636383,7875
139.06548404693604,7874
139.16119384765625,7873
139.18828797340393,7872
139.29689192771912,7871
139.3395540714264,7870
139.36691689491272,7869
139.4609498977661,7868
139.4882848262787,7867
139.6082317829132,7866
139.63665890693665,7865
139.77889490127563,7864
139.82175278663635,7863
139.94779801368713,7862
139.99313688278198,7861
140.0429880619049,7860
140.11410093307495,7859
140.20631885528564,7858
140.26572489738464,7857
140.32022881507874,7856
140.4562270641327,7855
140.52620482444763,7854
140.74472284317017,7853
140.81440782546997,7852
140.8980848789215,7851
141.10253477096558,7850
141.17691683769226,7849
141.27046608924866,7848
141.36114192008972,7847
141.43626189231873,7846
141.5191788673401,7845
141.58163404464722,7844
141.6514458656311,7843
141.84079313278198,7842
141.90911197662354,7841
141.9618639945984,7840
142.00466299057007,7839
142.14702010154724,7838
142.20970702171326,7837
142.297749042511,7836
144.3417148590088,7835
145.3142430782318,7834
146.0775728225708,7833
146.11927390098572,7832
146.14672899246216,7831
146.17407488822937,7830
146.20163297653198,7829
146.22879791259766,7828
146.25602102279663,7827
146.30046391487122,7826
146.32799577713013,7825
146.35527086257935,7824
146.38264870643616,7823
146.40997886657715,7822
146.43722081184387,7821
146.48054695129395,7820
146.50768089294434,7819
146.53483486175537,7818
146.5622410774231,7817
146.58943390846252,7816
146.63861203193665,7815
146.6661250591278,7814
146.72632694244385,7813
146.75354599952698,7812
146.78083777427673,7811
146.80795288085938,7810
146.8349769115448,7809
146.86234283447266,7808
146.88973093032837,7807
146.93728470802307,7806
146.96468782424927,7805
146.99205684661865,7804
147.01916098594666,7803
147.0456120967865,7802
147.0932149887085,7801
147.1578049659729,7800
147.1845829486847,7799
147.22937488555908,7798
147.25663495063782,7797
147.31966996192932,7796
147.3470640182495,7795
147.37505292892456,7794
147.42737412452698,7793
147.45604610443115,7792
147.4833037853241,7791
147.51432085037231,7790
147.54368686676025,7789
147.57298684120178,7788
147.6008677482605,7787
147.62841486930847,7786
147.6557719707489,7785
147.68320488929749,7784
147.71069478988647,7783
147.73810982704163,7782
147.76546692848206,7781
147.7928638458252,7780
147.8204219341278,7779
147.84767484664917,7778
147.89135479927063,7777
147.91792798042297,7776
147.94464087486267,7775
147.9713249206543,7774
147.997820854187,7773
148.02441382408142,7772
148.05114912986755,7771
148.09106302261353,7770
148.1177258491516,7769
148.17701196670532,7768
148.24541091918945,7767
150.12253785133362,7766
150.1512279510498,7765
150.18019580841064,7764
150.21015191078186,7763
150.2387330532074,7762
150.26789593696594,7761
150.29847979545593,7760
150.32691407203674,7759
150.35492610931396,7758
150.40621185302734,7757
150.4335298538208,7756
150.46107077598572,7755
150.48958492279053,7754
150.5179147720337,7753
150.5461790561676,7752
150.5759711265564,7751
150.60480189323425,7750
150.63438892364502,7749
150.68626403808594,7748
150.7139871120453,7747
150.74131083488464,7746
150.7685239315033,7745
150.8180148601532,7744
150.8451178073883,7743
150.88440084457397,7742
150.91184902191162,7741
150.9390869140625,7740
150.96656799316406,7739
151.32912588119507,7738
151.41036295890808,7737
151.4755048751831,7736
151.57759284973145,7735
151.62536597251892,7734
151.7304928302765,7733
151.84049201011658,7732
151.91792368888855,7731
152.03070783615112,7730
152.0728578567505,7729
152.14999079704285,7728
152.24824500083923,7727
152.35503792762756,7726
152.40501189231873,7725
152.46027994155884,7724
153.45204305648804,7723
154.29689502716064,7722
154.73454213142395,7721
154.97631883621216,7720
155.04509782791138,7719
155.11639976501465,7718
155.16071701049805,7717
155.37009000778198,7716
155.5110960006714,7715
155.57756686210632,7714
155.62235808372498,7713
155.7133288383484,7712
155.7605848312378,7711
155.80747294425964,7710
155.8969168663025,7709
156.0196578502655,7708
156.24946784973145,7707
156.32067394256592,7706
156.3737509250641,7705
158.37550377845764,7704
158.84446477890015,7703
158.87139987945557,7702
158.89846873283386,7701
158.92639589309692,7700
158.95351696014404,7699
159.436341047287,7698
159.79744482040405,7697
159.85859990119934,7696
159.92864298820496,7695
160.16802787780762,7694
160.25732493400574,7693
160.41381406784058,7692
160.45425987243652,7691
160.55973386764526,7690
160.82114100456238,7689
160.90428495407104,7688
160.97301197052002,7687
161.03598380088806,7686
161.18715381622314,7685
161.2716417312622,7684
161.3382649421692,7683
161.41142773628235,7682
161.51186299324036,7681
161.58837604522705,7680
161.69360089302063,7679
161.81074476242065,7678
161.85594177246094,7677
162.0201437473297,7676
162.12996792793274,7675
162.1703338623047,7674
162.2493278980255,7673
162.39521408081055,7672
162.54220175743103,7671
162.6838300228119,7670
162.76001572608948,7669
162.85614204406738,7668
163.00226306915283,7667
163.082946062088,7666
163.17279696464539,7665
163.32378911972046,7664
163.4600110054016,7663
163.53687500953674,7662
163.62187004089355,7661
163.69891095161438,7660
163.77072882652283,7659
163.8436598777771,7658
164.00303196907043,7657
164.13807797431946,7656
164.19280195236206,7655
164.26926279067993,7654
164.4514298439026,7653
164.58762288093567,7652
164.67829489707947,7651
164.9581561088562,7650
165.01968383789062,7649
165.07783889770508,7648
165.12962293624878,7647
165.2299599647522,7646
165.31370186805725,7645
165.37227582931519,7644
165.48486399650574,7643
165.5413908958435,7642
165.61702704429626,7641
165.70673894882202,7640
165.8167929649353,7639
165.92507004737854,7638
165.9855728149414,7637
166.06497478485107,7636
166.15110993385315,7635
166.2538480758667,7634
166.33813285827637,7633
166.68592309951782,7632
166.7648630142212,7631
166.8367578983307,7630
166.93004488945007,7629
166.98904871940613,7628
167.03493785858154,7627
167.0961148738861,7626
167.17042684555054,7625
167.24610090255737,7624
167.41476202011108,7623
167.48785305023193,7622
167.53955578804016,7621
167.60631394386292,7620
167.64901399612427,7619
167.71934270858765,7618
167.8415811061859,7617
168.02858901023865,7616
168.13784503936768,7615
168.20334386825562,7614
168.2937409877777,7613
168.40368795394897,7612
168.4664168357849,7611
168.68147993087769,7610
168.77788496017456,7609
168.854327917099,7608
168.94835996627808,7607
169.02832984924316,7606
169.0848309993744,7605
169.30244612693787,7604
169.43147897720337,7603
169.51657390594482,7602
169.70651602745056,7601
169.9044909477234,7600
170.00102400779724,7599
170.1210219860077,7598
170.40024971961975,7597
170.5054259300232,7596
170.80744075775146,7595
170.88981199264526,7594
171.01570582389832,7593
171.09080982208252,7592
171.18976306915283,7591
171.32885599136353,7590
171.39545798301697,7589
171.5542757511139,7588
171.69137477874756,7587
171.79972100257874,7586
171.87269687652588,7585
172.07127594947815,7584
172.2733359336853,7583
172.3934509754181,7582
172.48590207099915,7581
172.54841089248657,7580
172.63144087791443,7579
172.68809294700623,7578
172.76253390312195,7577
172.88334679603577,7576
173.03274297714233,7575
173.10498189926147,7574
173.2157769203186,7573
173.29834485054016,7572
173.5222520828247,7571
173.6204538345337,7570
173.7600917816162,7569
174.0112419128418,7568
174.09501695632935,7567
174.21404910087585,7566
174.2862777709961,7565
174.36132097244263,7564
174.45175290107727,7563
174.5450508594513,7562
174.7105119228363,7561
174.82915568351746,7560
174.9773609638214,7559
175.08912110328674,7558
175.1641447544098,7557
175.2718789577484,7556
175.4586398601532,7555
175.56614589691162,7554
175.71531701087952,7553
175.79687404632568,7552
175.94168496131897,7551
176.1965389251709,7550
176.2984938621521,7549
176.4939661026001,7548
176.6279559135437,7547
176.76749396324158,7546
176.8232729434967,7545
176.96417784690857,7544
177.06387305259705,7543
177.2214479446411,7542
177.34381580352783,7541
177.40274786949158,7540
177.47126603126526,7539
177.4985420703888,7538
177.61735081672668,7537
177.73166489601135,7536
177.8117151260376,7535
177.8938319683075,7534
177.92055702209473,7533
177.993980884552,7532
178.0494749546051,7531
178.16603589057922,7530
178.25104308128357,7529
178.32335305213928,7528
178.35016989707947,7527
178.44280076026917,7526
178.55572390556335,7525
178.6055929660797,7524
178.69220995903015,7523
178.8319709300995,7522
178.90797185897827,7521
178.98447799682617,7520
179.12421083450317,7519
179.20861101150513,7518
179.28417682647705,7517
179.3261570930481,7516
179.38860082626343,7515
179.5739870071411,7514
179.65633583068848,7513
179.72512102127075,7512
179.836678981781,7511
179.9749310016632,7510
180.0665740966797,7509
180.11751508712769,7508
180.39246702194214,7507
180.47766876220703,7506
180.52819681167603,7505
180.6271939277649,7504
180.71265196800232,7503
180.78964400291443,7502
180.85062980651855,7501
180.93337893486023,7500
181.05042481422424,7499
181.09790992736816,7498
181.40615892410278,7497
181.48481678962708,7496
181.57191705703735,7495
181.6495349407196,7494
181.7255790233612,7493
181.80193901062012,7492
181.8831980228424,7491
181.92863202095032,7490
181.99293112754822,7489
182.07907509803772,7488
182.20021390914917,7487
182.24213981628418,7486
182.32925009727478,7485
182.41211485862732,7484
182.57132172584534,7483
182.82503986358643,7482
182.90654110908508,7481
183.06574392318726,7480
183.15055799484253,7479
183.23626685142517,7478
183.33016872406006,7477
183.51045298576355,7476
183.69705080986023,7475
183.74341082572937,7474
183.95799708366394,7473
184.03029608726501,7472
184.12811088562012,7471
184.30273294448853,7470
184.38490390777588,7469
184.46172499656677,7468
184.53596806526184,7467
184.63209176063538,7466
184.7091109752655,7465
184.7815408706665,7464
184.89061093330383,7463
184.94905185699463,7462
185.00121974945068,7461
185.17021012306213,7460
185.32951498031616,7459
185.60259294509888,7458
185.70856976509094,7457
185.76966404914856,7456
185.94418573379517,7455
186.0428957939148,7454
186.1154968738556,7453
186.22566771507263,7452
186.28552079200745,7451
186.44318795204163,7450
186.59070897102356,7449
186.69054198265076,7448
186.75496077537537,7447
186.85015988349915,7446
186.9467489719391,7445
187.03221201896667,7444
187.12995100021362,7443
187.23006582260132,7442
187.33198475837708,7441
187.4145269393921,7440
187.49592971801758,7439
187.59983491897583,7438
187.64029788970947,7437
187.78427290916443,7436
187.902685880661,7435
187.96096205711365,7434
188.06385207176208,7433
188.14614987373352,7432
188.24668097496033,7431
188.3881869316101,7430
188.49445509910583,7429
188.56291675567627,7428
188.6410689353943,7427
188.74926495552063,7426
188.8808069229126,7425
188.94207286834717,7424
189.0224781036377,7423
189.0827739238739,7422
189.1458020210266,7421
189.2222089767456,7420
189.430410861969,7419
189.48802995681763,7418
189.55857396125793,7417
189.60468673706055,7416
189.67324686050415,7415
189.7500238418579,7414
189.89342093467712,7413
190.16853189468384,7412
190.24804615974426,7411
190.31100010871887,7410
190.3907630443573,7409
190.47485995292664,7408
190.5394937992096,7407
190.787526845932,7406
190.88630080223083,7405
190.9704089164734,7404
191.04525113105774,7403
191.10557103157043,7402
191.16086888313293,7401
191.3700029850006,7400
191.5813729763031,7399
191.67677092552185,7398
191.90491008758545,7397
192.0391948223114,7396
192.1268389225006,7395
192.18398475646973,7394
192.2562758922577,7393
192.33952474594116,7392
192.46698808670044,7391
192.55738592147827,7390
192.68461894989014,7389
192.82912588119507,7388
192.92897582054138,7387
193.02170705795288,7386
193.15570306777954,7385
193.3054769039154,7384
193.7036919593811,7383
193.75100588798523,7382
193.8306040763855,7381
193.90636587142944,7380
193.98005080223083,7379
194.21849179267883,7378
194.3792908191681,7377
194.44271993637085,7376
194.50987792015076,7375
194.64039492607117,7374
194.69388008117676,7373
194.89285683631897,7372
195.11111879348755,7371
195.22061800956726,7370
195.30854201316833,7369
195.4141139984131,7368
195.53004693984985,7367
195.62358498573303,7366
195.85036897659302,7365
195.9609558582306,7364
196.0314691066742,7363
196.08572101593018,7362
196.17259001731873,7361
196.31150269508362,7360
196.3859519958496,7359
196.43177700042725,7358
196.6582169532776,7357
196.79041290283203,7356
196.85826587677002,7355
197.05580282211304,7354
197.14427590370178,7353
197.30745911598206,7352
197.58465695381165,7351
197.6314308643341,7350
197.8228940963745,7349
197.9249620437622,7348
198.0531289577484,7347
198.2236099243164,7346
198.37086582183838,7345
198.58797907829285,7344
198.6687159538269,7343
198.74272990226746,7342
198.82255482673645,7341
199.06467580795288,7340
199.1237769126892,7339
199.18624091148376,7338
199.25441789627075,7337
199.3923020362854,7336
199.4667477607727,7335
199.5259027481079,7334
199.58513402938843,7333
199.83982682228088,7332
199.91566586494446,7331
199.96408081054688,7330
200.07280087471008,7329
200.18469190597534,7328
200.2529799938202,7327
200.3186480998993,7326
200.4095299243927,7325
200.48197078704834,7324
200.62613701820374,7323
200.68524169921875,7322
200.74023485183716,7321
200.86496591567993,7320
200.94170999526978,7319
201.05299305915833,7318
201.16947412490845,7317
201.30731582641602,7316
201.4587938785553,7315
201.5852029323578,7314
201.65771794319153,7313
201.7565360069275,7312
202.00874996185303,7311
202.08567881584167,7310
202.181489944458,7309
202.3286530971527,7308
202.4626817703247,7307
202.52236485481262,7306
202.60367584228516,7305
202.74494576454163,7304
202.81396102905273,7303
202.88942289352417,7302
202.9828999042511,7301
203.09321808815002,7300
203.3227367401123,7299
203.65900683403015,7298
203.78235697746277,7297
203.85652613639832,7296
203.88491582870483,7295
203.9637041091919,7294
203.99096298217773,7293
204.01847505569458,7292
204.04630184173584,7291
204.09844875335693,7290
204.12553095817566,7289
204.15210390090942,7288
204.178612947464,7287
204.2051808834076,7286
204.23184370994568,7285
204.28144192695618,7284
204.30784368515015,7283
204.33427095413208,7282
204.36088395118713,7281
204.38731479644775,7280
204.43165278434753,7279
204.4582679271698,7278
204.50572276115417,7277
204.5322299003601,7276
204.55875205993652,7275
204.58538794517517,7274
204.61177706718445,7273
204.63808584213257,7272
204.68099880218506,7271
204.70782589912415,7270
204.7343249320984,7269
204.76094269752502,7268
204.79969573020935,7267
204.82653284072876,7266
204.8534300327301,7265
204.87992596626282,7264
204.90624690055847,7263
204.93271803855896,7262
204.95932483673096,7261
204.98590111732483,7260
205.01313400268555,7259
205.06189107894897,7258
205.08834290504456,7257
205.1147940158844,7256
205.14128303527832,7255
205.16777801513672,7254
205.19404006004333,7253
205.22071385383606,7252
205.2472860813141,7251
205.27403903007507,7250
205.31363773345947,7249
205.34027695655823,7248
205.36693501472473,7247
205.39354491233826,7246
205.42019295692444,7245
205.4468128681183,7244
205.49805283546448,7243
205.53696370124817,7242
205.5635347366333,7241
205.5900399684906,7240
205.6165099143982,7239
205.64309287071228,7238
205.66968607902527,7237
205.69622993469238,7236
205.74608206748962,7235
205.7726128101349,7234
205.83527874946594,7233
205.88118195533752,7232
205.90793085098267,7231
205.93465900421143,7230
205.97301506996155,7229
206.01903009414673,7228
206.04559993743896,7227
206.09032487869263,7226
206.1168351173401,7225
206.14356780052185,7224
206.33378791809082,7223
208.0686378479004,7222
208.0978569984436,7221
208.12507390975952,7220
208.1523699760437,7219
208.1796190738678,7218
208.26464676856995,7217
208.2922899723053,7216
208.3540301322937,7215
208.38149094581604,7214
208.4365599155426,7213
208.46396493911743,7212
208.49106788635254,7211
208.51855897903442,7210
208.5460238456726,7209
208.57293105125427,7208
208.59954571723938,7207
208.649258852005,7206
208.67563796043396,7205
210.8267970085144,7204
214.15223503112793,7203
214.38891291618347,7202
214.6153588294983,7201
214.6428999900818,7200
214.67031288146973,7199
214.69768691062927,7198
214.98120188713074,7197
215.49443292617798,7196
219.83139204978943,7195
231.8782079219818,7194
231.97954511642456,7193
232.0285828113556,7192
232.07852172851562,7191
232.12655782699585,7190
232.15306401252747,7189
232.2561309337616,7188
232.28239393234253,7187
232.34077191352844,7186
232.3916299343109,7185
232.41823387145996,7184
232.44473695755005,7183
232.4712200164795,7182
232.62420201301575,7181
232.66425704956055,7180
232.76464796066284,7179
232.9111499786377,7178
