9.5367431640625e-07,982240
219.86261200904846,5391
219.86611413955688,5390
219.86637115478516,5389
219.86679196357727,5388
219.8685450553894,5387
219.87144494056702,5386
219.87370705604553,5385
219.87740397453308,5384
219.87836122512817,5383
219.88034987449646,5382
219.8824770450592,5381
219.8862659931183,5380
219.8866171836853,5379
219.88802313804626,5378
219.892480134964,5377
219.89501118659973,5376
219.8955569267273,5375
219.89685893058777,5374
219.90138387680054,5373
219.9068009853363,5372
219.90775299072266,5371
219.91403603553772,5370
219.91567993164062,5369
219.91977190971375,5368
219.9200201034546,5367
219.9246129989624,5366
219.92546010017395,5365
219.92666387557983,5364
219.9274139404297,5363
219.92839813232422,5362
219.931401014328,5361
219.9414689540863,5360
219.94866299629211,5359
219.94925904273987,5358
219.95301985740662,5357
219.95580506324768,5356
219.95654296875,5355
219.9577238559723,5354
219.95807790756226,5353
219.98120188713074,5352
219.98283076286316,5351
219.98649907112122,5350
219.98754787445068,5349
219.98952984809875,5348
219.9934160709381,5347
220.005530834198,5346
220.01465916633606,5345
220.02519512176514,5344
220.0297348499298,5343
220.0321969985962,5342
220.03490209579468,5341
220.0439260005951,5340
220.04820108413696,5339
220.05146098136902,5338
220.05466389656067,5337
220.06463313102722,5336
220.06855702400208,5335
220.0703558921814,5334
220.07456994056702,5333
220.0867040157318,5332
220.09288597106934,5331
220.09329414367676,5330
220.0936472415924,5329
220.09604406356812,5328
220.09701108932495,5327
220.09969902038574,5326
220.10234189033508,5325
220.10394096374512,5324
220.1057858467102,5323
220.10797691345215,5322
220.112783908844,5321
220.1143569946289,5320
220.1180911064148,5319
220.1186981201172,5318
220.12362813949585,5317
220.12723684310913,5316
220.1363561153412,5315
220.13675904273987,5314
220.14428281784058,5313
220.14468502998352,5312
220.1448369026184,5311
220.15808486938477,5310
220.1582431793213,5309
220.1634590625763,5308
220.1652009487152,5307
220.17204904556274,5306
220.17340111732483,5305
220.1780788898468,5304
220.18338108062744,5303
220.1848771572113,5302
220.19067406654358,5301
220.19178295135498,5300
220.1933310031891,5299
220.19947910308838,5298
220.21462106704712,5297
220.21761798858643,5296
220.22015595436096,5295
220.22539496421814,5294
220.22605800628662,5293
220.2268569469452,5292
220.22879600524902,5291
220.2385859489441,5290
220.24499201774597,5289
220.2513780593872,5288
220.25561714172363,5287
220.26158690452576,5286
220.2663071155548,5285
220.26959800720215,5284
220.2734558582306,5283
220.28370308876038,5282
220.28444600105286,5281
220.28459000587463,5280
220.28509283065796,5279
220.28602695465088,5278
220.2862401008606,5277
220.28693199157715,5276
220.2915060520172,5275
220.29804182052612,5274
220.2986879348755,5273
220.3067011833191,5272
220.30754590034485,5271
220.30855989456177,5270
220.31178188323975,5269
220.3119249343872,5268
220.31221985816956,5267
220.31891798973083,5266
220.32253122329712,5265
220.32346510887146,5264
220.32531690597534,5263
220.3255648612976,5262
220.32786107063293,5261
220.33444786071777,5260
220.33702301979065,5259
220.33835077285767,5258
220.34089708328247,5257
220.34317278862,5256
220.34573602676392,5255
220.3540301322937,5254
220.35915088653564,5253
220.35949206352234,5252
220.36126279830933,5251
220.3618929386139,5250
220.36260104179382,5249
220.36699199676514,5248
220.37014985084534,5247
220.37410402297974,5246
220.37752985954285,5245
220.37914395332336,5244
220.38855600357056,5243
220.3917441368103,5242
220.3926420211792,5241
220.39338302612305,5240
220.39661693572998,5239
220.40435004234314,5238
220.40456295013428,5237
220.40664911270142,5236
220.4108190536499,5235
220.41842889785767,5234
220.42276787757874,5233
220.43464612960815,5232
220.43547701835632,5231
220.4363579750061,5230
220.43728303909302,5229
220.44082403182983,5228
220.44127202033997,5227
220.45112705230713,5226
220.45685291290283,5225
220.46372199058533,5224
220.46799206733704,5223
220.47111821174622,5222
220.47253513336182,5221
220.4742889404297,5220
220.48658990859985,5219
220.48846220970154,5218
220.49308609962463,5217
220.49416708946228,5216
220.49490094184875,5215
220.49514389038086,5214
220.49679112434387,5213
220.49752593040466,5212
220.50082683563232,5211
220.503897190094,5210
220.5215859413147,5209
220.52194213867188,5208
220.52360200881958,5207
220.52521920204163,5206
220.54796385765076,5205
220.5486080646515,5204
220.55505108833313,5203
220.56113481521606,5202
220.5639660358429,5201
220.56870985031128,5200
220.5698869228363,5199
220.57091307640076,5198
220.5758240222931,5197
220.57704496383667,5196
220.5844202041626,5195
220.59340286254883,5194
220.59669089317322,5193
220.59928607940674,5192
220.60098505020142,5191
220.6012361049652,5190
220.6042230129242,5189
220.60775208473206,5188
220.62194418907166,5187
220.62270593643188,5186
220.6234061717987,5185
220.62511110305786,5184
220.63762521743774,5183
220.6401150226593,5182
220.64305210113525,5181
220.66282606124878,5180
220.67149209976196,5179
220.67926597595215,5178
220.6833119392395,5177
220.68462204933167,5176
220.68530201911926,5175
220.68986010551453,5174
220.6905379295349,5173
220.69329404830933,5172
220.69580602645874,5171
220.7013349533081,5170
220.70809388160706,5169
220.71056485176086,5168
220.71568417549133,5167
220.72979998588562,5166
220.77155900001526,5165
220.78213000297546,5164
220.78332495689392,5163
220.7935869693756,5162
220.8027949333191,5161
220.81778597831726,5160
220.8242781162262,5159
220.82658886909485,5158
220.82914805412292,5157
220.8436632156372,5156
220.8575780391693,5155
220.8643569946289,5154
220.86989402770996,5153
220.87509512901306,5152
220.8762719631195,5151
220.89472198486328,5150
220.89962196350098,5149
220.90076804161072,5148
220.908273935318,5147
220.91455912590027,5146
220.91563296318054,5145
220.93495893478394,5144
220.9425768852234,5143
220.94596695899963,5142
220.95740604400635,5141
220.96000480651855,5140
221.00147104263306,5139
221.0026149749756,5138
221.00859904289246,5137
221.01294803619385,5136
221.01309299468994,5135
221.0245361328125,5134
221.03564596176147,5133
221.04077291488647,5132
221.04732608795166,5131
221.0586371421814,5130
221.068598985672,5129
221.08526802062988,5128
221.1261739730835,5127
221.12784099578857,5126
221.12992906570435,5125
221.13564109802246,5124
221.14903092384338,5123
221.1705129146576,5122
221.17903804779053,5121
221.1992540359497,5120
221.20620012283325,5119
221.21299695968628,5118
221.23120999336243,5117
221.24876189231873,5116
221.27213287353516,5115
221.273020029068,5114
221.2837209701538,5113
221.297345161438,5112
221.3354630470276,5111
221.343279838562,5110
221.36500716209412,5109
221.36526203155518,5108
221.36839199066162,5107
221.37514305114746,5106
221.3865029811859,5105
221.39237189292908,5104
221.40637278556824,5103
221.43000102043152,5102
221.4310040473938,5101
221.4321210384369,5100
221.44161891937256,5099
221.4426350593567,5098
221.4465138912201,5097
221.45324301719666,5096
221.46906185150146,5095
221.47638702392578,5094
221.4841389656067,5093
221.50142288208008,5092
221.50840497016907,5091
221.52313089370728,5090
221.5400321483612,5089
221.54192304611206,5088
221.5433909893036,5087
221.55536007881165,5086
221.56589794158936,5085
221.57230401039124,5084
221.60101985931396,5083
221.60205698013306,5082
221.6117639541626,5081
221.6180899143219,5080
221.6195569038391,5079
221.63680601119995,5078
221.65789222717285,5077
221.6629660129547,5076
221.68645310401917,5075
221.68885612487793,5074
221.69459199905396,5073
221.69483494758606,5072
221.69781613349915,5071
221.69980907440186,5070
221.72272109985352,5069
221.7273530960083,5068
221.73904991149902,5067
221.74337697029114,5066
221.77286005020142,5065
221.77321410179138,5064
221.7801079750061,5063
221.78872084617615,5062
221.79220414161682,5061
221.80760288238525,5060
221.8495490550995,5059
221.86554408073425,5058
221.87763786315918,5057
221.89790606498718,5056
221.92311882972717,5055
221.9261691570282,5054
221.92896795272827,5053
221.94787406921387,5052
221.95701718330383,5051
222.07236099243164,5050
222.08693099021912,5049
222.10841703414917,5048
222.19972896575928,5047
222.21476292610168,5046
222.21918201446533,5045
222.23911809921265,5044
222.25740599632263,5043
222.2694149017334,5042
222.3376269340515,5041
222.34549713134766,5040
222.34762001037598,5039
222.38641214370728,5038
222.40478014945984,5037
222.42383003234863,5036
222.491290807724,5035
222.49632477760315,5034
222.60436701774597,5033
222.62263703346252,5032
222.6274790763855,5031
222.65450191497803,5030
222.6677279472351,5029
222.68129801750183,5028
222.6835060119629,5027
222.71180486679077,5026
222.7241940498352,5025
222.7256908416748,5024
222.7266550064087,5023
222.77946496009827,5022
222.79512405395508,5021
222.81215906143188,5020
222.84153819084167,5019
222.86416006088257,5018
222.86645603179932,5017
222.90290784835815,5016
222.91214799880981,5015
222.9443531036377,5014
222.97352695465088,5013
223.02204394340515,5012
223.03715682029724,5011
223.08242511749268,5010
223.10567903518677,5009
223.12392401695251,5008
223.1529688835144,5007
223.1689510345459,5006
223.18185710906982,5005
223.23121905326843,5004
223.3133909702301,5003
223.33779406547546,5002
223.34169507026672,5001
223.3768949508667,5000
223.40332794189453,4999
223.41243815422058,4998
223.4182469844818,4997
223.47149896621704,4996
223.47746300697327,4995
223.63606309890747,4994
223.64359617233276,4993
223.64479684829712,4992
223.65848922729492,4991
223.66304898262024,4990
223.7272560596466,4989
223.74556183815002,4988
223.75026297569275,4987
223.7941930294037,4986
223.9033648967743,4985
224.05058193206787,4984
224.20748591423035,4983
224.26063323020935,4982
224.52860188484192,4981
224.58904099464417,4980
224.64957690238953,4979
224.78343605995178,4978
224.94396805763245,4977
225.23752903938293,4976
225.58820796012878,4975
225.6132140159607,4974
225.62195801734924,4973
225.7348129749298,4972
225.76578998565674,4971
226.1597399711609,4970
