0.0,621840
146.72285294532776,7751
146.7233259677887,7750
146.73389196395874,7749
146.73416376113892,7748
146.73801684379578,7747
146.7390377521515,7746
146.74052095413208,7745
146.7430899143219,7744
146.7451570034027,7743
146.74948596954346,7742
146.75168895721436,7741
146.75535798072815,7740
146.75622391700745,7739
146.7671799659729,7738
146.76770401000977,7737
146.7971818447113,7736
146.79892492294312,7735
146.7993221282959,7734
146.8015809059143,7733
146.80302786827087,7732
146.80603885650635,7731
146.80634999275208,7730
146.808207988739,7729
146.80851888656616,7728
146.81105303764343,7727
146.81127500534058,7726
146.81199502944946,7725
146.81604385375977,7724
146.8255090713501,7723
146.83209991455078,7722
146.83260798454285,7721
146.8403708934784,7720
146.84194707870483,7719
146.842866897583,7718
146.84539103507996,7717
146.85176587104797,7716
146.85227584838867,7715
146.85466384887695,7714
146.8589198589325,7713
146.86115384101868,7712
146.86137580871582,7711
146.86409211158752,7710
146.86640977859497,7709
146.868665933609,7708
146.8693208694458,7707
146.8711438179016,7706
146.8762857913971,7705
146.8815779685974,7704
146.8837149143219,7703
146.88500809669495,7702
146.90070295333862,7701
146.90784287452698,7700
146.9092779159546,7699
146.91031789779663,7698
146.91062998771667,7697
146.91781497001648,7696
146.9209179878235,7695
146.92412304878235,7694
146.9472348690033,7693
146.9489688873291,7692
146.97056984901428,7691
146.97496700286865,7690
146.9828610420227,7689
146.98373293876648,7688
146.98404502868652,7687
146.99996995925903,7686
147.00089478492737,7685
147.00623679161072,7684
147.0165238380432,7683
147.01782178878784,7682
147.02155590057373,7681
147.0235378742218,7680
147.02384877204895,7679
147.02748203277588,7678
147.0364179611206,7677
147.0392758846283,7676
147.0418417453766,7675
147.04687309265137,7674
147.04753994941711,7673
147.07479691505432,7672
147.0866940021515,7671
147.10734677314758,7670
147.1355471611023,7669
147.15634894371033,7668
147.18101382255554,7667
147.18818187713623,7666
147.21170091629028,7665
147.2149600982666,7664
147.22573900222778,7663
147.2341890335083,7662
147.23656296730042,7661
147.2401111125946,7660
147.24691200256348,7659
147.2544548511505,7658
147.2550230026245,7657
147.25528192520142,7656
147.25635695457458,7655
147.25693202018738,7654
147.25859713554382,7653
147.26211285591125,7652
147.2812259197235,7651
147.28294491767883,7650
147.28882884979248,7649
147.29297494888306,7648
147.30756282806396,7647
147.31543707847595,7646
147.32593989372253,7645
147.32712292671204,7644
147.33716917037964,7643
147.34551000595093,7642
147.34647178649902,7641
147.36148500442505,7640
147.36608600616455,7639
147.37283611297607,7638
147.37508082389832,7637
147.37764286994934,7636
147.3779900074005,7635
147.37908387184143,7634
147.38725996017456,7633
147.39203596115112,7632
147.39447808265686,7631
147.39688181877136,7630
147.41517400741577,7629
147.4237298965454,7628
147.43472719192505,7627
147.4630949497223,7626
147.47287106513977,7625
147.498605966568,7624
147.50455904006958,7623
147.51056599617004,7622
147.53086686134338,7621
147.55797600746155,7620
147.56714010238647,7619
147.5693130493164,7618
147.57182097434998,7617
147.58087706565857,7616
147.59032106399536,7615
147.60746383666992,7614
147.6126070022583,7613
147.6238148212433,7612
147.62904500961304,7611
147.6506941318512,7610
147.65138697624207,7609
147.67826390266418,7608
147.67949295043945,7607
147.68024587631226,7606
147.69281601905823,7605
147.70744013786316,7604
147.7347161769867,7603
147.74192094802856,7602
147.74481391906738,7601
147.7664020061493,7600
147.77162313461304,7599
147.78605890274048,7598
147.79763793945312,7597
147.81411600112915,7596
147.8200318813324,7595
147.841304063797,7594
147.877690076828,7593
147.878968000412,7592
147.89134311676025,7591
147.98095202445984,7590
148.00608205795288,7589
148.02012991905212,7588
148.0219020843506,7587
148.02239298820496,7586
148.0601508617401,7585
148.0828549861908,7584
148.1151158809662,7583
148.1313669681549,7582
148.26487016677856,7581
148.32783102989197,7580
148.34773802757263,7579
148.37444186210632,7578
148.3888030052185,7577
148.46334791183472,7576
148.52571392059326,7575
148.69976997375488,7574
148.74552702903748,7573
148.79005002975464,7572
148.79720497131348,7571
148.80671000480652,7570
148.82373189926147,7569
148.9269199371338,7568
149.1641788482666,7567
149.18222188949585,7566
149.5075807571411,7565
149.53390192985535,7564
149.63562989234924,7563
149.96204781532288,7562
150.05000495910645,7561
150.27929377555847,7560
151.39271688461304,7559
