0.0262451171875,10912
0.0523529052734375,10911
0.07981109619140625,10910
0.10806488990783691,10909
0.13492798805236816,10908
0.16162610054016113,10907
0.18806910514831543,10906
0.21486520767211914,10905
0.24181127548217773,10904
0.26882290840148926,10903
0.2964169979095459,10902
0.32314491271972656,10901
0.3495919704437256,10900
0.37638306617736816,10899
0.40286898612976074,10898
0.4292900562286377,10897
0.4557149410247803,10896
0.4820210933685303,10895
0.5082049369812012,10894
0.5344948768615723,10893
0.5612399578094482,10892
0.5879349708557129,10891
0.6144108772277832,10890
0.6407871246337891,10889
0.667072057723999,10888
0.6931571960449219,10887
0.7193078994750977,10886
0.7454829216003418,10885
0.7716031074523926,10884
0.7977361679077148,10883
0.823876142501831,10882
0.8501889705657959,10881
0.8763492107391357,10880
0.9025661945343018,10879
0.9289100170135498,10878
0.9552419185638428,10877
0.981593132019043,10876
1.007763147354126,10875
1.0339250564575195,10874
1.0599911212921143,10873
1.0860998630523682,10872
1.1122431755065918,10871
1.1382691860198975,10870
1.164350986480713,10869
1.190662145614624,10868
1.2168481349945068,10867
1.2431018352508545,10866
1.2692410945892334,10865
1.2954390048980713,10864
1.321810245513916,10863
1.3479349613189697,10862
1.3741800785064697,10861
1.4003560543060303,10860
1.426450252532959,10859
1.4525461196899414,10858
1.4785020351409912,10857
1.5048401355743408,10856
1.5311541557312012,10855
1.557337999343872,10854
1.5837171077728271,10853
1.6100749969482422,10852
1.6362521648406982,10851
1.6630010604858398,10850
1.6893560886383057,10849
1.7153871059417725,10848
1.7414350509643555,10847
1.7897882461547852,10846
1.816098928451538,10845
1.8428258895874023,10844
1.8693292140960693,10843
1.8955659866333008,10842
1.9217231273651123,10841
1.9479660987854004,10840
1.9741511344909668,10839
2.0004079341888428,10838
2.0265111923217773,10837
2.0526251792907715,10836
2.0786328315734863,10835
2.104771137237549,10834
2.131057024002075,10833
2.157315969467163,10832
2.183378219604492,10831
2.209628105163574,10830
2.236078977584839,10829
2.2622928619384766,10828
2.2885522842407227,10827
2.314913034439087,10826
2.3409571647644043,10825
2.3670730590820312,10824
2.3930869102478027,10823
2.419883966445923,10822
2.447026252746582,10821
2.4731829166412354,10820
2.499340057373047,10819
2.5257582664489746,10818
2.5518362522125244,10817
2.5780370235443115,10816
2.6042001247406006,10815
2.6304380893707275,10814
2.6567232608795166,10813
2.6829230785369873,10812
2.708961009979248,10811
2.7349910736083984,10810
2.7611031532287598,10809
2.787292242050171,10808
2.8133699893951416,10807
2.839777946472168,10806
2.8661181926727295,10805
2.8923051357269287,10804
2.91864013671875,10803
2.944885015487671,10802
2.970863103866577,10801
2.996711254119873,10800
3.022747039794922,10799
3.0487520694732666,10798
3.074843168258667,10797
3.101102113723755,10796
3.127189874649048,10795
3.153372049331665,10794
3.1795260906219482,10793
3.2056691646575928,10792
3.2318830490112305,10791
3.25809907913208,10790
3.284044027328491,10789
3.310096025466919,10788
3.3365800380706787,10787
3.3629209995269775,10786
3.3892641067504883,10785
3.4154632091522217,10784
3.441885232925415,10783
3.468106985092163,10782
3.4942550659179688,10781
3.520392894744873,10780
3.54648494720459,10779
3.5727620124816895,10778
3.598932981491089,10777
3.6252081394195557,10776
3.6519711017608643,10775
3.6786930561065674,10774
3.7054598331451416,10773
3.73164701461792,10772
3.762575149536133,10771
3.795330047607422,10770
3.827561855316162,10769
3.8582730293273926,10768
3.889491081237793,10767
3.919990062713623,10766
3.9467902183532715,10765
3.973345994949341,10764
4.000018119812012,10763
4.026539087295532,10762
4.053083181381226,10761
4.0833940505981445,10760
4.113507986068726,10759
4.140284061431885,10758
4.166610240936279,10757
4.192628860473633,10756
4.2187819480896,10755
4.244945049285889,10754
4.271184206008911,10753
4.297072172164917,10752
4.323173999786377,10751
4.349003076553345,10750
4.375139951705933,10749
4.401296138763428,10748
4.427617073059082,10747
4.454574108123779,10746
4.484375,10745
4.510915040969849,10744
4.53710412979126,10743
4.563197135925293,10742
4.589256048202515,10741
4.615308046340942,10740
4.641716003417969,10739
4.669965028762817,10738
4.698785066604614,10737
4.726406097412109,10736
4.755270004272461,10735
4.786365270614624,10734
4.8170459270477295,10733
4.843605995178223,10732
4.869976043701172,10731
4.896857023239136,10730
4.923614978790283,10729
4.950210094451904,10728
4.9766600131988525,10727
5.002969980239868,10726
5.029628038406372,10725
5.056735038757324,10724
5.08343505859375,10723
5.1097540855407715,10722
5.136170864105225,10721
5.162570953369141,10720
5.18886399269104,10719
5.215167999267578,10718
5.241308212280273,10717
5.267485857009888,10716
5.293442964553833,10715
5.319467067718506,10714
5.345659017562866,10713
5.371974229812622,10712
5.398185968399048,10711
5.424581050872803,10710
5.450809001922607,10709
5.4772210121154785,10708
5.5033860206604,10707
5.529581069946289,10706
5.555837154388428,10705
5.5820488929748535,10704
5.608213901519775,10703
5.634302139282227,10702
5.660575866699219,10701
5.687077045440674,10700
5.713261127471924,10699
5.739551067352295,10698
5.76584792137146,10697
5.79206109046936,10696
5.8182032108306885,10695
5.844460964202881,10694
5.870492219924927,10693
5.896515130996704,10692
5.922760963439941,10691
5.94888710975647,10690
5.9750730991363525,10689
6.001155138015747,10688
6.027137041091919,10687
6.053215980529785,10686
6.079413890838623,10685
6.105619192123413,10684
6.131731271743774,10683
6.157921075820923,10682
6.183855056762695,10681
6.2100510597229,10680
6.236281156539917,10679
6.262203216552734,10678
6.288457870483398,10677
6.3147900104522705,10676
6.340919017791748,10675
6.367175102233887,10674
6.3932201862335205,10673
6.419496059417725,10672
6.445780038833618,10671
6.471880197525024,10670
6.498018026351929,10669
6.524325132369995,10668
6.5503411293029785,10667
6.576381206512451,10666
6.6024839878082275,10665
6.628801107406616,10664
6.655111074447632,10663
6.681246995925903,10662
6.708132982254028,10661
6.7347071170806885,10660
6.760829210281372,10659
6.7870190143585205,10658
6.813147068023682,10657
6.8393940925598145,10656
6.865491151809692,10655
6.891548156738281,10654
6.917943954467773,10653
6.944480895996094,10652
6.970821142196655,10651
6.99712610244751,10650
7.023579120635986,10649
7.04992413520813,10648
7.076180934906006,10647
7.102524042129517,10646
7.1287841796875,10645
7.155002117156982,10644
7.18124794960022,10643
7.2074549198150635,10642
7.234050035476685,10641
7.260475158691406,10640
7.29519510269165,10639
7.325589895248413,10638
7.354825973510742,10637
7.383922100067139,10636
7.412993907928467,10635
7.442317962646484,10634
7.471410036087036,10633
7.50031304359436,10632
7.529497146606445,10631
7.558589220046997,10630
7.587712049484253,10629
7.6167120933532715,10628
7.645653009414673,10627
7.674598217010498,10626
7.7035088539123535,10625
7.7327470779418945,10624
7.762188911437988,10623
7.7913079261779785,10622
7.821022033691406,10621
7.850805044174194,10620
7.880373001098633,10619
7.909374952316284,10618
7.939154148101807,10617
7.968327045440674,10616
7.997630834579468,10615
8.026536226272583,10614
8.055829048156738,10613
8.084957122802734,10612
8.114010095596313,10611
8.142972230911255,10610
8.171885967254639,10609
8.200524091720581,10608
8.227617979049683,10607
8.253590106964111,10606
8.280060052871704,10605
8.30616807937622,10604
8.332896947860718,10603
8.359161138534546,10602
8.385285139083862,10601
8.411902904510498,10600
8.43828010559082,10599
8.464892148971558,10598
8.491239070892334,10597
8.517251014709473,10596
8.543328046798706,10595
8.569432973861694,10594
8.5959951877594,10593
8.622493267059326,10592
8.651517152786255,10591
8.678373098373413,10590
8.704844951629639,10589
8.73108696937561,10588
8.757187128067017,10587
8.783478021621704,10586
8.809715270996094,10585
8.836165189743042,10584
8.86257004737854,10583
8.889024019241333,10582
8.915605068206787,10581
8.94195294380188,10580
8.968255996704102,10579
8.994622230529785,10578
9.020883083343506,10577
9.047223091125488,10576
9.07356595993042,10575
9.099944829940796,10574
9.126554012298584,10573
9.153684854507446,10572
9.180060148239136,10571
9.20636796951294,10570
9.233010053634644,10569
9.259473085403442,10568
9.285914182662964,10567
9.312648057937622,10566
9.33905291557312,10565
9.365470886230469,10564
9.391788959503174,10563
9.4181969165802,10562
9.444422006607056,10561
9.470696210861206,10560
9.496913194656372,10559
9.523048162460327,10558
9.549458265304565,10557
9.576179265975952,10556
9.603140115737915,10555
9.62952709197998,10554
9.655834197998047,10553
9.682171106338501,10552
9.71447205543518,10551
9.742152214050293,10550
9.76834511756897,10549
9.794366121292114,10548
9.820626258850098,10547
9.847172975540161,10546
9.873305082321167,10545
9.899393081665039,10544
9.92636513710022,10543
9.952798843383789,10542
9.978984117507935,10541
10.004930973052979,10540
10.030827045440674,10539
10.05690598487854,10538
10.083262920379639,10537
10.109777212142944,10536
10.136319875717163,10535
10.162686109542847,10534
10.189026117324829,10533
10.21570086479187,10532
10.242537021636963,10531
10.292757987976074,10530
10.318964004516602,10529
10.345032215118408,10528
10.37107515335083,10527
10.397243022918701,10526
10.423199892044067,10525
10.449321031570435,10524
10.475613832473755,10523
10.502254962921143,10522
10.528915166854858,10521
10.555484056472778,10520
10.582165002822876,10519
10.608741044998169,10518
10.6353600025177,10517
10.661992073059082,10516
10.688544034957886,10515
10.714952945709229,10514
10.741565227508545,10513
10.76860785484314,10512
10.795070886611938,10511
10.82185697555542,10510
10.848574161529541,10509
10.889090061187744,10508
10.915807962417603,10507
10.942427158355713,10506
10.968849182128906,10505
10.995357275009155,10504
11.022064208984375,10503
11.048609972000122,10502
11.075024127960205,10501
11.103554964065552,10500
11.131738185882568,10499
11.15874719619751,10498
11.186316013336182,10497
11.21341609954834,10496
11.24046516418457,10495
11.267268180847168,10494
11.29400110244751,10493
11.320738077163696,10492
11.347368240356445,10491
11.373812913894653,10490
11.400264263153076,10489
11.426964044570923,10488
11.453843832015991,10487
11.48051404953003,10486
11.50733995437622,10485
11.533905029296875,10484
11.560516119003296,10483
11.58726716041565,10482
11.613822937011719,10481
11.64046311378479,10480
11.666961193084717,10479
11.693525075912476,10478
11.720484018325806,10477
11.746937990188599,10476
11.773636102676392,10475
11.800198078155518,10474
11.826677083969116,10473
11.853995084762573,10472
11.880962133407593,10471
11.90776014328003,10470
11.93478798866272,10469
11.96152114868164,10468
11.988051891326904,10467
12.01454782485962,10466
12.04236888885498,10465
12.069012880325317,10464
12.09574294090271,10463
12.122438192367554,10462
12.149208068847656,10461
12.176117897033691,10460
12.202680110931396,10459
12.229265213012695,10458
12.255769968032837,10457
12.282474994659424,10456
12.308731079101562,10455
12.334885120391846,10454
12.361228942871094,10453
12.406940221786499,10452
12.433686017990112,10451
12.4602632522583,10450
12.486902952194214,10449
12.513334035873413,10448
12.539712905883789,10447
12.566240072250366,10446
12.592519044876099,10445
12.618973970413208,10444
12.64552903175354,10443
12.671878099441528,10442
12.698262929916382,10441
12.724972009658813,10440
12.751646041870117,10439
12.778072118759155,10438
12.804388046264648,10437
12.83100414276123,10436
12.8576340675354,10435
12.884268045425415,10434
12.910537958145142,10433
12.937221050262451,10432
12.963670015335083,10431
12.990312814712524,10430
13.016441106796265,10429
13.042948007583618,10428
13.069489240646362,10427
13.095892906188965,10426
13.122445106506348,10425
13.149028062820435,10424
13.17542815208435,10423
13.201961040496826,10422
13.228267908096313,10421
13.254630088806152,10420
13.281083106994629,10419
13.307260036468506,10418
13.333514928817749,10417
13.360110998153687,10416
13.386429071426392,10415
13.413265228271484,10414
13.439987182617188,10413
13.466389894485474,10412
13.49312710762024,10411
13.51957392692566,10410
13.546478986740112,10409
13.573119878768921,10408
13.599484205245972,10407
13.625923156738281,10406
13.652400016784668,10405
13.70251202583313,10404
13.729044914245605,10403
13.755569219589233,10402
13.782573938369751,10401
13.810965061187744,10400
13.839607954025269,10399
13.867421865463257,10398
13.894211053848267,10397
13.920970916748047,10396
13.947880983352661,10395
13.97433590888977,10394
14.001046895980835,10393
14.027567148208618,10392
14.054131269454956,10391
14.080596923828125,10390
14.107279062271118,10389
14.133820056915283,10388
14.16050100326538,10387
14.18724012374878,10386
14.214078903198242,10385
14.240721225738525,10384
14.267582893371582,10383
14.29427719116211,10382
14.320992946624756,10381
14.347487926483154,10380
14.374295949935913,10379
14.401045083999634,10378
14.428077936172485,10377
14.454859018325806,10376
14.481551170349121,10375
14.508080005645752,10374
14.534666061401367,10373
14.561079978942871,10372
14.587653160095215,10371
14.614066123962402,10370
14.640578985214233,10369
14.667466878890991,10368
14.694301843643188,10367
14.720744848251343,10366
14.747467994689941,10365
14.77411413192749,10364
14.800712823867798,10363
14.827500104904175,10362
14.854268074035645,10361
14.881010055541992,10360
14.907751083374023,10359
14.93436598777771,10358
14.960996150970459,10357
14.987575054168701,10356
15.014081954956055,10355
15.041152000427246,10354
15.068688154220581,10353
15.095757007598877,10352
15.122424125671387,10351
15.148989200592041,10350
15.175709962844849,10349
15.202407121658325,10348
15.229154109954834,10347
15.256115913391113,10346
15.282691955566406,10345
15.309384107589722,10344
15.336061239242554,10343
15.362650156021118,10342
15.389211177825928,10341
15.415630102157593,10340
15.442244052886963,10339
15.468891143798828,10338
15.495474100112915,10337
15.521971225738525,10336
15.548394918441772,10335
15.574590921401978,10334
15.601195096969604,10333
15.627758979797363,10332
15.65413498878479,10331
15.680849075317383,10330
15.707350969314575,10329
15.733777046203613,10328
15.760296106338501,10327
15.786683082580566,10326
15.813192129135132,10325
15.839981079101562,10324
15.86653995513916,10323
15.893038988113403,10322
15.91997504234314,10321
15.946861982345581,10320
15.973271131515503,10319
15.999758958816528,10318
16.026041984558105,10317
16.052444219589233,10316
16.07896590232849,10315
16.10550594329834,10314
16.131985187530518,10313
16.15841007232666,10312
16.184848070144653,10311
16.212016105651855,10310
16.238837957382202,10309
16.265305042266846,10308
16.292160034179688,10307
16.318882942199707,10306
16.345664024353027,10305
16.373497009277344,10304
16.400318145751953,10303
16.427813053131104,10302
16.454355239868164,10301
16.48059582710266,10300
16.50712490081787,10299
16.53343415260315,10298
16.559815168380737,10297
16.608181953430176,10296
16.63471007347107,10295
16.661306142807007,10294
16.687645196914673,10293
16.714200973510742,10292
16.740530252456665,10291
16.766867876052856,10290
16.793288946151733,10289
16.81954598426819,10288
16.846216201782227,10287
16.87285017967224,10286
16.899362087249756,10285
16.926143884658813,10284
16.954197883605957,10283
16.981132984161377,10282
17.00765609741211,10281
17.03416395187378,10280
17.060463190078735,10279
17.086913108825684,10278
17.11349606513977,10277
17.139878034591675,10276
17.166343212127686,10275
17.193176984786987,10274
17.219656229019165,10273
17.246196031570435,10272
17.27264714241028,10271
17.299031019210815,10270
17.32556700706482,10269
17.35182785987854,10268
17.378342151641846,10267
17.404784202575684,10266
17.431241035461426,10265
17.45775008201599,10264
17.484065055847168,10263
17.510509967803955,10262
17.537094116210938,10261
17.563456058502197,10260
17.59002423286438,10259
17.616541147232056,10258
17.642840147018433,10257
17.669596195220947,10256
17.696610927581787,10255
17.72288203239441,10254
17.76193404197693,10253
17.788365125656128,10252
17.81491708755493,10251
17.841790199279785,10250
17.869721174240112,10249
17.89858603477478,10248
17.928328275680542,10247
17.95576810836792,10246
17.982940196990967,10245
18.009643077850342,10244
18.03600311279297,10243
18.062406063079834,10242
18.08874487876892,10241
18.1158709526062,10240
18.142715215682983,10239
18.169267177581787,10238
18.19587802886963,10237
18.222244024276733,10236
18.24883008003235,10235
18.275352001190186,10234
18.30169916152954,10233
18.328203916549683,10232
18.35465121269226,10231
18.381007194519043,10230
18.407376050949097,10229
18.43413805961609,10228
18.46131205558777,10227
18.487995147705078,10226
18.514703035354614,10225
18.541187047958374,10224
18.56783413887024,10223
18.59416699409485,10222
18.620728969573975,10221
18.647751092910767,10220
18.67490816116333,10219
18.701303005218506,10218
18.727498054504395,10217
18.754295110702515,10216
18.781033039093018,10215
18.80771803855896,10214
18.83420991897583,10213
18.860904932022095,10212
18.88726496696472,10211
18.91397500038147,10210
18.9407160282135,10209
18.967321157455444,10208
18.993868112564087,10207
19.02026891708374,10206
19.046704053878784,10205
19.073185920715332,10204
19.099640130996704,10203
19.126292943954468,10202
19.152899026870728,10201
19.179316997528076,10200
19.20593810081482,10199
19.232669830322266,10198
19.259379148483276,10197
19.28591299057007,10196
19.312192916870117,10195
19.338717222213745,10194
19.365105152130127,10193
19.3913471698761,10192
19.418151140213013,10191
19.445108890533447,10190
19.471574068069458,10189
19.498435020446777,10188
19.52513599395752,10187
19.551465034484863,10186
19.57789897918701,10185
19.604249000549316,10184
19.631100177764893,10183
19.657843112945557,10182
19.684087991714478,10181
19.71054196357727,10180
19.7371609210968,10179
19.763742923736572,10178
19.791438102722168,10177
19.817938089370728,10176
19.844483137130737,10175
19.87067699432373,10174
19.896712064743042,10173
19.922827005386353,10172
19.949031114578247,10171
19.975276947021484,10170
20.001219034194946,10169
20.02708911895752,10168
20.053147077560425,10167
20.07920503616333,10166
20.105411052703857,10165
20.131628036499023,10164
20.157928228378296,10163
20.183964014053345,10162
20.210216999053955,10161
20.23650813102722,10160
20.262510061264038,10159
20.288889169692993,10158
20.31560707092285,10157
20.341800928115845,10156
20.368128061294556,10155
20.394283056259155,10154
20.42066717147827,10153
20.446910858154297,10152
20.472994089126587,10151
20.49919891357422,10150
20.525466203689575,10149
20.551477909088135,10148
20.57765817642212,10147
20.603644132614136,10146
20.629801988601685,10145
20.655890226364136,10144
20.682054042816162,10143
20.708346128463745,10142
20.7346830368042,10141
20.760794162750244,10140
20.787106037139893,10139
20.813192129135132,10138
20.839665174484253,10137
20.86595392227173,10136
20.89224123954773,10135
20.918282985687256,10134
20.944580078125,10133
20.97052526473999,10132
20.996931076049805,10131
21.02299213409424,10130
21.049089908599854,10129
21.075392961502075,10128
21.101480960845947,10127
21.12768006324768,10126
21.15398597717285,10125
21.179986238479614,10124
21.20617699623108,10123
21.232378005981445,10122
21.258461952209473,10121
21.284516096115112,10120
21.310678958892822,10119
21.336955070495605,10118
21.36330008506775,10117
21.389369010925293,10116
21.41567301750183,10115
21.44196605682373,10114
21.468180894851685,10113
21.50924515724182,10112
21.535396099090576,10111
21.561341047286987,10110
21.58741307258606,10109
21.61376714706421,10108
21.639893054962158,10107
21.66618323326111,10106
21.692457914352417,10105
21.71853804588318,10104
21.74476909637451,10103
21.770803213119507,10102
21.797045946121216,10101
21.82333517074585,10100
21.849701166152954,10099
21.875679969787598,10098
21.901588916778564,10097
21.927742958068848,10096
21.954068899154663,10095
21.980762004852295,10094
22.00718092918396,10093
22.033292055130005,10092
22.059354066848755,10091
22.08564805984497,10090
22.111870288848877,10089
22.13784384727478,10088
22.164046049118042,10087
22.19024896621704,10086
22.216221809387207,10085
22.24259614944458,10084
22.268709182739258,10083
22.29506516456604,10082
22.321360111236572,10081
22.34751296043396,10080
22.37374997138977,10079
22.399988889694214,10078
22.42613387107849,10077
22.452263116836548,10076
22.47824716567993,10075
22.504448890686035,10074
22.530518054962158,10073
22.556649923324585,10072
22.58297324180603,10071
22.609303951263428,10070
22.635383129119873,10069
22.661705017089844,10068
22.68775701522827,10067
22.713943004608154,10066
22.740190982818604,10065
22.76618003845215,10064
22.79232621192932,10063
22.818639993667603,10062
22.844796180725098,10061
22.87102723121643,10060
22.897099018096924,10059
22.92329502105713,10058
22.94959306716919,10057
22.975709915161133,10056
23.001874208450317,10055
23.028143167495728,10054
23.054178953170776,10053
23.0804181098938,10052
23.106487035751343,10051
23.132641077041626,10050
23.15879797935486,10049
23.18502116203308,10048
23.211390256881714,10047
23.23774790763855,10046
23.263839960098267,10045
23.290191173553467,10044
23.316385984420776,10043
23.34256100654602,10042
23.36880397796631,10041
23.39484405517578,10040
23.42100191116333,10039
23.4472439289093,10038
23.473266124725342,10037
23.499635219573975,10036
23.525939226150513,10035
23.552084922790527,10034
23.578399896621704,10033
23.604570150375366,10032
23.63129997253418,10031
23.657779216766357,10030
23.683879137039185,10029
23.710031986236572,10028
23.736289024353027,10027
23.762453079223633,10026
23.788599014282227,10025
23.815206050872803,10024
23.84173893928528,10023
23.868136167526245,10022
23.894567251205444,10021
23.922856092453003,10020
23.950866222381592,10019
23.97746205329895,10018
24.00412106513977,10017
24.03044605255127,10016
24.056878089904785,10015
24.083379983901978,10014
24.109570026397705,10013
24.13617992401123,10012
24.162882089614868,10011
24.1892569065094,10010
24.21604084968567,10009
24.242603063583374,10008
24.26955008506775,10007
24.29635715484619,10006
24.32304096221924,10005
24.34986114501953,10004
24.37668800354004,10003
24.40318989753723,10002
24.43159294128418,10001
24.458359003067017,10000
24.48500394821167,9999
24.51163601875305,9998
24.538310050964355,9997
24.564695119857788,9996
24.591381072998047,9995
24.617902040481567,9994
24.64468502998352,9993
24.671315908432007,9992
24.69778299331665,9991
24.724107027053833,9990
24.750547170639038,9989
24.77697515487671,9988
24.80362606048584,9987
24.83030915260315,9986
24.857089042663574,9985
24.883818864822388,9984
24.910283088684082,9983
24.937016010284424,9982
24.963548183441162,9981
24.989869117736816,9980
25.016242265701294,9979
25.042475938796997,9978
25.068862199783325,9977
25.096104860305786,9976
25.12327814102173,9975
25.149923086166382,9974
25.176640033721924,9973
25.20315909385681,9972
25.229898929595947,9971
25.25646710395813,9970
25.283010959625244,9969
25.31014919281006,9968
25.33667802810669,9967
25.36323094367981,9966
25.389700174331665,9965
25.416254997253418,9964
25.443060874938965,9963
25.46977710723877,9962
25.49632716178894,9961
25.523054122924805,9960
25.549702167510986,9959
25.576173067092896,9958
25.602760076522827,9957
25.629192113876343,9956
25.655728101730347,9955
25.68235421180725,9954
25.711199045181274,9953
25.740785121917725,9952
25.767553091049194,9951
25.794052124023438,9950
25.820669174194336,9949
25.84745216369629,9948
25.8739070892334,9947
25.900352954864502,9946
25.927906036376953,9945
25.954807996749878,9944
25.981083154678345,9943
26.007358074188232,9942
26.03344416618347,9941
26.059875011444092,9940
26.086417198181152,9939
26.112990856170654,9938
26.13931703567505,9937
26.16590404510498,9936
26.19243097305298,9935
26.218892097473145,9934
26.246166944503784,9933
26.272734880447388,9932
26.29919719696045,9931
26.325676918029785,9930
26.351866006851196,9929
26.378498077392578,9928
26.405331134796143,9927
26.4320011138916,9926
26.45858097076416,9925
26.485093116760254,9924
26.511464834213257,9923
26.53799605369568,9922
26.564619064331055,9921
26.590986967086792,9920
26.617436170578003,9919
26.643675088882446,9918
26.67003107070923,9917
26.69670295715332,9916
26.72305703163147,9915
26.77482008934021,9914
26.80119800567627,9913
26.82787799835205,9912
26.85448694229126,9911
26.88105010986328,9910
26.90730118751526,9909
26.934142112731934,9908
26.960716009140015,9907
26.98686194419861,9906
27.01381492614746,9905
27.040435075759888,9904
27.066771268844604,9903
27.09336805343628,9902
27.11985206604004,9901
27.14637303352356,9900
27.173069953918457,9899
27.199422121047974,9898
27.225901126861572,9897
27.252352952957153,9896
27.278594970703125,9895
27.30490493774414,9894
27.35161805152893,9893
27.37828302383423,9892
27.404650926589966,9891
27.431700944900513,9890
27.458299160003662,9889
27.484676122665405,9888
27.51120615005493,9887
27.53752326965332,9886
27.564006090164185,9885
27.59045910835266,9884
27.61674213409424,9883
27.64305090904236,9882
27.669905185699463,9881
27.696584224700928,9880
27.723257064819336,9879
27.74984383583069,9878
27.776443004608154,9877
27.803092002868652,9876
27.829754114151,9875
27.856467247009277,9874
27.882939100265503,9873
27.909502267837524,9872
27.936120986938477,9871
27.962682008743286,9870
27.989304065704346,9869
28.01580309867859,9868
28.042269945144653,9867
28.069024085998535,9866
28.095705032348633,9865
28.122359037399292,9864
28.149002075195312,9863
28.175617933273315,9862
28.20228409767151,9861
28.228698015213013,9860
28.255271196365356,9859
28.281726121902466,9858
28.308253049850464,9857
28.334952116012573,9856
28.361716985702515,9855
28.388185024261475,9854
28.41489815711975,9853
28.441709995269775,9852
28.46821403503418,9851
28.494863033294678,9850
28.521339178085327,9849
28.54783606529236,9848
28.57442307472229,9847
28.600658178329468,9846
28.62741708755493,9845
28.65409207344055,9844
28.680597066879272,9843
28.70795512199402,9842
28.734791040420532,9841
28.761353015899658,9840
28.788037061691284,9839
28.814608097076416,9838
28.841238975524902,9837
28.867966175079346,9836
28.89437699317932,9835
28.92073106765747,9834
28.94756293296814,9833
28.974181175231934,9832
29.000813961029053,9831
29.02758502960205,9830
29.05408811569214,9829
29.08074116706848,9828
29.107336282730103,9827
29.133877992630005,9826
29.160484075546265,9825
29.186896085739136,9824
29.21341109275818,9823
29.24016308784485,9822
29.266791105270386,9821
29.293500185012817,9820
29.32024312019348,9819
29.34676504135132,9818
29.373483896255493,9817
29.400039196014404,9816
29.42660403251648,9815
29.45331597328186,9814
29.47974920272827,9813
29.50636315345764,9812
29.533029079437256,9811
29.55942702293396,9810
29.586113929748535,9809
29.61291790008545,9808
29.639363050460815,9807
29.666146993637085,9806
29.692780017852783,9805
29.71933889389038,9804
29.745967149734497,9803
29.772592067718506,9802
29.799232959747314,9801
29.825926065444946,9800
29.85260009765625,9799
29.87924098968506,9798
29.90632700920105,9797
29.934272050857544,9796
29.966992139816284,9795
29.996156215667725,9794
30.030959129333496,9793
30.061732053756714,9792
30.096148014068604,9791
30.128275871276855,9790
30.15841007232666,9789
30.189625024795532,9788
30.221610069274902,9787
30.271764993667603,9786
30.322954893112183,9785
30.356117963790894,9784
30.387896060943604,9783
30.415595054626465,9782
30.443541049957275,9781
30.471797943115234,9780
30.503753900527954,9779
30.530951023101807,9778
30.557548999786377,9777
30.583675146102905,9776
30.610188007354736,9775
30.63700294494629,9774
30.66349196434021,9773
30.68987011909485,9772
30.71635413169861,9771
30.742568969726562,9770
30.769078969955444,9769
30.7954580783844,9768
30.82198715209961,9767
30.84839701652527,9766
30.874571084976196,9765
30.90058708190918,9764
30.92793107032776,9763
30.955636024475098,9762
30.98256826400757,9761
31.00915026664734,9760
31.036091089248657,9759
31.06271195411682,9758
31.10945701599121,9757
31.135767936706543,9756
31.162549018859863,9755
31.189253091812134,9754
31.21588921546936,9753
31.243097066879272,9752
31.270174980163574,9751
31.29702401161194,9750
31.32384705543518,9749
31.350373029708862,9748
31.37735390663147,9747
31.40415096282959,9746
31.431041955947876,9745
31.457765102386475,9744
31.484435081481934,9743
31.511234045028687,9742
31.53791308403015,9741
31.564327239990234,9740
31.591044187545776,9739
31.617916107177734,9738
31.644570112228394,9737
31.67129111289978,9736
31.698403120040894,9735
31.725253105163574,9734
31.751991033554077,9733
31.778743982315063,9732
31.805243015289307,9731
31.83206605911255,9730
31.858834266662598,9729
31.885251998901367,9728
31.91229796409607,9727
31.9396231174469,9726
31.966658115386963,9725
31.99315094947815,9724
32.019694089889526,9723
32.04612493515015,9722
32.072792053222656,9721
32.09935903549194,9720
32.12611508369446,9719
32.152868032455444,9718
32.179383993148804,9717
32.2063889503479,9716
32.23314809799194,9715
32.25962495803833,9714
32.286231994628906,9713
32.312740087509155,9712
32.33926224708557,9711
32.36582112312317,9710
32.39215111732483,9709
32.41938614845276,9708
32.446260929107666,9707
32.47262907028198,9706
32.499046087265015,9705
32.52535390853882,9704
32.55175805091858,9703
32.578479051589966,9702
32.60530090332031,9701
32.63194704055786,9700
32.65863609313965,9699
32.685192823410034,9698
32.71172904968262,9697
32.738303899765015,9696
32.76459097862244,9695
32.79114317893982,9694
32.81748294830322,9693
32.84419822692871,9692
32.871148109436035,9691
32.91841006278992,9690
32.94493627548218,9689
32.97148013114929,9688
32.99784016609192,9687
33.02439022064209,9686
33.05086898803711,9685
33.07717204093933,9684
33.10362482070923,9683
33.12988996505737,9682
33.156081199645996,9681
33.18277192115784,9680
33.20923686027527,9679
33.23578214645386,9678
33.26227307319641,9677
33.288727045059204,9676
33.315288066864014,9675
33.341756105422974,9674
33.36808395385742,9673
33.39462113380432,9672
33.42090106010437,9671
33.44745326042175,9670
33.473803997039795,9669
33.501261949539185,9668
33.528016090393066,9667
33.55466103553772,9666
33.581125020980835,9665
33.607856035232544,9664
33.63443207740784,9663
33.66082191467285,9662
33.68736815452576,9661
33.71383714675903,9660
33.74021601676941,9659
33.76672315597534,9658
33.792978048324585,9657
33.819947957992554,9656
33.852577924728394,9655
33.884220123291016,9654
33.91795301437378,9653
33.948153018951416,9652
33.97533893585205,9651
34.002193212509155,9650
34.02889394760132,9649
34.05512309074402,9648
34.081270933151245,9647
34.10731911659241,9646
34.135425090789795,9645
34.16629505157471,9644
34.19353699684143,9643
34.22049927711487,9642
34.2476761341095,9641
34.27662992477417,9640
34.3041729927063,9639
34.33125615119934,9638
34.35813808441162,9637
34.38460421562195,9636
34.411203145980835,9635
34.43870520591736,9634
34.465867042541504,9633
34.49292206764221,9632
34.51980686187744,9631
34.546210050582886,9630
34.57309317588806,9629
34.59991502761841,9628
34.62628412246704,9627
34.65351486206055,9626
34.681960105895996,9625
34.70875096321106,9624
34.735260248184204,9623
34.76172685623169,9622
34.78832411766052,9621
34.81497406959534,9620
34.86212396621704,9619
34.88890314102173,9618
34.91625118255615,9617
34.94311809539795,9616
34.96966910362244,9615
34.9962260723114,9614
35.02280902862549,9613
35.049171924591064,9612
35.07550096511841,9611
35.101935148239136,9610
35.129104137420654,9609
35.177491188049316,9608
35.204355001449585,9607
35.23108196258545,9606
35.25820207595825,9605
35.28495001792908,9604
35.31158804893494,9603
35.33789420127869,9602
35.36457014083862,9601
35.39095592498779,9600
35.417433977127075,9599
35.44479203224182,9598
35.47165513038635,9597
35.49829697608948,9596
35.52505326271057,9595
35.55144691467285,9594
35.57817101478577,9593
35.60478615760803,9592
35.63126802444458,9591
35.65832018852234,9590
35.685073137283325,9589
35.711551904678345,9588
35.7379891872406,9587
35.76451921463013,9586
35.7912380695343,9585
35.818000078201294,9584
35.84555220603943,9583
35.872275829315186,9582
35.899051904678345,9581
35.926454067230225,9580
35.95357799530029,9579
35.98019099235535,9578
36.00653004646301,9577
36.032747983932495,9576
36.058802127838135,9575
36.08522009849548,9574
36.111844062805176,9573
36.13825702667236,9572
36.164865016937256,9571
36.196049213409424,9570
36.22332406044006,9569
36.25089907646179,9568
36.27806210517883,9567
36.304961919784546,9566
36.33152198791504,9565
36.358229875564575,9564
36.38507604598999,9563
36.413037061691284,9562
36.440139055252075,9561
36.46670317649841,9560
36.49328899383545,9559
36.51980805397034,9558
36.546262979507446,9557
36.5727961063385,9556
36.59925198554993,9555
36.62572693824768,9554
36.652184009552,9553
36.68205213546753,9552
36.7254900932312,9551
36.75739598274231,9550
36.81777000427246,9549
36.84521698951721,9548
36.87215614318848,9547
36.89885902404785,9546
36.925577878952026,9545
36.952919006347656,9544
36.97956395149231,9543
37.0059130191803,9542
37.03362822532654,9541
37.06292915344238,9540
37.09249711036682,9539
37.12189507484436,9538
37.1536328792572,9537
37.18371105194092,9536
37.218984842300415,9535
37.25194597244263,9534
37.28321719169617,9533
37.312966108322144,9532
37.3412070274353,9531
37.37207007408142,9530
37.40256309509277,9529
37.432003021240234,9528
37.46240997314453,9527
37.492966175079346,9526
37.52421712875366,9525
37.553829193115234,9524
37.583133935928345,9523
37.61167097091675,9522
37.639897108078,9521
37.66842222213745,9520
37.69626212120056,9519
37.7234570980072,9518
37.751904010772705,9517
37.78103017807007,9516
37.80996513366699,9515
37.838210105895996,9514
37.86595606803894,9513
37.892784118652344,9512
37.9199800491333,9511
37.94706201553345,9510
37.97399115562439,9509
38.000324010849,9508
38.026591062545776,9507
38.05279898643494,9506
38.07897591590881,9505
38.1052770614624,9504
38.1317241191864,9503
38.15813112258911,9502
38.184468030929565,9501
38.210909843444824,9500
38.23878812789917,9499
38.26560997962952,9498
38.292495012283325,9497
38.319228172302246,9496
38.34572410583496,9495
38.37197208404541,9494
38.3984260559082,9493
38.425225019454956,9492
38.453322887420654,9491
38.480122089385986,9490
38.50677490234375,9489
38.53317189216614,9488
38.5596342086792,9487
38.58595299720764,9486
38.61244511604309,9485
38.63878917694092,9484
38.66515016555786,9483
38.69146013259888,9482
38.71786308288574,9481
38.744378089904785,9480
38.77190804481506,9479
38.79892921447754,9478
38.825706005096436,9477
38.85336208343506,9476
38.880213022232056,9475
38.90710401535034,9474
38.934207916259766,9473
38.96072793006897,9472
38.98721408843994,9471
39.01384496688843,9470
39.04030728340149,9469
39.06674909591675,9468
39.09350609779358,9467
39.12019085884094,9466
39.146947145462036,9465
39.174196004867554,9464
39.201425075531006,9463
39.22815203666687,9462
39.25502800941467,9461
39.2815260887146,9460
39.30820918083191,9459
39.334782123565674,9458
39.36162495613098,9457
39.38826012611389,9456
39.41500997543335,9455
39.44221520423889,9454
39.46887493133545,9453
39.495465993881226,9452
39.522226095199585,9451
39.54875302314758,9450
39.57593607902527,9449
39.60249590873718,9448
39.62891101837158,9447
39.655171155929565,9446
39.6816029548645,9445
39.7080340385437,9444
39.73446297645569,9443
39.761110067367554,9442
39.78749108314514,9441
39.814069986343384,9440
39.84137320518494,9439
39.86855125427246,9438
39.895172119140625,9437
39.92176294326782,9436
39.94846725463867,9435
39.97484302520752,9434
40.00126791000366,9433
40.027689933776855,9432
40.05425405502319,9431
40.081088066101074,9430
40.107667207717896,9429
40.134291887283325,9428
40.16175413131714,9427
40.18906903266907,9426
40.21589183807373,9425
40.2424738407135,9424
40.26902914047241,9423
40.29682207107544,9422
40.32405400276184,9421
40.350563049316406,9420
40.37717914581299,9419
40.403802156448364,9418
40.43179702758789,9417
40.45869302749634,9416
40.485228061676025,9415
40.51166296005249,9414
40.53811287879944,9413
40.56451201438904,9412
40.59095811843872,9411
40.61749005317688,9410
40.64415884017944,9409
40.67060708999634,9408
40.69783282279968,9407
40.724936962127686,9406
40.75149607658386,9405
40.77799701690674,9404
40.80480194091797,9403
40.83175802230835,9402
40.859079122543335,9401
40.885793924331665,9400
40.912269115448,9399
40.93901610374451,9398
40.965434074401855,9397
40.991557121276855,9396
41.018146991729736,9395
41.044673919677734,9394
41.07136297225952,9393
41.09780287742615,9392
41.12449908256531,9391
41.15114498138428,9390
41.17771792411804,9389
41.204395055770874,9388
41.23116421699524,9387
41.2582471370697,9386
41.28520393371582,9385
41.31180787086487,9384
41.33831214904785,9383
41.365001916885376,9382
41.3919620513916,9381
41.41984724998474,9380
41.44682693481445,9379
41.473418951034546,9378
41.50013208389282,9377
41.526731967926025,9376
41.55307602882385,9375
41.57956099510193,9374
41.60609006881714,9373
41.632413148880005,9372
41.65907406806946,9371
41.68572521209717,9370
41.712348222732544,9369
41.738962173461914,9368
41.76538586616516,9367
41.79195690155029,9366
41.81855297088623,9365
41.84532904624939,9364
41.87193322181702,9363
41.89843702316284,9362
41.92555809020996,9361
41.951915979385376,9360
41.978580951690674,9359
42.00500297546387,9358
42.03173804283142,9357
42.05813908576965,9356
42.08454918861389,9355
42.11125111579895,9354
42.13783001899719,9353
42.164178133010864,9352
42.19088816642761,9351
42.21834588050842,9350
42.24596309661865,9349
42.27282190322876,9348
42.29954981803894,9347
42.32660913467407,9346
42.35348296165466,9345
42.37995910644531,9344
42.406578063964844,9343
42.434252977371216,9342
42.46103811264038,9341
42.48766803741455,9340
42.514225006103516,9339
42.54173684120178,9338
42.569077014923096,9337
42.59567618370056,9336
42.62222099304199,9335
42.648972034454346,9334
42.67579412460327,9333
42.70255398750305,9332
42.72952699661255,9331
42.756893157958984,9330
42.78360605239868,9329
42.810184955596924,9328
42.83684706687927,9327
42.86382007598877,9326
42.89060616493225,9325
42.917081117630005,9324
42.94428300857544,9323
42.971312046051025,9322
42.997771978378296,9321
43.024285078048706,9320
43.0514931678772,9319
43.0780611038208,9318
43.104695081710815,9317
43.13116216659546,9316
43.157530069351196,9315
43.18411207199097,9314
43.2104811668396,9313
43.23696208000183,9312
43.263631105422974,9311
43.29014301300049,9310
43.316689014434814,9309
43.343592166900635,9308
43.370243072509766,9307
43.3968780040741,9306
43.423612117767334,9305
43.45025706291199,9304
43.4767541885376,9303
43.50314903259277,9302
43.52965712547302,9301
43.55604815483093,9300
43.58244514465332,9299
43.609139919281006,9298
43.64783787727356,9297
43.67698407173157,9296
43.70418906211853,9295
43.731046199798584,9294
43.757965087890625,9293
43.78465509414673,9292
43.811177015304565,9291
43.83819103240967,9290
43.88784193992615,9289
43.91514801979065,9288
43.942225217819214,9287
43.969107151031494,9286
43.99572205543518,9285
44.02210187911987,9284
44.04851293563843,9283
44.07515001296997,9282
44.10149908065796,9281
44.1279821395874,9280
44.15453004837036,9279
44.18172597885132,9278
44.21169304847717,9277
44.238747119903564,9276
44.2664361000061,9275
44.29340410232544,9274
44.32007384300232,9273
44.34647011756897,9272
44.37308597564697,9271
44.399667263031006,9270
44.42640399932861,9269
44.45303392410278,9268
44.479475259780884,9267
44.50576996803284,9266
44.53244113922119,9265
44.55882215499878,9264
44.58541512489319,9263
44.611982107162476,9262
44.63861298561096,9261
44.66531300544739,9260
44.691892862319946,9259
44.718300104141235,9258
44.74478793144226,9257
44.77101516723633,9256
44.79743409156799,9255
44.82399892807007,9254
44.86521315574646,9253
44.89188814163208,9252
44.91932415962219,9251
44.94644808769226,9250
44.97335505485535,9249
44.99982786178589,9248
45.026232957839966,9247
45.05252194404602,9246
45.078970193862915,9245
45.105448961257935,9244
45.13167214393616,9243
45.15847110748291,9242
45.18650221824646,9241
45.213380098342896,9240
45.24011516571045,9239
45.266772985458374,9238
45.2931592464447,9237
45.31964302062988,9236
45.34605312347412,9235
45.37248992919922,9234
45.39897108078003,9233
45.4254310131073,9232
45.45216417312622,9231
45.479063987731934,9230
45.50592398643494,9229
45.53267288208008,9228
45.55953311920166,9227
45.58628606796265,9226
45.61304998397827,9225
45.63973116874695,9224
45.66651105880737,9223
45.69321012496948,9222
45.71988081932068,9221
45.74657607078552,9220
45.773231983184814,9219
45.79995012283325,9218
45.826799154281616,9217
45.853747844696045,9216
45.88053607940674,9215
45.90705394744873,9214
45.93441915512085,9213
45.96183490753174,9212
45.98869609832764,9211
46.01522922515869,9210
46.04176092147827,9209
46.068284034729004,9208
46.094728231430054,9207
46.12169909477234,9206
46.17244505882263,9205
46.19932413101196,9204
46.22696805000305,9203
46.25750803947449,9202
46.28728699684143,9201
46.31447696685791,9200
46.34123110771179,9199
46.36799883842468,9198
46.394607067108154,9197
46.421226024627686,9196
46.44823217391968,9195
46.47495794296265,9194
46.50186324119568,9193
46.528834104537964,9192
46.55551815032959,9191
46.58236002922058,9190
46.609180212020874,9189
46.635870933532715,9188
46.662678956985474,9187
46.68937802314758,9186
46.71603512763977,9185
46.742740869522095,9184
46.76960611343384,9183
46.81193399429321,9182
46.838746070861816,9181
46.86567282676697,9180
46.89249610900879,9179
46.91922307014465,9178
46.94600486755371,9177
46.97269916534424,9176
46.99919509887695,9175
47.02606797218323,9174
47.052927017211914,9173
47.08050608634949,9172
47.10738396644592,9171
47.13408708572388,9170
47.160731077194214,9169
47.18759608268738,9168
47.21450901031494,9167
47.24132704734802,9166
47.26809501647949,9165
47.29485011100769,9164
47.32162618637085,9163
47.348296880722046,9162
47.374861001968384,9161
47.401731967926025,9160
47.42854285240173,9159
47.467798948287964,9158
47.49458408355713,9157
47.5213942527771,9156
47.54811692237854,9155
47.5749249458313,9154
47.60137104988098,9153
47.62820816040039,9152
47.655004024505615,9151
47.68162989616394,9150
47.7090790271759,9149
47.73622012138367,9148
47.76291084289551,9147
47.78970503807068,9146
47.81650400161743,9145
47.8434841632843,9144
47.87029504776001,9143
47.89693999290466,9142
47.923527240753174,9141
47.950138092041016,9140
47.977078914642334,9139
48.003639936447144,9138
48.030341148376465,9137
48.057037115097046,9136
48.08380198478699,9135
48.11062812805176,9134
48.13731503486633,9133
48.16410803794861,9132
48.190922021865845,9131
48.21753001213074,9130
48.24419903755188,9129
48.29096221923828,9128
48.3177011013031,9127
48.34441113471985,9126
48.37144494056702,9125
48.39804697036743,9124
48.42494297027588,9123
48.4533429145813,9122
48.48020100593567,9121
48.50696587562561,9120
48.533684968948364,9119
48.560256004333496,9118
48.58698892593384,9117
48.61367392539978,9116
48.64009404182434,9115
48.66698694229126,9114
48.69398903846741,9113
48.72067713737488,9112
48.74752712249756,9111
48.7741801738739,9110
48.80090594291687,9109
48.82763600349426,9108
48.85446119308472,9107
48.881447076797485,9106
48.908101081848145,9105
48.93478298187256,9104
48.96134114265442,9103
48.98815727233887,9102
49.015116930007935,9101
49.04183602333069,9100
49.06879997253418,9099
49.095499992370605,9098
49.12236785888672,9097
49.14913511276245,9096
49.175676107406616,9095
49.20242190361023,9094
49.22910785675049,9093
49.25570297241211,9092
49.28254008293152,9091
49.309447050094604,9090
49.336318254470825,9089
49.36321401596069,9088
49.39008712768555,9087
49.4174280166626,9086
49.444501876831055,9085
49.47151708602905,9084
49.498178005218506,9083
49.5247700214386,9082
49.55115604400635,9081
49.5776469707489,9080
49.60406017303467,9079
49.63053512573242,9078
49.65723419189453,9077
49.683862924575806,9076
49.71048402786255,9075
49.73720598220825,9074
49.76398301124573,9073
49.79059028625488,9072
49.817403078079224,9071
49.8443398475647,9070
49.87114214897156,9069
49.897578954696655,9068
49.92418098449707,9067
49.950905084609985,9066
49.977545976638794,9065
50.00401210784912,9064
50.03045201301575,9063
50.05691695213318,9062
50.08354187011719,9061
50.11006999015808,9060
50.136533975601196,9059
50.16317892074585,9058
50.18961191177368,9057
50.21610498428345,9056
50.242534160614014,9055
50.26933813095093,9054
50.29620599746704,9053
50.32296895980835,9052
50.34973692893982,9051
50.37642216682434,9050
50.40286111831665,9049
50.43134784698486,9048
50.458118200302124,9047
50.484968185424805,9046
50.511327028274536,9045
50.53781008720398,9044
50.564129114151,9043
50.590673208236694,9042
50.6172399520874,9041
50.643656969070435,9040
50.67047119140625,9039
50.69713306427002,9038
50.723479986190796,9037
50.75005006790161,9036
50.776654958724976,9035
50.80297589302063,9034
50.830323219299316,9033
50.85737109184265,9032
50.8839590549469,9031
50.91050910949707,9030
50.93726205825806,9029
50.96378016471863,9028
50.99007987976074,9027
51.01641893386841,9026
51.042675256729126,9025
51.06908893585205,9024
51.096230030059814,9023
51.12283706665039,9022
51.149163007736206,9021
51.175596952438354,9020
51.20206093788147,9019
51.22864294052124,9018
51.25523090362549,9017
51.28236103057861,9016
51.30914807319641,9015
51.35582208633423,9014
51.38239502906799,9013
51.408679246902466,9012
51.43542408943176,9011
51.46203422546387,9010
51.4884090423584,9009
51.514801025390625,9008
51.54146981239319,9007
51.567967891693115,9006
51.594563007354736,9005
51.62095618247986,9004
51.64744997024536,9003
51.67407512664795,9002
51.70041608810425,9001
51.72696805000305,9000
51.75373101234436,8999
51.780521869659424,8998
51.807037115097046,8997
51.833693981170654,8996
51.860666036605835,8995
51.887341022491455,8994
51.91396188735962,8993
51.9405779838562,8992
51.96715307235718,8991
51.993574142456055,8990
52.01993107795715,8989
52.04618310928345,8988
52.07278108596802,8987
52.09909915924072,8986
52.12558197975159,8985
52.15200090408325,8984
52.178547859191895,8983
52.205284118652344,8982
52.23179912567139,8981
52.25831604003906,8980
52.28507685661316,8979
52.31152415275574,8978
52.3626811504364,8977
52.38890790939331,8976
52.41550421714783,8975
52.44210410118103,8974
52.46828317642212,8973
52.49490714073181,8972
52.52149295806885,8971
52.54801106452942,8970
52.574573040008545,8969
52.60092210769653,8968
52.62756299972534,8967
52.65404200553894,8966
52.680598974227905,8965
52.70707607269287,8964
52.733591079711914,8963
52.75993013381958,8962
52.786373138427734,8961
52.81342625617981,8960
52.84032893180847,8959
52.867063999176025,8958
52.89360213279724,8957
52.92018508911133,8956
52.96815800666809,8955
52.994786977767944,8954
53.021416902542114,8953
53.047930002212524,8952
53.07434606552124,8951
53.10085916519165,8950
53.12734317779541,8949
53.15403199195862,8948
53.18076515197754,8947
53.20725703239441,8946
53.23385000228882,8945
53.260430097579956,8944
53.28688097000122,8943
53.31351709365845,8942
53.33988404273987,8941
53.366355180740356,8940
53.39303112030029,8939
53.41966009140015,8938
53.446451902389526,8937
53.47313189506531,8936
53.49955105781555,8935
53.52615213394165,8934
53.55265712738037,8933
53.57908082008362,8932
53.60558319091797,8931
53.63203811645508,8930
53.65827512741089,8929
53.68482208251953,8928
53.711130142211914,8927
53.73750901222229,8926
53.764222145080566,8925
53.79108905792236,8924
53.81790208816528,8923
53.8448760509491,8922
53.871723890304565,8921
53.898468017578125,8920
53.92489504814148,8919
53.97116804122925,8918
53.99755525588989,8917
54.02391219139099,8916
54.05006408691406,8915
54.07689380645752,8914
54.103456020355225,8913
54.130043029785156,8912
54.1565842628479,8911
54.18297791481018,8910
54.209811210632324,8909
54.236486196517944,8908
54.26325011253357,8907
54.29015302658081,8906
54.31669497489929,8905
54.343124866485596,8904
54.36974000930786,8903
54.39666199684143,8902
54.42418313026428,8901
54.453405141830444,8900
54.48225927352905,8899
54.51337218284607,8898
54.54304313659668,8897
54.57029914855957,8896
54.597208976745605,8895
54.62427306175232,8894
54.651467084884644,8893
54.67827820777893,8892
54.70533013343811,8891
54.73213195800781,8890
54.759247064590454,8889
54.786152839660645,8888
54.812851905822754,8887
54.839555978775024,8886
54.86621403694153,8885
54.89280891418457,8884
54.91997408866882,8883
54.947981119155884,8882
54.97597098350525,8881
55.003923177719116,8880
55.031806230545044,8879
55.05881214141846,8878
55.08572006225586,8877
55.11261010169983,8876
55.1393609046936,8875
55.16643500328064,8874
55.19337320327759,8873
55.22102403640747,8872
55.24790024757385,8871
55.274643898010254,8870
55.301284074783325,8869
55.327977895736694,8868
55.354515075683594,8867
55.381352186203,8866
55.40812611579895,8865
55.43494009971619,8864
55.46171998977661,8863
55.488439083099365,8862
55.51513695716858,8861
55.54185485839844,8860
55.56862211227417,8859
55.59506821632385,8858
55.621866941452026,8857
55.648465156555176,8856
55.67491102218628,8855
55.701961040496826,8854
55.72875905036926,8853
55.755489110946655,8852
55.78248405456543,8851
55.808956146240234,8850
55.835747957229614,8849
55.86240601539612,8848
55.88894319534302,8847
55.91547107696533,8846
55.942716121673584,8845
55.96933126449585,8844
55.9955780506134,8843
56.02214288711548,8842
56.04877686500549,8841
56.07624006271362,8840
56.104870080947876,8839
56.13258099555969,8838
56.16211295127869,8837
56.19172191619873,8836
56.219727993011475,8835
56.24809694290161,8834
56.27649998664856,8833
56.30605626106262,8832
56.33589816093445,8831
56.36429309844971,8830
56.39120292663574,8829
56.41815400123596,8828
56.44625496864319,8827
56.47316598892212,8826
56.49970102310181,8825
56.52645492553711,8824
56.55306696891785,8823
56.57966995239258,8822
56.60613393783569,8821
56.632405042648315,8820
56.65876507759094,8819
56.685413122177124,8818
56.71197700500488,8817
56.738959074020386,8816
56.76654005050659,8815
56.79346299171448,8814
56.82019090652466,8813
56.84696006774902,8812
56.873719930648804,8811
56.90046405792236,8810
56.92711806297302,8809
56.953855991363525,8808
56.98051905632019,8807
57.00716686248779,8806
57.03382396697998,8805
57.060495138168335,8804
57.087071895599365,8803
57.113744020462036,8802
57.14058589935303,8801
57.167325258255005,8800
57.1938591003418,8799
57.22074007987976,8798
57.247944831848145,8797
57.275185108184814,8796
57.302470207214355,8795
57.3293821811676,8794
57.35651612281799,8793
57.38333702087402,8792
57.40997910499573,8791
57.43680500984192,8790
57.46336603164673,8789
57.49009823799133,8788
57.51674795150757,8787
57.543315172195435,8786
57.569973945617676,8785
57.59646201133728,8784
57.62286710739136,8783
57.649658203125,8782
57.67650103569031,8781
57.70351195335388,8780
57.73045015335083,8779
57.75713396072388,8778
57.783891916275024,8777
57.810532093048096,8776
57.837406873703,8775
57.86424493789673,8774
57.89088416099548,8773
57.941975116729736,8772
57.96964907646179,8771
57.996421098709106,8770
58.022977113723755,8769
58.04947805404663,8768
58.07598304748535,8767
58.10231804847717,8766
58.12898397445679,8765
58.155648946762085,8764
58.18216395378113,8763
58.20879793167114,8762
58.235727071762085,8761
58.26199388504028,8760
58.288753032684326,8759
58.315577030181885,8758
58.34217596054077,8757
58.36878299713135,8756
58.39543008804321,8755
58.42200326919556,8754
58.44853711128235,8753
58.4749059677124,8752
58.50162100791931,8751
58.52828598022461,8750
58.554826974868774,8749
58.581398010253906,8748
58.60827112197876,8747
58.63493204116821,8746
58.661691188812256,8745
58.68842697143555,8744
58.71528506278992,8743
58.74225306510925,8742
58.76907205581665,8741
58.795830965042114,8740
58.82255005836487,8739
58.84921312332153,8738
58.876742124557495,8737
58.903512954711914,8736
58.930562019348145,8735
58.95745301246643,8734
58.98407220840454,8733
59.01068615913391,8732
59.03758788108826,8731
59.064237117767334,8730
59.09085297584534,8729
59.11755418777466,8728
59.14410424232483,8727
59.17064309120178,8726
59.19725513458252,8725
59.22353506088257,8724
59.250338077545166,8723
59.27727723121643,8722
59.30399417877197,8721
59.3306679725647,8720
59.35737204551697,8719
59.384077072143555,8718
59.410815954208374,8717
59.43755912780762,8716
59.46434807777405,8715
59.49104309082031,8714
59.51764702796936,8713
59.544188022613525,8712
59.571110010147095,8711
59.59775996208191,8710
59.62461996078491,8709
59.652052879333496,8708
59.67906618118286,8707
59.705971240997314,8706
59.732693910598755,8705
59.759204149246216,8704
59.78574514389038,8703
59.8122239112854,8702
59.83872985839844,8701
59.865458250045776,8700
59.89226222038269,8699
59.91895008087158,8698
59.9455840587616,8697
59.97255301475525,8696
59.99918603897095,8695
60.025599002838135,8694
60.0523419380188,8693
60.07902216911316,8692
60.105331897735596,8691
60.13196301460266,8690
60.15881586074829,8689
60.185662269592285,8688
60.21228623390198,8687
60.238938093185425,8686
60.26548099517822,8685
60.29231905937195,8684
60.31886005401611,8683
60.345556020736694,8682
60.37225794792175,8681
60.39896011352539,8680
60.42552590370178,8679
60.45225214958191,8678
60.47884011268616,8677
60.50549817085266,8676
60.53232502937317,8675
60.55910801887512,8674
60.5859100818634,8673
60.61271691322327,8672
60.63955616950989,8671
60.666290044784546,8670
60.69297909736633,8669
60.719943046569824,8668
60.74675011634827,8667
60.77339696884155,8666
60.80000400543213,8665
60.826525926589966,8664
60.853302001953125,8663
60.87999200820923,8662
60.90641498565674,8661
60.93316102027893,8660
60.95994806289673,8659
60.986589193344116,8658
61.013073205947876,8657
61.03980898857117,8656
61.06641602516174,8655
61.09284019470215,8654
61.11946105957031,8653
61.14586901664734,8652
61.17260789871216,8651
61.19938397407532,8650
61.226101875305176,8649
61.252875089645386,8648
61.27961325645447,8647
61.30726504325867,8646
61.334944009780884,8645
61.361879110336304,8644
61.38852500915527,8643
61.41530704498291,8642
61.44241714477539,8641
61.46898913383484,8640
61.49583101272583,8639
61.52271604537964,8638
61.549554109573364,8637
61.576499938964844,8636
61.60316801071167,8635
61.6299090385437,8634
61.656665086746216,8633
61.68337821960449,8632
61.7101149559021,8631
61.73689317703247,8630
61.7634711265564,8629
61.79012393951416,8628
61.816872119903564,8627
61.843823194503784,8626
61.87049698829651,8625
61.89716815948486,8624
61.92376708984375,8623
61.95016312599182,8622
61.976608991622925,8621
62.00290107727051,8620
62.02922010421753,8619
62.055357217788696,8618
62.08147716522217,8617
62.10776996612549,8616
62.13439202308655,8615
62.16097927093506,8614
62.18754506111145,8613
62.214118003845215,8612
62.240670919418335,8611
62.26691818237305,8610
62.29333710670471,8609
62.31981301307678,8608
62.34613394737244,8607
62.372488260269165,8606
62.398768186569214,8605
62.425076961517334,8604
62.45165205001831,8603
62.478023052215576,8602
62.504531145095825,8601
62.53115701675415,8600
62.557472944259644,8599
62.583884954452515,8598
62.61040711402893,8597
62.63669800758362,8596
62.66310501098633,8595
62.68968105316162,8594
62.73473000526428,8593
62.76096987724304,8592
62.787676095962524,8591
62.814258098602295,8590
62.840835094451904,8589
62.86767888069153,8588
62.89419102668762,8587
62.92056894302368,8586
62.94717311859131,8585
62.97375822067261,8584
63.00020718574524,8583
63.02686619758606,8582
63.0532341003418,8581
63.07936191558838,8580
63.10570812225342,8579
63.132275104522705,8578
63.15859413146973,8577
63.18510413169861,8576
63.21165204048157,8575
63.23790097236633,8574
63.26429796218872,8573
63.290672063827515,8572
63.31682991981506,8571
63.343214988708496,8570
63.369572162628174,8569
63.39576697349548,8568
63.42233109474182,8567
63.4488480091095,8566
63.47530484199524,8565
63.50175213813782,8564
63.52811098098755,8563
63.55456900596619,8562
63.58103704452515,8561
63.60730504989624,8560
63.63360404968262,8559
63.65977692604065,8558
63.68610906600952,8557
63.712424993515015,8556
63.73887610435486,8555
63.76537203788757,8554
63.79186296463013,8553
63.81819415092468,8552
63.844643115997314,8551
63.87092399597168,8550
63.897289991378784,8549
63.923763275146484,8548
63.95028805732727,8547
63.97652816772461,8546
64.00296115875244,8545
64.0290379524231,8544
64.0556972026825,8543
64.08254623413086,8542
64.1093418598175,8541
64.13605117797852,8540
64.1627550125122,8539
64.18954801559448,8538
64.21662306785583,8537
64.2435131072998,8536
64.27079606056213,8535
64.2974591255188,8534
64.32384991645813,8533
64.35017395019531,8532
64.37661004066467,8531
64.40301418304443,8530
64.42961812019348,8529
64.45748400688171,8528
64.4840931892395,8527
64.51039719581604,8526
64.53720211982727,8525
64.56422305107117,8524
64.59105825424194,8523
64.61786007881165,8522
64.66492700576782,8521
64.6918580532074,8520
64.71921706199646,8519
64.7463321685791,8518
64.7729902267456,8517
64.7995400428772,8516
64.82620692253113,8515
64.85290312767029,8514
64.87939190864563,8513
64.90610814094543,8512
64.93298411369324,8511
64.9596300125122,8510
64.9858648777008,8509
65.0124888420105,8508
65.03932905197144,8507
65.06600308418274,8506
65.09349513053894,8505
65.12021708488464,8504
65.1469099521637,8503
65.17354321479797,8502
65.20013523101807,8501
65.22624516487122,8500
65.2538092136383,8499
65.28068399429321,8498
65.30694603919983,8497
65.33355212211609,8496
65.36017608642578,8495
65.38666105270386,8494
65.41300916671753,8493
65.43943285942078,8492
65.46600484848022,8491
65.49265098571777,8490
65.51920413970947,8489
68.66986799240112,8488
68.69660305976868,8487
68.73882794380188,8486
68.76523900032043,8485
68.79176712036133,8484
68.81814289093018,8483
68.86245608329773,8482
68.88898515701294,8481
68.915518283844,8480
68.94218897819519,8479
68.9686598777771,8478
68.99498319625854,8477
69.0211272239685,8476
69.04728698730469,8475
69.07355999946594,8474
69.09990811347961,8473
69.12595391273499,8472
69.15215611457825,8471
69.1785409450531,8470
69.2050130367279,8469
70.36709904670715,8468
70.39392518997192,8467
70.4203040599823,8466
72.22431206703186,8465
72.2506091594696,8464
72.27706503868103,8463
72.30356812477112,8462
72.32987117767334,8461
72.35629796981812,8460
72.38264894485474,8459
72.40911722183228,8458
72.43564796447754,8457
72.53429388999939,8456
72.58057808876038,8455
72.63153409957886,8454
72.70194411277771,8453
72.72823691368103,8452
72.78894710540771,8451
72.86577916145325,8450
72.89209413528442,8449
72.95359706878662,8448
72.9800181388855,8447
73.03684711456299,8446
73.06362795829773,8445
73.0905110836029,8444
73.16880512237549,8443
73.19590497016907,8442
73.24811220169067,8441
73.27491497993469,8440
73.34001302719116,8439
73.3666889667511,8438
73.42911314964294,8437
73.45668411254883,8436
73.52181005477905,8435
73.57240009307861,8434
73.59879899024963,8433
73.65629696846008,8432
73.68292498588562,8431
73.74021911621094,8430
73.76673603057861,8429
73.83600306510925,8428
73.88928604125977,8427
73.92950797080994,8426
73.97227311134338,8425
73.99900603294373,8424
74.0734920501709,8423
74.10031723976135,8422
74.12722086906433,8421
74.15395903587341,8420
74.18094301223755,8419
74.24768090248108,8418
74.2751100063324,8417
74.3153350353241,8416
74.39907097816467,8415
74.42552018165588,8414
74.48738718032837,8413
74.55037307739258,8412
74.59815216064453,8411
74.62475419044495,8410
74.68004083633423,8409
74.7067801952362,8408
74.75015902519226,8407
74.77691316604614,8406
74.84960722923279,8405
74.88967609405518,8404
74.91626119613647,8403
74.96000099182129,8402
75.0016610622406,8401
75.02845621109009,8400
75.07892799377441,8399
75.10550808906555,8398
75.16795706748962,8397
75.19473600387573,8396
75.23331093788147,8395
75.25994110107422,8394
75.33487796783447,8393
75.36179614067078,8392
75.42816710472107,8391
75.45484805107117,8390
75.53627419471741,8389
75.62372016906738,8388
75.66924619674683,8387
75.71640491485596,8386
75.77007794380188,8385
75.79691314697266,8384
75.82356023788452,8383
75.85060024261475,8382
75.87746405601501,8381
75.90389394760132,8380
75.9305350780487,8379
75.9998230934143,8378
76.02650117874146,8377
76.07063221931458,8376
76.11397695541382,8375
76.17866802215576,8374
76.2057740688324,8373
76.26727509498596,8372
76.2941210269928,8371
76.35959005355835,8370
76.38641095161438,8369
76.4497230052948,8368
76.47629404067993,8367
76.54191899299622,8366
76.59503316879272,8365
76.64622402191162,8364
76.6727569103241,8363
76.74809217453003,8362
76.77443194389343,8361
76.8452730178833,8360
76.87168717384338,8359
76.91920709609985,8358
76.9460220336914,8357
76.97257018089294,8356
76.99904990196228,8355
77.0648512840271,8354
77.09140610694885,8353
77.16642189025879,8352
77.19317388534546,8351
77.26444506645203,8350
77.29135513305664,8349
77.3360481262207,8348
77.37827920913696,8347
77.40486216545105,8346
77.4772698879242,8345
77.5039930343628,8344
77.58045887947083,8343
77.607017993927,8342
77.67038607597351,8341
77.71667814254761,8340
77.7432770729065,8339
77.80417919158936,8338
77.87960505485535,8337
77.92368602752686,8336
77.95006799697876,8335
78.02754807472229,8334
78.05427718162537,8333
78.13276100158691,8332
78.15935111045837,8331
78.23059296607971,8330
78.25752115249634,8329
78.31777501106262,8328
78.34444308280945,8327
78.40008592605591,8326
78.42650413513184,8325
78.48875308036804,8324
78.51512908935547,8323
78.58999109268188,8322
78.61681604385376,8321
78.69165992736816,8320
78.71842908859253,8319
78.79038095474243,8318
78.81695508956909,8317
78.87590599060059,8316
78.90262126922607,8315
78.95419096946716,8314
78.98101711273193,8313
79.01977491378784,8312
79.04677128791809,8311
79.09766507148743,8310
79.12418913841248,8309
79.18475317955017,8308
79.21163582801819,8307
79.27474188804626,8306
79.30169320106506,8305
79.37606406211853,8304
79.42226910591125,8303
79.47261905670166,8302
79.51346206665039,8301
79.65737795829773,8300
87.68718719482422,8299
87.7371711730957,8298
95.71804785728455,8297
98.69096899032593,8296
98.7181282043457,8295
98.76983714103699,8294
98.79691696166992,8293
98.82418823242188,8292
98.87828493118286,8291
98.91849327087402,8290
98.9859070777893,8289
99.48246192932129,8288
99.52467513084412,8287
99.62400507926941,8286
99.65150618553162,8285
99.70130205154419,8284
99.75490403175354,8283
99.79518103599548,8282
99.861896276474,8281
99.88904404640198,8280
102.82338809967041,8279
103.16083598136902,8278
103.20296311378479,8277
103.24679803848267,8276
103.2967050075531,8275
103.33992910385132,8274
103.38801002502441,8273
103.43092012405396,8272
103.54781889915466,8271
103.5987958908081,8270
103.62587118148804,8269
103.67983412742615,8268
103.71941018104553,8267
103.76844310760498,8266
103.79545593261719,8265
103.93436002731323,8264
103.98003911972046,8263
104.02153491973877,8262
104.06932091712952,8261
104.144296169281,8260
104.19751405715942,8259
104.22462892532349,8258
104.34205102920532,8257
104.38170599937439,8256
104.40875697135925,8255
104.54467916488647,8254
104.58574199676514,8253
104.63047695159912,8252
104.65757417678833,8251
104.69689321517944,8250
104.74459791183472,8249
104.79530906677246,8248
104.84810709953308,8247
104.88979411125183,8246
104.93698310852051,8245
104.9861741065979,8244
105.0570878982544,8243
105.10432314872742,8242
105.3687789440155,8241
105.41312003135681,8240
105.45962309837341,8239
105.51076006889343,8238
105.7041540145874,8237
105.73056817054749,8236
105.76913809776306,8235
105.81695103645325,8234
106.02729105949402,8233
106.07722997665405,8232
106.12889790534973,8231
106.16939806938171,8230
106.39516425132751,8229
106.44237804412842,8228
106.48250317573547,8227
106.52470302581787,8226
106.71440720558167,8225
106.75873804092407,8224
106.80645108222961,8223
106.83293199539185,8222
107.03198504447937,8221
107.07580423355103,8220
107.12216711044312,8219
107.17081308364868,8218
107.4001841545105,8217
107.4427399635315,8216
107.48656821250916,8215
107.53234004974365,8214
107.74217319488525,8213
107.7895770072937,8212
107.83091306686401,8211
107.87534403800964,8210
108.11211895942688,8209
108.13833808898926,8208
108.17804789543152,8207
108.21954989433289,8206
108.41550898551941,8205
108.4667341709137,8204
108.5196762084961,8203
108.55957293510437,8202
108.77301812171936,8201
108.81676506996155,8200
108.8621780872345,8199
108.90955424308777,8198
109.16086387634277,8197
109.2003960609436,8196
109.22653102874756,8195
109.27173805236816,8194
109.49062705039978,8193
109.51694512367249,8192
109.55736017227173,8191
109.71710801124573,8190
109.77451515197754,8189
109.8208692073822,8188
109.84739398956299,8187
110.02596616744995,8186
110.1015100479126,8185
110.21811509132385,8184
110.29764699935913,8183
110.34927415847778,8182
110.3896861076355,8181
110.43575692176819,8180
110.54157614707947,8179
110.60756707191467,8178
110.6633710861206,8177
110.7233030796051,8176
110.83119988441467,8175
110.90049505233765,8174
110.95910120010376,8173
111.02163028717041,8172
111.15640211105347,8171
111.21307897567749,8170
111.25916910171509,8169
111.33031392097473,8168
111.4635419845581,8167
111.51073408126831,8166
111.60378003120422,8165
111.75358414649963,8164
111.83507800102234,8163
111.94072008132935,8162
112.01193690299988,8161
112.10842490196228,8160
112.16958093643188,8159
112.24698996543884,8158
112.3726749420166,8157
112.47284293174744,8156
112.50041913986206,8155
112.57613110542297,8154
112.69242906570435,8153
112.78346014022827,8152
112.81037616729736,8151
112.87277507781982,8150
112.97730994224548,8149
113.09064221382141,8148
113.13397026062012,8147
113.20378112792969,8146
113.3412389755249,8145
113.40938425064087,8144
113.44988012313843,8143
113.51665925979614,8142
113.62254524230957,8141
113.69142603874207,8140
113.75181317329407,8139
113.82656717300415,8138
113.92969107627869,8137
114.07481908798218,8136
114.11809086799622,8135
114.40220904350281,8134
114.45545792579651,8133
114.527902841568,8132
114.760507106781,8131
114.78672194480896,8130
114.825031042099,8129
114.88119006156921,8128
115.0745861530304,8127
115.36581301689148,8126
115.39286303520203,8125
115.44039011001587,8124
115.64283800125122,8123
115.6690320968628,8122
115.72885918617249,8121
115.8343300819397,8120
115.93084216117859,8119
115.97082209587097,8118
116.09527015686035,8117
116.18881297111511,8116
116.2858030796051,8115
116.4173469543457,8114
116.5005202293396,8113
116.58679389953613,8112
116.69050693511963,8111
116.756343126297,8110
116.82410001754761,8109
116.95605611801147,8108
117.03162217140198,8107
117.3134970664978,8106
117.36344385147095,8105
117.40879988670349,8104
117.50215911865234,8103
117.54403185844421,8102
117.57128596305847,8101
117.59842610359192,8100
117.73708415031433,8099
117.77920985221863,8098
117.83117890357971,8097
117.85788416862488,8096
117.89708518981934,8095
117.9458920955658,8094
117.98979616165161,8093
118.04201912879944,8092
118.15908908843994,8091
118.19837617874146,8090
118.25046014785767,8089
118.29715514183044,8088
118.34466814994812,8087
118.37148690223694,8086
118.39848494529724,8085
118.45134210586548,8084
118.47801899909973,8083
118.51926898956299,8082
118.57173299789429,8081
118.6476001739502,8080
118.69004607200623,8079
118.74093699455261,8078
118.81042909622192,8077
118.86098504066467,8076
118.91398906707764,8075
118.95683002471924,8074
119.00180196762085,8073
119.04228091239929,8072
119.084477186203,8071
119.12987804412842,8070
119.17757201194763,8069
119.21763801574707,8068
119.25718188285828,8067
119.30528807640076,8066
119.55877900123596,8065
119.60378217697144,8064
119.65286493301392,8063
119.67996907234192,8062
119.90149593353271,8061
119.94405126571655,8060
119.98832821846008,8059
120.03638911247253,8058
120.2126739025116,8057
120.26247692108154,8056
120.30550813674927,8055
120.35063695907593,8054
120.56208896636963,8053
120.61026191711426,8052
120.66181921958923,8051
120.70648121833801,8050
120.94711899757385,8049
120.9736602306366,8048
121.00068306922913,8047
121.04504895210266,8046
121.22572302818298,8045
121.26960825920105,8044
121.31542706489563,8043
121.36497092247009,8042
121.59050798416138,8041
121.63326716423035,8040
121.68198108673096,8039
121.73470902442932,8038
121.96385312080383,8037
122.00358295440674,8036
122.04804706573486,8035
122.0935389995575,8034
122.31612586975098,8033
122.3684709072113,8032
122.40874791145325,8031
122.45318603515625,8030
122.66616106033325,8029
122.71778297424316,8028
122.77107501029968,8027
122.90220904350281,8026
122.98148012161255,8025
123.02415800094604,8024
123.19261693954468,8023
123.23758101463318,8022
123.29734396934509,8021
123.51307010650635,8020
123.56298804283142,8019
123.63753318786621,8018
123.85145688056946,8017
123.89131903648376,8016
123.94220685958862,8015
123.98694705963135,8014
124.18006110191345,8013
124.2287220954895,8012
124.31832313537598,8011
124.48905491828918,8010
124.57996010780334,8009
124.70579504966736,8008
124.73299908638,8007
124.81233716011047,8006
124.9545042514801,8005
124.98148703575134,8004
125.03300189971924,8003
125.22037816047668,8002
125.26978516578674,8001
125.29686188697815,8000
125.48580813407898,7999
125.53433418273926,7998
125.56069612503052,7997
125.76095008850098,7996
125.80364108085632,7995
125.83072710037231,7994
125.87478303909302,7993
126.05488610267639,7992
126.11951899528503,7991
126.30231022834778,7990
126.35541701316833,7989
126.38276505470276,7988
126.57051587104797,7987
126.624507188797,7986
126.6515691280365,7985
126.69762396812439,7984
126.86361122131348,7983
126.9108259677887,7982
126.93708515167236,7981
127.10201406478882,7980
127.14820408821106,7979
127.17462396621704,7978
127.21493816375732,7977
127.4201672077179,7976
127.46111822128296,7975
127.48749208450317,7974
127.53423619270325,7973
127.68324017524719,7972
127.73070216178894,7971
127.77927303314209,7970
127.85888886451721,7969
127.97556710243225,7968
128.0299460887909,7967
128.07047700881958,7966
128.1536090373993,7965
128.28094005584717,7964
128.32527995109558,7963
128.40468502044678,7962
128.4519190788269,7961
128.63338708877563,7960
128.66029524803162,7959
128.72988319396973,7958
128.87784123420715,7957
128.90454196929932,7956
128.94410490989685,7955
129.13684916496277,7954
129.18835616111755,7953
129.2416491508484,7952
129.28240513801575,7951
129.4635260105133,7950
129.51070523262024,7949
129.53728890419006,7948
129.75072193145752,7947
129.79427409172058,7946
129.8347098827362,7945
129.9236159324646,7944
130.13211703300476,7943
130.1720221042633,7942
130.22383093833923,7941
130.29607796669006,7940
130.48112297058105,7939
130.52221298217773,7938
130.57299494743347,7937
130.6705620288849,7936
130.88337922096252,7935
130.9357521533966,7934
130.97745990753174,7933
131.07539296150208,7932
131.27957105636597,7931
131.33112215995789,7930
131.38495302200317,7929
132.08458805084229,7928
132.14959406852722,7927
132.28064894676208,7926
132.3329210281372,7925
132.41148805618286,7924
132.45091104507446,7923
132.56393003463745,7922
132.6123321056366,7921
132.71561694145203,7920
132.84475588798523,7919
132.903804063797,7918
132.9557192325592,7917
133.0636420249939,7916
133.1186192035675,7915
133.2615270614624,7914
133.28791499137878,7913
133.3913152217865,7912
133.41767692565918,7911
133.5429561138153,7910
133.58185005187988,7909
133.6455521583557,7908
133.69045114517212,7907
133.77460598945618,7906
133.80110216140747,7905
133.89789199829102,7904
134.04712009429932,7903
134.13794612884521,7902
134.19800806045532,7901
134.3476951122284,7900
134.40288305282593,7899
134.52885699272156,7898
134.7602961063385,7897
134.84784293174744,7896
134.91681098937988,7895
134.9966549873352,7894
135.0241289138794,7893
135.09630727767944,7892
135.1400408744812,7891
135.20686888694763,7890
135.3392071723938,7889
135.42002820968628,7888
135.48473811149597,7887
135.53390097618103,7886
135.59604024887085,7885
135.71873927116394,7884
135.8071448802948,7883
135.89210104942322,7882
136.08352613449097,7881
136.14708924293518,7880
136.25015497207642,7879
136.29192805290222,7878
136.44498920440674,7877
136.58052802085876,7876
136.63200998306274,7875
136.70663499832153,7874
136.7337760925293,7873
136.84075903892517,7872
136.8671100139618,7871
136.94609713554382,7870
136.98986911773682,7869
137.07548117637634,7868
137.12184309959412,7867
137.2305510044098,7866
137.2579460144043,7865
137.3792691230774,7864
137.4311010837555,7863
137.54547309875488,7862
137.61472988128662,7861
137.70439505577087,7860
137.76201605796814,7859
137.92848300933838,7858
137.99972200393677,7857
138.08994603157043,7856
138.17647194862366,7855
138.26496505737305,7854
138.30685210227966,7853
138.37190508842468,7852
138.44695019721985,7851
138.6480622291565,7850
138.7194390296936,7849
138.81003403663635,7848
138.89978408813477,7847
138.97378516197205,7846
139.0568492412567,7845
139.1185610294342,7844
139.18774104118347,7843
139.32086300849915,7842
139.3659679889679,7841
139.4487180709839,7840
139.66537308692932,7839
139.724356174469,7838
139.81130599975586,7837
143.72901391983032,7836
143.7557830810547,7835
143.78248691558838,7834
143.80904698371887,7833
143.8355050086975,7832
143.8619601726532,7831
143.88849306106567,7830
143.94859099388123,7829
143.97513484954834,7828
144.00164604187012,7827
144.02922320365906,7826
144.05622506141663,7825
144.0830090045929,7824
144.10970497131348,7823
144.1365201473236,7822
144.16316103935242,7821
144.23221611976624,7820
144.25901198387146,7819
144.286062002182,7818
144.3128318786621,7817
144.3422040939331,7816
144.3723361492157,7815
144.40201115608215,7814
144.43183207511902,7813
144.46160197257996,7812
144.49106311798096,7811
144.52068090438843,7810
144.54814314842224,7809
144.57634925842285,7808
144.6068320274353,7807
144.63500785827637,7806
144.68398785591125,7805
144.71206283569336,7804
144.73858904838562,7803
144.76513719558716,7802
144.7914538383484,7801
144.8190929889679,7800
144.8490960597992,7799
144.876727104187,7798
144.9039900302887,7797
144.9528648853302,7796
144.99528002738953,7795
145.02448725700378,7794
145.054279088974,7793
145.08411526679993,7792
145.11171102523804,7791
145.16533613204956,7790
145.19474506378174,7789
145.2217719554901,7788
145.24884700775146,7787
145.29922819137573,7786
145.3709840774536,7785
145.399640083313,7784
145.42631816864014,7783
145.4547860622406,7782
145.48368310928345,7781
145.51205110549927,7780
145.54061889648438,7779
145.56952691078186,7778
145.598247051239,7777
145.62772703170776,7776
145.65698719024658,7775
145.68664598464966,7774
145.71614408493042,7773
145.74660205841064,7772
145.77656316757202,7771
145.8039619922638,7770
145.83213901519775,7769
145.8612720966339,7768
145.8892321586609,7767
145.91629314422607,7766
145.94578909873962,7765
145.97459602355957,7764
146.0035560131073,7763
146.03199195861816,7762
146.06094002723694,7761
147.90752601623535,7760
147.9340341091156,7759
147.96062994003296,7758
147.98694801330566,7757
148.0365071296692,7756
148.06293201446533,7755
148.08953428268433,7754
148.13907408714294,7753
148.16558718681335,7752
148.19215893745422,7751
148.2188470363617,7750
148.24534010887146,7749
148.27184200286865,7748
148.29844188690186,7747
148.32505798339844,7746
148.35159397125244,7745
148.37786412239075,7744
148.4045271873474,7743
148.43126797676086,7742
148.45779609680176,7741
148.48445200920105,7740
148.51104712486267,7739
148.53773307800293,7738
148.57594203948975,7737
148.62379693984985,7736
148.65036416053772,7735
148.67688393592834,7734
148.7035710811615,7733
149.03856110572815,7732
149.1201901435852,7731
149.1858310699463,7730
149.22716522216797,7729
149.29608392715454,7728
149.3365502357483,7727
149.377760887146,7726
149.44527888298035,7725
149.49264407157898,7724
149.58015704154968,7723
149.65630888938904,7722
149.76042008399963,7721
149.87614607810974,7720
149.96634221076965,7719
150.05966901779175,7718
150.10595083236694,7717
150.17516899108887,7716
151.0587019920349,7715
152.28976821899414,7714
152.38104701042175,7713
152.51667022705078,7712
152.58111906051636,7711
152.6717381477356,7710
152.72795510292053,7709
152.8419530391693,7708
152.90595698356628,7707
152.95177006721497,7706
153.04886507987976,7705
153.11184000968933,7704
153.15567803382874,7703
153.2426791191101,7702
153.28661608695984,7701
153.33189702033997,7700
153.42058897018433,7699
153.65361714363098,7698
153.7603189945221,7697
153.80647206306458,7696
153.85766506195068,7695
153.90908312797546,7694
155.92526507377625,7693
156.39553713798523,7692
156.4219491481781,7691
156.4483060836792,7690
156.47464203834534,7689
157.2638020515442,7688
157.3729121685028,7687
157.46307611465454,7686
157.53961896896362,7685
157.62225914001465,7684
157.73323106765747,7683
157.8016800880432,7682
157.8794870376587,7681
157.97109293937683,7680
158.03181195259094,7679
158.12150692939758,7678
158.29650616645813,7677
158.37370896339417,7676
158.44153213500977,7675
158.50391817092896,7674
158.6543788909912,7673
158.78685212135315,7672
158.8600401878357,7671
158.95743894577026,7670
159.03412508964539,7669
159.13837218284607,7668
159.21246886253357,7667
159.29176497459412,7666
159.37949514389038,7665
159.48297691345215,7664
159.55600309371948,7663
159.61482214927673,7662
159.7817530632019,7661
159.89985823631287,7660
159.97960114479065,7659
160.11968994140625,7658
160.3917942047119,7657
160.59256601333618,7656
160.68638801574707,7655
160.76405596733093,7654
160.81458616256714,7653
160.90571689605713,7652
160.98715901374817,7651
161.07841205596924,7650
161.13414812088013,7649
161.20630288124084,7648
161.2797291278839,7647
161.40568494796753,7646
161.48835515975952,7645
161.58649015426636,7644
161.65436792373657,7643
161.8615550994873,7642
161.9388611316681,7641
162.0465190410614,7640
162.0734760761261,7639
162.15121507644653,7638
162.2332260608673,7637
162.4437530040741,7636
162.51315188407898,7635
162.6589789390564,7634
162.7325301170349,7633
162.77233505249023,7632
162.85471105575562,7631
163.1800639629364,7630
163.2733759880066,7629
163.36723399162292,7628
163.56756806373596,7627
163.65076303482056,7626
163.7149031162262,7625
163.75611305236816,7624
163.82897090911865,7623
163.90450406074524,7622
163.94425320625305,7621
164.04922318458557,7620
164.13172912597656,7619
164.2139151096344,7618
164.25316190719604,7617
164.3085000514984,7616
164.33536314964294,7615
164.39855098724365,7614
164.46038913726807,7613
164.53712511062622,7612
164.61233496665955,7611
164.67219185829163,7610
164.75002098083496,7609
164.82980298995972,7608
164.90263295173645,7607
164.9619071483612,7606
165.07778096199036,7605
165.20189785957336,7604
165.31940293312073,7603
165.55788207054138,7602
165.65927696228027,7601
165.71743607521057,7600
165.84050703048706,7599
166.04759287834167,7598
166.16738605499268,7597
166.23509120941162,7596
166.27550625801086,7595
166.36753606796265,7594
166.4422950744629,7593
166.65537095069885,7592
166.76748418807983,7591
166.84915399551392,7590
166.8904790878296,7589
166.97243118286133,7588
167.0441210269928,7587
167.11780405044556,7586
167.39733505249023,7585
167.46383714675903,7584
167.5496780872345,7583
167.74938488006592,7582
167.8124542236328,7581
167.92851090431213,7580
167.98446416854858,7579
168.0426001548767,7578
168.09189200401306,7577
168.30182600021362,7576
168.39924716949463,7575
168.45316004753113,7574
168.7114930152893,7573
168.81282091140747,7572
168.88202500343323,7571
168.9222390651703,7570
169.08310198783875,7569
169.14304208755493,7568
169.2171061038971,7567
169.5134608745575,7566
169.5941469669342,7565
169.64499807357788,7564
169.80490899085999,7563
169.8824691772461,7562
170.00752091407776,7561
170.11317610740662,7560
170.19303917884827,7559
170.37222290039062,7558
170.54893684387207,7557
170.66087293624878,7556
170.723895072937,7555
170.94260025024414,7554
170.99631094932556,7553
171.06837105751038,7552
171.15125393867493,7551
171.26767802238464,7550
171.34053707122803,7549
171.52330708503723,7548
171.5748610496521,7547
171.65549612045288,7546
171.74923706054688,7545
171.81217408180237,7544
172.01828408241272,7543
172.17607283592224,7542
172.32949495315552,7541
172.39875411987305,7540
172.5355818271637,7539
172.68688106536865,7538
172.8093318939209,7537
172.95068907737732,7536
173.02902126312256,7535
173.1687080860138,7534
173.41674208641052,7533
173.47162008285522,7532
173.71691703796387,7531
173.81751608848572,7530
173.91525292396545,7529
173.9685480594635,7528
174.01098203659058,7527
174.43789505958557,7526
174.61495113372803,7525
174.6559340953827,7524
174.71949410438538,7523
174.79465103149414,7522
174.8878870010376,7521
175.04670405387878,7520
175.17002701759338,7519
175.21367597579956,7518
175.30208110809326,7517
175.51033997535706,7516
175.59772515296936,7515
175.82802414894104,7514
175.91659998893738,7513
175.98370814323425,7512
176.0738170146942,7511
176.26183605194092,7510
176.30818104743958,7509
176.37179899215698,7508
176.5215139389038,7507
176.6811408996582,7506
176.74041414260864,7505
176.82638311386108,7504
176.96433210372925,7503
177.05014395713806,7502
177.15036702156067,7501
177.2636148929596,7500
177.3471930027008,7499
177.42997193336487,7498
177.50805115699768,7497
177.58060216903687,7496
177.6400601863861,7495
177.79542708396912,7494
177.8550488948822,7493
177.91958713531494,7492
178.03078293800354,7491
178.18121004104614,7490
178.2225580215454,7489
178.28857326507568,7488
178.4093279838562,7487
178.61567521095276,7486
178.69027709960938,7485
178.7720308303833,7484
178.91471314430237,7483
178.9902651309967,7482
179.07146906852722,7481
179.1179871559143,7480
179.18325304985046,7479
179.27053785324097,7478
179.39781188964844,7477
179.4421832561493,7476
179.5232801437378,7475
179.69340991973877,7474
179.76529908180237,7473
179.79212999343872,7472
179.92188906669617,7471
180.04933285713196,7470
180.239501953125,7469
180.38555526733398,7468
180.45007991790771,7467
180.58543610572815,7466
180.65102100372314,7465
180.7562129497528,7464
181.0003480911255,7463
181.09839296340942,7462
181.18094897270203,7461
181.25312209129333,7460
181.31711602210999,7459
181.37627696990967,7458
181.5471122264862,7457
181.61953926086426,7456
181.66759705543518,7455
181.7389349937439,7454
181.87993216514587,7453
181.94329810142517,7452
182.0062379837036,7451
182.13169813156128,7450
182.19258499145508,7449
182.31762409210205,7448
182.4460210800171,7447
182.66641402244568,7446
182.7791941165924,7445
182.86419916152954,7444
182.96383810043335,7443
183.0161681175232,7442
183.07285284996033,7441
183.1510031223297,7440
183.25167417526245,7439
183.32118391990662,7438
183.43691897392273,7437
183.49312806129456,7436
183.56164598464966,7435
183.6460621356964,7434
183.7453989982605,7433
183.81916117668152,7432
183.90430903434753,7431
183.96048498153687,7430
184.10129809379578,7429
184.1852478981018,7428
184.26438808441162,7427
184.32709908485413,7426
184.3688199520111,7425
184.4730999469757,7424
184.49943494796753,7423
184.57321691513062,7422
184.65085887908936,7421
184.74758005142212,7420
184.80509209632874,7419
184.9231779575348,7418
185.05827498435974,7417
185.1677942276001,7416
185.2275960445404,7415
185.31466698646545,7414
185.5383632183075,7413
185.61639022827148,7412
185.69646787643433,7411
185.7960729598999,7410
185.87110304832458,7409
185.9259078502655,7408
186.02515506744385,7407
186.10279607772827,7406
186.16996502876282,7405
186.24943709373474,7404
186.32493901252747,7403
186.40705609321594,7402
186.60264587402344,7401
186.69522714614868,7400
186.79455828666687,7399
186.861732006073,7398
187.08120608329773,7397
187.12128806114197,7396
187.17650294303894,7395
187.24847197532654,7394
187.3986840248108,7393
187.65228509902954,7392
187.7260091304779,7391
187.78269505500793,7390
187.8361361026764,7389
187.89925694465637,7388
188.03850102424622,7387
188.1748342514038,7386
188.2307050228119,7385
188.2708032131195,7384
188.45604395866394,7383
188.5787811279297,7382
188.71184611320496,7381
188.75117111206055,7380
188.82183504104614,7379
188.89175605773926,7378
188.95275211334229,7377
189.03799510002136,7376
189.1408920288086,7375
189.2171561717987,7374
189.56550812721252,7373
189.69487714767456,7372
189.7604260444641,7371
189.89101791381836,7370
189.99904894828796,7369
190.30494093894958,7368
190.55769419670105,7367
190.65639114379883,7366
190.7277910709381,7365
190.79362106323242,7364
190.8851170539856,7363
191.04720401763916,7362
191.19405508041382,7361
191.27279710769653,7360
191.33552503585815,7359
191.46865820884705,7358
191.53524804115295,7357
191.67553400993347,7356
191.96361207962036,7355
192.05332398414612,7354
192.18775296211243,7353
192.27846121788025,7352
192.3585340976715,7351
192.4334361553192,7350
192.5327479839325,7349
192.6860909461975,7348
192.74060010910034,7347
192.82192301750183,7346
192.90198302268982,7345
193.02499508857727,7344
193.12078404426575,7343
193.1899712085724,7342
193.26430416107178,7341
193.3607940673828,7340
193.43965196609497,7339
193.64301681518555,7338
193.74646711349487,7337
194.03229212760925,7336
194.18695712089539,7335
194.32588911056519,7334
194.45342302322388,7333
194.62377905845642,7332
194.7476670742035,7331
194.91258692741394,7330
195.05319595336914,7329
195.12296605110168,7328
195.2948122024536,7327
195.37343001365662,7326
195.4477858543396,7325
195.52811789512634,7324
195.77085304260254,7323
195.83349299430847,7322
195.8973569869995,7321
195.9646680355072,7320
196.1022961139679,7319
196.19351291656494,7318
196.25876188278198,7317
196.33889508247375,7316
196.36597204208374,7315
196.42612719535828,7314
196.4824140071869,7313
196.59480595588684,7312
196.70844411849976,7311
196.73585295677185,7310
196.7922990322113,7309
196.85812187194824,7308
196.96817708015442,7307
197.07512021064758,7306
197.10207724571228,7305
197.17354607582092,7304
197.26906323432922,7303
197.39281702041626,7302
197.50131511688232,7301
197.57472705841064,7300
197.78156113624573,7299
197.8881709575653,7298
197.94745898246765,7297
198.19239115715027,7296
198.3258581161499,7295
198.3947250843048,7294
198.48186111450195,7293
198.654305934906,7292
198.76059198379517,7291
198.83533215522766,7290
198.9084770679474,7289
199.02907586097717,7288
199.08479619026184,7287
199.146409034729,7286
199.17331409454346,7285
199.2460401058197,7284
199.31959009170532,7283
199.41124200820923,7282
199.48485612869263,7281
199.55895709991455,7280
199.58632397651672,7279
199.6255919933319,7278
199.68201112747192,7277
199.78174901008606,7276
199.86144995689392,7275
199.98041486740112,7274
200.05335211753845,7273
200.25725507736206,7272
200.37928318977356,7271
200.4526150226593,7270
200.4799599647522,7269
200.50715804100037,7268
200.55784702301025,7267
200.58518290519714,7266
200.68924117088318,7265
200.71677994728088,7264
200.7440140247345,7263
200.7710828781128,7262
200.7982370853424,7261
200.8254110813141,7260
200.85375094413757,7259
200.89802408218384,7258
200.92530703544617,7257
200.95231986045837,7256
200.9933099746704,7255
201.02070903778076,7254
201.04807019233704,7253
201.09081506729126,7252
201.11811089515686,7251
201.14502906799316,7250
201.17202806472778,7249
201.19895005226135,7248
201.2454628944397,7247
201.27231001853943,7246
201.29945588111877,7245
201.3504650592804,7244
201.37767124176025,7243
201.40472602844238,7242
201.4318141937256,7241
201.45885515213013,7240
201.49852108955383,7239
201.52579712867737,7238
201.55317187309265,7237
201.58017921447754,7236
201.6074001789093,7235
201.68265104293823,7234
201.7095239162445,7233
201.73656606674194,7232
201.78693914413452,7231
201.81402325630188,7230
201.84130811691284,7229
201.86836504936218,7228
201.89535522460938,7227
201.92239904403687,7226
201.9496409893036,7225
201.97702598571777,7224
202.0042531490326,7223
202.09346199035645,7222
202.12071299552917,7221
202.14808797836304,7220
202.19014024734497,7219
202.21704697608948,7218
202.24349093437195,7217
202.26985120773315,7216
202.2961299419403,7215
202.32233905792236,7214
202.34868502616882,7213
202.37485909461975,7212
202.40118598937988,7211
202.42726016044617,7210
202.45339703559875,7209
202.49847793579102,7208
202.52496004104614,7207
202.55150604248047,7206
202.57803106307983,7205
202.61844205856323,7204
202.64490699768066,7203
202.67126488685608,7202
202.69767713546753,7201
202.72394704818726,7200
202.75024819374084,7199
204.5854630470276,7198
204.6118130683899,7197
204.63944005966187,7196
204.66628098487854,7195
204.70667099952698,7194
204.7330400943756,7193
204.7594931125641,7192
204.80114722251892,7191
204.82756805419922,7190
204.8540358543396,7189
204.88046717643738,7188
204.9066960811615,7187
204.93290996551514,7186
204.97620701789856,7185
205.0024130344391,7184
205.02860403060913,7183
205.0549759864807,7182
205.08110308647156,7181
205.10760402679443,7180
205.13408207893372,7179
205.16046905517578,7178
205.18670296669006,7177
205.21323418617249,7176
205.95046019554138,7175
210.92838406562805,7174
210.9552309513092,7173
210.98260593414307,7172
211.00966119766235,7171
211.03698205947876,7170
211.3324999809265,7169
215.9812409877777,7168
227.72314596176147,7167
227.76341128349304,7166
227.8323040008545,7165
227.92089915275574,7164
227.96213817596436,7163
228.01480388641357,7162
228.0662169456482,7161
228.12218809127808,7160
228.14960503578186,7159
228.1766381263733,7158
228.2036259174347,7157
228.23109197616577,7156
228.25809907913208,7155
228.30115699768066,7154
228.32812690734863,7153
228.35529208183289,7152
228.38251113891602,7151
228.40934109687805,7150
228.45239901542664,7149
228.57197403907776,7148
228.61611104011536,7147
228.64308714866638,7146
228.67023515701294,7145
228.6974070072174,7144
228.73865389823914,7143
228.76599216461182,7142
228.8070719242096,7141
228.91179203987122,7140
228.9389591217041,7139
228.98327898979187,7138
