0.02616286277770996,10912
0.05279898643493652,10911
0.0792088508605957,10910
0.10562467575073242,10909
0.1319255828857422,10908
0.15818071365356445,10907
0.1844468116760254,10906
0.21080493927001953,10905
0.23708677291870117,10904
0.26349472999572754,10903
0.2899768352508545,10902
0.31635093688964844,10901
0.34267377853393555,10900
0.3704087734222412,10899
0.40096282958984375,10898
0.42845964431762695,10897
0.4555237293243408,10896
0.48297667503356934,10895
0.5103857517242432,10894
0.5366997718811035,10893
0.5629477500915527,10892
0.5892176628112793,10891
0.6155028343200684,10890
0.6418666839599609,10889
0.668267011642456,10888
0.6954739093780518,10887
0.7232928276062012,10886
0.7507977485656738,10885
0.7780799865722656,10884
0.80511474609375,10883
0.8326447010040283,10882
0.8597257137298584,10881
0.8866188526153564,10880
0.9139258861541748,10879
0.9415538311004639,10878
0.9700229167938232,10877
0.9980757236480713,10876
1.0253839492797852,10875
1.0527029037475586,10874
1.080751657485962,10873
1.1082255840301514,10872
1.1358168125152588,10871
1.163254737854004,10870
1.1902306079864502,10869
1.2175817489624023,10868
1.2446026802062988,10867
1.2722837924957275,10866
1.3000247478485107,10865
1.3273248672485352,10864
1.354623794555664,10863
1.3820736408233643,10862
1.4090676307678223,10861
1.4363868236541748,10860
1.463622808456421,10859
1.5110507011413574,10858
1.5383906364440918,10857
1.5662846565246582,10856
1.594627857208252,10855
1.6214866638183594,10854
1.6478626728057861,10853
1.6739587783813477,10852
1.7002997398376465,10851
1.7264928817749023,10850
1.752640724182129,10849
1.7789666652679443,10848
1.8051857948303223,10847
1.8316497802734375,10846
1.8580636978149414,10845
1.8844387531280518,10844
1.9104177951812744,10843
1.9366488456726074,10842
1.9629716873168945,10841
1.9892947673797607,10840
2.0156238079071045,10839
2.0419228076934814,10838
2.0680346488952637,10837
2.094308853149414,10836
2.120562791824341,10835
2.146927833557129,10834
2.1730916500091553,10833
2.1992998123168945,10832
2.2256827354431152,10831
2.2521159648895264,10830
2.2784507274627686,10829
2.304823637008667,10828
2.330974817276001,10827
2.3572657108306885,10826
2.3835608959198,10825
2.409907817840576,10824
2.436386823654175,10823
2.4626429080963135,10822
2.488865613937378,10821
2.5150866508483887,10820
2.5411007404327393,10819
2.5674777030944824,10818
2.594003915786743,10817
2.62064790725708,10816
2.6597957611083984,10815
2.686126708984375,10814
2.712352752685547,10813
2.738694906234741,10812
2.765080690383911,10811
2.7912168502807617,10810
2.8176016807556152,10809
2.8440098762512207,10808
2.8705437183380127,10807
2.897016763687134,10806
2.9234378337860107,10805
2.951235771179199,10804
2.979498863220215,10803
3.006699562072754,10802
3.033796787261963,10801
3.0610296726226807,10800
3.0886290073394775,10799
3.1278016567230225,10798
3.1547327041625977,10797
3.1820008754730225,10796
3.2091546058654785,10795
3.23630690574646,10794
3.263275623321533,10793
3.2905638217926025,10792
3.3177998065948486,10791
3.344777822494507,10790
3.3717877864837646,10789
3.398988723754883,10788
3.4261398315429688,10787
3.453566789627075,10786
3.4806368350982666,10785
3.5076117515563965,10784
3.535644769668579,10783
3.562262773513794,10782
3.5885677337646484,10781
3.614961862564087,10780
3.6411497592926025,10779
3.6675407886505127,10778
3.6940019130706787,10777
3.7203598022460938,10776
3.746638774871826,10775
3.7727487087249756,10774
3.799318790435791,10773
3.8264827728271484,10772
3.852904796600342,10771
3.8792407512664795,10770
3.9055488109588623,10769
3.9318878650665283,10768
3.959958791732788,10767
3.9875845909118652,10766
4.014632940292358,10765
4.041435718536377,10764
4.082758903503418,10763
4.109802961349487,10762
4.137107849121094,10761
4.1645896434783936,10760
4.191651821136475,10759
4.2189037799835205,10758
4.246492862701416,10757
4.273766756057739,10756
4.300992012023926,10755
4.328107595443726,10754
4.355036735534668,10753
4.3824217319488525,10752
4.409267902374268,10751
4.436181545257568,10750
4.463672637939453,10749
4.490800857543945,10748
4.518222808837891,10747
4.545633792877197,10746
4.573044776916504,10745
4.60068678855896,10744
4.627818822860718,10743
4.654653787612915,10742
4.681931734085083,10741
4.708842992782593,10740
4.735702753067017,10739
4.762545824050903,10738
4.789729595184326,10737
4.817184686660767,10736
4.844561815261841,10735
4.871683835983276,10734
4.8987908363342285,10733
4.949790954589844,10732
4.976961612701416,10731
5.0038557052612305,10730
5.030879974365234,10729
5.057740688323975,10728
5.0850019454956055,10727
5.112241744995117,10726
5.139502763748169,10725
5.166770935058594,10724
5.194080591201782,10723
5.220614910125732,10722
5.2471208572387695,10721
5.273335695266724,10720
5.299712657928467,10719
5.325946807861328,10718
5.352158784866333,10717
5.378516912460327,10716
5.4047019481658936,10715
5.430987596511841,10714
5.45757269859314,10713
5.4839396476745605,10712
5.510279893875122,10711
5.5370588302612305,10710
5.564109802246094,10709
5.590500831604004,10708
5.616845607757568,10707
5.642958641052246,10706
5.66934871673584,10705
5.695738792419434,10704
5.7217957973480225,10703
5.748335838317871,10702
5.774725675582886,10701
5.801090717315674,10700
5.8275299072265625,10699
5.85418701171875,10698
5.880630731582642,10697
5.9067158699035645,10696
5.933125734329224,10695
5.959364652633667,10694
5.985538721084595,10693
6.011619806289673,10692
6.037564754486084,10691
6.063936710357666,10690
6.090499639511108,10689
6.117024660110474,10688
6.143336772918701,10687
6.169936895370483,10686
6.196234703063965,10685
6.222482919692993,10684
6.248802661895752,10683
6.274976015090942,10682
6.301297903060913,10681
6.327505826950073,10680
6.35359263420105,10679
6.380056619644165,10678
6.406434774398804,10677
6.432839870452881,10676
6.459219932556152,10675
6.485470771789551,10674
6.511911869049072,10673
6.538186550140381,10672
6.564385652542114,10671
6.590764760971069,10670
6.617220878601074,10669
6.643504858016968,10668
6.669802904129028,10667
6.69619083404541,10666
6.722638845443726,10665
6.749039888381958,10664
6.775292873382568,10663
6.801761627197266,10662
6.828158855438232,10661
6.854472875595093,10660
6.880706787109375,10659
6.906817674636841,10658
6.933265924453735,10657
6.959307670593262,10656
6.985448837280273,10655
7.011897802352905,10654
7.038306713104248,10653
7.06478476524353,10652
7.09117579460144,10651
7.117641925811768,10650
7.143885612487793,10649
7.169947862625122,10648
7.196480751037598,10647
7.224331617355347,10646
7.251868724822998,10645
7.279061555862427,10644
7.305901765823364,10643
7.333022832870483,10642
7.360112905502319,10641
7.387164831161499,10640
7.414377927780151,10639
7.441642999649048,10638
7.468767881393433,10637
7.495907783508301,10636
7.522997617721558,10635
7.55007791519165,10634
7.60706090927124,10633
7.634603023529053,10632
7.661794662475586,10631
7.6892077922821045,10630
7.716638803482056,10629
7.744033575057983,10628
7.7713799476623535,10627
7.798706769943237,10626
7.826650857925415,10625
7.85407280921936,10624
7.881171941757202,10623
7.908386707305908,10622
7.9356958866119385,10621
7.962867975234985,10620
7.9897449016571045,10619
8.017029762268066,10618
8.044627904891968,10617
8.072625875473022,10616
8.121088743209839,10615
8.148526668548584,10614
8.175877809524536,10613
8.203161716461182,10612
8.230439901351929,10611
8.257413864135742,10610
8.28463077545166,10609
8.311680555343628,10608
8.339042663574219,10607
8.366598844528198,10606
8.393904685974121,10605
8.421124696731567,10604
8.44862961769104,10603
8.475721836090088,10602
8.502910852432251,10601
8.530787706375122,10600
8.560313701629639,10599
8.589032888412476,10598
8.617737770080566,10597
8.64633584022522,10596
8.674657583236694,10595
8.703581809997559,10594
8.732333660125732,10593
8.75948166847229,10592
8.786869764328003,10591
8.81427264213562,10590
8.841570615768433,10589
8.868979930877686,10588
8.89627981185913,10587
8.924038887023926,10586
8.951075792312622,10585
8.990994930267334,10584
9.01852798461914,10583
9.04565978050232,10582
9.073055982589722,10581
9.10069465637207,10580
9.128177881240845,10579
9.155304908752441,10578
9.182379007339478,10577
9.209144830703735,10576
9.236101865768433,10575
9.263085842132568,10574
9.291334867477417,10573
9.31858777999878,10572
9.345858812332153,10571
9.373044967651367,10570
9.400317907333374,10569
9.427543640136719,10568
9.454543828964233,10567
9.481781721115112,10566
9.508642673492432,10565
9.53604769706726,10564
9.563527822494507,10563
9.590824842453003,10562
9.618079900741577,10561
9.645608901977539,10560
9.672865629196167,10559
9.700228691101074,10558
9.727469682693481,10557
9.754827737808228,10556
9.782280921936035,10555
9.809522867202759,10554
9.836891889572144,10553
9.864121675491333,10552
9.891113996505737,10551
9.918574810028076,10550
9.94673466682434,10549
9.97379469871521,10548
10.000999927520752,10547
10.028040885925293,10546
10.055171728134155,10545
10.08299970626831,10544
10.110378980636597,10543
10.137581825256348,10542
10.164854764938354,10541
10.191988945007324,10540
10.219746828079224,10539
10.247171640396118,10538
10.274221658706665,10537
10.301495790481567,10536
10.328961610794067,10535
10.356292724609375,10534
10.383874654769897,10533
10.411162853240967,10532
10.438462972640991,10531
10.465983867645264,10530
10.493131637573242,10529
10.5203378200531,10528
10.547924995422363,10527
10.57505178451538,10526
10.602713823318481,10525
10.630560636520386,10524
10.659218788146973,10523
10.686754703521729,10522
10.714194774627686,10521
10.741240739822388,10520
10.768613815307617,10519
10.795929670333862,10518
10.823600769042969,10517
10.851016759872437,10516
10.878168821334839,10515
10.905310869216919,10514
10.932661771774292,10513
10.95963168144226,10512
10.986671686172485,10511
11.013285875320435,10510
11.039589881896973,10509
11.06584882736206,10508
11.09233570098877,10507
11.11890172958374,10506
11.145536661148071,10505
11.171782732009888,10504
11.198163986206055,10503
11.224435806274414,10502
11.250637769699097,10501
11.278483867645264,10500
11.306643962860107,10499
11.333970785140991,10498
11.361255884170532,10497
11.388988733291626,10496
11.415817975997925,10495
11.442126750946045,10494
11.468445777893066,10493
11.494703769683838,10492
11.521048784255981,10491
11.547196865081787,10490
11.573343992233276,10489
11.599930763244629,10488
11.62635064125061,10487
11.652714967727661,10486
11.67900276184082,10485
11.70540475845337,10484
11.732104778289795,10483
11.758514881134033,10482
11.78496789932251,10481
11.811359882354736,10480
11.83773684501648,10479
11.864040851593018,10478
11.890103816986084,10477
11.916461706161499,10476
11.942853689193726,10475
11.971879720687866,10474
11.999938726425171,10473
12.027845859527588,10472
12.055375814437866,10471
12.083372592926025,10470
12.110784769058228,10469
12.137992858886719,10468
12.165162801742554,10467
12.192203760147095,10466
12.21935486793518,10465
12.246641874313354,10464
12.273826599121094,10463
12.326942920684814,10462
12.35368275642395,10461
12.380110740661621,10460
12.406487703323364,10459
12.432811737060547,10458
12.460563898086548,10457
12.488528728485107,10456
12.515889883041382,10455
12.568768739700317,10454
12.596297979354858,10453
12.623527765274048,10452
12.651090860366821,10451
12.678518772125244,10450
12.70562481880188,10449
12.733022928237915,10448
12.760150671005249,10447
12.78736686706543,10446
12.814782857894897,10445
12.842066764831543,10444
12.869102716445923,10443
12.89657974243164,10442
12.923618793487549,10441
12.950930833816528,10440
13.004352569580078,10439
13.031545639038086,10438
13.058538913726807,10437
13.086168766021729,10436
13.113502979278564,10435
13.140661001205444,10434
13.167784929275513,10433
13.194899797439575,10432
13.222187757492065,10431
13.24965786933899,10430
13.276936769485474,10429
13.304099798202515,10428
13.331877708435059,10427
13.358536958694458,10426
13.38475775718689,10425
13.411136627197266,10424
13.437381744384766,10423
13.465228796005249,10422
13.493140935897827,10421
13.520132780075073,10420
13.547647953033447,10419
13.57503890991211,10418
13.602759838104248,10417
13.629457712173462,10416
13.655959606170654,10415
13.682360649108887,10414
13.708593845367432,10413
13.734983921051025,10412
13.761278867721558,10411
13.787503719329834,10410
13.814761877059937,10409
13.841216564178467,10408
13.867724657058716,10407
13.894286632537842,10406
13.920548677444458,10405
13.946863889694214,10404
13.990991830825806,10403
14.017159938812256,10402
14.043381690979004,10401
14.069567918777466,10400
14.095860958099365,10399
14.122080564498901,10398
14.148302793502808,10397
14.174622774124146,10396
14.201029777526855,10395
14.227362632751465,10394
14.254137754440308,10393
14.28057861328125,10392
14.306835889816284,10391
14.333207607269287,10390
14.359681606292725,10389
14.385915756225586,10388
14.41228175163269,10387
14.438464641571045,10386
14.464798927307129,10385
14.491246700286865,10384
14.517897844314575,10383
14.544572830200195,10382
14.57114577293396,10381
14.597925901412964,10380
14.624577760696411,10379
14.651052713394165,10378
14.677531719207764,10377
14.703827857971191,10376
14.730007648468018,10375
14.756266832351685,10374
14.7825767993927,10373
14.808989763259888,10372
14.835745573043823,10371
14.862351655960083,10370
14.888871908187866,10369
14.915148735046387,10368
14.941465854644775,10367
14.967867851257324,10366
14.994337797164917,10365
15.020703792572021,10364
15.046945810317993,10363
15.073142766952515,10362
15.099499702453613,10361
15.12596869468689,10360
15.15247893333435,10359
15.178906679153442,10358
15.205432653427124,10357
15.231793880462646,10356
15.258290767669678,10355
15.28463363647461,10354
15.310940742492676,10353
15.337196588516235,10352
15.363603830337524,10351
15.389843940734863,10350
15.416107654571533,10349
15.442474842071533,10348
15.47125768661499,10347
15.499383687973022,10346
15.526829719543457,10345
15.553960800170898,10344
15.581955671310425,10343
15.609320878982544,10342
15.636761665344238,10341
15.664111852645874,10340
15.691426753997803,10339
15.718769788742065,10338
15.745922803878784,10337
15.773213863372803,10336
15.800673723220825,10335
15.828338861465454,10334
15.855332851409912,10333
15.881699800491333,10332
15.907968759536743,10331
15.934208631515503,10330
15.961623668670654,10329
15.989345788955688,10328
16.016563892364502,10327
16.043745756149292,10326
16.07069492340088,10325
16.097391843795776,10324
16.123838901519775,10323
16.15084171295166,10322
16.17727780342102,10321
16.203656911849976,10320
16.22997784614563,10319
16.256362915039062,10318
16.282763719558716,10317
16.308929681777954,10316
16.335166931152344,10315
16.361520767211914,10314
16.387643814086914,10313
16.414150714874268,10312
16.44057583808899,10311
16.46938967704773,10310
16.49682378768921,10309
16.5236337184906,10308
16.549983978271484,10307
16.576396703720093,10306
16.60283589363098,10305
16.629141569137573,10304
16.65533471107483,10303
16.681710720062256,10302
16.70782160758972,10301
16.734278917312622,10300
16.760488748550415,10299
16.78687882423401,10298
16.81324076652527,10297
16.839892864227295,10296
16.866166591644287,10295
16.8923556804657,10294
16.918474674224854,10293
16.945204973220825,10292
16.972877740859985,10291
17.000597715377808,10290
17.027544736862183,10289
17.054677724838257,10288
17.082440853118896,10287
17.109574794769287,10286
17.136919736862183,10285
17.164186716079712,10284
17.191895723342896,10283
17.219520568847656,10282
17.24683690071106,10281
17.2741219997406,10280
17.30250382423401,10279
17.329709768295288,10278
17.356669902801514,10277
17.383906602859497,10276
17.411192655563354,10275
17.43857479095459,10274
17.46627378463745,10273
17.493355751037598,10272
17.520708799362183,10271
17.547998905181885,10270
17.575340747833252,10269
17.623130798339844,10268
17.6503427028656,10267
17.677262783050537,10266
17.70450782775879,10265
17.73185157775879,10264
17.75935983657837,10263
17.786749839782715,10262
17.814188718795776,10261
17.841502904891968,10260
17.868793725967407,10259
17.896103858947754,10258
17.9231538772583,10257
17.95164680480957,10256
17.97883677482605,10255
18.00553584098816,10254
18.03199791908264,10253
18.05836582183838,10252
18.084773778915405,10251
18.111234664916992,10250
18.137555837631226,10249
18.163992643356323,10248
18.19054388999939,10247
18.216856718063354,10246
18.243136644363403,10245
18.269187688827515,10244
18.295458793640137,10243
18.32162380218506,10242
18.347903966903687,10241
18.37426257133484,10240
18.400718688964844,10239
18.426981687545776,10238
18.45343279838562,10237
18.479671716690063,10236
18.505977869033813,10235
18.53229784965515,10234
18.55854368209839,10233
18.585245847702026,10232
18.61166787147522,10231
18.63766384124756,10230
18.664175748825073,10229
18.690475702285767,10228
18.716901779174805,10227
18.743263959884644,10226
18.769468784332275,10225
18.795784950256348,10224
18.8223717212677,10223
18.848813772201538,10222
18.875098705291748,10221
18.901846647262573,10220
18.928128004074097,10219
18.954144716262817,10218
18.98041868209839,10217
19.006791830062866,10216
19.033074855804443,10215
19.059289693832397,10214
19.085684776306152,10213
19.112128734588623,10212
19.13832664489746,10211
19.164693593978882,10210
19.190903663635254,10209
19.217160940170288,10208
19.243465900421143,10207
19.26965355873108,10206
19.296000719070435,10205
19.322433710098267,10204
19.348766803741455,10203
19.37520480155945,10202
19.401505708694458,10201
19.42773675918579,10200
19.45408058166504,10199
19.480554819107056,10198
19.50693678855896,10197
19.533309936523438,10196
19.559473752975464,10195
19.585731744766235,10194
19.612196683883667,10193
19.63857102394104,10192
19.66493582725525,10191
19.69139575958252,10190
19.717622756958008,10189
19.744096755981445,10188
19.7703857421875,10187
19.796658754348755,10186
19.82293677330017,10185
19.849289894104004,10184
19.875589847564697,10183
19.90161895751953,10182
19.927897691726685,10181
19.95418381690979,10180
19.980538845062256,10179
20.00671887397766,10178
20.032885551452637,10177
20.059156894683838,10176
20.085590600967407,10175
20.112063884735107,10174
20.138351678848267,10173
20.16468572616577,10172
20.190942764282227,10171
20.217135667800903,10170
20.24346375465393,10169
20.26991367340088,10168
20.29635190963745,10167
20.32278084754944,10166
20.349145650863647,10165
20.375487804412842,10164
20.401830911636353,10163
20.428210735321045,10162
20.454436779022217,10161
20.480737686157227,10160
20.52889585494995,10159
20.555384635925293,10158
20.582544803619385,10157
20.60924482345581,10156
20.635682821273804,10155
20.66196870803833,10154
20.68824076652527,10153
20.71454691886902,10152
20.74073076248169,10151
20.76696491241455,10150
20.79325795173645,10149
20.820684671401978,10148
20.848951816558838,10147
20.875731945037842,10146
20.902045965194702,10145
20.928428649902344,10144
20.954814910888672,10143
20.9810848236084,10142
21.00748872756958,10141
21.034140825271606,10140
21.06059694290161,10139
21.086883783340454,10138
21.11322283744812,10137
21.139450788497925,10136
21.165831804275513,10135
21.192272901535034,10134
21.21881675720215,10133
21.245176792144775,10132
21.271668910980225,10131
21.2979998588562,10130
21.324423789978027,10129
21.35083270072937,10128
21.377222776412964,10127
21.403607606887817,10126
21.42993688583374,10125
21.457761764526367,10124
21.48543381690979,10123
21.512979984283447,10122
21.540104866027832,10121
21.567861557006836,10120
21.59568476676941,10119
21.622809648513794,10118
21.65039896965027,10117
21.677488803863525,10116
21.704683780670166,10115
21.731876850128174,10114
21.75946593284607,10113
21.7859628200531,10112
21.812193632125854,10111
21.838717937469482,10110
21.865299940109253,10109
21.891680002212524,10108
21.918208599090576,10107
21.94447374343872,10106
21.970855951309204,10105
21.99714469909668,10104
22.023460865020752,10103
22.049636840820312,10102
22.075976848602295,10101
22.102439880371094,10100
22.128716707229614,10099
22.155197858810425,10098
22.181737899780273,10097
22.20821976661682,10096
22.234651803970337,10095
22.261518716812134,10094
22.28811764717102,10093
22.314416885375977,10092
22.340678930282593,10091
22.367133855819702,10090
22.393463611602783,10089
22.41987180709839,10088
22.446979761123657,10087
22.475030660629272,10086
22.502675771713257,10085
22.530093669891357,10084
22.55719780921936,10083
22.585322856903076,10082
22.612762689590454,10081
22.64026188850403,10080
22.66773772239685,10079
22.695067882537842,10078
22.722113609313965,10077
22.749507665634155,10076
22.776768684387207,10075
22.804533004760742,10074
22.832117557525635,10073
22.85962176322937,10072
22.886863708496094,10071
22.91427779197693,10070
22.941641807556152,10069
22.96906876564026,10068
22.996476888656616,10067
23.02339768409729,10066
23.05067777633667,10065
23.078301906585693,10064
23.105695962905884,10063
23.133078575134277,10062
23.160492658615112,10061
23.18761968612671,10060
23.2150137424469,10059
23.24249291419983,10058
23.270124673843384,10057
23.29747986793518,10056
23.324542760849,10055
23.352015733718872,10054
23.379092931747437,10053
23.40627670288086,10052
23.4339337348938,10051
23.460701942443848,10050
23.4871506690979,10049
23.513677835464478,10048
23.540137767791748,10047
23.56648874282837,10046
23.59299087524414,10045
23.619435787200928,10044
23.64598560333252,10043
23.672846794128418,10042
23.699190616607666,10041
23.72550082206726,10040
23.75180172920227,10039
23.77822780609131,10038
23.80470561981201,10037
23.831279754638672,10036
23.85775589942932,10035
23.884061813354492,10034
23.91041874885559,10033
23.936721801757812,10032
23.964985847473145,10031
23.993013620376587,10030
24.01986789703369,10029
24.046260833740234,10028
24.072571754455566,10027
24.09920883178711,10026
24.12569499015808,10025
24.152150630950928,10024
24.178579807281494,10023
24.205045700073242,10022
24.23139476776123,10021
24.257765769958496,10020
24.284255981445312,10019
24.310483932495117,10018
24.33675479888916,10017
24.36299180984497,10016
24.389171838760376,10015
24.415591716766357,10014
24.442044734954834,10013
24.468432903289795,10012
24.494882822036743,10011
24.521178722381592,10010
24.547632694244385,10009
24.573952674865723,10008
24.600587606430054,10007
24.62688374519348,10006
24.653284788131714,10005
24.679495811462402,10004
24.705761671066284,10003
24.73215365409851,10002
24.758558988571167,10001
24.784966707229614,10000
24.811548709869385,9999
24.838112592697144,9998
24.864495754241943,9997
24.890734672546387,9996
24.91697096824646,9995
24.943098783493042,9994
24.971773862838745,9993
24.99916958808899,9992
25.026129722595215,9991
25.053319931030273,9990
25.081040859222412,9989
25.108970880508423,9988
25.13577389717102,9987
25.16206693649292,9986
25.188376665115356,9985
25.214767694473267,9984
25.241084814071655,9983
25.2674298286438,9982
25.2944016456604,9981
25.320881843566895,9980
25.347214698791504,9979
25.37378168106079,9978
25.400455951690674,9977
25.427026748657227,9976
25.455336809158325,9975
25.483802795410156,9974
25.511997938156128,9973
25.539998769760132,9972
25.567734718322754,9971
25.594241619110107,9970
25.620567798614502,9969
25.647987842559814,9968
25.674296617507935,9967
25.701002597808838,9966
25.727502822875977,9965
25.75392174720764,9964
25.7804057598114,9963
25.80678677558899,9962
25.833305835723877,9961
25.859880924224854,9960
25.886265754699707,9959
25.912579774856567,9958
25.93878984451294,9957
25.965275764465332,9956
25.991431951522827,9955
26.017804622650146,9954
26.044140815734863,9953
26.070674896240234,9952
26.09727382659912,9951
26.12362289428711,9950
26.149993896484375,9949
26.176400899887085,9948
26.202688694000244,9947
26.229071855545044,9946
26.25528883934021,9945
26.281619787216187,9944
26.307801723480225,9943
26.334215879440308,9942
26.360650539398193,9941
26.38718581199646,9940
26.413697719573975,9939
26.440160751342773,9938
26.468636751174927,9937
26.49625587463379,9936
26.52367377281189,9935
26.551017999649048,9934
26.578391790390015,9933
26.60568881034851,9932
26.632800579071045,9931
26.659977912902832,9930
26.687513828277588,9929
26.71489381790161,9928
26.74220061302185,9927
26.76945161819458,9926
26.796648740768433,9925
26.823635816574097,9924
26.850233793258667,9923
26.876600742340088,9922
26.902761936187744,9921
26.928979873657227,9920
26.956780672073364,9919
26.984842538833618,9918
27.012120723724365,9917
27.038939714431763,9916
27.065415859222412,9915
27.09186887741089,9914
27.118266820907593,9913
27.144625902175903,9912
27.170894861221313,9911
27.197105884552002,9910
27.223432779312134,9909
27.249746799468994,9908
27.2757089138031,9907
27.302154541015625,9906
27.32905387878418,9905
27.355642795562744,9904
27.382081747055054,9903
27.408300638198853,9902
27.434714794158936,9901
27.46109390258789,9900
27.487270832061768,9899
27.51519274711609,9898
27.542649745941162,9897
27.569934844970703,9896
27.59742283821106,9895
27.624682903289795,9894
27.652169942855835,9893
27.67934775352478,9892
27.706735849380493,9891
27.734185934066772,9890
27.761589765548706,9889
27.788763761520386,9888
27.816017866134644,9887
27.843271732330322,9886
27.87051773071289,9885
27.89794158935547,9884
27.924992561340332,9883
27.952284812927246,9882
27.979845762252808,9881
28.00688886642456,9880
28.034345865249634,9879
28.061723709106445,9878
28.089236974716187,9877
28.116734981536865,9876
28.143852710723877,9875
28.171597719192505,9874
28.198458671569824,9873
28.224846839904785,9872
28.25118064880371,9871
28.27767562866211,9870
28.304149627685547,9869
28.330724716186523,9868
28.357146739959717,9867
28.38371181488037,9866
28.410212755203247,9865
28.436616897583008,9864
28.464417695999146,9863
28.492207765579224,9862
28.51954984664917,9861
28.546846866607666,9860
28.574023723602295,9859
28.60174059867859,9858
28.629212856292725,9857
28.656369924545288,9856
28.68413281440735,9855
28.71136164665222,9854
28.73862385749817,9853
28.76595377922058,9852
28.792985677719116,9851
28.820310592651367,9850
28.848294734954834,9849
28.875220775604248,9848
28.902257919311523,9847
28.929386854171753,9846
28.95653462409973,9845
28.983985900878906,9844
29.01140785217285,9843
29.039155960083008,9842
29.066776752471924,9841
29.094234704971313,9840
29.121696710586548,9839
29.149349689483643,9838
29.176419734954834,9837
29.203563690185547,9836
29.23064875602722,9835
29.25762176513672,9834
29.285305738449097,9833
29.312663793563843,9832
29.340046644210815,9831
29.367507934570312,9830
29.394998788833618,9829
29.422369718551636,9828
29.45102286338806,9827
29.483864784240723,9826
29.51155185699463,9825
29.538952827453613,9824
29.566422700881958,9823
29.59400486946106,9822
29.621320962905884,9821
29.648772716522217,9820
29.675925731658936,9819
29.70331597328186,9818
29.730711698532104,9817
29.75839376449585,9816
29.78597354888916,9815
29.813166856765747,9814
29.840210914611816,9813
29.867722749710083,9812
29.894839763641357,9811
29.922035932540894,9810
29.949244737625122,9809
29.976430654525757,9808
30.00343084335327,9807
30.030751943588257,9806
30.057883739471436,9805
30.08584499359131,9804
30.11296582221985,9803
30.139792680740356,9802
30.16625690460205,9801
30.192567825317383,9800
30.218825817108154,9799
30.245596885681152,9798
30.2720627784729,9797
30.298597812652588,9796
30.325016736984253,9795
30.351683855056763,9794
30.37815499305725,9793
30.404579639434814,9792
30.431108713150024,9791
30.458011865615845,9790
30.485944747924805,9789
30.51344895362854,9788
30.540480613708496,9787
30.568168878555298,9786
30.595890760421753,9785
30.6234028339386,9784
30.65117573738098,9783
30.67854380607605,9782
30.705972909927368,9781
30.733234882354736,9780
30.76135277748108,9779
30.788752794265747,9778
30.816115856170654,9777
30.844453811645508,9776
30.87250256538391,9775
30.900928735733032,9774
30.92937183380127,9773
30.957546949386597,9772
30.985934734344482,9771
31.01341485977173,9770
31.04050374031067,9769
31.068192720413208,9768
31.095759868621826,9767
31.123116731643677,9766
31.150548934936523,9765
31.177903652191162,9764
31.20547080039978,9763
31.23329997062683,9762
31.26087760925293,9761
31.288198709487915,9760
31.31564974784851,9759
31.34292459487915,9758
31.370301961898804,9757
31.397631883621216,9756
31.42458176612854,9755
31.45191192626953,9754
31.479156970977783,9753
31.50619864463806,9752
31.53341269493103,9751
31.560730695724487,9750
31.588489770889282,9749
31.615928649902344,9748
31.64314079284668,9747
31.6703679561615,9746
31.697853803634644,9745
31.72481894493103,9744
31.752089738845825,9743
31.77924871444702,9742
31.80626678466797,9741
31.833545923233032,9740
31.860687732696533,9739
31.88784885406494,9738
31.915236711502075,9737
31.94224977493286,9736
31.969554901123047,9735
31.996771812438965,9734
32.023934841156006,9733
32.05123567581177,9732
32.078919887542725,9731
32.10615563392639,9730
32.13380575180054,9729
32.16081786155701,9728
32.18785381317139,9727
32.21534276008606,9726
32.242652893066406,9725
32.270060777664185,9724
32.29754066467285,9723
32.32477378845215,9722
32.352014780044556,9721
32.379411935806274,9720
32.432554960250854,9719
32.4595205783844,9718
32.48642158508301,9717
32.51529669761658,9716
32.54362487792969,9715
32.57093358039856,9714
32.59878182411194,9713
32.62600779533386,9712
32.653310775756836,9711
32.681198835372925,9710
32.708449602127075,9709
32.73579287528992,9708
32.76301693916321,9707
32.79002666473389,9706
32.8174889087677,9705
32.845030784606934,9704
32.872437715530396,9703
32.899980783462524,9702
32.92733883857727,9701
32.954739809036255,9700
32.982311725616455,9699
33.009498834609985,9698
33.03669357299805,9697
33.06428384780884,9696
33.09148693084717,9695
33.11909079551697,9694
33.146294593811035,9693
33.17319297790527,9692
33.20048379898071,9691
33.227635860443115,9690
33.25472164154053,9689
33.28225588798523,9688
33.3105149269104,9687
33.33807587623596,9686
33.365503787994385,9685
33.392852783203125,9684
33.41990780830383,9683
33.44770264625549,9682
33.47494673728943,9681
33.502280950546265,9680
33.52955389022827,9679
33.556960582733154,9678
33.58499360084534,9677
33.61240768432617,9676
33.63953471183777,9675
33.66683268547058,9674
33.6940758228302,9673
33.721253871917725,9672
33.74841594696045,9671
33.77555179595947,9670
33.80281662940979,9669
33.82985973358154,9668
33.857401847839355,9667
33.884676694869995,9666
33.91197371482849,9665
33.93926668167114,9664
33.96679973602295,9663
33.9938108921051,9662
34.020750761032104,9661
34.04845690727234,9660
34.075140714645386,9659
34.10165095329285,9658
34.12796592712402,9657
34.154207944869995,9656
34.18055176734924,9655
34.20705580711365,9654
34.234041690826416,9653
34.26076793670654,9652
34.28729581832886,9651
34.31371283531189,9650
34.34010291099548,9649
34.36654591560364,9648
34.392674684524536,9647
34.41898584365845,9646
34.446202754974365,9645
34.47388172149658,9644
34.501160860061646,9643
34.5284469127655,9642
34.55593657493591,9641
34.58371686935425,9640
34.61112976074219,9639
34.6382577419281,9638
34.66483473777771,9637
34.691208839416504,9636
34.717649936676025,9635
34.74403977394104,9634
34.770347595214844,9633
34.79672074317932,9632
34.8233847618103,9631
34.85001277923584,9630
34.87634086608887,9629
34.902769804000854,9628
34.92912268638611,9627
34.95537781715393,9626
34.98184275627136,9625
35.008155822753906,9624
35.0344078540802,9623
35.06062579154968,9622
35.08706092834473,9621
35.113454818725586,9620
35.13977599143982,9619
35.16616487503052,9618
35.19259071350098,9617
35.21890473365784,9616
35.24525165557861,9615
35.2714786529541,9614
35.29786968231201,9613
35.324034690856934,9612
35.350361824035645,9611
35.37656497955322,9610
35.40287780761719,9609
35.42912268638611,9608
35.45560383796692,9607
35.48215174674988,9606
35.508585929870605,9605
35.53509974479675,9604
35.56158375740051,9603
35.58805298805237,9602
35.61634159088135,9601
35.643964767456055,9600
35.67107892036438,9599
35.698598861694336,9598
35.72596788406372,9597
35.753103733062744,9596
35.78085780143738,9595
35.808053731918335,9594
35.83565974235535,9593
35.863030672073364,9592
35.890331745147705,9591
35.91818594932556,9590
35.946064710617065,9589
35.973339796066284,9588
36.00043487548828,9587
36.02756977081299,9586
36.0547399520874,9585
36.082557916641235,9584
36.109965801239014,9583
36.13747572898865,9582
36.16468358039856,9581
36.191988945007324,9580
36.21913766860962,9579
36.246710777282715,9578
36.27369666099548,9577
36.30124592781067,9576
36.32873582839966,9575
36.35598278045654,9574
36.38328981399536,9573
36.41020584106445,9572
36.437490940093994,9571
36.46494674682617,9570
36.49205470085144,9569
36.51948857307434,9568
36.546801805496216,9567
36.57422375679016,9566
36.60205078125,9565
36.62938976287842,9564
36.6565728187561,9563
36.683971643447876,9562
36.71118378639221,9561
36.738515853881836,9560
36.76609683036804,9559
36.79366660118103,9558
36.82088780403137,9557
36.84860372543335,9556
36.87563872337341,9555
36.90328073501587,9554
36.9304256439209,9553
36.9575936794281,9552
36.98487663269043,9551
37.01233673095703,9550
37.03958559036255,9549
37.067237854003906,9548
37.09525179862976,9547
37.12208366394043,9546
37.148645877838135,9545
37.17507576942444,9544
37.20155072212219,9543
37.22809863090515,9542
37.254621744155884,9541
37.28108787536621,9540
37.30724883079529,9539
37.333799839019775,9538
37.360169887542725,9537
37.38635873794556,9536
37.41292977333069,9535
37.439536809921265,9534
37.4676308631897,9533
37.512651681900024,9532
37.53998780250549,9531
37.567789793014526,9530
37.595149755477905,9529
37.62240481376648,9528
37.65040159225464,9527
37.677801847457886,9526
37.70488500595093,9525
37.73239278793335,9524
37.75991487503052,9523
37.78711986541748,9522
37.81380581855774,9521
37.84049677848816,9520
37.86710071563721,9519
37.893558740615845,9518
37.92002582550049,9517
37.94752073287964,9516
37.97536587715149,9515
38.00260663032532,9514
38.02962279319763,9513
38.05695056915283,9512
38.0850887298584,9511
38.11263370513916,9510
38.139973878860474,9509
38.16735887527466,9508
38.19463872909546,9507
38.22174954414368,9506
38.249141693115234,9505
38.276182651519775,9504
38.3033390045166,9503
38.33052182197571,9502
38.35726571083069,9501
38.383790731430054,9500
38.41047286987305,9499
38.43690085411072,9498
38.46339464187622,9497
38.48993468284607,9496
38.51654672622681,9495
38.54298377037048,9494
38.56955695152283,9493
38.59603786468506,9492
38.62250757217407,9491
38.64900875091553,9490
38.67526078224182,9489
38.701706647872925,9488
38.72838282585144,9487
38.754822731018066,9486
38.78132677078247,9485
38.807724714279175,9484
38.83450675010681,9483
38.86104679107666,9482
38.887420892715454,9481
38.913729667663574,9480
38.94000577926636,9479
38.966365814208984,9478
38.992642641067505,9477
39.01912760734558,9476
39.0457558631897,9475
39.072185754776,9474
39.09889793395996,9473
39.12547993659973,9472
39.15219259262085,9471
39.17851686477661,9470
39.20499086380005,9469
39.23145580291748,9468
39.25768280029297,9467
39.2840518951416,9466
39.3102548122406,9465
39.33723187446594,9464
39.36406087875366,9463
39.390525817871094,9462
39.41705656051636,9461
39.44367265701294,9460
39.47008180618286,9459
39.49653768539429,9458
39.52302384376526,9457
39.54940485954285,9456
39.57579064369202,9455
39.602374792099,9454
39.62861967086792,9453
39.65537977218628,9452
39.681923627853394,9451
39.70835876464844,9450
39.734957695007324,9449
39.76147985458374,9448
39.78796076774597,9447
39.81448554992676,9446
39.84094285964966,9445
39.87073874473572,9444
39.90076279640198,9443
39.92825770378113,9442
39.95538568496704,9441
39.9834668636322,9440
40.01249575614929,9439
40.0407018661499,9438
40.06895685195923,9437
40.09680771827698,9436
40.12428283691406,9435
40.15182065963745,9434
40.17853879928589,9433
40.205182790756226,9432
40.23151469230652,9431
40.25792574882507,9430
40.28422284126282,9429
40.3108127117157,9428
40.33730888366699,9427
40.36374568939209,9426
40.39019179344177,9425
40.41677975654602,9424
40.443140745162964,9423
40.47210168838501,9422
40.499762773513794,9421
40.52697491645813,9420
40.55436873435974,9419
40.582093715667725,9418
40.6095507144928,9417
40.63666582107544,9416
40.66326093673706,9415
40.68963670730591,9414
40.71608281135559,9413
40.74251389503479,9412
40.76887774467468,9411
40.797165632247925,9410
40.8259117603302,9409
40.85321879386902,9408
40.8804726600647,9407
40.907588720321655,9406
40.935112953186035,9405
40.96245765686035,9404
40.991960763931274,9403
41.01944875717163,9402
41.047627687454224,9401
41.07649278640747,9400
41.10421085357666,9399
41.13150882720947,9398
41.15877079963684,9397
41.18631076812744,9396
41.213770627975464,9395
41.24151563644409,9394
41.268858671188354,9393
41.29621362686157,9392
41.32500886917114,9391
41.35276961326599,9390
41.38031888008118,9389
41.40753984451294,9388
41.43500781059265,9387
41.462347745895386,9386
41.4898726940155,9385
41.51724696159363,9384
41.54471969604492,9383
41.57216262817383,9382
41.602205753326416,9381
41.63028883934021,9380
41.65753769874573,9379
41.6849799156189,9378
41.713921785354614,9377
41.74273467063904,9376
41.77029299736023,9375
41.79781365394592,9374
41.82529163360596,9373
41.852701902389526,9372
41.88009595870972,9371
41.90702962875366,9370
41.93457078933716,9369
41.96295762062073,9368
41.99107360839844,9367
42.018956661224365,9366
42.04630398750305,9365
42.073850870132446,9364
42.103198766708374,9363
42.13118386268616,9362
42.15861988067627,9361
42.185847759246826,9360
42.21312999725342,9359
42.23958086967468,9358
42.26589059829712,9357
42.292378664016724,9356
42.31870484352112,9355
42.34507966041565,9354
42.37164783477783,9353
42.39794087409973,9352
42.42437982559204,9351
42.45090579986572,9350
42.47740077972412,9349
42.50367069244385,9348
42.5300726890564,9347
42.556259632110596,9346
42.58277368545532,9345
42.609569787979126,9344
42.63635993003845,9343
42.66298770904541,9342
42.689520835876465,9341
42.71765971183777,9340
42.74439072608948,9339
42.77148795127869,9338
42.79832172393799,9337
42.82572865486145,9336
42.85236358642578,9335
42.87897276878357,9334
42.905338764190674,9333
42.93285298347473,9332
42.959407806396484,9331
42.98595380783081,9330
43.01260685920715,9329
43.03896880149841,9328
43.065349817276,9327
43.0918128490448,9326
43.13583779335022,9325
43.16226267814636,9324
43.188549757003784,9323
43.214940786361694,9322
43.242085695266724,9321
43.268760681152344,9320
43.29526662826538,9319
43.32184171676636,9318
43.348331689834595,9317
43.37480068206787,9316
43.4012348651886,9315
43.427637577056885,9314
43.45421576499939,9313
43.480655670166016,9312
43.50698757171631,9311
43.533448934555054,9310
43.559544801712036,9309
43.58611464500427,9308
43.61291575431824,9307
43.639572858810425,9306
43.66623878479004,9305
43.69320774078369,9304
43.719865798950195,9303
43.7506058216095,9302
43.7784366607666,9301
43.805795669555664,9300
43.833255767822266,9299
43.86075186729431,9298
43.887746810913086,9297
43.915427684783936,9296
43.94317865371704,9295
43.97078561782837,9294
43.99804377555847,9293
44.025402784347534,9292
44.05263686180115,9291
44.080540895462036,9290
44.107847929000854,9289
44.13515591621399,9288
44.16249394416809,9287
44.189701795578,9286
44.2171688079834,9285
44.24468779563904,9284
44.27201771736145,9283
44.29952001571655,9282
44.32676672935486,9281
44.35405969619751,9280
44.381486654281616,9279
44.40875482559204,9278
44.43613386154175,9277
44.46349859237671,9276
44.49153780937195,9275
44.51908087730408,9274
44.54626154899597,9273
44.57375693321228,9272
44.601770877838135,9271
44.62928581237793,9270
44.65661883354187,9269
44.684008836746216,9268
44.711482763290405,9267
44.738778829574585,9266
44.76646661758423,9265
44.79383873939514,9264
44.82115077972412,9263
44.84852194786072,9262
44.87605881690979,9261
44.90351581573486,9260
44.93107581138611,9259
44.95821475982666,9258
44.98568081855774,9257
45.01330089569092,9256
45.04054093360901,9255
45.06815981864929,9254
45.095744609832764,9253
45.122960805892944,9252
45.15054488182068,9251
45.17799472808838,9250
45.20518779754639,9249
45.23267579078674,9248
45.26012182235718,9247
45.287548780441284,9246
45.315128803253174,9245
45.34246277809143,9244
45.37076663970947,9243
45.39834666252136,9242
45.425628900527954,9241
45.45293688774109,9240
45.48069190979004,9239
45.50790977478027,9238
45.5351197719574,9237
45.56277775764465,9236
45.59041881561279,9235
45.6184298992157,9234
45.64656162261963,9233
45.67363667488098,9232
45.70073962211609,9231
45.727455854415894,9230
45.75387692451477,9229
45.78043174743652,9228
45.8068528175354,9227
45.83330154418945,9226
45.8596727848053,9225
45.88630676269531,9224
45.91304087638855,9223
45.939483880996704,9222
45.96780800819397,9221
45.9953978061676,9220
46.02270579338074,9219
46.05026984214783,9218
46.07777380943298,9217
46.105164766311646,9216
46.13281989097595,9215
46.160080909729004,9214
46.187344789505005,9213
46.215433835983276,9212
46.242822885513306,9211
46.26962995529175,9210
46.29623484611511,9209
46.322855949401855,9208
46.34925961494446,9207
46.37554478645325,9206
46.40187692642212,9205
46.428356647491455,9204
46.45480966567993,9203
46.48118782043457,9202
46.507402658462524,9201
46.533891677856445,9200
46.57871675491333,9199
46.60523080825806,9198
46.63171362876892,9197
46.65803074836731,9196
46.68454456329346,9195
46.710932970047,9194
46.73723578453064,9193
46.7636878490448,9192
46.79007077217102,9191
46.81640386581421,9190
46.84310293197632,9189
46.86954593658447,9188
46.89588260650635,9187
46.92221283912659,9186
46.94855976104736,9185
46.9749219417572,9184
47.001280784606934,9183
47.027586698532104,9182
47.053871870040894,9181
47.08032774925232,9180
47.10686373710632,9179
47.133333683013916,9178
47.15985894203186,9177
47.18643379211426,9176
47.21304273605347,9175
47.239619731903076,9174
47.265970945358276,9173
47.29404592514038,9172
47.32073664665222,9171
47.34731960296631,9170
47.37371063232422,9169
47.400399684906006,9168
47.427053689956665,9167
47.47652983665466,9166
47.503060817718506,9165
47.52960157394409,9164
47.55591297149658,9163
47.582478761672974,9162
47.608980894088745,9161
47.63544964790344,9160
47.66184973716736,9159
47.68818163871765,9158
47.71441674232483,9157
47.74085474014282,9156
47.76712083816528,9155
47.79388070106506,9154
47.82048988342285,9153
47.84713172912598,9152
47.873772621154785,9151
47.90027976036072,9150
47.92764067649841,9149
47.95613074302673,9148
47.98398280143738,9147
48.011337995529175,9146
48.0383517742157,9145
48.0659556388855,9144
48.09378099441528,9143
48.12104868888855,9142
48.16323375701904,9141
48.18977379798889,9140
48.21630787849426,9139
48.24272894859314,9138
48.269306898117065,9137
48.295867919921875,9136
48.32228875160217,9135
48.34879279136658,9134
48.37532377243042,9133
48.401591777801514,9132
48.428234577178955,9131
48.4548065662384,9130
48.48141860961914,9129
48.50794696807861,9128
48.53444981575012,9127
48.56094169616699,9126
48.58754587173462,9125
48.63885855674744,9124
48.66533279418945,9123
48.691691637039185,9122
48.71824073791504,9121
48.744791746139526,9120
48.77145600318909,9119
48.79794096946716,9118
48.824448585510254,9117
48.851083755493164,9116
48.87749981880188,9115
48.90383577346802,9114
48.93019390106201,9113
48.95818877220154,9112
48.985888719558716,9111
49.01323390007019,9110
49.05691981315613,9109
49.0857048034668,9108
49.11445188522339,9107
49.141806840896606,9106
49.169450998306274,9105
49.197051763534546,9104
49.224313735961914,9103
49.2526159286499,9102
49.279287815093994,9101
49.305609941482544,9100
49.332515716552734,9099
49.35879397392273,9098
49.385289907455444,9097
49.41184878349304,9096
49.43833374977112,9095
49.464799880981445,9094
49.491344690322876,9093
49.51779079437256,9092
49.544270753860474,9091
49.57069683074951,9090
49.59712791442871,9089
49.62346577644348,9088
49.64988970756531,9087
49.67718982696533,9086
49.70474171638489,9085
49.73138380050659,9084
49.75769877433777,9083
49.78424382209778,9082
49.81072473526001,9081
49.83742070198059,9080
49.86399984359741,9079
49.89059567451477,9078
49.916884899139404,9077
49.94314384460449,9076
49.96947264671326,9075
50.00998401641846,9074
50.036677837371826,9073
50.06324362754822,9072
50.08972477912903,9071
50.11632466316223,9070
50.142799854278564,9069
50.17009258270264,9068
50.196900844573975,9067
50.22346878051758,9066
50.2498676776886,9065
50.27639555931091,9064
50.302799701690674,9063
50.32950282096863,9062
50.35604190826416,9061
50.38276767730713,9060
50.4093120098114,9059
50.435935974121094,9058
50.46368384361267,9057
50.49155879020691,9056
50.51911187171936,9055
50.546541690826416,9054
50.57391691207886,9053
50.601754665374756,9052
50.62894368171692,9051
50.656444787979126,9050
50.68409490585327,9049
50.711658000946045,9048
50.756287813186646,9047
50.78377294540405,9046
50.813894748687744,9045
50.842710733413696,9044
50.87023997306824,9043
50.897902727127075,9042
50.925161838531494,9041
50.952486753463745,9040
50.980098724365234,9039
51.0074827671051,9038
51.0349657535553,9037
51.06238579750061,9036
51.089823961257935,9035
51.11767768859863,9034
51.14528274536133,9033
51.172621726989746,9032
51.20001983642578,9031
51.227261781692505,9030
51.25921177864075,9029
51.28757190704346,9028
51.31542086601257,9027
51.3428909778595,9026
51.37018871307373,9025
51.39784479141235,9024
51.425896883010864,9023
51.45368671417236,9022
51.4810848236084,9021
51.50832176208496,9020
51.53561496734619,9019
51.563140869140625,9018
51.5907199382782,9017
51.619245767593384,9016
51.64897584915161,9015
51.67660069465637,9014
51.70621180534363,9013
51.73650670051575,9012
51.76940369606018,9011
51.798991680145264,9010
51.82689380645752,9009
51.85416388511658,9008
51.88140797615051,9007
51.908451795578,9006
51.93596959114075,9005
51.96355581283569,9004
51.991400957107544,9003
52.01946496963501,9002
52.04838967323303,9001
52.076093912124634,9000
52.10359191894531,8999
52.13113069534302,8998
52.15861988067627,8997
52.185951948165894,8996
52.213385820388794,8995
52.24070382118225,8994
52.26818370819092,8993
52.29569482803345,8992
52.322816610336304,8991
52.34931778907776,8990
52.375863790512085,8989
52.402437686920166,8988
52.42892384529114,8987
52.481937885284424,8986
52.50835680961609,8985
52.53478670120239,8984
52.56140184402466,8983
52.5878689289093,8982
52.61441469192505,8981
52.64076471328735,8980
52.667314767837524,8979
52.69395685195923,8978
52.72041392326355,8977
52.74826765060425,8976
52.77580380439758,8975
52.803250789642334,8974
52.83074378967285,8973
52.8574116230011,8972
52.88365864753723,8971
52.90981984138489,8970
52.95268988609314,8969
52.979222774505615,8968
53.00613355636597,8967
53.03269672393799,8966
53.05903482437134,8965
53.08547782897949,8964
53.1121187210083,8963
53.13845467567444,8962
53.16516971588135,8961
53.1926646232605,8960
53.22118282318115,8959
53.24856090545654,8958
53.27613067626953,8957
53.30373477935791,8956
53.331164836883545,8955
53.35918879508972,8954
53.386839628219604,8953
53.41451382637024,8952
53.44235277175903,8951
53.470112562179565,8950
53.497517824172974,8949
53.524667739868164,8948
53.551997900009155,8947
53.58027696609497,8946
53.607109785079956,8945
53.646947622299194,8944
53.67340683937073,8943
53.69993495941162,8942
53.72631764411926,8941
53.752946853637695,8940
53.779764890670776,8939
53.806272745132446,8938
53.832767963409424,8937
53.85935163497925,8936
53.88556694984436,8935
53.9120078086853,8934
53.93842887878418,8933
53.96685791015625,8932
53.99504590034485,8931
54.02229285240173,8930
54.049768924713135,8929
54.077316761016846,8928
54.10480999946594,8927
54.132118701934814,8926
54.15945482254028,8925
54.186776638031006,8924
54.21418285369873,8923
54.24147272109985,8922
54.26887083053589,8921
54.29628276824951,8920
54.32373785972595,8919
54.351377725601196,8918
54.378838777542114,8917
54.40624260902405,8916
54.43353486061096,8915
54.460731744766235,8914
54.488022565841675,8913
54.515477657318115,8912
54.5426926612854,8911
54.5705087184906,8910
54.59832286834717,8909
54.625704765319824,8908
54.65318298339844,8907
54.68062162399292,8906
54.70796799659729,8905
54.735177993774414,8904
54.76273989677429,8903
54.78997468948364,8902
54.817373752593994,8901
54.84491586685181,8900
54.8719596862793,8899
54.89941191673279,8898
54.927574634552,8897
54.9552366733551,8896
54.9830379486084,8895
55.01034379005432,8894
55.03762769699097,8893
55.065205574035645,8892
55.092519760131836,8891
55.120062828063965,8890
55.14759969711304,8889
55.174813747406006,8888
55.202194929122925,8887
55.22995471954346,8886
55.25737380981445,8885
55.28492856025696,8884
55.313098669052124,8883
55.34122371673584,8882
55.368953704833984,8881
55.39602470397949,8880
55.422629833221436,8879
55.44905066490173,8878
55.47550058364868,8877
55.50194263458252,8876
55.52827286720276,8875
55.55469489097595,8874
55.58135676383972,8873
55.60789084434509,8872
55.63455677032471,8871
55.66112470626831,8870
55.687588691711426,8869
55.71410894393921,8868
55.74057483673096,8867
55.76698875427246,8866
55.793428897857666,8865
55.819894790649414,8864
55.846402645111084,8863
55.87295484542847,8862
55.89953279495239,8861
55.92619585990906,8860
55.95283079147339,8859
55.979288816452026,8858
56.00573182106018,8857
56.032126903533936,8856
56.06047987937927,8855
56.08856177330017,8854
56.11681771278381,8853
56.143640756607056,8852
56.1701397895813,8851
56.19674491882324,8850
56.22333788871765,8849
56.249918937683105,8848
56.27655076980591,8847
56.30318784713745,8846
56.329864740371704,8845
56.356276988983154,8844
56.38282871246338,8843
56.40926384925842,8842
56.43583059310913,8841
56.462281942367554,8840
56.48875689506531,8839
56.515323877334595,8838
56.541913747787476,8837
56.56861686706543,8836
56.5952787399292,8835
56.62281084060669,8834
56.649598836898804,8833
56.676204681396484,8832
56.72161793708801,8831
56.748172760009766,8830
56.774587869644165,8829
56.80113363265991,8828
56.8279287815094,8827
56.8545937538147,8826
56.8810088634491,8825
56.907498836517334,8824
56.93391275405884,8823
56.960423946380615,8822
56.98679876327515,8821
57.01327180862427,8820
57.03956365585327,8819
57.06597971916199,8818
57.092444896698,8817
57.11885070800781,8816
57.145315647125244,8815
57.171990633010864,8814
57.19998264312744,8813
57.22661089897156,8812
57.25315189361572,8811
57.27967166900635,8810
57.30621695518494,8809
57.33325958251953,8808
57.359776735305786,8807
57.386191844940186,8806
57.41271185874939,8805
57.43906569480896,8804
57.46775770187378,8803
57.495508909225464,8802
57.52286386489868,8801
57.550376892089844,8800
57.57815885543823,8799
57.605631828308105,8798
57.63357067108154,8797
57.660358905792236,8796
57.686704874038696,8795
57.713130950927734,8794
57.74140167236328,8793
57.76818776130676,8792
57.812986850738525,8791
57.84011769294739,8790
57.867156982421875,8789
57.89379096031189,8788
57.92016363143921,8787
57.94688892364502,8786
57.975178718566895,8785
58.00417160987854,8784
58.03173470497131,8783
58.05897498130798,8782
58.086976766586304,8781
58.114670753479004,8780
58.142212867736816,8779
58.16993975639343,8778
58.19741177558899,8777
58.22482776641846,8776
58.25238299369812,8775
58.28105068206787,8774
58.30847692489624,8773
58.33611869812012,8772
58.364195823669434,8771
58.39168167114258,8770
58.41907358169556,8769
58.4469428062439,8768
58.47445774078369,8767
58.501890659332275,8766
58.52923083305359,8765
58.556522846221924,8764
58.58469295501709,8763
58.612085580825806,8762
58.63949370384216,8761
58.66711664199829,8760
58.694408893585205,8759
58.72180199623108,8758
58.749173641204834,8757
58.77643275260925,8756
58.80381965637207,8755
58.83188080787659,8754
58.859118700027466,8753
58.88634276390076,8752
58.91371178627014,8751
58.940768003463745,8750
58.968228816986084,8749
58.995444774627686,8748
59.022631883621216,8747
59.050150871276855,8746
59.0777587890625,8745
59.10535764694214,8744
59.13316369056702,8743
59.16061973571777,8742
59.18799161911011,8741
59.215824842453,8740
59.24313497543335,8739
59.27065587043762,8738
59.2983558177948,8737
59.327040672302246,8736
59.35504174232483,8735
59.381807804107666,8734
59.40816283226013,8733
59.4346878528595,8732
59.462950706481934,8731
59.51629376411438,8730
59.54395270347595,8729
59.57108664512634,8728
59.61956787109375,8727
59.64614677429199,8726
59.67257380485535,8725
59.69899272918701,8724
59.72630286216736,8723
59.75775384902954,8722
59.786266803741455,8721
59.81529664993286,8720
59.84407377243042,8719
59.87290167808533,8718
59.90228581428528,8717
59.93009090423584,8716
59.95752668380737,8715
59.98494267463684,8714
60.01241374015808,8713
60.039806842803955,8712
60.067786693573,8711
60.0955855846405,8710
60.12304067611694,8709
60.15279793739319,8708
60.18391489982605,8707
60.21152877807617,8706
60.23897671699524,8705
60.26666760444641,8704
60.29395580291748,8703
60.32119083404541,8702
60.348843574523926,8701
60.37556076049805,8700
60.40198087692261,8699
60.42845892906189,8698
60.45514488220215,8697
60.48376393318176,8696
60.5116548538208,8695
60.53908181190491,8694
60.566916704177856,8693
60.59460783004761,8692
60.62190365791321,8691
60.649643659591675,8690
60.67680263519287,8689
60.704195737838745,8688
60.73155474662781,8687
60.758896827697754,8686
60.786473989486694,8685
60.8141827583313,8684
60.84190058708191,8683
60.86951780319214,8682
60.89691877365112,8681
60.92425084114075,8680
60.95185685157776,8679
60.97958469390869,8678
61.006948709487915,8677
61.034323930740356,8676
61.061683893203735,8675
61.08950090408325,8674
61.11696267127991,8673
61.14457654953003,8672
61.17200779914856,8671
61.1999077796936,8670
61.22732067108154,8669
61.25499081611633,8668
61.28239583969116,8667
61.31102895736694,8666
61.3389527797699,8665
61.366657733917236,8664
61.39306282997131,8663
61.41961598396301,8662
61.44624376296997,8661
61.472784757614136,8660
61.499316930770874,8659
61.525842905044556,8658
61.552156925201416,8657
61.57873272895813,8656
61.60535192489624,8655
61.63174390792847,8654
61.65818190574646,8653
61.6845428943634,8652
61.71084380149841,8651
61.73739767074585,8650
61.763932943344116,8649
61.79049587249756,8648
61.81698989868164,8647
61.84352374076843,8646
61.87078094482422,8645
61.89749360084534,8644
61.92379188537598,8643
61.95005488395691,8642
61.97667098045349,8641
62.003166913986206,8640
62.029374837875366,8639
62.05601477622986,8638
62.08265495300293,8637
62.10921382904053,8636
62.13568878173828,8635
62.162147760391235,8634
62.18867087364197,8633
62.21514701843262,8632
62.24169969558716,8631
62.2681348323822,8630
62.29539465904236,8629
62.321924686431885,8628
62.34834361076355,8627
62.374796628952026,8626
62.401455879211426,8625
62.42796778678894,8624
62.47357487678528,8623
62.500038862228394,8622
62.527023792266846,8621
62.55498170852661,8620
62.58292579650879,8619
62.610148668289185,8618
62.63766670227051,8617
62.678412675857544,8616
62.70572376251221,8615
62.7332706451416,8614
62.76058578491211,8613
62.78814482688904,8612
62.81554174423218,8611
62.842949867248535,8610
62.87056875228882,8609
62.89919376373291,8608
62.92737579345703,8607
62.956408739089966,8606
62.98404669761658,8605
63.011778831481934,8604
63.039267778396606,8603
63.066813945770264,8602
63.09541177749634,8601
63.12295174598694,8600
63.1505069732666,8599
63.17771863937378,8598
63.205024003982544,8597
63.23248887062073,8596
63.259899854660034,8595
63.287187814712524,8594
63.31453800201416,8593
63.3419189453125,8592
63.36988592147827,8591
63.39873170852661,8590
63.42634582519531,8589
63.45405960083008,8588
63.481762647628784,8587
63.508954763412476,8586
63.5364887714386,8585
63.56425380706787,8584
63.59153771400452,8583
63.619428873062134,8582
63.64701175689697,8581
63.6744167804718,8580
63.70273160934448,8579
63.730573654174805,8578
63.75794792175293,8577
63.78572964668274,8576
63.81336569786072,8575
63.84074878692627,8574
63.86838459968567,8573
63.89562392234802,8572
63.922287702560425,8571
63.9486608505249,8570
63.97492074966431,8569
64.00150179862976,8568
64.03091478347778,8567
64.05877184867859,8566
64.0868968963623,8565
64.14002084732056,8564
64.16780066490173,8563
64.19542670249939,8562
64.22279572486877,8561
64.25054383277893,8560
64.27788972854614,8559
64.30516195297241,8558
64.33324980735779,8557
64.36071872711182,8556
64.38842868804932,8555
64.41643977165222,8554
64.44313597679138,8553
64.46961879730225,8552
64.49613785743713,8551
64.52259469032288,8550
64.54897093772888,8549
64.57527184486389,8548
64.6033387184143,8547
64.63242697715759,8546
64.66011166572571,8545
64.68787097930908,8544
64.71538090705872,8543
64.74266862869263,8542
64.77001595497131,8541
64.79766774177551,8540
64.84155774116516,8539
64.86909079551697,8538
64.89641880989075,8537
64.92364072799683,8536
64.95090985298157,8535
64.979083776474,8534
65.00724363327026,8533
65.034099817276,8532
65.06158781051636,8531
65.08838677406311,8530
65.11507201194763,8529
65.14171981811523,8528
65.16838669776917,8527
65.19507098197937,8526
65.2215826511383,8525
65.24818158149719,8524
65.27465271949768,8523
65.30124592781067,8522
65.32785677909851,8521
65.35732364654541,8520
65.38576364517212,8519
65.4133677482605,8518
65.44074082374573,8517
65.46842861175537,8516
65.49597692489624,8515
65.52463483810425,8514
65.5528519153595,8513
65.58430790901184,8512
65.61477780342102,8511
65.64386367797852,8510
65.67428374290466,8509
65.70392560958862,8508
65.73185777664185,8507
65.7591826915741,8506
65.78656578063965,8505
65.81396269798279,8504
65.84130668640137,8503
65.86935782432556,8502
65.89679169654846,8501
65.94593071937561,8500
65.97265577316284,8499
65.99925565719604,8498
66.02575898170471,8497
66.05223679542542,8496
66.07914757728577,8495
66.10582780838013,8494
66.15338182449341,8493
66.17996788024902,8492
69.39980173110962,8491
69.42720580101013,8490
69.45475673675537,8489
69.48207783699036,8488
69.50937581062317,8487
69.53651666641235,8486
69.5641987323761,8485
69.59172987937927,8484
69.61926174163818,8483
69.64757370948792,8482
69.67498874664307,8481
69.70236277580261,8480
69.72993588447571,8479
69.75732469558716,8478
69.7847547531128,8477
69.81203198432922,8476
69.83949065208435,8475
69.86692976951599,8474
69.8940999507904,8473
69.92148184776306,8472
69.94893264770508,8471
71.1661148071289,8470
71.21231484413147,8469
73.01441073417664,8468
73.04098987579346,8467
73.06754565238953,8466
73.09415578842163,8465
73.12092971801758,8464
73.14749073982239,8463
73.17406177520752,8462
73.24588584899902,8461
73.28626990318298,8460
73.33102369308472,8459
73.38628196716309,8458
73.49306964874268,8457
73.52459692955017,8456
73.59091567993164,8455
73.61871671676636,8454
73.6675546169281,8453
73.6954607963562,8452
73.76367998123169,8451
73.79139471054077,8450
73.85127472877502,8449
73.87932968139648,8448
73.9598867893219,8447
73.98728775978088,8446
74.04073596000671,8445
74.06853675842285,8444
74.13575768470764,8443
74.1629638671875,8442
74.2261209487915,8441
74.25390386581421,8440
74.32008481025696,8439
74.37186789512634,8438
74.39951992034912,8437
74.45844197273254,8436
74.48526263237,8435
74.54238796234131,8434
74.56886386871338,8433
74.63769865036011,8432
74.68998670578003,8431
74.72977685928345,8430
74.77229380607605,8429
74.79887175559998,8428
74.87321281433105,8427
74.89956879615784,8426
74.9259467124939,8425
74.95264673233032,8424
74.97914171218872,8423
75.00550293922424,8422
75.07305598258972,8421
75.10109686851501,8420
75.14238691329956,8419
75.2342836856842,8418
75.30674481391907,8417
75.33340382575989,8416
75.3922188282013,8415
75.4188916683197,8414
75.4667227268219,8413
75.49323177337646,8412
75.54831075668335,8411
75.57510280609131,8410
75.61852860450745,8409
75.64524793624878,8408
75.71794366836548,8407
75.7576048374176,8406
75.7841637134552,8405
75.85372972488403,8404
75.88030695915222,8403
75.95042157173157,8402
75.99442267417908,8401
76.05675864219666,8400
76.08332800865173,8399
76.12226271629333,8398
76.14877581596375,8397
76.21964693069458,8396
76.24627780914307,8395
76.3125958442688,8394
76.33977174758911,8393
76.40199971199036,8392
76.42859959602356,8391
76.49978876113892,8390
76.54567074775696,8389
76.59353280067444,8388
76.62005090713501,8387
76.6733067035675,8386
76.70022559165955,8385
76.7267518043518,8384
76.75332880020142,8383
76.77981066703796,8382
76.80634760856628,8381
76.87504363059998,8380
76.9015166759491,8379
76.94537878036499,8378
76.98823761940002,8377
77.052907705307,8376
77.14473271369934,8375
77.17208170890808,8374
77.23870372772217,8373
77.26612257957458,8372
77.33098864555359,8371
77.35844993591309,8370
77.42616176605225,8369
77.45431184768677,8368
77.5099446773529,8367
77.56343674659729,8366
77.59102058410645,8365
77.66917371749878,8364
77.69584274291992,8363
77.76647186279297,8362
77.79299092292786,8361
77.84073066711426,8360
77.86737775802612,8359
77.8937599658966,8358
77.92028379440308,8357
77.98602771759033,8356
78.0124237537384,8355
78.0866026878357,8354
78.11306595802307,8353
78.18392777442932,8352
78.21043562889099,8351
78.25529599189758,8350
78.29745578765869,8349
78.32380080223083,8348
78.39554572105408,8347
78.42209076881409,8346
78.49871587753296,8345
78.52561783790588,8344
78.58896470069885,8343
78.63516473770142,8342
78.66180372238159,8341
78.72308993339539,8340
78.7497239112854,8339
78.80669474601746,8338
78.85109186172485,8337
78.87746572494507,8336
78.95413565635681,8335
78.98066091537476,8334
79.04555177688599,8333
79.12740778923035,8332
79.15504789352417,8331
79.22443866729736,8330
79.25362372398376,8329
79.31170773506165,8328
79.33966970443726,8327
79.40557956695557,8326
79.43255281448364,8325
79.51118183135986,8324
79.5395839214325,8323
79.61966681480408,8322
79.64804196357727,8321
79.72051978111267,8320
79.74789571762085,8319
79.80862474441528,8318
79.83655190467834,8317
79.89210176467896,8316
79.9199788570404,8315
79.9600419998169,8314
79.98791885375977,8313
80.04100465774536,8312
80.06873655319214,8311
80.1322329044342,8310
80.19888162612915,8309
80.26894879341125,8308
80.31485891342163,8307
80.36200499534607,8306
80.4130859375,8305
80.45508980751038,8304
81.35975384712219,8303
82.13976883888245,8302
83.36339569091797,8301
86.87139892578125,8300
89.22020769119263,8299
91.97137689590454,8298
99.38590955734253,8297
99.41335558891296,8296
99.46643781661987,8295
99.49338865280151,8294
99.52017092704773,8293
99.5726568698883,8292
99.61244583129883,8291
100.14629292488098,8290
100.18748164176941,8289
100.28488779067993,8288
100.31168675422668,8287
100.36021280288696,8286
100.41300988197327,8285
100.4540286064148,8284
100.48204588890076,8283
100.5311348438263,8282
100.55852699279785,8281
100.91175389289856,8280
103.82847166061401,8279
103.87124991416931,8278
103.91588187217712,8277
103.96532464027405,8276
104.00903987884521,8275
104.05812978744507,8274
104.2162618637085,8273
104.26652574539185,8272
104.29299879074097,8271
104.34542775154114,8270
104.38422393798828,8269
104.43245267868042,8268
104.5917718410492,8267
104.63232588768005,8266
104.67740869522095,8265
104.7182548046112,8264
104.76511573791504,8263
104.81655502319336,8262
104.86752676963806,8261
104.91995859146118,8260
104.94770884513855,8259
105.07141470909119,8258
105.11505365371704,8257
105.14257788658142,8256
105.2810366153717,8255
105.3231987953186,8254
105.36863899230957,8253
105.39691972732544,8252
105.43721580505371,8251
105.48579478263855,8250
105.53833079338074,8249
105.60900282859802,8248
105.67823672294617,8247
105.71975564956665,8246
105.76335978507996,8245
105.81051588058472,8244
106.07786178588867,8243
106.12434768676758,8242
106.17255187034607,8241
106.22337484359741,8240
106.4346387386322,8239
106.46136498451233,8238
106.5010187625885,8237
106.54994893074036,8236
106.79557180404663,8235
106.8463659286499,8234
107.09743165969849,8233
107.14535474777222,8232
107.18730282783508,8231
107.23237872123718,8230
107.42536759376526,8229
107.47073793411255,8228
107.51935172080994,8227
107.54598379135132,8226
107.74522280693054,8225
107.7906448841095,8224
107.8381986618042,8223
107.88731479644775,8222
108.11813354492188,8221
108.16049361228943,8220
108.20515871047974,8219
108.25195980072021,8218
108.46670484542847,8217
108.51720762252808,8216
108.55904984474182,8215
108.60415983200073,8214
108.84405875205994,8213
108.87072467803955,8212
108.91084575653076,8211
108.95443773269653,8210
109.16039180755615,8209
109.2160530090332,8208
109.27102780342102,8207
109.31124567985535,8206
109.51528573036194,8205
109.57745480537415,8204
109.6246178150177,8203
109.8814377784729,8202
109.92168974876404,8201
109.94955968856812,8200
109.9984838962555,8199
110.23033595085144,8198
110.25829195976257,8197
110.30123591423035,8196
110.47857880592346,8195
110.53905582427979,8194
110.58643579483032,8193
110.6134307384491,8192
110.79837679862976,8191
110.87944674491882,8190
111.00563097000122,8189
111.08974075317383,8188
111.14444780349731,8187
111.18580365180969,8186
111.2327139377594,8185
111.34121489524841,8184
111.407883644104,8183
111.46685075759888,8182
111.52920866012573,8181
111.63908576965332,8180
111.70952558517456,8179
111.76906490325928,8178
111.83251571655273,8177
111.96916675567627,8176
112.02612090110779,8175
112.0728497505188,8174
112.14559078216553,8173
112.28123879432678,8172
112.32874774932861,8171
112.42398285865784,8170
112.50131368637085,8169
112.54233980178833,8168
112.6134307384491,8167
112.69060683250427,8166
112.77808880805969,8165
112.82596373558044,8164
112.88278579711914,8163
112.98302173614502,8162
113.05551481246948,8161
113.13680076599121,8160
113.2465488910675,8159
113.3592529296875,8158
113.4611747264862,8157
113.5857138633728,8156
113.68026971817017,8155
113.75461888313293,8154
113.84385776519775,8153
113.87048554420471,8152
113.96278882026672,8151
114.04379677772522,8150
114.12921071052551,8149
114.23288488388062,8148
114.2813868522644,8147
114.35735082626343,8146
114.46757769584656,8145
114.53122782707214,8144
114.57871794700623,8143
114.64700078964233,8142
114.76622176170349,8141
114.85737586021423,8140
115.0482428073883,8139
115.09663486480713,8138
115.14112997055054,8137
115.18596887588501,8136
115.38793659210205,8135
115.41450595855713,8134
115.48086667060852,8133
115.52608275413513,8132
115.71486973762512,8131
115.7977569103241,8130
115.84801268577576,8129
115.91291856765747,8128
116.02928280830383,8127
116.13481974601746,8126
116.18397164344788,8125
116.25946474075317,8124
116.42181468009949,8123
116.48759078979492,8122
116.68211078643799,8121
116.7335958480835,8120
116.76134395599365,8119
116.80668377876282,8118
117.04937386512756,8117
117.0985918045044,8116
117.16689991950989,8115
117.3814127445221,8114
117.42558693885803,8113
117.47529864311218,8112
117.66945672035217,8111
117.73434376716614,8110
117.77790784835815,8109
117.82663559913635,8108
118.05246782302856,8107
118.32983493804932,8106
118.38278293609619,8105
118.43036794662476,8104
118.48622488975525,8103
118.5362286567688,8102
118.57865476608276,8101
118.60621285438538,8100
118.63469791412354,8099
118.78099989891052,8098
118.82422399520874,8097
118.87817287445068,8096
118.90528988838196,8095
118.99079394340515,8094
119.03465962409973,8093
119.17977285385132,8092
119.21887278556824,8091
119.27014780044556,8090
119.31544661521912,8089
119.36254167556763,8088
119.38941073417664,8087
119.41633892059326,8086
119.4712507724762,8085
119.49964380264282,8084
119.54439878463745,8083
119.68702173233032,8082
119.7373538017273,8081
119.79683995246887,8080
119.86882472038269,8079
119.9185688495636,8078
119.97238278388977,8077
120.01462769508362,8076
120.06648087501526,8075
120.11370182037354,8074
120.16576981544495,8073
120.21906781196594,8072
120.259530544281,8071
120.30304884910583,8070
120.3298408985138,8069
120.3693597316742,8068
120.40852975845337,8067
120.45679473876953,8066
120.70972490310669,8065
120.7567458152771,8064
120.80448985099792,8063
121.03273582458496,8062
121.07741689682007,8061
121.12432074546814,8060
121.17556476593018,8059
121.35415172576904,8058
121.40431571006775,8057
121.45125198364258,8056
121.49849486351013,8055
121.71658182144165,8054
121.76612877845764,8053
121.81953263282776,8052
121.86482977867126,8051
122.10599970817566,8050
122.13337278366089,8049
122.16066479682922,8048
122.2058937549591,8047
122.40312385559082,8046
122.44744563102722,8045
122.49516487121582,8044
122.54435682296753,8043
122.5866367816925,8042
122.76743459701538,8041
122.8103277683258,8040
122.8590178489685,8039
123.11572885513306,8038
123.15628170967102,8037
123.201016664505,8036
123.2476077079773,8035
123.47449088096619,8034
123.52973175048828,8033
123.57150959968567,8032
123.61669683456421,8031
123.84192681312561,8030
124.12351894378662,8029
124.16631579399109,8028
124.33189368247986,8027
124.37545275688171,8026
124.43350386619568,8025
124.65579271316528,8024
124.7050108909607,8023
124.77815985679626,8022
124.98791766166687,8021
125.02716779708862,8020
125.07731986045837,8019
125.1207365989685,8018
125.3089427947998,8017
125.3565137386322,8016
125.44703793525696,8015
125.62086462974548,8014
125.71254873275757,8013
125.83992862701416,8012
125.94309091567993,8011
126.0727596282959,8010
126.23003697395325,8009
126.28354978561401,8008
126.34029269218445,8007
126.39021587371826,8006
126.53976392745972,8005
126.56725883483887,8004
126.61779189109802,8003
126.66880059242249,8002
126.82344675064087,8001
126.88225984573364,8000
126.92535090446472,7999
127.00247073173523,7998
127.10486578941345,7997
127.19740676879883,7996
127.24286484718323,7995
127.3066155910492,7994
127.40535378456116,7993
127.49813771247864,7992
127.5517327785492,7991
127.59887480735779,7990
127.6924057006836,7989
127.77397775650024,7988
127.82841968536377,7987
127.89599180221558,7986
127.98365592956543,7985
128.05955481529236,7984
128.21107077598572,7983
128.332261800766,7982
128.50287079811096,7981
128.54732966423035,7980
128.64623165130615,7979
128.77176666259766,7978
128.81989192962646,7977
128.92590880393982,7976
128.99646067619324,7975
129.04344272613525,7974
129.11066579818726,7973
129.22392177581787,7972
129.40384364128113,7971
129.4760537147522,7970
129.67791485786438,7969
129.80564188957214,7968
129.95623564720154,7967
130.0772569179535,7966
130.143248796463,7965
130.18234586715698,7964
130.26243686676025,7963
130.3919448852539,7962
130.47758173942566,7961
130.51851773262024,7960
130.60864782333374,7959
130.72796177864075,7958
130.80506777763367,7957
130.8330376148224,7956
130.92074394226074,7955
131.06166195869446,7954
131.1423978805542,7953
131.23264980316162,7952
131.4381947517395,7951
131.48019886016846,7950
131.53244590759277,7949
131.60456562042236,7948
131.79261779785156,7947
131.83394265174866,7946
131.88577675819397,7945
131.98443698883057,7944
132.20641994476318,7943
132.2602219581604,7942
132.3021137714386,7941
132.3983118534088,7940
132.6064257621765,7939
132.65842986106873,7938
132.71324968338013,7937
133.39940357208252,7936
133.46590900421143,7935
133.5977816581726,7934
133.6500997543335,7933
133.73032760620117,7932
133.770605802536,7931
133.88307571411133,7930
133.93051981925964,7929
134.03216791152954,7928
134.0589246749878,7927
134.17932081222534,7926
134.23792481422424,7925
134.28877472877502,7924
134.39416670799255,7923
134.44724583625793,7922
134.56830954551697,7921
134.60936379432678,7920
134.72179198265076,7919
134.74848985671997,7918
134.87525081634521,7917
134.93507480621338,7916
135.0645227432251,7915
135.09153056144714,7914
135.1901969909668,7913
135.34625887870789,7912
135.44992589950562,7911
135.5214147567749,7910
135.6075599193573,7909
135.66898274421692,7908
135.73846077919006,7907
135.83494663238525,7906
135.92804884910583,7905
136.16986775398254,7904
136.26464176177979,7903
136.33571577072144,7902
136.41754961013794,7901
136.44478583335876,7900
136.5194296836853,7899
136.5637776851654,7898
136.6317639350891,7897
136.7381455898285,7896
136.83062195777893,7895
136.96065473556519,7894
137.02526473999023,7893
137.15186977386475,7892
137.24189281463623,7891
137.38105964660645,7890
137.52641892433167,7889
137.59918069839478,7888
137.7066957950592,7887
137.75139570236206,7886
137.86525177955627,7885
137.91187262535095,7884
138.04452991485596,7883
138.09318661689758,7882
138.1864619255066,7881
138.21317672729492,7880
138.3207197189331,7879
138.36161065101624,7878
138.3894636631012,7877
138.4846818447113,7876
138.51123094558716,7875
138.6356327533722,7874
138.7317247390747,7873
138.85066866874695,7872
138.9014928340912,7871
139.01324081420898,7870
139.08070182800293,7869
139.16928362846375,7868
139.22703075408936,7867
139.2810628414154,7866
139.41859078407288,7865
139.48873376846313,7864
139.57661485671997,7863
139.6622598171234,7862
139.78022384643555,7861
139.84642481803894,7860
139.92287468910217,7859
140.17644381523132,7858
140.2668538093567,7857
140.35478973388672,7856
140.42835092544556,7855
140.51237177848816,7854
140.57503986358643,7853
140.64557266235352,7852
140.8633096218109,7851
140.9324426651001,7850
140.9885675907135,7849
141.03505086898804,7848
141.18151473999023,7847
141.24433159828186,7846
141.33498072624207,7845
143.4061996936798,7844
145.16957592964172,7843
145.1971619129181,7842
145.22477960586548,7841
145.2524447441101,7840
145.2934467792511,7839
145.3222599029541,7838
145.3764569759369,7837
145.42731595039368,7836
145.45523977279663,7835
145.48290371894836,7834
145.51011085510254,7833
145.57854080200195,7832
145.6061098575592,7831
145.6338176727295,7830
145.66129159927368,7829
145.68884778022766,7828
145.71629571914673,7827
145.77171182632446,7826
145.79926466941833,7825
145.8267116546631,7824
145.85455179214478,7823
145.882230758667,7822
145.90967679023743,7821
145.93870782852173,7820
146.01212286949158,7819
146.03945970535278,7818
146.08316588401794,7817
146.11039280891418,7816
146.13774585723877,7815
146.16530585289001,7814
146.19284772872925,7813
146.22045063972473,7812
146.24801468849182,7811
146.27545595169067,7810
146.30304884910583,7809
146.33056473731995,7808
146.38361978530884,7807
146.41097593307495,7806
146.43880558013916,7805
146.4669578075409,7804
146.4944987297058,7803
146.52212977409363,7802
146.54996466636658,7801
146.5995898246765,7800
146.62704467773438,7799
146.6546926498413,7798
146.68245577812195,7797
146.70909976959229,7796
146.73562169075012,7795
146.76217770576477,7794
146.78838872909546,7793
146.81518578529358,7792
146.8418529033661,7791
146.90780687332153,7790
146.9344048500061,7789
146.97985672950745,7788
147.01093363761902,7787
147.04454970359802,7786
147.0786166191101,7785
147.1080117225647,7784
147.13915085792542,7783
147.16802096366882,7782
147.19497966766357,7781
147.22161674499512,7780
147.24836087226868,7779
147.27516174316406,7778
147.30183386802673,7777
147.32848167419434,7776
147.35496759414673,7775
147.38146471977234,7774
147.40795755386353,7773
147.43524479866028,7772
147.46687078475952,7771
149.3431658744812,7770
149.38873076438904,7769
149.41759276390076,7768
149.44535493850708,7767
149.47308778762817,7766
149.5007836818695,7765
149.5521788597107,7764
149.580659866333,7763
149.60823488235474,7762
149.63783884048462,7761
149.6655879020691,7760
149.69346570968628,7759
149.72100973129272,7758
149.74861788749695,7757
149.7760887145996,7756
149.80365371704102,7755
149.83128571510315,7754
149.85856795310974,7753
149.88601779937744,7752
149.91399574279785,7751
149.9424877166748,7750
149.97021889686584,7749
149.99755859375,7748
150.04859066009521,7747
150.0759778022766,7746
150.1035876274109,7745
150.16639375686646,7744
150.49331974983215,7743
150.62393188476562,7742
150.7286195755005,7741
150.77848386764526,7740
150.88736057281494,7739
150.93559193611145,7738
151.0241186618805,7737
151.08264183998108,7736
151.20607471466064,7735
151.33189368247986,7734
151.42366480827332,7733
151.52402877807617,7732
151.5722737312317,7731
151.62683391571045,7730
152.5402958393097,7729
153.76256775856018,7728
153.98979878425598,7727
154.05611872673035,7726
154.161150932312,7725
154.22025179862976,7724
154.33128666877747,7723
154.39508986473083,7722
154.52502179145813,7721
154.62977266311646,7720
154.710266828537,7719
154.75609970092773,7718
154.80235290527344,7717
154.9012017250061,7716
155.03345894813538,7715
155.13894081115723,7714
155.24667692184448,7713
155.29294896125793,7712
155.34389472007751,7711
155.3958637714386,7710
157.404935836792,7709
157.90053176879883,7708
157.92817997932434,7707
157.95565676689148,7706
157.9832398891449,7705
158.36784887313843,7704
158.81626772880554,7703
158.9281747341156,7702
159.02017974853516,7701
159.099351644516,7700
159.18384671211243,7699
159.2960147857666,7698
159.36584973335266,7697
159.44349789619446,7696
159.53190779685974,7695
159.59038472175598,7694
159.6801826953888,7693
159.8539776802063,7692
159.92971682548523,7691
159.9987919330597,7690
160.06255173683167,7689
160.21506667137146,7688
160.30019879341125,7687
160.36805081367493,7686
160.44212079048157,7685
160.54480576515198,7684
160.62251377105713,7683
160.7288477420807,7682
160.8053858280182,7681
160.88589572906494,7680
160.97481775283813,7679
161.08085870742798,7678
161.15500855445862,7677
161.21995282173157,7676
161.39206457138062,7675
161.47669887542725,7674
161.54916787147522,7673
161.62818574905396,7672
161.730233669281,7671
161.80805683135986,7670
161.92510271072388,7669
162.09169268608093,7668
162.2089488506317,7667
162.28528261184692,7666
162.45753169059753,7665
162.57090377807617,7664
162.679123878479,7663
162.77214169502258,7662
162.86792182922363,7661
162.97353768348694,7660
163.0733618736267,7659
163.19522881507874,7658
163.26716494560242,7657
163.34648394584656,7656
163.45694589614868,7655
163.53497982025146,7654
163.5907278060913,7653
163.69822478294373,7652
163.77698683738708,7651
163.86771273612976,7650
163.99513483047485,7649
164.06475687026978,7648
164.13083863258362,7647
164.23435068130493,7646
164.30215287208557,7645
164.38150668144226,7644
164.47863864898682,7643
164.55331873893738,7642
164.61247372627258,7641
164.72646474838257,7640
164.8078258037567,7639
164.92503881454468,7638
165.0288848876953,7637
165.09535884857178,7636
165.1700587272644,7635
165.29288983345032,7634
165.37871170043945,7633
165.4548237323761,7632
165.5849187374115,7631
165.6497118473053,7630
165.8312749862671,7629
165.94106483459473,7628
166.0834777355194,7627
166.17999482154846,7626
166.26008486747742,7625
166.43398094177246,7624
166.58558678627014,7623
166.6391727924347,7622
166.98798489570618,7621
167.0386528968811,7620
167.12523698806763,7619
167.37414383888245,7618
167.435231924057,7617
167.5135989189148,7616
167.60417580604553,7615
167.6739068031311,7614
167.81809997558594,7613
167.90571856498718,7612
168.03059887886047,7611
168.11248993873596,7610
168.16910886764526,7609
168.23532390594482,7608
168.28943467140198,7607
168.4170355796814,7606
168.49615168571472,7605
168.71579480171204,7604
168.79299783706665,7603
168.86231184005737,7602
168.95952987670898,7601
169.09149479866028,7600
169.33079195022583,7599
169.40068078041077,7598
169.48659467697144,7597
169.57330679893494,7596
169.70453786849976,7595
169.8660717010498,7594
169.9908447265625,7593
170.04766273498535,7592
170.1067078113556,7591
170.15717768669128,7590
170.29250168800354,7589
170.37576484680176,7588
170.47554779052734,7587
170.52949786186218,7586
170.66474270820618,7585
170.78837370872498,7584
170.89266276359558,7583
171.1389148235321,7582
171.20130276679993,7581
171.27898979187012,7580
171.3817059993744,7579
171.60488486289978,7578
171.6889898777008,7577
171.79276585578918,7576
171.837486743927,7575
171.919615983963,7574
172.00155377388,7573
172.24245190620422,7572
172.30195260047913,7571
172.3606836795807,7570
172.5091986656189,7569
172.59195685386658,7568
172.75184059143066,7567
172.81768560409546,7566
172.8814516067505,7565
172.96567296981812,7564
173.02044677734375,7563
173.1160068511963,7562
173.1703498363495,7561
173.31739377975464,7560
173.43194580078125,7559
173.50781178474426,7558
173.57798194885254,7557
173.71134972572327,7556
173.86019372940063,7555
173.93607378005981,7554
174.0005087852478,7553
174.06648087501526,7552
174.4001317024231,7551
174.4657118320465,7550
174.7359127998352,7549
174.93145871162415,7548
175.03708386421204,7547
175.1946029663086,7546
175.3603847026825,7545
175.68223786354065,7544
175.73855781555176,7543
175.80867981910706,7542
175.9429247379303,7541
176.00238275527954,7540
176.2478048801422,7539
176.30283069610596,7538
176.34618878364563,7537
176.8555417060852,7536
176.99168062210083,7535
177.0818428993225,7534
177.1660737991333,7533
177.25466585159302,7532
177.36164569854736,7531
177.48989582061768,7530
177.58202576637268,7529
177.6963608264923,7528
177.78446674346924,7527
177.9663667678833,7526
178.0659728050232,7525
178.14189171791077,7524
178.23358368873596,7523
178.26106667518616,7522
178.38152980804443,7521
178.47001767158508,7520
178.56330966949463,7519
178.63555359840393,7518
178.77185463905334,7517
178.89511275291443,7516
179.04869174957275,7515
179.09205198287964,7514
179.18462371826172,7513
179.24810981750488,7512
179.3474338054657,7511
179.49103689193726,7510
179.580171585083,7509
179.66302680969238,7508
179.91132473945618,7507
179.97975969314575,7506
180.06893968582153,7505
180.19894576072693,7504
180.2820327281952,7503
180.36134386062622,7502
180.42067885398865,7501
180.49528670310974,7500
180.59069967269897,7499
180.63600063323975,7498
180.9282467365265,7497
181.00519275665283,7496
181.09134078025818,7495
181.2246708869934,7494
181.29872679710388,7493
181.37807273864746,7492
181.4233157634735,7491
181.4877827167511,7490
181.574316740036,7489
181.69358277320862,7488
181.7352738380432,7487
181.81471371650696,7486
181.8910927772522,7485
181.9727087020874,7484
182.04558682441711,7483
182.1083288192749,7482
182.18576073646545,7481
182.34951663017273,7480
182.54517769813538,7479
182.61058259010315,7478
182.79128575325012,7477
182.84236788749695,7476
182.98010778427124,7475
183.17085075378418,7474
183.21751070022583,7473
183.47822880744934,7472
183.55141282081604,7471
183.64430689811707,7470
183.81225085258484,7469
183.89262175559998,7468
184.05861282348633,7467
184.17147493362427,7466
184.46306157112122,7465
184.50338983535767,7464
184.5955367088318,7463
184.87965273857117,7462
184.92330598831177,7461
184.98981475830078,7460
185.35105681419373,7459
185.45825171470642,7458
185.5212516784668,7457
185.64689683914185,7456
185.7793447971344,7455
185.85830974578857,7454
185.90455865859985,7453
186.00922393798828,7452
186.07951283454895,7451
186.1618995666504,7450
186.22360968589783,7449
186.30181193351746,7448
186.3662085533142,7447
186.4840908050537,7446
186.58527994155884,7445
186.72973680496216,7444
186.77158880233765,7443
186.83740282058716,7442
186.94642782211304,7441
187.01682877540588,7440
187.09603476524353,7439
187.19774079322815,7438
187.2374289035797,7437
187.37798070907593,7436
187.50200486183167,7435
187.56300473213196,7434
187.67110395431519,7433
187.75893783569336,7432
187.8681128025055,7431
188.01662373542786,7430
188.12776565551758,7429
188.19859981536865,7428
188.28168773651123,7427
188.39481282234192,7426
188.5327377319336,7425
188.59489679336548,7424
188.6785888671875,7423
188.74170064926147,7422
188.80596089363098,7421
188.88388085365295,7420
189.09537172317505,7419
189.15385174751282,7418
189.22666382789612,7417
189.27300477027893,7416
189.34308981895447,7415
189.4196858406067,7414
189.54519391059875,7413
189.5719108581543,7412
189.77710366249084,7411
189.9568898677826,7410
190.0183846950531,7409
190.09592485427856,7408
190.17110085487366,7407
190.2296497821808,7406
190.44144487380981,7405
190.5142776966095,7404
190.5789656639099,7403
190.7286388874054,7402
190.79157972335815,7401
190.84972381591797,7400
190.9146478176117,7399
191.02645778656006,7398
191.2942018508911,7397
191.38262176513672,7396
191.53907680511475,7395
191.58229184150696,7394
191.69762468338013,7393
191.82533979415894,7392
191.88293886184692,7391
191.9553577899933,7390
192.16814970970154,7389
192.27079677581787,7388
192.40095281600952,7387
192.5533766746521,7386
192.65021967887878,7385
192.7407157421112,7384
192.78823280334473,7383
192.87790489196777,7382
193.02705478668213,7381
193.19564175605774,7380
193.26776385307312,7379
193.35694575309753,7378
193.45541667938232,7377
193.50434374809265,7376
193.62652683258057,7375
194.11461281776428,7374
194.18235874176025,7373
194.54553389549255,7372
194.63074159622192,7371
194.67935180664062,7370
194.79301190376282,7369
194.9054126739502,7368
194.98528575897217,7367
195.18362593650818,7366
195.27825689315796,7365
195.373548746109,7364
195.51771879196167,7363
195.62901282310486,7362
195.72913885116577,7361
195.81518173217773,7360
195.8823118209839,7359
195.95945596694946,7358
196.10329866409302,7357
196.21933388710022,7356
196.4504919052124,7355
196.64388465881348,7354
196.77802872657776,7353
196.8772349357605,7352
196.9761037826538,7351
197.27061986923218,7350
197.4046187400818,7349
197.5867657661438,7348
197.72784781455994,7347
197.90179777145386,7346
198.05263996124268,7345
198.12608075141907,7344
198.37178778648376,7343
198.445072889328,7342
198.5271418094635,7341
198.5941517353058,7340
198.66403579711914,7339
198.78997468948364,7338
198.8526668548584,7337
198.9163327217102,7336
198.98482084274292,7335
199.1230616569519,7334
199.29634380340576,7333
199.36820268630981,7332
199.41647267341614,7331
199.67359375953674,7330
199.7690737247467,7329
199.82466983795166,7328
200.01867771148682,7327
200.0853087902069,7326
200.18209075927734,7325
200.25606083869934,7324
200.45367884635925,7323
200.7003676891327,7322
200.7519109249115,7321
200.87873363494873,7320
201.1015796661377,7319
201.16088771820068,7318
201.23426580429077,7317
201.3969407081604,7316
201.4802417755127,7315
201.558251619339,7314
201.78608584403992,7313
201.92353463172913,7312
202.0247359275818,7311
202.10511779785156,7310
202.243061542511,7309
202.34121084213257,7308
202.4449589252472,7307
202.56450772285461,7306
202.69973373413086,7305
202.81614065170288,7304
202.96427488327026,7303
202.99164271354675,7302
203.07129073143005,7301
203.1353096961975,7300
203.35296177864075,7299
203.50200486183167,7298
203.68373084068298,7297
203.71101474761963,7296
203.73844265937805,7295
203.76610469818115,7294
203.82833170890808,7293
203.87129378318787,7292
203.8986759185791,7291
203.92610359191895,7290
203.9547917842865,7289
203.98247289657593,7288
204.03232169151306,7287
204.05969786643982,7286
204.08743381500244,7285
204.11497378349304,7284
204.14231777191162,7283
204.18874168395996,7282
204.21658658981323,7281
204.24400162696838,7280
204.27155995368958,7279
204.299076795578,7278
204.3262107372284,7277
204.353741645813,7276
204.38148474693298,7275
204.4089527130127,7274
204.43650579452515,7273
204.47860193252563,7272
204.5205898284912,7271
204.54819679260254,7270
204.57546877861023,7269
204.60283064842224,7268
204.6311047077179,7267
204.6585066318512,7266
204.68617486953735,7265
204.71368885040283,7264
204.7409815788269,7263
204.76871466636658,7262
204.7962167263031,7261
204.84188961982727,7260
204.86988973617554,7259
204.89744997024536,7258
204.9247317314148,7257
204.97353672981262,7256
205.0016896724701,7255
205.02910470962524,7254
205.05666375160217,7253
205.08413696289062,7252
205.1116077899933,7251
205.13893365859985,7250
205.1665017604828,7249
205.1938178539276,7248
205.2210338115692,7247
205.24841499328613,7246
205.27550387382507,7245
205.30304074287415,7244
205.33066701889038,7243
205.35813355445862,7242
205.40287470817566,7241
205.43022274971008,7240
205.4575138092041,7239
205.50771379470825,7238
205.5351779460907,7237
205.562561750412,7236
205.58970761299133,7235
205.61733293533325,7234
205.644868850708,7233
205.67237877845764,7232
205.69999885559082,7231
205.7272708415985,7230
205.75473475456238,7229
205.78265976905823,7228
205.82655477523804,7227
205.85421180725098,7226
205.88184762001038,7225
205.92763686180115,7224
205.95535469055176,7223
205.98296070098877,7222
206.0101397037506,7221
207.96302676200867,7220
207.99033761024475,7219
208.03503489494324,7218
208.0624556541443,7217
208.08984971046448,7216
208.11748576164246,7215
208.14498090744019,7214
208.17257976531982,7213
208.200181722641,7212
208.22766971588135,7211
208.25488686561584,7210
208.28228783607483,7209
208.30945992469788,7208
208.40392780303955,7207
208.43166375160217,7206
208.46010756492615,7205
208.4880907535553,7204
208.5158727169037,7203
208.56561875343323,7202
210.78677463531494,7201
210.86648774147034,7200
211.27165579795837,7199
212.13674759864807,7198
213.84206581115723,7197
214.0277099609375,7196
214.28347373008728,7195
214.51726174354553,7194
214.54468870162964,7193
214.57217574119568,7192
214.60158276557922,7191
214.6291127204895,7190
219.73397088050842,7189
227.2884087562561,7188
231.85628271102905,7187
231.8994266986847,7186
231.92676377296448,7185
231.9547507762909,7184
231.98238062858582,7183
232.00977778434753,7182
232.03733777999878,7181
232.06557083129883,7180
232.09655570983887,7179
232.12445282936096,7178
232.15221190452576,7177
232.1976089477539,7176
232.2249767780304,7175
232.25235891342163,7174
232.280024766922,7173
232.30755972862244,7172
232.3351879119873,7171
232.3877556324005,7170
232.45077681541443,7169
232.47898387908936,7168
232.50628089904785,7167
232.60057187080383,7166
232.64030957221985,7165
232.69412875175476,7164
232.72159075737,7163
232.74915885925293,7162
232.7764127254486,7161
232.80396795272827,7160
232.8313467502594,7159
232.905752658844,7158
232.95648789405823,7157
233.0342516899109,7156
233.06210088729858,7155
233.0898997783661,7154
233.13676285743713,7153
