4.1961669921875e-05,1024
0.0012969970703125,1023
0.002655029296875,1022
0.003871917724609375,1021
0.00506281852722168,1020
0.006212949752807617,1019
0.007412910461425781,1018
0.008641719818115234,1017
0.009762763977050781,1016
0.010905742645263672,1015
0.012122869491577148,1014
0.013455867767333984,1013
0.01464080810546875,1012
0.015774965286254883,1011
0.01690196990966797,1010
0.01806497573852539,1009
0.019207000732421875,1008
0.020332813262939453,1007
0.021461009979248047,1006
0.022676944732666016,1005
0.023854732513427734,1004
0.02506089210510254,1003
0.026453733444213867,1002
0.0278170108795166,1001
0.02904677391052246,1000
0.030236005783081055,999
0.03142404556274414,998
0.03265690803527832,997
0.0339047908782959,996
0.03511500358581543,995
0.036290884017944336,994
0.03753089904785156,993
0.03872275352478027,992
0.03991389274597168,991
0.041214942932128906,990
0.042536020278930664,989
0.04489779472351074,988
0.04619884490966797,987
0.04745078086853027,986
0.048718929290771484,985
0.04989290237426758,984
0.051065921783447266,983
0.05227398872375488,982
0.05353593826293945,981
0.05480790138244629,980
0.05618691444396973,979
0.057717084884643555,978
0.05904388427734375,977
0.06042671203613281,976
0.061708688735961914,975
0.06288599967956543,974
0.06412696838378906,973
0.06538867950439453,972
0.06678390502929688,971
0.06815171241760254,970
0.06954598426818848,969
0.07080674171447754,968
0.07213377952575684,967
0.07422804832458496,966
0.07545781135559082,965
0.07677173614501953,964
0.07797574996948242,963
0.07920289039611816,962
0.08047080039978027,961
0.08181476593017578,960
0.08308887481689453,959
0.08428192138671875,958
0.0854637622833252,957
0.0866849422454834,956
0.08788776397705078,955
0.0890798568725586,954
0.09025692939758301,953
0.09153580665588379,952
0.09271979331970215,951
0.09394288063049316,950
0.09516692161560059,949
0.09651899337768555,948
0.09779787063598633,947
0.09897994995117188,946
0.10013985633850098,945
0.10135102272033691,944
0.1025238037109375,943
0.1036827564239502,942
0.10579991340637207,941
0.10704183578491211,940
0.10949897766113281,939
0.1110389232635498,938
0.11241292953491211,937
0.11368584632873535,936
0.11542582511901855,935
0.1169438362121582,934
0.11814308166503906,933
0.11941981315612793,932
0.12103390693664551,931
0.12235784530639648,930
0.12371277809143066,929
0.1250438690185547,928
0.12642574310302734,927
0.128004789352417,926
0.1298208236694336,925
0.13115596771240234,924
0.13241887092590332,923
0.13361477851867676,922
0.13559770584106445,921
0.13675189018249512,920
0.13793277740478516,919
0.139190673828125,918
0.14047908782958984,917
0.14176177978515625,916
0.14308381080627441,915
0.14448189735412598,914
0.14579486846923828,913
0.14712190628051758,912
0.15042996406555176,911
0.1523888111114502,910
0.1545548439025879,909
0.15568900108337402,908
0.15682387351989746,907
0.15816879272460938,906
0.16065478324890137,905
0.16213583946228027,904
0.16486883163452148,903
0.1662149429321289,902
0.16834282875061035,901
0.16970086097717285,900
0.17413997650146484,899
0.17549490928649902,898
0.17674875259399414,897
0.17884182929992676,896
0.1801438331604004,895
0.18259882926940918,894
0.183837890625,893
0.18514680862426758,892
0.1864006519317627,891
0.1875898838043213,890
0.19126081466674805,889
0.19464993476867676,888
0.1961967945098877,887
0.197645902633667,886
0.19885492324829102,885
0.20002388954162598,884
0.20122981071472168,883
0.20239901542663574,882
0.20357584953308105,881
0.20475983619689941,880
0.20596098899841309,879
0.20714282989501953,878
0.21109890937805176,877
0.21225500106811523,876
0.2134108543395996,875
0.2153019905090332,874
0.2164778709411621,873
0.2185060977935791,872
0.22072577476501465,871
0.22187185287475586,870
0.2243058681488037,869
0.2316906452178955,868
0.2337968349456787,867
0.2357649803161621,866
0.23920679092407227,865
0.24158978462219238,864
0.24361872673034668,863
0.24566197395324707,862
0.24901676177978516,861
0.2503488063812256,860
0.2530858516693115,859
0.254422664642334,858
0.2558457851409912,857
0.2571218013763428,856
0.26506710052490234,855
0.2662959098815918,854
0.26842403411865234,853
0.2695469856262207,852
0.27237677574157715,851
0.27349090576171875,850
0.2774937152862549,849
0.2802708148956299,848
0.282451868057251,847
0.28517580032348633,846
0.29019880294799805,845
0.2924230098724365,844
0.29529881477355957,843
0.29865193367004395,842
0.3005969524383545,841
0.3027946949005127,840
0.3049497604370117,839
0.3069887161254883,838
0.31287407875061035,837
0.3140707015991211,836
0.3152198791503906,835
0.32087087631225586,834
0.3220360279083252,833
0.3231959342956543,832
0.3243379592895508,831
0.3254857063293457,830
0.3282907009124756,829
0.32946276664733887,828
0.33271193504333496,827
0.33559393882751465,826
0.3407559394836426,825
0.34267592430114746,824
0.3446390628814697,823
0.34578990936279297,822
0.3497800827026367,821
0.352031946182251,820
0.3559708595275879,819
0.360440731048584,818
0.3642129898071289,817
0.3663308620452881,816
0.3718857765197754,815
0.3740377426147461,814
0.3751718997955322,813
0.37724971771240234,812
0.3793928623199463,811
0.3834357261657715,810
0.38565993309020996,809
0.38794970512390137,808
0.39016199111938477,807
0.39391374588012695,806
0.3961038589477539,805
0.3999056816101074,804
0.40288686752319336,803
0.40570783615112305,802
0.4068570137023926,801
0.408754825592041,800
0.41084885597229004,799
0.41196703910827637,798
0.4136977195739746,797
0.41483092308044434,796
0.41815185546875,795
0.42197370529174805,794
0.42461276054382324,793
0.4284188747406006,792
0.4320390224456787,791
0.43425679206848145,790
0.4382617473602295,789
0.44073486328125,788
0.4423098564147949,787
0.44556188583374023,786
0.4497847557067871,785
0.45116400718688965,784
0.4598228931427002,783
0.4654967784881592,782
0.4669818878173828,781
0.46825194358825684,780
0.4760310649871826,779
0.49924683570861816,778
0.5131967067718506,777
0.5159680843353271,776
0.5282566547393799,775
0.5295000076293945,774
0.5433049201965332,773
0.554995059967041,772
0.5740878582000732,771
0.5786776542663574,770
0.5833837985992432,769
0.5884947776794434,768
0.6107869148254395,767
0.6620979309082031,766
0.6823828220367432,765
0.686882734298706,764
0.6968898773193359,763
0.6992337703704834,762
0.7166719436645508,761
0.7235620021820068,760
0.7333567142486572,759
0.7375257015228271,758
0.7552180290222168,757
0.8194539546966553,756
0.8220198154449463,755
0.8463478088378906,754
0.8490240573883057,753
0.853618860244751,752
0.901533842086792,751
0.9513170719146729,750
0.9575948715209961,749
0.99782395362854,748
1.0269677639007568,747
1.0340359210968018,746
