1.9788742065429688e-05,1133
0.0021469593048095703,1132
0.0041849613189697266,1131
0.006129026412963867,1130
0.008049964904785156,1129
0.010061025619506836,1128
0.011960983276367188,1127
0.013871908187866211,1126
0.015845060348510742,1125
0.017792940139770508,1124
0.019702911376953125,1123
0.021712064743041992,1122
0.02361011505126953,1121
0.025527000427246094,1120
0.02750682830810547,1119
0.029419898986816406,1118
0.03133201599121094,1117
0.033351898193359375,1116
0.03527688980102539,1115
0.03719806671142578,1114
0.03918004035949707,1113
0.04109001159667969,1112
0.0430140495300293,1111
0.04501485824584961,1110
0.04691195487976074,1109
0.048831939697265625,1108
0.05083107948303223,1107
0.052741050720214844,1106
0.054650068283081055,1105
0.056674957275390625,1104
0.0585787296295166,1103
0.060524940490722656,1102
0.06251001358032227,1101
0.06442689895629883,1100
0.06631803512573242,1099
0.06831884384155273,1098
0.07021307945251465,1097
0.07212686538696289,1096
0.07409882545471191,1095
0.07602190971374512,1094
0.07791495323181152,1093
0.07990908622741699,1092
0.08180403709411621,1091
0.08371806144714355,1090
0.08569216728210449,1089
0.08760786056518555,1088
0.0894927978515625,1087
0.0914919376373291,1086
0.0933837890625,1085
0.09529900550842285,1084
0.09727883338928223,1083
0.09918785095214844,1082
0.1010749340057373,1081
0.10306811332702637,1080
0.10498905181884766,1079
0.10690903663635254,1078
0.10890007019042969,1077
0.11082005500793457,1076
0.1127469539642334,1075
0.1147470474243164,1074
0.11665606498718262,1073
0.11857080459594727,1072
0.12056207656860352,1071
0.12253189086914062,1070
0.12446308135986328,1069
0.12651801109313965,1068
0.12841582298278809,1067
0.1303238868713379,1066
0.13230299949645996,1065
0.1342151165008545,1064
0.13610315322875977,1063
0.13810396194458008,1062
0.14000201225280762,1061
0.14191102981567383,1060
0.1438908576965332,1059
0.14583897590637207,1058
0.14772701263427734,1057
0.1497478485107422,1056
0.15165209770202637,1055
0.1535789966583252,1054
0.1555497646331787,1053
0.15747904777526855,1052
0.1593639850616455,1051
0.16135907173156738,1050
0.1632540225982666,1049
0.16516804695129395,1048
0.16715002059936523,1047
0.1690659523010254,1046
0.17097687721252441,1045
0.17298078536987305,1044
0.17487192153930664,1043
0.17677688598632812,1042
0.1787550449371338,1041
0.18067097663879395,1040
0.18254995346069336,1039
0.1845381259918213,1038
0.18644189834594727,1037
0.18838191032409668,1036
0.19036006927490234,1035
0.192274808883667,1034
0.19416499137878418,1033
0.19615674018859863,1032
0.19807100296020508,1031
0.19997572898864746,1030
0.2019498348236084,1029
0.203873872756958,1028
0.20576095581054688,1027
0.20777392387390137,1026
0.20967388153076172,1025
0.21158075332641602,1024
0.21355414390563965,1023
0.2154710292816162,1022
0.2173628807067871,1021
0.21935510635375977,1020
0.22125983238220215,1019
0.2231740951538086,1018
0.22514796257019043,1017
0.22707390785217285,1016
0.22896504402160645,1015
0.23096585273742676,1014
0.2328660488128662,1013
0.23480796813964844,1012
0.23683810234069824,1011
0.23877191543579102,1010
0.2406759262084961,1009
0.24268579483032227,1008
0.24458789825439453,1007
0.24654507637023926,1006
0.2485198974609375,1005
0.25043606758117676,1004
0.2523369789123535,1003
0.25433802604675293,1002
0.256242036819458,1001
0.2581648826599121,1000
0.26015686988830566,999
0.26209592819213867,998
0.2639789581298828,997
0.26601099967956543,996
0.26792383193969727,995
0.2698328495025635,994
0.27181196212768555,993
0.2737300395965576,992
0.2756178379058838,991
0.27765607833862305,990
0.27956700325012207,989
0.2814760208129883,988
0.28345584869384766,987
0.285398006439209,986
0.2873687744140625,985
0.2894439697265625,984
0.29137706756591797,983
0.29329895973205566,982
0.2952921390533447,981
0.297224760055542,980
0.2991180419921875,979
0.30112409591674805,978
0.303023099899292,977
0.30493783950805664,976
0.3069190979003906,975
0.3088369369506836,974
0.3107271194458008,973
0.31275200843811035,972
0.31469106674194336,971
0.31661415100097656,970
0.31859898567199707,969
0.3205258846282959,968
0.3224189281463623,967
0.32442212104797363,966
0.3263280391693115,965
0.3282809257507324,964
0.33030176162719727,963
0.3322288990020752,962
0.33605003356933594,961
0.33794713020324707,960
0.33989500999450684,959
0.3418867588043213,958
0.34380412101745605,957
0.34569692611694336,956
0.34770798683166504,955
0.3496129512786865,954
0.3515307903289795,953
0.35352277755737305,952
0.3554370403289795,951
0.35732603073120117,950
0.3593268394470215,949
0.36122894287109375,948
0.3631620407104492,947
0.36514902114868164,946
0.36707401275634766,945
0.3689718246459961,944
0.3709831237792969,943
0.3728799819946289,942
0.3747889995574951,941
0.3767731189727783,940
0.3786888122558594,939
0.3805830478668213,938
0.3825838565826416,937
0.3844928741455078,936
0.38640403747558594,935
0.38838911056518555,934
0.3903038501739502,933
0.39219188690185547,932
0.3953969478607178,931
0.3973429203033447,930
0.3993229866027832,929
0.4012329578399658,928
0.40315985679626465,927
0.40516185760498047,926
0.4070608615875244,925
0.40897393226623535,924
0.41095399856567383,923
0.4128749370574951,922
0.4147911071777344,921
0.4168128967285156,920
0.4187130928039551,919
0.4206218719482422,918
0.42259907722473145,917
0.42452096939086914,916
0.42641711235046387,915
0.4297678470611572,914
0.4316871166229248,913
0.43367695808410645,912
0.435589075088501,911
0.43747901916503906,910
0.44067978858947754,909
0.44260692596435547,908
0.44458889961242676,907
0.4465031623840332,906
0.4484131336212158,905
0.4504120349884033,904
0.4523329734802246,903
0.4542508125305176,902
0.4562349319458008,901
0.45815181732177734,900
0.460040807723999,899
0.46329498291015625,898
0.4652378559112549,897
0.46722912788391113,896
0.4691507816314697,895
0.47106504440307617,894
0.47306394577026367,893
0.474977970123291,892
0.476895809173584,891
0.4788939952850342,890
0.48081088066101074,889
0.4827089309692383,888
0.4847128391265869,887
0.48662400245666504,886
0.48854994773864746,885
0.4905269145965576,884
0.4924459457397461,883
0.49434590339660645,882
0.49637293815612793,881
0.4982728958129883,880
0.5001828670501709,879
0.5021719932556152,878
0.505871057510376,877
0.5078859329223633,876
0.5112900733947754,875
0.513275146484375,874
0.5168790817260742,873
0.5188930034637451,872
0.5208249092102051,871
0.5227351188659668,870
0.5247368812561035,869
0.5266759395599365,868
0.5298159122467041,867
0.531714916229248,866
0.5336618423461914,865
0.5357229709625244,864
0.537714958190918,863
0.5396230220794678,862
0.5416240692138672,861
0.5435271263122559,860
0.5454409122467041,859
0.5474488735198975,858
0.5493831634521484,857
0.5531349182128906,856
0.5550839900970459,855
0.55702805519104,854
0.5590109825134277,853
0.5609488487243652,852
0.5628459453582764,851
0.5648789405822754,850
0.5667970180511475,849
0.5687227249145508,848
0.570716142654419,847
0.5726449489593506,846
0.5745358467102051,845
0.57759690284729,844
0.5795130729675293,843
0.5814979076385498,842
0.584604024887085,841
0.5866138935089111,840
0.5885739326477051,839
0.590501070022583,838
0.5924861431121826,837
0.5944018363952637,836
0.5963318347930908,835
0.5983657836914062,834
0.6019880771636963,833
0.6056749820709229,832
0.6075911521911621,831
0.6095960140228271,830
0.6114931106567383,829
0.6134021282196045,828
0.6174399852752686,827
0.6205978393554688,826
0.6226389408111572,825
0.6246278285980225,824
0.6271669864654541,823
0.6291911602020264,822
0.6311867237091064,821
0.6332011222839355,820
0.6351699829101562,819
0.6371638774871826,818
0.6451249122619629,817
0.6470818519592285,816
0.6504828929901123,815
0.6524231433868408,814
0.6598351001739502,813
0.6633341312408447,812
0.6653239727020264,811
0.6672627925872803,810
0.6691858768463135,809
0.6712050437927246,808
0.6730988025665283,807
0.675044059753418,806
0.6770191192626953,805
0.6789669990539551,804
0.6808481216430664,803
0.6828620433807373,802
0.684755802154541,801
0.6866950988769531,800
0.6886849403381348,799
0.6906189918518066,798
0.6925060749053955,797
0.6967849731445312,796
0.7012288570404053,795
0.7032589912414551,794
0.7051548957824707,793
0.7071027755737305,792
0.7090740203857422,791
0.7110040187835693,790
0.7129058837890625,789
0.7149348258972168,788
0.7168259620666504,787
0.7187540531158447,786
0.7207331657409668,785
0.722700834274292,784
0.7246229648590088,783
0.7294230461120605,782
0.7314269542694092,781
0.7333669662475586,780
0.7352519035339355,779
0.7372877597808838,778
0.7391879558563232,777
0.7411167621612549,776
0.7459590435028076,775
0.7497339248657227,774
0.751666784286499,773
0.7536637783050537,772
0.7556247711181641,771
0.7586479187011719,770
0.7605459690093994,769
0.765714168548584,768
0.767611026763916,767
0.7710418701171875,766
0.7729859352111816,765
0.776508092880249,764
0.7784130573272705,763
0.781857967376709,762
0.7852420806884766,761
0.7888507843017578,760
0.7908740043640137,759
0.7928078174591064,758
0.794813871383667,757
0.7968118190765381,756
0.800058126449585,755
0.8020761013031006,754
0.803987979888916,753
0.809959888458252,752
0.8137078285217285,751
0.8170127868652344,750
0.8207669258117676,749
0.8227970600128174,748
0.8279199600219727,747
0.8298530578613281,746
0.831732988357544,745
0.8337571620941162,744
0.8356499671936035,743
0.8375918865203857,742
0.839576005935669,741
0.8415117263793945,740
0.8437559604644775,739
0.8481509685516357,738
0.8500828742980957,737
0.8538229465484619,736
0.8557639122009277,735
0.8593039512634277,734
0.8612110614776611,733
0.8658678531646729,732
0.8691718578338623,731
0.8710927963256836,730
0.8731329441070557,729
0.8750419616699219,728
0.87699294090271,727
0.8790178298950195,726
0.8809599876403809,725
0.8828918933868408,724
0.8849210739135742,723
0.88686203956604,722
0.8924558162689209,721
0.8943710327148438,720
0.9004359245300293,719
0.9023861885070801,718
0.9063138961791992,717
0.9082269668579102,716
0.9118978977203369,715
0.9138579368591309,714
0.915769100189209,713
0.9211809635162354,712
0.9285070896148682,711
0.9317209720611572,710
0.9336769580841064,709
0.9356091022491455,708
0.9387791156768799,707
0.9407210350036621,706
0.942720890045166,705
0.9446899890899658,704
0.9485549926757812,703
0.9523320198059082,702
0.9543569087982178,701
0.9563097953796387,700
0.9593560695648193,699
0.9612729549407959,698
0.964677095413208,697
0.9666311740875244,696
0.9685418605804443,695
0.970599889755249,694
0.9725069999694824,693
0.9784870147705078,692
0.9864199161529541,691
0.9883360862731934,690
0.9903709888458252,689
0.9936239719390869,688
1.0005419254302979,687
1.004051923751831,686
1.0085821151733398,685
1.0118589401245117,684
1.0153388977050781,683
1.0172808170318604,682
1.0191950798034668,681
1.021216869354248,680
1.0291779041290283,679
1.0312049388885498,678
1.033116102218628,677
1.038588047027588,676
1.0434458255767822,675
1.0487017631530762,674
1.0523650646209717,673
1.0543091297149658,672
1.0606749057769775,671
1.0679118633270264,670
1.0817997455596924,669
1.0837609767913818,668
1.0983409881591797,667
1.1053249835968018,666
1.107353925704956,665
1.1105740070343018,664
1.115468978881836,663
1.12080717086792,662
1.1366157531738281,661
1.1385729312896729,660
1.143305778503418,659
1.1496028900146484,658
1.1530957221984863,657
1.1552050113677979,656
1.1615557670593262,655
1.1634979248046875,654
1.1687679290771484,653
1.1773829460144043,652
1.2017419338226318,651
1.2149529457092285,650
1.217000961303711,649
1.2323479652404785,648
1.2354447841644287,647
1.2385399341583252,646
1.244980812072754,645
1.2469699382781982,644
1.2508127689361572,643
1.2712087631225586,642
1.2763230800628662,641
1.2782330513000488,640
1.2816827297210693,639
1.2868540287017822,638
1.2887630462646484,637
1.3083460330963135,636
1.325500726699829,635
1.3274478912353516,634
1.3364028930664062,633
1.3486011028289795,632
1.379256010055542,631
1.4045307636260986,630
1.4149737358093262,629
1.4239997863769531,628
1.426224946975708,627
1.4492340087890625,626
1.4835481643676758,625
1.4901537895202637,624
1.4964089393615723,623
1.5101161003112793,622
1.5226390361785889,621
1.5283739566802979,620
1.5479631423950195,619
1.563999891281128,618
1.5671658515930176,617
1.6144988536834717,616
1.6202468872070312,615
1.8262629508972168,614
