4.76837158203125e-06,198
0.0010077953338623047,197
0.0019419193267822266,196
0.0029478073120117188,195
0.003841876983642578,194
0.004736900329589844,193
0.005631923675537109,192
0.0065038204193115234,191
0.0073699951171875,190
0.008236885070800781,189
0.009101629257202148,188
0.010562658309936523,187
0.013058662414550781,186
0.013913869857788086,185
0.01620197296142578,184
0.017059803009033203,183
0.019255638122558594,182
0.021179914474487305,181
0.022603988647460938,180
0.02399897575378418,179
0.02548670768737793,178
0.026340723037719727,177
0.027206897735595703,176
0.029620885848999023,175
0.03048396110534668,174
0.03133893013000488,173
0.0321958065032959,172
0.03354477882385254,171
0.034399986267089844,170
0.03661990165710449,169
0.03818392753601074,168
0.041313886642456055,167
0.045485734939575195,166
0.04691290855407715,165
0.05224871635437012,164
0.05383872985839844,163
0.06412792205810547,162
0.07168102264404297,161
0.08458185195922852,160
