1.9073486328125e-05,34
7.319450378417969e-05,33
0.00010800361633300781,32
0.00013899803161621094,31
0.00016999244689941406,30
0.00020122528076171875,29
0.00023317337036132812,28
0.000263214111328125,27
0.0002942085266113281,26
0.00032401084899902344,25
0.0003540515899658203,24
0.0003838539123535156,23
0.00041222572326660156,22
0.0004420280456542969,21
0.0004992485046386719,20
0.0005290508270263672,19
0.0005779266357421875,18
0.0006389617919921875,17
0.0007221698760986328,16
0.0007772445678710938,15
0.0008070468902587891,14
