1.4066696166992188e-05,1589
0.0012259483337402344,1588
0.002370119094848633,1587
0.0034720897674560547,1586
0.004647254943847656,1585
0.005736827850341797,1584
0.0068089962005615234,1583
0.007881879806518555,1582
0.009025096893310547,1581
0.010103940963745117,1580
0.011234045028686523,1579
0.012338876724243164,1578
0.013431072235107422,1577
0.01450204849243164,1576
0.01557016372680664,1575
0.016637086868286133,1574
0.017719030380249023,1573
0.01881122589111328,1572
0.01987290382385254,1571
0.020943164825439453,1570
0.022030115127563477,1569
0.02313709259033203,1568
0.024306058883666992,1567
0.025517940521240234,1566
0.026668071746826172,1565
0.027821063995361328,1564
0.028918027877807617,1563
0.02999591827392578,1562
0.0310671329498291,1561
0.03215622901916504,1560
0.03322792053222656,1559
0.03429818153381348,1558
0.03538990020751953,1557
0.036524057388305664,1556
0.03775215148925781,1555
0.03885197639465332,1554
0.039930105209350586,1553
0.04101395606994629,1552
0.042140960693359375,1551
0.043228864669799805,1550
0.04434084892272949,1549
0.04542899131774902,1548
0.046566009521484375,1547
0.04764580726623535,1546
0.04871106147766113,1545
0.049774169921875,1544
0.0508580207824707,1543
0.05197906494140625,1542
0.05304384231567383,1541
0.05411720275878906,1540
0.05519890785217285,1539
0.0562741756439209,1538
0.05734705924987793,1537
0.05847501754760742,1536
0.0595700740814209,1535
0.060662031173706055,1534
0.06174612045288086,1533
0.0628211498260498,1532
0.06395602226257324,1531
0.06502699851989746,1530
0.06611394882202148,1529
0.0672309398651123,1528
0.06834721565246582,1527
0.06942200660705566,1526
0.07049202919006348,1525
0.07157087326049805,1524
0.07266879081726074,1523
0.07374095916748047,1522
0.07486796379089355,1521
0.07594490051269531,1520
0.07703900337219238,1519
0.07810401916503906,1518
0.07918620109558105,1517
0.08027100563049316,1516
0.08137011528015137,1515
0.08243703842163086,1514
0.08349990844726562,1513
0.08457803726196289,1512
0.08568215370178223,1511
0.08674502372741699,1510
0.08781695365905762,1509
0.08888101577758789,1508
0.08998489379882812,1507
0.09105300903320312,1506
0.09212803840637207,1505
0.09318804740905762,1504
0.09429597854614258,1503
0.09536194801330566,1502
0.09642386436462402,1501
0.0974881649017334,1500
0.09859514236450195,1499
0.09967803955078125,1498
0.10080313682556152,1497
0.10192990303039551,1496
0.10310816764831543,1495
0.10425806045532227,1494
0.10541796684265137,1493
0.10654783248901367,1492
0.10772705078125,1491
0.10880398750305176,1490
0.10986804962158203,1489
0.11096000671386719,1488
0.1120750904083252,1487
0.11314511299133301,1486
0.11420416831970215,1485
0.115264892578125,1484
0.11639809608459473,1483
0.11747598648071289,1482
0.11853599548339844,1481
0.11972498893737793,1480
0.12082195281982422,1479
0.12188911437988281,1478
0.12297487258911133,1477
0.12406182289123535,1476
0.12518906593322754,1475
0.12625718116760254,1474
0.1273488998413086,1473
0.12843585014343262,1472
0.12956690788269043,1471
0.13065791130065918,1470
0.13171982765197754,1469
0.13280797004699707,1468
0.13391613960266113,1467
0.13498592376708984,1466
0.13613510131835938,1465
0.13725590705871582,1464
0.13841986656188965,1463
0.1395251750946045,1462
0.14061903953552246,1461
0.141754150390625,1460
0.14284992218017578,1459
0.14464712142944336,1458
0.1459031105041504,1457
0.14801502227783203,1456
0.14989209175109863,1455
0.150986909866333,1454
0.1520838737487793,1453
0.15317296981811523,1452
0.15427494049072266,1451
0.15614008903503418,1450
0.15722012519836426,1449
0.1594700813293457,1448
0.16162514686584473,1447
0.16278505325317383,1446
0.16496706008911133,1445
0.16613388061523438,1444
0.16834187507629395,1443
0.17042803764343262,1442
0.1716320514678955,1441
0.17405009269714355,1440
0.17526698112487793,1439
0.17655110359191895,1438
0.17790794372558594,1437
0.17946791648864746,1436
0.18176007270812988,1435
0.18406105041503906,1434
0.18514513969421387,1433
0.18694496154785156,1432
0.18805909156799316,1431
0.18921208381652832,1430
0.19044089317321777,1429
0.19182300567626953,1428
0.19314193725585938,1427
0.19556188583374023,1426
0.19672608375549316,1425
0.1977980136871338,1424
0.1989459991455078,1423
0.20004701614379883,1422
0.20223784446716309,1421
0.2033698558807373,1420
0.20448899269104004,1419
0.20560002326965332,1418
0.20673823356628418,1417
0.2079160213470459,1416
0.20997285842895508,1415
0.21108198165893555,1414
0.21289706230163574,1413
0.21399188041687012,1412
0.21576499938964844,1411
0.21684598922729492,1410
0.21894502639770508,1409
0.22122812271118164,1408
0.22397303581237793,1407
0.2262570858001709,1406
0.22754192352294922,1405
0.22980093955993652,1404
0.2324049472808838,1403
0.23471784591674805,1402
0.23606395721435547,1401
0.23833107948303223,1400
0.24019718170166016,1399
0.24273204803466797,1398
0.24488496780395508,1397
0.2470991611480713,1396
0.24898982048034668,1395
0.2517280578613281,1394
0.2531900405883789,1393
0.2557220458984375,1392
0.2579638957977295,1391
0.2601032257080078,1390
0.2623281478881836,1389
0.26453399658203125,1388
0.26697587966918945,1387
0.2697720527648926,1386
0.27096104621887207,1385
0.27303504943847656,1384
0.2742331027984619,1383
0.27636289596557617,1382
0.2789950370788574,1381
0.2804248332977295,1380
0.2826240062713623,1379
0.28391504287719727,1378
0.28519701957702637,1377
0.2864501476287842,1376
0.2877681255340576,1375
0.2890310287475586,1374
0.2919340133666992,1373
0.2932710647583008,1372
0.295029878616333,1371
0.2991158962249756,1370
0.3034522533416748,1369
0.3054990768432617,1368
0.30768513679504395,1367
0.3101370334625244,1366
0.3154489994049072,1365
0.3177070617675781,1364
0.3189060688018799,1363
0.3210940361022949,1362
0.3222639560699463,1361
0.32342004776000977,1360
0.32569003105163574,1359
0.32822084426879883,1358
0.33036303520202637,1357
0.3336648941040039,1356
0.33531904220581055,1355
0.33677005767822266,1354
0.33872294425964355,1353
0.34121108055114746,1352
0.3427009582519531,1351
0.3441169261932373,1350
0.3453512191772461,1349
0.3474550247192383,1348
0.34865880012512207,1347
0.3510770797729492,1346
0.35347819328308105,1345
0.354686975479126,1344
0.3558619022369385,1343
0.3581669330596924,1342
0.3593330383300781,1341
0.3605968952178955,1340
0.36252307891845703,1339
0.3637070655822754,1338
0.36616015434265137,1337
0.3682229518890381,1336
0.36951494216918945,1335
0.37355685234069824,1334
0.3780231475830078,1333
0.3796861171722412,1332
0.38132810592651367,1331
0.38318896293640137,1330
0.3856351375579834,1329
0.386868953704834,1328
0.38805603981018066,1327
0.390056848526001,1326
0.3912220001220703,1325
0.3932030200958252,1324
0.395064115524292,1323
0.3962230682373047,1322
0.39946699142456055,1321
0.4043850898742676,1320
0.40692710876464844,1319
0.40847301483154297,1318
0.41224217414855957,1317
0.4149510860443115,1316
0.41614603996276855,1315
0.41735386848449707,1314
0.4185359477996826,1313
0.42073702812194824,1312
0.422821044921875,1311
0.42397522926330566,1310
0.42514824867248535,1309
0.4263300895690918,1308
0.42859601974487305,1307
0.4305460453033447,1306
0.43171095848083496,1305
0.4336659908294678,1304
0.4357171058654785,1303
0.437852144241333,1302
0.4400649070739746,1301
0.4422461986541748,1300
0.4461240768432617,1299
0.44916296005249023,1298
0.4515349864959717,1297
0.4529600143432617,1296
0.45525026321411133,1295
0.4567990303039551,1294
0.45929694175720215,1293
0.46515393257141113,1292
0.46739816665649414,1291
0.46967601776123047,1290
0.47101521492004395,1289
0.47358202934265137,1288
0.4747791290283203,1287
0.4763979911804199,1286
0.47763919830322266,1285
0.48011016845703125,1284
0.48210906982421875,1283
0.48415112495422363,1282
0.485368013381958,1281
0.48674702644348145,1280
0.48801612854003906,1279
0.48923206329345703,1278
0.4915812015533447,1277
0.49358296394348145,1276
0.4947812557220459,1275
0.4959831237792969,1274
0.49819421768188477,1273
0.5004501342773438,1272
0.5016398429870605,1271
0.5028150081634521,1270
0.5051381587982178,1269
0.5063228607177734,1268
0.5074779987335205,1267
0.5096800327301025,1266
0.5115351676940918,1265
0.5135998725891113,1264
0.5148651599884033,1263
0.5162250995635986,1262
0.5184502601623535,1261
0.519686222076416,1260
0.5218639373779297,1259
0.5241730213165283,1258
0.5263869762420654,1257
0.527569055557251,1256
0.5287289619445801,1255
0.5299031734466553,1254
0.5328061580657959,1253
0.5355870723724365,1252
0.5367579460144043,1251
0.539823055267334,1250
0.5422132015228271,1249
0.543524980545044,1248
0.5447001457214355,1247
0.5480360984802246,1246
0.5513689517974854,1245
0.5539770126342773,1244
0.556818962097168,1243
0.5580358505249023,1242
0.5609531402587891,1241
0.5635828971862793,1240
0.565946102142334,1239
0.5692360401153564,1238
0.5704481601715088,1237
0.5733098983764648,1236
0.5754659175872803,1235
0.5783720016479492,1234
0.5804190635681152,1233
0.5832960605621338,1232
0.5844831466674805,1231
0.5867290496826172,1230
0.587925910949707,1229
0.5900449752807617,1228
0.5927879810333252,1227
0.5959279537200928,1226
0.5980830192565918,1225
0.6003389358520508,1224
0.6034719944000244,1223
0.6047320365905762,1222
0.6070001125335693,1221
0.6081609725952148,1220
0.6093711853027344,1219
0.6108448505401611,1218
0.6138980388641357,1217
0.6150820255279541,1216
0.6162521839141846,1215
0.6192419528961182,1214
0.6205580234527588,1213
0.6217610836029053,1212
0.6247868537902832,1211
0.6259911060333252,1210
0.6283431053161621,1209
0.6318399906158447,1208
0.6331250667572021,1207
0.6344659328460693,1206
0.6375889778137207,1205
0.6406981945037842,1204
0.6439831256866455,1203
0.6452112197875977,1202
0.6480188369750977,1201
0.6514930725097656,1200
0.6527740955352783,1199
0.6556780338287354,1198
0.6577258110046387,1197
0.6599750518798828,1196
0.6612520217895508,1195
0.6624610424041748,1194
0.6638240814208984,1193
0.6652369499206543,1192
0.6676220893859863,1191
0.6688640117645264,1190
0.6700899600982666,1189
0.6713378429412842,1188
0.6725502014160156,1187
0.6756768226623535,1186
0.6789560317993164,1185
0.680042028427124,1184
0.6811251640319824,1183
0.6838488578796387,1182
0.6849441528320312,1181
0.6882679462432861,1180
0.6894640922546387,1179
0.6924960613250732,1178
0.6946260929107666,1177
0.695842981338501,1176
0.6971800327301025,1175
0.698307991027832,1174
0.6993899345397949,1173
0.7030210494995117,1172
0.7048659324645996,1171
0.7059729099273682,1170
0.7085931301116943,1169
0.7104601860046387,1168
0.7115938663482666,1167
0.7135250568389893,1166
0.7146179676055908,1165
0.7163569927215576,1164
0.717487096786499,1163
0.7205610275268555,1162
0.7228631973266602,1161
0.7265629768371582,1160
0.7292079925537109,1159
0.7310969829559326,1158
0.7352349758148193,1157
0.7384932041168213,1156
0.7407212257385254,1155
0.742851972579956,1154
0.7439839839935303,1153
0.7459020614624023,1152
0.7489240169525146,1151
0.7520308494567871,1150
0.7543118000030518,1149
0.7571361064910889,1148
0.759774923324585,1147
0.7635729312896729,1146
0.7646770477294922,1145
0.7671432495117188,1144
0.7683398723602295,1143
0.7712502479553223,1142
0.7741661071777344,1141
0.7759878635406494,1140
0.778994083404541,1139
0.7800791263580322,1138
0.781933069229126,1137
0.7840330600738525,1136
0.7851130962371826,1135
0.7871558666229248,1134
0.788978099822998,1133
0.7918851375579834,1132
0.7947759628295898,1131
0.7958500385284424,1130
0.7969350814819336,1129
0.799943208694458,1128
0.802642822265625,1127
0.8046331405639648,1126
0.8057270050048828,1125
0.8067991733551025,1124
0.8087751865386963,1123
0.8099172115325928,1122
0.8131730556488037,1121
0.8142690658569336,1120
0.8171770572662354,1119
0.8183059692382812,1118
0.8212060928344727,1117
0.823357105255127,1116
0.8252079486846924,1115
0.8273389339447021,1114
0.8302230834960938,1113
0.8330521583557129,1112
0.8342971801757812,1111
0.8363330364227295,1110
0.8385529518127441,1109
0.8403701782226562,1108
0.8436179161071777,1107
0.8462460041046143,1106
0.8481240272521973,1105
0.8501381874084473,1104
0.8532090187072754,1103
0.8550300598144531,1102
0.856104850769043,1101
0.8580629825592041,1100
0.8591878414154053,1099
0.8620221614837646,1098
0.8639070987701416,1097
0.8659720420837402,1096
0.8686819076538086,1095
0.8699641227722168,1094
0.8710930347442627,1093
0.874006986618042,1092
0.8767240047454834,1091
0.878730058670044,1090
0.8806672096252441,1089
0.8836150169372559,1088
0.8856661319732666,1087
0.8886408805847168,1086
0.8897252082824707,1085
0.8908159732818604,1084
0.8936519622802734,1083
0.8947329521179199,1082
0.8966970443725586,1081
0.8985240459442139,1080
0.900662899017334,1079
0.9031720161437988,1078
0.9067389965057373,1077
0.9078261852264404,1076
0.9089410305023193,1075
0.9114108085632324,1074
0.9161441326141357,1073
0.921151876449585,1072
0.9231679439544678,1071
0.9301731586456299,1070
0.9335920810699463,1069
0.9363360404968262,1068
0.9374101161956787,1067
0.9384779930114746,1066
0.940438985824585,1065
0.9415111541748047,1064
0.9454340934753418,1063
0.9494309425354004,1062
0.9515781402587891,1061
0.9526550769805908,1060
0.9563918113708496,1059
0.9601330757141113,1058
0.9618921279907227,1057
0.965181827545166,1056
0.9699351787567139,1055
0.9717459678649902,1054
0.9749019145965576,1053
0.9760019779205322,1052
0.9770889282226562,1051
0.9799470901489258,1050
0.9821958541870117,1049
0.9854440689086914,1048
0.9866790771484375,1047
0.9888460636138916,1046
0.9900650978088379,1045
0.9913120269775391,1044
0.993319034576416,1043
0.9966020584106445,1042
0.9988458156585693,1041
1.0073699951171875,1040
1.0086860656738281,1039
1.0098910331726074,1038
1.0147030353546143,1037
1.019129991531372,1036
1.0214331150054932,1035
1.024616003036499,1034
1.0291829109191895,1033
1.0325407981872559,1032
1.0369410514831543,1031
1.0381791591644287,1030
1.0429208278656006,1029
1.0458428859710693,1028
1.0470519065856934,1027
1.0504651069641113,1026
1.0548551082611084,1025
1.056225061416626,1024
1.0604679584503174,1023
1.0639381408691406,1022
1.0686829090118408,1021
1.0721049308776855,1020
1.075118064880371,1019
1.0762548446655273,1018
1.0797131061553955,1017
1.0810301303863525,1016
1.085036039352417,1015
1.0865671634674072,1014
1.087946891784668,1013
1.0892651081085205,1012
1.0936298370361328,1011
1.0959439277648926,1010
1.0992040634155273,1009
1.100342035293579,1008
1.1031410694122314,1007
1.107708215713501,1006
1.108816146850586,1005
1.1108880043029785,1004
1.1120049953460693,1003
1.115635871887207,1002
1.1187608242034912,1001
1.1208100318908691,1000
1.1244871616363525,999
1.12664794921875,998
1.127885103225708,997
1.1299161911010742,996
1.1337530612945557,995
1.1348340511322021,994
1.1388871669769287,993
1.14005708694458,992
1.1429309844970703,991
1.1466970443725586,990
1.1478660106658936,989
1.150982141494751,988
1.1538300514221191,987
1.155992031097412,986
1.1602401733398438,985
1.1650328636169434,984
1.1675608158111572,983
1.169283151626587,982
1.1704039573669434,981
1.173328161239624,980
1.1753170490264893,979
1.1839301586151123,978
1.186150074005127,977
1.1879680156707764,976
1.1915409564971924,975
1.1944870948791504,974
1.204498052597046,973
1.2116999626159668,972
1.2128398418426514,971
1.2165281772613525,970
1.2176330089569092,969
1.221938133239746,968
1.2242319583892822,967
1.2285430431365967,966
1.2296459674835205,965
1.2329552173614502,964
1.2373261451721191,963
1.2418780326843262,962
1.2429769039154053,961
1.2441232204437256,960
1.2484540939331055,959
1.2502961158752441,958
1.2545859813690186,957
1.2584149837493896,956
1.2642202377319336,955
1.26776123046875,954
1.2688829898834229,953
1.2708499431610107,952
1.2755918502807617,951
1.2774670124053955,950
1.2813820838928223,949
1.2834980487823486,948
1.2869689464569092,947
1.2922868728637695,946
1.301177978515625,945
1.3030261993408203,944
1.3088288307189941,943
1.3199169635772705,942
1.3243169784545898,941
1.3306028842926025,940
1.3347041606903076,939
1.339076042175293,938
1.3481159210205078,937
1.3556170463562012,936
1.3738679885864258,935
1.3859272003173828,934
1.4143338203430176,933
1.4312539100646973,932
1.4371671676635742,931
1.4454829692840576,930
1.4486110210418701,929
1.4523160457611084,928
1.456820011138916,927
1.4594511985778809,926
1.4710400104522705,925
1.4748039245605469,924
1.4802711009979248,923
1.4872171878814697,922
1.490328073501587,921
1.4986841678619385,920
1.5040628910064697,919
1.5073871612548828,918
1.5220739841461182,917
1.5251209735870361,916
1.5384838581085205,915
1.5548999309539795,914
1.5639328956604004,913
1.571174144744873,912
1.580613136291504,911
1.5995619297027588,910
1.6033620834350586,909
1.6067728996276855,908
1.6108620166778564,907
1.6156389713287354,906
1.6219170093536377,905
1.6348998546600342,904
1.642958164215088,903
1.6622099876403809,902
1.6857330799102783,901
1.6980550289154053,900
1.7421748638153076,899
