2.6941299438476562e-05,4941
0.0031108856201171875,4940
0.0060291290283203125,4939
0.008889913558959961,4938
0.011898040771484375,4937
0.014813899993896484,4936
0.017795801162719727,4935
0.020827054977416992,4934
0.024029016494750977,4933
0.026983976364135742,4932
0.029833078384399414,4931
0.032662153244018555,4930
0.03563809394836426,4929
0.03840494155883789,4928
0.041442155838012695,4927
0.04425311088562012,4926
0.04719209671020508,4925
0.04991292953491211,4924
0.05281209945678711,4923
0.05555582046508789,4922
0.05845785140991211,4921
0.06114315986633301,4920
0.0640861988067627,4919
0.06682705879211426,4918
0.06975102424621582,4917
0.07250690460205078,4916
0.07538795471191406,4915
0.0781400203704834,4914
0.08101701736450195,4913
0.08375787734985352,4912
0.08660578727722168,4911
0.08938288688659668,4910
0.09229803085327148,4909
0.09503293037414551,4908
0.09794497489929199,4907
0.1006770133972168,4906
0.10352277755737305,4905
0.10631108283996582,4904
0.10915589332580566,4903
0.11189413070678711,4902
0.11476588249206543,4901
0.11749792098999023,4900
0.12035012245178223,4899
0.12313604354858398,4898
0.1260690689086914,4897
0.1287679672241211,4896
0.13170695304870605,4895
0.13440799713134766,4894
0.13726806640625,4893
0.14002013206481934,4892
0.14299702644348145,4891
0.14569878578186035,4890
0.14869308471679688,4889
0.1514902114868164,4888
0.15452289581298828,4887
0.15732097625732422,4886
0.16033220291137695,4885
0.1630868911743164,4884
0.16605281829833984,4883
0.1688070297241211,4882
0.1716759204864502,4881
0.17444801330566406,4880
0.17735719680786133,4879
0.18013501167297363,4878
0.18305301666259766,4877
0.18581008911132812,4876
0.1887068748474121,4875
0.19148802757263184,4874
0.19458699226379395,4873
0.19753003120422363,4872
0.20062494277954102,4871
0.20343708992004395,4870
0.2063748836517334,4869
0.2091059684753418,4868
0.21199393272399902,4867
0.21479415893554688,4866
0.217667818069458,4865
0.2204291820526123,4864
0.22345876693725586,4863
0.2263050079345703,4862
0.22916316986083984,4861
0.2319779396057129,4860
0.23485589027404785,4859
0.23758387565612793,4858
0.24051904678344727,4857
0.2433149814605713,4856
0.24628686904907227,4855
0.24914312362670898,4854
0.2521040439605713,4853
0.2548239231109619,4852
0.25779008865356445,4851
0.26059508323669434,4850
0.2635080814361572,4849
0.26629209518432617,4848
0.2691631317138672,4847
0.27191615104675293,4846
0.27490997314453125,4845
0.2776470184326172,4844
0.28055405616760254,4843
0.28332090377807617,4842
0.28629302978515625,4841
0.2890329360961914,4840
0.29198503494262695,4839
0.2947359085083008,4838
0.29766106605529785,4837
0.30045509338378906,4836
0.30333590507507324,4835
0.30608487129211426,4834
0.30904197692871094,4833
0.31174778938293457,4832
0.3146860599517822,4831
0.31739187240600586,4830
0.32028698921203613,4829
0.3230280876159668,4828
0.32593584060668945,4827
0.328624963760376,4826
0.3316209316253662,4825
0.33434104919433594,4824
0.33722901344299316,4823
0.34001803398132324,4822
0.3429100513458252,4821
0.3456411361694336,4820
0.3486669063568115,4819
0.35178494453430176,4818
0.3549509048461914,4817
0.35785412788391113,4816
0.36083197593688965,4815
0.36357688903808594,4814
0.3666419982910156,4813
0.36945486068725586,4812
0.37241196632385254,4811
0.37519383430480957,4810
0.3780989646911621,4809
0.3808889389038086,4808
0.38395190238952637,4807
0.38669300079345703,4806
0.38971710205078125,4805
0.3924229145050049,4804
0.3953428268432617,4803
0.3981330394744873,4802
0.401094913482666,4801
0.40378594398498535,4800
0.4067678451538086,4799
0.40953922271728516,4798
0.41243410110473633,4797
0.4152359962463379,4796
0.41821813583374023,4795
0.42105913162231445,4794
0.4241180419921875,4793
0.42710208892822266,4792
0.4300220012664795,4791
0.43285107612609863,4790
0.43586301803588867,4789
0.43859314918518066,4788
0.4415891170501709,4787
0.4442892074584961,4786
0.44727516174316406,4785
0.4501519203186035,4784
0.4530508518218994,4783
0.45582008361816406,4782
0.45891308784484863,4781
0.4616401195526123,4780
0.46463608741760254,4779
0.4674370288848877,4778
0.4702920913696289,4777
0.47309184074401855,4776
0.4760420322418213,4775
0.47879505157470703,4774
0.4817490577697754,4773
0.48451995849609375,4772
0.48737096786499023,4771
0.490203857421875,4770
0.49306392669677734,4769
0.49581289291381836,4768
0.4988219738006592,4767
0.5016651153564453,4766
0.5045740604400635,4765
0.507396936416626,4764
0.5103089809417725,4763
0.513024091720581,4762
0.515981912612915,4761
0.5187568664550781,4760
0.5216500759124756,4759
0.5244600772857666,4758
0.527310848236084,4757
0.5300760269165039,4756
0.5329480171203613,4755
0.5356800556182861,4754
0.538546085357666,4753
0.5413529872894287,4752
0.5442419052124023,4751
0.5470061302185059,4750
0.5499122142791748,4749
0.5526149272918701,4748
0.5555601119995117,4747
0.5582799911499023,4746
0.5611879825592041,4745
0.5638909339904785,4744
0.5668401718139648,4743
0.5697190761566162,4742
0.5727250576019287,4741
0.5755650997161865,4740
0.5784740447998047,4739
0.5812618732452393,4738
0.5842540264129639,4737
0.5869829654693604,4736
0.5900192260742188,4735
0.5929207801818848,4734
0.5958480834960938,4733
0.5986161231994629,4732
0.6015529632568359,4731
0.6042900085449219,4730
0.6073207855224609,4729
0.6101250648498535,4728
0.6130630970001221,4727
0.6158459186553955,4726
0.6187851428985596,4725
0.6215381622314453,4724
0.6244471073150635,4723
0.6271839141845703,4722
0.6301572322845459,4721
0.632997989654541,4720
0.6359939575195312,4719
0.638725996017456,4718
0.6416459083557129,4717
0.6444089412689209,4716
0.6473748683929443,4715
0.6501140594482422,4714
0.6531250476837158,4713
0.6558511257171631,4712
0.6588292121887207,4711
0.6615719795227051,4710
0.6645681858062744,4709
0.667395830154419,4708
0.670320987701416,4707
0.6731448173522949,4706
0.6761190891265869,4705
0.6788589954376221,4704
0.6818041801452637,4703
0.6846179962158203,4702
0.6874849796295166,4701
0.690255880355835,4700
0.693187952041626,4699
0.6959009170532227,4698
0.6989040374755859,4697
0.701725959777832,4696
0.7047019004821777,4695
0.7074730396270752,4694
0.7105669975280762,4693
0.7133798599243164,4692
0.7165892124176025,4691
0.7193639278411865,4690
0.7232639789581299,4689
0.7261369228363037,4688
0.729046106338501,4687
0.7317700386047363,4686
0.7346570491790771,4685
0.7374439239501953,4684
0.740433931350708,4683
0.7431750297546387,4682
0.746082067489624,4681
0.7488219738006592,4680
0.7517430782318115,4679
0.7545039653778076,4678
0.7574710845947266,4677
0.7601640224456787,4676
0.7630491256713867,4675
0.7658350467681885,4674
0.7690389156341553,4673
0.7719240188598633,4672
0.7749488353729248,4671
0.7777280807495117,4670
0.7806930541992188,4669
0.7834150791168213,4668
0.78633713722229,4667
0.7890739440917969,4666
0.7919399738311768,4665
0.7947049140930176,4664
0.7976579666137695,4663
0.800400972366333,4662
0.8033139705657959,4661
0.8060410022735596,4660
0.8089029788970947,4659
0.8116970062255859,4658
0.8145699501037598,4657
0.8173739910125732,4656
0.820310115814209,4655
0.8230118751525879,4654
0.8258740901947021,4653
0.8287060260772705,4652
0.8315889835357666,4651
0.8343088626861572,4650
0.8371689319610596,4649
0.8398990631103516,4648
0.842764139175415,4647
0.845534086227417,4646
0.8484601974487305,4645
0.8513190746307373,4644
0.854266881942749,4643
0.8570818901062012,4642
0.8600630760192871,4641
0.8629150390625,4640
0.8658599853515625,4639
0.8686320781707764,4638
0.8716061115264893,4637
0.8743760585784912,4636
0.8773190975189209,4635
0.8801219463348389,4634
0.8830511569976807,4633
0.8858389854431152,4632
0.8887860774993896,4631
0.8915448188781738,4630
0.8945319652557373,4629
0.8973362445831299,4628
0.900270938873291,4627
0.9030630588531494,4626
0.9060108661651611,4625
0.9087791442871094,4624
0.9117550849914551,4623
0.914543867111206,4622
0.9174740314483643,4621
0.9202990531921387,4620
0.9232158660888672,4619
0.9259850978851318,4618
0.9289059638977051,4617
0.9317300319671631,4616
0.934675931930542,4615
0.9374427795410156,4614
0.940403938293457,4613
0.9431719779968262,4612
0.9461140632629395,4611
0.948930025100708,4610
0.9518489837646484,4609
0.9547019004821777,4608
0.9576411247253418,4607
0.9604470729827881,4606
0.9634029865264893,4605
0.9661860466003418,4604
0.9691369533538818,4603
0.97194504737854,4602
0.9748671054840088,4601
0.9776101112365723,4600
0.9805479049682617,4599
0.9833419322967529,4598
0.986274003982544,4597
0.9890780448913574,4596
0.9920048713684082,4595
0.9947688579559326,4594
0.9977400302886963,4593
1.0005199909210205,4592
1.0034408569335938,4591
1.0062310695648193,4590
1.0091769695281982,4589
1.0119550228118896,4588
1.014902114868164,4587
1.0176661014556885,4586
1.0205860137939453,4585
1.0233848094940186,4584
1.0263051986694336,4583
1.029067039489746,4582
1.0320279598236084,4581
1.0348219871520996,4580
1.037734031677246,4579
1.0405099391937256,4578
1.0434379577636719,4577
1.0461971759796143,4576
1.0491321086883545,4575
1.0519628524780273,4574
1.055309772491455,4573
1.0585501194000244,4572
1.0620050430297852,4571
1.0654218196868896,4570
1.0686249732971191,4569
1.0716500282287598,4568
1.0746939182281494,4567
1.0775508880615234,4566
1.0806910991668701,4565
1.083827018737793,4564
1.0869860649108887,4563
1.0902109146118164,4562
1.0933690071105957,4561
1.0962121486663818,4560
1.0991418361663818,4559
1.1019129753112793,4558
1.1048870086669922,4557
1.1076610088348389,4556
1.1105868816375732,4555
1.1133840084075928,4554
1.1163179874420166,4553
1.1191282272338867,4552
1.1220979690551758,4551
1.124891996383667,4550
1.1278281211853027,4549
1.1306331157684326,4548
1.1335680484771729,4547
1.1363389492034912,4546
1.13926100730896,4545
1.1420459747314453,4544
1.1449940204620361,4543
1.1478002071380615,4542
1.1507389545440674,4541
1.1535308361053467,4540
1.1564650535583496,4539
1.1592531204223633,4538
1.1622240543365479,4537
1.165010929107666,4536
1.1679298877716064,4535
1.170724868774414,4534
1.1736688613891602,4533
1.1764581203460693,4532
1.1793811321258545,4531
1.182204008102417,4530
1.1851301193237305,4529
1.1879160404205322,4528
1.1908800601959229,4527
1.1936631202697754,4526
1.1965899467468262,4525
1.1993639469146729,4524
1.2023098468780518,4523
1.205078125,4522
1.2080001831054688,4521
1.210777997970581,4520
1.2137091159820557,4519
1.216472864151001,4518
1.2193968296051025,4517
1.2222778797149658,4516
1.2252109050750732,4515
1.2279608249664307,4514
1.2314629554748535,4513
1.234755039215088,4512
1.237725019454956,4511
1.2406649589538574,4510
1.2436821460723877,4509
1.2465548515319824,4508
1.249560832977295,4507
1.2524192333221436,4506
1.255383014678955,4505
1.2582919597625732,4504
1.2613439559936523,4503
1.2643301486968994,4502
1.267453908920288,4501
1.2704319953918457,4500
1.2737720012664795,4499
1.2768700122833252,4498
1.2800190448760986,4497
1.2830140590667725,4496
1.286118984222412,4495
1.2891321182250977,4494
1.2922999858856201,4493
1.295149803161621,4492
1.2981300354003906,4491
1.3010189533233643,4490
1.3039100170135498,4489
1.3067421913146973,4488
1.3099138736724854,4487
1.3127388954162598,4486
1.3157429695129395,4485
1.318613052368164,4484
1.3216030597686768,4483
1.3244619369506836,4482
1.3274362087249756,4481
1.330298900604248,4480
1.3332970142364502,4479
1.3360469341278076,4478
1.338994026184082,4477
1.3417479991912842,4476
1.3446941375732422,4475
1.3475191593170166,4474
1.3504810333251953,4473
1.3533480167388916,4472
1.356567144393921,4471
1.3599040508270264,4470
1.3630590438842773,4469
1.3659989833831787,4468
1.3691301345825195,4467
1.3720130920410156,4466
1.3753528594970703,4465
1.3784778118133545,4464
1.3817460536956787,4463
1.3848600387573242,4462
1.388099193572998,4461
1.3915321826934814,4460
1.3948471546173096,4459
1.3979709148406982,4458
1.4012150764465332,4457
1.4041919708251953,4456
1.407501220703125,4455
1.4104368686676025,4454
1.4136011600494385,4453
1.416579246520996,4452
1.4198050498962402,4451
1.422929048538208,4450
1.4262359142303467,4449
1.4291908740997314,4448
1.4323830604553223,4447
1.435675859451294,4446
1.4390499591827393,4445
1.442323923110962,4444
1.4454500675201416,4443
1.4483599662780762,4442
1.4513039588928223,4441
1.454118013381958,4440
1.4571070671081543,4439
1.4599671363830566,4438
1.4629781246185303,4437
1.4658241271972656,4436
1.4688520431518555,4435
1.4716129302978516,4434
1.4746780395507812,4433
1.4774489402770996,4432
1.4804408550262451,4431
1.4832580089569092,4430
1.4861938953399658,4429
1.4889349937438965,4428
1.491973876953125,4427
1.4947559833526611,4426
1.4977900981903076,4425
1.5008230209350586,4424
1.503890037536621,4423
1.5066771507263184,4422
1.509645938873291,4421
1.5125131607055664,4420
1.5154509544372559,4419
1.518232822418213,4418
1.5211551189422607,4417
1.5239450931549072,4416
1.5268571376800537,4415
1.5296552181243896,4414
1.5326180458068848,4413
1.5355370044708252,4412
1.5385239124298096,4411
1.541304111480713,4410
1.5442161560058594,4409
1.547239065170288,4408
1.5502898693084717,4407
1.5530710220336914,4406
1.5559959411621094,4405
1.5588829517364502,4404
1.5618188381195068,4403
1.564666986465454,4402
1.5677058696746826,4401
1.5704519748687744,4400
1.5734658241271973,4399
1.5762519836425781,4398
1.579362154006958,4397
1.5822532176971436,4396
1.585301160812378,4395
1.5881659984588623,4394
1.5912079811096191,4393
1.5941510200500488,4392
1.5971448421478271,4391
1.6000561714172363,4390
1.6030089855194092,4389
1.6059129238128662,4388
1.609010934829712,4387
1.611800193786621,4386
1.614915132522583,4385
1.6177301406860352,4384
1.6207890510559082,4383
1.6236059665679932,4382
1.626582145690918,4381
1.6294169425964355,4380
1.632385015487671,4379
1.6351659297943115,4378
1.6381587982177734,4377
1.6409039497375488,4376
1.6438648700714111,4375
1.6466419696807861,4374
1.6496009826660156,4373
1.652332067489624,4372
1.6553099155426025,4371
1.6580638885498047,4370
1.6609909534454346,4369
1.6637539863586426,4368
1.6667490005493164,4367
1.669517993927002,4366
1.672497034072876,4365
1.6753160953521729,4364
1.6783580780029297,4363
1.6811749935150146,4362
1.6842451095581055,4361
1.6869759559631348,4360
1.6899831295013428,4359
1.6927480697631836,4358
1.6956980228424072,4357
1.6984341144561768,4356
1.7013919353485107,4355
1.7042078971862793,4354
1.7071690559387207,4353
1.7099800109863281,4352
1.712899923324585,4351
1.7157180309295654,4350
1.7187449932098389,4349
1.7214930057525635,4348
1.724498987197876,4347
1.7273600101470947,4346
1.7302842140197754,4345
1.7330551147460938,4344
1.7359671592712402,4343
1.7388479709625244,4342
1.7418529987335205,4341
1.7446520328521729,4340
1.7476081848144531,4339
1.7505171298980713,4338
1.753453016281128,4337
1.7562949657440186,4336
1.7592778205871582,4335
1.762063980102539,4334
1.7650129795074463,4333
1.7677710056304932,4332
1.770941972732544,4331
1.7739861011505127,4330
1.7769620418548584,4329
1.7798359394073486,4328
1.7829079627990723,4327
1.7857720851898193,4326
1.7888109683990479,4325
1.7918741703033447,4324
1.794957160949707,4323
1.7977778911590576,4322
1.8007838726043701,4321
1.8036930561065674,4320
1.806751012802124,4319
1.8096508979797363,4318
1.8125770092010498,4317
1.8154911994934082,4316
1.818424940109253,4315
1.8212480545043945,4314
1.8243870735168457,4313
1.8271980285644531,4312
1.830265998840332,4311
1.8330910205841064,4310
1.8359959125518799,4309
1.8389251232147217,4308
1.8420040607452393,4307
1.8448741436004639,4306
1.8479151725769043,4305
1.85080885887146,4304
1.8539330959320068,4303
1.8567261695861816,4302
1.859874963760376,4301
1.863361120223999,4300
1.8669369220733643,4299
1.8698389530181885,4298
1.873081922531128,4297
1.876037836074829,4296
1.8790059089660645,4295
1.8819448947906494,4294
1.8850429058074951,4293
1.8878731727600098,4292
1.8908569812774658,4291
1.8936851024627686,4290
1.8967418670654297,4289
1.8995819091796875,4288
1.9025259017944336,4287
1.9052839279174805,4286
1.9083058834075928,4285
1.9110369682312012,4284
1.9139909744262695,4283
1.91693115234375,4282
1.91988205909729,4281
1.922652006149292,4280
1.925581932067871,4279
1.9283239841461182,4278
1.9312560558319092,4277
1.9339890480041504,4276
1.9369359016418457,4275
1.939697027206421,4274
1.9426419734954834,4273
1.9453599452972412,4272
1.9483580589294434,4271
1.9511361122131348,4270
1.9540250301361084,4269
1.956799030303955,4268
1.9597058296203613,4267
1.9624290466308594,4266
1.9654369354248047,4265
1.968184232711792,4264
1.9711298942565918,4263
1.9738919734954834,4262
1.9768729209899902,4261
1.9795951843261719,4260
1.9825191497802734,4259
1.9852628707885742,4258
1.9883191585540771,4257
1.9912190437316895,4256
1.9942669868469238,4255
1.997107982635498,4254
2.000092029571533,4253
2.0028722286224365,4252
2.0058250427246094,4251
2.0086469650268555,4250
2.0116000175476074,4249
2.014389991760254,4248
2.017432928085327,4247
2.0202279090881348,4246
2.0232651233673096,4245
2.026149034500122,4244
2.0292930603027344,4243
2.032249927520752,4242
2.0352039337158203,4241
2.03800892829895,4240
2.0409929752349854,4239
2.043776035308838,4238
2.0467569828033447,4237
2.049582004547119,4236
2.052520990371704,4235
2.05534291267395,4234
2.058318853378296,4233
2.0610909461975098,4232
2.0640971660614014,4231
2.066923141479492,4230
2.0698840618133545,4229
2.072687864303589,4228
2.0758299827575684,4227
2.0787711143493652,4226
2.0819010734558105,4225
2.0849239826202393,4224
2.08793306350708,4223
2.0907599925994873,4222
2.093721866607666,4221
2.096543073654175,4220
2.0995631217956543,4219
2.1024179458618164,4218
2.105431079864502,4217
2.1081721782684326,4216
2.1110730171203613,4215
2.113845109939575,4214
2.11680006980896,4213
2.1195719242095947,4212
2.1225621700286865,4211
2.1253609657287598,4210
2.128345012664795,4209
2.1311190128326416,4208
2.134212017059326,4207
2.1369469165802,4206
2.1399528980255127,4205
2.142723798751831,4204
2.145693063735962,4203
2.1484479904174805,4202
2.1514270305633545,4201
2.1542038917541504,4200
2.1571779251098633,4199
2.1599161624908447,4198
2.1628618240356445,4197
2.165633201599121,4196
2.1685919761657715,4195
2.171359062194824,4194
2.1743481159210205,4193
2.1772501468658447,4192
2.180180072784424,4191
2.1829729080200195,4190
2.185926914215088,4189
2.1888139247894287,4188
2.1918110847473145,4187
2.1945669651031494,4186
2.19761323928833,4185
2.2006239891052246,4184
2.203779935836792,4183
2.206866979598999,4182
2.2100820541381836,4181
2.212953805923462,4180
2.216099977493286,4179
2.2190051078796387,4178
2.2220380306243896,4177
2.2250239849090576,4176
2.228065013885498,4175
2.2310149669647217,4174
2.2340710163116455,4173
2.2368180751800537,4172
2.240108013153076,4171
2.2430951595306396,4170
2.246074914932251,4169
2.248918056488037,4168
2.251878023147583,4167
2.2547531127929688,4166
2.2576630115509033,4165
2.260442018508911,4164
2.263373851776123,4163
2.2661619186401367,4162
2.269091844558716,4161
2.271841049194336,4160
2.2747960090637207,4159
2.2775280475616455,4158
2.280452013015747,4157
2.283198118209839,4156
2.2860820293426514,4155
2.288856029510498,4154
2.2917981147766113,4153
2.2945470809936523,4152
2.297492027282715,4151
2.300405979156494,4150
2.303434133529663,4149
2.3061959743499756,4148
2.3091211318969727,4147
2.3119261264801025,4146
2.314846992492676,4145
2.3175811767578125,4144
2.320467948913574,4143
2.3232359886169434,4142
2.326198101043701,4141
2.3289082050323486,4140
2.331912040710449,4139
2.3347978591918945,4138
2.337790012359619,4137
2.340568780899048,4136
2.3435709476470947,4135
2.34631609916687,4134
2.349302053451538,4133
2.3520348072052,4132
2.3549880981445312,4131
2.357779026031494,4130
2.3607399463653564,4129
2.3635201454162598,4128
2.366799831390381,4127
2.369947910308838,4126
2.373102903366089,4125
2.3760249614715576,4124
2.37905216217041,4123
2.381826162338257,4122
2.3847849369049072,4121
2.387531042098999,4120
2.390583038330078,4119
2.3933608531951904,4118
2.3963379859924316,4117
2.3991920948028564,4116
2.4022469520568848,4115
2.4051930904388428,4114
2.40822696685791,4113
2.4110732078552246,4112
2.4141740798950195,4111
2.416956901550293,4110
2.419919013977051,4109
2.4227101802825928,4108
2.4257049560546875,4107
2.428436040878296,4106
2.4314818382263184,4105
2.434295177459717,4104
2.437303066253662,4103
2.440129041671753,4102
2.443203926086426,4101
2.4461069107055664,4100
2.4490928649902344,4099
2.451892137527466,4098
2.454840898513794,4097
2.4577560424804688,4096
2.4607229232788086,4095
2.463515043258667,4094
2.466585874557495,4093
2.4694299697875977,4092
2.4723961353302,4091
2.475278854370117,4090
2.478257894515991,4089
2.481154203414917,4088
2.484402894973755,4087
2.4873569011688232,4086
2.4903879165649414,4085
2.4932291507720947,4084
2.4962010383605957,4083
2.499052047729492,4082
2.5019631385803223,4081
2.5047969818115234,4080
2.5077309608459473,4079
2.510565996170044,4078
2.5135250091552734,4077
2.5163421630859375,4076
2.519235134124756,4075
2.5220320224761963,4074
2.5250370502471924,4073
2.527833938598633,4072
2.5308291912078857,4071
2.533579111099243,4070
2.5364770889282227,4069
2.5392909049987793,4068
2.542233943939209,4067
2.545038938522339,4066
2.548024892807007,4065
2.550884962081909,4064
2.5537731647491455,4063
2.556633949279785,4062
2.559612989425659,4061
2.5624289512634277,4060
2.5654091835021973,4059
2.5681819915771484,4058
2.5711729526519775,4057
2.5740270614624023,4056
2.577047109603882,4055
2.5798091888427734,4054
2.5828120708465576,4053
2.5855910778045654,4052
2.588679075241089,4051
2.5916969776153564,4050
2.5947229862213135,4049
2.597480058670044,4048
2.6004061698913574,4047
2.6031858921051025,4046
2.606168031692505,4045
2.609010934829712,4044
2.6120991706848145,4043
2.6150338649749756,4042
2.6181042194366455,4041
2.620914936065674,4040
2.6239120960235596,4039
2.626767873764038,4038
2.6297948360443115,4037
2.6326630115509033,4036
2.635702133178711,4035
2.638617992401123,4034
2.64159893989563,4033
2.6443979740142822,4032
2.647339105606079,4031
2.6503119468688965,4030
2.6532769203186035,4029
2.656111001968384,4028
2.659205913543701,4027
2.6620500087738037,4026
2.6651411056518555,4025
2.667919874191284,4024
2.670945167541504,4023
2.6738340854644775,4022
2.676802158355713,4021
2.6796419620513916,4020
2.6826751232147217,4019
2.6855530738830566,4018
2.6886448860168457,4017
2.691549062728882,4016
2.694598913192749,4015
2.6975760459899902,4014
2.7006280422210693,4013
2.703533172607422,4012
2.70660400390625,4011
2.7094459533691406,4010
2.7125368118286133,4009
2.715395212173462,4008
2.7184031009674072,4007
2.721252918243408,4006
2.7241969108581543,4005
2.7269909381866455,4004
2.7299818992614746,4003
2.7327771186828613,4002
2.7357280254364014,4001
2.7386460304260254,4000
2.7417848110198975,3999
2.7446210384368896,3998
2.747623920440674,3997
2.75056791305542,3996
2.753499984741211,3995
2.75632381439209,3994
2.7592451572418213,3993
2.762120008468628,3992
2.7650699615478516,3991
2.7678580284118652,3990
2.7709269523620605,3989
2.7737910747528076,3988
2.7767608165740967,3987
2.7797040939331055,3986
2.7827370166778564,3985
2.785555124282837,3984
2.7884879112243652,3983
2.791254997253418,3982
2.7943601608276367,3981
2.7971489429473877,3980
2.800140142440796,3979
2.802884817123413,3978
2.8059651851654053,3977
2.808973789215088,3976
2.812037944793701,3975
2.8150291442871094,3974
2.8181710243225098,3973
2.8209660053253174,3972
2.8241889476776123,3971
2.827065944671631,3970
2.8301329612731934,3969
2.833116054534912,3968
2.836089849472046,3967
2.8389499187469482,3966
2.842036008834839,3965
2.844926118850708,3964
2.847836971282959,3963
2.8506991863250732,3962
2.853742837905884,3961
2.856550931930542,3960
2.859553098678589,3959
2.86242413520813,3958
2.8656489849090576,3957
2.868809938430786,3956
2.8721559047698975,3955
2.875257968902588,3954
2.8782811164855957,3953
2.881136894226074,3952
2.884160041809082,3951
2.8869478702545166,3950
2.889901876449585,3949
2.8926830291748047,3948
2.8956401348114014,3947
2.89845609664917,3946
2.9014840126037598,3945
2.9042460918426514,3944
2.907273054122925,3943
2.910004138946533,3942
2.912984848022461,3941
2.9158990383148193,3940
2.918915033340454,3939
2.921700954437256,3938
2.924670934677124,3937
2.927478075027466,3936
2.930630922317505,3935
2.93351411819458,3934
2.9366509914398193,3933
2.9394330978393555,3932
2.9424431324005127,3931
2.945272207260132,3930
2.948251962661743,3929
2.951115131378174,3928
2.954210042953491,3927
2.9570839405059814,3926
2.9600579738616943,3925
2.962836980819702,3924
2.9659337997436523,3923
2.9687910079956055,3922
2.9718029499053955,3921
2.9747350215911865,3920
2.9777941703796387,3919
2.9805331230163574,3918
2.9835360050201416,3917
2.9862821102142334,3916
2.9892539978027344,3915
2.992108106613159,3914
2.9950110912323,3913
2.9978229999542236,3912
3.000758171081543,3911
3.0035128593444824,3910
3.0065951347351074,3909
3.009699821472168,3908
3.0127320289611816,3907
3.01554799079895,3906
3.018477201461792,3905
3.0213468074798584,3904
3.024428129196167,3903
3.0273191928863525,3902
3.030282974243164,3901
3.0331029891967773,3900
3.0360331535339355,3899
3.038814067840576,3898
3.041745901107788,3897
3.0445048809051514,3896
3.047463893890381,3895
3.0502748489379883,3894
3.0532538890838623,3893
3.0560309886932373,3892
3.058985948562622,3891
3.0617458820343018,3890
3.0647130012512207,3889
3.067490816116333,3888
3.0703999996185303,3887
3.0732309818267822,3886
3.0762510299682617,3885
3.079026937484741,3884
3.081946849822998,3883
3.0848069190979004,3882
3.087912082672119,3881
3.0909159183502197,3880
3.0941240787506104,3879
3.0969948768615723,3878
3.100053071975708,3877
3.10286808013916,3876
3.105858087539673,3875
3.108613967895508,3874
3.1115310192108154,3873
3.114377021789551,3872
3.1176798343658447,3871
3.1204869747161865,3870
3.1235170364379883,3869
3.126288890838623,3868
3.1291699409484863,3867
3.131992816925049,3866
3.1349551677703857,3865
3.137752056121826,3864
3.1407670974731445,3863
3.1435680389404297,3862
3.146552801132202,3861
3.1493589878082275,3860
3.1523070335388184,3859
3.1550889015197754,3858
3.1581549644470215,3857
3.161027193069458,3856
3.163985013961792,3855
3.1667768955230713,3854
3.16969895362854,3853
3.1724729537963867,3852
3.1755120754241943,3851
3.178236961364746,3850
3.181198835372925,3849
3.1840500831604004,3848
3.1869680881500244,3847
3.1898131370544434,3846
3.1927309036254883,3845
3.1954917907714844,3844
3.1984939575195312,3843
3.20127010345459,3842
3.204169988632202,3841
3.2069971561431885,3840
3.2099339962005615,3839
3.212728977203369,3838
3.215703010559082,3837
3.218499183654785,3836
3.221405029296875,3835
3.2242119312286377,3834
3.227245807647705,3833
3.2301089763641357,3832
3.2332041263580322,3831
3.2360680103302,3830
3.2390410900115967,3829
3.241929054260254,3828
3.244837999343872,3827
3.247694969177246,3826
3.2506210803985596,3825
3.253443956375122,3824
3.256397008895874,3823
3.2592411041259766,3822
3.262125015258789,3821
3.265052080154419,3820
3.2680609226226807,3819
3.270836114883423,3818
3.2738659381866455,3817
3.2767229080200195,3816
3.2796781063079834,3815
3.2826120853424072,3814
3.285667896270752,3813
3.2884860038757324,3812
3.291465997695923,3811
3.294250011444092,3810
3.297213077545166,3809
3.2999789714813232,3808
3.3029229640960693,3807
3.3057339191436768,3806
3.308704137802124,3805
3.311436176300049,3804
3.3144168853759766,3803
3.3172130584716797,3802
3.3203370571136475,3801
3.323246955871582,3800
3.326367139816284,3799
3.329085111618042,3798
3.332077980041504,3797
3.3348031044006348,3796
3.337747097015381,3795
3.3405020236968994,3794
3.343418836593628,3793
3.346184015274048,3792
3.3491499423980713,3791
3.351943016052246,3790
3.354918956756592,3789
3.3577640056610107,3788
3.360785961151123,3787
3.3635730743408203,3786
3.3665311336517334,3785
3.3692729473114014,3784
3.372375011444092,3783
3.375657081604004,3782
3.3789470195770264,3781
3.3820838928222656,3780
3.3851430416107178,3779
3.3879282474517822,3778
3.3909120559692383,3777
3.3937571048736572,3776
3.39666485786438,3775
3.399510145187378,3774
3.4024951457977295,3773
3.4053189754486084,3772
3.4082441329956055,3771
3.4110000133514404,3770
3.413985013961792,3769
3.4167320728302,3768
3.419677972793579,3767
3.4224488735198975,3766
3.4254138469696045,3765
3.4281868934631348,3764
3.4312500953674316,3763
3.4343020915985107,3762
3.437670946121216,3761
3.4410510063171387,3760
3.444551944732666,3759
3.4475650787353516,3758
3.450721025466919,3757
3.453969955444336,3756
3.4573960304260254,3755
3.4603960514068604,3754
3.463366985321045,3753
3.46622896194458,3752
3.4691641330718994,3751
3.4719090461730957,3750
3.4748430252075195,3749
3.477733850479126,3748
3.4806878566741943,3747
3.4835121631622314,3746
3.486452102661133,3745
3.4894018173217773,3744
3.492508888244629,3743
3.4953811168670654,3742
3.498305082321167,3741
3.501086950302124,3740
3.5040159225463867,3739
3.5067830085754395,3738
3.5097391605377197,3737
3.5125279426574707,3736
3.515523910522461,3735
3.5183730125427246,3734
3.5213780403137207,3733
3.5241780281066895,3732
3.5272138118743896,3731
3.530021905899048,3730
3.5330450534820557,3729
3.5358710289001465,3728
3.5388600826263428,3727
3.5417380332946777,3726
3.544760227203369,3725
3.5475690364837646,3724
3.5507311820983887,3723
3.5535571575164795,3722
3.5564780235290527,3721
3.559277057647705,3720
3.5621790885925293,3719
3.5649960041046143,3718
3.5679519176483154,3717
3.570713996887207,3716
3.573758125305176,3715
3.5765531063079834,3714
3.5794599056243896,3713
3.582382917404175,3712
3.5853488445281982,3711
3.5881569385528564,3710
3.5911591053009033,3709
3.5939221382141113,3708
3.596956968307495,3707
3.599792003631592,3706
3.60274600982666,3705
3.605464220046997,3704
3.608520984649658,3703
3.6112940311431885,3702
3.6142890453338623,3701
3.6171658039093018,3700
3.6227447986602783,3699
3.6257312297821045,3698
3.6284759044647217,3697
3.631491184234619,3696
3.63858699798584,3695
3.6419050693511963,3694
3.644843101501465,3693
3.6503119468688965,3692
3.655618190765381,3691
3.6586971282958984,3690
3.6636619567871094,3689
3.669325113296509,3688
3.6755900382995605,3687
3.6843349933624268,3686
3.694990873336792,3685
3.6982200145721436,3684
3.701349973678589,3683
3.707537889480591,3682
3.712836980819702,3681
3.718733072280884,3680
3.7247090339660645,3679
3.7304248809814453,3678
3.74080491065979,3677
3.7440099716186523,3676
3.746872901916504,3675
3.74981689453125,3674
3.7525949478149414,3673
3.7579610347747803,3672
3.7608540058135986,3671
3.7655858993530273,3670
3.7730419635772705,3669
3.77606201171875,3668
3.778878927230835,3667
3.781804084777832,3666
3.789702892303467,3665
3.7926459312438965,3664
3.7954859733581543,3663
3.7984180450439453,3662
3.8033008575439453,3661
3.809023141860962,3660
3.818598985671997,3659
3.821449041366577,3658
3.8270211219787598,3657
3.8299829959869385,3656
3.832826852798462,3655
3.8405849933624268,3654
3.8433849811553955,3653
3.846362829208374,3652
3.8563289642333984,3651
3.8610219955444336,3650
3.8638641834259033,3649
3.871644973754883,3648
3.8744242191314697,3647
3.877357006072998,3646
3.8830080032348633,3645
3.8884339332580566,3644
3.8936049938201904,3643
3.896407127380371,3642
3.8994569778442383,3641
3.902332067489624,3640
3.9073591232299805,3639
3.9121391773223877,3638
3.9150779247283936,3637
3.9178881645202637,3636
3.9208340644836426,3635
3.923630952835083,3634
3.9265570640563965,3633
3.929381847381592,3632
3.932323932647705,3631
3.935109853744507,3630
3.938041925430298,3629
3.940837860107422,3628
3.943779945373535,3627
3.946615219116211,3626
3.949580192565918,3625
3.9524240493774414,3624
3.9554009437561035,3623
3.961030960083008,3622
3.9638590812683105,3621
3.966801881790161,3620
3.969640016555786,3619
3.9749650955200195,3618
3.9779179096221924,3617
3.9828391075134277,3616
3.987563133239746,3615
3.990370035171509,3614
3.993320941925049,3613
3.9985361099243164,3612
4.00131893157959,3611
4.004251956939697,3610
4.007080078125,3609
4.01001501083374,3608
4.012825965881348,3607
4.021432876586914,3606
4.024207830429077,3605
4.027140855789185,3604
4.032250881195068,3603
4.0350329875946045,3602
4.0379979610443115,3601
4.043517112731934,3600
4.046351909637451,3599
4.049324035644531,3598
4.052109956741333,3597
4.055078983306885,3596
4.0578529834747314,3595
4.060789108276367,3594
4.063592910766602,3593
4.066565990447998,3592
4.069340944290161,3591
4.07230281829834,3590
4.0750768184661865,3589
4.078030824661255,3588
4.080816984176636,3587
4.083765029907227,3586
4.086568117141724,3585
4.089542865753174,3584
4.092332124710083,3583
4.095275163650513,3582
4.104138135910034,3581
4.106959819793701,3580
4.1119701862335205,3579
4.117733955383301,3578
4.122690200805664,3577
4.129991054534912,3576
4.132797956466675,3575
4.135737895965576,3574
4.14144492149353,3573
4.144235134124756,3572
4.147182941436768,3571
4.149977922439575,3570
4.15292501449585,3569
4.157937049865723,3568
4.160740852355957,3567
4.165881872177124,3566
4.170999050140381,3565
4.173973083496094,3564
4.1767799854278564,3563
4.182257890701294,3562
4.185436010360718,3561
4.188685894012451,3560
4.192101955413818,3559
4.1953511238098145,3558
4.198728084564209,3557
4.201720237731934,3556
4.205017805099487,3555
4.210391044616699,3554
4.217261075973511,3553
4.220231056213379,3552
4.223031044006348,3551
4.225976228713989,3550
4.228770017623901,3549
4.23174786567688,3548
4.234539031982422,3547
4.237471103668213,3546
4.240273952484131,3545
4.243268966674805,3544
4.246045112609863,3543
4.249069929122925,3542
4.251847982406616,3541
4.254816055297852,3540
4.257669925689697,3539
4.260621786117554,3538
4.263462066650391,3537
4.26872992515564,3536
4.271656036376953,3535
4.277119159698486,3534
4.279943943023682,3533
4.282976150512695,3532
4.285785913467407,3531
4.288771152496338,3530
4.291563987731934,3529
4.29449987411499,3528
4.297359943389893,3527
4.300321102142334,3526
4.303112983703613,3525
4.308351993560791,3524
4.311291933059692,3523
4.314117908477783,3522
4.319492816925049,3521
4.3224778175354,3520
4.325268030166626,3519
4.328197956085205,3518
4.331053018569946,3517
4.3365960121154785,3516
4.339607000350952,3515
4.342380046844482,3514
4.34531307220459,3513
4.348131895065308,3512
4.351141929626465,3511
4.358994960784912,3510
4.361917972564697,3509
4.364725112915039,3508
4.367717027664185,3507
4.370512962341309,3506
4.373464107513428,3505
4.376237869262695,3504
4.3791749477386475,3503
4.381973028182983,3502
4.38493013381958,3501
4.387770891189575,3500
4.39261794090271,3499
4.395554780960083,3498
4.398414850234985,3497
4.401381015777588,3496
4.40698504447937,3495
4.411949157714844,3494
4.414802074432373,3493
4.417803049087524,3492
4.420604944229126,3491
4.423607110977173,3490
4.426390171051025,3489
4.429327011108398,3488
4.432178020477295,3487
4.43513298034668,3486
4.437916994094849,3485
4.4408860206604,3484
4.450412034988403,3483
4.453191041946411,3482
4.4561591148376465,3481
4.458944082260132,3480
4.4618730545043945,3479
4.46467399597168,3478
4.469943046569824,3477
4.472931861877441,3476
4.478408098220825,3475
4.481249094009399,3474
4.484202146530151,3473
4.486994981765747,3472
4.492619037628174,3471
4.495596170425415,3470
4.502995014190674,3469
4.505928993225098,3468
4.508728981018066,3467
4.511663913726807,3466
4.514513969421387,3465
4.519315958023071,3464
4.525022983551025,3463
4.527947187423706,3462
4.530728101730347,3461
4.533679962158203,3460
4.540731906890869,3459
4.543734073638916,3458
4.54655909538269,3457
4.549525022506714,3456
4.5523810386657715,3455
4.555362939834595,3454
4.558157920837402,3453
4.562880992889404,3452
4.5658581256866455,3451
4.5687010288238525,3450
4.571651220321655,3449
4.574429035186768,3448
4.577425956726074,3447
4.580244064331055,3446
4.583245038986206,3445
4.586038112640381,3444
4.589026212692261,3443
4.5918869972229,3442
4.594827175140381,3441
4.600532054901123,3440
4.603334903717041,3439
4.606320858001709,3438
4.609172105789185,3437
4.614084005355835,3436
4.619179010391235,3435
4.622174978256226,3434
4.625006914138794,3433
4.643000841140747,3432
4.647833824157715,3431
4.650631904602051,3430
4.653630971908569,3429
4.656476974487305,3428
4.65941309928894,3427
4.662259101867676,3426
4.665294885635376,3425
4.668120861053467,3424
4.67107892036438,3423
4.673914909362793,3422
4.679064035415649,3421
4.6820409297943115,3420
4.684844017028809,3419
4.687784910202026,3418
4.693291187286377,3417
4.696133852005005,3416
4.701823949813843,3415
4.704790115356445,3414
4.707579851150513,3413
4.710597991943359,3412
4.716069936752319,3411
4.718849182128906,3410
4.72178316116333,3409
4.726669073104858,3408
4.73202109336853,3407
4.734804153442383,3406
4.7377400398254395,3405
4.740755081176758,3404
4.744081020355225,3403
4.750147104263306,3402
4.753454923629761,3401
4.758898973464966,3400
4.762224912643433,3399
4.765233039855957,3398
4.768489122390747,3397
4.771653890609741,3396
4.775044918060303,3395
4.778120040893555,3394
4.783146142959595,3393
4.788726091384888,3392
4.791770935058594,3391
4.797384977340698,3390
4.800290107727051,3389
4.803260087966919,3388
4.806050062179565,3387
4.809110164642334,3386
4.811913967132568,3385
4.81492805480957,3384
4.821748971939087,3383
4.824790000915527,3382
4.829681873321533,3381
4.832690000534058,3380
4.840986967086792,3379
4.843758821487427,3378
4.846818208694458,3377
4.8496739864349365,3376
4.857750177383423,3375
4.8611180782318115,3374
4.864578008651733,3373
4.8678858280181885,3372
4.87388014793396,3371
4.877209901809692,3370
4.8804309368133545,3369
4.883770942687988,3368
4.886616945266724,3367
4.8897271156311035,3366
4.89258599281311,3365
4.895653963088989,3364
4.898456811904907,3363
4.903568983078003,3362
4.908611059188843,3361
4.911640882492065,3360
4.914501905441284,3359
4.919296979904175,3358
4.922346115112305,3357
4.925287961959839,3356
4.930222988128662,3355
4.935338973999023,3354
4.938327074050903,3353
4.941141128540039,3352
4.944131135940552,3351
4.946977138519287,3350
4.95201301574707,3349
4.960596084594727,3348
4.9634130001068115,3347
4.969012022018433,3346
4.972007989883423,3345
4.97751784324646,3344
4.98284912109375,3343
4.987595081329346,3342
4.990387916564941,3341
4.995064973831177,3340
4.998188018798828,3339
5.0031960010528564,3338
5.0059521198272705,3337
5.008897066116333,3336
5.0166449546813965,3335
5.024521112442017,3334
5.027498960494995,3333
5.032846927642822,3332
5.036190032958984,3331
5.03915810585022,3330
5.0421881675720215,3329
5.048398971557617,3328
5.051503896713257,3327
5.054603099822998,3326
5.057484149932861,3325
5.060497045516968,3324
5.063344955444336,3323
5.068915128707886,3322
5.080754995346069,3321
5.086061954498291,3320
5.093522071838379,3319
5.096574068069458,3318
5.102153062820435,3317
5.104910850524902,3316
5.107918977737427,3315
5.1107399463653564,3314
5.115567922592163,3313
5.118546009063721,3312
5.127774000167847,3311
5.130600929260254,3310
5.13835597038269,3309
5.145613193511963,3308
5.148730993270874,3307
5.163746118545532,3306
5.166616916656494,3305
5.171339988708496,3304
5.174304008483887,3303
5.177098989486694,3302
5.1822779178619385,3301
5.189168930053711,3300
5.197336196899414,3299
5.2049548625946045,3298
5.2078258991241455,3297
5.213176965713501,3296
5.2161219120025635,3295
5.218950986862183,3294
5.221899032592773,3293
5.224720001220703,3292
5.2276530265808105,3291
5.230396032333374,3290
5.233343124389648,3289
5.240224123001099,3288
5.2681989669799805,3287
5.273802042007446,3286
5.281155824661255,3285
5.284152030944824,3284
5.289336204528809,3283
5.292309999465942,3282
5.29762601852417,3281
5.307399034500122,3280
5.313003063201904,3279
5.315846920013428,3278
5.318831920623779,3277
5.323935031890869,3276
5.336280107498169,3275
5.340101003646851,3274
5.346179246902466,3273
5.351218938827515,3272
5.357154130935669,3271
5.360301971435547,3270
5.365478038787842,3269
5.368585109710693,3268
5.3713579177856445,3267
5.37431788444519,3266
5.381688117980957,3265
5.384644985198975,3264
5.389946937561035,3263
5.393478870391846,3262
5.396757125854492,3261
5.401985168457031,3260
5.404781818389893,3259
5.411485910415649,3258
5.414224863052368,3257
5.417233943939209,3256
5.422667026519775,3255
5.42994499206543,3254
5.435196876525879,3253
5.438190937042236,3252
5.4410719871521,3251
5.4457738399505615,3250
5.454787969589233,3249
5.457841873168945,3248
5.463561058044434,3247
5.4670422077178955,3246
5.47039794921875,3245
5.476521015167236,3244
5.487191200256348,3243
5.490393877029419,3242
5.498729944229126,3241
5.508914947509766,3240
5.5117011070251465,3239
5.519908905029297,3238
5.525752782821655,3237
5.531888961791992,3236
5.535200119018555,3235
5.541318893432617,3234
5.544563055038452,3233
5.5475709438323975,3232
5.5511088371276855,3231
5.55899715423584,3230
5.5624001026153564,3229
5.565625905990601,3228
5.5710039138793945,3227
5.574275970458984,3226
5.577316999435425,3225
5.585517168045044,3224
5.5886070728302,3223
5.593609094619751,3222
5.596963882446289,3221
5.600253105163574,3220
5.606681823730469,3219
5.611658096313477,3218
5.615025043487549,3217
5.618429899215698,3216
5.624483823776245,3215
5.627513885498047,3214
5.630370855331421,3213
5.633394956588745,3212
5.636168956756592,3211
5.639209032058716,3210
5.642042875289917,3209
5.644972085952759,3208
5.650002956390381,3207
5.657784938812256,3206
5.660830020904541,3205
5.663696050643921,3204
5.66669487953186,3203
5.672368049621582,3202
5.675317049026489,3201
5.678346157073975,3200
5.681159973144531,3199
5.6930389404296875,3198
5.695893049240112,3197
5.699059009552002,3196
5.702027082443237,3195
5.705095052719116,3194
5.718035936355591,3193
5.723288059234619,3192
5.732663154602051,3191
5.738262176513672,3190
5.7412779331207275,3189
5.744117021560669,3188
5.747091054916382,3187
5.74997091293335,3186
5.753035068511963,3185
5.761298894882202,3184
5.764302968978882,3183
5.76720118522644,3182
5.770142078399658,3181
5.775158166885376,3180
5.779842138290405,3179
5.782674074172974,3178
5.788331031799316,3177
5.791266202926636,3176
5.794093132019043,3175
5.7970290184021,3174
5.799901962280273,3173
5.8028528690338135,3172
5.805701971054077,3171
5.81140398979187,3170
5.816684007644653,3169
5.81961989402771,3168
5.8264100551605225,3167
5.8312718868255615,3166
5.834172964096069,3165
5.84120512008667,3164
5.844136953353882,3163
5.846940994262695,3162
5.849846124649048,3161
5.852619171142578,3160
5.85553503036499,3159
5.858350992202759,3158
5.865614891052246,3157
5.868425130844116,3156
5.874125003814697,3155
5.877153158187866,3154
5.880094051361084,3153
5.883271932601929,3152
5.886080026626587,3151
5.889070987701416,3150
5.891973972320557,3149
5.897515058517456,3148
5.9005231857299805,3147
5.903395891189575,3146
5.906414985656738,3145
5.913692951202393,3144
5.916720867156982,3143
5.921540975570679,3142
5.92640495300293,3141
5.92922306060791,3140
5.93440318107605,3139
5.9373619556427,3138
5.94024395942688,3137
5.943202972412109,3136
5.948155879974365,3135
5.950917959213257,3134
5.955993890762329,3133
5.96566104888916,3132
5.968677043914795,3131
5.971535921096802,3130
5.978733777999878,3129
5.981568098068237,3128
5.986702919006348,3127
5.989660978317261,3126
5.9975690841674805,3125
6.000586986541748,3124
6.013232946395874,3123
6.018552780151367,3122
6.021513938903809,3121
6.024285078048706,3120
6.02721905708313,3119
6.036993026733398,3118
6.0397961139678955,3117
6.046316146850586,3116
6.0491509437561035,3115
6.0537800788879395,3114
6.05675196647644,3113
6.059571981430054,3112
6.065154075622559,3111
6.068461894989014,3110
6.073762893676758,3109
6.0786919593811035,3108
6.081964015960693,3107
6.092700958251953,3106
6.102171897888184,3105
6.107821941375732,3104
6.110785007476807,3103
6.113584995269775,3102
6.119064092636108,3101
6.12492299079895,3100
6.127874135971069,3099
6.130711078643799,3098
6.133677005767822,3097
6.136525869369507,3096
6.139497995376587,3095
6.142291069030762,3094
6.147753953933716,3093
6.153075933456421,3092
6.156003952026367,3091
6.158890008926392,3090
6.161859035491943,3089
6.165050029754639,3088
6.1704020500183105,3087
6.1780359745025635,3086
6.180846929550171,3085
6.186293125152588,3084
6.189252853393555,3083
6.192056894302368,3082
6.199259042739868,3081
6.202024936676025,3080
6.2076921463012695,3079
6.210675001144409,3078
6.21343207359314,3077
6.216433048248291,3076
6.219208002090454,3075
6.222168207168579,3074
6.225056171417236,3073
6.227997064590454,3072
6.234440088272095,3071
6.237323999404907,3070
6.240135908126831,3069
6.243026971817017,3068
6.245787858963013,3067
6.250499963760376,3066
6.2534730434417725,3065
6.259106159210205,3064
6.264151096343994,3063
6.266944169998169,3062
6.269990921020508,3061
6.272749185562134,3060
6.2757041454315186,3059
6.27844500541687,3058
6.28144383430481,3057
6.2935991287231445,3056
6.296536922454834,3055
6.301768064498901,3054
6.306817054748535,3053
6.309660911560059,3052
6.3125669956207275,3051
6.317602157592773,3050
6.323344945907593,3049
6.326520919799805,3048
6.33635401725769,3047
6.339925050735474,3046
6.343296051025391,3045
6.346436977386475,3044
6.35501503944397,3043
6.361007928848267,3042
6.366212844848633,3041
6.36945104598999,3040
6.375094175338745,3039
6.378093004226685,3038
6.381285905838013,3037
6.384268045425415,3036
6.387232065200806,3035
6.390106916427612,3034
6.393250942230225,3033
6.396299123764038,3032
6.399608135223389,3031
6.402707099914551,3030
6.427194833755493,3029
6.430390119552612,3028
6.4334211349487305,3027
6.436513185501099,3026
6.443704128265381,3025
6.449112176895142,3024
6.454252004623413,3023
6.45723819732666,3022
6.460000038146973,3021
6.468443870544434,3020
6.471260070800781,3019
6.474225044250488,3018
6.47708797454834,3017
6.480048894882202,3016
6.48284387588501,3015
6.485785961151123,3014
6.488552093505859,3013
6.4914891719818115,3012
6.494462966918945,3011
6.497457981109619,3010
6.505265951156616,3009
6.50835108757019,3008
6.511149883270264,3007
6.516600131988525,3006
6.519561052322388,3005
6.5224058628082275,3004
6.52558708190918,3003
6.530610084533691,3002
6.53345799446106,3001
6.536357879638672,3000
6.539477109909058,2999
6.542526960372925,2998
6.547277212142944,2997
6.550157785415649,2996
6.553123950958252,2995
6.558890104293823,2994
6.563924074172974,2993
6.571374893188477,2992
6.574401140213013,2991
6.579380035400391,2990
6.5821919441223145,2989
6.585150957107544,2988
6.587934970855713,2987
6.595242977142334,2986
6.600538015365601,2985
6.603267192840576,2984
6.606302976608276,2983
6.6092000007629395,2982
6.612107038497925,2981
6.614905834197998,2980
6.617837905883789,2979
6.620577096939087,2978
6.623533010482788,2977
6.6262547969818115,2976
6.62942910194397,2975
6.632964849472046,2974
6.639862060546875,2973
6.643392086029053,2972
6.646647214889526,2971
6.650206089019775,2970
6.65351414680481,2969
6.65780782699585,2968
6.661287069320679,2967
6.6648619174957275,2966
6.668204069137573,2965
6.6716108322143555,2964
6.675139904022217,2963
6.678834915161133,2962
6.682179927825928,2961
6.688287973403931,2960
6.692184209823608,2959
6.6956610679626465,2958
6.699347019195557,2957
6.702836990356445,2956
6.706296920776367,2955
6.709519863128662,2954
6.715022802352905,2953
6.723029136657715,2952
6.728907108306885,2951
6.732029914855957,2950
6.735323905944824,2949
6.738481044769287,2948
6.741794109344482,2947
6.748171091079712,2946
6.751549005508423,2945
6.754822015762329,2944
6.758012056350708,2943
6.763585090637207,2942
6.766963958740234,2941
6.775851011276245,2940
6.779155969619751,2939
6.784730911254883,2938
6.801223993301392,2937
6.804285049438477,2936
6.812319993972778,2935
6.81554102897644,2934
6.818778991699219,2933
6.827221155166626,2932
6.830717086791992,2931
6.834092140197754,2930
6.837289094924927,2929
6.842221975326538,2928
6.8453099727630615,2927
6.84879207611084,2926
6.8540449142456055,2925
6.857217073440552,2924
6.860407114028931,2923
6.866221189498901,2922
6.869376182556152,2921
6.877485036849976,2920
6.880417108535767,2919
6.883810043334961,2918
6.89264702796936,2917
6.896269083023071,2916
6.902488946914673,2915
6.9091668128967285,2914
6.9160730838775635,2913
6.922218084335327,2912
6.928269147872925,2911
6.93143105506897,2910
6.934313058853149,2909
6.9374001026153564,2908
6.940284967422485,2907
6.949665069580078,2906
6.952646970748901,2905
6.955413103103638,2904
6.960911989212036,2903
6.963914155960083,2902
6.966699123382568,2901
6.974081039428711,2900
6.9768688678741455,2899
6.982392072677612,2898
6.985374927520752,2897
7.000802040100098,2896
7.003765106201172,2895
7.006582021713257,2894
7.009579181671143,2893
7.015318155288696,2892
7.018105983734131,2891
7.021123886108398,2890
7.023924112319946,2889
7.026878118515015,2888
7.029677152633667,2887
7.037510871887207,2886
7.040328025817871,2885
7.043272972106934,2884
7.048664808273315,2883
7.06085205078125,2882
7.063859939575195,2881
7.066643953323364,2880
7.071839094161987,2879
7.074798822402954,2878
7.079650163650513,2877
7.086350917816162,2876
7.099379062652588,2875
7.105110168457031,2874
7.107887029647827,2873
7.112790107727051,2872
7.1275269985198975,2871
7.1324028968811035,2870
7.135352849960327,2869
7.138136863708496,2868
7.14115309715271,2867
7.143923997879028,2866
7.146895885467529,2865
7.149762153625488,2864
7.152710914611816,2863
7.155508041381836,2862
7.158513069152832,2861
7.161305904388428,2860
7.166645050048828,2859
7.169596910476685,2858
7.172440052032471,2857
7.175442934036255,2856
7.178233861923218,2855
7.181246042251587,2854
7.184010982513428,2853
7.186966180801392,2852
7.192250967025757,2851
7.195011854171753,2850
7.201027870178223,2849
7.204519033432007,2848
7.208112001419067,2847
7.2144458293914795,2846
7.218935012817383,2845
7.222318887710571,2844
7.225700855255127,2843
7.229357004165649,2842
7.2326438426971436,2841
7.235810041427612,2840
7.23895788192749,2839
7.241816997528076,2838
7.244818925857544,2837
7.2480621337890625,2836
7.251360177993774,2835
7.254239082336426,2834
7.257193088531494,2833
7.259923934936523,2832
7.265167951583862,2831
7.268136978149414,2830
7.270925998687744,2829
7.2738378047943115,2828
7.276585102081299,2827
7.283840179443359,2826
7.286618947982788,2825
7.289528131484985,2824
7.294433116912842,2823
7.297235012054443,2822
7.300194978713989,2821
7.304994821548462,2820
7.307775974273682,2819
7.310781955718994,2818
7.313576936721802,2817
7.316585063934326,2816
7.319375991821289,2815
7.324420928955078,2814
7.327388048171997,2813
7.330179214477539,2812
7.333214044570923,2811
7.335975885391235,2810
7.338976144790649,2809
7.343618154525757,2808
7.346431016921997,2807
7.349398136138916,2806
7.352171182632446,2805
7.35519003868103,2804
7.358000040054321,2803
7.362993955612183,2802
7.365960121154785,2801
7.368742942810059,2800
7.371704816818237,2799
7.374595880508423,2798
7.378307819366455,2797
7.384651184082031,2796
7.388113021850586,2795
7.399895191192627,2794
7.403256177902222,2793
7.4067652225494385,2792
7.4110658168792725,2791
7.4166259765625,2790
7.419841051101685,2789
7.425901174545288,2788
7.431582927703857,2787
7.434986114501953,2786
7.438240051269531,2785
7.441534996032715,2784
7.452198028564453,2783
7.455147981643677,2782
7.461064100265503,2781
7.464046001434326,2780
7.472659111022949,2779
7.475787162780762,2778
7.482388973236084,2777
7.487980127334595,2776
7.490869045257568,2775
7.493927955627441,2774
7.496816873550415,2773
7.499864816665649,2772
7.5047619342803955,2771
7.507635116577148,2770
7.5106329917907715,2769
7.51344108581543,2768
7.516371011734009,2767
7.5191450119018555,2766
7.522080183029175,2765
7.524863004684448,2764
7.537122964859009,2763
7.5426859855651855,2762
7.545472145080566,2761
7.548409938812256,2760
7.551174879074097,2759
7.556071043014526,2758
7.560963869094849,2757
7.568490028381348,2756
7.571253061294556,2755
7.574189901351929,2754
7.576974868774414,2753
7.579901933670044,2752
7.584702968597412,2751
7.594550132751465,2750
7.5973310470581055,2749
7.600257158279419,2748
7.603022813796997,2747
7.605944871902466,2746
7.608717918395996,2745
7.6116650104522705,2744
7.616375207901001,2743
7.619149923324585,2742
7.622115850448608,2741
7.624924898147583,2740
7.630534887313843,2739
7.6334779262542725,2738
7.636240005493164,2737
7.639194011688232,2736
7.651094198226929,2735
7.65405011177063,2734
7.656869888305664,2733
7.661632061004639,2732
7.664602041244507,2731
7.6673760414123535,2730
7.672271013259888,2729
7.675609827041626,2728
7.680638074874878,2727
7.6834728717803955,2726
7.686405897140503,2725
7.689189910888672,2724
7.692301988601685,2723
7.695104122161865,2722
7.698148012161255,2721
7.700906038284302,2720
7.706130027770996,2719
7.709335088729858,2718
7.71225905418396,2717
7.715296030044556,2716
7.718240976333618,2715
7.721186876296997,2714
7.724070072174072,2713
7.727046012878418,2712
7.7298619747161865,2711
7.732868909835815,2710
7.735773086547852,2709
7.740640163421631,2708
7.743591070175171,2707
7.746390104293823,2706
7.749361991882324,2705
7.754328012466431,2704
7.759799003601074,2703
7.76255202293396,2702
7.7656049728393555,2701
7.768373966217041,2700
7.771274089813232,2699
7.774145126342773,2698
7.779707908630371,2697
7.782685995101929,2696
7.785498857498169,2695
7.788441896438599,2694
7.79124903678894,2693
7.794157028198242,2692
7.810927867889404,2691
7.816624879837036,2690
7.8262410163879395,2689
7.8291380405426025,2688
7.831963062286377,2687
7.8366858959198,2686
7.841482162475586,2685
7.844794988632202,2684
7.84777307510376,2683
7.851201057434082,2682
7.854383945465088,2681
7.8603808879852295,2680
7.866992950439453,2679
7.8703718185424805,2678
7.873523950576782,2677
7.883375883102417,2676
7.890627145767212,2675
7.893421173095703,2674
7.9014739990234375,2673
7.909571170806885,2672
7.912959098815918,2671
7.916056871414185,2670
7.919451951980591,2669
7.922389030456543,2668
7.9254491329193115,2667
7.931136131286621,2666
7.938894987106323,2665
7.944164991378784,2664
7.947348117828369,2663
7.955714225769043,2662
7.961050987243652,2661
7.966161012649536,2660
7.969197988510132,2659
7.972020149230957,2658
7.974987030029297,2657
7.982378959655762,2656
7.985397100448608,2655
8.005303144454956,2654
8.01745319366455,2653
8.022945165634155,2652
8.028525829315186,2651
8.038473129272461,2650
8.048289060592651,2649
8.051261901855469,2648
8.054065942764282,2647
8.057147979736328,2646
8.05992603302002,2645
8.062893867492676,2644
8.065684080123901,2643
8.07050609588623,2642
8.073493003845215,2641
8.076270818710327,2640
8.079185009002686,2639
8.085848093032837,2638
8.090739011764526,2637
8.093657970428467,2636
8.098970890045166,2635
8.108160018920898,2634
8.110923051834106,2633
8.116301774978638,2632
8.119341850280762,2631
8.127784013748169,2630
8.13076901435852,2629
8.138712882995605,2628
8.141747951507568,2627
8.144577026367188,2626
8.147564172744751,2625
8.15037488937378,2624
8.158605098724365,2623
8.16759705543518,2622
8.170830965042114,2621
8.19914984703064,2620
8.204016923904419,2619
8.20711612701416,2618
8.212056159973145,2617
8.214869022369385,2616
8.21803092956543,2615
8.22094178199768,2614
8.223970890045166,2613
8.229039907455444,2612
8.234405994415283,2611
8.239222049713135,2610
8.254384994506836,2609
8.262265920639038,2608
8.271381139755249,2607
8.303296089172363,2606
8.30616307258606,2605
8.313116073608398,2604
8.323463916778564,2603
8.33033800125122,2602
8.349576950073242,2601
8.356200933456421,2600
8.361411094665527,2599
8.376375198364258,2598
8.38728404045105,2597
8.390331029891968,2596
8.40036416053772,2595
8.41387391090393,2594
8.42469310760498,2593
8.433208227157593,2592
8.43618893623352,2591
8.448030948638916,2590
8.456982135772705,2589
8.459929943084717,2588
8.462703943252563,2587
8.48824405670166,2586
8.5225350856781,2585
8.554287910461426,2584
8.559469938278198,2583
8.562413930892944,2582
8.571002960205078,2581
8.573807001113892,2580
8.576772928237915,2579
8.579612016677856,2578
8.590979099273682,2577
8.596440076828003,2576
8.609447002410889,2575
8.612291812896729,2574
8.617408990859985,2573
8.620359897613525,2572
8.623140811920166,2571
8.63104796409607,2570
8.642812967300415,2569
8.649356126785278,2568
8.660375118255615,2567
8.665987253189087,2566
8.668920993804932,2565
8.681867122650146,2564
8.69310188293457,2563
8.697793006896973,2562
8.704977989196777,2561
8.707978963851929,2560
8.713330030441284,2559
8.716166973114014,2558
8.730095863342285,2557
8.733051061630249,2556
8.735832214355469,2555
8.74371600151062,2554
8.749092817306519,2553
8.762086868286133,2552
8.767206907272339,2551
8.770022869110107,2550
8.775405168533325,2549
8.782373905181885,2548
8.790786027908325,2547
8.800451040267944,2546
8.80615496635437,2545
8.809155225753784,2544
8.816311120986938,2543
8.819256067276001,2542
8.822071075439453,2541
8.827288150787354,2540
8.84640383720398,2539
8.86392617225647,2538
8.875855922698975,2537
8.881133794784546,2536
8.886610984802246,2535
8.88959288597107,2534
8.894259929656982,2533
8.900989055633545,2532
8.911251068115234,2531
8.914211988449097,2530
8.91698694229126,2529
8.924153804779053,2528
8.928914070129395,2527
8.934211254119873,2526
8.95034408569336,2525
8.955718994140625,2524
8.958656072616577,2523
8.961421012878418,2522
8.966356039047241,2521
8.971458196640015,2520
8.976448059082031,2519
8.979444026947021,2518
9.001481056213379,2517
9.018604040145874,2516
9.026021957397461,2515
9.028997898101807,2514
9.035804986953735,2513
9.03875207901001,2512
9.045921087265015,2511
9.05155897140503,2510
9.064225196838379,2509
9.067164897918701,2508
9.083145141601562,2507
9.101078987121582,2506
9.106267929077148,2505
9.111348152160645,2504
9.118292093276978,2503
9.12813401222229,2502
9.154524087905884,2501
9.169646978378296,2500
9.194720029830933,2499
9.19754695892334,2498
9.207946062088013,2497
9.215955972671509,2496
9.233560800552368,2495
9.25826907157898,2494
9.283278942108154,2493
9.287000894546509,2492
9.292889833450317,2491
9.315699100494385,2490
9.335629940032959,2489
9.338941097259521,2488
9.342035055160522,2487
9.345329999923706,2486
9.359586954116821,2485
9.363388061523438,2484
9.372703075408936,2483
9.381004095077515,2482
9.393779039382935,2481
9.40514588356018,2480
9.414101123809814,2479
9.41736102104187,2478
9.437480926513672,2477
9.458238124847412,2476
9.466064929962158,2475
9.474416971206665,2474
9.482754230499268,2473
9.496964931488037,2472
9.500280141830444,2471
9.503653049468994,2470
9.506783962249756,2469
9.509993076324463,2468
9.518127918243408,2467
9.521435976028442,2466
9.524856090545654,2465
9.543744087219238,2464
9.561328887939453,2463
9.564862966537476,2462
9.568204164505005,2461
9.571277856826782,2460
9.577008962631226,2459
9.58027696609497,2458
9.590614080429077,2457
9.596405029296875,2456
9.59957504272461,2455
9.608316898345947,2454
9.613574028015137,2453
9.620156049728394,2452
9.628558874130249,2451
9.63205885887146,2450
9.639806032180786,2449
9.645753860473633,2448
9.649186849594116,2447
9.660045862197876,2446
9.663163900375366,2445
9.666630983352661,2444
9.669685125350952,2443
9.67595911026001,2442
9.679296016693115,2441
9.709592819213867,2440
9.723164081573486,2439
9.752027034759521,2438
9.76206111907959,2437
9.76513385772705,2436
9.82371211051941,2435
9.833441019058228,2434
9.868279218673706,2433
9.87953495979309,2432
9.882309913635254,2431
9.901293992996216,2430
9.908697843551636,2429
9.916626930236816,2428
9.919405221939087,2427
9.922173023223877,2426
9.924913883209229,2425
9.929764986038208,2424
9.934718132019043,2423
9.937476873397827,2422
9.940232992172241,2421
9.943019151687622,2420
9.953083038330078,2419
9.962531805038452,2418
9.979629039764404,2417
9.982359170913696,2416
9.98508596420288,2415
9.992294073104858,2414
9.995035886764526,2413
10.000324964523315,2412
10.006915807723999,2411
10.015882015228271,2410
10.020385026931763,2409
10.02565312385559,2408
10.028396129608154,2407
10.050610065460205,2406
10.058310985565186,2405
10.061058044433594,2404
10.067746877670288,2403
10.070735931396484,2402
10.073845148086548,2401
10.119907855987549,2400
10.123157978057861,2399
10.12663984298706,2398
10.145873069763184,2397
10.149089097976685,2396
10.154184103012085,2395
10.189723014831543,2394
10.216917991638184,2393
10.219957113265991,2392
10.251447200775146,2391
10.256278991699219,2390
10.263084173202515,2389
10.265855073928833,2388
10.280181169509888,2387
10.284995794296265,2386
10.299745082855225,2385
10.325699090957642,2384
10.335898876190186,2383
10.34719204902649,2382
10.356345891952515,2381
10.368114948272705,2380
10.370906829833984,2379
10.389603853225708,2378
10.406679153442383,2377
10.409512996673584,2376
10.41443681716919,2375
10.417226076126099,2374
10.421776056289673,2373
10.432820081710815,2372
10.451438903808594,2371
10.482694864273071,2370
10.493664026260376,2369
10.496892929077148,2368
10.503207921981812,2367
10.50639009475708,2366
10.526751041412354,2365
10.536746978759766,2364
10.539738893508911,2363
10.542908906936646,2362
10.547910928726196,2361
10.55472993850708,2360
10.568493843078613,2359
10.582446813583374,2358
10.587711095809937,2357
10.609453916549683,2356
10.612246990203857,2355
10.61846399307251,2354
10.628720998764038,2353
10.633436918258667,2352
10.65694284439087,2351
10.672535181045532,2350
10.679709911346436,2349
10.682558059692383,2348
10.702883958816528,2347
10.722904920578003,2346
10.728382110595703,2345
10.733614921569824,2344
10.752280950546265,2343
10.757423877716064,2342
10.763355016708374,2341
10.769049882888794,2340
10.774208068847656,2339
10.795776128768921,2338
10.806031942367554,2337
10.808958053588867,2336
10.816657066345215,2335
10.846990823745728,2334
10.849923133850098,2333
10.856493949890137,2332
10.875289916992188,2331
10.87821102142334,2330
10.892709970474243,2329
10.91648006439209,2328
10.927366971969604,2327
10.934279918670654,2326
10.96107816696167,2325
10.965655088424683,2324
10.988806962966919,2323
11.037405014038086,2322
11.069875001907349,2321
11.079015016555786,2320
11.103255033493042,2319
11.117931127548218,2318
11.162822008132935,2317
11.210179805755615,2316
11.274317979812622,2315
11.295015096664429,2314
11.303729057312012,2313
11.310603141784668,2312
11.321760177612305,2311
11.324528932571411,2310
11.338383913040161,2309
11.355859994888306,2308
11.396292924880981,2307
11.399202823638916,2306
11.431983947753906,2305
11.442026138305664,2304
11.47321105003357,2303
11.55824899673462,2302
11.574626922607422,2301
11.589149951934814,2300
11.594027042388916,2299
11.60140609741211,2298
11.610069990158081,2297
11.62048602104187,2296
11.63387393951416,2295
11.67143201828003,2294
11.722665071487427,2293
11.739405155181885,2292
11.844034194946289,2291
11.857356071472168,2290
12.007059097290039,2289
12.016109228134155,2288
12.033087015151978,2287
12.067653894424438,2286
12.1092848777771,2285
12.134117841720581,2284
12.140645027160645,2283
12.154967069625854,2282
12.26515793800354,2281
12.268004894256592,2280
12.319974899291992,2279
12.34599781036377,2278
12.442145109176636,2277
12.460701942443848,2276
12.465539932250977,2275
12.473340034484863,2274
12.477787971496582,2273
12.640655994415283,2272
12.703699111938477,2271
12.787885189056396,2270
12.814218997955322,2269
