3.504753112792969e-05,11023
0.0349879264831543,11022
0.061466217041015625,11021
0.08407306671142578,11020
0.10700106620788574,11019
0.13003802299499512,11018
0.15291213989257812,11017
0.17678213119506836,11016
0.20036983489990234,11015
0.22321200370788574,11014
0.24666500091552734,11013
0.27089405059814453,11012
0.2956552505493164,11011
0.32175612449645996,11010
0.3446221351623535,11009
0.3673830032348633,11008
0.3929872512817383,11007
0.41744303703308105,11006
0.4415111541748047,11005
0.4682459831237793,11004
0.49637603759765625,11003
0.5217020511627197,11002
0.546727180480957,11001
0.5707881450653076,11000
0.5951821804046631,10999
0.6205270290374756,10998
0.6471610069274902,10997
0.6699180603027344,10996
0.6943018436431885,10995
0.7185831069946289,10994
0.74300217628479,10993
0.7673599720001221,10992
0.7922689914703369,10991
0.8167200088500977,10990
0.8409688472747803,10989
0.8649201393127441,10988
0.8888492584228516,10987
0.913661003112793,10986
0.9385900497436523,10985
0.9651551246643066,10984
0.9901690483093262,10983
1.0141260623931885,10982
1.0372769832611084,10981
1.0605120658874512,10980
1.0850920677185059,10979
1.113041877746582,10978
1.139275074005127,10977
1.1648609638214111,10976
1.1894562244415283,10975
1.2136549949645996,10974
1.237328052520752,10973
1.2605109214782715,10972
1.2926549911499023,10971
1.3176960945129395,10970
1.3479878902435303,10969
1.374556064605713,10968
1.4046871662139893,10967
1.4296839237213135,10966
1.454577922821045,10965
1.4782650470733643,10964
1.5009000301361084,10963
1.5237538814544678,10962
1.5465240478515625,10961
1.570430040359497,10960
1.594912052154541,10959
1.6200592517852783,10958
1.6439988613128662,10957
1.666666030883789,10956
1.6897120475769043,10955
1.7133018970489502,10954
1.7364590167999268,10953
1.7604122161865234,10952
1.7861769199371338,10951
1.8119449615478516,10950
1.835942029953003,10949
1.8600921630859375,10948
1.882864236831665,10947
1.905635118484497,10946
1.9284842014312744,10945
1.9510819911956787,10944
1.9740841388702393,10943
1.9980599880218506,10942
2.0231330394744873,10941
2.0480010509490967,10940
2.0813329219818115,10939
2.115079879760742,10938
2.1451520919799805,10937
2.1741280555725098,10936
2.2020111083984375,10935
2.2342278957366943,10934
2.2652170658111572,10933
2.292973041534424,10932
2.320265054702759,10931
2.3519811630249023,10930
2.3854708671569824,10929
2.4170801639556885,10928
2.4490139484405518,10927
2.4766530990600586,10926
2.5074050426483154,10925
2.5316121578216553,10924
2.554898977279663,10923
2.5785000324249268,10922
2.601735830307007,10921
2.6535348892211914,10920
2.680593967437744,10919
2.705531120300293,10918
2.7321159839630127,10917
2.756574869155884,10916
2.7835121154785156,10915
2.8087759017944336,10914
2.832965135574341,10913
2.85685396194458,10912
2.8871941566467285,10911
2.91452693939209,10910
2.9404139518737793,10909
2.9647412300109863,10908
2.988679885864258,10907
3.013077974319458,10906
3.0370359420776367,10905
3.062994956970215,10904
3.089369058609009,10903
3.1165099143981934,10902
3.141939878463745,10901
3.169509172439575,10900
3.1942520141601562,10899
3.218451976776123,10898
3.242614984512329,10897
3.2653911113739014,10896
3.2893481254577637,10895
3.3121800422668457,10894
3.336099147796631,10893
3.360175132751465,10892
3.3860018253326416,10891
3.412912130355835,10890
3.4498958587646484,10889
3.5034260749816895,10888
3.5501251220703125,10887
3.582503080368042,10886
3.6107940673828125,10885
3.637991189956665,10884
3.663483142852783,10883
3.687772274017334,10882
3.712256908416748,10881
3.736902952194214,10880
3.764936923980713,10879
3.789620876312256,10878
3.820974111557007,10877
3.8492989540100098,10876
3.8769960403442383,10875
3.9045560359954834,10874
3.9290990829467773,10873
3.954025983810425,10872
3.978161096572876,10871
4.002513885498047,10870
4.027176856994629,10869
4.056288003921509,10868
4.097319841384888,10867
4.127388954162598,10866
4.15365195274353,10865
4.17870306968689,10864
4.202951908111572,10863
4.227048873901367,10862
4.2524449825286865,10861
4.279370069503784,10860
4.305627107620239,10859
4.328930139541626,10858
4.358484983444214,10857
4.384872913360596,10856
4.410071134567261,10855
4.43404483795166,10854
4.457840204238892,10853
4.482967138290405,10852
4.509358167648315,10851
4.534218072891235,10850
4.556880235671997,10849
4.580311059951782,10848
4.604751110076904,10847
4.632638931274414,10846
4.660345077514648,10845
4.690182209014893,10844
4.720617055892944,10843
4.74544095993042,10842
4.769108057022095,10841
4.7919111251831055,10840
4.814586162567139,10839
4.837382078170776,10838
4.860241889953613,10837
4.883078098297119,10836
4.906612873077393,10835
4.930440902709961,10834
4.954471111297607,10833
4.978298187255859,10832
5.0011372566223145,10831
5.02354884147644,10830
5.0462682247161865,10829
5.069021940231323,10828
5.092576026916504,10827
5.116089105606079,10826
5.140155076980591,10825
5.164014101028442,10824
5.1881468296051025,10823
5.211404085159302,10822
5.2342681884765625,10821
5.256659984588623,10820
5.279198884963989,10819
5.3019421100616455,10818
5.32492208480835,10817
5.348577976226807,10816
5.372687101364136,10815
5.396629095077515,10814
5.420069217681885,10813
5.443024158477783,10812
5.465593099594116,10811
5.488152980804443,10810
5.510869979858398,10809
5.534093141555786,10808
5.557868957519531,10807
5.581518173217773,10806
5.605119943618774,10805
5.627692937850952,10804
5.650607109069824,10803
5.67309308052063,10802
5.695886135101318,10801
5.718737840652466,10800
5.7425432205200195,10799
5.766581058502197,10798
5.790588855743408,10797
5.8143229484558105,10796
5.837479829788208,10795
5.860234022140503,10794
5.882652044296265,10793
5.904935121536255,10792
5.927609205245972,10791
5.951261043548584,10790
5.97515606880188,10789
5.998903036117554,10788
6.022640228271484,10787
6.045574903488159,10786
6.068608045578003,10785
6.0911760330200195,10784
6.113530158996582,10783
6.1396260261535645,10782
6.166763067245483,10781
6.196796178817749,10780
6.223736047744751,10779
6.250391960144043,10778
6.276313066482544,10777
6.300328016281128,10776
6.324115991592407,10775
6.347826957702637,10774
6.371423006057739,10773
6.396275997161865,10772
6.421406030654907,10771
6.451265096664429,10770
6.479324817657471,10769
6.506525039672852,10768
6.530851125717163,10767
6.554624080657959,10766
6.578654050827026,10765
6.602869987487793,10764
6.629065990447998,10763
6.657679080963135,10762
6.685070037841797,10761
6.713073253631592,10760
6.738545179367065,10759
6.76410698890686,10758
6.788305044174194,10757
6.8124940395355225,10756
6.838783025741577,10755
6.86831521987915,10754
6.89357590675354,10753
6.917681932449341,10752
6.941576957702637,10751
6.965826034545898,10750
6.994581937789917,10749
7.01922607421875,10748
7.044734954833984,10747
7.069826126098633,10746
7.09466814994812,10745
7.123240947723389,10744
7.1476709842681885,10743
7.171420097351074,10742
7.195785045623779,10741
7.219635009765625,10740
7.248145818710327,10739
7.275599002838135,10738
7.301738023757935,10737
7.326258897781372,10736
7.35329008102417,10735
7.3813371658325195,10734
7.407032012939453,10733
7.431388854980469,10732
7.459645986557007,10731
7.486979007720947,10730
7.51397705078125,10729
7.5404040813446045,10728
7.564220190048218,10727
7.5881359577178955,10726
7.6130051612854,10725
7.639418125152588,10724
7.6667351722717285,10723
7.6929919719696045,10722
7.718494892120361,10721
7.7447381019592285,10720
7.768787860870361,10719
7.792868137359619,10718
7.817009925842285,10717
7.840926885604858,10716
7.8672449588775635,10715
7.892120122909546,10714
7.917287111282349,10713
7.942327976226807,10712
7.967970132827759,10711
7.991719961166382,10710
8.015121936798096,10709
8.038503170013428,10708
8.062308073043823,10707
8.086172819137573,10706
8.110724210739136,10705
8.135749101638794,10704
8.160692930221558,10703
8.184514045715332,10702
8.206981182098389,10701
8.22947096824646,10700
8.252441167831421,10699
8.27543020248413,10698
8.298628091812134,10697
8.322763919830322,10696
8.346942901611328,10695
8.370857954025269,10694
8.394826889038086,10693
8.417957067489624,10692
8.441983938217163,10691
8.469116926193237,10690
8.495511054992676,10689
8.52371621131897,10688
8.552735090255737,10687
8.57751202583313,10686
8.602428913116455,10685
8.6270170211792,10684
8.651311159133911,10683
8.675689935684204,10682
8.699497938156128,10681
8.723548173904419,10680
8.747247219085693,10679
8.773940086364746,10678
8.800374031066895,10677
8.82736611366272,10676
8.850888013839722,10675
8.873396873474121,10674
8.895884037017822,10673
8.921424150466919,10672
8.945783138275146,10671
8.971388101577759,10670
9.0016188621521,10669
9.031474828720093,10668
9.05739688873291,10667
9.082931995391846,10666
9.106852054595947,10665
9.130481243133545,10664
9.154137134552002,10663
9.180434942245483,10662
9.2085440158844,10661
9.2379891872406,10660
9.265949964523315,10659
9.293272018432617,10658
9.321895122528076,10657
9.349784135818481,10656
9.379632234573364,10655
9.406690120697021,10654
9.434608221054077,10653
9.461180925369263,10652
9.487706184387207,10651
9.511388063430786,10650
9.535287141799927,10649
9.559231042861938,10648
9.583615064620972,10647
9.610209941864014,10646
9.63754916191101,10645
9.66567087173462,10644
9.693846940994263,10643
9.721565008163452,10642
9.749908924102783,10641
9.77958607673645,10640
9.80977201461792,10639
9.839644193649292,10638
9.869478225708008,10637
9.896923065185547,10636
9.928663969039917,10635
9.9585440158844,10634
9.987936973571777,10633
10.017414808273315,10632
10.046648025512695,10631
10.07652997970581,10630
10.10549807548523,10629
10.131697177886963,10628
10.159059047698975,10627
10.1842942237854,10626
10.214035034179688,10625
10.242010116577148,10624
10.266161918640137,10623
10.289431095123291,10622
10.313920974731445,10621
10.339452266693115,10620
10.36469292640686,10619
10.389673948287964,10618
10.413329839706421,10617
10.437871217727661,10616
10.464392900466919,10615
10.4895339012146,10614
10.513993978500366,10613
10.538996934890747,10612
10.563997983932495,10611
10.588618040084839,10610
10.612828969955444,10609
10.641271114349365,10608
10.66961407661438,10607
10.698920965194702,10606
10.72730302810669,10605
10.757617235183716,10604
10.78826904296875,10603
10.815684080123901,10602
10.844536066055298,10601
10.872277021408081,10600
10.897841215133667,10599
10.92191195487976,10598
10.946120977401733,10597
10.9720299243927,10596
10.997339248657227,10595
11.02226209640503,10594
11.046626091003418,10593
11.0710289478302,10592
11.09528112411499,10591
11.119632244110107,10590
11.144198179244995,10589
11.168498992919922,10588
11.193921089172363,10587
11.219913005828857,10586
11.246202230453491,10585
11.271192073822021,10584
11.295544147491455,10583
11.319847822189331,10582
11.344354152679443,10581
11.368919134140015,10580
11.393301963806152,10579
11.418901920318604,10578
11.444908142089844,10577
11.47368597984314,10576
11.50398302078247,10575
11.53453803062439,10574
11.56358027458191,10573
11.594037055969238,10572
11.621603012084961,10571
11.64797592163086,10570
11.6737699508667,10569
11.699382066726685,10568
11.725435018539429,10567
11.749414205551147,10566
11.773218154907227,10565
11.797031879425049,10564
11.821137189865112,10563
11.8453528881073,10562
11.872139930725098,10561
11.903018951416016,10560
11.931228160858154,10559
11.961364030838013,10558
11.990272045135498,10557
12.017127990722656,10556
12.046560049057007,10555
12.07819390296936,10554
12.108980894088745,10553
12.136451005935669,10552
12.161154985427856,10551
12.185698986053467,10550
12.212792158126831,10549
12.23708701133728,10548
12.26140308380127,10547
12.286091089248657,10546
12.31158709526062,10545
12.336899042129517,10544
12.362324953079224,10543
12.386535882949829,10542
12.41099500656128,10541
12.435691118240356,10540
12.460123062133789,10539
12.48488187789917,10538
12.510188102722168,10537
12.535719871520996,10536
12.561841249465942,10535
12.587042093276978,10534
12.611481189727783,10533
12.63601303100586,10532
12.66054916381836,10531
12.685032844543457,10530
12.709355115890503,10529
12.73499321937561,10528
12.762357950210571,10527
12.787981033325195,10526
12.812777996063232,10525
12.837335109710693,10524
12.863771200180054,10523
12.887848854064941,10522
12.912194967269897,10521
12.936925888061523,10520
12.962509155273438,10519
12.9879469871521,10518
13.013146162033081,10517
13.038732051849365,10516
13.063411951065063,10515
13.087800979614258,10514
13.112332105636597,10513
13.136481046676636,10512
13.163440227508545,10511
13.191174030303955,10510
13.217303037643433,10509
13.242870092391968,10508
13.26686406135559,10507
13.291111946105957,10506
13.315248012542725,10505
13.33915400505066,10504
13.36328387260437,10503
13.388583898544312,10502
13.413907051086426,10501
13.440840005874634,10500
13.465757846832275,10499
13.491699934005737,10498
13.516881227493286,10497
13.54114818572998,10496
13.56675910949707,10495
13.590832233428955,10494
13.616391897201538,10493
13.643566131591797,10492
13.669998168945312,10491
13.694664001464844,10490
13.719135999679565,10489
13.743821144104004,10488
13.768338918685913,10487
13.792762041091919,10486
13.817469835281372,10485
13.843325853347778,10484
13.869905233383179,10483
13.896247148513794,10482
13.922525882720947,10481
13.94653582572937,10480
13.970755100250244,10479
13.994915008544922,10478
14.019356966018677,10477
14.043867111206055,10476
14.069576025009155,10475
14.096400022506714,10474
14.121726989746094,10473
14.14581298828125,10472
14.170231103897095,10471
14.194556951522827,10470
14.218577146530151,10469
14.242554187774658,10468
14.267863988876343,10467
14.293329238891602,10466
14.318647146224976,10465
14.343276977539062,10464
14.367513179779053,10463
14.393030881881714,10462
14.418215274810791,10461
14.444695949554443,10460
14.470421075820923,10459
14.495826005935669,10458
14.521342039108276,10457
14.546950101852417,10456
14.57418704032898,10455
14.602703094482422,10454
14.630511045455933,10453
14.65881896018982,10452
14.68678593635559,10451
14.713980913162231,10450
14.743371963500977,10449
14.77013087272644,10448
14.798221111297607,10447
14.826247930526733,10446
14.851476907730103,10445
14.875569820404053,10444
14.902465105056763,10443
14.928644180297852,10442
14.954179048538208,10441
14.979948997497559,10440
15.003873109817505,10439
15.027676105499268,10438
15.05155086517334,10437
15.075396060943604,10436
15.098950862884521,10435
15.123918056488037,10434
15.149273157119751,10433
15.176955223083496,10432
15.202178955078125,10431
15.226634979248047,10430
15.250844955444336,10429
15.274885177612305,10428
15.2984299659729,10427
15.322236061096191,10426
15.345947027206421,10425
15.36969804763794,10424
15.395012140274048,10423
15.418776988983154,10422
15.441694974899292,10421
15.465512037277222,10420
15.494691133499146,10419
15.521926164627075,10418
15.551630020141602,10417
15.581068992614746,10416
15.611281871795654,10415
15.641136169433594,10414
15.665247917175293,10413
15.689125061035156,10412
15.713250160217285,10411
15.741190195083618,10410
15.767151117324829,10409
15.79222297668457,10408
15.817534923553467,10407
15.84554123878479,10406
15.872591018676758,10405
15.899074077606201,10404
15.923237085342407,10403
15.947142839431763,10402
15.971553087234497,10401
15.99658489227295,10400
16.021790027618408,10399
16.046565055847168,10398
16.070340156555176,10397
16.09686803817749,10396
16.12432622909546,10395
16.148580074310303,10394
16.172457933425903,10393
16.197651863098145,10392
16.222506999969482,10391
16.24764323234558,10390
16.272019863128662,10389
16.295819997787476,10388
16.319409132003784,10387
16.343483209609985,10386
16.3694269657135,10385
16.394755125045776,10384
16.42133617401123,10383
16.45013189315796,10382
16.475230932235718,10381
16.500033140182495,10380
16.523887157440186,10379
16.5475971698761,10378
16.571271896362305,10377
16.595299005508423,10376
16.61933207511902,10375
16.64515709877014,10374
16.670359134674072,10373
16.695026874542236,10372
16.719545125961304,10371
16.744147062301636,10370
16.768301010131836,10369
16.792529106140137,10368
16.815850019454956,10367
16.838649034500122,10366
16.862252950668335,10365
16.886183977127075,10364
16.91089105606079,10363
16.93506407737732,10362
16.96219491958618,10361
16.992496013641357,10360
17.02203106880188,10359
17.051489114761353,10358
17.08058214187622,10357
17.109288930892944,10356
17.13719606399536,10355
17.16748309135437,10354
17.19697904586792,10353
17.2263240814209,10352
17.255665063858032,10351
17.28524422645569,10350
17.315430164337158,10349
17.343101978302002,10348
17.373178005218506,10347
17.402855157852173,10346
17.4322350025177,10345
17.45895004272461,10344
17.489376068115234,10343
17.519601106643677,10342
17.550520181655884,10341
17.579530954360962,10340
17.607558250427246,10339
17.637977123260498,10338
17.664520025253296,10337
17.694292068481445,10336
17.72402811050415,10335
17.754902124404907,10334
17.779242992401123,10333
17.803044080734253,10332
17.826035976409912,10331
17.84842324256897,10330
17.87118887901306,10329
17.893884897232056,10328
17.916457891464233,10327
17.938827991485596,10326
17.961525917053223,10325
17.985798120498657,10324
18.00984001159668,10323
18.03403401374817,10322
18.05731987953186,10321
18.080095052719116,10320
18.10351800918579,10319
18.126507997512817,10318
18.14909601211548,10317
18.17197322845459,10316
18.196141004562378,10315
18.22012686729431,10314
18.244236946105957,10313
18.26723313331604,10312
18.289679050445557,10311
18.31264901161194,10310
18.335448026657104,10309
18.358248949050903,10308
18.381248950958252,10307
18.405208110809326,10306
18.42908215522766,10305
18.453046083450317,10304
18.476124048233032,10303
18.498591899871826,10302
18.521399974822998,10301
18.544122219085693,10300
18.566827058792114,10299
18.589768886566162,10298
18.61363983154297,10297
18.63779616355896,10296
18.661840200424194,10295
18.68527626991272,10294
18.70802092552185,10293
18.730497121810913,10292
18.75312304496765,10291
18.775954961776733,10290
18.798784017562866,10289
18.822481870651245,10288
18.848324060440063,10287
18.872297048568726,10286
18.896054983139038,10285
18.919469118118286,10284
18.942302942276,10283
18.96510910987854,10282
18.98899817466736,10281
19.01275110244751,10280
19.038467168807983,10279
19.062762022018433,10278
19.087414979934692,10277
19.110758066177368,10276
19.13440990447998,10275
19.157724142074585,10274
19.18161416053772,10273
19.205252170562744,10272
19.228776931762695,10271
19.253352880477905,10270
19.27829098701477,10269
19.303284883499146,10268
19.327458143234253,10267
19.35356593132019,10266
19.377660989761353,10265
19.40046215057373,10264
19.422847032546997,10263
19.45539927482605,10262
19.49332904815674,10261
19.52117395401001,10260
19.5484778881073,10259
19.57674813270569,10258
19.60334801673889,10257
19.63066601753235,10256
19.66959309577942,10255
19.698750019073486,10254
19.727335929870605,10253
19.761507034301758,10252
19.790980100631714,10251
19.81959080696106,10250
19.847810983657837,10249
19.874732971191406,10248
19.900552988052368,10247
19.924986124038696,10246
19.952499866485596,10245
19.980549097061157,10244
20.007478952407837,10243
20.031748056411743,10242
20.055644989013672,10241
20.07952094078064,10240
20.1039080619812,10239
20.12764310836792,10238
20.157787084579468,10237
20.186010122299194,10236
20.213901042938232,10235
20.24069309234619,10234
20.264588117599487,10233
20.290771007537842,10232
20.314164876937866,10231
20.337200164794922,10230
20.36042308807373,10229
20.384112119674683,10228
20.40811324119568,10227
20.43248987197876,10226
20.458680152893066,10225
20.482083082199097,10224
20.505499124526978,10223
20.528311014175415,10222
20.5519962310791,10221
20.576141119003296,10220
20.601959943771362,10219
20.627323150634766,10218
20.654446125030518,10217
20.680546045303345,10216
20.70483708381653,10215
20.72923493385315,10214
20.755398988723755,10213
20.77972912788391,10212
20.803699016571045,10211
20.829081058502197,10210
20.85341787338257,10209
20.877840042114258,10208
20.90206217765808,10207
20.925207138061523,10206
20.94822406768799,10205
20.971741914749146,10204
20.997715950012207,10203
21.025922060012817,10202
21.051455974578857,10201
21.080821990966797,10200
21.108235120773315,10199
21.132465839385986,10198
21.15642809867859,10197
21.180045127868652,10196
21.203569889068604,10195
21.227118015289307,10194
21.252511978149414,10193
21.279507875442505,10192
21.307011127471924,10191
21.331860065460205,10190
21.355332136154175,10189
21.378844261169434,10188
21.40174102783203,10187
21.42477798461914,10186
21.448343992233276,10185
21.472532987594604,10184
21.49868106842041,10183
21.52280592918396,10182
21.547667980194092,10181
21.572920083999634,10180
21.596400022506714,10179
21.620337963104248,10178
21.64441704750061,10177
21.668548107147217,10176
21.691487073898315,10175
21.71521782875061,10174
21.741894960403442,10173
21.76595401763916,10172
21.792941093444824,10171
21.81815814971924,10170
21.842727184295654,10169
21.869833946228027,10168
21.89580202102661,10167
21.92296290397644,10166
21.94702696800232,10165
21.97035312652588,10164
21.996142148971558,10163
22.019662141799927,10162
22.046455144882202,10161
22.0717351436615,10160
22.09685707092285,10159
22.12207317352295,10158
22.145625114440918,10157
22.16988492012024,10156
22.19330406188965,10155
22.21616005897522,10154
22.238955974578857,10153
22.262160062789917,10152
22.285551071166992,10151
22.309455156326294,10150
22.33333706855774,10149
22.357192993164062,10148
22.379887104034424,10147
22.402576208114624,10146
22.4255428314209,10145
22.45176601409912,10144
22.476346015930176,10143
22.49997591972351,10142
22.523180961608887,10141
22.54854393005371,10140
22.573060035705566,10139
22.596763134002686,10138
22.620341062545776,10137
22.6444890499115,10136
22.670345067977905,10135
22.695554971694946,10134
22.718823194503784,10133
22.742707014083862,10132
22.765990257263184,10131
22.790793895721436,10130
22.817312955856323,10129
22.84285593032837,10128
22.867444038391113,10127
22.892138957977295,10126
22.91657018661499,10125
22.940505027770996,10124
22.96455407142639,10123
22.988731145858765,10122
23.012553930282593,10121
23.03610396385193,10120
23.059911012649536,10119
23.0830180644989,10118
23.106093168258667,10117
23.129204034805298,10116
23.151977062225342,10115
23.174643993377686,10114
23.197095155715942,10113
23.219917058944702,10112
23.242954969406128,10111
23.265531063079834,10110
23.288341999053955,10109
23.311280012130737,10108
23.334089994430542,10107
23.35697317123413,10106
23.380505084991455,10105
23.40448784828186,10104
23.428389072418213,10103
23.451359033584595,10102
23.473828077316284,10101
23.496387004852295,10100
23.519691944122314,10099
23.543525218963623,10098
23.56902503967285,10097
23.59258484840393,10096
23.61628484725952,10095
23.639921188354492,10094
23.663097143173218,10093
23.68868088722229,10092
23.712537050247192,10091
23.738104104995728,10090
23.76630711555481,10089
23.794373035430908,10088
23.823315858840942,10087
23.85188603401184,10086
23.880351066589355,10085
23.908843994140625,10084
23.938415050506592,10083
23.96295189857483,10082
23.986419916152954,10081
24.009926080703735,10080
24.032737016677856,10079
24.055236101150513,10078
24.078317165374756,10077
24.10112500190735,10076
24.12371826171875,10075
24.146520137786865,10074
24.169708013534546,10073
24.19300103187561,10072
24.21618890762329,10071
24.239837884902954,10070
24.26322889328003,10069
24.287123918533325,10068
24.31038784980774,10067
24.333916187286377,10066
24.357944011688232,10065
24.381980895996094,10064
24.4051730632782,10063
24.4279842376709,10062
24.450546979904175,10061
24.47256112098694,10060
24.495357990264893,10059
24.518120050430298,10058
24.54122495651245,10057
24.564272165298462,10056
24.587265968322754,10055
24.610437154769897,10054
24.633994102478027,10053
24.6575448513031,10052
24.68125581741333,10051
24.70413303375244,10050
24.72694706916809,10049
24.74932098388672,10048
24.77240800857544,10047
24.796885013580322,10046
24.821209192276,10045
24.844593048095703,10044
24.868233919143677,10043
24.89433217048645,10042
24.918647050857544,10041
24.942230939865112,10040
24.964912176132202,10039
24.9881808757782,10038
25.01182794570923,10037
25.035712003707886,10036
25.060412168502808,10035
25.08563804626465,10034
25.110416173934937,10033
25.13395619392395,10032
25.15694308280945,10031
25.18008303642273,10030
25.203045129776,10029
25.227468967437744,10028
25.251036882400513,10027
25.2740159034729,10026
25.300527095794678,10025
25.323939085006714,10024
25.34741187095642,10023
25.370360136032104,10022
25.39372205734253,10021
25.416710138320923,10020
25.439712047576904,10019
25.46323299407959,10018
25.48743510246277,10017
25.51049017906189,10016
25.533310890197754,10015
25.556034088134766,10014
25.578516960144043,10013
25.60106325149536,10012
25.62605905532837,10011
25.64917302131653,10010
25.672436952590942,10009
25.69600796699524,10008
25.719421863555908,10007
25.743054151535034,10006
25.766748189926147,10005
25.789722204208374,10004
25.813141107559204,10003
25.83652400970459,10002
25.859745979309082,10001
25.88563108444214,10000
25.908939123153687,9999
25.93213200569153,9998
25.95529007911682,9997
25.97854518890381,9996
26.001702070236206,9995
26.02487015724182,9994
26.04858899116516,9993
26.071449041366577,9992
26.094083070755005,9991
26.116676092147827,9990
26.13937783241272,9989
26.16249918937683,9988
26.186135053634644,9987
26.209455013275146,9986
26.234318017959595,9985
26.25742506980896,9984
26.280543088912964,9983
26.30382013320923,9982
26.326884031295776,9981
26.349622011184692,9980
26.372201919555664,9979
26.39536714553833,9978
26.41817808151245,9977
26.440918922424316,9976
26.463828086853027,9975
26.486999034881592,9974
26.51030206680298,9973
26.534121990203857,9972
26.55732297897339,9971
26.580769062042236,9970
26.604762077331543,9969
26.628056049346924,9968
26.6514310836792,9967
26.675143003463745,9966
26.698580980300903,9965
26.721555948257446,9964
26.745041847229004,9963
26.768275022506714,9962
26.79104995727539,9961
26.814062118530273,9960
26.837148189544678,9959
26.860640048980713,9958
26.88363218307495,9957
26.906832218170166,9956
26.92987895011902,9955
26.952508211135864,9954
26.975730895996094,9953
26.99856996536255,9952
27.021862030029297,9951
27.04751420021057,9950
27.07136297225952,9949
27.094302892684937,9948
27.117201805114746,9947
27.13961911201477,9946
27.162173986434937,9945
27.184937000274658,9944
27.207492113113403,9943
27.230386972427368,9942
27.25288701057434,9941
27.275465965270996,9940
27.298033237457275,9939
27.320667028427124,9938
27.34363603591919,9937
27.366363048553467,9936
27.38890504837036,9935
27.41165590286255,9934
27.434550046920776,9933
27.457226991653442,9932
27.47964906692505,9931
27.50243306159973,9930
27.52559804916382,9929
27.548161029815674,9928
27.57124400138855,9927
27.596276998519897,9926
27.620269060134888,9925
27.64402723312378,9924
27.667562007904053,9923
27.691895008087158,9922
27.715411901474,9921
27.739840984344482,9920
27.763005018234253,9919
27.787380933761597,9918
27.812317848205566,9917
27.83784508705139,9916
27.86327600479126,9915
27.886801958084106,9914
27.910468101501465,9913
27.934823989868164,9912
27.961598873138428,9911
27.98578190803528,9910
28.00924587249756,9909
28.034312963485718,9908
28.05799388885498,9907
28.081779956817627,9906
28.10555386543274,9905
28.12911605834961,9904
28.154734134674072,9903
28.17908000946045,9902
28.203330993652344,9901
28.227545022964478,9900
28.251846075057983,9899
28.27584409713745,9898
28.300127029418945,9897
28.324095964431763,9896
28.347341060638428,9895
28.370260000228882,9894
28.402910947799683,9893
28.42982506752014,9892
28.46479606628418,9891
28.49742102622986,9890
28.525117874145508,9889
28.555819988250732,9888
28.583105087280273,9887
28.610669136047363,9886
28.637956142425537,9885
28.663989067077637,9884
28.691429138183594,9883
28.717814922332764,9882
28.749585151672363,9881
28.778207063674927,9880
28.804939031600952,9879
28.834101915359497,9878
28.864490032196045,9877
28.897011041641235,9876
28.92594599723816,9875
28.953431129455566,9874
28.98053002357483,9873
29.006736040115356,9872
29.03199005126953,9871
29.060739994049072,9870
29.097214937210083,9869
29.1279559135437,9868
29.154654026031494,9867
29.18112802505493,9866
29.209168195724487,9865
29.240190982818604,9864
29.2710599899292,9863
29.29991602897644,9862
29.3296000957489,9861
29.36085605621338,9860
29.38772702217102,9859
29.414075136184692,9858
29.440135955810547,9857
29.466398000717163,9856
29.49354600906372,9855
29.519361972808838,9854
29.54700994491577,9853
29.572837114334106,9852
29.601221084594727,9851
29.627822160720825,9850
29.653625011444092,9849
29.679830074310303,9848
29.70582914352417,9847
29.73112201690674,9846
29.757992029190063,9845
29.78600001335144,9844
29.811941146850586,9843
29.841431140899658,9842
29.868069171905518,9841
29.89791202545166,9840
29.92642617225647,9839
29.954723119735718,9838
29.981065034866333,9837
30.006237983703613,9836
30.03534698486328,9835
30.06375503540039,9834
30.092212915420532,9833
30.118606090545654,9832
30.144628047943115,9831
30.17373514175415,9830
30.201515913009644,9829
30.23064613342285,9828
30.257746934890747,9827
30.286828994750977,9826
30.31528902053833,9825
30.341740131378174,9824
30.367712020874023,9823
30.393524885177612,9822
30.416620016098022,9821
30.439730882644653,9820
30.46372699737549,9819
30.487105131149292,9818
30.509832859039307,9817
30.534353971481323,9816
30.559439182281494,9815
30.582937002182007,9814
30.606619119644165,9813
30.63031506538391,9812
30.653762102127075,9811
30.677195072174072,9810
30.70265793800354,9809
30.728533029556274,9808
30.754580974578857,9807
30.779517889022827,9806
30.802963972091675,9805
30.82635998725891,9804
30.850114107131958,9803
30.877498149871826,9802
30.901692867279053,9801
30.923851013183594,9800
30.94627618789673,9799
30.969402074813843,9798
30.99191117286682,9797
31.01445698738098,9796
31.037167072296143,9795
31.059383153915405,9794
31.081692218780518,9793
31.104326963424683,9792
31.126811027526855,9791
31.1489200592041,9790
31.171180963516235,9789
31.193599939346313,9788
31.216073989868164,9787
31.238991022109985,9786
31.261713981628418,9785
31.283855199813843,9784
31.306154012680054,9783
31.328890085220337,9782
31.351094961166382,9781
31.373279094696045,9780
31.39591908454895,9779
31.418095111846924,9778
31.440918922424316,9777
31.463656902313232,9776
31.486196994781494,9775
31.508430004119873,9774
31.530838012695312,9773
31.553133010864258,9772
31.575316905975342,9771
31.599157094955444,9770
31.62396216392517,9769
31.64703893661499,9768
31.67049217224121,9767
31.695136070251465,9766
31.720853090286255,9765
31.74472403526306,9764
31.767516136169434,9763
31.7905011177063,9762
31.815354108810425,9761
31.83991003036499,9760
31.86271905899048,9759
31.887482166290283,9758
31.911120176315308,9757
31.93374800682068,9756
31.956059217453003,9755
31.97869300842285,9754
32.00090289115906,9753
32.02346110343933,9752
32.04608988761902,9751
32.06848692893982,9750
32.09200716018677,9749
32.11472201347351,9748
32.13741493225098,9747
32.15961813926697,9746
32.18215489387512,9745
32.20504188537598,9744
32.22818613052368,9743
32.25057888031006,9742
32.27303600311279,9741
32.29583692550659,9740
32.31802797317505,9739
32.34023094177246,9738
32.36250019073486,9737
32.38768720626831,9736
32.415245056152344,9735
32.43865609169006,9734
32.462812185287476,9733
32.48953700065613,9732
32.523428201675415,9731
32.55286502838135,9730
32.58053708076477,9729
32.607765913009644,9728
32.63308119773865,9727
32.65615701675415,9726
32.68107795715332,9725
32.706087827682495,9724
32.72941207885742,9723
32.752732276916504,9722
32.776171922683716,9721
32.79922890663147,9720
32.822235107421875,9719
32.845415115356445,9718
32.86872601509094,9717
32.89175009727478,9716
32.9142849445343,9715
32.93830609321594,9714
32.96267008781433,9713
32.984963178634644,9712
33.00769305229187,9711
33.031015157699585,9710
33.054187059402466,9709
33.07779097557068,9708
33.10049796104431,9707
33.122637033462524,9706
33.14558506011963,9705
33.16883826255798,9704
33.19094920158386,9703
33.21316909790039,9702
33.23544120788574,9701
33.25752902030945,9700
33.280357122421265,9699
33.302923917770386,9698
33.32511520385742,9697
33.34753894805908,9696
33.37036323547363,9695
33.392529249191284,9694
33.41494917869568,9693
33.43738102912903,9692
33.45942807197571,9691
33.48171591758728,9690
33.50402498245239,9689
33.526074171066284,9688
33.54834508895874,9687
33.570924043655396,9686
33.593446254730225,9685
33.61557197570801,9684
33.637969970703125,9683
33.66007900238037,9682
33.682701110839844,9681
33.705374002456665,9680
33.73167300224304,9679
33.76012325286865,9678
33.78851103782654,9677
33.81559920310974,9676
33.842342138290405,9675
33.86719799041748,9674
33.890830993652344,9673
33.92217493057251,9672
33.95116305351257,9671
33.97852802276611,9670
34.00148820877075,9669
34.0245680809021,9668
34.04803705215454,9667
34.07115316390991,9666
34.09422206878662,9665
34.11697316169739,9664
34.13970398902893,9663
34.16223406791687,9662
34.184552907943726,9661
34.20703315734863,9660
34.23314881324768,9659
34.25948905944824,9658
34.28501296043396,9657
34.31023621559143,9656
34.33898210525513,9655
34.36667799949646,9654
34.393576860427856,9653
34.420893907547,9652
34.44838094711304,9651
34.475646018981934,9650
34.50300216674805,9649
34.53022217750549,9648
34.55768013000488,9647
34.582993268966675,9646
34.60867500305176,9645
34.63653492927551,9644
34.66451406478882,9643
34.6924409866333,9642
34.71882486343384,9641
34.74666404724121,9640
34.772505044937134,9639
34.79985499382019,9638
34.828773021698,9637
34.854783058166504,9636
34.879132986068726,9635
34.90167498588562,9634
34.924347162246704,9633
34.94816207885742,9632
34.9737069606781,9631
35.00095891952515,9630
35.02708101272583,9629
35.052140951156616,9628
35.07902789115906,9627
35.10507392883301,9626
35.13116502761841,9625
35.15688395500183,9624
35.18229293823242,9623
35.20780110359192,9622
35.233258962631226,9621
35.25794816017151,9620
35.284828901290894,9619
35.31038308143616,9618
35.33538889884949,9617
35.36413598060608,9616
35.38954401016235,9615
35.4142370223999,9614
35.44272708892822,9613
35.469614028930664,9612
35.496198892593384,9611
35.522093057632446,9610
35.54824185371399,9609
35.57415819168091,9608
35.60281801223755,9607
35.62866997718811,9606
35.65548586845398,9605
35.68050813674927,9604
35.70623517036438,9603
35.734989166259766,9602
35.7633421421051,9601
35.79046082496643,9600
35.816421031951904,9599
35.841464042663574,9598
35.86391496658325,9597
35.8865761756897,9596
35.90918016433716,9595
35.931828022003174,9594
35.954612016677856,9593
35.97761297225952,9592
36.00078892707825,9591
36.023985862731934,9590
36.04707407951355,9589
36.07026720046997,9588
36.0926148891449,9587
36.11536002159119,9586
36.13816809654236,9585
36.16190505027771,9584
36.18475699424744,9583
36.21058988571167,9582
36.23325705528259,9581
36.25631523132324,9580
36.279964208602905,9579
36.30321502685547,9578
36.33160185813904,9577
36.360358238220215,9576
36.38836193084717,9575
36.41288113594055,9574
36.43852996826172,9573
36.4654541015625,9572
36.49470901489258,9571
36.5218780040741,9570
36.547452211380005,9569
36.573740005493164,9568
36.601783990859985,9567
36.629159927368164,9566
36.654664039611816,9565
36.681447982788086,9564
36.709506034851074,9563
36.73540925979614,9562
36.763360023498535,9561
36.79000806808472,9560
36.81741499900818,9559
36.84532308578491,9558
36.872822999954224,9557
36.9001579284668,9556
36.92737412452698,9555
36.954766035079956,9554
36.982398986816406,9553
37.009217977523804,9552
37.03498911857605,9551
37.063151121139526,9550
37.09043097496033,9549
37.11759305000305,9548
37.14497518539429,9547
37.17217803001404,9546
37.1996111869812,9545
37.226107120513916,9544
37.253469944000244,9543
37.2804970741272,9542
37.30780482292175,9541
37.35825514793396,9540
37.38277196884155,9539
37.4080331325531,9538
37.43715310096741,9537
37.46659302711487,9536
37.49506211280823,9535
37.51938605308533,9534
37.544638872146606,9533
37.569239139556885,9532
37.59688901901245,9531
37.62313508987427,9530
37.64850401878357,9529
37.677396059036255,9528
37.7027530670166,9527
37.72894597053528,9526
37.755239963531494,9525
37.78404998779297,9524
37.81003499031067,9523
37.837507009506226,9522
37.86290621757507,9521
37.8886399269104,9520
37.917198181152344,9519
37.948774099349976,9518
37.976845026016235,9517
38.007251024246216,9516
38.036304235458374,9515
38.06218385696411,9514
38.08863687515259,9513
38.112890005111694,9512
38.13617396354675,9511
38.161213874816895,9510
38.186673164367676,9509
38.21217703819275,9508
38.23693108558655,9507
38.259357929229736,9506
38.28165817260742,9505
38.30435395240784,9504
38.329355001449585,9503
38.3535852432251,9502
38.37637495994568,9501
38.400338888168335,9500
38.42517614364624,9499
38.4494788646698,9498
38.47249794006348,9497
38.49546217918396,9496
38.51846408843994,9495
38.541544914245605,9494
38.564647912979126,9493
38.58779311180115,9492
38.61107897758484,9491
38.63394093513489,9490
38.656363010406494,9489
38.67919611930847,9488
38.70212912559509,9487
38.72533297538757,9486
38.748488903045654,9485
38.77169895172119,9484
38.795177936553955,9483
38.818429946899414,9482
38.8415150642395,9481
38.86686897277832,9480
38.89017605781555,9479
38.913280963897705,9478
38.93647623062134,9477
38.959452867507935,9476
38.98238801956177,9475
39.00517511367798,9474
39.02908802032471,9473
39.0533812046051,9472
39.07630896568298,9471
39.09908413887024,9470
39.12200117111206,9469
39.144999265670776,9468
39.167551040649414,9467
39.189833879470825,9466
39.21267819404602,9465
39.235812187194824,9464
39.25805306434631,9463
39.28083300590515,9462
39.30392599105835,9461
39.32671403884888,9460
39.349666118621826,9459
39.37245798110962,9458
39.39548110961914,9457
39.418498039245605,9456
39.442270040512085,9455
39.46737194061279,9454
39.49070692062378,9453
39.5137460231781,9452
39.53888702392578,9451
39.5653920173645,9450
39.593786001205444,9449
39.61931896209717,9448
39.6468939781189,9447
39.672768115997314,9446
39.70077705383301,9445
39.72839713096619,9444
39.75419902801514,9443
39.7820200920105,9442
39.80910587310791,9441
39.83686804771423,9440
39.86422395706177,9439
39.89164996147156,9438
39.918538093566895,9437
39.94610404968262,9436
39.973116874694824,9435
40.00068998336792,9434
40.02527689933777,9433
40.0520498752594,9432
40.07913017272949,9431
40.10731101036072,9430
40.13421702384949,9429
40.159462213516235,9428
40.18730115890503,9427
40.21485424041748,9426
40.24251389503479,9425
40.26795482635498,9424
40.29587507247925,9423
40.32247805595398,9422
40.34951591491699,9421
40.377171993255615,9420
40.405110120773315,9419
40.43262219429016,9418
40.461199045181274,9417
40.48644709587097,9416
40.50956416130066,9415
40.537795066833496,9414
40.56343197822571,9413
40.58864903450012,9412
40.615169048309326,9411
40.64315915107727,9410
40.670717000961304,9409
40.69832706451416,9408
40.72617220878601,9407
40.753835916519165,9406
40.78114986419678,9405
40.808794021606445,9404
40.835805892944336,9403
40.86049723625183,9402
40.888763189315796,9401
40.916263818740845,9400
40.94331121444702,9399
40.969172954559326,9398
40.99683403968811,9397
41.02425217628479,9396
41.05114793777466,9395
41.07856106758118,9394
41.10615301132202,9393
41.133963108062744,9392
41.16118097305298,9391
41.188443183898926,9390
41.215720891952515,9389
41.24224519729614,9388
41.26960515975952,9387
41.296974182128906,9386
41.32443809509277,9385
41.351545095443726,9384
41.37883996963501,9383
41.40609002113342,9382
41.43367004394531,9381
41.4607720375061,9380
41.48628091812134,9379
41.51324796676636,9378
41.538198947906494,9377
41.56253790855408,9376
41.589574098587036,9375
41.61613702774048,9374
41.64404606819153,9373
41.66980195045471,9372
41.69737911224365,9371
41.72411894798279,9370
41.74989891052246,9369
41.77611303329468,9368
41.80387997627258,9367
41.828866958618164,9366
41.85359001159668,9365
41.879942178726196,9364
41.90516209602356,9363
41.93382906913757,9362
41.959853172302246,9361
41.98616695404053,9360
42.012333154678345,9359
42.03793406486511,9358
42.063547134399414,9357
42.08931088447571,9356
42.11476802825928,9355
42.14038610458374,9354
42.16592502593994,9353
42.19120907783508,9352
42.21677303314209,9351
42.2454571723938,9350
42.27278995513916,9349
42.30047011375427,9348
42.32748317718506,9347
42.35443615913391,9346
42.38155388832092,9345
42.40901303291321,9344
42.436026096343994,9343
42.46325397491455,9342
42.49051809310913,9341
42.51751399040222,9340
42.544557094573975,9339
42.57213521003723,9338
42.6002471446991,9337
42.627431869506836,9336
42.65479493141174,9335
42.682520151138306,9334
42.70945620536804,9333
42.73663401603699,9332
42.76381587982178,9331
42.79118299484253,9330
42.817816972732544,9329
42.84452986717224,9328
42.87181115150452,9327
42.89934992790222,9326
42.92647695541382,9325
42.95366597175598,9324
42.98101091384888,9323
43.0073721408844,9322
43.035160064697266,9321
43.06324911117554,9320
43.091034173965454,9319
43.11867117881775,9318
43.14599299430847,9317
43.173179149627686,9316
43.200836181640625,9315
43.22866988182068,9314
43.25618100166321,9313
43.283942222595215,9312
43.311686992645264,9311
43.339741945266724,9310
43.36651110649109,9309
43.39125609397888,9308
43.41822099685669,9307
43.443193197250366,9306
43.469351053237915,9305
43.49368596076965,9304
43.5214741230011,9303
43.54784607887268,9302
43.57588291168213,9301
43.60517406463623,9300
43.63042497634888,9299
43.65522003173828,9298
43.68104910850525,9297
43.70745611190796,9296
43.73295211791992,9295
43.75882601737976,9294
43.78692412376404,9293
43.81179213523865,9292
43.83677101135254,9291
43.86526703834534,9290
43.8913049697876,9289
43.91940903663635,9288
43.9468879699707,9287
43.97434401512146,9286
44.00142788887024,9285
44.02898621559143,9284
44.05612301826477,9283
44.083345890045166,9282
44.10992193222046,9281
44.1370632648468,9280
44.16462516784668,9279
44.19076609611511,9278
44.2178590297699,9277
44.24566698074341,9276
44.27307391166687,9275
44.300456047058105,9274
44.32778310775757,9273
44.355051040649414,9272
44.382628202438354,9271
44.40933084487915,9270
44.43470525741577,9269
44.46245718002319,9268
44.489994049072266,9267
44.517117977142334,9266
44.544466972351074,9265
44.57170820236206,9264
44.60002827644348,9263
44.62743306159973,9262
44.654723167419434,9261
44.68195986747742,9260
44.708760023117065,9259
44.735328912734985,9258
44.76324391365051,9257
44.790510177612305,9256
44.817806005477905,9255
44.845720052719116,9254
44.87328886985779,9253
44.90051198005676,9252
44.92768096923828,9251
44.95512294769287,9250
44.98283910751343,9249
45.009681224823,9248
45.03727889060974,9247
45.065141916275024,9246
45.09240698814392,9245
45.11957597732544,9244
45.14708709716797,9243
45.17491412162781,9242
45.20257091522217,9241
45.2304470539093,9240
45.25820994377136,9239
45.28490710258484,9238
45.31208610534668,9237
45.33907198905945,9236
45.36653113365173,9235
45.39333200454712,9234
45.42066502571106,9233
45.44800305366516,9232
45.47288799285889,9231
45.500325202941895,9230
45.52811813354492,9229
45.55561017990112,9228
45.5840630531311,9227
45.611490964889526,9226
45.638851165771484,9225
45.66635203361511,9224
45.693188190460205,9223
45.72028422355652,9222
45.747633934020996,9221
45.774765968322754,9220
45.80158305168152,9219
45.828640937805176,9218
45.8552451133728,9217
45.88271689414978,9216
45.90972900390625,9215
45.93694519996643,9214
45.96461319923401,9213
45.99219107627869,9212
46.01932501792908,9211
46.04701113700867,9210
46.07481288909912,9209
46.0996789932251,9208
46.127625942230225,9207
46.15475606918335,9206
46.180795192718506,9205
46.20880103111267,9204
46.235913038253784,9203
46.26350402832031,9202
46.29095697402954,9201
46.317800998687744,9200
46.34371614456177,9199
46.37184000015259,9198
46.39899706840515,9197
46.42568302154541,9196
46.4533748626709,9195
46.48089122772217,9194
46.508615016937256,9193
46.53592300415039,9192
46.563897132873535,9191
46.59083914756775,9190
46.618109941482544,9189
46.64556002616882,9188
46.67225909233093,9187
46.69944190979004,9186
46.72653603553772,9185
46.75413203239441,9184
46.78100299835205,9183
46.808303117752075,9182
46.8338041305542,9181
46.86153697967529,9180
46.88809895515442,9179
46.915234088897705,9178
46.942487955093384,9177
46.97005486488342,9176
46.996803998947144,9175
47.02413487434387,9174
47.05181527137756,9173
47.07922720909119,9172
47.10643815994263,9171
47.133630990982056,9170
47.16020917892456,9169
47.18672204017639,9168
47.21442413330078,9167
47.241517066955566,9166
47.268986225128174,9165
47.296107053756714,9164
47.32290196418762,9163
47.35015511512756,9162
47.37726902961731,9161
47.40453100204468,9160
47.43199419975281,9159
47.459612131118774,9158
47.48553800582886,9157
47.51295518875122,9156
47.54010486602783,9155
47.567835092544556,9154
47.5953950881958,9153
47.62209725379944,9152
47.649702072143555,9151
47.677001953125,9150
47.70426297187805,9149
47.7310688495636,9148
47.759072065353394,9147
47.786513805389404,9146
47.813344955444336,9145
47.84069085121155,9144
47.86880302429199,9143
47.89615297317505,9142
47.923360109329224,9141
47.950977087020874,9140
47.97859001159668,9139
48.00528621673584,9138
48.03071999549866,9137
48.05909299850464,9136
48.086111068725586,9135
48.112860918045044,9134
48.14042115211487,9133
48.168298959732056,9132
48.19573616981506,9131
48.22249102592468,9130
48.250171184539795,9129
48.27752900123596,9128
48.304824113845825,9127
48.332038164138794,9126
48.35957193374634,9125
48.3867290019989,9124
48.413673877716064,9123
48.44109010696411,9122
48.46856117248535,9121
48.49608898162842,9120
48.524187088012695,9119
48.55220103263855,9118
48.57950210571289,9117
48.60676312446594,9116
48.63387894630432,9115
48.661216020584106,9114
48.68804597854614,9113
48.71507406234741,9112
48.74229097366333,9111
48.768601179122925,9110
48.796471118927,9109
48.823745012283325,9108
48.85103511810303,9107
48.87825298309326,9106
48.904664039611816,9105
48.93155908584595,9104
48.95901322364807,9103
48.98649001121521,9102
49.01347804069519,9101
49.04107904434204,9100
49.06937503814697,9099
49.096266984939575,9098
49.12345814704895,9097
49.150919914245605,9096
49.17839694023132,9095
49.20498991012573,9094
49.23200511932373,9093
49.25970721244812,9092
49.28658986091614,9091
49.31285500526428,9090
49.339386224746704,9089
49.36673092842102,9088
49.394099950790405,9087
49.42123794555664,9086
49.449148178100586,9085
49.47664785385132,9084
49.50407099723816,9083
49.53150796890259,9082
49.559258222579956,9081
49.586629152297974,9080
49.61344313621521,9079
49.640661001205444,9078
49.66849994659424,9077
49.695234060287476,9076
49.722350120544434,9075
49.75129222869873,9074
49.779290199279785,9073
49.806875228881836,9072
49.8341281414032,9071
49.85969305038452,9070
49.887892961502075,9069
49.91488003730774,9068
49.941750049591064,9067
49.968863010406494,9066
49.99571514129639,9065
50.02247095108032,9064
50.05033206939697,9063
50.077916860580444,9062
50.104849100112915,9061
50.13205409049988,9060
50.159518003463745,9059
50.187336921691895,9058
50.214120864868164,9057
50.241767168045044,9056
50.26713299751282,9055
50.294673919677734,9054
50.32169508934021,9053
50.349027156829834,9052
50.37674117088318,9051
50.404268980026245,9050
50.430964946746826,9049
50.45849394798279,9048
50.48646402359009,9047
50.51321220397949,9046
50.54068922996521,9045
50.56830096244812,9044
50.596319913864136,9043
50.62354397773743,9042
50.65065383911133,9041
50.67827105522156,9040
50.70539116859436,9039
50.73296523094177,9038
50.760594844818115,9037
50.787867069244385,9036
50.815155029296875,9035
50.842435121536255,9034
50.87017297744751,9033
50.897136211395264,9032
50.92456603050232,9031
50.951738119125366,9030
50.97941493988037,9029
51.00624203681946,9028
51.033409118652344,9027
51.060856103897095,9026
51.08849000930786,9025
51.11583685874939,9024
51.143404960632324,9023
51.1710090637207,9022
51.19825196266174,9021
51.22539401054382,9020
51.252299070358276,9019
51.27972602844238,9018
51.306429862976074,9017
51.333211183547974,9016
51.360838174819946,9015
51.38828492164612,9014
51.4158661365509,9013
51.44186282157898,9012
51.47000002861023,9011
51.49681782722473,9010
51.523980140686035,9009
51.55125904083252,9008
51.5788140296936,9007
51.605299949645996,9006
51.6325409412384,9005
51.659924030303955,9004
51.687814235687256,9003
51.71482014656067,9002
51.74321413040161,9001
51.77097225189209,9000
51.798218965530396,8999
51.82521605491638,8998
51.8521511554718,8997
51.879759073257446,8996
51.90673518180847,8995
51.933855056762695,8994
51.961111068725586,8993
51.98823809623718,8992
52.01547312736511,8991
52.04277300834656,8990
52.07071805000305,8989
52.09771490097046,8988
52.12463402748108,8987
52.152040004730225,8986
52.179765939712524,8985
52.20718598365784,8984
52.234403133392334,8983
52.26153492927551,8982
52.28863310813904,8981
52.31580305099487,8980
52.34288501739502,8979
52.370600938797,8978
52.39778518676758,8977
52.425009965896606,8976
52.45241904258728,8975
52.479840993881226,8974
52.50688886642456,8973
52.534160137176514,8972
52.56154012680054,8971
52.588579177856445,8970
52.61578321456909,8969
52.642828941345215,8968
52.67086100578308,8967
52.698018074035645,8966
52.72536611557007,8965
52.75273394584656,8964
52.780476093292236,8963
52.80776596069336,8962
52.835137128829956,8961
52.86250305175781,8960
52.890440940856934,8959
52.91785407066345,8958
52.94511318206787,8957
52.97200608253479,8956
52.9993679523468,8955
53.02656316757202,8954
53.053914070129395,8953
53.081315994262695,8952
53.10873222351074,8951
53.13587498664856,8950
53.163034200668335,8949
53.189571142196655,8948
53.21672606468201,8947
53.24424600601196,8946
53.27138614654541,8945
53.29828190803528,8944
53.32561206817627,8943
53.35300922393799,8942
53.38002395629883,8941
53.40831685066223,8940
53.43553709983826,8939
53.46271896362305,8938
53.48996925354004,8937
53.51739311218262,8936
53.544342041015625,8935
53.571492195129395,8934
53.59846305847168,8933
53.62550187110901,8932
53.65218710899353,8931
53.678955078125,8930
53.70608997344971,8929
53.733314990997314,8928
53.7608802318573,8927
53.78808116912842,8926
53.81526303291321,8925
53.841424226760864,8924
53.869134187698364,8923
53.895907163619995,8922
53.922865867614746,8921
53.94980311393738,8920
53.97711682319641,8919
54.00413513183594,8918
54.03170704841614,8917
54.059165954589844,8916
54.086308002471924,8915
54.11374521255493,8914
54.14109802246094,8913
54.168646812438965,8912
54.1958270072937,8911
54.2233510017395,8910
54.2480890750885,8909
54.276944160461426,8908
54.30392503738403,8907
54.33124613761902,8906
54.35844397544861,8905
54.38578724861145,8904
54.4138879776001,8903
54.44139099121094,8902
54.468159914016724,8901
54.496017932891846,8900
54.523468017578125,8899
54.55083394050598,8898
54.578006982803345,8897
54.60540318489075,8896
54.63294792175293,8895
54.66004991531372,8894
54.68730282783508,8893
54.714723110198975,8892
54.741947174072266,8891
54.769103050231934,8890
54.79688024520874,8889
54.82465410232544,8888
54.852416038513184,8887
54.87956190109253,8886
54.907679080963135,8885
54.935210943222046,8884
54.96275997161865,8883
54.990520000457764,8882
55.0171959400177,8881
55.04449796676636,8880
55.07189393043518,8879
55.099889039993286,8878
55.12712907791138,8877
55.154566049575806,8876
55.181983947753906,8875
55.207979917526245,8874
55.23612689971924,8873
55.263423919677734,8872
55.291074991226196,8871
55.31866502761841,8870
55.34543418884277,8869
55.37258791923523,8868
55.40178894996643,8867
55.42971110343933,8866
55.4564950466156,8865
55.484151124954224,8864
55.50998401641846,8863
55.53863596916199,8862
55.566084146499634,8861
55.5928270816803,8860
55.62011218070984,8859
55.64775490760803,8858
55.67512011528015,8857
55.70218586921692,8856
55.72932004928589,8855
55.7571918964386,8854
55.78565502166748,8853
55.80830001831055,8852
55.830790996551514,8851
55.85465908050537,8850
55.88124704360962,8849
55.90819191932678,8848
55.935275077819824,8847
55.959229946136475,8846
55.984163999557495,8845
56.010047912597656,8844
56.03756809234619,8843
56.065838098526,8842
56.09283399581909,8841
56.11812925338745,8840
56.1452898979187,8839
56.17193388938904,8838
56.198976039886475,8837
56.22448801994324,8836
56.25058102607727,8835
56.27369713783264,8834
56.29712414741516,8833
56.32297205924988,8832
56.34711003303528,8831
56.37237906455994,8830
56.39583683013916,8829
56.41950798034668,8828
56.44295597076416,8827
56.465468883514404,8826
56.487911224365234,8825
56.51050806045532,8824
56.5329110622406,8823
56.55548119544983,8822
56.57836413383484,8821
56.60108709335327,8820
56.623515129089355,8819
56.64611291885376,8818
56.66868805885315,8817
56.69288182258606,8816
56.71506881713867,8815
56.7375271320343,8814
56.7712938785553,8813
56.805330991744995,8812
56.83274006843567,8811
56.85930609703064,8810
56.885695934295654,8809
56.91105508804321,8808
56.9367139339447,8807
56.96364903450012,8806
56.99112915992737,8805
57.02029204368591,8804
57.047800064086914,8803
57.0757520198822,8802
57.103622913360596,8801
57.13133096694946,8800
57.15875291824341,8799
57.18631291389465,8798
57.212641954422,8797
57.2405891418457,8796
57.26890707015991,8795
57.29680609703064,8794
57.323869943618774,8793
57.35080122947693,8792
57.378453969955444,8791
57.40570116043091,8790
57.433027029037476,8789
57.45982909202576,8788
57.48720192909241,8787
57.514705181121826,8786
57.54185485839844,8785
57.568747997283936,8784
57.59739112854004,8783
57.623974084854126,8782
57.650646924972534,8781
57.678406953811646,8780
57.70566201210022,8779
57.733213901519775,8778
57.76012206077576,8777
57.78572607040405,8776
57.81401491165161,8775
57.8417022228241,8774
57.8693790435791,8773
57.89738702774048,8772
57.92374801635742,8771
57.95163106918335,8770
57.97971701622009,8769
58.007277965545654,8768
58.034022092819214,8767
58.061197996139526,8766
58.08851599693298,8765
58.11622595787048,8764
58.143588066101074,8763
58.17115116119385,8762
58.198654890060425,8761
58.22576904296875,8760
58.25312900543213,8759
58.28023290634155,8758
58.308008909225464,8757
58.33601498603821,8756
58.36354303359985,8755
58.391276121139526,8754
58.418879985809326,8753
58.44597101211548,8752
58.473387002944946,8751
58.500489950180054,8750
58.5275981426239,8749
58.55597496032715,8748
58.58380317687988,8747
58.61122512817383,8746
58.63807511329651,8745
58.664077043533325,8744
58.69202995300293,8743
58.71955990791321,8742
58.74705505371094,8741
58.773706912994385,8740
58.800840854644775,8739
58.82923102378845,8738
58.85695695877075,8737
58.883949995040894,8736
58.91196584701538,8735
58.93937802314758,8734
58.967000007629395,8733
58.99524402618408,8732
59.023366928100586,8731
59.05139899253845,8730
59.07688021659851,8729
59.104443073272705,8728
59.12952709197998,8727
59.157310009002686,8726
59.18590593338013,8725
59.211862087249756,8724
59.23907923698425,8723
59.26583695411682,8722
59.29332494735718,8721
59.318552017211914,8720
59.34510684013367,8719
59.371625900268555,8718
59.39923715591431,8717
59.426409006118774,8716
59.45558190345764,8715
59.483248233795166,8714
59.51064491271973,8713
59.539387226104736,8712
59.566781997680664,8711
59.59044909477234,8710
59.61543607711792,8709
59.63909411430359,8708
59.66309189796448,8707
59.686882972717285,8706
59.71059989929199,8705
59.73387789726257,8704
59.75657105445862,8703
59.77942395210266,8702
59.802202224731445,8701
59.82468914985657,8700
59.847331047058105,8699
59.86995720863342,8698
59.892478942871094,8697
59.914937019348145,8696
59.9390070438385,8695
59.96343493461609,8694
59.98795223236084,8693
60.01298809051514,8692
60.03592801094055,8691
60.0595121383667,8690
60.08275818824768,8689
60.1055269241333,8688
60.128645181655884,8687
60.15131902694702,8686
60.17381191253662,8685
60.196425914764404,8684
60.21944808959961,8683
60.24184012413025,8682
60.26595091819763,8681
60.28849005699158,8680
60.31123995780945,8679
60.333776235580444,8678
60.356086015701294,8677
60.37875819206238,8676
60.40120506286621,8675
60.42348313331604,8674
60.4459810256958,8673
60.46846580505371,8672
60.49109411239624,8671
60.51375102996826,8670
60.53690695762634,8669
60.559104919433594,8668
60.58196187019348,8667
60.60455393791199,8666
60.62745499610901,8665
60.65004324913025,8664
60.67294096946716,8663
60.695802211761475,8662
60.71841311454773,8661
60.740718126297,8660
60.76321506500244,8659
60.78584814071655,8658
60.80820393562317,8657
60.830586194992065,8656
60.85338807106018,8655
60.8762412071228,8654
60.898874044418335,8653
60.921425104141235,8652
60.94412302970886,8651
60.96649694442749,8650
60.98907017707825,8649
61.01203894615173,8648
61.03417706489563,8647
61.056499004364014,8646
61.07894015312195,8645
61.10110116004944,8644
61.123942136764526,8643
61.146620988845825,8642
61.16951394081116,8641
61.19183683395386,8640
61.21429920196533,8639
61.23695516586304,8638
61.25947308540344,8637
61.28182411193848,8636
61.30418825149536,8635
61.32669997215271,8634
61.349019050598145,8633
61.37418603897095,8632
61.40163803100586,8631
61.426263093948364,8630
61.45458006858826,8629
61.48236584663391,8628
61.51057195663452,8627
61.53669810295105,8626
61.5653932094574,8625
61.590216875076294,8624
61.61864900588989,8623
61.64674615859985,8622
61.67435598373413,8621
61.70357084274292,8620
61.73143911361694,8619
61.759719133377075,8618
61.78768515586853,8617
61.81580591201782,8616
61.842775106430054,8615
61.87000298500061,8614
61.89721488952637,8613
61.92470192909241,8612
61.951555013656616,8611
61.97926616668701,8610
62.00607109069824,8609
62.03187608718872,8608
62.05937719345093,8607
62.08729386329651,8606
62.115074157714844,8605
62.1420841217041,8604
62.1692259311676,8603
62.1962411403656,8602
62.22413492202759,8601
62.25108981132507,8600
62.27865815162659,8599
62.3059298992157,8598
62.333086013793945,8597
62.36023020744324,8596
62.3878378868103,8595
62.41393780708313,8594
62.44139504432678,8593
62.469846963882446,8592
62.497395038604736,8591
62.52496409416199,8590
62.552730083465576,8589
62.580446004867554,8588
62.60789608955383,8587
62.635623931884766,8586
62.66352891921997,8585
62.691076040267944,8584
62.717050075531006,8583
62.744373083114624,8582
62.77026987075806,8581
62.794620990753174,8580
62.82099890708923,8579
62.84789299964905,8578
62.874104022979736,8577
62.900049924850464,8576
62.92859387397766,8575
62.956578969955444,8574
62.9835991859436,8573
63.010977029800415,8572
63.038780212402344,8571
63.06380009651184,8570
63.08968114852905,8569
63.11733818054199,8568
63.14450407028198,8567
63.16964602470398,8566
63.19806909561157,8565
63.2251660823822,8564
63.25279998779297,8563
63.281277894973755,8562
63.30821084976196,8561
63.33559703826904,8560
63.36307406425476,8559
63.39058208465576,8558
63.4178512096405,8557
63.44533705711365,8556
63.47293424606323,8555
63.49981689453125,8554
63.52542805671692,8553
63.55152201652527,8552
63.576364040374756,8551
63.60038900375366,8550
63.62762999534607,8549
63.65355110168457,8548
63.68042016029358,8547
63.70709705352783,8546
63.73380923271179,8545
63.762845039367676,8544
63.789758920669556,8543
63.81772708892822,8542
67.3247001171112,8541
67.35207080841064,8540
67.37996792793274,8539
67.40679597854614,8538
67.43189096450806,8537
67.45837426185608,8536
67.4844000339508,8535
67.50686311721802,8534
67.53057193756104,8533
67.55738592147827,8532
67.58514404296875,8531
67.61110615730286,8530
67.63732504844666,8529
67.66513705253601,8528
67.69213104248047,8527
67.71952605247498,8526
67.74517917633057,8525
67.7711980342865,8524
67.79622006416321,8523
67.82305192947388,8522
67.85084795951843,8521
67.87743997573853,8520
68.9767632484436,8519
68.99978494644165,8518
69.02685689926147,8517
70.89713788032532,8516
70.92194104194641,8515
70.94762802124023,8514
70.9734570980072,8513
71.00012493133545,8512
71.02798199653625,8511
71.05645799636841,8510
71.08359503746033,8509
71.11059713363647,8508
71.18078517913818,8507
71.22325301170349,8506
71.26795697212219,8505
71.31994390487671,8504
71.44191002845764,8503
71.46916508674622,8502
71.53070211410522,8501
71.55909514427185,8500
71.60807800292969,8499
71.63569712638855,8498
71.70282316207886,8497
71.72980809211731,8496
71.79365801811218,8495
71.82154893875122,8494
71.84943795204163,8493
71.92958211898804,8492
71.955974817276,8491
72.00991201400757,8490
72.03781199455261,8489
72.10792708396912,8488
72.13386487960815,8487
72.19812393188477,8486
72.22474908828735,8485
72.29239916801453,8484
72.34492301940918,8483
72.37212204933167,8482
72.43473100662231,8481
72.46246814727783,8480
72.52494525909424,8479
72.55202007293701,8478
72.62446594238281,8477
72.67903685569763,8476
72.71986103057861,8475
72.76641297340393,8474
72.79376101493835,8473
72.87141919136047,8472
72.89898109436035,8471
72.92715501785278,8470
72.95385003089905,8469
72.98003721237183,8468
73.00663304328918,8467
73.07137298583984,8466
73.09756588935852,8465
73.14157199859619,8464
73.1675021648407,8463
73.23888611793518,8462
73.26647019386292,8461
73.316575050354,8460
73.34397006034851,8459
73.40807509422302,8458
73.43286085128784,8457
73.48304891586304,8456
73.50970101356506,8455
73.56619119644165,8454
73.59392786026001,8453
73.63794088363647,8452
73.66273903846741,8451
73.73487210273743,8450
73.78035998344421,8449
73.81126308441162,8448
73.85562896728516,8447
73.89928126335144,8446
73.9241452217102,8445
73.97192692756653,8444
73.9950749874115,8443
74.05442714691162,8442
74.07716107368469,8441
74.11322689056396,8440
74.13863611221313,8439
74.20156502723694,8438
74.22442507743835,8437
74.28227090835571,8436
74.30485916137695,8435
74.35999703407288,8434
74.38254404067993,8433
74.44985795021057,8432
74.49985003471375,8431
74.54884910583496,8430
74.57682704925537,8429
74.63470005989075,8428
74.66233015060425,8427
74.6896300315857,8426
74.71628594398499,8425
74.74278903007507,8424
74.76899313926697,8423
74.79453992843628,8422
74.86340308189392,8421
74.88901495933533,8420
74.9336609840393,8419
74.97790217399597,8418
75.04312300682068,8417
75.06734895706177,8416
75.1307361125946,8415
75.15648889541626,8414
75.22161793708801,8413
75.24728393554688,8412
75.30945110321045,8411
75.33456707000732,8410
75.40442609786987,8409
75.43686389923096,8408
75.48985815048218,8407
75.53348088264465,8406
75.55649089813232,8405
75.63059711456299,8404
75.6564028263092,8403
75.72567915916443,8402
75.75118517875671,8401
75.79851603507996,8400
75.82441902160645,8399
75.85049700737,8398
75.87645220756531,8397
75.94219708442688,8396
75.96788001060486,8395
76.03975510597229,8394
76.06593704223633,8393
76.13552713394165,8392
76.16079998016357,8391
76.20824813842773,8390
76.25359797477722,8389
76.27877306938171,8388
76.35428714752197,8387
76.38053822517395,8386
76.45883798599243,8385
76.48438286781311,8384
76.5377950668335,8383
76.57571816444397,8382
76.59743094444275,8381
76.64840292930603,8380
76.66984701156616,8379
76.71815705299377,8378
76.76078581809998,8377
76.79196500778198,8376
76.86957502365112,8375
76.89528799057007,8374
76.97165584564209,8373
76.99707317352295,8372
77.07336282730103,8371
77.10057997703552,8370
77.15551900863647,8369
77.17825198173523,8368
77.2273120880127,8367
77.25885701179504,8366
77.32582712173462,8365
77.3546302318573,8364
77.4234390258789,8363
77.4484269618988,8362
77.51506996154785,8361
77.53958201408386,8360
77.60318207740784,8359
77.62544298171997,8358
77.67622303962708,8357
77.69828820228577,8356
77.73995113372803,8355
77.76154804229736,8354
77.7948260307312,8353
77.81622195243835,8352
77.85765099525452,8351
77.88002824783325,8350
77.93184900283813,8349
77.95315408706665,8348
78.00574684143066,8347
78.02774405479431,8346
78.09434390068054,8345
78.13339018821716,8344
78.17402791976929,8343
78.21070218086243,8342
96.22670698165894,8341
96.25108909606934,8340
96.3026270866394,8339
96.32737612724304,8338
96.35213685035706,8337
96.4009861946106,8336
96.43974089622498,8335
96.481849193573,8334
96.98385310173035,8333
97.02598190307617,8332
97.12417316436768,8331
97.1493649482727,8330
97.19635200500488,8329
97.2462751865387,8328
97.28533697128296,8327
97.3489511013031,8326
97.37409782409668,8325
100.67235803604126,8324
100.71346306800842,8323
100.75636291503906,8322
100.80382204055786,8321
100.84601593017578,8320
100.89174699783325,8319
100.93304705619812,8318
101.04841804504395,8317
101.09645009040833,8316
101.12162399291992,8315
101.17193222045898,8314
101.2121012210846,8313
101.25892996788025,8312
101.28313207626343,8311
101.41976499557495,8310
101.45900011062622,8309
101.50331592559814,8308
101.54393696784973,8307
101.59463405609131,8306
101.65056300163269,8305
101.7028112411499,8304
101.7585620880127,8303
101.78431010246277,8302
101.89463710784912,8301
101.92954802513123,8300
101.95149493217468,8299
102.06900715827942,8298
102.10489296913147,8297
102.14332485198975,8296
102.16603803634644,8295
102.1997401714325,8294
102.23956084251404,8293
102.28124117851257,8292
102.32432103157043,8291
102.35851812362671,8290
102.39712905883789,8289
102.43874311447144,8288
102.47467494010925,8287
102.51190900802612,8286
102.55205297470093,8285
102.77820491790771,8284
102.81573915481567,8283
102.85738205909729,8282
102.90364408493042,8281
103.08278203010559,8280
103.106369972229,8279
103.15167903900146,8278
103.204913854599,8277
103.45462918281555,8276
103.49872517585754,8275
103.54339003562927,8274
103.58047413825989,8273
103.79884004592896,8272
103.84546518325806,8271
103.88567113876343,8270
103.92935299873352,8269
104.14124488830566,8268
104.18993616104126,8267
104.24147200584412,8266
104.27608108520508,8265
104.52431797981262,8264
104.56543207168579,8263
104.61100697517395,8262
104.66064214706421,8261
104.89286303520203,8260
104.93577289581299,8259
104.97347402572632,8258
105.0157630443573,8257
105.202308177948,8256
105.24530601501465,8255
105.28175401687622,8254
105.32733416557312,8253
105.56195092201233,8252
105.58870816230774,8251
105.6282320022583,8250
105.67372488975525,8249
105.86210513114929,8248
105.91220307350159,8247
105.96765112876892,8246
106.00914716720581,8245
106.24592113494873,8244
106.29220914840698,8243
106.34205198287964,8242
106.3946270942688,8241
106.67596101760864,8240
106.72110414505005,8239
106.74861693382263,8238
106.79162502288818,8237
107.04236006736755,8236
107.06925702095032,8235
107.11333203315735,8234
107.29968619346619,8233
107.36507391929626,8232
107.41549801826477,8231
107.43919801712036,8230
107.63375687599182,8229
107.71710205078125,8228
107.84878897666931,8227
107.93724799156189,8226
107.99321603775024,8225
108.0387761592865,8224
108.08822703361511,8223
108.202388048172,8222
108.27560806274414,8221
108.33900594711304,8220
108.40313124656677,8219
108.52764892578125,8218
108.60279202461243,8217
108.66848301887512,8216
108.73707222938538,8215
108.87469911575317,8214
108.9276180267334,8213
108.96873021125793,8212
109.03323483467102,8211
109.15739393234253,8210
109.19868016242981,8209
109.28503918647766,8208
109.35178804397583,8207
109.39105296134949,8206
109.46443319320679,8205
109.54826402664185,8204
109.64353203773499,8203
109.69579315185547,8202
109.75845098495483,8201
109.8730161190033,8200
109.92296385765076,8199
109.97354912757874,8198
110.03725600242615,8197
110.16948986053467,8196
110.27488613128662,8195
110.30367684364319,8194
110.38394212722778,8193
110.51308584213257,8192
110.61748814582825,8191
110.64800095558167,8190
110.71436309814453,8189
110.82715010643005,8188
110.93053603172302,8187
110.98479890823364,8186
111.02696108818054,8185
111.11604189872742,8184
111.2213921546936,8183
111.2696042060852,8182
111.3315041065216,8181
111.42439699172974,8180
111.48163414001465,8179
111.52162599563599,8178
111.58028602600098,8177
111.69667911529541,8176
111.7776780128479,8175
111.948655128479,8174
111.992840051651,8173
112.06152606010437,8172
112.10762000083923,8171
112.32761001586914,8170
112.3517050743103,8169
112.41761803627014,8168
112.45727610588074,8167
112.67659592628479,8166
112.71892309188843,8165
112.78026604652405,8164
112.83299207687378,8163
113.02747201919556,8162
113.07833909988403,8161
113.17251920700073,8160
113.22317004203796,8159
113.41170811653137,8158
113.440514087677,8157
113.4901270866394,8156
113.71174812316895,8155
113.73818302154541,8154
113.80516910552979,8153
113.91332602500916,8152
114.01074314117432,8151
114.05684399604797,8150
114.169753074646,8149
114.26635694503784,8148
114.37247681617737,8147
114.50823187828064,8146
114.58766508102417,8145
114.67612481117249,8144
114.77578020095825,8143
114.84376287460327,8142
114.91299986839294,8141
115.04423713684082,8140
115.12398505210876,8139
115.4222252368927,8138
115.46763491630554,8137
115.51229000091553,8136
115.56827402114868,8135
115.61915016174316,8134
115.6626329421997,8133
115.69195318222046,8132
115.72015690803528,8131
115.8485119342804,8130
115.8893530368805,8129
115.93695616722107,8128
115.96322298049927,8127
116.00707602500916,8126
116.05827498435974,8125
116.09756588935852,8124
116.14616298675537,8123
116.25454306602478,8122
116.29028391838074,8121
116.33573913574219,8120
116.37713098526001,8119
116.41971516609192,8118
116.4448790550232,8117
116.46856117248535,8116
116.514151096344,8115
116.53803491592407,8114
116.57816290855408,8113
116.6241340637207,8112
116.6956799030304,8111
116.73591899871826,8110
116.77950525283813,8109
116.82079696655273,8108
116.86694192886353,8107
116.92108011245728,8106
116.96420192718506,8105
117.01106882095337,8104
117.06082701683044,8103
117.11378002166748,8102
117.16779112815857,8101
117.21037316322327,8100
117.25500011444092,8099
117.28260612487793,8098
117.32534718513489,8097
117.36960101127625,8096
117.41922807693481,8095
117.69423794746399,8094
117.74150800704956,8093
117.78818106651306,8092
117.81151509284973,8091
118.02427697181702,8090
118.06312012672424,8089
118.1038498878479,8088
118.14710903167725,8087
118.32005190849304,8086
118.37185001373291,8085
118.41840195655823,8084
118.46992206573486,8083
118.76478791236877,8082
118.81472611427307,8081
118.86671304702759,8080
118.91106414794922,8079
119.1653151512146,8078
119.19141912460327,8077
119.21948599815369,8076
119.26408290863037,8075
119.46594882011414,8074
119.5105631351471,8073
119.55911183357239,8072
119.60290813446045,8071
119.64247918128967,8070
119.8198630809784,8069
119.858234167099,8068
119.9027349948883,8067
119.94988894462585,8066
120.16830515861511,8065
120.2050621509552,8064
120.24559617042542,8063
120.29061698913574,8062
120.50488591194153,8061
120.54946517944336,8060
120.59902215003967,8059
120.65036201477051,8058
120.8815381526947,8057
120.93653392791748,8056
120.99222302436829,8055
121.13058710098267,8054
121.22653198242188,8053
121.27577495574951,8052
121.44763326644897,8051
121.4924430847168,8050
121.55640602111816,8049
121.77575016021729,8048
121.82588315010071,8047
121.90238404273987,8046
122.09448385238647,8045
122.13073110580444,8044
122.18241214752197,8043
122.22118806838989,8042
122.39178895950317,8041
122.4330780506134,8040
122.5093560218811,8039
122.65983009338379,8038
122.7513210773468,8037
122.8720121383667,8036
122.89578914642334,8035
122.97643303871155,8034
123.10819506645203,8033
123.13461208343506,8032
123.20112419128418,8031
123.44080305099487,8030
123.48727607727051,8029
123.51519012451172,8028
123.7633490562439,8027
123.85584712028503,8026
123.89521884918213,8025
124.11499905586243,8024
124.15586805343628,8023
124.17972803115845,8022
124.23935508728027,8021
124.46895217895508,8020
124.51509594917297,8019
124.54163885116577,8018
124.60075998306274,8017
124.81593227386475,8016
124.87071204185486,8015
124.89623403549194,8014
125.1005129814148,8013
125.15566897392273,8012
125.1833028793335,8011
125.22767519950867,8010
125.4466769695282,8009
125.50681018829346,8008
125.53233408927917,8007
125.79198217391968,8006
125.87934517860413,8005
125.92717790603638,8004
126.0148401260376,8003
126.5242018699646,8002
126.57526016235352,8001
126.60678100585938,8000
126.67175602912903,7999
126.97946214675903,7998
127.03528809547424,7997
127.09275913238525,7996
127.19101524353027,7995
127.3358781337738,7994
127.39531326293945,7993
127.44202709197998,7992
127.53024101257324,7991
127.67136001586914,7990
127.71758890151978,7989
127.82319521903992,7988
127.87188196182251,7987
128.05808901786804,7986
128.0852448940277,7985
128.16011381149292,7984
128.2947199344635,7983
128.3507239818573,7982
128.3791060447693,7981
128.61313199996948,7980
128.70371985435486,7979
128.7745270729065,7978
128.8302719593048,7977
129.0873122215271,7976
129.13722491264343,7975
129.1862199306488,7974
129.27724695205688,7973
129.41175603866577,7972
129.5273048877716,7971
129.57389211654663,7970
129.68727898597717,7969
129.81883311271667,7968
129.90270113945007,7967
129.9561309814453,7966
130.05184698104858,7965
130.22127318382263,7964
130.3161211013794,7963
130.36762595176697,7962
130.67453694343567,7961
130.7228729724884,7960
130.77204084396362,7959
130.81408786773682,7958
131.0762219429016,7957
131.12700700759888,7956
131.17602396011353,7955
131.22679805755615,7954
131.93407106399536,7953
131.99171090126038,7952
132.11193108558655,7951
132.16096901893616,7950
132.23969316482544,7949
132.27843189239502,7948
132.38462114334106,7947
132.43383288383484,7946
132.53888988494873,7945
132.5639250278473,7944
132.68269896507263,7943
132.740385055542,7942
132.78769397735596,7941
132.89294910430908,7940
132.94386506080627,7939
133.0655632019043,7938
133.105633020401,7937
133.21755385398865,7936
133.243262052536,7935
133.36788201332092,7934
133.40582609176636,7933
133.46841406822205,7932
133.51185417175293,7931
133.59793782234192,7930
133.62377405166626,7929
133.7192120552063,7928
133.87544107437134,7927
133.96372604370117,7926
134.02270603179932,7925
134.10615396499634,7924
134.16556406021118,7923
134.232342004776,7922
134.3222770690918,7921
134.41259384155273,7920
134.65626907348633,7919
134.74492692947388,7918
134.81407523155212,7917
134.8974220752716,7916
134.92335891723633,7915
134.9956250190735,7914
135.04226517677307,7913
135.10989594459534,7912
135.2187361717224,7911
135.31230211257935,7910
135.43016815185547,7909
135.49700093269348,7908
135.58404517173767,7907
135.73019790649414,7906
135.83742904663086,7905
135.93774795532227,7904
136.2148289680481,7903
136.29622292518616,7902
136.4187970161438,7901
136.468759059906,7900
136.58490014076233,7899
136.6317400932312,7898
136.76290702819824,7897
136.81105709075928,7896
136.909686088562,7895
136.9365041255951,7894
137.04912400245667,7893
137.0917820930481,7892
137.11853790283203,7891
137.22635221481323,7890
137.2575969696045,7889
137.39179706573486,7888
137.42264604568481,7887
137.54324102401733,7886
137.60528993606567,7885
137.7443609237671,7884
137.7933611869812,7883
137.88434195518494,7882
137.96170592308044,7881
138.06092810630798,7880
138.12741804122925,7879
138.18419003486633,7878
138.32677912712097,7877
138.39824509620667,7876
138.48953223228455,7875
138.57623410224915,7874
138.6668860912323,7873
138.70979809761047,7872
138.7751019001007,7871
138.85080909729004,7870
139.05609703063965,7869
139.12706303596497,7868
139.21653199195862,7867
139.30884504318237,7866
139.38070011138916,7865
139.46841597557068,7864
139.53097701072693,7863
139.60418105125427,7862
139.74096727371216,7861
139.78488397598267,7860
139.86485505104065,7859
139.92026901245117,7858
139.95980310440063,7857
140.0917730331421,7856
140.14697289466858,7855
140.22669410705566,7854
143.9867389202118,7853
144.01143598556519,7852
144.036150932312,7851
144.06080508232117,7850
144.08554697036743,7849
144.11012721061707,7848
144.13452005386353,7847
144.1598300933838,7846
144.18506002426147,7845
144.21000695228577,7844
144.2348279953003,7843
144.2596480846405,7842
144.28446316719055,7841
144.30911803245544,7840
144.33445501327515,7839
144.3594000339508,7838
144.38417720794678,7837
144.40844798088074,7836
144.43379616737366,7835
144.46100401878357,7834
144.4853219985962,7833
144.51000595092773,7832
144.5341281890869,7831
144.55850505828857,7830
144.58338904380798,7829
144.60813212394714,7828
144.6329951286316,7827
144.65869402885437,7826
144.68381214141846,7825
144.71003913879395,7824
144.73369693756104,7823
144.75738286972046,7822
144.78106117248535,7821
144.80480003356934,7820
144.82809209823608,7819
144.85322999954224,7818
144.87761092185974,7817
144.90244817733765,7816
144.9269700050354,7815
144.94968008995056,7814
144.97269916534424,7813
144.99554991722107,7812
145.01851105690002,7811
145.0409231185913,7810
145.06384992599487,7809
145.08622312545776,7808
145.10915398597717,7807
145.13126611709595,7806
145.154883146286,7805
145.17844414710999,7804
145.2002239227295,7803
145.2219271659851,7802
145.2445991039276,7801
145.26669096946716,7800
145.28896307945251,7799
145.31104516983032,7798
145.33293199539185,7797
145.35489201545715,7796
145.37693309783936,7795
145.3992109298706,7794
145.4214210510254,7793
145.44338202476501,7792
145.465430021286,7791
145.48734402656555,7790
145.5098271369934,7789
145.5319709777832,7788
145.55401396751404,7787
145.576003074646,7786
145.59833908081055,7785
145.62032890319824,7784
145.6421239376068,7783
145.66402506828308,7782
145.6873300075531,7781
145.71158599853516,7780
145.73544120788574,7779
145.7599630355835,7778
145.78346490859985,7777
145.8078739643097,7776
145.83137798309326,7775
145.85571718215942,7774
145.87958407402039,7773
145.90362906455994,7772
145.92882299423218,7771
145.9767301082611,7770
146.00485706329346,7769
146.03233194351196,7768
146.05955815315247,7767
146.09122896194458,7766
147.84607195854187,7765
147.86831307411194,7764
147.89095187187195,7763
147.91350293159485,7762
147.93581008911133,7761
147.95924401283264,7760
147.98204803466797,7759
148.00473022460938,7758
148.02763390541077,7757
148.0505268573761,7756
148.0735001564026,7755
148.09589505195618,7754
148.11831498146057,7753
148.14116311073303,7752
148.16373705863953,7751
148.18620800971985,7750
148.20987796783447,7749
148.23724603652954,7748
148.26345205307007,7747
148.28814506530762,7746
148.31241393089294,7745
148.336767911911,7744
148.36141204833984,7743
148.3858151435852,7742
148.41059398651123,7741
148.4350700378418,7740
148.4598410129547,7739
148.48424124717712,7738
148.50779104232788,7737
148.5319049358368,7736
148.5558090209961,7735
148.57925701141357,7734
148.90495991706848,7733
148.98113107681274,7732
149.03657007217407,7731
149.12874221801758,7730
149.17037200927734,7729
149.2669072151184,7728
149.38696193695068,7727
149.45515322685242,7726
149.55939602851868,7725
149.66971898078918,7724
149.751962184906,7723
149.8468370437622,7722
149.88981199264526,7721
149.93597412109375,7720
150.7945830821991,7719
151.94237518310547,7718
152.03139805793762,7717
152.16129803657532,7716
152.2218201160431,7715
152.3128969669342,7714
152.36857223510742,7713
152.47366404533386,7712
152.52598595619202,7711
152.65330815315247,7710
152.71370697021484,7709
152.7570538520813,7708
152.846755027771,7707
152.88572311401367,7706
152.92409014701843,7705
153.0042748451233,7704
153.1125090122223,7703
153.20900988578796,7702
153.30728006362915,7701
153.34883189201355,7700
153.3930082321167,7699
153.4375741481781,7698
155.1503710746765,7697
155.55430698394775,7696
155.57609915733337,7695
155.5979471206665,7694
155.6199769973755,7693
155.64307403564453,7692
156.31950402259827,7691
156.41291308403015,7690
156.48786997795105,7689
156.55248618125916,7688
156.6213960647583,7687
156.7181191444397,7686
156.77666997909546,7685
156.84125900268555,7684
156.9162139892578,7683
156.96482300758362,7682
157.03787326812744,7681
157.18437910079956,7680
157.24772095680237,7679
157.30418515205383,7678
157.35665893554688,7677
157.48680305480957,7676
157.5567591190338,7675
157.61165308952332,7674
157.67627215385437,7673
157.76063513755798,7672
157.82528686523438,7671
157.9129478931427,7670
157.9769971370697,7669
158.0434811115265,7668
158.11662793159485,7667
158.2072720527649,7666
158.26857900619507,7665
158.32140111923218,7664
158.46540904045105,7663
158.53310298919678,7662
158.5913531780243,7661
158.6582441329956,7660
158.74348211288452,7659
158.80674195289612,7658
158.8650450706482,7657
158.91424417495728,7656
159.05370903015137,7655
159.11275911331177,7654
159.16894602775574,7653
159.23324012756348,7652
159.31493711471558,7651
159.37517595291138,7650
159.49602508544922,7649
159.56390595436096,7648
159.6394202709198,7647
159.69186806678772,7646
159.75406908988953,7645
159.81353402137756,7644
159.9213490486145,7643
159.98977303504944,7642
160.05071306228638,7641
160.13163805007935,7640
160.20055603981018,7639
160.26537609100342,7638
160.30006289482117,7637
160.40163803100586,7636
160.46669697761536,7635
160.55373406410217,7634
160.63992023468018,7633
160.70142698287964,7632
160.7405869960785,7631
160.8027949333191,7630
160.89024305343628,7629
160.9706130027771,7628
161.02015805244446,7627
161.08185124397278,7626
161.11557412147522,7625
161.1840410232544,7624
161.30786991119385,7623
161.46459794044495,7622
161.53468704223633,7621
161.56854391098022,7620
161.6450810432434,7619
161.70762014389038,7618
161.8137650489807,7617
161.88165092468262,7616
161.93549585342407,7615
161.9699490070343,7614
162.03181099891663,7613
162.09575700759888,7612
162.12958216667175,7611
162.21847915649414,7610
162.28747487068176,7609
162.35630106925964,7608
162.38935708999634,7607
162.43559288978577,7606
162.45753383636475,7605
162.51052808761597,7604
162.56215286254883,7603
162.6270170211792,7602
162.69189500808716,7601
162.74313807487488,7600
162.80876207351685,7599
162.87576603889465,7598
162.93761205673218,7597
162.98826003074646,7596
163.08596205711365,7595
163.1364459991455,7594
163.19713616371155,7593
163.29736590385437,7592
163.38078117370605,7591
163.475270986557,7590
163.53626108169556,7589
163.59132313728333,7588
163.63964319229126,7587
163.74500393867493,7586
163.7976679801941,7585
163.88958311080933,7584
163.99654507637024,7583
164.04700207710266,7582
164.10390496253967,7581
164.14006400108337,7580
164.21917605400085,7579
164.28358602523804,7578
164.3334240913391,7577
164.45132493972778,7576
164.54388403892517,7575
164.61456298828125,7574
164.64930605888367,7573
164.71933889389038,7572
164.78142094612122,7571
164.8445601463318,7570
164.93688917160034,7569
165.08616709709167,7568
165.14144802093506,7567
165.21342587471008,7566
165.3785309791565,7565
165.43078088760376,7564
165.52932810783386,7563
165.577162027359,7562
165.62653517723083,7561
165.66701483726501,7560
165.84792399406433,7559
165.9307680130005,7558
165.97839212417603,7557
166.1065001487732,7556
166.2175190448761,7555
166.30467700958252,7554
166.36239624023438,7553
166.39620089530945,7552
166.5330832004547,7551
166.58588004112244,7550
166.6509199142456,7549
166.78313398361206,7548
166.92962408065796,7547
166.99915504455566,7546
167.0419361591339,7545
167.12112712860107,7544
167.18844485282898,7543
167.25927591323853,7542
167.36894702911377,7541
167.45961022377014,7540
167.50869917869568,7539
167.55842900276184,7538
167.67952799797058,7537
167.7522418498993,7536
167.9042501449585,7535
167.96482300758362,7534
168.02000999450684,7533
168.09078097343445,7532
168.1356122493744,7531
168.22301411628723,7530
168.27203607559204,7529
168.40300488471985,7528
168.50394487380981,7527
168.5675539970398,7526
168.62524104118347,7525
168.74191212654114,7524
168.86956310272217,7523
168.93513298034668,7522
168.98944520950317,7521
169.04605412483215,7520
169.29066491127014,7519
169.36731219291687,7518
169.4224669933319,7517
169.57198905944824,7516
169.67207288742065,7515
169.8512361049652,7514
169.9482400417328,7513
170.08864402770996,7512
170.16479110717773,7511
170.2965371608734,7510
170.65245604515076,7509
170.7114942073822,7508
170.78370809555054,7507
170.9152810573578,7506
170.9653720855713,7505
171.0884211063385,7504
171.17338705062866,7503
171.22620010375977,7502
171.26430892944336,7501
171.63512015342712,7500
171.70518016815186,7499
171.75685501098633,7498
171.8152220249176,7497
171.83702397346497,7496
171.93813300132751,7495
172.03642916679382,7494
172.10269117355347,7493
172.17044496536255,7492
172.24649119377136,7491
172.2944519519806,7490
172.40283107757568,7489
172.47379803657532,7488
172.5350158214569,7487
172.6316840648651,7486
172.71269702911377,7485
172.77403116226196,7484
172.84595894813538,7483
172.8676450252533,7482
172.96559405326843,7481
173.03875613212585,7480
173.1134331226349,7479
173.17263507843018,7478
173.28339099884033,7477
173.37522196769714,7476
173.49740314483643,7475
173.53249883651733,7474
173.60664200782776,7473
173.65978002548218,7472
173.73967003822327,7471
173.85364294052124,7470
173.9162859916687,7469
173.97650408744812,7468
174.04135918617249,7467
174.16961193084717,7466
174.22035884857178,7465
174.2916820049286,7464
174.35492086410522,7463
174.40350198745728,7462
174.47023105621338,7461
174.53502011299133,7460
174.582937002182,7459
174.64620995521545,7458
174.6917130947113,7457
174.74618291854858,7456
174.78433203697205,7455
174.84706807136536,7454
175.01277208328247,7453
175.07416200637817,7452
175.14084911346436,7451
175.20545411109924,7450
175.2827489376068,7449
175.34671783447266,7448
175.413015127182,7447
175.450443983078,7446
175.5032250881195,7445
175.5768141746521,7444
175.67741703987122,7443
175.71222710609436,7442
175.7796709537506,7441
175.84685492515564,7440
175.91579604148865,7439
175.9764699935913,7438
176.04648900032043,7437
176.1120810508728,7436
176.25154399871826,7435
176.41104197502136,7434
176.46317315101624,7433
176.61390900611877,7432
176.6541759967804,7431
176.76133608818054,7430
176.916424036026,7429
176.95368695259094,7428
177.13699913024902,7427
177.19890093803406,7426
177.2794930934906,7425
177.43370699882507,7424
177.50286889076233,7423
177.57532000541687,7422
177.63714718818665,7421
177.73543906211853,7420
177.80045413970947,7419
177.86630010604858,7418
178.0037088394165,7417
178.04521799087524,7416
178.18560314178467,7415
178.25503420829773,7414
178.3315372467041,7413
178.56484818458557,7412
178.6183340549469,7411
178.70657515525818,7410
178.9152810573578,7409
178.97103095054626,7408
179.0317199230194,7407
179.09971809387207,7406
179.18187808990479,7405
179.31468200683594,7404
179.40086197853088,7403
179.45217990875244,7402
179.53496289253235,7401
179.6659870147705,7400
179.75194597244263,7399
179.77422213554382,7398
179.90003514289856,7397
179.98797011375427,7396
180.07836484909058,7395
180.1451210975647,7394
180.21158289909363,7393
180.2963969707489,7392
180.3314700126648,7391
180.44896697998047,7390
180.54821515083313,7389
180.5976061820984,7388
180.68727612495422,7387
180.75736117362976,7386
180.84418511390686,7385
180.96678185462952,7384
181.06319212913513,7383
181.12318301200867,7382
181.18781995773315,7381
181.31063294410706,7380
181.43125200271606,7379
181.48685908317566,7378
181.55363702774048,7377
181.6093020439148,7376
181.66499495506287,7375
181.73298621177673,7374
181.92907309532166,7373
181.99592900276184,7372
182.06845211982727,7371
182.1136131286621,7370
182.1774730682373,7369
182.24998307228088,7368
182.56885719299316,7367
182.73819208145142,7366
182.79394006729126,7365
182.8611981868744,7364
182.93010091781616,7363
182.9848711490631,7362
183.164204120636,7361
183.2279019355774,7360
183.2864580154419,7359
183.3600151538849,7358
183.42993307113647,7357
183.48708295822144,7356
183.53876304626465,7355
183.59663701057434,7354
183.69829511642456,7353
183.8057680130005,7352
183.8744719028473,7351
183.9430980682373,7350
184.03466320037842,7349
184.18842792510986,7348
184.25007104873657,7347
184.32917404174805,7346
184.38462114334106,7345
184.4619288444519,7344
184.51280999183655,7343
184.57814407348633,7342
184.68892788887024,7341
184.74254512786865,7340
184.81905722618103,7339
184.85605597496033,7338
184.93603825569153,7337
184.9905970096588,7336
185.1661660671234,7335
185.2340190410614,7334
185.28934597969055,7333
185.33151698112488,7332
185.4102840423584,7331
185.5797529220581,7330
185.64713287353516,7329
185.69843006134033,7328
185.76680302619934,7327
185.94890308380127,7326
186.0067310333252,7325
186.08323192596436,7324
186.16289901733398,7323
186.2261769771576,7322
186.26339721679688,7321
186.3160810470581,7320
186.3739321231842,7319
186.4410490989685,7318
186.60591197013855,7317
186.67569518089294,7316
186.72553300857544,7315
186.78656315803528,7314
186.86133408546448,7313
186.9751570224762,7312
187.04489493370056,7311
187.18811702728271,7310
187.30295395851135,7309
187.37598991394043,7308
187.45621919631958,7307
187.55862307548523,7306
187.69579219818115,7305
187.82585501670837,7304
187.88665008544922,7303
187.9778459072113,7302
188.02289295196533,7301
188.09016394615173,7300
188.124125957489,7299
188.20697593688965,7298
188.27057719230652,7297
188.30947709083557,7296
188.4396710395813,7295
188.5025279521942,7294
188.63493704795837,7293
188.68851613998413,7292
188.80053186416626,7291
188.8685040473938,7290
188.94370818138123,7289
189.0090410709381,7288
189.07316088676453,7287
189.33086013793945,7286
189.44762587547302,7285
189.6018660068512,7284
189.7148129940033,7283
189.87008213996887,7282
189.99691224098206,7281
190.06052994728088,7280
190.15806198120117,7279
190.20777487754822,7278
190.2767059803009,7277
190.3442680835724,7276
190.41364002227783,7275
190.6299488544464,7274
190.68364119529724,7273
190.73793196678162,7272
190.79572701454163,7271
190.9147288799286,7270
191.00001311302185,7269
191.07123708724976,7268
191.14616799354553,7267
191.1686441898346,7266
191.22116994857788,7265
191.27121305465698,7264
191.37144112586975,7263
191.47461104393005,7262
191.4975130558014,7261
191.54756093025208,7260
191.60390090942383,7259
191.70403599739075,7258
191.79779720306396,7257
191.82064414024353,7256
191.88651204109192,7255
191.96927523612976,7254
192.03925395011902,7253
192.08915400505066,7252
192.14012598991394,7251
192.20829701423645,7250
192.2811529636383,7249
192.40733408927917,7248
192.47555303573608,7247
192.5441379547119,7246
192.6330738067627,7245
192.70137405395508,7244
192.7669801712036,7243
192.88711023330688,7242
192.9734489917755,7241
193.04670596122742,7240
193.2648482322693,7239
193.3325390815735,7238
193.41381812095642,7237
193.53929495811462,7236
193.65658593177795,7235
193.70923590660095,7234
193.78081727027893,7233
193.90439295768738,7232
193.96340918540955,7231
194.0273048877716,7230
194.10991501808167,7229
194.16870307922363,7228
194.220468044281,7227
194.31215524673462,7226
194.3811719417572,7225
194.45156812667847,7224
194.7791302204132,7223
194.8862659931183,7222
194.95015025138855,7221
194.97263312339783,7220
194.99555826187134,7219
195.0184290409088,7218
195.04125118255615,7217
195.0637629032135,7216
195.08617401123047,7215
195.10911512374878,7214
195.1319329738617,7213
195.1602120399475,7212
195.1871359348297,7211
195.22026896476746,7210
195.25810599327087,7209
195.2939441204071,7208
195.32485389709473,7207
195.35345888137817,7206
195.37826704978943,7205
195.40470504760742,7204
195.42961502075195,7203
195.45338606834412,7202
195.4769480228424,7201
195.50042390823364,7200
195.5248830318451,7199
195.55206298828125,7198
195.58246493339539,7197
195.61186814308167,7196
195.64181089401245,7195
195.67098903656006,7194
195.6960928440094,7193
195.72317790985107,7192
195.749370098114,7191
195.7746090888977,7190
195.80277395248413,7189
195.82926321029663,7188
195.85417795181274,7187
195.87860703468323,7186
195.90348601341248,7185
195.9281542301178,7184
195.9522099494934,7183
195.9774250984192,7182
196.0014190673828,7181
196.029953956604,7180
196.05511903762817,7179
196.08054614067078,7178
196.10675621032715,7177
196.13107299804688,7176
196.1600570678711,7175
196.1862452030182,7174
196.21153783798218,7173
196.24026608467102,7172
196.2710781097412,7171
196.30089497566223,7170
196.33660411834717,7169
196.369243144989,7168
196.40007495880127,7167
196.43016505241394,7166
196.46337795257568,7165
196.49084997177124,7164
196.51777601242065,7163
196.54764103889465,7162
196.57369112968445,7161
196.60214495658875,7160
196.6297469139099,7159
196.65637302398682,7158
196.68116903305054,7157
196.70484924316406,7156
196.7293140888214,7155
196.75848197937012,7154
196.78245091438293,7153
196.80598306655884,7152
196.82997298240662,7151
196.85308408737183,7150
196.87607192993164,7149
196.89915490150452,7148
196.92220902442932,7147
196.94519710540771,7146
196.9681510925293,7145
196.99186396598816,7144
197.01575899124146,7143
197.03875994682312,7142
197.06248021125793,7141
197.08618998527527,7140
197.11044192314148,7139
197.13900589942932,7138
197.1640980243683,7137
197.196711063385,7136
197.22463607788086,7135
197.24930095672607,7134
197.27309322357178,7133
197.2966980934143,7132
197.32093000411987,7131
197.3455889225006,7130
199.20796418190002,7129
199.23339796066284,7128
199.25854587554932,7127
199.28240418434143,7126
199.30592799186707,7125
199.32892894744873,7124
199.3522810935974,7123
199.37630891799927,7122
199.39990186691284,7121
199.42338609695435,7120
199.44668698310852,7119
199.46972489356995,7118
199.49853587150574,7117
199.52826499938965,7116
199.55734205245972,7115
199.58302998542786,7114
199.60881304740906,7113
199.63465213775635,7112
199.66119003295898,7111
199.6888439655304,7110
199.71421694755554,7109
199.73939299583435,7108
199.76460218429565,7107
199.78836607933044,7106
199.81169986724854,7105
199.83504796028137,7104
200.6086220741272,7103
201.96420192718506,7102
202.0361762046814,7101
202.41316294670105,7100
204.05040001869202,7099
204.97273707389832,7098
205.39672708511353,7097
205.61671805381775,7096
205.64006400108337,7095
205.66522908210754,7094
205.6888701915741,7093
205.7136309146881,7092
205.9890959262848,7091
206.5108470916748,7090
210.3702871799469,7089
221.10469913482666,7088
221.1284909248352,7087
221.15226006507874,7086
221.1759648323059,7085
221.19957494735718,7084
221.2238531112671,7083
221.24713706970215,7082
221.27020597457886,7081
221.29378724098206,7080
221.31710505485535,7079
221.3407118320465,7078
221.36389303207397,7077
221.3869390487671,7076
221.41041898727417,7075
221.4337899684906,7074
221.45817112922668,7073
221.4817409515381,7072
221.50499606132507,7071
221.5283441543579,7070
221.5527560710907,7069
221.5760509967804,7068
221.60011219978333,7067
221.6253480911255,7066
221.6501100063324,7065
221.67409896850586,7064
221.7103841304779,7063
221.73385906219482,7062
221.7575240135193,7061
221.78118085861206,7060
221.80398797988892,7059
221.8268780708313,7058
221.84872603416443,7057
221.87087106704712,7056
221.89290499687195,7055
221.9148280620575,7054
221.93756794929504,7053
221.9609010219574,7052
221.98473405838013,7051
222.0076129436493,7050
222.0293231010437,7049
222.0527000427246,7048
222.0758421421051,7047
222.09941601753235,7046
222.12216591835022,7045
222.14438390731812,7044
222.16795897483826,7043
222.19109201431274,7042
222.2133219242096,7041
222.23510909080505,7040
222.25813508033752,7039
222.28197813034058,7038
222.30400609970093,7037
222.32569289207458,7036
222.34774923324585,7035
222.37348818778992,7034
222.3980951309204,7033
222.42211508750916,7032
222.4457881450653,7031
222.4708411693573,7030
222.49594497680664,7029
222.51964116096497,7028
222.54411602020264,7027
222.56830215454102,7026
222.5928099155426,7025
222.6186978816986,7024
222.64251589775085,7023
222.66642212867737,7022
222.6901149749756,7021
222.71383714675903,7020
222.73760104179382,7019
222.76126503944397,7018
222.78701305389404,7017
