0.0,484360
179.58329916000366,4589
179.58589386940002,4588
179.59467911720276,4587
179.59623408317566,4586
179.6013069152832,4585
179.6117000579834,4584
179.61959099769592,4583
179.62257480621338,4582
179.62875604629517,4581
179.64033913612366,4580
179.6408450603485,4579
179.64370799064636,4578
179.64505410194397,4577
179.64628887176514,4576
179.6519718170166,4575
179.65761590003967,4574
179.6665689945221,4573
179.666836977005,4572
179.66930103302002,4571
179.68150305747986,4570
179.6829869747162,4569
179.69366312026978,4568
179.69521808624268,4567
179.6988570690155,4566
179.7053461074829,4565
179.71690917015076,4564
179.71915292739868,4563
179.72369694709778,4562
179.7254159450531,4561
179.7293598651886,4560
179.7327299118042,4559
179.73409390449524,4558
179.7405698299408,4557
179.75006699562073,4556
179.75094890594482,4555
179.75482296943665,4554
179.75628399848938,4553
179.76047801971436,4552
179.76376605033875,4551
179.76658415794373,4550
179.76754117012024,4549
179.77791595458984,4548
179.78626203536987,4547
179.78778195381165,4546
179.7906150817871,4545
179.7926321029663,4544
179.79446601867676,4543
179.79510688781738,4542
179.8044240474701,4541
179.80709409713745,4540
179.80847811698914,4539
179.81313395500183,4538
179.81481885910034,4537
179.82576298713684,4536
179.8264021873474,4535
179.82675504684448,4534
179.83117508888245,4533
179.83396196365356,4532
179.83653211593628,4531
179.83673906326294,4530
179.83866810798645,4529
179.83901810646057,4528
179.85368514060974,4527
179.86145210266113,4526
179.86252808570862,4525
179.86359000205994,4524
179.8654329776764,4523
179.87159705162048,4522
179.87209606170654,4521
179.87389016151428,4520
179.8813259601593,4519
179.89780402183533,4518
179.90216302871704,4517
179.92853999137878,4516
179.93443417549133,4515
179.95460510253906,4514
179.95878505706787,4513
179.96020102500916,4512
179.96358513832092,4511
179.96712803840637,4510
179.96954917907715,4509
179.9773588180542,4508
179.98131799697876,4507
179.99131202697754,4506
179.99854588508606,4505
180.00109815597534,4504
180.003821849823,4503
180.00621509552002,4502
180.00972700119019,4501
180.0225281715393,4500
180.02308106422424,4499
180.0270538330078,4498
180.02861285209656,4497
180.04852890968323,4496
180.0523819923401,4495
180.0568311214447,4494
180.0583701133728,4493
180.06060600280762,4492
180.0653109550476,4491
180.06594586372375,4490
180.06921887397766,4489
180.06942105293274,4488
180.0711441040039,4487
180.07553005218506,4486
180.07589197158813,4485
180.07609391212463,4484
180.0791530609131,4483
180.08340215682983,4482
180.0849311351776,4481
180.08545207977295,4480
180.08900785446167,4479
180.09038400650024,4478
180.0951108932495,4477
180.096195936203,4476
180.09969997406006,4475
180.10077500343323,4474
180.10907196998596,4473
180.11013793945312,4472
180.11204600334167,4471
180.1138219833374,4470
180.12205386161804,4469
180.13056111335754,4468
180.1350281238556,4467
180.1367130279541,4466
180.13907408714294,4465
180.1485321521759,4464
180.15772819519043,4463
180.167414188385,4462
180.1680998802185,4461
180.1736478805542,4460
180.17444586753845,4459
180.1775050163269,4458
180.1890618801117,4457
180.18986821174622,4456
180.19156503677368,4455
180.1964349746704,4454
180.20734691619873,4453
180.2116391658783,4452
180.21224093437195,4451
180.2133629322052,4450
180.23353505134583,4449
180.2390570640564,4448
180.24010610580444,4447
180.25548195838928,4446
180.26114106178284,4445
180.26335287094116,4444
180.27496194839478,4443
180.28058195114136,4442
180.2966809272766,4441
180.30542492866516,4440
180.30695986747742,4439
180.30732011795044,4438
180.32576203346252,4437
180.3364188671112,4436
180.3372039794922,4435
180.34008312225342,4434
180.3405749797821,4433
180.34760880470276,4432
180.3602330684662,4431
180.36651802062988,4430
180.36990690231323,4429
180.37756609916687,4428
180.39314317703247,4427
180.39515495300293,4426
180.40250301361084,4425
180.40923190116882,4424
180.41191506385803,4423
180.41486120224,4422
180.41574621200562,4421
180.41970205307007,4420
180.42356419563293,4419
180.4264039993286,4418
180.42723989486694,4417
180.4293670654297,4416
180.4416799545288,4415
180.4427468776703,4414
180.44370317459106,4413
180.44571089744568,4412
180.44739484786987,4411
180.47301602363586,4410
180.4780991077423,4409
180.48403906822205,4408
180.485032081604,4407
180.498615026474,4406
180.50369381904602,4405
180.52004313468933,4404
180.52915000915527,4403
180.53318786621094,4402
180.53528714179993,4401
180.53715705871582,4400
180.5379331111908,4399
180.53858494758606,4398
180.54096221923828,4397
180.54874801635742,4396
180.55054712295532,4395
180.55408906936646,4394
180.55827689170837,4393
180.55863618850708,4392
180.55975723266602,4391
180.55997800827026,4390
180.57057213783264,4389
180.57859992980957,4388
180.58057403564453,4387
180.5867919921875,4386
180.59352898597717,4385
180.59507989883423,4384
180.59953999519348,4383
180.6033318042755,4382
180.61636900901794,4381
180.61997294425964,4380
180.62198781967163,4379
180.63683319091797,4378
180.65082001686096,4377
180.65132403373718,4376
180.65810418128967,4375
180.65832209587097,4374
180.66704893112183,4373
180.6674029827118,4372
180.68044590950012,4371
180.680655002594,4370
180.68190002441406,4369
180.68499302864075,4368
180.6889832019806,4367
180.69105100631714,4366
180.69316697120667,4365
180.69618010520935,4364
180.69683408737183,4363
180.69834399223328,4362
180.70613193511963,4361
180.7082052230835,4360
180.71230697631836,4359
180.7164330482483,4358
180.72280311584473,4357
180.72397589683533,4356
180.7414379119873,4355
180.74483108520508,4354
180.7461860179901,4353
180.74883890151978,4352
180.75062799453735,4351
180.7517020702362,4350
180.75462412834167,4349
180.7596869468689,4348
180.7604660987854,4347
180.76097106933594,4346
180.76902103424072,4345
180.77079701423645,4344
180.77128505706787,4343
180.77461791038513,4342
180.7877790927887,4341
180.8014690876007,4340
180.8070969581604,4339
180.81283116340637,4338
180.81402921676636,4337
180.814227104187,4336
180.82674479484558,4335
180.83107209205627,4334
180.83140802383423,4333
180.8377480506897,4332
180.84280705451965,4331
180.84868693351746,4330
180.85072994232178,4329
180.8599829673767,4328
180.8642818927765,4327
180.86732602119446,4326
180.87915205955505,4325
180.89423203468323,4324
180.8948519229889,4323
180.89943504333496,4322
180.90245413780212,4321
180.90734004974365,4320
180.91545987129211,4319
180.9244110584259,4318
180.94249200820923,4317
180.9586169719696,4316
180.96231412887573,4315
180.966872215271,4314
180.96734499931335,4313
180.97373390197754,4312
180.98362612724304,4311
180.9848232269287,4310
180.99825811386108,4309
180.99980401992798,4308
181.00154185295105,4307
181.00189089775085,4306
181.01877093315125,4305
181.02052903175354,4304
181.03275609016418,4303
181.0337941646576,4302
181.04794812202454,4301
181.04898595809937,4300
181.0499029159546,4299
181.05093789100647,4298
181.05748414993286,4297
181.06118416786194,4296
181.0793149471283,4295
181.09134602546692,4294
181.0953722000122,4293
181.09556698799133,4292
181.10101509094238,4291
181.10629105567932,4290
181.10946321487427,4289
181.11093306541443,4288
181.11438298225403,4287
181.1175889968872,4286
181.1194760799408,4285
181.11995697021484,4284
181.1259469985962,4283
181.12882208824158,4282
181.15865206718445,4281
181.16833996772766,4280
181.17247223854065,4279
181.1769380569458,4278
181.18640804290771,4277
181.18916296958923,4276
181.1905119419098,4275
181.1909990310669,4274
181.199294090271,4273
181.21372509002686,4272
181.21826910972595,4271
181.22986602783203,4270
181.24079298973083,4269
181.2474250793457,4268
181.2476360797882,4267
181.25237798690796,4266
181.26016497612,4265
181.26224279403687,4264
181.262442111969,4263
181.27137207984924,4262
181.27232599258423,4261
181.27737998962402,4260
181.28017497062683,4259
181.28506302833557,4258
181.28972005844116,4257
181.29573512077332,4256
181.30096101760864,4255
181.31399416923523,4254
181.32213616371155,4253
181.32907605171204,4252
181.33567810058594,4251
181.3398060798645,4250
181.35183000564575,4249
181.35218405723572,4248
181.38151001930237,4247
181.3827211856842,4246
181.38641595840454,4245
181.39044523239136,4244
181.39594292640686,4243
181.40771412849426,4242
181.40911102294922,4241
181.41002917289734,4240
181.41352605819702,4239
181.4329822063446,4238
181.43445992469788,4237
181.43676900863647,4236
181.4416480064392,4235
181.45339393615723,4234
181.4647569656372,4233
181.4693992137909,4232
181.4725341796875,4231
181.47318506240845,4230
181.47353982925415,4229
181.4798400402069,4228
181.48188591003418,4227
181.48618698120117,4226
181.50195217132568,4225
181.50741624832153,4224
181.51130390167236,4223
181.51292610168457,4222
181.52214694023132,4221
181.53012418746948,4220
181.5327010154724,4219
181.53346586227417,4218
181.54170989990234,4217
181.54444813728333,4216
181.54672288894653,4215
181.54993391036987,4214
181.55536699295044,4213
181.5681118965149,4212
181.56847214698792,4211
181.5693120956421,4210
181.58237385749817,4209
181.58572506904602,4208
181.59130811691284,4207
181.59576988220215,4206
181.61082911491394,4205
181.62210416793823,4204
181.6244740486145,4203
181.62952518463135,4202
181.63594698905945,4201
181.64153599739075,4200
181.6667799949646,4199
181.6704661846161,4198
181.703458070755,4197
181.7306079864502,4196
181.73868918418884,4195
181.75024700164795,4194
181.7532811164856,4193
181.75437021255493,4192
181.75471901893616,4191
181.76020216941833,4190
181.77234601974487,4189
181.78215885162354,4188
181.78426814079285,4187
181.7847719192505,4186
181.78911995887756,4185
181.79404401779175,4184
181.795392036438,4183
181.79690599441528,4182
181.8064889907837,4181
181.82090401649475,4180
181.82695198059082,4179
181.82961010932922,4178
181.84073090553284,4177
181.8488359451294,4176
181.85370302200317,4175
181.8616819381714,4174
181.86780905723572,4173
181.87062311172485,4172
181.89253091812134,4171
181.89863395690918,4170
181.90598797798157,4169
181.9146420955658,4168
181.9179379940033,4167
181.92648601531982,4166
181.94230604171753,4165
181.9424970149994,4164
181.94384002685547,4163
181.95023488998413,4162
181.9597089290619,4161
181.98423504829407,4160
181.99704599380493,4159
182.00988602638245,4158
182.01060009002686,4157
182.01140785217285,4156
182.01252579689026,4155
182.02660703659058,4154
182.04055500030518,4153
182.04126691818237,4152
182.04516887664795,4151
182.07009601593018,4150
182.07638001441956,4149
182.0778088569641,4148
182.07915091514587,4147
182.08128118515015,4146
182.08872985839844,4145
182.09343910217285,4144
182.11217212677002,4143
182.11543893814087,4142
182.12858986854553,4141
182.1387631893158,4140
182.14703392982483,4139
182.15368103981018,4138
182.15433883666992,4137
182.15783619880676,4136
182.15948009490967,4135
182.159973859787,4134
182.16322207450867,4133
182.17002701759338,4132
182.17155694961548,4131
182.18873596191406,4130
182.19540905952454,4129
182.19590783119202,4128
182.2153799533844,4127
182.2429871559143,4126
182.24838995933533,4125
182.26521921157837,4124
182.27041697502136,4123
182.28438305854797,4122
182.2857849597931,4121
182.28702998161316,4120
182.29668402671814,4119
182.2989320755005,4118
182.3014678955078,4117
182.30433797836304,4116
182.30584406852722,4115
182.30633997917175,4114
182.3381130695343,4113
182.38082790374756,4112
182.38805413246155,4111
182.3946168422699,4110
182.3974108695984,4109
182.41457390785217,4108
182.42153000831604,4107
182.43526792526245,4106
182.4427878856659,4105
182.46362614631653,4104
182.46612906455994,4103
182.48283696174622,4102
182.48479008674622,4101
182.49060893058777,4100
182.51419615745544,4099
182.51854705810547,4098
182.519770860672,4097
182.52433109283447,4096
182.52913808822632,4095
182.53347206115723,4094
182.53541803359985,4093
182.54561686515808,4092
182.54933786392212,4091
182.5631320476532,4090
182.56356406211853,4089
182.56434893608093,4088
182.56718397140503,4087
182.56746816635132,4086
182.5717258453369,4085
182.57640981674194,4084
182.57658982276917,4083
182.59572005271912,4082
182.5970299243927,4081
182.60646414756775,4080
182.62086725234985,4079
182.62796306610107,4078
182.62957906723022,4077
182.6374969482422,4076
182.63802289962769,4075
182.64549207687378,4074
182.64589500427246,4073
182.65221786499023,4072
182.66100215911865,4071
182.66211009025574,4070
182.67022800445557,4069
182.70303225517273,4068
182.7045259475708,4067
182.7092308998108,4066
182.71017718315125,4065
182.71564602851868,4064
182.7415418624878,4063
182.74196696281433,4062
182.75681114196777,4061
182.7615828514099,4060
182.78990292549133,4059
182.7963740825653,4058
182.79837799072266,4057
182.80842924118042,4056
182.8113648891449,4055
182.82098603248596,4054
182.84134721755981,4053
182.86432003974915,4052
182.87135291099548,4051
182.89054799079895,4050
182.90026998519897,4049
182.9004271030426,4048
182.9008231163025,4047
182.9018189907074,4046
182.92533993721008,4045
182.93064403533936,4044
182.93718314170837,4043
182.94051098823547,4042
182.94957900047302,4041
182.95615220069885,4040
182.97553396224976,4039
182.97724390029907,4038
182.9951491355896,4037
182.9962809085846,4036
182.99655103683472,4035
183.002592086792,4034
183.00954508781433,4033
183.01799511909485,4032
183.0372030735016,4031
183.04106187820435,4030
183.04527711868286,4029
183.04889297485352,4028
183.07253885269165,4027
183.07835817337036,4026
183.09193515777588,4025
183.0930540561676,4024
183.09799194335938,4023
183.11057901382446,4022
183.11865496635437,4021
183.12200808525085,4020
183.1348581314087,4019
183.14757800102234,4018
183.1539900302887,4017
183.16042399406433,4016
183.1672899723053,4015
183.16936802864075,4014
183.17421007156372,4013
183.18991208076477,4012
183.20071983337402,4011
183.22335696220398,4010
183.23988103866577,4009
183.24791193008423,4008
183.26037406921387,4007
183.2707760334015,4006
183.27576899528503,4005
183.27959895133972,4004
183.2903869152069,4003
183.31418919563293,4002
183.33262395858765,4001
183.34606289863586,4000
183.35329794883728,3999
183.37025499343872,3998
183.38666105270386,3997
183.38796186447144,3996
183.3882451057434,3995
183.38891410827637,3994
183.40117692947388,3993
183.40616512298584,3992
183.4216709136963,3991
183.42733120918274,3990
183.42869687080383,3989
183.43577980995178,3988
183.4558138847351,3987
183.46081399917603,3986
183.48339009284973,3985
183.48552989959717,3984
183.5045509338379,3983
183.51486015319824,3982
183.5354471206665,3981
183.54236698150635,3980
183.5440640449524,3979
183.5648651123047,3978
183.60428595542908,3977
183.608540058136,3976
183.61172199249268,3975
183.61354398727417,3974
183.6248688697815,3973
183.63301801681519,3972
183.63469004631042,3971
183.63772797584534,3970
183.64598107337952,3969
183.66818118095398,3968
183.68412494659424,3967
183.707288980484,3966
183.76068902015686,3965
183.76481890678406,3964
183.79305505752563,3963
183.80347204208374,3962
183.8055350780487,3961
183.84336495399475,3960
183.88577604293823,3959
183.89233207702637,3958
183.8950800895691,3957
183.90042090415955,3956
183.90455722808838,3955
183.9056670665741,3954
183.9229772090912,3953
183.94928812980652,3952
183.95040702819824,3951
183.95935797691345,3950
183.9751958847046,3949
183.97855591773987,3948
183.97911190986633,3947
183.9879550933838,3946
183.9975299835205,3945
184.02993392944336,3944
184.04270911216736,3943
184.0532989501953,3942
184.05666494369507,3941
184.07587099075317,3940
184.07628297805786,3939
184.1006212234497,3938
184.10557293891907,3937
184.10680508613586,3936
184.12441301345825,3935
184.12459301948547,3934
184.17626404762268,3933
184.18219089508057,3932
184.18904304504395,3931
184.20702600479126,3930
184.22652387619019,3929
184.2478470802307,3928
184.28085207939148,3927
184.2915530204773,3926
184.30321598052979,3925
184.3082251548767,3924
184.33627080917358,3923
184.4025218486786,3922
184.41294813156128,3921
184.42815709114075,3920
184.4327380657196,3919
184.4584231376648,3918
184.45893502235413,3917
184.47145819664001,3916
184.47931098937988,3915
184.4840431213379,3914
184.4918611049652,3913
184.4940721988678,3912
184.52481484413147,3911
184.53824591636658,3910
184.54956912994385,3909
184.57683897018433,3908
184.58818221092224,3907
184.65214896202087,3906
184.6631498336792,3905
184.7054259777069,3904
184.7307150363922,3903
184.75714993476868,3902
184.76475286483765,3901
184.7663459777832,3900
184.78171801567078,3899
184.78517603874207,3898
184.82702803611755,3897
184.8386209011078,3896
184.85039401054382,3895
184.87338495254517,3894
184.88216495513916,3893
184.89890909194946,3892
184.94098591804504,3891
184.94525384902954,3890
184.95915699005127,3889
184.96673798561096,3888
184.97443103790283,3887
184.987154006958,3886
185.01900815963745,3885
185.03756093978882,3884
185.04787516593933,3883
185.08969616889954,3882
185.1201159954071,3881
185.13322401046753,3880
185.1625738143921,3879
185.1759340763092,3878
185.1932270526886,3877
185.2352910041809,3876
185.2823510169983,3875
185.30888986587524,3874
185.31299424171448,3873
185.33978605270386,3872
185.3547122478485,3871
185.35624718666077,3870
185.39568996429443,3869
185.3970251083374,3868
185.4500072002411,3867
185.46942806243896,3866
185.47187685966492,3865
185.51325917243958,3864
185.51619696617126,3863
185.5255160331726,3862
185.52627420425415,3861
185.54316592216492,3860
185.57613706588745,3859
185.57978987693787,3858
185.6162040233612,3857
185.63314414024353,3856
185.6454200744629,3855
185.67862200737,3854
185.78148579597473,3853
185.78387689590454,3852
185.82406616210938,3851
185.8499310016632,3850
