0.0,30560
4.162049055099487,817
4.162063837051392,816
4.162253141403198,815
4.186805963516235,814
4.187342882156372,813
4.187648057937622,812
4.18766188621521,811
4.187756061553955,810
4.188025951385498,809
4.188076019287109,808
4.188102960586548,807
4.19015097618103,806
4.191428899765015,805
4.191442966461182,804
4.191468954086304,803
4.1966938972473145,802
4.196803092956543,801
4.241153955459595,800
4.2544639110565186,799
4.255223035812378,798
4.255281925201416,797
4.255306959152222,796
4.255630731582642,795
4.2559568881988525,794
4.281941890716553,793
4.282283067703247,792
4.287039041519165,791
4.287309885025024,790
4.287367820739746,789
4.287650108337402,788
4.290108919143677,787
4.302968740463257,786
4.33110499382019,785
4.3313798904418945,784
4.33389687538147,783
4.333989858627319,782
4.334167957305908,781
4.334309816360474,780
4.3353118896484375,779
4.335368871688843,778
4.336094856262207,777
4.362782001495361,776
4.363349914550781,775
4.363442897796631,774
4.3635358810424805,773
4.363894939422607,772
4.364515781402588,771
4.364628076553345,770
4.371846914291382,769
4.371874809265137,768
4.372283935546875,767
4.372545003890991,766
4.389173984527588,765
4.389436960220337,764
4.389871835708618,763
4.39327597618103,762
4.393539905548096,761
4.393585920333862,760
4.431452989578247,759
4.43507981300354,758
4.436578035354614,757
4.436672925949097,756
4.43691086769104,755
4.440676927566528,754
4.444506883621216,753
4.449015140533447,752
4.4494688510894775,751
4.451685905456543,750
4.4536309242248535,749
4.465947866439819,748
4.481337785720825,747
4.483790874481201,746
4.591669082641602,745
