0.0,54510
8.15875792503357,810
8.159085988998413,809
8.159121990203857,808
8.159239053726196,807
8.159455060958862,806
8.160480976104736,805
8.160561084747314,804
8.160575151443481,803
8.16063404083252,802
8.163692951202393,801
8.16370701789856,800
8.163734197616577,799
8.165365219116211,798
8.165379047393799,797
8.16558289527893,796
8.165596008300781,795
8.166054010391235,794
8.166146993637085,793
8.166620969772339,792
8.166668891906738,791
8.166738033294678,790
8.166845083236694,789
8.1668701171875,788
8.166962146759033,787
8.166998147964478,786
8.167078971862793,785
8.167330980300903,784
8.167368173599243,783
8.16739296913147,782
8.167407035827637,781
8.167432069778442,780
8.167457818984985,779
8.170223951339722,778
8.1702721118927,777
8.170362949371338,776
8.170376062393188,775
8.170893907546997,774
8.170931100845337,773
8.170955896377563,772
8.17100191116333,771
8.171015977859497,770
8.171052932739258,769
8.227421045303345,768
8.227438926696777,767
8.227452993392944,766
8.227466106414795,765
8.227553844451904,764
8.229553937911987,763
8.229579210281372,762
8.231575012207031,761
8.245688915252686,760
8.24570608139038,759
8.245719909667969,758
8.258028984069824,757
8.258044958114624,756
8.258206129074097,755
8.2582528591156,754
8.258436918258667,753
8.258478879928589,752
8.258526086807251,751
8.258606910705566,750
8.258665084838867,749
8.259057998657227,748
8.25918698310852,747
8.259200811386108,746
8.268187046051025,745
8.268225908279419,744
8.268604040145874,743
8.285281896591187,742
8.285298109054565,741
8.285358905792236,740
8.286900043487549,739
8.311217069625854,738
8.311293125152588,737
8.311435222625732,736
8.311482906341553,735
8.311885833740234,734
8.311925172805786,733
8.31221890449524,732
8.326955795288086,731
8.327704906463623,730
8.33282208442688,729
8.332910060882568,728
8.332985877990723,727
8.3332359790802,726
8.333273887634277,725
8.33347487449646,724
8.334046125411987,723
8.334261178970337,722
8.348405838012695,721
8.349547863006592,720
8.354723930358887,719
8.354991912841797,718
8.355118036270142,717
8.356456995010376,716
8.356628179550171,715
8.356663942337036,714
8.356903076171875,713
8.35703992843628,712
8.357937097549438,711
8.358118057250977,710
8.358243942260742,709
8.35835886001587,708
8.359052896499634,707
8.359982013702393,706
8.360152959823608,705
8.360395193099976,704
8.360448122024536,703
8.360834836959839,702
8.364496946334839,701
8.365706205368042,700
8.365777969360352,699
8.365853071212769,698
8.365878820419312,697
8.365915060043335,696
8.366100072860718,695
8.366338014602661,694
8.36641812324524,693
8.366487979888916,692
8.367534875869751,691
8.367560148239136,690
8.367616891860962,689
8.368429899215698,688
8.368534803390503,687
8.368844985961914,686
8.370764970779419,685
8.37096095085144,684
8.371585845947266,683
8.373962163925171,682
8.374577045440674,681
8.375264167785645,680
8.375338077545166,679
8.375508069992065,678
8.375708103179932,677
8.392415046691895,676
8.392525911331177,675
8.39255404472351,674
8.39389705657959,673
8.399582147598267,672
8.40164589881897,671
8.401717185974121,670
8.401753902435303,669
8.404613971710205,668
8.404661178588867,667
8.405099153518677,666
8.405123949050903,665
8.436354875564575,664
8.436619997024536,663
8.436646938323975,662
8.436743021011353,661
8.440165996551514,660
8.44069218635559,659
8.4409499168396,658
8.441141843795776,657
8.441419839859009,656
8.445995807647705,655
8.45819878578186,654
8.459696054458618,653
8.459885835647583,652
8.460103034973145,651
8.46018385887146,650
8.46035099029541,649
8.460798978805542,648
8.464761018753052,647
8.465306043624878,646
8.466421127319336,645
8.485802173614502,644
8.486323118209839,643
8.488538980484009,642
8.513134002685547,641
8.51499891281128,640
8.517238855361938,639
8.517414093017578,638
8.518372058868408,637
8.51866102218628,636
8.518805027008057,635
8.519190073013306,634
8.521727085113525,633
8.522588968276978,632
8.524834871292114,631
8.525080919265747,630
8.525876998901367,629
8.52674388885498,628
8.534554958343506,627
8.535398960113525,626
8.604990005493164,625
8.617250919342041,624
