0.0,157510
47.412424087524414,4998
47.4126091003418,4997
47.41462016105652,4996
47.41552519798279,4995
47.41676902770996,4994
47.41694211959839,4993
47.41746520996094,4992
47.41757321357727,4991
47.41935729980469,4990
47.423190116882324,4989
47.423301219940186,4988
47.425570011138916,4987
47.425673961639404,4986
47.42629289627075,4985
47.42660903930664,4984
47.427388191223145,4983
47.42811417579651,4982
47.42821717262268,4981
47.43006110191345,4980
47.430161237716675,4979
47.43070316314697,4978
47.43394088745117,4977
47.43444204330444,4976
47.434816122055054,4975
47.43511915206909,4974
47.43623495101929,4973
47.43640208244324,4972
47.43665099143982,4971
47.43708610534668,4970
47.43772101402283,4969
47.43964409828186,4968
47.43974709510803,4967
47.440388202667236,4966
47.44102215766907,4965
47.44315791130066,4964
47.44355010986328,4963
47.453636169433594,4962
47.4568932056427,4961
47.4571270942688,4960
47.45736217498779,4959
47.4609739780426,4958
47.46158218383789,4957
47.47272801399231,4956
47.475383043289185,4955
47.47555923461914,4954
47.47575402259827,4953
47.480956077575684,4952
47.48159718513489,4951
47.48186802864075,4950
47.4819700717926,4949
47.482383012771606,4948
47.48450708389282,4947
47.504069089889526,4946
47.50636315345764,4945
47.512848138809204,4944
47.51302719116211,4943
47.51333808898926,4942
47.51417326927185,4941
47.53579807281494,4940
47.53610324859619,4939
47.53635621070862,4938
47.53996706008911,4937
47.5469810962677,4936
47.54842019081116,4935
47.55046510696411,4934
47.551064014434814,4933
47.55117106437683,4932
47.551594972610474,4931
47.55190110206604,4930
47.554423093795776,4929
47.566720962524414,4928
47.56732201576233,4927
47.56770205497742,4926
47.56930613517761,4925
47.56955599784851,4924
47.57085108757019,4923
47.57116627693176,4922
47.57405114173889,4921
47.57429122924805,4920
47.57494115829468,4919
47.5763680934906,4918
47.576756954193115,4917
47.57910394668579,4916
47.57930517196655,4915
47.58047890663147,4914
47.5947949886322,4913
47.5967001914978,4912
47.59701108932495,4911
47.601768255233765,4910
47.602283000946045,4909
47.604247093200684,4908
47.6058349609375,4907
47.60602021217346,4906
47.607609033584595,4905
47.6081280708313,4904
47.61720108985901,4903
47.618497133255005,4902
47.61968994140625,4901
47.62146210670471,4900
47.622894048690796,4899
47.629652976989746,4898
47.62981915473938,4897
47.63019585609436,4896
47.630412101745605,4895
47.63073110580444,4894
47.63087320327759,4893
47.63108205795288,4892
47.63251209259033,4891
47.633071184158325,4890
47.63319110870361,4889
47.633339166641235,4888
47.63552403450012,4887
47.63578224182129,4886
47.640465259552,4885
47.64097619056702,4884
47.64149618148804,4883
47.643665075302124,4882
47.643771171569824,4881
47.650110960006714,4880
47.66487717628479,4879
47.6659300327301,4878
47.66674518585205,4877
47.66710901260376,4876
47.66813802719116,4875
47.668835163116455,4874
47.67252707481384,4873
47.67348909378052,4872
47.673747301101685,4871
47.67398810386658,4870
47.67444610595703,4869
47.67956805229187,4868
47.68016815185547,4867
47.68059802055359,4866
47.68072319030762,4865
47.68177103996277,4864
47.68187999725342,4863
47.6834180355072,4862
47.70616316795349,4861
47.71066999435425,4860
47.710978984832764,4859
47.713219165802,4858
47.714609146118164,4857
47.71605110168457,4856
47.717586278915405,4855
47.71776509284973,4854
47.71929597854614,4853
47.722363233566284,4852
47.7224760055542,4851
47.72400999069214,4850
47.72441911697388,4849
47.72471594810486,4848
47.725038051605225,4847
47.73320508003235,4846
47.733824014663696,4845
47.73491406440735,4844
47.736122131347656,4843
47.73871111869812,4842
47.73928499221802,4841
47.74060010910034,4840
47.74231505393982,4839
47.74854493141174,4838
47.74955606460571,4837
47.75000023841858,4836
47.7524311542511,4835
47.752814054489136,4834
47.757256269454956,4833
47.757458209991455,4832
47.75797510147095,4831
47.75964689254761,4830
47.76354908943176,4829
47.763668060302734,4828
47.76433706283569,4827
47.76461696624756,4826
47.765697956085205,4825
47.76607608795166,4824
47.76624608039856,4823
47.77514314651489,4822
47.77529430389404,4821
47.77969193458557,4820
47.78291201591492,4819
47.783106088638306,4818
47.78479719161987,4817
47.786654233932495,4816
47.786909103393555,4815
47.790579319000244,4814
47.79106307029724,4813
47.79118204116821,4812
47.791322231292725,4811
47.791712045669556,4810
47.792171001434326,4809
47.79260206222534,4808
47.79464387893677,4807
47.7950541973114,4806
47.795320987701416,4805
47.80345606803894,4804
47.804603099823,4803
47.806735038757324,4802
47.80767011642456,4801
47.81015229225159,4800
47.810418128967285,4799
47.81078505516052,4798
47.81091928482056,4797
47.81256699562073,4796
47.81298089027405,4795
47.81341528892517,4794
47.81352496147156,4793
47.81390714645386,4792
47.82271099090576,4791
47.8250789642334,4790
47.82616400718689,4789
47.826664209365845,4788
47.82683515548706,4787
47.827070236206055,4786
47.82736420631409,4785
47.82798099517822,4784
47.82834601402283,4783
47.82851314544678,4782
47.83101201057434,4781
47.83235192298889,4780
47.83252191543579,4779
47.84415316581726,4778
47.853432178497314,4777
47.8552131652832,4776
47.85616207122803,4775
47.856263160705566,4774
47.85718297958374,4773
47.85790205001831,4772
47.85813808441162,4771
47.86104106903076,4770
47.86114311218262,4769
47.861459255218506,4768
47.862345933914185,4767
47.862903118133545,4766
47.86442708969116,4765
47.86453127861023,4764
47.86511206626892,4763
47.86534905433655,4762
47.86653995513916,4761
47.866645097732544,4760
47.86779427528381,4759
47.86815404891968,4758
47.86831998825073,4757
47.870978116989136,4756
47.87226319313049,4755
47.872437953948975,4754
47.87310218811035,4753
47.87431597709656,4752
47.87486791610718,4751
47.875166177749634,4750
47.87662100791931,4749
47.877801179885864,4748
47.87805199623108,4747
47.87851309776306,4746
47.884483098983765,4745
47.88494110107422,4744
47.88511896133423,4743
47.885637044906616,4742
47.88667106628418,4741
47.88684010505676,4740
47.897818088531494,4739
47.89818811416626,4738
47.89927697181702,4737
47.89957308769226,4736
47.89980411529541,4735
47.8999080657959,4734
47.90023708343506,4733
47.9018759727478,4732
47.903806924819946,4731
47.904168128967285,4730
47.90946412086487,4729
47.90976309776306,4728
47.910566091537476,4727
47.91128492355347,4726
47.91376304626465,4725
47.91444396972656,4724
47.91509199142456,4723
47.91523599624634,4722
47.916444063186646,4721
47.91735124588013,4720
47.91903901100159,4719
47.92004919052124,4718
47.92513108253479,4717
47.92540788650513,4716
47.927468061447144,4715
47.928869009017944,4714
47.93041515350342,4713
47.931220054626465,4712
47.93185520172119,4711
47.93801712989807,4710
47.93887996673584,4709
47.94196105003357,4708
47.942161083221436,4707
47.944616079330444,4706
47.945842266082764,4705
47.94762897491455,4704
47.94786500930786,4703
47.950114011764526,4702
47.95146322250366,4701
47.953636169433594,4700
47.95384407043457,4699
47.95423889160156,4698
47.954901933670044,4697
47.955764055252075,4696
47.9577431678772,4695
47.98607611656189,4694
47.987197160720825,4693
47.98737931251526,4692
47.98778319358826,4691
47.996822118759155,4690
47.99711203575134,4689
47.998100996017456,4688
47.998438119888306,4687
47.9986469745636,4686
47.999529123306274,4685
48.00038027763367,4684
48.0010712146759,4683
48.00119113922119,4682
48.001755237579346,4681
48.002623081207275,4680
48.009544134140015,4679
48.009934186935425,4678
48.01024103164673,4677
48.02296805381775,4676
48.02348804473877,4675
48.02440810203552,4674
48.02453017234802,4673
48.02466297149658,4672
48.02606415748596,4671
48.03633213043213,4670
48.050240993499756,4669
48.05038094520569,4668
48.05603909492493,4667
48.05642318725586,4666
48.05775713920593,4665
48.05892825126648,4664
48.059926986694336,4663
48.061145067214966,4662
48.06134915351868,4661
48.06148910522461,4660
48.061745166778564,4659
48.062695264816284,4658
48.063077211380005,4657
48.06330704689026,4656
48.06887698173523,4655
48.07294797897339,4654
48.07895112037659,4653
48.07924818992615,4652
48.0817551612854,4651
48.08230113983154,4650
48.09057402610779,4649
48.09502100944519,4648
48.09776210784912,4647
48.09829306602478,4646
48.09862303733826,4645
48.100404024124146,4644
48.101447105407715,4643
48.10221791267395,4642
48.10546517372131,4641
48.10570693016052,4640
48.10794711112976,4639
48.11093020439148,4638
48.11155700683594,4637
48.11527919769287,4636
48.11612796783447,4635
48.11817908287048,4634
48.11870622634888,4633
48.11946415901184,4632
48.12028694152832,4631
48.12039804458618,4630
48.12098503112793,4629
48.12229013442993,4628
48.12329125404358,4627
48.123852014541626,4626
48.12489104270935,4625
48.12506699562073,4624
48.12545609474182,4623
48.13241410255432,4622
48.133427143096924,4621
48.133915185928345,4620
48.13644623756409,4619
48.14323019981384,4618
48.143625020980835,4617
48.14669418334961,4616
48.14995098114014,4615
48.151504039764404,4614
48.15181612968445,4613
48.15999889373779,4612
48.16395902633667,4611
48.16438388824463,4610
48.164714097976685,4609
48.16580009460449,4608
48.16592502593994,4607
48.16615700721741,4606
48.16644501686096,4605
48.167924880981445,4604
48.1730580329895,4603
48.18543314933777,4602
48.185750007629395,4601
48.18616700172424,4600
48.189186096191406,4599
48.19334816932678,4598
48.19412088394165,4597
48.196516036987305,4596
48.197187185287476,4595
48.19789695739746,4594
48.199251890182495,4593
48.201306104660034,4592
48.201504945755005,4591
48.20283794403076,4590
48.20426607131958,4589
48.20969104766846,4588
48.21060013771057,4587
48.21070623397827,4586
48.21299505233765,4585
48.21336388587952,4584
48.214707136154175,4583
48.215264081954956,4582
48.21539497375488,4581
48.21607804298401,4580
48.21651029586792,4579
48.21696710586548,4578
48.21768593788147,4577
48.21882700920105,4576
48.2213830947876,4575
48.22177004814148,4574
48.22208309173584,4573
48.22313213348389,4572
48.22372603416443,4571
48.22512912750244,4570
48.225444078445435,4569
48.227108001708984,4568
48.227421283721924,4567
48.22823905944824,4566
48.2286491394043,4565
48.22943997383118,4564
48.2352831363678,4563
48.236441135406494,4562
48.23933219909668,4561
48.24087333679199,4560
48.24156618118286,4559
48.24205207824707,4558
48.24482607841492,4557
48.250751972198486,4556
48.25387525558472,4555
48.25459599494934,4554
48.25483798980713,4553
48.25662612915039,4552
48.257179260253906,4551
48.25880002975464,4550
48.260080099105835,4549
48.26551604270935,4548
48.26614212989807,4547
48.267362117767334,4546
48.26836395263672,4545
48.268858194351196,4544
48.27113103866577,4543
48.2722532749176,4542
48.27656006813049,4541
48.27737593650818,4540
48.2799232006073,4539
48.28009605407715,4538
48.28126406669617,4537
48.28213715553284,4536
48.28385090827942,4535
48.286219120025635,4534
48.28918123245239,4533
48.28964614868164,4532
48.29007411003113,4531
48.29159903526306,4530
48.293545961380005,4529
48.296101093292236,4528
48.29646110534668,4527
48.297078132629395,4526
48.29856991767883,4525
48.29950523376465,4524
48.30051302909851,4523
48.30087399482727,4522
48.30729794502258,4521
48.30753517150879,4520
48.30918288230896,4519
48.30953812599182,4518
48.31202721595764,4517
48.31233501434326,4516
48.312509298324585,4515
48.313416957855225,4514
48.31565308570862,4513
48.316731214523315,4512
48.31715703010559,4511
48.31913900375366,4510
48.321533203125,4509
48.32541513442993,4508
48.32558608055115,4507
48.3258330821991,4506
48.32645916938782,4505
48.327290058135986,4504
48.32739305496216,4503
48.32857608795166,4502
48.3323860168457,4501
48.336222887039185,4500
48.34583592414856,4499
48.346357107162476,4498
48.34869027137756,4497
48.34936308860779,4496
48.349478244781494,4495
48.35058403015137,4494
48.35631728172302,4493
48.357922077178955,4492
48.359843015670776,4491
48.35995006561279,4490
48.36266207695007,4489
48.362967014312744,4488
48.37219190597534,4487
48.37528610229492,4486
48.37574291229248,4485
48.37590408325195,4484
48.376447916030884,4483
48.37784695625305,4482
48.37955021858215,4481
48.38270306587219,4480
48.383100271224976,4479
48.384154081344604,4478
48.38721203804016,4477
48.3881471157074,4476
48.38888597488403,4475
48.39124298095703,4474
48.39271402359009,4473
48.3928382396698,4472
48.39309787750244,4471
48.39464330673218,4470
48.39827919006348,4469
48.400694131851196,4468
48.40216112136841,4467
48.40349006652832,4466
48.40366315841675,4465
48.41720795631409,4464
48.418814182281494,4463
48.423892974853516,4462
48.42417812347412,4461
48.42435908317566,4460
48.427356243133545,4459
48.427468061447144,4458
48.42802405357361,4457
48.433971881866455,4456
48.43591284751892,4455
48.43730401992798,4454
48.43879222869873,4453
48.44090008735657,4452
48.442368030548096,4451
48.443243980407715,4450
48.44356298446655,4449
48.44756507873535,4448
48.447835206985474,4447
48.448984146118164,4446
48.449562072753906,4445
48.454214096069336,4444
48.45493507385254,4443
48.45704007148743,4442
48.46015214920044,4441
48.46071410179138,4440
48.462043046951294,4439
48.4742488861084,4438
48.47539806365967,4437
48.47748112678528,4436
48.47819900512695,4435
48.47876715660095,4434
48.48020100593567,4433
48.487902879714966,4432
48.49389910697937,4431
48.4958291053772,4430
48.49640488624573,4429
48.49841499328613,4428
48.49956703186035,4427
48.50160312652588,4426
48.50280499458313,4425
48.50319814682007,4424
48.50580596923828,4423
48.50735521316528,4422
48.50995397567749,4421
48.51376724243164,4420
48.51540398597717,4419
48.51984620094299,4418
48.5227792263031,4417
48.52413630485535,4416
48.52473330497742,4415
48.52491998672485,4414
48.525288105010986,4413
48.5272262096405,4412
48.527666091918945,4411
48.528743267059326,4410
48.529098987579346,4409
48.52945303916931,4408
48.5307502746582,4407
48.542301177978516,4406
48.54739308357239,4405
48.548115253448486,4404
48.55149698257446,4403
48.55227208137512,4402
48.556666135787964,4401
48.558481216430664,4400
48.56236219406128,4399
48.563783168792725,4398
48.56596302986145,4397
48.56806230545044,4396
48.56826210021973,4395
48.568745136260986,4394
48.56884813308716,4393
48.570489168167114,4392
48.57200312614441,4391
48.572474002838135,4390
48.57308912277222,4389
48.58169507980347,4388
48.58208203315735,4387
48.58288812637329,4386
48.58325123786926,4385
48.58491897583008,4384
48.58553600311279,4383
48.58584403991699,4382
48.58718800544739,4381
48.589219093322754,4380
48.595016956329346,4379
48.59555411338806,4378
48.59698510169983,4377
48.6159873008728,4376
48.61798024177551,4375
48.62228012084961,4374
48.623194217681885,4373
48.623767137527466,4372
48.62431502342224,4371
48.626288175582886,4370
48.6274631023407,4369
48.62764525413513,4368
48.63024401664734,4367
48.63226008415222,4366
48.6347382068634,4365
48.63600206375122,4364
48.63770318031311,4363
48.638188123703,4362
48.640817165374756,4361
48.64256811141968,4360
48.64562726020813,4359
48.64590787887573,4358
48.64643096923828,4357
48.647083044052124,4356
48.650187969207764,4355
48.651801109313965,4354
48.65315818786621,4353
48.65390205383301,4352
48.655131101608276,4351
48.65765714645386,4350
48.65848112106323,4349
48.658727169036865,4348
48.66197609901428,4347
48.66657614707947,4346
48.670653104782104,4345
48.67217826843262,4344
48.67372012138367,4343
48.6745970249176,4342
48.67823815345764,4341
48.68618702888489,4340
48.68667006492615,4339
48.68939208984375,4338
48.69189500808716,4337
48.7029550075531,4336
48.70940613746643,4335
48.711426973342896,4334
48.71206593513489,4333
48.71337914466858,4332
48.71563005447388,4331
48.719104051589966,4330
48.72372031211853,4329
48.7262749671936,4328
48.73070311546326,4327
48.73815608024597,4326
48.7389030456543,4325
48.73933005332947,4324
48.74265217781067,4323
48.74343490600586,4322
48.74393701553345,4321
48.75376009941101,4320
48.754884004592896,4319
48.76379418373108,4318
48.7643461227417,4317
48.76945090293884,4316
48.77046227455139,4315
48.77249503135681,4314
48.77557015419006,4313
48.77751326560974,4312
48.77871012687683,4311
48.778839111328125,4310
48.79736804962158,4309
48.802217960357666,4308
48.80653214454651,4307
48.80752515792847,4306
48.812031984329224,4305
48.823079109191895,4304
48.823259115219116,4303
48.82691025733948,4302
48.82846808433533,4301
48.83345103263855,4300
48.83740425109863,4299
48.84331798553467,4298
48.84349608421326,4297
48.84618902206421,4296
48.862096071243286,4295
48.863017320632935,4294
48.86554002761841,4293
48.872474193573,4292
48.87836527824402,4291
48.87957191467285,4290
48.88373017311096,4289
48.88671517372131,4288
48.891067028045654,4287
48.89268088340759,4286
48.91287326812744,4285
48.91350603103638,4284
48.916903257369995,4283
48.91881704330444,4282
48.92151117324829,4281
48.92577505111694,4280
48.93316721916199,4279
48.93562602996826,4278
48.939414978027344,4277
48.93973708152771,4276
48.94167613983154,4275
48.95020318031311,4274
48.951870918273926,4273
48.95321488380432,4272
48.95798397064209,4271
48.95981788635254,4270
48.964503049850464,4269
48.96574521064758,4268
48.968974113464355,4267
48.97402215003967,4266
48.980587005615234,4265
48.981778144836426,4264
48.981884241104126,4263
48.98377799987793,4262
48.98559308052063,4261
49.004981994628906,4260
49.00516200065613,4259
49.00743293762207,4258
49.01532793045044,4257
49.02042603492737,4256
49.02237415313721,4255
49.02557992935181,4254
49.02817726135254,4253
49.05332922935486,4252
49.05363416671753,4251
49.067726135253906,4250
49.08325719833374,4249
49.09111404418945,4248
49.09969520568848,4247
49.100587129592896,4246
49.11268210411072,4245
49.11606407165527,4244
49.12798714637756,4243
49.1296501159668,4242
49.129831075668335,4241
49.13029503822327,4240
49.14205527305603,4239
49.144649028778076,4238
49.14508628845215,4237
49.15108823776245,4236
49.15333294868469,4235
49.157188177108765,4234
49.15896916389465,4233
49.1590850353241,4232
49.161479234695435,4231
49.16596722602844,4230
49.173917293548584,4229
49.17630910873413,4228
49.18541216850281,4227
49.18611192703247,4226
49.186737060546875,4225
49.19328308105469,4224
49.19517803192139,4223
49.20240306854248,4222
49.217705965042114,4221
49.21977496147156,4220
49.22433924674988,4219
49.22964310646057,4218
49.2492401599884,4217
49.24949026107788,4216
49.256937980651855,4215
49.27532696723938,4214
49.280534982681274,4213
49.284077167510986,4212
49.28656816482544,4211
49.294448137283325,4210
49.308547019958496,4209
49.31021809577942,4208
49.310819149017334,4207
49.33552813529968,4206
49.353111028671265,4205
49.371939182281494,4204
49.41242599487305,4203
49.42331600189209,4202
49.47718596458435,4201
49.484878063201904,4200
49.48971223831177,4199
49.51930212974548,4198
49.531331062316895,4197
49.53516101837158,4196
49.54871702194214,4195
49.553268909454346,4194
49.55651021003723,4193
49.55977416038513,4192
49.569438219070435,4191
49.59714102745056,4190
49.61819100379944,4189
49.6231689453125,4188
49.63305425643921,4187
49.63510799407959,4186
49.63795614242554,4185
49.63838315010071,4184
49.65850019454956,4183
49.68375611305237,4182
49.68751311302185,4181
49.707329988479614,4180
49.709460973739624,4179
49.71708106994629,4178
49.71917510032654,4177
49.719680070877075,4176
49.73357319831848,4175
49.74754095077515,4174
49.82101392745972,4173
49.83989191055298,4172
49.84880828857422,4171
49.865331172943115,4170
49.87200713157654,4169
49.90023231506348,4168
49.949809074401855,4167
49.954675912857056,4166
49.96939516067505,4165
49.996538162231445,4164
50.036843061447144,4163
50.0611572265625,4162
50.07846117019653,4161
50.07867407798767,4160
50.098422050476074,4159
50.15678787231445,4158
50.18044424057007,4157
50.29158806800842,4156
50.36154222488403,4155
50.36224412918091,4154
50.575300216674805,4153
50.73761606216431,4152
50.842820167541504,4151
50.96594190597534,4150
51.036811113357544,4149
51.065359115600586,4148
51.139854192733765,4147
51.241129875183105,4146
51.46515607833862,4145
51.56500720977783,4144
51.56859111785889,4143
51.61973714828491,4142
51.76518702507019,4141
52.649516105651855,4140
