0.0,27420
4.630362033843994,1072
4.630393028259277,1071
4.630439758300781,1070
4.630458116531372,1069
4.630673885345459,1068
4.630692005157471,1067
4.631031036376953,1066
4.631049871444702,1065
4.6312339305877686,1064
4.631473064422607,1063
4.631590127944946,1062
4.631622076034546,1061
4.631640911102295,1060
4.6317298412323,1059
4.631850004196167,1058
4.631966829299927,1057
4.631998777389526,1056
4.6320459842681885,1055
4.63211989402771,1054
4.632138967514038,1053
4.632170915603638,1052
4.675648927688599,1051
4.683538913726807,1050
4.683757066726685,1049
4.690062046051025,1048
4.6902759075164795,1047
4.6903369426727295,1046
4.690603971481323,1045
4.69319486618042,1044
4.694437026977539,1043
4.694455862045288,1042
4.694610834121704,1041
4.694643974304199,1040
4.69544792175293,1039
4.695520877838135,1038
4.730190992355347,1037
4.730211973190308,1036
4.730424880981445,1035
4.730593919754028,1034
4.730625867843628,1033
4.7325849533081055,1032
4.7326319217681885,1031
4.732663869857788,1030
4.734493970870972,1029
4.734584093093872,1028
4.734601974487305,1027
4.734620094299316,1026
4.734638929367065,1025
4.7360289096832275,1024
4.736171007156372,1023
4.73747992515564,1022
4.73750901222229,1021
4.737890005111694,1020
4.738602876663208,1019
4.738675832748413,1018
4.738705158233643,1017
4.7387471199035645,1016
4.739089727401733,1015
4.739236116409302,1014
4.7392518520355225,1013
4.739398002624512,1012
4.739854097366333,1011
4.740039825439453,1010
4.740094900131226,1009
4.7403178215026855,1008
4.741163015365601,1007
4.762160062789917,1006
4.762947082519531,1005
4.76310396194458,1004
4.7632880210876465,1003
4.763303756713867,1002
4.764332056045532,1001
4.764400005340576,1000
4.7644288539886475,999
4.774422883987427,998
4.7744529247283936,997
4.8063578605651855,996
4.806648015975952,995
4.806704044342041,994
4.806746006011963,993
4.806761980056763,992
4.807054042816162,991
4.807109117507935,990
4.80718994140625,989
4.807433843612671,988
4.80774998664856,987
4.8077919483184814,986
4.807821035385132,985
4.807913780212402,984
4.808255910873413,983
4.808284044265747,982
4.810689926147461,981
4.811290979385376,980
4.811334133148193,979
4.821191072463989,978
4.821286916732788,977
4.845071077346802,976
4.8460447788238525,975
4.85237193107605,974
4.8525309562683105,973
4.852612018585205,972
4.852772951126099,971
4.852866888046265,970
4.85658597946167,969
4.857496023178101,968
4.857537031173706,967
4.858183860778809,966
4.85828971862793,965
4.858409881591797,964
4.8644468784332275,963
4.864488840103149,962
4.864645957946777,961
4.864919900894165,960
4.866079807281494,959
4.86727499961853,958
4.867419958114624,957
4.881326913833618,956
4.888142108917236,955
4.888701915740967,954
4.888833999633789,953
4.888875961303711,952
4.891441822052002,951
4.894551038742065,950
4.895148038864136,949
4.89749813079834,948
4.89860987663269,947
4.898683071136475,946
4.898790121078491,945
4.899239778518677,944
4.899256944656372,943
4.9160120487213135,942
4.916068077087402,941
4.932198762893677,940
4.9323320388793945,939
4.932577848434448,938
4.932721853256226,937
4.936017036437988,936
4.936572074890137,935
4.942630052566528,934
4.942811965942383,933
4.94313383102417,932
4.9477198123931885,931
4.952135801315308,930
4.9526379108428955,929
4.953614950180054,928
4.957867860794067,927
4.992959976196289,926
4.9935688972473145,925
4.999559164047241,924
5.0001490116119385,923
5.004410982131958,922
5.004503965377808,921
5.0053558349609375,920
5.00846004486084,919
5.0106611251831055,918
5.011328935623169,917
5.022722005844116,916
5.026787042617798,915
5.037414789199829,914
5.097740888595581,913
