0.0,65940
19.252824068069458,3090
19.287490129470825,3089
19.287781238555908,3088
19.287883043289185,3087
19.287975072860718,3086
19.288023948669434,3085
19.288158893585205,3084
19.288209199905396,3083
19.28831195831299,3082
19.289546966552734,3081
19.290143966674805,3080
19.2921941280365,3079
19.29228115081787,3078
19.292633056640625,3077
19.292691230773926,3076
19.292931079864502,3075
19.293145179748535,3074
19.293396949768066,3073
19.295889139175415,3072
19.296282052993774,3071
19.29722309112549,3070
19.3027822971344,3069
19.30311393737793,3068
19.303966999053955,3067
19.30545711517334,3066
19.306101083755493,3065
19.307934284210205,3064
19.308943033218384,3063
19.3103768825531,3062
19.31070113182068,3061
19.31105923652649,3060
19.311146020889282,3059
19.31147313117981,3058
19.311604976654053,3057
19.311699151992798,3056
19.31178903579712,3055
19.311963081359863,3054
19.312243938446045,3053
19.312448024749756,3052
19.312615156173706,3051
19.315266132354736,3050
19.31543493270874,3049
19.31571102142334,3048
19.317071199417114,3047
19.317358016967773,3046
19.31909704208374,3045
19.31926703453064,3044
19.319934129714966,3043
19.326313972473145,3042
19.3264000415802,3041
19.327298164367676,3040
19.32742404937744,3039
19.331034183502197,3038
19.33115792274475,3037
19.33660626411438,3036
19.33716130256653,3035
19.33721113204956,3034
19.340835094451904,3033
19.341679096221924,3032
19.341769218444824,3031
19.341875314712524,3030
19.342210054397583,3029
19.3423011302948,3028
19.34239888191223,3027
19.342988967895508,3026
19.347889184951782,3025
19.348292112350464,3024
19.34835910797119,3023
19.34869909286499,3022
19.348793029785156,3021
19.355277061462402,3020
19.359971046447754,3019
19.360143184661865,3018
19.386152267456055,3017
19.386598110198975,3016
19.3869571685791,3015
19.38757300376892,3014
19.388856172561646,3013
19.388947248458862,3012
19.38930606842041,3011
19.389368057250977,3010
19.38976812362671,3009
19.390010118484497,3008
19.39010500907898,3007
19.390194177627563,3006
19.390555143356323,3005
19.390804052352905,3004
19.3911190032959,3003
19.391179084777832,3002
19.391231060028076,3001
19.391550302505493,3000
19.39208221435547,2999
19.394315004348755,2998
19.395024061203003,2997
19.395402908325195,2996
19.39555025100708,2995
19.395681142807007,2994
19.396106958389282,2993
19.39872097969055,2992
19.399362087249756,2991
19.400063037872314,2990
19.400150060653687,2989
19.402230978012085,2988
19.40235996246338,2987
19.402619123458862,2986
19.402712106704712,2985
19.40371298789978,2984
19.403974056243896,2983
19.404836177825928,2982
19.405098915100098,2981
19.406219959259033,2980
19.406634092330933,2979
19.409065008163452,2978
19.4092059135437,2977
19.409468173980713,2976
19.409532070159912,2975
19.40984797477722,2974
19.410043239593506,2973
19.410144090652466,2972
19.41019606590271,2971
19.41031813621521,2970
19.41271710395813,2969
19.413471937179565,2968
19.413560152053833,2967
19.41424298286438,2966
19.414592027664185,2965
19.414693117141724,2964
19.419363021850586,2963
19.419549226760864,2962
19.423659086227417,2961
19.425811290740967,2960
19.42613410949707,2959
19.42796516418457,2958
19.42844796180725,2957
19.428617238998413,2956
19.42870306968689,2955
19.429485082626343,2954
19.42961311340332,2953
19.429967164993286,2952
19.433207035064697,2951
19.433336973190308,2950
19.4342782497406,2949
19.435320138931274,2948
19.446496963500977,2947
19.446899890899658,2946
19.447315216064453,2945
19.449135065078735,2944
19.449265241622925,2943
19.449318170547485,2942
19.451902151107788,2941
19.452232122421265,2940
19.45251703262329,2939
19.45264196395874,2938
19.452701091766357,2937
19.459063053131104,2936
19.46080207824707,2935
19.46093201637268,2934
19.46106219291687,2933
19.46111297607422,2932
19.46116805076599,2931
19.4615740776062,2930
19.464673042297363,2929
19.473435163497925,2928
19.475028038024902,2927
19.475642204284668,2926
19.478153228759766,2925
19.48040509223938,2924
19.48054599761963,2923
19.481134176254272,2922
19.48194408416748,2921
19.482152938842773,2920
19.484588146209717,2919
19.484884023666382,2918
19.485054969787598,2917
19.486245155334473,2916
19.48758292198181,2915
19.5088849067688,2914
19.509023904800415,2913
19.509416103363037,2912
19.511343002319336,2911
19.511670112609863,2910
19.51229214668274,2909
19.512442111968994,2908
19.51388692855835,2907
19.51396107673645,2906
19.516175031661987,2905
19.516317129135132,2904
19.51671290397644,2903
19.520037174224854,2902
19.520312070846558,2901
19.534494161605835,2900
19.537358045578003,2899
19.537482976913452,2898
19.537610054016113,2897
19.55549693107605,2896
19.556348085403442,2895
19.556398153305054,2894
19.557618141174316,2893
19.557971239089966,2892
19.56026315689087,2891
19.560506105422974,2890
19.561987161636353,2889
19.562036991119385,2888
19.56257200241089,2887
19.565604209899902,2886
19.56569504737854,2885
19.567283868789673,2884
19.567336082458496,2883
19.56742286682129,2882
19.567885160446167,2881
19.568047046661377,2880
19.57030701637268,2879
19.570357084274292,2878
19.57051706314087,2877
19.570722103118896,2876
19.57077121734619,2875
19.571011066436768,2874
19.572001934051514,2873
19.575804233551025,2872
19.57607913017273,2871
19.580968856811523,2870
19.581318140029907,2869
19.581478118896484,2868
19.581828117370605,2867
19.581916093826294,2866
19.582041025161743,2865
19.58220624923706,2864
19.589476108551025,2863
19.58960509300232,2862
19.592884063720703,2861
19.59327721595764,2860
19.593828201293945,2859
19.59425401687622,2858
19.59534788131714,2857
19.59539818763733,2856
19.604294061660767,2855
19.604459047317505,2854
19.604660034179688,2853
19.605242013931274,2852
19.611375093460083,2851
19.618778228759766,2850
19.62349009513855,2849
19.6236891746521,2848
19.624114274978638,2847
19.624163150787354,2846
19.624292135238647,2845
19.624378204345703,2844
19.625365018844604,2843
19.627589225769043,2842
19.628316164016724,2841
19.6288480758667,2840
19.629009246826172,2839
19.62968111038208,2838
19.629974126815796,2837
19.631601095199585,2836
19.63217520713806,2835
19.633010149002075,2834
19.635061979293823,2833
19.636648178100586,2832
19.639328956604004,2831
19.639641046524048,2830
19.639693021774292,2829
19.640660047531128,2828
19.641086101531982,2827
19.64989995956421,2826
19.650394201278687,2825
19.651706218719482,2824
19.653357982635498,2823
19.654714107513428,2822
19.65476393699646,2821
19.654820203781128,2820
19.65505814552307,2819
19.655231952667236,2818
19.655951023101807,2817
19.656187057495117,2816
19.656459093093872,2815
19.65654492378235,2814
19.656708002090454,2813
19.65679407119751,2812
19.658825874328613,2811
19.659980058670044,2810
19.66606616973877,2809
19.668914079666138,2808
19.67131519317627,2807
19.67151713371277,2806
19.67168092727661,2805
19.67404007911682,2804
19.67574715614319,2803
19.67744517326355,2802
19.67775297164917,2801
19.67795205116272,2800
19.678596019744873,2799
19.679736137390137,2798
19.67990231513977,2797
19.680517196655273,2796
19.68380308151245,2795
19.685915231704712,2794
19.685965061187744,2793
19.68609094619751,2792
19.68918013572693,2791
19.690531015396118,2790
19.690948009490967,2789
19.691072940826416,2788
19.69112229347229,2787
19.692241191864014,2786
19.692331075668335,2785
19.692679166793823,2784
19.692766189575195,2783
19.693150281906128,2782
19.693424224853516,2781
19.693658113479614,2780
19.693745136260986,2779
19.69799017906189,2778
19.698078155517578,2777
19.69838523864746,2776
19.699413061141968,2775
19.70003032684326,2774
19.700157165527344,2773
19.700783014297485,2772
19.701287269592285,2771
19.701451063156128,2770
19.703920125961304,2769
19.70457124710083,2768
19.705665111541748,2767
19.70597505569458,2766
19.7062509059906,2765
19.70630121231079,2764
19.708258152008057,2763
19.70916509628296,2762
19.709216117858887,2761
19.709787130355835,2760
19.710098266601562,2759
19.712412118911743,2758
19.712462186813354,2757
19.712735891342163,2756
19.71335220336914,2755
19.71482515335083,2754
19.725789070129395,2753
19.7260000705719,2752
19.73396396636963,2751
19.73431706428528,2750
19.734629154205322,2749
19.735015153884888,2748
19.73521399497986,2747
19.73526406288147,2746
19.735424041748047,2745
19.73922300338745,2744
19.739793062210083,2743
19.73984408378601,2742
19.740005016326904,2741
19.741887092590332,2740
19.741976022720337,2739
19.742748260498047,2738
19.74283528327942,2737
19.742958068847656,2736
19.743009090423584,2735
19.743430137634277,2734
19.74366307258606,2733
19.751235008239746,2732
19.75339102745056,2731
19.754937171936035,2730
19.755025148391724,2729
19.75552010536194,2728
19.764764070510864,2727
19.766919136047363,2726
19.766978979110718,2725
19.771597146987915,2724
19.77224898338318,2723
19.77244997024536,2722
19.772536993026733,2721
19.772587060928345,2720
19.774056911468506,2719
19.77756690979004,2718
19.77772808074951,2717
19.778440237045288,2716
19.779827117919922,2715
19.780400037765503,2714
19.78075098991394,2713
19.78091526031494,2712
19.78105902671814,2711
19.781299114227295,2710
19.782756090164185,2709
19.787189960479736,2708
19.787663221359253,2707
19.787904024124146,2706
19.788355112075806,2705
19.79495906829834,2704
19.795688152313232,2703
19.79599905014038,2702
19.797039031982422,2701
19.797466039657593,2700
19.79919719696045,2699
19.802270889282227,2698
19.82437300682068,2697
19.824613094329834,2696
19.8250732421875,2695
19.825252056121826,2694
19.839478969573975,2693
19.840084075927734,2692
19.840759992599487,2691
19.84229612350464,2690
19.84459114074707,2689
19.844796180725098,2688
19.845139265060425,2687
19.8462131023407,2686
19.846493244171143,2685
19.84666609764099,2684
19.84679126739502,2683
19.847907066345215,2682
19.84863305091858,2681
19.849601984024048,2680
19.849996089935303,2679
19.8523850440979,2678
19.853770971298218,2677
19.853990077972412,2676
19.856034994125366,2675
19.857172966003418,2674
19.858443021774292,2673
19.858526945114136,2672
19.858703136444092,2671
19.859013080596924,2670
19.85984706878662,2669
19.860157251358032,2668
19.860224962234497,2667
19.86047887802124,2666
19.861278295516968,2665
19.863983154296875,2664
19.864595890045166,2663
19.865373134613037,2662
19.879179000854492,2661
19.882285118103027,2660
19.882339000701904,2659
19.88264489173889,2658
19.88603115081787,2657
19.886292934417725,2656
19.88638401031494,2655
19.886451244354248,2654
19.887201070785522,2653
19.888468027114868,2652
19.890666961669922,2651
19.890792846679688,2650
19.89331293106079,2649
19.89458703994751,2648
19.894696950912476,2647
19.896133184432983,2646
19.897449016571045,2645
19.89762806892395,2644
19.89768123626709,2643
19.898085117340088,2642
19.89878225326538,2641
19.90035915374756,2640
19.900675058364868,2639
19.901599884033203,2638
19.9032781124115,2637
19.917967081069946,2636
19.918686866760254,2635
19.918872117996216,2634
19.920841932296753,2633
19.92099094390869,2632
19.921077013015747,2631
19.921386003494263,2630
19.92166495323181,2629
19.92220902442932,2628
19.922334909439087,2627
19.922576189041138,2626
19.92429208755493,2625
19.92464828491211,2624
19.925251007080078,2623
19.92861318588257,2622
19.928779125213623,2621
19.932934045791626,2620
19.9354989528656,2619
19.937626123428345,2618
19.939670085906982,2617
19.94034719467163,2616
19.941572189331055,2615
19.94162106513977,2614
19.942670106887817,2613
19.943535089492798,2612
19.94533610343933,2611
19.9459171295166,2610
19.946274042129517,2609
19.94632387161255,2608
19.94663715362549,2607
19.947057247161865,2606
19.94777798652649,2605
19.947827100753784,2604
19.949665069580078,2603
19.94982600212097,2602
19.95043706893921,2601
19.95366907119751,2600
19.954163312911987,2599
19.95447611808777,2598
19.95597791671753,2597
19.95663619041443,2596
19.95673108100891,2595
19.957816123962402,2594
19.958056926727295,2593
19.958656072616577,2592
19.96031403541565,2591
19.96075701713562,2590
19.96099019050598,2589
19.96116018295288,2588
19.96292805671692,2587
19.963131189346313,2586
19.963908195495605,2585
19.968481063842773,2584
19.96864414215088,2583
19.969228982925415,2582
19.969449996948242,2581
19.97057294845581,2580
19.970823287963867,2579
19.971511125564575,2578
19.97176504135132,2577
19.973997116088867,2576
19.974796056747437,2575
19.975784301757812,2574
19.97612690925598,2573
19.976219177246094,2572
19.976269006729126,2571
19.97651195526123,2570
19.977792978286743,2569
19.979875087738037,2568
19.979955911636353,2567
19.980905055999756,2566
19.99694013595581,2565
20.002580881118774,2564
20.00401997566223,2563
20.004942178726196,2562
20.00502920150757,2561
20.005123138427734,2560
20.00627303123474,2559
20.006593942642212,2558
20.006699085235596,2557
20.006993055343628,2556
20.007352113723755,2555
20.008713960647583,2554
20.0089111328125,2553
20.028796195983887,2552
20.029606103897095,2551
20.029967069625854,2550
20.031487941741943,2549
20.03168511390686,2548
20.03184413909912,2547
20.032043933868408,2546
20.033862113952637,2545
20.038356065750122,2544
20.03884792327881,2543
20.039602279663086,2542
20.045659065246582,2541
20.046849012374878,2540
20.058770179748535,2539
20.059200048446655,2538
20.0595121383667,2537
20.06379008293152,2536
20.063876152038574,2535
20.06451416015625,2534
20.06567406654358,2533
20.068389177322388,2532
20.06877613067627,2531
20.068959951400757,2530
20.069344997406006,2529
20.077882051467896,2528
20.079187870025635,2527
20.088171005249023,2526
20.08822226524353,2525
20.089522123336792,2524
20.09216618537903,2523
20.10045099258423,2522
20.101064205169678,2521
20.102184295654297,2520
20.10389494895935,2519
20.10526728630066,2518
20.10554599761963,2517
20.105858087539673,2516
20.110405206680298,2515
20.112004041671753,2514
20.11324906349182,2513
20.115031957626343,2512
20.11631202697754,2511
20.11710214614868,2510
20.118499040603638,2509
20.121278285980225,2508
20.12525200843811,2507
20.12800621986389,2506
20.12846803665161,2505
20.137492895126343,2504
20.14026427268982,2503
20.140351057052612,2502
20.14313006401062,2501
20.14366102218628,2500
20.144814014434814,2499
20.14512300491333,2498
20.149041175842285,2497
20.150533199310303,2496
20.155262231826782,2495
20.15696406364441,2494
20.15895700454712,2493
20.160146236419678,2492
20.16053009033203,2491
20.16181206703186,2490
20.16281795501709,2489
20.163501024246216,2488
20.165053129196167,2487
20.166100025177002,2486
20.166149139404297,2485
20.166640043258667,2484
20.16706919670105,2483
20.16763710975647,2482
20.17089295387268,2481
20.19216823577881,2480
20.19343900680542,2479
20.19616723060608,2478
20.196290969848633,2477
20.19659996032715,2476
20.197022199630737,2475
20.197362184524536,2474
20.201829195022583,2473
20.201990127563477,2472
20.20844006538391,2471
20.208680152893066,2470
20.20975422859192,2469
20.21368908882141,2468
20.213741064071655,2467
20.213793992996216,2466
20.21616005897522,2465
20.216211318969727,2464
20.21674108505249,2463
20.222451210021973,2462
20.22302007675171,2461
20.22354817390442,2460
20.22671413421631,2459
20.22811508178711,2458
20.22897505760193,2457
20.229210138320923,2456
20.23830223083496,2455
20.23920512199402,2454
20.2396342754364,2453
20.243017196655273,2452
20.243415117263794,2451
20.25220513343811,2450
20.253531217575073,2449
20.2635440826416,2448
20.264425039291382,2447
20.267356157302856,2446
20.269811153411865,2445
20.27133798599243,2444
20.27216410636902,2443
20.272585153579712,2442
20.273158073425293,2441
20.278577089309692,2440
20.2798593044281,2439
20.281800270080566,2438
20.282149076461792,2437
20.287155866622925,2436
20.288094997406006,2435
20.29038095474243,2434
20.293145179748535,2433
20.308393955230713,2432
20.310702085494995,2431
20.31252408027649,2430
20.324167251586914,2429
20.32658100128174,2428
20.327980995178223,2427
20.333003044128418,2426
20.339200019836426,2425
20.349499225616455,2424
20.351447105407715,2423
20.351652145385742,2422
20.35381293296814,2421
20.354551076889038,2420
20.37610411643982,2419
20.376562118530273,2418
20.37760305404663,2417
20.378056287765503,2416
20.37810516357422,2415
20.381938219070435,2414
20.384851932525635,2413
20.391860961914062,2412
20.403311014175415,2411
20.404383897781372,2410
20.405107259750366,2409
20.411638975143433,2408
20.45392107963562,2407
20.45427107810974,2406
20.4549400806427,2405
20.457788228988647,2404
20.45838713645935,2403
20.4641010761261,2402
20.464189291000366,2401
20.476479053497314,2400
20.481038093566895,2399
20.487277030944824,2398
20.48771619796753,2397
20.508655071258545,2396
20.513862133026123,2395
20.51541018486023,2394
20.520687103271484,2393
20.524283170700073,2392
20.52663230895996,2391
20.582070112228394,2390
20.5869722366333,2389
20.592863082885742,2388
20.62812304496765,2387
20.650273084640503,2386
20.6513090133667,2385
20.672280073165894,2384
20.67922616004944,2383
20.724066019058228,2382
20.768778085708618,2381
20.803017139434814,2380
20.837123155593872,2379
20.91713309288025,2378
