1.1920928955078125e-06,621840
144.32090210914612,7606
144.33064007759094,7605
144.33423519134521,7604
144.33682918548584,7603
144.33989310264587,7602
144.34437131881714,7601
144.36474013328552,7600
144.3965780735016,7599
144.40013432502747,7598
144.4138150215149,7597
144.46812415122986,7596
144.51030826568604,7595
144.5638473033905,7594
144.58337426185608,7593
144.59590029716492,7592
144.62070608139038,7591
144.65387797355652,7590
144.6733422279358,7589
144.68567514419556,7588
144.73278427124023,7587
144.73622226715088,7586
144.73987412452698,7585
144.8015251159668,7584
144.82799005508423,7583
144.84012007713318,7582
144.84400415420532,7581
144.84896898269653,7580
144.8981580734253,7579
144.9074351787567,7578
144.9282021522522,7577
144.9487600326538,7576
145.00311923027039,7575
145.01649403572083,7574
145.0207381248474,7573
145.04960417747498,7572
145.05604195594788,7571
145.12818217277527,7570
145.156729221344,7569
145.19131803512573,7568
145.205411195755,7567
145.22306609153748,7566
145.2388072013855,7565
145.39975023269653,7564
145.43447709083557,7563
145.47320413589478,7562
145.53899025917053,7561
145.59806895256042,7560
145.80089330673218,7559
145.80313515663147,7558
145.87029027938843,7557
145.956463098526,7556
146.47719717025757,7555
146.49635100364685,7554
146.6350121498108,7553
146.79516315460205,7552
147.02279496192932,7551
147.03548002243042,7550
147.40286898612976,7549
