9.5367431640625e-07,982240
230.69452595710754,5391
230.69803190231323,5390
230.6983528137207,5389
230.69878506660461,5388
230.70060801506042,5387
230.7035310268402,5386
230.70573902130127,5385
230.70972299575806,5384
230.71064400672913,5383
230.71263003349304,5382
230.71475100517273,5381
230.71865487098694,5380
230.71903014183044,5379
230.72035193443298,5378
230.7245979309082,5377
230.72727298736572,5376
230.72784185409546,5375
230.7290449142456,5374
230.73348093032837,5373
230.73852705955505,5372
230.7394597530365,5371
230.74550104141235,5370
230.74715185165405,5369
230.75127410888672,5368
230.75158190727234,5367
230.75548195838928,5366
230.75631284713745,5365
230.75739288330078,5364
230.75811791419983,5363
230.7590217590332,5362
230.76189184188843,5361
230.77204298973083,5360
230.77970576286316,5359
230.78026485443115,5358
230.78401494026184,5357
230.78708696365356,5356
230.78798484802246,5355
230.7893669605255,5354
230.78976702690125,5353
230.81334590911865,5352
230.81496596336365,5351
230.81848788261414,5350
230.81980180740356,5349
230.82185697555542,5348
230.8257439136505,5347
230.8373749256134,5346
230.84656596183777,5345
230.85661482810974,5344
230.86123704910278,5343
230.86354684829712,5342
230.86616492271423,5341
230.87467694282532,5340
230.87871599197388,5339
230.8817527294159,5338
230.88476181030273,5337
230.89418601989746,5336
230.8978807926178,5335
230.89955687522888,5334
230.90354800224304,5333
230.9150631427765,5332
230.92100477218628,5331
230.92136883735657,5330
230.92169284820557,5329
230.92392492294312,5328
230.9248321056366,5327
230.92732977867126,5326
230.92982983589172,5325
230.93130493164062,5324
230.9330439567566,5323
230.93508195877075,5322
230.93965792655945,5321
230.94109582901,5320
230.94463109970093,5319
230.94516897201538,5318
230.94987082481384,5317
230.9529528617859,5316
230.9615879058838,5315
230.96194100379944,5314
230.96903896331787,5313
230.9693899154663,5312
230.9695270061493,5311
230.98097276687622,5310
230.98111701011658,5309
230.98595786094666,5308
230.98761701583862,5307
230.99410390853882,5306
230.99537992477417,5305
230.99978876113892,5304
231.00483107566833,5303
231.00623106956482,5302
231.01170682907104,5301
231.01272296905518,5300
231.01417589187622,5299
231.01997900009155,5298
231.03428673744202,5297
231.03708600997925,5296
231.03948593139648,5295
231.04443502426147,5294
231.0450508594513,5293
231.04577112197876,5292
231.047602891922,5291
231.05677604675293,5290
231.06284379959106,5289
231.06886291503906,5288
231.07286095619202,5287
231.0784718990326,5286
231.08291292190552,5285
231.0859818458557,5284
231.089684009552,5283
231.09947085380554,5282
231.10017204284668,5281
231.10032892227173,5280
231.10074710845947,5279
231.1016390323639,5278
231.10179686546326,5277
231.1024248600006,5276
231.1067841053009,5275
231.11301493644714,5274
231.11363005638123,5273
231.12124800682068,5272
231.1220669746399,5271
231.12297201156616,5270
231.12603092193604,5269
231.1261670589447,5268
231.12641215324402,5267
231.13284301757812,5266
231.13628697395325,5265
231.13717889785767,5264
231.13892889022827,5263
231.13916397094727,5262
231.14119291305542,5261
231.1474108695984,5260
231.14982104301453,5259
231.1510820388794,5258
231.15350580215454,5257
231.155699968338,5256
231.1581530570984,5255
231.16642379760742,5254
231.1719789505005,5253
231.17234992980957,5252
231.17399287223816,5251
231.17466711997986,5250
231.1753180027008,5249
231.1801779270172,5248
231.18376398086548,5247
231.18838787078857,5246
231.19202375411987,5245
231.19359493255615,5244
231.2030029296875,5243
231.206120967865,5242
231.20691895484924,5241
231.20762491226196,5240
231.21097493171692,5239
231.2185878753662,5238
231.21874475479126,5237
231.22057390213013,5236
231.22473978996277,5235
231.23214077949524,5234
231.23664093017578,5233
231.24812388420105,5232
231.24897003173828,5231
231.2498059272766,5230
231.25086498260498,5229
231.25420689582825,5228
231.25465297698975,5227
231.2641317844391,5226
231.26965880393982,5225
231.2762849330902,5224
231.28074288368225,5223
231.28375792503357,5222
231.2851641178131,5221
231.2868287563324,5220
231.29972577095032,5219
231.30148482322693,5218
231.30629897117615,5217
231.30730891227722,5216
231.3080539703369,5215
231.30828499794006,5214
231.30976390838623,5213
231.31047677993774,5212
231.3136830329895,5211
231.31690096855164,5210
231.3344419002533,5209
231.33478498458862,5208
231.33638501167297,5207
231.33795595169067,5206
231.3599739074707,5205
231.36064887046814,5204
231.36670184135437,5203
231.37278079986572,5202
231.37543773651123,5201
231.3802728652954,5200
231.38139176368713,5199
231.3824338912964,5198
231.38746190071106,5197
231.38864588737488,5196
231.39580702781677,5195
231.40461707115173,5194
231.40786004066467,5193
231.41039109230042,5192
231.41203784942627,5191
231.41227197647095,5190
231.41492199897766,5189
231.41835975646973,5188
231.43297290802002,5187
231.43381190299988,5186
231.4344298839569,5185
231.4360649585724,5184
231.44817686080933,5183
231.45059490203857,5182
231.4533257484436,5181
231.47362208366394,5180
231.48202800750732,5179
231.4899127483368,5178
231.49406695365906,5177
231.496160030365,5176
231.49698996543884,5175
231.502121925354,5174
231.50288701057434,5173
231.5063910484314,5172
231.50949788093567,5171
231.51786994934082,5170
231.52982187271118,5169
231.53370094299316,5168
231.53965377807617,5167
231.55644607543945,5166
231.60451483726501,5165
231.6157031059265,5164
231.6170790195465,5163
231.62768387794495,5162
231.63775396347046,5161
231.65410685539246,5160
231.66103196144104,5159
231.66352105140686,5158
231.66636300086975,5157
231.6820468902588,5156
231.69745588302612,5155
231.7049207687378,5154
231.71125197410583,5153
231.71691989898682,5152
231.71815490722656,5151
231.73867082595825,5150
231.74365901947021,5149
231.74482989311218,5148
231.75238609313965,5147
231.75874304771423,5146
231.7598259449005,5145
231.7794177532196,5144
231.78711199760437,5143
231.7906198501587,5142
231.8026659488678,5141
231.80544805526733,5140
231.8506360054016,5139
231.8517849445343,5138
231.85756492614746,5137
231.86184096336365,5136
231.86197876930237,5135
231.87219786643982,5134
231.883131980896,5133
231.8882179260254,5132
231.894672870636,5131
231.90632510185242,5130
231.91615295410156,5129
231.93368291854858,5128
231.9734070301056,5127
231.97516584396362,5126
231.9773998260498,5125
231.98319387435913,5124
231.997074842453,5123
232.0182089805603,5122
232.0266079902649,5121
232.04648184776306,5120
232.05345392227173,5119
232.05999898910522,5118
232.07761478424072,5117
232.09463095664978,5116
232.11835503578186,5115
232.11933279037476,5114
232.13088274002075,5113
232.14655995368958,5112
232.18729090690613,5111
232.1958339214325,5110
232.2187569141388,5109
232.2190318107605,5108
232.2218518257141,5107
232.2290780544281,5106
232.24070501327515,5105
232.24657106399536,5104
232.26080203056335,5103
232.2860071659088,5102
232.2870590686798,5101
232.2883961200714,5100
232.29832792282104,5099
232.2993609905243,5098
232.303053855896,5097
232.3096148967743,5096
232.32488775253296,5095
232.3320620059967,5094
232.33955311775208,5093
232.35685515403748,5092
232.36372590065002,5091
232.3789451122284,5090
232.39714312553406,5089
232.39905381202698,5088
232.40064477920532,5087
232.4125349521637,5086
232.42358207702637,5085
232.429869890213,5084
232.45969009399414,5083
232.4607698917389,5082
232.47017097473145,5081
232.47673201560974,5080
232.47808480262756,5079
232.4950819015503,5078
232.51563096046448,5077
232.52062797546387,5076
232.54498386383057,5075
232.54759287834167,5074
232.5531620979309,5073
232.5534029006958,5072
232.5560610294342,5071
232.55809688568115,5070
232.58020997047424,5069
232.58494687080383,5068
232.59673976898193,5067
232.60095477104187,5066
232.62964487075806,5065
232.6300458908081,5064
232.636656999588,5063
232.64546990394592,5062
232.64879894256592,5061
232.66455602645874,5060
232.70743989944458,5059
232.7242829799652,5058
232.73611283302307,5057
232.7564287185669,5056
232.7822527885437,5055
232.78532195091248,5054
232.78808403015137,5053
232.80474591255188,5052
232.81333208084106,5051
232.9292449951172,5050
232.94462990760803,5049
232.9658088684082,5048
233.05547189712524,5047
233.0704231262207,5046
233.07469010353088,5045
233.094722032547,5044
233.11339902877808,5043
233.1255748271942,5042
233.1992268562317,5041
233.2086238861084,5040
233.21084904670715,5039
233.25355291366577,5038
233.2720239162445,5037
233.29095196723938,5036
233.35843300819397,5035
233.3634808063507,5034
233.47344183921814,5033
233.49285674095154,5032
233.49746108055115,5031
233.52591109275818,5030
233.53887486457825,5029
233.55238509178162,5028
233.55461406707764,5027
233.5836799144745,5026
233.5964319705963,5025
233.59793901443481,5024
233.5989019870758,5023
233.65217685699463,5022
233.66768598556519,5021
233.6855969429016,5020
233.7153079509735,5019
233.7377529144287,5018
233.740051984787,5017
233.77680587768555,5016
233.78661584854126,5015
233.82067680358887,5014
233.85056114196777,5013
233.89921379089355,5012
233.91478776931763,5011
233.9617350101471,5010
233.98469400405884,5009
234.00271487236023,5008
234.0312089920044,5007
234.0471339225769,5006
234.0596170425415,5005
234.1099328994751,5004
234.1917369365692,5003
234.21556401252747,5002
234.21967887878418,5001
234.25401878356934,5000
234.27997183799744,4999
234.28895115852356,4998
234.2950599193573,4997
234.34918785095215,4996
234.35540199279785,4995
234.51382684707642,4994
234.52142906188965,4993
234.52277398109436,4992
234.53648686408997,4991
234.54099297523499,4990
234.60751795768738,4989
234.62780284881592,4988
234.63291096687317,4987
234.6807839870453,4986
234.79522585868835,4985
234.9436490535736,4984
235.09731793403625,4983
235.15491676330566,4982
235.43461084365845,4981
235.49709010124207,4980
235.55749988555908,4979
235.68984985351562,4978
235.84874296188354,4977
236.14086294174194,4976
236.51860785484314,4975
236.54314589500427,4974
236.55162692070007,4973
236.66228103637695,4972
236.6925048828125,4971
237.07781505584717,4970
