0.0,484360
153.67918705940247,4602
153.6846580505371,4601
153.69005489349365,4600
153.69145512580872,4599
153.69755911827087,4598
153.69788813591003,4597
153.69882917404175,4596
153.70931601524353,4595
153.7103910446167,4594
153.7151141166687,4593
153.71966314315796,4592
153.7221429347992,4591
153.72337007522583,4590
153.73411107063293,4589
153.7474501132965,4588
153.74891901016235,4587
153.75302910804749,4586
153.75415015220642,4585
153.7612340450287,4584
153.76190209388733,4583
153.76312494277954,4582
153.76424193382263,4581
153.76893496513367,4580
153.77140402793884,4579
153.7739782333374,4578
153.7765929698944,4577
153.77870893478394,4576
153.78028225898743,4575
153.7849509716034,4574
153.7905809879303,4573
153.80473113059998,4572
153.80735111236572,4571
153.81008315086365,4570
153.81074404716492,4569
153.81394505500793,4568
153.81716990470886,4567
153.81884217262268,4566
153.8241789340973,4565
153.82554507255554,4564
153.82846999168396,4563
153.83225297927856,4562
153.83744096755981,4561
153.83911395072937,4560
153.8409879207611,4559
153.84835815429688,4558
153.85082507133484,4557
153.85760521888733,4556
153.86130785942078,4555
153.86193895339966,4554
153.8632209300995,4553
153.8755021095276,4552
153.87572193145752,4551
153.8781750202179,4550
153.87961292266846,4549
153.88161897659302,4548
153.88518810272217,4547
153.88781309127808,4546
153.91021418571472,4545
153.91221714019775,4544
153.91607308387756,4543
153.91913509368896,4542
153.9219310283661,4541
153.92255997657776,4540
153.92276406288147,4539
153.92354202270508,4538
153.92406296730042,4537
153.92744088172913,4536
153.9311559200287,4535
153.9331362247467,4534
153.9336540699005,4533
153.93777513504028,4532
153.93798398971558,4531
153.93876099586487,4530
153.9391212463379,4529
153.9444420337677,4528
153.94465112686157,4527
153.96056604385376,4526
153.9684600830078,4525
153.9688172340393,4524
153.96985697746277,4523
153.97494292259216,4522
153.97828912734985,4521
153.97925925254822,4520
153.98822808265686,4519
153.99238204956055,4518
153.99634313583374,4517
153.99716305732727,4516
154.00127792358398,4515
154.0056290626526,4514
154.00655508041382,4513
154.0143759250641,4512
154.01712107658386,4511
154.02319526672363,4510
154.02470803260803,4509
154.02747702598572,4508
154.02809023857117,4507
154.02829694747925,4506
154.03857111930847,4505
154.04149198532104,4504
154.04525804519653,4503
154.04710602760315,4502
154.0489320755005,4501
154.05275225639343,4500
154.05713200569153,4499
154.06199502944946,4498
154.06667804718018,4497
154.072163105011,4496
154.08461999893188,4495
154.0873680114746,4494
154.09498596191406,4493
154.09699201583862,4492
154.1020941734314,4491
154.10617303848267,4490
154.10812711715698,4489
154.11620616912842,4488
154.12456011772156,4487
154.12788724899292,4486
154.12821197509766,4485
154.13128089904785,4484
154.13720297813416,4483
154.1388759613037,4482
154.14251804351807,4481
154.14805102348328,4480
154.15069603919983,4479
154.15281414985657,4478
154.1588180065155,4477
154.15902423858643,4476
154.1602029800415,4475
154.17201399803162,4474
154.1741189956665,4473
154.17803311347961,4472
154.185072183609,4471
154.18603110313416,4470
154.18709206581116,4469
154.19312405586243,4468
154.20375394821167,4467
154.2124421596527,4466
154.21621203422546,4465
154.22191524505615,4464
154.22446012496948,4463
154.2258791923523,4462
154.22738313674927,4461
154.23101425170898,4460
154.23251295089722,4459
154.23390913009644,4458
154.23586297035217,4457
154.2394881248474,4456
154.240394115448,4455
154.24223804473877,4454
154.2511830329895,4453
154.2528760433197,4452
154.25617218017578,4451
154.2571280002594,4450
154.25773811340332,4449
154.2610728740692,4448
154.2627260684967,4447
154.27741503715515,4446
154.28689622879028,4445
154.2874050140381,4444
154.2884659767151,4443
154.29700827598572,4442
154.30031418800354,4441
154.30577898025513,4440
154.31987810134888,4439
154.3368730545044,4438
154.3376591205597,4437
154.34479904174805,4436
154.347971200943,4435
154.35370802879333,4434
154.35610795021057,4433
154.36195516586304,4432
154.3634660243988,4431
154.36381793022156,4430
154.36643195152283,4429
154.36679100990295,4428
154.36947298049927,4427
154.37102794647217,4426
154.3713779449463,4425
154.37525296211243,4424
154.37991404533386,4423
154.38469004631042,4422
154.39424514770508,4421
154.40505599975586,4420
154.40802907943726,4419
154.4095230102539,4418
154.41511821746826,4417
154.42413806915283,4416
154.42883825302124,4415
154.44281387329102,4414
154.45524501800537,4413
154.45807313919067,4412
154.46624422073364,4411
154.4816131591797,4410
154.48747491836548,4409
154.50199007987976,4408
154.50462794303894,4407
154.5049910545349,4406
154.50535702705383,4405
154.51833510398865,4404
154.52003812789917,4403
154.5351951122284,4402
154.5377779006958,4401
154.5598440170288,4400
154.56734013557434,4399
154.57467222213745,4398
154.58034706115723,4397
154.58356714248657,4396
154.58419609069824,4395
154.5862112045288,4394
154.59560084342957,4393
154.60704684257507,4392
154.62743306159973,4391
154.6348111629486,4390
154.63859105110168,4389
154.64762115478516,4388
154.6684820652008,4387
154.67253923416138,4386
154.67301201820374,4385
154.67448616027832,4384
154.67900705337524,4383
154.7034251689911,4382
154.7061791419983,4381
154.70966720581055,4380
154.717059135437,4379
154.7261459827423,4378
154.727854013443,4377
154.73134016990662,4376
154.73215103149414,4375
154.73450899124146,4374
154.73906302452087,4373
154.74309825897217,4372
154.76254415512085,4371
154.76444220542908,4370
154.76853394508362,4369
154.77413702011108,4368
154.78292608261108,4367
154.80389499664307,4366
154.80513405799866,4365
154.80545616149902,4364
154.80787706375122,4363
154.80897521972656,4362
154.81101608276367,4361
154.81137990951538,4360
154.81453585624695,4359
154.8180010318756,4358
154.8223259449005,4357
154.82829427719116,4356
154.8314459323883,4355
154.83209490776062,4354
154.83370804786682,4353
154.83479809761047,4352
154.84350204467773,4351
154.84727907180786,4350
154.84775185585022,4349
154.85608005523682,4348
154.8574731349945,4347
154.86292505264282,4346
154.86418890953064,4345
154.8658151626587,4344
154.87063908576965,4343
154.8832492828369,4342
154.88627886772156,4341
154.88831210136414,4340
154.89841508865356,4339
154.92174315452576,4338
154.92448616027832,4337
154.93080806732178,4336
154.9421830177307,4335
154.94453406333923,4334
154.95023202896118,4333
154.95099806785583,4332
154.9526789188385,4331
154.95984888076782,4330
154.96558213233948,4329
154.96748113632202,4328
154.97628021240234,4327
154.98657608032227,4326
154.9885802268982,4325
154.9899001121521,4324
154.9956510066986,4323
155.00095796585083,4322
155.01166009902954,4321
155.0254509449005,4320
155.0258071422577,4319
155.04285502433777,4318
155.04616713523865,4317
155.05088424682617,4316
155.05227327346802,4315
155.05745887756348,4314
155.05948495864868,4313
155.06732606887817,4312
155.07623291015625,4311
155.0805540084839,4310
155.0858030319214,4309
155.08733487129211,4308
155.091295003891,4307
155.1130449771881,4306
155.11399292945862,4305
155.12518095970154,4304
155.12903904914856,4303
155.1351339817047,4302
155.1442060470581,4301
155.14668703079224,4300
155.1499900817871,4299
155.15217804908752,4298
155.15992307662964,4297
155.16307616233826,4296
155.16842913627625,4295
155.17540097236633,4294
155.17752194404602,4293
155.18255305290222,4292
155.1851041316986,4291
155.19946908950806,4290
155.20192408561707,4289
155.2041139602661,4288
155.20477414131165,4287
155.20508909225464,4286
155.20721197128296,4285
155.20932292938232,4284
155.2143359184265,4283
155.2198531627655,4282
155.22384786605835,4281
155.23157906532288,4280
155.23834490776062,4279
155.23954892158508,4278
155.24070596694946,4277
155.25234603881836,4276
155.26012587547302,4275
155.26136183738708,4274
155.2702488899231,4273
155.27192902565002,4272
155.2799310684204,4271
155.28250217437744,4270
155.3002941608429,4269
155.30212092399597,4268
155.30601811408997,4267
155.31604886054993,4266
155.3349151611328,4265
155.36096215248108,4264
155.36157417297363,4263
155.3701310157776,4262
155.38857507705688,4261
155.3926510810852,4260
155.39638924598694,4259
155.3993980884552,4258
155.41244316101074,4257
155.4148600101471,4256
155.4191701412201,4255
155.42025899887085,4254
155.43335700035095,4253
155.43415188789368,4252
155.4364800453186,4251
155.438148021698,4250
155.4442639350891,4249
155.45625805854797,4248
155.45756697654724,4247
155.4670000076294,4246
155.4726951122284,4245
155.47821307182312,4244
155.47881698608398,4243
155.50108695030212,4242
155.5018470287323,4241
155.50441598892212,4240
155.52815198898315,4239
155.53191018104553,4238
155.54671907424927,4237
155.55912613868713,4236
155.57578706741333,4235
155.5768871307373,4234
155.57835793495178,4233
155.5794439315796,4232
155.58942222595215,4231
155.59581017494202,4230
155.6256980895996,4229
155.641517162323,4228
155.64242792129517,4227
155.65099596977234,4226
155.65316200256348,4225
155.6624162197113,4224
155.67089414596558,4223
155.68292093276978,4222
155.68438911437988,4221
155.68548202514648,4220
155.6987180709839,4219
155.7004029750824,4218
155.70187330245972,4217
155.70631098747253,4216
155.71467399597168,4215
155.7189600467682,4214
155.73999524116516,4213
155.746737241745,4212
155.75264692306519,4211
155.76773619651794,4210
155.77329206466675,4209
155.7886688709259,4208
155.7943410873413,4207
155.80204486846924,4206
155.80337405204773,4205
155.80401420593262,4204
155.8051791191101,4203
155.80901908874512,4202
155.82293915748596,4201
155.8382740020752,4200
155.8571012020111,4199
155.87195801734924,4198
155.88099098205566,4197
155.88672304153442,4196
155.8923580646515,4195
155.89781618118286,4194
155.90612196922302,4193
155.90911102294922,4192
155.92012119293213,4191
155.9210500717163,4190
155.9261691570282,4189
155.94080686569214,4188
155.942538022995,4187
155.95498490333557,4186
155.9557502269745,4185
155.95799922943115,4184
155.96895909309387,4183
155.97119212150574,4182
155.973650932312,4181
155.98129796981812,4180
155.9820511341095,4179
156.0021619796753,4178
156.00432515144348,4177
156.01095604896545,4176
156.02263808250427,4175
156.02620220184326,4174
156.0325849056244,4173
156.05594897270203,4172
156.06217288970947,4171
156.06444311141968,4170
156.0688509941101,4169
156.08698511123657,4168
156.088702917099,4167
156.1261579990387,4166
156.12709712982178,4165
156.13704013824463,4164
156.13737201690674,4163
156.1448380947113,4162
156.1596360206604,4161
156.16979312896729,4160
156.17916011810303,4159
156.18285012245178,4158
156.19147324562073,4157
156.21027827262878,4156
156.21323609352112,4155
156.2166452407837,4154
156.21860814094543,4153
156.2220311164856,4152
156.22681713104248,4151
156.228679895401,4150
156.23149490356445,4149
156.23854899406433,4148
156.25540208816528,4147
156.26574897766113,4146
156.27854800224304,4145
156.27945399284363,4144
156.28125596046448,4143
156.28325510025024,4142
156.28638315200806,4141
156.29090905189514,4140
156.30141806602478,4139
156.3118999004364,4138
156.317467212677,4137
156.3363881111145,4136
156.3442621231079,4135
156.3447208404541,4134
156.35274600982666,4133
156.3535270690918,4132
156.3654010295868,4131
156.36734008789062,4130
156.38050723075867,4129
156.38431596755981,4128
156.39949798583984,4127
156.40315222740173,4126
156.41859006881714,4125
156.41994404792786,4124
156.4258210659027,4123
156.43882393836975,4122
156.44014406204224,4121
156.44193625450134,4120
156.45045804977417,4119
156.46236491203308,4118
156.4944770336151,4117
156.5089569091797,4116
156.52276396751404,4115
156.52903604507446,4114
156.53812503814697,4113
156.56434798240662,4112
156.56625318527222,4111
156.57309103012085,4110
156.58094215393066,4109
156.59324383735657,4108
156.5978660583496,4107
156.60518598556519,4106
156.61117911338806,4105
156.62596607208252,4104
156.64815425872803,4103
156.67196011543274,4102
156.67271399497986,4101
156.68330001831055,4100
156.69227600097656,4099
156.70408296585083,4098
156.71417713165283,4097
156.74332904815674,4096
156.76990008354187,4095
156.7711000442505,4094
156.7739770412445,4093
156.79351019859314,4092
156.80104804039001,4091
156.80133986473083,4090
156.8128640651703,4089
156.83979320526123,4088
156.84340620040894,4087
156.84686994552612,4086
156.8504819869995,4085
156.85688710212708,4084
156.8767900466919,4083
156.9027180671692,4082
156.92044401168823,4081
156.93514800071716,4080
156.9383680820465,4079
156.94108486175537,4078
156.9453990459442,4077
156.9773690700531,4076
156.98359394073486,4075
156.98474287986755,4074
156.98551392555237,4073
157.00952911376953,4072
157.01031303405762,4071
157.0170180797577,4070
157.02481317520142,4069
157.02968192100525,4068
157.04136610031128,4067
157.04590606689453,4066
157.0587079524994,4065
157.0706832408905,4064
157.07121801376343,4063
157.07198405265808,4062
157.10284399986267,4061
157.10436415672302,4060
157.15892100334167,4059
157.16891288757324,4058
157.17116498947144,4057
157.17765712738037,4056
157.1905391216278,4055
157.19496703147888,4054
157.2003939151764,4053
157.20906710624695,4052
157.2199261188507,4051
157.22033619880676,4050
157.22544622421265,4049
157.2323808670044,4048
157.25295519828796,4047
157.26667022705078,4046
157.26917505264282,4045
157.275643825531,4044
157.27804112434387,4043
157.3032829761505,4042
157.3067970275879,4041
157.30720901489258,4040
157.31436109542847,4039
157.31563901901245,4038
157.31715297698975,4037
157.32877898216248,4036
157.33696508407593,4035
157.33774209022522,4034
157.3447380065918,4033
157.35125708580017,4032
157.35446906089783,4031
157.35986304283142,4030
157.3710560798645,4029
157.37427401542664,4028
157.37577509880066,4027
157.38093996047974,4026
157.3819661140442,4025
157.38286423683167,4024
157.38716387748718,4023
157.38771510124207,4022
157.39297318458557,4021
157.41405320167542,4020
157.43694424629211,4019
157.45002913475037,4018
157.46174311637878,4017
157.47200107574463,4016
157.48506593704224,4015
157.48975896835327,4014
157.49102997779846,4013
157.50269603729248,4012
157.5226502418518,4011
157.53721714019775,4010
157.54921007156372,4009
157.5540030002594,4008
157.56476998329163,4007
157.57091808319092,4006
157.58127689361572,4005
157.5973629951477,4004
157.6082730293274,4003
157.61975407600403,4002
157.6339750289917,4001
157.6353669166565,4000
157.66194987297058,3999
157.6702070236206,3998
157.6786811351776,3997
157.68287992477417,3996
157.73148703575134,3995
157.73772811889648,3994
157.7484631538391,3993
157.75802397727966,3992
157.76821994781494,3991
157.7694730758667,3990
157.77147102355957,3989
157.786297082901,3988
157.78877806663513,3987
157.79706406593323,3986
157.8008692264557,3985
157.80769896507263,3984
157.8165099620819,3983
157.82059907913208,3982
157.82246708869934,3981
157.83314299583435,3980
157.84627103805542,3979
157.85020399093628,3978
157.85280013084412,3977
157.856614112854,3976
157.86007499694824,3975
157.87535405158997,3974
157.8811478614807,3973
157.89293313026428,3972
157.9065260887146,3971
157.9102861881256,3970
157.92177200317383,3969
157.92625093460083,3968
157.9290108680725,3967
157.94767308235168,3966
157.97917795181274,3965
157.98352313041687,3964
158.017972946167,3963
158.01902604103088,3962
158.0202989578247,3961
158.02964615821838,3960
158.06605410575867,3959
158.0719690322876,3958
158.07900309562683,3957
158.08052706718445,3956
158.1112470626831,3955
158.12722992897034,3954
158.14537501335144,3953
158.16378808021545,3952
158.17935514450073,3951
158.1795220375061,3950
158.19061303138733,3949
158.20329809188843,3948
158.21549320220947,3947
158.22155499458313,3946
158.2302782535553,3945
158.23444724082947,3944
158.24118494987488,3943
158.2703218460083,3942
158.34214305877686,3941
158.34439396858215,3940
158.36464619636536,3939
158.3913128376007,3938
158.40999603271484,3937
158.4171531200409,3936
158.4248912334442,3935
158.42972707748413,3934
158.43627309799194,3933
158.43925404548645,3932
158.47967910766602,3931
158.49587297439575,3930
158.49911904335022,3929
158.52471613883972,3928
158.53306603431702,3927
158.53646302223206,3926
158.54650902748108,3925
158.62137389183044,3924
158.6463429927826,3923
158.65069222450256,3922
158.66853713989258,3921
158.6728801727295,3920
158.6845200061798,3919
158.69269394874573,3918
158.70821809768677,3917
158.73850798606873,3916
158.74029421806335,3915
158.7477171421051,3914
158.75058889389038,3913
158.76666712760925,3912
158.7733509540558,3911
158.7757351398468,3910
158.78349995613098,3909
158.79860615730286,3908
158.82855010032654,3907
158.82971501350403,3906
158.8550992012024,3905
158.8697600364685,3904
158.94609308242798,3903
158.95209193229675,3902
158.96012496948242,3901
158.96066403388977,3900
159.00330710411072,3899
159.02572226524353,3898
159.0279848575592,3897
159.03161025047302,3896
159.0602560043335,3895
159.07752203941345,3894
159.12456512451172,3893
159.13979601860046,3892
159.1717381477356,3891
159.19085693359375,3890
159.19569993019104,3889
159.23023891448975,3888
159.27694010734558,3887
159.2937741279602,3886
159.31207084655762,3885
159.32253003120422,3884
159.33042407035828,3883
159.33599519729614,3882
159.375324010849,3881
159.39291405677795,3880
159.43282103538513,3879
159.43299102783203,3878
159.43735909461975,3877
159.51587200164795,3876
159.5199830532074,3875
159.54826498031616,3874
159.56623911857605,3873
159.66079592704773,3872
159.6687228679657,3871
159.67611002922058,3870
159.68240094184875,3869
159.70161414146423,3868
159.71587896347046,3867
159.7785210609436,3866
159.7925581932068,3865
159.81262302398682,3864
159.8165910243988,3863
159.8379030227661,3862
159.88931703567505,3861
159.90436005592346,3860
159.91783022880554,3859
159.93044209480286,3858
159.94322991371155,3857
160.02567505836487,3856
160.09662103652954,3855
160.18991899490356,3854
160.23014616966248,3853
160.23130226135254,3852
160.2387490272522,3851
160.2588129043579,3850
