0.0,484360
150.75451970100403,4776
150.7642297744751,4775
150.7894127368927,4774
150.79046297073364,4773
150.7933008670807,4772
150.7952778339386,4771
150.80059599876404,4770
150.8144850730896,4769
150.81595587730408,4768
150.81749391555786,4767
150.81849074363708,4766
150.82018780708313,4765
150.82102489471436,4764
150.82135772705078,4763
150.82450366020203,4762
150.82657098770142,4761
150.8300449848175,4760
150.83798599243164,4759
150.85036087036133,4758
150.85304284095764,4757
150.85824489593506,4756
150.85877990722656,4755
150.86161470413208,4754
150.86930084228516,4753
150.87036991119385,4752
150.87151169776917,4751
150.8724548816681,4750
150.8726818561554,4749
150.88186883926392,4748
150.88437294960022,4747
150.89141201972961,4746
150.89318203926086,4745
150.90014171600342,4744
150.90036296844482,4743
150.9026129245758,4742
150.90314483642578,4741
150.90567588806152,4740
150.90697598457336,4739
150.90761971473694,4738
150.9122669696808,4737
150.9137909412384,4736
150.91446995735168,4735
150.91467905044556,4734
150.9239468574524,4733
150.92554807662964,4732
150.9308958053589,4731
150.93445587158203,4730
150.9450969696045,4729
150.94609189033508,4728
150.95615100860596,4727
150.95652294158936,4726
150.95897793769836,4725
150.96798992156982,4724
150.97126388549805,4723
150.97482180595398,4722
150.97588205337524,4721
150.9770097732544,4720
150.99558782577515,4719
151.00112891197205,4718
151.0211899280548,4717
151.0254909992218,4716
151.02772688865662,4715
151.0279450416565,4714
151.03104901313782,4713
151.03253507614136,4712
151.0381419658661,4711
151.0398919582367,4710
151.0409848690033,4709
151.0425877571106,4708
151.04364800453186,4707
151.0478117465973,4706
151.0487518310547,4705
151.04973793029785,4704
151.05052495002747,4703
151.05666995048523,4702
151.06547474861145,4701
151.07419967651367,4700
151.08346390724182,4699
151.0868718624115,4698
151.08854389190674,4697
151.0890691280365,4696
151.09085083007812,4695
151.09198188781738,4694
151.10184288024902,4693
151.1038818359375,4692
151.10567498207092,4691
151.10984086990356,4690
151.11677598953247,4689
151.118882894516,4688
151.11967587471008,4687
151.12350702285767,4686
151.12528681755066,4685
151.12610292434692,4684
151.13431978225708,4683
151.14018487930298,4682
151.14894890785217,4681
151.15476202964783,4680
151.15975189208984,4679
151.16364192962646,4678
151.1810748577118,4677
151.18675303459167,4676
151.18972992897034,4675
151.19100785255432,4674
151.19210076332092,4673
151.20007300376892,4672
151.20055770874023,4671
151.20212984085083,4670
151.20385789871216,4669
151.21000599861145,4668
151.21725273132324,4667
151.22271275520325,4666
151.22626209259033,4665
151.23387479782104,4664
151.23548793792725,4663
151.24156284332275,4662
151.2425389289856,4661
151.24317169189453,4660
151.2558138370514,4659
151.25687503814697,4658
151.25983095169067,4657
151.2644009590149,4656
151.2666139602661,4655
151.26812481880188,4654
151.27092289924622,4653
151.2872109413147,4652
151.2877299785614,4651
151.29302406311035,4650
151.29399704933167,4649
151.29738187789917,4648
151.306077003479,4647
151.3068709373474,4646
151.3145158290863,4645
151.3162009716034,4644
151.32369303703308,4643
151.32474875450134,4642
151.33179092407227,4641
151.33463597297668,4640
151.33607077598572,4639
151.34762907028198,4638
151.358158826828,4637
151.3767249584198,4636
151.3843789100647,4635
151.38937091827393,4634
151.39291787147522,4633
151.3942677974701,4632
151.4223597049713,4631
151.44241881370544,4630
151.44323897361755,4629
151.44532775878906,4628
151.44675588607788,4627
151.44738388061523,4626
151.4535219669342,4625
151.45372700691223,4624
151.45996379852295,4623
151.46201086044312,4622
151.46310305595398,4621
151.46438097953796,4620
151.46805500984192,4619
151.47009205818176,4618
151.4711618423462,4617
151.4721348285675,4616
151.4723448753357,4615
151.4749939441681,4614
151.48109793663025,4613
151.48381280899048,4612
151.48403096199036,4611
151.4869728088379,4610
151.49232482910156,4609
151.49728679656982,4608
151.49781489372253,4607
151.4996018409729,4606
151.5063350200653,4605
151.5135498046875,4604
151.51695895195007,4603
151.52584505081177,4602
151.53289079666138,4601
151.53790497779846,4600
151.54175996780396,4599
151.5428168773651,4598
151.546808719635,4597
151.54904294013977,4596
151.5543909072876,4595
151.56273484230042,4594
151.56340098381042,4593
151.5638768672943,4592
151.56408596038818,4591
151.5654718875885,4590
151.57189989089966,4589
151.57455587387085,4588
151.57857370376587,4587
151.58168983459473,4586
151.5925099849701,4585
151.61795592308044,4584
151.6202847957611,4583
151.62307572364807,4582
151.63368487358093,4581
151.6393609046936,4580
151.64063167572021,4579
151.64757990837097,4578
151.64945888519287,4577
151.652578830719,4576
151.6538507938385,4575
151.65678906440735,4574
151.66257882118225,4573
151.6766858100891,4572
151.67843413352966,4571
151.6787989139557,4570
151.6803388595581,4569
151.68150091171265,4568
151.68661093711853,4567
151.69285583496094,4566
151.69957494735718,4565
151.6997938156128,4564
151.70011806488037,4563
151.70757579803467,4562
151.71201586723328,4561
151.71916484832764,4560
151.7211949825287,4559
151.7232677936554,4558
151.72559785842896,4557
151.72943091392517,4556
151.74713969230652,4555
151.74792885780334,4554
151.749196767807,4553
151.76470184326172,4552
151.77593970298767,4551
151.77687191963196,4550
151.78495383262634,4549
151.79718399047852,4548
151.80177998542786,4547
151.81023693084717,4546
151.81331586837769,4545
151.81996703147888,4544
151.82494688034058,4543
151.82573175430298,4542
151.83057188987732,4541
151.8337528705597,4540
151.83426880836487,4539
151.83503890037537,4538
151.84687685966492,4537
151.86292791366577,4536
151.8668749332428,4535
151.86735582351685,4534
151.87488389015198,4533
151.87748980522156,4532
151.87826371192932,4531
151.87906980514526,4530
151.88055992126465,4529
151.88360977172852,4528
151.8839328289032,4527
151.88443279266357,4526
151.89778089523315,4525
151.9070427417755,4524
151.90815901756287,4523
151.9179298877716,4522
151.93470096588135,4521
151.93976974487305,4520
151.94429802894592,4519
151.94464683532715,4518
151.94510698318481,4517
151.9460699558258,4516
151.96214509010315,4515
151.9632489681244,4514
151.96601486206055,4513
151.97011995315552,4512
151.9708969593048,4511
151.9743847846985,4510
151.97643494606018,4509
151.97798776626587,4508
151.9784598350525,4507
151.98806500434875,4506
151.98975896835327,4505
151.99369382858276,4504
152.00001883506775,4503
152.0068769454956,4502
152.01739072799683,4501
152.02809691429138,4500
152.02981567382812,4499
152.03058791160583,4498
152.03937983512878,4497
152.04566502571106,4496
152.06728076934814,4495
152.0758500099182,4494
152.08320593833923,4493
152.09773683547974,4492
152.11084294319153,4491
152.12252068519592,4490
152.14179301261902,4489
152.15505480766296,4488
152.15541887283325,4487
152.15733194351196,4486
152.1772449016571,4485
152.18682599067688,4484
152.19617581367493,4483
152.20011377334595,4482
152.2034728527069,4481
152.20367789268494,4480
152.21105694770813,4479
152.21216487884521,4478
152.21981382369995,4477
152.22122192382812,4476
152.2255790233612,4475
152.2262420654297,4474
152.23350501060486,4473
152.23461294174194,4472
152.23967695236206,4471
152.24467587471008,4470
152.25180387496948,4469
152.25709176063538,4468
152.26671481132507,4467
152.27440094947815,4466
152.2804868221283,4465
152.28100204467773,4464
152.28965878486633,4463
152.2909119129181,4462
152.29540991783142,4461
152.29845094680786,4460
152.29994988441467,4459
152.3013560771942,4458
152.30182886123657,4457
152.31382203102112,4456
152.31837701797485,4455
152.32704281806946,4454
152.33499479293823,4453
152.33992886543274,4452
152.34818387031555,4451
152.35740685462952,4450
152.36180686950684,4449
152.36242985725403,4448
152.36399698257446,4447
152.36563897132874,4446
152.37254667282104,4445
152.38063597679138,4444
152.38802790641785,4443
152.398099899292,4442
152.4053509235382,4441
152.4088578224182,4440
152.41741800308228,4439
152.42216992378235,4438
152.4237198829651,4437
152.42462992668152,4436
152.42588996887207,4435
152.43238306045532,4434
152.4336497783661,4433
152.43397688865662,4432
152.4414930343628,4431
152.453528881073,4430
152.45472478866577,4429
152.45612597465515,4428
152.45747780799866,4427
152.47066688537598,4426
152.47127985954285,4425
152.4720869064331,4424
152.4857087135315,4423
152.49663496017456,4422
152.5008509159088,4421
152.51031708717346,4420
152.53024792671204,4419
152.543771982193,4418
152.54542994499207,4417
152.55596375465393,4416
152.55745267868042,4415
152.56124806404114,4414
152.56258988380432,4413
152.57476687431335,4412
152.58550667762756,4411
152.59081482887268,4410
152.59218788146973,4409
152.5968987941742,4408
152.60813784599304,4407
152.61180686950684,4406
152.61457777023315,4405
152.6189889907837,4404
152.6276078224182,4403
152.62811589241028,4402
152.6305959224701,4401
152.63260293006897,4400
152.63638305664062,4399
152.63987684249878,4398
152.64309096336365,4397
152.64524602890015,4396
152.64902877807617,4395
152.65585684776306,4394
152.66026902198792,4393
152.6703839302063,4392
152.67503094673157,4391
152.679584980011,4390
152.68941688537598,4389
152.69380497932434,4388
152.7123668193817,4387
152.7294158935547,4386
152.73162698745728,4385
152.7407670021057,4384
152.74097108840942,4383
152.74542379379272,4382
152.75364685058594,4381
152.76906991004944,4380
152.7752640247345,4379
152.7803249359131,4378
152.7886939048767,4377
152.79047870635986,4376
152.79068684577942,4375
152.79329991340637,4374
152.8072428703308,4373
152.81813502311707,4372
152.82563471794128,4371
152.8381268978119,4370
152.84327507019043,4369
152.84674191474915,4368
152.8476927280426,4367
152.884281873703,4366
152.89808106422424,4365
152.8987078666687,4364
152.90560269355774,4363
152.90793800354004,4362
152.90905809402466,4361
152.925372838974,4360
152.92886400222778,4359
152.92922401428223,4358
152.9299976825714,4357
152.94789671897888,4356
152.96011805534363,4355
152.96285700798035,4354
152.96362900733948,4353
152.98064374923706,4352
152.9835648536682,4351
153.00311088562012,4350
153.01552987098694,4349
153.03209495544434,4348
153.03600883483887,4347
153.04285383224487,4346
153.0456666946411,4345
153.0462908744812,4344
153.04962682724,4343
153.04985809326172,4342
153.05235481262207,4341
153.0621829032898,4340
153.07656288146973,4339
153.08111691474915,4338
153.09317779541016,4337
153.0966956615448,4336
153.10506296157837,4335
153.11613273620605,4334
153.11976075172424,4333
153.14051294326782,4332
153.15744996070862,4331
153.1630778312683,4330
153.1671690940857,4329
153.1843137741089,4328
153.19621777534485,4327
153.19776272773743,4326
153.1981098651886,4325
153.20817303657532,4324
153.20882892608643,4323
153.21244072914124,4322
153.22690296173096,4321
153.24098205566406,4320
153.24475598335266,4319
153.2596127986908,4318
153.26485896110535,4317
153.2669038772583,4316
153.2723000049591,4315
153.27519273757935,4314
153.27584266662598,4313
153.27675795555115,4312
153.2921347618103,4311
153.29436492919922,4310
153.29843306541443,4309
153.30759978294373,4308
153.30899691581726,4307
153.32264184951782,4306
153.32628083229065,4305
153.33776593208313,4304
153.34244513511658,4303
153.34607481956482,4302
153.35443687438965,4301
153.35475993156433,4300
153.3585479259491,4299
153.35890674591064,4298
153.36309504508972,4297
153.37823390960693,4296
153.3865978717804,4295
153.39542293548584,4294
153.39760994911194,4293
153.42714190483093,4292
153.43305706977844,4291
153.434467792511,4290
153.43666791915894,4289
153.44337582588196,4288
153.4508159160614,4287
153.45207285881042,4286
153.46318888664246,4285
153.46991682052612,4284
153.4716877937317,4283
153.49724793434143,4282
153.50598192214966,4281
153.54143285751343,4280
153.54595398902893,4279
153.5507698059082,4278
153.5515558719635,4277
153.55324482917786,4276
153.56013083457947,4275
153.59410190582275,4274
153.59758377075195,4273
153.60270380973816,4272
153.61058688163757,4271
153.615394115448,4270
153.63101387023926,4269
153.63121891021729,4268
153.63268399238586,4267
153.63348984718323,4266
153.63496088981628,4265
153.63575506210327,4264
153.6413550376892,4263
153.65780687332153,4262
153.6618230342865,4261
153.6669020652771,4260
153.6797058582306,4259
153.68066096305847,4258
153.68300080299377,4257
153.6886808872223,4256
153.69058680534363,4255
153.69803977012634,4254
153.70306301116943,4253
153.71450090408325,4252
153.71981596946716,4251
153.72342681884766,4250
153.7405059337616,4249
153.74768090248108,4248
153.75770688056946,4247
153.76617813110352,4246
153.774316072464,4245
153.7799937725067,4244
153.79069900512695,4243
153.80464100837708,4242
153.80697083473206,4241
153.81648993492126,4240
153.82971787452698,4239
153.842355966568,4238
153.8603127002716,4237
153.86550879478455,4236
153.89150381088257,4235
153.91417813301086,4234
153.91623973846436,4233
153.91895294189453,4232
153.93017077445984,4231
153.94013595581055,4230
153.95198011398315,4229
153.95909690856934,4228
153.96537399291992,4227
153.966472864151,4226
153.96865582466125,4225
153.99907302856445,4224
154.00834894180298,4223
154.00885677337646,4222
154.04660201072693,4221
154.05270671844482,4220
154.05755972862244,4219
154.06291103363037,4218
154.0635268688202,4217
154.07901787757874,4216
154.09442591667175,4215
154.09478783607483,4214
154.0968189239502,4213
154.11202311515808,4212
154.13953590393066,4211
154.1491198539734,4210
154.15888786315918,4209
154.16027092933655,4208
154.16608786582947,4207
154.19097709655762,4206
154.19348978996277,4205
154.1948847770691,4204
154.21268892288208,4203
154.21304082870483,4202
154.22425079345703,4201
154.23019194602966,4200
154.23293685913086,4199
154.2380018234253,4198
154.25346684455872,4197
154.2740969657898,4196
154.27444100379944,4195
154.28427910804749,4194
154.2902090549469,4193
154.29491472244263,4192
154.30552291870117,4191
154.30880093574524,4190
154.314444065094,4189
154.34010887145996,4188
154.36756992340088,4187
154.37132287025452,4186
154.40885090827942,4185
154.43251585960388,4184
154.43404603004456,4183
154.44383096694946,4182
154.44726181030273,4181
154.45324397087097,4180
154.4609558582306,4179
154.46939182281494,4178
154.49327898025513,4177
154.4936237335205,4176
154.50042605400085,4175
154.5222327709198,4174
154.52314805984497,4173
154.52939796447754,4172
154.53941774368286,4171
154.54167699813843,4170
154.56374502182007,4169
154.58362698554993,4168
154.58680605888367,4167
154.5908648967743,4166
154.6068139076233,4165
154.6098268032074,4164
154.61043787002563,4163
154.61122679710388,4162
154.6211678981781,4161
154.6260747909546,4160
154.6410939693451,4159
154.64277505874634,4158
154.65046191215515,4157
154.6509759426117,4156
154.65117073059082,4155
154.6649510860443,4154
154.68787288665771,4153
154.68977093696594,4152
154.69806289672852,4151
154.69938468933105,4150
154.71270394325256,4149
154.73113179206848,4148
154.74956703186035,4147
154.7549228668213,4146
154.76071667671204,4145
154.80153703689575,4144
154.80426383018494,4143
154.81722974777222,4142
154.82129383087158,4141
154.82206797599792,4140
154.83297085762024,4139
154.85112285614014,4138
154.864098072052,4137
154.8648660182953,4136
154.87795996665955,4135
154.87830305099487,4134
154.88018202781677,4133
154.89442992210388,4132
154.90438079833984,4131
154.90926885604858,4130
154.91690802574158,4129
154.94495177268982,4128
154.96428990364075,4127
154.97755479812622,4126
154.97789788246155,4125
154.98304677009583,4124
155.03620672225952,4123
155.0516538619995,4122
155.07738494873047,4121
155.0852038860321,4120
155.08570504188538,4119
155.14558172225952,4118
155.14948296546936,4117
155.16227984428406,4116
155.16795182228088,4115
155.1745400428772,4114
155.1930010318756,4113
155.19733500480652,4112
155.1976878643036,4111
155.22072386741638,4110
155.22959280014038,4109
155.26051878929138,4108
155.2681908607483,4107
155.2887978553772,4106
155.29601001739502,4105
155.29833793640137,4104
155.3120048046112,4103
155.33228588104248,4102
155.35702085494995,4101
155.38716888427734,4100
155.394700050354,4099
155.43653988838196,4098
155.4386157989502,4097
155.45871376991272,4096
155.4617509841919,4095
155.4699969291687,4094
155.47045493125916,4093
155.49169373512268,4092
155.49592280387878,4091
155.503577709198,4090
155.50887989997864,4089
155.5237329006195,4088
155.52603483200073,4087
155.5330729484558,4086
155.54898476600647,4085
155.56483578681946,4084
155.59841799736023,4083
155.60562896728516,4082
155.61206197738647,4081
155.614816904068,4080
155.62931776046753,4079
155.6413688659668,4078
155.65066504478455,4077
155.65208196640015,4076
155.65531706809998,4075
155.66804671287537,4074
155.7145709991455,4073
155.72611570358276,4072
155.72899985313416,4071
155.74787783622742,4070
155.7492868900299,4069
155.76068687438965,4068
155.76356506347656,4067
155.85812306404114,4066
155.88421893119812,4065
155.89708280563354,4064
155.90392398834229,4063
155.90929293632507,4062
155.92277789115906,4061
155.93055176734924,4060
155.93393993377686,4059
155.94204688072205,4058
155.9435839653015,4057
155.95291185379028,4056
155.9654757976532,4055
155.97786378860474,4054
155.99847507476807,4053
156.00660300254822,4052
156.01031184196472,4051
156.01292085647583,4050
156.05296277999878,4049
156.0558316707611,4048
156.05930280685425,4047
156.06927180290222,4046
156.07068395614624,4045
156.07157588005066,4044
156.10080885887146,4043
156.15132594108582,4042
156.15274691581726,4041
156.17831087112427,4040
156.2130889892578,4039
156.22013783454895,4038
156.24760484695435,4037
156.25759387016296,4036
156.29075479507446,4035
156.2920389175415,4034
156.33042693138123,4033
156.3391890525818,4032
156.34536385536194,4031
156.34860277175903,4030
156.36280989646912,4029
156.38915586471558,4028
156.42559576034546,4027
156.42799377441406,4026
156.44511699676514,4025
156.45007801055908,4024
156.484277009964,4023
156.4978039264679,4022
156.49798393249512,4021
156.51845407485962,4020
156.5221688747406,4019
156.52503395080566,4018
156.52519488334656,4017
156.5488200187683,4016
156.58074975013733,4015
156.58608102798462,4014
156.59027099609375,4013
156.59735989570618,4012
156.63120198249817,4011
156.63704872131348,4010
156.64246082305908,4009
156.64263772964478,4008
156.64292573928833,4007
156.6578369140625,4006
156.67745685577393,4005
156.68893599510193,4004
156.6947319507599,4003
156.72019982337952,4002
156.72210693359375,4001
156.74157691001892,4000
156.7460470199585,3999
156.76321387290955,3998
156.8617217540741,3997
156.8638608455658,3996
156.87122988700867,3995
156.8748369216919,3994
156.88704371452332,3993
156.90060186386108,3992
156.90917682647705,3991
156.92581582069397,3990
156.94944882392883,3989
156.95035076141357,3988
156.98784375190735,3987
156.9912188053131,3986
157.01348781585693,3985
157.0189139842987,3984
157.0810158252716,3983
157.08827185630798,3982
157.1082570552826,3981
157.12030172348022,3980
157.12330293655396,3979
157.12565779685974,3978
157.1381528377533,3977
157.15516185760498,3976
157.17296195030212,3975
157.1865611076355,3974
157.2130150794983,3973
157.23181009292603,3972
157.2626588344574,3971
157.27357387542725,3970
157.2807059288025,3969
157.2915027141571,3968
157.31510496139526,3967
157.32907605171204,3966
157.348247051239,3965
157.35814595222473,3964
157.50444173812866,3963
157.55707907676697,3962
157.61224699020386,3961
157.6211667060852,3960
157.66565203666687,3959
157.69409584999084,3958
157.69635486602783,3957
157.70528388023376,3956
157.72604703903198,3955
157.72658586502075,3954
157.81559872627258,3953
157.85946083068848,3952
157.8645577430725,3951
157.87181901931763,3950
157.90882468223572,3949
157.93474888801575,3948
157.94400095939636,3947
