0.0,484360
159.32783794403076,5260
159.32897996902466,5259
159.33227276802063,5258
159.3333158493042,5257
159.33545184135437,5256
159.33874773979187,5255
159.34261202812195,5254
159.34381890296936,5253
159.34705591201782,5252
159.34743666648865,5251
159.34977269172668,5250
159.35189771652222,5249
159.35404682159424,5248
159.35475087165833,5247
159.3566188812256,5246
159.35795879364014,5245
159.35866975784302,5244
159.36016488075256,5243
159.36427283287048,5242
159.3667347431183,5241
159.36711502075195,5240
159.36750078201294,5239
159.36773991584778,5238
159.37216091156006,5237
159.3730230331421,5236
159.37501287460327,5235
159.3831548690796,5234
159.38419675827026,5233
159.38537287712097,5232
159.39399766921997,5231
159.39708495140076,5230
159.39828085899353,5229
159.39899969100952,5228
159.39987087249756,5227
159.40358686447144,5226
159.40510892868042,5225
159.40643787384033,5224
159.4081108570099,5223
159.4099178314209,5222
159.41498279571533,5221
159.41553282737732,5220
159.41801762580872,5219
159.42156291007996,5218
159.42452478408813,5217
159.42586088180542,5216
159.4268879890442,5215
159.42821788787842,5214
159.428936958313,5213
159.4299557209015,5212
159.43179392814636,5211
159.43721985816956,5210
159.4395558834076,5209
159.440575838089,5208
159.44080781936646,5207
159.44481086730957,5206
159.45857286453247,5205
159.4636368751526,5204
159.46591782569885,5203
159.466778755188,5202
159.4734447002411,5201
159.47432398796082,5200
159.4761290550232,5199
159.47892785072327,5198
159.4802587032318,5197
159.48403692245483,5196
159.48728489875793,5195
159.48992776870728,5194
159.49677801132202,5193
159.4987609386444,5192
159.50559377670288,5191
159.50999879837036,5190
159.51274800300598,5189
159.5190589427948,5188
159.52242469787598,5187
159.52761602401733,5186
159.5292558670044,5185
159.53108096122742,5184
159.53240489959717,5183
159.53423070907593,5182
159.53476881980896,5181
159.53595280647278,5180
159.53696179389954,5179
159.5387840270996,5178
159.54229283332825,5177
159.5452437400818,5176
159.55237984657288,5175
159.55292892456055,5174
159.5550458431244,5173
159.55816197395325,5172
159.55854487419128,5171
159.5603699684143,5170
159.56090807914734,5169
159.56465673446655,5168
159.56550884246826,5167
159.56605577468872,5166
159.57098388671875,5165
159.57120180130005,5164
159.57142186164856,5163
159.5717968940735,5162
159.57249999046326,5161
159.5738468170166,5160
159.57632899284363,5159
159.57923579216003,5158
159.57961082458496,5157
159.58425283432007,5156
159.58479166030884,5155
159.5879168510437,5154
159.58845782279968,5153
159.58900785446167,5152
159.5898687839508,5151
159.59024381637573,5150
159.59351301193237,5149
159.59421277046204,5148
159.59668588638306,5147
159.5991199016571,5146
159.60498785972595,5145
159.61484694480896,5144
159.61621189117432,5143
159.6173858642578,5142
159.61874103546143,5141
159.61912775039673,5140
159.62209367752075,5139
159.6273946762085,5138
159.6321086883545,5137
159.63343691825867,5136
159.6386377811432,5135
159.64488196372986,5134
159.6451117992401,5133
159.64934396743774,5132
159.6531777381897,5131
159.65726280212402,5130
159.65748572349548,5129
159.6591260433197,5128
159.6606068611145,5127
159.66082191467285,5126
159.66182684898376,5125
159.66534399986267,5124
159.67676973342896,5123
159.68030381202698,5122
159.681489944458,5121
159.6818687915802,5120
159.68790078163147,5119
159.6890697479248,5118
159.69153690338135,5117
159.69396996498108,5116
159.69466972351074,5115
159.69695377349854,5114
159.69781470298767,5113
159.69962978363037,5112
159.70065689086914,5111
159.70260882377625,5110
159.70381474494934,5109
159.70576786994934,5108
159.71418380737305,5107
159.71585273742676,5106
159.71720504760742,5105
159.71853184700012,5104
159.7345097064972,5103
159.73834490776062,5102
159.7425627708435,5101
159.74483370780945,5100
159.74730277061462,5099
159.76123785972595,5098
159.7625789642334,5097
159.76374506950378,5096
159.76412963867188,5095
159.76576471328735,5094
159.7659797668457,5093
159.76683807373047,5092
159.76972794532776,5091
159.77236199378967,5090
159.7763648033142,5089
159.7902317047119,5088
159.79123878479004,5087
159.7919318675995,5086
159.7929379940033,5085
159.7937936782837,5084
159.79573392868042,5083
159.7964358329773,5082
159.7968089580536,5081
159.7970359325409,5080
159.79851984977722,5079
159.7997179031372,5078
159.80573177337646,5077
159.81510090827942,5076
159.81935691833496,5075
159.8246238231659,5074
159.82612204551697,5073
159.8403127193451,5072
159.84661889076233,5071
159.8468418121338,5070
159.8525698184967,5069
159.8534128665924,5068
159.8557198047638,5067
159.8564097881317,5066
159.85790276527405,5065
159.86631989479065,5064
159.86670684814453,5063
159.86958074569702,5062
159.86995363235474,5061
159.8748710155487,5060
159.87792682647705,5059
159.88601970672607,5058
159.89205408096313,5057
159.89403581619263,5056
159.89693593978882,5055
159.89908289909363,5054
159.90009379386902,5053
159.90286803245544,5052
159.90481281280518,5051
159.90503787994385,5050
159.90744709968567,5049
159.9108018875122,5048
159.9207968711853,5047
159.9221179485321,5046
159.92459177970886,5045
159.92872095108032,5044
159.9313349723816,5043
159.93296790122986,5042
159.93351197242737,5041
159.9341938495636,5040
159.93954992294312,5039
159.93977880477905,5038
159.94032788276672,5037
159.94404196739197,5036
159.94602489471436,5035
159.9566788673401,5034
159.9617428779602,5033
159.96813797950745,5032
159.968505859375,5031
159.9692029953003,5030
159.9694218635559,5029
159.9717288017273,5028
159.97368502616882,5027
159.97631096839905,5026
159.9779498577118,5025
159.98025393486023,5024
159.98503279685974,5023
159.99006986618042,5022
159.99694180488586,5021
159.99763679504395,5020
160.00196409225464,5019
160.00637793540955,5018
160.01022005081177,5017
160.01058793067932,5016
160.01144194602966,5015
160.0133969783783,5014
160.01573085784912,5013
160.0162649154663,5012
160.0192198753357,5011
160.0205488204956,5010
160.02381491661072,5009
160.02419781684875,5008
160.02523589134216,5007
160.02971172332764,5006
160.03025269508362,5005
160.0339720249176,5004
160.0427327156067,5003
160.04341983795166,5002
160.04588794708252,5001
160.04626369476318,5000
160.0512068271637,4999
160.0617847442627,4998
160.06280875205994,4997
160.0658528804779,4996
160.06879782676697,4995
160.06964778900146,4994
160.07049989700317,4993
160.07683682441711,4992
160.0793378353119,4991
160.08412075042725,4990
160.0843367576599,4989
160.08586883544922,4988
160.08640265464783,4987
160.08725476264954,4986
160.09423780441284,4985
160.09892892837524,4984
160.0991439819336,4983
160.10339999198914,4982
160.10455679893494,4981
160.1062207221985,4980
160.1114628314972,4979
160.11694884300232,4978
160.11747574806213,4977
160.1256968975067,4976
160.1308228969574,4975
160.13119101524353,4974
160.13282585144043,4973
160.13319873809814,4972
160.13404273986816,4971
160.13535594940186,4970
160.13558769226074,4969
160.14383578300476,4968
160.14545893669128,4967
160.14999294281006,4966
160.1531858444214,4965
160.1580548286438,4964
160.16063380241394,4963
160.17123889923096,4962
160.1727077960968,4961
160.17307376861572,4960
160.17596077919006,4959
160.17825269699097,4958
160.17910504341125,4957
160.1802659034729,4956
160.18610000610352,4955
160.19057202339172,4954
160.2010476589203,4953
160.20362091064453,4952
160.20982193946838,4951
160.2106649875641,4950
160.22041296958923,4949
160.22806882858276,4948
160.22909688949585,4947
160.23371386528015,4946
160.23569679260254,4945
160.2359118461609,4944
160.23867392539978,4943
160.23890089988708,4942
160.2416729927063,4941
160.2490918636322,4940
160.24994206428528,4939
160.25391006469727,4938
160.25733304023743,4937
160.25961089134216,4936
160.26592087745667,4935
160.27183985710144,4934
160.27367877960205,4933
160.27690291404724,4932
160.2795217037201,4931
160.28146481513977,4930
160.28184294700623,4929
160.28574585914612,4928
160.28690481185913,4927
160.29494881629944,4926
160.29877185821533,4925
160.3010697364807,4924
160.3028600215912,4923
160.30435371398926,4922
160.30581784248352,4921
160.30826807022095,4920
160.30848264694214,4919
160.309645652771,4918
160.31173872947693,4917
160.3141896724701,4916
160.31503176689148,4915
160.3160457611084,4914
160.3164176940918,4913
160.32369685173035,4912
160.32438492774963,4911
160.3281307220459,4910
160.3305468559265,4909
160.33410477638245,4908
160.33884978294373,4907
160.3406777381897,4906
160.35199689865112,4905
160.35235977172852,4904
160.35752606391907,4903
160.36227989196777,4902
160.36584782600403,4901
160.36858582496643,4900
160.37118482589722,4899
160.3725037574768,4898
160.3755967617035,4897
160.38425970077515,4896
160.39412689208984,4895
160.39638495445251,4894
160.410493850708,4893
160.4127368927002,4892
160.41446089744568,4891
160.41742587089539,4890
160.41845202445984,4889
160.41993689537048,4888
160.42337203025818,4887
160.4239149093628,4886
160.42461490631104,4885
160.42798900604248,4884
160.43383979797363,4883
160.4405198097229,4882
160.44605803489685,4881
160.44786477088928,4880
160.45210480690002,4879
160.4561049938202,4878
160.45647287368774,4877
160.4655487537384,4876
160.47371983528137,4875
160.47473192214966,4874
160.47588992118835,4873
160.47838068008423,4872
160.47860407829285,4871
160.48043489456177,4870
160.48742508888245,4869
160.4942548274994,4868
160.49698686599731,4867
160.4981586933136,4866
160.50431108474731,4865
160.50499296188354,4864
160.50692081451416,4863
160.51064777374268,4862
160.51117372512817,4861
160.51138281822205,4860
160.51878094673157,4859
160.52026081085205,4858
160.5209527015686,4857
160.5213167667389,4856
160.52278971672058,4855
160.5270538330078,4854
160.5279140472412,4853
160.53784489631653,4852
160.53821182250977,4851
160.54240489006042,4850
160.55091190338135,4849
160.55160188674927,4848
160.55182790756226,4847
160.56042075157166,4846
160.56125593185425,4845
160.5616409778595,4844
160.56355786323547,4843
160.57193875312805,4842
160.57375383377075,4841
160.58088970184326,4840
160.58204984664917,4839
160.58825778961182,4838
160.5924038887024,4837
160.5938527584076,4836
160.59468984603882,4835
160.59659385681152,4834
160.6060438156128,4833
160.6073317527771,4832
160.6075599193573,4831
160.62629675865173,4830
160.62712693214417,4829
160.6287579536438,4828
160.63172888755798,4827
160.6336829662323,4826
160.63792181015015,4825
160.63875198364258,4824
160.6424958705902,4823
160.6428737640381,4822
160.64308285713196,4821
160.64423608779907,4820
160.64674472808838,4819
160.65009689331055,4818
160.6573498249054,4817
160.6606888771057,4816
160.66274571418762,4815
160.66312885284424,4814
160.66333889961243,4813
160.66371297836304,4812
160.66591882705688,4811
160.66644668579102,4810
160.66772985458374,4809
160.68030285835266,4808
160.69036078453064,4807
160.69957876205444,4806
160.70348691940308,4805
160.72016382217407,4804
160.72621488571167,4803
160.72768473625183,4802
160.7315857410431,4801
160.73181080818176,4800
160.732195854187,4799
160.73393893241882,4798
160.73556566238403,4797
160.73746466636658,4796
160.73799300193787,4795
160.74357986450195,4794
160.74394178390503,4793
160.74415278434753,4792
160.7483468055725,4791
160.7493588924408,4790
160.75035500526428,4789
160.75824880599976,4788
160.76332187652588,4787
160.76860070228577,4786
160.77571082115173,4785
160.7797658443451,4784
160.78232383728027,4783
160.78545999526978,4782
160.78911590576172,4781
160.79253768920898,4780
160.80105876922607,4779
160.81552004814148,4778
160.82089591026306,4777
160.82219696044922,4776
160.82272386550903,4775
160.8261559009552,4774
160.82996773719788,4773
160.83507299423218,4772
160.84074687957764,4771
160.84111285209656,4770
160.85179090499878,4769
160.8535327911377,4768
160.85642385482788,4767
160.85785698890686,4766
160.858384847641,4765
160.86016178131104,4764
160.86084389686584,4763
160.86243081092834,4762
160.86638283729553,4761
160.87792372703552,4760
160.87846994400024,4759
160.8816077709198,4758
160.88825392723083,4757
160.889545917511,4756
160.8914680480957,4755
160.89981484413147,4754
160.90033793449402,4753
160.90084886550903,4752
160.9049777984619,4751
160.91115975379944,4750
160.91230273246765,4749
160.91728472709656,4748
160.91952180862427,4747
160.9221897125244,4746
160.92725086212158,4745
160.92839074134827,4744
160.9292528629303,4743
160.93730688095093,4742
160.93782496452332,4741
160.9452407360077,4740
160.95169472694397,4739
160.95282673835754,4738
160.95582580566406,4737
160.95801401138306,4736
160.95854377746582,4735
160.96344590187073,4734
160.97146701812744,4733
160.97446584701538,4732
160.97467875480652,4731
160.97751188278198,4730
160.98566198349,4729
160.98916792869568,4728
160.99106097221375,4727
161.00369572639465,4726
161.02232599258423,4725
161.02287077903748,4724
161.02737092971802,4723
161.0302369594574,4722
161.03045201301575,4721
161.03188395500183,4720
161.03285789489746,4719
161.03477478027344,4718
161.04457879066467,4717
161.04915380477905,4716
161.0554859638214,4715
161.05756783485413,4714
161.05977177619934,4713
161.06373572349548,4712
161.0694239139557,4711
161.0789577960968,4710
161.07980966567993,4709
161.0847029685974,4708
161.08690571784973,4707
161.0878987312317,4706
161.09666275978088,4705
161.10403895378113,4704
161.10485887527466,4703
161.1111478805542,4702
161.1122739315033,4701
161.1145007610321,4700
161.1193528175354,4699
161.12081694602966,4698
161.12951683998108,4697
161.13268995285034,4696
161.1340217590332,4695
161.14125800132751,4694
161.15185284614563,4693
161.15706181526184,4692
161.15788888931274,4691
161.1582589149475,4690
161.1615219116211,4689
161.16764783859253,4688
161.1683418750763,4687
161.17007184028625,4686
161.17169189453125,4685
161.17281889915466,4684
161.1769027709961,4683
161.1771216392517,4682
161.17980694770813,4681
161.1819908618927,4680
161.1831350326538,4679
161.18533182144165,4678
161.19079399108887,4677
161.19736504554749,4676
161.1975758075714,4675
161.19794368743896,4674
161.19816780090332,4673
161.19990301132202,4672
161.20703172683716,4671
161.20957803726196,4670
161.2155327796936,4669
161.21699285507202,4668
161.21826887130737,4667
161.21955585479736,4666
161.2253577709198,4665
161.22665691375732,4664
161.2282338142395,4663
161.22845792770386,4662
161.23082494735718,4661
161.23134899139404,4660
161.23188400268555,4659
161.23376989364624,4658
161.23599886894226,4657
161.2412028312683,4656
161.24280500411987,4655
161.24453496932983,4654
161.24536395072937,4653
161.25193190574646,4652
161.2536976337433,4651
161.26354885101318,4650
161.26768684387207,4649
161.26805686950684,4648
161.26841974258423,4647
161.27033185958862,4646
161.27069902420044,4645
161.27137207984924,4644
161.27914690971375,4643
161.281840801239,4642
161.28963780403137,4641
161.2938849925995,4640
161.3070068359375,4639
161.31533694267273,4638
161.31630897521973,4637
161.3186948299408,4636
161.32302904129028,4635
161.33191776275635,4634
161.3347098827362,4633
161.3408226966858,4632
161.34649872779846,4631
161.35025262832642,4630
161.3594307899475,4629
161.3737087249756,4628
161.37467789649963,4627
161.37566900253296,4626
161.38129997253418,4625
161.39616584777832,4624
161.40746879577637,4623
161.4132788181305,4622
161.41561484336853,4621
161.42327094078064,4620
161.42911791801453,4619
161.4347848892212,4618
161.43651294708252,4617
161.4464409351349,4616
161.4475929737091,4615
161.44875288009644,4614
161.4558608531952,4613
161.4591989517212,4612
161.46598291397095,4611
161.471195936203,4610
161.4718668460846,4609
161.47238779067993,4608
161.47808575630188,4607
161.480810880661,4606
161.48316597938538,4605
161.4857017993927,4604
161.48621797561646,4603
161.48643469810486,4602
161.492262840271,4601
161.49384593963623,4600
161.49484086036682,4599
161.49505186080933,4598
161.49740076065063,4597
161.49837493896484,4596
161.4993667602539,4595
161.50281596183777,4594
161.50411295890808,4593
161.50508284568787,4592
161.5084149837494,4591
161.5113809108734,4590
161.5122046470642,4589
161.52332282066345,4588
161.52493381500244,4587
161.52711868286133,4586
161.5274748802185,4585
161.53296995162964,4584
161.53365302085876,4583
161.53479671478271,4582
161.5380449295044,4581
161.54432678222656,4580
161.54910683631897,4579
161.56852793693542,4578
161.5813488960266,4577
161.58297085762024,4576
161.5843949317932,4575
161.58475375175476,4574
161.58693504333496,4573
161.58745074272156,4572
161.592267036438,4571
161.59353399276733,4570
161.59697365760803,4569
161.60320687294006,4568
161.61254978179932,4567
161.617290019989,4566
161.62413907051086,4565
161.62841486930847,4564
161.63032388687134,4563
161.6331079006195,4562
161.63486003875732,4561
161.63902473449707,4560
161.6406228542328,4559
161.64339685440063,4558
161.65575194358826,4557
161.66139793395996,4556
161.6703999042511,4555
161.67272186279297,4554
161.67522978782654,4553
161.67680382728577,4552
161.67764401435852,4551
161.68467378616333,4550
161.692617893219,4549
161.69740271568298,4548
161.69904899597168,4547
161.7027268409729,4546
161.71847772598267,4545
161.72292184829712,4544
161.72804474830627,4543
161.72825598716736,4542
161.7293918132782,4541
161.74261784553528,4540
161.74592280387878,4539
161.75185585021973,4538
161.7571268081665,4537
161.7573368549347,4536
161.75754070281982,4535
161.75774383544922,4534
161.76698803901672,4533
161.7693588733673,4532
161.7871868610382,4531
161.79340386390686,4530
161.79482173919678,4529
161.79518699645996,4528
161.79629492759705,4527
161.79680180549622,4526
161.79977774620056,4525
161.80645775794983,4524
161.80727291107178,4523
161.80869579315186,4522
161.81322073936462,4521
161.82126188278198,4520
161.8214888572693,4519
161.82326769828796,4518
161.82896280288696,4517
161.83266878128052,4516
161.83532285690308,4515
161.83958768844604,4514
161.84300899505615,4513
161.84336185455322,4512
161.8467719554901,4511
161.8474359512329,4510
161.84824991226196,4509
161.85242867469788,4508
161.87084984779358,4507
161.87548685073853,4506
161.89121103286743,4505
161.90143275260925,4504
161.90395784378052,4503
161.90416479110718,4502
161.9112000465393,4501
161.91201996803284,4500
161.91640973091125,4499
161.91677069664001,4498
161.92067575454712,4497
161.92179203033447,4496
161.92401266098022,4495
161.92512893676758,4494
161.929185628891,4493
161.93060088157654,4492
161.9328236579895,4491
161.94364595413208,4490
161.95813989639282,4489
161.96094393730164,4488
161.96330976486206,4487
161.96352100372314,4486
161.96678185462952,4485
161.96699285507202,4484
161.96842193603516,4483
161.97716283798218,4482
161.98348689079285,4481
161.984454870224,4480
161.9857258796692,4479
161.98847889900208,4478
161.99434685707092,4477
161.99710083007812,4476
162.0020718574524,4475
162.00888872146606,4474
162.00940680503845,4473
162.01020789146423,4472
162.0263648033142,4471
162.0271737575531,4470
162.03596591949463,4469
162.03753185272217,4468
162.0383448600769,4467
162.05210971832275,4466
162.05294370651245,4465
162.0569019317627,4464
162.0702269077301,4463
162.07058787345886,4462
162.07309079170227,4461
162.07645082473755,4460
162.08004879951477,4459
162.09247374534607,4458
162.09375596046448,4457
162.09711694717407,4456
162.10146188735962,4455
162.1072928905487,4454
162.1098120212555,4453
162.1122968196869,4452
162.1194188594818,4451
162.12232875823975,4450
162.1225290298462,4449
162.12318897247314,4448
162.13568782806396,4447
162.1377308368683,4446
162.1430687904358,4445
162.14419293403625,4444
162.1446979045868,4443
162.1491940021515,4442
162.1579818725586,4441
162.16831493377686,4440
162.17970204353333,4439
162.18346190452576,4438
162.18728184700012,4437
162.19607877731323,4436
162.19629168510437,4435
162.20236587524414,4434
162.20632696151733,4433
162.20698380470276,4432
162.2167398929596,4431
162.21726393699646,4430
162.22409987449646,4429
162.2259876728058,4428
162.23980498313904,4427
162.24824595451355,4426
162.2492048740387,4425
162.25138998031616,4424
162.25696682929993,4423
162.26189374923706,4422
162.2674629688263,4421
162.2684338092804,4420
162.26983785629272,4419
162.27764296531677,4418
162.29010581970215,4417
162.29183793067932,4416
162.29309582710266,4415
162.3018319606781,4414
162.31143975257874,4413
162.32163190841675,4412
162.32617688179016,4411
162.32744193077087,4410
162.33139204978943,4409
162.3473207950592,4408
162.34813475608826,4407
162.36081385612488,4406
162.36325097084045,4405
162.37076091766357,4404
162.371572971344,4403
162.3763279914856,4402
162.38571286201477,4401
162.38699984550476,4400
162.39151000976562,4399
162.39278173446655,4398
162.396568775177,4397
162.39708495140076,4396
162.40235686302185,4395
162.4033327102661,4394
162.40443682670593,4393
162.41044688224792,4392
162.42361092567444,4391
162.44230890274048,4390
162.4477858543396,4389
162.447988986969,4388
162.4489448070526,4387
162.44990372657776,4386
162.45269393920898,4385
162.45290088653564,4384
162.4532506465912,4383
162.46716904640198,4382
162.46767377853394,4381
162.47258591651917,4380
162.47563910484314,4379
162.49385595321655,4378
162.50286483764648,4377
162.50383377075195,4376
162.506573677063,4375
162.5096619129181,4374
162.5124008655548,4373
162.51701974868774,4372
162.51903796195984,4371
162.52353191375732,4370
162.52627086639404,4369
162.53932285308838,4368
162.54776072502136,4367
162.55118489265442,4366
162.5533308982849,4365
162.56676292419434,4364
162.57440996170044,4363
162.5858438014984,4362
162.59159588813782,4361
162.59408164024353,4360
162.60547375679016,4359
162.61394000053406,4358
162.61444783210754,4357
162.61647486686707,4356
162.61980891227722,4355
162.6250298023224,4354
162.62673997879028,4353
162.66967606544495,4352
162.67107582092285,4351
162.67326378822327,4350
162.67750191688538,4349
162.68908286094666,4348
162.69034600257874,4347
162.71049284934998,4346
162.71278381347656,4345
162.71404600143433,4344
162.73501801490784,4343
162.7425549030304,4342
162.7475118637085,4341
162.74955081939697,4340
162.75826573371887,4339
162.75877785682678,4338
162.76337480545044,4337
162.7683138847351,4336
162.7725489139557,4335
162.7893409729004,4334
162.79119181632996,4333
162.80279088020325,4332
162.8031508922577,4331
162.81494569778442,4330
162.82346081733704,4329
162.82686281204224,4328
162.83788681030273,4327
162.85282683372498,4326
162.85780096054077,4325
162.86636686325073,4324
162.87165069580078,4323
162.8721878528595,4322
162.87631797790527,4321
162.87882280349731,4320
162.88142490386963,4319
162.88691091537476,4318
162.8933277130127,4317
162.89842987060547,4316
162.9015040397644,4315
162.90399289131165,4314
162.90688681602478,4313
162.91181588172913,4312
162.91693592071533,4311
162.91956686973572,4310
162.92007184028625,4309
162.94028496742249,4308
162.9407889842987,4307
162.95071983337402,4306
162.9585039615631,4305
162.9599368572235,4304
162.96148085594177,4303
162.9644160270691,4302
162.96729588508606,4301
162.98271989822388,4300
162.98878693580627,4299
163.00415897369385,4298
163.0045256614685,4297
163.00965785980225,4296
163.02772188186646,4295
163.02960181236267,4294
163.04112696647644,4293
163.05156779289246,4292
163.0598168373108,4291
163.06078386306763,4290
163.06098985671997,4289
163.07064604759216,4288
163.08786296844482,4287
163.10170483589172,4286
163.1073727607727,4285
163.1115107536316,4284
163.12266182899475,4283
163.12993788719177,4282
163.13014888763428,4281
163.17279481887817,4280
163.17579793930054,4279
163.17706084251404,4278
163.18079781532288,4277
163.18490982055664,4276
163.194983959198,4275
163.19685578346252,4274
163.20930671691895,4273
163.2334327697754,4272
163.24546885490417,4271
163.25934886932373,4270
163.26606392860413,4269
163.27185106277466,4268
163.28078174591064,4267
163.28912997245789,4266
163.2928638458252,4265
163.2966856956482,4264
163.29882287979126,4263
163.30705881118774,4262
163.30904293060303,4261
163.31528973579407,4260
163.32185983657837,4259
163.32477474212646,4258
163.33001708984375,4257
163.33322286605835,4256
163.33431768417358,4255
163.3411750793457,4254
163.34684681892395,4253
163.3505139350891,4252
163.35263586044312,4251
163.35405898094177,4250
163.36934781074524,4249
163.390154838562,4248
163.40162777900696,4247
163.4054720401764,4246
163.41280388832092,4245
163.41814184188843,4244
163.4198338985443,4243
163.42485570907593,4242
163.42565202713013,4241
163.42676305770874,4240
163.43625783920288,4239
163.43795895576477,4238
163.46903085708618,4237
163.47241401672363,4236
163.4758427143097,4235
163.48389506340027,4234
163.5027949810028,4233
163.5075168609619,4232
163.5140700340271,4231
163.52358770370483,4230
163.52497482299805,4229
163.5281946659088,4228
163.53207182884216,4227
163.53377985954285,4226
163.5382378101349,4225
163.54203391075134,4224
163.5435609817505,4223
163.54631280899048,4222
163.5569348335266,4221
163.57201099395752,4220
163.58044600486755,4219
163.58064794540405,4218
163.58958387374878,4217
163.61636877059937,4216
163.61945295333862,4215
163.62174892425537,4214
163.6332368850708,4213
163.66142797470093,4212
163.6709339618683,4211
163.67997479438782,4210
163.6897919178009,4209
163.70365190505981,4208
163.70444893836975,4207
163.70933771133423,4206
163.71450281143188,4205
163.71514868736267,4204
163.7182059288025,4203
163.72033381462097,4202
163.72189378738403,4201
163.72414898872375,4200
163.72901892662048,4199
163.7292287349701,4198
163.73167276382446,4197
163.75205183029175,4196
163.76390886306763,4195
163.7680959701538,4194
163.77433395385742,4193
163.7760169506073,4192
163.78147101402283,4191
163.79093194007874,4190
163.79593181610107,4189
163.80009484291077,4188
163.81527495384216,4187
163.82897090911865,4186
163.83921575546265,4185
163.8401758670807,4184
163.84503769874573,4183
163.86430072784424,4182
163.86689472198486,4181
163.87354803085327,4180
163.89113593101501,4179
163.89398384094238,4178
163.91470074653625,4177
163.93202304840088,4176
163.9385108947754,4175
163.9390127658844,4174
163.94755482673645,4173
163.9550437927246,4172
163.9677917957306,4171
163.978670835495,4170
163.98305797576904,4169
163.99173498153687,4168
164.00688481330872,4167
164.01967072486877,4166
164.0268838405609,4165
164.03672981262207,4164
164.04682874679565,4163
164.05360984802246,4162
164.05846095085144,4161
164.060870885849,4160
164.0664358139038,4159
164.07322072982788,4158
164.0871307849884,4157
164.08878803253174,4156
164.11651301383972,4155
164.122731924057,4154
164.1370038986206,4153
164.148090839386,4152
164.14919590950012,4151
164.16192984580994,4150
164.1636507511139,4149
164.1785068511963,4148
164.18230772018433,4147
164.1885199546814,4146
164.19425582885742,4145
164.20811700820923,4144
164.21086597442627,4143
164.21956777572632,4142
164.22382283210754,4141
164.2449767589569,4140
164.2533519268036,4139
164.25868487358093,4138
164.28317999839783,4137
164.28795289993286,4136
164.30626273155212,4135
164.31085991859436,4134
164.31136107444763,4133
164.3190369606018,4132
164.32821989059448,4131
164.3304798603058,4130
164.3375768661499,4129
164.37553191184998,4128
164.37867188453674,4127
164.39334678649902,4126
164.3971688747406,4125
164.40814685821533,4124
164.41461181640625,4123
164.42736101150513,4122
164.43490886688232,4121
164.45727682113647,4120
164.4670069217682,4119
164.48629474639893,4118
164.49441695213318,4117
164.5034749507904,4116
164.5321569442749,4115
164.5398199558258,4114
164.54374384880066,4113
164.55657982826233,4112
164.5633406639099,4111
164.56398487091064,4110
164.57686686515808,4109
164.5840766429901,4108
164.5923228263855,4107
164.60726189613342,4106
164.6112027168274,4105
164.62145471572876,4104
164.62733793258667,4103
164.64439988136292,4102
164.64884400367737,4101
164.6649227142334,4100
164.66737580299377,4099
164.67401766777039,4098
164.6775097846985,4097
164.68180465698242,4096
164.71049785614014,4095
164.71573400497437,4094
164.73255586624146,4093
164.73815989494324,4092
164.7408308982849,4091
164.74432682991028,4090
164.7449929714203,4089
164.75646686553955,4088
164.76371479034424,4087
164.79747366905212,4086
164.80157279968262,4085
164.81387376785278,4084
164.82364583015442,4083
164.83193492889404,4082
164.83283305168152,4081
164.85202479362488,4080
164.8597309589386,4079
164.87032294273376,4078
164.87668466567993,4077
164.87772274017334,4076
164.8827428817749,4075
164.88327765464783,4074
164.89610981941223,4073
164.90296697616577,4072
164.91806888580322,4071
164.93150067329407,4070
164.95921683311462,4069
164.96073484420776,4068
164.98542475700378,4067
164.98706793785095,4066
165.01798677444458,4065
165.01963186264038,4064
165.02186179161072,4063
165.03027772903442,4062
165.03915190696716,4061
165.0424907207489,4060
165.06703066825867,4059
165.071594953537,4058
165.0782027244568,4057
165.09399390220642,4056
165.10790181159973,4055
165.11252284049988,4054
165.118262052536,4053
165.14429688453674,4052
165.16833782196045,4051
165.17412686347961,4050
165.19448590278625,4049
165.2139127254486,4048
165.2442798614502,4047
165.25022387504578,4046
165.26514101028442,4045
165.27353763580322,4044
165.27581906318665,4043
165.27833604812622,4042
165.28177094459534,4041
165.28582882881165,4040
165.29711079597473,4039
165.31043887138367,4038
165.31109976768494,4037
165.31408381462097,4036
165.31608080863953,4035
165.32607579231262,4034
165.35043001174927,4033
165.36246180534363,4032
165.3643479347229,4031
165.36731481552124,4030
165.36991095542908,4029
165.37762784957886,4028
165.38311767578125,4027
165.39802598953247,4026
165.40003085136414,4025
165.40824174880981,4024
165.4127938747406,4023
165.4254720211029,4022
165.42600989341736,4021
165.4530680179596,4020
165.46058297157288,4019
165.4771749973297,4018
165.48293685913086,4017
165.4885959625244,4016
165.5164439678192,4015
165.51953673362732,4014
165.52527594566345,4013
165.52985191345215,4012
165.5562608242035,4011
165.5569179058075,4010
165.56492280960083,4009
165.58787369728088,4008
165.6044900417328,4007
165.6501109600067,4006
165.65924978256226,4005
165.66135597229004,4004
165.66236686706543,4003
165.66350173950195,4002
165.66416478157043,4001
165.67389678955078,4000
165.71512389183044,3999
165.75341796875,3998
165.8186957836151,3997
165.81995964050293,3996
165.8294620513916,3995
165.86734580993652,3994
165.8995008468628,3993
165.91441988945007,3992
165.92774295806885,3991
165.9362449645996,3990
165.94417095184326,3989
165.96595978736877,3988
165.96807599067688,3987
165.97932982444763,3986
165.99414563179016,3985
166.00335788726807,3984
166.0136649608612,3983
166.01722979545593,3982
166.02993488311768,3981
166.03456902503967,3980
166.04644203186035,3979
166.0491487979889,3978
166.07941889762878,3977
166.09695267677307,3976
166.10728073120117,3975
166.11572670936584,3974
166.12497472763062,3973
166.1316659450531,3972
166.1320776939392,3971
166.15642881393433,3970
166.17752289772034,3969
166.19664001464844,3968
166.21763586997986,3967
166.24456095695496,3966
166.24838399887085,3965
166.2566978931427,3964
166.26159596443176,3963
166.27954483032227,3962
166.3091766834259,3961
166.35029077529907,3960
166.3619327545166,3959
166.38485479354858,3958
166.4018816947937,3957
166.40714502334595,3956
166.42224287986755,3955
166.42931199073792,3954
166.4448959827423,3953
166.45060873031616,3952
166.4565670490265,3951
166.45830488204956,3950
166.4648540019989,3949
166.47312688827515,3948
166.47825002670288,3947
166.4864010810852,3946
166.50338101387024,3945
166.51643705368042,3944
166.5215606689453,3943
166.5228238105774,3942
166.5550549030304,3941
166.57079601287842,3940
166.57696390151978,3939
166.58089876174927,3938
166.59636688232422,3937
166.61952900886536,3936
166.65568780899048,3935
166.66689896583557,3934
166.70546793937683,3933
166.73388981819153,3932
166.7449038028717,3931
166.7479109764099,3930
166.75157976150513,3929
166.75369381904602,3928
166.75555682182312,3927
166.7616868019104,3926
166.77469086647034,3925
166.79591178894043,3924
166.80166387557983,3923
166.83254384994507,3922
166.84051895141602,3921
166.8577847480774,3920
166.8650119304657,3919
166.887592792511,3918
166.92320108413696,3917
166.93688988685608,3916
166.93815779685974,3915
166.9411027431488,3914
166.96049571037292,3913
166.98238492012024,3912
167.02662682533264,3911
167.03338074684143,3910
167.06639790534973,3909
167.14193272590637,3908
167.15924286842346,3907
167.2043399810791,3906
167.24230790138245,3905
167.28088402748108,3904
167.32646489143372,3903
167.3474087715149,3902
167.43009209632874,3901
167.47130179405212,3900
167.50506973266602,3899
167.5090298652649,3898
167.53695368766785,3897
167.54775404930115,3896
167.55305194854736,3895
167.56373476982117,3894
167.57140588760376,3893
167.57169198989868,3892
167.6405839920044,3891
167.70693564414978,3890
167.73172569274902,3889
167.80538988113403,3888
167.80703902244568,3887
167.8105218410492,3886
167.81457996368408,3885
167.82678985595703,3884
167.8422029018402,3883
167.86733269691467,3882
