0.0,484360
192.93553709983826,4216
192.9494400024414,4215
192.96106505393982,4214
192.96982192993164,4213
192.97180318832397,4212
192.9936580657959,4211
192.99504899978638,4210
193.00630617141724,4209
193.02117609977722,4208
193.02990317344666,4207
193.0347089767456,4206
193.03561806678772,4205
193.03715920448303,4204
193.03880500793457,4203
193.0509569644928,4202
193.05466318130493,4201
193.06121802330017,4200
193.06866097450256,4199
193.07097387313843,4198
193.07484698295593,4197
193.07564997673035,4196
193.08453702926636,4195
193.09063911437988,4194
193.1031391620636,4193
193.12140011787415,4192
193.1226041316986,4191
193.13093614578247,4190
193.1381950378418,4189
193.14864206314087,4188
193.15412402153015,4187
193.15566611289978,4186
193.15836215019226,4185
193.1664481163025,4184
193.17195320129395,4183
193.17541599273682,4182
193.18031311035156,4181
193.1843581199646,4180
193.186448097229,4179
193.1876962184906,4178
193.19199514389038,4177
193.20341205596924,4176
193.20918011665344,4175
193.21355414390564,4174
193.21652102470398,4173
193.2316291332245,4172
193.23345303535461,4171
193.23810720443726,4170
193.2472620010376,4169
193.26246404647827,4168
193.28392124176025,4167
193.28488612174988,4166
193.29645609855652,4165
193.31896495819092,4164
193.32632303237915,4163
193.3405041694641,4162
193.34629702568054,4161
193.35032391548157,4160
193.3686671257019,4159
193.37662410736084,4158
193.39392113685608,4157
193.39605808258057,4156
193.41547322273254,4155
193.42989015579224,4154
193.44738006591797,4153
193.45142817497253,4152
193.45527505874634,4151
193.45813298225403,4150
193.46563291549683,4149
193.47406888008118,4148
193.47821807861328,4147
193.47974300384521,4146
193.48154497146606,4145
193.49138808250427,4144
193.50275993347168,4143
193.51080226898193,4142
193.52568817138672,4141
193.53371214866638,4140
193.5479769706726,4139
193.56906390190125,4138
193.6054470539093,4137
193.60945892333984,4136
193.61183404922485,4135
193.6278531551361,4134
193.63155722618103,4133
193.63234519958496,4132
193.63707304000854,4131
193.6463589668274,4130
193.6540069580078,4129
193.65832805633545,4128
193.66334319114685,4127
193.668683052063,4126
193.67502999305725,4125
193.6758131980896,4124
193.68257308006287,4123
193.6936800479889,4122
193.70647501945496,4121
193.70858120918274,4120
193.71051597595215,4119
193.72145104408264,4118
193.74248909950256,4117
193.7639570236206,4116
193.76793003082275,4115
193.76813101768494,4114
193.77638602256775,4113
193.78856492042542,4112
193.79048228263855,4111
193.79231095314026,4110
193.80024909973145,4109
193.80995106697083,4108
193.82182908058167,4107
193.82277083396912,4106
193.8267481327057,4105
193.8377389907837,4104
193.85368609428406,4103
193.85418486595154,4102
193.86197185516357,4101
193.8686499595642,4100
193.8720419406891,4099
193.8726830482483,4098
193.87416291236877,4097
193.8781909942627,4096
193.88742113113403,4095
193.9022719860077,4094
193.90448212623596,4093
193.92492604255676,4092
193.92678117752075,4091
193.9586741924286,4090
193.96594190597534,4089
193.9690899848938,4088
193.9976680278778,4087
194.00580596923828,4086
194.00804615020752,4085
194.01324796676636,4084
194.0185670852661,4083
194.02384901046753,4082
194.0241379737854,4081
194.02701687812805,4080
194.02891421318054,4079
194.03936624526978,4078
194.0395278930664,4077
194.05259323120117,4076
194.06334614753723,4075
194.07845497131348,4074
194.08071112632751,4073
194.08235812187195,4072
194.08264899253845,4071
194.09486627578735,4070
194.10456705093384,4069
194.11003017425537,4068
194.12247920036316,4067
194.13850212097168,4066
194.1495611667633,4065
194.15034222602844,4064
194.1600501537323,4063
194.1681661605835,4062
194.17763996124268,4061
194.1853849887848,4060
194.19068217277527,4059
194.19439005851746,4058
194.2177231311798,4057
194.22563195228577,4056
194.2317249774933,4055
194.2352409362793,4054
194.25955200195312,4053
194.26110005378723,4052
194.27870512008667,4051
194.29176902770996,4050
194.29536318778992,4049
194.31182622909546,4048
194.3131718635559,4047
194.34388303756714,4046
194.3674020767212,4045
194.37151908874512,4044
194.38069915771484,4043
194.38478899002075,4042
194.38826322555542,4041
194.39347410202026,4040
194.39818215370178,4039
194.40296912193298,4038
194.41294693946838,4037
194.41739106178284,4036
194.4300742149353,4035
194.43511199951172,4034
194.44349312782288,4033
194.44969701766968,4032
194.45938920974731,4031
194.49401307106018,4030
194.4986970424652,4029
194.51439905166626,4028
194.51579117774963,4027
194.51827716827393,4026
194.52076697349548,4025
194.52616906166077,4024
194.54100513458252,4023
194.54488015174866,4022
194.54627203941345,4021
194.56236219406128,4020
194.56425714492798,4019
194.56674313545227,4018
194.56801104545593,4017
194.57024216651917,4016
194.57916688919067,4015
194.59140706062317,4014
194.59814596176147,4013
194.60606408119202,4012
194.60671997070312,4011
194.61176300048828,4010
194.6164300441742,4009
194.6346080303192,4008
194.65352702140808,4007
194.66151595115662,4006
194.66557216644287,4005
194.6684160232544,4004
194.68971419334412,4003
194.69471096992493,4002
194.69512391090393,4001
194.72912502288818,4000
194.73980903625488,3999
194.7401032447815,3998
194.74026322364807,3997
194.7607889175415,3996
194.77588415145874,3995
194.77643418312073,3994
194.79562211036682,3993
194.79788208007812,3992
194.80948495864868,3991
194.82085609436035,3990
194.824303150177,3989
194.84070205688477,3988
194.84111404418945,3987
194.84783792495728,3986
194.85814905166626,3985
194.8740532398224,3984
194.88057017326355,3983
194.88878107070923,3982
194.8894362449646,3981
194.89348721504211,3980
194.90983128547668,3979
194.91609001159668,3978
194.9189441204071,3977
194.94500708580017,3976
194.9470179080963,3975
194.95292592048645,3974
194.96319007873535,3973
194.96849703788757,3972
194.9952850341797,3971
195.01916790008545,3970
195.03378820419312,3969
195.03837203979492,3968
195.07292914390564,3967
195.0864131450653,3966
195.10556316375732,3965
195.10658812522888,3964
195.1074800491333,3963
195.130450963974,3962
195.134281873703,3961
195.1462230682373,3960
195.1551012992859,3959
195.1636941432953,3958
195.16863989830017,3957
195.18219804763794,3956
195.20678806304932,3955
195.21974921226501,3954
195.22428798675537,3953
195.2334520816803,3952
195.23459100723267,3951
195.23609805107117,3950
195.24662494659424,3949
195.26679706573486,3948
195.26918697357178,3947
195.27064490318298,3946
195.2814519405365,3945
195.3375759124756,3944
195.33850812911987,3943
195.35950112342834,3942
195.36708807945251,3941
195.36870408058167,3940
195.37275505065918,3939
195.37304019927979,3938
195.3736879825592,3937
195.38750410079956,3936
195.3899700641632,3935
195.3941240310669,3934
195.40286207199097,3933
195.4172022342682,3932
195.41881608963013,3931
195.42055106163025,3930
195.4222810268402,3929
195.4261989593506,3928
195.4297342300415,3927
195.4529960155487,3926
195.47487998008728,3925
195.52407121658325,3924
195.5352041721344,3923
195.54024291038513,3922
195.5551040172577,3921
195.55883598327637,3920
195.56997203826904,3919
195.63212203979492,3918
195.6601321697235,3917
195.68450498580933,3916
195.68653416633606,3915
195.69169402122498,3914
195.69272017478943,3913
195.71359419822693,3912
195.74463415145874,3911
195.7462751865387,3910
195.74949598312378,3909
195.76717686653137,3908
195.7689311504364,3907
195.7897789478302,3906
195.7953221797943,3905
195.81831908226013,3904
195.82081413269043,3903
195.8211591243744,3902
195.82292819023132,3901
195.8274748325348,3900
195.84523916244507,3899
195.84711289405823,3898
195.86370205879211,3897
195.8693790435791,3896
195.88845014572144,3895
195.90626311302185,3894
195.92738509178162,3893
195.94890308380127,3892
195.98204112052917,3891
196.02727508544922,3890
196.0743191242218,3889
196.0746202468872,3888
196.1505320072174,3887
196.19391512870789,3886
196.22533082962036,3885
196.23451900482178,3884
196.29031705856323,3883
196.29632711410522,3882
196.29844093322754,3881
196.3255500793457,3880
196.3531630039215,3879
196.36452507972717,3878
196.36941623687744,3877
196.3968460559845,3876
196.42762398719788,3875
196.43668508529663,3874
196.46031212806702,3873
196.47089004516602,3872
196.51737594604492,3871
196.53048491477966,3870
196.5445191860199,3869
196.5660421848297,3868
196.59631299972534,3867
196.60779118537903,3866
196.6240050792694,3865
196.62661600112915,3864
196.6269040107727,3863
196.65287017822266,3862
196.67615723609924,3861
196.68889713287354,3860
196.73510909080505,3859
196.75763702392578,3858
196.84199810028076,3857
196.8543291091919,3856
196.9037401676178,3855
196.97519516944885,3854
196.9774570465088,3853
197.00142002105713,3852
197.00195503234863,3851
197.064227104187,3850
197.07591009140015,3849
197.09792304039001,3848
197.14752507209778,3847
197.1507179737091,3846
197.24825406074524,3845
197.26265120506287,3844
197.26550817489624,3843
197.28729104995728,3842
197.2947220802307,3841
