0.0,484360
184.72180700302124,5594
184.72217321395874,5593
184.72359585762024,5592
184.72653579711914,5591
184.72766613960266,5590
184.72869491577148,5589
184.73093390464783,5588
184.73641204833984,5587
184.74081993103027,5586
184.7412247657776,5585
184.74372506141663,5584
184.74491477012634,5583
184.74541592597961,5582
184.74761700630188,5581
184.74848890304565,5580
184.74930810928345,5579
184.7528591156006,5578
184.75811195373535,5577
184.76162910461426,5576
184.76584911346436,5575
184.76816511154175,5574
184.7734808921814,5573
184.77531695365906,5572
184.776300907135,5571
184.77860498428345,5570
184.78086400032043,5569
184.78173089027405,5568
184.78272199630737,5567
184.78374791145325,5566
184.7853720188141,5565
184.7860870361328,5564
184.78977394104004,5563
184.79031896591187,5562
184.79320216178894,5561
184.79342889785767,5560
184.79424500465393,5559
184.7963719367981,5558
184.8005108833313,5557
184.80232286453247,5556
184.80345797538757,5555
184.8043179512024,5554
184.80500078201294,5553
184.80812001228333,5552
184.8092589378357,5551
184.8133189678192,5550
184.81589078903198,5549
184.81611490249634,5548
184.81811809539795,5547
184.81994199752808,5546
184.82107090950012,5545
184.82225394248962,5544
184.82247686386108,5543
184.82296705245972,5542
184.8275089263916,5541
184.8291130065918,5540
184.83297395706177,5539
184.83425188064575,5538
184.8357448577881,5537
184.83702111244202,5536
184.83788585662842,5535
184.84295105934143,5534
184.8493161201477,5533
184.8571949005127,5532
184.85986709594727,5531
184.86133813858032,5530
184.8623650074005,5529
184.86397314071655,5528
184.8643639087677,5527
184.86877512931824,5526
184.87011694908142,5525
184.8726770877838,5524
184.8729100227356,5523
184.87775206565857,5522
184.8788788318634,5521
184.88030004501343,5520
184.88102793693542,5519
184.88410210609436,5518
184.88497495651245,5517
184.88731789588928,5516
184.89042901992798,5515
184.89119791984558,5514
184.89146304130554,5513
184.8922610282898,5512
184.89571499824524,5511
184.90452814102173,5510
184.90594911575317,5509
184.91031503677368,5508
184.91814184188843,5507
184.91858196258545,5506
184.91972017288208,5505
184.92152094841003,5504
184.92233204841614,5503
184.9255919456482,5502
184.92717695236206,5501
184.931480884552,5500
184.931902885437,5499
184.93247199058533,5498
184.93303894996643,5497
184.9345190525055,5496
184.93511295318604,5495
184.9390139579773,5494
184.94011092185974,5493
184.94226503372192,5492
184.94398093223572,5491
184.94472217559814,5490
184.94496297836304,5489
184.94552993774414,5488
184.9464271068573,5487
184.94682478904724,5486
184.95688199996948,5485
184.9590277671814,5484
184.95927119255066,5483
184.96109795570374,5482
184.96338295936584,5481
184.96602296829224,5480
184.9678430557251,5479
184.976487159729,5478
184.98449802398682,5477
184.98718190193176,5476
184.98964285850525,5475
184.99165415763855,5474
184.99364805221558,5473
184.99923491477966,5472
185.00026202201843,5471
185.00064396858215,5470
185.0008668899536,5469
185.0038559436798,5468
185.00456500053406,5467
185.00818920135498,5466
185.00905299186707,5465
185.0092899799347,5464
185.01745891571045,5463
185.02168893814087,5462
185.02420711517334,5461
185.02698493003845,5460
185.0272240638733,5459
185.02744889259338,5458
185.02878618240356,5457
185.02982902526855,5456
185.03053998947144,5455
185.03353095054626,5454
185.037260055542,5453
185.04919385910034,5452
185.05622601509094,5451
185.05709791183472,5450
185.06109499931335,5449
185.06164503097534,5448
185.0632839202881,5447
185.06399512290955,5446
185.06610918045044,5445
185.0689001083374,5444
185.0702350139618,5443
185.07127285003662,5442
185.0730757713318,5441
185.07345819473267,5440
185.07464790344238,5439
185.0775511264801,5438
185.08035802841187,5437
185.08215808868408,5436
185.0827078819275,5435
185.087984085083,5434
185.08950018882751,5433
185.09272599220276,5432
185.09295201301575,5431
185.09814286231995,5430
185.09853100776672,5429
185.10180187225342,5428
185.10298895835876,5427
185.1077070236206,5426
185.11264896392822,5425
185.11314988136292,5424
185.11401391029358,5423
185.11550498008728,5422
185.11877393722534,5421
185.12280201911926,5420
185.1255979537964,5419
185.12692403793335,5418
185.12827110290527,5417
185.1286540031433,5416
185.12951397895813,5415
185.1300539970398,5414
185.13651704788208,5413
185.14090490341187,5412
185.14291191101074,5411
185.14614009857178,5410
185.14668989181519,5409
185.1475419998169,5408
185.14793801307678,5407
185.15237283706665,5406
185.15307092666626,5405
185.1547451019287,5404
185.15639209747314,5403
185.1577398777008,5402
185.1600160598755,5401
185.16408801078796,5400
185.16431498527527,5399
185.16470503807068,5398
185.17215704917908,5397
185.17301177978516,5396
185.17629408836365,5395
185.17998695373535,5394
185.18262696266174,5393
185.18584489822388,5392
185.18639087677002,5391
185.1866099834442,5390
185.1877942085266,5389
185.18848514556885,5388
185.18999218940735,5387
185.1916389465332,5386
185.1925117969513,5385
185.19669485092163,5384
185.1988399028778,5383
185.19922304153442,5382
185.20284295082092,5381
185.20322704315186,5380
185.20360493659973,5379
185.20398998260498,5378
185.20673990249634,5377
185.2071189880371,5376
185.20892691612244,5375
185.21436595916748,5374
185.21555399894714,5373
185.217041015625,5372
185.21757888793945,5371
185.21921801567078,5370
185.22202801704407,5369
185.22256708145142,5368
185.22474002838135,5367
185.2292149066925,5366
185.22992491722107,5365
185.23061800003052,5364
185.23373007774353,5363
185.23505997657776,5362
185.23530197143555,5361
185.23665189743042,5360
185.2372121810913,5359
185.23840308189392,5358
185.23973298072815,5357
185.24717092514038,5356
185.25149416923523,5355
185.25268507003784,5354
185.25291109085083,5353
185.25409197807312,5352
185.25495100021362,5351
185.26016497612,5350
185.26196694374084,5349
185.2626669406891,5348
185.26413989067078,5347
185.26516699790955,5346
185.26539206504822,5345
185.26924204826355,5344
185.27243995666504,5343
185.28716111183167,5342
185.29068398475647,5341
185.29379081726074,5340
185.29558277130127,5339
185.29869103431702,5338
185.2996997833252,5337
185.30127716064453,5336
185.30167698860168,5335
185.3071939945221,5334
185.30851697921753,5333
185.311133146286,5332
185.31528210639954,5331
185.31711411476135,5330
185.3173439502716,5329
185.3208601474762,5328
185.32512617111206,5327
185.33111381530762,5326
185.33508396148682,5325
185.33769583702087,5324
185.33886003494263,5323
185.3498830795288,5322
185.35108184814453,5321
185.35244798660278,5320
185.35471391677856,5319
185.35813999176025,5318
185.35977602005005,5317
185.3628749847412,5316
185.37032103538513,5315
185.37070989608765,5314
185.380793094635,5313
185.38352704048157,5312
185.386146068573,5311
185.38794207572937,5310
185.38848185539246,5309
185.3888680934906,5308
185.389408826828,5307
185.38980197906494,5306
185.39146995544434,5305
185.39327192306519,5304
185.39350485801697,5303
185.3975489139557,5302
185.39886784553528,5301
185.3992419242859,5300
185.39962005615234,5299
185.40265893936157,5298
185.40557885169983,5297
185.4059591293335,5296
185.40969014167786,5295
185.41272687911987,5294
185.41581296920776,5293
185.4183759689331,5292
185.41923189163208,5291
185.42943406105042,5290
185.4303159713745,5289
185.4308557510376,5288
185.43409490585327,5287
185.43790102005005,5286
185.4390790462494,5285
185.43994212150574,5284
185.44127988815308,5283
185.44384503364563,5282
185.44568991661072,5281
185.4467010498047,5280
185.44755291938782,5279
185.44809198379517,5278
185.45166778564453,5277
185.45393896102905,5276
185.45511388778687,5275
185.45690488815308,5274
185.45824885368347,5273
185.4591019153595,5272
185.46108198165894,5271
185.46194195747375,5270
185.46263694763184,5269
185.4628541469574,5268
185.4657599925995,5267
185.47263979911804,5266
185.47896218299866,5265
185.47981309890747,5264
185.48115396499634,5263
185.4838719367981,5262
185.48758792877197,5261
185.48782205581665,5260
185.49073696136475,5259
185.49096393585205,5258
185.49849581718445,5257
185.50291919708252,5256
185.50345492362976,5255
185.5111448764801,5254
185.51343894004822,5253
185.51413083076477,5252
185.51561498641968,5251
185.5185079574585,5250
185.51889610290527,5249
185.52394199371338,5248
185.53053212165833,5247
185.53122806549072,5246
185.53735899925232,5245
185.53853607177734,5244
185.5390908718109,5243
185.53978490829468,5242
185.54297804832458,5241
185.54908299446106,5240
185.5522768497467,5239
185.55504298210144,5238
185.55791997909546,5237
185.5581510066986,5236
185.5596408843994,5235
185.56221508979797,5234
185.56307196617126,5233
185.56391787528992,5232
185.56893301010132,5231
185.57025694847107,5230
185.58348298072815,5229
185.58743381500244,5228
185.59398913383484,5227
185.59582901000977,5226
185.5976619720459,5225
185.59836101531982,5224
185.600821018219,5223
185.6021499633789,5222
185.60462403297424,5221
185.61125707626343,5220
185.61593580245972,5219
185.61928391456604,5218
185.62733697891235,5217
185.6286540031433,5216
185.6317479610443,5215
185.6324429512024,5214
185.63409876823425,5213
185.63989996910095,5212
185.64046502113342,5211
185.64533710479736,5210
185.64603996276855,5209
185.6467261314392,5208
185.65270709991455,5207
185.65327095985413,5206
185.6614110469818,5205
185.66289615631104,5204
185.66536808013916,5203
185.66637587547302,5202
185.67481112480164,5201
185.6755039691925,5200
185.68119287490845,5199
185.6820409297943,5198
185.68514490127563,5197
185.68552494049072,5196
185.68797779083252,5195
185.69023776054382,5194
185.69157695770264,5193
185.6966519355774,5192
185.69991278648376,5191
185.7007658481598,5190
185.70337295532227,5189
185.7035949230194,5188
185.70697116851807,5187
185.71047592163086,5186
185.71341800689697,5185
185.72131085395813,5184
185.72369599342346,5183
185.7247669696808,5182
185.72531986236572,5181
185.72809886932373,5180
185.7320318222046,5179
185.73375296592712,5178
185.73574590682983,5177
185.73786687850952,5176
185.74406504631042,5175
185.7442889213562,5174
185.74804186820984,5173
185.7482669353485,5172
185.7489619255066,5171
185.7493438720703,5170
185.75020694732666,5169
185.75675106048584,5168
185.76164507865906,5167
185.7645411491394,5166
185.76958107948303,5165
185.7720160484314,5164
185.77787399291992,5163
185.77809810638428,5162
185.77847290039062,5161
185.78143191337585,5160
185.7827570438385,5159
185.78329491615295,5158
185.78398990631104,5157
185.78614115715027,5156
185.78652787208557,5155
185.7897789478302,5154
185.79033207893372,5153
185.79072189331055,5152
185.7942409515381,5151
185.79617977142334,5150
185.80603003501892,5149
185.8075029850006,5148
185.81987500190735,5147
185.82041311264038,5146
185.82654690742493,5145
185.8299059867859,5144
185.8306107521057,5143
185.8316149711609,5142
185.83760714530945,5141
185.8403480052948,5140
185.8405737876892,5139
185.8411009311676,5138
185.8424198627472,5137
185.84615802764893,5136
185.84653782844543,5135
185.85057711601257,5134
185.85127592086792,5133
185.85357403755188,5132
185.85895586013794,5131
185.85916900634766,5130
185.8593828678131,5129
185.86132097244263,5128
185.86348795890808,5127
185.86387085914612,5126
185.86650681495667,5125
185.86766409873962,5124
185.86851406097412,5123
185.87233090400696,5122
185.87302803993225,5121
185.87386894226074,5120
185.87632608413696,5119
185.8793590068817,5118
185.88052701950073,5117
185.88121581077576,5116
185.88175511360168,5115
185.88431406021118,5114
185.88869094848633,5113
185.88968992233276,5112
185.89677786827087,5111
185.9071798324585,5110
185.91027283668518,5109
185.91127395629883,5108
185.91450786590576,5107
185.91597509384155,5106
185.91748690605164,5105
185.919291973114,5104
185.92271089553833,5103
185.9240219593048,5102
185.9245569705963,5101
185.92757081985474,5100
185.9290521144867,5099
185.92958092689514,5098
185.93333292007446,5097
185.9383749961853,5096
185.94145894050598,5095
185.9443371295929,5094
185.95025992393494,5093
185.95047688484192,5092
185.9510099887848,5091
185.9526240825653,5090
185.95729303359985,5089
185.9584460258484,5088
185.9591348171234,5087
185.96418809890747,5086
185.96889805793762,5085
185.97278690338135,5084
185.97427487373352,5083
185.97745203971863,5082
185.97992205619812,5081
185.98139476776123,5080
185.9838399887085,5079
185.98437404632568,5078
185.98475193977356,5077
185.98560309410095,5076
185.99990701675415,5075
186.0029900074005,5074
186.01132988929749,5073
186.01617813110352,5072
186.01721000671387,5071
186.0187029838562,5070
186.02282786369324,5069
186.02384305000305,5068
186.02500009536743,5067
186.03380608558655,5066
186.0365128517151,5065
186.03736209869385,5064
186.03851103782654,5063
186.04667401313782,5062
186.04911494255066,5061
186.04964900016785,5060
186.05001378059387,5059
186.0514919757843,5058
186.0546669960022,5057
186.05489301681519,5056
186.05828499794006,5055
186.06073904037476,5054
186.06302881240845,5053
186.07386589050293,5052
186.07678198814392,5051
186.07808780670166,5050
186.0816638469696,5049
186.08219194412231,5048
186.0823998451233,5047
186.08309388160706,5046
186.0884599685669,5045
186.0974178314209,5044
186.09763407707214,5043
186.09943294525146,5042
186.10199284553528,5041
186.10888600349426,5040
186.11396098136902,5039
186.11591696739197,5038
186.11708784103394,5037
186.11825799942017,5036
186.1194190979004,5035
186.1205940246582,5034
186.12158513069153,5033
186.1230640411377,5032
186.13122081756592,5031
186.13160109519958,5030
186.13304805755615,5029
186.1355140209198,5028
186.1359190940857,5027
186.13659405708313,5026
186.13926100730896,5025
186.14214706420898,5024
186.14405179023743,5023
186.14441800117493,5022
186.14756393432617,5021
186.15273690223694,5020
186.16681480407715,5019
186.1692237854004,5018
186.1765639781952,5017
186.18034982681274,5016
186.18232703208923,5015
186.18332886695862,5014
186.188570022583,5013
186.18988680839539,5012
186.19277787208557,5011
186.19346284866333,5010
186.1939880847931,5009
186.1994171142578,5008
186.20087695121765,5007
186.20109677314758,5006
186.20367884635925,5005
186.20435976982117,5004
186.21318101882935,5003
186.21708512306213,5002
186.22105383872986,5001
186.22311902046204,5000
186.22865295410156,4999
186.23562598228455,4998
186.24026203155518,4997
186.24140691757202,4996
186.24491786956787,4995
186.2474410533905,4994
186.24827313423157,4993
186.2491099834442,4992
186.2527768611908,4991
186.25422310829163,4990
186.2547481060028,4989
186.25882482528687,4988
186.26029109954834,4987
186.26327204704285,4986
186.264750957489,4985
186.2658989429474,4984
186.27425599098206,4983
186.27447390556335,4982
186.2776129245758,4981
186.27815103530884,4980
186.29464101791382,4979
186.29949402809143,4978
186.30270504951477,4977
186.304780960083,4976
186.30770182609558,4975
186.30945706367493,4974
186.31187200546265,4973
186.3125479221344,4972
186.31920289993286,4971
186.3206651210785,4970
186.3226318359375,4969
186.32499814033508,4968
186.32663798332214,4967
186.3279311656952,4966
186.32925605773926,4965
186.3358907699585,4964
186.33784198760986,4963
186.34006810188293,4962
186.3409080505371,4961
186.34173679351807,4960
186.34694004058838,4959
186.3492980003357,4958
186.35060906410217,4957
186.35846185684204,4956
186.35991287231445,4955
186.36120200157166,4954
186.36205101013184,4953
186.36333680152893,4952
186.36495900154114,4951
186.36518001556396,4950
186.36677598953247,4949
186.37172198295593,4948
186.37289094924927,4947
186.37387681007385,4946
186.37408876419067,4945
186.3785970211029,4944
186.3811161518097,4943
186.38632011413574,4942
186.38745212554932,4941
186.39077806472778,4940
186.39266920089722,4939
186.39413285255432,4938
186.3992350101471,4937
186.39977312088013,4936
186.40213298797607,4935
186.4039101600647,4934
186.40901398658752,4933
186.41110181808472,4932
186.4184319972992,4931
186.42035508155823,4930
186.42299580574036,4929
186.42756390571594,4928
186.43006777763367,4927
186.43151307106018,4926
186.44013786315918,4925
186.44175791740417,4924
186.4442539215088,4923
186.44446396827698,4922
186.44574880599976,4921
186.44917178153992,4920
186.45269799232483,4919
186.45825099945068,4918
186.46272993087769,4917
186.4684808254242,4916
186.4702639579773,4915
186.4710991382599,4914
186.47319102287292,4913
186.479101896286,4912
186.47947597503662,4911
186.48583698272705,4910
186.48791003227234,4909
186.48813104629517,4908
186.48834204673767,4907
186.49161887168884,4906
186.4965307712555,4905
186.49919891357422,4904
186.501140832901,4903
186.5016679763794,4902
186.5045359134674,4901
186.5195779800415,4900
186.52105903625488,4899
186.52755403518677,4898
186.5327751636505,4897
186.53927493095398,4896
186.54934191703796,4895
186.55017375946045,4894
186.55368900299072,4893
186.5546679496765,4892
186.5562858581543,4891
186.55742001533508,4890
186.56686997413635,4889
186.5673909187317,4888
186.57135796546936,4887
186.57359290122986,4886
186.5774188041687,4885
186.57763290405273,4884
186.58162093162537,4883
186.58214116096497,4882
186.58594918251038,4881
186.5861620903015,4880
186.58807277679443,4879
186.58827996253967,4878
186.59272384643555,4877
186.59508085250854,4876
186.5996708869934,4875
186.60050082206726,4874
186.61306381225586,4873
186.6151111125946,4872
186.6167447566986,4871
186.61726188659668,4870
186.6262309551239,4869
186.62832403182983,4868
186.62994813919067,4867
186.63077807426453,4866
186.6383237838745,4865
186.64206194877625,4864
186.64429306983948,4863
186.64526510238647,4862
186.64752507209778,4861
186.65033602714539,4860
186.65647721290588,4859
186.6604039669037,4858
186.66264390945435,4857
186.66393303871155,4856
186.6674201488495,4855
186.6676321029663,4854
186.66798901557922,4853
186.67460179328918,4852
186.67481589317322,4851
186.67777609825134,4850
186.67908906936646,4849
186.6794490814209,4848
186.680762052536,4847
186.69209909439087,4846
186.69356989860535,4845
186.694433927536,4844
186.6996898651123,4843
186.70082306861877,4842
186.70337390899658,4841
186.711101770401,4840
186.71288585662842,4839
186.7147879600525,4838
186.72077679634094,4837
186.72526001930237,4836
186.72625398635864,4835
186.73397707939148,4834
186.74421381950378,4833
186.74578714370728,4832
186.7490680217743,4831
186.7539529800415,4830
186.75509905815125,4829
186.75651907920837,4828
186.75797605514526,4827
186.76605105400085,4826
186.77210998535156,4825
186.78426003456116,4824
186.7860279083252,4823
186.78806591033936,4822
186.79182696342468,4821
186.7935540676117,4820
186.7965579032898,4819
186.80177092552185,4818
186.80445194244385,4817
186.80647993087769,4816
186.80700397491455,4815
186.80721402168274,4814
186.8108320236206,4813
186.8199110031128,4812
186.82877397537231,4811
186.8291380405426,4810
186.8310489654541,4809
186.83808207511902,4808
186.8465278148651,4807
186.84779906272888,4806
186.84939098358154,4805
186.8519070148468,4804
186.85910606384277,4803
186.86220502853394,4802
186.86987400054932,4801
186.8723680973053,4800
186.87768697738647,4799
186.8782000541687,4798
186.8860149383545,4797
186.8880729675293,4796
186.8929419517517,4795
186.89543104171753,4794
186.8964080810547,4793
186.89966106414795,4792
186.90406107902527,4791
186.90504097938538,4790
186.9058849811554,4789
186.90960001945496,4788
186.91027903556824,4787
186.91751909255981,4786
186.92099499702454,4785
186.9262080192566,4784
186.92873096466064,4783
186.92924690246582,4782
186.9303970336914,4781
186.93196988105774,4780
186.936203956604,4779
186.94821500778198,4778
186.94858598709106,4777
186.95146894454956,4776
186.95352220535278,4775
186.9679069519043,4774
186.96842098236084,4773
186.97409987449646,4772
186.9766058921814,4771
186.98253107070923,4770
186.98321104049683,4769
186.9837291240692,4768
186.9848611354828,4767
186.98956108093262,4766
186.99099206924438,4765
186.99648714065552,4764
186.99943590164185,4763
187.00494003295898,4762
187.01051688194275,4761
187.0158669948578,4760
187.02736401557922,4759
187.02834606170654,4758
187.03007793426514,4757
187.03168988227844,4756
187.03296399116516,4755
187.03720808029175,4754
187.03833484649658,4753
187.04210710525513,4752
187.04672718048096,4751
187.0531449317932,4750
187.0550241470337,4749
187.0606861114502,4748
187.0624189376831,4747
187.06418085098267,4746
187.06560707092285,4745
187.0687611103058,4744
187.0717179775238,4743
187.07877802848816,4742
187.08081197738647,4741
187.1018090248108,4740
187.10308599472046,4739
187.103444814682,4738
187.1044430732727,4737
187.10571789741516,4736
187.1077868938446,4735
187.1175878047943,4734
187.11875295639038,4733
187.11927008628845,4732
187.1294229030609,4731
187.13343787193298,4730
187.13490200042725,4729
187.13557291030884,4728
187.13701391220093,4727
187.138925075531,4726
187.1394510269165,4725
187.14056992530823,4724
187.14371800422668,4723
187.14529705047607,4722
187.1481351852417,4721
187.14849996566772,4720
187.15009808540344,4719
187.15589809417725,4718
187.15610694885254,4717
187.15738010406494,4716
187.16394114494324,4715
187.16429781913757,4714
187.16679286956787,4713
187.16792583465576,4712
187.16813206672668,4711
187.17212796211243,4710
187.17581582069397,4709
187.1801881790161,4708
187.18236780166626,4707
187.1830439567566,4706
187.19628500938416,4705
187.1971459388733,4704
187.20146703720093,4703
187.2016739845276,4702
187.20421075820923,4701
187.2077600955963,4700
187.2129099369049,4699
187.21478486061096,4698
187.21500515937805,4697
187.22199892997742,4696
187.22645020484924,4695
187.2272870540619,4694
187.2290060520172,4693
187.22952890396118,4692
187.23112297058105,4691
187.23858904838562,4690
187.23880290985107,4689
187.23917293548584,4688
187.2447919845581,4687
187.24516081809998,4686
187.25094294548035,4685
187.26053500175476,4684
187.26540207862854,4683
187.26637196540833,4682
187.26858496665955,4681
187.27093195915222,4680
187.27145791053772,4679
187.27452206611633,4678
187.2751920223236,4677
187.29037880897522,4676
187.29104709625244,4675
187.2960820198059,4674
187.29707312583923,4673
187.29863905906677,4672
187.30609893798828,4671
187.307363986969,4670
187.30849409103394,4669
187.3088538646698,4668
187.30983901023865,4667
187.3218710422516,4666
187.3359410762787,4665
187.33876299858093,4664
187.34315586090088,4663
187.34381890296936,4662
187.3549840450287,4661
187.3553488254547,4660
187.36542296409607,4659
187.370609998703,4658
187.37082481384277,4657
187.37647199630737,4656
187.38995504379272,4655
187.39340591430664,4654
187.39497303962708,4653
187.39810490608215,4652
187.40359687805176,4651
187.40441393852234,4650
187.40567994117737,4649
187.4062020778656,4648
187.4234538078308,4647
187.4261360168457,4646
187.42728281021118,4645
187.4281039237976,4644
187.43177103996277,4643
187.4325921535492,4642
187.43656015396118,4641
187.43968987464905,4640
187.4417109489441,4639
187.4449918270111,4638
187.4452028274536,4637
187.44587397575378,4636
187.45344495773315,4635
187.458890914917,4634
187.46197199821472,4633
187.46789503097534,4632
187.47447204589844,4631
187.47576117515564,4630
187.4761199951172,4629
187.48157691955566,4628
187.48749089241028,4627
187.48860883712769,4626
187.49230003356934,4625
187.49357891082764,4624
187.4964940547943,4623
187.50438284873962,4622
187.50639605522156,4621
187.50813508033752,4620
187.50864601135254,4619
187.51068687438965,4618
187.51901698112488,4617
187.51969981193542,4616
187.52066493034363,4615
187.52087807655334,4614
187.52108001708984,4613
187.53154706954956,4612
187.53821206092834,4611
187.54473495483398,4610
187.55125093460083,4609
187.55521988868713,4608
187.55820298194885,4607
187.56187295913696,4606
187.56882500648499,4605
187.57450413703918,4604
187.58325600624084,4603
187.588232755661,4602
187.59217977523804,4601
187.59497094154358,4600
187.5965700149536,4599
187.60239720344543,4598
187.6095678806305,4597
187.60977602005005,4596
187.61059284210205,4595
187.61155796051025,4594
187.6122190952301,4593
187.61942386627197,4592
187.620600938797,4591
187.62447881698608,4590
187.6354217529297,4589
187.63870191574097,4588
187.65506601333618,4587
187.65740203857422,4586
187.65840411186218,4585
187.66605496406555,4584
187.6665678024292,4583
187.66738390922546,4582
187.66928601264954,4581
187.67525506019592,4580
187.6780960559845,4579
187.68073892593384,4578
187.68449306488037,4577
187.68805813789368,4576
187.68966698646545,4575
187.70442700386047,4574
187.7098889350891,4573
187.71147894859314,4572
187.71167993545532,4571
187.71657395362854,4570
187.71982502937317,4569
187.7276029586792,4568
187.72841787338257,4567
187.7334189414978,4566
187.7346851825714,4565
187.74019813537598,4564
187.74086594581604,4563
187.74432492256165,4562
187.7529001235962,4561
187.75868797302246,4560
187.76010584831238,4559
187.77007293701172,4558
187.77486205101013,4557
187.7804820537567,4556
187.78387093544006,4555
187.78803610801697,4554
187.7947759628296,4553
187.79652094841003,4552
187.8067910671234,4551
187.80731296539307,4550
187.8096218109131,4549
187.80997705459595,4548
187.82113885879517,4547
187.8215069770813,4546
187.8223259449005,4545
187.8289840221405,4544
187.83149790763855,4543
187.8318681716919,4542
187.83867406845093,4541
187.83918619155884,4540
187.84062790870667,4539
187.8507571220398,4538
187.86033391952515,4537
187.86415791511536,4536
187.8671247959137,4535
187.87411093711853,4534
187.8766360282898,4533
187.87927913665771,4532
187.87949395179749,4531
187.88394594192505,4530
187.88666319847107,4529
187.8876440525055,4528
187.88785982131958,4527
187.89296507835388,4526
187.89392495155334,4525
187.89858293533325,4524
187.90329098701477,4523
187.90380692481995,4522
187.90688300132751,4521
187.90924501419067,4520
187.91035890579224,4519
187.91102290153503,4518
187.9294707775116,4517
187.9303150177002,4516
187.93564677238464,4515
187.9524908065796,4514
187.95827507972717,4513
187.9586260318756,4512
187.96539092063904,4511
187.96908593177795,4510
187.97053408622742,4509
187.9757490158081,4508
187.9801299571991,4507
187.9851598739624,4506
187.99012804031372,4505
187.99259305000305,4504
187.99587392807007,4503
187.99683904647827,4502
187.9982681274414,4501
188.00123691558838,4500
188.00283694267273,4499
188.00635194778442,4498
188.00977611541748,4497
188.0114929676056,4496
188.0176718235016,4495
188.0183470249176,4494
188.02560305595398,4493
188.03107285499573,4492
188.03963804244995,4491
188.05476903915405,4490
188.0566749572754,4489
188.0587019920349,4488
188.05891609191895,4487
188.06016993522644,4486
188.06298112869263,4485
188.08347988128662,4484
188.08444499969482,4483
188.0897340774536,4482
188.09039878845215,4481
188.09504890441895,4480
188.09645414352417,4479
188.09727001190186,4478
188.10092782974243,4477
188.10190892219543,4476
188.1021180152893,4475
188.10433387756348,4474
188.1134021282196,4473
188.11823105812073,4472
188.11843919754028,4471
188.12076210975647,4470
188.1309049129486,4469
188.1358449459076,4468
188.13964581489563,4467
188.15335488319397,4466
188.1562521457672,4465
188.1595139503479,4464
188.1637580394745,4463
188.16412591934204,4462
188.17029094696045,4461
188.17081904411316,4460
188.1728711128235,4459
188.17654395103455,4458
188.1802852153778,4457
188.18831396102905,4456
188.1886830329895,4455
188.18996286392212,4454
188.1942389011383,4453
188.19659399986267,4452
188.200110912323,4451
188.2018530368805,4450
188.20296001434326,4449
188.20853805541992,4448
188.2158019542694,4447
188.21646690368652,4446
188.21847486495972,4445
188.22111892700195,4444
188.23172283172607,4443
188.23238801956177,4442
188.2363429069519,4441
188.23671007156372,4440
188.24424481391907,4439
188.2454948425293,4438
188.25244307518005,4437
188.2655200958252,4436
188.26604986190796,4435
188.26837015151978,4434
188.27701020240784,4433
188.28081512451172,4432
188.28163695335388,4431
188.2849760055542,4430
188.2865719795227,4429
188.29547095298767,4428
188.29751014709473,4427
188.3001148700714,4426
188.31179404258728,4425
188.31542801856995,4424
188.32144594192505,4423
188.32270503044128,4422
188.3244378566742,4421
188.3313970565796,4420
188.33575177192688,4419
188.35004091262817,4418
188.37007093429565,4417
188.3824291229248,4416
188.38370203971863,4415
188.38644814491272,4414
188.39336013793945,4413
188.39372301101685,4412
188.39877605438232,4411
188.4012348651886,4410
188.40145301818848,4409
188.4018039703369,4408
188.40633487701416,4407
188.41585302352905,4406
188.41622281074524,4405
188.41748189926147,4404
188.42105317115784,4403
188.42523002624512,4402
188.42543983459473,4401
188.4356188774109,4400
188.43880009651184,4399
188.4615547657013,4398
188.4745500087738,4397
188.47750401496887,4396
188.49099397659302,4395
188.50284004211426,4394
188.5040900707245,4393
188.50505590438843,4392
188.50705981254578,4391
188.52442383766174,4390
188.5341658592224,4389
188.53726506233215,4388
188.54759097099304,4387
188.55115008354187,4386
188.55135893821716,4385
188.56236100196838,4384
188.57980680465698,4383
188.58690190315247,4382
188.59651708602905,4381
188.59718298912048,4380
188.60307693481445,4379
188.60571193695068,4378
188.607271194458,4377
188.60977816581726,4376
188.61432909965515,4375
188.61728882789612,4374
188.62480998039246,4373
188.62671613693237,4372
188.6291618347168,4371
188.63566088676453,4370
188.6375069618225,4369
188.6462378501892,4368
188.64823293685913,4367
188.6576418876648,4366
188.66409993171692,4365
188.67641806602478,4364
188.68355298042297,4363
188.68725299835205,4362
188.68894982337952,4361
188.69684076309204,4360
188.69721484184265,4359
188.69972491264343,4358
188.7107491493225,4357
188.71203589439392,4356
188.72410702705383,4355
188.7249240875244,4354
188.72797894477844,4353
188.7314269542694,4352
188.73402905464172,4351
188.74080777168274,4350
188.7420630455017,4349
188.74348783493042,4348
188.74790382385254,4347
188.7508668899536,4346
188.75349402427673,4345
188.75861597061157,4344
188.761981010437,4343
188.7625048160553,4342
188.7664611339569,4341
188.79251384735107,4340
188.79541492462158,4339
188.8049509525299,4338
188.8189091682434,4337
188.82354402542114,4336
188.82689881324768,4335
188.82863092422485,4334
188.8348331451416,4333
188.84192776679993,4332
188.8431751728058,4331
188.84360218048096,4330
188.85203909873962,4329
188.85400795936584,4328
188.8670780658722,4327
188.8713572025299,4326
188.87198495864868,4325
188.877121925354,4324
188.88175892829895,4323
188.8843550682068,4322
188.8864529132843,4321
188.90220999717712,4320
188.90256714820862,4319
188.90785193443298,4318
188.91194009780884,4317
188.92026901245117,4316
188.92331194877625,4315
188.93196511268616,4314
188.9348452091217,4313
188.9432179927826,4312
188.9457938671112,4311
188.9591028690338,4310
188.960196018219,4309
188.98119115829468,4308
188.98538398742676,4307
189.00253987312317,4306
189.00290393829346,4305
189.00663900375366,4304
189.01396083831787,4303
189.0429768562317,4302
189.04597902297974,4301
189.06342911720276,4300
189.069904088974,4299
189.07864689826965,4298
189.0801739692688,4297
189.08063411712646,4296
189.08828687667847,4295
189.08968591690063,4294
189.09147310256958,4293
189.11268997192383,4292
189.1133098602295,4291
189.1273708343506,4290
189.13063597679138,4289
189.13260793685913,4288
189.13616299629211,4287
189.13636589050293,4286
189.14339900016785,4285
189.15268301963806,4284
189.15402793884277,4283
189.1623239517212,4282
189.16338992118835,4281
189.16624188423157,4280
189.167582988739,4279
189.1721761226654,4278
189.17980694770813,4277
189.1810338497162,4276
189.1832549571991,4275
189.18434190750122,4274
189.18465185165405,4273
189.18794584274292,4272
189.19532418251038,4271
189.2066149711609,4270
189.21836304664612,4269
189.2369499206543,4268
189.25565314292908,4267
189.2567160129547,4266
189.2569169998169,4265
189.25722789764404,4264
189.2595179080963,4263
189.2669780254364,4262
189.26891994476318,4261
189.28026580810547,4260
189.28621983528137,4259
189.2978479862213,4258
189.3055989742279,4257
189.30934190750122,4256
189.3126277923584,4255
189.31661677360535,4254
189.33904886245728,4253
189.34476399421692,4252
189.37798500061035,4251
189.37897300720215,4250
189.38399720191956,4249
189.39578700065613,4248
189.40412521362305,4247
189.4316771030426,4246
189.4319977760315,4245
189.43728399276733,4244
189.4376459121704,4243
189.44209694862366,4242
189.44437384605408,4241
189.44721698760986,4240
189.45436310768127,4239
189.45748805999756,4238
189.4607970714569,4237
189.46214294433594,4236
189.46708488464355,4235
189.47136783599854,4234
189.4758598804474,4233
189.47792887687683,4232
189.48313212394714,4231
189.48975610733032,4230
189.49055004119873,4229
189.49291801452637,4228
189.50301504135132,4227
189.5215940475464,4226
189.52872395515442,4225
189.55237793922424,4224
189.5547800064087,4223
189.5558261871338,4222
189.55602979660034,4221
189.58403706550598,4220
189.59040784835815,4219
189.62007999420166,4218
189.6233971118927,4217
189.62533688545227,4216
189.62612795829773,4215
189.63671112060547,4214
189.63838505744934,4213
189.63988590240479,4212
189.6445119380951,4211
189.64643096923828,4210
189.65105605125427,4209
189.65943002700806,4208
189.68060111999512,4207
189.69737792015076,4206
189.69905614852905,4205
189.70085287094116,4204
189.70222783088684,4203
189.7053439617157,4202
189.71212577819824,4201
189.71913599967957,4200
189.72224402427673,4199
189.7291030883789,4198
189.7301731109619,4197
189.73340106010437,4196
189.73563694953918,4195
189.74830412864685,4194
189.75053310394287,4193
189.7640790939331,4192
189.7655987739563,4191
189.7722201347351,4190
189.7922079563141,4189
189.79892301559448,4188
189.80886483192444,4187
189.81137895584106,4186
189.8175458908081,4185
189.82512092590332,4184
189.8394889831543,4183
189.84840297698975,4182
189.8510890007019,4181
189.85810708999634,4180
189.87274312973022,4179
189.8732099533081,4178
189.92924094200134,4177
189.93329501152039,4176
189.94091486930847,4175
189.94870281219482,4174
189.9488980770111,4173
189.95130491256714,4172
189.96029996871948,4171
189.96690392494202,4170
189.98040008544922,4169
189.98362374305725,4168
189.99169397354126,4167
189.9942021369934,4166
190.0052330493927,4165
190.01153874397278,4164
190.011901140213,4163
190.02844214439392,4162
190.03026509284973,4161
190.04269003868103,4160
190.04800605773926,4159
190.0540120601654,4158
190.06210613250732,4157
190.06695294380188,4156
190.0683228969574,4155
190.06979393959045,4154
190.07494592666626,4153
190.07514309883118,4152
190.0769829750061,4151
190.0790729522705,4150
190.0853250026703,4149
190.0877079963684,4148
190.08859205245972,4147
190.10643100738525,4146
190.11911010742188,4145
190.1206409931183,4144
190.12240886688232,4143
190.13152599334717,4142
190.1513159275055,4141
190.16135501861572,4140
190.16616296768188,4139
190.16767406463623,4138
190.19147205352783,4137
190.20900297164917,4136
190.21256494522095,4135
190.2137861251831,4134
190.2172908782959,4133
190.2208230495453,4132
190.23013496398926,4131
190.2355728149414,4130
190.24067091941833,4129
190.2729618549347,4128
190.28939986228943,4127
190.30485796928406,4126
190.3130910396576,4125
190.3204469680786,4124
190.32222199440002,4123
190.33403301239014,4122
190.33838987350464,4121
190.34308195114136,4120
190.37665820121765,4119
190.39292311668396,4118
190.41176295280457,4117
190.41501688957214,4116
190.42947387695312,4115
190.44018507003784,4114
190.4777488708496,4113
190.4868619441986,4112
190.52962803840637,4111
190.5330638885498,4110
190.53558111190796,4109
190.5448019504547,4108
190.55022311210632,4107
190.55537819862366,4106
190.58803606033325,4105
190.6015751361847,4104
190.60290813446045,4103
190.60745787620544,4102
190.61211895942688,4101
190.63497805595398,4100
190.6393530368805,4099
190.65915989875793,4098
190.6631269454956,4097
190.6637668609619,4096
190.6682620048523,4095
190.668771982193,4094
190.6790759563446,4093
190.68481707572937,4092
190.68846797943115,4091
190.69666981697083,4090
190.703675031662,4089
190.73210310935974,4088
190.74484610557556,4087
190.75980305671692,4086
190.76009702682495,4085
190.77721786499023,4084
190.78297996520996,4083
190.78350615501404,4082
190.7857267856598,4081
190.78880405426025,4080
190.78945183753967,4079
190.79651498794556,4078
190.80129599571228,4077
190.8044879436493,4076
190.82303094863892,4075
190.8242950439453,4074
190.82807898521423,4073
190.84070110321045,4072
190.84801602363586,4071
190.86490893363953,4070
190.87256693840027,4069
190.8789417743683,4068
190.8815360069275,4067
190.9043891429901,4066
190.91708898544312,4065
190.9176230430603,4064
190.91778898239136,4063
190.96313309669495,4062
190.96331095695496,4061
190.98040199279785,4060
191.00172400474548,4059
191.0042040348053,4058
191.01778984069824,4057
191.02074790000916,4056
191.0307171344757,4055
191.03368997573853,4054
191.04026317596436,4053
191.06140780448914,4052
191.07948303222656,4051
191.0920181274414,4050
191.0943570137024,4049
191.1252679824829,4048
191.1273090839386,4047
191.14909887313843,4046
191.1501190662384,4045
191.17843914031982,4044
191.20120787620544,4043
191.2050039768219,4042
191.20516395568848,4041
191.22834396362305,4040
191.23676204681396,4039
191.23776698112488,4038
191.24143981933594,4037
191.26662015914917,4036
191.27163791656494,4035
191.27335596084595,4034
191.27473497390747,4033
191.2991590499878,4032
191.29995584487915,4031
191.3091881275177,4030
191.31423091888428,4029
191.3153178691864,4028
191.3228828907013,4027
191.32510614395142,4026
191.35485696792603,4025
191.39036679267883,4024
191.4095640182495,4023
191.44406175613403,4022
191.46906900405884,4021
191.47579312324524,4020
191.4843671321869,4019
191.48489689826965,4018
191.48712587356567,4017
191.4906690120697,4016
191.49652075767517,4015
191.49849319458008,4014
191.50397896766663,4013
191.5128297805786,4012
191.52508997917175,4011
191.52635598182678,4010
191.53686904907227,4009
191.5419900417328,4008
191.5547161102295,4007
191.56089997291565,4006
191.56492590904236,4005
191.5778489112854,4004
191.58421301841736,4003
191.6042721271515,4002
191.61620593070984,4001
191.62810802459717,4000
191.6325080394745,3999
191.64312601089478,3998
191.65549778938293,3997
191.67065596580505,3996
191.6761510372162,3995
191.68101286888123,3994
191.68191409111023,3993
191.68726015090942,3992
191.70067691802979,3991
191.71002578735352,3990
191.7214949131012,3989
191.75138401985168,3988
191.75229692459106,3987
191.75850892066956,3986
191.77988195419312,3985
191.7940661907196,3984
191.8220579624176,3983
191.86583399772644,3982
191.8741159439087,3981
191.8849380016327,3980
191.88888001441956,3979
191.90741086006165,3978
191.932785987854,3977
191.93416500091553,3976
191.94013094902039,3975
191.94269514083862,3974
191.9503390789032,3973
191.95654702186584,3972
191.96625185012817,3971
191.96774101257324,3970
191.9695029258728,3969
191.97435784339905,3968
191.98412108421326,3967
192.00919699668884,3966
192.0207269191742,3965
192.02440214157104,3964
192.03928995132446,3963
192.0576901435852,3962
192.06657099723816,3961
192.07386207580566,3960
192.0741491317749,3959
192.08675694465637,3958
192.0935878753662,3957
192.09930992126465,3956
192.1128649711609,3955
192.1237280368805,3954
192.14016389846802,3953
192.1864709854126,3952
192.19275212287903,3951
192.21362400054932,3950
192.22961807250977,3949
192.2455759048462,3948
192.24806189537048,3947
192.2493028640747,3946
192.25021195411682,3945
192.25133681297302,3944
192.2847809791565,3943
192.28604006767273,3942
192.30356907844543,3941
192.31018996238708,3940
192.3290069103241,3939
192.36282587051392,3938
192.3669970035553,3937
192.3824610710144,3936
192.41935086250305,3935
192.4238519668579,3934
192.44966387748718,3933
192.4505739212036,3932
192.46988797187805,3931
192.4899389743805,3930
192.5353820323944,3929
192.53713297843933,3928
192.56740713119507,3927
192.58310174942017,3926
192.58617305755615,3925
192.61200881004333,3924
192.64824295043945,3923
192.66632795333862,3922
192.6896710395813,3921
192.69177198410034,3920
192.69362592697144,3919
192.77786684036255,3918
192.78183913230896,3917
192.79599499702454,3916
192.804790019989,3915
192.80495309829712,3914
192.85505390167236,3913
192.86504101753235,3912
192.8783359527588,3911
192.89818477630615,3910
192.90458297729492,3909
192.96723079681396,3908
192.980703830719,3907
193.00829887390137,3906
193.07447481155396,3905
193.08379006385803,3904
193.08860802650452,3903
193.09319281578064,3902
193.1223430633545,3901
193.18757915496826,3900
193.19108605384827,3899
193.19406294822693,3898
193.19751691818237,3897
193.20002698898315,3896
193.20121002197266,3895
193.24661588668823,3894
193.28365898132324,3893
193.31357502937317,3892
193.36797499656677,3891
193.4071249961853,3890
193.4632601737976,3889
193.50456500053406,3888
193.5718379020691,3887
193.61231899261475,3886
193.63567900657654,3885
193.64536905288696,3884
193.670832157135,3883
193.67967796325684,3882
193.69787311553955,3881
193.73428082466125,3880
193.7648320198059,3879
193.7794280052185,3878
193.8552827835083,3877
193.88944101333618,3876
193.90229487419128,3875
193.9184069633484,3874
193.9235110282898,3873
193.9279270172119,3872
193.95200991630554,3871
193.96375012397766,3870
193.97026085853577,3869
