0.0,484360
174.31295609474182,4577
174.32051301002502,4576
174.33393931388855,4575
174.3385090827942,4574
174.34039402008057,4573
174.3409230709076,4572
174.3415880203247,4571
174.3579020500183,4570
174.35963916778564,4569
174.3684961795807,4568
174.37203907966614,4567
174.37380719184875,4566
174.37523293495178,4565
174.3785378932953,4564
174.3796820640564,4563
174.3815941810608,4562
174.38392806053162,4561
174.38862895965576,4560
174.39066004753113,4559
174.39766311645508,4558
174.40544724464417,4557
174.40815997123718,4556
174.41562914848328,4555
174.42003107070923,4554
174.4243540763855,4553
174.43385219573975,4552
174.43859195709229,4551
174.45007991790771,4550
174.4515073299408,4549
174.45340633392334,4548
174.4561891555786,4547
174.45964527130127,4546
174.46636509895325,4545
174.4846739768982,4544
174.4910671710968,4543
174.4929940700531,4542
174.49562811851501,4541
174.4966220855713,4540
174.49804711341858,4539
174.50335812568665,4538
174.51506519317627,4537
174.52576518058777,4536
174.53111696243286,4535
174.5376570224762,4534
174.54318404197693,4533
174.54663610458374,4532
174.55652403831482,4531
174.56279015541077,4530
174.56602907180786,4529
174.5687131881714,4528
174.57287216186523,4527
174.57773303985596,4526
174.58006405830383,4525
174.58057808876038,4524
174.58533811569214,4523
174.5867760181427,4522
174.59198212623596,4521
174.59993815422058,4520
174.6059010028839,4519
174.61339116096497,4518
174.61678004264832,4517
174.619793176651,4516
174.637677192688,4515
174.64315915107727,4514
174.6518199443817,4513
174.65432715415955,4512
174.66433215141296,4511
174.66454815864563,4510
174.67014408111572,4509
174.6729121208191,4508
174.68065094947815,4507
174.68538904190063,4506
174.6868281364441,4505
174.68734002113342,4504
174.69202399253845,4503
174.6997561454773,4502
174.70461797714233,4501
174.7087481021881,4500
174.71187806129456,4499
174.7130103111267,4498
174.71583890914917,4497
174.7175590991974,4496
174.718994140625,4495
174.7244689464569,4494
174.73634910583496,4493
174.73851895332336,4492
174.74042916297913,4491
174.7439579963684,4490
174.74785828590393,4489
174.7546989917755,4488
174.77354502677917,4487
174.7778491973877,4486
174.7826690673828,4485
174.7886199951172,4484
174.7965271472931,4483
174.810879945755,4482
174.822918176651,4481
174.82674717903137,4480
174.8414101600647,4479
174.84440231323242,4478
174.8634512424469,4477
174.8645691871643,4476
174.86600399017334,4475
174.87767219543457,4474
174.88283324241638,4473
174.8872730731964,4472
174.8907172679901,4471
174.89924025535583,4470
174.9013261795044,4469
174.90230917930603,4468
174.91255712509155,4467
174.92031908035278,4466
174.92531609535217,4465
174.9272530078888,4464
174.92747116088867,4463
174.93541312217712,4462
174.9366011619568,4461
174.93740916252136,4460
174.93777108192444,4459
174.94177722930908,4458
174.94971323013306,4457
174.9670581817627,4456
174.96726608276367,4455
174.96838808059692,4454
174.97342014312744,4453
174.98197293281555,4452
174.9821801185608,4451
174.98495507240295,4450
174.98515510559082,4449
174.98859000205994,4448
174.9906041622162,4447
174.99805116653442,4446
174.99947810173035,4445
175.00478792190552,4444
175.0089132785797,4443
175.01234412193298,4442
175.01391315460205,4441
175.0196590423584,4440
175.02923798561096,4439
175.03405117988586,4438
175.03440618515015,4437
175.0350639820099,4436
175.0402421951294,4435
175.04496002197266,4434
175.0659441947937,4433
175.07184314727783,4432
175.07608699798584,4431
175.07768607139587,4430
175.0852222442627,4429
175.08710026741028,4428
175.09434533119202,4427
175.1104371547699,4426
175.11184000968933,4425
175.11296820640564,4424
175.11452412605286,4423
175.12450194358826,4422
175.12740516662598,4421
175.1289930343628,4420
175.12995505332947,4419
175.1420578956604,4418
175.15467596054077,4417
175.15807723999023,4416
175.16126799583435,4415
175.16814994812012,4414
175.1735589504242,4413
175.1801381111145,4412
175.18642616271973,4411
175.18724822998047,4410
175.19354701042175,4409
175.20693922042847,4408
175.21108031272888,4407
175.2183210849762,4406
175.22213292121887,4405
175.23230719566345,4404
175.23491096496582,4403
175.2396900653839,4402
175.26443696022034,4401
175.27807116508484,4400
175.29853701591492,4399
175.30225110054016,4398
175.3075430393219,4397
175.31232213974,4396
175.31731915473938,4395
175.33519506454468,4394
175.34293603897095,4393
175.34436416625977,4392
175.3486032485962,4391
175.3494279384613,4390
175.3511312007904,4389
175.35671210289001,4388
175.35781908035278,4387
175.36350107192993,4386
175.36714506149292,4385
175.3836591243744,4384
175.3861129283905,4383
175.38986206054688,4382
175.3908200263977,4381
175.39241433143616,4380
175.40919399261475,4379
175.4282350540161,4378
175.4312949180603,4377
175.4334740638733,4376
175.44203209877014,4375
175.44886803627014,4374
175.44907999038696,4373
175.45199728012085,4372
175.45249819755554,4371
175.45654606819153,4370
175.45810413360596,4369
175.48446202278137,4368
175.48992013931274,4367
175.49271297454834,4366
175.4941201210022,4365
175.50182914733887,4364
175.50293397903442,4363
175.5063281059265,4362
175.50668907165527,4361
175.5165092945099,4360
175.53027200698853,4359
175.53972911834717,4358
175.54010009765625,4357
175.54121017456055,4356
175.54142117500305,4355
175.5470871925354,4354
175.5513231754303,4353
175.5609951019287,4352
175.56868505477905,4351
175.57407522201538,4350
175.58084511756897,4349
175.58623814582825,4348
175.58941793441772,4347
175.58961820602417,4346
175.59301114082336,4345
175.5970811843872,4344
175.5995659828186,4343
175.59977412223816,4342
175.60400319099426,4341
175.60613298416138,4340
175.61136102676392,4339
175.62422227859497,4338
175.6420931816101,4337
175.65093111991882,4336
175.65283203125,4335
175.65693521499634,4334
175.65715503692627,4333
175.65949630737305,4332
175.66686511039734,4331
175.66784930229187,4330
175.67868518829346,4329
175.7044641971588,4328
175.73673009872437,4327
175.7573742866516,4326
175.7581820487976,4325
175.7593002319336,4324
175.77235102653503,4323
175.78210711479187,4322
175.78690195083618,4321
175.78998708724976,4320
175.8013050556183,4319
175.80227303504944,4318
175.8046431541443,4317
175.82509803771973,4316
175.8371262550354,4315
175.8421790599823,4314
175.84773111343384,4313
175.8541350364685,4312
175.85567998886108,4311
175.87332201004028,4310
175.87716102600098,4309
175.893452167511,4308
175.89677000045776,4307
175.90152406692505,4306
175.9043939113617,4305
175.90700793266296,4304
175.90914106369019,4303
175.9140191078186,4302
175.92044520378113,4301
175.92368626594543,4300
175.9432942867279,4299
175.94666814804077,4298
175.9482102394104,4297
175.95536422729492,4296
175.95557188987732,4295
175.95667910575867,4294
175.96458315849304,4293
175.96865725517273,4292
175.97981214523315,4291
175.99029922485352,4290
175.99742221832275,4289
176.00760316848755,4288
176.01827025413513,4287
176.01938724517822,4286
176.02224111557007,4285
176.03613424301147,4284
176.0447371006012,4283
176.05912399291992,4282
176.05949115753174,4281
176.06920218467712,4280
176.08334517478943,4279
176.1028561592102,4278
176.10409808158875,4277
176.1083881855011,4276
176.1103663444519,4275
176.1179850101471,4274
176.11819529533386,4273
176.12019610404968,4272
176.12439227104187,4271
176.1348900794983,4270
176.14958119392395,4269
176.15223121643066,4268
176.15930700302124,4267
176.16968703269958,4266
176.1724181175232,4265
176.1842200756073,4264
176.18546414375305,4263
176.1924810409546,4262
176.19268918037415,4261
176.19451999664307,4260
176.1957700252533,4259
176.20903325080872,4258
176.2137153148651,4257
176.2237741947174,4256
176.23392009735107,4255
176.23714399337769,4254
176.23794507980347,4253
176.24359512329102,4252
176.24928402900696,4251
176.25845193862915,4250
176.25984001159668,4249
176.2743489742279,4248
176.27662110328674,4247
176.27819418907166,4246
176.2810480594635,4245
176.28589010238647,4244
176.2910861968994,4243
176.2972972393036,4242
176.30004405975342,4241
176.3019151687622,4240
176.30597305297852,4239
176.31010913848877,4238
176.31267023086548,4237
176.32264614105225,4236
176.3328821659088,4235
176.33398008346558,4234
176.33433318138123,4233
176.334979057312,4232
176.3391580581665,4231
176.35004305839539,4230
176.36016011238098,4229
176.36265802383423,4228
176.37591218948364,4227
176.40868210792542,4226
176.41022300720215,4225
176.4263961315155,4224
176.4273500442505,4223
176.4417221546173,4222
176.44207620620728,4221
176.44864916801453,4220
176.4528350830078,4219
176.47512006759644,4218
176.47753596305847,4217
176.47896122932434,4216
176.48152494430542,4215
176.4918451309204,4214
176.49720811843872,4213
176.50539016723633,4212
176.51653599739075,4211
176.53066420555115,4210
176.54530715942383,4209
176.5733540058136,4208
176.58833003044128,4207
176.58884191513062,4206
176.59228801727295,4205
176.5931031703949,4204
176.59462118148804,4203
176.6059181690216,4202
176.61023616790771,4201
176.63109803199768,4200
176.63379907608032,4199
176.63775610923767,4198
176.6455762386322,4197
176.64742398262024,4196
176.64851808547974,4195
176.6648392677307,4194
176.6695852279663,4193
176.67159390449524,4192
176.6795470714569,4191
176.689453125,4190
176.69404530525208,4189
176.71773099899292,4188
176.73694109916687,4187
176.73968625068665,4186
176.74503231048584,4185
176.74853801727295,4184
176.74962210655212,4183
176.75087523460388,4182
176.75800704956055,4181
176.76508808135986,4180
176.76603317260742,4179
176.77116203308105,4178
176.82458591461182,4177
176.8572371006012,4176
176.8884391784668,4175
176.90313124656677,4174
176.90989518165588,4173
176.910480260849,4172
176.9268159866333,4171
176.9370720386505,4170
176.9545910358429,4169
176.95643305778503,4168
176.95911598205566,4167
176.96396112442017,4166
176.96446323394775,4165
176.97051429748535,4164
176.9888710975647,4163
176.9908971786499,4162
176.99271392822266,4161
177.00748014450073,4160
177.0161862373352,4159
177.022390127182,4158
177.02303814888,4157
177.04455494880676,4156
177.05078125,4155
177.05880904197693,4154
177.0590431690216,4153
177.05991411209106,4152
177.07122206687927,4151
177.0771291255951,4150
177.08553433418274,4149
177.08618998527527,4148
177.0921070575714,4147
177.09786105155945,4146
177.11035013198853,4145
177.12239813804626,4144
177.13815021514893,4143
177.1492781639099,4142
177.150799036026,4141
177.15398812294006,4140
177.15521621704102,4139
177.19118118286133,4138
177.19894409179688,4137
177.2021861076355,4136
177.22750902175903,4135
177.23386120796204,4134
177.2466812133789,4133
177.31857204437256,4132
177.32082605361938,4131
177.32563710212708,4130
177.32759308815002,4129
177.3303279876709,4128
177.340487241745,4127
177.36605405807495,4126
177.36830306053162,4125
177.38334012031555,4124
177.40880823135376,4123
177.4171929359436,4122
177.44360494613647,4121
177.4448480606079,4120
177.4549651145935,4119
177.45903730392456,4118
177.48131608963013,4117
177.50542902946472,4116
177.51962208747864,4115
177.53362917900085,4114
177.54165601730347,4113
177.56376314163208,4112
177.58849811553955,4111
177.60074591636658,4110
177.60732221603394,4109
177.6087040901184,4108
177.61088919639587,4107
177.6182279586792,4106
177.64629411697388,4105
177.66918110847473,4104
177.6830849647522,4103
177.69073009490967,4102
177.71276426315308,4101
177.75683403015137,4100
177.76272416114807,4099
177.78658199310303,4098
177.8150372505188,4097
177.8159999847412,4096
177.82468724250793,4095
177.83695197105408,4094
177.83877515792847,4093
177.84496903419495,4092
177.8556900024414,4091
177.85710215568542,4090
177.85960602760315,4089
177.86357307434082,4088
177.8665521144867,4087
177.86746311187744,4086
177.87190413475037,4085
177.8896403312683,4084
177.89201402664185,4083
177.90158200263977,4082
177.91775727272034,4081
177.92964100837708,4080
177.94293904304504,4079
177.9614520072937,4078
177.9626181125641,4077
177.96423602104187,4076
177.97042512893677,4075
177.97465229034424,4074
177.97603917121887,4073
177.98389720916748,4072
177.98796701431274,4071
178.00588631629944,4070
178.00824904441833,4069
178.02472805976868,4068
178.03026294708252,4067
178.03613209724426,4066
178.05121994018555,4065
178.06286907196045,4064
178.0874171257019,4063
178.0894420146942,4062
178.09094214439392,4061
178.09172010421753,4060
178.10405111312866,4059
178.11151504516602,4058
178.1120491027832,4057
178.11994910240173,4056
178.1478180885315,4055
178.15019702911377,4054
178.15476298332214,4053
178.15651297569275,4052
178.15994906425476,4051
178.1644892692566,4050
178.17137932777405,4049
178.1801860332489,4048
178.18859219551086,4047
178.1953251361847,4046
178.19658589363098,4045
178.19711995124817,4044
178.20612812042236,4043
178.2257583141327,4042
178.2351679801941,4041
178.2440629005432,4040
178.25296711921692,4039
178.2544722557068,4038
178.2552421092987,4037
178.26583909988403,4036
178.27528023719788,4035
178.27763605117798,4034
178.27986001968384,4033
178.30644917488098,4032
178.30674195289612,4031
178.32072019577026,4030
178.34182906150818,4029
178.36352610588074,4028
178.3765480518341,4027
178.38099193572998,4026
178.3851761817932,4025
178.41487908363342,4024
178.41626596450806,4023
178.4335231781006,4022
178.44358921051025,4021
178.46749901771545,4020
178.47644710540771,4019
178.4815149307251,4018
178.50419211387634,4017
178.51312708854675,4016
178.52437615394592,4015
178.5415222644806,4014
178.58623719215393,4013
178.60358023643494,4012
178.62364101409912,4011
178.6942331790924,4010
178.69965314865112,4009
178.7217800617218,4008
178.72330021858215,4007
178.75321412086487,4006
178.76131105422974,4005
178.76415014266968,4004
178.76758289337158,4003
178.77711820602417,4002
178.7872130870819,4001
178.80311799049377,4000
178.80573630332947,3999
178.81147408485413,3998
178.81369709968567,3997
178.86460304260254,3996
178.870619058609,3995
178.90173411369324,3994
178.91988134384155,3993
178.9381890296936,3992
178.94782733917236,3991
178.94981026649475,3990
178.9734389781952,3989
179.01569318771362,3988
179.06067514419556,3987
179.06975626945496,3986
179.07665920257568,3985
179.08809423446655,3984
179.10418915748596,3983
179.1204662322998,3982
179.1241672039032,3981
179.13258695602417,3980
179.13614416122437,3979
179.15219712257385,3978
179.18162202835083,3977
179.20271825790405,3976
179.20689606666565,3975
179.23017024993896,3974
179.23473715782166,3973
179.2412440776825,3972
179.24834418296814,3971
179.27918100357056,3970
179.28735995292664,3969
179.29734110832214,3968
179.32499027252197,3967
179.4618422985077,3966
179.47366404533386,3965
179.47918796539307,3964
179.4838352203369,3963
179.53854513168335,3962
179.55039811134338,3961
179.55495023727417,3960
179.5716381072998,3959
179.59294319152832,3958
179.59335923194885,3957
179.60609316825867,3956
179.6108500957489,3955
179.61452913284302,3954
179.65082430839539,3953
179.6576771736145,3952
179.66707301139832,3951
179.66967701911926,3950
179.674574136734,3949
179.67728114128113,3948
179.69456887245178,3947
179.73030495643616,3946
179.78223991394043,3945
179.79081797599792,3944
179.80216217041016,3943
179.8041501045227,3942
179.873202085495,3941
179.884840965271,3940
179.92704820632935,3939
179.94541811943054,3938
179.96008801460266,3937
179.96281123161316,3936
179.9665882587433,3935
180.0238721370697,3934
180.03865313529968,3933
180.0743899345398,3932
180.13678789138794,3931
180.14516019821167,3930
180.158673286438,3929
180.1748080253601,3928
180.18590307235718,3927
180.18694710731506,3926
180.19139504432678,3925
180.20044016838074,3924
180.2911250591278,3923
180.3217420578003,3922
180.33747100830078,3921
180.34371209144592,3920
180.41797924041748,3919
180.43447613716125,3918
180.47280621528625,3917
180.476891040802,3916
180.49956822395325,3915
180.53470420837402,3914
