9.5367431640625e-07,30560
3.6054515838623047,841
3.605520725250244,840
3.605588912963867,839
3.6056017875671387,838
3.60561466217041,837
3.6057357788085938,836
3.605963706970215,835
3.6060726642608643,834
3.6063296794891357,833
3.6079769134521484,832
3.6081600189208984,831
3.6298890113830566,822
3.631279706954956,821
3.631356954574585,820
3.631485939025879,819
3.6321825981140137,818
3.632229804992676,817
3.6324548721313477,816
3.632520914077759,815
3.632629871368408,814
3.632652759552002,813
3.6327507495880127,812
3.632859706878662,811
3.64670991897583,810
3.6582999229431152,809
3.6617987155914307,808
3.6618878841400146,807
3.662400007247925,806
3.6638169288635254,805
3.664454936981201,804
3.664489984512329,803
3.6648969650268555,802
3.666468858718872,801
3.666482925415039,800
3.6866698265075684,799
3.6867058277130127,798
3.6867499351501465,797
3.6881227493286133,796
3.704681873321533,795
3.7047078609466553,794
3.7575807571411133,793
3.758547782897949,792
3.7586028575897217,791
3.758786678314209,790
3.7588207721710205,789
3.763427734375,788
3.7649989128112793,787
3.7653110027313232,786
3.7657039165496826,785
3.7657389640808105,784
3.7704849243164062,783
3.771362781524658,782
3.771439790725708,781
3.8165996074676514,780
3.8176827430725098,779
3.838855743408203,778
3.839596748352051,777
3.839874744415283,776
3.840439796447754,775
3.8408727645874023,774
3.8639698028564453,773
3.8699426651000977,772
3.8705267906188965,771
3.870884656906128,770
3.8780128955841064,769
3.878678798675537,768
3.8786916732788086,767
3.896082878112793,766
3.896224021911621,765
3.8972327709198,764
3.899089813232422,763
3.9401206970214844,762
3.954047918319702,761
4.00532078742981,760
4.007108688354492,759
4.00782585144043,758
