0.0,30560
4.395462989807129,823
4.395793914794922,822
4.39593505859375,821
4.400863170623779,820
4.4011311531066895,819
4.401430130004883,818
4.401803016662598,817
4.401816129684448,816
4.401829957962036,815
4.402382135391235,814
4.4024059772491455,813
4.428832054138184,812
4.4289631843566895,811
4.42903995513916,810
4.429172992706299,809
4.42923903465271,808
4.429252862930298,807
4.439065933227539,806
4.439144134521484,805
4.439362049102783,804
4.45369291305542,803
4.457718133926392,802
4.457775115966797,801
4.457830905914307,800
4.462175130844116,799
4.462220191955566,798
4.462751150131226,797
4.480252027511597,796
4.480342149734497,795
4.5436999797821045,794
4.543907165527344,793
4.543951988220215,792
4.544028043746948,791
4.5440521240234375,790
4.545035123825073,789
4.545517206192017,788
4.553930044174194,787
4.554718971252441,786
4.558682918548584,785
4.558771133422852,784
4.559016942977905,783
4.562956094741821,782
4.56301212310791,781
4.563046932220459,780
4.563179016113281,779
4.563583135604858,778
4.5637969970703125,777
4.564212083816528,776
4.564448118209839,775
4.564573049545288,774
4.604260206222534,773
4.604806900024414,772
4.604830980300903,771
4.605098009109497,770
4.6057140827178955,769
4.606201887130737,768
4.606932163238525,767
4.606980085372925,766
4.62043309211731,765
4.620879888534546,764
4.620903968811035,763
4.621052980422974,762
4.6405720710754395,761
4.647716999053955,760
4.647838115692139,759
4.648183107376099,758
4.653005123138428,757
4.653282165527344,756
4.660821199417114,755
4.672799110412598,754
4.675753116607666,753
4.681819915771484,752
4.682254076004028,751
4.689470052719116,750
4.691588878631592,749
4.71283221244812,748
4.718178033828735,747
4.74613618850708,746
4.7560951709747314,745
