9.5367431640625e-07,30560
4.511339902877808,818
4.5115509033203125,817
4.540022850036621,815
4.540070056915283,814
4.540082931518555,813
4.540264844894409,812
4.540278911590576,811
4.5403828620910645,810
4.558135986328125,809
4.584451913833618,808
4.586570978164673,807
4.586606979370117,806
4.587138891220093,805
4.587152004241943,804
4.587219953536987,803
4.5872650146484375,802
4.587575912475586,801
4.6447999477386475,798
4.645928144454956,797
4.650365114212036,796
4.650666952133179,795
4.650807857513428,794
4.650831937789917,793
4.650866746902466,792
4.651273965835571,791
4.651467800140381,790
4.656041860580444,789
4.656731128692627,788
4.6728739738464355,787
4.672888994216919,786
4.673148155212402,785
4.673489093780518,784
4.715031862258911,783
4.715125799179077,782
4.715455770492554,781
4.741473913192749,780
4.743577003479004,779
4.7439329624176025,778
4.744062900543213,777
4.744098901748657,776
4.744302034378052,775
4.744621992111206,774
4.74534797668457,773
4.746572017669678,772
4.747507810592651,771
4.748485088348389,770
4.748815059661865,769
4.748850107192993,768
4.763837814331055,767
4.781747817993164,766
4.78184700012207,765
4.783010005950928,764
4.791460990905762,763
4.803915977478027,762
4.804110050201416,761
4.804218053817749,760
4.804315090179443,759
4.806332111358643,758
4.817000150680542,757
4.818525791168213,756
4.824658155441284,755
4.830894947052002,754
4.854429006576538,753
4.8598949909210205,752
4.866187810897827,751
4.8714988231658936,750
4.874350070953369,749
4.89463996887207,748
4.895610094070435,747
