0.0,30560
3.510841131210327,825
3.5109288692474365,824
3.51096510887146,823
3.5109879970550537,822
3.5673670768737793,813
3.604858160018921,812
3.604871988296509,811
3.6049180030822754,810
3.60498309135437,809
3.6050381660461426,808
3.6262991428375244,807
3.6263351440429688,806
3.6263480186462402,805
3.6263620853424072,804
3.6264920234680176,803
3.6464271545410156,802
3.646496057510376,801
3.646562099456787,800
3.6467342376708984,799
3.650031089782715,798
3.6500449180603027,797
3.6500580310821533,796
3.688167095184326,795
3.6881821155548096,794
3.688206195831299,793
3.6882410049438477,792
3.688307046890259,791
3.6885011196136475,790
3.7316269874572754,789
3.731854200363159,788
3.7325539588928223,787
3.7330660820007324,786
3.7331011295318604,785
3.7331910133361816,784
3.733393907546997,783
3.7349090576171875,782
3.7364730834960938,781
3.7367501258850098,780
3.7374510765075684,779
3.7375071048736572,778
3.737541913986206,777
3.7376608848571777,776
3.7624831199645996,775
3.7626869678497314,774
3.762752056121826,773
3.7627651691436768,772
3.7629289627075195,771
3.763154983520508,770
3.7732222080230713,769
3.773775100708008,768
3.774118185043335,767
3.7741410732269287,766
3.7741761207580566,765
3.7744011878967285,764
3.7873952388763428,763
3.827562093734741,762
3.827903985977173,761
3.828022003173828,760
3.8280670642852783,759
3.828090190887451,758
3.8480401039123535,757
3.84875226020813,756
3.8501980304718018,755
3.8503470420837402,754
3.8508200645446777,753
3.8644630908966064,752
3.864798069000244,751
3.8675460815429688,750
3.8778560161590576,749
3.9137380123138428,748
