0.0,30560
3.570411205291748,824
3.570458173751831,823
3.5709822177886963,822
3.5710411071777344,821
3.571078300476074,820
3.5711491107940674,819
3.5712530612945557,818
3.5712671279907227,817
3.587820053100586,816
3.5879533290863037,815
3.5879671573638916,814
3.6092700958251953,813
3.6458792686462402,812
3.649254322052002,811
3.649311065673828,810
3.6551103591918945,809
3.655168056488037,808
3.655203104019165,807
3.6555373668670654,806
3.6555731296539307,805
3.65568208694458,804
3.668793201446533,796
3.668839931488037,795
3.6688640117645264,794
3.707853078842163,793
3.7078893184661865,792
3.7079241275787354,791
3.7080671787261963,790
3.708080291748047,789
3.7081260681152344,788
3.7081921100616455,787
3.7082700729370117,786
3.773954153060913,785
3.775731086730957,784
3.7762651443481445,783
3.7765772342681885,782
3.776813268661499,781
3.7775213718414307,780
3.7801151275634766,779
3.7811169624328613,778
3.7811741828918457,777
3.782125234603882,776
3.7831931114196777,775
3.7835793495178223,774
3.783719301223755,773
3.7840189933776855,772
3.7842581272125244,771
3.7845911979675293,770
3.7855823040008545,769
3.816054105758667,768
3.81634521484375,767
3.8167591094970703,766
3.8433260917663574,765
3.8433620929718018,764
3.843609094619751,763
3.8469042778015137,762
3.8478682041168213,761
3.849729061126709,760
3.8577160835266113,759
3.858096122741699,758
3.868086099624634,757
3.8682172298431396,756
3.874526023864746,755
3.881164073944092,754
3.8920481204986572,753
3.8929312229156494,752
3.8942341804504395,751
3.928309202194214,750
3.961796283721924,749
