0.0,30560
4.45419716835022,822
4.454221248626709,821
4.466935157775879,820
4.467098951339722,819
4.4675211906433105,818
4.4675452709198,817
4.467557907104492,816
4.46777606010437,815
4.480370998382568,814
4.480386257171631,813
4.480463981628418,812
4.480478048324585,811
4.4805121421813965,810
4.4808032512664795,809
4.480893135070801,808
4.481119155883789,807
4.483647108078003,806
4.486385107040405,805
4.4866790771484375,804
4.486768007278442,803
4.486868143081665,802
4.503671169281006,801
4.508394002914429,800
4.508619070053101,799
4.5086541175842285,798
4.508975982666016,797
4.511106252670288,796
4.535892009735107,795
4.542223930358887,794
4.56456995010376,793
4.5647900104522705,792
4.568367958068848,791
4.569238185882568,790
4.569722890853882,789
4.570225954055786,788
4.570250034332275,787
4.582024097442627,786
4.582351207733154,785
4.611929893493652,784
4.613325119018555,783
4.6141321659088135,782
4.614242076873779,781
4.614375114440918,780
4.649455308914185,779
4.650314092636108,778
4.650349140167236,777
4.652986288070679,776
4.6530210971832275,775
4.653227090835571,774
4.653399229049683,773
4.6536571979522705,772
4.680743932723999,771
4.6807701587677,770
4.682147264480591,769
4.682384014129639,768
4.683223247528076,767
4.683236122131348,766
4.686314105987549,765
4.717925071716309,764
4.7180140018463135,763
4.718090057373047,762
4.719256162643433,761
4.71930193901062,760
4.719423055648804,759
4.719694137573242,758
4.7198779582977295,757
4.720190048217773,756
4.722152948379517,755
4.724644184112549,754
4.737138986587524,753
4.741562128067017,752
4.78533411026001,751
4.786200046539307,750
4.786942958831787,749
4.788555145263672,748
4.822731018066406,747
4.8274760246276855,746
