0.0,54510
8.490833282470703,809
8.490848064422607,808
8.490862131118774,807
8.491153240203857,806
8.49145221710205,805
8.491466045379639,804
8.491480112075806,803
8.491506338119507,802
8.491623163223267,801
8.491661071777344,800
8.491878271102905,799
8.491892099380493,798
8.491929054260254,797
8.491966962814331,796
8.533931970596313,788
8.533961296081543,787
8.53408932685852,786
8.534723043441772,785
8.534760236740112,784
8.53479814529419,783
8.535068273544312,782
8.5350821018219,781
8.569390058517456,780
8.56958532333374,779
8.569768905639648,778
8.569979190826416,777
8.572347164154053,776
8.572465181350708,775
8.572479009628296,774
8.572527170181274,773
8.573468208312988,772
8.574439287185669,771
8.574453115463257,770
8.574489116668701,769
8.574515342712402,768
8.574937105178833,767
8.59252405166626,766
8.592541217803955,765
8.592690229415894,764
8.592828273773193,763
8.593001127243042,762
8.593175172805786,761
8.59323525428772,760
8.593248128890991,759
8.596503019332886,758
8.597666025161743,757
8.59777307510376,756
8.597912073135376,755
8.598119258880615,754
8.598143100738525,753
8.602588176727295,752
8.60263705253601,751
8.602662086486816,750
8.60298490524292,749
8.60299801826477,748
8.603024244308472,747
8.603039026260376,746
8.603052139282227,745
8.603350162506104,744
8.603660106658936,743
8.60456919670105,742
8.63278317451477,741
8.633249044418335,740
8.63327407836914,739
8.633288145065308,738
8.651924133300781,737
8.651976346969604,736
8.652035236358643,735
8.6532883644104,734
8.653324127197266,733
8.653496026992798,732
8.653672933578491,731
8.65380311012268,730
8.65441608428955,729
8.655279159545898,728
8.655328035354614,727
8.655445098876953,726
8.655561208724976,725
8.656503200531006,724
8.667750120162964,723
8.694528102874756,722
8.694602966308594,721
8.69461703300476,720
8.70192813873291,719
8.701987028121948,718
8.70234227180481,717
8.70249319076538,716
8.702832221984863,715
8.702867984771729,714
8.703116178512573,713
8.70327615737915,712
8.703290224075317,711
8.722562074661255,710
8.722622156143188,709
8.722894191741943,708
8.723000049591064,707
8.723137140274048,706
8.72320818901062,705
8.723381996154785,704
8.723440170288086,703
8.723802089691162,702
8.724161148071289,701
8.72417402267456,700
8.724244117736816,699
8.724395036697388,698
8.724409103393555,697
8.727497339248657,696
8.739828109741211,695
8.741645097732544,694
8.74415111541748,693
8.744344234466553,692
8.744392156600952,691
8.744484186172485,690
8.756170988082886,689
8.757142066955566,688
8.757360219955444,687
8.75738525390625,686
8.757502317428589,685
8.763481140136719,684
8.765169143676758,683
8.765252113342285,682
8.767859935760498,681
8.767874002456665,680
8.771003246307373,679
8.775941133499146,678
8.776484251022339,677
8.77717137336731,676
8.777380228042603,675
8.777498245239258,674
8.777592182159424,673
8.77760624885559,672
8.778228998184204,671
8.780038118362427,670
8.780156135559082,669
8.782515287399292,668
8.78252911567688,667
8.78261137008667,666
8.782624006271362,665
8.782695293426514,664
8.78285813331604,663
8.783257246017456,662
8.783308029174805,661
8.783467054367065,660
8.783614158630371,659
8.78386926651001,658
8.793269157409668,657
8.795411348342896,656
8.79623031616211,655
8.796869277954102,654
8.797203302383423,653
8.79759407043457,652
8.808442115783691,651
8.816387176513672,650
8.816956281661987,649
8.817095279693604,648
8.81718921661377,647
8.826839208602905,646
8.827345132827759,645
8.827617168426514,644
8.82768726348877,643
8.827881097793579,642
8.829554319381714,641
8.829614162445068,640
8.833883285522461,639
8.834712028503418,638
8.835032224655151,637
8.837031126022339,636
8.83736801147461,635
8.838547945022583,634
8.858918190002441,633
8.874861001968384,632
8.875363111495972,631
8.876622200012207,630
8.876873254776001,629
8.879788160324097,628
8.883702993392944,627
8.884976148605347,626
8.886710166931152,625
8.88687014579773,624
8.887214183807373,623
8.888232231140137,622
8.928982019424438,621
8.935195207595825,620
8.957030296325684,619
