9.5367431640625e-07,54510
8.617488861083984,800
8.617523908615112,799
8.617856979370117,798
8.617949962615967,797
8.618201732635498,796
8.618214845657349,795
8.618358850479126,794
8.618383884429932,793
8.618443012237549,792
8.618592977523804,791
8.621336698532104,790
8.621362924575806,789
8.649216890335083,788
8.649529695510864,787
8.649751663208008,786
8.649924755096436,785
8.649938821792603,784
8.656537771224976,783
8.656575918197632,782
8.656930685043335,781
8.656956911087036,780
8.657184839248657,779
8.657209634780884,778
8.657222747802734,777
8.663597822189331,776
8.66363787651062,775
8.669588804244995,774
8.669604778289795,773
8.669630765914917,772
8.669678688049316,771
8.669727802276611,770
8.669740915298462,769
8.670116662979126,768
8.670222759246826,767
8.670236825942993,766
8.670285701751709,765
8.670299768447876,764
8.670313835144043,763
8.680864810943604,762
8.680904865264893,761
8.68091893196106,760
8.681017637252808,759
8.68803882598877,758
8.688316822052002,757
8.689016819000244,756
8.689236879348755,755
8.689261674880981,754
8.689412832260132,753
8.690040826797485,752
8.690053701400757,751
8.690079927444458,750
8.690093755722046,749
8.736015796661377,748
8.736065864562988,747
8.7361159324646,746
8.736140012741089,745
8.736876010894775,744
8.739013671875,743
8.739130735397339,742
8.739223718643188,741
8.739591836929321,740
8.740038871765137,739
8.74010968208313,738
8.740158796310425,737
8.740205764770508,736
8.744103908538818,735
8.744197845458984,734
8.744221925735474,733
8.74423599243164,732
8.744306802749634,731
8.74485182762146,730
8.744865894317627,729
8.745028734207153,728
8.757253885269165,727
8.758490800857544,726
8.761299848556519,725
8.76134967803955,724
8.763224840164185,723
8.763237714767456,722
8.763580799102783,721
8.763753890991211,720
8.764657735824585,719
8.764741897583008,718
8.76665186882019,717
8.774755716323853,716
8.774849891662598,715
8.775754928588867,714
8.777493953704834,713
8.77785873413086,712
8.779896020889282,711
8.77990984916687,710
8.78003978729248,709
8.78049087524414,708
8.805493831634521,707
8.805655717849731,706
8.80577301979065,705
8.805808782577515,704
8.80590271949768,703
8.80628776550293,702
8.806492805480957,701
8.80656385421753,700
8.806886911392212,699
8.806954860687256,698
8.807451725006104,697
8.820977926254272,696
8.821061849594116,695
8.821212768554688,694
8.821238994598389,693
8.821608781814575,692
8.822097778320312,691
8.822134017944336,690
8.822875738143921,689
8.82328486442566,688
8.823439836502075,687
8.82346487045288,686
8.823513746261597,685
8.823539972305298,684
8.823608636856079,683
8.82370376586914,682
8.823740720748901,681
8.82412075996399,680
8.824578762054443,679
8.824779987335205,678
8.824838876724243,677
8.825035810470581,676
8.82512879371643,675
8.825677633285522,674
8.827553033828735,673
8.828260660171509,672
8.831625938415527,671
8.831994771957397,670
8.83211064338684,669
8.832292795181274,668
8.832305908203125,667
8.857877969741821,666
8.857893705368042,665
8.857962846755981,664
8.858054876327515,663
8.85920262336731,662
8.859339952468872,661
8.859832048416138,660
8.86030101776123,659
8.860860824584961,658
8.861360788345337,657
8.861441850662231,656
8.893769979476929,655
8.894311904907227,654
8.895172834396362,653
8.89569878578186,652
8.898339748382568,651
8.898474931716919,650
8.904508829116821,649
8.905334949493408,648
8.906278848648071,647
8.906314849853516,646
8.906789779663086,645
8.908130645751953,644
8.908222913742065,643
8.909114837646484,642
8.909359693527222,641
8.909956693649292,640
8.911171674728394,639
8.911231994628906,638
8.912274837493896,637
8.912532806396484,636
8.912838697433472,635
8.928705930709839,634
8.928745985031128,633
8.928771734237671,632
8.945687055587769,631
8.945870637893677,630
8.946456670761108,629
8.955514669418335,628
8.95745301246643,627
8.958256721496582,626
8.958667993545532,625
8.95994782447815,624
8.95998477935791,623
8.960209846496582,622
8.970440864562988,621
8.97049880027771,620
8.98283076286316,619
8.987374782562256,618
8.987435817718506,617
8.991853713989258,616
8.99215579032898,615
9.006110906600952,614
9.00676679611206,613
9.006825923919678,612
9.006839036941528,611
9.028589725494385,610
9.028681993484497,609
9.044666767120361,608
