0.0,54510
6.711846113204956,821
6.711859941482544,820
6.711874008178711,819
6.711888074874878,818
6.7120521068573,817
6.712078094482422,816
6.7121031284332275,815
6.712116956710815,814
6.71225905418396,813
6.712490081787109,812
6.712597131729126,811
6.712658882141113,810
6.712719202041626,809
6.712744951248169,808
6.71277117729187,807
6.712820053100586,806
6.713083267211914,805
6.71379828453064,804
6.7140421867370605,803
6.773971080780029,786
6.783231019973755,785
6.783247232437134,784
6.783272981643677,783
6.783379077911377,782
6.784126043319702,781
6.784199237823486,780
6.802458047866821,779
6.8025782108306885,778
6.803100109100342,777
6.803138017654419,776
6.8151092529296875,775
6.815471172332764,774
6.822282075881958,773
6.822342157363892,772
6.826317071914673,771
6.826343297958374,770
6.826446056365967,769
6.826695919036865,768
6.827062129974365,767
6.83955717086792,766
6.839651107788086,765
6.839688062667847,764
6.8397910594940186,763
6.840973138809204,762
6.8436973094940186,761
6.843712091445923,760
6.843951225280762,759
6.843965291976929,758
6.844074010848999,757
6.844324111938477,756
6.8443381786346436,755
6.852260112762451,754
6.85233211517334,753
6.859640121459961,752
6.860552072525024,751
6.860712289810181,750
6.860749006271362,749
6.860820055007935,748
6.860858201980591,747
6.893148183822632,746
6.908638000488281,745
6.9095070362091064,744
6.909649133682251,743
6.910457134246826,742
6.910482168197632,741
6.911692142486572,740
6.912253141403198,739
6.91234827041626,738
6.912456035614014,737
6.912515163421631,736
6.913578987121582,735
6.913900136947632,734
6.913914203643799,733
6.916482210159302,732
6.916518211364746,731
6.917542219161987,730
6.917727947235107,729
6.917799234390259,728
6.91788125038147,727
6.918133020401001,726
6.918147087097168,725
6.918183326721191,724
6.918313980102539,723
6.918351173400879,722
6.920146942138672,721
6.920356035232544,720
6.920381307601929,719
6.920523166656494,718
6.921938180923462,717
6.9243950843811035,716
6.947494268417358,715
6.947534084320068,714
6.948624134063721,713
6.948718070983887,712
6.948944091796875,711
6.949047088623047,710
6.949117183685303,709
6.94923210144043,708
6.951016902923584,707
6.951042175292969,706
6.953313112258911,705
6.954062223434448,704
6.954296112060547,703
6.96079421043396,702
6.960843086242676,701
6.961038112640381,700
6.9610631465911865,699
6.965898036956787,698
6.965981960296631,697
6.966169118881226,696
6.9662721157073975,695
6.96721887588501,694
6.967267036437988,693
6.967875003814697,692
6.989251136779785,691
6.989289045333862,690
6.9894630908966064,689
6.989923000335693,688
6.9932920932769775,687
6.993965148925781,686
6.994517087936401,685
7.016772031784058,684
7.0168702602386475,683
7.017181158065796,682
7.0172412395477295,681
7.0172553062438965,680
7.017552137374878,679
7.019942283630371,678
7.0200722217559814,677
7.020838260650635,676
7.03078293800354,675
7.031260251998901,674
7.03129506111145,673
7.031748056411743,672
7.032039165496826,671
7.0321900844573975,670
7.032362937927246,669
7.0336151123046875,668
7.033822059631348,667
7.034142017364502,666
7.0341901779174805,665
7.034898996353149,664
7.034958124160767,663
7.03502893447876,662
7.037676095962524,661
7.0395121574401855,660
7.052527189254761,659
7.052541971206665,658
7.053173065185547,657
7.05332612991333,656
7.053601980209351,655
7.055825233459473,654
7.056360244750977,653
7.056625127792358,652
7.082418918609619,651
7.082592964172363,650
7.083323240280151,649
7.084744930267334,648
7.0848822593688965,647
7.0873870849609375,646
7.087557077407837,645
7.095942258834839,644
7.098578929901123,643
7.108912229537964,642
7.110433101654053,641
7.117023944854736,640
7.117648124694824,639
7.120229244232178,638
7.120918035507202,637
7.120942115783691,636
7.1280739307403564,635
7.128391981124878,634
7.131240129470825,633
7.137223243713379,632
7.15431022644043,631
7.160626173019409,630
