0.0,54510
8.620742797851562,811
8.620839834213257,810
8.621407985687256,809
8.622224807739258,808
8.62226390838623,807
8.622290849685669,806
8.622634887695312,805
8.652764797210693,804
8.652843952178955,803
8.65285873413086,802
8.653692960739136,801
8.653743028640747,800
8.65379285812378,799
8.657043933868408,798
8.660960912704468,797
8.660976886749268,796
8.67551589012146,783
8.675556898117065,782
8.67560601234436,781
8.675644874572754,780
8.675659894943237,779
8.675769805908203,778
8.675867795944214,777
8.680936813354492,776
8.697808742523193,775
8.697885990142822,774
8.69799280166626,773
8.698019981384277,772
8.6980459690094,771
8.698060989379883,770
8.698074102401733,769
8.698101043701172,768
8.699116945266724,767
8.699566125869751,766
8.703972816467285,765
8.703999996185303,764
8.704025030136108,763
8.704064846038818,762
8.707428693771362,761
8.70753002166748,760
8.707568883895874,759
8.708220958709717,758
8.708305835723877,757
8.708333015441895,756
8.720799922943115,755
8.721049070358276,754
8.721146821975708,753
8.721625089645386,752
8.721638917922974,751
8.721653938293457,750
8.721857070922852,749
8.721953868865967,748
8.721978902816772,747
8.722018957138062,746
8.722269773483276,745
8.722295999526978,744
8.726861000061035,743
8.72757077217102,742
8.727704048156738,741
8.728144884109497,740
8.728158950805664,739
8.728269100189209,738
8.729912042617798,737
8.729998111724854,736
8.730036973953247,735
8.73034381866455,734
8.730357885360718,733
8.730384826660156,732
8.746887922286987,731
8.746916770935059,730
8.755490064620972,729
8.778263092041016,728
8.778278827667236,727
8.787245988845825,726
8.787510871887207,725
8.787535905838013,724
8.788631916046143,723
8.789435863494873,722
8.789787769317627,721
8.827061891555786,703
8.827431917190552,702
8.827947854995728,701
8.828855037689209,700
8.828879833221436,699
8.830362796783447,698
8.830797910690308,697
8.831094026565552,696
8.831650972366333,695
8.83167576789856,694
8.849616765975952,693
8.849658727645874,692
8.849769830703735,691
8.849807739257812,690
8.853872776031494,689
8.853888034820557,688
8.854182958602905,687
8.85446286201477,686
8.85467791557312,685
8.854919910430908,684
8.855731964111328,683
8.878967046737671,682
8.879005908966064,681
8.879579782485962,680
8.881329774856567,679
8.881502866744995,678
8.8817458152771,677
8.88205885887146,676
8.882072925567627,675
8.882685899734497,674
8.883492708206177,673
8.883554935455322,672
8.883615016937256,671
8.883769035339355,670
8.885699033737183,669
8.885854005813599,668
8.88813591003418,667
8.888267993927002,666
8.888282060623169,665
8.88831090927124,664
8.888349771499634,663
8.888365030288696,662
8.89260482788086,661
8.892714023590088,660
8.89283299446106,659
8.893216848373413,658
8.893655061721802,657
8.894149780273438,656
8.89468002319336,655
8.894693851470947,654
8.93755292892456,653
8.937581062316895,652
8.937639951705933,651
8.939297914505005,650
8.946454048156738,649
8.946761846542358,648
8.948689937591553,647
8.95726203918457,646
8.957356929779053,645
8.957783937454224,644
8.957856893539429,643
8.95861291885376,642
8.958723068237305,641
8.958852052688599,640
8.959346771240234,639
8.970032930374146,638
8.971086025238037,637
8.971193075180054,636
8.977648735046387,635
8.978044748306274,634
8.981873750686646,633
8.982111930847168,632
8.982407808303833,631
8.983788967132568,630
8.999485969543457,629
9.00010895729065,628
9.005120992660522,627
9.006277799606323,626
9.007755041122437,625
9.009265899658203,624
9.02464485168457,623
9.025957822799683,622
9.08049201965332,621
9.0889310836792,620
