0.0,54510
6.616290807723999,817
6.616315841674805,816
6.616565704345703,815
6.616578817367554,814
6.61661696434021,813
6.616629600524902,812
6.616643667221069,811
6.616714000701904,810
6.617095947265625,809
6.617257833480835,808
6.61819863319397,807
6.618234872817993,806
6.618259906768799,805
6.618318796157837,804
6.642941951751709,803
6.651395797729492,802
6.651788711547852,801
6.651839017868042,800
6.651852607727051,799
6.651915788650513,798
6.65192985534668,797
6.651955842971802,796
6.65196967124939,795
6.651994705200195,794
6.652158975601196,793
6.652171611785889,792
6.6522088050842285,791
6.652246713638306,790
6.652846813201904,789
6.652907609939575,788
6.6561338901519775,787
6.656185865402222,786
6.656798839569092,785
6.656858921051025,784
6.660057783126831,783
6.680675745010376,782
6.68121600151062,781
6.68133282661438,780
6.684501886367798,779
6.684562921524048,778
6.685192823410034,777
6.686307668685913,776
6.686332941055298,775
6.6867218017578125,774
6.686826944351196,773
6.699866771697998,772
6.699927806854248,771
6.7000768184661865,770
6.700374603271484,769
6.700547695159912,768
6.700572967529297,767
6.7008466720581055,766
6.7008960247039795,765
6.727351665496826,764
6.727391004562378,763
6.727773904800415,762
6.727787733078003,761
6.727925777435303,760
6.728073835372925,759
6.728120803833008,758
6.728134870529175,757
6.728319883346558,756
6.728423833847046,755
6.728517770767212,754
6.728632688522339,753
6.730810880661011,752
6.730824947357178,751
6.730838775634766,750
6.730899810791016,749
6.730912685394287,748
6.730989694595337,747
6.73128604888916,746
6.731310844421387,745
6.73142671585083,744
6.737750768661499,743
6.739030599594116,742
6.739091873168945,741
6.7403178215026855,740
6.740366697311401,739
6.740495681762695,738
6.740599632263184,737
6.741042852401733,736
6.741079807281494,735
6.7432167530059814,734
6.743331670761108,733
6.774807691574097,732
6.77983283996582,731
6.782521724700928,730
6.782548904418945,729
6.782585859298706,728
6.782798767089844,727
6.783451795578003,726
6.78836989402771,725
6.788498878479004,724
6.789305686950684,723
6.79069185256958,722
6.790773630142212,721
6.7912750244140625,720
6.79128885269165,719
6.7915358543396,718
6.791561841964722,717
6.791587829589844,716
6.803404808044434,715
6.803430795669556,714
6.804428815841675,713
6.805315732955933,712
6.8134777545928955,711
6.813504695892334,710
6.813584804534912,709
6.8136677742004395,708
6.814032793045044,707
6.81445574760437,706
6.814527988433838,705
6.827092885971069,704
6.827119827270508,703
6.840664863586426,702
6.840976715087891,701
6.84128999710083,700
6.841336727142334,699
6.84136176109314,698
6.841712713241577,697
6.841758966445923,696
6.8441877365112305,695
6.844223976135254,694
6.844315767288208,693
6.8444647789001465,692
6.844579696655273,691
6.844592809677124,690
6.844619035720825,689
6.844643831253052,688
6.8448498249053955,687
6.844862937927246,686
6.845043897628784,685
6.845069646835327,684
6.846015930175781,683
6.846118927001953,682
6.846166610717773,681
6.847250938415527,680
6.84730863571167,679
6.848876714706421,678
6.848933696746826,677
6.848970890045166,676
6.849071741104126,675
6.854058027267456,674
6.85414981842041,673
6.85421895980835,672
6.866203784942627,671
6.866243839263916,670
6.8662567138671875,669
6.866314888000488,668
6.8703107833862305,667
6.870549917221069,666
6.8705737590789795,665
6.870805025100708,664
6.875004768371582,663
6.875121831893921,662
6.875202655792236,661
6.875363826751709,660
6.87609076499939,659
6.876104831695557,658
6.894816637039185,657
6.8949408531188965,656
6.9189958572387695,655
6.919619798660278,654
6.919756650924683,653
6.919769763946533,652
6.920699834823608,651
6.920928716659546,650
6.9210638999938965,649
6.92117977142334,648
6.921639919281006,647
6.927076816558838,646
6.927136659622192,645
6.927251815795898,644
6.927453994750977,643
6.929711818695068,642
6.93566370010376,641
6.941251754760742,640
6.9438087940216064,639
6.943958044052124,638
6.94419264793396,637
6.9443888664245605,636
6.945525646209717,635
6.967214822769165,634
6.968536853790283,633
6.969430685043335,632
6.969589710235596,631
6.975951910018921,630
6.981570720672607,629
6.981913805007935,628
6.9823317527771,627
6.983357906341553,626
6.9896767139434814,625
7.007542610168457,624
7.007867813110352,623
7.034668684005737,622
7.038059711456299,621
7.098354816436768,620
