0.0,54510
6.735179901123047,813
6.7482359409332275,807
6.748286008834839,806
6.748356819152832,805
6.795846939086914,795
6.795862913131714,794
6.795876741409302,793
6.795984745025635,792
6.795997858047485,791
6.796046733856201,790
6.796072959899902,789
6.829554796218872,788
6.831583023071289,787
6.831608772277832,786
6.831623792648315,785
6.832211017608643,784
6.832793712615967,783
6.832887649536133,782
6.838353872299194,781
6.838404893875122,780
6.838519811630249,779
6.838616847991943,778
6.838733673095703,777
6.842078924179077,776
6.84214973449707,775
6.842176914215088,774
6.84220290184021,773
6.8425798416137695,772
6.843992710113525,771
6.844042062759399,770
6.844263792037964,769
6.84567666053772,768
6.84627890586853,767
6.846292972564697,766
6.846663951873779,765
6.846747875213623,764
6.846922874450684,763
6.852959871292114,762
6.853020906448364,761
6.874814987182617,760
6.876291751861572,759
6.876634836196899,758
6.876648902893066,757
6.877010822296143,756
6.87702488899231,755
6.877037763595581,754
6.87708592414856,753
6.878629922866821,752
6.902876853942871,751
6.903424024581909,750
6.903471946716309,749
6.9041149616241455,748
6.905735969543457,747
6.91235876083374,746
6.912467002868652,745
6.912572860717773,744
6.912610769271851,743
6.914405822753906,742
6.915135860443115,741
6.939292907714844,740
6.939401865005493,739
6.939414978027344,738
6.939486026763916,737
6.939580917358398,736
6.939630746841431,735
6.939668893814087,734
6.939764022827148,733
6.939778089523315,732
6.939815998077393,731
6.940079927444458,730
6.940274953842163,729
6.943102836608887,728
6.94323205947876,727
6.94327974319458,726
6.944685697555542,725
6.944951772689819,724
6.946367979049683,723
6.946812868118286,722
6.946861743927002,721
6.947023868560791,720
6.947048902511597,719
6.947530031204224,718
6.949984073638916,717
6.950649738311768,716
6.951000690460205,715
6.952356815338135,714
6.952383041381836,713
6.958522796630859,712
6.9585957527160645,711
6.958642959594727,710
6.958668947219849,709
6.959407806396484,708
6.9594340324401855,707
6.95952582359314,706
6.969558954238892,705
6.969751834869385,704
6.971193790435791,703
6.971220016479492,702
6.972584009170532,701
6.9726316928863525,700
6.978573799133301,699
6.978610992431641,698
6.988104820251465,697
6.988570928573608,696
6.988888740539551,695
6.9889137744903564,694
6.989537954330444,693
6.997375965118408,692
6.9974448680877686,691
6.997501850128174,690
6.998149871826172,689
6.99824595451355,688
6.999454021453857,687
6.999479055404663,686
6.999595880508423,685
6.9997358322143555,684
7.000171899795532,683
7.015183925628662,682
7.0152928829193115,681
7.015328884124756,680
7.015533685684204,679
7.016611814498901,678
7.018180847167969,677
7.018263101577759,676
7.019141912460327,675
7.019212007522583,674
7.0199480056762695,673
7.02557897567749,672
7.025683879852295,671
7.036150932312012,670
7.050046920776367,669
7.050118923187256,668
7.050494909286499,667
7.051126003265381,666
7.053292751312256,665
7.053478956222534,664
7.05350399017334,663
7.054656982421875,662
7.054715871810913,661
7.055407762527466,660
7.058184862136841,659
7.058483839035034,658
7.0587477684021,657
7.060494899749756,656
7.060541868209839,655
7.063203811645508,654
7.0634307861328125,653
7.072945833206177,652
7.073601961135864,651
7.073662996292114,650
7.074740886688232,649
7.075211048126221,648
7.075257778167725,647
7.0787718296051025,646
7.078843832015991,645
7.078856945037842,644
7.078916788101196,643
7.0791099071502686,642
7.079558849334717,641
7.080023765563965,640
7.080070972442627,639
7.080128908157349,638
7.080176830291748,637
7.133471965789795,636
7.133610010147095,635
7.139323949813843,634
7.1401207447052,633
7.140190839767456,632
7.142744779586792,631
7.142768859863281,630
7.142939805984497,629
7.165757894515991,628
7.166425704956055,627
7.1800267696380615,626
7.180369853973389,625
7.1806957721710205,624
7.180979013442993,623
7.214576959609985,622
7.233461856842041,621
