0.0,157510
42.96992802619934,4860
42.97108602523804,4859
42.97127985954285,4858
42.972119092941284,4857
42.973313093185425,4856
42.9743390083313,4855
42.975183963775635,4854
42.97603511810303,4853
42.977155923843384,4852
42.97786092758179,4851
42.97798204421997,4850
42.98103404045105,4849
42.98130989074707,4848
42.998416900634766,4847
42.99879598617554,4846
42.998915910720825,4845
42.99943709373474,4844
42.999629974365234,4843
42.999948024749756,4842
43.00668907165527,4841
43.00768208503723,4840
43.00854706764221,4839
43.008960008621216,4838
43.00926685333252,4837
43.00959372520447,4836
43.009925842285156,4835
43.010236978530884,4834
43.01034903526306,4833
43.0114848613739,4832
43.011679887771606,4831
43.01190781593323,4830
43.01201581954956,4829
43.0121967792511,4828
43.01230788230896,4827
43.01260280609131,4826
43.01271080970764,4825
43.01465082168579,4824
43.0152850151062,4823
43.01554584503174,4822
43.016639947891235,4821
43.01932692527771,4820
43.01943874359131,4819
43.02015805244446,4818
43.02071714401245,4817
43.02161884307861,4816
43.021870851516724,4815
43.022886991500854,4814
43.023844957351685,4813
43.02395796775818,4812
43.0252799987793,4811
43.025400161743164,4810
43.02562594413757,4809
43.026155948638916,4808
43.02677607536316,4807
43.027223110198975,4806
43.03748297691345,4805
43.04223585128784,4804
43.042360067367554,4803
43.0428900718689,4802
43.0436589717865,4801
43.049906969070435,4800
43.05302977561951,4799
43.05326294898987,4798
43.05376887321472,4797
43.05704593658447,4796
43.058451890945435,4795
43.060397148132324,4794
43.060807943344116,4793
43.06397199630737,4792
43.06465983390808,4791
43.06522178649902,4790
43.0684380531311,4789
43.06958889961243,4788
43.0702018737793,4787
43.07353496551514,4786
43.07442593574524,4785
43.074543952941895,4784
43.0756778717041,4783
43.07699990272522,4782
43.07718873023987,4781
43.07854390144348,4780
43.079221963882446,4779
43.079554080963135,4778
43.07985591888428,4777
43.08140707015991,4776
43.08160376548767,4775
43.08320212364197,4774
43.08346605300903,4773
43.08442497253418,4772
43.0847749710083,4771
43.08732795715332,4770
43.08783793449402,4769
43.08795690536499,4768
43.08864688873291,4767
43.089329957962036,4766
43.090277910232544,4765
43.09040307998657,4764
43.09115791320801,4763
43.09576916694641,4762
43.096683979034424,4761
43.09740591049194,4760
43.098270893096924,4759
43.09840106964111,4758
43.10146689414978,4757
43.10435509681702,4756
43.10474491119385,4755
43.107553005218506,4754
43.11050009727478,4753
43.12397480010986,4752
43.12507891654968,4751
43.142019748687744,4750
43.14236378669739,4749
43.14328098297119,4748
43.15638709068298,4747
43.15864300727844,4746
43.166589975357056,4745
43.16759705543518,4744
43.1724328994751,4743
43.17338490486145,4742
43.17440891265869,4741
43.18015384674072,4740
43.188441038131714,4739
43.1913857460022,4738
43.200725078582764,4737
43.20470714569092,4736
43.20544195175171,4735
43.20596194267273,4734
43.206443071365356,4733
43.20883297920227,4732
43.20924186706543,4731
43.209903955459595,4730
43.21071696281433,4729
43.210911989212036,4728
43.22370195388794,4727
43.22498393058777,4726
43.25178503990173,4725
43.25321388244629,4724
43.25410580635071,4723
43.25516486167908,4722
43.265228033065796,4721
43.26534986495972,4720
43.269932985305786,4719
43.27313995361328,4718
43.274232149124146,4717
43.275230884552,4716
43.27787899971008,4715
43.28100395202637,4714
43.283061027526855,4713
43.283714056015015,4712
43.284687757492065,4711
43.28512692451477,4710
43.287657022476196,4709
43.295714139938354,4708
43.29635500907898,4707
43.29930901527405,4706
43.30089092254639,4705
43.30199599266052,4704
43.30215811729431,4703
43.302314043045044,4702
43.303624868392944,4701
43.30756402015686,4700
43.30830907821655,4699
43.308753967285156,4698
43.31295204162598,4697
43.31363892555237,4696
43.319387912750244,4695
43.319517850875854,4694
43.32171392440796,4693
43.321918964385986,4692
43.3244149684906,4691
43.327150106430054,4690
43.32750582695007,4689
43.32840085029602,4688
43.329216957092285,4687
43.32981204986572,4686
43.33303880691528,4685
43.333707094192505,4684
43.3347430229187,4683
43.33670496940613,4682
43.337016105651855,4681
43.33787488937378,4680
43.33840298652649,4679
43.33888387680054,4678
43.34007978439331,4677
43.34020686149597,4676
43.341306924819946,4675
43.34183096885681,4674
43.34823203086853,4673
43.349369049072266,4672
43.34965205192566,4671
43.34985280036926,4670
43.35140895843506,4669
43.35351490974426,4668
43.35405898094177,4667
43.35417914390564,4666
43.358113050460815,4665
43.36158275604248,4664
43.362987995147705,4663
43.363192081451416,4662
43.36358094215393,4661
43.36370587348938,4660
43.36637496948242,4659
43.36715483665466,4658
43.3673300743103,4657
43.36950182914734,4656
43.37035393714905,4655
43.371410846710205,4654
43.37725377082825,4653
43.37836480140686,4652
43.37878084182739,4651
43.37969398498535,4650
43.385191917419434,4649
43.3861198425293,4648
43.38658785820007,4647
43.388160943984985,4646
43.391557931900024,4645
43.39241909980774,4644
43.3945369720459,4643
43.3956139087677,4642
43.39644002914429,4641
43.39814877510071,4640
43.39855599403381,4639
43.413742780685425,4638
43.413864850997925,4637
43.41398286819458,4636
43.414923906326294,4635
43.41527795791626,4634
43.41763615608215,4633
43.41894888877869,4632
43.41913914680481,4631
43.41995286941528,4630
43.4224808216095,4629
43.423161029815674,4628
43.42335104942322,4627
43.423521995544434,4626
43.4236319065094,4625
43.425256967544556,4624
43.427294969558716,4623
43.427419900894165,4622
43.42903995513916,4621
43.43031406402588,4620
43.43178701400757,4619
43.43234395980835,4618
43.4325168132782,4617
43.433449029922485,4616
43.43429708480835,4615
43.43498086929321,4614
43.43517279624939,4613
43.43557596206665,4612
43.43987679481506,4611
43.44072914123535,4610
43.44150710105896,4609
43.44169092178345,4608
43.442265033721924,4607
43.442691802978516,4606
43.44329905509949,4605
43.44342303276062,4604
43.44446802139282,4603
43.4449667930603,4602
43.453115940093994,4601
43.45324492454529,4600
43.45472693443298,4599
43.45658493041992,4598
43.45705485343933,4597
43.491403102874756,4596
43.49254775047302,4595
43.49495601654053,4594
43.49558711051941,4593
43.50428605079651,4592
43.506901025772095,4591
43.50784993171692,4590
43.510148763656616,4589
43.511972188949585,4588
43.51218295097351,4587
43.51523303985596,4586
43.51735496520996,4585
43.51787281036377,4584
43.52094388008118,4583
43.52499508857727,4582
43.529539823532104,4581
43.53071999549866,4580
43.53904986381531,4579
43.5396511554718,4578
43.540446043014526,4577
43.540863037109375,4576
43.54172706604004,4575
43.544723987579346,4574
43.54669904708862,4573
43.55351185798645,4572
43.55659079551697,4571
43.55740809440613,4570
43.558446168899536,4569
43.56459999084473,4568
43.565754890441895,4567
43.56599187850952,4566
43.56856393814087,4565
43.568816900253296,4564
43.569185972213745,4563
43.57758903503418,4562
43.57872414588928,4561
43.58102607727051,4560
43.60412096977234,4559
43.60613393783569,4558
43.60640096664429,4557
43.60792398452759,4556
43.60918593406677,4555
43.61141896247864,4554
43.61170792579651,4553
43.612972021102905,4552
43.6148898601532,4551
43.61668086051941,4550
43.61931800842285,4549
43.62054204940796,4548
43.62251091003418,4547
43.62353801727295,4546
43.62442183494568,4545
43.624845027923584,4544
43.62600898742676,4543
43.62757205963135,4542
43.62896490097046,4541
43.629392862319946,4540
43.633610010147095,4539
43.63460898399353,4538
43.636016845703125,4537
43.63899803161621,4536
43.64093899726868,4535
43.642149925231934,4534
43.64781904220581,4533
43.65021276473999,4532
43.651222944259644,4531
43.653745889663696,4530
43.6568169593811,4529
43.657355070114136,4528
43.658846855163574,4527
43.660900831222534,4526
43.66707992553711,4525
43.66778588294983,4524
43.669172048568726,4523
43.672194957733154,4522
43.672937870025635,4521
43.675755977630615,4520
43.678109884262085,4519
43.678958892822266,4518
43.68015193939209,4517
43.68061375617981,4516
43.6816840171814,4515
43.6852548122406,4514
43.685375928878784,4513
43.68671202659607,4512
43.69012188911438,4511
43.69363498687744,4510
43.69680905342102,4509
43.69833588600159,4508
43.69927191734314,4507
43.701059103012085,4506
43.70151090621948,4505
43.702115058898926,4504
43.70695400238037,4503
43.7219500541687,4502
43.726123094558716,4501
43.727184772491455,4500
43.72762608528137,4499
43.728484869003296,4498
43.7306170463562,4497
43.73129606246948,4496
43.73204779624939,4495
43.73353290557861,4494
43.733675956726074,4493
43.734821796417236,4492
43.738844871520996,4491
43.741745948791504,4490
43.742401123046875,4489
43.75272607803345,4488
43.7541561126709,4487
43.75434899330139,4486
43.755927085876465,4485
43.75799894332886,4484
43.759161949157715,4483
43.75936007499695,4482
43.761679887771606,4481
43.76295709609985,4480
43.76521897315979,4479
43.76615595817566,4478
43.77137494087219,4477
43.77150106430054,4476
43.77625393867493,4475
43.77853012084961,4474
43.77899193763733,4473
43.78013896942139,4472
43.78484606742859,4471
43.786032915115356,4470
43.78984808921814,4469
43.79046893119812,4468
43.790847063064575,4467
43.791029930114746,4466
43.79387092590332,4465
43.79398703575134,4464
43.794358015060425,4463
43.796711921691895,4462
43.800034046173096,4461
43.80074381828308,4460
43.80359506607056,4459
43.80459189414978,4458
43.80560111999512,4457
43.80764698982239,4456
43.80845594406128,4455
43.80879592895508,4454
43.80945682525635,4453
43.81187295913696,4452
43.812899112701416,4451
43.817983865737915,4450
43.82530403137207,4449
43.82810997962952,4448
43.82979679107666,4447
43.830029010772705,4446
43.84085392951965,4445
43.84148979187012,4444
43.848418951034546,4443
43.85115694999695,4442
43.85218572616577,4441
43.86466097831726,4440
43.86620283126831,4439
43.866816997528076,4438
43.86763072013855,4437
43.87261390686035,4436
43.879518032073975,4435
43.880568981170654,4434
43.88125276565552,4433
43.89209985733032,4432
43.89391112327576,4431
43.89812397956848,4430
43.89856791496277,4429
43.902889013290405,4428
43.903119802474976,4427
43.91551375389099,4426
43.9219388961792,4425
43.92246890068054,4424
43.92301106452942,4423
43.92493486404419,4422
43.930016040802,4421
43.930408000946045,4420
43.931177854537964,4419
43.93176603317261,4418
43.931880950927734,4417
43.941643953323364,4416
43.9425630569458,4415
43.94372200965881,4414
43.94484782218933,4413
43.94786882400513,4412
43.950414180755615,4411
43.951350927352905,4410
43.95249891281128,4409
43.95851397514343,4408
43.95928907394409,4407
43.96014904975891,4406
43.973543882369995,4405
43.978535890579224,4404
43.98254585266113,4403
43.982733964920044,4402
43.98482894897461,4401
43.98839282989502,4400
43.98951983451843,4399
43.9927978515625,4398
43.998274087905884,4397
43.99880599975586,4396
44.00135803222656,4395
44.00258207321167,4394
44.00319314002991,4393
44.00364685058594,4392
44.013038873672485,4391
44.01356601715088,4390
44.01448392868042,4389
44.017685890197754,4388
44.021389961242676,4387
44.02308511734009,4386
44.0234899520874,4385
44.02379488945007,4384
44.02444911003113,4383
44.02636790275574,4382
44.02719688415527,4381
44.02745604515076,4380
44.028881788253784,4379
44.030356884002686,4378
44.043790102005005,4377
44.05203986167908,4376
44.057809829711914,4375
44.05835700035095,4374
44.058964014053345,4373
44.05929493904114,4372
44.05973696708679,4371
44.06028699874878,4370
44.061020851135254,4369
44.06226396560669,4368
44.062864780426025,4367
44.06540393829346,4366
44.07138395309448,4365
44.07150197029114,4364
44.07402801513672,4363
44.0743088722229,4362
44.074816942214966,4361
44.07613801956177,4360
44.08028483390808,4359
44.0817129611969,4358
44.083539962768555,4357
44.09054112434387,4356
44.094748973846436,4355
44.09580183029175,4354
44.09720492362976,4353
44.103537797927856,4352
44.106858015060425,4351
44.10756492614746,4350
44.108646869659424,4349
44.111721992492676,4348
44.11311316490173,4347
44.11827993392944,4346
44.12091088294983,4345
44.12260890007019,4344
44.126001834869385,4343
44.12910294532776,4342
44.13315677642822,4341
44.13364100456238,4340
44.13696098327637,4339
44.13731098175049,4338
44.142828941345215,4337
44.14345693588257,4336
44.157390117645264,4335
44.15811514854431,4334
44.162724018096924,4333
44.17370080947876,4332
44.180004835128784,4331
44.1810839176178,4330
44.181740045547485,4329
44.18308782577515,4328
44.187788009643555,4327
44.18849205970764,4326
44.1915020942688,4325
44.191843032836914,4324
44.19780683517456,4323
44.19836115837097,4322
44.20983600616455,4321
44.212897062301636,4320
44.215561866760254,4319
44.216110944747925,4318
44.21647596359253,4317
44.22398900985718,4316
44.225265979766846,4315
44.227014780044556,4314
44.22768306732178,4313
44.22957491874695,4312
44.23110389709473,4311
44.23274087905884,4310
44.237512826919556,4309
44.24069881439209,4308
44.24185490608215,4307
44.25215482711792,4306
44.25970506668091,4305
44.262346029281616,4304
44.266469955444336,4303
44.267744064331055,4302
44.26810908317566,4301
44.26929211616516,4300
44.29806113243103,4299
44.31299090385437,4298
44.31493616104126,4297
44.31992793083191,4296
44.33034300804138,4295
44.34481191635132,4294
44.35536003112793,4293
44.36081790924072,4292
44.36416006088257,4291
44.365272998809814,4290
44.36823487281799,4289
44.37274789810181,4288
44.375158071517944,4287
44.37883496284485,4286
44.40796113014221,4285
44.408612966537476,4284
44.418959856033325,4283
44.42517709732056,4282
44.43627595901489,4281
44.44422197341919,4280
44.44853091239929,4279
44.45287489891052,4278
44.45768094062805,4277
44.45873999595642,4276
44.4694128036499,4275
44.47611689567566,4274
44.4814829826355,4273
44.49372696876526,4272
44.50132083892822,4271
44.50682592391968,4270
44.51042890548706,4269
44.52088189125061,4268
44.52255296707153,4267
44.52415895462036,4266
44.533751010894775,4265
44.54501986503601,4264
44.54662609100342,4263
44.55051279067993,4262
44.56016206741333,4261
44.568865060806274,4260
44.58426904678345,4259
44.584397077560425,4258
44.58960485458374,4257
44.589951038360596,4256
44.59196996688843,4255
44.59330677986145,4254
44.59982991218567,4253
44.65253186225891,4252
44.653361797332764,4251
44.681785106658936,4250
44.68295884132385,4249
44.68448996543884,4248
44.68789601325989,4247
44.69458508491516,4246
44.69574284553528,4245
44.69936680793762,4244
44.70171809196472,4243
44.70241689682007,4242
44.710456132888794,4241
44.72147297859192,4240
44.73035502433777,4239
44.74203395843506,4238
44.74603796005249,4237
44.750852823257446,4236
44.75136375427246,4235
44.75436806678772,4234
44.76004409790039,4233
44.76950287818909,4232
44.779950857162476,4231
44.78602075576782,4230
44.787883043289185,4229
44.79030394554138,4228
44.79472589492798,4227
44.79865908622742,4226
44.81649684906006,4225
44.81914806365967,4224
44.831007957458496,4223
44.83214783668518,4222
44.85613393783569,4221
44.86372995376587,4220
44.864558935165405,4219
44.86708402633667,4218
44.86881494522095,4217
44.88233184814453,4216
44.88492298126221,4215
44.88748598098755,4214
44.903578758239746,4213
44.91305708885193,4212
44.930006980895996,4211
44.93497896194458,4210
44.937463998794556,4209
44.970608949661255,4208
44.97436285018921,4207
44.97883701324463,4206
45.01250410079956,4205
45.02334380149841,4204
45.029096841812134,4203
45.05862593650818,4202
45.09808301925659,4201
45.105135917663574,4200
45.14230298995972,4199
45.145198822021484,4198
45.15233492851257,4197
45.15678000450134,4196
45.17111396789551,4195
45.19011187553406,4194
45.216362953186035,4193
45.22139000892639,4192
45.23154091835022,4191
45.23941993713379,4190
45.240726947784424,4189
45.24432587623596,4188
45.27811408042908,4187
45.29881501197815,4186
45.30827498435974,4185
45.312912940979004,4184
45.327056884765625,4183
45.349416971206665,4182
45.42183589935303,4181
45.43834400177002,4180
45.46033692359924,4179
45.472522020339966,4178
45.493226051330566,4177
45.52405500411987,4176
45.525453090667725,4175
45.55687880516052,4174
45.62609887123108,4173
45.66648602485657,4172
45.66683006286621,4171
45.729037046432495,4170
45.76190900802612,4169
45.89218091964722,4168
46.23616695404053,4167
46.30916881561279,4166
46.33172392845154,4165
46.46147084236145,4164
46.540745973587036,4163
46.778021812438965,4162
46.85520005226135,4161
47.46998977661133,4160
49.88980984687805,4159
