9.5367431640625e-07,157510
52.5003719329834,4785
52.50235319137573,4784
52.50261926651001,4783
52.503134965896606,4782
52.5033221244812,4781
52.50529885292053,4780
52.50563716888428,4779
52.50707817077637,4778
52.51172399520874,4777
52.514403104782104,4776
52.516027212142944,4775
52.51641011238098,4774
52.51659893989563,4773
52.51794099807739,4772
52.51906609535217,4771
52.52694129943848,4770
52.52720904350281,4769
52.528964042663574,4768
52.53080916404724,4767
52.532753229141235,4766
52.53472828865051,4765
52.535457134246826,4764
52.53855514526367,4763
52.53966689109802,4762
52.54201912879944,4761
52.542290925979614,4760
52.543235063552856,4759
52.54378008842468,4758
52.54531717300415,4757
52.54601502418518,4756
52.547675132751465,4755
52.55293893814087,4754
52.554577112197876,4753
52.55483913421631,4752
52.555712938308716,4751
52.55654811859131,4750
52.56324601173401,4749
52.56336784362793,4748
52.5710871219635,4747
52.57169508934021,4746
52.572052001953125,4745
52.57242226600647,4744
52.572542905807495,4743
52.57284498214722,4742
52.573694944381714,4741
52.57416915893555,4740
52.5746910572052,4739
52.57656812667847,4738
52.57702302932739,4737
52.577131032943726,4736
52.57775902748108,4735
52.57823419570923,4734
52.57842707633972,4733
52.5794620513916,4732
52.57994508743286,4731
52.58012914657593,4730
52.58227300643921,4729
52.582391023635864,4728
52.582977056503296,4727
52.5847110748291,4726
52.58613395690918,4725
52.58978819847107,4724
52.59036707878113,4723
52.59481406211853,4722
52.59507918357849,4721
52.595736026763916,4720
52.59614300727844,4719
52.60457897186279,4718
52.60635018348694,4717
52.60699486732483,4716
52.60718512535095,4715
52.60730218887329,4714
52.61040806770325,4713
52.615200996398926,4712
52.61670708656311,4711
52.61732816696167,4710
52.61791205406189,4709
52.61802387237549,4708
52.618324995040894,4707
52.618813276290894,4706
52.61892819404602,4705
52.61915326118469,4704
52.619625091552734,4703
52.62002611160278,4702
52.62062215805054,4701
52.62265110015869,4700
52.6240439414978,4699
52.627058267593384,4698
52.628013134002686,4697
52.62848615646362,4696
52.62980818748474,4695
52.630354166030884,4694
52.63180899620056,4693
52.63264203071594,4692
52.633342027664185,4691
52.63420796394348,4690
52.63457202911377,4689
52.63497805595398,4688
52.63516116142273,4687
52.63821792602539,4686
52.63864016532898,4685
52.64121913909912,4684
52.641335010528564,4683
52.642595052719116,4682
52.64788603782654,4681
52.64907503128052,4680
52.64976525306702,4679
52.64995503425598,4678
52.65118408203125,4677
52.651602268218994,4676
52.65190601348877,4675
52.652913093566895,4674
52.65383815765381,4673
52.665899991989136,4672
52.6729781627655,4671
52.67423105239868,4670
52.67484426498413,4669
52.675657987594604,4668
52.67811703681946,4667
52.681183099746704,4666
52.68410015106201,4665
52.684406042099,4664
52.68551707267761,4663
52.68996620178223,4662
52.690272092819214,4661
52.69086527824402,4660
52.693562030792236,4659
52.6955840587616,4658
52.69827103614807,4657
52.69968104362488,4656
52.70686316490173,4655
52.706984996795654,4654
52.708901166915894,4653
52.71096396446228,4652
52.712268114089966,4651
52.712828159332275,4650
52.71348810195923,4649
52.714112997055054,4648
52.71476197242737,4647
52.71559500694275,4646
52.719990968704224,4645
52.72095990180969,4644
52.72137713432312,4643
52.72149300575256,4642
52.73434329032898,4641
52.73526906967163,4640
52.73816227912903,4639
52.7384979724884,4638
52.73945116996765,4637
52.74057221412659,4636
52.74102306365967,4635
52.74167513847351,4634
52.742491245269775,4633
52.74353623390198,4632
52.743988037109375,4631
52.74454712867737,4630
52.74521327018738,4629
52.74540305137634,4628
52.74786615371704,4627
52.749176025390625,4626
52.75017023086548,4625
52.7564160823822,4624
52.75672388076782,4623
52.75825214385986,4622
52.76070022583008,4621
52.761343002319336,4620
52.76221203804016,4619
52.76313328742981,4618
52.76366305351257,4617
52.763943910598755,4616
52.76460909843445,4615
52.768155097961426,4614
52.768601179122925,4613
52.77403712272644,4612
52.77498698234558,4611
52.77872896194458,4610
52.784730195999146,4609
52.786221981048584,4608
52.787320137023926,4607
52.7880220413208,4606
52.78884291648865,4605
52.790170192718506,4604
52.7909791469574,4603
52.791178941726685,4602
52.79320406913757,4601
52.79513907432556,4600
52.79675316810608,4599
52.81225609779358,4598
52.81238412857056,4597
52.812586069107056,4596
52.8146550655365,4595
52.817432165145874,4594
52.81866002082825,4593
52.819080114364624,4592
52.81926512718201,4591
52.8195641040802,4590
52.82054305076599,4589
52.82066512107849,4588
52.82096791267395,4587
52.82189702987671,4586
52.82338809967041,4585
52.831347942352295,4584
52.83490514755249,4583
52.83804202079773,4582
52.839301109313965,4581
52.841060161590576,4580
52.84367108345032,4579
52.84443497657776,4578
52.846168994903564,4577
52.84786820411682,4576
52.848058223724365,4575
52.84835720062256,4574
52.84956407546997,4573
52.85000228881836,4572
52.850878953933716,4571
52.852721214294434,4570
52.853142976760864,4569
52.85381507873535,4568
52.85583996772766,4567
52.857842206954956,4566
52.85796618461609,4565
52.85896611213684,4564
52.86305618286133,4563
52.86526703834534,4562
52.866836071014404,4561
52.8722779750824,4560
52.876179933547974,4559
52.87865114212036,4558
52.87913393974304,4557
52.87925100326538,4556
52.87997317314148,4555
52.88017010688782,4554
52.88134288787842,4553
52.883469104766846,4552
52.887110233306885,4551
52.88846302032471,4550
52.888981103897095,4549
52.890440225601196,4548
52.89111018180847,4547
52.89137506484985,4546
52.89167785644531,4545
52.8931450843811,4544
52.893343925476074,4543
52.895278215408325,4542
52.89961814880371,4541
52.90000104904175,4540
52.90112829208374,4539
52.90242099761963,4538
52.90311598777771,4537
52.90687298774719,4536
52.907063007354736,4535
52.90922808647156,4534
52.910911083221436,4533
52.91267704963684,4532
52.917654037475586,4531
52.92160892486572,4530
52.922098875045776,4529
52.92504596710205,4528
52.92545819282532,4527
52.925902128219604,4526
52.92966818809509,4525
52.93025612831116,4524
52.93059301376343,4523
52.930970191955566,4522
52.931538105010986,4521
52.931658029556274,4520
52.93242597579956,4519
52.93256115913391,4518
52.934942960739136,4517
52.93520784378052,4516
52.937045097351074,4515
52.93744421005249,4514
52.938693046569824,4513
52.94822597503662,4512
52.94876527786255,4511
52.94989323616028,4510
52.951831102371216,4509
52.952678203582764,4508
52.954195976257324,4507
52.95516014099121,4506
52.959121227264404,4505
52.959810972213745,4504
52.96033811569214,4503
52.965922117233276,4502
52.96709394454956,4501
52.967506885528564,4500
52.970298051834106,4499
52.97291016578674,4498
52.97504210472107,4497
52.97573208808899,4496
52.97720289230347,4495
52.9800009727478,4494
52.98038697242737,4493
52.98886203765869,4492
52.99053120613098,4491
52.99163317680359,4490
52.9920871257782,4489
52.993059158325195,4488
52.9961199760437,4487
52.99652910232544,4486
52.99683713912964,4485
52.99694609642029,4484
52.99834489822388,4483
52.998472929000854,4482
52.99886202812195,4481
53.00348997116089,4480
53.00459003448486,4479
53.00507712364197,4478
53.00701689720154,4477
53.01283311843872,4476
53.01313900947571,4475
53.01603722572327,4474
53.016162157058716,4473
53.02054190635681,4472
53.02642512321472,4471
53.02686524391174,4470
53.02820920944214,4469
53.02922606468201,4468
53.03185820579529,4467
53.03626227378845,4466
53.036535024642944,4465
53.036901235580444,4464
53.04050302505493,4463
53.04284119606018,4462
53.04619812965393,4461
53.046717166900635,4460
53.04684114456177,4459
53.04780912399292,4458
53.05004596710205,4457
53.054771900177,4456
53.058027029037476,4455
53.06745910644531,4454
53.068878173828125,4453
53.076770067214966,4452
53.07696723937988,4451
53.081790924072266,4450
53.08353304862976,4449
53.09490203857422,4448
53.09538412094116,4447
53.09795808792114,4446
53.09915590286255,4445
53.10450005531311,4444
53.104840993881226,4443
53.105921030044556,4442
53.10676312446594,4441
53.10949921607971,4440
53.12318420410156,4439
53.125434160232544,4438
53.126270055770874,4437
53.1290922164917,4436
53.130228996276855,4435
53.13375997543335,4434
53.134395122528076,4433
53.13547205924988,4432
53.14093899726868,4431
53.14614129066467,4430
53.15189504623413,4429
53.15403485298157,4428
53.15466022491455,4427
53.156004190444946,4426
53.157066106796265,4425
53.15743613243103,4424
53.159955978393555,4423
53.16647291183472,4422
53.166600942611694,4421
53.167131185531616,4420
53.16761612892151,4419
53.168373107910156,4418
53.17219614982605,4417
53.17547798156738,4416
53.178279876708984,4415
53.18522000312805,4414
53.1893150806427,4413
53.19333291053772,4412
53.19742703437805,4411
53.20037031173706,4410
53.20317792892456,4409
53.20462894439697,4408
53.205082178115845,4407
53.20699596405029,4406
53.210997104644775,4405
53.21338486671448,4404
53.21376824378967,4403
53.214802265167236,4402
53.215754985809326,4401
53.21784710884094,4400
53.218685150146484,4399
53.22284698486328,4398
53.22771191596985,4397
53.23005700111389,4396
53.23219299316406,4395
53.2337532043457,4394
53.23735308647156,4393
53.24004507064819,4392
53.24284100532532,4391
53.2431800365448,4390
53.245737075805664,4389
53.24679231643677,4388
53.247997999191284,4387
53.251795053482056,4386
53.25367188453674,4385
53.25899696350098,4384
53.259113073349,4383
53.26576519012451,4382
53.26734209060669,4381
53.26894426345825,4380
53.27324414253235,4379
53.28082299232483,4378
53.28109908103943,4377
53.28511905670166,4376
53.287087202072144,4375
53.28746223449707,4374
53.289366006851196,4373
53.293843030929565,4372
53.29708790779114,4371
53.303107023239136,4370
53.30727005004883,4369
53.30960297584534,4368
53.31007790565491,4367
53.31834602355957,4366
53.321269035339355,4365
53.32286310195923,4364
53.33768916130066,4363
53.33842706680298,4362
53.33989906311035,4361
53.35440802574158,4360
53.35468316078186,4359
53.362322092056274,4358
53.36344504356384,4357
53.36468029022217,4356
53.37143015861511,4355
53.37283110618591,4354
53.388389110565186,4353
53.39267826080322,4352
53.39672899246216,4351
53.397629261016846,4350
53.40382099151611,4349
53.4044132232666,4348
53.41221904754639,4347
53.41857409477234,4346
53.42203903198242,4345
53.42248010635376,4344
53.423405170440674,4343
53.424349308013916,4342
53.426674127578735,4341
53.42939209938049,4340
53.43130707740784,4339
53.43249201774597,4338
53.43581795692444,4337
53.44052290916443,4336
53.47193121910095,4335
53.47283315658569,4334
53.47353219985962,4333
53.474831104278564,4332
53.476808309555054,4331
53.4795241355896,4330
53.482598066329956,4329
53.48776698112488,4328
53.48945903778076,4327
53.490813970565796,4326
53.491432905197144,4325
53.49302697181702,4324
53.49321389198303,4323
53.49731206893921,4322
53.49958515167236,4321
53.52219319343567,4320
53.52297592163086,4319
53.52414321899414,4318
53.52820086479187,4317
53.52944207191467,4316
53.52971601486206,4315
53.530807971954346,4314
53.53128218650818,4313
53.532591104507446,4312
53.53768706321716,4311
53.53915500640869,4310
53.53927493095398,4309
53.54435920715332,4308
53.54858207702637,4307
53.549171924591064,4306
53.55021691322327,4305
53.55292320251465,4304
53.56758904457092,4303
53.57628417015076,4302
53.577895164489746,4301
53.578702211380005,4300
53.583991050720215,4299
53.58557891845703,4298
53.586350202560425,4297
53.58969497680664,4296
53.59003710746765,4295
53.59041213989258,4294
53.59837794303894,4293
53.59859609603882,4292
53.61224126815796,4291
53.61789417266846,4290
53.618993282318115,4289
53.62080502510071,4288
53.62226986885071,4287
53.623522996902466,4286
53.63518309593201,4285
53.64244198799133,4284
53.65280890464783,4283
53.65728712081909,4282
53.658087968826294,4281
53.66168713569641,4280
53.665173053741455,4279
53.67054891586304,4278
53.67811608314514,4277
53.68184304237366,4276
53.68307399749756,4275
53.68530607223511,4274
53.68787622451782,4273
53.688573122024536,4272
53.70197296142578,4271
53.70829105377197,4270
53.70904231071472,4269
53.71582007408142,4268
53.71726322174072,4267
53.72496795654297,4266
53.736680030822754,4265
53.74084711074829,4264
53.750113010406494,4263
53.76141619682312,4262
53.7665479183197,4261
53.76897096633911,4260
53.77118897438049,4259
53.774126052856445,4258
53.7833149433136,4257
53.784690141677856,4256
53.79757308959961,4255
53.79865121841431,4254
53.80347013473511,4253
53.8056321144104,4252
53.81143593788147,4251
53.81948900222778,4250
53.8213791847229,4249
53.8378119468689,4248
53.84259104728699,4247
53.84617590904236,4246
53.84789705276489,4245
53.8553671836853,4244
53.86067295074463,4243
53.8608021736145,4242
53.881378173828125,4241
53.88158416748047,4240
53.88683104515076,4239
53.88753890991211,4238
53.893245220184326,4237
53.89466309547424,4236
53.89702296257019,4235
53.90035605430603,4234
53.9058301448822,4233
53.925673961639404,4232
53.92647910118103,4231
53.92786407470703,4230
53.94348216056824,4229
53.944329023361206,4228
53.951460123062134,4227
53.9577100276947,4226
53.96397304534912,4225
53.97885799407959,4224
53.98414993286133,4223
53.98543095588684,4222
53.987080097198486,4221
53.98851823806763,4220
53.98953914642334,4219
53.99534511566162,4218
54.00781798362732,4217
54.01578497886658,4216
54.01672291755676,4215
54.04127311706543,4214
54.042600870132446,4213
54.066811084747314,4212
54.07417392730713,4211
54.088996171951294,4210
54.091318130493164,4209
54.092854022979736,4208
54.09713625907898,4207
54.10085606575012,4206
54.10303616523743,4205
54.10359025001526,4204
54.12432503700256,4203
54.1893310546875,4202
54.19668912887573,4201
54.20808506011963,4200
54.21256494522095,4199
54.21608114242554,4198
54.21620297431946,4197
54.221949100494385,4196
54.230133056640625,4195
54.23294806480408,4194
54.23921203613281,4193
54.24010109901428,4192
54.24566912651062,4191
54.25189399719238,4190
54.253949880599976,4189
54.271706104278564,4188
54.28472304344177,4187
54.288549184799194,4186
54.32915925979614,4185
54.332509994506836,4184
54.38285207748413,4183
54.3839852809906,4182
54.441240072250366,4181
54.45126128196716,4180
54.45638918876648,4179
54.45799922943115,4178
54.46496510505676,4177
54.48976993560791,4176
54.49360203742981,4175
54.521690130233765,4174
54.53544020652771,4173
54.547264099121094,4172
54.55455207824707,4171
54.583693981170654,4170
54.599910259246826,4169
54.61481308937073,4168
54.68690824508667,4167
54.68962097167969,4166
54.70828413963318,4165
54.722471952438354,4164
54.76459503173828,4163
54.76825022697449,4162
54.81088399887085,4161
54.85475707054138,4160
54.883846044540405,4159
54.90066623687744,4158
54.91536092758179,4157
54.955963134765625,4156
54.96312117576599,4155
54.97537708282471,4154
54.988378047943115,4153
55.02008008956909,4152
55.10532093048096,4151
55.12758207321167,4150
55.1905632019043,4149
55.198546171188354,4148
55.24029994010925,4147
55.24803614616394,4146
55.25867009162903,4145
55.26595497131348,4144
55.36876702308655,4143
55.37707018852234,4142
55.69627594947815,4141
55.77923107147217,4140
56.138453006744385,4139
56.13986301422119,4138
56.198684215545654,4137
56.37439012527466,4136
56.67183709144592,4135
57.201255083084106,4134
57.33095717430115,4133
