0.0,157510
43.15681195259094,5102
43.15727615356445,5101
43.157684326171875,5100
43.160988092422485,5099
43.16118311882019,5098
43.16128993034363,5097
43.16246008872986,5096
43.16322612762451,5095
43.16896915435791,5094
43.1691529750824,5093
43.17019701004028,5092
43.170459270477295,5091
43.1761372089386,5090
43.176331996917725,5089
43.17677307128906,5088
43.18370819091797,5087
43.18567705154419,5086
43.18639302253723,5085
43.1869900226593,5084
43.18733310699463,5083
43.18773603439331,5082
43.192732095718384,5081
43.198222160339355,5080
43.19833421707153,5079
43.198822259902954,5078
43.227023124694824,5077
43.22867298126221,5076
43.228793144226074,5075
43.22947025299072,5074
43.22987914085388,5073
43.23046612739563,5072
43.236080169677734,5071
43.237465143203735,5070
43.23787021636963,5069
43.23797607421875,5068
43.23808002471924,5067
43.23967218399048,5066
43.241626262664795,5065
43.24189114570618,5064
43.242186069488525,5063
43.244333028793335,5062
43.244951009750366,5061
43.24505805969238,5060
43.24542999267578,5059
43.24923801422119,5058
43.249534130096436,5057
43.2521710395813,5056
43.25229001045227,5055
43.25273609161377,5054
43.253512144088745,5053
43.25466513633728,5052
43.255291223526,5051
43.25640916824341,5050
43.25652813911438,5049
43.26109790802002,5048
43.262362241744995,5047
43.26269006729126,5046
43.26306414604187,5045
43.2648561000824,5044
43.26508116722107,5043
43.26526713371277,5042
43.26883912086487,5041
43.26935601234436,5040
43.269611120224,5039
43.27020311355591,5038
43.2708899974823,5037
43.27118730545044,5036
43.27129602432251,5035
43.27485418319702,5034
43.27548909187317,5033
43.276342153549194,5032
43.27653121948242,5031
43.277438163757324,5030
43.285568952560425,5029
43.29997730255127,5028
43.30024814605713,5027
43.30101823806763,5026
43.30245399475098,5025
43.3116352558136,5024
43.32352828979492,5023
43.32387709617615,5022
43.327622175216675,5021
43.3284010887146,5020
43.329400062561035,5019
43.330926179885864,5018
43.33349394798279,5017
43.33360815048218,5016
43.33405423164368,5015
43.33848810195923,5014
43.34257411956787,5013
43.34655523300171,5012
43.34675407409668,5011
43.34846115112305,5010
43.350900173187256,5009
43.35276794433594,5008
43.353254079818726,5007
43.353628158569336,5006
43.35432505607605,5005
43.354438066482544,5004
43.355993032455444,5003
43.35655117034912,5002
43.35926818847656,5001
43.35989499092102,5000
43.360162019729614,4999
43.36066508293152,4998
43.361716985702515,4997
43.36303997039795,4996
43.36345601081848,4995
43.36396622657776,4994
43.36528730392456,4993
43.36572813987732,4992
43.36791515350342,4991
43.37597894668579,4990
43.385226011276245,4989
43.385459184646606,4988
43.38835120201111,4987
43.38933706283569,4986
43.391345262527466,4985
43.39255499839783,4984
43.393007040023804,4983
43.40850305557251,4982
43.408812046051025,4981
43.409152030944824,4980
43.41051912307739,4979
43.41074824333191,4978
43.410938024520874,4977
43.411341190338135,4976
43.41156196594238,4975
43.41270399093628,4974
43.42000102996826,4973
43.42237734794617,4972
43.424715995788574,4971
43.42502808570862,4970
43.425363302230835,4969
43.427388191223145,4968
43.42900013923645,4967
43.429301023483276,4966
43.431634187698364,4965
43.43210816383362,4964
43.43247723579407,4963
43.43297100067139,4962
43.433762073516846,4961
43.435166120529175,4960
43.44227719306946,4959
43.44385623931885,4958
43.44412326812744,4957
43.44584918022156,4956
43.44603419303894,4955
43.455100297927856,4954
43.45574617385864,4953
43.45594596862793,4952
43.45864415168762,4951
43.467530965805054,4950
43.468029260635376,4949
43.46867609024048,4948
43.469436168670654,4947
43.46994209289551,4946
43.47085213661194,4945
43.471036195755005,4944
43.4733669757843,4943
43.47466015815735,4942
43.475791215896606,4941
43.47623920440674,4940
43.478567123413086,4939
43.47894215583801,4938
43.47970914840698,4937
43.483479022979736,4936
43.49085736274719,4935
43.49119997024536,4934
43.494625091552734,4933
43.4954571723938,4932
43.495832204818726,4931
43.49680209159851,4930
43.49710512161255,4929
43.49721693992615,4928
43.49773120880127,4927
43.52375912666321,4926
43.538612365722656,4925
43.53921413421631,4924
43.54063415527344,4923
43.54291033744812,4922
43.543030977249146,4921
43.54333424568176,4920
43.543437004089355,4919
43.54361534118652,4918
43.54724311828613,4917
43.54834604263306,4916
43.55042815208435,4915
43.55167508125305,4914
43.5519380569458,4913
43.5535101890564,4912
43.55362415313721,4911
43.554078340530396,4910
43.559388160705566,4909
43.56066298484802,4908
43.560787200927734,4907
43.56342124938965,4906
43.56376123428345,4905
43.56493616104126,4904
43.56511998176575,4903
43.56946921348572,4902
43.5705132484436,4901
43.57178807258606,4900
43.572301149368286,4899
43.572641134262085,4898
43.583463191986084,4897
43.58415627479553,4896
43.594277143478394,4895
43.609596252441406,4894
43.610159158706665,4893
43.610270261764526,4892
43.61111617088318,4891
43.61130905151367,4890
43.612866163253784,4889
43.61441111564636,4888
43.614856243133545,4887
43.61503720283508,4886
43.6154260635376,4885
43.61670804023743,4884
43.61748909950256,4883
43.61789894104004,4882
43.61811828613281,4881
43.61887526512146,4880
43.61949419975281,4879
43.62448310852051,4878
43.62536025047302,4877
43.6258339881897,4876
43.62663221359253,4875
43.62731695175171,4874
43.62768816947937,4873
43.62952017784119,4872
43.629820108413696,4871
43.63125920295715,4870
43.63331723213196,4869
43.64444899559021,4868
43.644564151763916,4867
43.64520502090454,4866
43.64607524871826,4865
43.64647817611694,4864
43.64683794975281,4863
43.65115427970886,4862
43.65267300605774,4861
43.65293216705322,4860
43.654842138290405,4859
43.65510320663452,4858
43.65532612800598,4857
43.656530141830444,4856
43.65697932243347,4855
43.657384157180786,4854
43.65795922279358,4853
43.6585910320282,4852
43.65945911407471,4851
43.659725189208984,4850
43.66203713417053,4849
43.663278102874756,4848
43.66347908973694,4847
43.66514015197754,4846
43.665409088134766,4845
43.6668701171875,4844
43.66952705383301,4843
43.66972208023071,4842
43.66983222961426,4841
43.6722891330719,4840
43.67277812957764,4839
43.672887086868286,4838
43.67915630340576,4837
43.679357290267944,4836
43.6800172328949,4835
43.68063712120056,4834
43.6817262172699,4833
43.68199324607849,4832
43.68338203430176,4831
43.683677196502686,4830
43.684354066848755,4829
43.6851921081543,4828
43.686206340789795,4827
43.6866180896759,4826
43.68680119514465,4825
43.68757510185242,4824
43.68769812583923,4823
43.6883602142334,4822
43.6895751953125,4821
43.69530010223389,4820
43.698416233062744,4819
43.69864511489868,4818
43.698909282684326,4817
43.70069599151611,4816
43.70106911659241,4815
43.70286011695862,4814
43.70316004753113,4813
43.70334315299988,4812
43.70414423942566,4811
43.70725226402283,4810
43.70825004577637,4809
43.70844316482544,4808
43.714017152786255,4807
43.71464705467224,4806
43.7149760723114,4805
43.715272188186646,4804
43.72030210494995,4803
43.72152614593506,4802
43.722124099731445,4801
43.723281145095825,4800
43.7243173122406,4799
43.72479009628296,4798
43.72545623779297,4797
43.728541135787964,4796
43.73269701004028,4795
43.732816219329834,4794
43.73300504684448,4793
43.73337912559509,4792
43.733641147613525,4791
43.74088430404663,4790
43.742629051208496,4789
43.74315524101257,4788
43.743346214294434,4787
43.747085094451904,4786
43.748635053634644,4785
43.751004219055176,4784
43.75118827819824,4783
43.751891136169434,4782
43.752809286117554,4781
43.75345826148987,4780
43.75357508659363,4779
43.75368332862854,4778
43.75622224807739,4777
43.75641703605652,4776
43.756529092788696,4775
43.757899045944214,4774
43.765321254730225,4773
43.76544213294983,4772
43.76672005653381,4771
43.774375200271606,4770
43.77482533454895,4769
43.776222229003906,4768
43.77645206451416,4767
43.776939153671265,4766
43.77776622772217,4765
43.77798819541931,4764
43.79181408882141,4763
43.79702711105347,4762
43.79754590988159,4761
43.803168058395386,4760
43.80683636665344,4759
43.80746006965637,4758
43.808624267578125,4757
43.809449911117554,4756
43.811493158340454,4755
43.81168007850647,4754
43.812150955200195,4753
43.81244897842407,4752
43.816434144973755,4751
43.817283153533936,4750
43.82151699066162,4749
43.82199025154114,4748
43.822291135787964,4747
43.82254719734192,4746
43.82362699508667,4745
43.82392501831055,4744
43.82657313346863,4743
43.82676815986633,4742
43.826879262924194,4741
43.8272430896759,4740
43.8381621837616,4739
43.83915328979492,4738
43.842053174972534,4737
43.84672403335571,4736
43.850698947906494,4735
43.851500034332275,4734
43.85235023498535,4733
43.852856159210205,4732
43.852972984313965,4731
43.853801250457764,4730
43.85392093658447,4729
43.855648040771484,4728
43.859286069869995,4727
43.86022925376892,4726
43.86042809486389,4725
43.86134219169617,4724
43.86379432678223,4723
43.864174127578735,4722
43.86442589759827,4721
43.864867210388184,4720
43.86520004272461,4719
43.87496495246887,4718
43.875237226486206,4717
43.8761830329895,4716
43.877387046813965,4715
43.87945008277893,4714
43.88128304481506,4713
43.881824016571045,4712
43.88226819038391,4711
43.8846230506897,4710
43.88808012008667,4709
43.88892698287964,4708
43.88929510116577,4707
43.890268087387085,4706
43.89120626449585,4705
43.8919632434845,4704
43.89214897155762,4703
43.892513036727905,4702
43.892786264419556,4701
43.89315915107727,4700
43.894509077072144,4699
43.895522117614746,4698
43.89771795272827,4697
43.898823261260986,4696
43.899508237838745,4695
43.899817943573,4694
43.899930238723755,4693
43.91278624534607,4692
43.91291427612305,4691
43.914119243621826,4690
43.91481328010559,4689
43.91532516479492,4688
43.91544008255005,4687
43.91758108139038,4686
43.91878700256348,4685
43.91889810562134,4684
43.91900324821472,4683
43.92051720619202,4682
43.921531200408936,4681
43.92309308052063,4680
43.93805527687073,4679
43.93904709815979,4678
43.93934512138367,4677
43.94007921218872,4676
43.970211029052734,4675
43.97045111656189,4674
43.977447271347046,4673
43.978360176086426,4672
43.97858500480652,4671
43.97885012626648,4670
43.9816780090332,4669
43.983102321624756,4668
43.983437061309814,4667
43.98693609237671,4666
43.987847089767456,4665
43.98842692375183,4664
43.988625288009644,4663
43.99011516571045,4662
43.990520000457764,4661
43.991732358932495,4660
43.99206495285034,4659
43.99217510223389,4658
43.9925422668457,4657
43.993412017822266,4656
43.99841523170471,4655
43.99867630004883,4654
43.9991180896759,4653
44.0009982585907,4652
44.00166130065918,4651
44.00191307067871,4650
44.005428314208984,4649
44.007182121276855,4648
44.00755214691162,4647
44.00837302207947,4646
44.009033203125,4645
44.00978207588196,4644
44.010717153549194,4643
44.023322105407715,4642
44.02363705635071,4641
44.02374601364136,4640
44.02617526054382,4639
44.02629804611206,4638
44.026745080947876,4637
44.031633138656616,4636
44.03392934799194,4635
44.037028074264526,4634
44.037400007247925,4633
44.03781032562256,4632
44.04378700256348,4631
44.0447051525116,4630
44.045210123062134,4629
44.046887159347534,4628
44.04895997047424,4627
44.05201005935669,4626
44.05263304710388,4625
44.05364203453064,4624
44.05467224121094,4623
44.05660700798035,4622
44.060386180877686,4621
44.06087327003479,4620
44.06153225898743,4619
44.06201124191284,4618
44.06292128562927,4617
44.06756114959717,4616
44.069775104522705,4615
44.071073055267334,4614
44.075507164001465,4613
44.076945066452026,4612
44.080140113830566,4611
44.081730127334595,4610
44.08318829536438,4609
44.08543014526367,4608
44.08635115623474,4607
44.090267181396484,4606
44.09774422645569,4605
44.10183334350586,4604
44.10253429412842,4603
44.10328817367554,4602
44.106632232666016,4601
44.1070032119751,4600
44.10784411430359,4599
44.10912013053894,4598
44.11082696914673,4597
44.114970207214355,4596
44.11675524711609,4595
44.11769914627075,4594
44.11879920959473,4593
44.119025230407715,4592
44.119768142700195,4591
44.120174169540405,4590
44.1204731464386,4589
44.12265610694885,4588
44.12306809425354,4587
44.12325310707092,4586
44.126018047332764,4585
44.129717111587524,4584
44.13081121444702,4583
44.13157415390015,4582
44.13736820220947,4581
44.13778305053711,4580
44.13815498352051,4579
44.14217805862427,4578
44.14305400848389,4577
44.14513611793518,4576
44.14550709724426,4575
44.14583706855774,4574
44.147104024887085,4573
44.14864730834961,4572
44.14986801147461,4571
44.15021014213562,4570
44.15230202674866,4569
44.15249824523926,4568
44.15341305732727,4567
44.15361213684082,4566
44.15661907196045,4565
44.15688490867615,4564
44.15732502937317,4563
44.1592800617218,4562
44.15986204147339,4561
44.15998101234436,4560
44.161174058914185,4559
44.16305923461914,4558
44.16324806213379,4557
44.1635582447052,4556
44.16808605194092,4555
44.16903233528137,4554
44.17014813423157,4553
44.17108511924744,4552
44.17163705825806,4551
44.176764249801636,4550
44.17688798904419,4549
44.17768907546997,4548
44.17788004875183,4547
44.17989230155945,4546
44.18031096458435,4545
44.18210029602051,4544
44.184288024902344,4543
44.1865131855011,4542
44.18885612487793,4541
44.18993520736694,4540
44.191412925720215,4539
44.192514181137085,4538
44.19350600242615,4537
44.197527170181274,4536
44.19846820831299,4535
44.199700355529785,4534
44.200037240982056,4533
44.20323419570923,4532
44.20342302322388,4531
44.207258224487305,4530
44.20778012275696,4529
44.20812010765076,4528
44.21048712730408,4527
44.211034059524536,4526
44.21133518218994,4525
44.211446046829224,4524
44.21769118309021,4523
44.219444274902344,4522
44.23963809013367,4521
44.24033522605896,4520
44.24091696739197,4519
44.24667310714722,4518
44.25456213951111,4517
44.256898164749146,4516
44.25727725028992,4515
44.26103210449219,4514
44.261714220047,4513
44.26189994812012,4512
44.26259708404541,4511
44.262869119644165,4510
44.26746606826782,4509
44.26839327812195,4508
44.26897311210632,4507
44.27529716491699,4506
44.282071113586426,4505
44.28593611717224,4504
44.28605103492737,4503
44.28616499900818,4502
44.28674030303955,4501
44.28741812705994,4500
44.28869295120239,4499
44.30132508277893,4498
44.30676293373108,4497
44.30884122848511,4496
44.30911421775818,4495
44.31029415130615,4494
44.311554193496704,4493
44.312504053115845,4492
44.31409811973572,4491
44.314910888671875,4490
44.3186240196228,4489
44.31908130645752,4488
44.31940722465515,4487
44.321332931518555,4486
44.322028160095215,4485
44.32381224632263,4484
44.32400107383728,4483
44.326454162597656,4482
44.32964825630188,4481
44.32983112335205,4480
44.333521127700806,4479
44.33393216133118,4478
44.3449592590332,4477
44.34685015678406,4476
44.34872221946716,4475
44.350980043411255,4474
44.368446350097656,4473
44.36857008934021,4472
44.37061810493469,4471
44.37381911277771,4470
44.374123096466064,4469
44.37781620025635,4468
44.380897998809814,4467
44.38169312477112,4466
44.38585591316223,4465
44.386362075805664,4464
44.3867712020874,4463
44.38735103607178,4462
44.38768720626831,4461
44.38820195198059,4460
44.39839005470276,4459
44.40373921394348,4458
44.406378984451294,4457
44.4069550037384,4456
44.40888333320618,4455
44.40974521636963,4454
44.41186809539795,4453
44.41358995437622,4452
44.41400122642517,4451
44.415247201919556,4450
44.416585206985474,4449
44.417827129364014,4448
44.42007923126221,4447
44.420666217803955,4446
44.42391014099121,4445
44.425878047943115,4444
44.42642402648926,4443
44.43247890472412,4442
44.43311405181885,4441
44.43836808204651,4440
44.45038819313049,4439
44.45461416244507,4438
44.456807136535645,4437
44.45761013031006,4436
44.45941925048828,4435
44.46413731575012,4434
44.465739011764526,4433
44.46592831611633,4432
44.47113490104675,4431
44.471983194351196,4430
44.47284817695618,4429
44.47447323799133,4428
44.475993156433105,4427
44.47801899909973,4426
44.478395223617554,4425
44.47936725616455,4424
44.480308294296265,4423
44.480637311935425,4422
44.481075286865234,4421
44.48540902137756,4420
44.485711097717285,4419
44.49991011619568,4418
44.503103256225586,4417
44.50342392921448,4416
44.508350133895874,4415
44.51168608665466,4414
44.51241707801819,4413
44.51382231712341,4412
44.515341997146606,4411
44.516377210617065,4410
44.517009258270264,4409
44.52025532722473,4408
44.52429914474487,4407
44.52522420883179,4406
44.52802109718323,4405
44.53028702735901,4404
44.5320611000061,4403
44.53396701812744,4402
44.53688907623291,4401
44.53744196891785,4400
44.53887414932251,4399
44.542572021484375,4398
44.54699897766113,4397
44.547687292099,4396
44.54950213432312,4395
44.5504150390625,4394
44.55364203453064,4393
44.55448913574219,4392
44.55776810646057,4391
44.56058692932129,4390
44.56413412094116,4389
44.56784009933472,4388
44.57199835777283,4387
44.57337808609009,4386
44.57548427581787,4385
44.576595306396484,4384
44.57811212539673,4383
44.58445119857788,4382
44.591652154922485,4381
44.5936541557312,4380
44.59567999839783,4379
44.595887184143066,4378
44.60066199302673,4377
44.60192108154297,4376
44.60235619544983,4375
44.60318899154663,4374
44.61049818992615,4373
44.61492705345154,4372
44.61867308616638,4371
44.620933055877686,4370
44.63122034072876,4369
44.63394093513489,4368
44.63755702972412,4367
44.64244031906128,4366
44.64383935928345,4365
44.645634174346924,4364
44.64686822891235,4363
44.64938807487488,4362
44.64950394630432,4361
44.65023112297058,4360
44.65079617500305,4359
44.65241003036499,4358
44.65419411659241,4357
44.656941175460815,4356
44.66087007522583,4355
44.66098403930664,4354
44.66401934623718,4353
44.665863275527954,4352
44.67137002944946,4351
44.67304801940918,4350
44.675634145736694,4349
44.676738023757935,4348
44.67685127258301,4347
44.68675088882446,4346
44.68902111053467,4345
44.69002413749695,4344
44.69043016433716,4343
44.69366717338562,4342
44.695250272750854,4341
44.696208238601685,4340
44.69951629638672,4339
44.699753284454346,4338
44.70285201072693,4337
44.704330921173096,4336
44.705568075180054,4335
44.71086525917053,4334
44.71280097961426,4333
44.735275983810425,4332
44.736167192459106,4331
44.73671221733093,4330
44.73701500892639,4329
44.74083709716797,4328
44.743144273757935,4327
44.75205397605896,4326
44.753411054611206,4325
44.75722002983093,4324
44.75734305381775,4323
44.76573729515076,4322
44.76950407028198,4321
44.772701263427734,4320
44.77389311790466,4319
44.77702021598816,4318
44.77896213531494,4317
44.789433002471924,4316
44.79323697090149,4315
44.79495120048523,4314
44.7982063293457,4313
44.800140142440796,4312
44.80361008644104,4311
44.80463099479675,4310
44.80946922302246,4309
44.81206130981445,4308
44.813677072525024,4307
44.81513214111328,4306
44.82098603248596,4305
44.822362184524536,4304
44.82341122627258,4303
44.829591035842896,4302
44.83436322212219,4301
44.836358070373535,4300
44.83833312988281,4299
44.84407329559326,4298
44.84569525718689,4297
44.84898400306702,4296
44.85138821601868,4295
44.85251712799072,4294
44.85307312011719,4293
44.859238147735596,4292
44.868361949920654,4291
44.87286925315857,4290
44.873274087905884,4289
44.875683069229126,4288
44.88300323486328,4287
44.88971519470215,4286
44.91170024871826,4285
44.91504716873169,4284
44.915523052215576,4283
44.94170427322388,4282
44.94219636917114,4281
44.94305109977722,4280
44.95028519630432,4279
44.95215630531311,4278
44.95566415786743,4277
44.95816922187805,4276
44.95990300178528,4275
44.96293926239014,4274
44.970115184783936,4273
44.97444200515747,4272
44.97543716430664,4271
44.987306118011475,4270
44.98822498321533,4269
44.99295425415039,4268
44.99387216567993,4267
44.99906826019287,4266
45.001328229904175,4265
45.00756621360779,4264
45.00812792778015,4263
45.01148223876953,4262
45.01448702812195,4261
45.01712989807129,4260
45.01838731765747,4259
45.02442526817322,4258
45.0257031917572,4257
45.028512954711914,4256
45.03102517127991,4255
45.036235094070435,4254
45.05591821670532,4253
45.059690952301025,4252
45.06130313873291,4251
45.072261095047,4250
45.07303595542908,4249
45.07575225830078,4248
45.07702708244324,4247
45.10529923439026,4246
45.10724401473999,4245
45.10805010795593,4244
45.11210608482361,4243
45.11480498313904,4242
45.11549735069275,4241
45.1194281578064,4240
45.12460422515869,4239
45.13258600234985,4238
45.13466429710388,4237
45.13943123817444,4236
45.14081931114197,4235
45.14335608482361,4234
45.154675245285034,4233
45.16676926612854,4232
45.170624017715454,4231
45.17406511306763,4230
45.19136834144592,4229
45.19397020339966,4228
45.199777126312256,4227
45.22425818443298,4226
45.22561717033386,4225
45.24377226829529,4224
45.26599335670471,4223
45.26645231246948,4222
45.26678919792175,4221
45.27854108810425,4220
45.29659914970398,4219
45.30233907699585,4218
45.306331157684326,4217
45.31915020942688,4216
45.32527828216553,4215
45.33494710922241,4214
45.33952713012695,4213
45.34787726402283,4212
45.34971213340759,4211
45.3513720035553,4210
45.35798215866089,4209
45.36087393760681,4208
45.39163637161255,4207
45.42214918136597,4206
45.46089220046997,4205
45.464476108551025,4204
45.47614622116089,4203
45.478806018829346,4202
45.488598108291626,4201
45.491902351379395,4200
45.49332118034363,4199
45.514753103256226,4198
45.516263246536255,4197
45.53262424468994,4196
45.53926110267639,4195
45.54901719093323,4194
45.570019006729126,4193
45.5853853225708,4192
45.5982232093811,4191
45.61292791366577,4190
45.63641023635864,4189
45.67115521430969,4188
45.68899917602539,4187
45.6979501247406,4186
45.69835805892944,4185
45.75506401062012,4184
45.756805181503296,4183
45.7654492855072,4182
45.77128219604492,4181
45.773723125457764,4180
45.83143496513367,4179
45.85155510902405,4178
45.875455379486084,4177
45.885510206222534,4176
45.894721031188965,4175
45.90598011016846,4174
45.94707417488098,4173
45.95357632637024,4172
45.958564043045044,4171
45.96301007270813,4170
45.96571326255798,4169
45.97576904296875,4168
45.988370180130005,4167
46.028221130371094,4166
46.0615930557251,4165
46.10366725921631,4164
46.156389236450195,4163
46.17542505264282,4162
46.188234090805054,4161
46.20135021209717,4160
46.21233510971069,4159
46.30586814880371,4158
46.31674814224243,4157
46.34559106826782,4156
46.40821027755737,4155
46.46381616592407,4154
46.525169134140015,4153
46.54660415649414,4152
46.64856219291687,4151
46.655365228652954,4150
46.75417900085449,4149
46.77706217765808,4148
46.984137296676636,4147
47.68951392173767,4146
47.86118030548096,4145
47.86947202682495,4144
