0.0,157510
52.37107300758362,4645
52.372316122055054,4644
52.3725152015686,4643
52.37434911727905,4642
52.37738513946533,4641
52.378662109375,4640
52.37914705276489,4639
52.37983417510986,4638
52.38318395614624,4637
52.38764023780823,4636
52.389564037323,4635
52.39170217514038,4634
52.39218807220459,4633
52.39442801475525,4632
52.394766092300415,4631
52.3954861164093,4630
52.40073299407959,4629
52.40118718147278,4628
52.40204215049744,4627
52.40276908874512,4626
52.406150102615356,4625
52.410686016082764,4624
52.41081404685974,4623
52.415000200271606,4622
52.41555905342102,4621
52.41820502281189,4620
52.418840169906616,4619
52.419902086257935,4618
52.42075300216675,4617
52.42111325263977,4616
52.421234130859375,4615
52.421669006347656,4614
52.424519062042236,4613
52.42584824562073,4612
52.429829120635986,4611
52.43099808692932,4610
52.431541204452515,4609
52.43206810951233,4608
52.43218207359314,4607
52.44301128387451,4606
52.44336795806885,4605
52.44415330886841,4604
52.44456911087036,4603
52.444682121276855,4602
52.4482262134552,4601
52.44872713088989,4600
52.449976205825806,4599
52.45010304450989,4598
52.45332098007202,4597
52.4538140296936,4596
52.45495009422302,4595
52.458078145980835,4594
52.460137128829956,4593
52.463351249694824,4592
52.4637930393219,4591
52.463911056518555,4590
52.4641010761261,4589
52.46826720237732,4588
52.47368311882019,4587
52.4747531414032,4586
52.47707915306091,4585
52.48091411590576,4584
52.48132801055908,4583
52.48162794113159,4582
52.48949313163757,4581
52.49727487564087,4580
52.49816417694092,4579
52.49835515022278,4578
52.50570821762085,4577
52.509204149246216,4576
52.51521325111389,4575
52.51662015914917,4574
52.516738176345825,4573
52.51733613014221,4572
52.51874113082886,4571
52.52011704444885,4570
52.52139925956726,4569
52.52254915237427,4568
52.52465510368347,4567
52.52516722679138,4566
52.526071071624756,4565
52.527003049850464,4564
52.5286910533905,4563
52.529277086257935,4562
52.53059697151184,4561
52.53117489814758,4560
52.531646966934204,4559
52.53294110298157,4558
52.533987283706665,4557
52.542799949645996,4556
52.544286012649536,4555
52.54613709449768,4554
52.54682803153992,4553
52.5470449924469,4552
52.54880905151367,4551
52.55121421813965,4550
52.55164813995361,4549
52.55184006690979,4548
52.55642509460449,4547
52.56071925163269,4546
52.564347982406616,4545
52.572914123535156,4544
52.57595109939575,4543
52.577545166015625,4542
52.5788471698761,4541
52.581982135772705,4540
52.58242416381836,4539
52.58641600608826,4538
52.58939504623413,4537
52.58987617492676,4536
52.5917592048645,4535
52.592740297317505,4534
52.594460010528564,4533
52.60100793838501,4532
52.60166621208191,4531
52.60386610031128,4530
52.60508108139038,4529
52.60555410385132,4528
52.61266207695007,4527
52.61387920379639,4526
52.61526012420654,4525
52.61790919303894,4524
52.61977410316467,4523
52.62010407447815,4522
52.620845079422,4521
52.622650146484375,4520
52.62383794784546,4519
52.62410092353821,4518
52.62602710723877,4517
52.62814712524414,4516
52.62842130661011,4515
52.629059076309204,4514
52.6303071975708,4513
52.63561010360718,4512
52.636656045913696,4511
52.63848090171814,4510
52.644225120544434,4509
52.64604711532593,4508
52.64638590812683,4507
52.64787793159485,4506
52.65051293373108,4505
52.6515851020813,4504
52.651845932006836,4503
52.65196108818054,4502
52.655888080596924,4501
52.65621995925903,4500
52.6564359664917,4499
52.658586263656616,4498
52.661675214767456,4497
52.66439604759216,4496
52.66472816467285,4495
52.670223236083984,4494
52.67194199562073,4493
52.682634115219116,4492
52.682899951934814,4491
52.68390107154846,4490
52.684797048568726,4489
52.68726420402527,4488
52.69283628463745,4487
52.693347215652466,4486
52.69511294364929,4485
52.69654607772827,4484
52.696951150894165,4483
52.69924998283386,4482
52.70197415351868,4481
52.703681230545044,4480
52.70402693748474,4479
52.704522132873535,4478
52.73001503944397,4477
52.73170804977417,4476
52.7318971157074,4475
52.73290300369263,4474
52.73542523384094,4473
52.73663902282715,4472
52.737637996673584,4471
52.74073100090027,4470
52.74148726463318,4469
52.741629123687744,4468
52.743866205215454,4467
52.74442100524902,4466
52.744755029678345,4465
52.752527952194214,4464
52.75316095352173,4463
52.75413107872009,4462
52.7556209564209,4461
52.756155014038086,4460
52.756431102752686,4459
52.76035523414612,4458
52.76150417327881,4457
52.762463092803955,4456
52.76686406135559,4455
52.7670521736145,4454
52.77263307571411,4453
52.77735614776611,4452
52.77846908569336,4451
52.7786602973938,4450
52.779192209243774,4449
52.78389620780945,4448
52.78753900527954,4447
52.787875175476074,4446
52.79509210586548,4445
52.79598903656006,4444
52.796173095703125,4443
52.79749512672424,4442
52.80371403694153,4441
52.804463148117065,4440
52.80486989021301,4439
52.80562996864319,4438
52.806395053863525,4437
52.80792212486267,4436
52.80803418159485,4435
52.8147451877594,4434
52.8153190612793,4433
52.81596493721008,4432
52.816527128219604,4431
52.81756401062012,4430
52.81827211380005,4429
52.821609020233154,4428
52.829127073287964,4427
52.831435203552246,4426
52.83178210258484,4425
52.8493709564209,4424
52.850229024887085,4423
52.85334515571594,4422
52.85368609428406,4421
52.854068994522095,4420
52.85599207878113,4419
52.860671043395996,4418
52.86109018325806,4417
52.86120104789734,4416
52.86579418182373,4415
52.86800694465637,4414
52.87007427215576,4413
52.87228512763977,4412
52.87696313858032,4411
52.87750816345215,4410
52.87907099723816,4409
52.88025617599487,4408
52.88819408416748,4407
52.89077305793762,4406
52.89089608192444,4405
52.89183211326599,4404
52.89497399330139,4403
52.90003204345703,4402
52.90828609466553,4401
52.911840200424194,4400
52.91195011138916,4399
52.91546010971069,4398
52.91658020019531,4397
52.92098617553711,4396
52.922455072402954,4395
52.92735815048218,4394
52.931931018829346,4393
52.9323673248291,4392
52.94126605987549,4391
52.94228720664978,4390
52.95297908782959,4389
52.955756187438965,4388
52.95926809310913,4387
52.95950222015381,4386
52.961905002593994,4385
52.96224594116211,4384
52.96546411514282,4383
52.96622395515442,4382
52.970229148864746,4381
52.971482276916504,4380
52.97170686721802,4379
52.97462821006775,4378
52.976871967315674,4377
52.97730612754822,4376
52.97876214981079,4375
52.979686975479126,4374
52.98002004623413,4373
52.981290102005005,4372
52.98786687850952,4371
52.993672132492065,4370
52.99450922012329,4369
52.99720907211304,4368
52.99967432022095,4367
53.00046110153198,4366
53.00221014022827,4365
53.01221299171448,4364
53.012662172317505,4363
53.01558828353882,4362
53.02610421180725,4361
53.032005310058594,4360
53.03641700744629,4359
53.03816199302673,4358
53.041529178619385,4357
53.043484926223755,4356
53.04649615287781,4355
53.047430992126465,4354
53.05081605911255,4353
53.0514760017395,4352
53.05301308631897,4351
53.05516028404236,4350
53.059261083602905,4349
53.06108212471008,4348
53.06151509284973,4347
53.06338405609131,4346
53.064324140548706,4345
53.07315802574158,4344
53.074615240097046,4343
53.088500022888184,4342
53.08901405334473,4341
53.10629105567932,4340
53.10871911048889,4339
53.11129713058472,4338
53.12273693084717,4337
53.136632204055786,4336
53.14323115348816,4335
53.14957118034363,4334
53.1503210067749,4333
53.1592972278595,4332
53.16287589073181,4331
53.16397714614868,4330
53.173649072647095,4329
53.174872159957886,4328
53.176958084106445,4327
53.19095826148987,4326
53.19109511375427,4325
53.201473236083984,4324
53.20973610877991,4323
53.2106671333313,4322
53.21132016181946,4321
53.21466016769409,4320
53.21597599983215,4319
53.218199253082275,4318
53.22953200340271,4317
53.23120903968811,4316
53.23855495452881,4315
53.24418520927429,4314
53.24523115158081,4313
53.2546911239624,4312
53.264408111572266,4311
53.277109146118164,4310
53.27925896644592,4309
53.28147315979004,4308
53.28345823287964,4307
53.2849600315094,4306
53.28516101837158,4305
53.31187105178833,4304
53.31478714942932,4303
53.317018270492554,4302
53.323960065841675,4301
53.330984115600586,4300
53.3320689201355,4299
53.33360505104065,4298
53.338536977767944,4297
53.348742961883545,4296
53.3547899723053,4295
53.367587089538574,4294
53.36842107772827,4293
53.38414907455444,4292
53.384523153305054,4291
53.408933877944946,4290
53.41006898880005,4289
53.414161920547485,4288
53.414823055267334,4287
53.418933153152466,4286
53.42077708244324,4285
53.42457723617554,4284
53.43222212791443,4283
53.43310213088989,4282
53.43453812599182,4281
53.4411358833313,4280
53.454598903656006,4279
53.479008197784424,4278
53.47944498062134,4277
53.48944807052612,4276
53.50120306015015,4275
53.5063910484314,4274
53.51269006729126,4273
53.525681018829346,4272
53.525899171829224,4271
53.528424978256226,4270
53.5300669670105,4269
53.559362173080444,4268
53.56235408782959,4267
53.57097291946411,4266
53.57314205169678,4265
53.579097270965576,4264
53.58287000656128,4263
53.58324909210205,4262
53.594221115112305,4261
53.599465131759644,4260
53.60392928123474,4259
53.60486721992493,4258
53.609374046325684,4257
53.61138415336609,4256
53.622920989990234,4255
53.627127170562744,4254
53.62940287590027,4253
53.6427321434021,4252
53.64625310897827,4251
53.64931011199951,4250
53.66268014907837,4249
53.66922402381897,4248
53.67904996871948,4247
53.68043494224548,4246
53.688698291778564,4245
53.694875955581665,4244
53.70821714401245,4243
53.716639041900635,4242
53.71882200241089,4241
53.72739005088806,4240
53.74426031112671,4239
53.746336221694946,4238
53.751121044158936,4237
53.757296085357666,4236
53.76149821281433,4235
53.776850938797,4234
53.77988314628601,4233
53.78972005844116,4232
53.79668307304382,4231
53.80636286735535,4230
53.829217195510864,4229
53.83669829368591,4228
53.84100794792175,4227
53.849626302719116,4226
53.85643196105957,4225
53.86914014816284,4224
53.87517285346985,4223
53.88277626037598,4222
53.89479994773865,4221
53.89794206619263,4220
53.901861906051636,4219
53.91030716896057,4218
53.928855180740356,4217
53.94403624534607,4216
53.95204210281372,4215
53.95290207862854,4214
53.96624493598938,4213
53.99045991897583,4212
53.991677045822144,4211
54.00244116783142,4210
54.01381826400757,4209
54.015825033187866,4208
54.01905798912048,4207
54.033226013183594,4206
54.039353132247925,4205
54.05381202697754,4204
54.064424991607666,4203
54.10753107070923,4202
54.134886026382446,4201
54.13773703575134,4200
54.18166208267212,4199
54.18509817123413,4198
54.19461512565613,4197
54.19896411895752,4196
54.20359992980957,4195
54.24580788612366,4194
54.24812293052673,4193
54.25343418121338,4192
54.28002214431763,4191
54.32091403007507,4190
54.35301423072815,4189
54.37385821342468,4188
54.39140200614929,4187
54.42569088935852,4186
54.45705723762512,4185
54.47622728347778,4184
54.477742195129395,4183
54.48122715950012,4182
54.50482416152954,4181
54.50961422920227,4180
54.579790115356445,4179
54.59411096572876,4178
54.66330599784851,4177
54.679455041885376,4176
54.68459510803223,4175
54.85617208480835,4174
55.1054151058197,4173
55.21638607978821,4172
55.25050210952759,4171
55.32840299606323,4170
55.35239100456238,4169
55.48861598968506,4168
55.50126123428345,4167
55.586694955825806,4166
55.81876611709595,4165
56.34512114524841,4164
57.33594608306885,4163
