0.0,157510
45.75094699859619,4518
45.75551199913025,4517
45.75771903991699,4516
45.75795888900757,4515
45.758882999420166,4514
45.760239124298096,4513
45.76279807090759,4512
45.76406693458557,4511
45.769423723220825,4510
45.77182197570801,4509
45.77596378326416,4508
45.776591777801514,4507
45.78305196762085,4506
45.783326864242554,4505
45.78404402732849,4504
45.78977990150452,4503
45.790457010269165,4502
45.79122996330261,4501
45.792011976242065,4500
45.79358196258545,4499
45.79897689819336,4498
45.80072808265686,4497
45.80126214027405,4496
45.8034348487854,4495
45.807512044906616,4494
45.80806303024292,4493
45.826037883758545,4492
45.827900886535645,4491
45.82916283607483,4490
45.82982301712036,4489
45.832916021347046,4488
45.83317494392395,4487
45.837724924087524,4486
45.83834910392761,4485
45.8411979675293,4484
45.843047857284546,4483
45.84341883659363,4482
45.843616008758545,4481
45.84455704689026,4480
45.84496998786926,4479
45.8478467464447,4478
45.85099792480469,4477
45.85536789894104,4476
45.85556387901306,4475
45.856688022613525,4474
45.86200499534607,4473
45.86713695526123,4472
45.86749196052551,4471
45.86834406852722,4470
45.86968493461609,4469
45.87014698982239,4468
45.87119102478027,4467
45.87213492393494,4466
45.87269401550293,4465
45.87680697441101,4464
45.87700605392456,4463
45.87731409072876,4462
45.87862491607666,4461
45.87997388839722,4460
45.8828809261322,4459
45.88726496696472,4458
45.8879930973053,4457
45.88826274871826,4456
45.88926696777344,4455
45.895516872406006,4454
45.89623498916626,4453
45.89657187461853,4452
45.89696407318115,4451
45.89892101287842,4450
45.9002149105072,4449
45.90466499328613,4448
45.90518403053284,4447
45.90756893157959,4446
45.91003489494324,4445
45.910950899124146,4444
45.911396980285645,4443
45.91182494163513,4442
45.91313982009888,4441
45.914347887039185,4440
45.91466188430786,4439
45.915168046951294,4438
45.92559576034546,4437
45.926411867141724,4436
45.929548025131226,4435
45.930139780044556,4434
45.930752992630005,4433
45.932762145996094,4432
45.93324112892151,4431
45.93491792678833,4430
45.942424058914185,4429
45.942951917648315,4428
45.943077087402344,4427
45.944477796554565,4426
45.944671869277954,4425
45.946038007736206,4424
45.94630813598633,4423
45.948030948638916,4422
45.949288845062256,4421
45.95373797416687,4420
45.96102809906006,4419
45.961146116256714,4418
45.96393179893494,4417
45.965280055999756,4416
45.96903586387634,4415
45.97110390663147,4414
45.97239804267883,4413
45.97352075576782,4412
45.97469997406006,4411
45.97641181945801,4410
45.97833275794983,4409
45.98601794242859,4408
45.98795294761658,4407
45.98850393295288,4406
45.98974895477295,4405
45.992294788360596,4404
46.00623297691345,4403
46.007519006729126,4402
46.0100200176239,4401
46.01071882247925,4400
46.011462926864624,4399
46.014949798583984,4398
46.01574087142944,4397
46.0173921585083,4396
46.018028020858765,4395
46.02319884300232,4394
46.02445316314697,4393
46.024863958358765,4392
46.02686786651611,4391
46.02987599372864,4390
46.03598093986511,4389
46.03849196434021,4388
46.04048991203308,4387
46.04306507110596,4386
46.060563802719116,4385
46.06157112121582,4384
46.065149784088135,4383
46.07769179344177,4382
46.07941389083862,4381
46.08102488517761,4380
46.08187294006348,4379
46.08853602409363,4378
46.08900284767151,4377
46.095041036605835,4376
46.10128307342529,4375
46.103626012802124,4374
46.10414695739746,4373
46.108866930007935,4372
46.113507986068726,4371
46.11414694786072,4370
46.114656925201416,4369
46.118772983551025,4368
46.12036395072937,4367
46.12378001213074,4366
46.12437605857849,4365
46.13253712654114,4364
46.13406801223755,4363
46.13433289527893,4362
46.13444995880127,4361
46.135732889175415,4360
46.13873887062073,4359
46.141133069992065,4358
46.154305934906006,4357
46.1598060131073,4356
46.16134285926819,4355
46.16455793380737,4354
46.16643977165222,4353
46.167381048202515,4352
46.16984176635742,4351
46.17351698875427,4350
46.17370581626892,4349
46.17456102371216,4348
46.17534685134888,4347
46.202080965042114,4346
46.20294404029846,4345
46.2231969833374,4344
46.22481083869934,4343
46.22639203071594,4342
46.22887587547302,4341
46.22935390472412,4340
46.23649001121521,4339
46.237740993499756,4338
46.2403998374939,4337
46.24237680435181,4336
46.253641843795776,4335
46.25391983985901,4334
46.27443981170654,4333
46.27478814125061,4332
46.27530002593994,4331
46.27563691139221,4330
46.281105756759644,4329
46.29055881500244,4328
46.297242879867554,4327
46.29891085624695,4326
46.29952788352966,4325
46.3021559715271,4324
46.306076765060425,4323
46.3161039352417,4322
46.32118606567383,4321
46.326622009277344,4320
46.32818102836609,4319
46.34292507171631,4318
46.3434419631958,4317
46.36977291107178,4316
46.37406802177429,4315
46.38321089744568,4314
46.38932490348816,4313
46.390636920928955,4312
46.39466381072998,4311
46.39695477485657,4310
46.403496980667114,4309
46.407752990722656,4308
46.41204285621643,4307
46.416520833969116,4306
46.417272090911865,4305
46.419431924819946,4304
46.41961193084717,4303
46.42367100715637,4302
46.42436981201172,4301
46.42612886428833,4300
46.43258094787598,4299
46.43603491783142,4298
46.436513900756836,4297
46.44492197036743,4296
46.4491970539093,4295
46.45048189163208,4294
46.453466176986694,4293
46.46537494659424,4292
46.46557688713074,4291
46.46643400192261,4290
46.47295904159546,4289
46.48156690597534,4288
46.48950386047363,4287
46.49383592605591,4286
46.50205898284912,4285
46.51268696784973,4284
46.515300035476685,4283
46.51548194885254,4282
46.52867293357849,4281
46.530197858810425,4280
46.54080295562744,4279
46.54100203514099,4278
46.543237924575806,4277
46.5439829826355,4276
46.54617500305176,4275
46.55070686340332,4274
46.5511429309845,4273
46.55212688446045,4272
46.563876152038574,4271
46.56725192070007,4270
46.568763732910156,4269
46.58554291725159,4268
46.589026927948,4267
46.600496768951416,4266
46.62143588066101,4265
46.6221399307251,4264
46.62282109260559,4263
46.62679696083069,4262
46.64084196090698,4261
46.64125394821167,4260
46.65537881851196,4259
46.657285928726196,4258
46.659849882125854,4257
46.66261601448059,4256
46.66747498512268,4255
46.67131590843201,4254
46.67405295372009,4253
46.676377058029175,4252
46.67991900444031,4251
46.68083095550537,4250
46.68165707588196,4249
46.69122505187988,4248
46.697887897491455,4247
46.702534914016724,4246
46.70557475090027,4245
46.714401960372925,4244
46.729273080825806,4243
46.73234677314758,4242
46.73915696144104,4241
46.755088806152344,4240
46.759018898010254,4239
46.762306928634644,4238
46.78769898414612,4237
46.802672147750854,4236
46.81600093841553,4235
46.82282996177673,4234
46.85768795013428,4233
46.93174076080322,4232
46.93868684768677,4231
46.94331693649292,4230
46.98023295402527,4229
46.9817841053009,4228
46.98769998550415,4227
47.01418590545654,4226
47.04474902153015,4225
47.052814960479736,4224
47.053393840789795,4223
47.06147599220276,4222
47.062097787857056,4221
47.06563091278076,4220
47.083760023117065,4219
47.08851408958435,4218
47.09124708175659,4217
47.09263205528259,4216
47.09354281425476,4215
47.0936598777771,4214
47.10209584236145,4213
47.10738492012024,4212
47.11623692512512,4211
47.12720799446106,4210
47.13343000411987,4209
47.14294910430908,4208
47.17133688926697,4207
47.17937207221985,4206
47.196983098983765,4205
47.19711089134216,4204
47.20278596878052,4203
47.203614950180054,4202
47.242125034332275,4201
47.24383902549744,4200
47.31581687927246,4199
47.34715294837952,4198
47.37082481384277,4197
47.38132977485657,4196
47.382766008377075,4195
47.40487194061279,4194
47.414860010147095,4193
47.45886993408203,4192
47.47952198982239,4191
47.498361110687256,4190
47.52549386024475,4189
47.55069899559021,4188
47.58010172843933,4187
47.59539198875427,4186
47.59857892990112,4185
47.618693828582764,4184
47.77031707763672,4183
47.797131061553955,4182
47.80554699897766,4181
47.87306594848633,4180
47.93750810623169,4179
47.9430148601532,4178
47.982969999313354,4177
48.00234889984131,4176
48.048765897750854,4175
48.05154895782471,4174
48.1322660446167,4173
48.13842296600342,4172
48.341717004776,4171
48.39773488044739,4170
48.488686084747314,4169
48.541399002075195,4168
48.56125211715698,4167
48.564992904663086,4166
48.7041540145874,4165
49.11981701850891,4164
49.36078381538391,4163
50.31528282165527,4162
