0.0,157510
52.29898190498352,4937
52.299152851104736,4936
52.299532890319824,4935
52.299651861190796,4934
52.300029039382935,4933
52.30024194717407,4932
52.339640855789185,4931
52.34142589569092,4930
52.34412980079651,4929
52.344244956970215,4928
52.35686779022217,4927
52.35698699951172,4926
52.357407093048096,4925
52.35919904708862,4924
52.36256194114685,4923
52.36423087120056,4922
52.36791777610779,4921
52.37091684341431,4920
52.37119174003601,4919
52.373152017593384,4918
52.37359690666199,4917
52.3777060508728,4916
52.378161907196045,4915
52.38194990158081,4914
52.38232779502869,4913
52.38244676589966,4912
52.38262987136841,4911
52.3830931186676,4910
52.383666038513184,4909
52.3847439289093,4908
52.38913106918335,4907
52.389885902404785,4906
52.390897035598755,4905
52.39115500450134,4904
52.395719051361084,4903
52.3962140083313,4902
52.39651799201965,4901
52.39663290977478,4900
52.39866399765015,4899
52.39996385574341,4898
52.401413917541504,4897
52.40167999267578,4896
52.403010845184326,4895
52.403351068496704,4894
52.404457092285156,4893
52.40465497970581,4892
52.40604090690613,4891
52.406474113464355,4890
52.434229135513306,4889
52.43454384803772,4888
52.43681478500366,4887
52.44212579727173,4886
52.44573187828064,4885
52.44585704803467,4884
52.44698190689087,4883
52.4486448764801,4882
52.44988703727722,4881
52.46569609642029,4880
52.468108892440796,4879
52.474385023117065,4878
52.476556062698364,4877
52.47689890861511,4876
52.47777795791626,4875
52.48180794715881,4874
52.48292779922485,4873
52.483339071273804,4872
52.484886169433594,4871
52.485158920288086,4870
52.48545479774475,4869
52.48870515823364,4868
52.4959659576416,4867
52.517799854278564,4866
52.51875591278076,4865
52.52596092224121,4864
52.526942014694214,4863
52.52851104736328,4862
52.528892040252686,4861
52.53573799133301,4860
52.53711485862732,4859
52.5391891002655,4858
52.539790868759155,4857
52.53990411758423,4856
52.54012608528137,4855
52.54173398017883,4854
52.54343509674072,4853
52.55176305770874,4852
52.55240297317505,4851
52.55270504951477,4850
52.553390979766846,4849
52.55651378631592,4848
52.55777382850647,4847
52.558825969696045,4846
52.55905485153198,4845
52.56090497970581,4844
52.561020851135254,4843
52.565390825271606,4842
52.56645202636719,4841
52.56682801246643,4840
52.56709313392639,4839
52.56810188293457,4838
52.57097101211548,4837
52.571805000305176,4836
52.57225298881531,4835
52.57344698905945,4834
52.573676109313965,4833
52.5739369392395,4832
52.574190855026245,4831
52.574585914611816,4830
52.57573676109314,4829
52.5761821269989,4828
52.57636785507202,4827
52.577033042907715,4826
52.57729387283325,4825
52.57751512527466,4824
52.577698945999146,4823
52.58406901359558,4822
52.58492183685303,4821
52.58575487136841,4820
52.58913207054138,4819
52.58940505981445,4818
52.59135699272156,4817
52.591556787490845,4816
52.610458850860596,4815
52.63858890533447,4814
52.63882875442505,4813
52.640689849853516,4812
52.641902923583984,4811
52.642131090164185,4810
52.643847942352295,4809
52.6458477973938,4808
52.64608287811279,4807
52.646273136138916,4806
52.64728498458862,4805
52.647918939590454,4804
52.65065598487854,4803
52.659796953201294,4802
52.66044092178345,4801
52.66146492958069,4800
52.66288185119629,4799
52.66347813606262,4798
52.665239095687866,4797
52.666284799575806,4796
52.666550159454346,4795
52.666668176651,4794
52.66696500778198,4793
52.66812300682068,4792
52.6687228679657,4791
52.66898488998413,4790
52.67059803009033,4789
52.6707878112793,4788
52.67139196395874,4787
52.67984175682068,4786
52.68015003204346,4785
52.68083906173706,4784
52.68182682991028,4783
52.682129859924316,4782
52.68309497833252,4781
52.704325914382935,4780
52.70500588417053,4779
52.70765805244446,4778
52.70869517326355,4777
52.70958995819092,4776
52.71087384223938,4775
52.71603202819824,4774
52.71655201911926,4773
52.717413902282715,4772
52.72045707702637,4771
52.72091293334961,4770
52.72236704826355,4769
52.72376298904419,4768
52.72488784790039,4767
52.72694778442383,4766
52.73091697692871,4765
52.7311487197876,4764
52.73179602622986,4763
52.737125873565674,4762
52.742027044296265,4761
52.74351096153259,4760
52.743695974349976,4759
52.745887994766235,4758
52.74673295021057,4757
52.75157690048218,4756
52.75405192375183,4755
52.75475883483887,4754
52.75518012046814,4753
52.755627155303955,4752
52.75680994987488,4751
52.75741696357727,4750
52.75782513618469,4749
52.759458780288696,4748
52.76143789291382,4747
52.76458811759949,4746
52.765793800354004,4745
52.76814389228821,4744
52.77032995223999,4743
52.77103900909424,4742
52.77137804031372,4741
52.77182197570801,4740
52.771952867507935,4739
52.77323389053345,4738
52.77357602119446,4737
52.77855896949768,4736
52.78309106826782,4735
52.78321599960327,4734
52.78367280960083,4733
52.78416395187378,4732
52.79099202156067,4731
52.79264497756958,4730
52.79452180862427,4729
52.79486083984375,4728
52.79508900642395,4727
52.795278787612915,4726
52.79653191566467,4725
52.799906969070435,4724
52.80032277107239,4723
52.80174398422241,4722
52.802106857299805,4721
52.805140018463135,4720
52.806941986083984,4719
52.807250022888184,4718
52.80864691734314,4717
52.81100296974182,4716
52.8111310005188,4715
52.8116569519043,4714
52.812644958496094,4713
52.8129518032074,4712
52.81442379951477,4711
52.81551909446716,4710
52.815815925598145,4709
52.81592512130737,4708
52.816033124923706,4707
52.816904067993164,4706
52.81753706932068,4705
52.825857162475586,4704
52.8289909362793,4703
52.82983684539795,4702
52.832783937454224,4701
52.833465814590454,4700
52.83408999443054,4699
52.837494134902954,4698
52.83928680419922,4697
52.839661836624146,4696
52.83991980552673,4695
52.8401460647583,4694
52.84040093421936,4693
52.84434199333191,4692
52.845813035964966,4691
52.84726095199585,4690
52.85244297981262,4689
52.852967977523804,4688
52.853758096694946,4687
52.855334997177124,4686
52.857051849365234,4685
52.85866713523865,4684
52.86355686187744,4683
52.86467695236206,4682
52.86602592468262,4681
52.872873067855835,4680
52.875123023986816,4679
52.87631177902222,4678
52.87643814086914,4677
52.87769103050232,4676
52.87781310081482,4675
52.87792491912842,4674
52.87860107421875,4673
52.88133883476257,4672
52.898852825164795,4671
52.90532398223877,4670
52.90963792800903,4669
52.91045689582825,4668
52.91340708732605,4667
52.91386890411377,4666
52.91530394554138,4665
52.91583800315857,4664
52.91646075248718,4663
52.91851592063904,4662
52.91863775253296,4661
52.91935586929321,4660
52.92322111129761,4659
52.93033504486084,4658
52.93059587478638,4657
52.93249201774597,4656
52.93279695510864,4655
52.93347883224487,4654
52.94847893714905,4653
52.950401067733765,4652
52.95792007446289,4651
52.95896673202515,4650
52.95989799499512,4649
52.96020483970642,4648
52.96046686172485,4647
52.96117091178894,4646
52.962204933166504,4645
52.96340584754944,4644
52.97000598907471,4643
52.97035598754883,4642
52.986366987228394,4641
52.989773750305176,4640
52.99110293388367,4639
52.992116928100586,4638
52.993191957473755,4637
52.995285987854004,4636
53.00440287590027,4635
53.00481700897217,4634
53.00541806221008,4633
53.00662899017334,4632
53.00740885734558,4631
53.00818395614624,4630
53.02059602737427,4629
53.02106809616089,4628
53.02177906036377,4627
53.02556610107422,4626
53.027283906936646,4625
53.02890992164612,4624
53.03138494491577,4623
53.0337438583374,4622
53.03461790084839,4621
53.03487992286682,4620
53.03882813453674,4619
53.04054403305054,4618
53.04383587837219,4617
53.044533014297485,4616
53.04681992530823,4615
53.04759502410889,4614
53.05005598068237,4613
53.051788091659546,4612
53.053175926208496,4611
53.05345010757446,4610
53.053894996643066,4609
53.05479979515076,4608
53.055598974227905,4607
53.05570888519287,4606
53.05588984489441,4605
53.05949282646179,4604
53.06100416183472,4603
53.06306314468384,4602
53.065495014190674,4601
53.066200971603394,4600
53.06665086746216,4599
53.06947898864746,4598
53.07131814956665,4597
53.072749853134155,4596
53.072978019714355,4595
53.07996916770935,4594
53.08560276031494,4593
53.08605909347534,4592
53.089686155319214,4591
53.090888023376465,4590
53.09158778190613,4589
53.09474301338196,4588
53.09558987617493,4587
53.09605312347412,4586
53.09713292121887,4585
53.097914934158325,4584
53.099446058273315,4583
53.09989309310913,4582
53.10296678543091,4581
53.10308003425598,4580
53.121755838394165,4579
53.12307906150818,4578
53.12392997741699,4577
53.12513589859009,4576
53.132522106170654,4575
53.13324975967407,4574
53.13482093811035,4573
53.1358208656311,4572
53.13802194595337,4571
53.145216941833496,4570
53.146822929382324,4569
53.14717388153076,4568
53.14740300178528,4567
53.151203870773315,4566
53.15525674819946,4565
53.161715030670166,4564
53.162697076797485,4563
53.16515588760376,4562
53.16810488700867,4561
53.170588970184326,4560
53.171217918395996,4559
53.17353081703186,4558
53.174171924591064,4557
53.17535090446472,4556
53.17809796333313,4555
53.17821383476257,4554
53.17881393432617,4553
53.17918586730957,4552
53.18255805969238,4551
53.18298101425171,4550
53.18455982208252,4549
53.18504977226257,4548
53.18702793121338,4547
53.18809771537781,4546
53.19388699531555,4545
53.19452404975891,4544
53.19870090484619,4543
53.19891095161438,4542
53.20043992996216,4541
53.20135688781738,4540
53.214510917663574,4539
53.21478891372681,4538
53.215237855911255,4537
53.21850609779358,4536
53.21994495391846,4535
53.22079014778137,4534
53.22396993637085,4533
53.22546195983887,4532
53.22644400596619,4531
53.23011302947998,4530
53.230339765548706,4529
53.23338079452515,4528
53.23641777038574,4527
53.23915696144104,4526
53.239285945892334,4525
53.23958897590637,4524
53.24276089668274,4523
53.242964029312134,4522
53.243335008621216,4521
53.24375677108765,4520
53.247945070266724,4519
53.25080394744873,4518
53.25118398666382,4517
53.25222682952881,4516
53.25267791748047,4515
53.25418996810913,4514
53.25800704956055,4513
53.26185703277588,4512
53.26326513290405,4511
53.263386964797974,4510
53.264235973358154,4509
53.26696300506592,4508
53.26774191856384,4507
53.26979994773865,4506
53.27017879486084,4505
53.27043581008911,4504
53.27482509613037,4503
53.27573895454407,4502
53.27652311325073,4501
53.277381896972656,4500
53.27776002883911,4499
53.27847504615784,4498
53.281078815460205,4497
53.28236794471741,4496
53.283620834350586,4495
53.28788208961487,4494
53.30746388435364,4493
53.30822777748108,4492
53.31350898742676,4491
53.314199924468994,4490
53.31465291976929,4489
53.31891202926636,4488
53.32057595252991,4487
53.326268911361694,4486
53.32699394226074,4485
53.33704400062561,4484
53.33961606025696,4483
53.34038996696472,4482
53.34282994270325,4481
53.35498595237732,4480
53.355921030044556,4479
53.35662293434143,4478
53.359946966171265,4477
53.36168599128723,4476
53.361879110336304,4475
53.36261796951294,4474
53.367161989212036,4473
53.367624044418335,4472
53.36905097961426,4471
53.369505882263184,4470
53.370218992233276,4469
53.370742082595825,4468
53.37122988700867,4467
53.37928891181946,4466
53.380510091781616,4465
53.3852379322052,4464
53.38566303253174,4463
53.38584876060486,4462
53.38637185096741,4461
53.38664388656616,4460
53.39226198196411,4459
53.39396405220032,4458
53.397911071777344,4457
53.39818501472473,4456
53.40048289299011,4455
53.4014778137207,4454
53.402711153030396,4453
53.40434694290161,4452
53.40471792221069,4451
53.405704975128174,4450
53.40830993652344,4449
53.40893197059631,4448
53.409570932388306,4447
53.415627002716064,4446
53.43545889854431,4445
53.43732404708862,4444
53.438190937042236,4443
53.43989086151123,4442
53.441246032714844,4441
53.44188189506531,4440
53.44417381286621,4439
53.45488786697388,4438
53.45813202857971,4437
53.461544036865234,4436
53.46199989318848,4435
53.468745946884155,4434
53.47124099731445,4433
53.473816871643066,4432
53.47441387176514,4431
53.474895000457764,4430
53.47808384895325,4429
53.47857594490051,4428
53.494340896606445,4427
53.495991945266724,4426
53.49676704406738,4425
53.49915909767151,4424
53.499614000320435,4423
53.5012948513031,4422
53.51282095909119,4421
53.51452994346619,4420
53.515445947647095,4419
53.515718936920166,4418
53.51608991622925,4417
53.51668095588684,4416
53.52538704872131,4415
53.52589178085327,4414
53.53430986404419,4413
53.535090923309326,4412
53.542561769485474,4411
53.543747901916504,4410
53.54492974281311,4409
53.545127868652344,4408
53.548118114471436,4407
53.548598766326904,4406
53.5494499206543,4405
53.5510528087616,4404
53.55611610412598,4403
53.56943702697754,4402
53.57399106025696,4401
53.57646584510803,4400
53.57710385322571,4399
53.57780408859253,4398
53.58920979499817,4397
53.59488010406494,4396
53.59640884399414,4395
53.596900939941406,4394
53.599809885025024,4393
53.60202693939209,4392
53.60938096046448,4391
53.61216187477112,4390
53.615747928619385,4389
53.61707878112793,4388
53.61785888671875,4387
53.62529492378235,4386
53.62915802001953,4385
53.63035297393799,4384
53.631551027297974,4383
53.631744146347046,4382
53.633776903152466,4381
53.63497185707092,4380
53.650206089019775,4379
53.65253686904907,4378
53.65456795692444,4377
53.65576696395874,4376
53.6584210395813,4375
53.65961408615112,4374
53.660808086395264,4373
53.66143488883972,4372
53.662039041519165,4371
53.66629981994629,4370
53.66876196861267,4369
53.67678689956665,4368
53.677650928497314,4367
53.677923917770386,4366
53.68213200569153,4365
53.683412075042725,4364
53.68553185462952,4363
53.68580985069275,4362
53.69021391868591,4361
53.69049096107483,4360
53.692137002944946,4359
53.70217299461365,4358
53.70504879951477,4357
53.70619487762451,4356
53.70858597755432,4355
53.70965099334717,4354
53.7108371257782,4353
53.71240997314453,4352
53.71405601501465,4351
53.71484184265137,4350
53.715630769729614,4349
53.71604895591736,4348
53.71747303009033,4347
53.720892906188965,4346
53.72234892845154,4345
53.72853207588196,4344
53.74084997177124,4343
53.74179005622864,4342
53.7463219165802,4341
53.75191307067871,4340
53.75222301483154,4339
53.754316091537476,4338
53.76909279823303,4337
53.77737879753113,4336
53.77815508842468,4335
53.77894186973572,4334
53.7806658744812,4333
53.799383878707886,4332
53.80661678314209,4331
53.81122589111328,4330
53.81143093109131,4329
53.81310296058655,4328
53.82199501991272,4327
53.825140953063965,4326
53.830514907836914,4325
53.83137106895447,4324
53.83580708503723,4323
53.838046073913574,4322
53.83924698829651,4321
53.83969783782959,4320
53.84248685836792,4319
53.847169160842896,4318
53.84736704826355,4317
53.85261297225952,4316
53.85332679748535,4315
53.86687397956848,4314
53.86707592010498,4313
53.86877179145813,4312
53.87025499343872,4311
53.87247705459595,4310
53.87730097770691,4309
53.884198904037476,4308
53.88558006286621,4307
53.88621401786804,4306
53.89397692680359,4305
53.90571093559265,4304
53.913341999053955,4303
53.91680097579956,4302
53.93298006057739,4301
53.93385601043701,4300
53.93499708175659,4299
53.94258785247803,4298
53.948758125305176,4297
53.96764898300171,4296
53.97008013725281,4295
53.9702730178833,4294
53.97423696517944,4293
53.97436499595642,4292
53.97516989707947,4291
53.980546951293945,4290
53.98141288757324,4289
53.98346185684204,4288
53.984259843826294,4287
53.98762083053589,4286
53.989614963531494,4285
53.99183487892151,4284
53.993226051330566,4283
54.01033878326416,4282
54.0127649307251,4281
54.02464580535889,4280
54.028631925582886,4279
54.031054973602295,4278
54.036858797073364,4277
54.03876996040344,4276
54.04351997375488,4275
54.04437780380249,4274
54.0475869178772,4273
54.0602068901062,4272
54.07010889053345,4271
54.07420492172241,4270
54.07440376281738,4269
54.08010506629944,4268
54.08254909515381,4267
54.08552408218384,4266
54.09231400489807,4265
54.10297393798828,4264
54.10499095916748,4263
54.111163854599,4262
54.12602186203003,4261
54.130053997039795,4260
54.130839109420776,4259
54.13471078872681,4258
54.13644981384277,4257
54.14061999320984,4256
54.15708589553833,4255
54.15893793106079,4254
54.16298294067383,4253
54.175052881240845,4252
54.17729592323303,4251
54.2092719078064,4250
54.215434074401855,4249
54.22415804862976,4248
54.22547006607056,4247
54.22801685333252,4246
54.230161905288696,4245
54.23124885559082,4244
54.232887744903564,4243
54.23738980293274,4242
54.24124193191528,4241
54.24606800079346,4240
54.24641275405884,4239
54.25709080696106,4238
54.258898973464966,4237
54.26720690727234,4236
54.26741313934326,4235
54.26778292655945,4234
54.27918601036072,4233
54.28128695487976,4232
54.28488302230835,4231
54.304075956344604,4230
54.30739212036133,4229
54.30882906913757,4228
54.318055868148804,4227
54.32139611244202,4226
54.324291944503784,4225
54.32827806472778,4224
54.32840394973755,4223
54.338711738586426,4222
54.343605041503906,4221
54.344789028167725,4220
54.35177993774414,4219
54.35622501373291,4218
54.35743689537048,4217
54.38909077644348,4216
54.392791748046875,4215
54.39976787567139,4214
54.40503191947937,4213
54.406485080718994,4212
54.40697717666626,4211
54.407432079315186,4210
54.40784788131714,4209
54.42024898529053,4208
54.42045283317566,4207
54.42623591423035,4206
54.4397919178009,4205
54.44313883781433,4204
54.44539403915405,4203
54.450793981552124,4202
54.45522904396057,4201
54.48584794998169,4200
54.51692605018616,4199
54.52124094963074,4198
54.52509093284607,4197
54.53127598762512,4196
54.536125898361206,4195
54.548521995544434,4194
54.563681840896606,4193
54.58544111251831,4192
54.60668182373047,4191
54.617558002471924,4190
54.62217402458191,4189
54.707451820373535,4188
54.71684408187866,4187
54.717844009399414,4186
54.71946096420288,4185
54.74366497993469,4184
54.74790692329407,4183
54.74916315078735,4182
54.75406074523926,4181
54.76101469993591,4180
54.777287006378174,4179
54.83445191383362,4178
54.846529722213745,4177
54.863032817840576,4176
54.89539098739624,4175
54.913575887680054,4174
54.91816782951355,4173
54.9248309135437,4172
54.94073295593262,4171
54.999358892440796,4170
55.04180693626404,4169
55.04972982406616,4168
55.056161880493164,4167
55.05693793296814,4166
55.09666681289673,4165
55.133360862731934,4164
55.1612708568573,4163
55.16613578796387,4162
55.175105810165405,4161
55.21557688713074,4160
55.23531699180603,4159
55.2576060295105,4158
55.29456186294556,4157
55.31422805786133,4156
55.34887886047363,4155
55.36459994316101,4154
55.495124101638794,4153
55.53872895240784,4152
55.5499529838562,4151
55.60647988319397,4150
55.60687804222107,4149
55.62780809402466,4148
55.671897888183594,4147
55.726502895355225,4146
55.78062176704407,4145
55.8125638961792,4144
55.82246208190918,4143
55.824716091156006,4142
56.13208794593811,4141
56.19100904464722,4140
56.214625120162964,4139
56.39216113090515,4138
56.41190004348755,4137
56.483789920806885,4136
56.84101486206055,4135
57.14817500114441,4134
57.33966898918152,4133
57.611676931381226,4132
