0.0,27420
5.148666143417358,1108
5.148748159408569,1107
5.148781061172485,1106
5.1488001346588135,1105
5.148834228515625,1104
5.148897171020508,1103
5.1490418910980225,1102
5.1517181396484375,1101
5.157052278518677,1100
5.157088041305542,1099
5.157137155532837,1098
5.157485246658325,1097
5.157844066619873,1096
5.158010244369507,1095
5.158117294311523,1094
5.158754110336304,1093
5.158788204193115,1092
5.158807039260864,1091
5.158871173858643,1090
5.158948183059692,1089
5.159012079238892,1088
5.159090995788574,1087
5.1592912673950195,1086
5.1633522510528564,1085
5.163387298583984,1084
5.163406133651733,1083
5.163426160812378,1082
5.1634602546691895,1081
5.163478136062622,1080
5.163541078567505,1079
5.163592100143433,1078
5.163611173629761,1077
5.163702011108398,1076
5.163721084594727,1075
5.163783073425293,1074
5.163815975189209,1073
5.163955926895142,1072
5.16397500038147,1071
5.163994073867798,1070
5.164058208465576,1069
5.16413426399231,1068
5.16451621055603,1067
5.164549112319946,1066
5.164638996124268,1065
5.180870294570923,1058
5.181262254714966,1057
5.181410074234009,1056
5.1815009117126465,1055
5.1826629638671875,1054
5.1837451457977295,1053
5.183794021606445,1052
5.183899164199829,1051
5.183932304382324,1050
5.2039501667022705,1049
5.204047203063965,1048
5.204470157623291,1047
5.2049689292907715,1046
5.204988241195679,1045
5.205050230026245,1044
5.205083131790161,1043
5.2051169872283936,1042
5.208229303359985,1041
5.215707302093506,1040
5.215740919113159,1039
5.215761184692383,1038
5.215932130813599,1037
5.215996980667114,1036
5.218975067138672,1035
5.219083070755005,1034
5.220843076705933,1033
5.2905049324035645,1032
5.291913986206055,1031
5.292696237564087,1030
5.2930052280426025,1029
5.2931530475616455,1028
5.293271064758301,1027
5.293594121932983,1026
5.293628215789795,1025
5.293702125549316,1024
5.294013023376465,1023
5.31202507019043,1022
5.312047243118286,1021
5.312215089797974,1020
5.312458038330078,1019
5.312489986419678,1018
5.3125221729278564,1017
5.312551975250244,1016
5.312649965286255,1015
5.312939167022705,1014
5.31299614906311,1013
5.314359188079834,1012
5.314416170120239,1011
5.3144872188568115,1010
5.31705117225647,1009
5.317137241363525,1008
5.317167282104492,1007
5.317238092422485,1006
5.3173229694366455,1005
5.318068027496338,1004
5.320507287979126,1003
5.320859909057617,1002
5.321915149688721,1001
5.323614120483398,1000
5.331352233886719,999
5.3314831256866455,998
5.3404340744018555,997
5.340548276901245,996
5.34075403213501,995
5.340946912765503,994
5.341336250305176,993
5.341973066329956,992
5.34210991859436,991
5.342314004898071,990
5.342651128768921,989
5.342774152755737,988
5.342869997024536,987
5.342900037765503,986
5.3501551151275635,985
5.350239992141724,984
5.350969076156616,983
5.350986003875732,982
5.386679172515869,981
5.388045072555542,980
5.38958215713501,979
5.389638900756836,978
5.390459299087524,977
5.390624046325684,976
5.390735149383545,975
5.3907530307769775,974
5.391067981719971,973
5.391313314437866,972
5.39143705368042,971
5.391750335693359,970
5.395684242248535,969
5.395823240280151,968
5.395921945571899,967
5.3985512256622314,966
5.39860725402832,965
5.398745059967041,964
5.398910045623779,963
5.399048089981079,962
5.412212133407593,961
5.412644147872925,960
5.412672996520996,959
5.413376092910767,958
5.41376805305481,957
5.414144992828369,956
5.414401054382324,955
5.4144980907440186,954
5.414566993713379,953
5.424807071685791,952
5.425067186355591,951
5.425243139266968,950
5.426849126815796,949
5.427277088165283,948
5.42734694480896,947
5.427431106567383,946
5.4396302700042725,945
5.439648151397705,944
5.439972162246704,943
5.473587989807129,942
5.473846197128296,941
5.47420597076416,940
5.474236249923706,939
5.474542140960693,938
5.475576162338257,937
5.476038932800293,936
5.476194143295288,935
5.476308107376099,934
5.476923227310181,933
5.477049112319946,932
5.478049039840698,931
5.481311082839966,930
5.482360124588013,929
5.492239236831665,928
5.492358922958374,927
5.493466138839722,926
5.494960308074951,925
5.495150089263916,924
5.5066540241241455,923
5.508652210235596,922
5.5129899978637695,921
5.514731168746948,920
5.52591609954834,919
5.532757997512817,918
5.533349275588989,917
5.534497022628784,916
5.537713289260864,915
5.541502952575684,914
5.551151275634766,913
5.551500082015991,912
5.57339334487915,911
5.573638916015625,910
5.591969013214111,909
5.597578048706055,908
5.605330944061279,907
5.627281188964844,906
5.62744402885437,905
