0.0,27420
5.089265823364258,1071
5.089301109313965,1070
5.091645956039429,1069
5.0919129848480225,1068
5.1130640506744385,1067
5.113156080245972,1066
5.113229990005493,1065
5.113290071487427,1064
5.11483097076416,1063
5.116974115371704,1062
5.117049217224121,1061
5.117079973220825,1060
5.117166757583618,1059
5.11728310585022,1058
5.117300987243652,1057
5.117470979690552,1056
5.117544889450073,1055
5.119074106216431,1054
5.119175910949707,1053
5.121049880981445,1052
5.121123790740967,1051
5.121168851852417,1050
5.121504068374634,1049
5.12153697013855,1048
5.12165093421936,1047
5.12168288230896,1046
5.140120029449463,1045
5.140141010284424,1044
5.140174150466919,1043
5.140316963195801,1042
5.149338960647583,1041
5.149359941482544,1040
5.1494200229644775,1039
5.149655103683472,1038
5.149744987487793,1037
5.156622886657715,1036
5.1568379402160645,1035
5.15812611579895,1034
5.163654804229736,1033
5.172637939453125,1032
5.172797918319702,1031
5.172815799713135,1030
5.1728620529174805,1029
5.172879934310913,1028
5.173102855682373,1027
5.1733057498931885,1026
5.1748480796813965,1025
5.174907922744751,1024
5.174968004226685,1023
5.174987077713013,1022
5.18641996383667,1021
5.1865668296813965,1020
5.189527988433838,1019
5.204568147659302,1018
5.204586982727051,1017
5.204628944396973,1016
5.205288887023926,1015
5.205370903015137,1014
5.205411911010742,1013
5.205533981323242,1012
5.205603122711182,1011
5.205790042877197,1010
5.2060019969940186,1009
5.206094741821289,1008
5.2063610553741455,1007
5.229400157928467,1006
5.229459047317505,1005
5.230567932128906,1004
5.230623006820679,1003
5.230703830718994,1002
5.230813026428223,1001
5.231466054916382,1000
5.2438719272613525,999
5.243981122970581,998
5.24406099319458,997
5.244856119155884,996
5.2449259757995605,995
5.245290994644165,994
5.2460479736328125,993
5.246297121047974,992
5.249078035354614,991
5.249133110046387,990
5.251251935958862,989
5.2523579597473145,988
5.252439022064209,987
5.252454996109009,986
5.253681898117065,985
5.269584894180298,984
5.269654989242554,983
5.269696950912476,982
5.270410060882568,981
5.270581007003784,980
5.2742860317230225,979
5.274340867996216,978
5.274551153182983,977
5.309463977813721,976
5.309754848480225,975
5.311496019363403,974
5.312291145324707,973
5.312333106994629,972
5.31234884262085,971
5.313177824020386,970
5.3132710456848145,969
5.3133790493011475,968
5.313601970672607,967
5.314110994338989,966
5.314974069595337,965
5.315401077270508,964
5.315918207168579,963
5.3159849643707275,962
5.3160529136657715,961
5.316389799118042,960
5.3193159103393555,959
5.3223559856414795,958
5.3253419399261475,957
5.325902938842773,956
5.327282905578613,955
5.328143835067749,954
5.336313009262085,953
5.336534023284912,952
5.336932897567749,951
5.337013006210327,950
5.337285995483398,949
5.339046955108643,948
5.340497016906738,947
5.340578079223633,946
5.359886884689331,945
5.360005855560303,944
5.360060930252075,943
5.3600897789001465,942
5.363802909851074,941
5.364358901977539,940
5.374536037445068,939
5.374964952468872,938
5.375046014785767,937
5.375446081161499,936
5.375964879989624,935
5.376600027084351,934
5.3766419887542725,933
5.393464088439941,932
5.393957853317261,931
5.396511077880859,930
5.398387908935547,929
5.398741006851196,928
5.420574903488159,927
5.42340087890625,926
5.437098979949951,925
5.453244924545288,924
5.453994989395142,923
5.4571168422698975,922
5.458357095718384,921
5.469887018203735,920
5.470660924911499,919
5.512741804122925,918
5.512979030609131,917
5.51544713973999,916
5.5341901779174805,915
