0.0,27420
4.029527187347412,1098
4.03000020980835,1097
4.030033349990845,1096
4.0303120613098145,1095
4.031280279159546,1094
4.031313180923462,1093
4.031498193740845,1092
4.031558275222778,1091
4.032260179519653,1090
4.0323100090026855,1089
4.032328128814697,1088
4.032541275024414,1087
4.032630205154419,1086
4.1131463050842285,1063
4.11318302154541,1062
4.1384100914001465,1061
4.138432025909424,1060
4.138540029525757,1059
4.138612985610962,1058
4.139317035675049,1057
4.139362096786499,1056
4.140417098999023,1055
4.140505075454712,1054
4.14052414894104,1053
4.140570163726807,1052
4.140602111816406,1051
4.140620231628418,1050
4.141452074050903,1049
4.141484022140503,1048
4.141502141952515,1047
4.141548156738281,1046
4.142627239227295,1045
4.142660140991211,1044
4.148093938827515,1043
4.148116111755371,1042
4.148135185241699,1041
4.152675151824951,1040
4.152708292007446,1039
4.1528661251068115,1038
4.173360109329224,1037
4.173381328582764,1036
4.173441171646118,1035
4.173556089401245,1034
4.1740851402282715,1033
4.174364328384399,1032
4.174467086791992,1031
4.1745991706848145,1030
4.174688100814819,1029
4.17483115196228,1028
4.1750571727752686,1027
4.175448179244995,1026
4.175493240356445,1025
4.175512075424194,1024
4.175764083862305,1023
4.176537275314331,1022
4.176812171936035,1021
4.182919263839722,1020
4.182936191558838,1019
4.183200120925903,1018
4.183331251144409,1017
4.183464050292969,1016
4.18358302116394,1015
4.183599233627319,1014
4.217821359634399,1013
4.220914363861084,1012
4.221174001693726,1011
4.221228122711182,1010
4.2213850021362305,1009
4.221401214599609,1008
4.221430063247681,1007
4.253400087356567,1006
4.2534332275390625,1005
4.259609222412109,1004
4.262149095535278,1003
4.262217998504639,1002
4.262439250946045,1001
4.262611150741577,1000
4.262759208679199,999
4.262891054153442,998
4.262984037399292,997
4.265475273132324,996
4.265543222427368,995
4.265738010406494,994
4.266115188598633,993
4.267884016036987,992
4.267926216125488,991
4.2680840492248535,990
4.269242286682129,989
4.271027088165283,988
4.271196365356445,987
4.271225214004517,986
4.271292209625244,985
4.271360158920288,984
4.271567106246948,983
4.271595001220703,982
4.271611213684082,981
4.271641254425049,980
4.276724100112915,979
4.27741003036499,978
4.278954029083252,977
4.284801006317139,976
4.292850971221924,975
4.299973249435425,974
4.302453994750977,973
4.3026251792907715,972
4.302679061889648,971
4.302945137023926,970
4.303076267242432,969
4.312045097351074,968
4.312128067016602,967
4.312711954116821,966
4.317277193069458,965
4.317293167114258,964
4.319260358810425,963
4.320039987564087,962
4.336363077163696,961
4.337932109832764,960
4.338241100311279,959
4.338269948959351,958
4.341623067855835,957
4.341678142547607,956
4.341948986053467,955
4.341978311538696,954
4.343879222869873,953
4.3706700801849365,952
4.371124982833862,951
4.374533176422119,950
4.374637126922607,949
4.375047922134399,948
4.375129222869873,947
4.375462293624878,946
4.375921249389648,945
4.379204273223877,944
4.380373001098633,943
4.3806540966033936,942
4.408310174942017,941
4.408853054046631,940
4.418282985687256,939
4.418351173400879,938
4.420408248901367,937
4.42345118522644,936
4.424273252487183,935
4.427799224853516,934
4.428434371948242,933
4.429145097732544,932
4.429757118225098,931
4.431899309158325,930
4.431981086730957,929
4.433159351348877,928
4.4345972537994385,927
4.435452938079834,926
4.436231374740601,925
4.439774990081787,924
4.440288066864014,923
4.456261157989502,922
4.456521034240723,921
4.463551998138428,920
4.465613126754761,919
4.469659328460693,918
4.4706339836120605,917
4.471465110778809,916
4.4715962409973145,915
4.524177312850952,914
4.532879114151001,913
4.551412105560303,912
