0.0,27420
3.9127120971679688,1073
3.9156150817871094,1072
3.9156341552734375,1071
3.9156529903411865,1070
3.915850877761841,1069
3.9308969974517822,1068
3.930917978286743,1067
3.931272029876709,1066
3.931372880935669,1065
3.931464195251465,1064
3.9315500259399414,1063
3.9324870109558105,1062
3.932784080505371,1061
3.9328579902648926,1060
3.9331400394439697,1059
3.935715913772583,1058
3.9366390705108643,1057
3.9367148876190186,1056
3.9368019104003906,1055
3.937248945236206,1054
3.9373090267181396,1053
3.9373819828033447,1052
3.9387218952178955,1051
3.940216064453125,1050
3.9402358531951904,1049
3.9402551651000977,1048
3.9406931400299072,1047
3.9407830238342285,1046
3.940814971923828,1045
3.9408369064331055,1044
3.941772937774658,1043
3.9418258666992188,1042
3.9418721199035645,1041
3.9717910289764404,1040
3.9721109867095947,1039
3.9721570014953613,1038
3.9723269939422607,1037
3.97237491607666,1036
3.9824512004852295,1035
3.982485055923462,1034
3.9840009212493896,1033
3.9840340614318848,1032
3.9840660095214844,1031
3.9840970039367676,1030
3.9867379665374756,1029
3.986812114715576,1028
3.993396043777466,1027
3.9934160709381104,1026
3.993433952331543,1025
4.024346113204956,1024
4.0245890617370605,1023
4.02484393119812,1022
4.025771856307983,1021
4.033908128738403,1020
4.03420090675354,1019
4.034977912902832,1018
4.038474798202515,1017
4.038815021514893,1016
4.040786027908325,1015
4.044433116912842,1014
4.044513940811157,1013
4.04456901550293,1012
4.044624090194702,1011
4.044718027114868,1010
4.045759201049805,1009
4.0468199253082275,1008
4.046849012374878,1007
4.0469970703125,1006
4.054011106491089,1005
4.054092884063721,1004
4.05433988571167,1003
4.054922819137573,1002
4.055002927780151,1001
4.055304050445557,1000
4.056018114089966,999
4.0560338497161865,998
4.05615496635437,997
4.056340217590332,996
4.0564329624176025,995
4.0815110206604,994
4.082505226135254,993
4.082559823989868,992
4.082587957382202,991
4.0827460289001465,990
4.083047151565552,989
4.0835120677948,988
4.084061145782471,987
4.084269046783447,986
4.084541082382202,985
4.084620952606201,984
4.084957122802734,983
4.08545184135437,982
4.086019992828369,981
4.08604884147644,980
4.087022066116333,979
4.0887451171875,978
4.088928937911987,977
4.089046955108643,976
4.101544141769409,975
4.101575136184692,974
4.101589918136597,973
4.101710081100464,972
4.101790189743042,971
4.102004051208496,970
4.109026908874512,969
4.109184980392456,968
4.109457969665527,967
4.109473943710327,966
4.109939098358154,965
4.110474109649658,964
4.113584995269775,963
4.146079063415527,962
4.146317005157471,961
4.146435022354126,960
4.147387981414795,959
4.147417068481445,958
4.164224863052368,957
4.16426682472229,956
4.164588928222656,955
4.166172981262207,954
4.168085098266602,953
4.168241024017334,952
4.168460845947266,951
4.168630838394165,950
4.170474052429199,949
4.170580148696899,948
4.177600860595703,947
4.177642822265625,946
4.178162097930908,945
4.17830491065979,944
4.179152965545654,943
4.184122085571289,942
4.184189081192017,941
4.184754133224487,940
4.1862571239471436,939
4.186840057373047,938
4.188458204269409,937
4.188539028167725,936
4.192996025085449,935
4.194833993911743,934
4.195888042449951,933
4.196044921875,932
4.196748971939087,931
4.1970601081848145,930
4.1997010707855225,929
4.207683086395264,928
4.2081592082977295,927
4.209855794906616,926
4.210320949554443,925
4.210402011871338,924
4.210767030715942,923
4.212743043899536,922
4.222852945327759,921
4.226855993270874,920
4.2409491539001465,919
4.242010116577148,918
4.270377159118652,917
4.272336959838867,916
4.274044036865234,915
4.281272888183594,914
4.285247802734375,913
4.285507917404175,912
4.314195156097412,911
4.314380884170532,910
4.315410137176514,909
4.333958148956299,908
4.377434015274048,907
