0.0,27420
4.041846990585327,1105
4.041936159133911,1104
4.041954040527344,1103
4.042001247406006,1102
4.0427069664001465,1101
4.043405055999756,1100
4.0837931632995605,1075
4.083814859390259,1074
4.083876132965088,1073
4.0838940143585205,1072
4.1115639209747314,1071
4.111696004867554,1070
4.111990928649902,1069
4.1120240688323975,1068
4.11204195022583,1067
4.116564989089966,1066
4.117923974990845,1065
4.118440866470337,1064
4.118473052978516,1063
4.118613004684448,1062
4.121730089187622,1061
4.122097015380859,1060
4.122198104858398,1059
4.122369050979614,1058
4.122400999069214,1057
4.12257194519043,1056
4.122802972793579,1055
4.12294602394104,1054
4.122963905334473,1053
4.123106956481934,1052
4.123153209686279,1051
4.206372022628784,1050
4.206476926803589,1049
4.206752061843872,1048
4.206769943237305,1047
4.206788063049316,1046
4.2070839405059814,1045
4.207101821899414,1044
4.207871913909912,1043
4.20818305015564,1042
4.2083399295806885,1041
4.208374977111816,1040
4.208475112915039,1039
4.208646059036255,1038
4.211323022842407,1037
4.213536024093628,1036
4.214464902877808,1035
4.21456503868103,1034
4.218236207962036,1033
4.218296051025391,1032
4.2215118408203125,1031
4.221585988998413,1030
4.221861124038696,1029
4.222778081893921,1028
4.2227959632873535,1027
4.22686505317688,1026
4.226954936981201,1025
4.227014064788818,1024
4.234395980834961,1023
4.234519958496094,1022
4.234730005264282,1021
4.234939098358154,1020
4.23516321182251,1019
4.242076873779297,1018
4.242870092391968,1017
4.246200084686279,1016
4.246793985366821,1015
4.247159957885742,1014
4.2476279735565186,1013
4.249460935592651,1012
4.24947714805603,1011
4.249532222747803,1010
4.249937057495117,1009
4.249979019165039,1008
4.2500200271606445,1007
4.301484107971191,1006
4.301508188247681,1005
4.301925182342529,1004
4.30194091796875,1003
4.3022780418396,1002
4.3024492263793945,1001
4.302582025527954,1000
4.302689075469971,999
4.303516864776611,998
4.303623914718628,997
4.308879137039185,996
4.309384822845459,995
4.309401035308838,994
4.309727907180786,993
4.310518980026245,992
4.311208963394165,991
4.311380863189697,990
4.311462163925171,989
4.311528921127319,988
4.311827898025513,987
4.312553882598877,986
4.312635183334351,985
4.31271505355835,984
4.312756061553955,983
4.3127851486206055,982
4.312813997268677,981
4.312829971313477,980
4.318953990936279,979
4.31911301612854,978
4.319522142410278,977
4.325988054275513,976
4.326056003570557,975
4.32707405090332,974
4.327193021774292,973
4.329654932022095,972
4.333472967147827,971
4.341747999191284,970
4.342348098754883,969
4.34461784362793,968
4.344712972640991,967
4.344727993011475,966
4.357538938522339,965
4.357648134231567,964
4.3581109046936035,963
4.358293056488037,962
4.35838508605957,961
4.358592987060547,960
4.359367847442627,959
4.359541893005371,958
4.360251188278198,957
4.360357046127319,956
4.360399007797241,955
4.37853217124939,954
4.3821821212768555,953
4.382377862930298,952
4.382394075393677,951
4.382678031921387,950
4.382758140563965,949
4.382812976837158,948
4.383059978485107,947
4.391552925109863,946
4.409512996673584,945
4.409875869750977,944
4.412909984588623,943
4.412951946258545,942
4.422076940536499,941
4.422427177429199,940
4.426126003265381,939
4.4297521114349365,938
4.4309492111206055,937
4.431363105773926,936
4.433432102203369,935
4.433856964111328,934
4.434001922607422,933
4.435307025909424,932
4.435644865036011,931
4.4358909130096436,930
4.438632965087891,929
4.440118074417114,928
4.440798997879028,927
4.447829008102417,926
4.448225975036621,925
4.453152894973755,924
4.454801797866821,923
4.455366849899292,922
4.46527886390686,921
4.469545841217041,920
4.480426073074341,919
4.505302906036377,918
4.50709080696106,917
4.507426977157593,916
4.517298936843872,915
4.5223259925842285,914
4.531623840332031,913
4.53277587890625,912
4.5349390506744385,911
4.573444128036499,910
4.616495132446289,909
