0.0,27420
4.864583969116211,1093
4.86460280418396,1092
4.8647308349609375,1091
4.865979909896851,1090
4.8659987449646,1089
4.8661980628967285,1088
4.866559982299805,1087
4.866578817367554,1086
4.866962909698486,1085
4.867144823074341,1084
4.867220878601074,1083
4.867336988449097,1082
4.867451906204224,1081
4.86770486831665,1080
4.867749929428101,1079
4.868137836456299,1078
4.871863842010498,1077
4.871882915496826,1076
4.871929883956909,1075
4.872182846069336,1074
4.87231183052063,1073
4.87235689163208,1072
4.915964841842651,1071
4.916001081466675,1070
4.916045665740967,1069
4.920120716094971,1068
4.920169830322266,1067
4.9226648807525635,1066
4.922684907913208,1065
4.92277193069458,1064
4.9237189292907715,1063
4.923738718032837,1062
4.923923969268799,1061
4.923969030380249,1060
4.9632487297058105,1059
4.963338851928711,1058
4.963670015335083,1057
4.963866949081421,1056
4.963900804519653,1055
4.964000940322876,1054
4.964033842086792,1053
4.964051961898804,1052
4.964069843292236,1051
4.964570760726929,1050
4.968972682952881,1049
4.969059705734253,1048
4.969200849533081,1047
4.969232797622681,1046
4.969250679016113,1045
4.9717137813568115,1044
4.971883058547974,1043
4.972009897232056,1042
4.9725377559661865,1041
4.973379850387573,1040
4.973397970199585,1039
4.975534915924072,1038
4.975622892379761,1037
4.975713014602661,1036
4.976044654846191,1035
4.976144790649414,1034
4.995712041854858,1033
4.996894836425781,1032
4.996913909912109,1031
4.997690916061401,1030
4.9979588985443115,1029
4.997989892959595,1028
5.0014519691467285,1027
5.001497745513916,1026
5.001515865325928,1025
5.001628875732422,1024
5.009300947189331,1023
5.009532928466797,1022
5.009830951690674,1021
5.00992488861084,1020
5.010042905807495,1019
5.01137900352478,1018
5.01151180267334,1017
5.011553764343262,1016
5.028912782669067,1015
5.029098987579346,1014
5.029606819152832,1013
5.031865835189819,1012
5.035224676132202,1011
5.035756826400757,1010
5.040874004364014,1009
5.040954828262329,1008
5.040971040725708,1007
5.069511890411377,1006
5.069545030593872,1005
5.07827091217041,1004
5.079225778579712,1003
5.07978081703186,1002
5.079822778701782,1001
5.0799267292022705,1000
5.080135822296143,999
5.080695867538452,998
5.084467887878418,997
5.084860801696777,996
5.08491587638855,995
5.084970951080322,994
5.085025072097778,993
5.088328838348389,992
5.089740753173828,991
5.089756965637207,990
5.089772701263428,989
5.090209722518921,988
5.090341806411743,987
5.0903706550598145,986
5.090386867523193,985
5.091660022735596,984
5.092123746871948,983
5.092898845672607,982
5.092914819717407,981
5.093188762664795,980
5.0936009883880615,979
5.094132900238037,978
5.100643873214722,977
5.10068678855896,976
5.101009845733643,975
5.102252721786499,974
5.102268934249878,973
5.102529048919678,972
5.102595806121826,971
5.103543758392334,970
5.103660821914673,969
5.10371470451355,968
5.10632586479187,967
5.1088128089904785,966
5.109046697616577,965
5.109126806259155,964
5.109760999679565,963
5.111140727996826,962
5.11166787147522,961
5.11169695854187,960
5.1118128299713135,959
5.140748739242554,958
5.14081883430481,957
5.140859842300415,956
5.158231019973755,955
5.158594846725464,954
5.1591527462005615,953
5.159181833267212,952
5.159400939941406,951
5.159581899642944,950
5.159673690795898,949
5.15974497795105,948
5.163164854049683,947
5.163575649261475,946
5.163655996322632,945
5.164371967315674,944
5.164438962936401,943
5.164467811584473,942
5.1737449169158936,941
5.174068927764893,940
5.1842029094696045,939
5.184218883514404,938
5.186693906784058,937
5.187412977218628,936
5.20331072807312,935
5.203442811965942,934
5.204563856124878,933
5.204732894897461,932
5.2060699462890625,931
5.20685076713562,930
5.210814952850342,929
5.230390787124634,928
5.2318336963653564,927
5.232079744338989,926
5.232454776763916,925
5.236348867416382,924
5.255612850189209,923
5.256062984466553,922
5.2567198276519775,921
5.26054573059082,920
5.26202392578125,919
5.2715699672698975,918
5.2746477127075195,917
5.2910730838775635,916
5.291306972503662,915
5.292469024658203,914
5.294400930404663,913
5.3001909255981445,912
5.375095844268799,911
