0.0,65940
17.90243625640869,3109
17.903701066970825,3108
17.903831243515015,3107
17.90396022796631,3106
17.904126167297363,3105
17.904293060302734,3104
17.904460191726685,3103
17.914745092391968,3102
17.914875030517578,3101
17.914963960647583,3100
17.9184091091156,3099
17.918468236923218,3098
17.921642065048218,3097
17.92181420326233,3096
17.924208879470825,3095
17.924411058425903,3094
17.924506902694702,3093
17.92455816268921,3092
17.927419900894165,3091
17.927473068237305,3090
17.927603006362915,3089
17.928894996643066,3088
18.12397003173828,2936
18.124184131622314,2935
18.125773191452026,2934
18.12678623199463,2933
18.126954078674316,2932
18.12700390815735,2931
18.12815809249878,2930
18.152472257614136,2929
18.152644872665405,2928
18.15487813949585,2927
18.154937267303467,2926
18.15565299987793,2925
18.156066179275513,2924
18.171803951263428,2923
18.17190408706665,2922
18.172576189041138,2921
18.173079252243042,2920
18.174150943756104,2919
18.1755850315094,2918
18.175971269607544,2917
18.176023244857788,2916
18.176412105560303,2915
18.17774224281311,2914
18.17795205116272,2913
18.180150032043457,2912
18.180461168289185,2911
18.180554151535034,2910
18.181227207183838,2909
18.182343006134033,2908
18.182398080825806,2907
18.182828187942505,2906
18.184786081314087,2905
18.18517804145813,2904
18.185455083847046,2903
18.18565607070923,2902
18.18928599357605,2901
18.18992590904236,2900
18.193130016326904,2899
18.193222045898438,2898
18.193539142608643,2897
18.193631172180176,2896
18.194126844406128,2895
18.194367170333862,2894
18.195481300354004,2893
18.19557213783264,2892
18.19573712348938,2891
18.195827960968018,2890
18.195952892303467,2889
18.19701313972473,2888
18.197325229644775,2887
18.19759702682495,2886
18.19768714904785,2885
18.19777488708496,2884
18.197936058044434,2883
18.198173999786377,2882
18.19822597503662,2881
18.20303225517273,2880
18.203967094421387,2879
18.204313278198242,2878
18.204402923583984,2877
18.205299139022827,2876
18.205535173416138,2875
18.205880165100098,2874
18.23656916618347,2873
18.236891984939575,2872
18.238210201263428,2871
18.238596200942993,2870
18.239225149154663,2869
18.239314079284668,2868
18.239403009414673,2867
18.239453077316284,2866
18.239614963531494,2865
18.239662170410156,2864
18.23970913887024,2863
18.278560161590576,2862
18.279651165008545,2861
18.279744148254395,2860
18.27994394302368,2859
18.28057312965393,2858
18.28073501586914,2857
18.280786991119385,2856
18.28113317489624,2855
18.28122091293335,2854
18.281633138656616,2853
18.28432321548462,2852
18.28481101989746,2851
18.285187244415283,2850
18.285813093185425,2849
18.28593897819519,2848
18.286855936050415,2847
18.28811502456665,2846
18.288718938827515,2845
18.289635181427002,2844
18.289725065231323,2843
18.28999614715576,2842
18.301498889923096,2841
18.3017361164093,2840
18.301826238632202,2839
18.30235505104065,2838
18.303020238876343,2837
18.303291082382202,2836
18.304654836654663,2835
18.30482006072998,2834
18.30508804321289,2833
18.311232089996338,2832
18.311289072036743,2831
18.311341047286987,2830
18.31424593925476,2829
18.314693927764893,2828
18.315356016159058,2827
18.31602907180786,2826
18.31615710258484,2825
18.3162100315094,2824
18.317355155944824,2823
18.317408084869385,2822
18.31869125366211,2821
18.3189959526062,2820
18.3284969329834,2819
18.33249592781067,2818
18.33273196220398,2817
18.332823038101196,2816
18.334716081619263,2815
18.33505892753601,2814
18.33514904975891,2813
18.33560299873352,2812
18.33590817451477,2811
18.33610701560974,2810
18.336196184158325,2809
18.339154958724976,2808
18.33920907974243,2807
18.339660167694092,2806
18.34024930000305,2805
18.34080410003662,2804
18.34107208251953,2803
18.34130311012268,2802
18.342437028884888,2801
18.34638285636902,2800
18.34758710861206,2799
18.3531551361084,2798
18.353605031967163,2797
18.35369610786438,2796
18.354252099990845,2795
18.35680603981018,2794
18.356970071792603,2793
18.35709500312805,2792
18.35739803314209,2791
18.357559204101562,2790
18.35860800743103,2789
18.361768007278442,2788
18.364044189453125,2787
18.364423036575317,2786
18.365339040756226,2785
18.36543321609497,2784
18.36566996574402,2783
18.36618399620056,2782
18.366706132888794,2781
18.36817216873169,2780
18.368730068206787,2779
18.369539260864258,2778
18.370096921920776,2777
18.37394690513611,2776
18.377018928527832,2775
18.377182006835938,2774
18.378108024597168,2773
18.402947187423706,2772
18.403335094451904,2771
18.403427124023438,2770
18.403661251068115,2769
18.403856992721558,2768
18.40390706062317,2767
18.403995037078857,2766
18.40437412261963,2765
18.404461145401,2764
18.405916929244995,2763
18.406219005584717,2762
18.4063081741333,2761
18.408388137817383,2760
18.411406993865967,2759
18.41216492652893,2758
18.415852069854736,2757
18.41666316986084,2756
18.416790008544922,2755
18.41852307319641,2754
18.418864011764526,2753
18.419700145721436,2752
18.419898986816406,2751
18.419986963272095,2750
18.42025923728943,2749
18.420743942260742,2748
18.420835256576538,2747
18.420958995819092,2746
18.421010971069336,2745
18.440056085586548,2744
18.440295934677124,2743
18.441097021102905,2742
18.44186496734619,2741
18.441991090774536,2740
18.442044019699097,2739
18.445075035095215,2738
18.450233936309814,2737
18.45036292076111,2736
18.452996253967285,2735
18.45308804512024,2734
18.4550302028656,2733
18.455121994018555,2732
18.4551739692688,2731
18.455225229263306,2730
18.455312967300415,2729
18.456156015396118,2728
18.456496953964233,2727
18.462759971618652,2726
18.463216066360474,2725
18.46541714668274,2724
18.465473175048828,2723
18.465856075286865,2722
18.465983152389526,2721
18.466413259506226,2720
18.47719407081604,2719
18.477251052856445,2718
18.4773051738739,2717
18.48137402534485,2716
18.481614112854004,2715
18.48192000389099,2714
18.48211908340454,2713
18.48280906677246,2712
18.484748125076294,2711
18.484984159469604,2710
18.485286951065063,2709
18.48604917526245,2708
18.48768901824951,2707
18.488357067108154,2706
18.488411903381348,2705
18.488463878631592,2704
18.488847970962524,2703
18.490162134170532,2702
18.522334098815918,2701
18.524373054504395,2700
18.524614095687866,2699
18.525564908981323,2698
18.525907039642334,2697
18.529521942138672,2696
18.53112292289734,2695
18.531427145004272,2694
18.531625986099243,2693
18.532350063323975,2692
18.532759189605713,2691
18.533156871795654,2690
18.533604860305786,2689
18.533732175827026,2688
18.533894062042236,2687
18.533947944641113,2686
18.53429102897644,2685
18.536082983016968,2684
18.53621196746826,2683
18.53701400756836,2682
18.539047956466675,2681
18.539175987243652,2680
18.5407612323761,2679
18.54102897644043,2678
18.54131007194519,2677
18.541898012161255,2676
18.542059183120728,2675
18.54222011566162,2674
18.544372081756592,2673
18.544570922851562,2672
18.548274993896484,2671
18.5483341217041,2670
18.54906916618347,2669
18.55144190788269,2668
18.55149817466736,2667
18.55155110359192,2666
18.551599264144897,2665
18.551836013793945,2664
18.552281856536865,2663
18.552441835403442,2662
18.552812099456787,2661
18.556852102279663,2660
18.558574199676514,2659
18.559734106063843,2658
18.56053614616394,2657
18.563251972198486,2656
18.563767194747925,2655
18.56862211227417,2654
18.57236099243164,2653
18.574116945266724,2652
18.574210166931152,2651
18.57455325126648,2650
18.574785232543945,2649
18.577315092086792,2648
18.57782816886902,2647
18.57848620414734,2646
18.58025097846985,2645
18.580836296081543,2644
18.580892086029053,2643
18.582080125808716,2642
18.58220410346985,2641
18.582470893859863,2640
18.58259630203247,2639
18.582896947860718,2638
18.584747076034546,2637
18.58487296104431,2636
18.585104942321777,2635
18.585299968719482,2634
18.587231159210205,2633
18.587359189987183,2632
18.58748507499695,2631
18.588531970977783,2630
18.589982986450195,2629
18.59428310394287,2628
18.59437394142151,2627
18.59531021118164,2626
18.59575915336609,2625
18.59659719467163,2624
18.59718108177185,2623
18.59934401512146,2622
18.599544048309326,2621
18.599635124206543,2620
18.601251125335693,2619
18.60183620452881,2618
18.602594137191772,2617
18.604270219802856,2616
18.604361057281494,2615
18.6046302318573,2614
18.604860067367554,2613
18.60494899749756,2612
18.605216026306152,2611
18.60530424118042,2610
18.60780906677246,2609
18.60854721069336,2608
18.608814239501953,2607
18.611603021621704,2606
18.611767053604126,2605
18.611820220947266,2604
18.612096071243286,2603
18.612926959991455,2602
18.613014221191406,2601
18.614779949188232,2600
18.61504602432251,2599
18.616023063659668,2598
18.617573976516724,2597
18.619575023651123,2596
18.620836973190308,2595
18.620930194854736,2594
18.62137722969055,2593
18.621430158615112,2592
18.621705055236816,2591
18.623136043548584,2590
18.623368978500366,2589
18.62356424331665,2588
18.6240451335907,2587
18.625257968902588,2586
18.630158185958862,2585
18.63093614578247,2584
18.631412982940674,2583
18.63153910636902,2582
18.63510823249817,2581
18.63672399520874,2580
18.63749098777771,2579
18.637829065322876,2578
18.63890790939331,2577
18.639492988586426,2576
18.64004111289978,2575
18.641298055648804,2574
18.641743898391724,2573
18.642364025115967,2572
18.6428439617157,2571
18.659128189086914,2570
18.660253047943115,2569
18.660492181777954,2568
18.66062021255493,2567
18.661705017089844,2566
18.662357091903687,2565
18.66349506378174,2564
18.664005994796753,2563
18.666032075881958,2562
18.667248010635376,2561
18.67645812034607,2560
18.678142070770264,2559
18.67977809906006,2558
18.68141007423401,2557
18.68147110939026,2556
18.68216824531555,2555
18.684441089630127,2554
18.684802055358887,2553
18.687110900878906,2552
18.69307017326355,2551
18.693809032440186,2550
18.69390106201172,2549
18.694442987442017,2548
18.695300102233887,2547
18.69609808921814,2546
18.697075128555298,2545
18.701720237731934,2544
18.70642900466919,2543
18.706716060638428,2542
18.70861506462097,2541
18.71005392074585,2540
18.713091135025024,2539
18.71314525604248,2538
18.717610120773315,2537
18.72124409675598,2536
18.721787929534912,2535
18.72270917892456,2534
18.72524404525757,2533
18.72608494758606,2532
18.726139068603516,2531
18.728482246398926,2530
18.729121208190918,2529
18.729292154312134,2528
18.730414152145386,2527
18.730581998825073,2526
18.737333059310913,2525
18.739784955978394,2524
18.73983907699585,2523
18.740185976028442,2522
18.74045705795288,2521
18.740783214569092,2520
18.741355180740356,2519
18.74339008331299,2518
18.749445915222168,2517
18.751764059066772,2516
18.751858949661255,2515
18.752601861953735,2514
18.752944946289062,2513
18.75371503829956,2512
18.754055976867676,2511
18.75522804260254,2510
18.75631809234619,2509
18.761129140853882,2508
18.76710605621338,2507
18.76770806312561,2506
18.781309127807617,2505
18.784528970718384,2504
18.790117025375366,2503
18.79219698905945,2502
18.793457984924316,2501
18.794672966003418,2500
18.79654622077942,2499
18.79761004447937,2498
18.79840898513794,2497
18.803462982177734,2496
18.80994200706482,2495
18.810862064361572,2494
18.81150507926941,2493
18.814735889434814,2492
18.8163321018219,2491
18.81750202178955,2490
18.81835126876831,2489
18.81937527656555,2488
18.819469213485718,2487
18.826514959335327,2486
18.82907009124756,2485
18.82942008972168,2484
18.829975128173828,2483
18.83466911315918,2482
18.839553117752075,2481
18.84092903137207,2480
18.841593980789185,2479
18.841976165771484,2478
18.842278003692627,2477
18.843192100524902,2476
18.84570598602295,2475
18.850649118423462,2474
18.85149121284485,2473
18.855175018310547,2472
18.856484174728394,2471
18.857508897781372,2470
18.857959032058716,2469
18.858740091323853,2468
18.859400033950806,2467
18.860281944274902,2466
18.860442876815796,2465
18.865808963775635,2464
18.867717027664185,2463
18.86888813972473,2462
18.870336055755615,2461
18.874743223190308,2460
18.87758708000183,2459
18.878970861434937,2458
18.88274097442627,2457
18.887989044189453,2456
18.888263940811157,2455
18.88907504081726,2454
18.89059805870056,2453
18.89083504676819,2452
18.893280029296875,2451
18.899353981018066,2450
18.900371074676514,2449
18.910490036010742,2448
18.911803007125854,2447
18.91304087638855,2446
18.930427074432373,2445
18.938844919204712,2444
18.948139190673828,2443
18.968050003051758,2442
18.975584030151367,2441
18.978345155715942,2440
18.97940421104431,2439
18.979687929153442,2438
18.980281114578247,2437
18.983806133270264,2436
18.98856210708618,2435
18.99056911468506,2434
18.990697145462036,2433
18.994937896728516,2432
18.995776176452637,2431
18.9969642162323,2430
18.997337102890015,2429
19.010776042938232,2428
19.01277494430542,2427
19.01337194442749,2426
19.014796018600464,2425
19.02513098716736,2424
19.02786111831665,2423
19.028143882751465,2422
19.030905961990356,2421
19.031819105148315,2420
19.037461042404175,2419
19.038446187973022,2418
19.039833068847656,2417
19.043601036071777,2416
19.049795150756836,2415
19.056414127349854,2414
19.05805015563965,2413
19.058820962905884,2412
19.06745719909668,2411
19.07660698890686,2410
19.079123973846436,2409
19.079612970352173,2408
19.08183717727661,2407
19.08298921585083,2406
19.087488174438477,2405
19.08839988708496,2404
19.112793922424316,2403
19.117956161499023,2402
19.140573024749756,2401
19.141566038131714,2400
19.15087389945984,2399
19.156756162643433,2398
19.163059949874878,2397
19.17386507987976,2396
19.19324803352356,2395
19.23760414123535,2394
19.243341207504272,2393
19.27103590965271,2392
19.27664804458618,2391
19.294384002685547,2390
19.294487237930298,2389
19.319397926330566,2388
19.335519075393677,2387
19.35737109184265,2386
19.36221694946289,2385
19.37497305870056,2384
19.393073081970215,2383
19.424668073654175,2382
19.56721305847168,2381
19.725922107696533,2380
