0.0,65940
22.32277011871338,3131
22.322824954986572,3130
22.32510209083557,3129
22.326558113098145,3128
22.326695919036865,3127
22.32761812210083,3126
22.327670097351074,3125
22.327802181243896,3124
22.328249216079712,3123
22.328819036483765,3122
22.329795122146606,3121
22.329846143722534,3120
22.331998109817505,3119
22.332452297210693,3118
22.332503080368042,3117
22.33274817466736,3116
22.332881927490234,3115
22.333166122436523,3114
22.33366298675537,3113
22.333901166915894,3112
22.333950996398926,3111
22.33754014968872,3110
22.33909821510315,3109
22.339932918548584,3108
22.34254002571106,3107
22.343459129333496,3106
22.3435161113739,3105
22.34383797645569,3104
22.344007968902588,3103
22.3441059589386,3102
22.344232082366943,3101
22.345858097076416,3100
22.346269130706787,3099
22.34644317626953,3098
22.34783911705017,3097
22.349531173706055,3096
22.34974503517151,3095
22.35003399848938,3094
22.350243091583252,3093
22.352046251296997,3092
22.35210394859314,3091
22.352153062820435,3090
22.35507893562317,3089
22.35855793952942,3088
22.358850240707397,3087
22.35918116569519,3086
22.362123012542725,3085
22.36221408843994,3084
22.364869117736816,3083
22.36500096321106,3082
22.365175247192383,3081
22.365267038345337,3080
22.36559224128723,3079
22.366069078445435,3078
22.366326093673706,3077
22.36675786972046,3076
22.366851091384888,3075
22.367249965667725,3074
22.367305040359497,3073
22.368210077285767,3072
22.36829900741577,3071
22.368431091308594,3070
22.37017822265625,3069
22.37074899673462,3068
22.370843172073364,3067
22.371049165725708,3066
22.371419191360474,3065
22.63068127632141,2942
22.63075304031372,2941
22.63081121444702,2940
22.631372213363647,2939
22.631879091262817,2938
22.632118225097656,2937
22.632400274276733,2936
22.633132219314575,2935
22.639954090118408,2934
22.64176106452942,2933
22.642284154891968,2932
22.64543318748474,2931
22.645560264587402,2930
22.64561700820923,2929
22.64570903778076,2928
22.645801067352295,2927
22.646047115325928,2926
22.646097898483276,2925
22.646307229995728,2924
22.646433115005493,2923
22.646526098251343,2922
22.64998507499695,2921
22.65060830116272,2920
22.650849103927612,2919
22.650941133499146,2918
22.651151180267334,2917
22.688757181167603,2916
22.68882727622986,2915
22.68972396850586,2914
22.689967155456543,2913
22.690096139907837,2912
22.690187215805054,2911
22.690243244171143,2910
22.69037413597107,2909
22.6917781829834,2908
22.69220519065857,2907
22.69229817390442,2906
22.70563507080078,2905
22.708752870559692,2904
22.709300994873047,2903
22.70954394340515,2902
22.70963716506958,2901
22.714951038360596,2900
22.717199087142944,2899
22.717519283294678,2898
22.717982053756714,2897
22.718262195587158,2896
22.71891212463379,2895
22.720428228378296,2894
22.72048592567444,2893
22.720697164535522,2892
22.722790002822876,2891
22.72329306602478,2890
22.72357726097107,2889
22.723671197891235,2888
22.723881006240845,2887
22.724536180496216,2886
22.724671125411987,2885
22.725507259368896,2884
22.72834801673889,2883
22.72840189933777,2882
22.728576183319092,2881
22.73298716545105,2880
22.733083963394165,2879
22.733139038085938,2878
22.733386993408203,2877
22.733551263809204,2876
22.73371911048889,2875
22.734037160873413,2874
22.734167098999023,2873
22.734333038330078,2872
22.73465132713318,2871
22.73580503463745,2870
22.73593497276306,2869
22.736101865768433,2868
22.737201929092407,2867
22.737595319747925,2866
22.738540172576904,2865
22.738631010055542,2864
22.73938798904419,2863
22.75071692466736,2862
22.752243041992188,2861
22.752601146697998,2860
22.752799034118652,2859
22.754257917404175,2858
22.754361152648926,2857
22.75654411315918,2856
22.758052110671997,2855
22.758636236190796,2854
22.759170055389404,2853
22.774587154388428,2852
22.80359196662903,2851
22.804156064987183,2850
22.804656982421875,2849
22.807615041732788,2848
22.808012008666992,2847
22.80814218521118,2846
22.80839514732361,2845
22.80856204032898,2844
22.808840036392212,2843
22.80901002883911,2842
22.809327125549316,2841
22.80961012840271,2840
22.810976028442383,2839
22.8112211227417,2838
22.811689138412476,2837
22.811892986297607,2836
22.812100172042847,2835
22.812859296798706,2834
22.817700147628784,2833
22.81863021850586,2832
22.818984985351562,2831
22.819157123565674,2830
22.824010133743286,2829
22.832852125167847,2828
22.833959102630615,2827
22.834015130996704,2826
22.83422613143921,2825
22.834283113479614,2824
22.834825038909912,2823
22.83502697944641,2822
22.835078954696655,2821
22.836863040924072,2820
22.83714199066162,2819
22.83731508255005,2818
22.838381052017212,2817
22.83896803855896,2816
22.8390212059021,2815
22.83907413482666,2814
22.839542150497437,2813
22.842243194580078,2812
22.842376947402954,2811
22.8443500995636,2810
22.84530210494995,2809
22.85144305229187,2808
22.853863954544067,2807
22.85396099090576,2806
22.854011297225952,2805
22.85417914390564,2804
22.854424238204956,2803
22.857450008392334,2802
22.860989093780518,2801
22.8612380027771,2800
22.86525321006775,2799
22.865427017211914,2798
22.866231203079224,2797
22.86650514602661,2796
22.866791009902954,2795
22.86766004562378,2794
22.86782693862915,2793
22.868101119995117,2792
22.868269205093384,2791
22.868471145629883,2790
22.86918616294861,2789
22.87001919746399,2788
22.870150327682495,2787
22.870431184768677,2786
22.87452507019043,2785
22.875327110290527,2784
22.875872135162354,2783
22.87604522705078,2782
22.87629008293152,2781
22.87649631500244,2780
22.877443075180054,2779
22.883048057556152,2778
22.883297204971313,2777
22.890321016311646,2776
22.89158296585083,2775
22.892036199569702,2774
22.892091274261475,2773
22.892917156219482,2772
22.894342184066772,2771
22.8944730758667,2770
22.896737098693848,2769
22.89763903617859,2768
22.89788508415222,2767
22.916990041732788,2766
22.920886039733887,2765
22.921499252319336,2764
22.92155909538269,2763
22.921727180480957,2762
22.921858072280884,2761
22.922866106033325,2760
22.923992156982422,2759
22.924163103103638,2758
22.925797939300537,2757
22.92618703842163,2756
22.926790237426758,2755
22.92796802520752,2754
22.92905020713806,2753
22.93032717704773,2752
22.930458307266235,2751
22.93066120147705,2750
22.93127703666687,2749
22.931488037109375,2748
22.931952953338623,2747
22.932375192642212,2746
22.93243408203125,2745
22.932678937911987,2744
22.932772159576416,2743
22.93398928642273,2742
22.93438220024109,2741
22.938747882843018,2740
22.93884801864624,2739
22.94614815711975,2738
22.946436166763306,2737
22.946784019470215,2736
22.95185899734497,2735
22.96023416519165,2734
22.960784196853638,2733
22.962130069732666,2732
22.962449073791504,2731
22.963263988494873,2730
22.963394165039062,2729
22.963643312454224,2728
22.965425968170166,2727
22.965679168701172,2726
22.965882301330566,2725
22.965981006622314,2724
22.966220140457153,2723
22.967096090316772,2722
22.96770405769348,2721
22.96783423423767,2720
22.968589067459106,2719
22.968642234802246,2718
22.971671104431152,2717
22.972827911376953,2716
22.972889184951782,2715
22.973278999328613,2714
22.973628044128418,2713
22.973757028579712,2712
22.973963022232056,2711
22.97430992126465,2710
22.974730014801025,2709
22.974931955337524,2708
22.97608709335327,2707
22.97614598274231,2706
22.98456907272339,2705
22.985780000686646,2704
22.99687099456787,2703
22.996973037719727,2702
22.997769117355347,2701
22.99833917617798,2700
22.998398065567017,2699
22.99882411956787,2698
22.999033212661743,2697
22.999163150787354,2696
22.99969792366028,2695
23.001042127609253,2694
23.00217914581299,2693
23.004113912582397,2692
23.005803108215332,2691
23.005860090255737,2690
23.006893157958984,2689
23.00790500640869,2688
23.00821304321289,2687
23.008567094802856,2686
23.008625984191895,2685
23.0086772441864,2684
23.0103759765625,2683
23.010550022125244,2682
23.010943174362183,2681
23.012006998062134,2680
23.012176275253296,2679
23.014896154403687,2678
23.014990091323853,2677
23.015085220336914,2676
23.015834093093872,2675
23.016001224517822,2674
23.01706027984619,2673
23.01807713508606,2672
23.01941204071045,2671
23.019766092300415,2670
23.019860982894897,2669
23.02116298675537,2668
23.029743194580078,2667
23.029805183410645,2666
23.030060052871704,2665
23.03077721595764,2664
23.03087019920349,2663
23.031147003173828,2662
23.031382083892822,2661
23.031951189041138,2660
23.0345139503479,2659
23.034790992736816,2658
23.034926176071167,2657
23.035905122756958,2656
23.036184072494507,2655
23.036720991134644,2654
23.03688907623291,2653
23.036981105804443,2652
23.037115335464478,2651
23.039879083633423,2650
23.040160179138184,2649
23.042963981628418,2648
23.04321002960205,2647
23.04377818107605,2646
23.04383420944214,2645
23.043926000595093,2644
23.045122146606445,2643
23.047730922698975,2642
23.04811716079712,2641
23.049846172332764,2640
23.050901174545288,2639
23.052934169769287,2638
23.05324912071228,2637
23.053640127182007,2636
23.0536949634552,2635
23.056175231933594,2634
23.056528329849243,2633
23.057140111923218,2632
23.05730891227722,2631
23.05755114555359,2630
23.059251070022583,2629
23.05946111679077,2628
23.06078815460205,2627
23.07861828804016,2626
23.079416275024414,2625
23.079622268676758,2624
23.079756021499634,2623
23.079994201660156,2622
23.080125093460083,2621
23.082606077194214,2620
23.083104133605957,2619
23.08341932296753,2618
23.083625078201294,2617
23.084747076034546,2616
23.085686206817627,2615
23.08589506149292,2614
23.088433980941772,2613
23.089198112487793,2612
23.099842071533203,2611
23.099982261657715,2610
23.101694107055664,2609
23.101786136627197,2608
23.10292100906372,2607
23.107364177703857,2606
23.10756516456604,2605
23.107728242874146,2604
23.108498096466064,2603
23.10858917236328,2602
23.10875129699707,2601
23.109581232070923,2600
23.11002802848816,2599
23.11073899269104,2598
23.112727165222168,2597
23.113708019256592,2596
23.1163170337677,2595
23.116780042648315,2594
23.118551015853882,2593
23.119121074676514,2592
23.119506120681763,2591
23.121840238571167,2590
23.12200927734375,2589
23.123653173446655,2588
23.124145984649658,2587
23.125257968902588,2586
23.12916111946106,2585
23.129438161849976,2584
23.12957501411438,2583
23.129634141921997,2582
23.134643077850342,2581
23.134958267211914,2580
23.13501501083374,2579
23.135300159454346,2578
23.137922048568726,2577
23.13801908493042,2576
23.142225980758667,2575
23.14298391342163,2574
23.14646005630493,2573
23.14652109146118,2572
23.14665412902832,2571
23.146971225738525,2570
23.147099256515503,2569
23.14831805229187,2568
23.149100065231323,2567
23.150362253189087,2566
23.150713205337524,2565
23.15117907524109,2564
23.151308059692383,2563
23.15267515182495,2562
23.152842044830322,2561
23.15416717529297,2560
23.15516495704651,2559
23.175674200057983,2558
23.176177978515625,2557
23.17624020576477,2556
23.176774978637695,2555
23.176875114440918,2554
23.177911043167114,2553
23.178507089614868,2552
23.179002285003662,2551
23.179492235183716,2550
23.18031120300293,2549
23.180734157562256,2548
23.180828094482422,2547
23.181283235549927,2546
23.18655800819397,2545
23.187275171279907,2544
23.18979525566101,2543
23.194712162017822,2542
23.195321083068848,2541
23.205447912216187,2540
23.206136226654053,2539
23.207670211791992,2538
23.207878351211548,2537
23.211872100830078,2536
23.214761972427368,2535
23.215074062347412,2534
23.216070890426636,2533
23.2171151638031,2532
23.240923166275024,2531
23.243377923965454,2530
23.24361515045166,2529
23.24761199951172,2528
23.247672080993652,2527
23.250502347946167,2526
23.25113296508789,2525
23.25404715538025,2524
23.255836009979248,2523
23.25726318359375,2522
23.25742506980896,2521
23.262165069580078,2520
23.266894102096558,2519
23.26979899406433,2518
23.27606511116028,2517
23.278311014175415,2516
23.285232305526733,2515
23.285882234573364,2514
23.286784172058105,2513
23.288190126419067,2512
23.289266109466553,2511
23.28965401649475,2510
23.290661096572876,2509
23.294950008392334,2508
23.296236038208008,2507
23.29850125312805,2506
23.30384588241577,2505
23.303945064544678,2504
23.307178020477295,2503
23.308433055877686,2502
23.308889150619507,2501
23.312862157821655,2500
23.313130140304565,2499
23.31337022781372,2498
23.323782205581665,2497
23.324077129364014,2496
23.326621055603027,2495
23.32885718345642,2494
23.329408168792725,2493
23.329933166503906,2492
23.331291913986206,2491
23.331650257110596,2490
23.332260131835938,2489
23.33976411819458,2488
23.34571599960327,2487
23.34662914276123,2486
23.346805095672607,2485
23.348714113235474,2484
23.35002613067627,2483
23.35030722618103,2482
23.352533102035522,2481
23.358978033065796,2480
23.366063117980957,2479
23.369349241256714,2478
23.369704961776733,2477
23.376784324645996,2476
23.380284070968628,2475
23.384083032608032,2474
23.386590003967285,2473
23.39531922340393,2472
23.396395206451416,2471
23.397178173065186,2470
23.39811110496521,2469
23.398933172225952,2468
23.399795055389404,2467
23.400910139083862,2466
23.40387201309204,2465
23.40584921836853,2464
23.40645933151245,2463
23.411471128463745,2462
23.41275906562805,2461
23.416256189346313,2460
23.416532039642334,2459
23.417459964752197,2458
23.42294716835022,2457
23.423586130142212,2456
23.426220178604126,2455
23.42678928375244,2454
23.431692123413086,2453
23.433977127075195,2452
23.4352068901062,2451
23.437659978866577,2450
23.438738107681274,2449
23.441115140914917,2448
23.44366431236267,2447
23.44387197494507,2446
23.448580265045166,2445
23.44969415664673,2444
23.451015949249268,2443
23.451404094696045,2442
23.462030172348022,2441
23.465095043182373,2440
23.470349073410034,2439
23.472838163375854,2438
23.473299980163574,2437
23.475167989730835,2436
23.476246118545532,2435
23.48057723045349,2434
23.484846115112305,2433
23.48726987838745,2432
23.489938020706177,2431
23.491782903671265,2430
23.495041131973267,2429
23.502872228622437,2428
23.509220123291016,2427
23.51243233680725,2426
23.521661043167114,2425
23.5218722820282,2424
23.528007984161377,2423
23.52919316291809,2422
23.531458139419556,2421
23.533586025238037,2420
23.546802043914795,2419
23.557929039001465,2418
23.56659197807312,2417
23.56684708595276,2416
23.574103116989136,2415
23.574242115020752,2414
23.591700077056885,2413
23.60439705848694,2412
23.60666513442993,2411
23.610623121261597,2410
23.622361183166504,2409
23.636377096176147,2408
23.63894510269165,2407
23.64532995223999,2406
23.653321027755737,2405
23.654266119003296,2404
23.65494728088379,2403
23.662845134735107,2402
23.69224715232849,2401
23.721291065216064,2400
23.72762703895569,2399
23.731407165527344,2398
23.734912157058716,2397
23.74027705192566,2396
23.759512186050415,2395
23.769968271255493,2394
23.777353048324585,2393
23.778141021728516,2392
23.782649278640747,2391
23.79068112373352,2390
23.810500144958496,2389
23.84925389289856,2388
23.89311695098877,2387
23.976988077163696,2386
24.083817958831787,2385
24.574963092803955,2384
