0.0,65940
22.14732003211975,2954
22.149231910705566,2953
22.14940094947815,2952
22.149780988693237,2951
22.15019989013672,2950
22.15062689781189,2949
22.150681018829346,2948
22.15110492706299,2947
22.151451110839844,2946
22.158403873443604,2945
22.15845799446106,2944
22.15873098373413,2943
22.158891916275024,2942
22.159125804901123,2941
22.164845943450928,2940
22.16501212120056,2939
22.1653950214386,2938
22.16574001312256,2937
22.16593909263611,2936
22.169529914855957,2935
22.16996693611145,2934
22.170313835144043,2933
22.17069983482361,2932
22.171470880508423,2931
22.171561002731323,2930
22.171649932861328,2929
22.172404050827026,2928
22.17245602607727,2927
22.17357611656189,2926
22.17472195625305,2925
22.180301904678345,2924
22.180357933044434,2923
22.18140721321106,2922
22.182690858840942,2921
22.185240030288696,2920
22.187231063842773,2919
22.193968057632446,2918
22.200862169265747,2917
22.201098918914795,2916
22.219130039215088,2915
22.220911026000977,2914
22.220964908599854,2913
22.221351146697998,2912
22.22179913520813,2911
22.222108125686646,2910
22.224889993667603,2909
22.22501802444458,2908
22.225401878356934,2907
22.228454113006592,2906
22.228508949279785,2905
22.22867488861084,2904
22.228801012039185,2903
22.232530117034912,2902
22.233312845230103,2901
22.23344087600708,2900
22.233748197555542,2899
22.238641023635864,2898
22.238953113555908,2897
22.239223957061768,2896
22.242760181427002,2895
22.243032932281494,2894
22.261404991149902,2893
22.261940002441406,2892
22.261993169784546,2891
22.262087106704712,2890
22.262135982513428,2889
22.262518882751465,2888
22.26285982131958,2887
22.265018939971924,2886
22.26507306098938,2885
22.265350103378296,2884
22.26551103591919,2883
22.267181873321533,2882
22.267452001571655,2881
22.267504930496216,2880
22.26755690574646,2879
22.26808786392212,2878
22.2683207988739,2877
22.268445014953613,2876
22.268712043762207,2875
22.268872022628784,2874
22.2693190574646,2873
22.2695529460907,2872
22.26967692375183,2871
22.269908905029297,2870
22.26999592781067,2869
22.270121097564697,2868
22.270389795303345,2867
22.270659923553467,2866
22.271211862564087,2865
22.271735906600952,2864
22.272947072982788,2863
22.27303695678711,2862
22.273275136947632,2861
22.27332592010498,2860
22.273488998413086,2859
22.275343894958496,2858
22.275434017181396,2857
22.279521942138672,2856
22.27957797050476,2855
22.279890060424805,2854
22.280014038085938,2853
22.28054118156433,2852
22.284975051879883,2851
22.290184020996094,2850
22.29038405418396,2849
22.2913019657135,2848
22.29324507713318,2847
22.293624877929688,2846
22.296494960784912,2845
22.296660900115967,2844
22.301268100738525,2843
22.301756143569946,2842
22.304500102996826,2841
22.305378913879395,2840
22.305649042129517,2839
22.3106689453125,2838
22.31285810470581,2837
22.313212156295776,2836
22.31338882446289,2835
22.31344509124756,2834
22.31371784210205,2833
22.314889907836914,2832
22.31616187095642,2831
22.316254138946533,2830
22.316771030426025,2829
22.316823959350586,2828
22.317171096801758,2827
22.31722402572632,2826
22.317420959472656,2825
22.317618131637573,2824
22.317670106887817,2823
22.317903995513916,2822
22.31817317008972,2821
22.318296909332275,2820
22.31852889060974,2819
22.32062292098999,2818
22.3211030960083,2817
22.321229934692383,2816
22.322082996368408,2815
22.32224702835083,2814
22.322695016860962,2813
22.327274084091187,2812
22.32743787765503,2811
22.32749104499817,2810
22.350558042526245,2809
22.350619077682495,2808
22.356698989868164,2807
22.356863975524902,2806
22.357386827468872,2805
22.357479095458984,2804
22.35760498046875,2803
22.359097957611084,2802
22.359190940856934,2801
22.362503051757812,2800
22.3625590801239,2799
22.363014936447144,2798
22.363068103790283,2797
22.36406397819519,2796
22.3643319606781,2795
22.36478090286255,2794
22.365663766860962,2793
22.37670111656189,2792
22.37683391571045,2791
22.37688684463501,2790
22.377701997756958,2789
22.37797498703003,2788
22.380062103271484,2787
22.38037109375,2786
22.380496978759766,2785
22.38065814971924,2784
22.381067991256714,2783
22.381191968917847,2782
22.38131809234619,2781
22.38140606880188,2780
22.381607055664062,2779
22.382125854492188,2778
22.382253885269165,2777
22.382378101348877,2776
22.391635179519653,2775
22.391732931137085,2774
22.395818948745728,2773
22.396708965301514,2772
22.397146940231323,2771
22.397396087646484,2770
22.401170015335083,2769
22.402908086776733,2768
22.403789043426514,2767
22.404183864593506,2766
22.404350996017456,2765
22.404818058013916,2764
22.40543508529663,2763
22.405490159988403,2762
22.405660152435303,2761
22.407466888427734,2760
22.407745838165283,2759
22.41389513015747,2758
22.413994073867798,2757
22.414313077926636,2756
22.41436791419983,2755
22.415104866027832,2754
22.415348052978516,2753
22.415443181991577,2752
22.41575789451599,2751
22.41595983505249,2750
22.416311025619507,2749
22.41748285293579,2748
22.417577028274536,2747
22.417632818222046,2746
22.420801877975464,2745
22.421345949172974,2744
22.422116994857788,2743
22.422842979431152,2742
22.422898054122925,2741
22.422953128814697,2740
22.423761129379272,2739
22.424150943756104,2738
22.424394845962524,2737
22.425543069839478,2736
22.426268100738525,2735
22.42947292327881,2734
22.431074857711792,2733
22.43247103691101,2732
22.432639122009277,2731
22.433253049850464,2730
22.433680057525635,2729
22.433919191360474,2728
22.43460702896118,2727
22.43583393096924,2726
22.436187982559204,2725
22.436434030532837,2724
22.436710119247437,2723
22.440850973129272,2722
22.440982818603516,2721
22.445963859558105,2720
22.44602108001709,2719
22.44607400894165,2718
22.446285009384155,2717
22.446418046951294,2716
22.44702696800232,2715
22.44877600669861,2714
22.45275902748108,2713
22.452815055847168,2712
22.454169034957886,2711
22.4548819065094,2710
22.454984188079834,2709
22.455265998840332,2708
22.455909967422485,2707
22.45614981651306,2706
22.45767116546631,2705
22.457800149917603,2704
22.45869779586792,2703
22.45906400680542,2702
22.459304094314575,2701
22.459918975830078,2700
22.46049189567566,2699
22.461867809295654,2698
22.462186098098755,2697
22.462608098983765,2696
22.46311378479004,2695
22.463207960128784,2694
22.465073108673096,2693
22.465484857559204,2692
22.46553897857666,2691
22.465712070465088,2690
22.473472833633423,2689
22.477981090545654,2688
22.47819685935974,2687
22.479807138442993,2686
22.48039484024048,2685
22.48286199569702,2684
22.483033895492554,2683
22.48331093788147,2682
22.483590126037598,2681
22.484015941619873,2680
22.485437154769897,2679
22.485792875289917,2678
22.48648476600647,2677
22.48661994934082,2676
22.48752498626709,2675
22.489506006240845,2674
22.489679098129272,2673
22.489993810653687,2672
22.490049839019775,2671
22.49307107925415,2670
22.49327802658081,2669
22.494829893112183,2668
22.49559998512268,2667
22.495952129364014,2666
22.496008157730103,2665
22.496968984603882,2664
22.497174978256226,2663
22.498093843460083,2662
22.498745918273926,2661
22.501561880111694,2660
22.502026796340942,2659
22.502866983413696,2658
22.50497078895569,2657
22.50525188446045,2656
22.505386114120483,2655
22.505481958389282,2654
22.506317853927612,2653
22.506375074386597,2652
22.506730794906616,2651
22.50686287879944,2650
22.51465892791748,2649
22.52557611465454,2648
22.526094913482666,2647
22.52658200263977,2646
22.52747416496277,2645
22.527781009674072,2644
22.52863597869873,2643
22.528870105743408,2642
22.536018133163452,2641
22.536084175109863,2640
22.539861917495728,2639
22.541647911071777,2638
22.542903900146484,2637
22.54314613342285,2636
22.543619871139526,2635
22.54461097717285,2634
22.544931888580322,2633
22.546093940734863,2632
22.546926021575928,2631
22.55108904838562,2630
22.551262140274048,2629
22.551465034484863,2628
22.551557064056396,2627
22.552063941955566,2626
22.552928924560547,2625
22.553351163864136,2624
22.553740978240967,2623
22.55683398246765,2622
22.557111978530884,2621
22.557987928390503,2620
22.55898904800415,2619
22.560343027114868,2618
22.563059091567993,2617
22.563273191452026,2616
22.564916133880615,2615
22.566051959991455,2614
22.566293954849243,2613
22.567687034606934,2612
22.568038940429688,2611
22.56854486465454,2610
22.568751096725464,2609
22.56965708732605,2608
22.56971311569214,2607
22.570067167282104,2606
22.58491086959839,2605
22.58591389656067,2604
22.586045026779175,2603
22.58637499809265,2602
22.586579084396362,2601
22.58733606338501,2600
22.588171005249023,2599
22.588895082473755,2598
22.592112064361572,2597
22.592171907424927,2596
22.592262983322144,2595
22.59332299232483,2594
22.59349489212036,2593
22.594890832901,2592
22.596863985061646,2591
22.596956968307495,2590
22.59893798828125,2589
22.599334001541138,2588
22.599798917770386,2587
22.600117921829224,2586
22.60072684288025,2585
22.600978136062622,2584
22.602033138275146,2583
22.60220193862915,2582
22.60280990600586,2581
22.611306190490723,2580
22.611363887786865,2579
22.612019062042236,2578
22.61273694038391,2577
22.613116979599,2576
22.613420963287354,2575
22.61358094215393,2574
22.61381483078003,2573
22.614156007766724,2572
22.62494993209839,2571
22.62546706199646,2570
22.628551959991455,2569
22.63598394393921,2568
22.636080980300903,2567
22.63676881790161,2566
22.63750910758972,2565
22.637743949890137,2564
22.638368844985962,2563
22.638871908187866,2562
22.640124082565308,2561
22.64046597480774,2560
22.640554904937744,2559
22.64247417449951,2558
22.643658876419067,2557
22.645131826400757,2556
22.645652055740356,2555
22.646770000457764,2554
22.65779709815979,2553
22.65920090675354,2552
22.662804126739502,2551
22.66360092163086,2550
22.665171146392822,2549
22.66522789001465,2548
22.67229986190796,2547
22.672625064849854,2546
22.672810792922974,2545
22.67966389656067,2544
22.681582927703857,2543
22.686116933822632,2542
22.686182022094727,2541
22.690376043319702,2540
22.69161295890808,2539
22.691891193389893,2538
22.693202018737793,2537
22.695038080215454,2536
22.71850895881653,2535
22.71897578239441,2534
22.719120979309082,2533
22.720185041427612,2532
22.723302125930786,2531
22.723948001861572,2530
22.72514796257019,2529
22.747591972351074,2528
22.7482750415802,2527
22.74943995475769,2526
22.756290912628174,2525
22.757155895233154,2524
22.759012937545776,2523
22.759294033050537,2522
22.75981092453003,2521
22.760014057159424,2520
22.760304927825928,2519
22.760735034942627,2518
22.76129388809204,2517
22.76636505126953,2516
22.76727318763733,2515
22.767856121063232,2514
22.778573036193848,2513
22.78013300895691,2512
22.782695055007935,2511
22.78445291519165,2510
22.79172706604004,2509
22.792011976242065,2508
22.793869018554688,2507
22.794851064682007,2506
22.795120000839233,2505
22.79742193222046,2504
22.80066180229187,2503
22.80112600326538,2502
22.801661014556885,2501
22.803816080093384,2500
22.804391145706177,2499
22.805151224136353,2498
22.807398080825806,2497
22.815771102905273,2496
22.832005977630615,2495
22.83313798904419,2494
22.8333740234375,2493
22.833547830581665,2492
22.83520817756653,2491
22.841012954711914,2490
22.84400200843811,2489
22.844290018081665,2488
22.844867944717407,2487
22.84492301940918,2486
22.852198123931885,2485
22.852556943893433,2484
22.857367992401123,2483
22.862594842910767,2482
22.87022304534912,2481
22.87130904197693,2480
22.909300804138184,2479
22.909521102905273,2478
22.92571783065796,2477
22.928838968276978,2476
22.929664850234985,2475
22.931571006774902,2474
22.933778047561646,2473
22.9348361492157,2472
22.938400983810425,2471
22.938836812973022,2470
22.940369129180908,2469
22.941585063934326,2468
22.9421489238739,2467
22.944809198379517,2466
22.94820284843445,2465
22.950353145599365,2464
22.959831953048706,2463
22.96253514289856,2462
22.972742080688477,2461
22.974815130233765,2460
22.978238105773926,2459
22.98157000541687,2458
22.984952926635742,2457
22.992110013961792,2456
22.9927761554718,2455
23.00194811820984,2454
23.008990049362183,2453
23.011679887771606,2452
23.01981806755066,2451
23.02167797088623,2450
23.03591299057007,2449
23.037102937698364,2448
23.041584968566895,2447
23.043025016784668,2446
23.058428049087524,2445
23.06951093673706,2444
23.070053100585938,2443
23.070494174957275,2442
23.080178022384644,2441
23.08767819404602,2440
23.08917808532715,2439
23.094599962234497,2438
23.101513862609863,2437
23.10360598564148,2436
23.138510942459106,2435
23.140660047531128,2434
23.147964000701904,2433
23.186814069747925,2432
23.18879199028015,2431
23.19934606552124,2430
23.202367067337036,2429
23.21912407875061,2428
23.223939895629883,2427
23.230484008789062,2426
23.23173689842224,2425
23.24642300605774,2424
23.261132955551147,2423
23.26841688156128,2422
23.306693077087402,2421
23.315004110336304,2420
23.31853699684143,2419
23.33583402633667,2418
23.336820125579834,2417
23.348981857299805,2416
23.349287033081055,2415
23.34996008872986,2414
23.351523876190186,2413
23.35280203819275,2412
23.38104009628296,2411
23.38392400741577,2410
23.400808095932007,2409
23.420894145965576,2408
23.444200038909912,2407
23.44429302215576,2406
23.477853059768677,2405
23.52953314781189,2404
23.562480926513672,2403
23.622252941131592,2402
23.69693398475647,2401
23.747872829437256,2400
23.779293060302734,2399
23.810343980789185,2398
23.85574698448181,2397
