0.0,65940
17.405788898468018,3094
17.405934810638428,3093
17.406893730163574,3092
17.406983852386475,3091
17.409522771835327,3090
17.409653902053833,3089
17.40989589691162,3088
17.409947872161865,3087
17.409998655319214,3086
17.410087823867798,3085
17.410292863845825,3084
17.41189193725586,3083
17.41382884979248,3082
17.413955688476562,3081
17.414119958877563,3080
17.41435694694519,3079
17.414447784423828,3078
17.414499759674072,3077
17.414551973342896,3076
17.41482901573181,3075
17.414955854415894,3074
17.4164297580719,3073
17.420655727386475,3072
17.420861959457397,3071
17.42091393470764,3070
17.421117782592773,3069
17.423569917678833,3068
17.42458963394165,3067
17.425139904022217,3066
17.42526888847351,3065
17.42551279067993,3064
17.42556381225586,3063
17.436128854751587,3057
17.442002773284912,3056
17.445996046066284,3055
17.446050882339478,3054
17.446101903915405,3053
17.451591968536377,3052
17.451647996902466,3051
17.453285694122314,3050
17.45333981513977,3049
17.453617811203003,3048
17.45374369621277,3047
17.453982830047607,3046
17.454108953475952,3045
17.454457759857178,3044
17.461241722106934,3043
17.461336851119995,3042
17.462586879730225,3041
17.47485589981079,3040
17.474950790405273,3039
17.476351976394653,3038
17.476403951644897,3037
17.477120876312256,3036
17.47899889945984,3035
17.479204893112183,3034
17.47940683364868,3033
17.479495763778687,3032
17.479809999465942,3031
17.479859828948975,3030
17.4805428981781,3029
17.5320987701416,3028
17.53373694419861,3027
17.53425097465515,3026
17.53479504585266,3025
17.534884691238403,3024
17.535160779953003,3023
17.535582780838013,3022
17.535996913909912,3021
17.536799907684326,3020
17.537378072738647,3019
17.5376980304718,3018
17.537787914276123,3017
17.538715839385986,3016
17.54034399986267,3015
17.54047203063965,3014
17.542160749435425,3013
17.54493284225464,3012
17.546168088912964,3011
17.546220064163208,3010
17.548532962799072,3009
17.55287766456604,3008
17.553920030593872,3007
17.55423593521118,3006
17.560152053833008,3005
17.560606956481934,3004
17.56069588661194,3003
17.560784816741943,3002
17.560909032821655,3001
17.570961952209473,3000
17.57190775871277,2999
17.574100971221924,2998
17.5741548538208,2997
17.57476568222046,2996
17.574892044067383,2995
17.57561683654785,2994
17.5757417678833,2993
17.57586669921875,2992
17.576140880584717,2991
17.576772689819336,2990
17.57755184173584,2989
17.57881808280945,2988
17.57903480529785,2987
17.58062481880188,2986
17.581283807754517,2985
17.581486701965332,2984
17.584102869033813,2983
17.58419680595398,2982
17.58474087715149,2981
17.585092782974243,2980
17.585145711898804,2979
17.585198879241943,2978
17.585288763046265,2977
17.58683490753174,2976
17.58711075782776,2975
17.587164878845215,2974
17.587215900421143,2973
17.587265968322754,2972
17.587313890457153,2971
17.589053869247437,2970
17.58951497077942,2969
17.58956789970398,2968
17.628543853759766,2967
17.62872290611267,2966
17.639696836471558,2965
17.647587060928345,2964
17.64772891998291,2963
17.647902965545654,2962
17.647955894470215,2961
17.648271799087524,2960
17.64832377433777,2959
17.64882469177246,2958
17.64894986152649,2957
17.64903974533081,2956
17.65169882774353,2955
17.659149646759033,2954
17.659244060516357,2953
17.659482717514038,2952
17.659535884857178,2951
17.65988564491272,2950
17.66160488128662,2949
17.66177201271057,2948
17.661860704421997,2947
17.66194987297058,2946
17.66532301902771,2945
17.666494846343994,2944
17.666809797286987,2943
17.668274879455566,2942
17.66844081878662,2941
17.670987844467163,2940
17.67104196548462,2939
17.671502828598022,2938
17.67178177833557,2937
17.671907663345337,2936
17.67236566543579,2935
17.672857761383057,2934
17.672947883605957,2933
17.674082040786743,2932
17.6786527633667,2931
17.67896795272827,2930
17.68073582649231,2929
17.680869817733765,2928
17.685296773910522,2927
17.68569278717041,2926
17.685823917388916,2925
17.68602681159973,2924
17.687484741210938,2923
17.69045400619507,2922
17.69054388999939,2921
17.690929889678955,2920
17.693084955215454,2919
17.693175077438354,2918
17.69460678100586,2917
17.703181743621826,2916
17.704263925552368,2915
17.704792022705078,2914
17.70525097846985,2913
17.706678867340088,2912
17.706990718841553,2911
17.707441806793213,2910
17.707677841186523,2909
17.708448886871338,2908
17.708541870117188,2907
17.708849906921387,2906
17.70948576927185,2905
17.70997977256775,2904
17.710035800933838,2903
17.711066722869873,2902
17.7118079662323,2901
17.712040901184082,2900
17.712382793426514,2899
17.717464685440063,2898
17.717805862426758,2897
17.7203528881073,2896
17.721234798431396,2895
17.722527980804443,2894
17.723954916000366,2893
17.724377870559692,2892
17.724836826324463,2891
17.731571912765503,2890
17.732250690460205,2889
17.732456922531128,2888
17.732656717300415,2887
17.738802909851074,2886
17.74166774749756,2885
17.74241590499878,2884
17.7424738407135,2883
17.742565870285034,2882
17.743512868881226,2881
17.74356508255005,2880
17.743613958358765,2879
17.743770837783813,2878
17.74729895591736,2877
17.75019383430481,2876
17.795154809951782,2875
17.795257806777954,2874
17.795347929000854,2873
17.795564889907837,2872
17.795878887176514,2871
17.79838800430298,2870
17.798441886901855,2869
17.798640727996826,2868
17.79979181289673,2867
17.800649881362915,2866
17.80115580558777,2865
17.801209688186646,2864
17.802205801010132,2863
17.802406787872314,2862
17.80267596244812,2861
17.803022861480713,2860
17.803294897079468,2859
17.804651021957397,2858
17.80542778968811,2857
17.806253671646118,2856
17.806488037109375,2855
17.806729793548584,2854
17.80722975730896,2853
17.810497999191284,2852
17.811063051223755,2851
17.811264038085938,2850
17.811501026153564,2849
17.8118839263916,2848
17.811973810195923,2847
17.81323480606079,2846
17.813469886779785,2845
17.81392002105713,2844
17.81530785560608,2843
17.815401792526245,2842
17.829208850860596,2841
17.829906940460205,2840
17.832042932510376,2839
17.83209800720215,2838
17.83270502090454,2837
17.834115743637085,2836
17.834174871444702,2835
17.834751844406128,2834
17.835021018981934,2833
17.835073947906494,2832
17.83556890487671,2831
17.835660934448242,2830
17.836113929748535,2829
17.83645796775818,2828
17.837241888046265,2827
17.838512897491455,2826
17.841906785964966,2825
17.84211301803589,2824
17.84289574623108,2823
17.845623016357422,2822
17.850615978240967,2821
17.850749969482422,2820
17.850914001464844,2819
17.850966930389404,2818
17.85101580619812,2817
17.852827787399292,2816
17.85332179069519,2815
17.854719877243042,2814
17.85477876663208,2813
17.855347871780396,2812
17.85558772087097,2811
17.855751752853394,2810
17.867952823638916,2809
17.86819577217102,2808
17.87140679359436,2807
17.872195720672607,2806
17.872397661209106,2805
17.872524976730347,2804
17.874374866485596,2803
17.87454390525818,2802
17.874595642089844,2801
17.874643802642822,2800
17.874730825424194,2799
17.875041961669922,2798
17.875645875930786,2797
17.87775206565857,2796
17.87875771522522,2795
17.879066705703735,2794
17.879234075546265,2793
17.879432916641235,2792
17.880033016204834,2791
17.885231733322144,2790
17.885470867156982,2789
17.885528802871704,2788
17.887155771255493,2787
17.88785982131958,2786
17.91667675971985,2785
17.917261838912964,2784
17.917678833007812,2783
17.917884826660156,2782
17.91811990737915,2781
17.918173789978027,2780
17.91837477684021,2779
17.91846489906311,2778
17.918592929840088,2777
17.91987180709839,2776
17.920113801956177,2775
17.920209884643555,2774
17.920300006866455,2773
17.92531681060791,2772
17.927619695663452,2771
17.92815375328064,2770
17.929653882980347,2769
17.930738925933838,2768
17.930941820144653,2767
17.932857751846313,2766
17.93583106994629,2765
17.935998916625977,2764
17.93634295463562,2763
17.93639588356018,2762
17.936595916748047,2761
17.936901807785034,2760
17.937028884887695,2759
17.941476821899414,2758
17.94211506843567,2757
17.94270896911621,2756
17.949951887130737,2755
17.95276188850403,2754
17.9530827999115,2753
17.95375370979309,2752
17.95403289794922,2751
17.956623792648315,2750
17.959499835968018,2749
17.959561824798584,2748
17.95972180366516,2747
17.960376739501953,2746
17.96062183380127,2745
17.967464923858643,2744
17.967525720596313,2743
17.967839002609253,2742
17.96804189682007,2741
17.968639850616455,2740
17.96877884864807,2739
17.97549271583557,2738
17.97699499130249,2737
17.983131885528564,2736
17.983303785324097,2735
17.983757734298706,2734
17.983885765075684,2733
17.984161853790283,2732
17.98428988456726,2731
18.003142833709717,2730
18.00404977798462,2729
18.00613784790039,2728
18.0064959526062,2727
18.006732940673828,2726
18.012841939926147,2725
18.01955509185791,2724
18.021148920059204,2723
18.021206855773926,2722
18.021414756774902,2721
18.023460865020752,2720
18.025957822799683,2719
18.02648687362671,2718
18.027117013931274,2717
18.027249813079834,2716
18.02734375,2715
18.028157949447632,2714
18.02933096885681,2713
18.029908895492554,2712
18.030147790908813,2711
18.030386924743652,2710
18.030694723129272,2709
18.03085994720459,2708
18.030988931655884,2707
18.03187584877014,2706
18.045763731002808,2705
18.045862913131714,2704
18.047204732894897,2703
18.04737091064453,2702
18.0480318069458,2701
18.050615072250366,2700
18.058278799057007,2699
18.059034824371338,2698
18.059428691864014,2697
18.06359601020813,2696
18.063695907592773,2695
18.06396794319153,2694
18.06413698196411,2693
18.074913024902344,2692
18.07537293434143,2691
18.078139781951904,2690
18.079514741897583,2689
18.079827785491943,2688
18.08743977546692,2687
18.08812189102173,2686
18.08829379081726,2685
18.08834981918335,2684
18.088775873184204,2683
18.088907957077026,2682
18.09041690826416,2681
18.101894855499268,2680
18.102142810821533,2679
18.10300374031067,2678
18.10404086112976,2677
18.104318857192993,2676
18.10531783103943,2675
18.10677194595337,2674
18.10682702064514,2673
18.107504844665527,2672
18.107563018798828,2671
18.10904884338379,2670
18.11376190185547,2669
18.119488954544067,2668
18.132094860076904,2667
18.13605785369873,2666
18.136900901794434,2665
18.137218713760376,2664
18.140071868896484,2663
18.14027690887451,2662
18.140333652496338,2661
18.140387773513794,2660
18.14445686340332,2659
18.145192861557007,2658
18.14604377746582,2657
18.14898991584778,2656
18.14958691596985,2655
18.150258779525757,2654
18.15121364593506,2653
18.15130591392517,2652
18.160362005233765,2651
18.160647869110107,2650
18.161181926727295,2649
18.161386966705322,2648
18.163393020629883,2647
18.163715839385986,2646
18.163951873779297,2645
18.16458487510681,2644
18.165781021118164,2643
18.165951013565063,2642
18.166040658950806,2641
18.168558835983276,2640
18.17065691947937,2639
18.171396732330322,2638
18.173166751861572,2637
18.17363405227661,2636
18.173691749572754,2635
18.177849769592285,2634
18.179224014282227,2633
18.180802822113037,2632
18.18249273300171,2631
18.19557499885559,2630
18.196069717407227,2629
18.196273803710938,2628
18.19691491127014,2627
18.205522775650024,2626
18.205732822418213,2625
18.206044912338257,2624
18.210121870040894,2623
18.210502862930298,2622
18.211346864700317,2621
18.218254804611206,2620
18.218458890914917,2619
18.221248865127563,2618
18.223198890686035,2617
18.22419786453247,2616
18.224978923797607,2615
18.22560477256775,2614
18.226059913635254,2613
18.226330757141113,2612
18.22660493850708,2611
18.229159832000732,2610
18.229256868362427,2609
18.24186897277832,2608
18.2459557056427,2607
18.246927738189697,2606
18.247131824493408,2605
18.24718689918518,2604
18.247880935668945,2603
18.24818778038025,2602
18.24842071533203,2601
18.24988579750061,2600
18.25145173072815,2599
18.252078771591187,2598
18.25271773338318,2597
18.253095865249634,2596
18.257570028305054,2595
18.258724689483643,2594
18.260892868041992,2593
18.261023998260498,2592
18.26254367828369,2591
18.26263976097107,2590
18.263194799423218,2589
18.2637140750885,2588
18.264168977737427,2587
18.265958786010742,2586
18.267453908920288,2585
18.268224000930786,2584
18.268528699874878,2583
18.268873929977417,2582
18.270952939987183,2581
18.27629065513611,2580
18.277040719985962,2579
18.279744863510132,2578
18.282161951065063,2577
18.282996892929077,2576
18.283411979675293,2575
18.28569483757019,2574
18.28646492958069,2573
18.28766179084778,2572
18.287758827209473,2571
18.28848886489868,2570
18.289324045181274,2569
18.291611909866333,2568
18.293495893478394,2567
18.294951915740967,2566
18.295540809631348,2565
18.29559588432312,2564
18.297303915023804,2563
18.29947066307068,2562
18.299922943115234,2561
18.30005383491516,2560
18.301358699798584,2559
18.30334782600403,2558
18.305548906326294,2557
18.30631184577942,2556
18.30732798576355,2555
18.30993103981018,2554
18.31514286994934,2553
18.315380811691284,2552
18.315435886383057,2551
18.31732487678528,2550
18.317418813705444,2549
18.31981587409973,2548
18.33216691017151,2547
18.33531379699707,2546
18.336562871932983,2545
18.337374925613403,2544
18.33981990814209,2543
18.340595960617065,2542
18.34385371208191,2541
18.34448480606079,2540
18.345849752426147,2539
18.3464777469635,2538
18.35144877433777,2537
18.352144718170166,2536
18.353656768798828,2535
18.353718042373657,2534
18.35849380493164,2533
18.36000895500183,2532
18.36077380180359,2531
18.362699031829834,2530
18.38331890106201,2529
18.384467840194702,2528
18.387762784957886,2527
18.390150785446167,2526
18.391429901123047,2525
18.3916118144989,2524
18.392663955688477,2523
18.401806831359863,2522
18.405582666397095,2521
18.405937910079956,2520
18.406810760498047,2519
18.408949851989746,2518
18.411766052246094,2517
18.41215682029724,2516
18.423760890960693,2515
18.424271821975708,2514
18.426894664764404,2513
18.426952838897705,2512
18.428225994110107,2511
18.42847490310669,2510
18.432554006576538,2509
18.433467864990234,2508
18.440720796585083,2507
18.44101095199585,2506
18.442072868347168,2505
18.442431926727295,2504
18.444482803344727,2503
18.451578855514526,2502
18.464496850967407,2501
18.465704917907715,2500
18.466636896133423,2499
18.472386837005615,2498
18.473179817199707,2497
18.47365403175354,2496
18.474824905395508,2495
18.47503685951233,2494
18.476567029953003,2493
18.478278875350952,2492
18.47940993309021,2491
18.483064651489258,2490
18.483733892440796,2489
18.486917734146118,2488
18.49961280822754,2487
18.50335693359375,2486
18.505472898483276,2485
18.507246732711792,2484
18.51224684715271,2483
18.512560844421387,2482
18.512874841690063,2481
18.513827800750732,2480
18.514575719833374,2479
18.51775884628296,2478
18.535576820373535,2477
18.537219762802124,2476
18.56714391708374,2475
18.568482875823975,2474
18.56971287727356,2473
18.569994926452637,2472
18.57282781600952,2471
18.574295043945312,2470
18.576992988586426,2469
18.58067297935486,2468
18.581493854522705,2467
18.583406686782837,2466
18.58411478996277,2465
18.590260982513428,2464
18.592143774032593,2463
18.596794843673706,2462
18.597502946853638,2461
18.597559928894043,2460
18.601414918899536,2459
18.609205961227417,2458
18.610114812850952,2457
18.612979888916016,2456
18.615739822387695,2455
18.617450952529907,2454
18.62111186981201,2453
18.625869750976562,2452
18.627611875534058,2451
18.62886095046997,2450
18.635177850723267,2449
18.638555765151978,2448
18.64166498184204,2447
18.645883798599243,2446
18.65565586090088,2445
18.6558940410614,2444
18.65656280517578,2443
18.663980960845947,2442
18.66621685028076,2441
18.666417837142944,2440
18.66790771484375,2439
18.6744167804718,2438
18.675954818725586,2437
18.677231788635254,2436
18.678096771240234,2435
18.68549680709839,2434
18.721174955368042,2433
18.725743770599365,2432
18.729571104049683,2431
18.730361700057983,2430
18.737077951431274,2429
18.73755693435669,2428
18.743308067321777,2427
18.75084376335144,2426
18.752091884613037,2425
18.75455379486084,2424
18.758158683776855,2423
18.76257586479187,2422
18.7677218914032,2421
18.768648862838745,2420
18.770936727523804,2419
18.776017904281616,2418
18.843556880950928,2417
18.846303939819336,2416
18.862401962280273,2415
18.863730907440186,2414
18.86902403831482,2413
18.869229793548584,2412
18.874972820281982,2411
18.878281831741333,2410
18.882683753967285,2409
18.896690845489502,2408
18.913631916046143,2407
18.952301025390625,2406
18.96936869621277,2405
18.990262985229492,2404
18.999684810638428,2403
19.00639581680298,2402
19.018709897994995,2401
19.103970050811768,2400
19.145813941955566,2399
19.262032747268677,2398
19.612090826034546,2397
