0.0,621840
127.12335467338562,7913
127.12554383277893,7912
127.12568593025208,7911
127.1273078918457,7910
127.14180707931519,7909
127.14332485198975,7908
127.14346480369568,7907
127.14508104324341,7906
127.14581298828125,7905
127.14681005477905,7904
127.15106582641602,7903
127.15173292160034,7902
127.1522159576416,7901
127.1529529094696,7900
127.15496802330017,7899
127.15613794326782,7898
127.15815496444702,7897
127.15855383872986,7896
127.1608407497406,7895
127.16150188446045,7894
127.16574573516846,7893
127.16768980026245,7892
127.16860175132751,7891
127.16925287246704,7890
127.16965079307556,7889
127.17599582672119,7888
127.17873573303223,7887
127.18084287643433,7886
127.18295192718506,7885
127.18403196334839,7884
127.1849467754364,7883
127.1906328201294,7882
127.19155597686768,7881
127.19179582595825,7880
127.19271278381348,7879
127.1939709186554,7878
127.19437789916992,7877
127.19580698013306,7876
127.20032787322998,7875
127.20379376411438,7874
127.20437693595886,7873
127.20536589622498,7872
127.20628499984741,7871
127.20812392234802,7870
127.20913505554199,7869
127.21882009506226,7868
127.22036290168762,7867
127.2212598323822,7866
127.23028707504272,7865
127.23077178001404,7864
127.23392677307129,7863
127.2344138622284,7862
127.23988485336304,7861
127.24112200737,7860
127.2417860031128,7859
127.24199986457825,7858
127.2430567741394,7857
127.24697494506836,7856
127.24877691268921,7855
127.25316381454468,7854
127.25408983230591,7853
127.27485489845276,7852
127.27767896652222,7851
127.27978682518005,7850
127.28001976013184,7849
127.2862617969513,7848
127.2938187122345,7847
127.29458785057068,7846
127.29617404937744,7845
127.29641699790955,7844
127.2968168258667,7843
127.29875874519348,7842
127.29967784881592,7841
127.30015587806702,7840
127.30184602737427,7839
127.30430102348328,7838
127.30583190917969,7837
127.30846095085144,7836
127.31154680252075,7835
127.3230528831482,7834
127.32338786125183,7833
127.32498407363892,7832
127.32563400268555,7831
127.32622194290161,7830
127.33072566986084,7829
127.33122301101685,7828
127.33144283294678,7827
127.334233045578,7826
127.33514380455017,7825
127.33658075332642,7824
127.33697199821472,7823
127.33875870704651,7822
127.34533286094666,7821
127.35259985923767,7820
127.36707592010498,7819
127.37456393241882,7818
127.37513995170593,7817
127.37635779380798,7816
127.37813687324524,7815
127.38727378845215,7814
127.38896989822388,7813
127.39160585403442,7812
127.40148496627808,7811
127.43656802177429,7810
127.43856287002563,7809
127.4393630027771,7808
127.44660186767578,7807
127.45033073425293,7806
127.45149207115173,7805
127.45182371139526,7804
127.47439479827881,7803
127.477285861969,7802
127.4892590045929,7801
127.49145483970642,7800
127.49502897262573,7799
127.49516272544861,7798
127.49841785430908,7797
127.51913285255432,7796
127.52275681495667,7795
127.52833676338196,7794
127.52909088134766,7793
127.53157496452332,7792
127.53498697280884,7791
127.54239678382874,7790
127.55651497840881,7789
127.55700778961182,7788
127.5583598613739,7787
127.5617778301239,7786
127.56321573257446,7785
127.56717085838318,7784
127.58951807022095,7783
127.60293889045715,7782
127.60568904876709,7781
127.60685992240906,7780
127.60996389389038,7779
127.61157393455505,7778
127.62178993225098,7777
127.62443375587463,7776
127.62638187408447,7775
127.62703776359558,7774
127.6276068687439,7773
127.62956476211548,7772
127.62969374656677,7771
127.6355230808258,7770
127.63765978813171,7769
127.63995695114136,7768
127.65171098709106,7767
127.6553897857666,7766
127.65649890899658,7765
127.66325688362122,7764
127.66692972183228,7763
127.68284368515015,7762
127.69945788383484,7761
127.70193672180176,7760
127.70216083526611,7759
127.70273184776306,7758
127.70804286003113,7757
127.71146178245544,7756
127.72044372558594,7755
127.72231602668762,7754
127.72649073600769,7753
127.73310089111328,7752
127.73697686195374,7751
127.7408549785614,7750
127.74124574661255,7749
127.74174690246582,7748
127.74290990829468,7747
127.74520587921143,7746
127.76724195480347,7745
127.76877880096436,7744
127.7763466835022,7743
127.78377890586853,7742
127.7910668849945,7741
127.79484796524048,7740
127.80292701721191,7739
127.81277680397034,7738
127.82308769226074,7737
127.83362770080566,7736
127.83870100975037,7735
127.85233497619629,7734
127.85265183448792,7733
127.85763669013977,7732
127.8628180027008,7731
127.86462092399597,7730
127.86972689628601,7729
127.88374590873718,7728
127.88962578773499,7727
127.89363884925842,7726
127.90124583244324,7725
127.90209102630615,7724
127.90496897697449,7723
127.92090272903442,7722
127.92163681983948,7721
127.92222189903259,7720
127.92406392097473,7719
127.92491102218628,7718
127.925039768219,7717
127.94036984443665,7716
127.94129395484924,7715
127.95009994506836,7714
127.95048594474792,7713
127.95296001434326,7712
127.95574975013733,7711
127.95598673820496,7710
127.95734286308289,7709
127.95764708518982,7708
127.97562003135681,7707
127.98096990585327,7706
127.98394584655762,7705
127.98810172080994,7704
127.99142694473267,7703
127.99200081825256,7702
127.99379682540894,7701
127.99937772750854,7700
128.01265788078308,7699
128.0155258178711,7698
128.016019821167,7697
128.01854991912842,7696
128.0491919517517,7695
128.0585629940033,7694
128.06216478347778,7693
128.06428289413452,7692
128.0704939365387,7691
128.07497692108154,7690
128.0859019756317,7689
128.0878348350525,7688
128.09318280220032,7687
128.09386587142944,7686
128.098219871521,7685
128.10356783866882,7684
128.10471987724304,7683
128.10665583610535,7682
128.1100618839264,7681
128.11040878295898,7680
128.12082386016846,7679
128.12259888648987,7678
128.12353682518005,7677
128.1271207332611,7676
128.12840175628662,7675
128.13386273384094,7674
128.13776397705078,7673
128.14169478416443,7672
128.14781093597412,7671
128.14819979667664,7670
128.1507487297058,7669
128.15910482406616,7668
128.16898584365845,7667
128.17170596122742,7666
128.17666578292847,7665
128.18458700180054,7664
128.1926577091217,7663
128.19906091690063,7662
128.2017228603363,7661
128.20332193374634,7660
128.20684790611267,7659
128.21587991714478,7658
128.2373480796814,7657
128.25535202026367,7656
128.25932478904724,7655
128.25979781150818,7654
128.26183795928955,7653
128.26230692863464,7652
128.26323199272156,7651
128.26894688606262,7650
128.2751269340515,7649
128.28349685668945,7648
128.28573369979858,7647
128.2872428894043,7646
128.29846286773682,7645
128.30906891822815,7644
128.31446075439453,7643
128.31812191009521,7642
128.3393850326538,7641
128.33996391296387,7640
128.34020972251892,7639
128.3413689136505,7638
128.34150385856628,7637
128.35641598701477,7636
128.36626982688904,7635
128.3674919605255,7634
128.3769247531891,7633
128.38361477851868,7632
128.39397978782654,7631
128.39678692817688,7630
128.39905881881714,7629
128.4000768661499,7628
128.40183901786804,7627
128.40371775627136,7626
128.4077889919281,7625
128.41555285453796,7624
128.42421078681946,7623
128.42867493629456,7622
128.44501090049744,7621
128.44776272773743,7620
128.45942282676697,7619
128.4921898841858,7618
128.49447083473206,7617
128.50621676445007,7616
128.52055382728577,7615
128.53607892990112,7614
128.54211401939392,7613
128.5426948070526,7612
128.56401991844177,7611
128.58247804641724,7610
128.58382105827332,7609
128.61956787109375,7608
128.66713905334473,7607
128.67882180213928,7606
128.69393682479858,7605
128.7114098072052,7604
128.71301698684692,7603
128.73322987556458,7602
128.73843669891357,7601
128.78963494300842,7600
128.79854893684387,7599
128.80395984649658,7598
128.86185598373413,7597
128.87573885917664,7596
128.8785400390625,7595
128.90364003181458,7594
128.9250259399414,7593
128.93691992759705,7592
128.95940494537354,7591
128.9915246963501,7590
128.99319911003113,7589
129.00118589401245,7588
129.01201510429382,7587
129.02592992782593,7586
129.0386848449707,7585
129.09647488594055,7584
129.10860586166382,7583
129.1164538860321,7582
129.1177887916565,7581
129.16461777687073,7580
129.18672680854797,7579
129.19007682800293,7578
129.19190883636475,7577
129.19788193702698,7576
129.26988101005554,7575
129.49157285690308,7574
129.49361491203308,7573
129.57549381256104,7572
129.583557844162,7571
129.6860499382019,7570
129.69380283355713,7569
129.72079372406006,7568
129.75714564323425,7567
129.8755350112915,7566
129.92142581939697,7565
130.10992288589478,7564
130.22305583953857,7563
130.34280276298523,7562
130.44871377944946,7561
130.5185408592224,7560
130.68994402885437,7559
131.4650628566742,7558
131.7992889881134,7557
132.0357518196106,7556
