0.0,621840
148.7762439250946,7937
148.77813911437988,7936
148.78097987174988,7935
148.78243207931519,7934
148.7825789451599,7933
148.78691005706787,7932
148.7876489162445,7931
148.79093289375305,7930
148.79275107383728,7929
148.79315209388733,7928
148.7942681312561,7927
148.7999210357666,7926
148.80245399475098,7925
148.8066291809082,7924
148.8073079586029,7923
148.80933713912964,7922
148.81123399734497,7921
148.81222915649414,7920
148.81445980072021,7919
148.82012796401978,7918
148.83031702041626,7917
148.83197689056396,7916
148.83255815505981,7915
148.83269500732422,7914
148.83366799354553,7913
148.83415508270264,7912
148.85175490379333,7911
148.8559730052948,7910
148.85828924179077,7909
148.86069703102112,7908
148.86207008361816,7907
148.8631501197815,7906
148.88648200035095,7905
148.89095401763916,7904
148.89256405830383,7903
148.90295004844666,7902
148.90343499183655,7901
148.903657913208,7900
148.9037890434265,7899
148.90612816810608,7898
148.90635204315186,7897
148.90665698051453,7896
148.90873384475708,7895
148.91521096229553,7894
148.9160590171814,7893
148.91808986663818,7892
148.91849899291992,7891
148.92356610298157,7890
148.92646408081055,7889
148.92923498153687,7888
148.93120408058167,7887
148.9342770576477,7886
148.93726992607117,7885
148.9411780834198,7884
148.9426670074463,7883
148.9439821243286,7882
148.95196413993835,7881
148.95246005058289,7880
148.95585107803345,7879
148.95777893066406,7878
148.95792198181152,7877
148.9618570804596,7876
148.96696019172668,7875
148.96931099891663,7874
148.9713749885559,7873
148.97171306610107,7872
148.97728514671326,7871
148.98140907287598,7870
148.9844081401825,7869
148.98489904403687,7868
148.98522806167603,7867
148.98647904396057,7866
148.9940311908722,7865
148.99427890777588,7864
148.9966881275177,7863
148.99716997146606,7862
148.999183177948,7861
149.03310704231262,7860
149.04074692726135,7859
149.04438304901123,7858
149.04556798934937,7857
149.0463101863861,7856
149.04673314094543,7855
149.04739713668823,7854
149.04761290550232,7853
149.0477430820465,7852
149.04806804656982,7851
149.0489900112152,7850
149.08366513252258,7849
149.09168696403503,7848
149.09585094451904,7847
149.09721183776855,7846
149.09837889671326,7845
149.0995659828186,7844
149.1024580001831,7843
149.1037199497223,7842
149.1070740222931,7841
149.1088387966156,7840
149.1190869808197,7839
149.11951112747192,7838
149.1199870109558,7837
149.12041115760803,7836
149.12063002586365,7835
149.12339615821838,7834
149.12370800971985,7833
149.1289200782776,7832
149.12932515144348,7831
149.13312101364136,7830
149.1380331516266,7829
149.1626160144806,7828
149.1629340648651,7827
149.16381216049194,7826
149.16490602493286,7825
149.17193222045898,7824
149.1767978668213,7823
149.18159008026123,7822
149.18468499183655,7821
149.18602108955383,7820
149.18986010551453,7819
149.19019603729248,7818
149.20784211158752,7817
149.20875906944275,7816
149.21568894386292,7815
149.2161829471588,7814
149.2276542186737,7813
149.2277958393097,7812
149.22847890853882,7811
149.24552392959595,7810
149.2587058544159,7809
149.2593400478363,7808
149.26114702224731,7807
149.2618429660797,7806
149.27036595344543,7805
149.27292013168335,7804
149.2742850780487,7803
149.2906711101532,7802
149.29125714302063,7801
149.29398703575134,7800
149.29448914527893,7799
149.31384110450745,7798
149.3205530643463,7797
149.32215094566345,7796
149.32385396957397,7795
149.33016300201416,7794
149.3320779800415,7793
149.34194207191467,7792
149.34426403045654,7791
149.34763598442078,7790
149.3510730266571,7789
149.3515021800995,7788
149.35450387001038,7787
149.3550169467926,7786
149.35644006729126,7785
149.35760688781738,7784
149.36009812355042,7783
149.3767590522766,7782
149.38317322731018,7781
149.38471698760986,7780
149.3865180015564,7779
149.4006850719452,7778
149.4079360961914,7777
149.40973687171936,7776
149.43049812316895,7775
149.43285083770752,7774
149.4335160255432,7773
149.434396982193,7772
149.44565510749817,7771
149.4515881538391,7770
149.4802210330963,7769
149.48627090454102,7768
149.49360418319702,7767
149.4979510307312,7766
149.5012640953064,7765
149.51850485801697,7764
149.52184915542603,7763
149.5258128643036,7762
149.53483605384827,7761
149.53627014160156,7760
149.53651809692383,7759
149.53682613372803,7758
149.5384500026703,7757
149.55025005340576,7756
149.55468583106995,7755
149.57259893417358,7754
149.5739450454712,7753
149.5764741897583,7752
149.5774781703949,7751
149.5844509601593,7750
149.58693289756775,7749
149.59585309028625,7748
149.60042214393616,7747
149.60669803619385,7746
149.60710096359253,7745
149.62009119987488,7744
149.62109303474426,7743
149.63978004455566,7742
149.6438751220703,7741
149.64400696754456,7740
149.65263891220093,7739
149.65331411361694,7738
149.65428614616394,7737
149.6558210849762,7736
149.66014695167542,7735
149.6626160144806,7734
149.66524696350098,7733
149.66935801506042,7732
149.67077922821045,7731
149.67537307739258,7730
149.6786549091339,7729
149.7043719291687,7728
149.7071018218994,7727
149.71132016181946,7726
149.7164831161499,7725
149.7294340133667,7724
149.73078083992004,7723
149.7587378025055,7722
149.759094953537,7721
149.7600109577179,7720
149.76014304161072,7719
149.7679009437561,7718
149.7716510295868,7717
149.77270603179932,7716
149.77459812164307,7715
149.7763090133667,7714
149.78156685829163,7713
149.79107308387756,7712
149.7940971851349,7711
149.80197095870972,7710
149.80454301834106,7709
149.8051471710205,7708
149.8099009990692,7707
149.8126242160797,7706
149.81510710716248,7705
149.82376194000244,7704
149.8307330608368,7703
149.83382201194763,7702
149.8506941795349,7701
149.85415291786194,7700
149.85983300209045,7699
149.8611798286438,7698
149.87872886657715,7697
149.88602900505066,7696
149.89642691612244,7695
149.90026116371155,7694
149.90144205093384,7693
149.91035223007202,7692
149.9105851650238,7691
149.91358995437622,7690
149.92569589614868,7689
149.9293670654297,7688
149.93895292282104,7687
149.94104290008545,7686
149.95729517936707,7685
149.95857620239258,7684
149.95888900756836,7683
149.96170496940613,7682
150.016930103302,7681
150.0226559638977,7680
150.0269660949707,7679
150.03968000411987,7678
150.04277396202087,7677
150.0429081916809,7676
150.0467791557312,7675
150.05003309249878,7674
150.05338382720947,7673
150.0762550830841,7672
150.08401894569397,7671
150.10046100616455,7670
150.10271310806274,7669
150.10709810256958,7668
150.10963606834412,7667
150.11065697669983,7666
150.11941981315613,7665
150.12378120422363,7664
150.12511682510376,7663
150.12999296188354,7662
150.14027380943298,7661
150.14999794960022,7660
150.17192912101746,7659
150.17764902114868,7658
150.19536685943604,7657
150.19864201545715,7656
150.1995279788971,7655
150.20061588287354,7654
150.20683312416077,7653
150.21003103256226,7652
150.22431206703186,7651
150.2292160987854,7650
150.23753595352173,7649
150.24357986450195,7648
150.24954223632812,7647
150.2503809928894,7646
150.25483894348145,7645
150.29721188545227,7644
150.30042219161987,7643
150.30186796188354,7642
150.30476999282837,7641
150.31446290016174,7640
150.3148090839386,7639
150.3165922164917,7638
150.32250809669495,7637
150.32562613487244,7636
150.34017896652222,7635
150.3609311580658,7634
150.36472606658936,7633
150.37597584724426,7632
150.3794400691986,7631
150.3839259147644,7630
150.38692903518677,7629
150.40399503707886,7628
150.40803003311157,7627
150.41482019424438,7626
150.420156955719,7625
150.42391395568848,7624
150.43751692771912,7623
150.44579887390137,7622
150.47081017494202,7621
150.48267102241516,7620
150.5082070827484,7619
150.5121579170227,7618
150.53300094604492,7617
150.56693196296692,7616
150.5771460533142,7615
150.61452388763428,7614
150.62603902816772,7613
150.64913511276245,7612
150.67113399505615,7611
150.67678594589233,7610
150.69370484352112,7609
150.71355390548706,7608
150.71803998947144,7607
150.72021198272705,7606
150.7262749671936,7605
150.7862410545349,7604
150.8155791759491,7603
150.8384370803833,7602
150.846116065979,7601
150.865149974823,7600
150.869215965271,7599
150.87156915664673,7598
150.8827362060547,7597
150.9057810306549,7596
150.9068820476532,7595
150.92051196098328,7594
150.92204117774963,7593
150.9250612258911,7592
150.93091893196106,7591
150.93776202201843,7590
150.94178104400635,7589
150.9440381526947,7588
150.95799088478088,7587
150.96310091018677,7586
150.98819303512573,7585
151.05020999908447,7584
151.05559706687927,7583
151.06108808517456,7582
151.0822730064392,7581
151.0876181125641,7580
151.11545181274414,7579
151.1243541240692,7578
151.1363570690155,7577
151.13825607299805,7576
151.1569058895111,7575
151.1721580028534,7574
151.17777800559998,7573
151.19005584716797,7572
151.2382950782776,7571
151.2772159576416,7570
151.28209614753723,7569
151.31689596176147,7568
151.35671091079712,7567
151.38884091377258,7566
151.43108201026917,7565
151.59492802619934,7564
151.6187310218811,7563
151.66640210151672,7562
151.78261804580688,7561
151.96108198165894,7560
152.13985204696655,7559
152.19181895256042,7558
152.29069590568542,7557
152.36974692344666,7556
152.4064781665802,7555
152.5443708896637,7554
152.57140803337097,7553
153.06139707565308,7552
153.130450963974,7551
