0.0,982240
212.0371539592743,6635
212.03740906715393,6634
212.03930020332336,6633
212.03947019577026,6632
212.04039001464844,6631
212.04066801071167,6630
212.0431089401245,6629
212.04359984397888,6628
212.0451819896698,6627
212.0505919456482,6626
212.05206298828125,6625
212.05554604530334,6624
212.05623292922974,6623
212.05639910697937,6622
212.05711483955383,6621
212.0582799911499,6620
212.0613718032837,6619
212.06252217292786,6618
212.0637879371643,6617
212.06593108177185,6616
212.06761002540588,6615
212.07148003578186,6614
212.0720820426941,6613
212.07257294654846,6612
212.07294011116028,6611
212.07364201545715,6610
212.07381296157837,6609
212.07483005523682,6608
212.0767958164215,6607
212.07825994491577,6606
212.07864499092102,6605
212.07880187034607,6604
212.0791621208191,6603
212.08024406433105,6602
212.08040285110474,6601
212.08262705802917,6600
212.08324599266052,6599
212.0855050086975,6598
212.0861029624939,6597
212.08636593818665,6596
212.09384298324585,6595
212.09402108192444,6594
212.09636998176575,6593
212.0972101688385,6592
212.09882998466492,6591
212.1008698940277,6590
212.10190391540527,6589
212.1023931503296,6588
212.1084179878235,6587
212.1127209663391,6586
212.11308813095093,6585
212.13306593894958,6584
212.1336750984192,6583
212.13415813446045,6582
212.13551902770996,6581
212.13664507865906,6580
212.13680601119995,6579
212.13717198371887,6578
212.13733196258545,6577
212.13813304901123,6576
212.1389560699463,6575
212.14041590690613,6574
212.14189219474792,6573
212.14404201507568,6572
212.14795112609863,6571
212.1482229232788,6570
212.14977598190308,6569
212.15038013458252,6568
212.15183806419373,6567
212.15221619606018,6566
212.15379190444946,6565
212.15484499931335,6564
212.15576696395874,6563
212.15635299682617,6562
212.1571750640869,6561
212.15797901153564,6560
212.16065788269043,6559
212.16212797164917,6558
212.16431403160095,6557
212.16513586044312,6556
212.16541385650635,6555
212.16610503196716,6554
212.16649198532104,6553
212.16664814949036,6552
212.16766119003296,6551
212.16895699501038,6550
212.17299008369446,6549
212.17488312721252,6548
212.17537999153137,6547
212.17651510238647,6546
212.1779580116272,6545
212.17812705039978,6544
212.18219113349915,6543
212.18236207962036,6542
212.18472290039062,6541
212.1875410079956,6540
212.18880105018616,6539
212.18929195404053,6538
212.18989205360413,6537
212.19005393981934,6536
212.19054889678955,6535
212.1912682056427,6534
212.19163489341736,6533
212.19190287590027,6532
212.19228291511536,6531
212.192538022995,6530
212.19378685951233,6529
212.19495391845703,6528
212.19808411598206,6527
212.19836497306824,6526
212.20108795166016,6525
212.20136499404907,6524
212.20271801948547,6523
212.20331192016602,6522
212.20620489120483,6521
212.20636105537415,6520
212.21104788780212,6519
212.21132493019104,6518
212.21245789527893,6517
212.21261501312256,6516
212.21319818496704,6515
212.2133550643921,6514
212.214369058609,6513
212.21498012542725,6512
212.21555519104004,6511
212.21692490577698,6510
212.21738696098328,6509
212.21777296066284,6508
212.22045993804932,6507
212.2210590839386,6506
212.22252106666565,6505
212.22279000282288,6504
212.22326493263245,6503
212.22418308258057,6502
212.22455096244812,6501
212.2250361442566,6500
212.22563314437866,6499
212.22599816322327,6498
212.22668600082397,6497
212.2279350757599,6496
212.228511095047,6495
212.2291121482849,6494
212.2304608821869,6493
212.23138999938965,6492
212.23185515403748,6491
212.23235416412354,6490
212.23380517959595,6489
212.23680114746094,6488
212.24226999282837,6487
212.2448389530182,6486
212.24686002731323,6485
212.25200700759888,6484
212.25258493423462,6483
212.25781893730164,6482
212.2595829963684,6481
212.26061606407166,6480
212.26152086257935,6479
212.26221323013306,6478
212.26526999473572,6477
212.26652121543884,6476
212.26839399337769,6475
212.26887607574463,6474
212.26935601234436,6473
212.27006602287292,6472
212.27107405662537,6471
212.27262997627258,6470
212.2728819847107,6469
212.27303981781006,6468
212.27687191963196,6467
212.27910709381104,6466
212.27938103675842,6465
212.27964806556702,6464
212.28506898880005,6463
212.2854540348053,6462
212.28722620010376,6461
212.2873890399933,6460
212.28799891471863,6459
212.28968906402588,6458
212.29018115997314,6457
212.29064512252808,6456
212.29246306419373,6455
212.29261708259583,6454
212.29351496696472,6453
212.29511404037476,6452
212.29603505134583,6451
212.29685807228088,6450
212.29754185676575,6449
212.298033952713,6448
212.2989399433136,6447
212.29965209960938,6446
212.3001148700714,6445
212.30050897598267,6444
212.30175805091858,6443
212.30225110054016,6442
212.3029351234436,6441
212.30388879776,6440
212.30416417121887,6439
212.30486392974854,6438
212.30689001083374,6437
212.31407690048218,6436
212.31574702262878,6435
212.31945490837097,6434
212.32037806510925,6433
212.32322001457214,6432
212.3249659538269,6431
212.32695198059082,6430
212.32711100578308,6429
212.32978510856628,6428
212.32995414733887,6427
212.33097386360168,6426
212.33320593833923,6425
212.33465814590454,6424
212.33503413200378,6423
212.3364748954773,6422
212.3384780883789,6421
212.3388590812683,6420
212.33910822868347,6419
212.33926105499268,6418
212.34050989151,6417
212.3440499305725,6416
212.34453701972961,6415
212.34555792808533,6414
212.34736013412476,6413
212.3488039970398,6412
212.350830078125,6411
212.35129594802856,6410
212.3520040512085,6409
212.35345005989075,6408
212.35437202453613,6407
212.35483384132385,6406
212.35542702674866,6405
212.35570096969604,6404
212.35723495483398,6403
212.357412815094,6402
212.35974502563477,6401
212.36023092269897,6400
212.36113786697388,6399
212.36260104179382,6398
212.36513900756836,6397
212.36627006530762,6396
212.36874198913574,6395
212.370099067688,6394
212.37037014961243,6393
212.37159204483032,6392
212.37240600585938,6391
212.374596118927,6390
212.37583684921265,6389
212.3761019706726,6388
212.37762093544006,6387
212.37792992591858,6386
212.37906312942505,6385
212.38031005859375,6384
212.38121795654297,6383
212.3819179534912,6382
212.3849458694458,6381
212.38533306121826,6380
212.38560509681702,6379
212.38651180267334,6378
212.38667106628418,6377
212.38714289665222,6376
212.39013290405273,6375
212.39093804359436,6374
212.39186692237854,6373
212.39246201515198,6372
212.39262104034424,6371
212.3930950164795,6370
212.39412093162537,6369
212.3944890499115,6368
212.39464712142944,6367
212.39533591270447,6366
212.3958239555359,6365
212.3972909450531,6364
212.39789605140686,6363
212.39956307411194,6362
212.40091109275818,6361
212.4022479057312,6360
212.40693712234497,6359
212.41537404060364,6358
212.41890788078308,6357
212.41951417922974,6356
212.41999006271362,6355
212.4205939769745,6354
212.4209589958191,6353
212.43055415153503,6352
212.43275594711304,6351
212.4336531162262,6350
212.43435907363892,6349
212.43666005134583,6348
212.4374442100525,6347
212.4402711391449,6346
212.4441158771515,6345
212.4459309577942,6344
212.44768524169922,6343
212.44848704338074,6342
212.44905591011047,6341
212.44922184944153,6340
212.45053791999817,6339
212.45167899131775,6338
212.4523651599884,6337
212.45252203941345,6336
212.4527759552002,6335
212.45336294174194,6334
212.4540638923645,6333
212.45538306236267,6332
212.45575499534607,6331
212.45611596107483,6330
212.45785093307495,6329
212.45824909210205,6328
212.45840692520142,6327
212.4587631225586,6326
212.46011900901794,6325
212.46362805366516,6324
212.46389293670654,6323
212.46458911895752,6322
212.46559691429138,6321
212.46791291236877,6320
212.46913409233093,6319
212.47121596336365,6318
212.47360515594482,6317
212.47397303581238,6316
212.47422099113464,6315
212.47564101219177,6314
212.47580695152283,6313
212.47639298439026,6312
212.47708797454834,6311
212.4788601398468,6310
212.47988295555115,6309
212.48198199272156,6308
212.4867980480194,6307
212.48911213874817,6306
212.48937606811523,6305
212.49078512191772,6304
212.49105405807495,6303
212.49247694015503,6302
212.4926359653473,6301
212.49395203590393,6300
212.4942181110382,6299
212.49458193778992,6298
212.49664306640625,6297
212.49712300300598,6296
212.49790787696838,6295
212.49805998802185,6294
212.50074005126953,6293
212.5010061264038,6292
212.5018072128296,6291
212.5053210258484,6290
212.5078089237213,6289
212.50892996788025,6288
212.50962090492249,6287
212.5103280544281,6286
212.51174306869507,6285
212.51331901550293,6284
212.5139970779419,6283
212.51511812210083,6282
212.5167429447174,6281
212.51722598075867,6280
212.52279496192932,6279
212.5229570865631,6278
212.52353405952454,6277
212.52380299568176,6276
212.52437710762024,6275
212.52654910087585,6274
212.52874302864075,6273
212.52953100204468,6272
212.5305459499359,6271
212.53273510932922,6270
212.53322005271912,6269
212.534441947937,6268
212.53610610961914,6267
212.53752613067627,6266
212.5401430130005,6265
212.54091906547546,6264
212.5417230129242,6263
212.54388880729675,6262
212.54405093193054,6261
212.54484105110168,6260
212.54534196853638,6259
212.5477330684662,6258
212.55013298988342,6257
212.55059599876404,6256
212.55096292495728,6255
212.5596730709076,6254
212.5635130405426,6253
212.56483793258667,6252
212.56542205810547,6251
212.5673680305481,6250
212.56798481941223,6249
212.56963801383972,6248
212.5705349445343,6247
212.5735580921173,6246
212.57404899597168,6245
212.57440996170044,6244
212.57456421852112,6243
212.57708382606506,6242
212.57767987251282,6241
212.5790090560913,6240
212.5792751312256,6239
212.58289098739624,6238
212.5836958885193,6237
212.58712601661682,6236
212.5884611606598,6235
212.59039306640625,6234
212.59098386764526,6233
212.59228014945984,6232
212.59266090393066,6231
212.59483003616333,6230
212.59548687934875,6229
212.59670495986938,6228
212.597186088562,6227
212.60117411613464,6226
212.60164880752563,6225
212.60211396217346,6224
212.60333108901978,6223
212.604327917099,6222
212.6044840812683,6221
212.6069300174713,6220
212.60740900039673,6219
212.61674189567566,6218
212.61712098121643,6217
212.61770391464233,6216
212.62158489227295,6215
212.6232361793518,6214
212.62552189826965,6213
212.6264190673828,6212
212.62731289863586,6211
212.63255500793457,6210
212.63324904441833,6209
212.63542699813843,6208
212.63568305969238,6207
212.63605093955994,6206
212.63861107826233,6205
212.6388750076294,6204
212.64197087287903,6203
212.6422460079193,6202
212.64574217796326,6201
212.65137696266174,6200
212.65164279937744,6199
212.65262699127197,6198
212.65514707565308,6197
212.66112208366394,6196
212.6620171070099,6195
212.66397285461426,6194
212.6652979850769,6193
212.66661882400513,6192
212.66698288917542,6191
212.66787314414978,6190
212.66846799850464,6189
212.66893219947815,6188
212.66961884498596,6187
212.67145609855652,6186
212.6718201637268,6185
212.67260003089905,6184
212.67349886894226,6183
212.67566585540771,6182
212.676029920578,6181
212.67830300331116,6180
212.67845392227173,6179
212.67933106422424,6178
212.68033695220947,6177
212.68143320083618,6176
212.68180513381958,6175
212.68226790428162,6174
212.68306612968445,6173
212.68364214897156,6172
212.68476700782776,6171
212.68766689300537,6170
212.6886761188507,6169
212.68976497650146,6168
212.6904571056366,6167
212.69122886657715,6166
212.69170784950256,6165
212.6921579837799,6164
212.69242191314697,6163
212.69350719451904,6162
212.6936650276184,6161
212.69391322135925,6160
212.6987588405609,6159
212.6997790336609,6158
212.7011959552765,6157
212.70199513435364,6156
212.70380687713623,6155
212.70450401306152,6154
212.7051751613617,6153
212.70976996421814,6152
212.71106886863708,6151
212.71492505073547,6150
212.71559286117554,6149
212.71659803390503,6148
212.72201013565063,6147
212.72344303131104,6146
212.72495317459106,6145
212.72701287269592,6144
212.72716903686523,6143
212.73105692863464,6142
212.73268508911133,6141
212.73548007011414,6140
212.73563599586487,6139
212.73723697662354,6138
212.73792099952698,6137
212.74016094207764,6136
212.74398589134216,6135
212.74591898918152,6134
212.7461760044098,6133
212.74891018867493,6132
212.75159907341003,6131
212.75300884246826,6130
212.76327800750732,6129
212.76449418067932,6128
212.7651710510254,6127
212.76743698120117,6126
212.76810383796692,6125
212.76825714111328,6124
212.77089095115662,6123
212.77265310287476,6122
212.77343106269836,6121
212.77391409873962,6120
212.77447986602783,6119
212.7752649784088,6118
212.77615594863892,6117
212.7771499156952,6116
212.77981996536255,6115
212.78175902366638,6114
212.783588886261,6113
212.78479099273682,6112
212.78621101379395,6111
212.78889203071594,6110
212.7913510799408,6109
212.79150104522705,6108
212.79432702064514,6107
212.79984998703003,6106
212.80116295814514,6105
212.8015329837799,6104
212.8023009300232,6103
212.8025631904602,6102
212.80271315574646,6101
212.80369091033936,6100
212.8041651248932,6099
212.8063099384308,6098
212.8068869113922,6097
212.80871295928955,6096
212.8088629245758,6095
212.80973482131958,6094
212.8098921775818,6093
212.8100438117981,6092
212.81019592285156,6091
212.81045198440552,6090
212.8201470375061,6089
212.8219997882843,6088
212.8240509033203,6087
212.8248360157013,6086
212.82550191879272,6085
212.82921504974365,6084
212.83806204795837,6083
212.83915495872498,6082
212.84149408340454,6081
212.8419589996338,6080
212.8425211906433,6079
212.84340715408325,6078
212.84397912025452,6077
212.84475898742676,6076
212.8453230857849,6075
212.8480839729309,6074
212.84959411621094,6073
212.85079288482666,6072
212.85158395767212,6071
212.85205507278442,6070
212.852933883667,6069
212.85372114181519,6068
212.85449814796448,6067
212.85685300827026,6066
212.85794520378113,6065
212.85893511772156,6064
212.86044692993164,6063
212.86144304275513,6062
212.8622179031372,6061
212.8630027770996,6060
212.8634638786316,6059
212.86614799499512,6058
212.86673521995544,6057
212.86784195899963,6056
212.87669610977173,6055
212.8769509792328,6054
212.87782502174377,6053
212.8787178993225,6052
212.87979793548584,6051
212.88184714317322,6050
212.8863880634308,6049
212.88655805587769,6048
212.8878710269928,6047
212.8883500099182,6046
212.8888099193573,6045
212.8895890712738,6044
212.89187693595886,6043
212.89392805099487,6042
212.8958559036255,6041
212.89601111412048,6040
212.8967809677124,6039
212.8974621295929,6038
212.89963603019714,6037
212.89979696273804,6036
212.90057182312012,6035
212.9010717868805,6034
212.9016330242157,6033
212.90482306480408,6032
212.90528798103333,6031
212.90689992904663,6030
212.9084107875824,6029
212.90993213653564,6028
212.91164708137512,6027
212.91307497024536,6026
212.91609287261963,6025
212.91688084602356,6024
212.9186339378357,6023
212.91878509521484,6022
212.91986894607544,6021
212.9205620288849,6020
212.92080998420715,6019
212.92106795310974,6018
212.9223849773407,6017
212.9254128932953,6016
212.9269540309906,6015
212.92975211143494,6014
212.9306480884552,6013
212.93184804916382,6012
212.93348598480225,6011
212.9365940093994,6010
212.93697214126587,6009
212.9373288154602,6008
212.93747997283936,6007
212.93805313110352,6006
212.93863987922668,6005
212.93941497802734,6004
212.94225001335144,6003
212.94313097000122,6002
212.94875288009644,6001
212.95070004463196,6000
212.95139622688293,5999
212.9607470035553,5998
212.961327791214,5997
212.96157789230347,5996
212.96288418769836,5995
212.96480703353882,5994
212.9652600288391,5993
212.96705198287964,5992
212.96803402900696,5991
212.96954107284546,5990
212.9703118801117,5989
212.971107006073,5988
212.9750349521637,5987
212.97583484649658,5986
212.97943305969238,5985
212.98032593727112,5984
212.98109602928162,5983
212.9814670085907,5982
212.98392915725708,5981
212.98493099212646,5980
212.98728203773499,5979
212.98796892166138,5978
212.98884415626526,5977
212.98931884765625,5976
212.9920949935913,5975
212.99383306503296,5974
212.99886107444763,5973
213.00322604179382,5972
213.00379300117493,5971
213.0064799785614,5970
213.009761095047,5969
213.0106589794159,5968
213.01309394836426,5967
213.0143129825592,5966
213.014976978302,5965
213.01555514335632,5964
213.01705598831177,5963
213.0176351070404,5962
213.0180847644806,5961
213.01886892318726,5960
213.02327799797058,5959
213.02574706077576,5958
213.02619814872742,5957
213.02909398078918,5956
213.03132009506226,5955
213.03168892860413,5954
213.0324580669403,5953
213.03303599357605,5952
213.03399395942688,5951
213.03559708595276,5950
213.03658294677734,5949
213.037269115448,5948
213.03847098350525,5947
213.03874111175537,5946
213.03900003433228,5945
213.0504651069641,5944
213.0511510372162,5943
213.05172085762024,5942
213.0532569885254,5941
213.05414605140686,5940
213.05493187904358,5939
213.0558111667633,5938
213.05638718605042,5937
213.0603940486908,5936
213.0606551170349,5935
213.06256008148193,5934
213.06609511375427,5933
213.06675601005554,5932
213.0672309398651,5931
213.06810402870178,5930
213.06826496124268,5929
213.07007098197937,5928
213.07044005393982,5927
213.07151889801025,5926
213.07342910766602,5925
213.0741171836853,5924
213.07803916931152,5923
213.08101201057434,5922
213.08231806755066,5921
213.08445501327515,5920
213.08492493629456,5919
213.0859169960022,5918
213.08648800849915,5917
213.08695101737976,5916
213.08794713020325,5915
213.08871698379517,5914
213.09128189086914,5913
213.0924952030182,5912
213.09944200515747,5911
213.1013638973236,5910
213.1020429134369,5909
213.10792088508606,5908
213.11047983169556,5907
213.1132481098175,5906
213.1190378665924,5905
213.12231492996216,5904
213.12257409095764,5903
213.12893295288086,5902
213.1298270225525,5901
213.13027787208557,5900
213.1332449913025,5899
213.13548278808594,5898
213.1387641429901,5897
213.14057302474976,5896
213.14314007759094,5895
213.14423990249634,5894
213.14664506912231,5893
213.14837503433228,5892
213.15120887756348,5891
213.15261602401733,5890
213.15277218818665,5889
213.15455317497253,5888
213.1565899848938,5887
213.15840005874634,5886
213.1592869758606,5885
213.1599428653717,5884
213.16051506996155,5883
213.16106796264648,5882
213.16361093521118,5881
213.16376399993896,5880
213.16483211517334,5879
213.1658182144165,5878
213.1661720275879,5877
213.1676630973816,5876
213.17148280143738,5875
213.17195010185242,5874
213.17262315750122,5873
213.17328596115112,5872
213.1744909286499,5871
213.1760959625244,5870
213.17645382881165,5869
213.1780469417572,5868
213.17944598197937,5867
213.180428981781,5866
213.1815149784088,5865
213.1818790435791,5864
213.18316912651062,5863
213.18447303771973,5862
213.18886399269104,5861
213.18943786621094,5860
213.19063997268677,5859
213.1910080909729,5858
213.19355010986328,5857
213.1941261291504,5856
213.19468116760254,5855
213.19879698753357,5854
213.20352005958557,5853
213.20367693901062,5852
213.209086894989,5851
213.21010518074036,5850
213.21138310432434,5849
213.21185302734375,5848
213.21567487716675,5847
213.21593594551086,5846
213.2193741798401,5845
213.22037887573242,5844
213.22431993484497,5843
213.22542119026184,5842
213.2276690006256,5841
213.2279291152954,5840
213.22837615013123,5839
213.22916412353516,5838
213.23037385940552,5837
213.23147296905518,5836
213.23276019096375,5835
213.23417496681213,5834
213.23505783081055,5833
213.23678493499756,5832
213.23881697654724,5831
213.23919582366943,5830
213.23974919319153,5829
213.24063992500305,5828
213.2465431690216,5827
213.24753522872925,5826
213.24829483032227,5825
213.25220108032227,5824
213.2544460296631,5823
213.2606120109558,5822
213.26087307929993,5821
213.26132607460022,5820
213.263041973114,5819
213.2647500038147,5818
213.26728796958923,5817
213.2688798904419,5816
213.2691309452057,5815
213.27461004257202,5814
213.27549695968628,5813
213.27657079696655,5812
213.27755999565125,5811
213.27905583381653,5810
213.2805781364441,5809
213.28228306770325,5808
213.2836880683899,5807
213.28570008277893,5806
213.28668808937073,5805
213.28819108009338,5804
213.2893829345703,5803
213.29537415504456,5802
213.29667401313782,5801
213.3003180027008,5800
213.31092882156372,5799
213.3120288848877,5798
213.3133099079132,5797
213.32022309303284,5796
213.32037091255188,5795
213.32443690299988,5794
213.32574200630188,5793
213.3282561302185,5792
213.33361315727234,5791
213.33377194404602,5790
213.33413100242615,5789
213.33832812309265,5788
213.34013485908508,5787
213.34059810638428,5786
213.3427290916443,5785
213.34493494033813,5784
213.34714198112488,5783
213.3481101989746,5782
213.3491861820221,5781
213.35191702842712,5780
213.35217308998108,5779
213.358980178833,5778
213.35955715179443,5777
213.36062908172607,5776
213.36458706855774,5775
213.36586713790894,5774
213.36714816093445,5773
213.37067794799805,5772
213.3715500831604,5771
213.3721079826355,5770
213.37351083755493,5769
213.3762490749359,5768
213.37701606750488,5767
213.38580894470215,5766
213.3860638141632,5765
213.3870279788971,5764
213.3880090713501,5763
213.39164400100708,5762
213.39262318611145,5761
213.39400386810303,5760
213.39436292648315,5759
213.39583492279053,5758
213.39787602424622,5757
213.39842891693115,5756
213.39930486679077,5755
213.41273403167725,5754
213.4136130809784,5753
213.41386699676514,5752
213.41420912742615,5751
213.41623902320862,5750
213.4165050983429,5749
213.41888403892517,5748
213.41924405097961,5747
213.4234540462494,5746
213.42732214927673,5745
213.42818093299866,5744
213.42935919761658,5743
213.43053317070007,5742
213.43305706977844,5741
213.43363690376282,5740
213.43379092216492,5739
213.44493794441223,5738
213.44891119003296,5737
213.45275115966797,5736
213.45363211631775,5735
213.45961594581604,5734
213.46057605743408,5733
213.46218299865723,5732
213.46535801887512,5731
213.46818685531616,5730
213.47151589393616,5729
213.47278308868408,5728
213.4761118888855,5727
213.47758793830872,5726
213.482253074646,5725
213.48395800590515,5724
213.48431491851807,5723
213.48456287384033,5722
213.48796224594116,5721
213.4897541999817,5720
213.49041104316711,5719
213.49137783050537,5718
213.49163007736206,5717
213.49241185188293,5716
213.49267196655273,5715
213.49344110488892,5714
213.49392104148865,5713
213.4963641166687,5712
213.49692392349243,5711
213.50250697135925,5710
213.5068359375,5709
213.50707983970642,5708
213.51527500152588,5707
213.5158441066742,5706
213.5207941532135,5705
213.52177095413208,5704
213.52273797988892,5703
213.52464199066162,5702
213.5257110595703,5701
213.5264790058136,5700
213.52713012695312,5699
213.52851104736328,5698
213.53081011772156,5697
213.5310730934143,5696
213.53567004203796,5695
213.53849291801453,5694
213.54170489311218,5693
213.54217195510864,5692
213.54496908187866,5691
213.5463581085205,5690
213.55281901359558,5689
213.555104970932,5688
213.55823302268982,5687
213.55869388580322,5686
213.5594539642334,5685
213.56654596328735,5684
213.56730389595032,5683
213.57061409950256,5682
213.57281804084778,5681
213.57440519332886,5680
213.58016109466553,5679
213.58235502243042,5678
213.58801698684692,5677
213.5921549797058,5676
213.5929138660431,5675
213.5941891670227,5674
213.59484100341797,5673
213.59539604187012,5672
213.59900283813477,5671
213.60640406608582,5670
213.60768508911133,5669
213.61093616485596,5668
213.61180019378662,5667
213.6125590801239,5666
213.61650109291077,5665
213.62042999267578,5664
213.6207811832428,5663
213.62113213539124,5662
213.62384009361267,5661
213.62553906440735,5660
213.62651109695435,5659
213.62911319732666,5658
213.63028192520142,5657
213.63206505775452,5656
213.63313508033752,5655
213.63348197937012,5654
213.63655304908752,5653
213.63692116737366,5652
213.6479549407959,5651
213.6482059955597,5650
213.6502721309662,5649
213.65704202651978,5648
213.66238117218018,5647
213.66294288635254,5646
213.6636040210724,5645
213.66446805000305,5644
213.66856908798218,5643
213.6740119457245,5642
213.68139696121216,5641
213.68164992332458,5640
213.68853187561035,5639
213.68990302085876,5638
213.6928791999817,5637
213.69303607940674,5636
213.69329404830933,5635
213.69462513923645,5634
213.69540095329285,5633
213.70043182373047,5632
213.7006871700287,5631
213.70919609069824,5630
213.70945000648499,5629
213.7142457962036,5628
213.7172610759735,5627
213.71975302696228,5626
213.7198989391327,5625
213.72034621238708,5624
213.72162795066833,5623
213.724839925766,5622
213.72518920898438,5621
213.7266571521759,5620
213.7302689552307,5619
213.73071312904358,5618
213.73085689544678,5617
213.73635601997375,5616
213.73752403259277,5615
213.74705505371094,5614
213.74962902069092,5613
213.7534999847412,5612
213.7549660205841,5611
213.75520992279053,5610
213.7589590549469,5609
213.76001596450806,5608
213.7610580921173,5607
213.76372408866882,5606
213.7657721042633,5605
213.76593208312988,5604
213.76787519454956,5603
213.76863598823547,5602
213.7731900215149,5601
213.7744641304016,5600
213.77953004837036,5599
213.78180718421936,5598
213.78739309310913,5597
213.79095697402954,5596
213.79192399978638,5595
213.793603181839,5594
213.79444885253906,5593
213.79480409622192,5592
213.799978017807,5591
213.80709099769592,5590
213.80884313583374,5589
213.8163080215454,5588
213.81817603111267,5587
213.82155013084412,5586
213.82922506332397,5585
213.8298921585083,5584
213.83113813400269,5583
213.83530592918396,5582
213.83807492256165,5581
213.84516620635986,5580
213.846116065979,5579
213.8466718196869,5578
213.84731006622314,5577
213.85017800331116,5576
213.85379886627197,5575
213.85527086257935,5574
213.8613498210907,5573
213.8632230758667,5572
213.8654820919037,5571
213.8673460483551,5570
213.86838698387146,5569
213.87287402153015,5568
213.87773394584656,5567
213.87860298156738,5566
213.88155007362366,5565
213.8890540599823,5564
213.89974403381348,5563
213.90212512016296,5562
213.9056761264801,5561
213.908940076828,5560
213.91339707374573,5559
213.91355800628662,5558
213.91509985923767,5557
213.9164559841156,5556
213.91728901863098,5555
213.9190480709076,5554
213.92309498786926,5553
213.9251651763916,5552
213.926696062088,5551
213.9312708377838,5550
213.93422317504883,5549
213.93619894981384,5548
213.93753910064697,5547
213.93831491470337,5546
213.94188117980957,5545
213.9448630809784,5544
213.95034503936768,5543
213.95231318473816,5542
213.95637392997742,5541
213.9600441455841,5540
213.96149516105652,5539
213.96334791183472,5538
213.96618795394897,5537
213.9672441482544,5536
213.96818900108337,5535
213.9709460735321,5534
213.97185897827148,5533
213.97302293777466,5532
213.9748740196228,5531
213.97873783111572,5530
213.9802827835083,5529
213.99061822891235,5528
213.99136590957642,5527
213.9924190044403,5526
213.99394416809082,5525
213.99720907211304,5524
213.99767398834229,5523
213.99953413009644,5522
214.00007510185242,5521
214.00183820724487,5520
214.00577902793884,5519
214.01042890548706,5518
214.0137710571289,5517
214.01512503623962,5516
214.02184796333313,5515
214.0310661792755,5514
214.03321814537048,5513
214.0350751876831,5512
214.03590989112854,5511
214.03606605529785,5510
214.0427541732788,5509
214.04611206054688,5508
214.0526568889618,5507
214.0534110069275,5506
214.05576086044312,5505
214.06609201431274,5504
214.06765913963318,5503
214.06780695915222,5502
214.07331109046936,5501
214.07398390769958,5500
214.07602214813232,5499
214.0785779953003,5498
214.08548188209534,5497
214.08583903312683,5496
214.08657598495483,5495
214.09139704704285,5494
214.09164118766785,5493
214.09387397766113,5492
214.09641098976135,5491
214.09704399108887,5490
214.1034529209137,5489
214.1065878868103,5488
214.1098189353943,5487
214.11204195022583,5486
214.1125910282135,5485
214.11362504959106,5484
214.11507511138916,5483
214.11630702018738,5482
214.1242220401764,5481
214.1279489994049,5480
214.13278484344482,5479
214.13779306411743,5478
214.14150309562683,5477
214.14450407028198,5476
214.14704704284668,5475
214.15226292610168,5474
214.15281701087952,5473
214.15614199638367,5472
214.1574010848999,5471
214.15982484817505,5470
214.16304802894592,5469
214.16418886184692,5468
214.16902709007263,5467
214.17143511772156,5466
214.1738829612732,5465
214.1765079498291,5464
214.1775679588318,5463
214.17849612236023,5462
214.18540120124817,5461
214.18932795524597,5460
214.1906921863556,5459
214.1977767944336,5458
214.19793510437012,5457
214.20019102096558,5456
214.20094394683838,5455
214.20138502120972,5454
214.20162677764893,5453
214.2089250087738,5452
214.209881067276,5451
214.2101240158081,5450
214.2126259803772,5449
214.21398496627808,5448
214.22077107429504,5447
214.2317168712616,5446
214.23662996292114,5445
214.23687505722046,5444
214.24166297912598,5443
214.24379587173462,5442
214.24611401557922,5441
214.24982404708862,5440
214.25026202201843,5439
214.2510049343109,5438
214.25323390960693,5437
214.25506901741028,5436
214.2583601474762,5435
214.2616991996765,5434
214.2621340751648,5433
214.2693910598755,5432
214.27377700805664,5431
214.27630805969238,5430
214.27783203125,5429
214.2789740562439,5428
214.28177523612976,5427
214.28192591667175,5426
214.28702998161316,5425
214.29198098182678,5424
214.29860091209412,5423
214.3008267879486,5422
214.30479788780212,5421
214.3108639717102,5420
214.31445813179016,5419
214.31470322608948,5418
214.31770491600037,5417
214.32842183113098,5416
214.33182501792908,5415
214.33543705940247,5414
214.33657002449036,5413
214.33779501914978,5412
214.34246802330017,5411
214.34280800819397,5410
214.34825611114502,5409
214.34958791732788,5408
214.35516214370728,5407
214.36171102523804,5406
214.36679601669312,5405
214.3739368915558,5404
214.37812089920044,5403
214.38121509552002,5402
214.38451504707336,5401
214.38506388664246,5400
214.38758087158203,5399
214.38822102546692,5398
214.38876104354858,5397
214.3915889263153,5396
214.3942310810089,5395
214.39999103546143,5394
214.40418314933777,5393
214.40543007850647,5392
214.40687584877014,5391
214.42062902450562,5390
214.42117619514465,5389
214.42142009735107,5388
214.4219629764557,5387
214.42220497131348,5386
214.42264199256897,5385
214.4257390499115,5384
214.42735314369202,5383
214.42769598960876,5382
214.42803502082825,5381
214.42915606498718,5380
214.43110299110413,5379
214.437833070755,5378
214.43828415870667,5377
214.44185590744019,5376
214.44534301757812,5375
214.44666385650635,5374
214.4476969242096,5373
214.4483199119568,5372
214.4519019126892,5371
214.45409512519836,5370
214.45610809326172,5369
214.46765398979187,5368
214.47508001327515,5367
214.4752299785614,5366
214.48116397857666,5365
214.48527002334595,5364
214.49673509597778,5363
214.5021049976349,5362
214.50500798225403,5361
214.51354694366455,5360
214.5175108909607,5359
214.51805996894836,5358
214.5218150615692,5357
214.5269718170166,5356
214.53758597373962,5355
214.53992080688477,5354
214.5436999797821,5353
214.5488440990448,5352
214.55454802513123,5351
214.56105303764343,5350
214.5625400543213,5349
214.57055687904358,5348
214.57589411735535,5347
214.5763440132141,5346
214.57707118988037,5345
214.5836980342865,5344
214.59043407440186,5343
214.5957989692688,5342
214.600928068161,5341
214.60324883460999,5340
214.60505294799805,5339
214.60918807983398,5338
214.61545181274414,5337
214.62378811836243,5336
214.6343400478363,5335
214.63874888420105,5334
214.64209008216858,5333
214.64244294166565,5332
214.64268589019775,5331
214.6454939842224,5330
214.6558861732483,5329
214.6561300754547,5328
214.67315983772278,5327
214.6810760498047,5326
214.69751977920532,5325
214.69866800308228,5324
214.69958925247192,5323
214.70327997207642,5322
214.70735597610474,5321
214.71744513511658,5320
214.72785997390747,5319
214.7281060218811,5318
214.74542808532715,5317
214.74646997451782,5316
214.7484700679779,5315
214.75000190734863,5314
214.7508201599121,5313
214.7515640258789,5312
214.7547299861908,5311
214.75780296325684,5310
214.7593059539795,5309
214.77130603790283,5308
214.77886700630188,5307
214.78068780899048,5306
214.78486394882202,5305
214.78999185562134,5304
214.79229497909546,5303
214.79332613945007,5302
214.79346799850464,5301
214.80183291435242,5300
214.80257415771484,5299
214.80408811569214,5298
214.8136031627655,5297
214.82545113563538,5296
214.83851599693298,5295
214.84121084213257,5294
214.8420660495758,5293
214.84339785575867,5292
214.8440079689026,5291
214.85892701148987,5290
214.88026809692383,5289
214.88594007492065,5288
214.88660788536072,5287
214.88997888565063,5286
214.89164018630981,5285
214.89197707176208,5284
214.90191006660461,5283
214.9304699897766,5282
214.93134999275208,5281
214.93468809127808,5280
214.93711304664612,5279
214.9416539669037,5278
214.95350098609924,5277
214.95765495300293,5276
214.95851182937622,5275
214.95894598960876,5274
214.96861219406128,5273
214.9886600971222,5272
214.99942803382874,5271
215.01783299446106,5270
215.02053880691528,5269
215.02622890472412,5268
215.02922296524048,5267
215.03033804893494,5266
215.04045701026917,5265
215.05750513076782,5264
215.05875515937805,5263
215.05889797210693,5262
215.0599648952484,5261
215.06021189689636,5260
215.06371092796326,5259
215.06522178649902,5258
215.07370281219482,5257
215.0780107975006,5256
215.0873899459839,5255
215.0888991355896,5254
215.08986115455627,5253
215.09058690071106,5252
215.1070499420166,5251
215.10719799995422,5250
215.1087839603424,5249
215.1124610900879,5248
215.12032794952393,5247
215.13005113601685,5246
215.1327679157257,5245
215.1330099105835,5244
215.14409804344177,5243
215.14533305168152,5242
215.14870882034302,5241
215.14934992790222,5240
215.1500952243805,5239
215.1527738571167,5238
215.1533179283142,5237
215.16065096855164,5236
215.16169095039368,5235
215.16261506080627,5234
215.16315913200378,5233
215.16791605949402,5232
215.16944408416748,5231
215.16969299316406,5230
215.1873300075531,5229
215.19468212127686,5228
215.19812989234924,5227
215.2026240825653,5226
215.20897793769836,5225
215.2124102115631,5224
215.21334099769592,5223
215.21434903144836,5222
215.21807479858398,5221
215.22198820114136,5220
215.22418689727783,5219
215.23147296905518,5218
215.23565912246704,5217
215.24493312835693,5216
215.24949502944946,5215
215.2517659664154,5214
215.25855422019958,5213
215.26483416557312,5212
215.2795488834381,5211
215.29350185394287,5210
215.29922795295715,5209
215.30052781105042,5208
215.30751705169678,5207
215.32760190963745,5206
215.33220410346985,5205
215.33494091033936,5204
215.3370339870453,5203
215.34617710113525,5202
215.3549509048462,5201
215.35847902297974,5200
215.36448407173157,5199
215.37207198143005,5198
215.37941980361938,5197
215.3815770149231,5196
215.39425897598267,5195
215.40044593811035,5194
215.40338110923767,5193
215.434063911438,5192
215.4346239566803,5191
215.4361138343811,5190
215.44422101974487,5189
215.44923996925354,5188
215.45752501487732,5187
215.45843887329102,5186
215.46042013168335,5185
215.46323895454407,5184
215.47223615646362,5183
215.4746811389923,5182
215.47837114334106,5181
215.48379111289978,5180
215.48636484146118,5179
215.48699188232422,5178
215.48935198783875,5177
215.497074842453,5176
215.5095920562744,5175
215.51166892051697,5174
215.51999688148499,5173
215.52474904060364,5172
215.53161597251892,5171
215.53444719314575,5170
215.5447449684143,5169
215.548819065094,5168
215.55118489265442,5167
215.55152583122253,5166
215.56500005722046,5165
215.57119011878967,5164
215.5864372253418,5163
215.59822583198547,5162
215.60041499137878,5161
215.6172490119934,5160
215.62531399726868,5159
215.62787508964539,5158
215.64840388298035,5157
215.66008496284485,5156
215.66531682014465,5155
215.67586517333984,5154
215.68619298934937,5153
215.69694209098816,5152
215.6992781162262,5151
215.72190594673157,5150
215.7238941192627,5149
215.74568700790405,5148
215.77379512786865,5147
215.78030800819397,5146
215.79979395866394,5145
215.80289006233215,5144
215.8057541847229,5143
215.80828285217285,5142
215.82484197616577,5141
215.83450388908386,5140
215.83590602874756,5139
215.84174799919128,5138
215.87080597877502,5137
215.87182116508484,5136
215.87360310554504,5135
215.91594290733337,5134
215.9268090724945,5133
215.95674896240234,5132
215.96444606781006,5131
215.9690580368042,5130
215.9797592163086,5129
215.98172116279602,5128
215.99198484420776,5127
215.99982380867004,5126
216.00028014183044,5125
216.0254020690918,5124
216.02623891830444,5123
216.0805790424347,5122
216.08284997940063,5121
216.1211121082306,5120
216.12310600280762,5119
216.14874815940857,5118
216.1698281764984,5117
216.1704649925232,5116
216.17853999137878,5115
216.19400596618652,5114
216.2475550174713,5113
216.2705111503601,5112
216.27623987197876,5111
216.28032898902893,5110
216.291020154953,5109
216.31023907661438,5108
216.32570815086365,5107
216.3569118976593,5106
216.3892800807953,5105
216.404687166214,5104
216.40743494033813,5103
216.4382359981537,5102
216.48225688934326,5101
216.48509097099304,5100
216.50379300117493,5099
216.50926113128662,5098
216.543133020401,5097
216.55908107757568,5096
216.5759539604187,5095
216.60433197021484,5094
216.63328099250793,5093
216.65391421318054,5092
216.67451286315918,5091
216.675066947937,5090
216.67703199386597,5089
216.68401408195496,5088
216.691890001297,5087
216.73270988464355,5086
216.73467183113098,5085
216.73862981796265,5084
216.7459909915924,5083
216.7518289089203,5082
216.76528906822205,5081
216.78251910209656,5080
216.7946150302887,5079
216.7986581325531,5078
216.80664920806885,5077
216.8076720237732,5076
216.80952095985413,5075
216.81883192062378,5074
216.8328959941864,5073
216.88382482528687,5072
216.96169304847717,5071
216.97917485237122,5070
216.97999501228333,5069
216.9927318096161,5068
217.03352808952332,5067
217.0818829536438,5066
217.08528804779053,5065
217.09103202819824,5064
217.10390877723694,5063
217.12434697151184,5062
217.12830305099487,5061
217.12998390197754,5060
217.15960597991943,5059
217.1720781326294,5058
217.20211100578308,5057
217.2184121608734,5056
217.22111797332764,5055
217.2275869846344,5054
217.29208397865295,5053
217.36839985847473,5052
217.5184919834137,5051
217.53567790985107,5050
217.64760088920593,5049
217.66705513000488,5048
217.67052602767944,5047
217.698823928833,5046
217.78268694877625,5045
217.78294396400452,5044
217.86778283119202,5043
217.98752212524414,5042
218.00340700149536,5041
218.00788402557373,5040
218.03422117233276,5039
218.09863710403442,5038
218.17686986923218,5037
218.19398617744446,5036
218.2856011390686,5035
218.35964012145996,5034
218.38458800315857,5033
218.42738509178162,5032
218.50153017044067,5031
218.55774998664856,5030
218.68957209587097,5029
218.72812604904175,5028
218.93763399124146,5027
218.98369598388672,5026
219.16939115524292,5025
219.29129004478455,5024
219.29986000061035,5023
219.41795110702515,5022
219.42848205566406,5021
219.46609091758728,5020
219.86659693717957,5019
219.88003611564636,5018
220.1055769920349,5017
220.5093879699707,5016
220.814514875412,5015
220.82382798194885,5014
