0.0,621840
132.28296613693237,7635
132.29997611045837,7634
132.30564403533936,7633
132.31082916259766,7632
132.31434202194214,7631
132.3157970905304,7630
132.3273730278015,7629
132.3457851409912,7628
132.3470389842987,7627
132.37182712554932,7626
132.39370012283325,7625
132.42628002166748,7624
132.4335560798645,7623
132.43845105171204,7622
132.4581892490387,7621
132.4764220714569,7620
132.4810221195221,7619
132.5008990764618,7618
132.5394470691681,7617
132.55549812316895,7616
132.60281920433044,7615
132.60815382003784,7614
132.6250331401825,7613
132.63137006759644,7612
132.6318552494049,7611
132.64769101142883,7610
132.67940306663513,7609
132.71400618553162,7608
132.74052095413208,7607
132.74074411392212,7606
132.74357509613037,7605
132.74826908111572,7604
132.75158095359802,7603
132.81879496574402,7602
132.82424306869507,7601
132.82876801490784,7600
132.8344578742981,7599
132.83562922477722,7598
132.8744010925293,7597
132.87871599197388,7596
132.8848991394043,7595
132.89589095115662,7594
132.90387415885925,7593
132.90987014770508,7592
132.93229913711548,7591
132.94368505477905,7590
132.98633909225464,7589
132.98648715019226,7588
133.002867937088,7587
133.12520599365234,7586
133.1418480873108,7585
133.19564390182495,7584
133.22265601158142,7583
133.24019503593445,7582
133.2692151069641,7581
133.4776530265808,7580
133.6711621284485,7579
133.73109602928162,7578
133.84606504440308,7577
133.87102389335632,7576
134.0391881465912,7575
134.07357501983643,7574
134.1995289325714,7573
134.26905393600464,7572
134.28578996658325,7571
134.35926818847656,7570
134.43242406845093,7569
134.7115080356598,7568
134.87859416007996,7567
135.00033807754517,7566
135.61936116218567,7565
135.87827897071838,7564
136.2598159313202,7563
