0.0,982240
241.42977786064148,6019
241.43231797218323,6018
241.43269610404968,6017
241.4336519241333,6016
241.43455696105957,6015
241.43569588661194,6014
241.43669772148132,6013
241.43685293197632,6012
241.44215083122253,6011
241.444011926651,6010
241.44494581222534,6009
241.44510698318481,6008
241.4472918510437,6007
241.44915103912354,6006
241.4501988887787,6005
241.4508810043335,6004
241.4567470550537,6003
241.45916080474854,6002
241.4597578048706,6001
241.46054887771606,6000
241.4608278274536,5999
241.46139907836914,5998
241.46331191062927,5997
241.4635899066925,5996
241.4638500213623,5995
241.46743774414062,5994
241.4678328037262,5993
241.46862483024597,5992
241.46951985359192,5991
241.46989798545837,5990
241.47233891487122,5989
241.47302198410034,5988
241.47340083122253,5987
241.47585678100586,5986
241.47738599777222,5985
241.48033094406128,5984
241.48435401916504,5983
241.48538088798523,5982
241.48605799674988,5981
241.48654890060425,5980
241.48890686035156,5979
241.49192810058594,5978
241.49386191368103,5977
241.49734497070312,5976
241.49971389770508,5975
241.50062799453735,5974
241.50213980674744,5973
241.5046808719635,5972
241.5071370601654,5971
241.5078558921814,5970
241.50905084609985,5969
241.50943779945374,5968
241.51023387908936,5967
241.51164078712463,5966
241.51312899589539,5965
241.51339602470398,5964
241.52022504806519,5963
241.52444291114807,5962
241.52921795845032,5961
241.53084588050842,5960
241.53303599357605,5959
241.53475403785706,5958
241.53663802146912,5957
241.537104845047,5956
241.53812885284424,5955
241.53838896751404,5954
241.5404360294342,5953
241.5413110256195,5952
241.54158687591553,5951
241.54660296440125,5950
241.54967594146729,5949
241.55080604553223,5948
241.55169200897217,5947
241.5543248653412,5946
241.55606389045715,5945
241.55708074569702,5944
241.5598599910736,5943
241.56033205986023,5942
241.5619556903839,5941
241.56404399871826,5940
241.564199924469,5939
241.56617188453674,5938
241.56665086746216,5937
241.56733989715576,5936
241.56780886650085,5935
241.56807494163513,5934
241.5707609653473,5933
241.5749249458313,5932
241.5804958343506,5931
241.58138799667358,5930
241.58216500282288,5929
241.5829780101776,5928
241.58449792861938,5927
241.58810901641846,5926
241.5883767604828,5925
241.59316611289978,5924
241.59477996826172,5923
241.59556984901428,5922
241.5961410999298,5921
241.59941291809082,5920
241.5996789932251,5919
241.60047483444214,5918
241.60062170028687,5917
241.60164499282837,5916
241.60190272331238,5915
241.60508394241333,5914
241.6053488254547,5913
241.60593104362488,5912
241.6123809814453,5911
241.62156009674072,5910
241.62485790252686,5909
241.6281259059906,5908
241.62880897521973,5907
241.6296010017395,5906
241.62975692749023,5905
241.631520986557,5904
241.63689589500427,5903
241.63815093040466,5902
241.63841676712036,5901
241.63910293579102,5900
241.639466047287,5899
241.6433620452881,5898
241.64425086975098,5897
241.64440393447876,5896
241.64477276802063,5895
241.64842891693115,5894
241.65135288238525,5893
241.65182185173035,5892
241.6520960330963,5891
241.65265679359436,5890
241.65413784980774,5889
241.65588307380676,5888
241.65686988830566,5887
241.65938305854797,5886
241.66028594970703,5885
241.6622657775879,5884
241.66242289543152,5883
241.6659860610962,5882
241.66655206680298,5881
241.6721580028534,5880
241.67313885688782,5879
241.67511701583862,5878
241.67857193946838,5877
241.6795997619629,5876
241.68006873130798,5875
241.68192386627197,5874
241.68271374702454,5873
241.69625806808472,5872
241.69888591766357,5871
241.70259881019592,5870
241.706955909729,5869
241.70824599266052,5868
241.70862698554993,5867
241.7113630771637,5866
241.71182990074158,5865
241.7139070034027,5864
241.71498584747314,5863
241.7160129547119,5862
241.71668672561646,5861
241.71834588050842,5860
241.7191219329834,5859
241.72397899627686,5858
241.72476387023926,5857
241.72631788253784,5856
241.7273988723755,5855
241.7316439151764,5854
241.73210787773132,5853
241.73365783691406,5852
241.73504900932312,5851
241.73573684692383,5850
241.7372329235077,5849
241.74038290977478,5848
241.74187588691711,5847
241.74235582351685,5846
241.74251294136047,5845
241.74380683898926,5844
241.74470591545105,5843
241.74538493156433,5842
241.74564290046692,5841
241.74771881103516,5840
241.75137305259705,5839
241.75601387023926,5838
241.75729990005493,5837
241.75777578353882,5836
241.75935888290405,5835
241.76046800613403,5834
241.76072597503662,5833
241.7609989643097,5832
241.76423811912537,5831
241.76561999320984,5830
241.7676658630371,5829
241.77153396606445,5828
241.7730758190155,5827
241.7734498977661,5826
241.77435278892517,5825
241.77637195587158,5824
241.77939677238464,5823
241.77956080436707,5822
241.78445887565613,5821
241.78831267356873,5820
241.79838275909424,5819
241.80122804641724,5818
241.80276894569397,5817
241.80395698547363,5816
241.80623984336853,5815
241.80936074256897,5814
241.81037378311157,5813
241.81890201568604,5812
241.81982111930847,5811
241.82008385658264,5810
241.82116675376892,5809
241.82294988632202,5808
241.82449674606323,5807
241.8256709575653,5806
241.82646083831787,5805
241.82966709136963,5804
241.83193278312683,5803
241.83219194412231,5802
241.83491396903992,5801
241.83547687530518,5800
241.83585000038147,5799
241.84129571914673,5798
241.84156394004822,5797
241.84171295166016,5796
241.84186172485352,5795
241.84366273880005,5794
241.8469157218933,5793
241.85025572776794,5792
241.8507468700409,5791
241.85303282737732,5790
241.8542537689209,5789
241.85685873031616,5788
241.8578598499298,5787
241.8599739074707,5786
241.86045289039612,5785
241.86100673675537,5784
241.86158275604248,5783
241.86265397071838,5782
241.86408185958862,5781
241.86577105522156,5780
241.86688685417175,5779
241.86898469924927,5778
241.87330675125122,5777
241.87386798858643,5776
241.88152885437012,5775
241.88383388519287,5774
241.88643503189087,5773
241.88720202445984,5772
241.8875777721405,5771
241.88976883888245,5770
241.89217472076416,5769
241.8938159942627,5768
241.8952980041504,5767
241.89931893348694,5766
241.90009188652039,5765
241.90106391906738,5764
241.90132975578308,5763
241.90383386611938,5762
241.90409803390503,5761
241.90678882598877,5760
241.90694785118103,5759
241.90742588043213,5758
241.90954279899597,5757
241.9100170135498,5756
241.91026997566223,5755
241.91124987602234,5754
241.91171884536743,5753
241.92247200012207,5752
241.92375087738037,5751
241.93088793754578,5750
241.93217587471008,5749
241.93466806411743,5748
241.93532800674438,5747
241.93747997283936,5746
241.93874788284302,5745
241.9477698802948,5744
241.9492621421814,5743
241.95132899284363,5742
241.95380091667175,5741
241.95605993270874,5740
241.95824694633484,5739
241.96192383766174,5738
241.96299695968628,5737
241.96535301208496,5736
241.96642208099365,5735
241.97101593017578,5734
241.97269773483276,5733
241.98067092895508,5732
241.98133182525635,5731
241.9828610420227,5730
241.98606896400452,5729
241.98684692382812,5728
241.98720383644104,5727
241.99233984947205,5726
241.9963457584381,5725
241.99840378761292,5724
241.99865794181824,5723
241.99932074546814,5722
242.0011010169983,5721
242.00134706497192,5720
242.00353002548218,5719
242.00399899482727,5718
242.00572681427002,5717
242.009624004364,5716
242.01207971572876,5715
242.01407194137573,5714
242.01510977745056,5713
242.01722693443298,5712
242.02034401893616,5711
242.02253007888794,5710
242.02320384979248,5709
242.0234649181366,5708
242.02393913269043,5707
242.0318479537964,5706
242.044429063797,5705
242.0453908443451,5704
242.05090403556824,5703
242.05226802825928,5702
242.05484580993652,5701
242.0636270046234,5700
242.06756401062012,5699
242.06903195381165,5698
242.0716290473938,5697
242.07542777061462,5696
242.08101987838745,5695
242.08217978477478,5694
242.082839012146,5693
242.08553290367126,5692
242.08873796463013,5691
242.08939695358276,5690
242.09126091003418,5689
242.09181690216064,5688
242.10135889053345,5687
242.1033399105072,5686
242.10706996917725,5685
242.10782480239868,5684
242.10839700698853,5683
242.1093509197235,5682
242.1102488040924,5681
242.1117238998413,5680
242.11239385604858,5679
242.11538887023926,5678
242.1176278591156,5677
242.11838579177856,5676
242.1188609600067,5675
242.12102699279785,5674
242.12463998794556,5673
242.1273329257965,5672
242.13053107261658,5671
242.13125681877136,5670
242.13990592956543,5669
242.14018487930298,5668
242.14269375801086,5667
242.14552688598633,5666
242.147855758667,5665
242.14883589744568,5664
242.15964889526367,5663
242.16356682777405,5662
242.1663589477539,5661
242.1666178703308,5660
242.1668667793274,5659
242.16734170913696,5658
242.16760182380676,5657
242.17099380493164,5656
242.17135000228882,5655
242.17312788963318,5654
242.17560386657715,5653
242.1765797138214,5652
242.1807689666748,5651
242.1817409992218,5650
242.18199706077576,5649
242.18919491767883,5648
242.1895627975464,5647
242.19115090370178,5646
242.19473886489868,5645
242.19701886177063,5644
242.19858574867249,5643
242.1993589401245,5642
242.19992184638977,5641
242.20017099380493,5640
242.2017788887024,5639
242.20263695716858,5638
242.20290207862854,5637
242.2185800075531,5636
242.22016382217407,5635
242.22284388542175,5634
242.2234230041504,5633
242.22389388084412,5632
242.228364944458,5631
242.22962880134583,5630
242.23518109321594,5629
242.23594284057617,5628
242.23719692230225,5627
242.2378590106964,5626
242.24096989631653,5625
242.2434298992157,5624
242.2460799217224,5623
242.2467589378357,5622
242.2505238056183,5621
242.254980802536,5620
242.25704383850098,5619
242.2581069469452,5618
242.25900292396545,5617
242.26397585868835,5616
242.26443696022034,5615
242.26600074768066,5614
242.2661588191986,5613
242.27180790901184,5612
242.2728669643402,5611
242.27951288223267,5610
242.28047490119934,5609
242.28334283828735,5608
242.2858910560608,5607
242.28903889656067,5606
242.2937879562378,5605
242.29922890663147,5604
242.30120396614075,5603
242.30566883087158,5602
242.3084259033203,5601
242.31197690963745,5600
242.31832695007324,5599
242.32168793678284,5598
242.32463574409485,5597
242.32629990577698,5596
242.33033180236816,5595
242.33098602294922,5594
242.33252096176147,5593
242.33604669570923,5592
242.33630180358887,5591
242.33676290512085,5590
242.3372118473053,5589
242.33806371688843,5588
242.3402018547058,5587
242.34492683410645,5586
242.34766483306885,5585
242.35337805747986,5584
242.3549587726593,5583
242.3555178642273,5582
242.3562717437744,5581
242.35791993141174,5580
242.36082792282104,5579
242.3609800338745,5578
242.3691098690033,5577
242.37007689476013,5576
242.3716380596161,5575
242.37208700180054,5574
242.37222981452942,5573
242.3725860118866,5572
242.3741478919983,5571
242.37572503089905,5570
242.37808680534363,5569
242.3795440196991,5568
242.38367891311646,5567
242.38454508781433,5566
242.390704870224,5565
242.3922598361969,5564
242.39431881904602,5563
242.3983838558197,5562
242.40202379226685,5561
242.40377187728882,5560
242.40552401542664,5559
242.4072937965393,5558
242.40874481201172,5557
242.40939688682556,5556
242.41113090515137,5555
242.41238498687744,5554
242.4126410484314,5553
242.41422390937805,5552
242.41793298721313,5551
242.42096376419067,5550
242.4219048023224,5549
242.42565608024597,5548
242.43406796455383,5547
242.43483901023865,5546
242.44121384620667,5545
242.44413590431213,5544
242.44577407836914,5543
242.45159196853638,5542
242.45371294021606,5541
242.45457887649536,5540
242.46409392356873,5539
242.46447372436523,5538
242.46544480323792,5537
242.46589589118958,5536
242.46655893325806,5535
242.4676079750061,5534
242.47154998779297,5533
242.4732940196991,5532
242.4745490550995,5531
242.4759738445282,5530
242.479101896286,5529
242.48142004013062,5528
242.48316597938538,5527
242.48754405975342,5526
242.4879229068756,5525
242.48816990852356,5524
242.49060201644897,5523
242.49294900894165,5522
242.49644684791565,5521
242.49712085723877,5520
242.51590871810913,5519
242.52531671524048,5518
242.52894687652588,5517
242.5334620475769,5516
242.53370809555054,5515
242.54994297027588,5514
242.5526828765869,5513
242.55384969711304,5512
242.5542938709259,5511
242.55871987342834,5510
242.55886483192444,5509
242.56806182861328,5508
242.57179999351501,5507
242.57910990715027,5506
242.58231401443481,5505
242.58692407608032,5504
242.58953380584717,5503
242.5905158519745,5502
242.59245800971985,5501
242.59361290931702,5500
242.5988438129425,5499
242.60039973258972,5498
242.6018397808075,5497
242.60555601119995,5496
242.60828185081482,5495
242.6100308895111,5494
242.6128478050232,5493
242.61499190330505,5492
242.6154317855835,5491
242.61987686157227,5490
242.62937188148499,5489
242.63446497917175,5488
242.63687992095947,5487
242.6384220123291,5486
242.64143800735474,5485
242.6416997909546,5484
242.6445209980011,5483
242.64467000961304,5482
242.64709305763245,5481
242.64833784103394,5480
242.648579120636,5479
242.6542739868164,5478
242.65492987632751,5477
242.65528988838196,5476
242.66991782188416,5475
242.6712520122528,5474
242.67249298095703,5473
242.67352485656738,5472
242.67438197135925,5471
242.678081035614,5470
242.68206477165222,5469
242.68661880493164,5468
242.68984484672546,5467
242.70095801353455,5466
242.7022111415863,5465
242.7030599117279,5464
242.7038209438324,5463
242.70466876029968,5462
242.7071979045868,5461
242.71089100837708,5460
242.71223783493042,5459
242.71495294570923,5458
242.71688866615295,5457
242.7189118862152,5456
242.72250080108643,5455
242.72539687156677,5454
242.7271249294281,5453
242.72776079177856,5452
242.73420596122742,5451
242.73602199554443,5450
242.7380599975586,5449
242.7387011051178,5448
242.74159288406372,5447
242.7465500831604,5446
242.747318983078,5445
242.74747014045715,5444
242.75416707992554,5443
242.75600695610046,5442
242.76503586769104,5441
242.76785898208618,5440
242.77295207977295,5439
242.77388787269592,5438
242.7740318775177,5437
242.78143191337585,5436
242.784649848938,5435
242.7851047515869,5434
242.78545093536377,5433
242.7888638973236,5432
242.79019379615784,5431
242.79133486747742,5430
242.79148483276367,5429
242.7932949066162,5428
242.79562187194824,5427
242.81265783309937,5426
242.81612277030945,5425
242.81699585914612,5424
242.82292675971985,5423
242.82712602615356,5422
242.8290388584137,5421
242.8295018672943,5420
242.831396818161,5419
242.83363890647888,5418
242.83662104606628,5417
242.84157395362854,5416
242.85311794281006,5415
242.85740089416504,5414
242.8600037097931,5413
242.86556482315063,5412
242.86639595031738,5411
242.86705088615417,5410
242.86888694763184,5409
242.87068009376526,5408
242.87614798545837,5407
242.87809491157532,5406
242.8807978630066,5405
242.88410091400146,5404
242.89005184173584,5403
242.89444494247437,5402
242.89654994010925,5401
242.899169921875,5400
242.9069550037384,5399
242.9082989692688,5398
242.91323590278625,5397
242.9218168258667,5396
242.92595505714417,5395
242.92955088615417,5394
242.93116688728333,5393
242.93253779411316,5392
242.93579077720642,5391
242.93705296516418,5390
242.93973088264465,5389
242.94889187812805,5388
242.95540595054626,5387
242.9567608833313,5386
242.9576849937439,5385
242.95914912223816,5384
242.96458387374878,5383
242.9688949584961,5382
242.97179794311523,5381
242.97264790534973,5380
242.97621989250183,5379
242.9796280860901,5378
242.97976970672607,5377
242.98493790626526,5376
242.9851849079132,5375
242.9976670742035,5374
242.99919986724854,5373
243.0003387928009,5372
243.00059485435486,5371
243.00166702270508,5370
243.0090708732605,5369
243.009840965271,5368
243.01369380950928,5367
243.01551795005798,5366
243.01585483551025,5365
243.02140283584595,5364
243.02831387519836,5363
243.0321068763733,5362
243.0323498249054,5361
243.04189682006836,5360
243.04253578186035,5359
243.04561686515808,5358
243.04616403579712,5357
243.0538649559021,5356
243.0548050403595,5355
243.05879092216492,5354
243.06128692626953,5353
243.0668079853058,5352
243.0746669769287,5351
243.0776550769806,5350
243.08631491661072,5349
243.088045835495,5348
243.08859276771545,5347
243.08962488174438,5346
243.09308695793152,5345
243.09636688232422,5344
243.10323190689087,5343
243.10475182533264,5342
243.1079409122467,5341
243.10887694358826,5340
243.10902404785156,5339
243.10977792739868,5338
243.11129093170166,5337
243.1177999973297,5336
243.11990594863892,5335
243.1207790374756,5334
243.12711882591248,5333
243.12768387794495,5332
243.131520986557,5331
243.13275384902954,5330
243.1534309387207,5329
243.15381503105164,5328
243.16562390327454,5327
243.1730239391327,5326
243.17509293556213,5325
243.18445110321045,5324
243.1908040046692,5323
243.19280695915222,5322
243.19566679000854,5321
243.1996669769287,5320
243.2004108428955,5319
243.2029139995575,5318
243.2057909965515,5317
243.2074077129364,5316
243.2131667137146,5315
243.21966004371643,5314
243.23188090324402,5313
243.24007606506348,5312
243.24700284004211,5311
243.24841976165771,5310
243.2536120414734,5309
243.25484800338745,5308
243.25705695152283,5307
243.25798082351685,5306
243.26261496543884,5305
243.2814438343048,5304
243.299968957901,5303
243.31787586212158,5302
243.3188338279724,5301
243.3213198184967,5300
243.32893681526184,5299
243.33171200752258,5298
243.33459568023682,5297
243.34103989601135,5296
243.34943389892578,5295
243.3550899028778,5294
243.35853481292725,5293
243.3707618713379,5292
243.37304592132568,5291
243.37570881843567,5290
243.37585186958313,5289
243.37774276733398,5288
243.3781807422638,5287
243.37929797172546,5286
243.3864769935608,5285
243.3888509273529,5284
243.39892387390137,5283
243.40241193771362,5282
243.403146982193,5281
243.40494894981384,5280
243.40597081184387,5279
243.40886783599854,5278
243.41767382621765,5277
243.41937589645386,5276
243.4212610721588,5275
243.42295289039612,5274
243.43148589134216,5273
243.4370560646057,5272
243.43875408172607,5271
243.439208984375,5270
243.4433078765869,5269
243.4505159854889,5268
243.46169686317444,5267
243.47265696525574,5266
243.47562193870544,5265
243.47586488723755,5264
243.49944710731506,5263
243.50209999084473,5262
243.50736474990845,5261
243.50866198539734,5260
243.5115180015564,5259
243.5252227783203,5258
243.5287947654724,5257
243.52933406829834,5256
243.53296780586243,5255
243.54207372665405,5254
243.5658507347107,5253
243.57699584960938,5252
243.58633089065552,5251
243.59004497528076,5250
243.59467387199402,5249
243.5974259376526,5248
243.59895777702332,5247
243.60995984077454,5246
243.61760306358337,5245
243.61966371536255,5244
243.6295518875122,5243
243.63047075271606,5242
243.64881587028503,5241
243.6497368812561,5240
243.65644001960754,5239
243.65891790390015,5238
243.66061687469482,5237
243.6623978614807,5236
243.66408491134644,5235
243.67190504074097,5234
243.6755440235138,5233
243.6756899356842,5232
243.67786288261414,5231
243.68022871017456,5230
243.68982696533203,5229
243.69275379180908,5228
243.6938910484314,5227
243.70772099494934,5226
243.71232891082764,5225
243.71362471580505,5224
243.71504306793213,5223
243.72261667251587,5222
243.72913575172424,5221
243.73349285125732,5220
243.7470829486847,5219
243.74942994117737,5218
243.76030683517456,5217
243.7608368396759,5216
243.76341080665588,5215
243.7661328315735,5214
243.77107572555542,5213
243.77407789230347,5212
243.7757818698883,5211
243.78366684913635,5210
243.78451991081238,5209
243.78533291816711,5208
243.7904498577118,5207
243.79366779327393,5206
243.79935002326965,5205
243.80292391777039,5204
243.80862593650818,5203
243.81895399093628,5202
243.82332682609558,5201
243.83242082595825,5200
243.83820581436157,5199
243.85469698905945,5198
243.8674738407135,5197
243.87287402153015,5196
243.87381601333618,5195
243.8758578300476,5194
243.88012599945068,5193
243.88311767578125,5192
243.90159583091736,5191
243.9059178829193,5190
243.90903878211975,5189
243.93150186538696,5188
243.93455481529236,5187
243.93767285346985,5186
243.94183707237244,5185
243.9500470161438,5184
243.9642448425293,5183
243.96592688560486,5182
243.97228169441223,5181
243.99232387542725,5180
243.99956512451172,5179
244.00161695480347,5178
244.00292873382568,5177
244.00994682312012,5176
244.0304310321808,5175
244.03430700302124,5174
244.03466796875,5173
244.04950881004333,5172
244.05433797836304,5171
244.06994581222534,5170
244.07436394691467,5169
244.0745038986206,5168
244.0801568031311,5167
244.09331512451172,5166
244.0935800075531,5165
244.1007308959961,5164
244.10922598838806,5163
244.11347675323486,5162
244.11428570747375,5161
244.1200728416443,5160
244.137836933136,5159
244.13848185539246,5158
244.14543676376343,5157
244.14759302139282,5156
244.1479287147522,5155
244.14865684509277,5154
244.15222191810608,5153
244.15816807746887,5152
244.16087698936462,5151
244.16340613365173,5150
244.1649730205536,5149
244.16798281669617,5148
244.1908609867096,5147
244.19729685783386,5146
244.19830083847046,5145
244.20870399475098,5144
244.22059082984924,5143
244.2257227897644,5142
244.2293827533722,5141
244.25129294395447,5140
244.25144600868225,5139
244.2643940448761,5138
244.27356600761414,5137
244.2753598690033,5136
244.2893009185791,5135
244.29665899276733,5134
244.29803490638733,5133
244.30615973472595,5132
244.30697584152222,5131
244.32522892951965,5130
244.3255798816681,5129
244.37695002555847,5128
244.3984179496765,5127
244.41452598571777,5126
244.42110681533813,5125
244.4234800338745,5124
244.42410969734192,5123
244.43802499771118,5122
244.47321486473083,5121
244.48840975761414,5120
244.4949278831482,5119
244.50610208511353,5118
244.51157402992249,5117
244.51961708068848,5116
244.52356505393982,5115
244.53797674179077,5114
244.54219794273376,5113
244.5476589202881,5112
244.60605907440186,5111
244.61144709587097,5110
244.61207389831543,5109
244.61443185806274,5108
244.61687707901,5107
244.61770176887512,5106
244.62145471572876,5105
244.64461588859558,5104
244.67307686805725,5103
244.6822419166565,5102
244.6830358505249,5101
244.68766903877258,5100
244.70220494270325,5099
244.71828389167786,5098
244.74214386940002,5097
244.7856457233429,5096
244.78628087043762,5095
244.79890394210815,5094
244.8198049068451,5093
244.82683396339417,5092
244.8533570766449,5091
244.86597299575806,5090
244.88094687461853,5089
244.89667582511902,5088
244.89977383613586,5087
244.9224729537964,5086
244.93781685829163,5085
244.99611592292786,5084
245.0072979927063,5083
245.01782774925232,5082
245.02171277999878,5081
245.03462505340576,5080
245.04856872558594,5079
245.0541067123413,5078
245.07251572608948,5077
245.0740008354187,5076
245.07980585098267,5075
245.08119869232178,5074
245.08286380767822,5073
245.08936882019043,5072
245.1204319000244,5071
245.1275119781494,5070
245.13274908065796,5069
245.13470697402954,5068
245.14827704429626,5067
245.1617729663849,5066
245.19200372695923,5065
245.25741004943848,5064
245.27743887901306,5063
245.28383207321167,5062
245.30960369110107,5061
245.33459186553955,5060
245.33513498306274,5059
245.33701395988464,5058
245.3746178150177,5057
245.40227389335632,5056
245.40514206886292,5055
245.41332507133484,5054
245.42432594299316,5053
245.49499011039734,5052
245.50662183761597,5051
245.51216983795166,5050
245.55557489395142,5049
245.6051037311554,5048
245.61942505836487,5047
245.67718696594238,5046
245.6912660598755,5045
245.7769160270691,5044
245.83613395690918,5043
245.86771202087402,5042
245.90519189834595,5041
245.94095373153687,5040
245.96114897727966,5039
245.97213292121887,5038
246.00172805786133,5037
246.00395798683167,5036
246.06544470787048,5035
246.0770537853241,5034
246.10129308700562,5033
246.22198295593262,5032
246.24026584625244,5031
246.2671160697937,5030
246.31909775733948,5029
246.3250949382782,5028
246.40925002098083,5027
246.48374772071838,5026
246.51911401748657,5025
246.5255618095398,5024
246.53683590888977,5023
246.5474979877472,5022
246.60143208503723,5021
246.60555696487427,5020
246.81194186210632,5019
246.86885499954224,5018
246.92951703071594,5017
247.03705382347107,5016
247.06729793548584,5015
247.2442889213562,5014
247.31193089485168,5013
247.31258893013,5012
247.32874584197998,5011
247.3322298526764,5010
247.33516597747803,5009
247.34233593940735,5008
247.46235179901123,5007
247.63397789001465,5006
248.02551770210266,5005
248.04314184188843,5004
248.23575496673584,5003
248.3064467906952,5002
248.3778839111328,5001
248.56384205818176,5000
249.09633588790894,4999
249.1000247001648,4998
249.13060569763184,4997
249.2136549949646,4996
249.4044108390808,4995
