0.0,982240
241.07250714302063,6489
241.0730800628662,6488
241.07405591011047,6487
241.07709193229675,6486
241.07781100273132,6485
241.07807898521423,6484
241.078351020813,6483
241.08065104484558,6482
241.081041097641,6481
241.08164501190186,6480
241.08558297157288,6479
241.08642101287842,6478
241.08746910095215,6477
241.0877389907837,6476
241.08917593955994,6475
241.09210991859436,6474
241.0926058292389,6473
241.09488892555237,6472
241.09516096115112,6471
241.09597897529602,6470
241.09713888168335,6469
241.0974109172821,6468
241.09912395477295,6467
241.09990191459656,6466
241.10042214393616,6465
241.10148286819458,6464
241.10610103607178,6463
241.1070351600647,6462
241.10753512382507,6461
241.10824394226074,6460
241.10884499549866,6459
241.1091239452362,6458
241.10961890220642,6457
241.11010813713074,6456
241.11255192756653,6455
241.1128270626068,6454
241.11604189872742,6453
241.11708402633667,6452
241.11799693107605,6451
241.1183841228485,6450
241.119943857193,6449
241.12032890319824,6448
241.121356010437,6447
241.12174892425537,6446
241.1233367919922,6445
241.12372183799744,6444
241.12647485733032,6443
241.12707614898682,6442
241.12734413146973,6441
241.1280460357666,6440
241.12854504585266,6439
241.1289279460907,6438
241.1297390460968,6437
241.13033604621887,6436
241.1357729434967,6435
241.13724899291992,6434
241.1393699645996,6433
241.13997793197632,6432
241.14078307151794,6431
241.1425759792328,6430
241.14360117912292,6429
241.1497220993042,6428
241.15096282958984,6427
241.15350079536438,6426
241.15422105789185,6425
241.15525817871094,6424
241.15799188613892,6423
241.15859293937683,6422
241.1628761291504,6421
241.16541409492493,6420
241.16696190834045,6419
241.16815996170044,6418
241.169291973114,6417
241.16967916488647,6416
241.17084789276123,6415
241.17177486419678,6414
241.17302799224854,6413
241.17351913452148,6412
241.17757987976074,6411
241.17977118492126,6410
241.18603801727295,6409
241.18738985061646,6408
241.1886351108551,6407
241.18900990486145,6406
241.1893880367279,6405
241.19096112251282,6404
241.19296503067017,6403
241.1958200931549,6402
241.198410987854,6401
241.1985800266266,6400
241.19982886314392,6399
241.20021390914917,6398
241.20168805122375,6397
241.20371508598328,6396
241.20486998558044,6395
241.20524096488953,6394
241.20605301856995,6393
241.2083079814911,6392
241.2084641456604,6391
241.21517896652222,6390
241.21566796302795,6389
241.217120885849,6388
241.21815013885498,6387
241.2184271812439,6386
241.21890711784363,6385
241.21961283683777,6384
241.2198781967163,6383
241.22014689445496,6382
241.2212860584259,6381
241.22155499458313,6380
241.22236108779907,6379
241.2255778312683,6378
241.22671103477478,6377
241.2279510498047,6376
241.22833776474,6375
241.22915697097778,6374
241.23258686065674,6373
241.2334909439087,6372
241.23420095443726,6371
241.23447799682617,6370
241.23596787452698,6369
241.2365801334381,6368
241.23674321174622,6367
241.23711609840393,6366
241.23782396316528,6365
241.24101400375366,6364
241.2412929534912,6363
241.24145102500916,6362
241.24182081222534,6361
241.24220299720764,6360
241.2449882030487,6359
241.24580097198486,6358
241.2488718032837,6357
241.25184392929077,6356
241.25318384170532,6355
241.2552890777588,6354
241.25718188285828,6353
241.25833201408386,6352
241.26250219345093,6351
241.26299214363098,6350
241.2633728981018,6349
241.2665810585022,6348
241.2677218914032,6347
241.26949906349182,6346
241.2704210281372,6345
241.27068305015564,6344
241.271057844162,6343
241.27460408210754,6342
241.27855801582336,6341
241.28105282783508,6340
241.281996011734,6339
241.28335094451904,6338
241.28415894508362,6337
241.28594994544983,6336
241.28665685653687,6335
241.28735613822937,6334
241.28978300094604,6333
241.29016494750977,6332
241.290668964386,6331
241.29082798957825,6330
241.291100025177,6329
241.29126501083374,6328
241.29206800460815,6327
241.2925419807434,6326
241.2954180240631,6325
241.30231285095215,6324
241.30430579185486,6323
241.30458116531372,6322
241.30765509605408,6321
241.30824899673462,6320
241.31032490730286,6319
241.31092500686646,6318
241.31204390525818,6317
241.31632900238037,6316
241.3167109489441,6315
241.31751799583435,6314
241.3176829814911,6313
241.31784176826477,6312
241.3185257911682,6311
241.31943702697754,6310
241.31991004943848,6309
241.32007598876953,6308
241.3206639289856,6307
241.32093787193298,6306
241.32120895385742,6305
241.3218970298767,6304
241.32323813438416,6303
241.32339596748352,6302
241.32355403900146,6301
241.3253140449524,6300
241.32720685005188,6299
241.33005785942078,6298
241.3315088748932,6297
241.33328795433044,6296
241.33644580841064,6295
241.33682298660278,6294
241.337406873703,6293
241.3376739025116,6292
241.33825397491455,6291
241.3384189605713,6290
241.33879590034485,6289
241.3402349948883,6288
241.34275698661804,6287
241.34836387634277,6286
241.34906315803528,6285
241.34932899475098,6284
241.35011100769043,6283
241.35134100914001,6282
241.35469317436218,6281
241.36178708076477,6280
241.3619420528412,6279
241.36808109283447,6278
241.3732349872589,6277
241.37393617630005,6276
241.37674498558044,6275
241.37713289260864,6274
241.37814497947693,6273
241.3810830116272,6272
241.38210201263428,6271
241.38430500030518,6270
241.3866081237793,6269
241.38677406311035,6268
241.38821387290955,6267
241.3888020515442,6266
241.38948702812195,6265
241.39210104942322,6264
241.39299702644348,6263
241.3944399356842,6262
241.3946008682251,6261
241.39747405052185,6260
241.39925599098206,6259
241.40028595924377,6258
241.40261387825012,6257
241.40352416038513,6256
241.4070279598236,6255
241.40804505348206,6254
241.4084210395813,6253
241.4086890220642,6252
241.40927600860596,6251
241.41095495224,6250
241.4114589691162,6249
241.41194581985474,6248
241.41414499282837,6247
241.41454410552979,6246
241.41557097434998,6245
241.41713619232178,6244
241.4183690547943,6243
241.41952514648438,6242
241.41979002952576,6241
241.42026591300964,6240
241.42063903808594,6239
241.42272901535034,6238
241.42310690879822,6237
241.42690300941467,6236
241.42881798744202,6235
241.42951798439026,6234
241.43298292160034,6233
241.43477606773376,6232
241.43515801429749,6231
241.43692302703857,6230
241.4395809173584,6229
241.4400670528412,6228
241.4405529499054,6227
241.44110417366028,6226
241.44138288497925,6225
241.44197487831116,6224
241.44396901130676,6223
241.44435095787048,6222
241.44514894485474,6221
241.44879007339478,6220
241.449392080307,6219
241.44977402687073,6218
241.4512140750885,6217
241.45278000831604,6216
241.45524191856384,6215
241.4555208683014,6214
241.45825290679932,6213
241.45973300933838,6212
241.46075320243835,6211
241.46327996253967,6210
241.46375608444214,6209
241.46595406532288,6208
241.4665389060974,6207
241.46819186210632,6206
241.471431016922,6205
241.47274899482727,6204
241.47387313842773,6203
241.47415399551392,6202
241.47485399246216,6201
241.4791829586029,6200
241.48392295837402,6199
241.48526191711426,6198
241.48975801467896,6197
241.4899160861969,6196
241.4903998374939,6195
241.4905560016632,6194
241.49307107925415,6193
241.4933319091797,6192
241.4942488670349,6191
241.49677515029907,6190
241.49936604499817,6189
241.50200295448303,6188
241.50216603279114,6187
241.50349688529968,6186
241.50546884536743,6185
241.50649499893188,6184
241.5070869922638,6183
241.50724506378174,6182
241.50783109664917,6181
241.51300811767578,6180
241.51327896118164,6179
241.5147681236267,6178
241.5159158706665,6177
241.51737809181213,6176
241.52062582969666,6175
241.52112293243408,6174
241.52343010902405,6173
241.53078508377075,6172
241.5317199230194,6171
241.53231191635132,6170
241.5350477695465,6169
241.5374047756195,6168
241.53768587112427,6167
241.53944182395935,6166
241.54066610336304,6165
241.54273509979248,6164
241.54374384880066,6163
241.54486083984375,6162
241.54513096809387,6161
241.5462510585785,6160
241.54887008666992,6159
241.55139303207397,6158
241.5524079799652,6157
241.55555081367493,6156
241.5578510761261,6155
241.56001996994019,6154
241.56060886383057,6153
241.5610899925232,6152
241.5613570213318,6151
241.5624659061432,6150
241.56294703483582,6149
241.56490802764893,6148
241.56506323814392,6147
241.56607103347778,6146
241.566565990448,6145
241.56935501098633,6144
241.56962513923645,6143
241.57074189186096,6142
241.57124304771423,6141
241.57310795783997,6140
241.57353115081787,6139
241.5802149772644,6138
241.58049297332764,6137
241.58172011375427,6136
241.58294010162354,6135
241.58332109451294,6134
241.58775901794434,6133
241.5886631011963,6132
241.58945107460022,6131
241.5908899307251,6130
241.59401893615723,6129
241.59588193893433,6128
241.59615302085876,6127
241.5970540046692,6126
241.59721279144287,6125
241.59821796417236,6124
241.5992271900177,6123
241.60601806640625,6122
241.6102089881897,6121
241.61258006095886,6120
241.6142749786377,6119
241.61646103858948,6118
241.61704802513123,6117
241.6209168434143,6116
241.62256693840027,6115
241.6236789226532,6114
241.623841047287,6113
241.62421083450317,6112
241.62651300430298,6111
241.6281599998474,6110
241.62874698638916,6109
241.62923383712769,6108
241.62981295585632,6107
241.63274002075195,6106
241.63490295410156,6105
241.63527607917786,6104
241.63606595993042,6103
241.63653707504272,6102
241.63869905471802,6101
241.6401331424713,6100
241.64409112930298,6099
241.64573788642883,6098
241.648334980011,6097
241.6495521068573,6096
241.65002393722534,6095
241.65209102630615,6094
241.6523518562317,6093
241.65398597717285,6092
241.65457606315613,6091
241.65760612487793,6090
241.65893507003784,6089
241.66388988494873,6088
241.67148685455322,6087
241.6725959777832,6086
241.67371487617493,6085
241.67549419403076,6084
241.67682600021362,6083
241.67848896980286,6082
241.67865109443665,6081
241.67880487442017,6080
241.68065786361694,6079
241.68252301216125,6078
241.683100938797,6077
241.6834738254547,6076
241.68596601486206,6075
241.68612098693848,6074
241.6879768371582,6073
241.68972992897034,6072
241.69051790237427,6071
241.69088983535767,6070
241.69157910346985,6069
241.6972541809082,6068
241.6989119052887,6067
241.70022797584534,6066
241.70091199874878,6065
241.70201897621155,6064
241.7030210494995,6063
241.70402884483337,6062
241.70679712295532,6061
241.7090139389038,6060
241.71168088912964,6059
241.71248197555542,6058
241.71411299705505,6057
241.7199580669403,6056
241.72054505348206,6055
241.7208068370819,6054
241.7227771282196,6053
241.72419500350952,6052
241.72465991973877,6051
241.72524309158325,6050
241.72635197639465,6049
241.72672510147095,6048
241.72844195365906,6047
241.72861409187317,6046
241.73185777664185,6045
241.7353048324585,6044
241.73578095436096,6043
241.73625111579895,6042
241.73727202415466,6041
241.73827695846558,6040
241.73948907852173,6039
241.73985981941223,6038
241.74108409881592,6037
241.74124789237976,6036
241.74150896072388,6035
241.74399781227112,6034
241.7458999156952,6033
241.74638295173645,6032
241.74695897102356,6031
241.74839282035828,6030
241.75130581855774,6029
241.754949092865,6028
241.75521779060364,6027
241.7579960823059,6026
241.76046419143677,6025
241.7614710330963,6024
241.76288986206055,6023
241.76598691940308,6022
241.76635694503784,6021
241.76703095436096,6020
241.7676100730896,6019
241.76903295516968,6018
241.77248406410217,6017
241.77337002754211,6016
241.77416491508484,6015
241.77897000312805,6014
241.7794439792633,6013
241.78274393081665,6012
241.78395199775696,6011
241.7894549369812,6010
241.79002594947815,6009
241.792494058609,6008
241.79380702972412,6007
241.79932498931885,6006
241.80065894126892,6005
241.8031349182129,6004
241.80382204055786,6003
241.80618500709534,6002
241.80644917488098,6001
241.8093318939209,6000
241.8113009929657,5999
241.8122889995575,5998
241.81297516822815,5997
241.8134479522705,5996
241.8149769306183,5995
241.8156578540802,5994
241.81644797325134,5993
241.81764912605286,5992
241.81896901130676,5991
241.82008385658264,5990
241.82756304740906,5989
241.8366289138794,5988
241.83960914611816,5987
241.84386801719666,5986
241.84423804283142,5985
241.84449791908264,5984
241.8456859588623,5983
241.84752988815308,5982
241.84915900230408,5981
241.85092902183533,5980
241.85413813591003,5979
241.85691905021667,5978
241.85730290412903,5977
241.85960388183594,5976
241.86102604866028,5975
241.8621108531952,5974
241.86227917671204,5973
241.86444997787476,5972
241.86651492118835,5971
241.86677289009094,5970
241.86829590797424,5969
241.8686661720276,5968
241.86892318725586,5967
241.87181305885315,5966
241.8729269504547,5965
241.87351608276367,5964
241.87505888938904,5963
241.87565898895264,5962
241.8760209083557,5961
241.88062405586243,5960
241.8853349685669,5959
241.89088702201843,5958
241.89104413986206,5957
241.89172911643982,5956
241.89367294311523,5955
241.89413905143738,5954
241.8948211669922,5953
241.89730715751648,5952
241.89767813682556,5951
241.89825296401978,5950
241.89882707595825,5949
241.90204000473022,5948
241.90293407440186,5947
241.90571904182434,5946
241.9109330177307,5945
241.91510200500488,5944
241.91653299331665,5943
241.9177258014679,5942
241.9201819896698,5941
241.92305994033813,5940
241.9233260154724,5939
241.92650699615479,5938
241.92719411849976,5937
241.92776894569397,5936
241.92823600769043,5935
241.929025888443,5934
241.9303469657898,5933
241.933100938797,5932
241.93461394309998,5931
241.93518090248108,5930
241.9371109008789,5929
241.93789100646973,5928
241.9390959739685,5927
241.93968415260315,5926
241.94558095932007,5925
241.94704508781433,5924
241.94877314567566,5923
241.94987392425537,5922
241.95400595664978,5921
241.95560121536255,5920
241.95672392845154,5919
241.95846009254456,5918
241.95966577529907,5917
241.96642398834229,5916
241.96762704849243,5915
241.9701669216156,5914
241.97053480148315,5913
241.97184705734253,5912
241.97242212295532,5911
241.97779083251953,5910
241.97827887535095,5909
241.97917008399963,5908
241.97953605651855,5907
241.98388409614563,5906
241.98559403419495,5905
241.986065864563,5904
241.98664903640747,5903
241.9871129989624,5902
241.98799514770508,5901
241.99112105369568,5900
241.99671697616577,5899
242.00009489059448,5898
242.00205397605896,5897
242.0051519870758,5896
242.01115584373474,5895
242.01194095611572,5894
242.0124180316925,5893
242.0131950378418,5892
242.01409196853638,5891
242.0154538154602,5890
242.0163540840149,5889
242.01661896705627,5888
242.02258610725403,5887
242.0283019542694,5886
242.03209495544434,5885
242.0325858592987,5884
242.03399181365967,5883
242.03551292419434,5882
242.0383710861206,5881
242.03936195373535,5880
242.0430610179901,5879
242.0444619655609,5878
242.04565501213074,5877
242.04705095291138,5876
242.04730796813965,5875
242.05014085769653,5874
242.05060505867004,5873
242.05614304542542,5872
242.0580449104309,5871
242.05872416496277,5870
242.0602149963379,5869
242.06046891212463,5868
242.06062197685242,5867
242.0612919330597,5866
242.06281685829163,5865
242.06808710098267,5864
242.06847190856934,5863
242.06935381889343,5862
242.06950402259827,5861
242.0715057849884,5860
242.07198691368103,5859
242.07452702522278,5858
242.07544016838074,5857
242.07676005363464,5856
242.07806396484375,5855
242.08241891860962,5854
242.08716297149658,5853
242.08794808387756,5852
242.09100484848022,5851
242.0961480140686,5850
242.09640288352966,5849
242.09676694869995,5848
242.09713292121887,5847
242.09986805915833,5846
242.10147881507874,5845
242.10350513458252,5844
242.1051139831543,5843
242.1057789325714,5842
242.10720777511597,5841
242.1099729537964,5840
242.11313605308533,5839
242.1205768585205,5838
242.123633146286,5837
242.12668681144714,5836
242.1278738975525,5835
242.1290590763092,5834
242.13003993034363,5833
242.1429409980774,5832
242.14374899864197,5831
242.14449882507324,5830
242.14537119865417,5829
242.14799404144287,5828
242.15219712257385,5827
242.1576030254364,5826
242.15822505950928,5825
242.15872192382812,5824
242.15934205055237,5823
242.16062211990356,5822
242.16112899780273,5821
242.16764998435974,5820
242.1679458618164,5819
242.17115688323975,5818
242.1778621673584,5817
242.18300485610962,5816
242.18369507789612,5815
242.184818983078,5814
242.18581914901733,5813
242.1864140033722,5812
242.18667602539062,5811
242.1870560646057,5810
242.18765091896057,5809
242.19098210334778,5808
242.1920928955078,5807
242.1934142112732,5806
242.19620084762573,5805
242.19699597358704,5804
242.19928812980652,5803
242.19945216178894,5802
242.20157194137573,5801
242.20248699188232,5800
242.204017162323,5799
242.20626497268677,5798
242.20976614952087,5797
242.2099289894104,5796
242.21340703964233,5795
242.21534299850464,5794
242.2159240245819,5793
242.21607494354248,5792
242.21666193008423,5791
242.21691799163818,5790
242.21812987327576,5789
242.22016501426697,5788
242.22335505485535,5787
242.2254819869995,5786
242.226704120636,5785
242.22685885429382,5784
242.23169207572937,5783
242.23406100273132,5782
242.239501953125,5781
242.24470400810242,5780
242.24602890014648,5779
242.24702310562134,5778
242.24855709075928,5777
242.25146317481995,5776
242.2521550655365,5775
242.25251293182373,5774
242.25393199920654,5773
242.25533890724182,5772
242.2614688873291,5771
242.2617211341858,5770
242.26296019554138,5769
242.26778483390808,5768
242.26900601387024,5767
242.27040004730225,5766
242.27078199386597,5765
242.2782781124115,5764
242.27978205680847,5763
242.2805790901184,5762
242.28505206108093,5761
242.28616189956665,5760
242.28807020187378,5759
242.2885479927063,5758
242.28880620002747,5757
242.28981709480286,5756
242.2901849746704,5755
242.29033493995667,5754
242.2966718673706,5753
242.3012819290161,5752
242.30248594284058,5751
242.30398201942444,5750
242.30931997299194,5749
242.31316614151,5748
242.3136649131775,5747
242.31659197807312,5746
242.32115983963013,5745
242.32192516326904,5744
242.32312488555908,5743
242.32552695274353,5742
242.32692503929138,5741
242.32830691337585,5740
242.330748796463,5739
242.33212900161743,5738
242.33250188827515,5737
242.3340311050415,5736
242.33573389053345,5735
242.33724308013916,5734
242.33810806274414,5733
242.33919501304626,5732
242.34364700317383,5731
242.3454508781433,5730
242.34734416007996,5729
242.34761595726013,5728
242.35562205314636,5727
242.3566131591797,5726
242.3579080104828,5725
242.35805988311768,5724
242.3595907688141,5723
242.36328387260437,5722
242.3635561466217,5721
242.36540007591248,5720
242.36617588996887,5719
242.36715602874756,5718
242.36834287643433,5717
242.36922097206116,5716
242.36948084831238,5715
242.3716700077057,5714
242.37368488311768,5713
242.3762400150299,5712
242.37763714790344,5711
242.37791395187378,5710
242.38030576705933,5709
242.3837549686432,5708
242.3849709033966,5707
242.38811588287354,5706
242.38950896263123,5705
242.39355993270874,5704
242.3942470550537,5703
242.3947241306305,5702
242.39582896232605,5701
242.39629888534546,5700
242.3965528011322,5699
242.40072107315063,5698
242.4017050266266,5697
242.40442323684692,5696
242.40580987930298,5695
242.4069938659668,5694
242.40745997428894,5693
242.40823698043823,5692
242.41136193275452,5691
242.41387796401978,5690
242.41709804534912,5689
242.41725301742554,5688
242.42513394355774,5687
242.43474197387695,5686
242.43666100502014,5685
242.44224190711975,5684
242.44589591026306,5683
242.4469759464264,5682
242.447851896286,5681
242.4483139514923,5680
242.44908785820007,5679
242.44945311546326,5678
242.44970798492432,5677
242.4507040977478,5676
242.4523901939392,5675
242.4557089805603,5674
242.45758509635925,5673
242.45805597305298,5672
242.46210193634033,5671
242.46803188323975,5670
242.46981287002563,5669
242.47039413452148,5668
242.4724040031433,5667
242.4730830192566,5666
242.4783320426941,5665
242.48432302474976,5664
242.48528695106506,5663
242.48555493354797,5662
242.48590803146362,5661
242.48780584335327,5660
242.4888949394226,5659
242.49619507789612,5658
242.4980001449585,5657
242.49977898597717,5656
242.5070469379425,5655
242.508935213089,5654
242.51453495025635,5653
242.51744103431702,5652
242.51852989196777,5651
242.51939606666565,5650
242.5203800201416,5649
242.52237582206726,5648
242.5262529850006,5647
242.52692198753357,5646
242.53161001205444,5645
242.53329992294312,5644
242.53724217414856,5643
242.53779911994934,5642
242.5384979248047,5641
242.54090118408203,5640
242.54158091545105,5639
242.5444700717926,5638
242.5449459552765,5637
242.54560208320618,5636
242.54992604255676,5635
242.55017590522766,5634
242.553729057312,5633
242.55915117263794,5632
242.56060481071472,5631
242.56229186058044,5630
242.5638871192932,5629
242.56576800346375,5628
242.5674479007721,5627
242.5690200328827,5626
242.56979084014893,5625
242.56994891166687,5624
242.58164978027344,5623
242.58180975914001,5622
242.58451390266418,5621
242.58476996421814,5620
242.591463804245,5619
242.5924470424652,5618
242.59281992912292,5617
242.6003167629242,5616
242.6029098033905,5615
242.6035828590393,5614
242.60454487800598,5613
242.60894513130188,5612
242.61175084114075,5611
242.61252093315125,5610
242.6142897605896,5609
242.61485505104065,5608
242.61723113059998,5607
242.61850309371948,5606
242.6186580657959,5605
242.62386393547058,5604
242.62442898750305,5603
242.627112865448,5602
242.62736797332764,5601
242.62855195999146,5600
242.63123607635498,5599
242.63170409202576,5598
242.63387393951416,5597
242.6342477798462,5596
242.63609099388123,5595
242.63867688179016,5594
242.64217495918274,5593
242.6499059200287,5592
242.65015292167664,5591
242.65114307403564,5590
242.65616512298584,5589
242.65683817863464,5588
242.65799117088318,5587
242.66200709342957,5586
242.66275715827942,5585
242.66556596755981,5584
242.67025303840637,5583
242.67193603515625,5582
242.6782488822937,5581
242.68386816978455,5580
242.6849331855774,5579
242.68550491333008,5578
242.68857216835022,5577
242.692156791687,5576
242.69582295417786,5575
242.6994171142578,5574
242.70006918907166,5573
242.7042589187622,5572
242.70500802993774,5571
242.71272802352905,5570
242.71570301055908,5569
242.7245409488678,5568
242.7275698184967,5567
242.72805500030518,5566
242.7291169166565,5565
242.7307162284851,5564
242.73116421699524,5563
242.73376893997192,5562
242.73584985733032,5561
242.7394528388977,5560
242.74444699287415,5559
242.7476499080658,5558
242.74821090698242,5557
242.75444507598877,5556
242.7549159526825,5555
242.75569891929626,5554
242.76025700569153,5553
242.7623348236084,5552
242.76319003105164,5551
242.76638102531433,5550
242.76724100112915,5549
242.76941800117493,5548
242.77087688446045,5547
242.77404499053955,5546
242.77509903907776,5545
242.77987098693848,5544
242.78144884109497,5543
242.78535914421082,5542
242.78580594062805,5541
242.78978610038757,5540
242.79065108299255,5539
242.80094408988953,5538
242.80180096626282,5537
242.80369186401367,5536
242.8054440021515,5535
242.81092500686646,5534
242.81227493286133,5533
242.81325888633728,5532
242.8143229484558,5531
242.81824898719788,5530
242.81849908828735,5529
242.81917214393616,5528
242.8193199634552,5527
242.82387804985046,5526
242.82734894752502,5525
242.8377468585968,5524
242.83890891075134,5523
242.83937191963196,5522
242.84446692466736,5521
242.8447139263153,5520
242.85851907730103,5519
242.85898399353027,5518
242.86347794532776,5517
242.86663603782654,5516
242.8716311454773,5515
242.87510299682617,5514
242.8791389465332,5513
242.88019609451294,5512
242.88066983222961,5511
242.8811230659485,5510
242.88651990890503,5509
242.88917303085327,5508
242.8918650150299,5507
242.89553880691528,5506
242.89662098884583,5505
242.89858102798462,5504
242.90124583244324,5503
242.90210103988647,5502
242.9036729335785,5501
242.90701699256897,5500
242.90748476982117,5499
242.91472697257996,5498
242.91854786872864,5497
242.92068696022034,5496
242.92356300354004,5495
242.92380690574646,5494
242.9288079738617,5493
242.9296760559082,5492
242.93145394325256,5491
242.9331090450287,5490
242.93577098846436,5489
242.9359211921692,5488
242.93618822097778,5487
242.93763184547424,5486
242.94076490402222,5485
242.94103002548218,5484
242.942312002182,5483
242.9446918964386,5482
242.9455599784851,5481
242.94581604003906,5480
242.94775080680847,5479
242.94790291786194,5478
242.95470094680786,5477
242.95595788955688,5476
242.95721220970154,5475
242.96089482307434,5474
242.9691560268402,5473
242.97442889213562,5472
242.97599506378174,5471
242.9781460762024,5470
242.9789400100708,5469
242.97959399223328,5468
242.9818570613861,5467
242.99161911010742,5466
242.993910074234,5465
243.0039689540863,5464
243.0053460597992,5463
243.00549697875977,5462
243.0166461467743,5461
243.01721692085266,5460
243.01747918128967,5459
243.01940393447876,5458
243.02105498313904,5457
243.02394485473633,5456
243.02791285514832,5455
243.0300898551941,5454
243.04307508468628,5453
243.04356980323792,5452
243.04372191429138,5451
243.04881715774536,5450
243.04956889152527,5449
243.05162906646729,5448
243.0519859790802,5447
243.05434203147888,5446
243.0547959804535,5445
243.05703711509705,5444
243.06434082984924,5443
243.06490802764893,5442
243.06716990470886,5441
243.0679268836975,5440
243.0737111568451,5439
243.07468700408936,5438
243.0759470462799,5437
243.0767159461975,5436
243.0786738395691,5435
243.07953310012817,5434
243.07998204231262,5433
243.08292508125305,5432
243.08397579193115,5431
243.0879189968109,5430
243.08876585960388,5429
243.09787011146545,5428
243.09812593460083,5427
243.11106395721436,5426
243.12465000152588,5425
243.12531900405884,5424
243.12912607192993,5423
243.13210201263428,5422
243.1331582069397,5421
243.1391899585724,5420
243.13985085487366,5419
243.1408188343048,5418
243.14723300933838,5417
243.15270900726318,5416
243.15663504600525,5415
243.15688705444336,5414
243.15725588798523,5413
243.17114996910095,5412
243.17538595199585,5411
243.17877507209778,5410
243.1807370185852,5409
243.18338084220886,5408
243.18483901023865,5407
243.1862919330597,5406
243.18737196922302,5405
243.18991684913635,5404
243.20086288452148,5403
243.20112895965576,5402
243.2032561302185,5401
243.21005010604858,5400
243.2125039100647,5399
243.21334505081177,5398
243.21795296669006,5397
243.22145700454712,5396
243.22369503974915,5395
243.2319610118866,5394
243.24290299415588,5393
243.24414205551147,5392
243.24848103523254,5391
243.25021481513977,5390
243.25511693954468,5389
243.25825095176697,5388
243.25976705551147,5387
243.26461100578308,5386
243.27224588394165,5385
243.27437782287598,5384
243.27613592147827,5383
243.2792890071869,5382
243.28555393218994,5381
243.28679704666138,5380
243.28706097602844,5379
243.28834295272827,5378
243.28900909423828,5377
243.29197096824646,5376
243.29422307014465,5375
243.29527711868286,5374
243.29701900482178,5373
243.3007469177246,5372
243.30298113822937,5371
243.30970907211304,5370
243.31046199798584,5369
243.3126130104065,5368
243.3133680820465,5367
243.3163058757782,5366
243.3170521259308,5365
243.3262231349945,5364
243.32637906074524,5363
243.33157086372375,5362
243.3395278453827,5361
243.34235215187073,5360
243.34358286857605,5359
243.34728693962097,5358
243.35868215560913,5357
243.35882687568665,5356
243.3851261138916,5355
243.38864517211914,5354
243.39620900154114,5353
243.412770986557,5352
243.41561007499695,5351
243.41596484184265,5350
243.42252492904663,5349
243.42405796051025,5348
243.42430210113525,5347
243.4332389831543,5346
243.4404239654541,5345
243.44455814361572,5344
243.44681215286255,5343
243.44717693328857,5342
243.44854998588562,5341
243.45110392570496,5340
243.45246005058289,5339
243.45942187309265,5338
243.46008896827698,5337
243.4628050327301,5336
243.46455001831055,5335
243.46550393104553,5334
243.46746110916138,5333
243.48913192749023,5332
243.49314403533936,5331
243.49329209327698,5330
243.50003814697266,5329
243.50189805030823,5328
243.50344896316528,5327
243.51923394203186,5326
243.52693796157837,5325
243.53116989135742,5324
243.53223180770874,5323
243.53238010406494,5322
243.533362865448,5321
243.53412508964539,5320
243.53856992721558,5319
243.54010486602783,5318
243.54274201393127,5317
243.54347705841064,5316
243.54602789878845,5315
243.5530080795288,5314
243.55595302581787,5313
243.56037497520447,5312
243.56952381134033,5311
243.58880996704102,5310
243.59084796905518,5309
243.59406399726868,5308
243.59651613235474,5307
243.59950518608093,5306
243.6034128665924,5305
243.6065011024475,5304
243.62218499183655,5303
243.6250720024109,5302
243.62993001937866,5301
243.63342785835266,5300
243.63409304618835,5299
243.6362018585205,5298
243.63913297653198,5297
243.6410529613495,5296
243.64171600341797,5295
243.64554286003113,5294
243.6467010974884,5293
243.64910411834717,5292
243.6497609615326,5291
243.65862917900085,5290
243.66408109664917,5289
243.6649091243744,5288
243.66538000106812,5287
243.68745279312134,5286
243.69210481643677,5285
243.6980800628662,5284
243.7029230594635,5283
243.70375800132751,5282
243.70596194267273,5281
243.7114269733429,5280
243.72074389457703,5279
243.72146821022034,5278
243.72539114952087,5277
243.7260148525238,5276
243.7307209968567,5275
243.7421419620514,5274
243.74927616119385,5273
243.75069999694824,5272
243.7550549507141,5271
243.76382398605347,5270
243.7649688720703,5269
243.76608300209045,5268
243.78048610687256,5267
243.78103280067444,5266
243.78735995292664,5265
243.7909390926361,5264
243.7949459552765,5263
243.79567790031433,5262
243.80103302001953,5261
243.80196714401245,5260
243.81481003761292,5259
243.81653714179993,5258
243.81926703453064,5257
243.8261821269989,5256
243.82665276527405,5255
243.8336250782013,5254
243.83555102348328,5253
243.8421130180359,5252
243.84501194953918,5251
243.85111689567566,5250
243.85539984703064,5249
243.85603308677673,5248
243.87309885025024,5247
243.87871503829956,5246
243.88115286827087,5245
243.88529300689697,5244
243.88965797424316,5243
243.88989996910095,5242
243.89209914207458,5241
243.89604592323303,5240
243.90389704704285,5239
243.9080491065979,5238
243.9110460281372,5237
243.91382813453674,5236
243.91996216773987,5235
243.924889087677,5234
243.92516994476318,5233
243.92958092689514,5232
243.93277406692505,5231
243.9521131515503,5230
243.96096301078796,5229
243.96417880058289,5228
243.96637797355652,5227
243.97149205207825,5226
243.98689699172974,5225
243.98852920532227,5224
243.98975205421448,5223
244.0129690170288,5222
244.01830196380615,5221
244.0270960330963,5220
244.0334460735321,5219
244.04551911354065,5218
244.0489661693573,5217
244.05234813690186,5216
244.05337285995483,5215
244.06033778190613,5214
244.06089210510254,5213
244.06490898132324,5212
244.07936310768127,5211
244.09590601921082,5210
244.10064005851746,5209
244.1212878227234,5208
244.12528204917908,5207
244.1267168521881,5206
244.13107085227966,5205
244.14395689964294,5204
244.14791798591614,5203
244.16182398796082,5202
244.1670389175415,5201
244.1684889793396,5200
244.1717438697815,5199
244.17821216583252,5198
244.20140099525452,5197
244.2083351612091,5196
244.2176010608673,5195
244.22459387779236,5194
244.23754286766052,5193
244.2389669418335,5192
244.23953104019165,5191
244.2421932220459,5190
244.24736189842224,5189
244.24779319763184,5188
244.25340580940247,5187
244.26322984695435,5186
244.26770877838135,5185
244.2759759426117,5184
244.27720403671265,5183
244.28024196624756,5182
244.29203915596008,5181
244.29687809944153,5180
244.320228099823,5179
244.3255250453949,5178
244.33531379699707,5177
244.34245610237122,5176
244.34856796264648,5175
244.35243391990662,5174
244.3614740371704,5173
244.3720281124115,5172
244.37551617622375,5171
244.37643790245056,5170
244.37726402282715,5169
244.37912702560425,5168
244.38119101524353,5167
244.39074301719666,5166
244.39378190040588,5165
244.399729013443,5164
244.4002890586853,5163
244.40362906455994,5162
244.41413402557373,5161
244.41580200195312,5160
244.41873407363892,5159
244.42315316200256,5158
244.43175101280212,5157
244.4421570301056,5156
244.44433999061584,5155
244.44638800621033,5154
244.45872402191162,5153
244.49842810630798,5152
244.50508785247803,5151
244.5154948234558,5150
244.51662516593933,5149
244.51915097236633,5148
244.52264285087585,5147
244.52278304100037,5146
244.56287622451782,5145
244.57353687286377,5144
244.59703302383423,5143
244.59880900382996,5142
244.60096883773804,5141
244.61593294143677,5140
244.61684799194336,5139
244.6293008327484,5138
244.64117813110352,5137
244.64496088027954,5136
244.64996194839478,5135
244.65729999542236,5134
244.66271305084229,5133
244.66637587547302,5132
244.67488312721252,5131
244.67684197425842,5130
244.6967740058899,5129
244.71309685707092,5128
244.71803903579712,5127
244.7185881137848,5126
244.71912121772766,5125
244.72079396247864,5124
244.72579288482666,5123
244.74159502983093,5122
244.75123405456543,5121
244.7521469593048,5120
244.75519680976868,5119
244.7607080936432,5118
244.7637209892273,5117
244.77918314933777,5116
244.7852349281311,5115
244.78849983215332,5114
244.79223704338074,5113
244.80432796478271,5112
244.8243498802185,5111
244.831876039505,5110
244.8562638759613,5109
244.89460802078247,5108
244.90173316001892,5107
244.90464901924133,5106
244.96205401420593,5105
244.9839379787445,5104
244.9877450466156,5103
245.01211380958557,5102
245.0308699607849,5101
245.03915691375732,5100
245.0440628528595,5099
245.0459339618683,5098
245.05072784423828,5097
245.05391192436218,5096
245.07436990737915,5095
245.0774598121643,5094
245.08320713043213,5093
245.10284304618835,5092
245.10706996917725,5091
245.1308741569519,5090
245.13663005828857,5089
245.1377468109131,5088
245.13934206962585,5087
245.15684294700623,5086
245.16390013694763,5085
245.17749190330505,5084
245.2094531059265,5083
245.2111439704895,5082
245.22612595558167,5081
245.25240015983582,5080
245.27447485923767,5079
245.27586102485657,5078
245.29004788398743,5077
245.2973711490631,5076
245.29989504814148,5075
245.31143403053284,5074
245.33756113052368,5073
245.35494899749756,5072
245.36798095703125,5071
245.4139759540558,5070
245.41961216926575,5069
245.43078184127808,5068
245.43718600273132,5067
245.44772386550903,5066
245.47110080718994,5065
245.4756977558136,5064
245.5085051059723,5063
245.54547715187073,5062
245.5475630760193,5061
245.56267786026,5060
245.58179998397827,5059
245.61417698860168,5058
245.6220579147339,5057
245.62911295890808,5056
245.6298291683197,5055
245.639151096344,5054
245.66311502456665,5053
245.68795895576477,5052
245.7119119167328,5051
245.71775197982788,5050
245.7322118282318,5049
245.7400200366974,5048
245.75373578071594,5047
245.76446795463562,5046
245.7875418663025,5045
245.82094597816467,5044
245.8983211517334,5043
245.89999890327454,5042
245.9122929573059,5041
245.91963386535645,5040
245.9267120361328,5039
245.93091893196106,5038
245.95332980155945,5037
245.9981460571289,5036
246.04019904136658,5035
246.04035878181458,5034
246.04625797271729,5033
246.10874891281128,5032
246.15082097053528,5031
246.15662002563477,5030
246.15988087654114,5029
246.17780184745789,5028
246.30655694007874,5027
246.3157181739807,5026
246.34756302833557,5025
246.36014008522034,5024
246.36816310882568,5023
246.36946606636047,5022
246.40287518501282,5021
246.40633296966553,5020
246.4185230731964,5019
246.42994093894958,5018
246.47844910621643,5017
246.4803068637848,5016
246.53778505325317,5015
246.58166003227234,5014
246.60952496528625,5013
246.63762402534485,5012
246.65271997451782,5011
246.66714310646057,5010
246.7084231376648,5009
246.78805708885193,5008
246.8560869693756,5007
246.9896240234375,5006
247.01585721969604,5005
247.03737115859985,5004
247.0529887676239,5003
247.07420587539673,5002
247.16761016845703,5001
247.17057514190674,5000
247.20768094062805,4999
247.29696893692017,4998
247.33739805221558,4997
247.40526509284973,4996
247.5000319480896,4995
247.5463809967041,4994
247.92935800552368,4993
248.25044703483582,4992
248.25751399993896,4991
248.25946307182312,4990
248.2841489315033,4989
248.35770320892334,4988
248.68623614311218,4987
248.8297529220581,4986
248.87746715545654,4985
248.9776840209961,4984
248.97904682159424,4983
249.04664397239685,4982
249.29299306869507,4981
249.70391011238098,4980
