0.0,982240
245.54801392555237,5329
245.55138993263245,5328
245.55477809906006,5327
245.55721402168274,5326
245.55899691581726,5325
245.56335401535034,5324
245.56791400909424,5323
245.57226705551147,5322
245.58165287971497,5321
245.60062885284424,5320
245.60885906219482,5319
245.6121120452881,5318
245.6152069568634,5317
245.61851286888123,5316
245.6194269657135,5315
245.62083196640015,5314
245.62452697753906,5313
245.62550973892212,5312
245.63155698776245,5311
245.63385486602783,5310
245.63451385498047,5309
245.6360058784485,5308
245.63988995552063,5307
245.64037895202637,5306
245.64630699157715,5305
245.6469020843506,5304
245.64725708961487,5303
245.6477348804474,5302
245.64798402786255,5301
245.6549780368805,5300
245.65524101257324,5299
245.67665600776672,5298
245.68330693244934,5297
245.68460488319397,5296
245.68616485595703,5295
245.68846678733826,5294
245.6922309398651,5293
245.69413709640503,5292
245.69549894332886,5291
245.69759488105774,5290
245.7025830745697,5289
245.70711088180542,5288
245.71190094947815,5287
245.71460700035095,5286
245.72329998016357,5285
245.72388100624084,5284
245.72685313224792,5283
245.73411393165588,5282
245.75385093688965,5281
245.76699995994568,5280
245.78572487831116,5279
245.7869529724121,5278
245.7884259223938,5277
245.80684113502502,5276
245.80820894241333,5275
245.81597590446472,5274
245.81733798980713,5273
245.83047914505005,5272
245.83264994621277,5271
245.8384928703308,5270
245.8408579826355,5269
245.8417468070984,5268
245.8477029800415,5267
245.84818506240845,5266
245.84923911094666,5265
245.86298489570618,5264
245.8685109615326,5263
245.88744807243347,5262
245.88941597938538,5261
245.8942677974701,5260
245.8956379890442,5259
245.89591813087463,5258
245.90538907051086,5257
245.9117088317871,5256
245.9169659614563,5255
245.92397904396057,5254
245.92641305923462,5253
245.92884993553162,5252
245.93451380729675,5251
245.93507289886475,5250
245.93747401237488,5249
245.94064903259277,5248
245.94444489479065,5247
245.94896507263184,5246
245.95515203475952,5245
245.95732879638672,5244
245.96253299713135,5243
245.9644091129303,5242
245.96600604057312,5241
245.96716785430908,5240
245.97448086738586,5239
245.97944903373718,5238
245.98165202140808,5237
245.9906449317932,5236
245.9917230606079,5235
245.99227499961853,5234
245.99395775794983,5233
245.99571299552917,5232
246.00132989883423,5231
246.01099705696106,5230
246.01259207725525,5229
246.01957893371582,5228
246.02213287353516,5227
246.03627490997314,5226
246.0391969680786,5225
246.0442008972168,5224
246.04529404640198,5223
246.0491487979889,5222
246.05044507980347,5221
246.05163478851318,5220
246.0522689819336,5219
246.05375576019287,5218
246.05911087989807,5217
246.06305503845215,5216
246.06512308120728,5215
246.0696268081665,5214
246.0746250152588,5213
246.0756459236145,5212
246.0868217945099,5211
246.08713603019714,5210
246.10456705093384,5209
246.10810804367065,5208
246.11093711853027,5207
246.11621403694153,5206
246.1192970275879,5205
246.1318929195404,5204
246.13747715950012,5203
246.13785076141357,5202
246.13800597190857,5201
246.13909196853638,5200
246.14562892913818,5199
246.14647388458252,5198
246.15079712867737,5197
246.16003704071045,5196
246.1618528366089,5195
246.19044089317322,5194
246.19584107398987,5193
246.19787001609802,5192
246.2120099067688,5191
246.2262909412384,5190
246.22654485702515,5189
246.22708988189697,5188
246.22898983955383,5187
246.23233795166016,5186
246.24100494384766,5185
246.2471559047699,5184
246.2476987838745,5183
246.258770942688,5182
246.2719521522522,5181
246.2734818458557,5180
246.2913739681244,5179
246.29253101348877,5178
246.29737496376038,5177
246.2976429462433,5176
246.2984869480133,5175
246.29940509796143,5174
246.30956292152405,5173
246.3254897594452,5172
246.3373281955719,5171
246.33844304084778,5170
246.33899903297424,5169
246.3424289226532,5168
246.3497121334076,5167
246.35024785995483,5166
246.36061000823975,5165
246.36220788955688,5164
246.365562915802,5163
246.36600017547607,5162
246.36790800094604,5161
246.37095403671265,5160
246.37438297271729,5159
246.375816822052,5158
246.3850929737091,5157
246.39873099327087,5156
246.40055084228516,5155
246.42249488830566,5154
246.43283987045288,5153
246.44406390190125,5152
246.45038414001465,5151
246.45696783065796,5150
246.47487092018127,5149
246.47559809684753,5148
246.49170398712158,5147
246.4943449497223,5146
246.49499797821045,5145
246.49911189079285,5144
246.5009310245514,5143
246.5015549659729,5142
246.51064586639404,5141
246.52302408218384,5140
246.52822184562683,5139
246.52973198890686,5138
246.55851888656616,5137
246.55896186828613,5136
246.56507802009583,5135
246.5733859539032,5134
246.58168005943298,5133
246.58367490768433,5132
246.5854778289795,5131
246.59207487106323,5130
246.59596490859985,5129
246.60779690742493,5128
246.6141538619995,5127
246.61891388893127,5126
246.62290787696838,5125
246.633465051651,5124
246.63440108299255,5123
246.64581394195557,5122
246.6501100063324,5121
246.66614198684692,5120
246.68217182159424,5119
246.68242192268372,5118
246.68913888931274,5117
246.68929505348206,5116
246.70142197608948,5115
246.7180211544037,5114
246.73706603050232,5113
246.74412393569946,5112
246.76459097862244,5111
246.77424097061157,5110
246.77451586723328,5109
246.7836310863495,5108
246.79534316062927,5107
246.80206990242004,5106
246.80699276924133,5105
246.80915594100952,5104
246.82358193397522,5103
246.84345698356628,5102
246.85144901275635,5101
246.8620138168335,5100
246.87835383415222,5099
246.88900303840637,5098
246.90827584266663,5097
246.93099808692932,5096
246.93683505058289,5095
246.94390082359314,5094
246.95407795906067,5093
246.9734468460083,5092
246.987802028656,5091
246.99073100090027,5090
246.99573302268982,5089
247.01759576797485,5088
247.02235198020935,5087
247.0278880596161,5086
247.04814791679382,5085
247.0512728691101,5084
247.0627019405365,5083
247.0690529346466,5082
247.07282185554504,5081
247.12136602401733,5080
247.13994693756104,5079
247.1454918384552,5078
247.18670892715454,5077
247.1995120048523,5076
247.22847700119019,5075
247.23393607139587,5074
247.2456250190735,5073
247.24963402748108,5072
247.25094985961914,5071
247.25458979606628,5070
247.27631092071533,5069
247.31552982330322,5068
247.36112785339355,5067
247.37727403640747,5066
247.38463473320007,5065
247.39147996902466,5064
247.40351676940918,5063
247.4240550994873,5062
247.4281508922577,5061
247.44206595420837,5060
247.45960807800293,5059
247.46948289871216,5058
247.47609186172485,5057
247.49877190589905,5056
247.5692059993744,5055
247.59110188484192,5054
247.6212420463562,5053
247.6287829875946,5052
247.64515709877014,5051
247.66441702842712,5050
247.6715099811554,5049
247.69080996513367,5048
247.6953330039978,5047
247.72522687911987,5046
247.73088097572327,5045
247.7539119720459,5044
247.75639486312866,5043
247.78246092796326,5042
247.78660607337952,5041
247.80833101272583,5040
247.82028889656067,5039
247.86589312553406,5038
247.86844396591187,5037
247.87787699699402,5036
247.9125051498413,5035
247.93829202651978,5034
247.9571168422699,5033
247.9801299571991,5032
247.9842939376831,5031
248.03984189033508,5030
248.0414478778839,5029
248.05841207504272,5028
248.11976599693298,5027
248.1438159942627,5026
248.16887402534485,5025
248.18712401390076,5024
248.2056179046631,5023
248.2118468284607,5022
248.244402885437,5021
248.32066893577576,5020
248.33206701278687,5019
248.42147207260132,5018
248.42843103408813,5017
248.49147701263428,5016
248.5253129005432,5015
248.61626482009888,5014
248.63049793243408,5013
248.66627407073975,5012
248.6793029308319,5011
248.68547201156616,5010
248.717698097229,5009
248.72664403915405,5008
248.85523509979248,5007
248.96283793449402,5006
248.9782838821411,5005
248.98259091377258,5004
249.407044172287,5003
249.4462058544159,5002
249.59621810913086,5001
249.6151270866394,5000
249.65003895759583,4999
249.65165495872498,4998
249.70506191253662,4997
249.78416514396667,4996
249.87924599647522,4995
249.9194040298462,4994
249.99576091766357,4993
250.14564394950867,4992
250.17328596115112,4991
250.17542386054993,4990
250.21774888038635,4989
250.37185883522034,4988
250.47521495819092,4987
250.5203239917755,4986
250.60272097587585,4985
250.6551868915558,4984
250.76234006881714,4983
250.82921504974365,4982
250.88520288467407,4981
250.9872179031372,4980
251.14828896522522,4979
251.2207670211792,4978
251.29247784614563,4977
251.394189119339,4976
251.47981214523315,4975
