0.0,982240
202.5901231765747,6100
202.59100914001465,6099
202.59232115745544,6098
202.59292817115784,6097
202.59340286254883,6096
202.59505319595337,6095
202.596684217453,6094
202.59863996505737,6093
202.59912705421448,6092
202.59950399398804,6091
202.5999791622162,6090
202.6041932106018,6089
202.60457921028137,6088
202.60723519325256,6087
202.60750699043274,6086
202.60908603668213,6085
202.60924696922302,6084
202.61259818077087,6083
202.61383509635925,6082
202.61453008651733,6081
202.61851906776428,6080
202.61963200569153,6079
202.62042498588562,6078
202.62174916267395,6077
202.62190794944763,6076
202.6221661567688,6075
202.62253594398499,6074
202.62527108192444,6073
202.6254231929779,6072
202.64036107063293,6071
202.64388298988342,6070
202.64415907859802,6069
202.64485502243042,6068
202.6560389995575,6067
202.6573929786682,6066
202.66162419319153,6065
202.66177797317505,6064
202.6621539592743,6063
202.66294717788696,6062
202.6639530658722,6061
202.66559314727783,6060
202.6684901714325,6059
202.67012310028076,6058
202.67112922668457,6057
202.67139506340027,6056
202.67340111732483,6055
202.67419409751892,6054
202.6750910282135,6053
202.67536211013794,6052
202.67907786369324,6051
202.67934393882751,6050
202.6798279285431,6049
202.6803059577942,6048
202.68478393554688,6047
202.68527102470398,6046
202.68628215789795,6045
202.6883499622345,6044
202.6917760372162,6043
202.69193601608276,6042
202.69306921958923,6041
202.6940679550171,6040
202.69622707366943,6039
202.69841599464417,6038
202.6988968849182,6037
202.69938015937805,6036
202.6995358467102,6035
202.7011992931366,6034
202.7018849849701,6033
202.7024791240692,6032
202.70421195030212,6031
202.7052412033081,6030
202.70665192604065,6029
202.7074601650238,6028
202.7083511352539,6027
202.70894694328308,6026
202.70951986312866,6025
202.71116614341736,6024
202.71258807182312,6023
202.71391916275024,6022
202.71501898765564,6021
202.71570897102356,6020
202.71596813201904,6019
202.71634697914124,6018
202.7164990901947,6017
202.71739292144775,6016
202.71785926818848,6015
202.7185480594635,6014
202.71912097930908,6013
202.72044110298157,6012
202.72102308273315,6011
202.72202920913696,6010
202.72385215759277,6009
202.72695398330688,6008
202.72721004486084,6007
202.72790503501892,6006
202.72837090492249,6005
202.72864484786987,6004
202.73055696487427,6003
202.73187804222107,6002
202.73361110687256,6001
202.7366111278534,6000
202.73730516433716,5999
202.7374711036682,5998
202.737624168396,5997
202.73946404457092,5996
202.74163508415222,5995
202.74357724189758,5994
202.74604511260986,5993
202.7468318939209,5992
202.74856400489807,5991
202.75322914123535,5990
202.75360012054443,5989
202.75585222244263,5988
202.75705814361572,5987
202.75764107704163,5986
202.76259422302246,5985
202.76410698890686,5984
202.76437211036682,5983
202.76505088806152,5982
202.7656168937683,5981
202.76681089401245,5980
202.76727104187012,5979
202.76795506477356,5978
202.76830911636353,5977
202.76921200752258,5976
202.77020502090454,5975
202.77078890800476,5974
202.77258801460266,5973
202.77317905426025,5972
202.77343320846558,5971
202.77658200263977,5970
202.77725291252136,5969
202.7833001613617,5968
202.7834551334381,5967
202.79416823387146,5966
202.79515504837036,5965
202.7965488433838,5964
202.7998239994049,5963
202.80234503746033,5962
202.8029270172119,5961
202.8082239627838,5960
202.80910897254944,5959
202.8093650341034,5958
202.81248497962952,5957
202.81275606155396,5956
202.81313586235046,5955
202.8132848739624,5954
202.8138701915741,5953
202.81733798980713,5952
202.8203148841858,5951
202.8204791545868,5950
202.82342505455017,5949
202.82399606704712,5948
202.82426190376282,5947
202.8247230052948,5946
202.82549214363098,5945
202.82679891586304,5944
202.83354711532593,5943
202.83381986618042,5942
202.83470606803894,5941
202.8350751399994,5940
202.83567309379578,5939
202.836030960083,5938
202.83765506744385,5937
202.84058904647827,5936
202.84074091911316,5935
202.84375405311584,5934
202.84390902519226,5933
202.8522970676422,5932
202.8542070388794,5931
202.85590410232544,5930
202.85616421699524,5929
202.85727500915527,5928
202.8597960472107,5927
202.86018013954163,5926
202.86086297035217,5925
202.8634901046753,5924
202.8639681339264,5923
202.86496114730835,5922
202.86584091186523,5921
202.86711621284485,5920
202.86881518363953,5919
202.86907410621643,5918
202.86953926086426,5917
202.87092113494873,5916
202.87312006950378,5915
202.87327599525452,5914
202.88010716438293,5913
202.8808891773224,5912
202.88228106498718,5911
202.88593220710754,5910
202.88691210746765,5909
202.8872709274292,5908
202.88794922828674,5907
202.88873195648193,5906
202.89043307304382,5905
202.89089798927307,5904
202.89198112487793,5903
202.89233899116516,5902
202.89300799369812,5901
202.89521598815918,5900
202.89763402938843,5899
202.898206949234,5898
202.89898300170898,5897
202.90008211135864,5896
202.90033316612244,5895
202.90112018585205,5894
202.90158486366272,5893
202.90502309799194,5892
202.90620493888855,5891
202.90922713279724,5890
202.90948700904846,5889
202.9109010696411,5888
202.9115810394287,5887
202.91492795944214,5886
202.9169430732727,5885
202.91761589050293,5884
202.91869020462036,5883
202.92285299301147,5882
202.92722010612488,5881
202.92747807502747,5880
202.93534302711487,5879
202.93612504005432,5878
202.9382359981537,5877
202.94092297554016,5876
202.94535517692566,5875
202.9461109638214,5874
202.94881892204285,5873
202.9522111415863,5872
202.95419716835022,5871
202.95697808265686,5870
202.96286487579346,5869
202.96536207199097,5868
202.96566605567932,5867
202.96758604049683,5866
202.96783590316772,5865
202.9756932258606,5864
202.97677302360535,5863
202.97745490074158,5862
202.9813289642334,5861
202.98262906074524,5860
202.9827799797058,5859
202.9846441745758,5858
202.98501300811768,5857
202.99484205245972,5856
203.0045690536499,5855
203.00527381896973,5854
203.00552821159363,5853
203.0060031414032,5852
203.007483959198,5851
203.00826907157898,5850
203.01126623153687,5849
203.01163506507874,5848
203.01442003250122,5847
203.02075290679932,5846
203.0258810520172,5845
203.02817511558533,5844
203.0307719707489,5843
203.03678393363953,5842
203.0384771823883,5841
203.0394492149353,5840
203.04103708267212,5839
203.04139304161072,5838
203.04226303100586,5837
203.04282188415527,5836
203.04359412193298,5835
203.04384994506836,5834
203.0464289188385,5833
203.04781007766724,5832
203.04837727546692,5831
203.05001401901245,5830
203.05221009254456,5829
203.05298113822937,5828
203.05609917640686,5827
203.05824494361877,5826
203.05842208862305,5825
203.05917692184448,5824
203.059983253479,5823
203.0616478919983,5822
203.06609892845154,5821
203.06625413894653,5820
203.06944704055786,5819
203.0699291229248,5818
203.0726079940796,5817
203.0731770992279,5816
203.0743932723999,5815
203.07506322860718,5814
203.07534503936768,5813
203.07956099510193,5812
203.08006191253662,5811
203.08108711242676,5810
203.08396911621094,5809
203.0841200351715,5808
203.09372806549072,5807
203.09461998939514,5806
203.09720921516418,5805
203.0986111164093,5804
203.10043120384216,5803
203.10059189796448,5802
203.10912799835205,5801
203.11020803451538,5800
203.12030816078186,5799
203.12046694755554,5798
203.12225222587585,5797
203.12322902679443,5796
203.12412118911743,5795
203.12437415122986,5794
203.1258189678192,5793
203.1260850429535,5792
203.13463711738586,5791
203.1414589881897,5790
203.14541006088257,5789
203.1515040397644,5788
203.15515112876892,5787
203.15592312812805,5786
203.1563000679016,5785
203.1574821472168,5784
203.15795302391052,5783
203.16096901893616,5782
203.1612241268158,5781
203.16517090797424,5780
203.1659550666809,5779
203.17086696624756,5778
203.17520308494568,5777
203.17702317237854,5776
203.18368005752563,5775
203.1839530467987,5774
203.18483805656433,5773
203.1864950656891,5772
203.19327211380005,5771
203.1935329437256,5770
203.20296001434326,5769
203.2057809829712,5768
203.2059359550476,5767
203.2060911655426,5766
203.20751118659973,5765
203.2077829837799,5764
203.20881009101868,5763
203.20969104766846,5762
203.21099495887756,5761
203.21135210990906,5760
203.21213507652283,5759
203.21238708496094,5758
203.21363401412964,5757
203.2159721851349,5756
203.21645498275757,5755
203.21702194213867,5754
203.2187421321869,5753
203.21920323371887,5752
203.22061014175415,5751
203.22117400169373,5750
203.22185516357422,5749
203.22283911705017,5748
203.22619009017944,5747
203.23000717163086,5746
203.23168802261353,5745
203.23264813423157,5744
203.23341298103333,5743
203.23459315299988,5742
203.23484301567078,5741
203.23661494255066,5740
203.23920893669128,5739
203.2394781112671,5738
203.2396240234375,5737
203.24126386642456,5736
203.2431480884552,5735
203.24494218826294,5734
203.25067400932312,5733
203.25216102600098,5732
203.2529149055481,5731
203.2551989555359,5730
203.25535011291504,5729
203.2560510635376,5728
203.2581262588501,5727
203.25909399986267,5726
203.2609579563141,5725
203.26182985305786,5724
203.26570391654968,5723
203.26726722717285,5722
203.2691469192505,5721
203.27195191383362,5720
203.27433824539185,5719
203.27480292320251,5718
203.27841424942017,5717
203.27949023246765,5716
203.28095602989197,5715
203.28193521499634,5714
203.2820930480957,5713
203.28342008590698,5712
203.28448796272278,5711
203.29336404800415,5710
203.29372811317444,5709
203.29511213302612,5708
203.29882287979126,5707
203.29896926879883,5706
203.30706596374512,5705
203.30792999267578,5704
203.31022691726685,5703
203.31189513206482,5702
203.31206512451172,5701
203.31353402137756,5700
203.316153049469,5699
203.31661915779114,5698
203.31790018081665,5697
203.32556200027466,5696
203.32601809501648,5695
203.32732009887695,5694
203.32901406288147,5693
203.33215403556824,5692
203.33317112922668,5691
203.33990812301636,5690
203.34347820281982,5689
203.34722423553467,5688
203.3478012084961,5687
203.3481469154358,5686
203.3508858680725,5685
203.35174298286438,5684
203.35834097862244,5683
203.35971999168396,5682
203.36151814460754,5681
203.36591911315918,5680
203.36629986763,5679
203.36726713180542,5678
203.36826395988464,5677
203.3748230934143,5676
203.37509512901306,5675
203.3787751197815,5674
203.38034510612488,5673
203.38525223731995,5672
203.3874409198761,5671
203.38881587982178,5670
203.3899872303009,5669
203.39013624191284,5668
203.39050006866455,5667
203.3916621208191,5666
203.39295101165771,5665
203.39532113075256,5664
203.3971049785614,5663
203.399982213974,5662
203.4009530544281,5661
203.40301704406738,5660
203.4032859802246,5659
203.40491700172424,5658
203.40679502487183,5657
203.41040587425232,5656
203.41207885742188,5655
203.41224598884583,5654
203.41249418258667,5653
203.41438794136047,5652
203.41863918304443,5651
203.42388200759888,5650
203.4244601726532,5649
203.42663192749023,5648
203.4271161556244,5647
203.42817902565002,5646
203.4287600517273,5645
203.4353039264679,5644
203.4401240348816,5643
203.44406604766846,5642
203.44483613967896,5641
203.448970079422,5640
203.4495439529419,5639
203.45038604736328,5638
203.4506640434265,5637
203.45250582695007,5636
203.45265793800354,5635
203.45542311668396,5634
203.45838499069214,5633
203.46134614944458,5632
203.46671104431152,5631
203.46736907958984,5630
203.4702169895172,5629
203.4707760810852,5628
203.47152495384216,5627
203.47259306907654,5626
203.474848985672,5625
203.47540402412415,5624
203.47675704956055,5623
203.4778151512146,5622
203.4784641265869,5621
203.48119807243347,5620
203.48195624351501,5619
203.48210406303406,5618
203.48467421531677,5617
203.48564791679382,5616
203.48612785339355,5615
203.48736810684204,5614
203.48943901062012,5613
203.49187684059143,5612
203.4928479194641,5611
203.4952850341797,5610
203.4961531162262,5609
203.4991970062256,5608
203.5026559829712,5607
203.50439929962158,5606
203.5055649280548,5605
203.5066089630127,5604
203.5079391002655,5603
203.50978803634644,5602
203.51005816459656,5601
203.51156401634216,5600
203.5151081085205,5599
203.52347493171692,5598
203.52362608909607,5597
203.5245189666748,5596
203.52686405181885,5595
203.5286180973053,5594
203.53036189079285,5593
203.530503988266,5592
203.53064703941345,5591
203.53108716011047,5590
203.53125095367432,5589
203.53276014328003,5588
203.5401611328125,5587
203.54181623458862,5586
203.54227209091187,5585
203.5449559688568,5584
203.54611206054688,5583
203.55046105384827,5582
203.5540750026703,5581
203.55719709396362,5580
203.5598180294037,5579
203.5600619316101,5578
203.5610749721527,5577
203.5635049343109,5576
203.5653431415558,5575
203.56678414344788,5574
203.57029724121094,5573
203.5748291015625,5572
203.57947707176208,5571
203.58320689201355,5570
203.58456206321716,5569
203.58580899238586,5568
203.59188604354858,5567
203.59451127052307,5566
203.59675192832947,5565
203.5969009399414,5564
203.59822487831116,5563
203.59847617149353,5562
203.60064005851746,5561
203.6085970401764,5560
203.61282515525818,5559
203.61317610740662,5558
203.6171190738678,5557
203.61851024627686,5556
203.62048482894897,5555
203.62343621253967,5554
203.6279981136322,5553
203.62945318222046,5552
203.63001084327698,5551
203.6326768398285,5550
203.6353302001953,5549
203.63708591461182,5548
203.63774704933167,5547
203.6388921737671,5546
203.63965010643005,5545
203.6414930820465,5544
203.64623308181763,5543
203.6474850177765,5542
203.64885783195496,5541
203.65080189704895,5540
203.6528561115265,5539
203.65330505371094,5538
203.65366411209106,5537
203.6563138961792,5536
203.65679383277893,5535
203.6625370979309,5534
203.66624689102173,5533
203.66859912872314,5532
203.66906189918518,5531
203.66921710968018,5530
203.6699070930481,5529
203.67056107521057,5528
203.67103219032288,5527
203.67309021949768,5526
203.67425799369812,5525
203.6758999824524,5524
203.67626905441284,5523
203.6784131526947,5522
203.67867922782898,5521
203.6850461959839,5520
203.68560695648193,5519
203.68658113479614,5518
203.69590997695923,5517
203.69857597351074,5516
203.70092010498047,5515
203.70108604431152,5514
203.70195198059082,5513
203.70240116119385,5512
203.7031660079956,5511
203.70522022247314,5510
203.7063970565796,5509
203.7121820449829,5508
203.71928000450134,5507
203.72112894058228,5506
203.72129893302917,5505
203.72375512123108,5504
203.72722005844116,5503
203.73476314544678,5502
203.73540902137756,5501
203.74063897132874,5500
203.7441291809082,5499
203.74768114089966,5498
203.74984002113342,5497
203.7514078617096,5496
203.75264596939087,5495
203.75401186943054,5494
203.75993704795837,5493
203.76040410995483,5492
203.7631320953369,5491
203.76340007781982,5490
203.76736116409302,5489
203.77089595794678,5488
203.77694487571716,5487
203.77890515327454,5486
203.7818591594696,5485
203.788969039917,5484
203.79023504257202,5483
203.79804301261902,5482
203.80687999725342,5481
203.8093240261078,5480
203.81850504875183,5479
203.82064008712769,5478
203.823566198349,5477
203.82787990570068,5476
203.8369460105896,5475
203.84374713897705,5474
203.84480595588684,5473
203.84894013404846,5472
203.85078501701355,5471
203.8613350391388,5470
203.86416602134705,5469
203.86927485466003,5468
203.87033605575562,5467
203.8715841770172,5466
203.87470602989197,5465
203.87495708465576,5464
203.8755121231079,5463
203.8785481452942,5462
203.87981700897217,5461
203.88135504722595,5460
203.8832151889801,5459
203.88704800605774,5458
203.88920617103577,5457
203.89163303375244,5456
203.90701293945312,5455
203.9139211177826,5454
203.9150972366333,5453
203.91852116584778,5452
203.92196989059448,5451
203.9270658493042,5450
203.93200588226318,5449
203.93593001365662,5448
203.936105966568,5447
203.93625926971436,5446
203.93739819526672,5445
203.9433250427246,5444
203.9435830116272,5443
203.9509961605072,5442
203.95489692687988,5441
203.95820808410645,5440
203.95934915542603,5439
203.96467304229736,5438
203.96502304077148,5437
203.96549105644226,5436
203.976802110672,5435
203.97975206375122,5434
203.98150205612183,5433
203.9821650981903,5432
203.98559403419495,5431
203.98933720588684,5430
203.99395108222961,5429
203.9947190284729,5428
203.99507117271423,5427
203.99671721458435,5426
203.99902391433716,5425
204.00266194343567,5424
204.00360703468323,5423
204.00446105003357,5422
204.00511121749878,5421
204.0058629512787,5420
204.0072000026703,5419
204.0076549053192,5418
204.01601600646973,5417
204.0185730457306,5416
204.02022314071655,5415
204.0203652381897,5414
204.0266981124878,5413
204.0271511077881,5412
204.0283100605011,5411
204.03914713859558,5410
204.04782104492188,5409
204.04885506629944,5408
204.05817103385925,5407
204.0620059967041,5406
204.06217503547668,5405
204.06712913513184,5404
204.06728196144104,5403
204.0700979232788,5402
204.07456016540527,5401
204.07522892951965,5400
204.08025002479553,5399
204.08071303367615,5398
204.0832450389862,5397
204.08362197875977,5396
204.08376812934875,5395
204.09169220924377,5394
204.09294605255127,5393
204.09658288955688,5392
204.10383796691895,5391
204.10648202896118,5390
204.10918807983398,5389
204.11271619796753,5388
204.11426210403442,5387
204.1168122291565,5386
204.1217851638794,5385
204.12244415283203,5384
204.1245560646057,5383
204.12905097007751,5382
204.13796210289001,5381
204.14051413536072,5380
204.1423408985138,5379
204.14872097969055,5378
204.1501431465149,5377
204.15642023086548,5376
204.15879607200623,5375
204.15976905822754,5374
204.16011095046997,5373
204.16156125068665,5372
204.17396521568298,5371
204.17589402198792,5370
204.17822003364563,5369
204.1784861087799,5368
204.18017101287842,5367
204.18406891822815,5366
204.18602514266968,5365
204.19341397285461,5364
204.19477725028992,5363
204.1990442276001,5362
204.1994080543518,5361
204.20447897911072,5360
204.20504999160767,5359
204.21823000907898,5358
204.23405504226685,5357
204.2346920967102,5356
204.23662900924683,5355
204.23902106285095,5354
204.23986911773682,5353
204.2467861175537,5352
204.25161910057068,5351
204.25216102600098,5350
204.26293301582336,5349
204.26485514640808,5348
204.2673978805542,5347
204.26901602745056,5346
204.2695779800415,5345
204.27001190185547,5344
204.27720618247986,5343
204.2798159122467,5342
204.28195691108704,5341
204.2857310771942,5340
204.28589510917664,5339
204.29276394844055,5338
204.29340291023254,5337
204.30037713050842,5336
204.3049659729004,5335
204.305114030838,5334
204.31107306480408,5333
204.32472610473633,5332
204.32853722572327,5331
204.3342101573944,5330
204.3367280960083,5329
204.3399920463562,5328
204.3451521396637,5327
204.34580206871033,5326
204.34594798088074,5325
204.35118222236633,5324
204.35253310203552,5323
204.35745811462402,5322
204.35790610313416,5321
204.35827112197876,5320
204.36008405685425,5319
204.3654761314392,5318
204.36709713935852,5317
204.36786317825317,5316
204.37007808685303,5315
204.3706350326538,5314
204.38229727745056,5313
204.38383793830872,5312
204.3917908668518,5311
204.39284801483154,5310
204.3938751220703,5309
204.39511704444885,5308
204.3959722518921,5307
204.40047907829285,5306
204.40171098709106,5305
204.40236592292786,5304
204.40270328521729,5303
204.42596316337585,5302
204.43138217926025,5301
204.43361115455627,5300
204.44275617599487,5299
204.4430170059204,5298
204.44366812705994,5297
204.45046710968018,5296
204.45327401161194,5295
204.45342111587524,5294
204.4568772315979,5293
204.4572241306305,5292
204.45856308937073,5291
204.4623339176178,5290
204.4734148979187,5289
204.4804859161377,5288
204.48396015167236,5287
204.4882891178131,5286
204.49350214004517,5285
204.50429391860962,5284
204.50855612754822,5283
204.51016211509705,5282
204.52257204055786,5281
204.52397394180298,5280
204.5261070728302,5279
204.5523121356964,5278
204.55811309814453,5277
204.56116795539856,5276
204.5722200870514,5275
204.57740712165833,5274
204.58329606056213,5273
204.58575797080994,5272
204.588641166687,5271
204.59219622612,5270
204.59402799606323,5269
204.59815001487732,5268
204.60171914100647,5267
204.60225415229797,5266
204.60406303405762,5265
204.61146712303162,5264
204.61365795135498,5263
204.6155400276184,5262
204.62413692474365,5261
204.62624406814575,5260
204.63042426109314,5259
204.63086318969727,5258
204.63157415390015,5257
204.6343638896942,5256
204.6388292312622,5255
204.64538407325745,5254
204.65185523033142,5253
204.6533682346344,5252
204.6548991203308,5251
204.65514016151428,5250
204.66664099693298,5249
204.6751320362091,5248
204.67568492889404,5247
204.68098425865173,5246
204.6815299987793,5245
204.69393014907837,5244
204.69906520843506,5243
204.70145797729492,5242
204.70220017433167,5241
204.7036201953888,5240
204.71423387527466,5239
204.72513222694397,5238
204.73122096061707,5237
204.73263311386108,5236
204.7423219680786,5235
204.74788212776184,5234
204.74901604652405,5233
204.75700902938843,5232
204.76691007614136,5231
204.77239108085632,5230
204.7726330757141,5229
204.7774019241333,5228
204.78498101234436,5227
204.78856205940247,5226
204.7989571094513,5225
204.80608701705933,5224
204.80877804756165,5223
204.82790112495422,5222
204.83576202392578,5221
204.83650302886963,5220
204.85804295539856,5219
204.86109590530396,5218
204.86183094978333,5217
204.87433505058289,5216
204.87633419036865,5215
204.88028597831726,5214
204.8932020664215,5213
204.89635014533997,5212
204.89698600769043,5211
204.9085350036621,5210
204.91052198410034,5209
204.9108760356903,5208
204.91391587257385,5207
204.92525219917297,5206
204.92666697502136,5205
204.9326150417328,5204
204.9367151260376,5203
204.93850922584534,5202
204.94317817687988,5201
204.96214509010315,5200
204.96614408493042,5199
204.97283792495728,5198
204.9729859828949,5197
204.98160314559937,5196
204.98204016685486,5195
204.985689163208,5194
205.00322794914246,5193
205.01410508155823,5192
205.02100896835327,5191
205.0229949951172,5190
205.0283489227295,5189
205.02898788452148,5188
205.04186296463013,5187
205.0500659942627,5186
205.05311799049377,5185
205.05811405181885,5184
205.06059288978577,5183
205.07012701034546,5182
205.07606506347656,5181
205.0986590385437,5180
205.11909890174866,5179
205.11955904960632,5178
205.1208930015564,5177
205.1310851573944,5176
205.1321952342987,5175
205.13853406906128,5174
205.1393539905548,5173
205.14283204078674,5172
205.15344214439392,5171
205.16993594169617,5170
205.18763303756714,5169
205.1985569000244,5168
205.21027302742004,5167
205.2122631072998,5166
205.2126121520996,5165
205.22247004508972,5164
205.22300386428833,5163
205.22788786888123,5162
205.2287061214447,5161
205.22982716560364,5160
205.23150205612183,5159
205.24721598625183,5158
205.25574898719788,5157
205.27495098114014,5156
205.27588200569153,5155
205.28122186660767,5154
205.28291416168213,5153
205.2858510017395,5152
205.30619287490845,5151
205.3089108467102,5150
205.32050323486328,5149
205.33275699615479,5148
205.3690209388733,5147
205.37122893333435,5146
205.37714910507202,5145
205.38355684280396,5144
205.3898470401764,5143
205.4006950855255,5142
205.40353417396545,5141
205.4112892150879,5140
205.4151382446289,5139
205.41798305511475,5138
205.4219651222229,5137
205.4280400276184,5136
205.4360589981079,5135
205.44046711921692,5134
205.4479649066925,5133
205.4589080810547,5132
205.46260619163513,5131
205.4773759841919,5130
205.48248982429504,5129
205.48616814613342,5128
205.49257516860962,5127
205.49483609199524,5126
205.4969940185547,5125
205.51234698295593,5124
205.5193591117859,5123
205.54698300361633,5122
205.55086493492126,5121
205.55331993103027,5120
205.55442309379578,5119
205.56570410728455,5118
205.56615614891052,5117
205.57614398002625,5116
205.59047198295593,5115
205.60174798965454,5114
205.61072897911072,5113
205.62012195587158,5112
205.62948989868164,5111
205.63622498512268,5110
205.6390700340271,5109
205.64353108406067,5108
205.65882921218872,5107
205.66244792938232,5106
205.67925214767456,5105
205.6793990135193,5104
205.69766807556152,5103
205.71397805213928,5102
205.7154839038849,5101
205.74972915649414,5100
205.75650906562805,5099
205.76220703125,5098
205.76977491378784,5097
205.77999305725098,5096
205.78139805793762,5095
205.7825140953064,5094
205.79478311538696,5093
205.83713698387146,5092
205.83769392967224,5091
205.8875069618225,5090
205.90927505493164,5089
205.95970582962036,5088
205.9767451286316,5087
205.98417210578918,5086
205.9860701560974,5085
206.00705313682556,5084
206.00729823112488,5083
206.02735209465027,5082
206.04336500167847,5081
206.0613498687744,5080
206.06571292877197,5079
206.07294702529907,5078
206.08382105827332,5077
206.09810304641724,5076
206.09834909439087,5075
206.11587524414062,5074
206.11660599708557,5073
206.12182307243347,5072
206.1351239681244,5071
206.13948106765747,5070
206.1516318321228,5069
206.15734887123108,5068
206.15749406814575,5067
206.16027188301086,5066
206.1685290336609,5065
206.17661809921265,5064
206.19227814674377,5063
206.19254302978516,5062
206.20079398155212,5061
206.20408987998962,5060
206.21749997138977,5059
206.24195218086243,5058
206.2574601173401,5057
206.26295614242554,5056
206.30223488807678,5055
206.31244707107544,5054
206.33465814590454,5053
206.33948016166687,5052
206.34508395195007,5051
206.36614894866943,5050
206.37681412696838,5049
206.42005801200867,5048
206.42310094833374,5047
206.4234471321106,5046
206.42988204956055,5045
206.43734097480774,5044
206.44055724143982,5043
206.47763109207153,5042
206.51745700836182,5041
206.5292580127716,5040
206.5453178882599,5039
206.5469901561737,5038
206.57885813713074,5037
206.58045506477356,5036
206.59868717193604,5035
206.67671513557434,5034
206.67890524864197,5033
206.68296313285828,5032
206.74566006660461,5031
206.77267408370972,5030
206.77570605278015,5029
206.7826702594757,5028
206.791335105896,5027
206.79735612869263,5026
206.88047695159912,5025
206.88569617271423,5024
206.89343214035034,5023
206.9095721244812,5022
207.0114781856537,5021
207.0557279586792,5020
207.0849642753601,5019
207.10310196876526,5018
207.10643005371094,5017
207.11884021759033,5016
207.12774896621704,5015
207.1314570903778,5014
207.16207313537598,5013
207.17932391166687,5012
207.1925241947174,5011
207.20670104026794,5010
207.24013018608093,5009
207.25255608558655,5008
207.34029126167297,5007
207.35648703575134,5006
207.5054531097412,5005
207.54350399971008,5004
207.5545620918274,5003
207.57875609397888,5002
207.59968900680542,5001
207.61852598190308,5000
207.69523692131042,4999
207.84620904922485,4998
207.8655481338501,4997
207.89506912231445,4996
207.90623998641968,4995
207.947438955307,4994
208.16128206253052,4993
208.17513918876648,4992
208.41366314888,4991
208.4219090938568,4990
208.50824308395386,4989
208.5274031162262,4988
208.535649061203,4987
208.62348914146423,4986
208.73281693458557,4985
208.7516050338745,4984
208.78279209136963,4983
208.93917608261108,4982
209.0407199859619,4981
209.1498920917511,4980
209.24613213539124,4979
209.2925488948822,4978
209.77836394309998,4977
209.89997696876526,4976
210.38852620124817,4975
210.6489119529724,4974
