0.0,621840
124.40765976905823,7794
124.41007494926453,7793
124.41186285018921,7792
124.41398787498474,7791
124.41687202453613,7790
124.41700196266174,7789
124.423583984375,7788
124.43287777900696,7787
124.43604898452759,7786
124.44042611122131,7785
124.45842003822327,7784
124.45934796333313,7783
124.45984292030334,7782
124.46616983413696,7781
124.46740794181824,7780
124.46780395507812,7779
124.47336673736572,7778
124.48219776153564,7777
124.48841094970703,7776
124.48872399330139,7775
124.48956871032715,7774
124.48988699913025,7773
124.49220585823059,7772
124.49354767799377,7771
124.49591994285583,7770
124.50324583053589,7769
124.50898790359497,7768
124.50930786132812,7767
124.52795767784119,7766
124.53314280509949,7765
124.53979706764221,7764
124.54659271240234,7763
124.54935097694397,7762
124.54991388320923,7761
124.55744481086731,7760
124.56294989585876,7759
124.59011578559875,7758
124.59171199798584,7757
124.59184384346008,7756
124.59262180328369,7755
124.59980607032776,7754
124.60055875778198,7753
124.60630679130554,7752
124.63084483146667,7751
124.63266801834106,7750
124.63882398605347,7749
124.63929200172424,7748
124.6495749950409,7747
124.66001582145691,7746
124.6641538143158,7745
124.66473984718323,7744
124.66505193710327,7743
124.68277192115784,7742
124.68491888046265,7741
124.68669700622559,7740
124.68949794769287,7739
124.68971610069275,7738
124.69332480430603,7737
124.69423604011536,7736
124.69925475120544,7735
124.70355892181396,7734
124.70831274986267,7733
124.70905995368958,7732
124.70963597297668,7731
124.71309280395508,7730
124.71502685546875,7729
124.71619987487793,7728
124.72906494140625,7727
124.73204207420349,7726
124.73764491081238,7725
124.74179792404175,7724
124.74271583557129,7723
124.74413990974426,7722
124.74837470054626,7721
124.74877095222473,7720
124.7502019405365,7719
124.75309085845947,7718
124.75769996643066,7717
124.76938700675964,7716
124.7699658870697,7715
124.77130699157715,7714
124.77411890029907,7713
124.7763090133667,7712
124.77749681472778,7711
124.77762794494629,7710
124.7819619178772,7709
124.78236484527588,7708
124.80165410041809,7707
124.80383396148682,7706
124.80578374862671,7705
124.80915093421936,7704
124.81050610542297,7703
124.81089901924133,7702
124.81775999069214,7701
124.82613778114319,7700
124.82733082771301,7699
124.82799172401428,7698
124.83239388465881,7697
124.83629298210144,7696
124.84292888641357,7695
124.84603500366211,7694
124.85614895820618,7693
124.85800981521606,7692
124.86747980117798,7691
124.86847996711731,7690
124.8747878074646,7689
124.87615180015564,7688
124.87672877311707,7687
124.89932489395142,7686
124.90304589271545,7685
124.90473294258118,7684
124.91348481178284,7683
124.91533279418945,7682
124.9160327911377,7681
124.92119884490967,7680
124.92471575737,7679
124.92877078056335,7678
124.93113684654236,7677
124.93588781356812,7676
124.96381902694702,7675
124.96429896354675,7674
124.96845483779907,7673
124.971195936203,7672
124.97333478927612,7671
124.97414469718933,7670
125.00128483772278,7669
125.00219774246216,7668
125.00703382492065,7667
125.01525592803955,7666
125.03852081298828,7665
125.03866076469421,7664
125.04177188873291,7663
125.05392289161682,7662
125.05564093589783,7661
125.06146383285522,7660
125.06571888923645,7659
125.06638073921204,7658
125.06959891319275,7657
125.07848978042603,7656
125.09511303901672,7655
125.11672687530518,7654
125.12551093101501,7653
125.12574291229248,7652
125.12880277633667,7651
125.13732314109802,7650
125.15205407142639,7649
125.1614580154419,7648
125.16376876831055,7647
125.17245292663574,7646
125.17322492599487,7645
125.18963575363159,7644
125.19142985343933,7643
125.19825005531311,7642
125.21283984184265,7641
125.21545672416687,7640
125.23238396644592,7639
125.23372197151184,7638
125.2782518863678,7637
125.28744101524353,7636
125.28890991210938,7635
125.31166195869446,7634
125.31703090667725,7633
125.31767678260803,7632
125.32173180580139,7631
125.33627080917358,7630
125.33814406394958,7629
125.34887099266052,7628
125.36355209350586,7627
125.36566400527954,7626
125.37403392791748,7625
125.40656805038452,7624
125.41011095046997,7623
125.42173981666565,7622
125.46299076080322,7621
125.46794199943542,7620
125.47393012046814,7619
125.48235297203064,7618
125.48329186439514,7617
125.49230980873108,7616
125.49274182319641,7615
125.50270295143127,7614
125.5051658153534,7613
125.50763177871704,7612
125.52844095230103,7611
125.55371284484863,7610
125.56141090393066,7609
125.57889175415039,7608
125.60330200195312,7607
125.6142189502716,7606
125.62272381782532,7605
125.65372705459595,7604
125.69229793548584,7603
125.70386791229248,7602
125.7230658531189,7601
125.73553895950317,7600
125.73846578598022,7599
125.76563882827759,7598
125.77280068397522,7597
125.78102684020996,7596
125.78300094604492,7595
125.7900128364563,7594
125.7912049293518,7593
125.80540704727173,7592
125.81283688545227,7591
125.81985592842102,7590
125.82122611999512,7589
125.82342982292175,7588
125.83761692047119,7587
125.84824299812317,7586
125.88656902313232,7585
125.89657092094421,7584
125.89760088920593,7583
125.92158603668213,7582
125.92285704612732,7581
125.93017888069153,7580
125.94176387786865,7579
125.95117807388306,7578
125.9894449710846,7577
126.08861899375916,7576
126.0931339263916,7575
126.11807179450989,7574
126.12365913391113,7573
126.19300198554993,7572
126.35901689529419,7571
126.36073780059814,7570
126.38710308074951,7569
126.40688395500183,7568
126.53412795066833,7567
126.56467700004578,7566
126.56536793708801,7565
126.58926892280579,7564
127.29463982582092,7563
127.48477983474731,7562
127.64962792396545,7561
128.0613729953766,7560
129.2523968219757,7559
