0.0,621840
151.48779106140137,7664
151.48871111869812,7663
151.49149584770203,7662
151.49270915985107,7661
151.4964530467987,7660
151.4974319934845,7659
151.50513315200806,7658
151.5209619998932,7657
151.5217320919037,7656
151.53155994415283,7655
151.53232407569885,7654
151.5355670452118,7653
151.5399899482727,7652
151.54846000671387,7651
151.55071115493774,7650
151.5511360168457,7649
151.5728099346161,7648
151.57551407814026,7647
151.57906889915466,7646
151.5846071243286,7645
151.5981891155243,7644
151.59951615333557,7643
151.60280799865723,7642
151.60394501686096,7641
151.60958790779114,7640
151.61098909378052,7639
151.61359000205994,7638
151.61907601356506,7637
151.62506008148193,7636
151.62653589248657,7635
151.62749004364014,7634
151.63875722885132,7633
151.65612316131592,7632
151.65626502037048,7631
151.66049098968506,7630
151.66747117042542,7629
151.67263627052307,7628
151.67789697647095,7627
151.69882917404175,7626
151.6989722251892,7625
151.71713399887085,7624
151.72087907791138,7623
151.72378206253052,7622
151.72550511360168,7621
151.76904606819153,7620
151.77456402778625,7619
151.77911114692688,7618
151.7809031009674,7617
151.78891611099243,7616
151.793062210083,7615
151.80479407310486,7614
151.80503129959106,7613
151.80783009529114,7612
151.8189492225647,7611
151.82203102111816,7610
151.82279014587402,7609
151.82786917686462,7608
151.83669209480286,7607
151.84258103370667,7606
151.84835600852966,7605
151.84914302825928,7604
151.86112999916077,7603
151.8667290210724,7602
151.868882894516,7601
151.87267518043518,7600
151.90570330619812,7599
151.92296814918518,7598
151.96862316131592,7597
151.98390698432922,7596
152.02018928527832,7595
152.0563509464264,7594
152.07334303855896,7593
152.07380723953247,7592
152.07552099227905,7591
152.07733917236328,7590
152.08326506614685,7589
152.08831405639648,7588
152.0904712677002,7587
152.1159632205963,7586
152.12981009483337,7585
152.13165593147278,7584
152.13248896598816,7583
152.14233207702637,7582
152.1660668849945,7581
152.1771490573883,7580
152.19738912582397,7579
152.19985723495483,7578
152.2235870361328,7577
152.2294692993164,7576
152.24939107894897,7575
152.27302026748657,7574
152.27769303321838,7573
152.27814030647278,7572
152.32123804092407,7571
152.3448030948639,7570
152.36304116249084,7569
152.39091610908508,7568
152.4424331188202,7567
152.47920894622803,7566
152.51586723327637,7565
152.52041387557983,7564
152.53992819786072,7563
152.5842411518097,7562
152.66840815544128,7561
152.753760099411,7560
152.77752208709717,7559
152.87511205673218,7558
152.92377495765686,7557
152.94098830223083,7556
153.04915308952332,7555
153.1359841823578,7554
153.176775932312,7553
153.3525083065033,7552
153.38596105575562,7551
153.39085221290588,7550
153.49580121040344,7549
153.5635802745819,7548
153.60144996643066,7547
153.7193841934204,7546
153.72550106048584,7545
153.79689407348633,7544
154.07828092575073,7543
154.2539131641388,7542
154.32655715942383,7541
154.72815608978271,7540
154.78090715408325,7539
155.04585218429565,7538
