0.0,982240
210.369854927063,6772
210.37265706062317,6771
210.37360215187073,6770
210.37652802467346,6769
210.3768060207367,6768
210.3809847831726,6767
210.38171982765198,6766
210.38277792930603,6765
210.38760089874268,6764
210.3884470462799,6763
210.39010787010193,6762
210.39084601402283,6761
210.39101004600525,6760
210.39322805404663,6759
210.39421391487122,6758
210.3951771259308,6757
210.3956801891327,6756
210.3978729248047,6755
210.3980438709259,6754
210.40137100219727,6753
210.40689706802368,6752
210.40822196006775,6751
210.40884399414062,6750
210.41080617904663,6749
210.41132974624634,6748
210.41252303123474,6747
210.41268682479858,6746
210.4135389328003,6745
210.41404604911804,6744
210.41431999206543,6743
210.41607785224915,6742
210.41680788993835,6741
210.4172089099884,6740
210.4180510044098,6739
210.420725107193,6738
210.42145895957947,6737
210.4216389656067,6736
210.42180585861206,6735
210.42220306396484,6734
210.42304801940918,6733
210.42321491241455,6732
210.42618083953857,6731
210.42646622657776,6730
210.42663621902466,6729
210.42726516723633,6728
210.42789506912231,6727
210.43088293075562,6726
210.43138694763184,6725
210.43212985992432,6724
210.438973903656,6723
210.44211602210999,6722
210.44476699829102,6721
210.44549107551575,6720
210.44646692276,6719
210.4467489719391,6718
210.44758987426758,6717
210.4483458995819,6716
210.4579050540924,6715
210.45807909965515,6714
210.45869493484497,6713
210.4591040611267,6712
210.46140503883362,6711
210.46168994903564,6710
210.4627468585968,6709
210.46347093582153,6708
210.46418595314026,6707
210.4663381576538,6706
210.4697139263153,6705
210.4701111316681,6704
210.4703929424286,6703
210.47168707847595,6702
210.4721019268036,6701
210.47623205184937,6700
210.47661709785461,6699
210.47712182998657,6698
210.47728204727173,6697
210.47757077217102,6696
210.47839999198914,6695
210.4793701171875,6694
210.4803810119629,6693
210.48356318473816,6692
210.48476099967957,6691
210.48526191711426,6690
210.4855489730835,6689
210.48571300506592,6688
210.48786687850952,6687
210.4919559955597,6686
210.49291610717773,6685
210.4940948486328,6684
210.49437284469604,6683
210.49510192871094,6682
210.4969208240509,6681
210.49764895439148,6680
210.50024509429932,6679
210.50152707099915,6678
210.50191807746887,6677
210.50265789031982,6676
210.50615692138672,6675
210.50688004493713,6674
210.50705289840698,6673
210.50946807861328,6672
210.51018714904785,6671
210.5110228061676,6670
210.51395797729492,6669
210.51460099220276,6668
210.51510000228882,6667
210.5153820514679,6666
210.51668000221252,6665
210.51718592643738,6664
210.5176808834076,6663
210.52152395248413,6662
210.52214002609253,6661
210.5251841545105,6660
210.52681398391724,6659
210.52753901481628,6658
210.5283658504486,6657
210.52875804901123,6656
210.53297901153564,6655
210.53549814224243,6654
210.53611993789673,6653
210.53629398345947,6652
210.53702092170715,6651
210.5376319885254,6650
210.53824591636658,6649
210.53840899467468,6648
210.54074501991272,6647
210.5472068786621,6646
210.54814505577087,6645
210.54897689819336,6644
210.55058598518372,6643
210.55453491210938,6642
210.55503106117249,6641
210.55588793754578,6640
210.55605101585388,6639
210.56026196479797,6638
210.56186604499817,6637
210.56491804122925,6636
210.5658540725708,6635
210.56657791137695,6634
210.56673908233643,6633
210.57041788101196,6632
210.57070088386536,6631
210.57086300849915,6630
210.5721309185028,6629
210.5733997821808,6628
210.5745530128479,6627
210.57593393325806,6626
210.57734894752502,6625
210.5782790184021,6624
210.57922315597534,6623
210.5802619457245,6622
210.58066701889038,6621
210.58162212371826,6620
210.58267498016357,6619
210.58460092544556,6618
210.58476901054382,6617
210.58605909347534,6616
210.59017610549927,6615
210.5917580127716,6614
210.59287405014038,6613
210.59991312026978,6612
210.6015088558197,6611
210.602548122406,6610
210.60406517982483,6609
210.60478901863098,6608
210.60593795776367,6607
210.6064441204071,6606
210.6086950302124,6605
210.60963106155396,6604
210.61033987998962,6603
210.61096501350403,6602
210.6112380027771,6601
210.61151695251465,6600
210.61689400672913,6599
210.61717891693115,6598
210.61919903755188,6597
210.6195878982544,6596
210.62105703353882,6595
210.62155294418335,6594
210.623694896698,6593
210.62408089637756,6592
210.62531900405884,6591
210.62549901008606,6590
210.62679505348206,6589
210.62696886062622,6588
210.62725400924683,6587
210.6286449432373,6586
210.6297218799591,6585
210.63066291809082,6584
210.63094210624695,6583
210.63143396377563,6582
210.63368892669678,6581
210.63547611236572,6580
210.6359748840332,6579
210.63691186904907,6578
210.6391360759735,6577
210.63942098617554,6576
210.63958501815796,6575
210.63985586166382,6574
210.6405861377716,6573
210.6413059234619,6572
210.64278197288513,6571
210.64306116104126,6570
210.64411902427673,6569
210.6445038318634,6568
210.64466381072998,6567
210.64571595191956,6566
210.64957404136658,6565
210.65041995048523,6564
210.65526294708252,6563
210.6582579612732,6562
210.6620979309082,6561
210.66679787635803,6560
210.66783118247986,6559
210.669331073761,6558
210.67036080360413,6557
210.67107582092285,6556
210.67156195640564,6555
210.67480301856995,6554
210.67616486549377,6553
210.6768810749054,6552
210.67725801467896,6551
210.67840194702148,6550
210.67954802513123,6549
210.68174290657043,6548
210.68255996704102,6547
210.68349599838257,6546
210.6864800453186,6545
210.68720698356628,6544
210.68877911567688,6543
210.69176983833313,6542
210.69323301315308,6541
210.69405698776245,6540
210.69692397117615,6539
210.69753503799438,6538
210.69913983345032,6537
210.69997096061707,6536
210.70100498199463,6535
210.70150589942932,6534
210.70221495628357,6533
210.7030520439148,6532
210.70332193374634,6531
210.70360612869263,6530
210.70564103126526,6529
210.70592999458313,6528
210.70696783065796,6527
210.70735502243042,6526
210.7090299129486,6525
210.71129083633423,6524
210.71200013160706,6523
210.714457988739,6522
210.71811699867249,6521
210.72120189666748,6520
210.72325587272644,6519
210.72494387626648,6518
210.72555303573608,6517
210.7264940738678,6516
210.72754383087158,6515
210.72825503349304,6514
210.7297260761261,6513
210.73687291145325,6512
210.7371609210968,6511
210.73878407478333,6510
210.74005889892578,6509
210.7459900379181,6508
210.7487509250641,6507
210.74902987480164,6506
210.7496280670166,6505
210.75108408927917,6504
210.75136804580688,6503
210.75344395637512,6502
210.75404500961304,6501
210.7561891078949,6500
210.75734305381775,6499
210.75826692581177,6498
210.7584309577942,6497
210.76025986671448,6496
210.761314868927,6495
210.76334404945374,6494
210.7636079788208,6493
210.76432394981384,6492
210.7648060321808,6491
210.7673749923706,6490
210.76809310913086,6489
210.76848006248474,6488
210.76930379867554,6487
210.77034497261047,6486
210.77049899101257,6485
210.77110409736633,6484
210.77531599998474,6483
210.7756049633026,6482
210.77598404884338,6481
210.77636098861694,6480
210.7767469882965,6479
210.77756595611572,6478
210.77806091308594,6477
210.7788701057434,6476
210.78174710273743,6475
210.78438687324524,6474
210.78498315811157,6473
210.78546690940857,6472
210.78638696670532,6471
210.7870910167694,6470
210.7873649597168,6469
210.78752279281616,6468
210.787682056427,6467
210.78784012794495,6466
210.78822779655457,6465
210.7883861064911,6464
210.78865098953247,6463
210.789559841156,6462
210.78983688354492,6461
210.79031896591187,6460
210.79047679901123,6459
210.79097294807434,6458
210.79124999046326,6457
210.7926380634308,6456
210.79312896728516,6455
210.79415678977966,6454
210.79507994651794,6453
210.79721307754517,6452
210.79760003089905,6451
210.8011269569397,6450
210.80151677131653,6449
210.802001953125,6448
210.80270504951477,6447
210.80680513381958,6446
210.80979108810425,6445
210.81103587150574,6444
210.81141781806946,6443
210.8121199607849,6442
210.81346893310547,6441
210.8137469291687,6440
210.81680011749268,6439
210.81750798225403,6438
210.81821298599243,6437
210.8188078403473,6436
210.82205200195312,6435
210.82307410240173,6434
210.8238959312439,6433
210.82469987869263,6432
210.82585310935974,6431
210.8276240825653,6430
210.82790684700012,6429
210.82938408851624,6428
210.83415508270264,6427
210.83560991287231,6426
210.839026927948,6425
210.83941197395325,6424
210.84024310112,6423
210.84040713310242,6422
210.84215211868286,6421
210.84253001213074,6420
210.84302496910095,6419
210.8442120552063,6418
210.84493803977966,6417
210.84586715698242,6416
210.84819889068604,6415
210.84836101531982,6414
210.84896278381348,6413
210.84944200515747,6412
210.85131812095642,6411
210.8532910346985,6410
210.85399985313416,6409
210.85524892807007,6408
210.85705304145813,6407
210.85872101783752,6406
210.85932087898254,6405
210.85990500450134,6404
210.86018109321594,6403
210.86034393310547,6402
210.86050009727478,6401
210.86153101921082,6400
210.86192107200623,6399
210.86523699760437,6398
210.8676619529724,6397
210.86945796012878,6396
210.86994099617004,6395
210.8704330921173,6394
210.87069487571716,6393
210.8709740638733,6392
210.87112998962402,6391
210.87214398384094,6390
210.87284421920776,6389
210.87657499313354,6388
210.87683701515198,6387
210.878347158432,6386
210.8808081150055,6385
210.8825900554657,6384
210.88566517829895,6383
210.89173316955566,6382
210.89211797714233,6381
210.8968689441681,6380
210.89880299568176,6379
210.90272688865662,6378
210.90431904792786,6377
210.9071910381317,6376
210.9137020111084,6375
210.9153790473938,6374
210.9157750606537,6373
210.9161810874939,6372
210.91877508163452,6371
210.92130398750305,6370
210.92280197143555,6369
210.92296195030212,6368
210.92635297775269,6367
210.92694401741028,6366
210.92775106430054,6365
210.92935395240784,6364
210.93026304244995,6363
210.93409276008606,6362
210.9344789981842,6361
210.9360659122467,6360
210.94236087799072,6359
210.94286012649536,6358
210.9431381225586,6357
210.94482803344727,6356
210.94878911972046,6355
210.95036911964417,6354
210.95127511024475,6353
210.95717000961304,6352
210.95829010009766,6351
210.95901799201965,6350
210.95960879325867,6349
210.96096897125244,6348
210.96166110038757,6347
210.96204900741577,6346
210.96242213249207,6345
210.9630069732666,6344
210.96328616142273,6343
210.9646589756012,6342
210.96549010276794,6341
210.96575689315796,6340
210.96713709831238,6339
210.96924805641174,6338
210.97080612182617,6337
210.97118711471558,6336
210.97188591957092,6335
210.97355699539185,6334
210.97404098510742,6333
210.97624397277832,6332
210.97640085220337,6331
210.97688603401184,6330
210.97844409942627,6329
210.9788360595703,6328
210.97921204566956,6327
210.97969102859497,6326
210.9801869392395,6325
210.98066592216492,6324
210.98331093788147,6323
210.9868381023407,6322
210.9891641139984,6321
210.99502396583557,6320
210.99794006347656,6319
210.99842596054077,6318
211.00433993339539,6317
211.00729203224182,6316
211.00771307945251,6315
211.00787377357483,6314
211.00868797302246,6313
211.00974917411804,6312
211.0107867717743,6311
211.01116919517517,6310
211.01177406311035,6309
211.0123610496521,6308
211.0135040283203,6307
211.01591682434082,6306
211.016193151474,6305
211.01690697669983,6304
211.01717901229858,6303
211.01916408538818,6302
211.0202031135559,6301
211.02035999298096,6300
211.02129006385803,6299
211.02317190170288,6298
211.02440309524536,6297
211.02596306800842,6296
211.0266580581665,6295
211.02726697921753,6294
211.0288360118866,6293
211.0289978981018,6292
211.030925989151,6291
211.0317530632019,6290
211.0336458683014,6289
211.0407497882843,6288
211.04199409484863,6287
211.042573928833,6286
211.04348802566528,6285
211.0448079109192,6284
211.04678106307983,6283
211.0471498966217,6282
211.04774594306946,6281
211.04886198043823,6280
211.04968190193176,6279
211.0503740310669,6278
211.05118608474731,6277
211.05229806900024,6276
211.0547218322754,6275
211.05564188957214,6274
211.0565619468689,6273
211.0582149028778,6272
211.05996990203857,6271
211.06132006645203,6270
211.06233596801758,6269
211.06461000442505,6268
211.06743502616882,6267
211.0679371356964,6266
211.06809616088867,6265
211.0728840827942,6264
211.0731599330902,6263
211.07449507713318,6262
211.07487297058105,6261
211.07567596435547,6260
211.07647800445557,6259
211.07727909088135,6258
211.07776379585266,6257
211.07845783233643,6256
211.07862401008606,6255
211.07943511009216,6254
211.07993292808533,6253
211.08160185813904,6252
211.0846312046051,6251
211.08490896224976,6250
211.09075212478638,6249
211.09145307540894,6248
211.09310698509216,6247
211.0932629108429,6246
211.0938630104065,6245
211.09423112869263,6244
211.09493112564087,6243
211.09552383422852,6242
211.09698009490967,6241
211.0972409248352,6240
211.09980297088623,6239
211.09997081756592,6238
211.10046792030334,6237
211.10127902030945,6236
211.10362887382507,6235
211.10454511642456,6234
211.10717606544495,6233
211.10733699798584,6232
211.11047410964966,6231
211.11063885688782,6230
211.11197304725647,6229
211.11353206634521,6228
211.11486387252808,6227
211.11598181724548,6226
211.1196391582489,6225
211.12045097351074,6224
211.12105083465576,6223
211.1221740245819,6222
211.1228699684143,6221
211.12335801124573,6220
211.12448287010193,6219
211.1255021095276,6218
211.12598395347595,6217
211.12722206115723,6216
211.12823510169983,6215
211.1307270526886,6214
211.1345911026001,6213
211.13548183441162,6212
211.14560914039612,6211
211.14651203155518,6210
211.14689803123474,6209
211.14760088920593,6208
211.1508288383484,6207
211.15317797660828,6206
211.15376496315002,6205
211.15415692329407,6204
211.154314994812,6203
211.15958619117737,6202
211.16041707992554,6201
211.16155695915222,6200
211.16410398483276,6199
211.1659758090973,6198
211.16634511947632,6197
211.1676790714264,6196
211.16857409477234,6195
211.169499874115,6194
211.16986894607544,6193
211.17268681526184,6192
211.17337083816528,6191
211.17554593086243,6190
211.1764371395111,6189
211.17671298980713,6188
211.1788239479065,6187
211.18129014968872,6186
211.1823251247406,6185
211.18248105049133,6184
211.18517112731934,6183
211.1866331100464,6182
211.18788886070251,6181
211.19147086143494,6180
211.19229388237,6179
211.19245290756226,6178
211.1954791545868,6177
211.19632482528687,6176
211.1994378566742,6175
211.20153188705444,6174
211.20447301864624,6173
211.2046239376068,6172
211.20566201210022,6171
211.2065749168396,6170
211.2070848941803,6169
211.20884585380554,6168
211.2104971408844,6167
211.21086502075195,6166
211.21234893798828,6165
211.21558690071106,6164
211.21630597114563,6163
211.21679019927979,6162
211.21739196777344,6161
211.2216739654541,6160
211.2225911617279,6159
211.22380995750427,6158
211.22472190856934,6157
211.22498488426208,6156
211.22657203674316,6155
211.22768902778625,6154
211.22817015647888,6153
211.22844910621643,6152
211.22939491271973,6151
211.23071813583374,6150
211.2350959777832,6149
211.23557090759277,6148
211.23804903030396,6147
211.23968696594238,6146
211.24111008644104,6145
211.24149417877197,6144
211.24239587783813,6143
211.24361896514893,6142
211.247172832489,6141
211.2485110759735,6140
211.24920296669006,6139
211.25149393081665,6138
211.25387287139893,6137
211.2555148601532,6136
211.25566601753235,6135
211.2567949295044,6134
211.25718212127686,6133
211.26413702964783,6132
211.26557087898254,6131
211.27038598060608,6130
211.27139401435852,6129
211.27229595184326,6128
211.27266597747803,6127
211.27336192131042,6126
211.27581191062927,6125
211.27608609199524,6124
211.27709913253784,6123
211.2775719165802,6122
211.27815675735474,6121
211.27995705604553,6120
211.28151297569275,6119
211.28281998634338,6118
211.2848641872406,6117
211.28534197807312,6116
211.28624486923218,6115
211.28828501701355,6114
211.29043793678284,6113
211.305734872818,6112
211.3067479133606,6111
211.30700612068176,6110
211.30759501457214,6109
211.30879282951355,6108
211.30948400497437,6107
211.31150698661804,6106
211.31178092956543,6105
211.31268095970154,6104
211.3150601387024,6103
211.31554794311523,6102
211.31602096557617,6101
211.31639790534973,6100
211.31740498542786,6099
211.31767106056213,6098
211.31966495513916,6097
211.32098007202148,6096
211.3230218887329,6095
211.3231828212738,6094
211.32398200035095,6093
211.32487297058105,6092
211.3253688812256,6091
211.3263599872589,6090
211.3267378807068,6089
211.32916903495789,6088
211.32953715324402,6087
211.329687833786,6086
211.3307008743286,6085
211.33309507369995,6084
211.3342080116272,6083
211.3346769809723,6082
211.33725023269653,6081
211.3375051021576,6080
211.3399200439453,6079
211.34133577346802,6078
211.34542393684387,6077
211.34579300880432,6076
211.3464710712433,6075
211.34903693199158,6074
211.3491930961609,6073
211.3493468761444,6072
211.349604845047,6071
211.3506100177765,6070
211.35076212882996,6069
211.3513479232788,6068
211.35389184951782,6067
211.35861110687256,6066
211.35938787460327,6065
211.3606081008911,6064
211.36076092720032,6063
211.36318492889404,6062
211.36377787590027,6061
211.36510801315308,6060
211.36672592163086,6059
211.3692078590393,6058
211.37188577651978,6057
211.37331199645996,6056
211.37346386909485,6055
211.37764477729797,6054
211.3787751197815,6053
211.3803050518036,6052
211.38099217414856,6051
211.38303899765015,6050
211.3831980228424,6049
211.38422513008118,6048
211.3853280544281,6047
211.38824796676636,6046
211.39186906814575,6045
211.3921229839325,6044
211.39315581321716,6043
211.39331483840942,6042
211.39390802383423,6041
211.39416098594666,6040
211.39845299720764,6039
211.40008306503296,6038
211.40077900886536,6037
211.40199303627014,6036
211.4038679599762,6035
211.40544486045837,6034
211.4062957763672,6033
211.40667605400085,6032
211.4090268611908,6031
211.40991497039795,6030
211.4104928970337,6029
211.41075587272644,6028
211.41166186332703,6027
211.4124460220337,6026
211.4129180908203,6025
211.41443300247192,6024
211.4192340373993,6023
211.42061185836792,6022
211.42282819747925,6021
211.42320704460144,6020
211.42492079734802,6019
211.42698097229004,6018
211.42846393585205,6017
211.4289469718933,6016
211.43332695960999,6015
211.4354329109192,6014
211.43630695343018,6013
211.43714594841003,6012
211.43987894058228,6011
211.44121599197388,6010
211.44251203536987,6009
211.44447016716003,6008
211.44568514823914,6007
211.4480378627777,6006
211.4497628211975,6005
211.45003080368042,6004
211.4501850605011,6003
211.45088601112366,6002
211.4513611793518,6001
211.45298314094543,6000
211.45336198806763,5999
211.45393896102905,5998
211.4576439857483,5997
211.46114015579224,5996
211.4661979675293,5995
211.4668848514557,5994
211.46935105323792,5993
211.46983885765076,5992
211.4715621471405,5991
211.47348403930664,5990
211.47364497184753,5989
211.47433304786682,5988
211.4777910709381,5987
211.47920107841492,5986
211.47955894470215,5985
211.4799349308014,5984
211.4808440208435,5983
211.4811110496521,5982
211.485023021698,5981
211.4858000278473,5980
211.48907899856567,5979
211.49016404151917,5978
211.49096202850342,5977
211.4914309978485,5976
211.4920129776001,5975
211.49257898330688,5974
211.4935760498047,5973
211.49571990966797,5972
211.4962010383606,5971
211.49635195732117,5970
211.50147199630737,5969
211.5042109489441,5968
211.50542092323303,5967
211.50959014892578,5966
211.51059699058533,5965
211.5116970539093,5964
211.51362204551697,5963
211.51399087905884,5962
211.51477193832397,5961
211.52353692054749,5960
211.5238060951233,5959
211.52396202087402,5958
211.5248851776123,5957
211.5267322063446,5956
211.52720594406128,5955
211.5290310382843,5954
211.53372287750244,5953
211.53471899032593,5952
211.53487586975098,5951
211.53579187393188,5950
211.53657293319702,5949
211.53797578811646,5948
211.54457306861877,5947
211.54482889175415,5946
211.54723596572876,5945
211.54896688461304,5944
211.5491180419922,5943
211.5531611442566,5942
211.55499601364136,5941
211.5551459789276,5940
211.55821180343628,5939
211.5586919784546,5938
211.56062602996826,5937
211.56401014328003,5936
211.57002806663513,5935
211.57091403007507,5934
211.574805021286,5933
211.57836604118347,5932
211.5824658870697,5931
211.58356094360352,5930
211.58475303649902,5929
211.5881209373474,5928
211.59028100967407,5927
211.590744972229,5926
211.59143781661987,5925
211.59405899047852,5924
211.59433507919312,5923
211.59448790550232,5922
211.59587216377258,5921
211.5968520641327,5920
211.59906387329102,5919
211.60006403923035,5918
211.60168409347534,5917
211.60390782356262,5916
211.6070568561554,5915
211.60857105255127,5914
211.60872983932495,5913
211.60921001434326,5912
211.60967683792114,5911
211.611074924469,5910
211.61237001419067,5909
211.6150119304657,5908
211.61599588394165,5907
211.61770296096802,5906
211.61837601661682,5905
211.62174201011658,5904
211.62400007247925,5903
211.62946105003357,5902
211.63116979599,5901
211.63257098197937,5900
211.6334638595581,5899
211.63838005065918,5898
211.6404938697815,5897
211.64137601852417,5896
211.64235711097717,5895
211.64355301856995,5894
211.6439299583435,5893
211.64564990997314,5892
211.64695620536804,5891
211.64980697631836,5890
211.65100288391113,5889
211.65251421928406,5888
211.65805292129517,5887
211.66367101669312,5886
211.66455793380737,5885
211.66534209251404,5884
211.66723585128784,5883
211.67059803009033,5882
211.6707580089569,5881
211.67475008964539,5880
211.683776140213,5879
211.69071197509766,5878
211.69128608703613,5877
211.69177198410034,5876
211.69244194030762,5875
211.69344186782837,5874
211.6944179534912,5873
211.7007761001587,5872
211.7028181552887,5871
211.70361399650574,5870
211.70448899269104,5869
211.70620489120483,5868
211.70862197875977,5867
211.70982313156128,5866
211.70997405052185,5865
211.71045517921448,5864
211.71153378486633,5863
211.71283197402954,5862
211.71461987495422,5861
211.71500492095947,5860
211.71590518951416,5859
211.72307586669922,5858
211.7240810394287,5857
211.72474718093872,5856
211.7250199317932,5855
211.72946500778198,5854
211.72972917556763,5853
211.73030304908752,5852
211.73076796531677,5851
211.73175406455994,5850
211.7321171760559,5849
211.73278999328613,5848
211.73603415489197,5847
211.7370150089264,5846
211.73747897148132,5845
211.73989295959473,5844
211.74016189575195,5843
211.74084305763245,5842
211.74378085136414,5841
211.74456405639648,5840
211.74563598632812,5839
211.74693417549133,5838
211.74708104133606,5837
211.74968791007996,5836
211.75016498565674,5835
211.75044012069702,5834
211.75113821029663,5833
211.7523229122162,5832
211.75361585617065,5831
211.75398588180542,5830
211.7559928894043,5829
211.75667595863342,5828
211.75714993476868,5827
211.7595729827881,5826
211.75972485542297,5825
211.7672038078308,5824
211.76981401443481,5823
211.77121591567993,5822
211.77370500564575,5821
211.77623891830444,5820
211.77904391288757,5819
211.78267812728882,5818
211.7833549976349,5817
211.78362894058228,5816
211.78611993789673,5815
211.78852319717407,5814
211.78930497169495,5813
211.7898609638214,5812
211.79310083389282,5811
211.79478001594543,5810
211.79545783996582,5809
211.7982680797577,5808
211.80030179023743,5807
211.80127811431885,5806
211.80372595787048,5805
211.8049008846283,5804
211.80932307243347,5803
211.8104977607727,5802
211.8150610923767,5801
211.816232919693,5800
211.81764006614685,5799
211.8216679096222,5798
211.82194209098816,5797
211.8228440284729,5796
211.8240258693695,5795
211.82850003242493,5794
211.83049821853638,5793
211.83517003059387,5792
211.83716487884521,5791
211.84081387519836,5790
211.84271001815796,5789
211.84401106834412,5788
211.84528398513794,5787
211.8465759754181,5786
211.8471279144287,5785
211.8479061126709,5784
211.84845900535583,5783
211.85077095031738,5782
211.8514289855957,5781
211.85231018066406,5780
211.85369515419006,5779
211.8556981086731,5778
211.85985207557678,5777
211.86083698272705,5776
211.86364698410034,5775
211.86534595489502,5774
211.8661139011383,5773
211.86637902259827,5772
211.86875081062317,5771
211.87092900276184,5770
211.87364792823792,5769
211.87452292442322,5768
211.87702107429504,5767
211.87872505187988,5766
211.88102507591248,5765
211.8814878463745,5764
211.8834729194641,5763
211.88362884521484,5762
211.8863229751587,5761
211.88837003707886,5760
211.8890471458435,5759
211.89022088050842,5758
211.89037084579468,5757
211.89432001113892,5756
211.89967703819275,5755
211.90237188339233,5754
211.906574010849,5753
211.90784692764282,5752
211.90873193740845,5751
211.90919303894043,5750
211.9103660583496,5749
211.91427493095398,5748
211.91473388671875,5747
211.92016220092773,5746
211.9240951538086,5745
211.92658376693726,5744
211.93199586868286,5743
211.9345030784607,5742
211.93728494644165,5741
211.94000911712646,5740
211.9438738822937,5739
211.94615983963013,5738
211.95446515083313,5737
211.95472288131714,5736
211.9552981853485,5735
211.9601969718933,5734
211.96255803108215,5733
211.96302604675293,5732
211.96363306045532,5731
211.96816277503967,5730
211.97310185432434,5729
211.97366786003113,5728
211.98063707351685,5727
211.98287391662598,5726
211.98649787902832,5725
211.98757791519165,5724
211.98847603797913,5723
211.99259090423584,5722
211.99805808067322,5721
212.0010368824005,5720
212.00578379631042,5719
212.0075478553772,5718
212.01142692565918,5717
212.0128870010376,5716
212.01967597007751,5715
212.02042984962463,5714
212.02230620384216,5713
212.02538514137268,5712
212.026465177536,5711
212.02882385253906,5710
212.0313220024109,5709
212.03238201141357,5708
212.03365516662598,5707
212.03982710838318,5706
212.04030799865723,5705
212.0408651828766,5704
212.04379391670227,5703
212.04404497146606,5702
212.04898595809937,5701
212.05162000656128,5700
212.0518879890442,5699
212.05446696281433,5698
212.05851912498474,5697
212.05899715423584,5696
212.05924487113953,5695
212.0639820098877,5694
212.06538105010986,5693
212.06625390052795,5692
212.06640481948853,5691
212.06923699378967,5690
212.07198095321655,5689
212.07501697540283,5688
212.0823929309845,5687
212.08745193481445,5686
212.08811497688293,5685
212.0889949798584,5684
212.08985090255737,5683
212.0905249118805,5682
212.09128093719482,5681
212.0925579071045,5680
212.09969902038574,5679
212.1015009880066,5678
212.10252499580383,5677
212.10562586784363,5676
212.10929894447327,5675
212.11330199241638,5674
212.11375999450684,5673
212.1167619228363,5672
212.11942887306213,5671
212.12010192871094,5670
212.121258020401,5669
212.12283492088318,5668
212.12489700317383,5667
212.1279799938202,5666
212.1295518875122,5665
212.13405394554138,5664
212.14236187934875,5663
212.14489102363586,5662
212.15030002593994,5661
212.15652894973755,5660
212.15699696540833,5659
212.15836715698242,5658
212.15944981575012,5657
212.16203594207764,5656
212.1659641265869,5655
212.16754698753357,5654
212.16802787780762,5653
212.1704089641571,5652
212.17301201820374,5651
212.1788408756256,5650
212.18273496627808,5649
212.1828899383545,5648
212.19079995155334,5647
212.19237685203552,5646
212.19354391098022,5645
212.1964030265808,5644
212.19848704338074,5643
212.1999728679657,5642
212.20627689361572,5641
212.20653200149536,5640
212.2116289138794,5639
212.2122950553894,5638
212.2152509689331,5637
212.21833086013794,5636
212.21847796440125,5635
212.21998596191406,5634
212.22375988960266,5633
212.22754383087158,5632
212.22769117355347,5631
212.22826099395752,5630
212.23477005958557,5629
212.23856210708618,5628
212.23871111869812,5627
212.24035000801086,5626
212.24142503738403,5625
212.24628901481628,5624
212.24653506278992,5623
212.25379586219788,5622
212.254056930542,5621
212.25557804107666,5620
212.25694799423218,5619
212.25781297683716,5618
212.26096487045288,5617
212.26192903518677,5616
212.26228404045105,5615
212.26284503936768,5614
212.26511597633362,5613
212.27013897895813,5612
212.27049708366394,5611
212.2752981185913,5610
212.27545714378357,5609
212.27871108055115,5608
212.27988409996033,5607
212.28258800506592,5606
212.28305220603943,5605
212.2859649658203,5604
212.28924703598022,5603
212.29031205177307,5602
212.2927691936493,5601
212.29652905464172,5600
212.2988018989563,5599
212.30216312408447,5598
212.30581402778625,5597
212.3132061958313,5596
212.31377005577087,5595
212.31513714790344,5594
212.3180079460144,5593
212.32088780403137,5592
212.32786798477173,5591
212.33096504211426,5590
212.3317379951477,5589
212.3323040008545,5588
212.33346104621887,5587
212.33511781692505,5586
212.34007096290588,5585
212.34054398536682,5584
212.34100580215454,5583
212.34577798843384,5582
212.34902501106262,5581
212.35140419006348,5580
212.3517608642578,5579
212.35381507873535,5578
212.35427904129028,5577
212.35442805290222,5576
212.35521292686462,5575
212.3582248687744,5574
212.36063289642334,5573
212.36912393569946,5572
212.37001085281372,5571
212.37046885490417,5570
212.3715410232544,5569
212.37179493904114,5568
212.37235379219055,5567
212.37250590324402,5566
212.3738830089569,5565
212.37515592575073,5564
212.37623691558838,5563
212.37910890579224,5562
212.38008189201355,5561
212.38093304634094,5560
212.38312292099,5559
212.38739585876465,5558
212.388680934906,5557
212.38902401924133,5556
212.3975760936737,5555
212.39852595329285,5554
212.3987898826599,5553
212.40289688110352,5552
212.40426802635193,5551
212.4059431552887,5550
212.4061839580536,5549
212.408607006073,5548
212.41337776184082,5547
212.4183371067047,5546
212.4184877872467,5545
212.42034792900085,5544
212.42050099372864,5543
212.42127394676208,5542
212.42273211479187,5541
212.42549419403076,5540
212.42664790153503,5539
212.433495759964,5538
212.43395495414734,5537
212.43551182746887,5536
212.4401500225067,5535
212.44080591201782,5534
212.44116306304932,5533
212.4413070678711,5532
212.4485809803009,5531
212.4508500099182,5530
212.452819108963,5529
212.46129202842712,5528
212.46448397636414,5527
212.46713995933533,5526
212.46750283241272,5525
212.4747290611267,5524
212.4753839969635,5523
212.47574400901794,5522
212.4758858680725,5521
212.48009204864502,5520
212.48066115379333,5519
212.48303198814392,5518
212.48508095741272,5517
212.486829996109,5516
212.4874792098999,5515
212.48762392997742,5514
212.48963904380798,5513
212.48979592323303,5512
212.4946620464325,5511
212.4961199760437,5510
212.49709296226501,5509
212.49917078018188,5508
212.50044703483582,5507
212.50069403648376,5506
212.5027379989624,5505
212.50538897514343,5504
212.50674319267273,5503
212.51417708396912,5502
212.51432299613953,5501
212.51574516296387,5500
212.5181269645691,5499
212.51918601989746,5498
212.52044200897217,5497
212.5300760269165,5496
212.53799414634705,5495
212.5386688709259,5494
212.5403368473053,5493
212.54668593406677,5492
212.5479381084442,5491
212.54859900474548,5490
212.54934883117676,5489
212.55607795715332,5488
212.5635118484497,5487
212.56536507606506,5486
212.57100200653076,5485
212.5795521736145,5484
212.58289217948914,5483
212.5869550704956,5482
212.59014582633972,5481
212.59360098838806,5480
212.59405398368835,5479
212.59619784355164,5478
212.59725713729858,5477
212.5989100933075,5476
212.59927201271057,5475
212.60071778297424,5474
212.6056411266327,5473
212.60640692710876,5472
212.6083540916443,5471
212.6129548549652,5470
212.61518096923828,5469
212.61731696128845,5468
212.618469953537,5467
212.62180590629578,5466
212.62403202056885,5465
212.6302890777588,5464
212.6385931968689,5463
212.64785385131836,5462
212.6512861251831,5461
212.65204906463623,5460
212.6592309474945,5459
212.6593759059906,5458
212.66085410118103,5457
212.6685290336609,5456
212.66969084739685,5455
212.67829203605652,5454
212.67844486236572,5453
212.6808259487152,5452
212.68672800064087,5451
212.68986892700195,5450
212.69130897521973,5449
212.69255208969116,5448
212.6935749053955,5447
212.69413781166077,5446
212.69429683685303,5445
212.69444680213928,5444
212.69511675834656,5443
212.69890999794006,5442
212.70589399337769,5441
212.70604705810547,5440
212.71443796157837,5439
212.72256994247437,5438
212.72432279586792,5437
212.73674082756042,5436
212.73849987983704,5435
212.7422080039978,5434
212.74345803260803,5433
212.74420309066772,5432
212.7443459033966,5431
212.74988293647766,5430
212.759831905365,5429
212.76109290122986,5428
212.76341009140015,5427
212.76969003677368,5426
212.77171206474304,5425
212.77296113967896,5424
212.77390003204346,5423
212.77572894096375,5422
212.7826681137085,5421
212.78518986701965,5420
212.78584003448486,5419
212.7878680229187,5418
212.79088687896729,5417
212.7955710887909,5416
212.80311799049377,5415
212.80908298492432,5414
212.81524205207825,5413
212.81955695152283,5412
212.82624101638794,5411
212.82710194587708,5410
212.8286328315735,5409
212.82908606529236,5408
212.83080887794495,5407
212.83136796951294,5406
212.83610701560974,5405
212.83882188796997,5404
212.84022688865662,5403
212.8475148677826,5402
212.84875798225403,5401
212.85157680511475,5400
212.85173416137695,5399
212.85241293907166,5398
212.85416793823242,5397
212.8549289703369,5396
212.8552689552307,5395
212.86021304130554,5394
212.8703408241272,5393
212.87190008163452,5392
212.87823605537415,5391
212.87958693504333,5390
212.8832709789276,5389
212.89028096199036,5388
212.8913140296936,5387
212.8968620300293,5386
212.89807796478271,5385
212.89873909950256,5384
212.89927506446838,5383
212.90102410316467,5382
212.90205693244934,5381
212.90381288528442,5380
212.90543007850647,5379
212.91514706611633,5378
212.91815090179443,5377
212.92255806922913,5376
212.92729878425598,5375
212.92845392227173,5374
212.93137097358704,5373
212.9410698413849,5372
212.942391872406,5371
212.95452189445496,5370
212.95477414131165,5369
212.96367287635803,5368
212.96531891822815,5367
212.965900182724,5366
212.96732807159424,5365
212.96976709365845,5364
212.97316098213196,5363
212.9757788181305,5362
212.9818150997162,5361
212.98913502693176,5360
212.9911561012268,5359
212.99651789665222,5358
212.99802994728088,5357
212.99986600875854,5356
213.0019669532776,5355
213.00466322898865,5354
213.0107548236847,5353
213.01299381256104,5352
213.01382207870483,5351
213.03396797180176,5350
213.03754091262817,5349
213.04635190963745,5348
213.05668091773987,5347
213.0651080608368,5346
213.06750297546387,5345
213.07011008262634,5344
213.07475304603577,5343
213.07550597190857,5342
213.08033800125122,5341
213.0846390724182,5340
213.0888910293579,5339
213.0954179763794,5338
213.0974349975586,5337
213.0983910560608,5336
213.0992169380188,5335
213.1034288406372,5334
213.1046760082245,5333
213.10616898536682,5332
213.10851788520813,5331
213.11029314994812,5330
213.11821508407593,5329
213.12152886390686,5328
213.124773979187,5327
213.1296260356903,5326
213.13189578056335,5325
213.139799118042,5324
213.1444869041443,5323
213.1478831768036,5322
213.1539430618286,5321
213.15739917755127,5320
213.16187405586243,5319
213.16680097579956,5318
213.1679389476776,5317
213.16899704933167,5316
213.17544102668762,5315
213.17787909507751,5314
213.1824221611023,5313
213.18337106704712,5312
213.18758988380432,5311
213.19936800003052,5310
213.20692420005798,5309
213.21997809410095,5308
213.22100687026978,5307
213.22931909561157,5306
213.24013495445251,5305
213.24303102493286,5304
213.24834203720093,5303
213.24958300590515,5302
213.25205993652344,5301
213.25330114364624,5300
213.25384497642517,5299
213.2579939365387,5298
213.2603690624237,5297
213.26239490509033,5296
213.26631689071655,5295
213.2732880115509,5294
213.2781960964203,5293
213.28001809120178,5292
213.29124689102173,5291
213.29161095619202,5290
213.29663801193237,5289
213.2968888282776,5288
213.31019711494446,5287
213.3105490207672,5286
213.32081294059753,5285
213.3254590034485,5284
213.32737708091736,5283
213.33054280281067,5282
213.33307600021362,5281
213.33790707588196,5280
213.34002685546875,5279
213.36267805099487,5278
213.3700089454651,5277
213.37369298934937,5276
213.37639498710632,5275
213.3767409324646,5274
213.37893891334534,5273
213.38180685043335,5272
213.4038758277893,5271
213.40900588035583,5270
213.4104380607605,5269
213.41301202774048,5268
213.4156150817871,5267
213.4170298576355,5266
213.419988155365,5265
213.42139101028442,5264
213.43023896217346,5263
213.44468092918396,5262
213.45222902297974,5261
213.4538300037384,5260
213.4558789730072,5259
213.4575960636139,5258
213.46212792396545,5257
213.46256709098816,5256
213.46389412879944,5255
213.47118186950684,5254
213.4713261127472,5253
213.47514510154724,5252
213.47906112670898,5251
213.49000787734985,5250
213.49065899848938,5249
213.49135184288025,5248
213.49356079101562,5247
213.49430108070374,5246
213.49783515930176,5245
213.4995458126068,5244
213.5008659362793,5243
213.5034430027008,5242
213.50918292999268,5241
213.51020693778992,5240
213.5114231109619,5239
213.516108751297,5238
213.52087903022766,5237
213.53980708122253,5236
213.54092502593994,5235
213.54418396949768,5234
213.54646110534668,5233
213.5509991645813,5232
213.55579495429993,5231
213.56019115447998,5230
213.56092596054077,5229
213.5634059906006,5228
213.56885194778442,5227
213.5958240032196,5226
213.59687995910645,5225
213.60258388519287,5224
213.6081440448761,5223
213.61668491363525,5222
213.6210901737213,5221
213.62193894386292,5220
213.62296605110168,5219
213.63134908676147,5218
213.63481783866882,5217
213.64383792877197,5216
213.64610314369202,5215
213.64792394638062,5214
213.64913201332092,5213
213.65457797050476,5212
213.66288208961487,5211
213.66704607009888,5210
213.68459916114807,5209
213.69063210487366,5208
213.69261503219604,5207
213.7326831817627,5206
213.73605585098267,5205
213.74164009094238,5204
213.7497580051422,5203
213.75912499427795,5202
213.77075600624084,5201
213.77524399757385,5200
213.77636885643005,5199
213.77807188034058,5198
213.78148198127747,5197
213.79057502746582,5196
213.80694890022278,5195
213.8101089000702,5194
213.82503604888916,5193
213.83427786827087,5192
213.8348171710968,5191
213.8438160419464,5190
213.8520860671997,5189
213.8588559627533,5188
213.86236810684204,5187
213.87178993225098,5186
213.87194395065308,5185
213.8979458808899,5184
213.90004110336304,5183
213.90031385421753,5182
213.90165781974792,5181
213.90238285064697,5180
213.9180200099945,5179
213.93223094940186,5178
213.94192910194397,5177
213.94540810585022,5176
213.94805598258972,5175
213.95287895202637,5174
213.96714615821838,5173
213.96749186515808,5172
213.9746379852295,5171
213.97487688064575,5170
213.98054575920105,5169
213.9960401058197,5168
213.99901294708252,5167
214.00424790382385,5166
214.02236199378967,5165
214.02432894706726,5164
214.03078413009644,5163
214.03530883789062,5162
214.03557896614075,5161
214.0563850402832,5160
214.06787014007568,5159
214.06902623176575,5158
214.09636211395264,5157
214.09702682495117,5156
214.09812784194946,5155
214.09906315803528,5154
214.10330986976624,5153
214.112242937088,5152
214.11402082443237,5151
214.13382196426392,5150
214.1640121936798,5149
214.1654679775238,5148
214.17592000961304,5147
214.17893314361572,5146
214.1938350200653,5145
214.19447779655457,5144
214.20317602157593,5143
214.23895502090454,5142
214.2474958896637,5141
214.25586009025574,5140
214.25754404067993,5139
214.2712540626526,5138
214.2755401134491,5137
214.29790091514587,5136
214.30287909507751,5135
214.3190040588379,5134
214.3249261379242,5133
214.3258500099182,5132
214.32876086235046,5131
214.3292031288147,5130
214.33864498138428,5129
214.3538110256195,5128
214.36110401153564,5127
214.36296892166138,5126
214.3768289089203,5125
214.3830749988556,5124
214.39175295829773,5123
214.40052580833435,5122
214.41489696502686,5121
214.43088102340698,5120
214.43180203437805,5119
214.43225193023682,5118
214.4442708492279,5117
214.448401927948,5116
214.45996975898743,5115
214.46562695503235,5114
214.466726064682,5113
214.4744429588318,5112
214.4877290725708,5111
214.5367569923401,5110
214.54271602630615,5109
214.54819583892822,5108
214.56970596313477,5107
214.5713930130005,5106
214.59239196777344,5105
214.6206979751587,5104
214.62711787223816,5103
214.6316430568695,5102
214.6477289199829,5101
214.66196203231812,5100
214.66273498535156,5099
214.67313694953918,5098
214.67409896850586,5097
214.6868507862091,5096
214.68848490715027,5095
214.69370198249817,5094
214.72404599189758,5093
214.7314488887787,5092
214.73391103744507,5091
214.7559449672699,5090
214.77394485473633,5089
214.80612802505493,5088
214.8259470462799,5087
214.83170890808105,5086
214.83776903152466,5085
214.84093713760376,5084
214.88408088684082,5083
214.89166593551636,5082
214.89495301246643,5081
214.89529514312744,5080
214.91021394729614,5079
214.91303300857544,5078
214.9136769771576,5077
214.9433491230011,5076
214.9545590877533,5075
214.96265196800232,5074
214.97163081169128,5073
214.9804608821869,5072
215.0285620689392,5071
215.10921812057495,5070
215.116681098938,5069
215.1269760131836,5068
215.13550400733948,5067
215.1510989665985,5066
215.16039299964905,5065
215.1871030330658,5064
215.21617007255554,5063
215.24094200134277,5062
215.26615619659424,5061
215.27193307876587,5060
215.28665709495544,5059
215.30558395385742,5058
215.32352709770203,5057
215.3466498851776,5056
215.35641407966614,5055
215.36717915534973,5054
215.37652683258057,5053
215.41231179237366,5052
215.41890907287598,5051
215.4385449886322,5050
215.44457602500916,5049
215.45192503929138,5048
215.48805785179138,5047
215.49377489089966,5046
215.52249884605408,5045
215.551677942276,5044
215.55733585357666,5043
215.5687780380249,5042
215.595477104187,5041
215.64955711364746,5040
215.65650582313538,5039
215.66348814964294,5038
215.66913390159607,5037
215.67801308631897,5036
215.68007516860962,5035
215.79012298583984,5034
215.83080005645752,5033
215.91155314445496,5032
215.9118630886078,5031
215.91668009757996,5030
215.93964505195618,5029
215.9745638370514,5028
216.02878999710083,5027
216.06606078147888,5026
216.07955694198608,5025
216.22394704818726,5024
216.22686505317688,5023
216.23053407669067,5022
216.23379492759705,5021
216.26476287841797,5020
216.27986788749695,5019
216.32564902305603,5018
216.33674812316895,5017
216.50527906417847,5016
216.5374219417572,5015
216.59696006774902,5014
216.61327004432678,5013
216.65047311782837,5012
216.667475938797,5011
216.71235990524292,5010
216.7914159297943,5009
216.84221506118774,5008
216.85665202140808,5007
217.05771899223328,5006
217.15055394172668,5005
217.28528213500977,5004
217.38364911079407,5003
217.72569394111633,5002
217.75691986083984,5001
217.8247549533844,5000
218.00039410591125,4999
218.12901520729065,4998
218.36141180992126,4997
218.61691093444824,4996
218.7627148628235,4995
218.76786994934082,4994
219.13110613822937,4993
219.25920009613037,4992
219.27431201934814,4991
220.18327617645264,4990
