0.0,621840
156.8842968940735,7736
156.887864112854,7735
156.8881950378418,7734
156.8892240524292,7733
156.8903169631958,7732
156.89053797721863,7731
156.8921778202057,7730
156.8924081325531,7729
156.89376091957092,7728
156.89606595039368,7727
156.89704203605652,7726
156.89762997627258,7725
156.9066948890686,7724
156.90848803520203,7723
156.9118311405182,7722
156.9122359752655,7721
156.9126479625702,7720
156.9150469303131,7719
156.9167501926422,7718
156.91888904571533,7717
156.91939306259155,7716
156.92005610466003,7715
156.9302339553833,7714
156.9338240623474,7713
156.93466901779175,7712
156.93671798706055,7711
156.93851709365845,7710
156.9391758441925,7709
156.94393610954285,7708
156.94505095481873,7707
156.94865202903748,7706
156.95435190200806,7705
156.9575219154358,7704
156.96216917037964,7703
156.96275901794434,7702
156.979966878891,7701
156.9890718460083,7700
156.99541997909546,7699
156.99998211860657,7698
157.0003960132599,7697
157.00860691070557,7696
157.0174458026886,7695
157.02045392990112,7694
157.02377796173096,7693
157.0248839855194,7692
157.02818417549133,7691
157.02831196784973,7690
157.06200098991394,7689
157.0723011493683,7688
157.08029007911682,7687
157.0825710296631,7686
157.08334398269653,7685
157.08356618881226,7684
157.09576797485352,7683
157.11426210403442,7682
157.11929082870483,7681
157.1304030418396,7680
157.13317203521729,7679
157.1400671005249,7678
157.14484405517578,7677
157.1456949710846,7676
157.14799904823303,7675
157.14917492866516,7674
157.15406012535095,7673
157.15689301490784,7672
157.16023302078247,7671
157.16072607040405,7670
157.19072198867798,7669
157.19442510604858,7668
157.20314598083496,7667
157.20918083190918,7666
157.2104561328888,7665
157.21138882637024,7664
157.22340512275696,7663
157.2249128818512,7662
157.22550988197327,7661
157.22581505775452,7660
157.25914597511292,7659
157.26402306556702,7658
157.26681900024414,7657
157.30485677719116,7656
157.30530786514282,7655
157.30683588981628,7654
157.3083860874176,7653
157.31658911705017,7652
157.31763100624084,7651
157.32581782341003,7650
157.33379411697388,7649
157.34046387672424,7648
157.34813594818115,7647
157.35191202163696,7646
157.35459208488464,7645
157.35533499717712,7644
157.3633189201355,7643
157.37698197364807,7642
157.37910294532776,7641
157.37923407554626,7640
157.38270378112793,7639
157.38552498817444,7638
157.39585304260254,7637
157.39948892593384,7636
157.46875190734863,7635
157.4712598323822,7634
157.47161984443665,7633
157.48318481445312,7632
157.4868128299713,7631
157.49225902557373,7630
157.4978609085083,7629
157.50425910949707,7628
157.51594400405884,7627
157.5634789466858,7626
157.5652527809143,7625
157.56594896316528,7624
157.56857991218567,7623
157.57661175727844,7622
157.58134603500366,7621
157.58898782730103,7620
157.596204996109,7619
157.60400700569153,7618
157.60707211494446,7617
157.60878205299377,7616
157.6160979270935,7615
157.6341907978058,7614
157.64439511299133,7613
157.64836192131042,7612
157.6646647453308,7611
157.6699550151825,7610
157.67138481140137,7609
157.6833689212799,7608
157.7221839427948,7607
157.72463583946228,7606
157.7264130115509,7605
157.72728085517883,7604
157.73176503181458,7603
157.7395567893982,7602
157.76091694831848,7601
157.764399766922,7600
157.769268989563,7599
157.77023100852966,7598
157.77568793296814,7597
157.78759098052979,7596
157.806245803833,7595
157.80917692184448,7594
157.81814408302307,7593
157.85425090789795,7592
157.90114307403564,7591
157.9362597465515,7590
157.9836061000824,7589
157.99846696853638,7588
158.00193691253662,7587
158.00768208503723,7586
158.0275421142578,7585
158.03190875053406,7584
158.03518795967102,7583
158.04856491088867,7582
158.10645985603333,7581
158.1189398765564,7580
158.16465306282043,7579
158.18815898895264,7578
158.19044613838196,7577
158.21467399597168,7576
158.25678277015686,7575
158.2635908126831,7574
158.29461193084717,7573
158.3690948486328,7572
158.41112995147705,7571
158.43072700500488,7570
158.45273900032043,7569
158.47201681137085,7568
158.50680589675903,7567
158.5152599811554,7566
158.61581110954285,7565
158.66568183898926,7564
158.6874589920044,7563
158.81994915008545,7562
158.94421792030334,7561
159.05164909362793,7560
159.19391703605652,7559
159.2043650150299,7558
159.34679102897644,7557
159.4338150024414,7556
159.59472393989563,7555
159.79695892333984,7554
159.97219681739807,7553
160.3858299255371,7552
160.50558805465698,7551
160.67279291152954,7550
161.06117391586304,7549
